[2025-08-14T08:48:18.169+0000] {local_task_job_runner.py:120} INFO - ::group::Pre task execution logs
[2025-08-14T08:48:18.249+0000] {taskinstance.py:2076} INFO - Dependencies all met for dep_context=non-requeueable deps ti=<TaskInstance: spark_transform_pipeline.silver_topcv_transform manual__2025-08-14T08:48:12.638586+00:00 [queued]>
[2025-08-14T08:48:18.262+0000] {taskinstance.py:2076} INFO - Dependencies all met for dep_context=requeueable deps ti=<TaskInstance: spark_transform_pipeline.silver_topcv_transform manual__2025-08-14T08:48:12.638586+00:00 [queued]>
[2025-08-14T08:48:18.263+0000] {taskinstance.py:2306} INFO - Starting attempt 1 of 1
[2025-08-14T08:48:18.283+0000] {taskinstance.py:2330} INFO - Executing <Task(SparkSubmitOperator): silver_topcv_transform> on 2025-08-14 08:48:12.638586+00:00
[2025-08-14T08:48:18.298+0000] {standard_task_runner.py:63} INFO - Started process 1763 to run task
[2025-08-14T08:48:18.300+0000] {standard_task_runner.py:90} INFO - Running: ['***', 'tasks', 'run', 'spark_transform_pipeline', 'silver_topcv_transform', 'manual__2025-08-14T08:48:12.638586+00:00', '--job-id', '179', '--raw', '--subdir', 'DAGS_FOLDER/etl_jobs_dag.py', '--cfg-path', '/tmp/tmpri5x57nq']
[2025-08-14T08:48:18.306+0000] {standard_task_runner.py:91} INFO - Job 179: Subtask silver_topcv_transform
[2025-08-14T08:48:18.459+0000] {task_command.py:426} INFO - Running <TaskInstance: spark_transform_pipeline.silver_topcv_transform manual__2025-08-14T08:48:12.638586+00:00 [running]> on host 20bdaa41dd93
[2025-08-14T08:48:18.622+0000] {taskinstance.py:2648} INFO - Exporting env vars: AIRFLOW_CTX_DAG_OWNER='***' AIRFLOW_CTX_DAG_ID='spark_transform_pipeline' AIRFLOW_CTX_TASK_ID='silver_topcv_transform' AIRFLOW_CTX_EXECUTION_DATE='2025-08-14T08:48:12.638586+00:00' AIRFLOW_CTX_TRY_NUMBER='1' AIRFLOW_CTX_DAG_RUN_ID='manual__2025-08-14T08:48:12.638586+00:00'
[2025-08-14T08:48:18.623+0000] {taskinstance.py:430} INFO - ::endgroup::
[2025-08-14T08:48:18.656+0000] {base.py:84} INFO - Using connection ID 'spark_default' for task execution.
[2025-08-14T08:48:18.660+0000] {spark_submit.py:351} INFO - Spark-Submit cmd: spark-submit --master spark://spark-master:7077 --conf spark.master=spark://spark-master:7077 --conf spark.driver.extraClassPath=/opt/custom-jars/* --conf spark.executor.extraClassPath=/opt/custom-jars/* --conf spark.hadoop.fs.gs.impl=com.google.cloud.hadoop.fs.gcs.GoogleHadoopFileSystem --conf spark.hadoop.fs.AbstractFileSystem.gs.impl=com.google.cloud.hadoop.fs.gcs.GoogleHadoopFS --conf spark.hadoop.google.cloud.auth.service.account.enable=true --conf spark.hadoop.google.cloud.auth.service.account.json.keyfile=/opt/***/gcp-key.json --jars /opt/custom-jars/spark-bigquery-with-dependencies_2.12-0.30.0.jar --name arrow-spark --verbose /opt/spark-jobs/load/upload_jobs_to_dwh.py
[2025-08-14T08:48:19.682+0000] {spark_submit.py:521} INFO - WARNING: Using incubator modules: jdk.incubator.vector
[2025-08-14T08:48:21.504+0000] {spark_submit.py:521} INFO - Parsed arguments:
[2025-08-14T08:48:21.507+0000] {spark_submit.py:521} INFO - master                  spark://spark-master:7077
[2025-08-14T08:48:21.508+0000] {spark_submit.py:521} INFO - remote                  null
[2025-08-14T08:48:21.508+0000] {spark_submit.py:521} INFO - deployMode              null
[2025-08-14T08:48:21.509+0000] {spark_submit.py:521} INFO - executorMemory          null
[2025-08-14T08:48:21.509+0000] {spark_submit.py:521} INFO - executorCores           null
[2025-08-14T08:48:21.510+0000] {spark_submit.py:521} INFO - totalExecutorCores      null
[2025-08-14T08:48:21.510+0000] {spark_submit.py:521} INFO - propertiesFile          null
[2025-08-14T08:48:21.511+0000] {spark_submit.py:521} INFO - driverMemory            null
[2025-08-14T08:48:21.511+0000] {spark_submit.py:521} INFO - driverCores             null
[2025-08-14T08:48:21.511+0000] {spark_submit.py:521} INFO - driverExtraClassPath    /opt/custom-jars/*
[2025-08-14T08:48:21.512+0000] {spark_submit.py:521} INFO - driverExtraLibraryPath  null
[2025-08-14T08:48:21.512+0000] {spark_submit.py:521} INFO - driverExtraJavaOptions  null
[2025-08-14T08:48:21.513+0000] {spark_submit.py:521} INFO - supervise               false
[2025-08-14T08:48:21.514+0000] {spark_submit.py:521} INFO - queue                   null
[2025-08-14T08:48:21.516+0000] {spark_submit.py:521} INFO - numExecutors            null
[2025-08-14T08:48:21.517+0000] {spark_submit.py:521} INFO - files                   null
[2025-08-14T08:48:21.518+0000] {spark_submit.py:521} INFO - pyFiles                 null
[2025-08-14T08:48:21.518+0000] {spark_submit.py:521} INFO - archives                null
[2025-08-14T08:48:21.519+0000] {spark_submit.py:521} INFO - mainClass               null
[2025-08-14T08:48:21.522+0000] {spark_submit.py:521} INFO - primaryResource         file:/opt/spark-jobs/load/upload_jobs_to_dwh.py
[2025-08-14T08:48:21.525+0000] {spark_submit.py:521} INFO - name                    arrow-spark
[2025-08-14T08:48:21.525+0000] {spark_submit.py:521} INFO - childArgs               []
[2025-08-14T08:48:21.526+0000] {spark_submit.py:521} INFO - jars                    file:/opt/custom-jars/spark-bigquery-with-dependencies_2.12-0.30.0.jar
[2025-08-14T08:48:21.526+0000] {spark_submit.py:521} INFO - packages                null
[2025-08-14T08:48:21.527+0000] {spark_submit.py:521} INFO - packagesExclusions      null
[2025-08-14T08:48:21.527+0000] {spark_submit.py:521} INFO - repositories            null
[2025-08-14T08:48:21.527+0000] {spark_submit.py:521} INFO - verbose                 true
[2025-08-14T08:48:21.528+0000] {spark_submit.py:521} INFO - 
[2025-08-14T08:48:21.528+0000] {spark_submit.py:521} INFO - Spark properties used, including those specified through
[2025-08-14T08:48:21.529+0000] {spark_submit.py:521} INFO - --conf and those from the properties file null:
[2025-08-14T08:48:21.529+0000] {spark_submit.py:521} INFO - (spark.driver.extraClassPath,/opt/custom-jars/*)
[2025-08-14T08:48:21.529+0000] {spark_submit.py:521} INFO - (spark.executor.extraClassPath,/opt/custom-jars/*)
[2025-08-14T08:48:21.530+0000] {spark_submit.py:521} INFO - (spark.hadoop.fs.AbstractFileSystem.gs.impl,com.google.cloud.hadoop.fs.gcs.GoogleHadoopFS)
[2025-08-14T08:48:21.530+0000] {spark_submit.py:521} INFO - (spark.hadoop.fs.gs.impl,com.google.cloud.hadoop.fs.gcs.GoogleHadoopFileSystem)
[2025-08-14T08:48:21.530+0000] {spark_submit.py:521} INFO - (spark.hadoop.google.cloud.auth.service.account.enable,true)
[2025-08-14T08:48:21.531+0000] {spark_submit.py:521} INFO - (spark.hadoop.google.cloud.auth.service.account.json.keyfile,/opt/***/gcp-key.json)
[2025-08-14T08:48:21.531+0000] {spark_submit.py:521} INFO - (spark.master,spark://spark-master:7077)
[2025-08-14T08:48:21.531+0000] {spark_submit.py:521} INFO - 
[2025-08-14T08:48:21.531+0000] {spark_submit.py:521} INFO - 
[2025-08-14T08:48:21.859+0000] {spark_submit.py:521} INFO - 25/08/14 08:48:21 WARN NativeCodeLoader: Unable to load native-hadoop library for your platform... using builtin-java classes where applicable
[2025-08-14T08:48:22.487+0000] {spark_submit.py:521} INFO - Main class:
[2025-08-14T08:48:22.488+0000] {spark_submit.py:521} INFO - org.apache.spark.deploy.PythonRunner
[2025-08-14T08:48:22.489+0000] {spark_submit.py:521} INFO - Arguments:
[2025-08-14T08:48:22.489+0000] {spark_submit.py:521} INFO - file:/opt/spark-jobs/load/upload_jobs_to_dwh.py
[2025-08-14T08:48:22.489+0000] {spark_submit.py:521} INFO - null
[2025-08-14T08:48:22.490+0000] {spark_submit.py:521} INFO - Spark config:
[2025-08-14T08:48:22.490+0000] {spark_submit.py:521} INFO - (spark.app.name,arrow-spark)
[2025-08-14T08:48:22.490+0000] {spark_submit.py:521} INFO - (spark.app.submitTime,1755161302465)
[2025-08-14T08:48:22.490+0000] {spark_submit.py:521} INFO - (spark.driver.extraClassPath,/opt/custom-jars/*)
[2025-08-14T08:48:22.491+0000] {spark_submit.py:521} INFO - (spark.executor.extraClassPath,/opt/custom-jars/*)
[2025-08-14T08:48:22.491+0000] {spark_submit.py:521} INFO - (spark.hadoop.fs.AbstractFileSystem.gs.impl,com.google.cloud.hadoop.fs.gcs.GoogleHadoopFS)
[2025-08-14T08:48:22.491+0000] {spark_submit.py:521} INFO - (spark.hadoop.fs.gs.impl,com.google.cloud.hadoop.fs.gcs.GoogleHadoopFileSystem)
[2025-08-14T08:48:22.492+0000] {spark_submit.py:521} INFO - (spark.hadoop.google.cloud.auth.service.account.enable,true)
[2025-08-14T08:48:22.492+0000] {spark_submit.py:521} INFO - (spark.hadoop.google.cloud.auth.service.account.json.keyfile,/opt/***/gcp-key.json)
[2025-08-14T08:48:22.492+0000] {spark_submit.py:521} INFO - (spark.jars,file:///opt/custom-jars/spark-bigquery-with-dependencies_2.12-0.30.0.jar)
[2025-08-14T08:48:22.493+0000] {spark_submit.py:521} INFO - (spark.master,spark://spark-master:7077)
[2025-08-14T08:48:22.493+0000] {spark_submit.py:521} INFO - (spark.repl.local.jars,file:///opt/custom-jars/spark-bigquery-with-dependencies_2.12-0.30.0.jar)
[2025-08-14T08:48:22.493+0000] {spark_submit.py:521} INFO - (spark.submit.deployMode,client)
[2025-08-14T08:48:22.493+0000] {spark_submit.py:521} INFO - (spark.submit.pyFiles,)
[2025-08-14T08:48:22.494+0000] {spark_submit.py:521} INFO - Classpath elements:
[2025-08-14T08:48:22.494+0000] {spark_submit.py:521} INFO - file:///opt/custom-jars/spark-bigquery-with-dependencies_2.12-0.30.0.jar
[2025-08-14T08:48:22.494+0000] {spark_submit.py:521} INFO - 
[2025-08-14T08:48:22.495+0000] {spark_submit.py:521} INFO - 
[2025-08-14T08:48:23.799+0000] {spark_submit.py:521} INFO - Using Spark's default log4j profile: org/apache/spark/log4j2-defaults.properties
[2025-08-14T08:48:23.803+0000] {spark_submit.py:521} INFO - 25/08/14 08:48:23 INFO SparkContext: Running Spark version 4.0.0
[2025-08-14T08:48:23.804+0000] {spark_submit.py:521} INFO - 25/08/14 08:48:23 INFO SparkContext: OS info Linux, 5.15.167.4-microsoft-standard-WSL2, amd64
[2025-08-14T08:48:23.805+0000] {spark_submit.py:521} INFO - 25/08/14 08:48:23 INFO SparkContext: Java version 17.0.16
[2025-08-14T08:48:23.825+0000] {spark_submit.py:521} INFO - 25/08/14 08:48:23 INFO ResourceUtils: ==============================================================
[2025-08-14T08:48:23.826+0000] {spark_submit.py:521} INFO - 25/08/14 08:48:23 INFO ResourceUtils: No custom resources configured for spark.driver.
[2025-08-14T08:48:23.826+0000] {spark_submit.py:521} INFO - 25/08/14 08:48:23 INFO ResourceUtils: ==============================================================
[2025-08-14T08:48:23.827+0000] {spark_submit.py:521} INFO - 25/08/14 08:48:23 INFO SparkContext: Submitted application: load_to_bq_connector
[2025-08-14T08:48:23.848+0000] {spark_submit.py:521} INFO - 25/08/14 08:48:23 INFO ResourceProfile: Default ResourceProfile created, executor resources: Map(memory -> name: memory, amount: 1024, script: , vendor: , offHeap -> name: offHeap, amount: 0, script: , vendor: ), task resources: Map(cpus -> name: cpus, amount: 1.0)
[2025-08-14T08:48:23.851+0000] {spark_submit.py:521} INFO - 25/08/14 08:48:23 INFO ResourceProfile: Limiting resource is cpu
[2025-08-14T08:48:23.855+0000] {spark_submit.py:521} INFO - 25/08/14 08:48:23 INFO ResourceProfileManager: Added ResourceProfile id: 0
[2025-08-14T08:48:23.902+0000] {spark_submit.py:521} INFO - 25/08/14 08:48:23 INFO SecurityManager: Changing view acls to: ***
[2025-08-14T08:48:23.903+0000] {spark_submit.py:521} INFO - 25/08/14 08:48:23 INFO SecurityManager: Changing modify acls to: ***
[2025-08-14T08:48:23.904+0000] {spark_submit.py:521} INFO - 25/08/14 08:48:23 INFO SecurityManager: Changing view acls groups to: ***
[2025-08-14T08:48:23.904+0000] {spark_submit.py:521} INFO - 25/08/14 08:48:23 INFO SecurityManager: Changing modify acls groups to: ***
[2025-08-14T08:48:23.906+0000] {spark_submit.py:521} INFO - 25/08/14 08:48:23 INFO SecurityManager: SecurityManager: authentication disabled; ui acls disabled; users with view permissions: *** groups with view permissions: EMPTY; users with modify permissions: ***; groups with modify permissions: EMPTY; RPC SSL disabled
[2025-08-14T08:48:24.289+0000] {spark_submit.py:521} INFO - 25/08/14 08:48:24 INFO Utils: Successfully started service 'sparkDriver' on port 43551.
[2025-08-14T08:48:24.342+0000] {spark_submit.py:521} INFO - 25/08/14 08:48:24 INFO SparkEnv: Registering MapOutputTracker
[2025-08-14T08:48:24.363+0000] {spark_submit.py:521} INFO - 25/08/14 08:48:24 INFO SparkEnv: Registering BlockManagerMaster
[2025-08-14T08:48:24.385+0000] {spark_submit.py:521} INFO - 25/08/14 08:48:24 INFO BlockManagerMasterEndpoint: Using org.apache.spark.storage.DefaultTopologyMapper for getting topology information
[2025-08-14T08:48:24.386+0000] {spark_submit.py:521} INFO - 25/08/14 08:48:24 INFO BlockManagerMasterEndpoint: BlockManagerMasterEndpoint up
[2025-08-14T08:48:24.394+0000] {spark_submit.py:521} INFO - 25/08/14 08:48:24 INFO SparkEnv: Registering BlockManagerMasterHeartbeat
[2025-08-14T08:48:24.440+0000] {spark_submit.py:521} INFO - 25/08/14 08:48:24 INFO DiskBlockManager: Created local directory at /tmp/blockmgr-701e58a5-a349-439e-8e23-14e94f6dd50a
[2025-08-14T08:48:24.478+0000] {spark_submit.py:521} INFO - 25/08/14 08:48:24 INFO SparkEnv: Registering OutputCommitCoordinator
[2025-08-14T08:48:24.683+0000] {spark_submit.py:521} INFO - 25/08/14 08:48:24 INFO JettyUtils: Start Jetty 0.0.0.0:4040 for SparkUI
[2025-08-14T08:48:24.802+0000] {spark_submit.py:521} INFO - 25/08/14 08:48:24 INFO Utils: Successfully started service 'SparkUI' on port 4040.
[2025-08-14T08:48:24.867+0000] {spark_submit.py:521} INFO - 25/08/14 08:48:24 INFO SparkContext: Added JAR /opt/custom-jars/spark-bigquery-with-dependencies_2.12-0.30.0.jar at spark://20bdaa41dd93:43551/jars/spark-bigquery-with-dependencies_2.12-0.30.0.jar with timestamp 1755161303793
[2025-08-14T08:48:24.875+0000] {spark_submit.py:521} INFO - 25/08/14 08:48:24 INFO SparkContext: Added JAR /opt/custom-jars/gcs-connector-hadoop3-2.2.14-shaded.jar at spark://20bdaa41dd93:43551/jars/gcs-connector-hadoop3-2.2.14-shaded.jar with timestamp 1755161303793
[2025-08-14T08:48:24.907+0000] {spark_submit.py:521} INFO - 25/08/14 08:48:24 INFO SecurityManager: Changing view acls to: ***
[2025-08-14T08:48:24.908+0000] {spark_submit.py:521} INFO - 25/08/14 08:48:24 INFO SecurityManager: Changing modify acls to: ***
[2025-08-14T08:48:24.908+0000] {spark_submit.py:521} INFO - 25/08/14 08:48:24 INFO SecurityManager: Changing view acls groups to: ***
[2025-08-14T08:48:24.909+0000] {spark_submit.py:521} INFO - 25/08/14 08:48:24 INFO SecurityManager: Changing modify acls groups to: ***
[2025-08-14T08:48:24.910+0000] {spark_submit.py:521} INFO - 25/08/14 08:48:24 INFO SecurityManager: SecurityManager: authentication disabled; ui acls disabled; users with view permissions: *** groups with view permissions: EMPTY; users with modify permissions: ***; groups with modify permissions: EMPTY; RPC SSL disabled
[2025-08-14T08:48:25.124+0000] {spark_submit.py:521} INFO - 25/08/14 08:48:25 INFO StandaloneAppClient$ClientEndpoint: Connecting to master spark://spark-master:7077...
[2025-08-14T08:48:25.181+0000] {spark_submit.py:521} INFO - 25/08/14 08:48:25 INFO TransportClientFactory: Successfully created connection to spark-master/172.18.0.4:7077 after 22 ms (0 ms spent in bootstraps)
[2025-08-14T08:48:25.324+0000] {spark_submit.py:521} INFO - 25/08/14 08:48:25 INFO StandaloneSchedulerBackend: Connected to Spark cluster with app ID app-20250814084825-0003
[2025-08-14T08:48:25.338+0000] {spark_submit.py:521} INFO - 25/08/14 08:48:25 INFO Utils: Successfully started service 'org.apache.spark.network.netty.NettyBlockTransferService' on port 46781.
[2025-08-14T08:48:25.339+0000] {spark_submit.py:521} INFO - 25/08/14 08:48:25 INFO NettyBlockTransferService: Server created on 20bdaa41dd93:46781
[2025-08-14T08:48:25.341+0000] {spark_submit.py:521} INFO - 25/08/14 08:48:25 INFO BlockManager: Using org.apache.spark.storage.RandomBlockReplicationPolicy for block replication policy
[2025-08-14T08:48:25.342+0000] {spark_submit.py:521} INFO - 25/08/14 08:48:25 INFO StandaloneAppClient$ClientEndpoint: Executor added: app-20250814084825-0003/0 on worker-20250814083233-172.18.0.5-37435 (172.18.0.5:37435) with 2 core(s)
[2025-08-14T08:48:25.347+0000] {spark_submit.py:521} INFO - 25/08/14 08:48:25 INFO StandaloneSchedulerBackend: Granted executor ID app-20250814084825-0003/0 on hostPort 172.18.0.5:37435 with 2 core(s), 1024.0 MiB RAM
[2025-08-14T08:48:25.366+0000] {spark_submit.py:521} INFO - 25/08/14 08:48:25 INFO BlockManagerMaster: Registering BlockManager BlockManagerId(driver, 20bdaa41dd93, 46781, None)
[2025-08-14T08:48:25.379+0000] {spark_submit.py:521} INFO - 25/08/14 08:48:25 INFO BlockManagerMasterEndpoint: Registering block manager 20bdaa41dd93:46781 with 434.4 MiB RAM, BlockManagerId(driver, 20bdaa41dd93, 46781, None)
[2025-08-14T08:48:25.384+0000] {spark_submit.py:521} INFO - 25/08/14 08:48:25 INFO BlockManagerMaster: Registered BlockManager BlockManagerId(driver, 20bdaa41dd93, 46781, None)
[2025-08-14T08:48:25.387+0000] {spark_submit.py:521} INFO - 25/08/14 08:48:25 INFO BlockManager: Initialized BlockManager: BlockManagerId(driver, 20bdaa41dd93, 46781, None)
[2025-08-14T08:48:25.697+0000] {spark_submit.py:521} INFO - 25/08/14 08:48:25 INFO StandaloneSchedulerBackend: SchedulerBackend is ready for scheduling beginning after reached minRegisteredResourcesRatio: 0.0
[2025-08-14T08:48:25.709+0000] {spark_submit.py:521} INFO - 25/08/14 08:48:25 INFO StandaloneAppClient$ClientEndpoint: Executor updated: app-20250814084825-0003/0 is now RUNNING
[2025-08-14T08:48:29.493+0000] {spark_submit.py:521} INFO - 25/08/14 08:48:29 INFO SharedState: Setting hive.metastore.warehouse.dir ('null') to the value of spark.sql.warehouse.dir.
[2025-08-14T08:48:29.496+0000] {spark_submit.py:521} INFO - 25/08/14 08:48:29 INFO SharedState: Warehouse path is 'file:/opt/***/spark-warehouse'.
[2025-08-14T08:48:30.058+0000] {spark_submit.py:521} INFO - 25/08/14 08:48:30 INFO StandaloneSchedulerBackend$StandaloneDriverEndpoint: Registered executor NettyRpcEndpointRef(spark-client://Executor) (172.18.0.5:53296) with ID 0, ResourceProfileId 0
[2025-08-14T08:48:30.341+0000] {spark_submit.py:521} INFO - 25/08/14 08:48:30 INFO BlockManagerMasterEndpoint: Registering block manager 172.18.0.5:38129 with 434.4 MiB RAM, BlockManagerId(0, 172.18.0.5, 38129, None)
[2025-08-14T08:48:33.762+0000] {spark_submit.py:521} INFO - 25/08/14 08:48:33 INFO InMemoryFileIndex: It took 335 ms to list leaf files for 1 paths.
[2025-08-14T08:48:34.108+0000] {spark_submit.py:521} INFO - 25/08/14 08:48:34 INFO SparkContext: Starting job: parquet at NativeMethodAccessorImpl.java:0
[2025-08-14T08:48:34.135+0000] {spark_submit.py:521} INFO - 25/08/14 08:48:34 INFO DAGScheduler: Got job 0 (parquet at NativeMethodAccessorImpl.java:0) with 1 output partitions
[2025-08-14T08:48:34.139+0000] {spark_submit.py:521} INFO - 25/08/14 08:48:34 INFO DAGScheduler: Final stage: ResultStage 0 (parquet at NativeMethodAccessorImpl.java:0)
[2025-08-14T08:48:34.141+0000] {spark_submit.py:521} INFO - 25/08/14 08:48:34 INFO DAGScheduler: Parents of final stage: List()
[2025-08-14T08:48:34.145+0000] {spark_submit.py:521} INFO - 25/08/14 08:48:34 INFO DAGScheduler: Missing parents: List()
[2025-08-14T08:48:34.150+0000] {spark_submit.py:521} INFO - 25/08/14 08:48:34 INFO DAGScheduler: Submitting ResultStage 0 (MapPartitionsRDD[1] at parquet at NativeMethodAccessorImpl.java:0), which has no missing parents
[2025-08-14T08:48:34.227+0000] {spark_submit.py:521} INFO - 25/08/14 08:48:34 INFO MemoryStore: MemoryStore started with capacity 434.4 MiB
[2025-08-14T08:48:34.245+0000] {spark_submit.py:521} INFO - 25/08/14 08:48:34 INFO MemoryStore: Block broadcast_0 stored as values in memory (estimated size 116.3 KiB, free 434.3 MiB)
[2025-08-14T08:48:34.323+0000] {spark_submit.py:521} INFO - 25/08/14 08:48:34 INFO MemoryStore: Block broadcast_0_piece0 stored as bytes in memory (estimated size 42.0 KiB, free 434.2 MiB)
[2025-08-14T08:48:34.337+0000] {spark_submit.py:521} INFO - 25/08/14 08:48:34 INFO SparkContext: Created broadcast 0 from broadcast at DAGScheduler.scala:1676
[2025-08-14T08:48:34.361+0000] {spark_submit.py:521} INFO - 25/08/14 08:48:34 INFO DAGScheduler: Submitting 1 missing tasks from ResultStage 0 (MapPartitionsRDD[1] at parquet at NativeMethodAccessorImpl.java:0) (first 15 tasks are for partitions Vector(0))
[2025-08-14T08:48:34.409+0000] {spark_submit.py:521} INFO - 25/08/14 08:48:34 INFO TaskSchedulerImpl: Adding task set 0.0 with 1 tasks resource profile 0
[2025-08-14T08:48:34.509+0000] {spark_submit.py:521} INFO - 25/08/14 08:48:34 INFO TaskSetManager: Starting task 0.0 in stage 0.0 (TID 0) (172.18.0.5,executor 0, partition 0, PROCESS_LOCAL, 10348 bytes)
[2025-08-14T08:48:40.736+0000] {spark_submit.py:521} INFO - 25/08/14 08:48:40 INFO TaskSetManager: Finished task 0.0 in stage 0.0 (TID 0) in 6268 ms on 172.18.0.5 (executor 0) (1/1)
[2025-08-14T08:48:40.782+0000] {spark_submit.py:521} INFO - 25/08/14 08:48:40 INFO TaskSchedulerImpl: Removed TaskSet 0.0 whose tasks have all completed, from pool
[2025-08-14T08:48:40.782+0000] {spark_submit.py:521} INFO - 25/08/14 08:48:40 INFO DAGScheduler: ResultStage 0 (parquet at NativeMethodAccessorImpl.java:0) finished in 6582 ms
[2025-08-14T08:48:40.783+0000] {spark_submit.py:521} INFO - 25/08/14 08:48:40 INFO DAGScheduler: Job 0 is finished. Cancelling potential speculative or zombie tasks for this job
[2025-08-14T08:48:40.783+0000] {spark_submit.py:521} INFO - 25/08/14 08:48:40 INFO TaskSchedulerImpl: Canceling stage 0
[2025-08-14T08:48:40.784+0000] {spark_submit.py:521} INFO - 25/08/14 08:48:40 INFO TaskSchedulerImpl: Killing all running tasks in stage 0: Stage finished
[2025-08-14T08:48:40.784+0000] {spark_submit.py:521} INFO - 25/08/14 08:48:40 INFO DAGScheduler: Job 0 finished: parquet at NativeMethodAccessorImpl.java:0, took 6657.316432 ms
[2025-08-14T08:48:41.282+0000] {spark_submit.py:521} INFO - 25/08/14 08:48:41 INFO DataSourceManager: Loading static Python Data Sources.
[2025-08-14T08:48:45.479+0000] {spark_submit.py:521} INFO - Traceback (most recent call last):
[2025-08-14T08:48:45.480+0000] {spark_submit.py:521} INFO - File "/opt/spark-jobs/load/upload_jobs_to_dwh.py", line 44, in <module>
[2025-08-14T08:48:45.482+0000] {spark_submit.py:521} INFO - .save()
[2025-08-14T08:48:45.483+0000] {spark_submit.py:521} INFO - ^^^^^^
[2025-08-14T08:48:45.483+0000] {spark_submit.py:521} INFO - File "/home/***/.local/lib/python3.11/site-packages/pyspark/python/lib/pyspark.zip/pyspark/sql/readwriter.py", line 1743, in save
[2025-08-14T08:48:45.484+0000] {spark_submit.py:521} INFO - File "/home/***/.local/lib/python3.11/site-packages/pyspark/python/lib/py4j-0.10.9.9-src.zip/py4j/java_gateway.py", line 1362, in __call__
[2025-08-14T08:48:45.484+0000] {spark_submit.py:521} INFO - File "/home/***/.local/lib/python3.11/site-packages/pyspark/python/lib/pyspark.zip/pyspark/errors/exceptions/captured.py", line 282, in deco
[2025-08-14T08:48:45.485+0000] {spark_submit.py:521} INFO - File "/home/***/.local/lib/python3.11/site-packages/pyspark/python/lib/py4j-0.10.9.9-src.zip/py4j/protocol.py", line 327, in get_return_value
[2025-08-14T08:48:45.486+0000] {spark_submit.py:521} INFO - py4j.protocol.Py4JJavaError: An error occurred while calling o49.save.
[2025-08-14T08:48:45.486+0000] {spark_submit.py:521} INFO - : org.apache.spark.SparkClassNotFoundException: [DATA_SOURCE_NOT_FOUND] Failed to find the data source: bigquery. Make sure the provider name is correct and the package is properly registered and compatible with your Spark version. SQLSTATE: 42K02
[2025-08-14T08:48:45.487+0000] {spark_submit.py:521} INFO - at org.apache.spark.sql.errors.QueryExecutionErrors$.dataSourceNotFoundError(QueryExecutionErrors.scala:722)
[2025-08-14T08:48:45.487+0000] {spark_submit.py:521} INFO - at org.apache.spark.sql.execution.datasources.DataSource$.lookupDataSource(DataSource.scala:681)
[2025-08-14T08:48:45.488+0000] {spark_submit.py:521} INFO - at org.apache.spark.sql.execution.datasources.DataSource$.lookupDataSourceV2(DataSource.scala:740)
[2025-08-14T08:48:45.488+0000] {spark_submit.py:521} INFO - at org.apache.spark.sql.classic.DataFrameWriter.lookupV2Provider(DataFrameWriter.scala:626)
[2025-08-14T08:48:45.488+0000] {spark_submit.py:521} INFO - at org.apache.spark.sql.classic.DataFrameWriter.saveInternal(DataFrameWriter.scala:135)
[2025-08-14T08:48:45.489+0000] {spark_submit.py:521} INFO - at org.apache.spark.sql.classic.DataFrameWriter.save(DataFrameWriter.scala:126)
[2025-08-14T08:48:45.489+0000] {spark_submit.py:521} INFO - at java.base/jdk.internal.reflect.NativeMethodAccessorImpl.invoke0(Native Method)
[2025-08-14T08:48:45.490+0000] {spark_submit.py:521} INFO - at java.base/jdk.internal.reflect.NativeMethodAccessorImpl.invoke(NativeMethodAccessorImpl.java:77)
[2025-08-14T08:48:45.490+0000] {spark_submit.py:521} INFO - at java.base/jdk.internal.reflect.DelegatingMethodAccessorImpl.invoke(DelegatingMethodAccessorImpl.java:43)
[2025-08-14T08:48:45.490+0000] {spark_submit.py:521} INFO - at java.base/java.lang.reflect.Method.invoke(Method.java:569)
[2025-08-14T08:48:45.490+0000] {spark_submit.py:521} INFO - at py4j.reflection.MethodInvoker.invoke(MethodInvoker.java:244)
[2025-08-14T08:48:45.491+0000] {spark_submit.py:521} INFO - at py4j.reflection.ReflectionEngine.invoke(ReflectionEngine.java:374)
[2025-08-14T08:48:45.491+0000] {spark_submit.py:521} INFO - at py4j.Gateway.invoke(Gateway.java:282)
[2025-08-14T08:48:45.491+0000] {spark_submit.py:521} INFO - at py4j.commands.AbstractCommand.invokeMethod(AbstractCommand.java:132)
[2025-08-14T08:48:45.492+0000] {spark_submit.py:521} INFO - at py4j.commands.CallCommand.execute(CallCommand.java:79)
[2025-08-14T08:48:45.492+0000] {spark_submit.py:521} INFO - at py4j.ClientServerConnection.waitForCommands(ClientServerConnection.java:184)
[2025-08-14T08:48:45.492+0000] {spark_submit.py:521} INFO - at py4j.ClientServerConnection.run(ClientServerConnection.java:108)
[2025-08-14T08:48:45.492+0000] {spark_submit.py:521} INFO - at java.base/java.lang.Thread.run(Thread.java:840)
[2025-08-14T08:48:45.493+0000] {spark_submit.py:521} INFO - Caused by: java.lang.ClassNotFoundException: bigquery.DefaultSource
[2025-08-14T08:48:45.493+0000] {spark_submit.py:521} INFO - at java.base/java.net.URLClassLoader.findClass(URLClassLoader.java:445)
[2025-08-14T08:48:45.493+0000] {spark_submit.py:521} INFO - at java.base/java.lang.ClassLoader.loadClass(ClassLoader.java:592)
[2025-08-14T08:48:45.493+0000] {spark_submit.py:521} INFO - at java.base/java.lang.ClassLoader.loadClass(ClassLoader.java:525)
[2025-08-14T08:48:45.494+0000] {spark_submit.py:521} INFO - at org.apache.spark.sql.execution.datasources.DataSource$.$anonfun$lookupDataSource$6(DataSource.scala:665)
[2025-08-14T08:48:45.494+0000] {spark_submit.py:521} INFO - at scala.util.Try$.apply(Try.scala:217)
[2025-08-14T08:48:45.494+0000] {spark_submit.py:521} INFO - at org.apache.spark.sql.execution.datasources.DataSource$.$anonfun$lookupDataSource$5(DataSource.scala:665)
[2025-08-14T08:48:45.494+0000] {spark_submit.py:521} INFO - at scala.util.Failure.orElse(Try.scala:230)
[2025-08-14T08:48:45.494+0000] {spark_submit.py:521} INFO - at org.apache.spark.sql.execution.datasources.DataSource$.lookupDataSource(DataSource.scala:665)
[2025-08-14T08:48:45.495+0000] {spark_submit.py:521} INFO - ... 16 more
[2025-08-14T08:48:45.495+0000] {spark_submit.py:521} INFO - 
[2025-08-14T08:48:45.818+0000] {spark_submit.py:521} INFO - 25/08/14 08:48:45 INFO SparkContext: Invoking stop() from shutdown hook
[2025-08-14T08:48:45.820+0000] {spark_submit.py:521} INFO - 25/08/14 08:48:45 INFO SparkContext: SparkContext is stopping with exitCode 0 from run at Executors.java:539.
[2025-08-14T08:48:45.832+0000] {spark_submit.py:521} INFO - 25/08/14 08:48:45 INFO SparkUI: Stopped Spark web UI at http://20bdaa41dd93:4040
[2025-08-14T08:48:45.838+0000] {spark_submit.py:521} INFO - 25/08/14 08:48:45 INFO StandaloneSchedulerBackend: Shutting down all executors
[2025-08-14T08:48:45.839+0000] {spark_submit.py:521} INFO - 25/08/14 08:48:45 INFO StandaloneSchedulerBackend$StandaloneDriverEndpoint: Asking each executor to shut down
[2025-08-14T08:48:45.863+0000] {spark_submit.py:521} INFO - 25/08/14 08:48:45 INFO MapOutputTrackerMasterEndpoint: MapOutputTrackerMasterEndpoint stopped!
[2025-08-14T08:48:45.911+0000] {spark_submit.py:521} INFO - 25/08/14 08:48:45 INFO MemoryStore: MemoryStore cleared
[2025-08-14T08:48:45.913+0000] {spark_submit.py:521} INFO - 25/08/14 08:48:45 INFO BlockManager: BlockManager stopped
[2025-08-14T08:48:45.921+0000] {spark_submit.py:521} INFO - 25/08/14 08:48:45 INFO BlockManagerMaster: BlockManagerMaster stopped
[2025-08-14T08:48:45.926+0000] {spark_submit.py:521} INFO - 25/08/14 08:48:45 INFO OutputCommitCoordinator$OutputCommitCoordinatorEndpoint: OutputCommitCoordinator stopped!
[2025-08-14T08:48:45.965+0000] {spark_submit.py:521} INFO - 25/08/14 08:48:45 INFO SparkContext: Successfully stopped SparkContext
[2025-08-14T08:48:45.965+0000] {spark_submit.py:521} INFO - 25/08/14 08:48:45 INFO ShutdownHookManager: Shutdown hook called
[2025-08-14T08:48:45.966+0000] {spark_submit.py:521} INFO - 25/08/14 08:48:45 INFO ShutdownHookManager: Deleting directory /tmp/spark-ae57958e-cca9-4726-adb7-78c3200d1b3f
[2025-08-14T08:48:45.983+0000] {spark_submit.py:521} INFO - 25/08/14 08:48:45 INFO ShutdownHookManager: Deleting directory /tmp/spark-91cbc0db-18b2-466a-970c-f7ea62d4898c/pyspark-53ad9959-4e0b-4ccf-ac80-0db96ad930d4
[2025-08-14T08:48:46.001+0000] {spark_submit.py:521} INFO - 25/08/14 08:48:46 INFO ShutdownHookManager: Deleting directory /tmp/spark-91cbc0db-18b2-466a-970c-f7ea62d4898c
[2025-08-14T08:48:46.062+0000] {taskinstance.py:441} INFO - ::group::Post task execution logs
[2025-08-14T08:48:46.122+0000] {taskinstance.py:2905} ERROR - Task failed with exception
Traceback (most recent call last):
  File "/home/airflow/.local/lib/python3.11/site-packages/airflow/models/taskinstance.py", line 465, in _execute_task
    result = _execute_callable(context=context, **execute_callable_kwargs)
             ^^^^^^^^^^^^^^^^^^^^^^^^^^^^^^^^^^^^^^^^^^^^^^^^^^^^^^^^^^^^^
  File "/home/airflow/.local/lib/python3.11/site-packages/airflow/models/taskinstance.py", line 432, in _execute_callable
    return execute_callable(context=context, **execute_callable_kwargs)
           ^^^^^^^^^^^^^^^^^^^^^^^^^^^^^^^^^^^^^^^^^^^^^^^^^^^^^^^^^^^^
  File "/home/airflow/.local/lib/python3.11/site-packages/airflow/models/baseoperator.py", line 400, in wrapper
    return func(self, *args, **kwargs)
           ^^^^^^^^^^^^^^^^^^^^^^^^^^^
  File "/home/airflow/.local/lib/python3.11/site-packages/airflow/providers/apache/spark/operators/spark_submit.py", line 156, in execute
    self._hook.submit(self._application)
  File "/home/airflow/.local/lib/python3.11/site-packages/airflow/providers/apache/spark/hooks/spark_submit.py", line 452, in submit
    raise AirflowException(
airflow.exceptions.AirflowException: Cannot execute: spark-submit --master spark://spark-master:7077 --conf spark.master=spark://spark-master:7077 --conf spark.driver.extraClassPath=/opt/custom-jars/* --conf spark.executor.extraClassPath=/opt/custom-jars/* --conf spark.hadoop.fs.gs.impl=com.google.cloud.hadoop.fs.gcs.GoogleHadoopFileSystem --conf spark.hadoop.fs.AbstractFileSystem.gs.impl=com.google.cloud.hadoop.fs.gcs.GoogleHadoopFS --conf spark.hadoop.google.cloud.auth.service.account.enable=true --conf spark.hadoop.google.cloud.auth.service.account.json.keyfile=/opt/***/gcp-key.json --jars /opt/custom-jars/spark-bigquery-with-dependencies_2.12-0.30.0.jar --name arrow-spark --verbose /opt/spark-jobs/load/upload_jobs_to_dwh.py. Error code is: 1.
[2025-08-14T08:48:46.142+0000] {taskinstance.py:1206} INFO - Marking task as FAILED. dag_id=spark_transform_pipeline, task_id=silver_topcv_transform, run_id=manual__2025-08-14T08:48:12.638586+00:00, execution_date=20250814T084812, start_date=20250814T084818, end_date=20250814T084846
[2025-08-14T08:48:46.191+0000] {standard_task_runner.py:110} ERROR - Failed to execute job 179 for task silver_topcv_transform (Cannot execute: spark-submit --master spark://spark-master:7077 --conf spark.master=spark://spark-master:7077 --conf spark.driver.extraClassPath=/opt/custom-jars/* --conf spark.executor.extraClassPath=/opt/custom-jars/* --conf spark.hadoop.fs.gs.impl=com.google.cloud.hadoop.fs.gcs.GoogleHadoopFileSystem --conf spark.hadoop.fs.AbstractFileSystem.gs.impl=com.google.cloud.hadoop.fs.gcs.GoogleHadoopFS --conf spark.hadoop.google.cloud.auth.service.account.enable=true --conf spark.hadoop.google.cloud.auth.service.account.json.keyfile=/opt/***/gcp-key.json --jars /opt/custom-jars/spark-bigquery-with-dependencies_2.12-0.30.0.jar --name arrow-spark --verbose /opt/spark-jobs/load/upload_jobs_to_dwh.py. Error code is: 1.; 1763)
[2025-08-14T08:48:46.229+0000] {local_task_job_runner.py:240} INFO - Task exited with return code 1
[2025-08-14T08:48:46.420+0000] {taskinstance.py:3498} INFO - 0 downstream tasks scheduled from follow-on schedule check
[2025-08-14T08:48:46.427+0000] {local_task_job_runner.py:222} INFO - ::endgroup::
