[2025-08-14T07:17:32.511+0000] {local_task_job_runner.py:120} INFO - ::group::Pre task execution logs
[2025-08-14T07:17:32.538+0000] {taskinstance.py:2076} INFO - Dependencies all met for dep_context=non-requeueable deps ti=<TaskInstance: spark_transform_pipeline.silver_topcv_transform manual__2025-08-14T07:17:29.319519+00:00 [queued]>
[2025-08-14T07:17:32.544+0000] {taskinstance.py:2076} INFO - Dependencies all met for dep_context=requeueable deps ti=<TaskInstance: spark_transform_pipeline.silver_topcv_transform manual__2025-08-14T07:17:29.319519+00:00 [queued]>
[2025-08-14T07:17:32.545+0000] {taskinstance.py:2306} INFO - Starting attempt 1 of 1
[2025-08-14T07:17:32.554+0000] {taskinstance.py:2330} INFO - Executing <Task(SparkSubmitOperator): silver_topcv_transform> on 2025-08-14 07:17:29.319519+00:00
[2025-08-14T07:17:32.558+0000] {standard_task_runner.py:63} INFO - Started process 2148 to run task
[2025-08-14T07:17:32.562+0000] {standard_task_runner.py:90} INFO - Running: ['***', 'tasks', 'run', 'spark_transform_pipeline', 'silver_topcv_transform', 'manual__2025-08-14T07:17:29.319519+00:00', '--job-id', '164', '--raw', '--subdir', 'DAGS_FOLDER/etl_jobs_dag.py', '--cfg-path', '/tmp/tmpjcqa17vj']
[2025-08-14T07:17:32.564+0000] {standard_task_runner.py:91} INFO - Job 164: Subtask silver_topcv_transform
[2025-08-14T07:17:32.619+0000] {task_command.py:426} INFO - Running <TaskInstance: spark_transform_pipeline.silver_topcv_transform manual__2025-08-14T07:17:29.319519+00:00 [running]> on host ddcaa82da13c
[2025-08-14T07:17:32.711+0000] {taskinstance.py:2648} INFO - Exporting env vars: AIRFLOW_CTX_DAG_OWNER='***' AIRFLOW_CTX_DAG_ID='spark_transform_pipeline' AIRFLOW_CTX_TASK_ID='silver_topcv_transform' AIRFLOW_CTX_EXECUTION_DATE='2025-08-14T07:17:29.319519+00:00' AIRFLOW_CTX_TRY_NUMBER='1' AIRFLOW_CTX_DAG_RUN_ID='manual__2025-08-14T07:17:29.319519+00:00'
[2025-08-14T07:17:32.712+0000] {taskinstance.py:430} INFO - ::endgroup::
[2025-08-14T07:17:32.736+0000] {base.py:84} INFO - Using connection ID 'spark_default' for task execution.
[2025-08-14T07:17:32.737+0000] {spark_submit.py:351} INFO - Spark-Submit cmd: spark-submit --master spark://spark-master:7077 --conf spark.master=spark://spark-master:7077 --conf spark.driver.extraClassPath=/opt/custom-jars/* --conf spark.executor.extraClassPath=/opt/custom-jars/* --conf spark.hadoop.fs.gs.impl=com.google.cloud.hadoop.fs.gcs.GoogleHadoopFileSystem --conf spark.hadoop.fs.AbstractFileSystem.gs.impl=com.google.cloud.hadoop.fs.gcs.GoogleHadoopFS --conf spark.hadoop.google.cloud.auth.service.account.enable=true --conf spark.hadoop.google.cloud.auth.service.account.json.keyfile=/opt/***/gcp-key.json --jars /opt/custom-jars/spark-bigquery-with-dependencies_2.13-0.30.0.jar,/opt/custom-jars/javax.inject-1.jar --name arrow-spark --verbose /opt/spark-jobs/transform/gold_transfrom.py
[2025-08-14T07:17:33.372+0000] {spark_submit.py:521} INFO - WARNING: Using incubator modules: jdk.incubator.vector
[2025-08-14T07:17:35.336+0000] {spark_submit.py:521} INFO - Parsed arguments:
[2025-08-14T07:17:35.337+0000] {spark_submit.py:521} INFO - master                  spark://spark-master:7077
[2025-08-14T07:17:35.337+0000] {spark_submit.py:521} INFO - remote                  null
[2025-08-14T07:17:35.338+0000] {spark_submit.py:521} INFO - deployMode              null
[2025-08-14T07:17:35.338+0000] {spark_submit.py:521} INFO - executorMemory          null
[2025-08-14T07:17:35.338+0000] {spark_submit.py:521} INFO - executorCores           null
[2025-08-14T07:17:35.338+0000] {spark_submit.py:521} INFO - totalExecutorCores      null
[2025-08-14T07:17:35.339+0000] {spark_submit.py:521} INFO - propertiesFile          null
[2025-08-14T07:17:35.339+0000] {spark_submit.py:521} INFO - driverMemory            null
[2025-08-14T07:17:35.339+0000] {spark_submit.py:521} INFO - driverCores             null
[2025-08-14T07:17:35.340+0000] {spark_submit.py:521} INFO - driverExtraClassPath    /opt/custom-jars/*
[2025-08-14T07:17:35.340+0000] {spark_submit.py:521} INFO - driverExtraLibraryPath  null
[2025-08-14T07:17:35.340+0000] {spark_submit.py:521} INFO - driverExtraJavaOptions  null
[2025-08-14T07:17:35.341+0000] {spark_submit.py:521} INFO - supervise               false
[2025-08-14T07:17:35.341+0000] {spark_submit.py:521} INFO - queue                   null
[2025-08-14T07:17:35.341+0000] {spark_submit.py:521} INFO - numExecutors            null
[2025-08-14T07:17:35.342+0000] {spark_submit.py:521} INFO - files                   null
[2025-08-14T07:17:35.342+0000] {spark_submit.py:521} INFO - pyFiles                 null
[2025-08-14T07:17:35.343+0000] {spark_submit.py:521} INFO - archives                null
[2025-08-14T07:17:35.343+0000] {spark_submit.py:521} INFO - mainClass               null
[2025-08-14T07:17:35.343+0000] {spark_submit.py:521} INFO - primaryResource         file:/opt/spark-jobs/transform/gold_transfrom.py
[2025-08-14T07:17:35.344+0000] {spark_submit.py:521} INFO - name                    arrow-spark
[2025-08-14T07:17:35.344+0000] {spark_submit.py:521} INFO - childArgs               []
[2025-08-14T07:17:35.344+0000] {spark_submit.py:521} INFO - jars                    file:/opt/custom-jars/spark-bigquery-with-dependencies_2.13-0.30.0.jar,file:/opt/custom-jars/javax.inject-1.jar
[2025-08-14T07:17:35.345+0000] {spark_submit.py:521} INFO - packages                null
[2025-08-14T07:17:35.345+0000] {spark_submit.py:521} INFO - packagesExclusions      null
[2025-08-14T07:17:35.345+0000] {spark_submit.py:521} INFO - repositories            null
[2025-08-14T07:17:35.346+0000] {spark_submit.py:521} INFO - verbose                 true
[2025-08-14T07:17:35.346+0000] {spark_submit.py:521} INFO - 
[2025-08-14T07:17:35.346+0000] {spark_submit.py:521} INFO - Spark properties used, including those specified through
[2025-08-14T07:17:35.347+0000] {spark_submit.py:521} INFO - --conf and those from the properties file null:
[2025-08-14T07:17:35.347+0000] {spark_submit.py:521} INFO - (spark.driver.extraClassPath,/opt/custom-jars/*)
[2025-08-14T07:17:35.347+0000] {spark_submit.py:521} INFO - (spark.executor.extraClassPath,/opt/custom-jars/*)
[2025-08-14T07:17:35.348+0000] {spark_submit.py:521} INFO - (spark.hadoop.fs.AbstractFileSystem.gs.impl,com.google.cloud.hadoop.fs.gcs.GoogleHadoopFS)
[2025-08-14T07:17:35.348+0000] {spark_submit.py:521} INFO - (spark.hadoop.fs.gs.impl,com.google.cloud.hadoop.fs.gcs.GoogleHadoopFileSystem)
[2025-08-14T07:17:35.348+0000] {spark_submit.py:521} INFO - (spark.hadoop.google.cloud.auth.service.account.enable,true)
[2025-08-14T07:17:35.349+0000] {spark_submit.py:521} INFO - (spark.hadoop.google.cloud.auth.service.account.json.keyfile,/opt/***/gcp-key.json)
[2025-08-14T07:17:35.349+0000] {spark_submit.py:521} INFO - (spark.master,spark://spark-master:7077)
[2025-08-14T07:17:35.349+0000] {spark_submit.py:521} INFO - 
[2025-08-14T07:17:35.350+0000] {spark_submit.py:521} INFO - 
[2025-08-14T07:17:37.454+0000] {spark_submit.py:521} INFO - 25/08/14 07:17:37 WARN NativeCodeLoader: Unable to load native-hadoop library for your platform... using builtin-java classes where applicable
[2025-08-14T07:17:38.508+0000] {spark_submit.py:521} INFO - Main class:
[2025-08-14T07:17:38.509+0000] {spark_submit.py:521} INFO - org.apache.spark.deploy.PythonRunner
[2025-08-14T07:17:38.509+0000] {spark_submit.py:521} INFO - Arguments:
[2025-08-14T07:17:38.509+0000] {spark_submit.py:521} INFO - file:/opt/spark-jobs/transform/gold_transfrom.py
[2025-08-14T07:17:38.510+0000] {spark_submit.py:521} INFO - null
[2025-08-14T07:17:38.510+0000] {spark_submit.py:521} INFO - Spark config:
[2025-08-14T07:17:38.511+0000] {spark_submit.py:521} INFO - (spark.app.name,arrow-spark)
[2025-08-14T07:17:38.511+0000] {spark_submit.py:521} INFO - (spark.app.submitTime,1755155858483)
[2025-08-14T07:17:38.511+0000] {spark_submit.py:521} INFO - (spark.driver.extraClassPath,/opt/custom-jars/*)
[2025-08-14T07:17:38.511+0000] {spark_submit.py:521} INFO - (spark.executor.extraClassPath,/opt/custom-jars/*)
[2025-08-14T07:17:38.512+0000] {spark_submit.py:521} INFO - (spark.hadoop.fs.AbstractFileSystem.gs.impl,com.google.cloud.hadoop.fs.gcs.GoogleHadoopFS)
[2025-08-14T07:17:38.512+0000] {spark_submit.py:521} INFO - (spark.hadoop.fs.gs.impl,com.google.cloud.hadoop.fs.gcs.GoogleHadoopFileSystem)
[2025-08-14T07:17:38.512+0000] {spark_submit.py:521} INFO - (spark.hadoop.google.cloud.auth.service.account.enable,true)
[2025-08-14T07:17:38.513+0000] {spark_submit.py:521} INFO - (spark.hadoop.google.cloud.auth.service.account.json.keyfile,/opt/***/gcp-key.json)
[2025-08-14T07:17:38.513+0000] {spark_submit.py:521} INFO - (spark.jars,file:///opt/custom-jars/spark-bigquery-with-dependencies_2.13-0.30.0.jar,file:///opt/custom-jars/javax.inject-1.jar)
[2025-08-14T07:17:38.513+0000] {spark_submit.py:521} INFO - (spark.master,spark://spark-master:7077)
[2025-08-14T07:17:38.513+0000] {spark_submit.py:521} INFO - (spark.repl.local.jars,file:///opt/custom-jars/spark-bigquery-with-dependencies_2.13-0.30.0.jar,file:///opt/custom-jars/javax.inject-1.jar)
[2025-08-14T07:17:38.514+0000] {spark_submit.py:521} INFO - (spark.submit.deployMode,client)
[2025-08-14T07:17:38.514+0000] {spark_submit.py:521} INFO - (spark.submit.pyFiles,)
[2025-08-14T07:17:38.514+0000] {spark_submit.py:521} INFO - Classpath elements:
[2025-08-14T07:17:38.515+0000] {spark_submit.py:521} INFO - file:///opt/custom-jars/spark-bigquery-with-dependencies_2.13-0.30.0.jar
[2025-08-14T07:17:38.515+0000] {spark_submit.py:521} INFO - file:///opt/custom-jars/javax.inject-1.jar
[2025-08-14T07:17:38.515+0000] {spark_submit.py:521} INFO - 
[2025-08-14T07:17:38.515+0000] {spark_submit.py:521} INFO - 
[2025-08-14T07:17:42.362+0000] {spark_submit.py:521} INFO - Using Spark's default log4j profile: org/apache/spark/log4j2-defaults.properties
[2025-08-14T07:17:42.369+0000] {spark_submit.py:521} INFO - 25/08/14 07:17:42 INFO SparkContext: Running Spark version 4.0.0
[2025-08-14T07:17:42.370+0000] {spark_submit.py:521} INFO - 25/08/14 07:17:42 INFO SparkContext: OS info Linux, 5.15.167.4-microsoft-standard-WSL2, amd64
[2025-08-14T07:17:42.371+0000] {spark_submit.py:521} INFO - 25/08/14 07:17:42 INFO SparkContext: Java version 17.0.16
[2025-08-14T07:17:42.412+0000] {spark_submit.py:521} INFO - 25/08/14 07:17:42 INFO ResourceUtils: ==============================================================
[2025-08-14T07:17:42.413+0000] {spark_submit.py:521} INFO - 25/08/14 07:17:42 INFO ResourceUtils: No custom resources configured for spark.driver.
[2025-08-14T07:17:42.414+0000] {spark_submit.py:521} INFO - 25/08/14 07:17:42 INFO ResourceUtils: ==============================================================
[2025-08-14T07:17:42.415+0000] {spark_submit.py:521} INFO - 25/08/14 07:17:42 INFO SparkContext: Submitted application: GoldTransform
[2025-08-14T07:17:42.453+0000] {spark_submit.py:521} INFO - 25/08/14 07:17:42 INFO ResourceProfile: Default ResourceProfile created, executor resources: Map(memory -> name: memory, amount: 1024, script: , vendor: , offHeap -> name: offHeap, amount: 0, script: , vendor: ), task resources: Map(cpus -> name: cpus, amount: 1.0)
[2025-08-14T07:17:42.457+0000] {spark_submit.py:521} INFO - 25/08/14 07:17:42 INFO ResourceProfile: Limiting resource is cpu
[2025-08-14T07:17:42.458+0000] {spark_submit.py:521} INFO - 25/08/14 07:17:42 INFO ResourceProfileManager: Added ResourceProfile id: 0
[2025-08-14T07:17:42.594+0000] {spark_submit.py:521} INFO - 25/08/14 07:17:42 INFO SecurityManager: Changing view acls to: ***
[2025-08-14T07:17:42.596+0000] {spark_submit.py:521} INFO - 25/08/14 07:17:42 INFO SecurityManager: Changing modify acls to: ***
[2025-08-14T07:17:42.597+0000] {spark_submit.py:521} INFO - 25/08/14 07:17:42 INFO SecurityManager: Changing view acls groups to: ***
[2025-08-14T07:17:42.597+0000] {spark_submit.py:521} INFO - 25/08/14 07:17:42 INFO SecurityManager: Changing modify acls groups to: ***
[2025-08-14T07:17:42.600+0000] {spark_submit.py:521} INFO - 25/08/14 07:17:42 INFO SecurityManager: SecurityManager: authentication disabled; ui acls disabled; users with view permissions: *** groups with view permissions: EMPTY; users with modify permissions: ***; groups with modify permissions: EMPTY; RPC SSL disabled
[2025-08-14T07:17:43.035+0000] {spark_submit.py:521} INFO - 25/08/14 07:17:43 INFO Utils: Successfully started service 'sparkDriver' on port 39779.
[2025-08-14T07:17:43.076+0000] {spark_submit.py:521} INFO - 25/08/14 07:17:43 INFO SparkEnv: Registering MapOutputTracker
[2025-08-14T07:17:43.102+0000] {spark_submit.py:521} INFO - 25/08/14 07:17:43 INFO SparkEnv: Registering BlockManagerMaster
[2025-08-14T07:17:43.124+0000] {spark_submit.py:521} INFO - 25/08/14 07:17:43 INFO BlockManagerMasterEndpoint: Using org.apache.spark.storage.DefaultTopologyMapper for getting topology information
[2025-08-14T07:17:43.125+0000] {spark_submit.py:521} INFO - 25/08/14 07:17:43 INFO BlockManagerMasterEndpoint: BlockManagerMasterEndpoint up
[2025-08-14T07:17:43.130+0000] {spark_submit.py:521} INFO - 25/08/14 07:17:43 INFO SparkEnv: Registering BlockManagerMasterHeartbeat
[2025-08-14T07:17:43.183+0000] {spark_submit.py:521} INFO - 25/08/14 07:17:43 INFO DiskBlockManager: Created local directory at /tmp/blockmgr-67095b38-078e-475e-ab8c-75d55c0476a3
[2025-08-14T07:17:43.219+0000] {spark_submit.py:521} INFO - 25/08/14 07:17:43 INFO SparkEnv: Registering OutputCommitCoordinator
[2025-08-14T07:17:43.564+0000] {spark_submit.py:521} INFO - 25/08/14 07:17:43 INFO JettyUtils: Start Jetty 0.0.0.0:4040 for SparkUI
[2025-08-14T07:17:43.878+0000] {spark_submit.py:521} INFO - 25/08/14 07:17:43 INFO Utils: Successfully started service 'SparkUI' on port 4040.
[2025-08-14T07:17:44.022+0000] {spark_submit.py:521} INFO - 25/08/14 07:17:44 INFO SparkContext: Added JAR file:///opt/custom-jars/spark-bigquery-with-dependencies_2.13-0.30.0.jar at spark://ddcaa82da13c:39779/jars/spark-bigquery-with-dependencies_2.13-0.30.0.jar with timestamp 1755155862338
[2025-08-14T07:17:44.024+0000] {spark_submit.py:521} INFO - 25/08/14 07:17:44 INFO SparkContext: Added JAR file:///opt/custom-jars/javax.inject-1.jar at spark://ddcaa82da13c:39779/jars/javax.inject-1.jar with timestamp 1755155862338
[2025-08-14T07:17:44.125+0000] {spark_submit.py:521} INFO - 25/08/14 07:17:44 INFO SecurityManager: Changing view acls to: ***
[2025-08-14T07:17:44.126+0000] {spark_submit.py:521} INFO - 25/08/14 07:17:44 INFO SecurityManager: Changing modify acls to: ***
[2025-08-14T07:17:44.128+0000] {spark_submit.py:521} INFO - 25/08/14 07:17:44 INFO SecurityManager: Changing view acls groups to: ***
[2025-08-14T07:17:44.128+0000] {spark_submit.py:521} INFO - 25/08/14 07:17:44 INFO SecurityManager: Changing modify acls groups to: ***
[2025-08-14T07:17:44.129+0000] {spark_submit.py:521} INFO - 25/08/14 07:17:44 INFO SecurityManager: SecurityManager: authentication disabled; ui acls disabled; users with view permissions: *** groups with view permissions: EMPTY; users with modify permissions: ***; groups with modify permissions: EMPTY; RPC SSL disabled
[2025-08-14T07:17:44.494+0000] {spark_submit.py:521} INFO - 25/08/14 07:17:44 INFO StandaloneAppClient$ClientEndpoint: Connecting to master spark://spark-master:7077...
[2025-08-14T07:17:44.586+0000] {spark_submit.py:521} INFO - 25/08/14 07:17:44 INFO TransportClientFactory: Successfully created connection to spark-master/172.18.0.3:7077 after 45 ms (0 ms spent in bootstraps)
[2025-08-14T07:17:44.694+0000] {spark_submit.py:521} INFO - 25/08/14 07:17:44 WARN StandaloneAppClient$ClientEndpoint: Failed to connect to master spark-master:7077
[2025-08-14T07:17:44.695+0000] {spark_submit.py:521} INFO - org.apache.spark.SparkException: Exception thrown in awaitResult:
[2025-08-14T07:17:44.696+0000] {spark_submit.py:521} INFO - at org.apache.spark.util.SparkThreadUtils$.awaitResult(SparkThreadUtils.scala:53)
[2025-08-14T07:17:44.697+0000] {spark_submit.py:521} INFO - at org.apache.spark.util.ThreadUtils$.awaitResult(ThreadUtils.scala:342)
[2025-08-14T07:17:44.697+0000] {spark_submit.py:521} INFO - at org.apache.spark.rpc.RpcTimeout.awaitResult(RpcTimeout.scala:75)
[2025-08-14T07:17:44.697+0000] {spark_submit.py:521} INFO - at org.apache.spark.rpc.RpcEnv.setupEndpointRefByURI(RpcEnv.scala:102)
[2025-08-14T07:17:44.698+0000] {spark_submit.py:521} INFO - at org.apache.spark.rpc.RpcEnv.setupEndpointRef(RpcEnv.scala:110)
[2025-08-14T07:17:44.760+0000] {spark_submit.py:521} INFO - at org.apache.spark.deploy.client.StandaloneAppClient$ClientEndpoint$$anon$1.run(StandaloneAppClient.scala:110)
[2025-08-14T07:17:44.760+0000] {spark_submit.py:521} INFO - at java.base/java.util.concurrent.Executors$RunnableAdapter.call(Executors.java:539)
[2025-08-14T07:17:44.761+0000] {spark_submit.py:521} INFO - at java.base/java.util.concurrent.FutureTask.run(FutureTask.java:264)
[2025-08-14T07:17:44.761+0000] {spark_submit.py:521} INFO - at java.base/java.util.concurrent.ThreadPoolExecutor.runWorker(ThreadPoolExecutor.java:1136)
[2025-08-14T07:17:44.761+0000] {spark_submit.py:521} INFO - at java.base/java.util.concurrent.ThreadPoolExecutor$Worker.run(ThreadPoolExecutor.java:635)
[2025-08-14T07:17:44.761+0000] {spark_submit.py:521} INFO - at java.base/java.lang.Thread.run(Thread.java:840)
[2025-08-14T07:17:44.761+0000] {spark_submit.py:521} INFO - Caused by: java.lang.RuntimeException: java.io.InvalidClassException: org.apache.spark.rpc.netty.RpcEndpointVerifier$CheckExistence; local class incompatible: stream classdesc serialVersionUID = 5378738997755484868, local class serialVersionUID = 7789290765573734431
[2025-08-14T07:17:44.762+0000] {spark_submit.py:521} INFO - at java.base/java.io.ObjectStreamClass.initNonProxy(ObjectStreamClass.java:597)
[2025-08-14T07:17:44.762+0000] {spark_submit.py:521} INFO - at java.base/java.io.ObjectInputStream.readNonProxyDesc(ObjectInputStream.java:2051)
[2025-08-14T07:17:44.762+0000] {spark_submit.py:521} INFO - at java.base/java.io.ObjectInputStream.readClassDesc(ObjectInputStream.java:1898)
[2025-08-14T07:17:44.763+0000] {spark_submit.py:521} INFO - at java.base/java.io.ObjectInputStream.readOrdinaryObject(ObjectInputStream.java:2224)
[2025-08-14T07:17:44.763+0000] {spark_submit.py:521} INFO - at java.base/java.io.ObjectInputStream.readObject0(ObjectInputStream.java:1733)
[2025-08-14T07:17:44.763+0000] {spark_submit.py:521} INFO - at java.base/java.io.ObjectInputStream.readObject(ObjectInputStream.java:509)
[2025-08-14T07:17:44.763+0000] {spark_submit.py:521} INFO - at java.base/java.io.ObjectInputStream.readObject(ObjectInputStream.java:467)
[2025-08-14T07:17:44.763+0000] {spark_submit.py:521} INFO - at org.apache.spark.serializer.JavaDeserializationStream.readObject(JavaSerializer.scala:87)
[2025-08-14T07:17:44.763+0000] {spark_submit.py:521} INFO - at org.apache.spark.serializer.JavaSerializerInstance.deserialize(JavaSerializer.scala:123)
[2025-08-14T07:17:44.764+0000] {spark_submit.py:521} INFO - at org.apache.spark.rpc.netty.NettyRpcEnv.$anonfun$deserialize$2(NettyRpcEnv.scala:299)
[2025-08-14T07:17:44.764+0000] {spark_submit.py:521} INFO - at scala.util.DynamicVariable.withValue(DynamicVariable.scala:62)
[2025-08-14T07:17:44.764+0000] {spark_submit.py:521} INFO - at org.apache.spark.rpc.netty.NettyRpcEnv.deserialize(NettyRpcEnv.scala:352)
[2025-08-14T07:17:44.764+0000] {spark_submit.py:521} INFO - at org.apache.spark.rpc.netty.NettyRpcEnv.$anonfun$deserialize$1(NettyRpcEnv.scala:298)
[2025-08-14T07:17:44.764+0000] {spark_submit.py:521} INFO - at scala.util.DynamicVariable.withValue(DynamicVariable.scala:62)
[2025-08-14T07:17:44.765+0000] {spark_submit.py:521} INFO - at org.apache.spark.rpc.netty.NettyRpcEnv.deserialize(NettyRpcEnv.scala:298)
[2025-08-14T07:17:44.766+0000] {spark_submit.py:521} INFO - at org.apache.spark.rpc.netty.RequestMessage$.apply(NettyRpcEnv.scala:646)
[2025-08-14T07:17:44.766+0000] {spark_submit.py:521} INFO - at org.apache.spark.rpc.netty.NettyRpcHandler.internalReceive(NettyRpcEnv.scala:697)
[2025-08-14T07:17:44.767+0000] {spark_submit.py:521} INFO - at org.apache.spark.rpc.netty.NettyRpcHandler.receive(NettyRpcEnv.scala:682)
[2025-08-14T07:17:44.767+0000] {spark_submit.py:521} INFO - at org.apache.spark.network.server.TransportRequestHandler.processRpcRequest(TransportRequestHandler.java:163)
[2025-08-14T07:17:44.767+0000] {spark_submit.py:521} INFO - at org.apache.spark.network.server.TransportRequestHandler.handle(TransportRequestHandler.java:109)
[2025-08-14T07:17:44.767+0000] {spark_submit.py:521} INFO - at org.apache.spark.network.server.TransportChannelHandler.channelRead0(TransportChannelHandler.java:140)
[2025-08-14T07:17:44.805+0000] {spark_submit.py:521} INFO - at org.apache.spark.network.server.TransportChannelHandler.channelRead0(TransportChannelHandler.java:53)
[2025-08-14T07:17:44.809+0000] {spark_submit.py:521} INFO - at io.netty.channel.SimpleChannelInboundHandler.channelRead(SimpleChannelInboundHandler.java:99)
[2025-08-14T07:17:44.813+0000] {spark_submit.py:521} INFO - at io.netty.channel.AbstractChannelHandlerContext.invokeChannelRead(AbstractChannelHandlerContext.java:444)
[2025-08-14T07:17:44.815+0000] {spark_submit.py:521} INFO - at io.netty.channel.AbstractChannelHandlerContext.invokeChannelRead(AbstractChannelHandlerContext.java:420)
[2025-08-14T07:17:44.818+0000] {spark_submit.py:521} INFO - at io.netty.channel.AbstractChannelHandlerContext.fireChannelRead(AbstractChannelHandlerContext.java:412)
[2025-08-14T07:17:44.819+0000] {spark_submit.py:521} INFO - at io.netty.handler.timeout.IdleStateHandler.channelRead(IdleStateHandler.java:286)
[2025-08-14T07:17:44.822+0000] {spark_submit.py:521} INFO - at io.netty.channel.AbstractChannelHandlerContext.invokeChannelRead(AbstractChannelHandlerContext.java:442)
[2025-08-14T07:17:44.824+0000] {spark_submit.py:521} INFO - at io.netty.channel.AbstractChannelHandlerContext.invokeChannelRead(AbstractChannelHandlerContext.java:420)
[2025-08-14T07:17:44.825+0000] {spark_submit.py:521} INFO - at io.netty.channel.AbstractChannelHandlerContext.fireChannelRead(AbstractChannelHandlerContext.java:412)
[2025-08-14T07:17:44.827+0000] {spark_submit.py:521} INFO - at io.netty.handler.codec.MessageToMessageDecoder.channelRead(MessageToMessageDecoder.java:103)
[2025-08-14T07:17:44.828+0000] {spark_submit.py:521} INFO - at io.netty.channel.AbstractChannelHandlerContext.invokeChannelRead(AbstractChannelHandlerContext.java:444)
[2025-08-14T07:17:44.829+0000] {spark_submit.py:521} INFO - at io.netty.channel.AbstractChannelHandlerContext.invokeChannelRead(AbstractChannelHandlerContext.java:420)
[2025-08-14T07:17:44.831+0000] {spark_submit.py:521} INFO - at io.netty.channel.AbstractChannelHandlerContext.fireChannelRead(AbstractChannelHandlerContext.java:412)
[2025-08-14T07:17:44.832+0000] {spark_submit.py:521} INFO - at org.apache.spark.network.util.TransportFrameDecoder.channelRead(TransportFrameDecoder.java:102)
[2025-08-14T07:17:44.833+0000] {spark_submit.py:521} INFO - at io.netty.channel.AbstractChannelHandlerContext.invokeChannelRead(AbstractChannelHandlerContext.java:444)
[2025-08-14T07:17:44.834+0000] {spark_submit.py:521} INFO - at io.netty.channel.AbstractChannelHandlerContext.invokeChannelRead(AbstractChannelHandlerContext.java:420)
[2025-08-14T07:17:44.834+0000] {spark_submit.py:521} INFO - at io.netty.channel.AbstractChannelHandlerContext.fireChannelRead(AbstractChannelHandlerContext.java:412)
[2025-08-14T07:17:44.835+0000] {spark_submit.py:521} INFO - at io.netty.channel.DefaultChannelPipeline$HeadContext.channelRead(DefaultChannelPipeline.java:1410)
[2025-08-14T07:17:44.836+0000] {spark_submit.py:521} INFO - at io.netty.channel.AbstractChannelHandlerContext.invokeChannelRead(AbstractChannelHandlerContext.java:440)
[2025-08-14T07:17:44.836+0000] {spark_submit.py:521} INFO - at io.netty.channel.AbstractChannelHandlerContext.invokeChannelRead(AbstractChannelHandlerContext.java:420)
[2025-08-14T07:17:44.837+0000] {spark_submit.py:521} INFO - at io.netty.channel.DefaultChannelPipeline.fireChannelRead(DefaultChannelPipeline.java:919)
[2025-08-14T07:17:44.838+0000] {spark_submit.py:521} INFO - at io.netty.channel.nio.AbstractNioByteChannel$NioByteUnsafe.read(AbstractNioByteChannel.java:166)
[2025-08-14T07:17:44.839+0000] {spark_submit.py:521} INFO - at io.netty.channel.nio.NioEventLoop.processSelectedKey(NioEventLoop.java:788)
[2025-08-14T07:17:44.840+0000] {spark_submit.py:521} INFO - at io.netty.channel.nio.NioEventLoop.processSelectedKeysOptimized(NioEventLoop.java:724)
[2025-08-14T07:17:44.840+0000] {spark_submit.py:521} INFO - at io.netty.channel.nio.NioEventLoop.processSelectedKeys(NioEventLoop.java:650)
[2025-08-14T07:17:44.841+0000] {spark_submit.py:521} INFO - at io.netty.channel.nio.NioEventLoop.run(NioEventLoop.java:562)
[2025-08-14T07:17:44.842+0000] {spark_submit.py:521} INFO - at io.netty.util.concurrent.SingleThreadEventExecutor$4.run(SingleThreadEventExecutor.java:997)
[2025-08-14T07:17:44.842+0000] {spark_submit.py:521} INFO - at io.netty.util.internal.ThreadExecutorMap$2.run(ThreadExecutorMap.java:74)
[2025-08-14T07:17:44.843+0000] {spark_submit.py:521} INFO - at io.netty.util.concurrent.FastThreadLocalRunnable.run(FastThreadLocalRunnable.java:30)
[2025-08-14T07:17:44.843+0000] {spark_submit.py:521} INFO - at java.base/java.lang.Thread.run(Thread.java:840)
[2025-08-14T07:17:44.844+0000] {spark_submit.py:521} INFO - 
[2025-08-14T07:17:44.844+0000] {spark_submit.py:521} INFO - at org.apache.spark.network.client.TransportResponseHandler.handle(TransportResponseHandler.java:217)
[2025-08-14T07:17:44.844+0000] {spark_submit.py:521} INFO - at org.apache.spark.network.server.TransportChannelHandler.channelRead0(TransportChannelHandler.java:145)
[2025-08-14T07:17:44.844+0000] {spark_submit.py:521} INFO - at org.apache.spark.network.server.TransportChannelHandler.channelRead0(TransportChannelHandler.java:55)
[2025-08-14T07:17:44.845+0000] {spark_submit.py:521} INFO - at io.netty.channel.SimpleChannelInboundHandler.channelRead(SimpleChannelInboundHandler.java:99)
[2025-08-14T07:17:44.845+0000] {spark_submit.py:521} INFO - at io.netty.channel.AbstractChannelHandlerContext.invokeChannelRead(AbstractChannelHandlerContext.java:444)
[2025-08-14T07:17:44.845+0000] {spark_submit.py:521} INFO - at io.netty.channel.AbstractChannelHandlerContext.invokeChannelRead(AbstractChannelHandlerContext.java:420)
[2025-08-14T07:17:44.846+0000] {spark_submit.py:521} INFO - at io.netty.channel.AbstractChannelHandlerContext.fireChannelRead(AbstractChannelHandlerContext.java:412)
[2025-08-14T07:17:44.846+0000] {spark_submit.py:521} INFO - at io.netty.handler.timeout.IdleStateHandler.channelRead(IdleStateHandler.java:289)
[2025-08-14T07:17:44.846+0000] {spark_submit.py:521} INFO - at io.netty.channel.AbstractChannelHandlerContext.invokeChannelRead(AbstractChannelHandlerContext.java:442)
[2025-08-14T07:17:44.847+0000] {spark_submit.py:521} INFO - at io.netty.channel.AbstractChannelHandlerContext.invokeChannelRead(AbstractChannelHandlerContext.java:420)
[2025-08-14T07:17:44.847+0000] {spark_submit.py:521} INFO - at io.netty.channel.AbstractChannelHandlerContext.fireChannelRead(AbstractChannelHandlerContext.java:412)
[2025-08-14T07:17:44.847+0000] {spark_submit.py:521} INFO - at io.netty.handler.codec.MessageToMessageDecoder.channelRead(MessageToMessageDecoder.java:107)
[2025-08-14T07:17:44.848+0000] {spark_submit.py:521} INFO - at io.netty.channel.AbstractChannelHandlerContext.invokeChannelRead(AbstractChannelHandlerContext.java:444)
[2025-08-14T07:17:44.848+0000] {spark_submit.py:521} INFO - at io.netty.channel.AbstractChannelHandlerContext.invokeChannelRead(AbstractChannelHandlerContext.java:420)
[2025-08-14T07:17:44.848+0000] {spark_submit.py:521} INFO - at io.netty.channel.AbstractChannelHandlerContext.fireChannelRead(AbstractChannelHandlerContext.java:412)
[2025-08-14T07:17:44.848+0000] {spark_submit.py:521} INFO - at org.apache.spark.network.util.TransportFrameDecoder.channelRead(TransportFrameDecoder.java:102)
[2025-08-14T07:17:44.849+0000] {spark_submit.py:521} INFO - at io.netty.channel.AbstractChannelHandlerContext.invokeChannelRead(AbstractChannelHandlerContext.java:444)
[2025-08-14T07:17:44.849+0000] {spark_submit.py:521} INFO - at io.netty.channel.AbstractChannelHandlerContext.invokeChannelRead(AbstractChannelHandlerContext.java:420)
[2025-08-14T07:17:44.849+0000] {spark_submit.py:521} INFO - at io.netty.channel.AbstractChannelHandlerContext.fireChannelRead(AbstractChannelHandlerContext.java:412)
[2025-08-14T07:17:44.849+0000] {spark_submit.py:521} INFO - at io.netty.channel.DefaultChannelPipeline$HeadContext.channelRead(DefaultChannelPipeline.java:1357)
[2025-08-14T07:17:44.849+0000] {spark_submit.py:521} INFO - at io.netty.channel.AbstractChannelHandlerContext.invokeChannelRead(AbstractChannelHandlerContext.java:440)
[2025-08-14T07:17:44.849+0000] {spark_submit.py:521} INFO - at io.netty.channel.AbstractChannelHandlerContext.invokeChannelRead(AbstractChannelHandlerContext.java:420)
[2025-08-14T07:17:44.850+0000] {spark_submit.py:521} INFO - at io.netty.channel.DefaultChannelPipeline.fireChannelRead(DefaultChannelPipeline.java:868)
[2025-08-14T07:17:44.850+0000] {spark_submit.py:521} INFO - at io.netty.channel.nio.AbstractNioByteChannel$NioByteUnsafe.read(AbstractNioByteChannel.java:166)
[2025-08-14T07:17:44.850+0000] {spark_submit.py:521} INFO - at io.netty.channel.nio.NioEventLoop.processSelectedKey(NioEventLoop.java:796)
[2025-08-14T07:17:44.850+0000] {spark_submit.py:521} INFO - at io.netty.channel.nio.NioEventLoop.processSelectedKeysOptimized(NioEventLoop.java:732)
[2025-08-14T07:17:44.850+0000] {spark_submit.py:521} INFO - at io.netty.channel.nio.NioEventLoop.processSelectedKeys(NioEventLoop.java:658)
[2025-08-14T07:17:44.851+0000] {spark_submit.py:521} INFO - at io.netty.channel.nio.NioEventLoop.run(NioEventLoop.java:562)
[2025-08-14T07:17:44.851+0000] {spark_submit.py:521} INFO - at io.netty.util.concurrent.SingleThreadEventExecutor$4.run(SingleThreadEventExecutor.java:998)
[2025-08-14T07:17:44.851+0000] {spark_submit.py:521} INFO - at io.netty.util.internal.ThreadExecutorMap$2.run(ThreadExecutorMap.java:74)
[2025-08-14T07:17:44.851+0000] {spark_submit.py:521} INFO - at io.netty.util.concurrent.FastThreadLocalRunnable.run(FastThreadLocalRunnable.java:30)
[2025-08-14T07:17:44.852+0000] {spark_submit.py:521} INFO - ... 1 more
[2025-08-14T07:18:04.491+0000] {spark_submit.py:521} INFO - 25/08/14 07:18:04 INFO StandaloneAppClient$ClientEndpoint: Connecting to master spark://spark-master:7077...
[2025-08-14T07:18:05.918+0000] {spark_submit.py:521} INFO - 25/08/14 07:18:05 WARN StandaloneAppClient$ClientEndpoint: Failed to connect to master spark-master:7077
[2025-08-14T07:18:05.919+0000] {spark_submit.py:521} INFO - org.apache.spark.SparkException: Exception thrown in awaitResult:
[2025-08-14T07:18:05.919+0000] {spark_submit.py:521} INFO - at org.apache.spark.util.SparkThreadUtils$.awaitResult(SparkThreadUtils.scala:53)
[2025-08-14T07:18:05.920+0000] {spark_submit.py:521} INFO - at org.apache.spark.util.ThreadUtils$.awaitResult(ThreadUtils.scala:342)
[2025-08-14T07:18:05.920+0000] {spark_submit.py:521} INFO - at org.apache.spark.rpc.RpcTimeout.awaitResult(RpcTimeout.scala:75)
[2025-08-14T07:18:05.920+0000] {spark_submit.py:521} INFO - at org.apache.spark.rpc.RpcEnv.setupEndpointRefByURI(RpcEnv.scala:102)
[2025-08-14T07:18:05.920+0000] {spark_submit.py:521} INFO - at org.apache.spark.rpc.RpcEnv.setupEndpointRef(RpcEnv.scala:110)
[2025-08-14T07:18:05.921+0000] {spark_submit.py:521} INFO - at org.apache.spark.deploy.client.StandaloneAppClient$ClientEndpoint$$anon$1.run(StandaloneAppClient.scala:110)
[2025-08-14T07:18:05.921+0000] {spark_submit.py:521} INFO - at java.base/java.util.concurrent.Executors$RunnableAdapter.call(Executors.java:539)
[2025-08-14T07:18:05.921+0000] {spark_submit.py:521} INFO - at java.base/java.util.concurrent.FutureTask.run(FutureTask.java:264)
[2025-08-14T07:18:05.921+0000] {spark_submit.py:521} INFO - at java.base/java.util.concurrent.ThreadPoolExecutor.runWorker(ThreadPoolExecutor.java:1136)
[2025-08-14T07:18:05.922+0000] {spark_submit.py:521} INFO - at java.base/java.util.concurrent.ThreadPoolExecutor$Worker.run(ThreadPoolExecutor.java:635)
[2025-08-14T07:18:05.922+0000] {spark_submit.py:521} INFO - at java.base/java.lang.Thread.run(Thread.java:840)
[2025-08-14T07:18:05.922+0000] {spark_submit.py:521} INFO - Caused by: java.lang.RuntimeException: java.io.InvalidClassException: org.apache.spark.rpc.netty.RpcEndpointVerifier$CheckExistence; local class incompatible: stream classdesc serialVersionUID = 5378738997755484868, local class serialVersionUID = 7789290765573734431
[2025-08-14T07:18:05.923+0000] {spark_submit.py:521} INFO - at java.base/java.io.ObjectStreamClass.initNonProxy(ObjectStreamClass.java:597)
[2025-08-14T07:18:05.923+0000] {spark_submit.py:521} INFO - at java.base/java.io.ObjectInputStream.readNonProxyDesc(ObjectInputStream.java:2051)
[2025-08-14T07:18:05.923+0000] {spark_submit.py:521} INFO - at java.base/java.io.ObjectInputStream.readClassDesc(ObjectInputStream.java:1898)
[2025-08-14T07:18:05.923+0000] {spark_submit.py:521} INFO - at java.base/java.io.ObjectInputStream.readOrdinaryObject(ObjectInputStream.java:2224)
[2025-08-14T07:18:05.924+0000] {spark_submit.py:521} INFO - at java.base/java.io.ObjectInputStream.readObject0(ObjectInputStream.java:1733)
[2025-08-14T07:18:05.924+0000] {spark_submit.py:521} INFO - at java.base/java.io.ObjectInputStream.readObject(ObjectInputStream.java:509)
[2025-08-14T07:18:05.924+0000] {spark_submit.py:521} INFO - at java.base/java.io.ObjectInputStream.readObject(ObjectInputStream.java:467)
[2025-08-14T07:18:05.924+0000] {spark_submit.py:521} INFO - at org.apache.spark.serializer.JavaDeserializationStream.readObject(JavaSerializer.scala:87)
[2025-08-14T07:18:05.925+0000] {spark_submit.py:521} INFO - at org.apache.spark.serializer.JavaSerializerInstance.deserialize(JavaSerializer.scala:123)
[2025-08-14T07:18:05.925+0000] {spark_submit.py:521} INFO - at org.apache.spark.rpc.netty.NettyRpcEnv.$anonfun$deserialize$2(NettyRpcEnv.scala:299)
[2025-08-14T07:18:05.925+0000] {spark_submit.py:521} INFO - at scala.util.DynamicVariable.withValue(DynamicVariable.scala:62)
[2025-08-14T07:18:05.925+0000] {spark_submit.py:521} INFO - at org.apache.spark.rpc.netty.NettyRpcEnv.deserialize(NettyRpcEnv.scala:352)
[2025-08-14T07:18:05.926+0000] {spark_submit.py:521} INFO - at org.apache.spark.rpc.netty.NettyRpcEnv.$anonfun$deserialize$1(NettyRpcEnv.scala:298)
[2025-08-14T07:18:05.926+0000] {spark_submit.py:521} INFO - at scala.util.DynamicVariable.withValue(DynamicVariable.scala:62)
[2025-08-14T07:18:05.926+0000] {spark_submit.py:521} INFO - at org.apache.spark.rpc.netty.NettyRpcEnv.deserialize(NettyRpcEnv.scala:298)
[2025-08-14T07:18:05.927+0000] {spark_submit.py:521} INFO - at org.apache.spark.rpc.netty.RequestMessage$.apply(NettyRpcEnv.scala:646)
[2025-08-14T07:18:05.927+0000] {spark_submit.py:521} INFO - at org.apache.spark.rpc.netty.NettyRpcHandler.internalReceive(NettyRpcEnv.scala:697)
[2025-08-14T07:18:05.927+0000] {spark_submit.py:521} INFO - at org.apache.spark.rpc.netty.NettyRpcHandler.receive(NettyRpcEnv.scala:682)
[2025-08-14T07:18:05.928+0000] {spark_submit.py:521} INFO - at org.apache.spark.network.server.TransportRequestHandler.processRpcRequest(TransportRequestHandler.java:163)
[2025-08-14T07:18:05.928+0000] {spark_submit.py:521} INFO - at org.apache.spark.network.server.TransportRequestHandler.handle(TransportRequestHandler.java:109)
[2025-08-14T07:18:05.928+0000] {spark_submit.py:521} INFO - at org.apache.spark.network.server.TransportChannelHandler.channelRead0(TransportChannelHandler.java:140)
[2025-08-14T07:18:05.929+0000] {spark_submit.py:521} INFO - at org.apache.spark.network.server.TransportChannelHandler.channelRead0(TransportChannelHandler.java:53)
[2025-08-14T07:18:05.929+0000] {spark_submit.py:521} INFO - at io.netty.channel.SimpleChannelInboundHandler.channelRead(SimpleChannelInboundHandler.java:99)
[2025-08-14T07:18:05.929+0000] {spark_submit.py:521} INFO - at io.netty.channel.AbstractChannelHandlerContext.invokeChannelRead(AbstractChannelHandlerContext.java:444)
[2025-08-14T07:18:05.929+0000] {spark_submit.py:521} INFO - at io.netty.channel.AbstractChannelHandlerContext.invokeChannelRead(AbstractChannelHandlerContext.java:420)
[2025-08-14T07:18:05.930+0000] {spark_submit.py:521} INFO - at io.netty.channel.AbstractChannelHandlerContext.fireChannelRead(AbstractChannelHandlerContext.java:412)
[2025-08-14T07:18:05.930+0000] {spark_submit.py:521} INFO - at io.netty.handler.timeout.IdleStateHandler.channelRead(IdleStateHandler.java:286)
[2025-08-14T07:18:05.930+0000] {spark_submit.py:521} INFO - at io.netty.channel.AbstractChannelHandlerContext.invokeChannelRead(AbstractChannelHandlerContext.java:442)
[2025-08-14T07:18:05.930+0000] {spark_submit.py:521} INFO - at io.netty.channel.AbstractChannelHandlerContext.invokeChannelRead(AbstractChannelHandlerContext.java:420)
[2025-08-14T07:18:05.930+0000] {spark_submit.py:521} INFO - at io.netty.channel.AbstractChannelHandlerContext.fireChannelRead(AbstractChannelHandlerContext.java:412)
[2025-08-14T07:18:05.931+0000] {spark_submit.py:521} INFO - at io.netty.handler.codec.MessageToMessageDecoder.channelRead(MessageToMessageDecoder.java:103)
[2025-08-14T07:18:05.931+0000] {spark_submit.py:521} INFO - at io.netty.channel.AbstractChannelHandlerContext.invokeChannelRead(AbstractChannelHandlerContext.java:444)
[2025-08-14T07:18:05.931+0000] {spark_submit.py:521} INFO - at io.netty.channel.AbstractChannelHandlerContext.invokeChannelRead(AbstractChannelHandlerContext.java:420)
[2025-08-14T07:18:05.931+0000] {spark_submit.py:521} INFO - at io.netty.channel.AbstractChannelHandlerContext.fireChannelRead(AbstractChannelHandlerContext.java:412)
[2025-08-14T07:18:05.932+0000] {spark_submit.py:521} INFO - at org.apache.spark.network.util.TransportFrameDecoder.channelRead(TransportFrameDecoder.java:102)
[2025-08-14T07:18:05.932+0000] {spark_submit.py:521} INFO - at io.netty.channel.AbstractChannelHandlerContext.invokeChannelRead(AbstractChannelHandlerContext.java:444)
[2025-08-14T07:18:05.932+0000] {spark_submit.py:521} INFO - at io.netty.channel.AbstractChannelHandlerContext.invokeChannelRead(AbstractChannelHandlerContext.java:420)
[2025-08-14T07:18:05.933+0000] {spark_submit.py:521} INFO - at io.netty.channel.AbstractChannelHandlerContext.fireChannelRead(AbstractChannelHandlerContext.java:412)
[2025-08-14T07:18:05.933+0000] {spark_submit.py:521} INFO - at io.netty.channel.DefaultChannelPipeline$HeadContext.channelRead(DefaultChannelPipeline.java:1410)
[2025-08-14T07:18:05.933+0000] {spark_submit.py:521} INFO - at io.netty.channel.AbstractChannelHandlerContext.invokeChannelRead(AbstractChannelHandlerContext.java:440)
[2025-08-14T07:18:05.933+0000] {spark_submit.py:521} INFO - at io.netty.channel.AbstractChannelHandlerContext.invokeChannelRead(AbstractChannelHandlerContext.java:420)
[2025-08-14T07:18:05.934+0000] {spark_submit.py:521} INFO - at io.netty.channel.DefaultChannelPipeline.fireChannelRead(DefaultChannelPipeline.java:919)
[2025-08-14T07:18:05.934+0000] {spark_submit.py:521} INFO - at io.netty.channel.nio.AbstractNioByteChannel$NioByteUnsafe.read(AbstractNioByteChannel.java:166)
[2025-08-14T07:18:05.935+0000] {spark_submit.py:521} INFO - at io.netty.channel.nio.NioEventLoop.processSelectedKey(NioEventLoop.java:788)
[2025-08-14T07:18:05.935+0000] {spark_submit.py:521} INFO - at io.netty.channel.nio.NioEventLoop.processSelectedKeysOptimized(NioEventLoop.java:724)
[2025-08-14T07:18:05.935+0000] {spark_submit.py:521} INFO - at io.netty.channel.nio.NioEventLoop.processSelectedKeys(NioEventLoop.java:650)
[2025-08-14T07:18:05.936+0000] {spark_submit.py:521} INFO - at io.netty.channel.nio.NioEventLoop.run(NioEventLoop.java:562)
[2025-08-14T07:18:05.936+0000] {spark_submit.py:521} INFO - at io.netty.util.concurrent.SingleThreadEventExecutor$4.run(SingleThreadEventExecutor.java:997)
[2025-08-14T07:18:05.936+0000] {spark_submit.py:521} INFO - at io.netty.util.internal.ThreadExecutorMap$2.run(ThreadExecutorMap.java:74)
[2025-08-14T07:18:05.937+0000] {spark_submit.py:521} INFO - at io.netty.util.concurrent.FastThreadLocalRunnable.run(FastThreadLocalRunnable.java:30)
[2025-08-14T07:18:05.937+0000] {spark_submit.py:521} INFO - at java.base/java.lang.Thread.run(Thread.java:840)
[2025-08-14T07:18:05.938+0000] {spark_submit.py:521} INFO - 
[2025-08-14T07:18:05.938+0000] {spark_submit.py:521} INFO - at org.apache.spark.network.client.TransportResponseHandler.handle(TransportResponseHandler.java:217)
[2025-08-14T07:18:05.939+0000] {spark_submit.py:521} INFO - at org.apache.spark.network.server.TransportChannelHandler.channelRead0(TransportChannelHandler.java:145)
[2025-08-14T07:18:05.939+0000] {spark_submit.py:521} INFO - at org.apache.spark.network.server.TransportChannelHandler.channelRead0(TransportChannelHandler.java:55)
[2025-08-14T07:18:05.939+0000] {spark_submit.py:521} INFO - at io.netty.channel.SimpleChannelInboundHandler.channelRead(SimpleChannelInboundHandler.java:99)
[2025-08-14T07:18:05.939+0000] {spark_submit.py:521} INFO - at io.netty.channel.AbstractChannelHandlerContext.invokeChannelRead(AbstractChannelHandlerContext.java:444)
[2025-08-14T07:18:05.940+0000] {spark_submit.py:521} INFO - at io.netty.channel.AbstractChannelHandlerContext.invokeChannelRead(AbstractChannelHandlerContext.java:420)
[2025-08-14T07:18:05.940+0000] {spark_submit.py:521} INFO - at io.netty.channel.AbstractChannelHandlerContext.fireChannelRead(AbstractChannelHandlerContext.java:412)
[2025-08-14T07:18:05.940+0000] {spark_submit.py:521} INFO - at io.netty.handler.timeout.IdleStateHandler.channelRead(IdleStateHandler.java:289)
[2025-08-14T07:18:05.940+0000] {spark_submit.py:521} INFO - at io.netty.channel.AbstractChannelHandlerContext.invokeChannelRead(AbstractChannelHandlerContext.java:442)
[2025-08-14T07:18:05.941+0000] {spark_submit.py:521} INFO - at io.netty.channel.AbstractChannelHandlerContext.invokeChannelRead(AbstractChannelHandlerContext.java:420)
[2025-08-14T07:18:05.941+0000] {spark_submit.py:521} INFO - at io.netty.channel.AbstractChannelHandlerContext.fireChannelRead(AbstractChannelHandlerContext.java:412)
[2025-08-14T07:18:05.941+0000] {spark_submit.py:521} INFO - at io.netty.handler.codec.MessageToMessageDecoder.channelRead(MessageToMessageDecoder.java:107)
[2025-08-14T07:18:05.941+0000] {spark_submit.py:521} INFO - at io.netty.channel.AbstractChannelHandlerContext.invokeChannelRead(AbstractChannelHandlerContext.java:444)
[2025-08-14T07:18:05.942+0000] {spark_submit.py:521} INFO - at io.netty.channel.AbstractChannelHandlerContext.invokeChannelRead(AbstractChannelHandlerContext.java:420)
[2025-08-14T07:18:05.942+0000] {spark_submit.py:521} INFO - at io.netty.channel.AbstractChannelHandlerContext.fireChannelRead(AbstractChannelHandlerContext.java:412)
[2025-08-14T07:18:05.942+0000] {spark_submit.py:521} INFO - at org.apache.spark.network.util.TransportFrameDecoder.channelRead(TransportFrameDecoder.java:102)
[2025-08-14T07:18:05.942+0000] {spark_submit.py:521} INFO - at io.netty.channel.AbstractChannelHandlerContext.invokeChannelRead(AbstractChannelHandlerContext.java:444)
[2025-08-14T07:18:05.942+0000] {spark_submit.py:521} INFO - at io.netty.channel.AbstractChannelHandlerContext.invokeChannelRead(AbstractChannelHandlerContext.java:420)
[2025-08-14T07:18:05.943+0000] {spark_submit.py:521} INFO - at io.netty.channel.AbstractChannelHandlerContext.fireChannelRead(AbstractChannelHandlerContext.java:412)
[2025-08-14T07:18:05.943+0000] {spark_submit.py:521} INFO - at io.netty.channel.DefaultChannelPipeline$HeadContext.channelRead(DefaultChannelPipeline.java:1357)
[2025-08-14T07:18:05.943+0000] {spark_submit.py:521} INFO - at io.netty.channel.AbstractChannelHandlerContext.invokeChannelRead(AbstractChannelHandlerContext.java:440)
[2025-08-14T07:18:05.943+0000] {spark_submit.py:521} INFO - at io.netty.channel.AbstractChannelHandlerContext.invokeChannelRead(AbstractChannelHandlerContext.java:420)
[2025-08-14T07:18:05.944+0000] {spark_submit.py:521} INFO - at io.netty.channel.DefaultChannelPipeline.fireChannelRead(DefaultChannelPipeline.java:868)
[2025-08-14T07:18:05.944+0000] {spark_submit.py:521} INFO - at io.netty.channel.nio.AbstractNioByteChannel$NioByteUnsafe.read(AbstractNioByteChannel.java:166)
[2025-08-14T07:18:05.944+0000] {spark_submit.py:521} INFO - at io.netty.channel.nio.NioEventLoop.processSelectedKey(NioEventLoop.java:796)
[2025-08-14T07:18:05.944+0000] {spark_submit.py:521} INFO - at io.netty.channel.nio.NioEventLoop.processSelectedKeysOptimized(NioEventLoop.java:732)
[2025-08-14T07:18:05.945+0000] {spark_submit.py:521} INFO - at io.netty.channel.nio.NioEventLoop.processSelectedKeys(NioEventLoop.java:658)
[2025-08-14T07:18:05.945+0000] {spark_submit.py:521} INFO - at io.netty.channel.nio.NioEventLoop.run(NioEventLoop.java:562)
[2025-08-14T07:18:05.945+0000] {spark_submit.py:521} INFO - at io.netty.util.concurrent.SingleThreadEventExecutor$4.run(SingleThreadEventExecutor.java:998)
[2025-08-14T07:18:05.946+0000] {spark_submit.py:521} INFO - at io.netty.util.internal.ThreadExecutorMap$2.run(ThreadExecutorMap.java:74)
[2025-08-14T07:18:05.946+0000] {spark_submit.py:521} INFO - at io.netty.util.concurrent.FastThreadLocalRunnable.run(FastThreadLocalRunnable.java:30)
[2025-08-14T07:18:05.946+0000] {spark_submit.py:521} INFO - ... 1 more
[2025-08-14T07:18:24.490+0000] {spark_submit.py:521} INFO - 25/08/14 07:18:24 INFO StandaloneAppClient$ClientEndpoint: Connecting to master spark://spark-master:7077...
[2025-08-14T07:18:24.500+0000] {spark_submit.py:521} INFO - 25/08/14 07:18:24 WARN StandaloneAppClient$ClientEndpoint: Failed to connect to master spark-master:7077
[2025-08-14T07:18:24.501+0000] {spark_submit.py:521} INFO - org.apache.spark.SparkException: Exception thrown in awaitResult:
[2025-08-14T07:18:24.501+0000] {spark_submit.py:521} INFO - at org.apache.spark.util.SparkThreadUtils$.awaitResult(SparkThreadUtils.scala:53)
[2025-08-14T07:18:24.502+0000] {spark_submit.py:521} INFO - at org.apache.spark.util.ThreadUtils$.awaitResult(ThreadUtils.scala:342)
[2025-08-14T07:18:24.502+0000] {spark_submit.py:521} INFO - at org.apache.spark.rpc.RpcTimeout.awaitResult(RpcTimeout.scala:75)
[2025-08-14T07:18:24.502+0000] {spark_submit.py:521} INFO - at org.apache.spark.rpc.RpcEnv.setupEndpointRefByURI(RpcEnv.scala:102)
[2025-08-14T07:18:24.502+0000] {spark_submit.py:521} INFO - at org.apache.spark.rpc.RpcEnv.setupEndpointRef(RpcEnv.scala:110)
[2025-08-14T07:18:24.502+0000] {spark_submit.py:521} INFO - at org.apache.spark.deploy.client.StandaloneAppClient$ClientEndpoint$$anon$1.run(StandaloneAppClient.scala:110)
[2025-08-14T07:18:24.503+0000] {spark_submit.py:521} INFO - at java.base/java.util.concurrent.Executors$RunnableAdapter.call(Executors.java:539)
[2025-08-14T07:18:24.503+0000] {spark_submit.py:521} INFO - at java.base/java.util.concurrent.FutureTask.run(FutureTask.java:264)
[2025-08-14T07:18:24.503+0000] {spark_submit.py:521} INFO - at java.base/java.util.concurrent.ThreadPoolExecutor.runWorker(ThreadPoolExecutor.java:1136)
[2025-08-14T07:18:24.503+0000] {spark_submit.py:521} INFO - at java.base/java.util.concurrent.ThreadPoolExecutor$Worker.run(ThreadPoolExecutor.java:635)
[2025-08-14T07:18:24.504+0000] {spark_submit.py:521} INFO - at java.base/java.lang.Thread.run(Thread.java:840)
[2025-08-14T07:18:24.504+0000] {spark_submit.py:521} INFO - Caused by: java.lang.RuntimeException: java.io.InvalidClassException: org.apache.spark.rpc.netty.RpcEndpointVerifier$CheckExistence; local class incompatible: stream classdesc serialVersionUID = 5378738997755484868, local class serialVersionUID = 7789290765573734431
[2025-08-14T07:18:24.504+0000] {spark_submit.py:521} INFO - at java.base/java.io.ObjectStreamClass.initNonProxy(ObjectStreamClass.java:597)
[2025-08-14T07:18:24.505+0000] {spark_submit.py:521} INFO - at java.base/java.io.ObjectInputStream.readNonProxyDesc(ObjectInputStream.java:2051)
[2025-08-14T07:18:24.505+0000] {spark_submit.py:521} INFO - at java.base/java.io.ObjectInputStream.readClassDesc(ObjectInputStream.java:1898)
[2025-08-14T07:18:24.505+0000] {spark_submit.py:521} INFO - at java.base/java.io.ObjectInputStream.readOrdinaryObject(ObjectInputStream.java:2224)
[2025-08-14T07:18:24.505+0000] {spark_submit.py:521} INFO - at java.base/java.io.ObjectInputStream.readObject0(ObjectInputStream.java:1733)
[2025-08-14T07:18:24.506+0000] {spark_submit.py:521} INFO - at java.base/java.io.ObjectInputStream.readObject(ObjectInputStream.java:509)
[2025-08-14T07:18:24.506+0000] {spark_submit.py:521} INFO - at java.base/java.io.ObjectInputStream.readObject(ObjectInputStream.java:467)
[2025-08-14T07:18:24.506+0000] {spark_submit.py:521} INFO - at org.apache.spark.serializer.JavaDeserializationStream.readObject(JavaSerializer.scala:87)
[2025-08-14T07:18:24.506+0000] {spark_submit.py:521} INFO - at org.apache.spark.serializer.JavaSerializerInstance.deserialize(JavaSerializer.scala:123)
[2025-08-14T07:18:24.507+0000] {spark_submit.py:521} INFO - at org.apache.spark.rpc.netty.NettyRpcEnv.$anonfun$deserialize$2(NettyRpcEnv.scala:299)
[2025-08-14T07:18:24.507+0000] {spark_submit.py:521} INFO - at scala.util.DynamicVariable.withValue(DynamicVariable.scala:62)
[2025-08-14T07:18:24.507+0000] {spark_submit.py:521} INFO - at org.apache.spark.rpc.netty.NettyRpcEnv.deserialize(NettyRpcEnv.scala:352)
[2025-08-14T07:18:24.507+0000] {spark_submit.py:521} INFO - at org.apache.spark.rpc.netty.NettyRpcEnv.$anonfun$deserialize$1(NettyRpcEnv.scala:298)
[2025-08-14T07:18:24.508+0000] {spark_submit.py:521} INFO - at scala.util.DynamicVariable.withValue(DynamicVariable.scala:62)
[2025-08-14T07:18:24.508+0000] {spark_submit.py:521} INFO - at org.apache.spark.rpc.netty.NettyRpcEnv.deserialize(NettyRpcEnv.scala:298)
[2025-08-14T07:18:24.508+0000] {spark_submit.py:521} INFO - at org.apache.spark.rpc.netty.RequestMessage$.apply(NettyRpcEnv.scala:646)
[2025-08-14T07:18:24.508+0000] {spark_submit.py:521} INFO - at org.apache.spark.rpc.netty.NettyRpcHandler.internalReceive(NettyRpcEnv.scala:697)
[2025-08-14T07:18:24.509+0000] {spark_submit.py:521} INFO - at org.apache.spark.rpc.netty.NettyRpcHandler.receive(NettyRpcEnv.scala:682)
[2025-08-14T07:18:24.509+0000] {spark_submit.py:521} INFO - at org.apache.spark.network.server.TransportRequestHandler.processRpcRequest(TransportRequestHandler.java:163)
[2025-08-14T07:18:24.509+0000] {spark_submit.py:521} INFO - at org.apache.spark.network.server.TransportRequestHandler.handle(TransportRequestHandler.java:109)
[2025-08-14T07:18:24.509+0000] {spark_submit.py:521} INFO - at org.apache.spark.network.server.TransportChannelHandler.channelRead0(TransportChannelHandler.java:140)
[2025-08-14T07:18:24.510+0000] {spark_submit.py:521} INFO - at org.apache.spark.network.server.TransportChannelHandler.channelRead0(TransportChannelHandler.java:53)
[2025-08-14T07:18:24.510+0000] {spark_submit.py:521} INFO - at io.netty.channel.SimpleChannelInboundHandler.channelRead(SimpleChannelInboundHandler.java:99)
[2025-08-14T07:18:24.510+0000] {spark_submit.py:521} INFO - at io.netty.channel.AbstractChannelHandlerContext.invokeChannelRead(AbstractChannelHandlerContext.java:444)
[2025-08-14T07:18:24.510+0000] {spark_submit.py:521} INFO - at io.netty.channel.AbstractChannelHandlerContext.invokeChannelRead(AbstractChannelHandlerContext.java:420)
[2025-08-14T07:18:24.511+0000] {spark_submit.py:521} INFO - at io.netty.channel.AbstractChannelHandlerContext.fireChannelRead(AbstractChannelHandlerContext.java:412)
[2025-08-14T07:18:24.511+0000] {spark_submit.py:521} INFO - at io.netty.handler.timeout.IdleStateHandler.channelRead(IdleStateHandler.java:286)
[2025-08-14T07:18:24.511+0000] {spark_submit.py:521} INFO - at io.netty.channel.AbstractChannelHandlerContext.invokeChannelRead(AbstractChannelHandlerContext.java:442)
[2025-08-14T07:18:24.511+0000] {spark_submit.py:521} INFO - at io.netty.channel.AbstractChannelHandlerContext.invokeChannelRead(AbstractChannelHandlerContext.java:420)
[2025-08-14T07:18:24.511+0000] {spark_submit.py:521} INFO - at io.netty.channel.AbstractChannelHandlerContext.fireChannelRead(AbstractChannelHandlerContext.java:412)
[2025-08-14T07:18:24.512+0000] {spark_submit.py:521} INFO - at io.netty.handler.codec.MessageToMessageDecoder.channelRead(MessageToMessageDecoder.java:103)
[2025-08-14T07:18:24.512+0000] {spark_submit.py:521} INFO - at io.netty.channel.AbstractChannelHandlerContext.invokeChannelRead(AbstractChannelHandlerContext.java:444)
[2025-08-14T07:18:24.512+0000] {spark_submit.py:521} INFO - at io.netty.channel.AbstractChannelHandlerContext.invokeChannelRead(AbstractChannelHandlerContext.java:420)
[2025-08-14T07:18:24.512+0000] {spark_submit.py:521} INFO - at io.netty.channel.AbstractChannelHandlerContext.fireChannelRead(AbstractChannelHandlerContext.java:412)
[2025-08-14T07:18:24.513+0000] {spark_submit.py:521} INFO - at org.apache.spark.network.util.TransportFrameDecoder.channelRead(TransportFrameDecoder.java:102)
[2025-08-14T07:18:24.513+0000] {spark_submit.py:521} INFO - at io.netty.channel.AbstractChannelHandlerContext.invokeChannelRead(AbstractChannelHandlerContext.java:444)
[2025-08-14T07:18:24.513+0000] {spark_submit.py:521} INFO - at io.netty.channel.AbstractChannelHandlerContext.invokeChannelRead(AbstractChannelHandlerContext.java:420)
[2025-08-14T07:18:24.513+0000] {spark_submit.py:521} INFO - at io.netty.channel.AbstractChannelHandlerContext.fireChannelRead(AbstractChannelHandlerContext.java:412)
[2025-08-14T07:18:24.513+0000] {spark_submit.py:521} INFO - at io.netty.channel.DefaultChannelPipeline$HeadContext.channelRead(DefaultChannelPipeline.java:1410)
[2025-08-14T07:18:24.514+0000] {spark_submit.py:521} INFO - at io.netty.channel.AbstractChannelHandlerContext.invokeChannelRead(AbstractChannelHandlerContext.java:440)
[2025-08-14T07:18:24.514+0000] {spark_submit.py:521} INFO - at io.netty.channel.AbstractChannelHandlerContext.invokeChannelRead(AbstractChannelHandlerContext.java:420)
[2025-08-14T07:18:24.514+0000] {spark_submit.py:521} INFO - at io.netty.channel.DefaultChannelPipeline.fireChannelRead(DefaultChannelPipeline.java:919)
[2025-08-14T07:18:24.514+0000] {spark_submit.py:521} INFO - at io.netty.channel.nio.AbstractNioByteChannel$NioByteUnsafe.read(AbstractNioByteChannel.java:166)
[2025-08-14T07:18:24.515+0000] {spark_submit.py:521} INFO - at io.netty.channel.nio.NioEventLoop.processSelectedKey(NioEventLoop.java:788)
[2025-08-14T07:18:24.515+0000] {spark_submit.py:521} INFO - at io.netty.channel.nio.NioEventLoop.processSelectedKeysOptimized(NioEventLoop.java:724)
[2025-08-14T07:18:24.515+0000] {spark_submit.py:521} INFO - at io.netty.channel.nio.NioEventLoop.processSelectedKeys(NioEventLoop.java:650)
[2025-08-14T07:18:24.515+0000] {spark_submit.py:521} INFO - at io.netty.channel.nio.NioEventLoop.run(NioEventLoop.java:562)
[2025-08-14T07:18:24.516+0000] {spark_submit.py:521} INFO - at io.netty.util.concurrent.SingleThreadEventExecutor$4.run(SingleThreadEventExecutor.java:997)
[2025-08-14T07:18:24.516+0000] {spark_submit.py:521} INFO - at io.netty.util.internal.ThreadExecutorMap$2.run(ThreadExecutorMap.java:74)
[2025-08-14T07:18:24.516+0000] {spark_submit.py:521} INFO - at io.netty.util.concurrent.FastThreadLocalRunnable.run(FastThreadLocalRunnable.java:30)
[2025-08-14T07:18:24.516+0000] {spark_submit.py:521} INFO - at java.base/java.lang.Thread.run(Thread.java:840)
[2025-08-14T07:18:24.517+0000] {spark_submit.py:521} INFO - 
[2025-08-14T07:18:24.517+0000] {spark_submit.py:521} INFO - at org.apache.spark.network.client.TransportResponseHandler.handle(TransportResponseHandler.java:217)
[2025-08-14T07:18:24.517+0000] {spark_submit.py:521} INFO - at org.apache.spark.network.server.TransportChannelHandler.channelRead0(TransportChannelHandler.java:145)
[2025-08-14T07:18:24.517+0000] {spark_submit.py:521} INFO - at org.apache.spark.network.server.TransportChannelHandler.channelRead0(TransportChannelHandler.java:55)
[2025-08-14T07:18:24.517+0000] {spark_submit.py:521} INFO - at io.netty.channel.SimpleChannelInboundHandler.channelRead(SimpleChannelInboundHandler.java:99)
[2025-08-14T07:18:24.518+0000] {spark_submit.py:521} INFO - at io.netty.channel.AbstractChannelHandlerContext.invokeChannelRead(AbstractChannelHandlerContext.java:444)
[2025-08-14T07:18:24.518+0000] {spark_submit.py:521} INFO - at io.netty.channel.AbstractChannelHandlerContext.invokeChannelRead(AbstractChannelHandlerContext.java:420)
[2025-08-14T07:18:24.519+0000] {spark_submit.py:521} INFO - at io.netty.channel.AbstractChannelHandlerContext.fireChannelRead(AbstractChannelHandlerContext.java:412)
[2025-08-14T07:18:24.519+0000] {spark_submit.py:521} INFO - at io.netty.handler.timeout.IdleStateHandler.channelRead(IdleStateHandler.java:289)
[2025-08-14T07:18:24.519+0000] {spark_submit.py:521} INFO - at io.netty.channel.AbstractChannelHandlerContext.invokeChannelRead(AbstractChannelHandlerContext.java:442)
[2025-08-14T07:18:24.519+0000] {spark_submit.py:521} INFO - at io.netty.channel.AbstractChannelHandlerContext.invokeChannelRead(AbstractChannelHandlerContext.java:420)
[2025-08-14T07:18:24.520+0000] {spark_submit.py:521} INFO - at io.netty.channel.AbstractChannelHandlerContext.fireChannelRead(AbstractChannelHandlerContext.java:412)
[2025-08-14T07:18:24.520+0000] {spark_submit.py:521} INFO - at io.netty.handler.codec.MessageToMessageDecoder.channelRead(MessageToMessageDecoder.java:107)
[2025-08-14T07:18:24.520+0000] {spark_submit.py:521} INFO - at io.netty.channel.AbstractChannelHandlerContext.invokeChannelRead(AbstractChannelHandlerContext.java:444)
[2025-08-14T07:18:24.520+0000] {spark_submit.py:521} INFO - at io.netty.channel.AbstractChannelHandlerContext.invokeChannelRead(AbstractChannelHandlerContext.java:420)
[2025-08-14T07:18:24.521+0000] {spark_submit.py:521} INFO - at io.netty.channel.AbstractChannelHandlerContext.fireChannelRead(AbstractChannelHandlerContext.java:412)
[2025-08-14T07:18:24.521+0000] {spark_submit.py:521} INFO - at org.apache.spark.network.util.TransportFrameDecoder.channelRead(TransportFrameDecoder.java:102)
[2025-08-14T07:18:24.521+0000] {spark_submit.py:521} INFO - at io.netty.channel.AbstractChannelHandlerContext.invokeChannelRead(AbstractChannelHandlerContext.java:444)
[2025-08-14T07:18:24.521+0000] {spark_submit.py:521} INFO - at io.netty.channel.AbstractChannelHandlerContext.invokeChannelRead(AbstractChannelHandlerContext.java:420)
[2025-08-14T07:18:24.522+0000] {spark_submit.py:521} INFO - at io.netty.channel.AbstractChannelHandlerContext.fireChannelRead(AbstractChannelHandlerContext.java:412)
[2025-08-14T07:18:24.522+0000] {spark_submit.py:521} INFO - at io.netty.channel.DefaultChannelPipeline$HeadContext.channelRead(DefaultChannelPipeline.java:1357)
[2025-08-14T07:18:24.522+0000] {spark_submit.py:521} INFO - at io.netty.channel.AbstractChannelHandlerContext.invokeChannelRead(AbstractChannelHandlerContext.java:440)
[2025-08-14T07:18:24.522+0000] {spark_submit.py:521} INFO - at io.netty.channel.AbstractChannelHandlerContext.invokeChannelRead(AbstractChannelHandlerContext.java:420)
[2025-08-14T07:18:24.522+0000] {spark_submit.py:521} INFO - at io.netty.channel.DefaultChannelPipeline.fireChannelRead(DefaultChannelPipeline.java:868)
[2025-08-14T07:18:24.522+0000] {spark_submit.py:521} INFO - at io.netty.channel.nio.AbstractNioByteChannel$NioByteUnsafe.read(AbstractNioByteChannel.java:166)
[2025-08-14T07:18:24.523+0000] {spark_submit.py:521} INFO - at io.netty.channel.nio.NioEventLoop.processSelectedKey(NioEventLoop.java:796)
[2025-08-14T07:18:24.523+0000] {spark_submit.py:521} INFO - at io.netty.channel.nio.NioEventLoop.processSelectedKeysOptimized(NioEventLoop.java:732)
[2025-08-14T07:18:24.523+0000] {spark_submit.py:521} INFO - at io.netty.channel.nio.NioEventLoop.processSelectedKeys(NioEventLoop.java:658)
[2025-08-14T07:18:24.523+0000] {spark_submit.py:521} INFO - at io.netty.channel.nio.NioEventLoop.run(NioEventLoop.java:562)
[2025-08-14T07:18:24.523+0000] {spark_submit.py:521} INFO - at io.netty.util.concurrent.SingleThreadEventExecutor$4.run(SingleThreadEventExecutor.java:998)
[2025-08-14T07:18:24.523+0000] {spark_submit.py:521} INFO - at io.netty.util.internal.ThreadExecutorMap$2.run(ThreadExecutorMap.java:74)
[2025-08-14T07:18:24.524+0000] {spark_submit.py:521} INFO - at io.netty.util.concurrent.FastThreadLocalRunnable.run(FastThreadLocalRunnable.java:30)
[2025-08-14T07:18:24.524+0000] {spark_submit.py:521} INFO - ... 1 more
[2025-08-14T07:18:44.491+0000] {spark_submit.py:521} INFO - 25/08/14 07:18:44 WARN StandaloneSchedulerBackend: Application ID is not initialized yet.
[2025-08-14T07:18:44.493+0000] {spark_submit.py:521} INFO - 25/08/14 07:18:44 ERROR StandaloneSchedulerBackend: Application has been killed. Reason: All masters are unresponsive! Giving up.
[2025-08-14T07:18:44.507+0000] {spark_submit.py:521} INFO - 25/08/14 07:18:44 INFO Utils: Successfully started service 'org.apache.spark.network.netty.NettyBlockTransferService' on port 35689.
[2025-08-14T07:18:44.508+0000] {spark_submit.py:521} INFO - 25/08/14 07:18:44 INFO NettyBlockTransferService: Server created on ddcaa82da13c:35689
[2025-08-14T07:18:44.522+0000] {spark_submit.py:521} INFO - 25/08/14 07:18:44 INFO BlockManager: Using org.apache.spark.storage.RandomBlockReplicationPolicy for block replication policy
[2025-08-14T07:18:44.542+0000] {spark_submit.py:521} INFO - 25/08/14 07:18:44 INFO BlockManagerMaster: Registering BlockManager BlockManagerId(driver, ddcaa82da13c, 35689, None)
[2025-08-14T07:18:44.554+0000] {spark_submit.py:521} INFO - 25/08/14 07:18:44 INFO BlockManagerMasterEndpoint: Registering block manager ddcaa82da13c:35689 with 434.4 MiB RAM, BlockManagerId(driver, ddcaa82da13c, 35689, None)
[2025-08-14T07:18:44.558+0000] {spark_submit.py:521} INFO - 25/08/14 07:18:44 INFO BlockManagerMaster: Registered BlockManager BlockManagerId(driver, ddcaa82da13c, 35689, None)
[2025-08-14T07:18:44.559+0000] {spark_submit.py:521} INFO - 25/08/14 07:18:44 INFO BlockManager: Initialized BlockManager: BlockManagerId(driver, ddcaa82da13c, 35689, None)
[2025-08-14T07:18:44.688+0000] {spark_submit.py:521} INFO - 25/08/14 07:18:44 INFO StandaloneSchedulerBackend: SchedulerBackend is ready for scheduling beginning after reached minRegisteredResourcesRatio: 0.0
[2025-08-14T07:18:45.059+0000] {spark_submit.py:521} INFO - 25/08/14 07:18:45 INFO SparkContext: SparkContext is stopping with exitCode 0 from run at <unknown>:0.
[2025-08-14T07:18:45.085+0000] {spark_submit.py:521} INFO - 25/08/14 07:18:45 INFO SparkUI: Stopped Spark web UI at http://ddcaa82da13c:4040
[2025-08-14T07:18:45.101+0000] {spark_submit.py:521} INFO - 25/08/14 07:18:45 INFO StandaloneSchedulerBackend: Shutting down all executors
[2025-08-14T07:18:45.112+0000] {spark_submit.py:521} INFO - 25/08/14 07:18:45 INFO StandaloneSchedulerBackend$StandaloneDriverEndpoint: Asking each executor to shut down
[2025-08-14T07:18:45.122+0000] {spark_submit.py:521} INFO - 25/08/14 07:18:45 WARN StandaloneAppClient$ClientEndpoint: Drop UnregisterApplication(null) because has not yet connected to master
[2025-08-14T07:18:45.137+0000] {spark_submit.py:521} INFO - 25/08/14 07:18:45 INFO MapOutputTrackerMasterEndpoint: MapOutputTrackerMasterEndpoint stopped!
[2025-08-14T07:18:45.192+0000] {spark_submit.py:521} INFO - 25/08/14 07:18:45 INFO MemoryStore: MemoryStore started with capacity 434.4 MiB
[2025-08-14T07:18:45.193+0000] {spark_submit.py:521} INFO - 25/08/14 07:18:45 INFO MemoryStore: MemoryStore cleared
[2025-08-14T07:18:45.194+0000] {spark_submit.py:521} INFO - 25/08/14 07:18:45 INFO BlockManager: BlockManager stopped
[2025-08-14T07:18:45.210+0000] {spark_submit.py:521} INFO - 25/08/14 07:18:45 INFO BlockManagerMaster: BlockManagerMaster stopped
[2025-08-14T07:18:45.218+0000] {spark_submit.py:521} INFO - 25/08/14 07:18:45 INFO OutputCommitCoordinator$OutputCommitCoordinatorEndpoint: OutputCommitCoordinator stopped!
[2025-08-14T07:18:45.243+0000] {spark_submit.py:521} INFO - 25/08/14 07:18:45 INFO SparkContext: Successfully stopped SparkContext
[2025-08-14T07:18:47.529+0000] {spark_submit.py:521} INFO - Traceback (most recent call last):
[2025-08-14T07:18:47.530+0000] {spark_submit.py:521} INFO - File "/opt/spark-jobs/transform/gold_transfrom.py", line 15, in <module>
[2025-08-14T07:18:47.531+0000] {spark_submit.py:521} INFO - .getOrCreate()
[2025-08-14T07:18:47.532+0000] {spark_submit.py:521} INFO - ^^^^^^^^^^^^^
[2025-08-14T07:18:47.532+0000] {spark_submit.py:521} INFO - File "/home/***/.local/lib/python3.11/site-packages/pyspark/python/lib/pyspark.zip/pyspark/sql/session.py", line 559, in getOrCreate
[2025-08-14T07:18:47.534+0000] {spark_submit.py:521} INFO - File "/home/***/.local/lib/python3.11/site-packages/pyspark/python/lib/pyspark.zip/pyspark/sql/session.py", line 641, in __init__
[2025-08-14T07:18:47.534+0000] {spark_submit.py:521} INFO - File "/home/***/.local/lib/python3.11/site-packages/pyspark/python/lib/py4j-0.10.9.9-src.zip/py4j/java_gateway.py", line 1627, in __call__
[2025-08-14T07:18:47.534+0000] {spark_submit.py:521} INFO - File "/home/***/.local/lib/python3.11/site-packages/pyspark/python/lib/py4j-0.10.9.9-src.zip/py4j/protocol.py", line 327, in get_return_value
[2025-08-14T07:18:47.535+0000] {spark_submit.py:521} INFO - py4j.protocol.Py4JJavaError: An error occurred while calling None.org.apache.spark.sql.classic.SparkSession.
[2025-08-14T07:18:47.535+0000] {spark_submit.py:521} INFO - : java.lang.IllegalStateException: Cannot call methods on a stopped SparkContext.
[2025-08-14T07:18:47.535+0000] {spark_submit.py:521} INFO - This stopped SparkContext was created at:
[2025-08-14T07:18:47.536+0000] {spark_submit.py:521} INFO - 
[2025-08-14T07:18:47.536+0000] {spark_submit.py:521} INFO - org.apache.spark.api.java.JavaSparkContext.<init>(JavaSparkContext.scala:59)
[2025-08-14T07:18:47.536+0000] {spark_submit.py:521} INFO - java.base/jdk.internal.reflect.NativeConstructorAccessorImpl.newInstance0(Native Method)
[2025-08-14T07:18:47.536+0000] {spark_submit.py:521} INFO - java.base/jdk.internal.reflect.NativeConstructorAccessorImpl.newInstance(NativeConstructorAccessorImpl.java:77)
[2025-08-14T07:18:47.537+0000] {spark_submit.py:521} INFO - java.base/jdk.internal.reflect.DelegatingConstructorAccessorImpl.newInstance(DelegatingConstructorAccessorImpl.java:45)
[2025-08-14T07:18:47.537+0000] {spark_submit.py:521} INFO - java.base/java.lang.reflect.Constructor.newInstanceWithCaller(Constructor.java:500)
[2025-08-14T07:18:47.537+0000] {spark_submit.py:521} INFO - java.base/java.lang.reflect.Constructor.newInstance(Constructor.java:481)
[2025-08-14T07:18:47.537+0000] {spark_submit.py:521} INFO - py4j.reflection.MethodInvoker.invoke(MethodInvoker.java:247)
[2025-08-14T07:18:47.537+0000] {spark_submit.py:521} INFO - py4j.reflection.ReflectionEngine.invoke(ReflectionEngine.java:374)
[2025-08-14T07:18:47.538+0000] {spark_submit.py:521} INFO - py4j.Gateway.invoke(Gateway.java:238)
[2025-08-14T07:18:47.538+0000] {spark_submit.py:521} INFO - py4j.commands.ConstructorCommand.invokeConstructor(ConstructorCommand.java:80)
[2025-08-14T07:18:47.538+0000] {spark_submit.py:521} INFO - py4j.commands.ConstructorCommand.execute(ConstructorCommand.java:69)
[2025-08-14T07:18:47.538+0000] {spark_submit.py:521} INFO - py4j.ClientServerConnection.waitForCommands(ClientServerConnection.java:184)
[2025-08-14T07:18:47.539+0000] {spark_submit.py:521} INFO - py4j.ClientServerConnection.run(ClientServerConnection.java:108)
[2025-08-14T07:18:47.539+0000] {spark_submit.py:521} INFO - java.base/java.lang.Thread.run(Thread.java:840)
[2025-08-14T07:18:47.539+0000] {spark_submit.py:521} INFO - 
[2025-08-14T07:18:47.540+0000] {spark_submit.py:521} INFO - And it was stopped at:
[2025-08-14T07:18:47.540+0000] {spark_submit.py:521} INFO - 
[2025-08-14T07:18:47.540+0000] {spark_submit.py:521} INFO - org.apache.spark.SparkContext$$anon$3.run(SparkContext.scala:2284)
[2025-08-14T07:18:47.541+0000] {spark_submit.py:521} INFO - 
[2025-08-14T07:18:47.541+0000] {spark_submit.py:521} INFO - The currently active SparkContext was created at:
[2025-08-14T07:18:47.541+0000] {spark_submit.py:521} INFO - 
[2025-08-14T07:18:47.541+0000] {spark_submit.py:521} INFO - (No active SparkContext.)
[2025-08-14T07:18:47.542+0000] {spark_submit.py:521} INFO - 
[2025-08-14T07:18:47.542+0000] {spark_submit.py:521} INFO - at org.apache.spark.SparkContext.assertNotStopped(SparkContext.scala:128)
[2025-08-14T07:18:47.542+0000] {spark_submit.py:521} INFO - at org.apache.spark.sql.classic.SparkSession.<init>(SparkSession.scala:124)
[2025-08-14T07:18:47.542+0000] {spark_submit.py:521} INFO - at org.apache.spark.sql.classic.SparkSession.<init>(SparkSession.scala:117)
[2025-08-14T07:18:47.543+0000] {spark_submit.py:521} INFO - at java.base/jdk.internal.reflect.NativeConstructorAccessorImpl.newInstance0(Native Method)
[2025-08-14T07:18:47.543+0000] {spark_submit.py:521} INFO - at java.base/jdk.internal.reflect.NativeConstructorAccessorImpl.newInstance(NativeConstructorAccessorImpl.java:77)
[2025-08-14T07:18:47.543+0000] {spark_submit.py:521} INFO - at java.base/jdk.internal.reflect.DelegatingConstructorAccessorImpl.newInstance(DelegatingConstructorAccessorImpl.java:45)
[2025-08-14T07:18:47.543+0000] {spark_submit.py:521} INFO - at java.base/java.lang.reflect.Constructor.newInstanceWithCaller(Constructor.java:500)
[2025-08-14T07:18:47.543+0000] {spark_submit.py:521} INFO - at java.base/java.lang.reflect.Constructor.newInstance(Constructor.java:481)
[2025-08-14T07:18:47.544+0000] {spark_submit.py:521} INFO - at py4j.reflection.MethodInvoker.invoke(MethodInvoker.java:247)
[2025-08-14T07:18:47.544+0000] {spark_submit.py:521} INFO - at py4j.reflection.ReflectionEngine.invoke(ReflectionEngine.java:374)
[2025-08-14T07:18:47.544+0000] {spark_submit.py:521} INFO - at py4j.Gateway.invoke(Gateway.java:238)
[2025-08-14T07:18:47.544+0000] {spark_submit.py:521} INFO - at py4j.commands.ConstructorCommand.invokeConstructor(ConstructorCommand.java:80)
[2025-08-14T07:18:47.544+0000] {spark_submit.py:521} INFO - at py4j.commands.ConstructorCommand.execute(ConstructorCommand.java:69)
[2025-08-14T07:18:47.545+0000] {spark_submit.py:521} INFO - at py4j.ClientServerConnection.waitForCommands(ClientServerConnection.java:184)
[2025-08-14T07:18:47.545+0000] {spark_submit.py:521} INFO - at py4j.ClientServerConnection.run(ClientServerConnection.java:108)
[2025-08-14T07:18:47.545+0000] {spark_submit.py:521} INFO - at java.base/java.lang.Thread.run(Thread.java:840)
[2025-08-14T07:18:47.546+0000] {spark_submit.py:521} INFO - 
[2025-08-14T07:18:47.771+0000] {spark_submit.py:521} INFO - 25/08/14 07:18:47 INFO ShutdownHookManager: Shutdown hook called
[2025-08-14T07:18:47.772+0000] {spark_submit.py:521} INFO - 25/08/14 07:18:47 INFO ShutdownHookManager: Deleting directory /tmp/spark-8eab9530-ef9e-45b9-b163-1f2aefcd85d4/pyspark-2b4715b3-99a0-485a-9917-e8b17afffe6c
[2025-08-14T07:18:47.776+0000] {spark_submit.py:521} INFO - 25/08/14 07:18:47 INFO ShutdownHookManager: Deleting directory /tmp/spark-8eab9530-ef9e-45b9-b163-1f2aefcd85d4
[2025-08-14T07:18:47.783+0000] {spark_submit.py:521} INFO - 25/08/14 07:18:47 INFO ShutdownHookManager: Deleting directory /tmp/spark-159b1338-4259-46ab-a66d-04d4e20f16f0
[2025-08-14T07:18:47.829+0000] {taskinstance.py:441} INFO - ::group::Post task execution logs
[2025-08-14T07:18:47.878+0000] {taskinstance.py:2905} ERROR - Task failed with exception
Traceback (most recent call last):
  File "/home/airflow/.local/lib/python3.11/site-packages/airflow/models/taskinstance.py", line 465, in _execute_task
    result = _execute_callable(context=context, **execute_callable_kwargs)
             ^^^^^^^^^^^^^^^^^^^^^^^^^^^^^^^^^^^^^^^^^^^^^^^^^^^^^^^^^^^^^
  File "/home/airflow/.local/lib/python3.11/site-packages/airflow/models/taskinstance.py", line 432, in _execute_callable
    return execute_callable(context=context, **execute_callable_kwargs)
           ^^^^^^^^^^^^^^^^^^^^^^^^^^^^^^^^^^^^^^^^^^^^^^^^^^^^^^^^^^^^
  File "/home/airflow/.local/lib/python3.11/site-packages/airflow/models/baseoperator.py", line 400, in wrapper
    return func(self, *args, **kwargs)
           ^^^^^^^^^^^^^^^^^^^^^^^^^^^
  File "/home/airflow/.local/lib/python3.11/site-packages/airflow/providers/apache/spark/operators/spark_submit.py", line 156, in execute
    self._hook.submit(self._application)
  File "/home/airflow/.local/lib/python3.11/site-packages/airflow/providers/apache/spark/hooks/spark_submit.py", line 452, in submit
    raise AirflowException(
airflow.exceptions.AirflowException: Cannot execute: spark-submit --master spark://spark-master:7077 --conf spark.master=spark://spark-master:7077 --conf spark.driver.extraClassPath=/opt/custom-jars/* --conf spark.executor.extraClassPath=/opt/custom-jars/* --conf spark.hadoop.fs.gs.impl=com.google.cloud.hadoop.fs.gcs.GoogleHadoopFileSystem --conf spark.hadoop.fs.AbstractFileSystem.gs.impl=com.google.cloud.hadoop.fs.gcs.GoogleHadoopFS --conf spark.hadoop.google.cloud.auth.service.account.enable=true --conf spark.hadoop.google.cloud.auth.service.account.json.keyfile=/opt/***/gcp-key.json --jars /opt/custom-jars/spark-bigquery-with-dependencies_2.13-0.30.0.jar,/opt/custom-jars/javax.inject-1.jar --name arrow-spark --verbose /opt/spark-jobs/transform/gold_transfrom.py. Error code is: 1.
[2025-08-14T07:18:47.900+0000] {taskinstance.py:1206} INFO - Marking task as FAILED. dag_id=spark_transform_pipeline, task_id=silver_topcv_transform, run_id=manual__2025-08-14T07:17:29.319519+00:00, execution_date=20250814T071729, start_date=20250814T071732, end_date=20250814T071847
[2025-08-14T07:18:47.938+0000] {standard_task_runner.py:110} ERROR - Failed to execute job 164 for task silver_topcv_transform (Cannot execute: spark-submit --master spark://spark-master:7077 --conf spark.master=spark://spark-master:7077 --conf spark.driver.extraClassPath=/opt/custom-jars/* --conf spark.executor.extraClassPath=/opt/custom-jars/* --conf spark.hadoop.fs.gs.impl=com.google.cloud.hadoop.fs.gcs.GoogleHadoopFileSystem --conf spark.hadoop.fs.AbstractFileSystem.gs.impl=com.google.cloud.hadoop.fs.gcs.GoogleHadoopFS --conf spark.hadoop.google.cloud.auth.service.account.enable=true --conf spark.hadoop.google.cloud.auth.service.account.json.keyfile=/opt/***/gcp-key.json --jars /opt/custom-jars/spark-bigquery-with-dependencies_2.13-0.30.0.jar,/opt/custom-jars/javax.inject-1.jar --name arrow-spark --verbose /opt/spark-jobs/transform/gold_transfrom.py. Error code is: 1.; 2148)
[2025-08-14T07:18:47.967+0000] {local_task_job_runner.py:240} INFO - Task exited with return code 1
[2025-08-14T07:18:48.008+0000] {taskinstance.py:3498} INFO - 0 downstream tasks scheduled from follow-on schedule check
[2025-08-14T07:18:48.011+0000] {local_task_job_runner.py:222} INFO - ::endgroup::
