[2025-08-12T16:08:14.462+0000] {local_task_job_runner.py:120} INFO - ::group::Pre task execution logs
[2025-08-12T16:08:14.537+0000] {taskinstance.py:2076} INFO - Dependencies all met for dep_context=non-requeueable deps ti=<TaskInstance: spark_transform_pipeline.silver_topcv_transform manual__2025-08-12T16:08:07.384859+00:00 [queued]>
[2025-08-12T16:08:14.561+0000] {taskinstance.py:2076} INFO - Dependencies all met for dep_context=requeueable deps ti=<TaskInstance: spark_transform_pipeline.silver_topcv_transform manual__2025-08-12T16:08:07.384859+00:00 [queued]>
[2025-08-12T16:08:14.565+0000] {taskinstance.py:2306} INFO - Starting attempt 1 of 1
[2025-08-12T16:08:14.601+0000] {taskinstance.py:2330} INFO - Executing <Task(SparkSubmitOperator): silver_topcv_transform> on 2025-08-12 16:08:07.384859+00:00
[2025-08-12T16:08:14.634+0000] {standard_task_runner.py:63} INFO - Started process 4934 to run task
[2025-08-12T16:08:14.645+0000] {standard_task_runner.py:90} INFO - Running: ['***', 'tasks', 'run', 'spark_transform_pipeline', 'silver_topcv_transform', 'manual__2025-08-12T16:08:07.384859+00:00', '--job-id', '69', '--raw', '--subdir', 'DAGS_FOLDER/etl_jobs_dag.py', '--cfg-path', '/tmp/tmpimpwxrsu']
[2025-08-12T16:08:14.652+0000] {standard_task_runner.py:91} INFO - Job 69: Subtask silver_topcv_transform
[2025-08-12T16:08:14.779+0000] {task_command.py:426} INFO - Running <TaskInstance: spark_transform_pipeline.silver_topcv_transform manual__2025-08-12T16:08:07.384859+00:00 [running]> on host 689c6879ed29
[2025-08-12T16:08:14.906+0000] {taskinstance.py:2648} INFO - Exporting env vars: AIRFLOW_CTX_DAG_OWNER='***' AIRFLOW_CTX_DAG_ID='spark_transform_pipeline' AIRFLOW_CTX_TASK_ID='silver_topcv_transform' AIRFLOW_CTX_EXECUTION_DATE='2025-08-12T16:08:07.384859+00:00' AIRFLOW_CTX_TRY_NUMBER='1' AIRFLOW_CTX_DAG_RUN_ID='manual__2025-08-12T16:08:07.384859+00:00'
[2025-08-12T16:08:14.908+0000] {taskinstance.py:430} INFO - ::endgroup::
[2025-08-12T16:08:14.955+0000] {base.py:84} INFO - Using connection ID 'spark_default' for task execution.
[2025-08-12T16:08:14.958+0000] {spark_submit.py:351} INFO - Spark-Submit cmd: spark-submit --master spark://spark-master:7077 --conf spark.master=spark://spark-master:7077 --conf spark.driver.extraClassPath=/opt/custom-jars/* --conf spark.executor.extraClassPath=/opt/custom-jars/* --conf spark.hadoop.fs.gs.impl=com.google.cloud.hadoop.fs.gcs.GoogleHadoopFileSystem --conf spark.hadoop.fs.AbstractFileSystem.gs.impl=com.google.cloud.hadoop.fs.gcs.GoogleHadoopFS --conf spark.hadoop.google.cloud.auth.service.account.enable=true --conf spark.hadoop.google.cloud.auth.service.account.json.keyfile=/opt/***/gcp-key.json --jars /opt/custom-jars/gcs-connector-hadoop3-2.2.14-shaded.jar --name arrow-spark --verbose /opt/spark-jobs/silver_topcv_transform.py
[2025-08-12T16:08:16.414+0000] {spark_submit.py:521} INFO - WARNING: Using incubator modules: jdk.incubator.vector
[2025-08-12T16:08:19.565+0000] {spark_submit.py:521} INFO - Parsed arguments:
[2025-08-12T16:08:19.567+0000] {spark_submit.py:521} INFO - master                  spark://spark-master:7077
[2025-08-12T16:08:19.567+0000] {spark_submit.py:521} INFO - remote                  null
[2025-08-12T16:08:19.567+0000] {spark_submit.py:521} INFO - deployMode              null
[2025-08-12T16:08:19.568+0000] {spark_submit.py:521} INFO - executorMemory          null
[2025-08-12T16:08:19.568+0000] {spark_submit.py:521} INFO - executorCores           null
[2025-08-12T16:08:19.569+0000] {spark_submit.py:521} INFO - totalExecutorCores      null
[2025-08-12T16:08:19.569+0000] {spark_submit.py:521} INFO - propertiesFile          null
[2025-08-12T16:08:19.569+0000] {spark_submit.py:521} INFO - driverMemory            null
[2025-08-12T16:08:19.570+0000] {spark_submit.py:521} INFO - driverCores             null
[2025-08-12T16:08:19.570+0000] {spark_submit.py:521} INFO - driverExtraClassPath    /opt/custom-jars/*
[2025-08-12T16:08:19.570+0000] {spark_submit.py:521} INFO - driverExtraLibraryPath  null
[2025-08-12T16:08:19.570+0000] {spark_submit.py:521} INFO - driverExtraJavaOptions  null
[2025-08-12T16:08:19.571+0000] {spark_submit.py:521} INFO - supervise               false
[2025-08-12T16:08:19.571+0000] {spark_submit.py:521} INFO - queue                   null
[2025-08-12T16:08:19.572+0000] {spark_submit.py:521} INFO - numExecutors            null
[2025-08-12T16:08:19.572+0000] {spark_submit.py:521} INFO - files                   null
[2025-08-12T16:08:19.572+0000] {spark_submit.py:521} INFO - pyFiles                 null
[2025-08-12T16:08:19.573+0000] {spark_submit.py:521} INFO - archives                null
[2025-08-12T16:08:19.573+0000] {spark_submit.py:521} INFO - mainClass               null
[2025-08-12T16:08:19.574+0000] {spark_submit.py:521} INFO - primaryResource         file:/opt/spark-jobs/silver_topcv_transform.py
[2025-08-12T16:08:19.575+0000] {spark_submit.py:521} INFO - name                    arrow-spark
[2025-08-12T16:08:19.575+0000] {spark_submit.py:521} INFO - childArgs               []
[2025-08-12T16:08:19.575+0000] {spark_submit.py:521} INFO - jars                    file:/opt/custom-jars/gcs-connector-hadoop3-2.2.14-shaded.jar
[2025-08-12T16:08:19.576+0000] {spark_submit.py:521} INFO - packages                null
[2025-08-12T16:08:19.576+0000] {spark_submit.py:521} INFO - packagesExclusions      null
[2025-08-12T16:08:19.576+0000] {spark_submit.py:521} INFO - repositories            null
[2025-08-12T16:08:19.577+0000] {spark_submit.py:521} INFO - verbose                 true
[2025-08-12T16:08:19.577+0000] {spark_submit.py:521} INFO - 
[2025-08-12T16:08:19.578+0000] {spark_submit.py:521} INFO - Spark properties used, including those specified through
[2025-08-12T16:08:19.578+0000] {spark_submit.py:521} INFO - --conf and those from the properties file null:
[2025-08-12T16:08:19.578+0000] {spark_submit.py:521} INFO - (spark.driver.extraClassPath,/opt/custom-jars/*)
[2025-08-12T16:08:19.579+0000] {spark_submit.py:521} INFO - (spark.executor.extraClassPath,/opt/custom-jars/*)
[2025-08-12T16:08:19.579+0000] {spark_submit.py:521} INFO - (spark.hadoop.fs.AbstractFileSystem.gs.impl,com.google.cloud.hadoop.fs.gcs.GoogleHadoopFS)
[2025-08-12T16:08:19.579+0000] {spark_submit.py:521} INFO - (spark.hadoop.fs.gs.impl,com.google.cloud.hadoop.fs.gcs.GoogleHadoopFileSystem)
[2025-08-12T16:08:19.579+0000] {spark_submit.py:521} INFO - (spark.hadoop.google.cloud.auth.service.account.enable,true)
[2025-08-12T16:08:19.580+0000] {spark_submit.py:521} INFO - (spark.hadoop.google.cloud.auth.service.account.json.keyfile,/opt/***/gcp-key.json)
[2025-08-12T16:08:19.580+0000] {spark_submit.py:521} INFO - (spark.master,spark://spark-master:7077)
[2025-08-12T16:08:19.580+0000] {spark_submit.py:521} INFO - 
[2025-08-12T16:08:19.581+0000] {spark_submit.py:521} INFO - 
[2025-08-12T16:08:20.133+0000] {spark_submit.py:521} INFO - 25/08/12 16:08:20 WARN NativeCodeLoader: Unable to load native-hadoop library for your platform... using builtin-java classes where applicable
[2025-08-12T16:08:20.902+0000] {spark_submit.py:521} INFO - Main class:
[2025-08-12T16:08:20.903+0000] {spark_submit.py:521} INFO - org.apache.spark.deploy.PythonRunner
[2025-08-12T16:08:20.904+0000] {spark_submit.py:521} INFO - Arguments:
[2025-08-12T16:08:20.904+0000] {spark_submit.py:521} INFO - file:/opt/spark-jobs/silver_topcv_transform.py
[2025-08-12T16:08:20.905+0000] {spark_submit.py:521} INFO - null
[2025-08-12T16:08:20.906+0000] {spark_submit.py:521} INFO - Spark config:
[2025-08-12T16:08:20.906+0000] {spark_submit.py:521} INFO - (spark.app.name,arrow-spark)
[2025-08-12T16:08:20.907+0000] {spark_submit.py:521} INFO - (spark.app.submitTime,1755014900877)
[2025-08-12T16:08:20.907+0000] {spark_submit.py:521} INFO - (spark.driver.extraClassPath,/opt/custom-jars/*)
[2025-08-12T16:08:20.907+0000] {spark_submit.py:521} INFO - (spark.executor.extraClassPath,/opt/custom-jars/*)
[2025-08-12T16:08:20.908+0000] {spark_submit.py:521} INFO - (spark.hadoop.fs.AbstractFileSystem.gs.impl,com.google.cloud.hadoop.fs.gcs.GoogleHadoopFS)
[2025-08-12T16:08:20.908+0000] {spark_submit.py:521} INFO - (spark.hadoop.fs.gs.impl,com.google.cloud.hadoop.fs.gcs.GoogleHadoopFileSystem)
[2025-08-12T16:08:20.909+0000] {spark_submit.py:521} INFO - (spark.hadoop.google.cloud.auth.service.account.enable,true)
[2025-08-12T16:08:20.909+0000] {spark_submit.py:521} INFO - (spark.hadoop.google.cloud.auth.service.account.json.keyfile,/opt/***/gcp-key.json)
[2025-08-12T16:08:20.909+0000] {spark_submit.py:521} INFO - (spark.jars,file:///opt/custom-jars/gcs-connector-hadoop3-2.2.14-shaded.jar)
[2025-08-12T16:08:20.910+0000] {spark_submit.py:521} INFO - (spark.master,spark://spark-master:7077)
[2025-08-12T16:08:20.910+0000] {spark_submit.py:521} INFO - (spark.repl.local.jars,file:///opt/custom-jars/gcs-connector-hadoop3-2.2.14-shaded.jar)
[2025-08-12T16:08:20.911+0000] {spark_submit.py:521} INFO - (spark.submit.deployMode,client)
[2025-08-12T16:08:20.911+0000] {spark_submit.py:521} INFO - (spark.submit.pyFiles,)
[2025-08-12T16:08:20.911+0000] {spark_submit.py:521} INFO - Classpath elements:
[2025-08-12T16:08:20.911+0000] {spark_submit.py:521} INFO - file:///opt/custom-jars/gcs-connector-hadoop3-2.2.14-shaded.jar
[2025-08-12T16:08:20.912+0000] {spark_submit.py:521} INFO - 
[2025-08-12T16:08:20.913+0000] {spark_submit.py:521} INFO - 
[2025-08-12T16:08:22.441+0000] {spark_submit.py:521} INFO - Using Spark's default log4j profile: org/apache/spark/log4j2-defaults.properties
[2025-08-12T16:08:22.448+0000] {spark_submit.py:521} INFO - 25/08/12 16:08:22 INFO SparkContext: Running Spark version 4.0.0
[2025-08-12T16:08:22.450+0000] {spark_submit.py:521} INFO - 25/08/12 16:08:22 INFO SparkContext: OS info Linux, 5.15.167.4-microsoft-standard-WSL2, amd64
[2025-08-12T16:08:22.451+0000] {spark_submit.py:521} INFO - 25/08/12 16:08:22 INFO SparkContext: Java version 17.0.15
[2025-08-12T16:08:22.483+0000] {spark_submit.py:521} INFO - 25/08/12 16:08:22 INFO ResourceUtils: ==============================================================
[2025-08-12T16:08:22.483+0000] {spark_submit.py:521} INFO - 25/08/12 16:08:22 INFO ResourceUtils: No custom resources configured for spark.driver.
[2025-08-12T16:08:22.484+0000] {spark_submit.py:521} INFO - 25/08/12 16:08:22 INFO ResourceUtils: ==============================================================
[2025-08-12T16:08:22.484+0000] {spark_submit.py:521} INFO - 25/08/12 16:08:22 INFO SparkContext: Submitted application: silver_topcv_transform
[2025-08-12T16:08:22.515+0000] {spark_submit.py:521} INFO - 25/08/12 16:08:22 INFO ResourceProfile: Default ResourceProfile created, executor resources: Map(memory -> name: memory, amount: 1024, script: , vendor: , offHeap -> name: offHeap, amount: 0, script: , vendor: ), task resources: Map(cpus -> name: cpus, amount: 1.0)
[2025-08-12T16:08:22.517+0000] {spark_submit.py:521} INFO - 25/08/12 16:08:22 INFO ResourceProfile: Limiting resource is cpu
[2025-08-12T16:08:22.517+0000] {spark_submit.py:521} INFO - 25/08/12 16:08:22 INFO ResourceProfileManager: Added ResourceProfile id: 0
[2025-08-12T16:08:22.580+0000] {spark_submit.py:521} INFO - 25/08/12 16:08:22 INFO SecurityManager: Changing view acls to: ***
[2025-08-12T16:08:22.581+0000] {spark_submit.py:521} INFO - 25/08/12 16:08:22 INFO SecurityManager: Changing modify acls to: ***
[2025-08-12T16:08:22.581+0000] {spark_submit.py:521} INFO - 25/08/12 16:08:22 INFO SecurityManager: Changing view acls groups to: ***
[2025-08-12T16:08:22.582+0000] {spark_submit.py:521} INFO - 25/08/12 16:08:22 INFO SecurityManager: Changing modify acls groups to: ***
[2025-08-12T16:08:22.584+0000] {spark_submit.py:521} INFO - 25/08/12 16:08:22 INFO SecurityManager: SecurityManager: authentication disabled; ui acls disabled; users with view permissions: *** groups with view permissions: EMPTY; users with modify permissions: ***; groups with modify permissions: EMPTY; RPC SSL disabled
[2025-08-12T16:08:22.871+0000] {spark_submit.py:521} INFO - 25/08/12 16:08:22 INFO Utils: Successfully started service 'sparkDriver' on port 33443.
[2025-08-12T16:08:22.933+0000] {spark_submit.py:521} INFO - 25/08/12 16:08:22 INFO SparkEnv: Registering MapOutputTracker
[2025-08-12T16:08:22.947+0000] {spark_submit.py:521} INFO - 25/08/12 16:08:22 INFO SparkEnv: Registering BlockManagerMaster
[2025-08-12T16:08:22.965+0000] {spark_submit.py:521} INFO - 25/08/12 16:08:22 INFO BlockManagerMasterEndpoint: Using org.apache.spark.storage.DefaultTopologyMapper for getting topology information
[2025-08-12T16:08:22.965+0000] {spark_submit.py:521} INFO - 25/08/12 16:08:22 INFO BlockManagerMasterEndpoint: BlockManagerMasterEndpoint up
[2025-08-12T16:08:22.970+0000] {spark_submit.py:521} INFO - 25/08/12 16:08:22 INFO SparkEnv: Registering BlockManagerMasterHeartbeat
[2025-08-12T16:08:23.001+0000] {spark_submit.py:521} INFO - 25/08/12 16:08:23 INFO DiskBlockManager: Created local directory at /tmp/blockmgr-6a499309-460a-412e-af5e-13ee4040a587
[2025-08-12T16:08:23.037+0000] {spark_submit.py:521} INFO - 25/08/12 16:08:23 INFO SparkEnv: Registering OutputCommitCoordinator
[2025-08-12T16:08:23.231+0000] {spark_submit.py:521} INFO - 25/08/12 16:08:23 INFO JettyUtils: Start Jetty 0.0.0.0:4040 for SparkUI
[2025-08-12T16:08:23.320+0000] {spark_submit.py:521} INFO - 25/08/12 16:08:23 INFO Utils: Successfully started service 'SparkUI' on port 4040.
[2025-08-12T16:08:23.358+0000] {spark_submit.py:521} INFO - 25/08/12 16:08:23 INFO SparkContext: Added JAR file:///opt/custom-jars/gcs-connector-hadoop3-2.2.14-shaded.jar at spark://689c6879ed29:33443/jars/gcs-connector-hadoop3-2.2.14-shaded.jar with timestamp 1755014902431
[2025-08-12T16:08:23.381+0000] {spark_submit.py:521} INFO - 25/08/12 16:08:23 INFO SecurityManager: Changing view acls to: ***
[2025-08-12T16:08:23.381+0000] {spark_submit.py:521} INFO - 25/08/12 16:08:23 INFO SecurityManager: Changing modify acls to: ***
[2025-08-12T16:08:23.382+0000] {spark_submit.py:521} INFO - 25/08/12 16:08:23 INFO SecurityManager: Changing view acls groups to: ***
[2025-08-12T16:08:23.382+0000] {spark_submit.py:521} INFO - 25/08/12 16:08:23 INFO SecurityManager: Changing modify acls groups to: ***
[2025-08-12T16:08:23.383+0000] {spark_submit.py:521} INFO - 25/08/12 16:08:23 INFO SecurityManager: SecurityManager: authentication disabled; ui acls disabled; users with view permissions: *** groups with view permissions: EMPTY; users with modify permissions: ***; groups with modify permissions: EMPTY; RPC SSL disabled
[2025-08-12T16:08:23.581+0000] {spark_submit.py:521} INFO - 25/08/12 16:08:23 INFO StandaloneAppClient$ClientEndpoint: Connecting to master spark://spark-master:7077...
[2025-08-12T16:08:23.634+0000] {spark_submit.py:521} INFO - 25/08/12 16:08:23 INFO TransportClientFactory: Successfully created connection to spark-master/172.18.0.2:7077 after 30 ms (0 ms spent in bootstraps)
[2025-08-12T16:08:24.186+0000] {spark_submit.py:521} INFO - 25/08/12 16:08:24 INFO StandaloneSchedulerBackend: Connected to Spark cluster with app ID app-20250812160824-0012
[2025-08-12T16:08:24.198+0000] {spark_submit.py:521} INFO - 25/08/12 16:08:24 INFO Utils: Successfully started service 'org.apache.spark.network.netty.NettyBlockTransferService' on port 39287.
[2025-08-12T16:08:24.199+0000] {spark_submit.py:521} INFO - 25/08/12 16:08:24 INFO NettyBlockTransferService: Server created on 689c6879ed29:39287
[2025-08-12T16:08:24.200+0000] {spark_submit.py:521} INFO - 25/08/12 16:08:24 INFO BlockManager: Using org.apache.spark.storage.RandomBlockReplicationPolicy for block replication policy
[2025-08-12T16:08:24.216+0000] {spark_submit.py:521} INFO - 25/08/12 16:08:24 INFO BlockManagerMaster: Registering BlockManager BlockManagerId(driver, 689c6879ed29, 39287, None)
[2025-08-12T16:08:24.221+0000] {spark_submit.py:521} INFO - 25/08/12 16:08:24 INFO BlockManagerMasterEndpoint: Registering block manager 689c6879ed29:39287 with 434.4 MiB RAM, BlockManagerId(driver, 689c6879ed29, 39287, None)
[2025-08-12T16:08:24.227+0000] {spark_submit.py:521} INFO - 25/08/12 16:08:24 INFO BlockManagerMaster: Registered BlockManager BlockManagerId(driver, 689c6879ed29, 39287, None)
[2025-08-12T16:08:24.229+0000] {spark_submit.py:521} INFO - 25/08/12 16:08:24 INFO BlockManager: Initialized BlockManager: BlockManagerId(driver, 689c6879ed29, 39287, None)
[2025-08-12T16:08:24.282+0000] {spark_submit.py:521} INFO - 25/08/12 16:08:24 INFO StandaloneAppClient$ClientEndpoint: Executor added: app-20250812160824-0012/0 on worker-20250812092328-172.18.0.6-41565 (172.18.0.6:41565) with 2 core(s)
[2025-08-12T16:08:24.283+0000] {spark_submit.py:521} INFO - 25/08/12 16:08:24 INFO StandaloneSchedulerBackend: Granted executor ID app-20250812160824-0012/0 on hostPort 172.18.0.6:41565 with 2 core(s), 1024.0 MiB RAM
[2025-08-12T16:08:24.374+0000] {spark_submit.py:521} INFO - 25/08/12 16:08:24 INFO StandaloneSchedulerBackend: SchedulerBackend is ready for scheduling beginning after reached minRegisteredResourcesRatio: 0.0
[2025-08-12T16:08:26.131+0000] {spark_submit.py:521} INFO - 25/08/12 16:08:26 INFO StandaloneAppClient$ClientEndpoint: Executor updated: app-20250812160824-0012/0 is now RUNNING
[2025-08-12T16:08:26.794+0000] {spark_submit.py:521} INFO - 25/08/12 16:08:26 INFO SharedState: Setting hive.metastore.warehouse.dir ('null') to the value of spark.sql.warehouse.dir.
[2025-08-12T16:08:26.798+0000] {spark_submit.py:521} INFO - 25/08/12 16:08:26 INFO SharedState: Warehouse path is 'file:/opt/***/spark-warehouse'.
[2025-08-12T16:08:30.790+0000] {spark_submit.py:521} INFO - 25/08/12 16:08:30 INFO InMemoryFileIndex: It took 404 ms to list leaf files for 1 paths.
[2025-08-12T16:08:31.045+0000] {spark_submit.py:521} INFO - 25/08/12 16:08:31 INFO SparkContext: Starting job: parquet at NativeMethodAccessorImpl.java:0
[2025-08-12T16:08:31.066+0000] {spark_submit.py:521} INFO - 25/08/12 16:08:31 INFO DAGScheduler: Got job 0 (parquet at NativeMethodAccessorImpl.java:0) with 1 output partitions
[2025-08-12T16:08:31.068+0000] {spark_submit.py:521} INFO - 25/08/12 16:08:31 INFO DAGScheduler: Final stage: ResultStage 0 (parquet at NativeMethodAccessorImpl.java:0)
[2025-08-12T16:08:31.069+0000] {spark_submit.py:521} INFO - 25/08/12 16:08:31 INFO DAGScheduler: Parents of final stage: List()
[2025-08-12T16:08:31.073+0000] {spark_submit.py:521} INFO - 25/08/12 16:08:31 INFO DAGScheduler: Missing parents: List()
[2025-08-12T16:08:31.078+0000] {spark_submit.py:521} INFO - 25/08/12 16:08:31 INFO DAGScheduler: Submitting ResultStage 0 (MapPartitionsRDD[1] at parquet at NativeMethodAccessorImpl.java:0), which has no missing parents
[2025-08-12T16:08:31.253+0000] {spark_submit.py:521} INFO - 25/08/12 16:08:31 INFO MemoryStore: MemoryStore started with capacity 434.4 MiB
[2025-08-12T16:08:31.271+0000] {spark_submit.py:521} INFO - 25/08/12 16:08:31 INFO MemoryStore: Block broadcast_0 stored as values in memory (estimated size 116.0 KiB, free 434.3 MiB)
[2025-08-12T16:08:31.339+0000] {spark_submit.py:521} INFO - 25/08/12 16:08:31 INFO MemoryStore: Block broadcast_0_piece0 stored as bytes in memory (estimated size 41.7 KiB, free 434.2 MiB)
[2025-08-12T16:08:31.345+0000] {spark_submit.py:521} INFO - 25/08/12 16:08:31 INFO SparkContext: Created broadcast 0 from broadcast at DAGScheduler.scala:1676
[2025-08-12T16:08:31.369+0000] {spark_submit.py:521} INFO - 25/08/12 16:08:31 INFO DAGScheduler: Submitting 1 missing tasks from ResultStage 0 (MapPartitionsRDD[1] at parquet at NativeMethodAccessorImpl.java:0) (first 15 tasks are for partitions Vector(0))
[2025-08-12T16:08:31.393+0000] {spark_submit.py:521} INFO - 25/08/12 16:08:31 INFO TaskSchedulerImpl: Adding task set 0.0 with 1 tasks resource profile 0
[2025-08-12T16:08:33.192+0000] {spark_submit.py:521} INFO - 25/08/12 16:08:33 INFO StandaloneSchedulerBackend$StandaloneDriverEndpoint: Registered executor NettyRpcEndpointRef(spark-client://Executor) (172.18.0.6:39480) with ID 0, ResourceProfileId 0
[2025-08-12T16:08:33.375+0000] {spark_submit.py:521} INFO - 25/08/12 16:08:33 INFO BlockManagerMasterEndpoint: Registering block manager 172.18.0.6:41239 with 434.4 MiB RAM, BlockManagerId(0, 172.18.0.6, 41239, None)
[2025-08-12T16:08:36.104+0000] {spark_submit.py:521} INFO - 25/08/12 16:08:36 INFO TaskSetManager: Starting task 0.0 in stage 0.0 (TID 0) (172.18.0.6,executor 0, partition 0, PROCESS_LOCAL, 9999 bytes)
[2025-08-12T16:08:39.962+0000] {spark_submit.py:521} INFO - 25/08/12 16:08:39 INFO TaskSetManager: Finished task 0.0 in stage 0.0 (TID 0) in 3870 ms on 172.18.0.6 (executor 0) (1/1)
[2025-08-12T16:08:39.965+0000] {spark_submit.py:521} INFO - 25/08/12 16:08:39 INFO TaskSchedulerImpl: Removed TaskSet 0.0 whose tasks have all completed, from pool
[2025-08-12T16:08:39.970+0000] {spark_submit.py:521} INFO - 25/08/12 16:08:39 INFO DAGScheduler: ResultStage 0 (parquet at NativeMethodAccessorImpl.java:0) finished in 8877 ms
[2025-08-12T16:08:39.974+0000] {spark_submit.py:521} INFO - 25/08/12 16:08:39 INFO DAGScheduler: Job 0 is finished. Cancelling potential speculative or zombie tasks for this job
[2025-08-12T16:08:39.974+0000] {spark_submit.py:521} INFO - 25/08/12 16:08:39 INFO TaskSchedulerImpl: Canceling stage 0
[2025-08-12T16:08:39.977+0000] {spark_submit.py:521} INFO - 25/08/12 16:08:39 INFO TaskSchedulerImpl: Killing all running tasks in stage 0: Stage finished
[2025-08-12T16:08:39.981+0000] {spark_submit.py:521} INFO - 25/08/12 16:08:39 INFO DAGScheduler: Job 0 finished: parquet at NativeMethodAccessorImpl.java:0, took 8935.172566 ms
[2025-08-12T16:08:40.771+0000] {spark_submit.py:521} INFO - 25/08/12 16:08:40 INFO MemoryStore: Block broadcast_1 stored as values in memory (estimated size 208.0 B, free 434.4 MiB)
[2025-08-12T16:08:40.775+0000] {spark_submit.py:521} INFO - 25/08/12 16:08:40 INFO MemoryStore: Block broadcast_1_piece0 stored as bytes in memory (estimated size 789.0 B, free 434.4 MiB)
[2025-08-12T16:08:40.776+0000] {spark_submit.py:521} INFO - 25/08/12 16:08:40 INFO SparkContext: Created broadcast 1 from broadcast at NativeMethodAccessorImpl.java:0
[2025-08-12T16:08:41.655+0000] {spark_submit.py:521} INFO - 25/08/12 16:08:41 INFO FileSourceStrategy: Pushed Filters: IsNotNull(requirements),Not(EqualTo(requirements,)),IsNotNull(description),Not(EqualTo(description,))
[2025-08-12T16:08:41.659+0000] {spark_submit.py:521} INFO - 25/08/12 16:08:41 INFO FileSourceStrategy: Post-Scan Filters: Set(isnotnull(trim(lower(title#1), None)), NOT (trim(lower(title#1), None) = ), isnotnull(trim(company_name#2, None)), NOT (trim(company_name#2, None) = ), isnotnull(requirements#9), NOT (requirements#9 = ), isnotnull(description#8), NOT (description#8 = ))
[2025-08-12T16:08:42.421+0000] {spark_submit.py:521} INFO - 25/08/12 16:08:42 INFO CodeGenerator: Code generated in 342.694162 ms
[2025-08-12T16:08:42.545+0000] {spark_submit.py:521} INFO - 25/08/12 16:08:42 INFO CodeGenerator: Code generated in 63.67088 ms
[2025-08-12T16:08:42.591+0000] {spark_submit.py:521} INFO - 25/08/12 16:08:42 INFO MemoryStore: Block broadcast_2 stored as values in memory (estimated size 219.5 KiB, free 434.2 MiB)
[2025-08-12T16:08:42.601+0000] {spark_submit.py:521} INFO - 25/08/12 16:08:42 INFO MemoryStore: Block broadcast_2_piece0 stored as bytes in memory (estimated size 40.0 KiB, free 434.1 MiB)
[2025-08-12T16:08:42.607+0000] {spark_submit.py:521} INFO - 25/08/12 16:08:42 INFO SparkContext: Created broadcast 2 from $anonfun$withThreadLocalCaptured$2 at CompletableFuture.java:1768
[2025-08-12T16:08:42.632+0000] {spark_submit.py:521} INFO - 25/08/12 16:08:42 INFO FileSourceScanExec: Planning scan with bin packing, max size: 4194304 bytes, open cost is considered as scanning 4194304 bytes.
[2025-08-12T16:08:42.799+0000] {spark_submit.py:521} INFO - 25/08/12 16:08:42 INFO DAGScheduler: Registering RDD 9 ($anonfun$withThreadLocalCaptured$2 at CompletableFuture.java:1768) as input to shuffle 0
[2025-08-12T16:08:42.808+0000] {spark_submit.py:521} INFO - 25/08/12 16:08:42 INFO DAGScheduler: Got map stage job 1 ($anonfun$withThreadLocalCaptured$2 at CompletableFuture.java:1768) with 1 output partitions
[2025-08-12T16:08:42.809+0000] {spark_submit.py:521} INFO - 25/08/12 16:08:42 INFO DAGScheduler: Final stage: ShuffleMapStage 1 ($anonfun$withThreadLocalCaptured$2 at CompletableFuture.java:1768)
[2025-08-12T16:08:42.809+0000] {spark_submit.py:521} INFO - 25/08/12 16:08:42 INFO DAGScheduler: Parents of final stage: List()
[2025-08-12T16:08:42.810+0000] {spark_submit.py:521} INFO - 25/08/12 16:08:42 INFO DAGScheduler: Missing parents: List()
[2025-08-12T16:08:42.810+0000] {spark_submit.py:521} INFO - 25/08/12 16:08:42 INFO DAGScheduler: Submitting ShuffleMapStage 1 (MapPartitionsRDD[9] at $anonfun$withThreadLocalCaptured$2 at CompletableFuture.java:1768), which has no missing parents
[2025-08-12T16:08:42.833+0000] {spark_submit.py:521} INFO - 25/08/12 16:08:42 INFO MemoryStore: Block broadcast_3 stored as values in memory (estimated size 98.7 KiB, free 434.0 MiB)
[2025-08-12T16:08:42.836+0000] {spark_submit.py:521} INFO - 25/08/12 16:08:42 INFO MemoryStore: Block broadcast_3_piece0 stored as bytes in memory (estimated size 35.9 KiB, free 434.0 MiB)
[2025-08-12T16:08:42.837+0000] {spark_submit.py:521} INFO - 25/08/12 16:08:42 INFO SparkContext: Created broadcast 3 from broadcast at DAGScheduler.scala:1676
[2025-08-12T16:08:42.839+0000] {spark_submit.py:521} INFO - 25/08/12 16:08:42 INFO DAGScheduler: Submitting 1 missing tasks from ShuffleMapStage 1 (MapPartitionsRDD[9] at $anonfun$withThreadLocalCaptured$2 at CompletableFuture.java:1768) (first 15 tasks are for partitions Vector(0))
[2025-08-12T16:08:42.840+0000] {spark_submit.py:521} INFO - 25/08/12 16:08:42 INFO TaskSchedulerImpl: Adding task set 1.0 with 1 tasks resource profile 0
[2025-08-12T16:08:42.843+0000] {spark_submit.py:521} INFO - 25/08/12 16:08:42 INFO TaskSetManager: Starting task 0.0 in stage 1.0 (TID 1) (172.18.0.6,executor 0, partition 0, PROCESS_LOCAL, 10429 bytes)
[2025-08-12T16:09:24.443+0000] {spark_submit.py:521} INFO - 25/08/12 16:09:24 INFO TaskSetManager: Finished task 0.0 in stage 1.0 (TID 1) in 41598 ms on 172.18.0.6 (executor 0) (1/1)
[2025-08-12T16:09:24.457+0000] {spark_submit.py:521} INFO - 25/08/12 16:09:24 INFO TaskSchedulerImpl: Removed TaskSet 1.0 whose tasks have all completed, from pool
[2025-08-12T16:09:24.458+0000] {spark_submit.py:521} INFO - 25/08/12 16:09:24 INFO PythonAccumulatorV2: Connected to AccumulatorServer at host: 127.0.0.1 port: 48597
[2025-08-12T16:09:24.467+0000] {spark_submit.py:521} INFO - 25/08/12 16:09:24 INFO DAGScheduler: ShuffleMapStage 1 ($anonfun$withThreadLocalCaptured$2 at CompletableFuture.java:1768) finished in 41654 ms
[2025-08-12T16:09:24.468+0000] {spark_submit.py:521} INFO - 25/08/12 16:09:24 INFO DAGScheduler: looking for newly runnable stages
[2025-08-12T16:09:24.476+0000] {spark_submit.py:521} INFO - 25/08/12 16:09:24 INFO DAGScheduler: running: HashSet()
[2025-08-12T16:09:24.478+0000] {spark_submit.py:521} INFO - 25/08/12 16:09:24 INFO DAGScheduler: waiting: HashSet()
[2025-08-12T16:09:24.479+0000] {spark_submit.py:521} INFO - 25/08/12 16:09:24 INFO DAGScheduler: failed: HashSet()
[2025-08-12T16:09:24.663+0000] {spark_submit.py:521} INFO - 25/08/12 16:09:24 INFO ShufflePartitionsUtil: For shuffle(0, advisory target size: 67108864, actual target size 1048576, minimum partition size: 1048576
[2025-08-12T16:09:29.678+0000] {job.py:218} ERROR - Job heartbeat got an exception
Traceback (most recent call last):
  File "/home/airflow/.local/lib/python3.11/site-packages/sqlalchemy/engine/base.py", line 3371, in _wrap_pool_connect
    return fn()
           ^^^^
  File "/home/airflow/.local/lib/python3.11/site-packages/sqlalchemy/pool/base.py", line 327, in connect
    return _ConnectionFairy._checkout(self)
           ^^^^^^^^^^^^^^^^^^^^^^^^^^^^^^^^
  File "/home/airflow/.local/lib/python3.11/site-packages/sqlalchemy/pool/base.py", line 894, in _checkout
    fairy = _ConnectionRecord.checkout(pool)
            ^^^^^^^^^^^^^^^^^^^^^^^^^^^^^^^^
  File "/home/airflow/.local/lib/python3.11/site-packages/sqlalchemy/pool/base.py", line 493, in checkout
    rec = pool._do_get()
          ^^^^^^^^^^^^^^
  File "/home/airflow/.local/lib/python3.11/site-packages/sqlalchemy/pool/impl.py", line 256, in _do_get
    return self._create_connection()
           ^^^^^^^^^^^^^^^^^^^^^^^^^
  File "/home/airflow/.local/lib/python3.11/site-packages/sqlalchemy/pool/base.py", line 273, in _create_connection
    return _ConnectionRecord(self)
           ^^^^^^^^^^^^^^^^^^^^^^^
  File "/home/airflow/.local/lib/python3.11/site-packages/sqlalchemy/pool/base.py", line 388, in __init__
    self.__connect()
  File "/home/airflow/.local/lib/python3.11/site-packages/sqlalchemy/pool/base.py", line 690, in __connect
    with util.safe_reraise():
  File "/home/airflow/.local/lib/python3.11/site-packages/sqlalchemy/util/langhelpers.py", line 70, in __exit__
    compat.raise_(
  File "/home/airflow/.local/lib/python3.11/site-packages/sqlalchemy/util/compat.py", line 211, in raise_
    raise exception
  File "/home/airflow/.local/lib/python3.11/site-packages/sqlalchemy/pool/base.py", line 686, in __connect
    self.dbapi_connection = connection = pool._invoke_creator(self)
                                         ^^^^^^^^^^^^^^^^^^^^^^^^^^
  File "/home/airflow/.local/lib/python3.11/site-packages/sqlalchemy/engine/create.py", line 574, in connect
    return dialect.connect(*cargs, **cparams)
           ^^^^^^^^^^^^^^^^^^^^^^^^^^^^^^^^^^
  File "/home/airflow/.local/lib/python3.11/site-packages/sqlalchemy/engine/default.py", line 598, in connect
    return self.dbapi.connect(*cargs, **cparams)
           ^^^^^^^^^^^^^^^^^^^^^^^^^^^^^^^^^^^^^
  File "/home/airflow/.local/lib/python3.11/site-packages/psycopg2/__init__.py", line 122, in connect
    conn = _connect(dsn, connection_factory=connection_factory, **kwasync)
           ^^^^^^^^^^^^^^^^^^^^^^^^^^^^^^^^^^^^^^^^^^^^^^^^^^^^^^^^^^^^^^^
psycopg2.OperationalError: could not translate host name "postgres" to address: Temporary failure in name resolution


The above exception was the direct cause of the following exception:

Traceback (most recent call last):
  File "/home/airflow/.local/lib/python3.11/site-packages/airflow/jobs/job.py", line 192, in heartbeat
    self._merge_from(Job._fetch_from_db(self, session))
                     ^^^^^^^^^^^^^^^^^^^^^^^^^^^^^^^^^
  File "/home/airflow/.local/lib/python3.11/site-packages/airflow/api_internal/internal_api_call.py", line 115, in wrapper
    return func(*args, **kwargs)
           ^^^^^^^^^^^^^^^^^^^^^
  File "/home/airflow/.local/lib/python3.11/site-packages/airflow/utils/session.py", line 76, in wrapper
    return func(*args, **kwargs)
           ^^^^^^^^^^^^^^^^^^^^^
  File "/home/airflow/.local/lib/python3.11/site-packages/airflow/utils/retries.py", line 89, in wrapped_function
    for attempt in run_with_db_retries(max_retries=retries, logger=logger, **retry_kwargs):
  File "/home/airflow/.local/lib/python3.11/site-packages/tenacity/__init__.py", line 347, in __iter__
    do = self.iter(retry_state=retry_state)
         ^^^^^^^^^^^^^^^^^^^^^^^^^^^^^^^^^^
  File "/home/airflow/.local/lib/python3.11/site-packages/tenacity/__init__.py", line 325, in iter
    raise retry_exc.reraise()
          ^^^^^^^^^^^^^^^^^^^
  File "/home/airflow/.local/lib/python3.11/site-packages/tenacity/__init__.py", line 158, in reraise
    raise self.last_attempt.result()
          ^^^^^^^^^^^^^^^^^^^^^^^^^^
  File "/usr/local/lib/python3.11/concurrent/futures/_base.py", line 449, in result
    return self.__get_result()
           ^^^^^^^^^^^^^^^^^^^
  File "/usr/local/lib/python3.11/concurrent/futures/_base.py", line 401, in __get_result
    raise self._exception
  File "/home/airflow/.local/lib/python3.11/site-packages/airflow/utils/retries.py", line 98, in wrapped_function
    return func(*args, **kwargs)
           ^^^^^^^^^^^^^^^^^^^^^
  File "/home/airflow/.local/lib/python3.11/site-packages/airflow/jobs/job.py", line 316, in _fetch_from_db
    session.merge(job)
  File "/home/airflow/.local/lib/python3.11/site-packages/sqlalchemy/orm/session.py", line 3056, in merge
    return self._merge(
           ^^^^^^^^^^^^
  File "/home/airflow/.local/lib/python3.11/site-packages/sqlalchemy/orm/session.py", line 3136, in _merge
    merged = self.get(
             ^^^^^^^^^
  File "/home/airflow/.local/lib/python3.11/site-packages/sqlalchemy/orm/session.py", line 2853, in get
    return self._get_impl(
           ^^^^^^^^^^^^^^^
  File "/home/airflow/.local/lib/python3.11/site-packages/sqlalchemy/orm/session.py", line 2975, in _get_impl
    return db_load_fn(
           ^^^^^^^^^^^
  File "/home/airflow/.local/lib/python3.11/site-packages/sqlalchemy/orm/loading.py", line 530, in load_on_pk_identity
    session.execute(
  File "/home/airflow/.local/lib/python3.11/site-packages/sqlalchemy/orm/session.py", line 1716, in execute
    conn = self._connection_for_bind(bind)
           ^^^^^^^^^^^^^^^^^^^^^^^^^^^^^^^
  File "/home/airflow/.local/lib/python3.11/site-packages/sqlalchemy/orm/session.py", line 1555, in _connection_for_bind
    return self._transaction._connection_for_bind(
           ^^^^^^^^^^^^^^^^^^^^^^^^^^^^^^^^^^^^^^^
  File "/home/airflow/.local/lib/python3.11/site-packages/sqlalchemy/orm/session.py", line 750, in _connection_for_bind
    conn = bind.connect()
           ^^^^^^^^^^^^^^
  File "/home/airflow/.local/lib/python3.11/site-packages/sqlalchemy/future/engine.py", line 412, in connect
    return super(Engine, self).connect()
           ^^^^^^^^^^^^^^^^^^^^^^^^^^^^^
  File "/home/airflow/.local/lib/python3.11/site-packages/sqlalchemy/engine/base.py", line 3325, in connect
    return self._connection_cls(self, close_with_result=close_with_result)
           ^^^^^^^^^^^^^^^^^^^^^^^^^^^^^^^^^^^^^^^^^^^^^^^^^^^^^^^^^^^^^^^
  File "/home/airflow/.local/lib/python3.11/site-packages/sqlalchemy/engine/base.py", line 96, in __init__
    else engine.raw_connection()
         ^^^^^^^^^^^^^^^^^^^^^^^
  File "/home/airflow/.local/lib/python3.11/site-packages/sqlalchemy/engine/base.py", line 3404, in raw_connection
    return self._wrap_pool_connect(self.pool.connect, _connection)
           ^^^^^^^^^^^^^^^^^^^^^^^^^^^^^^^^^^^^^^^^^^^^^^^^^^^^^^^
  File "/home/airflow/.local/lib/python3.11/site-packages/sqlalchemy/engine/base.py", line 3374, in _wrap_pool_connect
    Connection._handle_dbapi_exception_noconnection(
  File "/home/airflow/.local/lib/python3.11/site-packages/sqlalchemy/engine/base.py", line 2208, in _handle_dbapi_exception_noconnection
    util.raise_(
  File "/home/airflow/.local/lib/python3.11/site-packages/sqlalchemy/util/compat.py", line 211, in raise_
    raise exception
  File "/home/airflow/.local/lib/python3.11/site-packages/sqlalchemy/engine/base.py", line 3371, in _wrap_pool_connect
    return fn()
           ^^^^
  File "/home/airflow/.local/lib/python3.11/site-packages/sqlalchemy/pool/base.py", line 327, in connect
    return _ConnectionFairy._checkout(self)
           ^^^^^^^^^^^^^^^^^^^^^^^^^^^^^^^^
  File "/home/airflow/.local/lib/python3.11/site-packages/sqlalchemy/pool/base.py", line 894, in _checkout
    fairy = _ConnectionRecord.checkout(pool)
            ^^^^^^^^^^^^^^^^^^^^^^^^^^^^^^^^
  File "/home/airflow/.local/lib/python3.11/site-packages/sqlalchemy/pool/base.py", line 493, in checkout
    rec = pool._do_get()
          ^^^^^^^^^^^^^^
  File "/home/airflow/.local/lib/python3.11/site-packages/sqlalchemy/pool/impl.py", line 256, in _do_get
    return self._create_connection()
           ^^^^^^^^^^^^^^^^^^^^^^^^^
  File "/home/airflow/.local/lib/python3.11/site-packages/sqlalchemy/pool/base.py", line 273, in _create_connection
    return _ConnectionRecord(self)
           ^^^^^^^^^^^^^^^^^^^^^^^
  File "/home/airflow/.local/lib/python3.11/site-packages/sqlalchemy/pool/base.py", line 388, in __init__
    self.__connect()
  File "/home/airflow/.local/lib/python3.11/site-packages/sqlalchemy/pool/base.py", line 690, in __connect
    with util.safe_reraise():
  File "/home/airflow/.local/lib/python3.11/site-packages/sqlalchemy/util/langhelpers.py", line 70, in __exit__
    compat.raise_(
  File "/home/airflow/.local/lib/python3.11/site-packages/sqlalchemy/util/compat.py", line 211, in raise_
    raise exception
  File "/home/airflow/.local/lib/python3.11/site-packages/sqlalchemy/pool/base.py", line 686, in __connect
    self.dbapi_connection = connection = pool._invoke_creator(self)
                                         ^^^^^^^^^^^^^^^^^^^^^^^^^^
  File "/home/airflow/.local/lib/python3.11/site-packages/sqlalchemy/engine/create.py", line 574, in connect
    return dialect.connect(*cargs, **cparams)
           ^^^^^^^^^^^^^^^^^^^^^^^^^^^^^^^^^^
  File "/home/airflow/.local/lib/python3.11/site-packages/sqlalchemy/engine/default.py", line 598, in connect
    return self.dbapi.connect(*cargs, **cparams)
           ^^^^^^^^^^^^^^^^^^^^^^^^^^^^^^^^^^^^^
  File "/home/airflow/.local/lib/python3.11/site-packages/psycopg2/__init__.py", line 122, in connect
    conn = _connect(dsn, connection_factory=connection_factory, **kwasync)
           ^^^^^^^^^^^^^^^^^^^^^^^^^^^^^^^^^^^^^^^^^^^^^^^^^^^^^^^^^^^^^^^
sqlalchemy.exc.OperationalError: (psycopg2.OperationalError) could not translate host name "postgres" to address: Temporary failure in name resolution

(Background on this error at: https://sqlalche.me/e/14/e3q8)
[2025-08-12T16:09:29.816+0000] {job.py:226} ERROR - Job heartbeat failed with error. Scheduler is in unhealthy state
[2025-08-12T16:09:35.920+0000] {spark_submit.py:521} INFO - 25/08/12 16:09:35 INFO ParquetUtils: Using default output committer for Parquet: org.apache.parquet.hadoop.ParquetOutputCommitter
[2025-08-12T16:09:35.969+0000] {spark_submit.py:521} INFO - 25/08/12 16:09:35 INFO FileOutputCommitter: File Output Committer Algorithm version is 1
[2025-08-12T16:09:35.969+0000] {spark_submit.py:521} INFO - 25/08/12 16:09:35 INFO FileOutputCommitter: FileOutputCommitter skip cleanup _temporary folders under output directory:false, ignore cleanup failures: false
[2025-08-12T16:09:35.971+0000] {spark_submit.py:521} INFO - 25/08/12 16:09:35 INFO SQLHadoopMapReduceCommitProtocol: Using user defined output committer class org.apache.parquet.hadoop.ParquetOutputCommitter
[2025-08-12T16:09:35.972+0000] {spark_submit.py:521} INFO - 25/08/12 16:09:35 INFO FileOutputCommitter: File Output Committer Algorithm version is 1
[2025-08-12T16:09:35.972+0000] {spark_submit.py:521} INFO - 25/08/12 16:09:35 INFO FileOutputCommitter: FileOutputCommitter skip cleanup _temporary folders under output directory:false, ignore cleanup failures: false
[2025-08-12T16:09:35.974+0000] {spark_submit.py:521} INFO - 25/08/12 16:09:35 INFO SQLHadoopMapReduceCommitProtocol: Using output committer class org.apache.parquet.hadoop.ParquetOutputCommitter
[2025-08-12T16:09:37.049+0000] {spark_submit.py:521} INFO - 25/08/12 16:09:37 INFO CodeGenerator: Code generated in 51.487756 ms
[2025-08-12T16:09:37.078+0000] {spark_submit.py:521} INFO - 25/08/12 16:09:37 INFO CodeGenerator: Code generated in 13.600578 ms
[2025-08-12T16:09:37.157+0000] {spark_submit.py:521} INFO - 25/08/12 16:09:37 INFO SparkContext: Starting job: $anonfun$withThreadLocalCaptured$2 at CompletableFuture.java:1768
[2025-08-12T16:09:37.162+0000] {spark_submit.py:521} INFO - 25/08/12 16:09:37 INFO DAGScheduler: Got job 2 ($anonfun$withThreadLocalCaptured$2 at CompletableFuture.java:1768) with 1 output partitions
[2025-08-12T16:09:37.163+0000] {spark_submit.py:521} INFO - 25/08/12 16:09:37 INFO DAGScheduler: Final stage: ResultStage 3 ($anonfun$withThreadLocalCaptured$2 at CompletableFuture.java:1768)
[2025-08-12T16:09:37.163+0000] {spark_submit.py:521} INFO - 25/08/12 16:09:37 INFO DAGScheduler: Parents of final stage: List(ShuffleMapStage 2)
[2025-08-12T16:09:37.163+0000] {spark_submit.py:521} INFO - 25/08/12 16:09:37 INFO DAGScheduler: Missing parents: List()
[2025-08-12T16:09:37.164+0000] {spark_submit.py:521} INFO - 25/08/12 16:09:37 INFO DAGScheduler: Submitting ResultStage 3 (MapPartitionsRDD[15] at $anonfun$withThreadLocalCaptured$2 at CompletableFuture.java:1768), which has no missing parents
[2025-08-12T16:09:37.233+0000] {spark_submit.py:521} INFO - 25/08/12 16:09:37 INFO MemoryStore: Block broadcast_4 stored as values in memory (estimated size 308.0 KiB, free 433.7 MiB)
[2025-08-12T16:09:37.283+0000] {spark_submit.py:521} INFO - 25/08/12 16:09:37 INFO MemoryStore: Block broadcast_4_piece0 stored as bytes in memory (estimated size 111.2 KiB, free 433.6 MiB)
[2025-08-12T16:09:37.288+0000] {spark_submit.py:521} INFO - 25/08/12 16:09:37 INFO SparkContext: Created broadcast 4 from broadcast at DAGScheduler.scala:1676
[2025-08-12T16:09:37.291+0000] {spark_submit.py:521} INFO - 25/08/12 16:09:37 INFO DAGScheduler: Submitting 1 missing tasks from ResultStage 3 (MapPartitionsRDD[15] at $anonfun$withThreadLocalCaptured$2 at CompletableFuture.java:1768) (first 15 tasks are for partitions Vector(0))
[2025-08-12T16:09:37.291+0000] {spark_submit.py:521} INFO - 25/08/12 16:09:37 INFO TaskSchedulerImpl: Adding task set 3.0 with 1 tasks resource profile 0
[2025-08-12T16:09:37.304+0000] {spark_submit.py:521} INFO - 25/08/12 16:09:37 INFO TaskSetManager: Starting task 0.0 in stage 3.0 (TID 2) (172.18.0.6,executor 0, partition 0, NODE_LOCAL, 9833 bytes)
[2025-08-12T16:09:37.955+0000] {spark_submit.py:521} INFO - 25/08/12 16:09:37 INFO MapOutputTrackerMasterEndpoint: Asked to send map output locations for shuffle 0 to 172.18.0.6:39480
[2025-08-12T16:11:13.235+0000] {job.py:226} ERROR - Job heartbeat failed with error. Scheduler is in unhealthy state
[2025-08-12T16:11:27.729+0000] {spark_submit.py:521} INFO - 25/08/12 16:11:27 INFO AsyncEventQueue: Process of event SparkListenerExecutorMetricsUpdate(driver,ArraySeq(),HashMap((-1,-1) -> org.apache.spark.executor.ExecutorMetrics@3a156d14)) bylistener AppStatusListener took 8618.40541ms.
