[2025-09-10T09:43:46.052+0000] {local_task_job_runner.py:120} INFO - ::group::Pre task execution logs
[2025-09-10T09:43:46.126+0000] {taskinstance.py:2076} INFO - Dependencies all met for dep_context=non-requeueable deps ti=<TaskInstance: spark_transform_pipeline.silver_group.silver_vietnamworkcv_transform manual__2025-09-10T09:41:40.135344+00:00 [queued]>
[2025-09-10T09:43:46.144+0000] {taskinstance.py:2076} INFO - Dependencies all met for dep_context=requeueable deps ti=<TaskInstance: spark_transform_pipeline.silver_group.silver_vietnamworkcv_transform manual__2025-09-10T09:41:40.135344+00:00 [queued]>
[2025-09-10T09:43:46.145+0000] {taskinstance.py:2306} INFO - Starting attempt 1 of 1
[2025-09-10T09:43:46.167+0000] {taskinstance.py:2330} INFO - Executing <Task(SparkSubmitOperator): silver_group.silver_vietnamworkcv_transform> on 2025-09-10 09:41:40.135344+00:00
[2025-09-10T09:43:46.177+0000] {standard_task_runner.py:63} INFO - Started process 370 to run task
[2025-09-10T09:43:46.180+0000] {standard_task_runner.py:90} INFO - Running: ['***', 'tasks', 'run', 'spark_transform_pipeline', 'silver_group.silver_vietnamworkcv_transform', 'manual__2025-09-10T09:41:40.135344+00:00', '--job-id', '157', '--raw', '--subdir', 'DAGS_FOLDER/etl_jobs_dag.py', '--cfg-path', '/tmp/tmpdgkbob4d']
[2025-09-10T09:43:46.183+0000] {standard_task_runner.py:91} INFO - Job 157: Subtask silver_group.silver_vietnamworkcv_transform
[2025-09-10T09:43:46.253+0000] {task_command.py:426} INFO - Running <TaskInstance: spark_transform_pipeline.silver_group.silver_vietnamworkcv_transform manual__2025-09-10T09:41:40.135344+00:00 [running]> on host 118acb478e13
[2025-09-10T09:43:46.442+0000] {taskinstance.py:2648} INFO - Exporting env vars: AIRFLOW_CTX_DAG_OWNER='***' AIRFLOW_CTX_DAG_ID='spark_transform_pipeline' AIRFLOW_CTX_TASK_ID='silver_group.silver_vietnamworkcv_transform' AIRFLOW_CTX_EXECUTION_DATE='2025-09-10T09:41:40.135344+00:00' AIRFLOW_CTX_TRY_NUMBER='1' AIRFLOW_CTX_DAG_RUN_ID='manual__2025-09-10T09:41:40.135344+00:00'
[2025-09-10T09:43:46.443+0000] {taskinstance.py:430} INFO - ::endgroup::
[2025-09-10T09:43:46.479+0000] {base.py:84} INFO - Using connection ID 'spark_default' for task execution.
[2025-09-10T09:43:46.481+0000] {spark_submit.py:351} INFO - Spark-Submit cmd: spark-submit --master spark://spark-master:7077 --conf spark.master=spark://spark-master:7077 --conf spark.hadoop.fs.s3a.impl=org.apache.hadoop.fs.s3a.S3AFileSystem --conf spark.hadoop.fs.s3a.endpoint=http://minio:9000 --conf spark.hadoop.fs.s3a.access.key=minio --conf spark.hadoop.fs.s3a.secret.key=****** --conf spark.hadoop.fs.s3a.path.style.access=true --conf spark.hadoop.fs.s3a.connection.ssl.enabled=false --packages org.apache.hadoop:hadoop-aws:3.4.1,software.amazon.awssdk:bundle:2.20.15 --name arrow-spark --verbose /opt/spark-jobs/elt/transform/silver_vietnamworkcv_transform.py
[2025-09-10T09:43:47.450+0000] {spark_submit.py:521} INFO - WARNING: Using incubator modules: jdk.incubator.vector
[2025-09-10T09:43:49.393+0000] {spark_submit.py:521} INFO - Parsed arguments:
[2025-09-10T09:43:49.394+0000] {spark_submit.py:521} INFO - master                  spark://spark-master:7077
[2025-09-10T09:43:49.395+0000] {spark_submit.py:521} INFO - remote                  null
[2025-09-10T09:43:49.395+0000] {spark_submit.py:521} INFO - deployMode              null
[2025-09-10T09:43:49.395+0000] {spark_submit.py:521} INFO - executorMemory          null
[2025-09-10T09:43:49.395+0000] {spark_submit.py:521} INFO - executorCores           null
[2025-09-10T09:43:49.396+0000] {spark_submit.py:521} INFO - totalExecutorCores      null
[2025-09-10T09:43:49.396+0000] {spark_submit.py:521} INFO - propertiesFile          null
[2025-09-10T09:43:49.396+0000] {spark_submit.py:521} INFO - driverMemory            null
[2025-09-10T09:43:49.396+0000] {spark_submit.py:521} INFO - driverCores             null
[2025-09-10T09:43:49.396+0000] {spark_submit.py:521} INFO - driverExtraClassPath    null
[2025-09-10T09:43:49.397+0000] {spark_submit.py:521} INFO - driverExtraLibraryPath  null
[2025-09-10T09:43:49.398+0000] {spark_submit.py:521} INFO - driverExtraJavaOptions  null
[2025-09-10T09:43:49.399+0000] {spark_submit.py:521} INFO - supervise               false
[2025-09-10T09:43:49.400+0000] {spark_submit.py:521} INFO - queue                   null
[2025-09-10T09:43:49.401+0000] {spark_submit.py:521} INFO - numExecutors            null
[2025-09-10T09:43:49.401+0000] {spark_submit.py:521} INFO - files                   null
[2025-09-10T09:43:49.402+0000] {spark_submit.py:521} INFO - pyFiles                 null
[2025-09-10T09:43:49.402+0000] {spark_submit.py:521} INFO - archives                null
[2025-09-10T09:43:49.403+0000] {spark_submit.py:521} INFO - mainClass               null
[2025-09-10T09:43:49.403+0000] {spark_submit.py:521} INFO - primaryResource         file:/opt/spark-jobs/elt/transform/silver_vietnamworkcv_transform.py
[2025-09-10T09:43:49.403+0000] {spark_submit.py:521} INFO - name                    arrow-spark
[2025-09-10T09:43:49.403+0000] {spark_submit.py:521} INFO - childArgs               []
[2025-09-10T09:43:49.403+0000] {spark_submit.py:521} INFO - jars                    null
[2025-09-10T09:43:49.403+0000] {spark_submit.py:521} INFO - packages                org.apache.hadoop:hadoop-aws:3.4.1,software.amazon.awssdk:bundle:2.20.15
[2025-09-10T09:43:49.404+0000] {spark_submit.py:521} INFO - packagesExclusions      null
[2025-09-10T09:43:49.404+0000] {spark_submit.py:521} INFO - repositories            null
[2025-09-10T09:43:49.404+0000] {spark_submit.py:521} INFO - verbose                 true
[2025-09-10T09:43:49.404+0000] {spark_submit.py:521} INFO - 
[2025-09-10T09:43:49.404+0000] {spark_submit.py:521} INFO - Spark properties used, including those specified through
[2025-09-10T09:43:49.404+0000] {spark_submit.py:521} INFO - --conf and those from the properties file null:
[2025-09-10T09:43:49.404+0000] {spark_submit.py:521} INFO - (spark.hadoop.fs.s3a.access.key,*********(redacted))
[2025-09-10T09:43:49.404+0000] {spark_submit.py:521} INFO - (spark.hadoop.fs.s3a.connection.ssl.enabled,false)
[2025-09-10T09:43:49.405+0000] {spark_submit.py:521} INFO - (spark.hadoop.fs.s3a.endpoint,http://minio:9000)
[2025-09-10T09:43:49.405+0000] {spark_submit.py:521} INFO - (spark.hadoop.fs.s3a.impl,org.apache.hadoop.fs.s3a.S3AFileSystem)
[2025-09-10T09:43:49.405+0000] {spark_submit.py:521} INFO - (spark.hadoop.fs.s3a.path.style.access,true)
[2025-09-10T09:43:49.405+0000] {spark_submit.py:521} INFO - (spark.hadoop.fs.s3a.secret.key,*********(redacted))
[2025-09-10T09:43:49.405+0000] {spark_submit.py:521} INFO - (spark.master,spark://spark-master:7077)
[2025-09-10T09:43:49.406+0000] {spark_submit.py:521} INFO - 
[2025-09-10T09:43:49.406+0000] {spark_submit.py:521} INFO - 
[2025-09-10T09:43:49.680+0000] {spark_submit.py:521} INFO - :: loading settings :: url = jar:file:/home/***/.local/lib/python3.11/site-packages/pyspark/jars/ivy-2.5.3.jar!/org/apache/ivy/core/settings/ivysettings.xml
[2025-09-10T09:43:49.930+0000] {spark_submit.py:521} INFO - Ivy Default Cache set to: /home/***/.ivy2.5.2/cache
[2025-09-10T09:43:49.933+0000] {spark_submit.py:521} INFO - The jars for the packages stored in: /home/***/.ivy2.5.2/jars
[2025-09-10T09:43:49.942+0000] {spark_submit.py:521} INFO - org.apache.hadoop#hadoop-aws added as a dependency
[2025-09-10T09:43:49.943+0000] {spark_submit.py:521} INFO - software.amazon.awssdk#bundle added as a dependency
[2025-09-10T09:43:49.945+0000] {spark_submit.py:521} INFO - :: resolving dependencies :: org.apache.spark#spark-submit-parent-b8ed1a15-7d28-456d-a39c-441075a164f7;1.0
[2025-09-10T09:43:49.945+0000] {spark_submit.py:521} INFO - confs: [default]
[2025-09-10T09:43:50.459+0000] {spark_submit.py:521} INFO - found org.apache.hadoop#hadoop-aws;3.4.1 in central
[2025-09-10T09:43:50.583+0000] {spark_submit.py:521} INFO - found software.amazon.awssdk#bundle;2.24.6 in central
[2025-09-10T09:43:50.624+0000] {spark_submit.py:521} INFO - found org.wildfly.openssl#wildfly-openssl;1.1.3.Final in central
[2025-09-10T09:43:50.671+0000] {spark_submit.py:521} INFO - :: resolution report :: resolve 715ms :: artifacts dl 11ms
[2025-09-10T09:43:50.672+0000] {spark_submit.py:521} INFO - :: modules in use:
[2025-09-10T09:43:50.672+0000] {spark_submit.py:521} INFO - org.apache.hadoop#hadoop-aws;3.4.1 from central in [default]
[2025-09-10T09:43:50.673+0000] {spark_submit.py:521} INFO - org.wildfly.openssl#wildfly-openssl;1.1.3.Final from central in [default]
[2025-09-10T09:43:50.673+0000] {spark_submit.py:521} INFO - software.amazon.awssdk#bundle;2.24.6 from central in [default]
[2025-09-10T09:43:50.674+0000] {spark_submit.py:521} INFO - :: evicted modules:
[2025-09-10T09:43:50.674+0000] {spark_submit.py:521} INFO - software.amazon.awssdk#bundle;2.20.15 by [software.amazon.awssdk#bundle;2.24.6] in [default]
[2025-09-10T09:43:50.674+0000] {spark_submit.py:521} INFO - ---------------------------------------------------------------------
[2025-09-10T09:43:50.675+0000] {spark_submit.py:521} INFO - |                  |            modules            ||   artifacts   |
[2025-09-10T09:43:50.675+0000] {spark_submit.py:521} INFO - |       conf       | number| search|dwnlded|evicted|| number|dwnlded|
[2025-09-10T09:43:50.675+0000] {spark_submit.py:521} INFO - ---------------------------------------------------------------------
[2025-09-10T09:43:50.675+0000] {spark_submit.py:521} INFO - |      default     |   4   |   0   |   0   |   1   ||   3   |   0   |
[2025-09-10T09:43:50.676+0000] {spark_submit.py:521} INFO - ---------------------------------------------------------------------
[2025-09-10T09:43:50.678+0000] {spark_submit.py:521} INFO - :: retrieving :: org.apache.spark#spark-submit-parent-b8ed1a15-7d28-456d-a39c-441075a164f7
[2025-09-10T09:43:50.679+0000] {spark_submit.py:521} INFO - confs: [default]
[2025-09-10T09:43:50.689+0000] {spark_submit.py:521} INFO - 0 artifacts copied, 3 already retrieved (0kB/11ms)
[2025-09-10T09:43:51.168+0000] {spark_submit.py:521} INFO - 25/09/10 09:43:51 WARN NativeCodeLoader: Unable to load native-hadoop library for your platform... using builtin-java classes where applicable
[2025-09-10T09:43:51.479+0000] {spark_submit.py:521} INFO - Main class:
[2025-09-10T09:43:51.479+0000] {spark_submit.py:521} INFO - org.apache.spark.deploy.PythonRunner
[2025-09-10T09:43:51.483+0000] {spark_submit.py:521} INFO - Arguments:
[2025-09-10T09:43:51.484+0000] {spark_submit.py:521} INFO - file:/opt/spark-jobs/elt/transform/silver_vietnamworkcv_transform.py
[2025-09-10T09:43:51.484+0000] {spark_submit.py:521} INFO - file:///home/***/.ivy2.5.2/jars/org.apache.hadoop_hadoop-aws-3.4.1.jar,file:///home/***/.ivy2.5.2/jars/software.amazon.awssdk_bundle-2.24.6.jar,file:///home/***/.ivy2.5.2/jars/org.wildfly.openssl_wildfly-openssl-1.1.3.Final.jar
[2025-09-10T09:43:51.486+0000] {spark_submit.py:521} INFO - Spark config:
[2025-09-10T09:43:51.487+0000] {spark_submit.py:521} INFO - (spark.app.name,arrow-spark)
[2025-09-10T09:43:51.488+0000] {spark_submit.py:521} INFO - (spark.app.submitTime,1757497431438)
[2025-09-10T09:43:51.489+0000] {spark_submit.py:521} INFO - (spark.files,file:///home/***/.ivy2.5.2/jars/org.apache.hadoop_hadoop-aws-3.4.1.jar,file:///home/***/.ivy2.5.2/jars/software.amazon.awssdk_bundle-2.24.6.jar,file:///home/***/.ivy2.5.2/jars/org.wildfly.openssl_wildfly-openssl-1.1.3.Final.jar)
[2025-09-10T09:43:51.490+0000] {spark_submit.py:521} INFO - (spark.hadoop.fs.s3a.access.key,*********(redacted))
[2025-09-10T09:43:51.490+0000] {spark_submit.py:521} INFO - (spark.hadoop.fs.s3a.connection.ssl.enabled,false)
[2025-09-10T09:43:51.490+0000] {spark_submit.py:521} INFO - (spark.hadoop.fs.s3a.endpoint,http://minio:9000)
[2025-09-10T09:43:51.491+0000] {spark_submit.py:521} INFO - (spark.hadoop.fs.s3a.impl,org.apache.hadoop.fs.s3a.S3AFileSystem)
[2025-09-10T09:43:51.491+0000] {spark_submit.py:521} INFO - (spark.hadoop.fs.s3a.path.style.access,true)
[2025-09-10T09:43:51.492+0000] {spark_submit.py:521} INFO - (spark.hadoop.fs.s3a.secret.key,*********(redacted))
[2025-09-10T09:43:51.492+0000] {spark_submit.py:521} INFO - (spark.jars,file:///home/***/.ivy2.5.2/jars/org.apache.hadoop_hadoop-aws-3.4.1.jar,file:///home/***/.ivy2.5.2/jars/software.amazon.awssdk_bundle-2.24.6.jar,file:///home/***/.ivy2.5.2/jars/org.wildfly.openssl_wildfly-openssl-1.1.3.Final.jar)
[2025-09-10T09:43:51.494+0000] {spark_submit.py:521} INFO - (spark.master,spark://spark-master:7077)
[2025-09-10T09:43:51.494+0000] {spark_submit.py:521} INFO - (spark.repl.local.jars,file:///home/***/.ivy2.5.2/jars/org.apache.hadoop_hadoop-aws-3.4.1.jar,file:///home/***/.ivy2.5.2/jars/software.amazon.awssdk_bundle-2.24.6.jar,file:///home/***/.ivy2.5.2/jars/org.wildfly.openssl_wildfly-openssl-1.1.3.Final.jar)
[2025-09-10T09:43:51.494+0000] {spark_submit.py:521} INFO - (spark.submit.deployMode,client)
[2025-09-10T09:43:51.495+0000] {spark_submit.py:521} INFO - (spark.submit.pyFiles,/home/***/.ivy2.5.2/jars/org.apache.hadoop_hadoop-aws-3.4.1.jar,/home/***/.ivy2.5.2/jars/software.amazon.awssdk_bundle-2.24.6.jar,/home/***/.ivy2.5.2/jars/org.wildfly.openssl_wildfly-openssl-1.1.3.Final.jar)
[2025-09-10T09:43:51.496+0000] {spark_submit.py:521} INFO - Classpath elements:
[2025-09-10T09:43:51.496+0000] {spark_submit.py:521} INFO - file:///home/***/.ivy2.5.2/jars/org.apache.hadoop_hadoop-aws-3.4.1.jar
[2025-09-10T09:43:51.496+0000] {spark_submit.py:521} INFO - file:///home/***/.ivy2.5.2/jars/software.amazon.awssdk_bundle-2.24.6.jar
[2025-09-10T09:43:51.497+0000] {spark_submit.py:521} INFO - file:///home/***/.ivy2.5.2/jars/org.wildfly.openssl_wildfly-openssl-1.1.3.Final.jar
[2025-09-10T09:43:51.497+0000] {spark_submit.py:521} INFO - 
[2025-09-10T09:43:51.498+0000] {spark_submit.py:521} INFO - 
[2025-09-10T09:43:54.629+0000] {spark_submit.py:521} INFO - Using Spark's default log4j profile: org/apache/spark/log4j2-defaults.properties
[2025-09-10T09:43:54.637+0000] {spark_submit.py:521} INFO - 25/09/10 09:43:54 INFO SparkContext: Running Spark version 4.0.1
[2025-09-10T09:43:54.640+0000] {spark_submit.py:521} INFO - 25/09/10 09:43:54 INFO SparkContext: OS info Linux, 5.15.167.4-microsoft-standard-WSL2, amd64
[2025-09-10T09:43:54.642+0000] {spark_submit.py:521} INFO - 25/09/10 09:43:54 INFO SparkContext: Java version 17.0.16
[2025-09-10T09:43:54.686+0000] {spark_submit.py:521} INFO - 25/09/10 09:43:54 INFO ResourceUtils: ==============================================================
[2025-09-10T09:43:54.686+0000] {spark_submit.py:521} INFO - 25/09/10 09:43:54 INFO ResourceUtils: No custom resources configured for spark.driver.
[2025-09-10T09:43:54.686+0000] {spark_submit.py:521} INFO - 25/09/10 09:43:54 INFO ResourceUtils: ==============================================================
[2025-09-10T09:43:54.687+0000] {spark_submit.py:521} INFO - 25/09/10 09:43:54 INFO SparkContext: Submitted application: TransformTest
[2025-09-10T09:43:54.722+0000] {spark_submit.py:521} INFO - 25/09/10 09:43:54 INFO ResourceProfile: Default ResourceProfile created, executor resources: Map(cores -> name: cores, amount: 1, script: , vendor: , memory -> name: memory, amount: 1024, script: , vendor: , offHeap -> name: offHeap, amount: 0, script: , vendor: ), task resources: Map(cpus -> name: cpus, amount: 1.0)
[2025-09-10T09:43:54.726+0000] {spark_submit.py:521} INFO - 25/09/10 09:43:54 INFO ResourceProfile: Limiting resource is cpu
[2025-09-10T09:43:54.729+0000] {spark_submit.py:521} INFO - 25/09/10 09:43:54 INFO ResourceProfileManager: Added ResourceProfile id: 0
[2025-09-10T09:43:54.944+0000] {spark_submit.py:521} INFO - 25/09/10 09:43:54 INFO SecurityManager: Changing view acls to: ***
[2025-09-10T09:43:54.950+0000] {spark_submit.py:521} INFO - 25/09/10 09:43:54 INFO SecurityManager: Changing modify acls to: ***
[2025-09-10T09:43:54.951+0000] {spark_submit.py:521} INFO - 25/09/10 09:43:54 INFO SecurityManager: Changing view acls groups to: ***
[2025-09-10T09:43:54.955+0000] {spark_submit.py:521} INFO - 25/09/10 09:43:54 INFO SecurityManager: Changing modify acls groups to: ***
[2025-09-10T09:43:54.961+0000] {spark_submit.py:521} INFO - 25/09/10 09:43:54 INFO SecurityManager: SecurityManager: authentication disabled; ui acls disabled; users with view permissions: *** groups with view permissions: EMPTY; users with modify permissions: ***; groups with modify permissions: EMPTY; RPC SSL disabled
[2025-09-10T09:43:55.362+0000] {spark_submit.py:521} INFO - 25/09/10 09:43:55 INFO Utils: Successfully started service 'sparkDriver' on port 37945.
[2025-09-10T09:43:55.402+0000] {spark_submit.py:521} INFO - 25/09/10 09:43:55 INFO SparkEnv: Registering MapOutputTracker
[2025-09-10T09:43:55.414+0000] {spark_submit.py:521} INFO - 25/09/10 09:43:55 INFO SparkEnv: Registering BlockManagerMaster
[2025-09-10T09:43:55.436+0000] {spark_submit.py:521} INFO - 25/09/10 09:43:55 INFO BlockManagerMasterEndpoint: Using org.apache.spark.storage.DefaultTopologyMapper for getting topology information
[2025-09-10T09:43:55.437+0000] {spark_submit.py:521} INFO - 25/09/10 09:43:55 INFO BlockManagerMasterEndpoint: BlockManagerMasterEndpoint up
[2025-09-10T09:43:55.440+0000] {spark_submit.py:521} INFO - 25/09/10 09:43:55 INFO SparkEnv: Registering BlockManagerMasterHeartbeat
[2025-09-10T09:43:55.476+0000] {spark_submit.py:521} INFO - 25/09/10 09:43:55 INFO DiskBlockManager: Created local directory at /tmp/blockmgr-344802bb-130a-4566-9d6f-5d1e5223ee12
[2025-09-10T09:43:55.511+0000] {spark_submit.py:521} INFO - 25/09/10 09:43:55 INFO SparkEnv: Registering OutputCommitCoordinator
[2025-09-10T09:43:55.707+0000] {spark_submit.py:521} INFO - 25/09/10 09:43:55 INFO JettyUtils: Start Jetty 0.0.0.0:4040 for SparkUI
[2025-09-10T09:43:55.887+0000] {spark_submit.py:521} INFO - 25/09/10 09:43:55 INFO Utils: Successfully started service 'SparkUI' on port 4040.
[2025-09-10T09:43:56.059+0000] {spark_submit.py:521} INFO - 25/09/10 09:43:56 INFO SparkContext: Added JAR file:///home/***/.ivy2.5.2/jars/org.apache.hadoop_hadoop-aws-3.4.1.jar at spark://118acb478e13:37945/jars/org.apache.hadoop_hadoop-aws-3.4.1.jar with timestamp 1757497434620
[2025-09-10T09:43:56.062+0000] {spark_submit.py:521} INFO - 25/09/10 09:43:56 INFO SparkContext: Added JAR file:///home/***/.ivy2.5.2/jars/software.amazon.awssdk_bundle-2.24.6.jar at spark://118acb478e13:37945/jars/software.amazon.awssdk_bundle-2.24.6.jar with timestamp 1757497434620
[2025-09-10T09:43:56.065+0000] {spark_submit.py:521} INFO - 25/09/10 09:43:56 INFO SparkContext: Added JAR file:///home/***/.ivy2.5.2/jars/org.wildfly.openssl_wildfly-openssl-1.1.3.Final.jar at spark://118acb478e13:37945/jars/org.wildfly.openssl_wildfly-openssl-1.1.3.Final.jar with timestamp 1757497434620
[2025-09-10T09:43:56.089+0000] {spark_submit.py:521} INFO - 25/09/10 09:43:56 INFO SparkContext: Added file file:///home/***/.ivy2.5.2/jars/org.apache.hadoop_hadoop-aws-3.4.1.jar at file:///home/***/.ivy2.5.2/jars/org.apache.hadoop_hadoop-aws-3.4.1.jar with timestamp 1757497434620
[2025-09-10T09:43:56.096+0000] {spark_submit.py:521} INFO - 25/09/10 09:43:56 INFO Utils: Copying /home/***/.ivy2.5.2/jars/org.apache.hadoop_hadoop-aws-3.4.1.jar to /tmp/spark-185eb696-7e48-4e46-89b3-09b4e3df286f/userFiles-82a315fe-d264-42e5-a0f4-76f342eb9dd9/org.apache.hadoop_hadoop-aws-3.4.1.jar
[2025-09-10T09:43:56.158+0000] {spark_submit.py:521} INFO - 25/09/10 09:43:56 INFO SparkContext: Added file file:///home/***/.ivy2.5.2/jars/software.amazon.awssdk_bundle-2.24.6.jar at file:///home/***/.ivy2.5.2/jars/software.amazon.awssdk_bundle-2.24.6.jar with timestamp 1757497434620
[2025-09-10T09:43:56.163+0000] {spark_submit.py:521} INFO - 25/09/10 09:43:56 INFO Utils: Copying /home/***/.ivy2.5.2/jars/software.amazon.awssdk_bundle-2.24.6.jar to /tmp/spark-185eb696-7e48-4e46-89b3-09b4e3df286f/userFiles-82a315fe-d264-42e5-a0f4-76f342eb9dd9/software.amazon.awssdk_bundle-2.24.6.jar
[2025-09-10T09:44:17.598+0000] {spark_submit.py:521} INFO - 25/09/10 09:44:17 INFO SparkContext: Added file file:///home/***/.ivy2.5.2/jars/org.wildfly.openssl_wildfly-openssl-1.1.3.Final.jar at file:///home/***/.ivy2.5.2/jars/org.wildfly.openssl_wildfly-openssl-1.1.3.Final.jar with timestamp 1757497434620
[2025-09-10T09:44:17.599+0000] {spark_submit.py:521} INFO - 25/09/10 09:44:17 INFO Utils: Copying /home/***/.ivy2.5.2/jars/org.wildfly.openssl_wildfly-openssl-1.1.3.Final.jar to /tmp/spark-185eb696-7e48-4e46-89b3-09b4e3df286f/userFiles-82a315fe-d264-42e5-a0f4-76f342eb9dd9/org.wildfly.openssl_wildfly-openssl-1.1.3.Final.jar
[2025-09-10T09:44:17.642+0000] {spark_submit.py:521} INFO - 25/09/10 09:44:17 INFO SecurityManager: Changing view acls to: ***
[2025-09-10T09:44:17.642+0000] {spark_submit.py:521} INFO - 25/09/10 09:44:17 INFO SecurityManager: Changing modify acls to: ***
[2025-09-10T09:44:17.643+0000] {spark_submit.py:521} INFO - 25/09/10 09:44:17 INFO SecurityManager: Changing view acls groups to: ***
[2025-09-10T09:44:17.643+0000] {spark_submit.py:521} INFO - 25/09/10 09:44:17 INFO SecurityManager: Changing modify acls groups to: ***
[2025-09-10T09:44:17.643+0000] {spark_submit.py:521} INFO - 25/09/10 09:44:17 INFO SecurityManager: SecurityManager: authentication disabled; ui acls disabled; users with view permissions: *** groups with view permissions: EMPTY; users with modify permissions: ***; groups with modify permissions: EMPTY; RPC SSL disabled
[2025-09-10T09:44:17.814+0000] {spark_submit.py:521} INFO - 25/09/10 09:44:17 INFO Executor: Starting executor ID driver on host 118acb478e13
[2025-09-10T09:44:17.814+0000] {spark_submit.py:521} INFO - 25/09/10 09:44:17 INFO Executor: OS info Linux, 5.15.167.4-microsoft-standard-WSL2, amd64
[2025-09-10T09:44:17.815+0000] {spark_submit.py:521} INFO - 25/09/10 09:44:17 INFO Executor: Java version 17.0.16
[2025-09-10T09:44:17.828+0000] {spark_submit.py:521} INFO - 25/09/10 09:44:17 INFO Executor: Starting executor with user classpath (userClassPathFirst = false): ''
[2025-09-10T09:44:17.830+0000] {spark_submit.py:521} INFO - 25/09/10 09:44:17 INFO Executor: Created or updated repl class loader org.apache.spark.util.MutableURLClassLoader@486bdd74 for default.
[2025-09-10T09:44:17.843+0000] {spark_submit.py:521} INFO - 25/09/10 09:44:17 INFO Executor: Fetching file:///home/***/.ivy2.5.2/jars/org.wildfly.openssl_wildfly-openssl-1.1.3.Final.jar with timestamp 1757497434620
[2025-09-10T09:44:17.876+0000] {spark_submit.py:521} INFO - 25/09/10 09:44:17 INFO Utils: /home/***/.ivy2.5.2/jars/org.wildfly.openssl_wildfly-openssl-1.1.3.Final.jar has been previously copied to /tmp/spark-185eb696-7e48-4e46-89b3-09b4e3df286f/userFiles-82a315fe-d264-42e5-a0f4-76f342eb9dd9/org.wildfly.openssl_wildfly-openssl-1.1.3.Final.jar
[2025-09-10T09:44:17.888+0000] {spark_submit.py:521} INFO - 25/09/10 09:44:17 INFO Executor: Fetching file:///home/***/.ivy2.5.2/jars/org.apache.hadoop_hadoop-aws-3.4.1.jar with timestamp 1757497434620
[2025-09-10T09:44:17.891+0000] {spark_submit.py:521} INFO - 25/09/10 09:44:17 INFO Utils: /home/***/.ivy2.5.2/jars/org.apache.hadoop_hadoop-aws-3.4.1.jar has been previously copied to /tmp/spark-185eb696-7e48-4e46-89b3-09b4e3df286f/userFiles-82a315fe-d264-42e5-a0f4-76f342eb9dd9/org.apache.hadoop_hadoop-aws-3.4.1.jar
[2025-09-10T09:44:17.900+0000] {spark_submit.py:521} INFO - 25/09/10 09:44:17 INFO Executor: Fetching file:///home/***/.ivy2.5.2/jars/software.amazon.awssdk_bundle-2.24.6.jar with timestamp 1757497434620
[2025-09-10T09:44:18.226+0000] {spark_submit.py:521} INFO - 25/09/10 09:44:18 INFO Utils: /home/***/.ivy2.5.2/jars/software.amazon.awssdk_bundle-2.24.6.jar has been previously copied to /tmp/spark-185eb696-7e48-4e46-89b3-09b4e3df286f/userFiles-82a315fe-d264-42e5-a0f4-76f342eb9dd9/software.amazon.awssdk_bundle-2.24.6.jar
[2025-09-10T09:44:18.245+0000] {spark_submit.py:521} INFO - 25/09/10 09:44:18 INFO Executor: Fetching spark://118acb478e13:37945/jars/org.wildfly.openssl_wildfly-openssl-1.1.3.Final.jar with timestamp 1757497434620
[2025-09-10T09:44:18.299+0000] {spark_submit.py:521} INFO - 25/09/10 09:44:18 INFO TransportClientFactory: Successfully created connection to 118acb478e13/172.18.0.10:37945 after 29 ms (0 ms spent in bootstraps)
[2025-09-10T09:44:18.304+0000] {spark_submit.py:521} INFO - 25/09/10 09:44:18 INFO Utils: Fetching spark://118acb478e13:37945/jars/org.wildfly.openssl_wildfly-openssl-1.1.3.Final.jar to /tmp/spark-185eb696-7e48-4e46-89b3-09b4e3df286f/userFiles-82a315fe-d264-42e5-a0f4-76f342eb9dd9/fetchFileTemp10534528042393486411.tmp
[2025-09-10T09:44:18.320+0000] {spark_submit.py:521} INFO - 25/09/10 09:44:18 INFO Utils: /tmp/spark-185eb696-7e48-4e46-89b3-09b4e3df286f/userFiles-82a315fe-d264-42e5-a0f4-76f342eb9dd9/fetchFileTemp10534528042393486411.tmp has been previously copied to /tmp/spark-185eb696-7e48-4e46-89b3-09b4e3df286f/userFiles-82a315fe-d264-42e5-a0f4-76f342eb9dd9/org.wildfly.openssl_wildfly-openssl-1.1.3.Final.jar
[2025-09-10T09:44:18.352+0000] {spark_submit.py:521} INFO - 25/09/10 09:44:18 INFO Executor: Adding file:/tmp/spark-185eb696-7e48-4e46-89b3-09b4e3df286f/userFiles-82a315fe-d264-42e5-a0f4-76f342eb9dd9/org.wildfly.openssl_wildfly-openssl-1.1.3.Final.jar to class loader default
[2025-09-10T09:44:18.352+0000] {spark_submit.py:521} INFO - 25/09/10 09:44:18 INFO Executor: Fetching spark://118acb478e13:37945/jars/software.amazon.awssdk_bundle-2.24.6.jar with timestamp 1757497434620
[2025-09-10T09:44:18.355+0000] {spark_submit.py:521} INFO - 25/09/10 09:44:18 INFO Utils: Fetching spark://118acb478e13:37945/jars/software.amazon.awssdk_bundle-2.24.6.jar to /tmp/spark-185eb696-7e48-4e46-89b3-09b4e3df286f/userFiles-82a315fe-d264-42e5-a0f4-76f342eb9dd9/fetchFileTemp1082302973962448835.tmp
[2025-09-10T09:44:30.021+0000] {spark_submit.py:521} INFO - 25/09/10 09:44:30 INFO Utils: /tmp/spark-185eb696-7e48-4e46-89b3-09b4e3df286f/userFiles-82a315fe-d264-42e5-a0f4-76f342eb9dd9/fetchFileTemp1082302973962448835.tmp has been previously copied to /tmp/spark-185eb696-7e48-4e46-89b3-09b4e3df286f/userFiles-82a315fe-d264-42e5-a0f4-76f342eb9dd9/software.amazon.awssdk_bundle-2.24.6.jar
[2025-09-10T09:44:30.954+0000] {spark_submit.py:521} INFO - 25/09/10 09:44:30 INFO Executor: Adding file:/tmp/spark-185eb696-7e48-4e46-89b3-09b4e3df286f/userFiles-82a315fe-d264-42e5-a0f4-76f342eb9dd9/software.amazon.awssdk_bundle-2.24.6.jar to class loader default
[2025-09-10T09:44:30.954+0000] {spark_submit.py:521} INFO - 25/09/10 09:44:30 INFO Executor: Fetching spark://118acb478e13:37945/jars/org.apache.hadoop_hadoop-aws-3.4.1.jar with timestamp 1757497434620
[2025-09-10T09:44:30.955+0000] {spark_submit.py:521} INFO - 25/09/10 09:44:30 INFO Utils: Fetching spark://118acb478e13:37945/jars/org.apache.hadoop_hadoop-aws-3.4.1.jar to /tmp/spark-185eb696-7e48-4e46-89b3-09b4e3df286f/userFiles-82a315fe-d264-42e5-a0f4-76f342eb9dd9/fetchFileTemp12250783393517877938.tmp
[2025-09-10T09:44:30.962+0000] {spark_submit.py:521} INFO - 25/09/10 09:44:30 INFO Utils: /tmp/spark-185eb696-7e48-4e46-89b3-09b4e3df286f/userFiles-82a315fe-d264-42e5-a0f4-76f342eb9dd9/fetchFileTemp12250783393517877938.tmp has been previously copied to /tmp/spark-185eb696-7e48-4e46-89b3-09b4e3df286f/userFiles-82a315fe-d264-42e5-a0f4-76f342eb9dd9/org.apache.hadoop_hadoop-aws-3.4.1.jar
[2025-09-10T09:44:30.968+0000] {spark_submit.py:521} INFO - 25/09/10 09:44:30 INFO Executor: Adding file:/tmp/spark-185eb696-7e48-4e46-89b3-09b4e3df286f/userFiles-82a315fe-d264-42e5-a0f4-76f342eb9dd9/org.apache.hadoop_hadoop-aws-3.4.1.jar to class loader default
[2025-09-10T09:44:30.970+0000] {spark_submit.py:521} INFO - 25/09/10 09:44:30 INFO Executor: Told to re-register on heartbeat
[2025-09-10T09:44:30.971+0000] {spark_submit.py:521} INFO - 25/09/10 09:44:30 INFO BlockManager: BlockManager null re-registering with master
[2025-09-10T09:44:30.973+0000] {spark_submit.py:521} INFO - 25/09/10 09:44:30 INFO BlockManagerMaster: Registering BlockManager null
[2025-09-10T09:44:30.982+0000] {spark_submit.py:521} INFO - 25/09/10 09:44:30 INFO Utils: Successfully started service 'org.apache.spark.network.netty.NettyBlockTransferService' on port 39075.
[2025-09-10T09:44:30.982+0000] {spark_submit.py:521} INFO - 25/09/10 09:44:30 INFO NettyBlockTransferService: Server created on 118acb478e13:39075
[2025-09-10T09:44:30.985+0000] {spark_submit.py:521} INFO - 25/09/10 09:44:30 ERROR Inbox: Ignoring error
[2025-09-10T09:44:30.985+0000] {spark_submit.py:521} INFO - java.lang.NullPointerException: Cannot invoke "org.apache.spark.storage.BlockManagerId.executorId()" because "idWithoutTopologyInfo" is null
[2025-09-10T09:44:30.986+0000] {spark_submit.py:521} INFO - at org.apache.spark.storage.BlockManagerMasterEndpoint.org$apache$spark$storage$BlockManagerMasterEndpoint$$register(BlockManagerMasterEndpoint.scala:689)
[2025-09-10T09:44:30.986+0000] {spark_submit.py:521} INFO - at org.apache.spark.storage.BlockManagerMasterEndpoint$$anonfun$receiveAndReply$1.applyOrElse(BlockManagerMasterEndpoint.scala:141)
[2025-09-10T09:44:30.987+0000] {spark_submit.py:521} INFO - at org.apache.spark.rpc.netty.Inbox.$anonfun$process$1(Inbox.scala:104)
[2025-09-10T09:44:30.987+0000] {spark_submit.py:521} INFO - at org.apache.spark.rpc.netty.Inbox.safelyCall(Inbox.scala:216)
[2025-09-10T09:44:30.987+0000] {spark_submit.py:521} INFO - at org.apache.spark.rpc.netty.Inbox.process(Inbox.scala:101)
[2025-09-10T09:44:30.987+0000] {spark_submit.py:521} INFO - at org.apache.spark.rpc.netty.MessageLoop.org$apache$spark$rpc$netty$MessageLoop$$receiveLoop(MessageLoop.scala:76)
[2025-09-10T09:44:30.988+0000] {spark_submit.py:521} INFO - at org.apache.spark.rpc.netty.MessageLoop$$anon$1.run(MessageLoop.scala:42)
[2025-09-10T09:44:30.988+0000] {spark_submit.py:521} INFO - at java.base/java.util.concurrent.ThreadPoolExecutor.runWorker(ThreadPoolExecutor.java:1136)
[2025-09-10T09:44:30.988+0000] {spark_submit.py:521} INFO - at java.base/java.util.concurrent.ThreadPoolExecutor$Worker.run(ThreadPoolExecutor.java:635)
[2025-09-10T09:44:30.989+0000] {spark_submit.py:521} INFO - at java.base/java.lang.Thread.run(Thread.java:840)
[2025-09-10T09:44:30.989+0000] {spark_submit.py:521} INFO - 25/09/10 09:44:30 INFO BlockManager: Using org.apache.spark.storage.RandomBlockReplicationPolicy for block replication policy
[2025-09-10T09:44:30.989+0000] {spark_submit.py:521} INFO - 25/09/10 09:44:30 WARN Executor: Issue communicating with driver in heartbeater
[2025-09-10T09:44:30.990+0000] {spark_submit.py:521} INFO - org.apache.spark.SparkException: Exception thrown in awaitResult:
[2025-09-10T09:44:30.990+0000] {spark_submit.py:521} INFO - at org.apache.spark.util.SparkThreadUtils$.awaitResult(SparkThreadUtils.scala:53)
[2025-09-10T09:44:30.990+0000] {spark_submit.py:521} INFO - at org.apache.spark.util.ThreadUtils$.awaitResult(ThreadUtils.scala:342)
[2025-09-10T09:44:30.991+0000] {spark_submit.py:521} INFO - at org.apache.spark.rpc.RpcTimeout.awaitResult(RpcTimeout.scala:75)
[2025-09-10T09:44:30.992+0000] {spark_submit.py:521} INFO - at org.apache.spark.rpc.RpcEndpointRef.askSync(RpcEndpointRef.scala:101)
[2025-09-10T09:44:30.992+0000] {spark_submit.py:521} INFO - at org.apache.spark.rpc.RpcEndpointRef.askSync(RpcEndpointRef.scala:85)
[2025-09-10T09:44:30.992+0000] {spark_submit.py:521} INFO - at org.apache.spark.storage.BlockManagerMaster.registerBlockManager(BlockManagerMaster.scala:81)
[2025-09-10T09:44:30.992+0000] {spark_submit.py:521} INFO - at org.apache.spark.storage.BlockManager.reregister(BlockManager.scala:669)
[2025-09-10T09:44:30.993+0000] {spark_submit.py:521} INFO - at org.apache.spark.executor.Executor.reportHeartBeat(Executor.scala:1296)
[2025-09-10T09:44:30.993+0000] {spark_submit.py:521} INFO - at org.apache.spark.executor.Executor.$anonfun$heartbeater$1(Executor.scala:307)
[2025-09-10T09:44:30.993+0000] {spark_submit.py:521} INFO - at scala.runtime.java8.JFunction0$mcV$sp.apply(JFunction0$mcV$sp.scala:18)
[2025-09-10T09:44:30.993+0000] {spark_submit.py:521} INFO - at org.apache.spark.util.Utils$.logUncaughtExceptions(Utils.scala:1937)
[2025-09-10T09:44:30.993+0000] {spark_submit.py:521} INFO - at org.apache.spark.Heartbeater$$anon$1.run(Heartbeater.scala:46)
[2025-09-10T09:44:30.993+0000] {spark_submit.py:521} INFO - at java.base/java.util.concurrent.Executors$RunnableAdapter.call(Executors.java:539)
[2025-09-10T09:44:30.994+0000] {spark_submit.py:521} INFO - at java.base/java.util.concurrent.FutureTask.runAndReset(FutureTask.java:305)
[2025-09-10T09:44:30.994+0000] {spark_submit.py:521} INFO - at java.base/java.util.concurrent.ScheduledThreadPoolExecutor$ScheduledFutureTask.run(ScheduledThreadPoolExecutor.java:305)
[2025-09-10T09:44:30.994+0000] {spark_submit.py:521} INFO - at java.base/java.util.concurrent.ThreadPoolExecutor.runWorker(ThreadPoolExecutor.java:1136)
[2025-09-10T09:44:30.995+0000] {spark_submit.py:521} INFO - at java.base/java.util.concurrent.ThreadPoolExecutor$Worker.run(ThreadPoolExecutor.java:635)
[2025-09-10T09:44:30.995+0000] {spark_submit.py:521} INFO - at java.base/java.lang.Thread.run(Thread.java:840)
[2025-09-10T09:44:30.995+0000] {spark_submit.py:521} INFO - Caused by: java.lang.NullPointerException: Cannot invoke "org.apache.spark.storage.BlockManagerId.executorId()" because "idWithoutTopologyInfo" is null
[2025-09-10T09:44:30.995+0000] {spark_submit.py:521} INFO - at org.apache.spark.storage.BlockManagerMasterEndpoint.org$apache$spark$storage$BlockManagerMasterEndpoint$$register(BlockManagerMasterEndpoint.scala:689)
[2025-09-10T09:44:30.996+0000] {spark_submit.py:521} INFO - at org.apache.spark.storage.BlockManagerMasterEndpoint$$anonfun$receiveAndReply$1.applyOrElse(BlockManagerMasterEndpoint.scala:141)
[2025-09-10T09:44:30.996+0000] {spark_submit.py:521} INFO - at org.apache.spark.rpc.netty.Inbox.$anonfun$process$1(Inbox.scala:104)
[2025-09-10T09:44:30.996+0000] {spark_submit.py:521} INFO - at org.apache.spark.rpc.netty.Inbox.safelyCall(Inbox.scala:216)
[2025-09-10T09:44:30.996+0000] {spark_submit.py:521} INFO - at org.apache.spark.rpc.netty.Inbox.process(Inbox.scala:101)
[2025-09-10T09:44:30.996+0000] {spark_submit.py:521} INFO - at org.apache.spark.rpc.netty.MessageLoop.org$apache$spark$rpc$netty$MessageLoop$$receiveLoop(MessageLoop.scala:76)
[2025-09-10T09:44:30.997+0000] {spark_submit.py:521} INFO - at org.apache.spark.rpc.netty.MessageLoop$$anon$1.run(MessageLoop.scala:42)
[2025-09-10T09:44:30.997+0000] {spark_submit.py:521} INFO - ... 3 more
[2025-09-10T09:44:31.001+0000] {spark_submit.py:521} INFO - 25/09/10 09:44:31 INFO BlockManagerMaster: Registering BlockManager BlockManagerId(driver, 118acb478e13, 39075, None)
[2025-09-10T09:44:31.005+0000] {spark_submit.py:521} INFO - 25/09/10 09:44:31 INFO BlockManagerMasterEndpoint: Registering block manager 118acb478e13:39075 with 434.4 MiB RAM, BlockManagerId(driver, 118acb478e13, 39075, None)
[2025-09-10T09:44:31.008+0000] {spark_submit.py:521} INFO - 25/09/10 09:44:31 INFO BlockManagerMaster: Registered BlockManager BlockManagerId(driver, 118acb478e13, 39075, None)
[2025-09-10T09:44:31.009+0000] {spark_submit.py:521} INFO - 25/09/10 09:44:31 INFO BlockManager: Initialized BlockManager: BlockManagerId(driver, 118acb478e13, 39075, None)
[2025-09-10T09:44:33.604+0000] {spark_submit.py:521} INFO - 25/09/10 09:44:33 INFO SharedState: Setting hive.metastore.warehouse.dir ('null') to the value of spark.sql.warehouse.dir.
[2025-09-10T09:44:33.606+0000] {spark_submit.py:521} INFO - 25/09/10 09:44:33 INFO SharedState: Warehouse path is 'file:/opt/***/spark-warehouse'.
[2025-09-10T09:44:34.878+0000] {spark_submit.py:521} INFO - 25/09/10 09:44:34 WARN MetricsConfig: Cannot locate configuration: tried hadoop-metrics2-s3a-file-system.properties,hadoop-metrics2.properties
[2025-09-10T09:44:34.893+0000] {spark_submit.py:521} INFO - 25/09/10 09:44:34 INFO MetricsSystemImpl: Scheduled Metric snapshot period at 10 second(s).
[2025-09-10T09:44:34.894+0000] {spark_submit.py:521} INFO - 25/09/10 09:44:34 INFO MetricsSystemImpl: s3a-file-system metrics system started
[2025-09-10T09:44:34.966+0000] {spark_submit.py:521} INFO - SLF4J: Failed to load class "org.slf4j.impl.StaticLoggerBinder".
[2025-09-10T09:44:34.966+0000] {spark_submit.py:521} INFO - SLF4J: Defaulting to no-operation (NOP) logger implementation
[2025-09-10T09:44:34.966+0000] {spark_submit.py:521} INFO - SLF4J: See http://www.slf4j.org/codes.html#StaticLoggerBinder for further details.
[2025-09-10T09:44:35.820+0000] {spark_submit.py:521} INFO - 25/09/10 09:44:35 INFO HadoopFSUtils: Listing s3a://job/bronze/vietnamworkcv/vietnamworkcv_jobs.parquet with listFiles API
[2025-09-10T09:44:35.945+0000] {spark_submit.py:521} INFO - 25/09/10 09:44:35 INFO InMemoryFileIndex: It took 137 ms to list leaf files for 1 paths.
[2025-09-10T09:44:36.204+0000] {spark_submit.py:521} INFO - 25/09/10 09:44:36 INFO SparkContext: Starting job: parquet at NativeMethodAccessorImpl.java:0
[2025-09-10T09:44:36.221+0000] {spark_submit.py:521} INFO - 25/09/10 09:44:36 INFO DAGScheduler: Got job 0 (parquet at NativeMethodAccessorImpl.java:0) with 1 output partitions
[2025-09-10T09:44:36.223+0000] {spark_submit.py:521} INFO - 25/09/10 09:44:36 INFO DAGScheduler: Final stage: ResultStage 0 (parquet at NativeMethodAccessorImpl.java:0)
[2025-09-10T09:44:36.223+0000] {spark_submit.py:521} INFO - 25/09/10 09:44:36 INFO DAGScheduler: Parents of final stage: List()
[2025-09-10T09:44:36.226+0000] {spark_submit.py:521} INFO - 25/09/10 09:44:36 INFO DAGScheduler: Missing parents: List()
[2025-09-10T09:44:36.229+0000] {spark_submit.py:521} INFO - 25/09/10 09:44:36 INFO DAGScheduler: Submitting ResultStage 0 (MapPartitionsRDD[1] at parquet at NativeMethodAccessorImpl.java:0), which has no missing parents
[2025-09-10T09:44:36.272+0000] {spark_submit.py:521} INFO - 25/09/10 09:44:36 INFO MemoryStore: MemoryStore started with capacity 434.4 MiB
[2025-09-10T09:44:36.284+0000] {spark_submit.py:521} INFO - 25/09/10 09:44:36 INFO MemoryStore: Block broadcast_0 stored as values in memory (estimated size 117.1 KiB, free 434.3 MiB)
[2025-09-10T09:44:36.322+0000] {spark_submit.py:521} INFO - 25/09/10 09:44:36 INFO MemoryStore: Block broadcast_0_piece0 stored as bytes in memory (estimated size 42.1 KiB, free 434.2 MiB)
[2025-09-10T09:44:36.330+0000] {spark_submit.py:521} INFO - 25/09/10 09:44:36 INFO SparkContext: Created broadcast 0 from broadcast at DAGScheduler.scala:1676
[2025-09-10T09:44:36.361+0000] {spark_submit.py:521} INFO - 25/09/10 09:44:36 INFO DAGScheduler: Submitting 1 missing tasks from ResultStage 0 (MapPartitionsRDD[1] at parquet at NativeMethodAccessorImpl.java:0) (first 15 tasks are for partitions Vector(0))
[2025-09-10T09:44:36.364+0000] {spark_submit.py:521} INFO - 25/09/10 09:44:36 INFO TaskSchedulerImpl: Adding task set 0.0 with 1 tasks resource profile 0
[2025-09-10T09:44:36.397+0000] {spark_submit.py:521} INFO - 25/09/10 09:44:36 INFO TaskSetManager: Starting task 0.0 in stage 0.0 (TID 0) (118acb478e13,executor driver, partition 0, PROCESS_LOCAL, 10759 bytes)
[2025-09-10T09:44:36.410+0000] {spark_submit.py:521} INFO - 25/09/10 09:44:36 INFO Executor: Running task 0.0 in stage 0.0 (TID 0)
[2025-09-10T09:44:36.903+0000] {spark_submit.py:521} INFO - 25/09/10 09:44:36 INFO Executor: Finished task 0.0 in stage 0.0 (TID 0). 7214 bytes result sent to driver
[2025-09-10T09:44:36.915+0000] {spark_submit.py:521} INFO - 25/09/10 09:44:36 INFO TaskSetManager: Finished task 0.0 in stage 0.0 (TID 0) in 532 ms on 118acb478e13 (executor driver) (1/1)
[2025-09-10T09:44:36.918+0000] {spark_submit.py:521} INFO - 25/09/10 09:44:36 INFO TaskSchedulerImpl: Removed TaskSet 0.0 whose tasks have all completed, from pool
[2025-09-10T09:44:36.922+0000] {spark_submit.py:521} INFO - 25/09/10 09:44:36 INFO DAGScheduler: ResultStage 0 (parquet at NativeMethodAccessorImpl.java:0) finished in 676 ms
[2025-09-10T09:44:36.924+0000] {spark_submit.py:521} INFO - 25/09/10 09:44:36 INFO DAGScheduler: Job 0 is finished. Cancelling potential speculative or zombie tasks for this job
[2025-09-10T09:44:36.924+0000] {spark_submit.py:521} INFO - 25/09/10 09:44:36 INFO TaskSchedulerImpl: Canceling stage 0
[2025-09-10T09:44:36.925+0000] {spark_submit.py:521} INFO - 25/09/10 09:44:36 INFO TaskSchedulerImpl: Killing all running tasks in stage 0: Stage finished
[2025-09-10T09:44:36.928+0000] {spark_submit.py:521} INFO - 25/09/10 09:44:36 INFO DAGScheduler: Job 0 finished: parquet at NativeMethodAccessorImpl.java:0, took 724.044518 ms
[2025-09-10T09:44:38.151+0000] {spark_submit.py:521} INFO - 25/09/10 09:44:38 INFO FileSourceStrategy: Pushed Filters:
[2025-09-10T09:44:38.153+0000] {spark_submit.py:521} INFO - 25/09/10 09:44:38 INFO FileSourceStrategy: Post-Scan Filters: Set()
[2025-09-10T09:44:38.539+0000] {spark_submit.py:521} INFO - 25/09/10 09:44:38 INFO CodeGenerator: Code generated in 172.535104 ms
[2025-09-10T09:44:38.630+0000] {spark_submit.py:521} INFO - 25/09/10 09:44:38 INFO CodeGenerator: Code generated in 43.505523 ms
[2025-09-10T09:44:38.649+0000] {spark_submit.py:521} INFO - 25/09/10 09:44:38 INFO MemoryStore: Block broadcast_1 stored as values in memory (estimated size 222.7 KiB, free 434.2 MiB)
[2025-09-10T09:44:38.668+0000] {spark_submit.py:521} INFO - 25/09/10 09:44:38 INFO MemoryStore: Block broadcast_1_piece0 stored as bytes in memory (estimated size 40.6 KiB, free 434.1 MiB)
[2025-09-10T09:44:38.670+0000] {spark_submit.py:521} INFO - 25/09/10 09:44:38 INFO SparkContext: Created broadcast 1 from $anonfun$withThreadLocalCaptured$2 at CompletableFuture.java:1768
[2025-09-10T09:44:38.685+0000] {spark_submit.py:521} INFO - 25/09/10 09:44:38 INFO FileSourceScanExec: Planning scan with bin packing, max size: 4194304 bytes, open cost is considered as scanning 4194304 bytes.
[2025-09-10T09:44:38.807+0000] {spark_submit.py:521} INFO - 25/09/10 09:44:38 INFO DAGScheduler: Registering RDD 10 ($anonfun$withThreadLocalCaptured$2 at CompletableFuture.java:1768) as input to shuffle 0
[2025-09-10T09:44:38.814+0000] {spark_submit.py:521} INFO - 25/09/10 09:44:38 INFO DAGScheduler: Got map stage job 1 ($anonfun$withThreadLocalCaptured$2 at CompletableFuture.java:1768) with 1 output partitions
[2025-09-10T09:44:38.814+0000] {spark_submit.py:521} INFO - 25/09/10 09:44:38 INFO DAGScheduler: Final stage: ShuffleMapStage 1 ($anonfun$withThreadLocalCaptured$2 at CompletableFuture.java:1768)
[2025-09-10T09:44:38.815+0000] {spark_submit.py:521} INFO - 25/09/10 09:44:38 INFO DAGScheduler: Parents of final stage: List()
[2025-09-10T09:44:38.816+0000] {spark_submit.py:521} INFO - 25/09/10 09:44:38 INFO DAGScheduler: Missing parents: List()
[2025-09-10T09:44:38.817+0000] {spark_submit.py:521} INFO - 25/09/10 09:44:38 INFO DAGScheduler: Submitting ShuffleMapStage 1 (MapPartitionsRDD[10] at $anonfun$withThreadLocalCaptured$2 at CompletableFuture.java:1768), which has no missing parents
[2025-09-10T09:44:38.851+0000] {spark_submit.py:521} INFO - 25/09/10 09:44:38 INFO MemoryStore: Block broadcast_2 stored as values in memory (estimated size 66.3 KiB, free 434.1 MiB)
[2025-09-10T09:44:38.863+0000] {spark_submit.py:521} INFO - 25/09/10 09:44:38 INFO MemoryStore: Block broadcast_2_piece0 stored as bytes in memory (estimated size 25.3 KiB, free 434.1 MiB)
[2025-09-10T09:44:38.866+0000] {spark_submit.py:521} INFO - 25/09/10 09:44:38 INFO SparkContext: Created broadcast 2 from broadcast at DAGScheduler.scala:1676
[2025-09-10T09:44:38.868+0000] {spark_submit.py:521} INFO - 25/09/10 09:44:38 INFO DAGScheduler: Submitting 1 missing tasks from ShuffleMapStage 1 (MapPartitionsRDD[10] at $anonfun$withThreadLocalCaptured$2 at CompletableFuture.java:1768) (first 15 tasks are for partitions Vector(0))
[2025-09-10T09:44:38.868+0000] {spark_submit.py:521} INFO - 25/09/10 09:44:38 INFO TaskSchedulerImpl: Adding task set 1.0 with 1 tasks resource profile 0
[2025-09-10T09:44:38.872+0000] {spark_submit.py:521} INFO - 25/09/10 09:44:38 INFO TaskSetManager: Starting task 0.0 in stage 1.0 (TID 1) (118acb478e13,executor driver, partition 0, PROCESS_LOCAL, 11189 bytes)
[2025-09-10T09:44:38.878+0000] {spark_submit.py:521} INFO - 25/09/10 09:44:38 INFO Executor: Running task 0.0 in stage 1.0 (TID 1)
[2025-09-10T09:44:39.058+0000] {spark_submit.py:521} INFO - 25/09/10 09:44:39 INFO CodeGenerator: Code generated in 127.405177 ms
[2025-09-10T09:44:39.106+0000] {spark_submit.py:521} INFO - 25/09/10 09:44:39 INFO CodeGenerator: Code generated in 8.726849 ms
[2025-09-10T09:44:39.911+0000] {spark_submit.py:521} INFO - 25/09/10 09:44:39 INFO CodeGenerator: Code generated in 35.937081 ms
[2025-09-10T09:44:40.006+0000] {spark_submit.py:521} INFO - 25/09/10 09:44:40 INFO CodeGenerator: Code generated in 48.224414 ms
[2025-09-10T09:44:40.016+0000] {spark_submit.py:521} INFO - 25/09/10 09:44:40 INFO CodeGenerator: Code generated in 7.7796 ms
[2025-09-10T09:44:40.038+0000] {spark_submit.py:521} INFO - 25/09/10 09:44:40 INFO CodeGenerator: Code generated in 16.890659 ms
[2025-09-10T09:44:40.054+0000] {spark_submit.py:521} INFO - 25/09/10 09:44:40 INFO CodeGenerator: Code generated in 6.522774 ms
[2025-09-10T09:44:40.069+0000] {spark_submit.py:521} INFO - 25/09/10 09:44:40 INFO CodeGenerator: Code generated in 5.144182 ms
[2025-09-10T09:44:40.073+0000] {spark_submit.py:521} INFO - 25/09/10 09:44:40 INFO FileScanRDD: Reading File path: s3a://job/bronze/vietnamworkcv/vietnamworkcv_jobs.parquet, range: 0-279472, partition values: [empty row]
[2025-09-10T09:44:40.285+0000] {spark_submit.py:521} INFO - 25/09/10 09:44:40 INFO CodecPool: Got brand-new decompressor [.snappy]
[2025-09-10T09:44:40.480+0000] {spark_submit.py:521} INFO - 25/09/10 09:44:40 INFO PythonUDFWithNamedArgumentsRunner: Times: total = 1318, boot = 714, init = 394, finish = 210
[2025-09-10T09:44:40.512+0000] {spark_submit.py:521} INFO - 25/09/10 09:44:40 INFO CodeGenerator: Code generated in 9.290627 ms
[2025-09-10T09:44:40.523+0000] {spark_submit.py:521} INFO - 25/09/10 09:44:40 INFO SecurityManager: Changing view acls to: ***
[2025-09-10T09:44:40.524+0000] {spark_submit.py:521} INFO - 25/09/10 09:44:40 INFO SecurityManager: Changing modify acls to: ***
[2025-09-10T09:44:40.525+0000] {spark_submit.py:521} INFO - 25/09/10 09:44:40 INFO SecurityManager: Changing view acls groups to: ***
[2025-09-10T09:44:40.525+0000] {spark_submit.py:521} INFO - 25/09/10 09:44:40 INFO SecurityManager: Changing modify acls groups to: ***
[2025-09-10T09:44:40.526+0000] {spark_submit.py:521} INFO - 25/09/10 09:44:40 INFO SecurityManager: SecurityManager: authentication disabled; ui acls disabled; users with view permissions: *** groups with view permissions: EMPTY; users with modify permissions: ***; groups with modify permissions: EMPTY; RPC SSL disabled
[2025-09-10T09:44:40.647+0000] {spark_submit.py:521} INFO - 25/09/10 09:44:40 INFO Executor: Finished task 0.0 in stage 1.0 (TID 1). 3767 bytes result sent to driver
[2025-09-10T09:44:40.650+0000] {spark_submit.py:521} INFO - 25/09/10 09:44:40 INFO TaskSetManager: Finished task 0.0 in stage 1.0 (TID 1) in 1780 ms on 118acb478e13 (executor driver) (1/1)
[2025-09-10T09:44:40.651+0000] {spark_submit.py:521} INFO - 25/09/10 09:44:40 INFO TaskSchedulerImpl: Removed TaskSet 1.0 whose tasks have all completed, from pool
[2025-09-10T09:44:40.651+0000] {spark_submit.py:521} INFO - 25/09/10 09:44:40 INFO PythonAccumulatorV2: Connected to AccumulatorServer at host: 127.0.0.1 port: 37653
[2025-09-10T09:44:40.659+0000] {spark_submit.py:521} INFO - 25/09/10 09:44:40 INFO DAGScheduler: ShuffleMapStage 1 ($anonfun$withThreadLocalCaptured$2 at CompletableFuture.java:1768) finished in 1838 ms
[2025-09-10T09:44:40.660+0000] {spark_submit.py:521} INFO - 25/09/10 09:44:40 INFO DAGScheduler: looking for newly runnable stages
[2025-09-10T09:44:40.661+0000] {spark_submit.py:521} INFO - 25/09/10 09:44:40 INFO DAGScheduler: running: HashSet()
[2025-09-10T09:44:40.661+0000] {spark_submit.py:521} INFO - 25/09/10 09:44:40 INFO DAGScheduler: waiting: HashSet()
[2025-09-10T09:44:40.662+0000] {spark_submit.py:521} INFO - 25/09/10 09:44:40 INFO DAGScheduler: failed: HashSet()
[2025-09-10T09:44:40.682+0000] {spark_submit.py:521} INFO - 25/09/10 09:44:40 INFO ShufflePartitionsUtil: For shuffle(0, advisory target size: 67108864, actual target size 1048576, minimum partition size: 1048576
[2025-09-10T09:44:40.770+0000] {spark_submit.py:521} INFO - 25/09/10 09:44:40 INFO ParquetUtils: Using default output committer for Parquet: org.apache.parquet.hadoop.ParquetOutputCommitter
[2025-09-10T09:44:40.781+0000] {spark_submit.py:521} INFO - 25/09/10 09:44:40 INFO FileOutputCommitter: File Output Committer Algorithm version is 1
[2025-09-10T09:44:40.781+0000] {spark_submit.py:521} INFO - 25/09/10 09:44:40 INFO FileOutputCommitter: FileOutputCommitter skip cleanup _temporary folders under output directory:false, ignore cleanup failures: false
[2025-09-10T09:44:40.782+0000] {spark_submit.py:521} INFO - 25/09/10 09:44:40 INFO SQLHadoopMapReduceCommitProtocol: Using user defined output committer class org.apache.parquet.hadoop.ParquetOutputCommitter
[2025-09-10T09:44:40.782+0000] {spark_submit.py:521} INFO - 25/09/10 09:44:40 INFO FileOutputCommitter: File Output Committer Algorithm version is 1
[2025-09-10T09:44:40.782+0000] {spark_submit.py:521} INFO - 25/09/10 09:44:40 INFO FileOutputCommitter: FileOutputCommitter skip cleanup _temporary folders under output directory:false, ignore cleanup failures: false
[2025-09-10T09:44:40.782+0000] {spark_submit.py:521} INFO - 25/09/10 09:44:40 INFO SQLHadoopMapReduceCommitProtocol: Using output committer class org.apache.parquet.hadoop.ParquetOutputCommitter
[2025-09-10T09:44:40.879+0000] {spark_submit.py:521} INFO - 25/09/10 09:44:40 INFO UploadContentProviders: Stream recreated: ByteArrayContentProvider{buffer with length=0, offset=0} BaseContentProvider{size=0, initiated at 2025-09-10T09:44:40.852980007, streamCreationCount=2, currentStream=null}
[2025-09-10T09:44:40.962+0000] {spark_submit.py:521} INFO - 25/09/10 09:44:40 INFO CodeGenerator: Code generated in 13.478454 ms
[2025-09-10T09:44:40.980+0000] {spark_submit.py:521} INFO - 25/09/10 09:44:40 INFO CodeGenerator: Code generated in 8.060704 ms
[2025-09-10T09:44:41.012+0000] {spark_submit.py:521} INFO - 25/09/10 09:44:41 INFO SparkContext: Starting job: $anonfun$withThreadLocalCaptured$2 at CompletableFuture.java:1768
[2025-09-10T09:44:41.014+0000] {spark_submit.py:521} INFO - 25/09/10 09:44:41 INFO DAGScheduler: Got job 2 ($anonfun$withThreadLocalCaptured$2 at CompletableFuture.java:1768) with 1 output partitions
[2025-09-10T09:44:41.014+0000] {spark_submit.py:521} INFO - 25/09/10 09:44:41 INFO DAGScheduler: Final stage: ResultStage 3 ($anonfun$withThreadLocalCaptured$2 at CompletableFuture.java:1768)
[2025-09-10T09:44:41.016+0000] {spark_submit.py:521} INFO - 25/09/10 09:44:41 INFO DAGScheduler: Parents of final stage: List(ShuffleMapStage 2)
[2025-09-10T09:44:41.017+0000] {spark_submit.py:521} INFO - 25/09/10 09:44:41 INFO DAGScheduler: Missing parents: List()
[2025-09-10T09:44:41.017+0000] {spark_submit.py:521} INFO - 25/09/10 09:44:41 INFO DAGScheduler: Submitting ResultStage 3 (MapPartitionsRDD[16] at $anonfun$withThreadLocalCaptured$2 at CompletableFuture.java:1768), which has no missing parents
[2025-09-10T09:44:41.053+0000] {spark_submit.py:521} INFO - 25/09/10 09:44:41 INFO MemoryStore: Block broadcast_3 stored as values in memory (estimated size 301.0 KiB, free 433.8 MiB)
[2025-09-10T09:44:41.055+0000] {spark_submit.py:521} INFO - 25/09/10 09:44:41 INFO MemoryStore: Block broadcast_3_piece0 stored as bytes in memory (estimated size 109.8 KiB, free 433.7 MiB)
[2025-09-10T09:44:41.056+0000] {spark_submit.py:521} INFO - 25/09/10 09:44:41 INFO SparkContext: Created broadcast 3 from broadcast at DAGScheduler.scala:1676
[2025-09-10T09:44:41.057+0000] {spark_submit.py:521} INFO - 25/09/10 09:44:41 INFO DAGScheduler: Submitting 1 missing tasks from ResultStage 3 (MapPartitionsRDD[16] at $anonfun$withThreadLocalCaptured$2 at CompletableFuture.java:1768) (first 15 tasks are for partitions Vector(0))
[2025-09-10T09:44:41.058+0000] {spark_submit.py:521} INFO - 25/09/10 09:44:41 INFO TaskSchedulerImpl: Adding task set 3.0 with 1 tasks resource profile 0
[2025-09-10T09:44:41.063+0000] {spark_submit.py:521} INFO - 25/09/10 09:44:41 INFO TaskSetManager: Starting task 0.0 in stage 3.0 (TID 2) (118acb478e13,executor driver, partition 0, NODE_LOCAL, 10580 bytes)
[2025-09-10T09:44:41.064+0000] {spark_submit.py:521} INFO - 25/09/10 09:44:41 INFO Executor: Running task 0.0 in stage 3.0 (TID 2)
[2025-09-10T09:44:41.122+0000] {spark_submit.py:521} INFO - 25/09/10 09:44:41 INFO ShuffleBlockFetcherIterator: Getting 1 (54.3 KiB) non-empty blocks including 1 (54.3 KiB) local and 0 (0.0 B) host-local and 0 (0.0 B) push-merged-local and 0 (0.0 B) remote blocks
[2025-09-10T09:44:41.124+0000] {spark_submit.py:521} INFO - 25/09/10 09:44:41 INFO ShuffleBlockFetcherIterator: Started 0 remote fetches in 22 ms
[2025-09-10T09:44:41.141+0000] {spark_submit.py:521} INFO - 25/09/10 09:44:41 INFO CodeGenerator: Code generated in 12.404805 ms
[2025-09-10T09:44:41.178+0000] {spark_submit.py:521} INFO - 25/09/10 09:44:41 INFO CodeGenerator: Code generated in 11.078536 ms
[2025-09-10T09:44:41.191+0000] {spark_submit.py:521} INFO - 25/09/10 09:44:41 INFO CodeGenerator: Code generated in 4.180271 ms
[2025-09-10T09:44:41.201+0000] {spark_submit.py:521} INFO - 25/09/10 09:44:41 INFO CodeGenerator: Code generated in 5.977178 ms
[2025-09-10T09:44:41.208+0000] {spark_submit.py:521} INFO - 25/09/10 09:44:41 INFO CodeGenerator: Code generated in 4.895261 ms
[2025-09-10T09:44:41.220+0000] {spark_submit.py:521} INFO - 25/09/10 09:44:41 INFO CodeGenerator: Code generated in 9.061763 ms
[2025-09-10T09:44:41.223+0000] {spark_submit.py:521} INFO - 25/09/10 09:44:41 INFO FileOutputCommitter: File Output Committer Algorithm version is 1
[2025-09-10T09:44:41.223+0000] {spark_submit.py:521} INFO - 25/09/10 09:44:41 INFO FileOutputCommitter: FileOutputCommitter skip cleanup _temporary folders under output directory:false, ignore cleanup failures: false
[2025-09-10T09:44:41.224+0000] {spark_submit.py:521} INFO - 25/09/10 09:44:41 INFO SQLHadoopMapReduceCommitProtocol: Using user defined output committer class org.apache.parquet.hadoop.ParquetOutputCommitter
[2025-09-10T09:44:41.224+0000] {spark_submit.py:521} INFO - 25/09/10 09:44:41 INFO FileOutputCommitter: File Output Committer Algorithm version is 1
[2025-09-10T09:44:41.224+0000] {spark_submit.py:521} INFO - 25/09/10 09:44:41 INFO FileOutputCommitter: FileOutputCommitter skip cleanup _temporary folders under output directory:false, ignore cleanup failures: false
[2025-09-10T09:44:41.225+0000] {spark_submit.py:521} INFO - 25/09/10 09:44:41 INFO SQLHadoopMapReduceCommitProtocol: Using output committer class org.apache.parquet.hadoop.ParquetOutputCommitter
[2025-09-10T09:44:41.230+0000] {spark_submit.py:521} INFO - 25/09/10 09:44:41 INFO CodecConfig: Compression: SNAPPY
[2025-09-10T09:44:41.232+0000] {spark_submit.py:521} INFO - 25/09/10 09:44:41 INFO CodecConfig: Compression: SNAPPY
[2025-09-10T09:44:41.252+0000] {spark_submit.py:521} INFO - 25/09/10 09:44:41 INFO ParquetOutputFormat: ParquetRecordWriter [block size: 134217728b, row group padding size: 8388608b, validating: false]
[2025-09-10T09:44:41.308+0000] {spark_submit.py:521} INFO - 25/09/10 09:44:41 INFO CodecPool: Got brand-new compressor [.snappy]
[2025-09-10T09:44:41.484+0000] {spark_submit.py:521} INFO - 25/09/10 09:44:41 WARN S3ABlockOutputStream: Application invoked the Syncable API against stream writing to silver/vietnamworkcv/vietnamworkcv_jobs.parquet/_temporary/0/_temporary/attempt_202509100944413105874071165206998_0003_m_000000_2/part-00000-f84ae8e6-4c27-4522-8176-718efeda8244-c000.snappy.parquet. This is Unsupported
[2025-09-10T09:44:41.489+0000] {spark_submit.py:521} INFO - 25/09/10 09:44:41 INFO UploadContentProviders: Stream recreated: FileWithOffsetContentProvider{file=/tmp/hadoop-***/s3a/s3ablock-0001-8775170170779980561.tmp, offset=0} BaseContentProvider{size=18185, initiated at 2025-09-10T09:44:41.485588390, streamCreationCount=2, currentStream=null}
[2025-09-10T09:44:41.862+0000] {spark_submit.py:521} INFO - 25/09/10 09:44:41 INFO UploadContentProviders: Stream recreated: ByteArrayContentProvider{buffer with length=0, offset=0} BaseContentProvider{size=0, initiated at 2025-09-10T09:44:41.858183399, streamCreationCount=2, currentStream=null}
[2025-09-10T09:44:41.909+0000] {spark_submit.py:521} INFO - 25/09/10 09:44:41 INFO FileOutputCommitter: Saved output of task 'attempt_202509100944413105874071165206998_0003_m_000000_2' to s3a://job/silver/vietnamworkcv/vietnamworkcv_jobs.parquet/_temporary/0/task_202509100944413105874071165206998_0003_m_000000
[2025-09-10T09:44:41.912+0000] {spark_submit.py:521} INFO - 25/09/10 09:44:41 INFO SparkHadoopMapRedUtil: attempt_202509100944413105874071165206998_0003_m_000000_2: Committed. Elapsed time: 321 ms.
[2025-09-10T09:44:41.934+0000] {spark_submit.py:521} INFO - 25/09/10 09:44:41 INFO Executor: Finished task 0.0 in stage 3.0 (TID 2). 7350 bytes result sent to driver
[2025-09-10T09:44:41.938+0000] {spark_submit.py:521} INFO - 25/09/10 09:44:41 INFO TaskSetManager: Finished task 0.0 in stage 3.0 (TID 2) in 877 ms on 118acb478e13 (executor driver) (1/1)
[2025-09-10T09:44:41.939+0000] {spark_submit.py:521} INFO - 25/09/10 09:44:41 INFO TaskSchedulerImpl: Removed TaskSet 3.0 whose tasks have all completed, from pool
[2025-09-10T09:44:41.942+0000] {spark_submit.py:521} INFO - 25/09/10 09:44:41 INFO DAGScheduler: ResultStage 3 ($anonfun$withThreadLocalCaptured$2 at CompletableFuture.java:1768) finished in 917 ms
[2025-09-10T09:44:41.943+0000] {spark_submit.py:521} INFO - 25/09/10 09:44:41 INFO DAGScheduler: Job 2 is finished. Cancelling potential speculative or zombie tasks for this job
[2025-09-10T09:44:41.954+0000] {spark_submit.py:521} INFO - 25/09/10 09:44:41 INFO TaskSchedulerImpl: Canceling stage 3
[2025-09-10T09:44:41.955+0000] {spark_submit.py:521} INFO - 25/09/10 09:44:41 INFO TaskSchedulerImpl: Killing all running tasks in stage 3: Stage finished
[2025-09-10T09:44:41.956+0000] {spark_submit.py:521} INFO - 25/09/10 09:44:41 INFO DAGScheduler: Job 2 finished: $anonfun$withThreadLocalCaptured$2 at CompletableFuture.java:1768, took 931.443634 ms
[2025-09-10T09:44:41.956+0000] {spark_submit.py:521} INFO - 25/09/10 09:44:41 INFO FileFormatWriter: Start to commit write Job 844dd6c1-4899-4964-8017-847849d1cb26.
[2025-09-10T09:44:42.181+0000] {spark_submit.py:521} INFO - 25/09/10 09:44:42 INFO UploadContentProviders: Stream recreated: ByteArrayContentProvider{buffer with length=0, offset=0} BaseContentProvider{size=0, initiated at 2025-09-10T09:44:42.179505519, streamCreationCount=2, currentStream=null}
[2025-09-10T09:44:42.427+0000] {spark_submit.py:521} INFO - 25/09/10 09:44:42 INFO UploadContentProviders: Stream recreated: FileWithOffsetContentProvider{file=/tmp/hadoop-***/s3a/s3ablock-0001-4038198742112615763.tmp, offset=0} BaseContentProvider{size=0, initiated at 2025-09-10T09:44:42.424858661, streamCreationCount=2, currentStream=null}
[2025-09-10T09:44:42.465+0000] {spark_submit.py:521} INFO - 25/09/10 09:44:42 INFO FileFormatWriter: Write Job 844dd6c1-4899-4964-8017-847849d1cb26 committed. Elapsed time: 517 ms.
[2025-09-10T09:44:42.468+0000] {spark_submit.py:521} INFO - 25/09/10 09:44:42 INFO FileFormatWriter: Finished processing stats for write job 844dd6c1-4899-4964-8017-847849d1cb26.
[2025-09-10T09:44:42.482+0000] {spark_submit.py:521} INFO -  Uploaded Spark DataFrame to MinIO: s3a://job/silver/vietnamworkcv/vietnamworkcv_jobs.parquet
[2025-09-10T09:44:42.570+0000] {spark_submit.py:521} INFO - 25/09/10 09:44:42 INFO FileSourceStrategy: Pushed Filters:
[2025-09-10T09:44:42.571+0000] {spark_submit.py:521} INFO - 25/09/10 09:44:42 INFO FileSourceStrategy: Post-Scan Filters: Set()
[2025-09-10T09:44:42.687+0000] {spark_submit.py:521} INFO - 25/09/10 09:44:42 INFO MemoryStore: Block broadcast_4 stored as values in memory (estimated size 222.7 KiB, free 433.4 MiB)
[2025-09-10T09:44:42.704+0000] {spark_submit.py:521} INFO - 25/09/10 09:44:42 INFO MemoryStore: Block broadcast_4_piece0 stored as bytes in memory (estimated size 40.6 KiB, free 433.8 MiB)
[2025-09-10T09:44:42.714+0000] {spark_submit.py:521} INFO - 25/09/10 09:44:42 INFO SparkContext: Created broadcast 4 from $anonfun$withThreadLocalCaptured$2 at CompletableFuture.java:1768
[2025-09-10T09:44:42.716+0000] {spark_submit.py:521} INFO - 25/09/10 09:44:42 INFO FileSourceScanExec: Planning scan with bin packing, max size: 4194304 bytes, open cost is considered as scanning 4194304 bytes.
[2025-09-10T09:44:42.727+0000] {spark_submit.py:521} INFO - 25/09/10 09:44:42 INFO DAGScheduler: Registering RDD 25 ($anonfun$withThreadLocalCaptured$2 at CompletableFuture.java:1768) as input to shuffle 1
[2025-09-10T09:44:42.729+0000] {spark_submit.py:521} INFO - 25/09/10 09:44:42 INFO DAGScheduler: Got map stage job 3 ($anonfun$withThreadLocalCaptured$2 at CompletableFuture.java:1768) with 1 output partitions
[2025-09-10T09:44:42.729+0000] {spark_submit.py:521} INFO - 25/09/10 09:44:42 INFO DAGScheduler: Final stage: ShuffleMapStage 4 ($anonfun$withThreadLocalCaptured$2 at CompletableFuture.java:1768)
[2025-09-10T09:44:42.730+0000] {spark_submit.py:521} INFO - 25/09/10 09:44:42 INFO DAGScheduler: Parents of final stage: List()
[2025-09-10T09:44:42.730+0000] {spark_submit.py:521} INFO - 25/09/10 09:44:42 INFO DAGScheduler: Missing parents: List()
[2025-09-10T09:44:42.730+0000] {spark_submit.py:521} INFO - 25/09/10 09:44:42 INFO DAGScheduler: Submitting ShuffleMapStage 4 (MapPartitionsRDD[25] at $anonfun$withThreadLocalCaptured$2 at CompletableFuture.java:1768), which has no missing parents
[2025-09-10T09:44:42.737+0000] {spark_submit.py:521} INFO - 25/09/10 09:44:42 INFO MemoryStore: Block broadcast_5 stored as values in memory (estimated size 66.3 KiB, free 433.7 MiB)
[2025-09-10T09:44:42.737+0000] {spark_submit.py:521} INFO - 25/09/10 09:44:42 INFO MemoryStore: Block broadcast_5_piece0 stored as bytes in memory (estimated size 25.3 KiB, free 433.7 MiB)
[2025-09-10T09:44:42.738+0000] {spark_submit.py:521} INFO - 25/09/10 09:44:42 INFO SparkContext: Created broadcast 5 from broadcast at DAGScheduler.scala:1676
[2025-09-10T09:44:42.738+0000] {spark_submit.py:521} INFO - 25/09/10 09:44:42 INFO DAGScheduler: Submitting 1 missing tasks from ShuffleMapStage 4 (MapPartitionsRDD[25] at $anonfun$withThreadLocalCaptured$2 at CompletableFuture.java:1768) (first 15 tasks are for partitions Vector(0))
[2025-09-10T09:44:42.739+0000] {spark_submit.py:521} INFO - 25/09/10 09:44:42 INFO TaskSchedulerImpl: Adding task set 4.0 with 1 tasks resource profile 0
[2025-09-10T09:44:42.739+0000] {spark_submit.py:521} INFO - 25/09/10 09:44:42 INFO TaskSetManager: Starting task 0.0 in stage 4.0 (TID 3) (118acb478e13,executor driver, partition 0, PROCESS_LOCAL, 11189 bytes)
[2025-09-10T09:44:42.739+0000] {spark_submit.py:521} INFO - 25/09/10 09:44:42 INFO Executor: Running task 0.0 in stage 4.0 (TID 3)
[2025-09-10T09:44:42.773+0000] {spark_submit.py:521} INFO - 25/09/10 09:44:42 INFO FileScanRDD: Reading File path: s3a://job/bronze/vietnamworkcv/vietnamworkcv_jobs.parquet, range: 0-279472, partition values: [empty row]
[2025-09-10T09:44:42.956+0000] {spark_submit.py:521} INFO - 25/09/10 09:44:42 INFO PythonUDFWithNamedArgumentsRunner: Times: total = 195, boot = -2292, init = 2460, finish = 27
[2025-09-10T09:44:43.002+0000] {spark_submit.py:521} INFO - 25/09/10 09:44:43 INFO Executor: Finished task 0.0 in stage 4.0 (TID 3). 3681 bytes result sent to driver
[2025-09-10T09:44:43.004+0000] {spark_submit.py:521} INFO - 25/09/10 09:44:43 INFO TaskSetManager: Finished task 0.0 in stage 4.0 (TID 3) in 268 ms on 118acb478e13 (executor driver) (1/1)
[2025-09-10T09:44:43.006+0000] {spark_submit.py:521} INFO - 25/09/10 09:44:43 INFO TaskSchedulerImpl: Removed TaskSet 4.0 whose tasks have all completed, from pool
[2025-09-10T09:44:43.006+0000] {spark_submit.py:521} INFO - 25/09/10 09:44:43 INFO DAGScheduler: ShuffleMapStage 4 ($anonfun$withThreadLocalCaptured$2 at CompletableFuture.java:1768) finished in 275 ms
[2025-09-10T09:44:43.007+0000] {spark_submit.py:521} INFO - 25/09/10 09:44:43 INFO DAGScheduler: looking for newly runnable stages
[2025-09-10T09:44:43.007+0000] {spark_submit.py:521} INFO - 25/09/10 09:44:43 INFO DAGScheduler: running: HashSet()
[2025-09-10T09:44:43.007+0000] {spark_submit.py:521} INFO - 25/09/10 09:44:43 INFO DAGScheduler: waiting: HashSet()
[2025-09-10T09:44:43.007+0000] {spark_submit.py:521} INFO - 25/09/10 09:44:43 INFO DAGScheduler: failed: HashSet()
[2025-09-10T09:44:43.016+0000] {spark_submit.py:521} INFO - 25/09/10 09:44:43 INFO ShufflePartitionsUtil: For shuffle(1, advisory target size: 67108864, actual target size 1048576, minimum partition size: 1048576
[2025-09-10T09:44:43.053+0000] {spark_submit.py:521} INFO - 25/09/10 09:44:43 INFO CodeGenerator: Code generated in 18.441083 ms
[2025-09-10T09:44:43.078+0000] {spark_submit.py:521} INFO - 25/09/10 09:44:43 INFO SparkContext: Starting job: $anonfun$withThreadLocalCaptured$2 at CompletableFuture.java:1768
[2025-09-10T09:44:43.080+0000] {spark_submit.py:521} INFO - 25/09/10 09:44:43 INFO DAGScheduler: Got job 4 ($anonfun$withThreadLocalCaptured$2 at CompletableFuture.java:1768) with 1 output partitions
[2025-09-10T09:44:43.080+0000] {spark_submit.py:521} INFO - 25/09/10 09:44:43 INFO DAGScheduler: Final stage: ResultStage 6 ($anonfun$withThreadLocalCaptured$2 at CompletableFuture.java:1768)
[2025-09-10T09:44:43.081+0000] {spark_submit.py:521} INFO - 25/09/10 09:44:43 INFO DAGScheduler: Parents of final stage: List(ShuffleMapStage 5)
[2025-09-10T09:44:43.082+0000] {spark_submit.py:521} INFO - 25/09/10 09:44:43 INFO DAGScheduler: Missing parents: List()
[2025-09-10T09:44:43.082+0000] {spark_submit.py:521} INFO - 25/09/10 09:44:43 INFO DAGScheduler: Submitting ResultStage 6 (MapPartitionsRDD[31] at $anonfun$withThreadLocalCaptured$2 at CompletableFuture.java:1768), which has no missing parents
[2025-09-10T09:44:43.087+0000] {spark_submit.py:521} INFO - 25/09/10 09:44:43 INFO MemoryStore: Block broadcast_6 stored as values in memory (estimated size 73.6 KiB, free 433.7 MiB)
[2025-09-10T09:44:43.091+0000] {spark_submit.py:521} INFO - 25/09/10 09:44:43 INFO MemoryStore: Block broadcast_6_piece0 stored as bytes in memory (estimated size 29.2 KiB, free 433.7 MiB)
[2025-09-10T09:44:43.092+0000] {spark_submit.py:521} INFO - 25/09/10 09:44:43 INFO SparkContext: Created broadcast 6 from broadcast at DAGScheduler.scala:1676
[2025-09-10T09:44:43.094+0000] {spark_submit.py:521} INFO - 25/09/10 09:44:43 INFO DAGScheduler: Submitting 1 missing tasks from ResultStage 6 (MapPartitionsRDD[31] at $anonfun$withThreadLocalCaptured$2 at CompletableFuture.java:1768) (first 15 tasks are for partitions Vector(0))
[2025-09-10T09:44:43.094+0000] {spark_submit.py:521} INFO - 25/09/10 09:44:43 INFO TaskSchedulerImpl: Adding task set 6.0 with 1 tasks resource profile 0
[2025-09-10T09:44:43.097+0000] {spark_submit.py:521} INFO - 25/09/10 09:44:43 INFO TaskSetManager: Starting task 0.0 in stage 6.0 (TID 4) (118acb478e13,executor driver, partition 0, NODE_LOCAL, 10580 bytes)
[2025-09-10T09:44:43.097+0000] {spark_submit.py:521} INFO - 25/09/10 09:44:43 INFO Executor: Running task 0.0 in stage 6.0 (TID 4)
[2025-09-10T09:44:43.113+0000] {spark_submit.py:521} INFO - 25/09/10 09:44:43 INFO ShuffleBlockFetcherIterator: Getting 1 (54.3 KiB) non-empty blocks including 1 (54.3 KiB) local and 0 (0.0 B) host-local and 0 (0.0 B) push-merged-local and 0 (0.0 B) remote blocks
[2025-09-10T09:44:43.114+0000] {spark_submit.py:521} INFO - 25/09/10 09:44:43 INFO ShuffleBlockFetcherIterator: Started 0 remote fetches in 1 ms
[2025-09-10T09:44:43.145+0000] {spark_submit.py:521} INFO - 25/09/10 09:44:43 INFO CodeGenerator: Code generated in 11.599679 ms
[2025-09-10T09:44:43.153+0000] {spark_submit.py:521} INFO - 25/09/10 09:44:43 INFO Executor: Finished task 0.0 in stage 6.0 (TID 4). 11021 bytes result sent to driver
[2025-09-10T09:44:43.155+0000] {spark_submit.py:521} INFO - 25/09/10 09:44:43 INFO TaskSetManager: Finished task 0.0 in stage 6.0 (TID 4) in 59 ms on 118acb478e13 (executor driver) (1/1)
[2025-09-10T09:44:43.156+0000] {spark_submit.py:521} INFO - 25/09/10 09:44:43 INFO TaskSchedulerImpl: Removed TaskSet 6.0 whose tasks have all completed, from pool
[2025-09-10T09:44:43.156+0000] {spark_submit.py:521} INFO - 25/09/10 09:44:43 INFO DAGScheduler: ResultStage 6 ($anonfun$withThreadLocalCaptured$2 at CompletableFuture.java:1768) finished in 73 ms
[2025-09-10T09:44:43.156+0000] {spark_submit.py:521} INFO - 25/09/10 09:44:43 INFO DAGScheduler: Job 4 is finished. Cancelling potential speculative or zombie tasks for this job
[2025-09-10T09:44:43.157+0000] {spark_submit.py:521} INFO - 25/09/10 09:44:43 INFO TaskSchedulerImpl: Canceling stage 6
[2025-09-10T09:44:43.157+0000] {spark_submit.py:521} INFO - 25/09/10 09:44:43 INFO TaskSchedulerImpl: Killing all running tasks in stage 6: Stage finished
[2025-09-10T09:44:43.157+0000] {spark_submit.py:521} INFO - 25/09/10 09:44:43 INFO DAGScheduler: Job 4 finished: $anonfun$withThreadLocalCaptured$2 at CompletableFuture.java:1768, took 78.930204 ms
[2025-09-10T09:44:43.191+0000] {spark_submit.py:521} INFO - 25/09/10 09:44:43 INFO CodeGenerator: Code generated in 10.32922 ms
[2025-09-10T09:44:43.204+0000] {spark_submit.py:521} INFO - +--------------------+--------------------+---+----------------+----------+----------+----------------+----------------+--------------------+--------------+--------------+--------------+--------------------+--------------------+-----------+--------------------+------------+
[2025-09-10T09:44:43.205+0000] {spark_submit.py:521} INFO - |        job_position|        company_name|yoe|job_posting_date|min_salary|max_salary|company_size_min|company_size_max|         major_field|         level|num_of_recruit|     work_form|     relation_fields|    skills_extracted|       city|            district|      source|
[2025-09-10T09:44:43.205+0000] {spark_submit.py:521} INFO - +--------------------+--------------------+---+----------------+----------+----------+----------------+----------------+--------------------+--------------+--------------+--------------+--------------------+--------------------+-----------+--------------------+------------+
[2025-09-10T09:44:43.206+0000] {spark_submit.py:521} INFO - |AI Data Science M...|Cng Ty C Phn V...|  0|      2025-08-11|      NULL|      NULL|            NULL|            NULL|Information Techn...|  Trng phng|           2.0|Ton thi gian|[Data Engineer/Da...|[Machine Learning...|H Ch Minh|           Ph Nhun|vietnamworks|
[2025-09-10T09:44:43.206+0000] {spark_submit.py:521} INFO - |         AI Engineer|CNG TY C PHN ...|  1|      2025-09-05|  12000000|  35000000|            NULL|            NULL|Information Techn...|     Nhn vin|           3.0|Ton thi gian|[Data Engineer/Da...|[BERT, GPT, NumPy...|     H Ni|                    |vietnamworks|
[2025-09-10T09:44:43.207+0000] {spark_submit.py:521} INFO - |         AI Engineer|Cng Ty TNHH Viet...|  3|      2025-08-21|      NULL|      NULL|            NULL|            NULL|Information Techn...|     Nhn vin|           2.0|Ton thi gian|[Data Engineer/Da...|[Computer Vision,...|     H Ni|                    |vietnamworks|
[2025-09-10T09:44:43.207+0000] {spark_submit.py:521} INFO - |         AI Engineer|           One Mount|  2|      2025-08-11|      NULL|      NULL|            1000|            4999|Information Techn...|     Nhn vin|          NULL|Ton thi gian|[Data Engineer/Da...|[SQL, Python, Mac...|     H Ni|                    |vietnamworks|
[2025-09-10T09:44:43.207+0000] {spark_submit.py:521} INFO - |         AI Engineer|TLC MODULAR CONST...|  2|      2025-08-29|  35000000|  50000000|            NULL|            NULL|Information Techn...|     Nhn vin|          NULL|Ton thi gian|[Data Engineer/Da...|[Ai/Ml Frameworks...|H Ch Minh|                    |vietnamworks|
[2025-09-10T09:44:43.208+0000] {spark_submit.py:521} INFO - |AI Engineer (Comp...|Ngn Hng Thng ...|  1|      2025-08-22|  15000000|  35000000|            NULL|            NULL|Information Techn...|     Nhn vin|          NULL|Ton thi gian|[Data Engineer/Da...|[Python, C/C++, T...|     H Ni|                    |vietnamworks|
[2025-09-10T09:44:43.208+0000] {spark_submit.py:521} INFO - |AI Engineer (From...|Toshiba Software ...|  2|      2025-08-22|      NULL|      NULL|             100|             499|Information Techn...|     Nhn vin|          NULL|Ton thi gian|[Data Engineer/Da...|[Application Solu...|     H Ni|                    |vietnamworks|
[2025-09-10T09:44:43.209+0000] {spark_submit.py:521} INFO - |AI Engineer  H Ni|Ngn hng TMCP ...|  5|      2025-08-08|  25000000|  35000000|            NULL|            NULL|Information Techn...|  Trng phng|           1.0|Ton thi gian|[Data Engineer/Da...|[Deep Learning, G...|       NULL|                NULL|vietnamworks|
[2025-09-10T09:44:43.209+0000] {spark_submit.py:521} INFO - |           AI Expert|Navigos Search's ...|  5|      2025-08-28|      NULL|      NULL|             500|             999|Information Techn...|     Nhn vin|          NULL|Ton thi gian|[Data Engineer/Da...|[AI/ML Technologi...|     H Ni|                    |vietnamworks|
[2025-09-10T09:44:43.210+0000] {spark_submit.py:521} INFO - |AI Expert (Head /...|Ngn Hng Thng ...|  3|      2025-08-29|      NULL|      NULL|            NULL|            NULL|Information Techn...|Mi Tt Nghip|           1.0| Bn thi gian|[Data Engineer/Da...|[C/C++, NLP, Pyth...|     H Ni|                    |vietnamworks|
[2025-09-10T09:44:43.210+0000] {spark_submit.py:521} INFO - |AI Integration Sp...|Vietnam Investmen...|  0|      2025-08-12|      NULL|      NULL|              25|              99|Information Techn...|     Nhn vin|          NULL|Ton thi gian|[Data Engineer/Da...|[AI, Artificial I...|H Ch Minh|                    |vietnamworks|
[2025-09-10T09:44:43.211+0000] {spark_submit.py:521} INFO - |Assistant Manager...|Hino Motors Vietn...|  3|      2025-09-04|      NULL|      NULL|             100|             499|Information Techn...|     Nhn vin|          NULL|Ton thi gian|[Data Engineer/Da...|[Data Analysis, B...|     H Ni|                    |vietnamworks|
[2025-09-10T09:44:43.211+0000] {spark_submit.py:521} INFO - |BI Developer/ Dat...|   Digital Intellect|  2|      2025-08-28|  30000000|      NULL|              10|              24|Information Techn...|     Nhn vin|          NULL|Ton thi gian|[Data Engineer/Da...|[Data Analysis, S...|     H Ni|                    |vietnamworks|
[2025-09-10T09:44:43.211+0000] {spark_submit.py:521} INFO - |Business Intellig...|FrieslandCampina ...|  3|      2025-08-13|      NULL|      NULL|             500|             999|Information Techn...|     Nhn vin|           1.0|Ton thi gian|[Data Engineer/Da...|[Analytical Skill...|H Ch Minh|                    |vietnamworks|
[2025-09-10T09:44:43.211+0000] {spark_submit.py:521} INFO - |Business Intellig...|Cng Ty TNHH Tech...|  2|      2025-08-19|      NULL|      NULL|            5000|            9999|Information Techn...|     Nhn vin|           2.0|Ton thi gian|[Data Engineer/Da...|                NULL|H Ch Minh|                    |vietnamworks|
[2025-09-10T09:44:43.212+0000] {spark_submit.py:521} INFO - |Business Intellig...|Cng Ty C Phn S...|  6|      2025-08-26|      NULL|      NULL|            1000|            4999|Information Techn...|  Trng phng|           1.0|Ton thi gian|[Data Engineer/Da...|[Crm Software Pro...|H Ch Minh|                    |vietnamworks|
[2025-09-10T09:44:43.212+0000] {spark_submit.py:521} INFO - |Chuyn Gia Khoa H...|Ngn Hng TMCP Ng...|  3|      2025-08-26|      NULL|      NULL|            NULL|            NULL|Information Techn...|     Nhn vin|           1.0|Ton thi gian|[Data Engineer/Da...|[Khoa Hc D Liu...|     H Ni|                    |vietnamworks|
[2025-09-10T09:44:43.212+0000] {spark_submit.py:521} INFO - |Chuyn Gia K Thu...|Ngn Hng TMCP Ng...|  5|      2025-08-26|      NULL|      NULL|            NULL|            NULL|Information Techn...|     Nhn vin|           4.0|Ton thi gian|[Data Engineer/Da...|[Cloud Infrastruc...|     H Ni|                    |vietnamworks|
[2025-09-10T09:44:43.213+0000] {spark_submit.py:521} INFO - |Chuyn Gia Phn T...|Ngn Hng Thng ...|  0|      2025-08-13|  60000000|  84000000|            1000|            4999|Information Techn...|     Nhn vin|          NULL|Ton thi gian|[Data Engineer/Da...|[Phn Tch D Li...|     H Ni|Cu Giy; thnh p...|vietnamworks|
[2025-09-10T09:44:43.214+0000] {spark_submit.py:521} INFO - |Chuyn Gia Qun L...|Ngn Hng TMCP ...|  2|      2025-09-10|      NULL|      NULL|            NULL|            NULL|Information Techn...|     Nhn vin|          NULL|Ton thi gian|[Data Engineer/Da...|[Qun Tr D n, ...|     H Ni|                    |vietnamworks|
[2025-09-10T09:44:43.215+0000] {spark_submit.py:521} INFO - +--------------------+--------------------+---+----------------+----------+----------+----------------+----------------+--------------------+--------------+--------------+--------------+--------------------+--------------------+-----------+--------------------+------------+
[2025-09-10T09:44:43.215+0000] {spark_submit.py:521} INFO - only showing top 20 rows
[2025-09-10T09:44:43.215+0000] {spark_submit.py:521} INFO - 25/09/10 09:44:43 INFO SparkContext: SparkContext is stopping with exitCode 0 from stop at NativeMethodAccessorImpl.java:0.
[2025-09-10T09:44:43.224+0000] {spark_submit.py:521} INFO - 25/09/10 09:44:43 INFO SparkUI: Stopped Spark web UI at http://118acb478e13:4040
[2025-09-10T09:44:43.239+0000] {spark_submit.py:521} INFO - 25/09/10 09:44:43 INFO MapOutputTrackerMasterEndpoint: MapOutputTrackerMasterEndpoint stopped!
[2025-09-10T09:44:43.288+0000] {spark_submit.py:521} INFO - 25/09/10 09:44:43 INFO MemoryStore: MemoryStore cleared
[2025-09-10T09:44:43.289+0000] {spark_submit.py:521} INFO - 25/09/10 09:44:43 INFO BlockManager: BlockManager stopped
[2025-09-10T09:44:43.294+0000] {spark_submit.py:521} INFO - 25/09/10 09:44:43 INFO BlockManagerMaster: BlockManagerMaster stopped
[2025-09-10T09:44:43.298+0000] {spark_submit.py:521} INFO - 25/09/10 09:44:43 INFO OutputCommitCoordinator$OutputCommitCoordinatorEndpoint: OutputCommitCoordinator stopped!
[2025-09-10T09:44:43.323+0000] {spark_submit.py:521} INFO - 25/09/10 09:44:43 INFO SparkContext: Successfully stopped SparkContext
[2025-09-10T09:44:44.689+0000] {spark_submit.py:521} INFO - 25/09/10 09:44:44 INFO ShutdownHookManager: Shutdown hook called
[2025-09-10T09:44:44.690+0000] {spark_submit.py:521} INFO - 25/09/10 09:44:44 INFO ShutdownHookManager: Deleting directory /tmp/spark-185eb696-7e48-4e46-89b3-09b4e3df286f
[2025-09-10T09:44:44.696+0000] {spark_submit.py:521} INFO - 25/09/10 09:44:44 INFO ShutdownHookManager: Deleting directory /tmp/spark-6ce8cf39-b503-4552-9739-53d5dacf391c
[2025-09-10T09:44:44.703+0000] {spark_submit.py:521} INFO - 25/09/10 09:44:44 INFO ShutdownHookManager: Deleting directory /tmp/spark-185eb696-7e48-4e46-89b3-09b4e3df286f/pyspark-4f1c1d9d-c2a0-405b-ad01-5dd9d21083d8
[2025-09-10T09:44:44.710+0000] {spark_submit.py:521} INFO - 25/09/10 09:44:44 INFO ShutdownHookManager: Deleting directory /tmp/artifacts-eeea3460-eec4-492e-8520-618f06a3d482
[2025-09-10T09:44:44.722+0000] {spark_submit.py:521} INFO - 25/09/10 09:44:44 INFO MetricsSystemImpl: Stopping s3a-file-system metrics system...
[2025-09-10T09:44:44.722+0000] {spark_submit.py:521} INFO - 25/09/10 09:44:44 INFO MetricsSystemImpl: s3a-file-system metrics system stopped.
[2025-09-10T09:44:44.723+0000] {spark_submit.py:521} INFO - 25/09/10 09:44:44 INFO MetricsSystemImpl: s3a-file-system metrics system shutdown complete.
[2025-09-10T09:44:44.835+0000] {taskinstance.py:441} INFO - ::group::Post task execution logs
[2025-09-10T09:44:44.889+0000] {taskinstance.py:1206} INFO - Marking task as SUCCESS. dag_id=spark_transform_pipeline, task_id=silver_group.silver_vietnamworkcv_transform, run_id=manual__2025-09-10T09:41:40.135344+00:00, execution_date=20250910T094140, start_date=20250910T094346, end_date=20250910T094444
[2025-09-10T09:44:44.972+0000] {local_task_job_runner.py:240} INFO - Task exited with return code 0
[2025-09-10T09:44:45.034+0000] {taskinstance.py:3498} INFO - 1 downstream tasks scheduled from follow-on schedule check
[2025-09-10T09:44:45.036+0000] {local_task_job_runner.py:222} INFO - ::endgroup::
