[2025-08-13T10:03:45.980+0000] {local_task_job_runner.py:120} INFO - ::group::Pre task execution logs
[2025-08-13T10:03:46.029+0000] {taskinstance.py:2076} INFO - Dependencies all met for dep_context=non-requeueable deps ti=<TaskInstance: spark_transform_pipeline.silver_topcv_transform manual__2025-08-13T10:03:39.207464+00:00 [queued]>
[2025-08-13T10:03:46.036+0000] {taskinstance.py:2076} INFO - Dependencies all met for dep_context=requeueable deps ti=<TaskInstance: spark_transform_pipeline.silver_topcv_transform manual__2025-08-13T10:03:39.207464+00:00 [queued]>
[2025-08-13T10:03:46.037+0000] {taskinstance.py:2306} INFO - Starting attempt 1 of 1
[2025-08-13T10:03:46.048+0000] {taskinstance.py:2330} INFO - Executing <Task(SparkSubmitOperator): silver_topcv_transform> on 2025-08-13 10:03:39.207464+00:00
[2025-08-13T10:03:46.060+0000] {standard_task_runner.py:63} INFO - Started process 2726 to run task
[2025-08-13T10:03:46.067+0000] {standard_task_runner.py:90} INFO - Running: ['***', 'tasks', 'run', 'spark_transform_pipeline', 'silver_topcv_transform', 'manual__2025-08-13T10:03:39.207464+00:00', '--job-id', '101', '--raw', '--subdir', 'DAGS_FOLDER/etl_jobs_dag.py', '--cfg-path', '/tmp/tmpt7i1arnr']
[2025-08-13T10:03:46.096+0000] {standard_task_runner.py:91} INFO - Job 101: Subtask silver_topcv_transform
[2025-08-13T10:03:46.153+0000] {task_command.py:426} INFO - Running <TaskInstance: spark_transform_pipeline.silver_topcv_transform manual__2025-08-13T10:03:39.207464+00:00 [running]> on host 89a37f983b11
[2025-08-13T10:03:46.329+0000] {taskinstance.py:2648} INFO - Exporting env vars: AIRFLOW_CTX_DAG_OWNER='***' AIRFLOW_CTX_DAG_ID='spark_transform_pipeline' AIRFLOW_CTX_TASK_ID='silver_topcv_transform' AIRFLOW_CTX_EXECUTION_DATE='2025-08-13T10:03:39.207464+00:00' AIRFLOW_CTX_TRY_NUMBER='1' AIRFLOW_CTX_DAG_RUN_ID='manual__2025-08-13T10:03:39.207464+00:00'
[2025-08-13T10:03:46.330+0000] {taskinstance.py:430} INFO - ::endgroup::
[2025-08-13T10:03:46.375+0000] {base.py:84} INFO - Using connection ID 'spark_default' for task execution.
[2025-08-13T10:03:46.376+0000] {spark_submit.py:351} INFO - Spark-Submit cmd: spark-submit --master spark://spark-master:7077 --conf spark.master=spark://spark-master:7077 --conf spark.driver.extraClassPath=/opt/custom-jars/* --conf spark.executor.extraClassPath=/opt/custom-jars/* --conf spark.hadoop.fs.gs.impl=com.google.cloud.hadoop.fs.gcs.GoogleHadoopFileSystem --conf spark.hadoop.fs.AbstractFileSystem.gs.impl=com.google.cloud.hadoop.fs.gcs.GoogleHadoopFS --conf spark.hadoop.google.cloud.auth.service.account.enable=true --conf spark.hadoop.google.cloud.auth.service.account.json.keyfile=/opt/***/gcp-key.json --jars /opt/custom-jars/gcs-connector-hadoop3-2.2.14-shaded.jar --name arrow-spark --verbose /opt/spark-jobs/load/upload_jobs_to_dwh.py
[2025-08-13T10:03:47.628+0000] {spark_submit.py:521} INFO - WARNING: Using incubator modules: jdk.incubator.vector
[2025-08-13T10:03:51.153+0000] {spark_submit.py:521} INFO - Parsed arguments:
[2025-08-13T10:03:51.155+0000] {spark_submit.py:521} INFO - master                  spark://spark-master:7077
[2025-08-13T10:03:51.155+0000] {spark_submit.py:521} INFO - remote                  null
[2025-08-13T10:03:51.156+0000] {spark_submit.py:521} INFO - deployMode              null
[2025-08-13T10:03:51.156+0000] {spark_submit.py:521} INFO - executorMemory          null
[2025-08-13T10:03:51.157+0000] {spark_submit.py:521} INFO - executorCores           null
[2025-08-13T10:03:51.157+0000] {spark_submit.py:521} INFO - totalExecutorCores      null
[2025-08-13T10:03:51.157+0000] {spark_submit.py:521} INFO - propertiesFile          null
[2025-08-13T10:03:51.158+0000] {spark_submit.py:521} INFO - driverMemory            null
[2025-08-13T10:03:51.158+0000] {spark_submit.py:521} INFO - driverCores             null
[2025-08-13T10:03:51.158+0000] {spark_submit.py:521} INFO - driverExtraClassPath    /opt/custom-jars/*
[2025-08-13T10:03:51.158+0000] {spark_submit.py:521} INFO - driverExtraLibraryPath  null
[2025-08-13T10:03:51.159+0000] {spark_submit.py:521} INFO - driverExtraJavaOptions  null
[2025-08-13T10:03:51.159+0000] {spark_submit.py:521} INFO - supervise               false
[2025-08-13T10:03:51.159+0000] {spark_submit.py:521} INFO - queue                   null
[2025-08-13T10:03:51.160+0000] {spark_submit.py:521} INFO - numExecutors            null
[2025-08-13T10:03:51.160+0000] {spark_submit.py:521} INFO - files                   null
[2025-08-13T10:03:51.161+0000] {spark_submit.py:521} INFO - pyFiles                 null
[2025-08-13T10:03:51.161+0000] {spark_submit.py:521} INFO - archives                null
[2025-08-13T10:03:51.161+0000] {spark_submit.py:521} INFO - mainClass               null
[2025-08-13T10:03:51.161+0000] {spark_submit.py:521} INFO - primaryResource         file:/opt/spark-jobs/load/upload_jobs_to_dwh.py
[2025-08-13T10:03:51.162+0000] {spark_submit.py:521} INFO - name                    arrow-spark
[2025-08-13T10:03:51.163+0000] {spark_submit.py:521} INFO - childArgs               []
[2025-08-13T10:03:51.163+0000] {spark_submit.py:521} INFO - jars                    file:/opt/custom-jars/gcs-connector-hadoop3-2.2.14-shaded.jar
[2025-08-13T10:03:51.163+0000] {spark_submit.py:521} INFO - packages                null
[2025-08-13T10:03:51.164+0000] {spark_submit.py:521} INFO - packagesExclusions      null
[2025-08-13T10:03:51.164+0000] {spark_submit.py:521} INFO - repositories            null
[2025-08-13T10:03:51.165+0000] {spark_submit.py:521} INFO - verbose                 true
[2025-08-13T10:03:51.165+0000] {spark_submit.py:521} INFO - 
[2025-08-13T10:03:51.166+0000] {spark_submit.py:521} INFO - Spark properties used, including those specified through
[2025-08-13T10:03:51.167+0000] {spark_submit.py:521} INFO - --conf and those from the properties file null:
[2025-08-13T10:03:51.170+0000] {spark_submit.py:521} INFO - (spark.driver.extraClassPath,/opt/custom-jars/*)
[2025-08-13T10:03:51.171+0000] {spark_submit.py:521} INFO - (spark.executor.extraClassPath,/opt/custom-jars/*)
[2025-08-13T10:03:51.172+0000] {spark_submit.py:521} INFO - (spark.hadoop.fs.AbstractFileSystem.gs.impl,com.google.cloud.hadoop.fs.gcs.GoogleHadoopFS)
[2025-08-13T10:03:51.173+0000] {spark_submit.py:521} INFO - (spark.hadoop.fs.gs.impl,com.google.cloud.hadoop.fs.gcs.GoogleHadoopFileSystem)
[2025-08-13T10:03:51.173+0000] {spark_submit.py:521} INFO - (spark.hadoop.google.cloud.auth.service.account.enable,true)
[2025-08-13T10:03:51.174+0000] {spark_submit.py:521} INFO - (spark.hadoop.google.cloud.auth.service.account.json.keyfile,/opt/***/gcp-key.json)
[2025-08-13T10:03:51.174+0000] {spark_submit.py:521} INFO - (spark.master,spark://spark-master:7077)
[2025-08-13T10:03:51.175+0000] {spark_submit.py:521} INFO - 
[2025-08-13T10:03:51.175+0000] {spark_submit.py:521} INFO - 
[2025-08-13T10:03:52.059+0000] {spark_submit.py:521} INFO - 25/08/13 10:03:52 WARN NativeCodeLoader: Unable to load native-hadoop library for your platform... using builtin-java classes where applicable
[2025-08-13T10:03:53.092+0000] {spark_submit.py:521} INFO - Main class:
[2025-08-13T10:03:53.093+0000] {spark_submit.py:521} INFO - org.apache.spark.deploy.PythonRunner
[2025-08-13T10:03:53.093+0000] {spark_submit.py:521} INFO - Arguments:
[2025-08-13T10:03:53.094+0000] {spark_submit.py:521} INFO - file:/opt/spark-jobs/load/upload_jobs_to_dwh.py
[2025-08-13T10:03:53.094+0000] {spark_submit.py:521} INFO - null
[2025-08-13T10:03:53.097+0000] {spark_submit.py:521} INFO - Spark config:
[2025-08-13T10:03:53.097+0000] {spark_submit.py:521} INFO - (spark.app.name,arrow-spark)
[2025-08-13T10:03:53.098+0000] {spark_submit.py:521} INFO - (spark.app.submitTime,1755079433062)
[2025-08-13T10:03:53.099+0000] {spark_submit.py:521} INFO - (spark.driver.extraClassPath,/opt/custom-jars/*)
[2025-08-13T10:03:53.099+0000] {spark_submit.py:521} INFO - (spark.executor.extraClassPath,/opt/custom-jars/*)
[2025-08-13T10:03:53.100+0000] {spark_submit.py:521} INFO - (spark.hadoop.fs.AbstractFileSystem.gs.impl,com.google.cloud.hadoop.fs.gcs.GoogleHadoopFS)
[2025-08-13T10:03:53.100+0000] {spark_submit.py:521} INFO - (spark.hadoop.fs.gs.impl,com.google.cloud.hadoop.fs.gcs.GoogleHadoopFileSystem)
[2025-08-13T10:03:53.101+0000] {spark_submit.py:521} INFO - (spark.hadoop.google.cloud.auth.service.account.enable,true)
[2025-08-13T10:03:53.101+0000] {spark_submit.py:521} INFO - (spark.hadoop.google.cloud.auth.service.account.json.keyfile,/opt/***/gcp-key.json)
[2025-08-13T10:03:53.101+0000] {spark_submit.py:521} INFO - (spark.jars,file:///opt/custom-jars/gcs-connector-hadoop3-2.2.14-shaded.jar)
[2025-08-13T10:03:53.102+0000] {spark_submit.py:521} INFO - (spark.master,spark://spark-master:7077)
[2025-08-13T10:03:53.102+0000] {spark_submit.py:521} INFO - (spark.repl.local.jars,file:///opt/custom-jars/gcs-connector-hadoop3-2.2.14-shaded.jar)
[2025-08-13T10:03:53.103+0000] {spark_submit.py:521} INFO - (spark.submit.deployMode,client)
[2025-08-13T10:03:53.103+0000] {spark_submit.py:521} INFO - (spark.submit.pyFiles,)
[2025-08-13T10:03:53.103+0000] {spark_submit.py:521} INFO - Classpath elements:
[2025-08-13T10:03:53.104+0000] {spark_submit.py:521} INFO - file:///opt/custom-jars/gcs-connector-hadoop3-2.2.14-shaded.jar
[2025-08-13T10:03:53.104+0000] {spark_submit.py:521} INFO - 
[2025-08-13T10:03:53.105+0000] {spark_submit.py:521} INFO - 
[2025-08-13T10:03:55.110+0000] {spark_submit.py:521} INFO - Using Spark's default log4j profile: org/apache/spark/log4j2-defaults.properties
[2025-08-13T10:03:55.121+0000] {spark_submit.py:521} INFO - 25/08/13 10:03:55 INFO SparkContext: Running Spark version 4.0.0
[2025-08-13T10:03:55.131+0000] {spark_submit.py:521} INFO - 25/08/13 10:03:55 INFO SparkContext: OS info Linux, 5.15.167.4-microsoft-standard-WSL2, amd64
[2025-08-13T10:03:55.136+0000] {spark_submit.py:521} INFO - 25/08/13 10:03:55 INFO SparkContext: Java version 17.0.15
[2025-08-13T10:03:55.185+0000] {spark_submit.py:521} INFO - 25/08/13 10:03:55 INFO ResourceUtils: ==============================================================
[2025-08-13T10:03:55.186+0000] {spark_submit.py:521} INFO - 25/08/13 10:03:55 INFO ResourceUtils: No custom resources configured for spark.driver.
[2025-08-13T10:03:55.187+0000] {spark_submit.py:521} INFO - 25/08/13 10:03:55 INFO ResourceUtils: ==============================================================
[2025-08-13T10:03:55.188+0000] {spark_submit.py:521} INFO - 25/08/13 10:03:55 INFO SparkContext: Submitted application: load_to_bq
[2025-08-13T10:03:55.223+0000] {spark_submit.py:521} INFO - 25/08/13 10:03:55 INFO ResourceProfile: Default ResourceProfile created, executor resources: Map(memory -> name: memory, amount: 1024, script: , vendor: , offHeap -> name: offHeap, amount: 0, script: , vendor: ), task resources: Map(cpus -> name: cpus, amount: 1.0)
[2025-08-13T10:03:55.228+0000] {spark_submit.py:521} INFO - 25/08/13 10:03:55 INFO ResourceProfile: Limiting resource is cpu
[2025-08-13T10:03:55.230+0000] {spark_submit.py:521} INFO - 25/08/13 10:03:55 INFO ResourceProfileManager: Added ResourceProfile id: 0
[2025-08-13T10:03:55.302+0000] {spark_submit.py:521} INFO - 25/08/13 10:03:55 INFO SecurityManager: Changing view acls to: ***
[2025-08-13T10:03:55.304+0000] {spark_submit.py:521} INFO - 25/08/13 10:03:55 INFO SecurityManager: Changing modify acls to: ***
[2025-08-13T10:03:55.305+0000] {spark_submit.py:521} INFO - 25/08/13 10:03:55 INFO SecurityManager: Changing view acls groups to: ***
[2025-08-13T10:03:55.305+0000] {spark_submit.py:521} INFO - 25/08/13 10:03:55 INFO SecurityManager: Changing modify acls groups to: ***
[2025-08-13T10:03:55.309+0000] {spark_submit.py:521} INFO - 25/08/13 10:03:55 INFO SecurityManager: SecurityManager: authentication disabled; ui acls disabled; users with view permissions: *** groups with view permissions: EMPTY; users with modify permissions: ***; groups with modify permissions: EMPTY; RPC SSL disabled
[2025-08-13T10:03:55.746+0000] {spark_submit.py:521} INFO - 25/08/13 10:03:55 INFO Utils: Successfully started service 'sparkDriver' on port 46473.
[2025-08-13T10:03:55.791+0000] {spark_submit.py:521} INFO - 25/08/13 10:03:55 INFO SparkEnv: Registering MapOutputTracker
[2025-08-13T10:03:55.802+0000] {spark_submit.py:521} INFO - 25/08/13 10:03:55 INFO SparkEnv: Registering BlockManagerMaster
[2025-08-13T10:03:55.817+0000] {spark_submit.py:521} INFO - 25/08/13 10:03:55 INFO BlockManagerMasterEndpoint: Using org.apache.spark.storage.DefaultTopologyMapper for getting topology information
[2025-08-13T10:03:55.818+0000] {spark_submit.py:521} INFO - 25/08/13 10:03:55 INFO BlockManagerMasterEndpoint: BlockManagerMasterEndpoint up
[2025-08-13T10:03:55.821+0000] {spark_submit.py:521} INFO - 25/08/13 10:03:55 INFO SparkEnv: Registering BlockManagerMasterHeartbeat
[2025-08-13T10:03:55.848+0000] {spark_submit.py:521} INFO - 25/08/13 10:03:55 INFO DiskBlockManager: Created local directory at /tmp/blockmgr-604c9f09-8583-488e-a80e-208b547c2784
[2025-08-13T10:03:55.868+0000] {spark_submit.py:521} INFO - 25/08/13 10:03:55 INFO SparkEnv: Registering OutputCommitCoordinator
[2025-08-13T10:03:56.025+0000] {spark_submit.py:521} INFO - 25/08/13 10:03:56 INFO JettyUtils: Start Jetty 0.0.0.0:4040 for SparkUI
[2025-08-13T10:03:56.138+0000] {spark_submit.py:521} INFO - 25/08/13 10:03:56 INFO Utils: Successfully started service 'SparkUI' on port 4040.
[2025-08-13T10:03:56.180+0000] {spark_submit.py:521} INFO - 25/08/13 10:03:56 INFO SparkContext: Added JAR file:///opt/custom-jars/gcs-connector-hadoop3-2.2.14-shaded.jar at spark://89a37f983b11:46473/jars/gcs-connector-hadoop3-2.2.14-shaded.jar with timestamp 1755079435091
[2025-08-13T10:03:56.206+0000] {spark_submit.py:521} INFO - 25/08/13 10:03:56 INFO SecurityManager: Changing view acls to: ***
[2025-08-13T10:03:56.206+0000] {spark_submit.py:521} INFO - 25/08/13 10:03:56 INFO SecurityManager: Changing modify acls to: ***
[2025-08-13T10:03:56.207+0000] {spark_submit.py:521} INFO - 25/08/13 10:03:56 INFO SecurityManager: Changing view acls groups to: ***
[2025-08-13T10:03:56.207+0000] {spark_submit.py:521} INFO - 25/08/13 10:03:56 INFO SecurityManager: Changing modify acls groups to: ***
[2025-08-13T10:03:56.208+0000] {spark_submit.py:521} INFO - 25/08/13 10:03:56 INFO SecurityManager: SecurityManager: authentication disabled; ui acls disabled; users with view permissions: *** groups with view permissions: EMPTY; users with modify permissions: ***; groups with modify permissions: EMPTY; RPC SSL disabled
[2025-08-13T10:03:56.422+0000] {spark_submit.py:521} INFO - 25/08/13 10:03:56 INFO StandaloneAppClient$ClientEndpoint: Connecting to master spark://spark-master:7077...
[2025-08-13T10:03:56.472+0000] {spark_submit.py:521} INFO - 25/08/13 10:03:56 INFO TransportClientFactory: Successfully created connection to spark-master/172.18.0.3:7077 after 24 ms (0 ms spent in bootstraps)
[2025-08-13T10:03:56.932+0000] {spark_submit.py:521} INFO - 25/08/13 10:03:56 INFO StandaloneSchedulerBackend: Connected to Spark cluster with app ID app-20250813100356-0009
[2025-08-13T10:03:56.950+0000] {spark_submit.py:521} INFO - 25/08/13 10:03:56 INFO Utils: Successfully started service 'org.apache.spark.network.netty.NettyBlockTransferService' on port 43493.
[2025-08-13T10:03:56.951+0000] {spark_submit.py:521} INFO - 25/08/13 10:03:56 INFO NettyBlockTransferService: Server created on 89a37f983b11:43493
[2025-08-13T10:03:56.953+0000] {spark_submit.py:521} INFO - 25/08/13 10:03:56 INFO BlockManager: Using org.apache.spark.storage.RandomBlockReplicationPolicy for block replication policy
[2025-08-13T10:03:56.969+0000] {spark_submit.py:521} INFO - 25/08/13 10:03:56 INFO BlockManagerMaster: Registering BlockManager BlockManagerId(driver, 89a37f983b11, 43493, None)
[2025-08-13T10:03:56.977+0000] {spark_submit.py:521} INFO - 25/08/13 10:03:56 INFO BlockManagerMasterEndpoint: Registering block manager 89a37f983b11:43493 with 434.4 MiB RAM, BlockManagerId(driver, 89a37f983b11, 43493, None)
[2025-08-13T10:03:56.980+0000] {spark_submit.py:521} INFO - 25/08/13 10:03:56 INFO BlockManagerMaster: Registered BlockManager BlockManagerId(driver, 89a37f983b11, 43493, None)
[2025-08-13T10:03:56.982+0000] {spark_submit.py:521} INFO - 25/08/13 10:03:56 INFO BlockManager: Initialized BlockManager: BlockManagerId(driver, 89a37f983b11, 43493, None)
[2025-08-13T10:03:56.993+0000] {spark_submit.py:521} INFO - 25/08/13 10:03:56 INFO StandaloneAppClient$ClientEndpoint: Executor added: app-20250813100356-0009/0 on worker-20250813083942-172.18.0.5-44267 (172.18.0.5:44267) with 2 core(s)
[2025-08-13T10:03:56.995+0000] {spark_submit.py:521} INFO - 25/08/13 10:03:56 INFO StandaloneSchedulerBackend: Granted executor ID app-20250813100356-0009/0 on hostPort 172.18.0.5:44267 with 2 core(s), 1024.0 MiB RAM
[2025-08-13T10:03:57.149+0000] {spark_submit.py:521} INFO - 25/08/13 10:03:57 INFO StandaloneSchedulerBackend: SchedulerBackend is ready for scheduling beginning after reached minRegisteredResourcesRatio: 0.0
[2025-08-13T10:03:58.071+0000] {spark_submit.py:521} INFO - 25/08/13 10:03:58 INFO StandaloneAppClient$ClientEndpoint: Executor updated: app-20250813100356-0009/0 is now RUNNING
[2025-08-13T10:03:59.786+0000] {spark_submit.py:521} INFO - 25/08/13 10:03:59 INFO SharedState: Setting hive.metastore.warehouse.dir ('null') to the value of spark.sql.warehouse.dir.
[2025-08-13T10:03:59.790+0000] {spark_submit.py:521} INFO - 25/08/13 10:03:59 INFO SharedState: Warehouse path is 'file:/opt/***/spark-warehouse'.
[2025-08-13T10:04:04.604+0000] {spark_submit.py:521} INFO - 25/08/13 10:04:04 INFO InMemoryFileIndex: It took 177 ms to list leaf files for 1 paths.
[2025-08-13T10:04:04.955+0000] {spark_submit.py:521} INFO - 25/08/13 10:04:04 INFO SparkContext: Starting job: parquet at NativeMethodAccessorImpl.java:0
[2025-08-13T10:04:04.973+0000] {spark_submit.py:521} INFO - 25/08/13 10:04:04 INFO DAGScheduler: Got job 0 (parquet at NativeMethodAccessorImpl.java:0) with 1 output partitions
[2025-08-13T10:04:04.975+0000] {spark_submit.py:521} INFO - 25/08/13 10:04:04 INFO DAGScheduler: Final stage: ResultStage 0 (parquet at NativeMethodAccessorImpl.java:0)
[2025-08-13T10:04:04.976+0000] {spark_submit.py:521} INFO - 25/08/13 10:04:04 INFO DAGScheduler: Parents of final stage: List()
[2025-08-13T10:04:04.982+0000] {spark_submit.py:521} INFO - 25/08/13 10:04:04 INFO DAGScheduler: Missing parents: List()
[2025-08-13T10:04:04.986+0000] {spark_submit.py:521} INFO - 25/08/13 10:04:04 INFO DAGScheduler: Submitting ResultStage 0 (MapPartitionsRDD[1] at parquet at NativeMethodAccessorImpl.java:0), which has no missing parents
[2025-08-13T10:04:05.033+0000] {spark_submit.py:521} INFO - 25/08/13 10:04:05 INFO MemoryStore: MemoryStore started with capacity 434.4 MiB
[2025-08-13T10:04:05.047+0000] {spark_submit.py:521} INFO - 25/08/13 10:04:05 INFO MemoryStore: Block broadcast_0 stored as values in memory (estimated size 116.0 KiB, free 434.3 MiB)
[2025-08-13T10:04:05.106+0000] {spark_submit.py:521} INFO - 25/08/13 10:04:05 INFO MemoryStore: Block broadcast_0_piece0 stored as bytes in memory (estimated size 41.8 KiB, free 434.2 MiB)
[2025-08-13T10:04:05.123+0000] {spark_submit.py:521} INFO - 25/08/13 10:04:05 INFO SparkContext: Created broadcast 0 from broadcast at DAGScheduler.scala:1676
[2025-08-13T10:04:05.140+0000] {spark_submit.py:521} INFO - 25/08/13 10:04:05 INFO DAGScheduler: Submitting 1 missing tasks from ResultStage 0 (MapPartitionsRDD[1] at parquet at NativeMethodAccessorImpl.java:0) (first 15 tasks are for partitions Vector(0))
[2025-08-13T10:04:05.153+0000] {spark_submit.py:521} INFO - 25/08/13 10:04:05 INFO TaskSchedulerImpl: Adding task set 0.0 with 1 tasks resource profile 0
[2025-08-13T10:04:05.288+0000] {spark_submit.py:521} INFO - 25/08/13 10:04:05 INFO StandaloneSchedulerBackend$StandaloneDriverEndpoint: Registered executor NettyRpcEndpointRef(spark-client://Executor) (172.18.0.5:32830) with ID 0, ResourceProfileId 0
[2025-08-13T10:04:05.474+0000] {spark_submit.py:521} INFO - 25/08/13 10:04:05 INFO BlockManagerMasterEndpoint: Registering block manager 172.18.0.5:39119 with 434.4 MiB RAM, BlockManagerId(0, 172.18.0.5, 39119, None)
[2025-08-13T10:04:07.305+0000] {spark_submit.py:521} INFO - 25/08/13 10:04:07 INFO TaskSetManager: Starting task 0.0 in stage 0.0 (TID 0) (172.18.0.5,executor 0, partition 0, PROCESS_LOCAL, 10077 bytes)
[2025-08-13T10:04:11.752+0000] {spark_submit.py:521} INFO - 25/08/13 10:04:11 INFO TaskSetManager: Finished task 0.0 in stage 0.0 (TID 0) in 4461 ms on 172.18.0.5 (executor 0) (1/1)
[2025-08-13T10:04:11.754+0000] {spark_submit.py:521} INFO - 25/08/13 10:04:11 INFO TaskSchedulerImpl: Removed TaskSet 0.0 whose tasks have all completed, from pool
[2025-08-13T10:04:11.762+0000] {spark_submit.py:521} INFO - 25/08/13 10:04:11 INFO DAGScheduler: ResultStage 0 (parquet at NativeMethodAccessorImpl.java:0) finished in 6756 ms
[2025-08-13T10:04:11.768+0000] {spark_submit.py:521} INFO - 25/08/13 10:04:11 INFO DAGScheduler: Job 0 is finished. Cancelling potential speculative or zombie tasks for this job
[2025-08-13T10:04:11.769+0000] {spark_submit.py:521} INFO - 25/08/13 10:04:11 INFO TaskSchedulerImpl: Canceling stage 0
[2025-08-13T10:04:11.772+0000] {spark_submit.py:521} INFO - 25/08/13 10:04:11 INFO TaskSchedulerImpl: Killing all running tasks in stage 0: Stage finished
[2025-08-13T10:04:11.775+0000] {spark_submit.py:521} INFO - 25/08/13 10:04:11 INFO DAGScheduler: Job 0 finished: parquet at NativeMethodAccessorImpl.java:0, took 6820.334515 ms
[2025-08-13T10:04:12.724+0000] {spark_submit.py:521} INFO - Traceback (most recent call last):
[2025-08-13T10:04:12.724+0000] {spark_submit.py:521} INFO - File "/opt/spark-jobs/load/upload_jobs_to_dwh.py", line 42, in <module>
[2025-08-13T10:04:12.727+0000] {spark_submit.py:521} INFO - load_table_to_bq(table)
[2025-08-13T10:04:12.727+0000] {spark_submit.py:521} INFO - File "/opt/spark-jobs/load/upload_jobs_to_dwh.py", line 25, in load_table_to_bq
[2025-08-13T10:04:12.729+0000] {spark_submit.py:521} INFO - .save()
[2025-08-13T10:04:12.730+0000] {spark_submit.py:521} INFO - ^^^^^^
[2025-08-13T10:04:12.730+0000] {spark_submit.py:521} INFO - File "/home/***/.local/lib/python3.11/site-packages/pyspark/python/lib/pyspark.zip/pyspark/sql/readwriter.py", line 1743, in save
[2025-08-13T10:04:12.730+0000] {spark_submit.py:521} INFO - File "/home/***/.local/lib/python3.11/site-packages/pyspark/python/lib/py4j-0.10.9.9-src.zip/py4j/java_gateway.py", line 1362, in __call__
[2025-08-13T10:04:12.731+0000] {spark_submit.py:521} INFO - File "/home/***/.local/lib/python3.11/site-packages/pyspark/python/lib/pyspark.zip/pyspark/errors/exceptions/captured.py", line 282, in deco
[2025-08-13T10:04:12.731+0000] {spark_submit.py:521} INFO - File "/home/***/.local/lib/python3.11/site-packages/pyspark/python/lib/py4j-0.10.9.9-src.zip/py4j/protocol.py", line 327, in get_return_value
[2025-08-13T10:04:12.775+0000] {spark_submit.py:521} INFO - py4j.protocol.Py4JJavaError: An error occurred while calling o43.save.
[2025-08-13T10:04:12.776+0000] {spark_submit.py:521} INFO - : com.google.cloud.spark.bigquery.repackaged.com.google.inject.ProvisionException: Unable to provision, see the following errors:
[2025-08-13T10:04:12.776+0000] {spark_submit.py:521} INFO - 
[2025-08-13T10:04:12.776+0000] {spark_submit.py:521} INFO - 1) [Guice/ErrorInCustomProvider]: NoSuchMethodError: 'SQLConf SQLContext.conf()'
[2025-08-13T10:04:12.777+0000] {spark_submit.py:521} INFO - at SparkBigQueryConnectorModule.provideSparkBigQueryConfig(SparkBigQueryConnectorModule.java:77)
[2025-08-13T10:04:12.777+0000] {spark_submit.py:521} INFO - while locating SparkBigQueryConfig
[2025-08-13T10:04:12.777+0000] {spark_submit.py:521} INFO - 
[2025-08-13T10:04:12.777+0000] {spark_submit.py:521} INFO - Learn more:
[2025-08-13T10:04:12.778+0000] {spark_submit.py:521} INFO - https://github.com/google/guice/wiki/ERROR_IN_CUSTOM_PROVIDER
[2025-08-13T10:04:12.778+0000] {spark_submit.py:521} INFO - 
[2025-08-13T10:04:12.778+0000] {spark_submit.py:521} INFO - 1 error
[2025-08-13T10:04:12.779+0000] {spark_submit.py:521} INFO - 
[2025-08-13T10:04:12.779+0000] {spark_submit.py:521} INFO - ======================
[2025-08-13T10:04:12.780+0000] {spark_submit.py:521} INFO - Full classname legend:
[2025-08-13T10:04:12.780+0000] {spark_submit.py:521} INFO - ======================
[2025-08-13T10:04:12.780+0000] {spark_submit.py:521} INFO - SQLConf:                      "org.apache.spark.sql.internal.SQLConf"
[2025-08-13T10:04:12.780+0000] {spark_submit.py:521} INFO - SQLContext:                   "org.apache.spark.sql.SQLContext"
[2025-08-13T10:04:12.781+0000] {spark_submit.py:521} INFO - SparkBigQueryConfig:          "com.google.cloud.spark.bigquery.SparkBigQueryConfig"
[2025-08-13T10:04:12.781+0000] {spark_submit.py:521} INFO - SparkBigQueryConnectorModule: "com.google.cloud.spark.bigquery.SparkBigQueryConnectorModule"
[2025-08-13T10:04:12.781+0000] {spark_submit.py:521} INFO - ========================
[2025-08-13T10:04:12.782+0000] {spark_submit.py:521} INFO - End of classname legend:
[2025-08-13T10:04:12.782+0000] {spark_submit.py:521} INFO - ========================
[2025-08-13T10:04:12.782+0000] {spark_submit.py:521} INFO - 
[2025-08-13T10:04:12.782+0000] {spark_submit.py:521} INFO - at com.google.cloud.spark.bigquery.repackaged.com.google.inject.internal.InternalProvisionException.toProvisionException(InternalProvisionException.java:251)
[2025-08-13T10:04:12.783+0000] {spark_submit.py:521} INFO - at com.google.cloud.spark.bigquery.repackaged.com.google.inject.internal.InjectorImpl$1.get(InjectorImpl.java:1104)
[2025-08-13T10:04:12.783+0000] {spark_submit.py:521} INFO - at com.google.cloud.spark.bigquery.repackaged.com.google.inject.internal.InjectorImpl.getInstance(InjectorImpl.java:1139)
[2025-08-13T10:04:12.783+0000] {spark_submit.py:521} INFO - at com.google.cloud.spark.bigquery.write.CreatableRelationProviderHelper.createBigQueryInsertableRelationInternal(CreatableRelationProviderHelper.java:114)
[2025-08-13T10:04:12.784+0000] {spark_submit.py:521} INFO - at com.google.cloud.spark.bigquery.write.CreatableRelationProviderHelper.createBigQueryInsertableRelation(CreatableRelationProviderHelper.java:95)
[2025-08-13T10:04:12.784+0000] {spark_submit.py:521} INFO - at com.google.cloud.spark.bigquery.write.CreatableRelationProviderHelper.createRelation(CreatableRelationProviderHelper.java:47)
[2025-08-13T10:04:12.784+0000] {spark_submit.py:521} INFO - at com.google.cloud.spark.bigquery.BigQueryRelationProvider.createRelation(BigQueryRelationProvider.scala:107)
[2025-08-13T10:04:12.784+0000] {spark_submit.py:521} INFO - at org.apache.spark.sql.execution.datasources.SaveIntoDataSourceCommand.run(SaveIntoDataSourceCommand.scala:55)
[2025-08-13T10:04:12.785+0000] {spark_submit.py:521} INFO - at org.apache.spark.sql.execution.command.ExecutedCommandExec.sideEffectResult$lzycompute(commands.scala:79)
[2025-08-13T10:04:12.785+0000] {spark_submit.py:521} INFO - at org.apache.spark.sql.execution.command.ExecutedCommandExec.sideEffectResult(commands.scala:77)
[2025-08-13T10:04:12.785+0000] {spark_submit.py:521} INFO - at org.apache.spark.sql.execution.command.ExecutedCommandExec.executeCollect(commands.scala:88)
[2025-08-13T10:04:12.786+0000] {spark_submit.py:521} INFO - at org.apache.spark.sql.execution.QueryExecution.$anonfun$eagerlyExecuteCommands$2(QueryExecution.scala:155)
[2025-08-13T10:04:12.786+0000] {spark_submit.py:521} INFO - at org.apache.spark.sql.execution.SQLExecution$.$anonfun$withNewExecutionId0$8(SQLExecution.scala:162)
[2025-08-13T10:04:12.786+0000] {spark_submit.py:521} INFO - at org.apache.spark.sql.execution.SQLExecution$.withSessionTagsApplied(SQLExecution.scala:268)
[2025-08-13T10:04:12.786+0000] {spark_submit.py:521} INFO - at org.apache.spark.sql.execution.SQLExecution$.$anonfun$withNewExecutionId0$7(SQLExecution.scala:124)
[2025-08-13T10:04:12.786+0000] {spark_submit.py:521} INFO - at org.apache.spark.JobArtifactSet$.withActiveJobArtifactState(JobArtifactSet.scala:94)
[2025-08-13T10:04:12.787+0000] {spark_submit.py:521} INFO - at org.apache.spark.sql.artifact.ArtifactManager.$anonfun$withResources$1(ArtifactManager.scala:112)
[2025-08-13T10:04:12.787+0000] {spark_submit.py:521} INFO - at org.apache.spark.sql.artifact.ArtifactManager.withClassLoaderIfNeeded(ArtifactManager.scala:106)
[2025-08-13T10:04:12.787+0000] {spark_submit.py:521} INFO - at org.apache.spark.sql.artifact.ArtifactManager.withResources(ArtifactManager.scala:111)
[2025-08-13T10:04:12.788+0000] {spark_submit.py:521} INFO - at org.apache.spark.sql.execution.SQLExecution$.$anonfun$withNewExecutionId0$6(SQLExecution.scala:124)
[2025-08-13T10:04:12.788+0000] {spark_submit.py:521} INFO - at org.apache.spark.sql.execution.SQLExecution$.withSQLConfPropagated(SQLExecution.scala:291)
[2025-08-13T10:04:12.789+0000] {spark_submit.py:521} INFO - at org.apache.spark.sql.execution.SQLExecution$.$anonfun$withNewExecutionId0$1(SQLExecution.scala:123)
[2025-08-13T10:04:12.789+0000] {spark_submit.py:521} INFO - at org.apache.spark.sql.SparkSession.withActive(SparkSession.scala:804)
[2025-08-13T10:04:12.789+0000] {spark_submit.py:521} INFO - at org.apache.spark.sql.execution.SQLExecution$.withNewExecutionId0(SQLExecution.scala:77)
[2025-08-13T10:04:12.789+0000] {spark_submit.py:521} INFO - at org.apache.spark.sql.execution.SQLExecution$.withNewExecutionId(SQLExecution.scala:233)
[2025-08-13T10:04:12.790+0000] {spark_submit.py:521} INFO - at org.apache.spark.sql.execution.QueryExecution.$anonfun$eagerlyExecuteCommands$1(QueryExecution.scala:155)
[2025-08-13T10:04:12.790+0000] {spark_submit.py:521} INFO - at org.apache.spark.sql.execution.QueryExecution$.withInternalError(QueryExecution.scala:654)
[2025-08-13T10:04:12.790+0000] {spark_submit.py:521} INFO - at org.apache.spark.sql.execution.QueryExecution.org$apache$spark$sql$execution$QueryExecution$$eagerlyExecute$1(QueryExecution.scala:154)
[2025-08-13T10:04:12.791+0000] {spark_submit.py:521} INFO - at org.apache.spark.sql.execution.QueryExecution$$anonfun$eagerlyExecuteCommands$3.applyOrElse(QueryExecution.scala:169)
[2025-08-13T10:04:12.791+0000] {spark_submit.py:521} INFO - at org.apache.spark.sql.execution.QueryExecution$$anonfun$eagerlyExecuteCommands$3.applyOrElse(QueryExecution.scala:164)
[2025-08-13T10:04:12.791+0000] {spark_submit.py:521} INFO - at org.apache.spark.sql.catalyst.trees.TreeNode.$anonfun$transformDownWithPruning$1(TreeNode.scala:470)
[2025-08-13T10:04:12.791+0000] {spark_submit.py:521} INFO - at org.apache.spark.sql.catalyst.trees.CurrentOrigin$.withOrigin(origin.scala:86)
[2025-08-13T10:04:12.792+0000] {spark_submit.py:521} INFO - at org.apache.spark.sql.catalyst.trees.TreeNode.transformDownWithPruning(TreeNode.scala:470)
[2025-08-13T10:04:12.792+0000] {spark_submit.py:521} INFO - at org.apache.spark.sql.catalyst.plans.logical.LogicalPlan.org$apache$spark$sql$catalyst$plans$logical$AnalysisHelper$$super$transformDownWithPruning(LogicalPlan.scala:37)
[2025-08-13T10:04:12.792+0000] {spark_submit.py:521} INFO - at org.apache.spark.sql.catalyst.plans.logical.AnalysisHelper.transformDownWithPruning(AnalysisHelper.scala:360)
[2025-08-13T10:04:12.792+0000] {spark_submit.py:521} INFO - at org.apache.spark.sql.catalyst.plans.logical.AnalysisHelper.transformDownWithPruning$(AnalysisHelper.scala:356)
[2025-08-13T10:04:12.793+0000] {spark_submit.py:521} INFO - at org.apache.spark.sql.catalyst.plans.logical.LogicalPlan.transformDownWithPruning(LogicalPlan.scala:37)
[2025-08-13T10:04:12.793+0000] {spark_submit.py:521} INFO - at org.apache.spark.sql.catalyst.plans.logical.LogicalPlan.transformDownWithPruning(LogicalPlan.scala:37)
[2025-08-13T10:04:12.793+0000] {spark_submit.py:521} INFO - at org.apache.spark.sql.catalyst.trees.TreeNode.transformDown(TreeNode.scala:446)
[2025-08-13T10:04:12.794+0000] {spark_submit.py:521} INFO - at org.apache.spark.sql.execution.QueryExecution.eagerlyExecuteCommands(QueryExecution.scala:164)
[2025-08-13T10:04:12.794+0000] {spark_submit.py:521} INFO - at org.apache.spark.sql.execution.QueryExecution.$anonfun$lazyCommandExecuted$1(QueryExecution.scala:126)
[2025-08-13T10:04:12.794+0000] {spark_submit.py:521} INFO - at scala.util.Try$.apply(Try.scala:217)
[2025-08-13T10:04:12.794+0000] {spark_submit.py:521} INFO - at org.apache.spark.util.Utils$.doTryWithCallerStacktrace(Utils.scala:1378)
[2025-08-13T10:04:12.795+0000] {spark_submit.py:521} INFO - at org.apache.spark.util.Utils$.getTryWithCallerStacktrace(Utils.scala:1439)
[2025-08-13T10:04:12.795+0000] {spark_submit.py:521} INFO - at org.apache.spark.util.LazyTry.get(LazyTry.scala:58)
[2025-08-13T10:04:12.795+0000] {spark_submit.py:521} INFO - at org.apache.spark.sql.execution.QueryExecution.commandExecuted(QueryExecution.scala:131)
[2025-08-13T10:04:12.796+0000] {spark_submit.py:521} INFO - at org.apache.spark.sql.execution.QueryExecution.assertCommandExecuted(QueryExecution.scala:192)
[2025-08-13T10:04:12.796+0000] {spark_submit.py:521} INFO - at org.apache.spark.sql.classic.DataFrameWriter.runCommand(DataFrameWriter.scala:622)
[2025-08-13T10:04:12.796+0000] {spark_submit.py:521} INFO - at org.apache.spark.sql.classic.DataFrameWriter.saveToV1Source(DataFrameWriter.scala:273)
[2025-08-13T10:04:12.796+0000] {spark_submit.py:521} INFO - at org.apache.spark.sql.classic.DataFrameWriter.saveInternal(DataFrameWriter.scala:241)
[2025-08-13T10:04:12.797+0000] {spark_submit.py:521} INFO - at org.apache.spark.sql.classic.DataFrameWriter.save(DataFrameWriter.scala:126)
[2025-08-13T10:04:12.797+0000] {spark_submit.py:521} INFO - at java.base/jdk.internal.reflect.NativeMethodAccessorImpl.invoke0(Native Method)
[2025-08-13T10:04:12.797+0000] {spark_submit.py:521} INFO - at java.base/jdk.internal.reflect.NativeMethodAccessorImpl.invoke(NativeMethodAccessorImpl.java:77)
[2025-08-13T10:04:12.797+0000] {spark_submit.py:521} INFO - at java.base/jdk.internal.reflect.DelegatingMethodAccessorImpl.invoke(DelegatingMethodAccessorImpl.java:43)
[2025-08-13T10:04:12.798+0000] {spark_submit.py:521} INFO - at java.base/java.lang.reflect.Method.invoke(Method.java:569)
[2025-08-13T10:04:12.798+0000] {spark_submit.py:521} INFO - at py4j.reflection.MethodInvoker.invoke(MethodInvoker.java:244)
[2025-08-13T10:04:12.798+0000] {spark_submit.py:521} INFO - at py4j.reflection.ReflectionEngine.invoke(ReflectionEngine.java:374)
[2025-08-13T10:04:12.798+0000] {spark_submit.py:521} INFO - at py4j.Gateway.invoke(Gateway.java:282)
[2025-08-13T10:04:12.798+0000] {spark_submit.py:521} INFO - at py4j.commands.AbstractCommand.invokeMethod(AbstractCommand.java:132)
[2025-08-13T10:04:12.799+0000] {spark_submit.py:521} INFO - at py4j.commands.CallCommand.execute(CallCommand.java:79)
[2025-08-13T10:04:12.799+0000] {spark_submit.py:521} INFO - at py4j.ClientServerConnection.waitForCommands(ClientServerConnection.java:184)
[2025-08-13T10:04:12.799+0000] {spark_submit.py:521} INFO - at py4j.ClientServerConnection.run(ClientServerConnection.java:108)
[2025-08-13T10:04:12.799+0000] {spark_submit.py:521} INFO - at java.base/java.lang.Thread.run(Thread.java:840)
[2025-08-13T10:04:12.800+0000] {spark_submit.py:521} INFO - Suppressed: org.apache.spark.util.Utils$OriginalTryStackTraceException: Full stacktrace of original doTryWithCallerStacktrace caller
[2025-08-13T10:04:12.800+0000] {spark_submit.py:521} INFO - at com.google.cloud.spark.bigquery.repackaged.com.google.inject.internal.InternalProvisionException.toProvisionException(InternalProvisionException.java:251)
[2025-08-13T10:04:12.800+0000] {spark_submit.py:521} INFO - at com.google.cloud.spark.bigquery.repackaged.com.google.inject.internal.InjectorImpl$1.get(InjectorImpl.java:1104)
[2025-08-13T10:04:12.800+0000] {spark_submit.py:521} INFO - at com.google.cloud.spark.bigquery.repackaged.com.google.inject.internal.InjectorImpl.getInstance(InjectorImpl.java:1139)
[2025-08-13T10:04:12.801+0000] {spark_submit.py:521} INFO - at com.google.cloud.spark.bigquery.write.CreatableRelationProviderHelper.createBigQueryInsertableRelationInternal(CreatableRelationProviderHelper.java:114)
[2025-08-13T10:04:12.801+0000] {spark_submit.py:521} INFO - at com.google.cloud.spark.bigquery.write.CreatableRelationProviderHelper.createBigQueryInsertableRelation(CreatableRelationProviderHelper.java:95)
[2025-08-13T10:04:12.801+0000] {spark_submit.py:521} INFO - at com.google.cloud.spark.bigquery.write.CreatableRelationProviderHelper.createRelation(CreatableRelationProviderHelper.java:47)
[2025-08-13T10:04:12.801+0000] {spark_submit.py:521} INFO - at com.google.cloud.spark.bigquery.BigQueryRelationProvider.createRelation(BigQueryRelationProvider.scala:107)
[2025-08-13T10:04:12.802+0000] {spark_submit.py:521} INFO - at org.apache.spark.sql.execution.datasources.SaveIntoDataSourceCommand.run(SaveIntoDataSourceCommand.scala:55)
[2025-08-13T10:04:12.802+0000] {spark_submit.py:521} INFO - at org.apache.spark.sql.execution.command.ExecutedCommandExec.sideEffectResult$lzycompute(commands.scala:79)
[2025-08-13T10:04:12.802+0000] {spark_submit.py:521} INFO - at org.apache.spark.sql.execution.command.ExecutedCommandExec.sideEffectResult(commands.scala:77)
[2025-08-13T10:04:12.802+0000] {spark_submit.py:521} INFO - at org.apache.spark.sql.execution.command.ExecutedCommandExec.executeCollect(commands.scala:88)
[2025-08-13T10:04:12.803+0000] {spark_submit.py:521} INFO - at org.apache.spark.sql.execution.QueryExecution.$anonfun$eagerlyExecuteCommands$2(QueryExecution.scala:155)
[2025-08-13T10:04:12.803+0000] {spark_submit.py:521} INFO - at org.apache.spark.sql.execution.SQLExecution$.$anonfun$withNewExecutionId0$8(SQLExecution.scala:162)
[2025-08-13T10:04:12.803+0000] {spark_submit.py:521} INFO - at org.apache.spark.sql.execution.SQLExecution$.withSessionTagsApplied(SQLExecution.scala:268)
[2025-08-13T10:04:12.803+0000] {spark_submit.py:521} INFO - at org.apache.spark.sql.execution.SQLExecution$.$anonfun$withNewExecutionId0$7(SQLExecution.scala:124)
[2025-08-13T10:04:12.804+0000] {spark_submit.py:521} INFO - at org.apache.spark.JobArtifactSet$.withActiveJobArtifactState(JobArtifactSet.scala:94)
[2025-08-13T10:04:12.804+0000] {spark_submit.py:521} INFO - at org.apache.spark.sql.artifact.ArtifactManager.$anonfun$withResources$1(ArtifactManager.scala:112)
[2025-08-13T10:04:12.805+0000] {spark_submit.py:521} INFO - at org.apache.spark.sql.artifact.ArtifactManager.withClassLoaderIfNeeded(ArtifactManager.scala:106)
[2025-08-13T10:04:12.805+0000] {spark_submit.py:521} INFO - at org.apache.spark.sql.artifact.ArtifactManager.withResources(ArtifactManager.scala:111)
[2025-08-13T10:04:12.805+0000] {spark_submit.py:521} INFO - at org.apache.spark.sql.execution.SQLExecution$.$anonfun$withNewExecutionId0$6(SQLExecution.scala:124)
[2025-08-13T10:04:12.806+0000] {spark_submit.py:521} INFO - at org.apache.spark.sql.execution.SQLExecution$.withSQLConfPropagated(SQLExecution.scala:291)
[2025-08-13T10:04:12.806+0000] {spark_submit.py:521} INFO - at org.apache.spark.sql.execution.SQLExecution$.$anonfun$withNewExecutionId0$1(SQLExecution.scala:123)
[2025-08-13T10:04:12.806+0000] {spark_submit.py:521} INFO - at org.apache.spark.sql.SparkSession.withActive(SparkSession.scala:804)
[2025-08-13T10:04:12.806+0000] {spark_submit.py:521} INFO - at org.apache.spark.sql.execution.SQLExecution$.withNewExecutionId0(SQLExecution.scala:77)
[2025-08-13T10:04:12.807+0000] {spark_submit.py:521} INFO - at org.apache.spark.sql.execution.SQLExecution$.withNewExecutionId(SQLExecution.scala:233)
[2025-08-13T10:04:12.807+0000] {spark_submit.py:521} INFO - at org.apache.spark.sql.execution.QueryExecution.$anonfun$eagerlyExecuteCommands$1(QueryExecution.scala:155)
[2025-08-13T10:04:12.807+0000] {spark_submit.py:521} INFO - at org.apache.spark.sql.execution.QueryExecution$.withInternalError(QueryExecution.scala:654)
[2025-08-13T10:04:12.807+0000] {spark_submit.py:521} INFO - at org.apache.spark.sql.execution.QueryExecution.org$apache$spark$sql$execution$QueryExecution$$eagerlyExecute$1(QueryExecution.scala:154)
[2025-08-13T10:04:12.808+0000] {spark_submit.py:521} INFO - at org.apache.spark.sql.execution.QueryExecution$$anonfun$eagerlyExecuteCommands$3.applyOrElse(QueryExecution.scala:169)
[2025-08-13T10:04:12.808+0000] {spark_submit.py:521} INFO - at org.apache.spark.sql.execution.QueryExecution$$anonfun$eagerlyExecuteCommands$3.applyOrElse(QueryExecution.scala:164)
[2025-08-13T10:04:12.808+0000] {spark_submit.py:521} INFO - at org.apache.spark.sql.catalyst.trees.TreeNode.$anonfun$transformDownWithPruning$1(TreeNode.scala:470)
[2025-08-13T10:04:12.808+0000] {spark_submit.py:521} INFO - at org.apache.spark.sql.catalyst.trees.CurrentOrigin$.withOrigin(origin.scala:86)
[2025-08-13T10:04:12.809+0000] {spark_submit.py:521} INFO - at org.apache.spark.sql.catalyst.trees.TreeNode.transformDownWithPruning(TreeNode.scala:470)
[2025-08-13T10:04:12.809+0000] {spark_submit.py:521} INFO - at org.apache.spark.sql.catalyst.plans.logical.LogicalPlan.org$apache$spark$sql$catalyst$plans$logical$AnalysisHelper$$super$transformDownWithPruning(LogicalPlan.scala:37)
[2025-08-13T10:04:12.809+0000] {spark_submit.py:521} INFO - at org.apache.spark.sql.catalyst.plans.logical.AnalysisHelper.transformDownWithPruning(AnalysisHelper.scala:360)
[2025-08-13T10:04:12.809+0000] {spark_submit.py:521} INFO - at org.apache.spark.sql.catalyst.plans.logical.AnalysisHelper.transformDownWithPruning$(AnalysisHelper.scala:356)
[2025-08-13T10:04:12.810+0000] {spark_submit.py:521} INFO - at org.apache.spark.sql.catalyst.plans.logical.LogicalPlan.transformDownWithPruning(LogicalPlan.scala:37)
[2025-08-13T10:04:12.810+0000] {spark_submit.py:521} INFO - at org.apache.spark.sql.catalyst.plans.logical.LogicalPlan.transformDownWithPruning(LogicalPlan.scala:37)
[2025-08-13T10:04:12.810+0000] {spark_submit.py:521} INFO - at org.apache.spark.sql.catalyst.trees.TreeNode.transformDown(TreeNode.scala:446)
[2025-08-13T10:04:12.810+0000] {spark_submit.py:521} INFO - at org.apache.spark.sql.execution.QueryExecution.eagerlyExecuteCommands(QueryExecution.scala:164)
[2025-08-13T10:04:12.811+0000] {spark_submit.py:521} INFO - at org.apache.spark.sql.execution.QueryExecution.$anonfun$lazyCommandExecuted$1(QueryExecution.scala:126)
[2025-08-13T10:04:12.811+0000] {spark_submit.py:521} INFO - at scala.util.Try$.apply(Try.scala:217)
[2025-08-13T10:04:12.811+0000] {spark_submit.py:521} INFO - at org.apache.spark.util.Utils$.doTryWithCallerStacktrace(Utils.scala:1378)
[2025-08-13T10:04:12.811+0000] {spark_submit.py:521} INFO - at org.apache.spark.util.LazyTry.tryT$lzycompute(LazyTry.scala:46)
[2025-08-13T10:04:12.811+0000] {spark_submit.py:521} INFO - at org.apache.spark.util.LazyTry.tryT(LazyTry.scala:46)
[2025-08-13T10:04:12.812+0000] {spark_submit.py:521} INFO - ... 19 more
[2025-08-13T10:04:12.812+0000] {spark_submit.py:521} INFO - Caused by: java.lang.NoSuchMethodError: 'org.apache.spark.sql.internal.SQLConf org.apache.spark.sql.SQLContext.conf()'
[2025-08-13T10:04:12.812+0000] {spark_submit.py:521} INFO - at com.google.cloud.spark.bigquery.SparkBigQueryConfig.from(SparkBigQueryConfig.java:221)
[2025-08-13T10:04:12.812+0000] {spark_submit.py:521} INFO - at com.google.cloud.spark.bigquery.SparkBigQueryConnectorModule.lambda$provideSparkBigQueryConfig$0(SparkBigQueryConnectorModule.java:79)
[2025-08-13T10:04:12.813+0000] {spark_submit.py:521} INFO - at java.base/java.util.Optional.orElseGet(Optional.java:364)
[2025-08-13T10:04:12.813+0000] {spark_submit.py:521} INFO - at com.google.cloud.spark.bigquery.SparkBigQueryConnectorModule.provideSparkBigQueryConfig(SparkBigQueryConnectorModule.java:77)
[2025-08-13T10:04:12.813+0000] {spark_submit.py:521} INFO - at com.google.cloud.spark.bigquery.SparkBigQueryConnectorModule$$FastClassByGuice$$1932236.GUICE$TRAMPOLINE(<generated>)
[2025-08-13T10:04:12.813+0000] {spark_submit.py:521} INFO - at com.google.cloud.spark.bigquery.SparkBigQueryConnectorModule$$FastClassByGuice$$1932236.apply(<generated>)
[2025-08-13T10:04:12.814+0000] {spark_submit.py:521} INFO - at com.google.cloud.spark.bigquery.repackaged.com.google.inject.internal.ProviderMethod$FastClassProviderMethod.doProvision(ProviderMethod.java:260)
[2025-08-13T10:04:12.814+0000] {spark_submit.py:521} INFO - at com.google.cloud.spark.bigquery.repackaged.com.google.inject.internal.ProviderMethod.doProvision(ProviderMethod.java:171)
[2025-08-13T10:04:12.814+0000] {spark_submit.py:521} INFO - at com.google.cloud.spark.bigquery.repackaged.com.google.inject.internal.InternalProviderInstanceBindingImpl$CyclicFactory.provision(InternalProviderInstanceBindingImpl.java:185)
[2025-08-13T10:04:12.814+0000] {spark_submit.py:521} INFO - at com.google.cloud.spark.bigquery.repackaged.com.google.inject.internal.InternalProviderInstanceBindingImpl$CyclicFactory.get(InternalProviderInstanceBindingImpl.java:162)
[2025-08-13T10:04:12.815+0000] {spark_submit.py:521} INFO - at com.google.cloud.spark.bigquery.repackaged.com.google.inject.internal.ProviderToInternalFactoryAdapter.get(ProviderToInternalFactoryAdapter.java:40)
[2025-08-13T10:04:12.815+0000] {spark_submit.py:521} INFO - at com.google.cloud.spark.bigquery.repackaged.com.google.inject.internal.SingletonScope$1.get(SingletonScope.java:169)
[2025-08-13T10:04:12.815+0000] {spark_submit.py:521} INFO - at com.google.cloud.spark.bigquery.repackaged.com.google.inject.internal.InternalFactoryToProviderAdapter.get(InternalFactoryToProviderAdapter.java:45)
[2025-08-13T10:04:12.815+0000] {spark_submit.py:521} INFO - at com.google.cloud.spark.bigquery.repackaged.com.google.inject.internal.InjectorImpl$1.get(InjectorImpl.java:1101)
[2025-08-13T10:04:12.816+0000] {spark_submit.py:521} INFO - at com.google.cloud.spark.bigquery.repackaged.com.google.inject.internal.InjectorImpl.getInstance(InjectorImpl.java:1139)
[2025-08-13T10:04:12.816+0000] {spark_submit.py:521} INFO - at com.google.cloud.spark.bigquery.write.CreatableRelationProviderHelper.createBigQueryInsertableRelationInternal(CreatableRelationProviderHelper.java:114)
[2025-08-13T10:04:12.816+0000] {spark_submit.py:521} INFO - at com.google.cloud.spark.bigquery.write.CreatableRelationProviderHelper.createBigQueryInsertableRelation(CreatableRelationProviderHelper.java:95)
[2025-08-13T10:04:12.816+0000] {spark_submit.py:521} INFO - at com.google.cloud.spark.bigquery.write.CreatableRelationProviderHelper.createRelation(CreatableRelationProviderHelper.java:47)
[2025-08-13T10:04:12.817+0000] {spark_submit.py:521} INFO - at com.google.cloud.spark.bigquery.BigQueryRelationProvider.createRelation(BigQueryRelationProvider.scala:107)
[2025-08-13T10:04:12.817+0000] {spark_submit.py:521} INFO - at org.apache.spark.sql.execution.datasources.SaveIntoDataSourceCommand.run(SaveIntoDataSourceCommand.scala:55)
[2025-08-13T10:04:12.817+0000] {spark_submit.py:521} INFO - at org.apache.spark.sql.execution.command.ExecutedCommandExec.sideEffectResult$lzycompute(commands.scala:79)
[2025-08-13T10:04:12.817+0000] {spark_submit.py:521} INFO - at org.apache.spark.sql.execution.command.ExecutedCommandExec.sideEffectResult(commands.scala:77)
[2025-08-13T10:04:12.818+0000] {spark_submit.py:521} INFO - at org.apache.spark.sql.execution.command.ExecutedCommandExec.executeCollect(commands.scala:88)
[2025-08-13T10:04:12.818+0000] {spark_submit.py:521} INFO - at org.apache.spark.sql.execution.QueryExecution.$anonfun$eagerlyExecuteCommands$2(QueryExecution.scala:155)
[2025-08-13T10:04:12.818+0000] {spark_submit.py:521} INFO - at org.apache.spark.sql.execution.SQLExecution$.$anonfun$withNewExecutionId0$8(SQLExecution.scala:162)
[2025-08-13T10:04:12.818+0000] {spark_submit.py:521} INFO - at org.apache.spark.sql.execution.SQLExecution$.withSessionTagsApplied(SQLExecution.scala:268)
[2025-08-13T10:04:12.818+0000] {spark_submit.py:521} INFO - at org.apache.spark.sql.execution.SQLExecution$.$anonfun$withNewExecutionId0$7(SQLExecution.scala:124)
[2025-08-13T10:04:12.819+0000] {spark_submit.py:521} INFO - at org.apache.spark.JobArtifactSet$.withActiveJobArtifactState(JobArtifactSet.scala:94)
[2025-08-13T10:04:12.819+0000] {spark_submit.py:521} INFO - at org.apache.spark.sql.artifact.ArtifactManager.$anonfun$withResources$1(ArtifactManager.scala:112)
[2025-08-13T10:04:12.819+0000] {spark_submit.py:521} INFO - at org.apache.spark.sql.artifact.ArtifactManager.withClassLoaderIfNeeded(ArtifactManager.scala:106)
[2025-08-13T10:04:12.820+0000] {spark_submit.py:521} INFO - at org.apache.spark.sql.artifact.ArtifactManager.withResources(ArtifactManager.scala:111)
[2025-08-13T10:04:12.820+0000] {spark_submit.py:521} INFO - at org.apache.spark.sql.execution.SQLExecution$.$anonfun$withNewExecutionId0$6(SQLExecution.scala:124)
[2025-08-13T10:04:12.820+0000] {spark_submit.py:521} INFO - at org.apache.spark.sql.execution.SQLExecution$.withSQLConfPropagated(SQLExecution.scala:291)
[2025-08-13T10:04:12.820+0000] {spark_submit.py:521} INFO - at org.apache.spark.sql.execution.SQLExecution$.$anonfun$withNewExecutionId0$1(SQLExecution.scala:123)
[2025-08-13T10:04:12.821+0000] {spark_submit.py:521} INFO - at org.apache.spark.sql.SparkSession.withActive(SparkSession.scala:804)
[2025-08-13T10:04:12.821+0000] {spark_submit.py:521} INFO - at org.apache.spark.sql.execution.SQLExecution$.withNewExecutionId0(SQLExecution.scala:77)
[2025-08-13T10:04:12.821+0000] {spark_submit.py:521} INFO - at org.apache.spark.sql.execution.SQLExecution$.withNewExecutionId(SQLExecution.scala:233)
[2025-08-13T10:04:12.821+0000] {spark_submit.py:521} INFO - at org.apache.spark.sql.execution.QueryExecution.$anonfun$eagerlyExecuteCommands$1(QueryExecution.scala:155)
[2025-08-13T10:04:12.822+0000] {spark_submit.py:521} INFO - at org.apache.spark.sql.execution.QueryExecution$.withInternalError(QueryExecution.scala:654)
[2025-08-13T10:04:12.822+0000] {spark_submit.py:521} INFO - at org.apache.spark.sql.execution.QueryExecution.org$apache$spark$sql$execution$QueryExecution$$eagerlyExecute$1(QueryExecution.scala:154)
[2025-08-13T10:04:12.822+0000] {spark_submit.py:521} INFO - at org.apache.spark.sql.execution.QueryExecution$$anonfun$eagerlyExecuteCommands$3.applyOrElse(QueryExecution.scala:169)
[2025-08-13T10:04:12.822+0000] {spark_submit.py:521} INFO - at org.apache.spark.sql.execution.QueryExecution$$anonfun$eagerlyExecuteCommands$3.applyOrElse(QueryExecution.scala:164)
[2025-08-13T10:04:12.822+0000] {spark_submit.py:521} INFO - at org.apache.spark.sql.catalyst.trees.TreeNode.$anonfun$transformDownWithPruning$1(TreeNode.scala:470)
[2025-08-13T10:04:12.823+0000] {spark_submit.py:521} INFO - at org.apache.spark.sql.catalyst.trees.CurrentOrigin$.withOrigin(origin.scala:86)
[2025-08-13T10:04:12.823+0000] {spark_submit.py:521} INFO - at org.apache.spark.sql.catalyst.trees.TreeNode.transformDownWithPruning(TreeNode.scala:470)
[2025-08-13T10:04:12.823+0000] {spark_submit.py:521} INFO - at org.apache.spark.sql.catalyst.plans.logical.LogicalPlan.org$apache$spark$sql$catalyst$plans$logical$AnalysisHelper$$super$transformDownWithPruning(LogicalPlan.scala:37)
[2025-08-13T10:04:12.823+0000] {spark_submit.py:521} INFO - at org.apache.spark.sql.catalyst.plans.logical.AnalysisHelper.transformDownWithPruning(AnalysisHelper.scala:360)
[2025-08-13T10:04:12.824+0000] {spark_submit.py:521} INFO - at org.apache.spark.sql.catalyst.plans.logical.AnalysisHelper.transformDownWithPruning$(AnalysisHelper.scala:356)
[2025-08-13T10:04:12.824+0000] {spark_submit.py:521} INFO - at org.apache.spark.sql.catalyst.plans.logical.LogicalPlan.transformDownWithPruning(LogicalPlan.scala:37)
[2025-08-13T10:04:12.824+0000] {spark_submit.py:521} INFO - at org.apache.spark.sql.catalyst.plans.logical.LogicalPlan.transformDownWithPruning(LogicalPlan.scala:37)
[2025-08-13T10:04:12.824+0000] {spark_submit.py:521} INFO - at org.apache.spark.sql.catalyst.trees.TreeNode.transformDown(TreeNode.scala:446)
[2025-08-13T10:04:12.825+0000] {spark_submit.py:521} INFO - at org.apache.spark.sql.execution.QueryExecution.eagerlyExecuteCommands(QueryExecution.scala:164)
[2025-08-13T10:04:12.825+0000] {spark_submit.py:521} INFO - at org.apache.spark.sql.execution.QueryExecution.$anonfun$lazyCommandExecuted$1(QueryExecution.scala:126)
[2025-08-13T10:04:12.825+0000] {spark_submit.py:521} INFO - at scala.util.Try$.apply(Try.scala:217)
[2025-08-13T10:04:12.825+0000] {spark_submit.py:521} INFO - at org.apache.spark.util.Utils$.doTryWithCallerStacktrace(Utils.scala:1378)
[2025-08-13T10:04:12.826+0000] {spark_submit.py:521} INFO - at org.apache.spark.util.LazyTry.tryT$lzycompute(LazyTry.scala:46)
[2025-08-13T10:04:12.826+0000] {spark_submit.py:521} INFO - at org.apache.spark.util.LazyTry.tryT(LazyTry.scala:46)
[2025-08-13T10:04:12.826+0000] {spark_submit.py:521} INFO - ... 19 more
[2025-08-13T10:04:12.826+0000] {spark_submit.py:521} INFO - 
[2025-08-13T10:04:13.107+0000] {spark_submit.py:521} INFO - 25/08/13 10:04:13 INFO SparkContext: Invoking stop() from shutdown hook
[2025-08-13T10:04:13.109+0000] {spark_submit.py:521} INFO - 25/08/13 10:04:13 INFO SparkContext: SparkContext is stopping with exitCode 0 from run at Executors.java:539.
[2025-08-13T10:04:13.119+0000] {spark_submit.py:521} INFO - 25/08/13 10:04:13 INFO SparkUI: Stopped Spark web UI at http://89a37f983b11:4040
[2025-08-13T10:04:13.122+0000] {spark_submit.py:521} INFO - 25/08/13 10:04:13 INFO StandaloneSchedulerBackend: Shutting down all executors
[2025-08-13T10:04:13.122+0000] {spark_submit.py:521} INFO - 25/08/13 10:04:13 INFO StandaloneSchedulerBackend$StandaloneDriverEndpoint: Asking each executor to shut down
[2025-08-13T10:04:13.138+0000] {spark_submit.py:521} INFO - 25/08/13 10:04:13 INFO MapOutputTrackerMasterEndpoint: MapOutputTrackerMasterEndpoint stopped!
[2025-08-13T10:04:13.175+0000] {spark_submit.py:521} INFO - 25/08/13 10:04:13 INFO MemoryStore: MemoryStore cleared
[2025-08-13T10:04:13.178+0000] {spark_submit.py:521} INFO - 25/08/13 10:04:13 INFO BlockManager: BlockManager stopped
[2025-08-13T10:04:13.188+0000] {spark_submit.py:521} INFO - 25/08/13 10:04:13 INFO BlockManagerMaster: BlockManagerMaster stopped
[2025-08-13T10:04:13.193+0000] {spark_submit.py:521} INFO - 25/08/13 10:04:13 INFO OutputCommitCoordinator$OutputCommitCoordinatorEndpoint: OutputCommitCoordinator stopped!
[2025-08-13T10:04:13.223+0000] {spark_submit.py:521} INFO - 25/08/13 10:04:13 INFO SparkContext: Successfully stopped SparkContext
[2025-08-13T10:04:13.225+0000] {spark_submit.py:521} INFO - 25/08/13 10:04:13 INFO ShutdownHookManager: Shutdown hook called
[2025-08-13T10:04:13.226+0000] {spark_submit.py:521} INFO - 25/08/13 10:04:13 INFO ShutdownHookManager: Deleting directory /tmp/spark-3449af63-a409-433a-ac5d-7e4f44e6eeaf
[2025-08-13T10:04:13.239+0000] {spark_submit.py:521} INFO - 25/08/13 10:04:13 INFO ShutdownHookManager: Deleting directory /tmp/spark-1c96b977-4a31-432d-be19-fc186550bf04
[2025-08-13T10:04:13.252+0000] {spark_submit.py:521} INFO - 25/08/13 10:04:13 INFO ShutdownHookManager: Deleting directory /opt/***/artifacts/spark-6798d1c6-3f7e-4322-b6ca-bbfd08c56bbf
[2025-08-13T10:04:13.261+0000] {spark_submit.py:521} INFO - 25/08/13 10:04:13 INFO ShutdownHookManager: Deleting directory /tmp/spark-1c96b977-4a31-432d-be19-fc186550bf04/pyspark-b1ed9eed-f48f-401e-94aa-2b752817db04
[2025-08-13T10:04:13.332+0000] {taskinstance.py:441} INFO - ::group::Post task execution logs
[2025-08-13T10:04:13.375+0000] {taskinstance.py:2905} ERROR - Task failed with exception
Traceback (most recent call last):
  File "/home/airflow/.local/lib/python3.11/site-packages/airflow/models/taskinstance.py", line 465, in _execute_task
    result = _execute_callable(context=context, **execute_callable_kwargs)
             ^^^^^^^^^^^^^^^^^^^^^^^^^^^^^^^^^^^^^^^^^^^^^^^^^^^^^^^^^^^^^
  File "/home/airflow/.local/lib/python3.11/site-packages/airflow/models/taskinstance.py", line 432, in _execute_callable
    return execute_callable(context=context, **execute_callable_kwargs)
           ^^^^^^^^^^^^^^^^^^^^^^^^^^^^^^^^^^^^^^^^^^^^^^^^^^^^^^^^^^^^
  File "/home/airflow/.local/lib/python3.11/site-packages/airflow/models/baseoperator.py", line 400, in wrapper
    return func(self, *args, **kwargs)
           ^^^^^^^^^^^^^^^^^^^^^^^^^^^
  File "/home/airflow/.local/lib/python3.11/site-packages/airflow/providers/apache/spark/operators/spark_submit.py", line 156, in execute
    self._hook.submit(self._application)
  File "/home/airflow/.local/lib/python3.11/site-packages/airflow/providers/apache/spark/hooks/spark_submit.py", line 452, in submit
    raise AirflowException(
airflow.exceptions.AirflowException: Cannot execute: spark-submit --master spark://spark-master:7077 --conf spark.master=spark://spark-master:7077 --conf spark.driver.extraClassPath=/opt/custom-jars/* --conf spark.executor.extraClassPath=/opt/custom-jars/* --conf spark.hadoop.fs.gs.impl=com.google.cloud.hadoop.fs.gcs.GoogleHadoopFileSystem --conf spark.hadoop.fs.AbstractFileSystem.gs.impl=com.google.cloud.hadoop.fs.gcs.GoogleHadoopFS --conf spark.hadoop.google.cloud.auth.service.account.enable=true --conf spark.hadoop.google.cloud.auth.service.account.json.keyfile=/opt/***/gcp-key.json --jars /opt/custom-jars/gcs-connector-hadoop3-2.2.14-shaded.jar --name arrow-spark --verbose /opt/spark-jobs/load/upload_jobs_to_dwh.py. Error code is: 1.
[2025-08-13T10:04:13.392+0000] {taskinstance.py:1206} INFO - Marking task as FAILED. dag_id=spark_transform_pipeline, task_id=silver_topcv_transform, run_id=manual__2025-08-13T10:03:39.207464+00:00, execution_date=20250813T100339, start_date=20250813T100346, end_date=20250813T100413
[2025-08-13T10:04:13.439+0000] {standard_task_runner.py:110} ERROR - Failed to execute job 101 for task silver_topcv_transform (Cannot execute: spark-submit --master spark://spark-master:7077 --conf spark.master=spark://spark-master:7077 --conf spark.driver.extraClassPath=/opt/custom-jars/* --conf spark.executor.extraClassPath=/opt/custom-jars/* --conf spark.hadoop.fs.gs.impl=com.google.cloud.hadoop.fs.gcs.GoogleHadoopFileSystem --conf spark.hadoop.fs.AbstractFileSystem.gs.impl=com.google.cloud.hadoop.fs.gcs.GoogleHadoopFS --conf spark.hadoop.google.cloud.auth.service.account.enable=true --conf spark.hadoop.google.cloud.auth.service.account.json.keyfile=/opt/***/gcp-key.json --jars /opt/custom-jars/gcs-connector-hadoop3-2.2.14-shaded.jar --name arrow-spark --verbose /opt/spark-jobs/load/upload_jobs_to_dwh.py. Error code is: 1.; 2726)
[2025-08-13T10:04:13.462+0000] {local_task_job_runner.py:240} INFO - Task exited with return code 1
[2025-08-13T10:04:13.506+0000] {taskinstance.py:3498} INFO - 0 downstream tasks scheduled from follow-on schedule check
[2025-08-13T10:04:13.508+0000] {local_task_job_runner.py:222} INFO - ::endgroup::
