[2025-08-14T11:15:29.167+0000] {local_task_job_runner.py:120} INFO - ::group::Pre task execution logs
[2025-08-14T11:15:29.199+0000] {taskinstance.py:2076} INFO - Dependencies all met for dep_context=non-requeueable deps ti=<TaskInstance: spark_transform_pipeline.silver_vietnamworkcv_transform manual__2025-08-14T11:14:26.122713+00:00 [queued]>
[2025-08-14T11:15:29.204+0000] {taskinstance.py:2076} INFO - Dependencies all met for dep_context=requeueable deps ti=<TaskInstance: spark_transform_pipeline.silver_vietnamworkcv_transform manual__2025-08-14T11:14:26.122713+00:00 [queued]>
[2025-08-14T11:15:29.205+0000] {taskinstance.py:2306} INFO - Starting attempt 1 of 1
[2025-08-14T11:15:29.215+0000] {taskinstance.py:2330} INFO - Executing <Task(SparkSubmitOperator): silver_vietnamworkcv_transform> on 2025-08-14 11:14:26.122713+00:00
[2025-08-14T11:15:29.220+0000] {standard_task_runner.py:63} INFO - Started process 5296 to run task
[2025-08-14T11:15:29.223+0000] {standard_task_runner.py:90} INFO - Running: ['***', 'tasks', 'run', 'spark_transform_pipeline', 'silver_vietnamworkcv_transform', 'manual__2025-08-14T11:14:26.122713+00:00', '--job-id', '191', '--raw', '--subdir', 'DAGS_FOLDER/etl_jobs_dag.py', '--cfg-path', '/tmp/tmprctc4_ac']
[2025-08-14T11:15:29.225+0000] {standard_task_runner.py:91} INFO - Job 191: Subtask silver_vietnamworkcv_transform
[2025-08-14T11:15:29.266+0000] {task_command.py:426} INFO - Running <TaskInstance: spark_transform_pipeline.silver_vietnamworkcv_transform manual__2025-08-14T11:14:26.122713+00:00 [running]> on host 20bdaa41dd93
[2025-08-14T11:15:29.336+0000] {taskinstance.py:2648} INFO - Exporting env vars: AIRFLOW_CTX_DAG_OWNER='***' AIRFLOW_CTX_DAG_ID='spark_transform_pipeline' AIRFLOW_CTX_TASK_ID='silver_vietnamworkcv_transform' AIRFLOW_CTX_EXECUTION_DATE='2025-08-14T11:14:26.122713+00:00' AIRFLOW_CTX_TRY_NUMBER='1' AIRFLOW_CTX_DAG_RUN_ID='manual__2025-08-14T11:14:26.122713+00:00'
[2025-08-14T11:15:29.336+0000] {taskinstance.py:430} INFO - ::endgroup::
[2025-08-14T11:15:29.358+0000] {base.py:84} INFO - Using connection ID 'spark_default' for task execution.
[2025-08-14T11:15:29.359+0000] {spark_submit.py:351} INFO - Spark-Submit cmd: spark-submit --master spark://spark-master:7077 --conf spark.master=spark://spark-master:7077 --conf spark.driver.extraClassPath=/opt/custom-jars/* --conf spark.executor.extraClassPath=/opt/custom-jars/* --conf spark.hadoop.fs.gs.impl=com.google.cloud.hadoop.fs.gcs.GoogleHadoopFileSystem --conf spark.hadoop.fs.AbstractFileSystem.gs.impl=com.google.cloud.hadoop.fs.gcs.GoogleHadoopFS --conf spark.hadoop.google.cloud.auth.service.account.enable=true --conf spark.hadoop.google.cloud.auth.service.account.json.keyfile=/opt/***/gcp-key.json --jars /opt/custom-jars/gcs-connector-hadoop3-2.2.14-shaded.jar --name arrow-spark --verbose /opt/spark-jobs/transform/silver_vietnamworkcv_transform.py
[2025-08-14T11:15:30.113+0000] {spark_submit.py:521} INFO - WARNING: Using incubator modules: jdk.incubator.vector
[2025-08-14T11:15:31.272+0000] {spark_submit.py:521} INFO - Parsed arguments:
[2025-08-14T11:15:31.273+0000] {spark_submit.py:521} INFO - master                  spark://spark-master:7077
[2025-08-14T11:15:31.273+0000] {spark_submit.py:521} INFO - remote                  null
[2025-08-14T11:15:31.274+0000] {spark_submit.py:521} INFO - deployMode              null
[2025-08-14T11:15:31.274+0000] {spark_submit.py:521} INFO - executorMemory          null
[2025-08-14T11:15:31.274+0000] {spark_submit.py:521} INFO - executorCores           null
[2025-08-14T11:15:31.274+0000] {spark_submit.py:521} INFO - totalExecutorCores      null
[2025-08-14T11:15:31.275+0000] {spark_submit.py:521} INFO - propertiesFile          null
[2025-08-14T11:15:31.275+0000] {spark_submit.py:521} INFO - driverMemory            null
[2025-08-14T11:15:31.275+0000] {spark_submit.py:521} INFO - driverCores             null
[2025-08-14T11:15:31.275+0000] {spark_submit.py:521} INFO - driverExtraClassPath    /opt/custom-jars/*
[2025-08-14T11:15:31.276+0000] {spark_submit.py:521} INFO - driverExtraLibraryPath  null
[2025-08-14T11:15:31.276+0000] {spark_submit.py:521} INFO - driverExtraJavaOptions  null
[2025-08-14T11:15:31.276+0000] {spark_submit.py:521} INFO - supervise               false
[2025-08-14T11:15:31.276+0000] {spark_submit.py:521} INFO - queue                   null
[2025-08-14T11:15:31.277+0000] {spark_submit.py:521} INFO - numExecutors            null
[2025-08-14T11:15:31.277+0000] {spark_submit.py:521} INFO - files                   null
[2025-08-14T11:15:31.277+0000] {spark_submit.py:521} INFO - pyFiles                 null
[2025-08-14T11:15:31.277+0000] {spark_submit.py:521} INFO - archives                null
[2025-08-14T11:15:31.278+0000] {spark_submit.py:521} INFO - mainClass               null
[2025-08-14T11:15:31.278+0000] {spark_submit.py:521} INFO - primaryResource         file:/opt/spark-jobs/transform/silver_vietnamworkcv_transform.py
[2025-08-14T11:15:31.278+0000] {spark_submit.py:521} INFO - name                    arrow-spark
[2025-08-14T11:15:31.278+0000] {spark_submit.py:521} INFO - childArgs               []
[2025-08-14T11:15:31.278+0000] {spark_submit.py:521} INFO - jars                    file:/opt/custom-jars/gcs-connector-hadoop3-2.2.14-shaded.jar
[2025-08-14T11:15:31.278+0000] {spark_submit.py:521} INFO - packages                null
[2025-08-14T11:15:31.279+0000] {spark_submit.py:521} INFO - packagesExclusions      null
[2025-08-14T11:15:31.279+0000] {spark_submit.py:521} INFO - repositories            null
[2025-08-14T11:15:31.279+0000] {spark_submit.py:521} INFO - verbose                 true
[2025-08-14T11:15:31.279+0000] {spark_submit.py:521} INFO - 
[2025-08-14T11:15:31.280+0000] {spark_submit.py:521} INFO - Spark properties used, including those specified through
[2025-08-14T11:15:31.280+0000] {spark_submit.py:521} INFO - --conf and those from the properties file null:
[2025-08-14T11:15:31.280+0000] {spark_submit.py:521} INFO - (spark.driver.extraClassPath,/opt/custom-jars/*)
[2025-08-14T11:15:31.280+0000] {spark_submit.py:521} INFO - (spark.executor.extraClassPath,/opt/custom-jars/*)
[2025-08-14T11:15:31.281+0000] {spark_submit.py:521} INFO - (spark.hadoop.fs.AbstractFileSystem.gs.impl,com.google.cloud.hadoop.fs.gcs.GoogleHadoopFS)
[2025-08-14T11:15:31.281+0000] {spark_submit.py:521} INFO - (spark.hadoop.fs.gs.impl,com.google.cloud.hadoop.fs.gcs.GoogleHadoopFileSystem)
[2025-08-14T11:15:31.281+0000] {spark_submit.py:521} INFO - (spark.hadoop.google.cloud.auth.service.account.enable,true)
[2025-08-14T11:15:31.281+0000] {spark_submit.py:521} INFO - (spark.hadoop.google.cloud.auth.service.account.json.keyfile,/opt/***/gcp-key.json)
[2025-08-14T11:15:31.282+0000] {spark_submit.py:521} INFO - (spark.master,spark://spark-master:7077)
[2025-08-14T11:15:31.282+0000] {spark_submit.py:521} INFO - 
[2025-08-14T11:15:31.283+0000] {spark_submit.py:521} INFO - 
[2025-08-14T11:15:31.582+0000] {spark_submit.py:521} INFO - 25/08/14 11:15:31 WARN NativeCodeLoader: Unable to load native-hadoop library for your platform... using builtin-java classes where applicable
[2025-08-14T11:15:32.042+0000] {spark_submit.py:521} INFO - Main class:
[2025-08-14T11:15:32.043+0000] {spark_submit.py:521} INFO - org.apache.spark.deploy.PythonRunner
[2025-08-14T11:15:32.043+0000] {spark_submit.py:521} INFO - Arguments:
[2025-08-14T11:15:32.044+0000] {spark_submit.py:521} INFO - file:/opt/spark-jobs/transform/silver_vietnamworkcv_transform.py
[2025-08-14T11:15:32.044+0000] {spark_submit.py:521} INFO - null
[2025-08-14T11:15:32.045+0000] {spark_submit.py:521} INFO - Spark config:
[2025-08-14T11:15:32.045+0000] {spark_submit.py:521} INFO - (spark.app.name,arrow-spark)
[2025-08-14T11:15:32.046+0000] {spark_submit.py:521} INFO - (spark.app.submitTime,1755170132024)
[2025-08-14T11:15:32.046+0000] {spark_submit.py:521} INFO - (spark.driver.extraClassPath,/opt/custom-jars/*)
[2025-08-14T11:15:32.046+0000] {spark_submit.py:521} INFO - (spark.executor.extraClassPath,/opt/custom-jars/*)
[2025-08-14T11:15:32.046+0000] {spark_submit.py:521} INFO - (spark.hadoop.fs.AbstractFileSystem.gs.impl,com.google.cloud.hadoop.fs.gcs.GoogleHadoopFS)
[2025-08-14T11:15:32.047+0000] {spark_submit.py:521} INFO - (spark.hadoop.fs.gs.impl,com.google.cloud.hadoop.fs.gcs.GoogleHadoopFileSystem)
[2025-08-14T11:15:32.047+0000] {spark_submit.py:521} INFO - (spark.hadoop.google.cloud.auth.service.account.enable,true)
[2025-08-14T11:15:32.047+0000] {spark_submit.py:521} INFO - (spark.hadoop.google.cloud.auth.service.account.json.keyfile,/opt/***/gcp-key.json)
[2025-08-14T11:15:32.048+0000] {spark_submit.py:521} INFO - (spark.jars,file:///opt/custom-jars/gcs-connector-hadoop3-2.2.14-shaded.jar)
[2025-08-14T11:15:32.048+0000] {spark_submit.py:521} INFO - (spark.master,spark://spark-master:7077)
[2025-08-14T11:15:32.048+0000] {spark_submit.py:521} INFO - (spark.repl.local.jars,file:///opt/custom-jars/gcs-connector-hadoop3-2.2.14-shaded.jar)
[2025-08-14T11:15:32.048+0000] {spark_submit.py:521} INFO - (spark.submit.deployMode,client)
[2025-08-14T11:15:32.049+0000] {spark_submit.py:521} INFO - (spark.submit.pyFiles,)
[2025-08-14T11:15:32.049+0000] {spark_submit.py:521} INFO - Classpath elements:
[2025-08-14T11:15:32.049+0000] {spark_submit.py:521} INFO - file:///opt/custom-jars/gcs-connector-hadoop3-2.2.14-shaded.jar
[2025-08-14T11:15:32.050+0000] {spark_submit.py:521} INFO - 
[2025-08-14T11:15:32.050+0000] {spark_submit.py:521} INFO - 
[2025-08-14T11:15:33.260+0000] {spark_submit.py:521} INFO - Using Spark's default log4j profile: org/apache/spark/log4j2-defaults.properties
[2025-08-14T11:15:33.265+0000] {spark_submit.py:521} INFO - 25/08/14 11:15:33 INFO SparkContext: Running Spark version 4.0.0
[2025-08-14T11:15:33.268+0000] {spark_submit.py:521} INFO - 25/08/14 11:15:33 INFO SparkContext: OS info Linux, 5.15.167.4-microsoft-standard-WSL2, amd64
[2025-08-14T11:15:33.269+0000] {spark_submit.py:521} INFO - 25/08/14 11:15:33 INFO SparkContext: Java version 17.0.16
[2025-08-14T11:15:33.290+0000] {spark_submit.py:521} INFO - 25/08/14 11:15:33 INFO ResourceUtils: ==============================================================
[2025-08-14T11:15:33.290+0000] {spark_submit.py:521} INFO - 25/08/14 11:15:33 INFO ResourceUtils: No custom resources configured for spark.driver.
[2025-08-14T11:15:33.290+0000] {spark_submit.py:521} INFO - 25/08/14 11:15:33 INFO ResourceUtils: ==============================================================
[2025-08-14T11:15:33.291+0000] {spark_submit.py:521} INFO - 25/08/14 11:15:33 INFO SparkContext: Submitted application: silver_vietnamworkcv_transform
[2025-08-14T11:15:33.311+0000] {spark_submit.py:521} INFO - 25/08/14 11:15:33 INFO ResourceProfile: Default ResourceProfile created, executor resources: Map(memory -> name: memory, amount: 1024, script: , vendor: , offHeap -> name: offHeap, amount: 0, script: , vendor: ), task resources: Map(cpus -> name: cpus, amount: 1.0)
[2025-08-14T11:15:33.313+0000] {spark_submit.py:521} INFO - 25/08/14 11:15:33 INFO ResourceProfile: Limiting resource is cpu
[2025-08-14T11:15:33.314+0000] {spark_submit.py:521} INFO - 25/08/14 11:15:33 INFO ResourceProfileManager: Added ResourceProfile id: 0
[2025-08-14T11:15:33.355+0000] {spark_submit.py:521} INFO - 25/08/14 11:15:33 INFO SecurityManager: Changing view acls to: ***
[2025-08-14T11:15:33.356+0000] {spark_submit.py:521} INFO - 25/08/14 11:15:33 INFO SecurityManager: Changing modify acls to: ***
[2025-08-14T11:15:33.356+0000] {spark_submit.py:521} INFO - 25/08/14 11:15:33 INFO SecurityManager: Changing view acls groups to: ***
[2025-08-14T11:15:33.357+0000] {spark_submit.py:521} INFO - 25/08/14 11:15:33 INFO SecurityManager: Changing modify acls groups to: ***
[2025-08-14T11:15:33.359+0000] {spark_submit.py:521} INFO - 25/08/14 11:15:33 INFO SecurityManager: SecurityManager: authentication disabled; ui acls disabled; users with view permissions: *** groups with view permissions: EMPTY; users with modify permissions: ***; groups with modify permissions: EMPTY; RPC SSL disabled
[2025-08-14T11:15:33.583+0000] {spark_submit.py:521} INFO - 25/08/14 11:15:33 INFO Utils: Successfully started service 'sparkDriver' on port 45555.
[2025-08-14T11:15:33.608+0000] {spark_submit.py:521} INFO - 25/08/14 11:15:33 INFO SparkEnv: Registering MapOutputTracker
[2025-08-14T11:15:33.618+0000] {spark_submit.py:521} INFO - 25/08/14 11:15:33 INFO SparkEnv: Registering BlockManagerMaster
[2025-08-14T11:15:33.631+0000] {spark_submit.py:521} INFO - 25/08/14 11:15:33 INFO BlockManagerMasterEndpoint: Using org.apache.spark.storage.DefaultTopologyMapper for getting topology information
[2025-08-14T11:15:33.631+0000] {spark_submit.py:521} INFO - 25/08/14 11:15:33 INFO BlockManagerMasterEndpoint: BlockManagerMasterEndpoint up
[2025-08-14T11:15:33.634+0000] {spark_submit.py:521} INFO - 25/08/14 11:15:33 INFO SparkEnv: Registering BlockManagerMasterHeartbeat
[2025-08-14T11:15:33.656+0000] {spark_submit.py:521} INFO - 25/08/14 11:15:33 INFO DiskBlockManager: Created local directory at /tmp/blockmgr-e60da840-d708-4609-b804-c8d577b38462
[2025-08-14T11:15:33.672+0000] {spark_submit.py:521} INFO - 25/08/14 11:15:33 INFO SparkEnv: Registering OutputCommitCoordinator
[2025-08-14T11:15:33.812+0000] {spark_submit.py:521} INFO - 25/08/14 11:15:33 INFO JettyUtils: Start Jetty 0.0.0.0:4040 for SparkUI
[2025-08-14T11:15:33.879+0000] {spark_submit.py:521} INFO - 25/08/14 11:15:33 INFO Utils: Successfully started service 'SparkUI' on port 4040.
[2025-08-14T11:15:33.910+0000] {spark_submit.py:521} INFO - 25/08/14 11:15:33 INFO SparkContext: Added JAR file:///opt/custom-jars/gcs-connector-hadoop3-2.2.14-shaded.jar at spark://20bdaa41dd93:45555/jars/gcs-connector-hadoop3-2.2.14-shaded.jar with timestamp 1755170133253
[2025-08-14T11:15:33.927+0000] {spark_submit.py:521} INFO - 25/08/14 11:15:33 INFO SecurityManager: Changing view acls to: ***
[2025-08-14T11:15:33.928+0000] {spark_submit.py:521} INFO - 25/08/14 11:15:33 INFO SecurityManager: Changing modify acls to: ***
[2025-08-14T11:15:33.928+0000] {spark_submit.py:521} INFO - 25/08/14 11:15:33 INFO SecurityManager: Changing view acls groups to: ***
[2025-08-14T11:15:33.929+0000] {spark_submit.py:521} INFO - 25/08/14 11:15:33 INFO SecurityManager: Changing modify acls groups to: ***
[2025-08-14T11:15:33.929+0000] {spark_submit.py:521} INFO - 25/08/14 11:15:33 INFO SecurityManager: SecurityManager: authentication disabled; ui acls disabled; users with view permissions: *** groups with view permissions: EMPTY; users with modify permissions: ***; groups with modify permissions: EMPTY; RPC SSL disabled
[2025-08-14T11:15:34.089+0000] {spark_submit.py:521} INFO - 25/08/14 11:15:34 INFO StandaloneAppClient$ClientEndpoint: Connecting to master spark://spark-master:7077...
[2025-08-14T11:15:34.131+0000] {spark_submit.py:521} INFO - 25/08/14 11:15:34 INFO TransportClientFactory: Successfully created connection to spark-master/172.18.0.4:7077 after 19 ms (0 ms spent in bootstraps)
[2025-08-14T11:15:34.203+0000] {spark_submit.py:521} INFO - 25/08/14 11:15:34 INFO StandaloneSchedulerBackend: Connected to Spark cluster with app ID app-20250814111534-0014
[2025-08-14T11:15:34.207+0000] {spark_submit.py:521} INFO - 25/08/14 11:15:34 INFO StandaloneAppClient$ClientEndpoint: Executor added: app-20250814111534-0014/0 on worker-20250814083233-172.18.0.5-37435 (172.18.0.5:37435) with 2 core(s)
[2025-08-14T11:15:34.210+0000] {spark_submit.py:521} INFO - 25/08/14 11:15:34 INFO StandaloneSchedulerBackend: Granted executor ID app-20250814111534-0014/0 on hostPort 172.18.0.5:37435 with 2 core(s), 1024.0 MiB RAM
[2025-08-14T11:15:34.212+0000] {spark_submit.py:521} INFO - 25/08/14 11:15:34 INFO Utils: Successfully started service 'org.apache.spark.network.netty.NettyBlockTransferService' on port 38893.
[2025-08-14T11:15:34.212+0000] {spark_submit.py:521} INFO - 25/08/14 11:15:34 INFO NettyBlockTransferService: Server created on 20bdaa41dd93:38893
[2025-08-14T11:15:34.214+0000] {spark_submit.py:521} INFO - 25/08/14 11:15:34 INFO BlockManager: Using org.apache.spark.storage.RandomBlockReplicationPolicy for block replication policy
[2025-08-14T11:15:34.226+0000] {spark_submit.py:521} INFO - 25/08/14 11:15:34 INFO BlockManagerMaster: Registering BlockManager BlockManagerId(driver, 20bdaa41dd93, 38893, None)
[2025-08-14T11:15:34.229+0000] {spark_submit.py:521} INFO - 25/08/14 11:15:34 INFO BlockManagerMasterEndpoint: Registering block manager 20bdaa41dd93:38893 with 434.4 MiB RAM, BlockManagerId(driver, 20bdaa41dd93, 38893, None)
[2025-08-14T11:15:34.231+0000] {spark_submit.py:521} INFO - 25/08/14 11:15:34 INFO BlockManagerMaster: Registered BlockManager BlockManagerId(driver, 20bdaa41dd93, 38893, None)
[2025-08-14T11:15:34.232+0000] {spark_submit.py:521} INFO - 25/08/14 11:15:34 INFO BlockManager: Initialized BlockManager: BlockManagerId(driver, 20bdaa41dd93, 38893, None)
[2025-08-14T11:15:34.341+0000] {spark_submit.py:521} INFO - 25/08/14 11:15:34 INFO StandaloneAppClient$ClientEndpoint: Executor updated: app-20250814111534-0014/0 is now RUNNING
[2025-08-14T11:15:34.424+0000] {spark_submit.py:521} INFO - 25/08/14 11:15:34 INFO StandaloneSchedulerBackend: SchedulerBackend is ready for scheduling beginning after reached minRegisteredResourcesRatio: 0.0
[2025-08-14T11:15:36.456+0000] {spark_submit.py:521} INFO - 25/08/14 11:15:36 INFO SharedState: Setting hive.metastore.warehouse.dir ('null') to the value of spark.sql.warehouse.dir.
[2025-08-14T11:15:36.457+0000] {spark_submit.py:521} INFO - 25/08/14 11:15:36 INFO SharedState: Warehouse path is 'file:/opt/***/spark-warehouse'.
[2025-08-14T11:15:37.038+0000] {spark_submit.py:521} INFO - 25/08/14 11:15:37 INFO StandaloneSchedulerBackend$StandaloneDriverEndpoint: Registered executor NettyRpcEndpointRef(spark-client://Executor) (172.18.0.5:39680) with ID 0, ResourceProfileId 0
[2025-08-14T11:15:37.192+0000] {spark_submit.py:521} INFO - 25/08/14 11:15:37 INFO BlockManagerMasterEndpoint: Registering block manager 172.18.0.5:45259 with 434.4 MiB RAM, BlockManagerId(0, 172.18.0.5, 45259, None)
[2025-08-14T11:15:38.780+0000] {spark_submit.py:521} INFO - 25/08/14 11:15:38 INFO InMemoryFileIndex: It took 128 ms to list leaf files for 1 paths.
[2025-08-14T11:15:38.967+0000] {spark_submit.py:521} INFO - 25/08/14 11:15:38 INFO SparkContext: Starting job: parquet at NativeMethodAccessorImpl.java:0
[2025-08-14T11:15:38.979+0000] {spark_submit.py:521} INFO - 25/08/14 11:15:38 INFO DAGScheduler: Got job 0 (parquet at NativeMethodAccessorImpl.java:0) with 1 output partitions
[2025-08-14T11:15:38.980+0000] {spark_submit.py:521} INFO - 25/08/14 11:15:38 INFO DAGScheduler: Final stage: ResultStage 0 (parquet at NativeMethodAccessorImpl.java:0)
[2025-08-14T11:15:38.981+0000] {spark_submit.py:521} INFO - 25/08/14 11:15:38 INFO DAGScheduler: Parents of final stage: List()
[2025-08-14T11:15:38.983+0000] {spark_submit.py:521} INFO - 25/08/14 11:15:38 INFO DAGScheduler: Missing parents: List()
[2025-08-14T11:15:38.986+0000] {spark_submit.py:521} INFO - 25/08/14 11:15:38 INFO DAGScheduler: Submitting ResultStage 0 (MapPartitionsRDD[1] at parquet at NativeMethodAccessorImpl.java:0), which has no missing parents
[2025-08-14T11:15:39.016+0000] {spark_submit.py:521} INFO - 25/08/14 11:15:39 INFO MemoryStore: MemoryStore started with capacity 434.4 MiB
[2025-08-14T11:15:39.025+0000] {spark_submit.py:521} INFO - 25/08/14 11:15:39 INFO MemoryStore: Block broadcast_0 stored as values in memory (estimated size 116.0 KiB, free 434.3 MiB)
[2025-08-14T11:15:39.072+0000] {spark_submit.py:521} INFO - 25/08/14 11:15:39 INFO MemoryStore: Block broadcast_0_piece0 stored as bytes in memory (estimated size 41.8 KiB, free 434.2 MiB)
[2025-08-14T11:15:39.081+0000] {spark_submit.py:521} INFO - 25/08/14 11:15:39 INFO SparkContext: Created broadcast 0 from broadcast at DAGScheduler.scala:1676
[2025-08-14T11:15:39.095+0000] {spark_submit.py:521} INFO - 25/08/14 11:15:39 INFO DAGScheduler: Submitting 1 missing tasks from ResultStage 0 (MapPartitionsRDD[1] at parquet at NativeMethodAccessorImpl.java:0) (first 15 tasks are for partitions Vector(0))
[2025-08-14T11:15:39.105+0000] {spark_submit.py:521} INFO - 25/08/14 11:15:39 INFO TaskSchedulerImpl: Adding task set 0.0 with 1 tasks resource profile 0
[2025-08-14T11:15:39.128+0000] {spark_submit.py:521} INFO - 25/08/14 11:15:39 INFO TaskSetManager: Starting task 0.0 in stage 0.0 (TID 0) (172.18.0.5,executor 0, partition 0, PROCESS_LOCAL, 10015 bytes)
[2025-08-14T11:15:42.369+0000] {spark_submit.py:521} INFO - 25/08/14 11:15:42 INFO TaskSetManager: Finished task 0.0 in stage 0.0 (TID 0) in 3249 ms on 172.18.0.5 (executor 0) (1/1)
[2025-08-14T11:15:42.371+0000] {spark_submit.py:521} INFO - 25/08/14 11:15:42 INFO TaskSchedulerImpl: Removed TaskSet 0.0 whose tasks have all completed, from pool
[2025-08-14T11:15:42.374+0000] {spark_submit.py:521} INFO - 25/08/14 11:15:42 INFO DAGScheduler: ResultStage 0 (parquet at NativeMethodAccessorImpl.java:0) finished in 3376 ms
[2025-08-14T11:15:42.376+0000] {spark_submit.py:521} INFO - 25/08/14 11:15:42 INFO DAGScheduler: Job 0 is finished. Cancelling potential speculative or zombie tasks for this job
[2025-08-14T11:15:42.376+0000] {spark_submit.py:521} INFO - 25/08/14 11:15:42 INFO TaskSchedulerImpl: Canceling stage 0
[2025-08-14T11:15:42.377+0000] {spark_submit.py:521} INFO - 25/08/14 11:15:42 INFO TaskSchedulerImpl: Killing all running tasks in stage 0: Stage finished
[2025-08-14T11:15:42.379+0000] {spark_submit.py:521} INFO - 25/08/14 11:15:42 INFO DAGScheduler: Job 0 finished: parquet at NativeMethodAccessorImpl.java:0, took 3411.851917 ms
[2025-08-14T11:15:43.457+0000] {spark_submit.py:521} INFO - 25/08/14 11:15:43 INFO FileSourceStrategy: Pushed Filters:
[2025-08-14T11:15:43.458+0000] {spark_submit.py:521} INFO - 25/08/14 11:15:43 INFO FileSourceStrategy: Post-Scan Filters: Set()
[2025-08-14T11:15:43.794+0000] {spark_submit.py:521} INFO - 25/08/14 11:15:43 INFO CodeGenerator: Code generated in 153.363661 ms
[2025-08-14T11:15:43.887+0000] {spark_submit.py:521} INFO - 25/08/14 11:15:43 INFO CodeGenerator: Code generated in 59.533049 ms
[2025-08-14T11:15:43.906+0000] {spark_submit.py:521} INFO - 25/08/14 11:15:43 INFO MemoryStore: Block broadcast_1 stored as values in memory (estimated size 221.0 KiB, free 434.2 MiB)
[2025-08-14T11:15:43.913+0000] {spark_submit.py:521} INFO - 25/08/14 11:15:43 INFO MemoryStore: Block broadcast_1_piece0 stored as bytes in memory (estimated size 40.2 KiB, free 434.1 MiB)
[2025-08-14T11:15:43.914+0000] {spark_submit.py:521} INFO - 25/08/14 11:15:43 INFO SparkContext: Created broadcast 1 from $anonfun$withThreadLocalCaptured$2 at CompletableFuture.java:1768
[2025-08-14T11:15:43.924+0000] {spark_submit.py:521} INFO - 25/08/14 11:15:43 INFO FileSourceScanExec: Planning scan with bin packing, max size: 4194304 bytes, open cost is considered as scanning 4194304 bytes.
[2025-08-14T11:15:44.012+0000] {spark_submit.py:521} INFO - 25/08/14 11:15:44 INFO DAGScheduler: Registering RDD 10 ($anonfun$withThreadLocalCaptured$2 at CompletableFuture.java:1768) as input to shuffle 0
[2025-08-14T11:15:44.022+0000] {spark_submit.py:521} INFO - 25/08/14 11:15:44 INFO DAGScheduler: Got map stage job 1 ($anonfun$withThreadLocalCaptured$2 at CompletableFuture.java:1768) with 1 output partitions
[2025-08-14T11:15:44.022+0000] {spark_submit.py:521} INFO - 25/08/14 11:15:44 INFO DAGScheduler: Final stage: ShuffleMapStage 1 ($anonfun$withThreadLocalCaptured$2 at CompletableFuture.java:1768)
[2025-08-14T11:15:44.023+0000] {spark_submit.py:521} INFO - 25/08/14 11:15:44 INFO DAGScheduler: Parents of final stage: List()
[2025-08-14T11:15:44.024+0000] {spark_submit.py:521} INFO - 25/08/14 11:15:44 INFO DAGScheduler: Missing parents: List()
[2025-08-14T11:15:44.025+0000] {spark_submit.py:521} INFO - 25/08/14 11:15:44 INFO DAGScheduler: Submitting ShuffleMapStage 1 (MapPartitionsRDD[10] at $anonfun$withThreadLocalCaptured$2 at CompletableFuture.java:1768), which has no missing parents
[2025-08-14T11:15:44.046+0000] {spark_submit.py:521} INFO - 25/08/14 11:15:44 INFO MemoryStore: Block broadcast_2 stored as values in memory (estimated size 66.2 KiB, free 434.1 MiB)
[2025-08-14T11:15:44.048+0000] {spark_submit.py:521} INFO - 25/08/14 11:15:44 INFO MemoryStore: Block broadcast_2_piece0 stored as bytes in memory (estimated size 25.1 KiB, free 434.1 MiB)
[2025-08-14T11:15:44.050+0000] {spark_submit.py:521} INFO - 25/08/14 11:15:44 INFO SparkContext: Created broadcast 2 from broadcast at DAGScheduler.scala:1676
[2025-08-14T11:15:44.051+0000] {spark_submit.py:521} INFO - 25/08/14 11:15:44 INFO DAGScheduler: Submitting 1 missing tasks from ShuffleMapStage 1 (MapPartitionsRDD[10] at $anonfun$withThreadLocalCaptured$2 at CompletableFuture.java:1768) (first 15 tasks are for partitions Vector(0))
[2025-08-14T11:15:44.052+0000] {spark_submit.py:521} INFO - 25/08/14 11:15:44 INFO TaskSchedulerImpl: Adding task set 1.0 with 1 tasks resource profile 0
[2025-08-14T11:15:44.055+0000] {spark_submit.py:521} INFO - 25/08/14 11:15:44 INFO TaskSetManager: Starting task 0.0 in stage 1.0 (TID 1) (172.18.0.5,executor 0, partition 0, PROCESS_LOCAL, 10445 bytes)
[2025-08-14T11:15:47.941+0000] {spark_submit.py:521} INFO - 25/08/14 11:15:47 INFO TaskSetManager: Finished task 0.0 in stage 1.0 (TID 1) in 3888 ms on 172.18.0.5 (executor 0) (1/1)
[2025-08-14T11:15:47.942+0000] {spark_submit.py:521} INFO - 25/08/14 11:15:47 INFO TaskSchedulerImpl: Removed TaskSet 1.0 whose tasks have all completed, from pool
[2025-08-14T11:15:47.947+0000] {spark_submit.py:521} INFO - 25/08/14 11:15:47 INFO PythonAccumulatorV2: Connected to AccumulatorServer at host: 127.0.0.1 port: 36285
[2025-08-14T11:15:47.951+0000] {spark_submit.py:521} INFO - 25/08/14 11:15:47 INFO DAGScheduler: ShuffleMapStage 1 ($anonfun$withThreadLocalCaptured$2 at CompletableFuture.java:1768) finished in 3924 ms
[2025-08-14T11:15:47.952+0000] {spark_submit.py:521} INFO - 25/08/14 11:15:47 INFO DAGScheduler: looking for newly runnable stages
[2025-08-14T11:15:47.952+0000] {spark_submit.py:521} INFO - 25/08/14 11:15:47 INFO DAGScheduler: running: HashSet()
[2025-08-14T11:15:47.953+0000] {spark_submit.py:521} INFO - 25/08/14 11:15:47 INFO DAGScheduler: waiting: HashSet()
[2025-08-14T11:15:47.953+0000] {spark_submit.py:521} INFO - 25/08/14 11:15:47 INFO DAGScheduler: failed: HashSet()
[2025-08-14T11:15:47.984+0000] {spark_submit.py:521} INFO - 25/08/14 11:15:47 INFO ShufflePartitionsUtil: For shuffle(0, advisory target size: 67108864, actual target size 1048576, minimum partition size: 1048576
[2025-08-14T11:15:49.389+0000] {spark_submit.py:521} INFO - 25/08/14 11:15:49 INFO ParquetUtils: Using default output committer for Parquet: org.apache.parquet.hadoop.ParquetOutputCommitter
[2025-08-14T11:15:49.406+0000] {spark_submit.py:521} INFO - 25/08/14 11:15:49 INFO FileOutputCommitter: File Output Committer Algorithm version is 1
[2025-08-14T11:15:49.406+0000] {spark_submit.py:521} INFO - 25/08/14 11:15:49 INFO FileOutputCommitter: FileOutputCommitter skip cleanup _temporary folders under output directory:false, ignore cleanup failures: false
[2025-08-14T11:15:49.407+0000] {spark_submit.py:521} INFO - 25/08/14 11:15:49 INFO SQLHadoopMapReduceCommitProtocol: Using user defined output committer class org.apache.parquet.hadoop.ParquetOutputCommitter
[2025-08-14T11:15:49.407+0000] {spark_submit.py:521} INFO - 25/08/14 11:15:49 INFO FileOutputCommitter: File Output Committer Algorithm version is 1
[2025-08-14T11:15:49.408+0000] {spark_submit.py:521} INFO - 25/08/14 11:15:49 INFO FileOutputCommitter: FileOutputCommitter skip cleanup _temporary folders under output directory:false, ignore cleanup failures: false
[2025-08-14T11:15:49.408+0000] {spark_submit.py:521} INFO - 25/08/14 11:15:49 INFO SQLHadoopMapReduceCommitProtocol: Using output committer class org.apache.parquet.hadoop.ParquetOutputCommitter
[2025-08-14T11:15:50.299+0000] {spark_submit.py:521} INFO - 25/08/14 11:15:50 INFO CodeGenerator: Code generated in 23.958252 ms
[2025-08-14T11:15:50.312+0000] {spark_submit.py:521} INFO - 25/08/14 11:15:50 INFO CodeGenerator: Code generated in 6.402414 ms
[2025-08-14T11:15:50.336+0000] {spark_submit.py:521} INFO - 25/08/14 11:15:50 INFO SparkContext: Starting job: $anonfun$withThreadLocalCaptured$2 at CompletableFuture.java:1768
[2025-08-14T11:15:50.339+0000] {spark_submit.py:521} INFO - 25/08/14 11:15:50 INFO DAGScheduler: Got job 2 ($anonfun$withThreadLocalCaptured$2 at CompletableFuture.java:1768) with 1 output partitions
[2025-08-14T11:15:50.339+0000] {spark_submit.py:521} INFO - 25/08/14 11:15:50 INFO DAGScheduler: Final stage: ResultStage 3 ($anonfun$withThreadLocalCaptured$2 at CompletableFuture.java:1768)
[2025-08-14T11:15:50.340+0000] {spark_submit.py:521} INFO - 25/08/14 11:15:50 INFO DAGScheduler: Parents of final stage: List(ShuffleMapStage 2)
[2025-08-14T11:15:50.340+0000] {spark_submit.py:521} INFO - 25/08/14 11:15:50 INFO DAGScheduler: Missing parents: List()
[2025-08-14T11:15:50.340+0000] {spark_submit.py:521} INFO - 25/08/14 11:15:50 INFO DAGScheduler: Submitting ResultStage 3 (MapPartitionsRDD[16] at $anonfun$withThreadLocalCaptured$2 at CompletableFuture.java:1768), which has no missing parents
[2025-08-14T11:15:50.374+0000] {spark_submit.py:521} INFO - 25/08/14 11:15:50 INFO MemoryStore: Block broadcast_3 stored as values in memory (estimated size 298.6 KiB, free 433.9 MiB)
[2025-08-14T11:15:50.378+0000] {spark_submit.py:521} INFO - 25/08/14 11:15:50 INFO MemoryStore: Block broadcast_3_piece0 stored as bytes in memory (estimated size 108.9 KiB, free 433.7 MiB)
[2025-08-14T11:15:50.379+0000] {spark_submit.py:521} INFO - 25/08/14 11:15:50 INFO SparkContext: Created broadcast 3 from broadcast at DAGScheduler.scala:1676
[2025-08-14T11:15:50.380+0000] {spark_submit.py:521} INFO - 25/08/14 11:15:50 INFO DAGScheduler: Submitting 1 missing tasks from ResultStage 3 (MapPartitionsRDD[16] at $anonfun$withThreadLocalCaptured$2 at CompletableFuture.java:1768) (first 15 tasks are for partitions Vector(0))
[2025-08-14T11:15:50.381+0000] {spark_submit.py:521} INFO - 25/08/14 11:15:50 INFO TaskSchedulerImpl: Adding task set 3.0 with 1 tasks resource profile 0
[2025-08-14T11:15:50.387+0000] {spark_submit.py:521} INFO - 25/08/14 11:15:50 INFO TaskSetManager: Starting task 0.0 in stage 3.0 (TID 2) (172.18.0.5,executor 0, partition 0, NODE_LOCAL, 9833 bytes)
[2025-08-14T11:15:50.500+0000] {spark_submit.py:521} INFO - 25/08/14 11:15:50 INFO MapOutputTrackerMasterEndpoint: Asked to send map output locations for shuffle 0 to 172.18.0.5:39680
[2025-08-14T11:15:53.810+0000] {spark_submit.py:521} INFO - 25/08/14 11:15:53 INFO TaskSetManager: Finished task 0.0 in stage 3.0 (TID 2) in 3425 ms on 172.18.0.5 (executor 0) (1/1)
[2025-08-14T11:15:53.811+0000] {spark_submit.py:521} INFO - 25/08/14 11:15:53 INFO TaskSchedulerImpl: Removed TaskSet 3.0 whose tasks have all completed, from pool
[2025-08-14T11:15:53.812+0000] {spark_submit.py:521} INFO - 25/08/14 11:15:53 INFO DAGScheduler: ResultStage 3 ($anonfun$withThreadLocalCaptured$2 at CompletableFuture.java:1768) finished in 3463 ms
[2025-08-14T11:15:53.812+0000] {spark_submit.py:521} INFO - 25/08/14 11:15:53 INFO DAGScheduler: Job 2 is finished. Cancelling potential speculative or zombie tasks for this job
[2025-08-14T11:15:53.812+0000] {spark_submit.py:521} INFO - 25/08/14 11:15:53 INFO TaskSchedulerImpl: Canceling stage 3
[2025-08-14T11:15:53.813+0000] {spark_submit.py:521} INFO - 25/08/14 11:15:53 INFO TaskSchedulerImpl: Killing all running tasks in stage 3: Stage finished
[2025-08-14T11:15:53.813+0000] {spark_submit.py:521} INFO - 25/08/14 11:15:53 INFO DAGScheduler: Job 2 finished: $anonfun$withThreadLocalCaptured$2 at CompletableFuture.java:1768, took 3476.589532 ms
[2025-08-14T11:15:53.815+0000] {spark_submit.py:521} INFO - 25/08/14 11:15:53 INFO FileFormatWriter: Start to commit write Job 779efcac-d11d-4ca2-b647-d9369d40413a.
[2025-08-14T11:15:55.192+0000] {spark_submit.py:521} INFO - 25/08/14 11:15:55 INFO GoogleCloudStorageFileSystem: Successfully repaired 'gs://job_gcp/silver/vietnamworkcv/vietnamworkcv_jobs.parquet/_temporary/0/task_20250814111550759585787856106795_0003_m_000000/' directory.
[2025-08-14T11:15:56.009+0000] {spark_submit.py:521} INFO - 25/08/14 11:15:56 INFO GoogleCloudStorageFileSystem: Successfully repaired 'gs://job_gcp/silver/vietnamworkcv/vietnamworkcv_jobs.parquet/' directory.
[2025-08-14T11:15:56.883+0000] {spark_submit.py:521} INFO - 25/08/14 11:15:56 INFO FileFormatWriter: Write Job 779efcac-d11d-4ca2-b647-d9369d40413a committed. Elapsed time: 3066 ms.
[2025-08-14T11:15:56.885+0000] {spark_submit.py:521} INFO - 25/08/14 11:15:56 INFO FileFormatWriter: Finished processing stats for write job 779efcac-d11d-4ca2-b647-d9369d40413a.
[2025-08-14T11:15:56.894+0000] {spark_submit.py:521} INFO - ✅ Uploaded Spark DataFrame to GCS: gs://job_gcp/silver/vietnamworkcv/vietnamworkcv_jobs.parquet
[2025-08-14T11:15:56.896+0000] {spark_submit.py:521} INFO - 25/08/14 11:15:56 INFO SparkContext: SparkContext is stopping with exitCode 0 from stop at NativeMethodAccessorImpl.java:0.
[2025-08-14T11:15:56.906+0000] {spark_submit.py:521} INFO - 25/08/14 11:15:56 INFO SparkUI: Stopped Spark web UI at http://20bdaa41dd93:4040
[2025-08-14T11:15:56.908+0000] {spark_submit.py:521} INFO - 25/08/14 11:15:56 INFO StandaloneSchedulerBackend: Shutting down all executors
[2025-08-14T11:15:56.908+0000] {spark_submit.py:521} INFO - 25/08/14 11:15:56 INFO StandaloneSchedulerBackend$StandaloneDriverEndpoint: Asking each executor to shut down
[2025-08-14T11:15:56.927+0000] {spark_submit.py:521} INFO - 25/08/14 11:15:56 INFO MapOutputTrackerMasterEndpoint: MapOutputTrackerMasterEndpoint stopped!
[2025-08-14T11:15:56.961+0000] {spark_submit.py:521} INFO - 25/08/14 11:15:56 INFO MemoryStore: MemoryStore cleared
[2025-08-14T11:15:56.961+0000] {spark_submit.py:521} INFO - 25/08/14 11:15:56 INFO BlockManager: BlockManager stopped
[2025-08-14T11:15:56.963+0000] {spark_submit.py:521} INFO - 25/08/14 11:15:56 INFO BlockManagerMaster: BlockManagerMaster stopped
[2025-08-14T11:15:56.966+0000] {spark_submit.py:521} INFO - 25/08/14 11:15:56 INFO OutputCommitCoordinator$OutputCommitCoordinatorEndpoint: OutputCommitCoordinator stopped!
[2025-08-14T11:15:56.979+0000] {spark_submit.py:521} INFO - 25/08/14 11:15:56 INFO SparkContext: Successfully stopped SparkContext
[2025-08-14T11:15:57.961+0000] {spark_submit.py:521} INFO - 25/08/14 11:15:57 INFO ShutdownHookManager: Shutdown hook called
[2025-08-14T11:15:57.962+0000] {spark_submit.py:521} INFO - 25/08/14 11:15:57 INFO ShutdownHookManager: Deleting directory /tmp/spark-de600e07-899e-4f63-ac2d-da74841c06e6
[2025-08-14T11:15:57.965+0000] {spark_submit.py:521} INFO - 25/08/14 11:15:57 INFO ShutdownHookManager: Deleting directory /tmp/spark-08275f34-14cf-4906-a47c-6fe2bd50ef89
[2025-08-14T11:15:57.968+0000] {spark_submit.py:521} INFO - 25/08/14 11:15:57 INFO ShutdownHookManager: Deleting directory /tmp/spark-08275f34-14cf-4906-a47c-6fe2bd50ef89/pyspark-019645c9-4493-4d51-84dc-2060411e2d5c
[2025-08-14T11:15:57.972+0000] {spark_submit.py:521} INFO - 25/08/14 11:15:57 INFO ShutdownHookManager: Deleting directory /opt/***/artifacts/spark-fd89b37c-5236-42ab-b8fc-017468a07eaf
[2025-08-14T11:15:58.013+0000] {taskinstance.py:441} INFO - ::group::Post task execution logs
[2025-08-14T11:15:58.024+0000] {taskinstance.py:1206} INFO - Marking task as SUCCESS. dag_id=spark_transform_pipeline, task_id=silver_vietnamworkcv_transform, run_id=manual__2025-08-14T11:14:26.122713+00:00, execution_date=20250814T111426, start_date=20250814T111529, end_date=20250814T111558
[2025-08-14T11:15:58.053+0000] {local_task_job_runner.py:240} INFO - Task exited with return code 0
[2025-08-14T11:15:58.074+0000] {taskinstance.py:3498} INFO - 1 downstream tasks scheduled from follow-on schedule check
[2025-08-14T11:15:58.078+0000] {local_task_job_runner.py:222} INFO - ::endgroup::
