[2025-08-07T02:58:46.739+0000] {local_task_job_runner.py:120} INFO - ::group::Pre task execution logs
[2025-08-07T02:58:46.766+0000] {taskinstance.py:2076} INFO - Dependencies all met for dep_context=non-requeueable deps ti=<TaskInstance: jobs_crawler_dag.extract_topcv_jobs manual__2025-08-07T02:58:42.813441+00:00 [queued]>
[2025-08-07T02:58:46.772+0000] {taskinstance.py:2076} INFO - Dependencies all met for dep_context=requeueable deps ti=<TaskInstance: jobs_crawler_dag.extract_topcv_jobs manual__2025-08-07T02:58:42.813441+00:00 [queued]>
[2025-08-07T02:58:46.773+0000] {taskinstance.py:2306} INFO - Starting attempt 1 of 2
[2025-08-07T02:58:46.783+0000] {taskinstance.py:2330} INFO - Executing <Task(PythonOperator): extract_topcv_jobs> on 2025-08-07 02:58:42.813441+00:00
[2025-08-07T02:58:46.792+0000] {standard_task_runner.py:63} INFO - Started process 115 to run task
[2025-08-07T02:58:46.804+0000] {standard_task_runner.py:90} INFO - Running: ['***', 'tasks', 'run', 'jobs_crawler_dag', 'extract_topcv_jobs', 'manual__2025-08-07T02:58:42.813441+00:00', '--job-id', '3', '--raw', '--subdir', 'DAGS_FOLDER/crawl_jobs_dag.py', '--cfg-path', '/tmp/tmp5c68hx8a']
[2025-08-07T02:58:46.808+0000] {standard_task_runner.py:91} INFO - Job 3: Subtask extract_topcv_jobs
[2025-08-07T02:58:46.935+0000] {task_command.py:426} INFO - Running <TaskInstance: jobs_crawler_dag.extract_topcv_jobs manual__2025-08-07T02:58:42.813441+00:00 [running]> on host 986114d90a48
[2025-08-07T02:58:47.297+0000] {taskinstance.py:2648} INFO - Exporting env vars: AIRFLOW_CTX_DAG_OWNER='***' AIRFLOW_CTX_DAG_ID='jobs_crawler_dag' AIRFLOW_CTX_TASK_ID='extract_topcv_jobs' AIRFLOW_CTX_EXECUTION_DATE='2025-08-07T02:58:42.813441+00:00' AIRFLOW_CTX_TRY_NUMBER='1' AIRFLOW_CTX_DAG_RUN_ID='manual__2025-08-07T02:58:42.813441+00:00'
[2025-08-07T02:58:47.300+0000] {taskinstance.py:430} INFO - ::endgroup::
[2025-08-07T02:58:47.448+0000] {python.py:237} INFO - Done. Returned value was:     id  ...               remain_time
0    0  ...  Còn 23 ngày để ứng tuyển
1    1  ...  Còn 58 ngày để ứng tuyển
2    2  ...  Còn 21 ngày để ứng tuyển
3    3  ...  Còn 17 ngày để ứng tuyển
4    4  ...  Còn 20 ngày để ứng tuyển
5    5  ...  Còn 27 ngày để ứng tuyển
6    6  ...  Còn 24 ngày để ứng tuyển
7    7  ...  Còn 57 ngày để ứng tuyển
8    8  ...  Còn 27 ngày để ứng tuyển
9    9  ...  Còn 88 ngày để ứng tuyển
10  10  ...  Còn 27 ngày để ứng tuyển
11  11  ...  Còn 57 ngày để ứng tuyển
12  12  ...  Còn 12 ngày để ứng tuyển
13  13  ...  Còn 26 ngày để ứng tuyển
14  14  ...   Còn 9 ngày để ứng tuyển
15  15  ...  Còn 20 ngày để ứng tuyển
16  16  ...  Còn 20 ngày để ứng tuyển
17  17  ...  Còn 19 ngày để ứng tuyển
18  18  ...   Còn 5 ngày để ứng tuyển
19  19  ...   Còn 5 ngày để ứng tuyển
20  20  ...  Còn 31 ngày để ứng tuyển
21  21  ...  Còn 16 ngày để ứng tuyển
22  22  ...  Còn 27 ngày để ứng tuyển
23  23  ...  Còn 74 ngày để ứng tuyển
24  24  ...  Còn 12 ngày để ứng tuyển
25  25  ...  Còn 10 ngày để ứng tuyển
26  26  ...   Còn 8 ngày để ứng tuyển
27  27  ...   Còn 2 ngày để ứng tuyển

[28 rows x 22 columns]
[2025-08-07T02:58:47.507+0000] {taskinstance.py:441} INFO - ::group::Post task execution logs
[2025-08-07T02:58:47.741+0000] {taskinstance.py:1206} INFO - Marking task as SUCCESS. dag_id=jobs_crawler_dag, task_id=extract_topcv_jobs, run_id=manual__2025-08-07T02:58:42.813441+00:00, execution_date=20250807T025842, start_date=20250807T025846, end_date=20250807T025847
[2025-08-07T02:58:47.781+0000] {local_task_job_runner.py:240} INFO - Task exited with return code 0
[2025-08-07T02:58:47.799+0000] {taskinstance.py:3498} INFO - 0 downstream tasks scheduled from follow-on schedule check
[2025-08-07T02:58:47.802+0000] {local_task_job_runner.py:222} INFO - ::endgroup::
