[2025-08-14T08:52:28.888+0000] {local_task_job_runner.py:120} INFO - ::group::Pre task execution logs
[2025-08-14T08:52:28.950+0000] {taskinstance.py:2076} INFO - Dependencies all met for dep_context=non-requeueable deps ti=<TaskInstance: spark_transform_pipeline.silver_topcv_transform manual__2025-08-14T08:52:23.786452+00:00 [queued]>
[2025-08-14T08:52:28.960+0000] {taskinstance.py:2076} INFO - Dependencies all met for dep_context=requeueable deps ti=<TaskInstance: spark_transform_pipeline.silver_topcv_transform manual__2025-08-14T08:52:23.786452+00:00 [queued]>
[2025-08-14T08:52:28.961+0000] {taskinstance.py:2306} INFO - Starting attempt 1 of 1
[2025-08-14T08:52:28.980+0000] {taskinstance.py:2330} INFO - Executing <Task(SparkSubmitOperator): silver_topcv_transform> on 2025-08-14 08:52:23.786452+00:00
[2025-08-14T08:52:28.992+0000] {standard_task_runner.py:63} INFO - Started process 2477 to run task
[2025-08-14T08:52:29.000+0000] {standard_task_runner.py:90} INFO - Running: ['***', 'tasks', 'run', 'spark_transform_pipeline', 'silver_topcv_transform', 'manual__2025-08-14T08:52:23.786452+00:00', '--job-id', '182', '--raw', '--subdir', 'DAGS_FOLDER/etl_jobs_dag.py', '--cfg-path', '/tmp/tmptnhm9idd']
[2025-08-14T08:52:29.011+0000] {standard_task_runner.py:91} INFO - Job 182: Subtask silver_topcv_transform
[2025-08-14T08:52:29.160+0000] {task_command.py:426} INFO - Running <TaskInstance: spark_transform_pipeline.silver_topcv_transform manual__2025-08-14T08:52:23.786452+00:00 [running]> on host 20bdaa41dd93
[2025-08-14T08:52:29.335+0000] {taskinstance.py:2648} INFO - Exporting env vars: AIRFLOW_CTX_DAG_OWNER='***' AIRFLOW_CTX_DAG_ID='spark_transform_pipeline' AIRFLOW_CTX_TASK_ID='silver_topcv_transform' AIRFLOW_CTX_EXECUTION_DATE='2025-08-14T08:52:23.786452+00:00' AIRFLOW_CTX_TRY_NUMBER='1' AIRFLOW_CTX_DAG_RUN_ID='manual__2025-08-14T08:52:23.786452+00:00'
[2025-08-14T08:52:29.337+0000] {taskinstance.py:430} INFO - ::endgroup::
[2025-08-14T08:52:29.389+0000] {base.py:84} INFO - Using connection ID 'spark_default' for task execution.
[2025-08-14T08:52:29.390+0000] {spark_submit.py:351} INFO - Spark-Submit cmd: spark-submit --master spark://spark-master:7077 --conf spark.master=spark://spark-master:7077 --conf spark.driver.extraClassPath=/opt/custom-jars/* --conf spark.executor.extraClassPath=/opt/custom-jars/* --conf spark.hadoop.fs.gs.impl=com.google.cloud.hadoop.fs.gcs.GoogleHadoopFileSystem --conf spark.hadoop.fs.AbstractFileSystem.gs.impl=com.google.cloud.hadoop.fs.gcs.GoogleHadoopFS --conf spark.hadoop.google.cloud.auth.service.account.enable=true --conf spark.hadoop.google.cloud.auth.service.account.json.keyfile=/opt/***/gcp-key.json --jars /opt/custom-jars/spark-bigquery-with-dependencies_2.13-0.30.0.jar,/opt/custom-jars/gcs-connector-hadoop3-2.2.14-shaded.jar --name arrow-spark --verbose /opt/spark-jobs/load/upload_jobs_to_dwh.py
[2025-08-14T08:52:30.518+0000] {spark_submit.py:521} INFO - WARNING: Using incubator modules: jdk.incubator.vector
[2025-08-14T08:52:32.428+0000] {spark_submit.py:521} INFO - Parsed arguments:
[2025-08-14T08:52:32.430+0000] {spark_submit.py:521} INFO - master                  spark://spark-master:7077
[2025-08-14T08:52:32.431+0000] {spark_submit.py:521} INFO - remote                  null
[2025-08-14T08:52:32.432+0000] {spark_submit.py:521} INFO - deployMode              null
[2025-08-14T08:52:32.432+0000] {spark_submit.py:521} INFO - executorMemory          null
[2025-08-14T08:52:32.433+0000] {spark_submit.py:521} INFO - executorCores           null
[2025-08-14T08:52:32.433+0000] {spark_submit.py:521} INFO - totalExecutorCores      null
[2025-08-14T08:52:32.433+0000] {spark_submit.py:521} INFO - propertiesFile          null
[2025-08-14T08:52:32.434+0000] {spark_submit.py:521} INFO - driverMemory            null
[2025-08-14T08:52:32.434+0000] {spark_submit.py:521} INFO - driverCores             null
[2025-08-14T08:52:32.434+0000] {spark_submit.py:521} INFO - driverExtraClassPath    /opt/custom-jars/*
[2025-08-14T08:52:32.434+0000] {spark_submit.py:521} INFO - driverExtraLibraryPath  null
[2025-08-14T08:52:32.435+0000] {spark_submit.py:521} INFO - driverExtraJavaOptions  null
[2025-08-14T08:52:32.435+0000] {spark_submit.py:521} INFO - supervise               false
[2025-08-14T08:52:32.436+0000] {spark_submit.py:521} INFO - queue                   null
[2025-08-14T08:52:32.436+0000] {spark_submit.py:521} INFO - numExecutors            null
[2025-08-14T08:52:32.436+0000] {spark_submit.py:521} INFO - files                   null
[2025-08-14T08:52:32.436+0000] {spark_submit.py:521} INFO - pyFiles                 null
[2025-08-14T08:52:32.437+0000] {spark_submit.py:521} INFO - archives                null
[2025-08-14T08:52:32.437+0000] {spark_submit.py:521} INFO - mainClass               null
[2025-08-14T08:52:32.437+0000] {spark_submit.py:521} INFO - primaryResource         file:/opt/spark-jobs/load/upload_jobs_to_dwh.py
[2025-08-14T08:52:32.438+0000] {spark_submit.py:521} INFO - name                    arrow-spark
[2025-08-14T08:52:32.438+0000] {spark_submit.py:521} INFO - childArgs               []
[2025-08-14T08:52:32.438+0000] {spark_submit.py:521} INFO - jars                    file:/opt/custom-jars/spark-bigquery-with-dependencies_2.13-0.30.0.jar,file:/opt/custom-jars/gcs-connector-hadoop3-2.2.14-shaded.jar
[2025-08-14T08:52:32.438+0000] {spark_submit.py:521} INFO - packages                null
[2025-08-14T08:52:32.439+0000] {spark_submit.py:521} INFO - packagesExclusions      null
[2025-08-14T08:52:32.439+0000] {spark_submit.py:521} INFO - repositories            null
[2025-08-14T08:52:32.439+0000] {spark_submit.py:521} INFO - verbose                 true
[2025-08-14T08:52:32.439+0000] {spark_submit.py:521} INFO - 
[2025-08-14T08:52:32.440+0000] {spark_submit.py:521} INFO - Spark properties used, including those specified through
[2025-08-14T08:52:32.440+0000] {spark_submit.py:521} INFO - --conf and those from the properties file null:
[2025-08-14T08:52:32.440+0000] {spark_submit.py:521} INFO - (spark.driver.extraClassPath,/opt/custom-jars/*)
[2025-08-14T08:52:32.440+0000] {spark_submit.py:521} INFO - (spark.executor.extraClassPath,/opt/custom-jars/*)
[2025-08-14T08:52:32.441+0000] {spark_submit.py:521} INFO - (spark.hadoop.fs.AbstractFileSystem.gs.impl,com.google.cloud.hadoop.fs.gcs.GoogleHadoopFS)
[2025-08-14T08:52:32.441+0000] {spark_submit.py:521} INFO - (spark.hadoop.fs.gs.impl,com.google.cloud.hadoop.fs.gcs.GoogleHadoopFileSystem)
[2025-08-14T08:52:32.441+0000] {spark_submit.py:521} INFO - (spark.hadoop.google.cloud.auth.service.account.enable,true)
[2025-08-14T08:52:32.441+0000] {spark_submit.py:521} INFO - (spark.hadoop.google.cloud.auth.service.account.json.keyfile,/opt/***/gcp-key.json)
[2025-08-14T08:52:32.442+0000] {spark_submit.py:521} INFO - (spark.master,spark://spark-master:7077)
[2025-08-14T08:52:32.442+0000] {spark_submit.py:521} INFO - 
[2025-08-14T08:52:32.442+0000] {spark_submit.py:521} INFO - 
[2025-08-14T08:52:32.753+0000] {spark_submit.py:521} INFO - 25/08/14 08:52:32 WARN NativeCodeLoader: Unable to load native-hadoop library for your platform... using builtin-java classes where applicable
[2025-08-14T08:52:33.524+0000] {spark_submit.py:521} INFO - Main class:
[2025-08-14T08:52:33.526+0000] {spark_submit.py:521} INFO - org.apache.spark.deploy.PythonRunner
[2025-08-14T08:52:33.527+0000] {spark_submit.py:521} INFO - Arguments:
[2025-08-14T08:52:33.527+0000] {spark_submit.py:521} INFO - file:/opt/spark-jobs/load/upload_jobs_to_dwh.py
[2025-08-14T08:52:33.527+0000] {spark_submit.py:521} INFO - null
[2025-08-14T08:52:33.538+0000] {spark_submit.py:521} INFO - Spark config:
[2025-08-14T08:52:33.543+0000] {spark_submit.py:521} INFO - (spark.app.name,arrow-spark)
[2025-08-14T08:52:33.550+0000] {spark_submit.py:521} INFO - (spark.app.submitTime,1755161553457)
[2025-08-14T08:52:33.555+0000] {spark_submit.py:521} INFO - (spark.driver.extraClassPath,/opt/custom-jars/*)
[2025-08-14T08:52:33.557+0000] {spark_submit.py:521} INFO - (spark.executor.extraClassPath,/opt/custom-jars/*)
[2025-08-14T08:52:33.559+0000] {spark_submit.py:521} INFO - (spark.hadoop.fs.AbstractFileSystem.gs.impl,com.google.cloud.hadoop.fs.gcs.GoogleHadoopFS)
[2025-08-14T08:52:33.560+0000] {spark_submit.py:521} INFO - (spark.hadoop.fs.gs.impl,com.google.cloud.hadoop.fs.gcs.GoogleHadoopFileSystem)
[2025-08-14T08:52:33.560+0000] {spark_submit.py:521} INFO - (spark.hadoop.google.cloud.auth.service.account.enable,true)
[2025-08-14T08:52:33.561+0000] {spark_submit.py:521} INFO - (spark.hadoop.google.cloud.auth.service.account.json.keyfile,/opt/***/gcp-key.json)
[2025-08-14T08:52:33.561+0000] {spark_submit.py:521} INFO - (spark.jars,file:/opt/custom-jars/spark-bigquery-with-dependencies_2.13-0.30.0.jar,file:///opt/custom-jars/gcs-connector-hadoop3-2.2.14-shaded.jar)
[2025-08-14T08:52:33.562+0000] {spark_submit.py:521} INFO - (spark.master,spark://spark-master:7077)
[2025-08-14T08:52:33.562+0000] {spark_submit.py:521} INFO - (spark.repl.local.jars,file:/opt/custom-jars/spark-bigquery-with-dependencies_2.13-0.30.0.jar,file:///opt/custom-jars/gcs-connector-hadoop3-2.2.14-shaded.jar)
[2025-08-14T08:52:33.563+0000] {spark_submit.py:521} INFO - (spark.submit.deployMode,client)
[2025-08-14T08:52:33.563+0000] {spark_submit.py:521} INFO - (spark.submit.pyFiles,)
[2025-08-14T08:52:33.563+0000] {spark_submit.py:521} INFO - Classpath elements:
[2025-08-14T08:52:33.564+0000] {spark_submit.py:521} INFO - file:/opt/custom-jars/spark-bigquery-with-dependencies_2.13-0.30.0.jar
[2025-08-14T08:52:33.564+0000] {spark_submit.py:521} INFO - file:///opt/custom-jars/gcs-connector-hadoop3-2.2.14-shaded.jar
[2025-08-14T08:52:33.564+0000] {spark_submit.py:521} INFO - 
[2025-08-14T08:52:33.565+0000] {spark_submit.py:521} INFO - 
[2025-08-14T08:52:33.568+0000] {spark_submit.py:521} INFO - Using Spark's default log4j profile: org/apache/spark/log4j2-defaults.properties
[2025-08-14T08:52:33.570+0000] {spark_submit.py:521} INFO - 25/08/14 08:52:33 WARN DependencyUtils: Local jar /opt/custom-jars/spark-bigquery-with-dependencies_2.13-0.30.0.jar does not exist, skipping.
[2025-08-14T08:52:34.853+0000] {spark_submit.py:521} INFO - 25/08/14 08:52:34 INFO SparkContext: Running Spark version 4.0.0
[2025-08-14T08:52:34.855+0000] {spark_submit.py:521} INFO - 25/08/14 08:52:34 INFO SparkContext: OS info Linux, 5.15.167.4-microsoft-standard-WSL2, amd64
[2025-08-14T08:52:34.856+0000] {spark_submit.py:521} INFO - 25/08/14 08:52:34 INFO SparkContext: Java version 17.0.16
[2025-08-14T08:52:34.883+0000] {spark_submit.py:521} INFO - 25/08/14 08:52:34 INFO ResourceUtils: ==============================================================
[2025-08-14T08:52:34.884+0000] {spark_submit.py:521} INFO - 25/08/14 08:52:34 INFO ResourceUtils: No custom resources configured for spark.driver.
[2025-08-14T08:52:34.884+0000] {spark_submit.py:521} INFO - 25/08/14 08:52:34 INFO ResourceUtils: ==============================================================
[2025-08-14T08:52:34.884+0000] {spark_submit.py:521} INFO - 25/08/14 08:52:34 INFO SparkContext: Submitted application: load_to_bq_connector
[2025-08-14T08:52:34.911+0000] {spark_submit.py:521} INFO - 25/08/14 08:52:34 INFO ResourceProfile: Default ResourceProfile created, executor resources: Map(memory -> name: memory, amount: 1024, script: , vendor: , offHeap -> name: offHeap, amount: 0, script: , vendor: ), task resources: Map(cpus -> name: cpus, amount: 1.0)
[2025-08-14T08:52:34.914+0000] {spark_submit.py:521} INFO - 25/08/14 08:52:34 INFO ResourceProfile: Limiting resource is cpu
[2025-08-14T08:52:34.915+0000] {spark_submit.py:521} INFO - 25/08/14 08:52:34 INFO ResourceProfileManager: Added ResourceProfile id: 0
[2025-08-14T08:52:34.980+0000] {spark_submit.py:521} INFO - 25/08/14 08:52:34 INFO SecurityManager: Changing view acls to: ***
[2025-08-14T08:52:34.981+0000] {spark_submit.py:521} INFO - 25/08/14 08:52:34 INFO SecurityManager: Changing modify acls to: ***
[2025-08-14T08:52:34.981+0000] {spark_submit.py:521} INFO - 25/08/14 08:52:34 INFO SecurityManager: Changing view acls groups to: ***
[2025-08-14T08:52:34.982+0000] {spark_submit.py:521} INFO - 25/08/14 08:52:34 INFO SecurityManager: Changing modify acls groups to: ***
[2025-08-14T08:52:34.985+0000] {spark_submit.py:521} INFO - 25/08/14 08:52:34 INFO SecurityManager: SecurityManager: authentication disabled; ui acls disabled; users with view permissions: *** groups with view permissions: EMPTY; users with modify permissions: ***; groups with modify permissions: EMPTY; RPC SSL disabled
[2025-08-14T08:52:35.223+0000] {spark_submit.py:521} INFO - 25/08/14 08:52:35 INFO Utils: Successfully started service 'sparkDriver' on port 35795.
[2025-08-14T08:52:35.257+0000] {spark_submit.py:521} INFO - 25/08/14 08:52:35 INFO SparkEnv: Registering MapOutputTracker
[2025-08-14T08:52:35.270+0000] {spark_submit.py:521} INFO - 25/08/14 08:52:35 INFO SparkEnv: Registering BlockManagerMaster
[2025-08-14T08:52:35.284+0000] {spark_submit.py:521} INFO - 25/08/14 08:52:35 INFO BlockManagerMasterEndpoint: Using org.apache.spark.storage.DefaultTopologyMapper for getting topology information
[2025-08-14T08:52:35.284+0000] {spark_submit.py:521} INFO - 25/08/14 08:52:35 INFO BlockManagerMasterEndpoint: BlockManagerMasterEndpoint up
[2025-08-14T08:52:35.287+0000] {spark_submit.py:521} INFO - 25/08/14 08:52:35 INFO SparkEnv: Registering BlockManagerMasterHeartbeat
[2025-08-14T08:52:35.318+0000] {spark_submit.py:521} INFO - 25/08/14 08:52:35 INFO DiskBlockManager: Created local directory at /tmp/blockmgr-f20b088e-7c0d-4570-8239-3e0f4719cfb3
[2025-08-14T08:52:35.339+0000] {spark_submit.py:521} INFO - 25/08/14 08:52:35 INFO SparkEnv: Registering OutputCommitCoordinator
[2025-08-14T08:52:35.464+0000] {spark_submit.py:521} INFO - 25/08/14 08:52:35 INFO JettyUtils: Start Jetty 0.0.0.0:4040 for SparkUI
[2025-08-14T08:52:35.538+0000] {spark_submit.py:521} INFO - 25/08/14 08:52:35 INFO Utils: Successfully started service 'SparkUI' on port 4040.
[2025-08-14T08:52:35.576+0000] {spark_submit.py:521} INFO - 25/08/14 08:52:35 ERROR SparkContext: Failed to add file:/opt/custom-jars/spark-bigquery-with-dependencies_2.13-0.30.0.jar to Spark environment
[2025-08-14T08:52:35.576+0000] {spark_submit.py:521} INFO - java.io.FileNotFoundException: Jar /opt/custom-jars/spark-bigquery-with-dependencies_2.13-0.30.0.jar not found
[2025-08-14T08:52:35.577+0000] {spark_submit.py:521} INFO - at org.apache.spark.SparkContext.addLocalJarFile$1(SparkContext.scala:2174)
[2025-08-14T08:52:35.577+0000] {spark_submit.py:521} INFO - at org.apache.spark.SparkContext.addJar(SparkContext.scala:2230)
[2025-08-14T08:52:35.577+0000] {spark_submit.py:521} INFO - at org.apache.spark.SparkContext.$anonfun$new$15(SparkContext.scala:538)
[2025-08-14T08:52:35.577+0000] {spark_submit.py:521} INFO - at org.apache.spark.SparkContext.$anonfun$new$15$adapted(SparkContext.scala:538)
[2025-08-14T08:52:35.578+0000] {spark_submit.py:521} INFO - at scala.collection.IterableOnceOps.foreach(IterableOnce.scala:619)
[2025-08-14T08:52:35.578+0000] {spark_submit.py:521} INFO - at scala.collection.IterableOnceOps.foreach$(IterableOnce.scala:617)
[2025-08-14T08:52:35.578+0000] {spark_submit.py:521} INFO - at scala.collection.AbstractIterable.foreach(Iterable.scala:935)
[2025-08-14T08:52:35.578+0000] {spark_submit.py:521} INFO - at org.apache.spark.SparkContext.<init>(SparkContext.scala:538)
[2025-08-14T08:52:35.579+0000] {spark_submit.py:521} INFO - at org.apache.spark.api.java.JavaSparkContext.<init>(JavaSparkContext.scala:59)
[2025-08-14T08:52:35.579+0000] {spark_submit.py:521} INFO - at java.base/jdk.internal.reflect.NativeConstructorAccessorImpl.newInstance0(Native Method)
[2025-08-14T08:52:35.580+0000] {spark_submit.py:521} INFO - at java.base/jdk.internal.reflect.NativeConstructorAccessorImpl.newInstance(NativeConstructorAccessorImpl.java:77)
[2025-08-14T08:52:35.580+0000] {spark_submit.py:521} INFO - at java.base/jdk.internal.reflect.DelegatingConstructorAccessorImpl.newInstance(DelegatingConstructorAccessorImpl.java:45)
[2025-08-14T08:52:35.580+0000] {spark_submit.py:521} INFO - at java.base/java.lang.reflect.Constructor.newInstanceWithCaller(Constructor.java:500)
[2025-08-14T08:52:35.580+0000] {spark_submit.py:521} INFO - at java.base/java.lang.reflect.Constructor.newInstance(Constructor.java:481)
[2025-08-14T08:52:35.581+0000] {spark_submit.py:521} INFO - at py4j.reflection.MethodInvoker.invoke(MethodInvoker.java:247)
[2025-08-14T08:52:35.581+0000] {spark_submit.py:521} INFO - at py4j.reflection.ReflectionEngine.invoke(ReflectionEngine.java:374)
[2025-08-14T08:52:35.581+0000] {spark_submit.py:521} INFO - at py4j.Gateway.invoke(Gateway.java:238)
[2025-08-14T08:52:35.581+0000] {spark_submit.py:521} INFO - at py4j.commands.ConstructorCommand.invokeConstructor(ConstructorCommand.java:80)
[2025-08-14T08:52:35.582+0000] {spark_submit.py:521} INFO - at py4j.commands.ConstructorCommand.execute(ConstructorCommand.java:69)
[2025-08-14T08:52:35.582+0000] {spark_submit.py:521} INFO - at py4j.ClientServerConnection.waitForCommands(ClientServerConnection.java:184)
[2025-08-14T08:52:35.582+0000] {spark_submit.py:521} INFO - at py4j.ClientServerConnection.run(ClientServerConnection.java:108)
[2025-08-14T08:52:35.582+0000] {spark_submit.py:521} INFO - at java.base/java.lang.Thread.run(Thread.java:840)
[2025-08-14T08:52:35.583+0000] {spark_submit.py:521} INFO - 25/08/14 08:52:35 INFO SparkContext: Added JAR file:///opt/custom-jars/gcs-connector-hadoop3-2.2.14-shaded.jar at spark://20bdaa41dd93:35795/jars/gcs-connector-hadoop3-2.2.14-shaded.jar with timestamp 1755161554843
[2025-08-14T08:52:35.602+0000] {spark_submit.py:521} INFO - 25/08/14 08:52:35 INFO SecurityManager: Changing view acls to: ***
[2025-08-14T08:52:35.603+0000] {spark_submit.py:521} INFO - 25/08/14 08:52:35 INFO SecurityManager: Changing modify acls to: ***
[2025-08-14T08:52:35.604+0000] {spark_submit.py:521} INFO - 25/08/14 08:52:35 INFO SecurityManager: Changing view acls groups to: ***
[2025-08-14T08:52:35.604+0000] {spark_submit.py:521} INFO - 25/08/14 08:52:35 INFO SecurityManager: Changing modify acls groups to: ***
[2025-08-14T08:52:35.604+0000] {spark_submit.py:521} INFO - 25/08/14 08:52:35 INFO SecurityManager: SecurityManager: authentication disabled; ui acls disabled; users with view permissions: *** groups with view permissions: EMPTY; users with modify permissions: ***; groups with modify permissions: EMPTY; RPC SSL disabled
[2025-08-14T08:52:35.754+0000] {spark_submit.py:521} INFO - 25/08/14 08:52:35 INFO StandaloneAppClient$ClientEndpoint: Connecting to master spark://spark-master:7077...
[2025-08-14T08:52:35.796+0000] {spark_submit.py:521} INFO - 25/08/14 08:52:35 INFO TransportClientFactory: Successfully created connection to spark-master/172.18.0.4:7077 after 21 ms (0 ms spent in bootstraps)
[2025-08-14T08:52:36.045+0000] {spark_submit.py:521} INFO - 25/08/14 08:52:36 INFO StandaloneSchedulerBackend: Connected to Spark cluster with app ID app-20250814085235-0006
[2025-08-14T08:52:36.053+0000] {spark_submit.py:521} INFO - 25/08/14 08:52:36 INFO Utils: Successfully started service 'org.apache.spark.network.netty.NettyBlockTransferService' on port 45671.
[2025-08-14T08:52:36.054+0000] {spark_submit.py:521} INFO - 25/08/14 08:52:36 INFO NettyBlockTransferService: Server created on 20bdaa41dd93:45671
[2025-08-14T08:52:36.056+0000] {spark_submit.py:521} INFO - 25/08/14 08:52:36 INFO BlockManager: Using org.apache.spark.storage.RandomBlockReplicationPolicy for block replication policy
[2025-08-14T08:52:36.069+0000] {spark_submit.py:521} INFO - 25/08/14 08:52:36 INFO BlockManagerMaster: Registering BlockManager BlockManagerId(driver, 20bdaa41dd93, 45671, None)
[2025-08-14T08:52:36.072+0000] {spark_submit.py:521} INFO - 25/08/14 08:52:36 INFO StandaloneAppClient$ClientEndpoint: Executor added: app-20250814085235-0006/0 on worker-20250814083233-172.18.0.5-37435 (172.18.0.5:37435) with 2 core(s)
[2025-08-14T08:52:36.074+0000] {spark_submit.py:521} INFO - 25/08/14 08:52:36 INFO StandaloneSchedulerBackend: Granted executor ID app-20250814085235-0006/0 on hostPort 172.18.0.5:37435 with 2 core(s), 1024.0 MiB RAM
[2025-08-14T08:52:36.074+0000] {spark_submit.py:521} INFO - 25/08/14 08:52:36 INFO BlockManagerMasterEndpoint: Registering block manager 20bdaa41dd93:45671 with 434.4 MiB RAM, BlockManagerId(driver, 20bdaa41dd93, 45671, None)
[2025-08-14T08:52:36.083+0000] {spark_submit.py:521} INFO - 25/08/14 08:52:36 INFO BlockManagerMaster: Registered BlockManager BlockManagerId(driver, 20bdaa41dd93, 45671, None)
[2025-08-14T08:52:36.086+0000] {spark_submit.py:521} INFO - 25/08/14 08:52:36 INFO BlockManager: Initialized BlockManager: BlockManagerId(driver, 20bdaa41dd93, 45671, None)
[2025-08-14T08:52:36.281+0000] {spark_submit.py:521} INFO - 25/08/14 08:52:36 INFO StandaloneSchedulerBackend: SchedulerBackend is ready for scheduling beginning after reached minRegisteredResourcesRatio: 0.0
[2025-08-14T08:52:36.585+0000] {spark_submit.py:521} INFO - 25/08/14 08:52:36 INFO StandaloneAppClient$ClientEndpoint: Executor updated: app-20250814085235-0006/0 is now RUNNING
[2025-08-14T08:52:40.262+0000] {spark_submit.py:521} INFO - 25/08/14 08:52:40 INFO SharedState: Setting hive.metastore.warehouse.dir ('null') to the value of spark.sql.warehouse.dir.
[2025-08-14T08:52:40.263+0000] {spark_submit.py:521} INFO - 25/08/14 08:52:40 INFO SharedState: Warehouse path is 'file:/opt/***/spark-warehouse'.
[2025-08-14T08:52:42.066+0000] {spark_submit.py:521} INFO - 25/08/14 08:52:42 INFO StandaloneSchedulerBackend$StandaloneDriverEndpoint: Registered executor NettyRpcEndpointRef(spark-client://Executor) (172.18.0.5:48218) with ID 0, ResourceProfileId 0
[2025-08-14T08:52:42.271+0000] {spark_submit.py:521} INFO - 25/08/14 08:52:42 INFO BlockManagerMasterEndpoint: Registering block manager 172.18.0.5:37227 with 434.4 MiB RAM, BlockManagerId(0, 172.18.0.5, 37227, None)
[2025-08-14T08:52:43.917+0000] {spark_submit.py:521} INFO - 25/08/14 08:52:43 INFO InMemoryFileIndex: It took 143 ms to list leaf files for 1 paths.
[2025-08-14T08:52:44.222+0000] {spark_submit.py:521} INFO - 25/08/14 08:52:44 INFO SparkContext: Starting job: parquet at NativeMethodAccessorImpl.java:0
[2025-08-14T08:52:44.239+0000] {spark_submit.py:521} INFO - 25/08/14 08:52:44 INFO DAGScheduler: Got job 0 (parquet at NativeMethodAccessorImpl.java:0) with 1 output partitions
[2025-08-14T08:52:44.241+0000] {spark_submit.py:521} INFO - 25/08/14 08:52:44 INFO DAGScheduler: Final stage: ResultStage 0 (parquet at NativeMethodAccessorImpl.java:0)
[2025-08-14T08:52:44.243+0000] {spark_submit.py:521} INFO - 25/08/14 08:52:44 INFO DAGScheduler: Parents of final stage: List()
[2025-08-14T08:52:44.249+0000] {spark_submit.py:521} INFO - 25/08/14 08:52:44 INFO DAGScheduler: Missing parents: List()
[2025-08-14T08:52:44.253+0000] {spark_submit.py:521} INFO - 25/08/14 08:52:44 INFO DAGScheduler: Submitting ResultStage 0 (MapPartitionsRDD[1] at parquet at NativeMethodAccessorImpl.java:0), which has no missing parents
[2025-08-14T08:52:44.303+0000] {spark_submit.py:521} INFO - 25/08/14 08:52:44 INFO MemoryStore: MemoryStore started with capacity 434.4 MiB
[2025-08-14T08:52:44.313+0000] {spark_submit.py:521} INFO - 25/08/14 08:52:44 INFO MemoryStore: Block broadcast_0 stored as values in memory (estimated size 116.1 KiB, free 434.3 MiB)
[2025-08-14T08:52:44.383+0000] {spark_submit.py:521} INFO - 25/08/14 08:52:44 INFO MemoryStore: Block broadcast_0_piece0 stored as bytes in memory (estimated size 41.9 KiB, free 434.2 MiB)
[2025-08-14T08:52:44.401+0000] {spark_submit.py:521} INFO - 25/08/14 08:52:44 INFO SparkContext: Created broadcast 0 from broadcast at DAGScheduler.scala:1676
[2025-08-14T08:52:44.424+0000] {spark_submit.py:521} INFO - 25/08/14 08:52:44 INFO DAGScheduler: Submitting 1 missing tasks from ResultStage 0 (MapPartitionsRDD[1] at parquet at NativeMethodAccessorImpl.java:0) (first 15 tasks are for partitions Vector(0))
[2025-08-14T08:52:44.443+0000] {spark_submit.py:521} INFO - 25/08/14 08:52:44 INFO TaskSchedulerImpl: Adding task set 0.0 with 1 tasks resource profile 0
[2025-08-14T08:52:44.478+0000] {spark_submit.py:521} INFO - 25/08/14 08:52:44 INFO TaskSetManager: Starting task 0.0 in stage 0.0 (TID 0) (172.18.0.5,executor 0, partition 0, PROCESS_LOCAL, 10077 bytes)
[2025-08-14T08:52:47.589+0000] {spark_submit.py:521} INFO - 25/08/14 08:52:47 INFO TaskSetManager: Finished task 0.0 in stage 0.0 (TID 0) in 3123 ms on 172.18.0.5 (executor 0) (1/1)
[2025-08-14T08:52:47.592+0000] {spark_submit.py:521} INFO - 25/08/14 08:52:47 INFO TaskSchedulerImpl: Removed TaskSet 0.0 whose tasks have all completed, from pool
[2025-08-14T08:52:47.598+0000] {spark_submit.py:521} INFO - 25/08/14 08:52:47 INFO DAGScheduler: ResultStage 0 (parquet at NativeMethodAccessorImpl.java:0) finished in 3320 ms
[2025-08-14T08:52:47.603+0000] {spark_submit.py:521} INFO - 25/08/14 08:52:47 INFO DAGScheduler: Job 0 is finished. Cancelling potential speculative or zombie tasks for this job
[2025-08-14T08:52:47.604+0000] {spark_submit.py:521} INFO - 25/08/14 08:52:47 INFO TaskSchedulerImpl: Canceling stage 0
[2025-08-14T08:52:47.606+0000] {spark_submit.py:521} INFO - 25/08/14 08:52:47 INFO TaskSchedulerImpl: Killing all running tasks in stage 0: Stage finished
[2025-08-14T08:52:47.610+0000] {spark_submit.py:521} INFO - 25/08/14 08:52:47 INFO DAGScheduler: Job 0 finished: parquet at NativeMethodAccessorImpl.java:0, took 3387.705991 ms
[2025-08-14T08:52:49.713+0000] {spark_submit.py:521} INFO - 25/08/14 08:52:49 INFO FileSourceStrategy: Pushed Filters:
[2025-08-14T08:52:49.718+0000] {spark_submit.py:521} INFO - 25/08/14 08:52:49 INFO FileSourceStrategy: Post-Scan Filters: Set()
[2025-08-14T08:52:50.324+0000] {spark_submit.py:521} INFO - 25/08/14 08:52:50 INFO CodeGenerator: Code generated in 206.013922 ms
[2025-08-14T08:52:50.380+0000] {spark_submit.py:521} INFO - 25/08/14 08:52:50 INFO MemoryStore: Block broadcast_1 stored as values in memory (estimated size 217.9 KiB, free 434.2 MiB)
[2025-08-14T08:52:50.400+0000] {spark_submit.py:521} INFO - 25/08/14 08:52:50 INFO MemoryStore: Block broadcast_1_piece0 stored as bytes in memory (estimated size 39.9 KiB, free 434.1 MiB)
[2025-08-14T08:52:50.402+0000] {spark_submit.py:521} INFO - 25/08/14 08:52:50 INFO SparkContext: Created broadcast 1 from showString at NativeMethodAccessorImpl.java:0
[2025-08-14T08:52:50.433+0000] {spark_submit.py:521} INFO - 25/08/14 08:52:50 INFO FileSourceScanExec: Planning scan with bin packing, max size: 4194304 bytes, open cost is considered as scanning 4194304 bytes.
[2025-08-14T08:52:50.531+0000] {spark_submit.py:521} INFO - 25/08/14 08:52:50 INFO SparkContext: Starting job: showString at NativeMethodAccessorImpl.java:0
[2025-08-14T08:52:50.533+0000] {spark_submit.py:521} INFO - 25/08/14 08:52:50 INFO DAGScheduler: Got job 1 (showString at NativeMethodAccessorImpl.java:0) with 1 output partitions
[2025-08-14T08:52:50.533+0000] {spark_submit.py:521} INFO - 25/08/14 08:52:50 INFO DAGScheduler: Final stage: ResultStage 1 (showString at NativeMethodAccessorImpl.java:0)
[2025-08-14T08:52:50.534+0000] {spark_submit.py:521} INFO - 25/08/14 08:52:50 INFO DAGScheduler: Parents of final stage: List()
[2025-08-14T08:52:50.534+0000] {spark_submit.py:521} INFO - 25/08/14 08:52:50 INFO DAGScheduler: Missing parents: List()
[2025-08-14T08:52:50.534+0000] {spark_submit.py:521} INFO - 25/08/14 08:52:50 INFO DAGScheduler: Submitting ResultStage 1 (MapPartitionsRDD[5] at showString at NativeMethodAccessorImpl.java:0), which has no missing parents
[2025-08-14T08:52:50.587+0000] {spark_submit.py:521} INFO - 25/08/14 08:52:50 INFO MemoryStore: Block broadcast_2 stored as values in memory (estimated size 16.6 KiB, free 434.1 MiB)
[2025-08-14T08:52:50.595+0000] {spark_submit.py:521} INFO - 25/08/14 08:52:50 INFO MemoryStore: Block broadcast_2_piece0 stored as bytes in memory (estimated size 7.0 KiB, free 434.1 MiB)
[2025-08-14T08:52:50.598+0000] {spark_submit.py:521} INFO - 25/08/14 08:52:50 INFO SparkContext: Created broadcast 2 from broadcast at DAGScheduler.scala:1676
[2025-08-14T08:52:50.599+0000] {spark_submit.py:521} INFO - 25/08/14 08:52:50 INFO DAGScheduler: Submitting 1 missing tasks from ResultStage 1 (MapPartitionsRDD[5] at showString at NativeMethodAccessorImpl.java:0) (first 15 tasks are for partitions Vector(0))
[2025-08-14T08:52:50.599+0000] {spark_submit.py:521} INFO - 25/08/14 08:52:50 INFO TaskSchedulerImpl: Adding task set 1.0 with 1 tasks resource profile 0
[2025-08-14T08:52:50.606+0000] {spark_submit.py:521} INFO - 25/08/14 08:52:50 INFO TaskSetManager: Starting task 0.0 in stage 1.0 (TID 1) (172.18.0.5,executor 0, partition 0, PROCESS_LOCAL, 10518 bytes)
[2025-08-14T08:52:53.802+0000] {spark_submit.py:521} INFO - 25/08/14 08:52:53 INFO TaskSetManager: Finished task 0.0 in stage 1.0 (TID 1) in 3202 ms on 172.18.0.5 (executor 0) (1/1)
[2025-08-14T08:52:53.803+0000] {spark_submit.py:521} INFO - 25/08/14 08:52:53 INFO TaskSchedulerImpl: Removed TaskSet 1.0 whose tasks have all completed, from pool
[2025-08-14T08:52:53.803+0000] {spark_submit.py:521} INFO - 25/08/14 08:52:53 INFO DAGScheduler: ResultStage 1 (showString at NativeMethodAccessorImpl.java:0) finished in 3267 ms
[2025-08-14T08:52:53.803+0000] {spark_submit.py:521} INFO - 25/08/14 08:52:53 INFO DAGScheduler: Job 1 is finished. Cancelling potential speculative or zombie tasks for this job
[2025-08-14T08:52:53.804+0000] {spark_submit.py:521} INFO - 25/08/14 08:52:53 INFO TaskSchedulerImpl: Canceling stage 1
[2025-08-14T08:52:53.804+0000] {spark_submit.py:521} INFO - 25/08/14 08:52:53 INFO TaskSchedulerImpl: Killing all running tasks in stage 1: Stage finished
[2025-08-14T08:52:53.804+0000] {spark_submit.py:521} INFO - 25/08/14 08:52:53 INFO DAGScheduler: Job 1 finished: showString at NativeMethodAccessorImpl.java:0, took 3277.933789 ms
[2025-08-14T08:52:53.854+0000] {spark_submit.py:521} INFO - 25/08/14 08:52:53 INFO CodeGenerator: Code generated in 20.38863 ms
[2025-08-14T08:52:53.882+0000] {spark_submit.py:521} INFO - +--------------------+--------------------+---------+
[2025-08-14T08:52:53.883+0000] {spark_submit.py:521} INFO - |         CompanyName|          MajorField|CompanyID|
[2025-08-14T08:52:53.883+0000] {spark_submit.py:521} INFO - +--------------------+--------------------+---------+
[2025-08-14T08:52:53.883+0000] {spark_submit.py:521} INFO - |Công ty cổ phần E...|       IT - Phần mềm|        0|
[2025-08-14T08:52:53.883+0000] {spark_submit.py:521} INFO - |Công ty Cổ phần H...|       IT - Phần mềm|        1|
[2025-08-14T08:52:53.884+0000] {spark_submit.py:521} INFO - |Công ty TNHH AMI ...|Marketing / Truyề...|        2|
[2025-08-14T08:52:53.884+0000] {spark_submit.py:521} INFO - |       TMA Solutions|       IT - Phần mềm|        3|
[2025-08-14T08:52:53.884+0000] {spark_submit.py:521} INFO - |CÔNG TY CỔ PHẦN C...|       IT - Phần mềm|        4|
[2025-08-14T08:52:53.884+0000] {spark_submit.py:521} INFO - |Công Ty TNHH LG C...|       IT - Phần mềm|        5|
[2025-08-14T08:52:53.885+0000] {spark_submit.py:521} INFO - |CÔNG TY CỔ PHẦN P...|       IT - Phần mềm|        6|
[2025-08-14T08:52:53.885+0000] {spark_submit.py:521} INFO - |CÔNG TY CỔ PHẦN A...|       IT - Phần mềm|        7|
[2025-08-14T08:52:53.885+0000] {spark_submit.py:521} INFO - |công ty cổ phần D...|       IT - Phần mềm|        8|
[2025-08-14T08:52:53.885+0000] {spark_submit.py:521} INFO - |TECHVIFY SOFTWARE...|       IT - Phần mềm|        9|
[2025-08-14T08:52:53.885+0000] {spark_submit.py:521} INFO - |Công ty TNHH Giải...|       IT - Phần mềm|       10|
[2025-08-14T08:52:53.886+0000] {spark_submit.py:521} INFO - |CÔNG TY TNHH GIẢI...|       IT - Phần mềm|       11|
[2025-08-14T08:52:53.886+0000] {spark_submit.py:521} INFO - |Công ty CP Kinh d...|           Tài chính|       12|
[2025-08-14T08:52:53.886+0000] {spark_submit.py:521} INFO - |TẬP ĐOÀN CÔNG NGH...|          Viễn thông|       13|
[2025-08-14T08:52:53.886+0000] {spark_submit.py:521} INFO - |Ngân hàng TMCP Hà...|           Ngân hàng|       14|
[2025-08-14T08:52:53.886+0000] {spark_submit.py:521} INFO - |Công ty TNHH Horu...|       IT - Phần mềm|       15|
[2025-08-14T08:52:53.887+0000] {spark_submit.py:521} INFO - |CÔNG TY CỔ PHẦN I...|       IT - Phần mềm|       16|
[2025-08-14T08:52:53.887+0000] {spark_submit.py:521} INFO - |Công ty Cổ phần C...|       IT - Phần mềm|       17|
[2025-08-14T08:52:53.887+0000] {spark_submit.py:521} INFO - |CÔNG TY CỔ PHẦN C...|       IT - Phần mềm|       18|
[2025-08-14T08:52:53.887+0000] {spark_submit.py:521} INFO - |Công Ty Tài Chính...|           Tài chính|       19|
[2025-08-14T08:52:53.887+0000] {spark_submit.py:521} INFO - +--------------------+--------------------+---------+
[2025-08-14T08:52:53.888+0000] {spark_submit.py:521} INFO - only showing top 20 rows
[2025-08-14T08:52:54.789+0000] {spark_submit.py:521} INFO - 25/08/14 08:52:54 INFO InMemoryFileIndex: It took 122 ms to list leaf files for 1 paths.
[2025-08-14T08:52:54.826+0000] {spark_submit.py:521} INFO - 25/08/14 08:52:54 INFO SparkContext: Starting job: parquet at NativeMethodAccessorImpl.java:0
[2025-08-14T08:52:54.827+0000] {spark_submit.py:521} INFO - 25/08/14 08:52:54 INFO DAGScheduler: Got job 2 (parquet at NativeMethodAccessorImpl.java:0) with 1 output partitions
[2025-08-14T08:52:54.827+0000] {spark_submit.py:521} INFO - 25/08/14 08:52:54 INFO DAGScheduler: Final stage: ResultStage 2 (parquet at NativeMethodAccessorImpl.java:0)
[2025-08-14T08:52:54.828+0000] {spark_submit.py:521} INFO - 25/08/14 08:52:54 INFO DAGScheduler: Parents of final stage: List()
[2025-08-14T08:52:54.830+0000] {spark_submit.py:521} INFO - 25/08/14 08:52:54 INFO DAGScheduler: Missing parents: List()
[2025-08-14T08:52:54.830+0000] {spark_submit.py:521} INFO - 25/08/14 08:52:54 INFO DAGScheduler: Submitting ResultStage 2 (MapPartitionsRDD[7] at parquet at NativeMethodAccessorImpl.java:0), which has no missing parents
[2025-08-14T08:52:54.839+0000] {spark_submit.py:521} INFO - 25/08/14 08:52:54 INFO MemoryStore: Block broadcast_3 stored as values in memory (estimated size 116.1 KiB, free 434.0 MiB)
[2025-08-14T08:52:54.848+0000] {spark_submit.py:521} INFO - 25/08/14 08:52:54 INFO MemoryStore: Block broadcast_3_piece0 stored as bytes in memory (estimated size 41.9 KiB, free 434.0 MiB)
[2025-08-14T08:52:54.850+0000] {spark_submit.py:521} INFO - 25/08/14 08:52:54 INFO SparkContext: Created broadcast 3 from broadcast at DAGScheduler.scala:1676
[2025-08-14T08:52:54.851+0000] {spark_submit.py:521} INFO - 25/08/14 08:52:54 INFO DAGScheduler: Submitting 1 missing tasks from ResultStage 2 (MapPartitionsRDD[7] at parquet at NativeMethodAccessorImpl.java:0) (first 15 tasks are for partitions Vector(0))
[2025-08-14T08:52:54.852+0000] {spark_submit.py:521} INFO - 25/08/14 08:52:54 INFO TaskSchedulerImpl: Adding task set 2.0 with 1 tasks resource profile 0
[2025-08-14T08:52:54.853+0000] {spark_submit.py:521} INFO - 25/08/14 08:52:54 INFO TaskSetManager: Starting task 0.0 in stage 2.0 (TID 2) (172.18.0.5,executor 0, partition 0, PROCESS_LOCAL, 10085 bytes)
[2025-08-14T08:52:55.351+0000] {spark_submit.py:521} INFO - 25/08/14 08:52:55 INFO TaskSetManager: Finished task 0.0 in stage 2.0 (TID 2) in 497 ms on 172.18.0.5 (executor 0) (1/1)
[2025-08-14T08:52:55.352+0000] {spark_submit.py:521} INFO - 25/08/14 08:52:55 INFO TaskSchedulerImpl: Removed TaskSet 2.0 whose tasks have all completed, from pool
[2025-08-14T08:52:55.353+0000] {spark_submit.py:521} INFO - 25/08/14 08:52:55 INFO DAGScheduler: ResultStage 2 (parquet at NativeMethodAccessorImpl.java:0) finished in 522 ms
[2025-08-14T08:52:55.353+0000] {spark_submit.py:521} INFO - 25/08/14 08:52:55 INFO DAGScheduler: Job 2 is finished. Cancelling potential speculative or zombie tasks for this job
[2025-08-14T08:52:55.354+0000] {spark_submit.py:521} INFO - 25/08/14 08:52:55 INFO TaskSchedulerImpl: Canceling stage 2
[2025-08-14T08:52:55.354+0000] {spark_submit.py:521} INFO - 25/08/14 08:52:55 INFO TaskSchedulerImpl: Killing all running tasks in stage 2: Stage finished
[2025-08-14T08:52:55.354+0000] {spark_submit.py:521} INFO - 25/08/14 08:52:55 INFO DAGScheduler: Job 2 finished: parquet at NativeMethodAccessorImpl.java:0, took 526.95365 ms
[2025-08-14T08:52:55.377+0000] {spark_submit.py:521} INFO - 25/08/14 08:52:55 INFO FileSourceStrategy: Pushed Filters:
[2025-08-14T08:52:55.378+0000] {spark_submit.py:521} INFO - 25/08/14 08:52:55 INFO FileSourceStrategy: Post-Scan Filters: Set()
[2025-08-14T08:52:55.426+0000] {spark_submit.py:521} INFO - 25/08/14 08:52:55 INFO CodeGenerator: Code generated in 15.868388 ms
[2025-08-14T08:52:55.439+0000] {spark_submit.py:521} INFO - 25/08/14 08:52:55 INFO MemoryStore: Block broadcast_4 stored as values in memory (estimated size 218.2 KiB, free 433.8 MiB)
[2025-08-14T08:52:55.453+0000] {spark_submit.py:521} INFO - 25/08/14 08:52:55 INFO MemoryStore: Block broadcast_4_piece0 stored as bytes in memory (estimated size 39.9 KiB, free 433.7 MiB)
[2025-08-14T08:52:55.456+0000] {spark_submit.py:521} INFO - 25/08/14 08:52:55 INFO SparkContext: Created broadcast 4 from showString at NativeMethodAccessorImpl.java:0
[2025-08-14T08:52:55.458+0000] {spark_submit.py:521} INFO - 25/08/14 08:52:55 INFO FileSourceScanExec: Planning scan with bin packing, max size: 4194304 bytes, open cost is considered as scanning 4194304 bytes.
[2025-08-14T08:52:55.467+0000] {spark_submit.py:521} INFO - 25/08/14 08:52:55 INFO SparkContext: Starting job: showString at NativeMethodAccessorImpl.java:0
[2025-08-14T08:52:55.468+0000] {spark_submit.py:521} INFO - 25/08/14 08:52:55 INFO DAGScheduler: Got job 3 (showString at NativeMethodAccessorImpl.java:0) with 1 output partitions
[2025-08-14T08:52:55.469+0000] {spark_submit.py:521} INFO - 25/08/14 08:52:55 INFO DAGScheduler: Final stage: ResultStage 3 (showString at NativeMethodAccessorImpl.java:0)
[2025-08-14T08:52:55.469+0000] {spark_submit.py:521} INFO - 25/08/14 08:52:55 INFO DAGScheduler: Parents of final stage: List()
[2025-08-14T08:52:55.469+0000] {spark_submit.py:521} INFO - 25/08/14 08:52:55 INFO DAGScheduler: Missing parents: List()
[2025-08-14T08:52:55.470+0000] {spark_submit.py:521} INFO - 25/08/14 08:52:55 INFO DAGScheduler: Submitting ResultStage 3 (MapPartitionsRDD[11] at showString at NativeMethodAccessorImpl.java:0), which has no missing parents
[2025-08-14T08:52:55.475+0000] {spark_submit.py:521} INFO - 25/08/14 08:52:55 INFO MemoryStore: Block broadcast_5 stored as values in memory (estimated size 18.7 KiB, free 434.0 MiB)
[2025-08-14T08:52:55.478+0000] {spark_submit.py:521} INFO - 25/08/14 08:52:55 INFO MemoryStore: Block broadcast_5_piece0 stored as bytes in memory (estimated size 7.5 KiB, free 434.1 MiB)
[2025-08-14T08:52:55.485+0000] {spark_submit.py:521} INFO - 25/08/14 08:52:55 INFO SparkContext: Created broadcast 5 from broadcast at DAGScheduler.scala:1676
[2025-08-14T08:52:55.487+0000] {spark_submit.py:521} INFO - 25/08/14 08:52:55 INFO DAGScheduler: Submitting 1 missing tasks from ResultStage 3 (MapPartitionsRDD[11] at showString at NativeMethodAccessorImpl.java:0) (first 15 tasks are for partitions Vector(0))
[2025-08-14T08:52:55.487+0000] {spark_submit.py:521} INFO - 25/08/14 08:52:55 INFO TaskSchedulerImpl: Adding task set 3.0 with 1 tasks resource profile 0
[2025-08-14T08:52:55.489+0000] {spark_submit.py:521} INFO - 25/08/14 08:52:55 INFO TaskSetManager: Starting task 0.0 in stage 3.0 (TID 3) (172.18.0.5,executor 0, partition 0, PROCESS_LOCAL, 10526 bytes)
[2025-08-14T08:52:57.010+0000] {spark_submit.py:521} INFO - 25/08/14 08:52:57 INFO TaskSetManager: Finished task 0.0 in stage 3.0 (TID 3) in 1521 ms on 172.18.0.5 (executor 0) (1/1)
[2025-08-14T08:52:57.011+0000] {spark_submit.py:521} INFO - 25/08/14 08:52:57 INFO TaskSchedulerImpl: Removed TaskSet 3.0 whose tasks have all completed, from pool
[2025-08-14T08:52:57.011+0000] {spark_submit.py:521} INFO - 25/08/14 08:52:57 INFO DAGScheduler: ResultStage 3 (showString at NativeMethodAccessorImpl.java:0) finished in 1541 ms
[2025-08-14T08:52:57.012+0000] {spark_submit.py:521} INFO - 25/08/14 08:52:57 INFO DAGScheduler: Job 3 is finished. Cancelling potential speculative or zombie tasks for this job
[2025-08-14T08:52:57.012+0000] {spark_submit.py:521} INFO - 25/08/14 08:52:57 INFO TaskSchedulerImpl: Canceling stage 3
[2025-08-14T08:52:57.012+0000] {spark_submit.py:521} INFO - 25/08/14 08:52:57 INFO TaskSchedulerImpl: Killing all running tasks in stage 3: Stage finished
[2025-08-14T08:52:57.013+0000] {spark_submit.py:521} INFO - 25/08/14 08:52:57 INFO DAGScheduler: Job 3 finished: showString at NativeMethodAccessorImpl.java:0, took 1544.45621 ms
[2025-08-14T08:52:57.035+0000] {spark_submit.py:521} INFO - 25/08/14 08:52:57 INFO CodeGenerator: Code generated in 18.594056 ms
[2025-08-14T08:52:57.041+0000] {spark_submit.py:521} INFO - +--------------------+-----------+--------------------+-------------+
[2025-08-14T08:52:57.042+0000] {spark_submit.py:521} INFO - |         JobPosition|      Level|      RelationFields|JobPositionID|
[2025-08-14T08:52:57.042+0000] {spark_submit.py:521} INFO - +--------------------+-----------+--------------------+-------------+
[2025-08-14T08:52:57.043+0000] {spark_submit.py:521} INFO - |data engineer (py...|Trưởng nhóm|[Công nghệ Thông ...|            0|
[2025-08-14T08:52:57.043+0000] {spark_submit.py:521} INFO - |data engineer (bi...|Trưởng nhóm|[Công nghệ Thông ...|            1|
[2025-08-14T08:52:57.044+0000] {spark_submit.py:521} INFO - |data engineer (fl...|Trưởng nhóm|[Công nghệ Thông ...|            2|
[2025-08-14T08:52:57.044+0000] {spark_submit.py:521} INFO - |data engineer - t...|  Nhân viên|[Công nghệ Thông ...|            3|
[2025-08-14T08:52:57.044+0000] {spark_submit.py:521} INFO - |data engineer (có...|  Nhân viên|[Công nghệ Thông ...|            4|
[2025-08-14T08:52:57.044+0000] {spark_submit.py:521} INFO - |       data engineer|  Nhân viên|[Công nghệ Thông ...|            5|
[2025-08-14T08:52:57.044+0000] {spark_submit.py:521} INFO - |kỹ sư dữ liệu (da...|Trưởng nhóm|[Công nghệ Thông ...|            6|
[2025-08-14T08:52:57.045+0000] {spark_submit.py:521} INFO - |on job training d...|  Nhân viên|[Công nghệ Thông ...|            7|
[2025-08-14T08:52:57.045+0000] {spark_submit.py:521} INFO - |cdp data engineering|Trưởng nhóm|[Công nghệ Thông ...|            8|
[2025-08-14T08:52:57.045+0000] {spark_submit.py:521} INFO - |data engineer (on...|Trưởng nhóm|[Công nghệ Thông ...|            9|
[2025-08-14T08:52:57.045+0000] {spark_submit.py:521} INFO - |data engineer (cl...|Trưởng nhóm|[Công nghệ Thông ...|           10|
[2025-08-14T08:52:57.046+0000] {spark_submit.py:521} INFO - |kỹ sư dữ liệu lớn...|  Nhân viên|[Công nghệ Thông ...|           11|
[2025-08-14T08:52:57.046+0000] {spark_submit.py:521} INFO - |       data engineer|Trưởng nhóm|[Công nghệ Thông ...|           12|
[2025-08-14T08:52:57.046+0000] {spark_submit.py:521} INFO - |data engineer (ba...|Trưởng nhóm|[Công nghệ Thông ...|           13|
[2025-08-14T08:52:57.046+0000] {spark_submit.py:521} INFO - |  data engineer (da)|  Nhân viên|[Công nghệ Thông ...|           14|
[2025-08-14T08:52:57.046+0000] {spark_submit.py:521} INFO - |senior data engin...|  Nhân viên|[Công nghệ Thông ...|           15|
[2025-08-14T08:52:57.047+0000] {spark_submit.py:521} INFO - |data engineer các...|  Nhân viên|[Công nghệ Thông ...|           16|
[2025-08-14T08:52:57.047+0000] {spark_submit.py:521} INFO - |data engineer (bi...|  Nhân viên|[Công nghệ Thông ...|           17|
[2025-08-14T08:52:57.047+0000] {spark_submit.py:521} INFO - |General Manager, ...|  Nhân viên|[Health, Safety &...|           18|
[2025-08-14T08:52:57.047+0000] {spark_submit.py:521} INFO - |Chuyên Viên Cao C...|  Nhân viên| [Compliance & Risk]|           19|
[2025-08-14T08:52:57.047+0000] {spark_submit.py:521} INFO - +--------------------+-----------+--------------------+-------------+
[2025-08-14T08:52:57.048+0000] {spark_submit.py:521} INFO - only showing top 20 rows
[2025-08-14T08:52:57.739+0000] {spark_submit.py:521} INFO - 25/08/14 08:52:57 INFO InMemoryFileIndex: It took 242 ms to list leaf files for 1 paths.
[2025-08-14T08:52:57.768+0000] {spark_submit.py:521} INFO - 25/08/14 08:52:57 INFO SparkContext: Starting job: parquet at NativeMethodAccessorImpl.java:0
[2025-08-14T08:52:57.769+0000] {spark_submit.py:521} INFO - 25/08/14 08:52:57 INFO DAGScheduler: Got job 4 (parquet at NativeMethodAccessorImpl.java:0) with 1 output partitions
[2025-08-14T08:52:57.770+0000] {spark_submit.py:521} INFO - 25/08/14 08:52:57 INFO DAGScheduler: Final stage: ResultStage 4 (parquet at NativeMethodAccessorImpl.java:0)
[2025-08-14T08:52:57.770+0000] {spark_submit.py:521} INFO - 25/08/14 08:52:57 INFO DAGScheduler: Parents of final stage: List()
[2025-08-14T08:52:57.771+0000] {spark_submit.py:521} INFO - 25/08/14 08:52:57 INFO DAGScheduler: Missing parents: List()
[2025-08-14T08:52:57.771+0000] {spark_submit.py:521} INFO - 25/08/14 08:52:57 INFO DAGScheduler: Submitting ResultStage 4 (MapPartitionsRDD[13] at parquet at NativeMethodAccessorImpl.java:0), which has no missing parents
[2025-08-14T08:52:57.778+0000] {spark_submit.py:521} INFO - 25/08/14 08:52:57 INFO MemoryStore: Block broadcast_6 stored as values in memory (estimated size 116.1 KiB, free 434.0 MiB)
[2025-08-14T08:52:57.787+0000] {spark_submit.py:521} INFO - 25/08/14 08:52:57 INFO MemoryStore: Block broadcast_6_piece0 stored as bytes in memory (estimated size 41.9 KiB, free 434.0 MiB)
[2025-08-14T08:52:57.790+0000] {spark_submit.py:521} INFO - 25/08/14 08:52:57 INFO SparkContext: Created broadcast 6 from broadcast at DAGScheduler.scala:1676
[2025-08-14T08:52:57.791+0000] {spark_submit.py:521} INFO - 25/08/14 08:52:57 INFO DAGScheduler: Submitting 1 missing tasks from ResultStage 4 (MapPartitionsRDD[13] at parquet at NativeMethodAccessorImpl.java:0) (first 15 tasks are for partitions Vector(0))
[2025-08-14T08:52:57.792+0000] {spark_submit.py:521} INFO - 25/08/14 08:52:57 INFO TaskSchedulerImpl: Adding task set 4.0 with 1 tasks resource profile 0
[2025-08-14T08:52:57.801+0000] {spark_submit.py:521} INFO - 25/08/14 08:52:57 INFO TaskSetManager: Starting task 0.0 in stage 4.0 (TID 4) (172.18.0.5,executor 0, partition 0, PROCESS_LOCAL, 10071 bytes)
[2025-08-14T08:52:58.309+0000] {spark_submit.py:521} INFO - 25/08/14 08:52:58 INFO TaskSetManager: Finished task 0.0 in stage 4.0 (TID 4) in 514 ms on 172.18.0.5 (executor 0) (1/1)
[2025-08-14T08:52:58.310+0000] {spark_submit.py:521} INFO - 25/08/14 08:52:58 INFO TaskSchedulerImpl: Removed TaskSet 4.0 whose tasks have all completed, from pool
[2025-08-14T08:52:58.311+0000] {spark_submit.py:521} INFO - 25/08/14 08:52:58 INFO DAGScheduler: ResultStage 4 (parquet at NativeMethodAccessorImpl.java:0) finished in 538 ms
[2025-08-14T08:52:58.311+0000] {spark_submit.py:521} INFO - 25/08/14 08:52:58 INFO DAGScheduler: Job 4 is finished. Cancelling potential speculative or zombie tasks for this job
[2025-08-14T08:52:58.311+0000] {spark_submit.py:521} INFO - 25/08/14 08:52:58 INFO TaskSchedulerImpl: Canceling stage 4
[2025-08-14T08:52:58.311+0000] {spark_submit.py:521} INFO - 25/08/14 08:52:58 INFO TaskSchedulerImpl: Killing all running tasks in stage 4: Stage finished
[2025-08-14T08:52:58.313+0000] {spark_submit.py:521} INFO - 25/08/14 08:52:58 INFO DAGScheduler: Job 4 finished: parquet at NativeMethodAccessorImpl.java:0, took 542.119143 ms
[2025-08-14T08:52:58.340+0000] {spark_submit.py:521} INFO - 25/08/14 08:52:58 INFO FileSourceStrategy: Pushed Filters:
[2025-08-14T08:52:58.340+0000] {spark_submit.py:521} INFO - 25/08/14 08:52:58 INFO FileSourceStrategy: Post-Scan Filters: Set()
[2025-08-14T08:52:58.382+0000] {spark_submit.py:521} INFO - 25/08/14 08:52:58 INFO CodeGenerator: Code generated in 17.903145 ms
[2025-08-14T08:52:58.385+0000] {spark_submit.py:521} INFO - 25/08/14 08:52:58 INFO MemoryStore: Block broadcast_7 stored as values in memory (estimated size 218.2 KiB, free 434.0 MiB)
[2025-08-14T08:52:58.408+0000] {spark_submit.py:521} INFO - 25/08/14 08:52:58 INFO MemoryStore: Block broadcast_7_piece0 stored as bytes in memory (estimated size 39.9 KiB, free 434.1 MiB)
[2025-08-14T08:52:58.413+0000] {spark_submit.py:521} INFO - 25/08/14 08:52:58 INFO SparkContext: Created broadcast 7 from showString at NativeMethodAccessorImpl.java:0
[2025-08-14T08:52:58.419+0000] {spark_submit.py:521} INFO - 25/08/14 08:52:58 INFO FileSourceScanExec: Planning scan with bin packing, max size: 4194304 bytes, open cost is considered as scanning 4194304 bytes.
[2025-08-14T08:52:58.462+0000] {spark_submit.py:521} INFO - 25/08/14 08:52:58 INFO SparkContext: Starting job: showString at NativeMethodAccessorImpl.java:0
[2025-08-14T08:52:58.463+0000] {spark_submit.py:521} INFO - 25/08/14 08:52:58 INFO DAGScheduler: Got job 5 (showString at NativeMethodAccessorImpl.java:0) with 1 output partitions
[2025-08-14T08:52:58.463+0000] {spark_submit.py:521} INFO - 25/08/14 08:52:58 INFO DAGScheduler: Final stage: ResultStage 5 (showString at NativeMethodAccessorImpl.java:0)
[2025-08-14T08:52:58.463+0000] {spark_submit.py:521} INFO - 25/08/14 08:52:58 INFO DAGScheduler: Parents of final stage: List()
[2025-08-14T08:52:58.463+0000] {spark_submit.py:521} INFO - 25/08/14 08:52:58 INFO DAGScheduler: Missing parents: List()
[2025-08-14T08:52:58.463+0000] {spark_submit.py:521} INFO - 25/08/14 08:52:58 INFO DAGScheduler: Submitting ResultStage 5 (MapPartitionsRDD[17] at showString at NativeMethodAccessorImpl.java:0), which has no missing parents
[2025-08-14T08:52:58.465+0000] {spark_submit.py:521} INFO - 25/08/14 08:52:58 INFO MemoryStore: Block broadcast_8 stored as values in memory (estimated size 18.5 KiB, free 434.1 MiB)
[2025-08-14T08:52:58.474+0000] {spark_submit.py:521} INFO - 25/08/14 08:52:58 INFO MemoryStore: Block broadcast_8_piece0 stored as bytes in memory (estimated size 7.4 KiB, free 434.1 MiB)
[2025-08-14T08:52:58.477+0000] {spark_submit.py:521} INFO - 25/08/14 08:52:58 INFO SparkContext: Created broadcast 8 from broadcast at DAGScheduler.scala:1676
[2025-08-14T08:52:58.479+0000] {spark_submit.py:521} INFO - 25/08/14 08:52:58 INFO DAGScheduler: Submitting 1 missing tasks from ResultStage 5 (MapPartitionsRDD[17] at showString at NativeMethodAccessorImpl.java:0) (first 15 tasks are for partitions Vector(0))
[2025-08-14T08:52:58.479+0000] {spark_submit.py:521} INFO - 25/08/14 08:52:58 INFO TaskSchedulerImpl: Adding task set 5.0 with 1 tasks resource profile 0
[2025-08-14T08:52:58.480+0000] {spark_submit.py:521} INFO - 25/08/14 08:52:58 INFO TaskSetManager: Starting task 0.0 in stage 5.0 (TID 5) (172.18.0.5,executor 0, partition 0, PROCESS_LOCAL, 10512 bytes)
[2025-08-14T08:52:59.841+0000] {spark_submit.py:521} INFO - 25/08/14 08:52:59 INFO TaskSetManager: Finished task 0.0 in stage 5.0 (TID 5) in 1360 ms on 172.18.0.5 (executor 0) (1/1)
[2025-08-14T08:52:59.842+0000] {spark_submit.py:521} INFO - 25/08/14 08:52:59 INFO TaskSchedulerImpl: Removed TaskSet 5.0 whose tasks have all completed, from pool
[2025-08-14T08:52:59.843+0000] {spark_submit.py:521} INFO - 25/08/14 08:52:59 INFO DAGScheduler: ResultStage 5 (showString at NativeMethodAccessorImpl.java:0) finished in 1378 ms
[2025-08-14T08:52:59.843+0000] {spark_submit.py:521} INFO - 25/08/14 08:52:59 INFO DAGScheduler: Job 5 is finished. Cancelling potential speculative or zombie tasks for this job
[2025-08-14T08:52:59.844+0000] {spark_submit.py:521} INFO - 25/08/14 08:52:59 INFO TaskSchedulerImpl: Canceling stage 5
[2025-08-14T08:52:59.845+0000] {spark_submit.py:521} INFO - 25/08/14 08:52:59 INFO TaskSchedulerImpl: Killing all running tasks in stage 5: Stage finished
[2025-08-14T08:52:59.846+0000] {spark_submit.py:521} INFO - 25/08/14 08:52:59 INFO DAGScheduler: Job 5 finished: showString at NativeMethodAccessorImpl.java:0, took 1383.035557 ms
[2025-08-14T08:52:59.874+0000] {spark_submit.py:521} INFO - 25/08/14 08:52:59 INFO CodeGenerator: Code generated in 17.315523 ms
[2025-08-14T08:52:59.878+0000] {spark_submit.py:521} INFO - +----------+---+-----+-------+----+
[2025-08-14T08:52:59.879+0000] {spark_submit.py:521} INFO - |    DateID|Day|Month|Quarter|Year|
[2025-08-14T08:52:59.880+0000] {spark_submit.py:521} INFO - +----------+---+-----+-------+----+
[2025-08-14T08:52:59.880+0000] {spark_submit.py:521} INFO - |2025-08-14| 14|    8|      3|2025|
[2025-08-14T08:52:59.880+0000] {spark_submit.py:521} INFO - |2025-08-16| 16|    8|      3|2025|
[2025-08-14T08:52:59.881+0000] {spark_submit.py:521} INFO - |2025-08-31| 31|    8|      3|2025|
[2025-08-14T08:52:59.881+0000] {spark_submit.py:521} INFO - |2025-09-04|  4|    9|      3|2025|
[2025-08-14T08:52:59.881+0000] {spark_submit.py:521} INFO - |2025-10-17| 17|   10|      4|2025|
[2025-08-14T08:52:59.882+0000] {spark_submit.py:521} INFO - |2025-08-13| 13|    8|      3|2025|
[2025-08-14T08:52:59.882+0000] {spark_submit.py:521} INFO - |2025-10-01|  1|   10|      4|2025|
[2025-08-14T08:52:59.882+0000] {spark_submit.py:521} INFO - |2025-08-25| 25|    8|      3|2025|
[2025-08-14T08:52:59.882+0000] {spark_submit.py:521} INFO - |2025-08-20| 20|    8|      3|2025|
[2025-08-14T08:52:59.883+0000] {spark_submit.py:521} INFO - |2025-08-23| 23|    8|      3|2025|
[2025-08-14T08:52:59.883+0000] {spark_submit.py:521} INFO - |2025-08-21| 21|    8|      3|2025|
[2025-08-14T08:52:59.883+0000] {spark_submit.py:521} INFO - |2025-09-30| 30|    9|      3|2025|
[2025-08-14T08:52:59.883+0000] {spark_submit.py:521} INFO - |2025-08-27| 27|    8|      3|2025|
[2025-08-14T08:52:59.884+0000] {spark_submit.py:521} INFO - |2025-10-31| 31|   10|      4|2025|
[2025-08-14T08:52:59.884+0000] {spark_submit.py:521} INFO - |2025-08-09|  9|    8|      3|2025|
[2025-08-14T08:52:59.884+0000] {spark_submit.py:521} INFO - |2025-08-24| 24|    8|      3|2025|
[2025-08-14T08:52:59.884+0000] {spark_submit.py:521} INFO - |2025-08-06|  6|    8|      3|2025|
[2025-08-14T08:52:59.885+0000] {spark_submit.py:521} INFO - |2025-08-12| 12|    8|      3|2025|
[2025-08-14T08:52:59.885+0000] {spark_submit.py:521} INFO - |2025-07-29| 29|    7|      3|2025|
[2025-08-14T08:52:59.885+0000] {spark_submit.py:521} INFO - |2025-07-18| 18|    7|      3|2025|
[2025-08-14T08:52:59.885+0000] {spark_submit.py:521} INFO - +----------+---+-----+-------+----+
[2025-08-14T08:52:59.885+0000] {spark_submit.py:521} INFO - only showing top 20 rows
[2025-08-14T08:53:00.592+0000] {spark_submit.py:521} INFO - 25/08/14 08:53:00 INFO InMemoryFileIndex: It took 234 ms to list leaf files for 1 paths.
[2025-08-14T08:53:00.625+0000] {spark_submit.py:521} INFO - 25/08/14 08:53:00 INFO SparkContext: Starting job: parquet at NativeMethodAccessorImpl.java:0
[2025-08-14T08:53:00.627+0000] {spark_submit.py:521} INFO - 25/08/14 08:53:00 INFO DAGScheduler: Got job 6 (parquet at NativeMethodAccessorImpl.java:0) with 1 output partitions
[2025-08-14T08:53:00.630+0000] {spark_submit.py:521} INFO - 25/08/14 08:53:00 INFO DAGScheduler: Final stage: ResultStage 6 (parquet at NativeMethodAccessorImpl.java:0)
[2025-08-14T08:53:00.633+0000] {spark_submit.py:521} INFO - 25/08/14 08:53:00 INFO DAGScheduler: Parents of final stage: List()
[2025-08-14T08:53:00.634+0000] {spark_submit.py:521} INFO - 25/08/14 08:53:00 INFO DAGScheduler: Missing parents: List()
[2025-08-14T08:53:00.634+0000] {spark_submit.py:521} INFO - 25/08/14 08:53:00 INFO DAGScheduler: Submitting ResultStage 6 (MapPartitionsRDD[19] at parquet at NativeMethodAccessorImpl.java:0), which has no missing parents
[2025-08-14T08:53:00.638+0000] {spark_submit.py:521} INFO - 25/08/14 08:53:00 INFO MemoryStore: Block broadcast_9 stored as values in memory (estimated size 116.1 KiB, free 434.0 MiB)
[2025-08-14T08:53:00.646+0000] {spark_submit.py:521} INFO - 25/08/14 08:53:00 INFO MemoryStore: Block broadcast_9_piece0 stored as bytes in memory (estimated size 41.9 KiB, free 434.0 MiB)
[2025-08-14T08:53:00.649+0000] {spark_submit.py:521} INFO - 25/08/14 08:53:00 INFO SparkContext: Created broadcast 9 from broadcast at DAGScheduler.scala:1676
[2025-08-14T08:53:00.651+0000] {spark_submit.py:521} INFO - 25/08/14 08:53:00 INFO DAGScheduler: Submitting 1 missing tasks from ResultStage 6 (MapPartitionsRDD[19] at parquet at NativeMethodAccessorImpl.java:0) (first 15 tasks are for partitions Vector(0))
[2025-08-14T08:53:00.651+0000] {spark_submit.py:521} INFO - 25/08/14 08:53:00 INFO TaskSchedulerImpl: Adding task set 6.0 with 1 tasks resource profile 0
[2025-08-14T08:53:00.653+0000] {spark_submit.py:521} INFO - 25/08/14 08:53:00 INFO TaskSetManager: Starting task 0.0 in stage 6.0 (TID 6) (172.18.0.5,executor 0, partition 0, PROCESS_LOCAL, 10079 bytes)
[2025-08-14T08:53:01.182+0000] {spark_submit.py:521} INFO - 25/08/14 08:53:01 INFO TaskSetManager: Finished task 0.0 in stage 6.0 (TID 6) in 530 ms on 172.18.0.5 (executor 0) (1/1)
[2025-08-14T08:53:01.183+0000] {spark_submit.py:521} INFO - 25/08/14 08:53:01 INFO TaskSchedulerImpl: Removed TaskSet 6.0 whose tasks have all completed, from pool
[2025-08-14T08:53:01.184+0000] {spark_submit.py:521} INFO - 25/08/14 08:53:01 INFO DAGScheduler: ResultStage 6 (parquet at NativeMethodAccessorImpl.java:0) finished in 552 ms
[2025-08-14T08:53:01.184+0000] {spark_submit.py:521} INFO - 25/08/14 08:53:01 INFO DAGScheduler: Job 6 is finished. Cancelling potential speculative or zombie tasks for this job
[2025-08-14T08:53:01.185+0000] {spark_submit.py:521} INFO - 25/08/14 08:53:01 INFO TaskSchedulerImpl: Canceling stage 6
[2025-08-14T08:53:01.185+0000] {spark_submit.py:521} INFO - 25/08/14 08:53:01 INFO TaskSchedulerImpl: Killing all running tasks in stage 6: Stage finished
[2025-08-14T08:53:01.186+0000] {spark_submit.py:521} INFO - 25/08/14 08:53:01 INFO DAGScheduler: Job 6 finished: parquet at NativeMethodAccessorImpl.java:0, took 558.602891 ms
[2025-08-14T08:53:01.218+0000] {spark_submit.py:521} INFO - 25/08/14 08:53:01 INFO FileSourceStrategy: Pushed Filters:
[2025-08-14T08:53:01.220+0000] {spark_submit.py:521} INFO - 25/08/14 08:53:01 INFO FileSourceStrategy: Post-Scan Filters: Set()
[2025-08-14T08:53:01.260+0000] {spark_submit.py:521} INFO - 25/08/14 08:53:01 INFO CodeGenerator: Code generated in 17.176939 ms
[2025-08-14T08:53:01.264+0000] {spark_submit.py:521} INFO - 25/08/14 08:53:01 INFO MemoryStore: Block broadcast_10 stored as values in memory (estimated size 217.8 KiB, free 434.0 MiB)
[2025-08-14T08:53:01.283+0000] {spark_submit.py:521} INFO - 25/08/14 08:53:01 INFO MemoryStore: Block broadcast_10_piece0 stored as bytes in memory (estimated size 39.8 KiB, free 434.1 MiB)
[2025-08-14T08:53:01.289+0000] {spark_submit.py:521} INFO - 25/08/14 08:53:01 INFO SparkContext: Created broadcast 10 from showString at NativeMethodAccessorImpl.java:0
[2025-08-14T08:53:01.291+0000] {spark_submit.py:521} INFO - 25/08/14 08:53:01 INFO FileSourceScanExec: Planning scan with bin packing, max size: 4194304 bytes, open cost is considered as scanning 4194304 bytes.
[2025-08-14T08:53:01.307+0000] {spark_submit.py:521} INFO - 25/08/14 08:53:01 INFO SparkContext: Starting job: showString at NativeMethodAccessorImpl.java:0
[2025-08-14T08:53:01.308+0000] {spark_submit.py:521} INFO - 25/08/14 08:53:01 INFO DAGScheduler: Got job 7 (showString at NativeMethodAccessorImpl.java:0) with 1 output partitions
[2025-08-14T08:53:01.308+0000] {spark_submit.py:521} INFO - 25/08/14 08:53:01 INFO DAGScheduler: Final stage: ResultStage 7 (showString at NativeMethodAccessorImpl.java:0)
[2025-08-14T08:53:01.309+0000] {spark_submit.py:521} INFO - 25/08/14 08:53:01 INFO DAGScheduler: Parents of final stage: List()
[2025-08-14T08:53:01.309+0000] {spark_submit.py:521} INFO - 25/08/14 08:53:01 INFO DAGScheduler: Missing parents: List()
[2025-08-14T08:53:01.310+0000] {spark_submit.py:521} INFO - 25/08/14 08:53:01 INFO DAGScheduler: Submitting ResultStage 7 (MapPartitionsRDD[23] at showString at NativeMethodAccessorImpl.java:0), which has no missing parents
[2025-08-14T08:53:01.313+0000] {spark_submit.py:521} INFO - 25/08/14 08:53:01 INFO MemoryStore: Block broadcast_11 stored as values in memory (estimated size 15.9 KiB, free 434.1 MiB)
[2025-08-14T08:53:01.320+0000] {spark_submit.py:521} INFO - 25/08/14 08:53:01 INFO MemoryStore: Block broadcast_11_piece0 stored as bytes in memory (estimated size 6.9 KiB, free 434.1 MiB)
[2025-08-14T08:53:01.322+0000] {spark_submit.py:521} INFO - 25/08/14 08:53:01 INFO SparkContext: Created broadcast 11 from broadcast at DAGScheduler.scala:1676
[2025-08-14T08:53:01.323+0000] {spark_submit.py:521} INFO - 25/08/14 08:53:01 INFO DAGScheduler: Submitting 1 missing tasks from ResultStage 7 (MapPartitionsRDD[23] at showString at NativeMethodAccessorImpl.java:0) (first 15 tasks are for partitions Vector(0))
[2025-08-14T08:53:01.323+0000] {spark_submit.py:521} INFO - 25/08/14 08:53:01 INFO TaskSchedulerImpl: Adding task set 7.0 with 1 tasks resource profile 0
[2025-08-14T08:53:01.326+0000] {spark_submit.py:521} INFO - 25/08/14 08:53:01 INFO TaskSetManager: Starting task 0.0 in stage 7.0 (TID 7) (172.18.0.5,executor 0, partition 0, PROCESS_LOCAL, 10520 bytes)
[2025-08-14T08:53:02.482+0000] {spark_submit.py:521} INFO - 25/08/14 08:53:02 INFO TaskSetManager: Finished task 0.0 in stage 7.0 (TID 7) in 1156 ms on 172.18.0.5 (executor 0) (1/1)
[2025-08-14T08:53:02.482+0000] {spark_submit.py:521} INFO - 25/08/14 08:53:02 INFO TaskSchedulerImpl: Removed TaskSet 7.0 whose tasks have all completed, from pool
[2025-08-14T08:53:02.483+0000] {spark_submit.py:521} INFO - 25/08/14 08:53:02 INFO DAGScheduler: ResultStage 7 (showString at NativeMethodAccessorImpl.java:0) finished in 1172 ms
[2025-08-14T08:53:02.483+0000] {spark_submit.py:521} INFO - 25/08/14 08:53:02 INFO DAGScheduler: Job 7 is finished. Cancelling potential speculative or zombie tasks for this job
[2025-08-14T08:53:02.484+0000] {spark_submit.py:521} INFO - 25/08/14 08:53:02 INFO TaskSchedulerImpl: Canceling stage 7
[2025-08-14T08:53:02.484+0000] {spark_submit.py:521} INFO - 25/08/14 08:53:02 INFO TaskSchedulerImpl: Killing all running tasks in stage 7: Stage finished
[2025-08-14T08:53:02.484+0000] {spark_submit.py:521} INFO - 25/08/14 08:53:02 INFO DAGScheduler: Job 7 finished: showString at NativeMethodAccessorImpl.java:0, took 1175.898244 ms
[2025-08-14T08:53:02.490+0000] {spark_submit.py:521} INFO - 25/08/14 08:53:02 INFO CodeGenerator: Code generated in 5.460504 ms
[2025-08-14T08:53:02.492+0000] {spark_submit.py:521} INFO - +--------------+----------+
[2025-08-14T08:53:02.492+0000] {spark_submit.py:521} INFO - |      WorkForm|WorkFormID|
[2025-08-14T08:53:02.492+0000] {spark_submit.py:521} INFO - +--------------+----------+
[2025-08-14T08:53:02.493+0000] {spark_submit.py:521} INFO - |Toàn thời gian|         0|
[2025-08-14T08:53:02.493+0000] {spark_submit.py:521} INFO - | Bán thời gian|         1|
[2025-08-14T08:53:02.493+0000] {spark_submit.py:521} INFO - +--------------+----------+
[2025-08-14T08:53:02.493+0000] {spark_submit.py:521} INFO - 
[2025-08-14T08:53:03.193+0000] {spark_submit.py:521} INFO - 25/08/14 08:53:03 INFO InMemoryFileIndex: It took 242 ms to list leaf files for 1 paths.
[2025-08-14T08:53:03.216+0000] {spark_submit.py:521} INFO - 25/08/14 08:53:03 INFO SparkContext: Starting job: parquet at NativeMethodAccessorImpl.java:0
[2025-08-14T08:53:03.217+0000] {spark_submit.py:521} INFO - 25/08/14 08:53:03 INFO DAGScheduler: Got job 8 (parquet at NativeMethodAccessorImpl.java:0) with 1 output partitions
[2025-08-14T08:53:03.217+0000] {spark_submit.py:521} INFO - 25/08/14 08:53:03 INFO DAGScheduler: Final stage: ResultStage 8 (parquet at NativeMethodAccessorImpl.java:0)
[2025-08-14T08:53:03.218+0000] {spark_submit.py:521} INFO - 25/08/14 08:53:03 INFO DAGScheduler: Parents of final stage: List()
[2025-08-14T08:53:03.218+0000] {spark_submit.py:521} INFO - 25/08/14 08:53:03 INFO DAGScheduler: Missing parents: List()
[2025-08-14T08:53:03.218+0000] {spark_submit.py:521} INFO - 25/08/14 08:53:03 INFO DAGScheduler: Submitting ResultStage 8 (MapPartitionsRDD[25] at parquet at NativeMethodAccessorImpl.java:0), which has no missing parents
[2025-08-14T08:53:03.223+0000] {spark_submit.py:521} INFO - 25/08/14 08:53:03 INFO MemoryStore: Block broadcast_12 stored as values in memory (estimated size 116.1 KiB, free 434.0 MiB)
[2025-08-14T08:53:03.233+0000] {spark_submit.py:521} INFO - 25/08/14 08:53:03 INFO MemoryStore: Block broadcast_12_piece0 stored as bytes in memory (estimated size 41.9 KiB, free 434.0 MiB)
[2025-08-14T08:53:03.236+0000] {spark_submit.py:521} INFO - 25/08/14 08:53:03 INFO SparkContext: Created broadcast 12 from broadcast at DAGScheduler.scala:1676
[2025-08-14T08:53:03.241+0000] {spark_submit.py:521} INFO - 25/08/14 08:53:03 INFO DAGScheduler: Submitting 1 missing tasks from ResultStage 8 (MapPartitionsRDD[25] at parquet at NativeMethodAccessorImpl.java:0) (first 15 tasks are for partitions Vector(0))
[2025-08-14T08:53:03.243+0000] {spark_submit.py:521} INFO - 25/08/14 08:53:03 INFO TaskSchedulerImpl: Adding task set 8.0 with 1 tasks resource profile 0
[2025-08-14T08:53:03.244+0000] {spark_submit.py:521} INFO - 25/08/14 08:53:03 INFO TaskSetManager: Starting task 0.0 in stage 8.0 (TID 8) (172.18.0.5,executor 0, partition 0, PROCESS_LOCAL, 10075 bytes)
[2025-08-14T08:53:03.671+0000] {spark_submit.py:521} INFO - 25/08/14 08:53:03 INFO TaskSetManager: Finished task 0.0 in stage 8.0 (TID 8) in 427 ms on 172.18.0.5 (executor 0) (1/1)
[2025-08-14T08:53:03.671+0000] {spark_submit.py:521} INFO - 25/08/14 08:53:03 INFO TaskSchedulerImpl: Removed TaskSet 8.0 whose tasks have all completed, from pool
[2025-08-14T08:53:03.672+0000] {spark_submit.py:521} INFO - 25/08/14 08:53:03 INFO DAGScheduler: ResultStage 8 (parquet at NativeMethodAccessorImpl.java:0) finished in 453 ms
[2025-08-14T08:53:03.673+0000] {spark_submit.py:521} INFO - 25/08/14 08:53:03 INFO DAGScheduler: Job 8 is finished. Cancelling potential speculative or zombie tasks for this job
[2025-08-14T08:53:03.673+0000] {spark_submit.py:521} INFO - 25/08/14 08:53:03 INFO TaskSchedulerImpl: Canceling stage 8
[2025-08-14T08:53:03.673+0000] {spark_submit.py:521} INFO - 25/08/14 08:53:03 INFO TaskSchedulerImpl: Killing all running tasks in stage 8: Stage finished
[2025-08-14T08:53:03.673+0000] {spark_submit.py:521} INFO - 25/08/14 08:53:03 INFO DAGScheduler: Job 8 finished: parquet at NativeMethodAccessorImpl.java:0, took 455.916097 ms
[2025-08-14T08:53:03.686+0000] {spark_submit.py:521} INFO - 25/08/14 08:53:03 INFO FileSourceStrategy: Pushed Filters:
[2025-08-14T08:53:03.687+0000] {spark_submit.py:521} INFO - 25/08/14 08:53:03 INFO FileSourceStrategy: Post-Scan Filters: Set()
[2025-08-14T08:53:03.698+0000] {spark_submit.py:521} INFO - 25/08/14 08:53:03 INFO MemoryStore: Block broadcast_13 stored as values in memory (estimated size 217.8 KiB, free 434.0 MiB)
[2025-08-14T08:53:03.710+0000] {spark_submit.py:521} INFO - 25/08/14 08:53:03 INFO MemoryStore: Block broadcast_13_piece0 stored as bytes in memory (estimated size 39.8 KiB, free 434.1 MiB)
[2025-08-14T08:53:03.714+0000] {spark_submit.py:521} INFO - 25/08/14 08:53:03 INFO SparkContext: Created broadcast 13 from showString at NativeMethodAccessorImpl.java:0
[2025-08-14T08:53:03.717+0000] {spark_submit.py:521} INFO - 25/08/14 08:53:03 INFO FileSourceScanExec: Planning scan with bin packing, max size: 4194304 bytes, open cost is considered as scanning 4194304 bytes.
[2025-08-14T08:53:03.725+0000] {spark_submit.py:521} INFO - 25/08/14 08:53:03 INFO SparkContext: Starting job: showString at NativeMethodAccessorImpl.java:0
[2025-08-14T08:53:03.726+0000] {spark_submit.py:521} INFO - 25/08/14 08:53:03 INFO DAGScheduler: Got job 9 (showString at NativeMethodAccessorImpl.java:0) with 1 output partitions
[2025-08-14T08:53:03.727+0000] {spark_submit.py:521} INFO - 25/08/14 08:53:03 INFO DAGScheduler: Final stage: ResultStage 9 (showString at NativeMethodAccessorImpl.java:0)
[2025-08-14T08:53:03.727+0000] {spark_submit.py:521} INFO - 25/08/14 08:53:03 INFO DAGScheduler: Parents of final stage: List()
[2025-08-14T08:53:03.728+0000] {spark_submit.py:521} INFO - 25/08/14 08:53:03 INFO DAGScheduler: Missing parents: List()
[2025-08-14T08:53:03.729+0000] {spark_submit.py:521} INFO - 25/08/14 08:53:03 INFO DAGScheduler: Submitting ResultStage 9 (MapPartitionsRDD[29] at showString at NativeMethodAccessorImpl.java:0), which has no missing parents
[2025-08-14T08:53:03.730+0000] {spark_submit.py:521} INFO - 25/08/14 08:53:03 INFO MemoryStore: Block broadcast_14 stored as values in memory (estimated size 15.9 KiB, free 434.1 MiB)
[2025-08-14T08:53:03.737+0000] {spark_submit.py:521} INFO - 25/08/14 08:53:03 INFO MemoryStore: Block broadcast_14_piece0 stored as bytes in memory (estimated size 6.9 KiB, free 434.1 MiB)
[2025-08-14T08:53:03.738+0000] {spark_submit.py:521} INFO - 25/08/14 08:53:03 INFO SparkContext: Created broadcast 14 from broadcast at DAGScheduler.scala:1676
[2025-08-14T08:53:03.739+0000] {spark_submit.py:521} INFO - 25/08/14 08:53:03 INFO DAGScheduler: Submitting 1 missing tasks from ResultStage 9 (MapPartitionsRDD[29] at showString at NativeMethodAccessorImpl.java:0) (first 15 tasks are for partitions Vector(0))
[2025-08-14T08:53:03.739+0000] {spark_submit.py:521} INFO - 25/08/14 08:53:03 INFO TaskSchedulerImpl: Adding task set 9.0 with 1 tasks resource profile 0
[2025-08-14T08:53:03.740+0000] {spark_submit.py:521} INFO - 25/08/14 08:53:03 INFO TaskSetManager: Starting task 0.0 in stage 9.0 (TID 9) (172.18.0.5,executor 0, partition 0, PROCESS_LOCAL, 10516 bytes)
[2025-08-14T08:53:04.805+0000] {spark_submit.py:521} INFO - 25/08/14 08:53:04 INFO TaskSetManager: Finished task 0.0 in stage 9.0 (TID 9) in 1065 ms on 172.18.0.5 (executor 0) (1/1)
[2025-08-14T08:53:04.806+0000] {spark_submit.py:521} INFO - 25/08/14 08:53:04 INFO TaskSchedulerImpl: Removed TaskSet 9.0 whose tasks have all completed, from pool
[2025-08-14T08:53:04.807+0000] {spark_submit.py:521} INFO - 25/08/14 08:53:04 INFO DAGScheduler: ResultStage 9 (showString at NativeMethodAccessorImpl.java:0) finished in 1078 ms
[2025-08-14T08:53:04.808+0000] {spark_submit.py:521} INFO - 25/08/14 08:53:04 INFO DAGScheduler: Job 9 is finished. Cancelling potential speculative or zombie tasks for this job
[2025-08-14T08:53:04.809+0000] {spark_submit.py:521} INFO - 25/08/14 08:53:04 INFO TaskSchedulerImpl: Canceling stage 9
[2025-08-14T08:53:04.809+0000] {spark_submit.py:521} INFO - 25/08/14 08:53:04 INFO TaskSchedulerImpl: Killing all running tasks in stage 9: Stage finished
[2025-08-14T08:53:04.810+0000] {spark_submit.py:521} INFO - 25/08/14 08:53:04 INFO DAGScheduler: Job 9 finished: showString at NativeMethodAccessorImpl.java:0, took 1082.063553 ms
[2025-08-14T08:53:04.813+0000] {spark_submit.py:521} INFO - +----------+-------+
[2025-08-14T08:53:04.814+0000] {spark_submit.py:521} INFO - | SkillName|SkillID|
[2025-08-14T08:53:04.814+0000] {spark_submit.py:521} INFO - +----------+-------+
[2025-08-14T08:53:04.814+0000] {spark_submit.py:521} INFO - |   ***|      0|
[2025-08-14T08:53:04.815+0000] {spark_submit.py:521} INFO - |kubernetes|      1|
[2025-08-14T08:53:04.815+0000] {spark_submit.py:521} INFO - |     azure|      2|
[2025-08-14T08:53:04.815+0000] {spark_submit.py:521} INFO - |     nosql|      3|
[2025-08-14T08:53:04.815+0000] {spark_submit.py:521} INFO - |  bigquery|      4|
[2025-08-14T08:53:04.816+0000] {spark_submit.py:521} INFO - |   graphql|      5|
[2025-08-14T08:53:04.816+0000] {spark_submit.py:521} INFO - |  zeppelin|      6|
[2025-08-14T08:53:04.816+0000] {spark_submit.py:521} INFO - |     hbase|      7|
[2025-08-14T08:53:04.816+0000] {spark_submit.py:521} INFO - |   pytorch|      8|
[2025-08-14T08:53:04.816+0000] {spark_submit.py:521} INFO - |       gcp|      9|
[2025-08-14T08:53:04.816+0000] {spark_submit.py:521} INFO - |       api|     10|
[2025-08-14T08:53:04.817+0000] {spark_submit.py:521} INFO - |tensorflow|     11|
[2025-08-14T08:53:04.817+0000] {spark_submit.py:521} INFO - |     kafka|     12|
[2025-08-14T08:53:04.817+0000] {spark_submit.py:521} INFO - |   mongodb|     13|
[2025-08-14T08:53:04.818+0000] {spark_submit.py:521} INFO - |    docker|     14|
[2025-08-14T08:53:04.818+0000] {spark_submit.py:521} INFO - | zookeeper|     15|
[2025-08-14T08:53:04.818+0000] {spark_submit.py:521} INFO - |javascript|     16|
[2025-08-14T08:53:04.819+0000] {spark_submit.py:521} INFO - |       sql|     17|
[2025-08-14T08:53:04.819+0000] {spark_submit.py:521} INFO - |       etl|     18|
[2025-08-14T08:53:04.819+0000] {spark_submit.py:521} INFO - |     scala|     19|
[2025-08-14T08:53:04.819+0000] {spark_submit.py:521} INFO - +----------+-------+
[2025-08-14T08:53:04.820+0000] {spark_submit.py:521} INFO - only showing top 20 rows
[2025-08-14T08:53:05.502+0000] {spark_submit.py:521} INFO - 25/08/14 08:53:05 INFO InMemoryFileIndex: It took 239 ms to list leaf files for 1 paths.
[2025-08-14T08:53:05.526+0000] {spark_submit.py:521} INFO - 25/08/14 08:53:05 INFO SparkContext: Starting job: parquet at NativeMethodAccessorImpl.java:0
[2025-08-14T08:53:05.527+0000] {spark_submit.py:521} INFO - 25/08/14 08:53:05 INFO DAGScheduler: Got job 10 (parquet at NativeMethodAccessorImpl.java:0) with 1 output partitions
[2025-08-14T08:53:05.527+0000] {spark_submit.py:521} INFO - 25/08/14 08:53:05 INFO DAGScheduler: Final stage: ResultStage 10 (parquet at NativeMethodAccessorImpl.java:0)
[2025-08-14T08:53:05.528+0000] {spark_submit.py:521} INFO - 25/08/14 08:53:05 INFO DAGScheduler: Parents of final stage: List()
[2025-08-14T08:53:05.529+0000] {spark_submit.py:521} INFO - 25/08/14 08:53:05 INFO DAGScheduler: Missing parents: List()
[2025-08-14T08:53:05.529+0000] {spark_submit.py:521} INFO - 25/08/14 08:53:05 INFO DAGScheduler: Submitting ResultStage 10 (MapPartitionsRDD[31] at parquet at NativeMethodAccessorImpl.java:0), which has no missing parents
[2025-08-14T08:53:05.534+0000] {spark_submit.py:521} INFO - 25/08/14 08:53:05 INFO MemoryStore: Block broadcast_15 stored as values in memory (estimated size 116.1 KiB, free 434.0 MiB)
[2025-08-14T08:53:05.541+0000] {spark_submit.py:521} INFO - 25/08/14 08:53:05 INFO MemoryStore: Block broadcast_15_piece0 stored as bytes in memory (estimated size 41.9 KiB, free 434.0 MiB)
[2025-08-14T08:53:05.542+0000] {spark_submit.py:521} INFO - 25/08/14 08:53:05 INFO SparkContext: Created broadcast 15 from broadcast at DAGScheduler.scala:1676
[2025-08-14T08:53:05.542+0000] {spark_submit.py:521} INFO - 25/08/14 08:53:05 INFO DAGScheduler: Submitting 1 missing tasks from ResultStage 10 (MapPartitionsRDD[31] at parquet at NativeMethodAccessorImpl.java:0) (first 15 tasks are for partitions Vector(0))
[2025-08-14T08:53:05.543+0000] {spark_submit.py:521} INFO - 25/08/14 08:53:05 INFO TaskSchedulerImpl: Adding task set 10.0 with 1 tasks resource profile 0
[2025-08-14T08:53:05.544+0000] {spark_submit.py:521} INFO - 25/08/14 08:53:05 INFO TaskSetManager: Starting task 0.0 in stage 10.0 (TID 10) (172.18.0.5,executor 0, partition 0, PROCESS_LOCAL, 10071 bytes)
[2025-08-14T08:53:05.953+0000] {spark_submit.py:521} INFO - 25/08/14 08:53:05 INFO TaskSetManager: Finished task 0.0 in stage 10.0 (TID 10) in 409 ms on 172.18.0.5 (executor 0) (1/1)
[2025-08-14T08:53:05.954+0000] {spark_submit.py:521} INFO - 25/08/14 08:53:05 INFO TaskSchedulerImpl: Removed TaskSet 10.0 whose tasks have all completed, from pool
[2025-08-14T08:53:05.954+0000] {spark_submit.py:521} INFO - 25/08/14 08:53:05 INFO DAGScheduler: ResultStage 10 (parquet at NativeMethodAccessorImpl.java:0) finished in 425 ms
[2025-08-14T08:53:05.955+0000] {spark_submit.py:521} INFO - 25/08/14 08:53:05 INFO DAGScheduler: Job 10 is finished. Cancelling potential speculative or zombie tasks for this job
[2025-08-14T08:53:05.955+0000] {spark_submit.py:521} INFO - 25/08/14 08:53:05 INFO TaskSchedulerImpl: Canceling stage 10
[2025-08-14T08:53:05.956+0000] {spark_submit.py:521} INFO - 25/08/14 08:53:05 INFO TaskSchedulerImpl: Killing all running tasks in stage 10: Stage finished
[2025-08-14T08:53:05.956+0000] {spark_submit.py:521} INFO - 25/08/14 08:53:05 INFO DAGScheduler: Job 10 finished: parquet at NativeMethodAccessorImpl.java:0, took 427.877684 ms
[2025-08-14T08:53:05.978+0000] {spark_submit.py:521} INFO - 25/08/14 08:53:05 INFO FileSourceStrategy: Pushed Filters:
[2025-08-14T08:53:05.979+0000] {spark_submit.py:521} INFO - 25/08/14 08:53:05 INFO FileSourceStrategy: Post-Scan Filters: Set()
[2025-08-14T08:53:06.023+0000] {spark_submit.py:521} INFO - 25/08/14 08:53:06 INFO CodeGenerator: Code generated in 22.793552 ms
[2025-08-14T08:53:06.028+0000] {spark_submit.py:521} INFO - 25/08/14 08:53:06 INFO MemoryStore: Block broadcast_16 stored as values in memory (estimated size 218.7 KiB, free 434.0 MiB)
[2025-08-14T08:53:06.041+0000] {spark_submit.py:521} INFO - 25/08/14 08:53:06 INFO MemoryStore: Block broadcast_16_piece0 stored as bytes in memory (estimated size 39.9 KiB, free 434.1 MiB)
[2025-08-14T08:53:06.043+0000] {spark_submit.py:521} INFO - 25/08/14 08:53:06 INFO SparkContext: Created broadcast 16 from showString at NativeMethodAccessorImpl.java:0
[2025-08-14T08:53:06.045+0000] {spark_submit.py:521} INFO - 25/08/14 08:53:06 INFO FileSourceScanExec: Planning scan with bin packing, max size: 4203556 bytes, open cost is considered as scanning 4194304 bytes.
[2025-08-14T08:53:06.054+0000] {spark_submit.py:521} INFO - 25/08/14 08:53:06 INFO SparkContext: Starting job: showString at NativeMethodAccessorImpl.java:0
[2025-08-14T08:53:06.055+0000] {spark_submit.py:521} INFO - 25/08/14 08:53:06 INFO DAGScheduler: Got job 11 (showString at NativeMethodAccessorImpl.java:0) with 1 output partitions
[2025-08-14T08:53:06.055+0000] {spark_submit.py:521} INFO - 25/08/14 08:53:06 INFO DAGScheduler: Final stage: ResultStage 11 (showString at NativeMethodAccessorImpl.java:0)
[2025-08-14T08:53:06.056+0000] {spark_submit.py:521} INFO - 25/08/14 08:53:06 INFO DAGScheduler: Parents of final stage: List()
[2025-08-14T08:53:06.056+0000] {spark_submit.py:521} INFO - 25/08/14 08:53:06 INFO DAGScheduler: Missing parents: List()
[2025-08-14T08:53:06.056+0000] {spark_submit.py:521} INFO - 25/08/14 08:53:06 INFO DAGScheduler: Submitting ResultStage 11 (MapPartitionsRDD[35] at showString at NativeMethodAccessorImpl.java:0), which has no missing parents
[2025-08-14T08:53:06.058+0000] {spark_submit.py:521} INFO - 25/08/14 08:53:06 INFO MemoryStore: Block broadcast_17 stored as values in memory (estimated size 21.7 KiB, free 434.1 MiB)
[2025-08-14T08:53:06.060+0000] {spark_submit.py:521} INFO - 25/08/14 08:53:06 INFO MemoryStore: Block broadcast_17_piece0 stored as bytes in memory (estimated size 8.0 KiB, free 434.1 MiB)
[2025-08-14T08:53:06.061+0000] {spark_submit.py:521} INFO - 25/08/14 08:53:06 INFO SparkContext: Created broadcast 17 from broadcast at DAGScheduler.scala:1676
[2025-08-14T08:53:06.062+0000] {spark_submit.py:521} INFO - 25/08/14 08:53:06 INFO DAGScheduler: Submitting 1 missing tasks from ResultStage 11 (MapPartitionsRDD[35] at showString at NativeMethodAccessorImpl.java:0) (first 15 tasks are for partitions Vector(0))
[2025-08-14T08:53:06.065+0000] {spark_submit.py:521} INFO - 25/08/14 08:53:06 INFO TaskSchedulerImpl: Adding task set 11.0 with 1 tasks resource profile 0
[2025-08-14T08:53:06.070+0000] {spark_submit.py:521} INFO - 25/08/14 08:53:06 INFO TaskSetManager: Starting task 0.0 in stage 11.0 (TID 11) (172.18.0.5,executor 0, partition 0, PROCESS_LOCAL, 10512 bytes)
[2025-08-14T08:53:07.193+0000] {spark_submit.py:521} INFO - 25/08/14 08:53:07 INFO TaskSetManager: Finished task 0.0 in stage 11.0 (TID 11) in 1129 ms on 172.18.0.5 (executor 0) (1/1)
[2025-08-14T08:53:07.193+0000] {spark_submit.py:521} INFO - 25/08/14 08:53:07 INFO TaskSchedulerImpl: Removed TaskSet 11.0 whose tasks have all completed, from pool
[2025-08-14T08:53:07.194+0000] {spark_submit.py:521} INFO - 25/08/14 08:53:07 INFO DAGScheduler: ResultStage 11 (showString at NativeMethodAccessorImpl.java:0) finished in 1137 ms
[2025-08-14T08:53:07.195+0000] {spark_submit.py:521} INFO - 25/08/14 08:53:07 INFO DAGScheduler: Job 11 is finished. Cancelling potential speculative or zombie tasks for this job
[2025-08-14T08:53:07.195+0000] {spark_submit.py:521} INFO - 25/08/14 08:53:07 INFO TaskSchedulerImpl: Canceling stage 11
[2025-08-14T08:53:07.195+0000] {spark_submit.py:521} INFO - 25/08/14 08:53:07 INFO TaskSchedulerImpl: Killing all running tasks in stage 11: Stage finished
[2025-08-14T08:53:07.196+0000] {spark_submit.py:521} INFO - 25/08/14 08:53:07 INFO DAGScheduler: Job 11 finished: showString at NativeMethodAccessorImpl.java:0, took 1139.846978 ms
[2025-08-14T08:53:07.256+0000] {spark_submit.py:521} INFO - 25/08/14 08:53:07 INFO CodeGenerator: Code generated in 55.583229 ms
[2025-08-14T08:53:07.291+0000] {spark_submit.py:521} INFO - +------------+---------+-------------+----------+----------+------------+------------+---+------------+
[2025-08-14T08:53:07.292+0000] {spark_submit.py:521} INFO - |JobPostingID|CompanyID|JobPositionID|    DateID|WorkFormID|   MinSalary|   MaxSalary|YOE|NumOfRecruit|
[2025-08-14T08:53:07.293+0000] {spark_submit.py:521} INFO - +------------+---------+-------------+----------+----------+------------+------------+---+------------+
[2025-08-14T08:53:07.293+0000] {spark_submit.py:521} INFO - |  1591747768|      269|          489|2025-07-17|         0|        NULL|        NULL|3.0|         1.0|
[2025-08-14T08:53:07.294+0000] {spark_submit.py:521} INFO - |  1591747768|       67|          489|2025-07-17|         0|        NULL|        NULL|3.0|         1.0|
[2025-08-14T08:53:07.294+0000] {spark_submit.py:521} INFO - |  -955648993|      123|          159|2025-07-10|         0|        NULL|        NULL|2.0|         2.0|
[2025-08-14T08:53:07.294+0000] {spark_submit.py:521} INFO - |  -216656590|      123|           50|2025-07-10|         0|    16100000|    20700000|1.0|         2.0|
[2025-08-14T08:53:07.295+0000] {spark_submit.py:521} INFO - |  1948129055|      356|          171|2025-07-13|         0|    33600000|    43200000|2.0|        NULL|
[2025-08-14T08:53:07.295+0000] {spark_submit.py:521} INFO - |  1948129055|      238|          171|2025-07-13|         0|    33600000|    43200000|2.0|        NULL|
[2025-08-14T08:53:07.296+0000] {spark_submit.py:521} INFO - |  1948129055|      234|          171|2025-07-13|         0|    33600000|    43200000|2.0|        NULL|
[2025-08-14T08:53:07.298+0000] {spark_submit.py:521} INFO - |  1948129055|      207|          171|2025-07-13|         0|    33600000|    43200000|2.0|        NULL|
[2025-08-14T08:53:07.299+0000] {spark_submit.py:521} INFO - |  1948129055|      146|          171|2025-07-13|         0|    33600000|    43200000|2.0|        NULL|
[2025-08-14T08:53:07.301+0000] {spark_submit.py:521} INFO - |  1948129055|       73|          171|2025-07-13|         0|    33600000|    43200000|2.0|        NULL|
[2025-08-14T08:53:07.302+0000] {spark_submit.py:521} INFO - |  -453072155|      295|          492|2025-07-11|         0|312000000000|432000000000|0.0|        NULL|
[2025-08-14T08:53:07.303+0000] {spark_submit.py:521} INFO - |   129421535|      365|          490|2025-07-11|         0|        NULL|        NULL|0.0|         2.0|
[2025-08-14T08:53:07.305+0000] {spark_submit.py:521} INFO - |   129421535|      336|          490|2025-07-11|         0|        NULL|        NULL|0.0|         2.0|
[2025-08-14T08:53:07.306+0000] {spark_submit.py:521} INFO - |   129421535|      335|          490|2025-07-11|         0|        NULL|        NULL|0.0|         2.0|
[2025-08-14T08:53:07.308+0000] {spark_submit.py:521} INFO - |   129421535|       68|          490|2025-07-11|         0|        NULL|        NULL|0.0|         2.0|
[2025-08-14T08:53:07.308+0000] {spark_submit.py:521} INFO - |   854405850|      331|          129|2025-07-31|         0|    45600000|    56400000|0.0|        NULL|
[2025-08-14T08:53:07.309+0000] {spark_submit.py:521} INFO - |  1218964970|      179|           44|2025-07-21|         0|        NULL|        NULL|3.0|         1.0|
[2025-08-14T08:53:07.310+0000] {spark_submit.py:521} INFO - |  -799894113|      423|          248|2025-07-23|         0|        NULL|        NULL|2.0|        NULL|
[2025-08-14T08:53:07.311+0000] {spark_submit.py:521} INFO - |  1058504255|      299|          399|2025-07-09|         0|    25000000|    35000000|5.0|         1.0|
[2025-08-14T08:53:07.313+0000] {spark_submit.py:521} INFO - |  -122361324|      187|          365|2025-07-23|         0|    48000000|    84000000|2.0|        NULL|
[2025-08-14T08:53:07.313+0000] {spark_submit.py:521} INFO - +------------+---------+-------------+----------+----------+------------+------------+---+------------+
[2025-08-14T08:53:07.314+0000] {spark_submit.py:521} INFO - only showing top 20 rows
[2025-08-14T08:53:07.994+0000] {spark_submit.py:521} INFO - 25/08/14 08:53:07 INFO InMemoryFileIndex: It took 240 ms to list leaf files for 1 paths.
[2025-08-14T08:53:08.041+0000] {spark_submit.py:521} INFO - 25/08/14 08:53:08 INFO SparkContext: Starting job: parquet at NativeMethodAccessorImpl.java:0
[2025-08-14T08:53:08.042+0000] {spark_submit.py:521} INFO - 25/08/14 08:53:08 INFO DAGScheduler: Got job 12 (parquet at NativeMethodAccessorImpl.java:0) with 1 output partitions
[2025-08-14T08:53:08.042+0000] {spark_submit.py:521} INFO - 25/08/14 08:53:08 INFO DAGScheduler: Final stage: ResultStage 12 (parquet at NativeMethodAccessorImpl.java:0)
[2025-08-14T08:53:08.043+0000] {spark_submit.py:521} INFO - 25/08/14 08:53:08 INFO DAGScheduler: Parents of final stage: List()
[2025-08-14T08:53:08.043+0000] {spark_submit.py:521} INFO - 25/08/14 08:53:08 INFO DAGScheduler: Missing parents: List()
[2025-08-14T08:53:08.043+0000] {spark_submit.py:521} INFO - 25/08/14 08:53:08 INFO DAGScheduler: Submitting ResultStage 12 (MapPartitionsRDD[37] at parquet at NativeMethodAccessorImpl.java:0), which has no missing parents
[2025-08-14T08:53:08.048+0000] {spark_submit.py:521} INFO - 25/08/14 08:53:08 INFO MemoryStore: Block broadcast_18 stored as values in memory (estimated size 116.1 KiB, free 434.0 MiB)
[2025-08-14T08:53:08.059+0000] {spark_submit.py:521} INFO - 25/08/14 08:53:08 INFO MemoryStore: Block broadcast_18_piece0 stored as bytes in memory (estimated size 41.9 KiB, free 434.0 MiB)
[2025-08-14T08:53:08.061+0000] {spark_submit.py:521} INFO - 25/08/14 08:53:08 INFO SparkContext: Created broadcast 18 from broadcast at DAGScheduler.scala:1676
[2025-08-14T08:53:08.062+0000] {spark_submit.py:521} INFO - 25/08/14 08:53:08 INFO DAGScheduler: Submitting 1 missing tasks from ResultStage 12 (MapPartitionsRDD[37] at parquet at NativeMethodAccessorImpl.java:0) (first 15 tasks are for partitions Vector(0))
[2025-08-14T08:53:08.063+0000] {spark_submit.py:521} INFO - 25/08/14 08:53:08 INFO TaskSchedulerImpl: Adding task set 12.0 with 1 tasks resource profile 0
[2025-08-14T08:53:08.064+0000] {spark_submit.py:521} INFO - 25/08/14 08:53:08 INFO TaskSetManager: Starting task 0.0 in stage 12.0 (TID 12) (172.18.0.5,executor 0, partition 0, PROCESS_LOCAL, 10081 bytes)
[2025-08-14T08:53:08.383+0000] {spark_submit.py:521} INFO - 25/08/14 08:53:08 INFO TaskSetManager: Finished task 0.0 in stage 12.0 (TID 12) in 320 ms on 172.18.0.5 (executor 0) (1/1)
[2025-08-14T08:53:08.384+0000] {spark_submit.py:521} INFO - 25/08/14 08:53:08 INFO TaskSchedulerImpl: Removed TaskSet 12.0 whose tasks have all completed, from pool
[2025-08-14T08:53:08.384+0000] {spark_submit.py:521} INFO - 25/08/14 08:53:08 INFO DAGScheduler: ResultStage 12 (parquet at NativeMethodAccessorImpl.java:0) finished in 341 ms
[2025-08-14T08:53:08.385+0000] {spark_submit.py:521} INFO - 25/08/14 08:53:08 INFO DAGScheduler: Job 12 is finished. Cancelling potential speculative or zombie tasks for this job
[2025-08-14T08:53:08.385+0000] {spark_submit.py:521} INFO - 25/08/14 08:53:08 INFO TaskSchedulerImpl: Canceling stage 12
[2025-08-14T08:53:08.385+0000] {spark_submit.py:521} INFO - 25/08/14 08:53:08 INFO TaskSchedulerImpl: Killing all running tasks in stage 12: Stage finished
[2025-08-14T08:53:08.386+0000] {spark_submit.py:521} INFO - 25/08/14 08:53:08 INFO DAGScheduler: Job 12 finished: parquet at NativeMethodAccessorImpl.java:0, took 343.615661 ms
[2025-08-14T08:53:08.399+0000] {spark_submit.py:521} INFO - 25/08/14 08:53:08 INFO FileSourceStrategy: Pushed Filters:
[2025-08-14T08:53:08.400+0000] {spark_submit.py:521} INFO - 25/08/14 08:53:08 INFO FileSourceStrategy: Post-Scan Filters: Set()
[2025-08-14T08:53:08.416+0000] {spark_submit.py:521} INFO - 25/08/14 08:53:08 INFO CodeGenerator: Code generated in 8.518004 ms
[2025-08-14T08:53:08.420+0000] {spark_submit.py:521} INFO - 25/08/14 08:53:08 INFO MemoryStore: Block broadcast_19 stored as values in memory (estimated size 217.8 KiB, free 434.0 MiB)
[2025-08-14T08:53:08.434+0000] {spark_submit.py:521} INFO - 25/08/14 08:53:08 INFO MemoryStore: Block broadcast_19_piece0 stored as bytes in memory (estimated size 39.8 KiB, free 434.1 MiB)
[2025-08-14T08:53:08.437+0000] {spark_submit.py:521} INFO - 25/08/14 08:53:08 INFO SparkContext: Created broadcast 19 from showString at NativeMethodAccessorImpl.java:0
[2025-08-14T08:53:08.438+0000] {spark_submit.py:521} INFO - 25/08/14 08:53:08 INFO FileSourceScanExec: Planning scan with bin packing, max size: 4194304 bytes, open cost is considered as scanning 4194304 bytes.
[2025-08-14T08:53:08.445+0000] {spark_submit.py:521} INFO - 25/08/14 08:53:08 INFO SparkContext: Starting job: showString at NativeMethodAccessorImpl.java:0
[2025-08-14T08:53:08.447+0000] {spark_submit.py:521} INFO - 25/08/14 08:53:08 INFO DAGScheduler: Got job 13 (showString at NativeMethodAccessorImpl.java:0) with 1 output partitions
[2025-08-14T08:53:08.447+0000] {spark_submit.py:521} INFO - 25/08/14 08:53:08 INFO DAGScheduler: Final stage: ResultStage 13 (showString at NativeMethodAccessorImpl.java:0)
[2025-08-14T08:53:08.448+0000] {spark_submit.py:521} INFO - 25/08/14 08:53:08 INFO DAGScheduler: Parents of final stage: List()
[2025-08-14T08:53:08.448+0000] {spark_submit.py:521} INFO - 25/08/14 08:53:08 INFO DAGScheduler: Missing parents: List()
[2025-08-14T08:53:08.449+0000] {spark_submit.py:521} INFO - 25/08/14 08:53:08 INFO DAGScheduler: Submitting ResultStage 13 (MapPartitionsRDD[41] at showString at NativeMethodAccessorImpl.java:0), which has no missing parents
[2025-08-14T08:53:08.452+0000] {spark_submit.py:521} INFO - 25/08/14 08:53:08 INFO MemoryStore: Block broadcast_20 stored as values in memory (estimated size 15.8 KiB, free 434.1 MiB)
[2025-08-14T08:53:08.458+0000] {spark_submit.py:521} INFO - 25/08/14 08:53:08 INFO MemoryStore: Block broadcast_20_piece0 stored as bytes in memory (estimated size 6.8 KiB, free 434.1 MiB)
[2025-08-14T08:53:08.461+0000] {spark_submit.py:521} INFO - 25/08/14 08:53:08 INFO SparkContext: Created broadcast 20 from broadcast at DAGScheduler.scala:1676
[2025-08-14T08:53:08.462+0000] {spark_submit.py:521} INFO - 25/08/14 08:53:08 INFO DAGScheduler: Submitting 1 missing tasks from ResultStage 13 (MapPartitionsRDD[41] at showString at NativeMethodAccessorImpl.java:0) (first 15 tasks are for partitions Vector(0))
[2025-08-14T08:53:08.463+0000] {spark_submit.py:521} INFO - 25/08/14 08:53:08 INFO TaskSchedulerImpl: Adding task set 13.0 with 1 tasks resource profile 0
[2025-08-14T08:53:08.465+0000] {spark_submit.py:521} INFO - 25/08/14 08:53:08 INFO TaskSetManager: Starting task 0.0 in stage 13.0 (TID 13) (172.18.0.5,executor 0, partition 0, PROCESS_LOCAL, 10522 bytes)
[2025-08-14T08:53:09.155+0000] {spark_submit.py:521} INFO - 25/08/14 08:53:09 INFO TaskSetManager: Finished task 0.0 in stage 13.0 (TID 13) in 691 ms on 172.18.0.5 (executor 0) (1/1)
[2025-08-14T08:53:09.157+0000] {spark_submit.py:521} INFO - 25/08/14 08:53:09 INFO TaskSchedulerImpl: Removed TaskSet 13.0 whose tasks have all completed, from pool
[2025-08-14T08:53:09.158+0000] {spark_submit.py:521} INFO - 25/08/14 08:53:09 INFO DAGScheduler: ResultStage 13 (showString at NativeMethodAccessorImpl.java:0) finished in 708 ms
[2025-08-14T08:53:09.158+0000] {spark_submit.py:521} INFO - 25/08/14 08:53:09 INFO DAGScheduler: Job 13 is finished. Cancelling potential speculative or zombie tasks for this job
[2025-08-14T08:53:09.159+0000] {spark_submit.py:521} INFO - 25/08/14 08:53:09 INFO TaskSchedulerImpl: Canceling stage 13
[2025-08-14T08:53:09.159+0000] {spark_submit.py:521} INFO - 25/08/14 08:53:09 INFO TaskSchedulerImpl: Killing all running tasks in stage 13: Stage finished
[2025-08-14T08:53:09.159+0000] {spark_submit.py:521} INFO - 25/08/14 08:53:09 INFO DAGScheduler: Job 13 finished: showString at NativeMethodAccessorImpl.java:0, took 711.616298 ms
[2025-08-14T08:53:09.164+0000] {spark_submit.py:521} INFO - +------------+-------+
[2025-08-14T08:53:09.165+0000] {spark_submit.py:521} INFO - |JobPostingID|SkillID|
[2025-08-14T08:53:09.166+0000] {spark_submit.py:521} INFO - +------------+-------+
[2025-08-14T08:53:09.166+0000] {spark_submit.py:521} INFO - |   120126255|      4|
[2025-08-14T08:53:09.166+0000] {spark_submit.py:521} INFO - |   932517164|      3|
[2025-08-14T08:53:09.166+0000] {spark_submit.py:521} INFO - |   212272333|     28|
[2025-08-14T08:53:09.166+0000] {spark_submit.py:521} INFO - |  -579336316|     18|
[2025-08-14T08:53:09.167+0000] {spark_submit.py:521} INFO - |   120126255|      8|
[2025-08-14T08:53:09.167+0000] {spark_submit.py:521} INFO - |   346540700|      9|
[2025-08-14T08:53:09.167+0000] {spark_submit.py:521} INFO - |   120126255|     27|
[2025-08-14T08:53:09.167+0000] {spark_submit.py:521} INFO - |  2044435651|     28|
[2025-08-14T08:53:09.168+0000] {spark_submit.py:521} INFO - |   346540700|     19|
[2025-08-14T08:53:09.168+0000] {spark_submit.py:521} INFO - |   -52885231|     21|
[2025-08-14T08:53:09.168+0000] {spark_submit.py:521} INFO - |  1132858178|      9|
[2025-08-14T08:53:09.169+0000] {spark_submit.py:521} INFO - |  2044435651|     26|
[2025-08-14T08:53:09.169+0000] {spark_submit.py:521} INFO - |  1933646887|     18|
[2025-08-14T08:53:09.169+0000] {spark_submit.py:521} INFO - |  -696857770|     18|
[2025-08-14T08:53:09.169+0000] {spark_submit.py:521} INFO - |  1116095651|     31|
[2025-08-14T08:53:09.170+0000] {spark_submit.py:521} INFO - |   -30951813|     32|
[2025-08-14T08:53:09.170+0000] {spark_submit.py:521} INFO - |  -579336316|     23|
[2025-08-14T08:53:09.170+0000] {spark_submit.py:521} INFO - |   -52885231|     22|
[2025-08-14T08:53:09.171+0000] {spark_submit.py:521} INFO - |  1914137494|     15|
[2025-08-14T08:53:09.171+0000] {spark_submit.py:521} INFO - |   346540700|     28|
[2025-08-14T08:53:09.171+0000] {spark_submit.py:521} INFO - +------------+-------+
[2025-08-14T08:53:09.172+0000] {spark_submit.py:521} INFO - only showing top 20 rows
[2025-08-14T08:53:09.172+0000] {spark_submit.py:521} INFO - 25/08/14 08:53:09 INFO SparkContext: SparkContext is stopping with exitCode 0 from stop at NativeMethodAccessorImpl.java:0.
[2025-08-14T08:53:09.181+0000] {spark_submit.py:521} INFO - 25/08/14 08:53:09 INFO SparkUI: Stopped Spark web UI at http://20bdaa41dd93:4040
[2025-08-14T08:53:09.184+0000] {spark_submit.py:521} INFO - 25/08/14 08:53:09 INFO StandaloneSchedulerBackend: Shutting down all executors
[2025-08-14T08:53:09.185+0000] {spark_submit.py:521} INFO - 25/08/14 08:53:09 INFO StandaloneSchedulerBackend$StandaloneDriverEndpoint: Asking each executor to shut down
[2025-08-14T08:53:09.207+0000] {spark_submit.py:521} INFO - 25/08/14 08:53:09 INFO MapOutputTrackerMasterEndpoint: MapOutputTrackerMasterEndpoint stopped!
[2025-08-14T08:53:09.256+0000] {spark_submit.py:521} INFO - 25/08/14 08:53:09 INFO MemoryStore: MemoryStore cleared
[2025-08-14T08:53:09.257+0000] {spark_submit.py:521} INFO - 25/08/14 08:53:09 INFO BlockManager: BlockManager stopped
[2025-08-14T08:53:09.262+0000] {spark_submit.py:521} INFO - 25/08/14 08:53:09 INFO BlockManagerMaster: BlockManagerMaster stopped
[2025-08-14T08:53:09.266+0000] {spark_submit.py:521} INFO - 25/08/14 08:53:09 INFO OutputCommitCoordinator$OutputCommitCoordinatorEndpoint: OutputCommitCoordinator stopped!
[2025-08-14T08:53:09.293+0000] {spark_submit.py:521} INFO - 25/08/14 08:53:09 INFO SparkContext: Successfully stopped SparkContext
[2025-08-14T08:53:09.591+0000] {spark_submit.py:521} INFO - 25/08/14 08:53:09 INFO ShutdownHookManager: Shutdown hook called
[2025-08-14T08:53:09.592+0000] {spark_submit.py:521} INFO - 25/08/14 08:53:09 INFO ShutdownHookManager: Deleting directory /tmp/spark-8e352269-21b9-4093-88e5-8f42a4cab8ef
[2025-08-14T08:53:09.604+0000] {spark_submit.py:521} INFO - 25/08/14 08:53:09 INFO ShutdownHookManager: Deleting directory /opt/***/artifacts/spark-2abdbe7a-c6bb-4bc7-8c88-70692ca4f210
[2025-08-14T08:53:09.617+0000] {spark_submit.py:521} INFO - 25/08/14 08:53:09 INFO ShutdownHookManager: Deleting directory /tmp/spark-8e352269-21b9-4093-88e5-8f42a4cab8ef/pyspark-a0554b31-c07c-4613-a007-73dfe4b73f50
[2025-08-14T08:53:09.626+0000] {spark_submit.py:521} INFO - 25/08/14 08:53:09 INFO ShutdownHookManager: Deleting directory /tmp/spark-f4af06c8-4a9a-437d-8f10-d6f3a009fa4d
[2025-08-14T08:53:09.681+0000] {taskinstance.py:441} INFO - ::group::Post task execution logs
[2025-08-14T08:53:09.729+0000] {taskinstance.py:1206} INFO - Marking task as SUCCESS. dag_id=spark_transform_pipeline, task_id=silver_topcv_transform, run_id=manual__2025-08-14T08:52:23.786452+00:00, execution_date=20250814T085223, start_date=20250814T085228, end_date=20250814T085309
[2025-08-14T08:53:09.835+0000] {local_task_job_runner.py:240} INFO - Task exited with return code 0
[2025-08-14T08:53:09.990+0000] {taskinstance.py:3498} INFO - 0 downstream tasks scheduled from follow-on schedule check
[2025-08-14T08:53:10.007+0000] {local_task_job_runner.py:222} INFO - ::endgroup::
