[2025-09-09T16:02:03.369+0000] {local_task_job_runner.py:120} INFO - ::group::Pre task execution logs
[2025-09-09T16:02:03.412+0000] {taskinstance.py:2076} INFO - Dependencies all met for dep_context=non-requeueable deps ti=<TaskInstance: spark_transform_pipeline.silver_group.silver_topcv_transform manual__2025-09-09T16:01:56.449781+00:00 [queued]>
[2025-09-09T16:02:03.420+0000] {taskinstance.py:2076} INFO - Dependencies all met for dep_context=requeueable deps ti=<TaskInstance: spark_transform_pipeline.silver_group.silver_topcv_transform manual__2025-09-09T16:01:56.449781+00:00 [queued]>
[2025-09-09T16:02:03.421+0000] {taskinstance.py:2306} INFO - Starting attempt 1 of 1
[2025-09-09T16:02:03.432+0000] {taskinstance.py:2330} INFO - Executing <Task(SparkSubmitOperator): silver_group.silver_topcv_transform> on 2025-09-09 16:01:56.449781+00:00
[2025-09-09T16:02:03.439+0000] {standard_task_runner.py:63} INFO - Started process 3352 to run task
[2025-09-09T16:02:03.442+0000] {standard_task_runner.py:90} INFO - Running: ['***', 'tasks', 'run', 'spark_transform_pipeline', 'silver_group.silver_topcv_transform', 'manual__2025-09-09T16:01:56.449781+00:00', '--job-id', '126', '--raw', '--subdir', 'DAGS_FOLDER/etl_jobs_dag.py', '--cfg-path', '/tmp/tmp5mxfwazf']
[2025-09-09T16:02:03.445+0000] {standard_task_runner.py:91} INFO - Job 126: Subtask silver_group.silver_topcv_transform
[2025-09-09T16:02:03.494+0000] {task_command.py:426} INFO - Running <TaskInstance: spark_transform_pipeline.silver_group.silver_topcv_transform manual__2025-09-09T16:01:56.449781+00:00 [running]> on host 118acb478e13
[2025-09-09T16:02:03.594+0000] {taskinstance.py:2648} INFO - Exporting env vars: AIRFLOW_CTX_DAG_OWNER='***' AIRFLOW_CTX_DAG_ID='spark_transform_pipeline' AIRFLOW_CTX_TASK_ID='silver_group.silver_topcv_transform' AIRFLOW_CTX_EXECUTION_DATE='2025-09-09T16:01:56.449781+00:00' AIRFLOW_CTX_TRY_NUMBER='1' AIRFLOW_CTX_DAG_RUN_ID='manual__2025-09-09T16:01:56.449781+00:00'
[2025-09-09T16:02:03.596+0000] {taskinstance.py:430} INFO - ::endgroup::
[2025-09-09T16:02:03.640+0000] {base.py:84} INFO - Using connection ID 'spark_default' for task execution.
[2025-09-09T16:02:03.642+0000] {spark_submit.py:351} INFO - Spark-Submit cmd: spark-submit --master spark://spark-master:7077 --conf spark.master=spark://spark-master:7077 --conf spark.hadoop.fs.s3a.impl=org.apache.hadoop.fs.s3a.S3AFileSystem --conf spark.hadoop.fs.s3a.endpoint=http://minio:9000 --conf spark.hadoop.fs.s3a.access.key=minio --conf spark.hadoop.fs.s3a.secret.key=****** --conf spark.hadoop.fs.s3a.path.style.access=true --conf spark.hadoop.fs.s3a.connection.ssl.enabled=false --packages org.apache.hadoop:hadoop-aws:3.4.1,software.amazon.awssdk:bundle:2.20.15 --name arrow-spark --verbose /opt/spark-jobs/elt/transform/silver_topcv_transform.py
[2025-09-09T16:02:05.005+0000] {spark_submit.py:521} INFO - WARNING: Using incubator modules: jdk.incubator.vector
[2025-09-09T16:02:07.224+0000] {spark_submit.py:521} INFO - Parsed arguments:
[2025-09-09T16:02:07.232+0000] {spark_submit.py:521} INFO - master                  spark://spark-master:7077
[2025-09-09T16:02:07.233+0000] {spark_submit.py:521} INFO - remote                  null
[2025-09-09T16:02:07.233+0000] {spark_submit.py:521} INFO - deployMode              null
[2025-09-09T16:02:07.234+0000] {spark_submit.py:521} INFO - executorMemory          null
[2025-09-09T16:02:07.234+0000] {spark_submit.py:521} INFO - executorCores           null
[2025-09-09T16:02:07.234+0000] {spark_submit.py:521} INFO - totalExecutorCores      null
[2025-09-09T16:02:07.236+0000] {spark_submit.py:521} INFO - propertiesFile          null
[2025-09-09T16:02:07.236+0000] {spark_submit.py:521} INFO - driverMemory            null
[2025-09-09T16:02:07.237+0000] {spark_submit.py:521} INFO - driverCores             null
[2025-09-09T16:02:07.237+0000] {spark_submit.py:521} INFO - driverExtraClassPath    null
[2025-09-09T16:02:07.238+0000] {spark_submit.py:521} INFO - driverExtraLibraryPath  null
[2025-09-09T16:02:07.238+0000] {spark_submit.py:521} INFO - driverExtraJavaOptions  null
[2025-09-09T16:02:07.238+0000] {spark_submit.py:521} INFO - supervise               false
[2025-09-09T16:02:07.239+0000] {spark_submit.py:521} INFO - queue                   null
[2025-09-09T16:02:07.239+0000] {spark_submit.py:521} INFO - numExecutors            null
[2025-09-09T16:02:07.239+0000] {spark_submit.py:521} INFO - files                   null
[2025-09-09T16:02:07.240+0000] {spark_submit.py:521} INFO - pyFiles                 null
[2025-09-09T16:02:07.240+0000] {spark_submit.py:521} INFO - archives                null
[2025-09-09T16:02:07.240+0000] {spark_submit.py:521} INFO - mainClass               null
[2025-09-09T16:02:07.240+0000] {spark_submit.py:521} INFO - primaryResource         file:/opt/spark-jobs/elt/transform/silver_topcv_transform.py
[2025-09-09T16:02:07.241+0000] {spark_submit.py:521} INFO - name                    arrow-spark
[2025-09-09T16:02:07.241+0000] {spark_submit.py:521} INFO - childArgs               []
[2025-09-09T16:02:07.241+0000] {spark_submit.py:521} INFO - jars                    null
[2025-09-09T16:02:07.242+0000] {spark_submit.py:521} INFO - packages                org.apache.hadoop:hadoop-aws:3.4.1,software.amazon.awssdk:bundle:2.20.15
[2025-09-09T16:02:07.244+0000] {spark_submit.py:521} INFO - packagesExclusions      null
[2025-09-09T16:02:07.245+0000] {spark_submit.py:521} INFO - repositories            null
[2025-09-09T16:02:07.246+0000] {spark_submit.py:521} INFO - verbose                 true
[2025-09-09T16:02:07.247+0000] {spark_submit.py:521} INFO - 
[2025-09-09T16:02:07.247+0000] {spark_submit.py:521} INFO - Spark properties used, including those specified through
[2025-09-09T16:02:07.248+0000] {spark_submit.py:521} INFO - --conf and those from the properties file null:
[2025-09-09T16:02:07.255+0000] {spark_submit.py:521} INFO - (spark.hadoop.fs.s3a.access.key,*********(redacted))
[2025-09-09T16:02:07.256+0000] {spark_submit.py:521} INFO - (spark.hadoop.fs.s3a.connection.ssl.enabled,false)
[2025-09-09T16:02:07.257+0000] {spark_submit.py:521} INFO - (spark.hadoop.fs.s3a.endpoint,http://minio:9000)
[2025-09-09T16:02:07.258+0000] {spark_submit.py:521} INFO - (spark.hadoop.fs.s3a.impl,org.apache.hadoop.fs.s3a.S3AFileSystem)
[2025-09-09T16:02:07.263+0000] {spark_submit.py:521} INFO - (spark.hadoop.fs.s3a.path.style.access,true)
[2025-09-09T16:02:07.263+0000] {spark_submit.py:521} INFO - (spark.hadoop.fs.s3a.secret.key,*********(redacted))
[2025-09-09T16:02:07.264+0000] {spark_submit.py:521} INFO - (spark.master,spark://spark-master:7077)
[2025-09-09T16:02:07.264+0000] {spark_submit.py:521} INFO - 
[2025-09-09T16:02:07.264+0000] {spark_submit.py:521} INFO - 
[2025-09-09T16:02:07.463+0000] {spark_submit.py:521} INFO - :: loading settings :: url = jar:file:/home/***/.local/lib/python3.11/site-packages/pyspark/jars/ivy-2.5.3.jar!/org/apache/ivy/core/settings/ivysettings.xml
[2025-09-09T16:02:07.643+0000] {spark_submit.py:521} INFO - Ivy Default Cache set to: /home/***/.ivy2.5.2/cache
[2025-09-09T16:02:07.646+0000] {spark_submit.py:521} INFO - The jars for the packages stored in: /home/***/.ivy2.5.2/jars
[2025-09-09T16:02:07.659+0000] {spark_submit.py:521} INFO - org.apache.hadoop#hadoop-aws added as a dependency
[2025-09-09T16:02:07.662+0000] {spark_submit.py:521} INFO - software.amazon.awssdk#bundle added as a dependency
[2025-09-09T16:02:07.664+0000] {spark_submit.py:521} INFO - :: resolving dependencies :: org.apache.spark#spark-submit-parent-931b808d-bacd-442c-a499-01ba33a0e712;1.0
[2025-09-09T16:02:07.665+0000] {spark_submit.py:521} INFO - confs: [default]
[2025-09-09T16:02:07.982+0000] {spark_submit.py:521} INFO - found org.apache.hadoop#hadoop-aws;3.4.1 in central
[2025-09-09T16:02:08.028+0000] {spark_submit.py:521} INFO - found software.amazon.awssdk#bundle;2.24.6 in central
[2025-09-09T16:02:08.075+0000] {spark_submit.py:521} INFO - found org.wildfly.openssl#wildfly-openssl;1.1.3.Final in central
[2025-09-09T16:02:08.133+0000] {spark_submit.py:521} INFO - :: resolution report :: resolve 449ms :: artifacts dl 21ms
[2025-09-09T16:02:08.137+0000] {spark_submit.py:521} INFO - :: modules in use:
[2025-09-09T16:02:08.138+0000] {spark_submit.py:521} INFO - org.apache.hadoop#hadoop-aws;3.4.1 from central in [default]
[2025-09-09T16:02:08.139+0000] {spark_submit.py:521} INFO - org.wildfly.openssl#wildfly-openssl;1.1.3.Final from central in [default]
[2025-09-09T16:02:08.139+0000] {spark_submit.py:521} INFO - software.amazon.awssdk#bundle;2.24.6 from central in [default]
[2025-09-09T16:02:08.140+0000] {spark_submit.py:521} INFO - :: evicted modules:
[2025-09-09T16:02:08.140+0000] {spark_submit.py:521} INFO - software.amazon.awssdk#bundle;2.20.15 by [software.amazon.awssdk#bundle;2.24.6] in [default]
[2025-09-09T16:02:08.140+0000] {spark_submit.py:521} INFO - ---------------------------------------------------------------------
[2025-09-09T16:02:08.141+0000] {spark_submit.py:521} INFO - |                  |            modules            ||   artifacts   |
[2025-09-09T16:02:08.141+0000] {spark_submit.py:521} INFO - |       conf       | number| search|dwnlded|evicted|| number|dwnlded|
[2025-09-09T16:02:08.141+0000] {spark_submit.py:521} INFO - ---------------------------------------------------------------------
[2025-09-09T16:02:08.145+0000] {spark_submit.py:521} INFO - |      default     |   4   |   0   |   0   |   1   ||   3   |   0   |
[2025-09-09T16:02:08.146+0000] {spark_submit.py:521} INFO - ---------------------------------------------------------------------
[2025-09-09T16:02:08.147+0000] {spark_submit.py:521} INFO - :: retrieving :: org.apache.spark#spark-submit-parent-931b808d-bacd-442c-a499-01ba33a0e712
[2025-09-09T16:02:08.148+0000] {spark_submit.py:521} INFO - confs: [default]
[2025-09-09T16:02:08.158+0000] {spark_submit.py:521} INFO - 0 artifacts copied, 3 already retrieved (0kB/11ms)
[2025-09-09T16:02:08.677+0000] {spark_submit.py:521} INFO - 25/09/09 16:02:08 WARN NativeCodeLoader: Unable to load native-hadoop library for your platform... using builtin-java classes where applicable
[2025-09-09T16:02:08.889+0000] {spark_submit.py:521} INFO - Main class:
[2025-09-09T16:02:08.890+0000] {spark_submit.py:521} INFO - org.apache.spark.deploy.PythonRunner
[2025-09-09T16:02:08.891+0000] {spark_submit.py:521} INFO - Arguments:
[2025-09-09T16:02:08.891+0000] {spark_submit.py:521} INFO - file:/opt/spark-jobs/elt/transform/silver_topcv_transform.py
[2025-09-09T16:02:08.891+0000] {spark_submit.py:521} INFO - file:///home/***/.ivy2.5.2/jars/org.apache.hadoop_hadoop-aws-3.4.1.jar,file:///home/***/.ivy2.5.2/jars/software.amazon.awssdk_bundle-2.24.6.jar,file:///home/***/.ivy2.5.2/jars/org.wildfly.openssl_wildfly-openssl-1.1.3.Final.jar
[2025-09-09T16:02:08.894+0000] {spark_submit.py:521} INFO - Spark config:
[2025-09-09T16:02:08.895+0000] {spark_submit.py:521} INFO - (spark.app.name,arrow-spark)
[2025-09-09T16:02:08.895+0000] {spark_submit.py:521} INFO - (spark.app.submitTime,1757433728868)
[2025-09-09T16:02:08.896+0000] {spark_submit.py:521} INFO - (spark.files,file:///home/***/.ivy2.5.2/jars/org.apache.hadoop_hadoop-aws-3.4.1.jar,file:///home/***/.ivy2.5.2/jars/software.amazon.awssdk_bundle-2.24.6.jar,file:///home/***/.ivy2.5.2/jars/org.wildfly.openssl_wildfly-openssl-1.1.3.Final.jar)
[2025-09-09T16:02:08.896+0000] {spark_submit.py:521} INFO - (spark.hadoop.fs.s3a.access.key,*********(redacted))
[2025-09-09T16:02:08.896+0000] {spark_submit.py:521} INFO - (spark.hadoop.fs.s3a.connection.ssl.enabled,false)
[2025-09-09T16:02:08.896+0000] {spark_submit.py:521} INFO - (spark.hadoop.fs.s3a.endpoint,http://minio:9000)
[2025-09-09T16:02:08.897+0000] {spark_submit.py:521} INFO - (spark.hadoop.fs.s3a.impl,org.apache.hadoop.fs.s3a.S3AFileSystem)
[2025-09-09T16:02:08.897+0000] {spark_submit.py:521} INFO - (spark.hadoop.fs.s3a.path.style.access,true)
[2025-09-09T16:02:08.898+0000] {spark_submit.py:521} INFO - (spark.hadoop.fs.s3a.secret.key,*********(redacted))
[2025-09-09T16:02:08.898+0000] {spark_submit.py:521} INFO - (spark.jars,file:///home/***/.ivy2.5.2/jars/org.apache.hadoop_hadoop-aws-3.4.1.jar,file:///home/***/.ivy2.5.2/jars/software.amazon.awssdk_bundle-2.24.6.jar,file:///home/***/.ivy2.5.2/jars/org.wildfly.openssl_wildfly-openssl-1.1.3.Final.jar)
[2025-09-09T16:02:08.899+0000] {spark_submit.py:521} INFO - (spark.master,spark://spark-master:7077)
[2025-09-09T16:02:08.899+0000] {spark_submit.py:521} INFO - (spark.repl.local.jars,file:///home/***/.ivy2.5.2/jars/org.apache.hadoop_hadoop-aws-3.4.1.jar,file:///home/***/.ivy2.5.2/jars/software.amazon.awssdk_bundle-2.24.6.jar,file:///home/***/.ivy2.5.2/jars/org.wildfly.openssl_wildfly-openssl-1.1.3.Final.jar)
[2025-09-09T16:02:08.899+0000] {spark_submit.py:521} INFO - (spark.submit.deployMode,client)
[2025-09-09T16:02:08.899+0000] {spark_submit.py:521} INFO - (spark.submit.pyFiles,/home/***/.ivy2.5.2/jars/org.apache.hadoop_hadoop-aws-3.4.1.jar,/home/***/.ivy2.5.2/jars/software.amazon.awssdk_bundle-2.24.6.jar,/home/***/.ivy2.5.2/jars/org.wildfly.openssl_wildfly-openssl-1.1.3.Final.jar)
[2025-09-09T16:02:08.900+0000] {spark_submit.py:521} INFO - Classpath elements:
[2025-09-09T16:02:08.900+0000] {spark_submit.py:521} INFO - file:///home/***/.ivy2.5.2/jars/org.apache.hadoop_hadoop-aws-3.4.1.jar
[2025-09-09T16:02:08.900+0000] {spark_submit.py:521} INFO - file:///home/***/.ivy2.5.2/jars/software.amazon.awssdk_bundle-2.24.6.jar
[2025-09-09T16:02:08.901+0000] {spark_submit.py:521} INFO - file:///home/***/.ivy2.5.2/jars/org.wildfly.openssl_wildfly-openssl-1.1.3.Final.jar
[2025-09-09T16:02:08.901+0000] {spark_submit.py:521} INFO - 
[2025-09-09T16:02:08.901+0000] {spark_submit.py:521} INFO - 
[2025-09-09T16:02:12.242+0000] {spark_submit.py:521} INFO - Using Spark's default log4j profile: org/apache/spark/log4j2-defaults.properties
[2025-09-09T16:02:12.251+0000] {spark_submit.py:521} INFO - 25/09/09 16:02:12 INFO SparkContext: Running Spark version 4.0.1
[2025-09-09T16:02:12.254+0000] {spark_submit.py:521} INFO - 25/09/09 16:02:12 INFO SparkContext: OS info Linux, 5.15.167.4-microsoft-standard-WSL2, amd64
[2025-09-09T16:02:12.257+0000] {spark_submit.py:521} INFO - 25/09/09 16:02:12 INFO SparkContext: Java version 17.0.16
[2025-09-09T16:02:12.296+0000] {spark_submit.py:521} INFO - 25/09/09 16:02:12 INFO ResourceUtils: ==============================================================
[2025-09-09T16:02:12.298+0000] {spark_submit.py:521} INFO - 25/09/09 16:02:12 INFO ResourceUtils: No custom resources configured for spark.driver.
[2025-09-09T16:02:12.298+0000] {spark_submit.py:521} INFO - 25/09/09 16:02:12 INFO ResourceUtils: ==============================================================
[2025-09-09T16:02:12.302+0000] {spark_submit.py:521} INFO - 25/09/09 16:02:12 INFO SparkContext: Submitted application: SilverTopCVTransformTest
[2025-09-09T16:02:12.415+0000] {spark_submit.py:521} INFO - 25/09/09 16:02:12 INFO ResourceProfile: Default ResourceProfile created, executor resources: Map(cores -> name: cores, amount: 1, script: , vendor: , memory -> name: memory, amount: 1024, script: , vendor: , offHeap -> name: offHeap, amount: 0, script: , vendor: ), task resources: Map(cpus -> name: cpus, amount: 1.0)
[2025-09-09T16:02:12.500+0000] {spark_submit.py:521} INFO - 25/09/09 16:02:12 INFO ResourceProfile: Limiting resource is cpu
[2025-09-09T16:02:12.543+0000] {spark_submit.py:521} INFO - 25/09/09 16:02:12 INFO ResourceProfileManager: Added ResourceProfile id: 0
[2025-09-09T16:02:12.744+0000] {spark_submit.py:521} INFO - 25/09/09 16:02:12 INFO SecurityManager: Changing view acls to: ***
[2025-09-09T16:02:12.756+0000] {spark_submit.py:521} INFO - 25/09/09 16:02:12 INFO SecurityManager: Changing modify acls to: ***
[2025-09-09T16:02:12.765+0000] {spark_submit.py:521} INFO - 25/09/09 16:02:12 INFO SecurityManager: Changing view acls groups to: ***
[2025-09-09T16:02:12.766+0000] {spark_submit.py:521} INFO - 25/09/09 16:02:12 INFO SecurityManager: Changing modify acls groups to: ***
[2025-09-09T16:02:12.769+0000] {spark_submit.py:521} INFO - 25/09/09 16:02:12 INFO SecurityManager: SecurityManager: authentication disabled; ui acls disabled; users with view permissions: *** groups with view permissions: EMPTY; users with modify permissions: ***; groups with modify permissions: EMPTY; RPC SSL disabled
[2025-09-09T16:02:13.431+0000] {spark_submit.py:521} INFO - 25/09/09 16:02:13 INFO Utils: Successfully started service 'sparkDriver' on port 41669.
[2025-09-09T16:02:13.503+0000] {spark_submit.py:521} INFO - 25/09/09 16:02:13 INFO SparkEnv: Registering MapOutputTracker
[2025-09-09T16:02:13.533+0000] {spark_submit.py:521} INFO - 25/09/09 16:02:13 INFO SparkEnv: Registering BlockManagerMaster
[2025-09-09T16:02:13.574+0000] {spark_submit.py:521} INFO - 25/09/09 16:02:13 INFO BlockManagerMasterEndpoint: Using org.apache.spark.storage.DefaultTopologyMapper for getting topology information
[2025-09-09T16:02:13.575+0000] {spark_submit.py:521} INFO - 25/09/09 16:02:13 INFO BlockManagerMasterEndpoint: BlockManagerMasterEndpoint up
[2025-09-09T16:02:13.584+0000] {spark_submit.py:521} INFO - 25/09/09 16:02:13 INFO SparkEnv: Registering BlockManagerMasterHeartbeat
[2025-09-09T16:02:13.640+0000] {spark_submit.py:521} INFO - 25/09/09 16:02:13 INFO DiskBlockManager: Created local directory at /tmp/blockmgr-ec704a6f-8c80-4992-b732-54c6823d5097
[2025-09-09T16:02:13.685+0000] {spark_submit.py:521} INFO - 25/09/09 16:02:13 INFO SparkEnv: Registering OutputCommitCoordinator
[2025-09-09T16:02:14.051+0000] {spark_submit.py:521} INFO - 25/09/09 16:02:14 INFO JettyUtils: Start Jetty 0.0.0.0:4040 for SparkUI
[2025-09-09T16:02:14.262+0000] {spark_submit.py:521} INFO - 25/09/09 16:02:14 INFO Utils: Successfully started service 'SparkUI' on port 4040.
[2025-09-09T16:02:14.325+0000] {spark_submit.py:521} INFO - 25/09/09 16:02:14 INFO SparkContext: Added JAR file:///home/***/.ivy2.5.2/jars/org.apache.hadoop_hadoop-aws-3.4.1.jar at spark://118acb478e13:41669/jars/org.apache.hadoop_hadoop-aws-3.4.1.jar with timestamp 1757433732231
[2025-09-09T16:02:14.327+0000] {spark_submit.py:521} INFO - 25/09/09 16:02:14 INFO SparkContext: Added JAR file:///home/***/.ivy2.5.2/jars/software.amazon.awssdk_bundle-2.24.6.jar at spark://118acb478e13:41669/jars/software.amazon.awssdk_bundle-2.24.6.jar with timestamp 1757433732231
[2025-09-09T16:02:14.328+0000] {spark_submit.py:521} INFO - 25/09/09 16:02:14 INFO SparkContext: Added JAR file:///home/***/.ivy2.5.2/jars/org.wildfly.openssl_wildfly-openssl-1.1.3.Final.jar at spark://118acb478e13:41669/jars/org.wildfly.openssl_wildfly-openssl-1.1.3.Final.jar with timestamp 1757433732231
[2025-09-09T16:02:14.333+0000] {spark_submit.py:521} INFO - 25/09/09 16:02:14 INFO SparkContext: Added file file:///home/***/.ivy2.5.2/jars/org.apache.hadoop_hadoop-aws-3.4.1.jar at file:///home/***/.ivy2.5.2/jars/org.apache.hadoop_hadoop-aws-3.4.1.jar with timestamp 1757433732231
[2025-09-09T16:02:14.335+0000] {spark_submit.py:521} INFO - 25/09/09 16:02:14 INFO Utils: Copying /home/***/.ivy2.5.2/jars/org.apache.hadoop_hadoop-aws-3.4.1.jar to /tmp/spark-79d43f4f-3a9b-4ea2-810c-f2f46ef13d0c/userFiles-3268f3a7-a249-42b2-8460-1bf0ed9b3264/org.apache.hadoop_hadoop-aws-3.4.1.jar
[2025-09-09T16:02:14.417+0000] {spark_submit.py:521} INFO - 25/09/09 16:02:14 INFO SparkContext: Added file file:///home/***/.ivy2.5.2/jars/software.amazon.awssdk_bundle-2.24.6.jar at file:///home/***/.ivy2.5.2/jars/software.amazon.awssdk_bundle-2.24.6.jar with timestamp 1757433732231
[2025-09-09T16:02:14.418+0000] {spark_submit.py:521} INFO - 25/09/09 16:02:14 INFO Utils: Copying /home/***/.ivy2.5.2/jars/software.amazon.awssdk_bundle-2.24.6.jar to /tmp/spark-79d43f4f-3a9b-4ea2-810c-f2f46ef13d0c/userFiles-3268f3a7-a249-42b2-8460-1bf0ed9b3264/software.amazon.awssdk_bundle-2.24.6.jar
[2025-09-09T16:02:41.065+0000] {spark_submit.py:521} INFO - 25/09/09 16:02:41 INFO SparkContext: Added file file:///home/***/.ivy2.5.2/jars/org.wildfly.openssl_wildfly-openssl-1.1.3.Final.jar at file:///home/***/.ivy2.5.2/jars/org.wildfly.openssl_wildfly-openssl-1.1.3.Final.jar with timestamp 1757433732231
[2025-09-09T16:02:41.070+0000] {spark_submit.py:521} INFO - 25/09/09 16:02:41 INFO Utils: Copying /home/***/.ivy2.5.2/jars/org.wildfly.openssl_wildfly-openssl-1.1.3.Final.jar to /tmp/spark-79d43f4f-3a9b-4ea2-810c-f2f46ef13d0c/userFiles-3268f3a7-a249-42b2-8460-1bf0ed9b3264/org.wildfly.openssl_wildfly-openssl-1.1.3.Final.jar
[2025-09-09T16:02:41.225+0000] {spark_submit.py:521} INFO - 25/09/09 16:02:41 INFO SecurityManager: Changing view acls to: ***
[2025-09-09T16:02:41.226+0000] {spark_submit.py:521} INFO - 25/09/09 16:02:41 INFO SecurityManager: Changing modify acls to: ***
[2025-09-09T16:02:41.227+0000] {spark_submit.py:521} INFO - 25/09/09 16:02:41 INFO SecurityManager: Changing view acls groups to: ***
[2025-09-09T16:02:41.227+0000] {spark_submit.py:521} INFO - 25/09/09 16:02:41 INFO SecurityManager: Changing modify acls groups to: ***
[2025-09-09T16:02:41.228+0000] {spark_submit.py:521} INFO - 25/09/09 16:02:41 INFO SecurityManager: SecurityManager: authentication disabled; ui acls disabled; users with view permissions: *** groups with view permissions: EMPTY; users with modify permissions: ***; groups with modify permissions: EMPTY; RPC SSL disabled
[2025-09-09T16:02:41.459+0000] {spark_submit.py:521} INFO - 25/09/09 16:02:41 INFO Executor: Starting executor ID driver on host 118acb478e13
[2025-09-09T16:02:41.459+0000] {spark_submit.py:521} INFO - 25/09/09 16:02:41 INFO Executor: OS info Linux, 5.15.167.4-microsoft-standard-WSL2, amd64
[2025-09-09T16:02:41.459+0000] {spark_submit.py:521} INFO - 25/09/09 16:02:41 INFO Executor: Java version 17.0.16
[2025-09-09T16:02:41.476+0000] {spark_submit.py:521} INFO - 25/09/09 16:02:41 INFO Executor: Starting executor with user classpath (userClassPathFirst = false): ''
[2025-09-09T16:02:41.479+0000] {spark_submit.py:521} INFO - 25/09/09 16:02:41 INFO Executor: Created or updated repl class loader org.apache.spark.util.MutableURLClassLoader@5565b219 for default.
[2025-09-09T16:02:41.501+0000] {spark_submit.py:521} INFO - 25/09/09 16:02:41 INFO Executor: Fetching file:///home/***/.ivy2.5.2/jars/org.wildfly.openssl_wildfly-openssl-1.1.3.Final.jar with timestamp 1757433732231
[2025-09-09T16:02:41.525+0000] {spark_submit.py:521} INFO - 25/09/09 16:02:41 INFO Utils: /home/***/.ivy2.5.2/jars/org.wildfly.openssl_wildfly-openssl-1.1.3.Final.jar has been previously copied to /tmp/spark-79d43f4f-3a9b-4ea2-810c-f2f46ef13d0c/userFiles-3268f3a7-a249-42b2-8460-1bf0ed9b3264/org.wildfly.openssl_wildfly-openssl-1.1.3.Final.jar
[2025-09-09T16:02:41.537+0000] {spark_submit.py:521} INFO - 25/09/09 16:02:41 INFO Executor: Fetching file:///home/***/.ivy2.5.2/jars/org.apache.hadoop_hadoop-aws-3.4.1.jar with timestamp 1757433732231
[2025-09-09T16:02:41.542+0000] {spark_submit.py:521} INFO - 25/09/09 16:02:41 INFO Utils: /home/***/.ivy2.5.2/jars/org.apache.hadoop_hadoop-aws-3.4.1.jar has been previously copied to /tmp/spark-79d43f4f-3a9b-4ea2-810c-f2f46ef13d0c/userFiles-3268f3a7-a249-42b2-8460-1bf0ed9b3264/org.apache.hadoop_hadoop-aws-3.4.1.jar
[2025-09-09T16:02:41.553+0000] {spark_submit.py:521} INFO - 25/09/09 16:02:41 INFO Executor: Fetching file:///home/***/.ivy2.5.2/jars/software.amazon.awssdk_bundle-2.24.6.jar with timestamp 1757433732231
[2025-09-09T16:02:41.819+0000] {spark_submit.py:521} INFO - 25/09/09 16:02:41 INFO Utils: /home/***/.ivy2.5.2/jars/software.amazon.awssdk_bundle-2.24.6.jar has been previously copied to /tmp/spark-79d43f4f-3a9b-4ea2-810c-f2f46ef13d0c/userFiles-3268f3a7-a249-42b2-8460-1bf0ed9b3264/software.amazon.awssdk_bundle-2.24.6.jar
[2025-09-09T16:02:41.829+0000] {spark_submit.py:521} INFO - 25/09/09 16:02:41 INFO Executor: Fetching spark://118acb478e13:41669/jars/org.apache.hadoop_hadoop-aws-3.4.1.jar with timestamp 1757433732231
[2025-09-09T16:02:41.896+0000] {spark_submit.py:521} INFO - 25/09/09 16:02:41 INFO TransportClientFactory: Successfully created connection to 118acb478e13/172.18.0.9:41669 after 39 ms (0 ms spent in bootstraps)
[2025-09-09T16:02:41.906+0000] {spark_submit.py:521} INFO - 25/09/09 16:02:41 INFO Utils: Fetching spark://118acb478e13:41669/jars/org.apache.hadoop_hadoop-aws-3.4.1.jar to /tmp/spark-79d43f4f-3a9b-4ea2-810c-f2f46ef13d0c/userFiles-3268f3a7-a249-42b2-8460-1bf0ed9b3264/fetchFileTemp3833892766291289678.tmp
[2025-09-09T16:02:41.943+0000] {spark_submit.py:521} INFO - 25/09/09 16:02:41 INFO Utils: /tmp/spark-79d43f4f-3a9b-4ea2-810c-f2f46ef13d0c/userFiles-3268f3a7-a249-42b2-8460-1bf0ed9b3264/fetchFileTemp3833892766291289678.tmp has been previously copied to /tmp/spark-79d43f4f-3a9b-4ea2-810c-f2f46ef13d0c/userFiles-3268f3a7-a249-42b2-8460-1bf0ed9b3264/org.apache.hadoop_hadoop-aws-3.4.1.jar
[2025-09-09T16:02:41.975+0000] {spark_submit.py:521} INFO - 25/09/09 16:02:41 INFO Executor: Adding file:/tmp/spark-79d43f4f-3a9b-4ea2-810c-f2f46ef13d0c/userFiles-3268f3a7-a249-42b2-8460-1bf0ed9b3264/org.apache.hadoop_hadoop-aws-3.4.1.jar to class loader default
[2025-09-09T16:02:41.976+0000] {spark_submit.py:521} INFO - 25/09/09 16:02:41 INFO Executor: Fetching spark://118acb478e13:41669/jars/org.wildfly.openssl_wildfly-openssl-1.1.3.Final.jar with timestamp 1757433732231
[2025-09-09T16:02:41.976+0000] {spark_submit.py:521} INFO - 25/09/09 16:02:41 INFO Utils: Fetching spark://118acb478e13:41669/jars/org.wildfly.openssl_wildfly-openssl-1.1.3.Final.jar to /tmp/spark-79d43f4f-3a9b-4ea2-810c-f2f46ef13d0c/userFiles-3268f3a7-a249-42b2-8460-1bf0ed9b3264/fetchFileTemp9848235661493717816.tmp
[2025-09-09T16:02:41.985+0000] {spark_submit.py:521} INFO - 25/09/09 16:02:41 INFO Utils: /tmp/spark-79d43f4f-3a9b-4ea2-810c-f2f46ef13d0c/userFiles-3268f3a7-a249-42b2-8460-1bf0ed9b3264/fetchFileTemp9848235661493717816.tmp has been previously copied to /tmp/spark-79d43f4f-3a9b-4ea2-810c-f2f46ef13d0c/userFiles-3268f3a7-a249-42b2-8460-1bf0ed9b3264/org.wildfly.openssl_wildfly-openssl-1.1.3.Final.jar
[2025-09-09T16:02:42.000+0000] {spark_submit.py:521} INFO - 25/09/09 16:02:42 INFO Executor: Adding file:/tmp/spark-79d43f4f-3a9b-4ea2-810c-f2f46ef13d0c/userFiles-3268f3a7-a249-42b2-8460-1bf0ed9b3264/org.wildfly.openssl_wildfly-openssl-1.1.3.Final.jar to class loader default
[2025-09-09T16:02:42.001+0000] {spark_submit.py:521} INFO - 25/09/09 16:02:42 INFO Executor: Fetching spark://118acb478e13:41669/jars/software.amazon.awssdk_bundle-2.24.6.jar with timestamp 1757433732231
[2025-09-09T16:02:42.002+0000] {spark_submit.py:521} INFO - 25/09/09 16:02:42 INFO Utils: Fetching spark://118acb478e13:41669/jars/software.amazon.awssdk_bundle-2.24.6.jar to /tmp/spark-79d43f4f-3a9b-4ea2-810c-f2f46ef13d0c/userFiles-3268f3a7-a249-42b2-8460-1bf0ed9b3264/fetchFileTemp8724058418535263351.tmp
[2025-09-09T16:02:48.590+0000] {spark_submit.py:521} INFO - 25/09/09 16:02:48 INFO Utils: /tmp/spark-79d43f4f-3a9b-4ea2-810c-f2f46ef13d0c/userFiles-3268f3a7-a249-42b2-8460-1bf0ed9b3264/fetchFileTemp8724058418535263351.tmp has been previously copied to /tmp/spark-79d43f4f-3a9b-4ea2-810c-f2f46ef13d0c/userFiles-3268f3a7-a249-42b2-8460-1bf0ed9b3264/software.amazon.awssdk_bundle-2.24.6.jar
[2025-09-09T16:02:54.506+0000] {spark_submit.py:521} INFO - 25/09/09 16:02:54 INFO Executor: Adding file:/tmp/spark-79d43f4f-3a9b-4ea2-810c-f2f46ef13d0c/userFiles-3268f3a7-a249-42b2-8460-1bf0ed9b3264/software.amazon.awssdk_bundle-2.24.6.jar to class loader default
[2025-09-09T16:02:54.721+0000] {spark_submit.py:521} INFO - 25/09/09 16:02:54 INFO Utils: Successfully started service 'org.apache.spark.network.netty.NettyBlockTransferService' on port 35915.
[2025-09-09T16:02:54.724+0000] {spark_submit.py:521} INFO - 25/09/09 16:02:54 INFO NettyBlockTransferService: Server created on 118acb478e13:35915
[2025-09-09T16:02:54.743+0000] {spark_submit.py:521} INFO - 25/09/09 16:02:54 INFO BlockManager: Using org.apache.spark.storage.RandomBlockReplicationPolicy for block replication policy
[2025-09-09T16:02:54.859+0000] {spark_submit.py:521} INFO - 25/09/09 16:02:54 INFO BlockManagerMaster: Registering BlockManager BlockManagerId(driver, 118acb478e13, 35915, None)
[2025-09-09T16:02:54.916+0000] {spark_submit.py:521} INFO - 25/09/09 16:02:54 INFO BlockManagerMasterEndpoint: Registering block manager 118acb478e13:35915 with 434.4 MiB RAM, BlockManagerId(driver, 118acb478e13, 35915, None)
[2025-09-09T16:02:54.938+0000] {spark_submit.py:521} INFO - 25/09/09 16:02:54 INFO BlockManagerMaster: Registered BlockManager BlockManagerId(driver, 118acb478e13, 35915, None)
[2025-09-09T16:02:54.941+0000] {spark_submit.py:521} INFO - 25/09/09 16:02:54 INFO BlockManager: Initialized BlockManager: BlockManagerId(driver, 118acb478e13, 35915, None)
[2025-09-09T16:03:02.794+0000] {spark_submit.py:521} INFO - 25/09/09 16:03:02 INFO SharedState: Setting hive.metastore.warehouse.dir ('null') to the value of spark.sql.warehouse.dir.
[2025-09-09T16:03:02.803+0000] {spark_submit.py:521} INFO - 25/09/09 16:03:02 INFO SharedState: Warehouse path is 'file:/opt/***/spark-warehouse'.
[2025-09-09T16:03:05.874+0000] {spark_submit.py:521} INFO - 25/09/09 16:03:05 WARN MetricsConfig: Cannot locate configuration: tried hadoop-metrics2-s3a-file-system.properties,hadoop-metrics2.properties
[2025-09-09T16:03:05.982+0000] {spark_submit.py:521} INFO - 25/09/09 16:03:05 INFO MetricsSystemImpl: Scheduled Metric snapshot period at 10 second(s).
[2025-09-09T16:03:05.984+0000] {spark_submit.py:521} INFO - 25/09/09 16:03:05 INFO MetricsSystemImpl: s3a-file-system metrics system started
[2025-09-09T16:03:06.288+0000] {spark_submit.py:521} INFO - SLF4J: Failed to load class "org.slf4j.impl.StaticLoggerBinder".
[2025-09-09T16:03:06.292+0000] {spark_submit.py:521} INFO - SLF4J: Defaulting to no-operation (NOP) logger implementation
[2025-09-09T16:03:06.295+0000] {spark_submit.py:521} INFO - SLF4J: See http://www.slf4j.org/codes.html#StaticLoggerBinder for further details.
[2025-09-09T16:03:09.926+0000] {spark_submit.py:521} INFO - 25/09/09 16:03:09 INFO HadoopFSUtils: Listing s3a://job/bronze/topcv/topcv_jobs.parquet with listFiles API
[2025-09-09T16:03:10.257+0000] {spark_submit.py:521} INFO - 25/09/09 16:03:10 INFO InMemoryFileIndex: It took 349 ms to list leaf files for 1 paths.
[2025-09-09T16:03:10.642+0000] {spark_submit.py:521} INFO - 25/09/09 16:03:10 INFO SparkContext: Starting job: parquet at NativeMethodAccessorImpl.java:0
[2025-09-09T16:03:10.666+0000] {spark_submit.py:521} INFO - 25/09/09 16:03:10 INFO DAGScheduler: Got job 0 (parquet at NativeMethodAccessorImpl.java:0) with 1 output partitions
[2025-09-09T16:03:10.668+0000] {spark_submit.py:521} INFO - 25/09/09 16:03:10 INFO DAGScheduler: Final stage: ResultStage 0 (parquet at NativeMethodAccessorImpl.java:0)
[2025-09-09T16:03:10.669+0000] {spark_submit.py:521} INFO - 25/09/09 16:03:10 INFO DAGScheduler: Parents of final stage: List()
[2025-09-09T16:03:10.672+0000] {spark_submit.py:521} INFO - 25/09/09 16:03:10 INFO DAGScheduler: Missing parents: List()
[2025-09-09T16:03:10.678+0000] {spark_submit.py:521} INFO - 25/09/09 16:03:10 INFO DAGScheduler: Submitting ResultStage 0 (MapPartitionsRDD[1] at parquet at NativeMethodAccessorImpl.java:0), which has no missing parents
[2025-09-09T16:03:10.776+0000] {spark_submit.py:521} INFO - 25/09/09 16:03:10 INFO MemoryStore: MemoryStore started with capacity 434.4 MiB
[2025-09-09T16:03:10.791+0000] {spark_submit.py:521} INFO - 25/09/09 16:03:10 INFO MemoryStore: Block broadcast_0 stored as values in memory (estimated size 117.1 KiB, free 434.3 MiB)
[2025-09-09T16:03:10.908+0000] {spark_submit.py:521} INFO - 25/09/09 16:03:10 INFO MemoryStore: Block broadcast_0_piece0 stored as bytes in memory (estimated size 42.1 KiB, free 434.2 MiB)
[2025-09-09T16:03:10.934+0000] {spark_submit.py:521} INFO - 25/09/09 16:03:10 INFO SparkContext: Created broadcast 0 from broadcast at DAGScheduler.scala:1676
[2025-09-09T16:03:10.971+0000] {spark_submit.py:521} INFO - 25/09/09 16:03:10 INFO DAGScheduler: Submitting 1 missing tasks from ResultStage 0 (MapPartitionsRDD[1] at parquet at NativeMethodAccessorImpl.java:0) (first 15 tasks are for partitions Vector(0))
[2025-09-09T16:03:10.975+0000] {spark_submit.py:521} INFO - 25/09/09 16:03:10 INFO TaskSchedulerImpl: Adding task set 0.0 with 1 tasks resource profile 0
[2025-09-09T16:03:11.024+0000] {spark_submit.py:521} INFO - 25/09/09 16:03:11 INFO TaskSetManager: Starting task 0.0 in stage 0.0 (TID 0) (118acb478e13,executor driver, partition 0, PROCESS_LOCAL, 10743 bytes)
[2025-09-09T16:03:11.044+0000] {spark_submit.py:521} INFO - 25/09/09 16:03:11 INFO Executor: Running task 0.0 in stage 0.0 (TID 0)
[2025-09-09T16:03:11.668+0000] {spark_submit.py:521} INFO - 25/09/09 16:03:11 INFO Executor: Finished task 0.0 in stage 0.0 (TID 0). 3087 bytes result sent to driver
[2025-09-09T16:03:11.684+0000] {spark_submit.py:521} INFO - 25/09/09 16:03:11 INFO TaskSetManager: Finished task 0.0 in stage 0.0 (TID 0) in 681 ms on 118acb478e13 (executor driver) (1/1)
[2025-09-09T16:03:11.688+0000] {spark_submit.py:521} INFO - 25/09/09 16:03:11 INFO TaskSchedulerImpl: Removed TaskSet 0.0 whose tasks have all completed, from pool
[2025-09-09T16:03:11.701+0000] {spark_submit.py:521} INFO - 25/09/09 16:03:11 INFO DAGScheduler: ResultStage 0 (parquet at NativeMethodAccessorImpl.java:0) finished in 979 ms
[2025-09-09T16:03:11.707+0000] {spark_submit.py:521} INFO - 25/09/09 16:03:11 INFO DAGScheduler: Job 0 is finished. Cancelling potential speculative or zombie tasks for this job
[2025-09-09T16:03:11.709+0000] {spark_submit.py:521} INFO - 25/09/09 16:03:11 INFO TaskSchedulerImpl: Canceling stage 0
[2025-09-09T16:03:11.720+0000] {spark_submit.py:521} INFO - 25/09/09 16:03:11 INFO TaskSchedulerImpl: Killing all running tasks in stage 0: Stage finished
[2025-09-09T16:03:11.726+0000] {spark_submit.py:521} INFO - 25/09/09 16:03:11 INFO DAGScheduler: Job 0 finished: parquet at NativeMethodAccessorImpl.java:0, took 1083.278687 ms
[2025-09-09T16:03:12.762+0000] {spark_submit.py:521} INFO - 25/09/09 16:03:12 INFO MemoryStore: Block broadcast_1 stored as values in memory (estimated size 208.0 B, free 434.2 MiB)
[2025-09-09T16:03:12.782+0000] {spark_submit.py:521} INFO - 25/09/09 16:03:12 INFO MemoryStore: Block broadcast_1_piece0 stored as bytes in memory (estimated size 789.0 B, free 434.2 MiB)
[2025-09-09T16:03:12.798+0000] {spark_submit.py:521} INFO - 25/09/09 16:03:12 INFO SparkContext: Created broadcast 1 from broadcast at NativeMethodAccessorImpl.java:0
[2025-09-09T16:03:14.316+0000] {spark_submit.py:521} INFO - 25/09/09 16:03:14 INFO FileSourceStrategy: Pushed Filters: IsNotNull(requirements),Not(EqualTo(requirements,)),IsNotNull(description),Not(EqualTo(description,))
[2025-09-09T16:03:14.323+0000] {spark_submit.py:521} INFO - 25/09/09 16:03:14 INFO FileSourceStrategy: Post-Scan Filters: Set(isnotnull(trim(lower(title#1), None)), NOT (trim(lower(title#1), None) = ), isnotnull(trim(company_name#2, None)), NOT (trim(company_name#2, None) = ), isnotnull(requirements#9), NOT (requirements#9 = ), isnotnull(description#8), NOT (description#8 = ))
[2025-09-09T16:03:15.457+0000] {spark_submit.py:521} INFO - 25/09/09 16:03:15 INFO CodeGenerator: Code generated in 521.528437 ms
[2025-09-09T16:03:15.892+0000] {spark_submit.py:521} INFO - 25/09/09 16:03:15 INFO CodeGenerator: Code generated in 146.976661 ms
[2025-09-09T16:03:15.966+0000] {spark_submit.py:521} INFO - 25/09/09 16:03:15 INFO MemoryStore: Block broadcast_2 stored as values in memory (estimated size 221.1 KiB, free 434.2 MiB)
[2025-09-09T16:03:15.991+0000] {spark_submit.py:521} INFO - 25/09/09 16:03:15 INFO MemoryStore: Block broadcast_2_piece0 stored as bytes in memory (estimated size 40.4 KiB, free 434.1 MiB)
[2025-09-09T16:03:16.009+0000] {spark_submit.py:521} INFO - 25/09/09 16:03:16 INFO SparkContext: Created broadcast 2 from $anonfun$withThreadLocalCaptured$2 at CompletableFuture.java:1768
[2025-09-09T16:03:16.066+0000] {spark_submit.py:521} INFO - 25/09/09 16:03:16 INFO FileSourceScanExec: Planning scan with bin packing, max size: 4194304 bytes, open cost is considered as scanning 4194304 bytes.
[2025-09-09T16:03:16.434+0000] {spark_submit.py:521} INFO - 25/09/09 16:03:16 INFO DAGScheduler: Registering RDD 9 ($anonfun$withThreadLocalCaptured$2 at CompletableFuture.java:1768) as input to shuffle 0
[2025-09-09T16:03:16.441+0000] {spark_submit.py:521} INFO - 25/09/09 16:03:16 INFO DAGScheduler: Got map stage job 1 ($anonfun$withThreadLocalCaptured$2 at CompletableFuture.java:1768) with 1 output partitions
[2025-09-09T16:03:16.443+0000] {spark_submit.py:521} INFO - 25/09/09 16:03:16 INFO DAGScheduler: Final stage: ShuffleMapStage 1 ($anonfun$withThreadLocalCaptured$2 at CompletableFuture.java:1768)
[2025-09-09T16:03:16.475+0000] {spark_submit.py:521} INFO - 25/09/09 16:03:16 INFO DAGScheduler: Parents of final stage: List()
[2025-09-09T16:03:16.477+0000] {spark_submit.py:521} INFO - 25/09/09 16:03:16 INFO DAGScheduler: Missing parents: List()
[2025-09-09T16:03:16.546+0000] {spark_submit.py:521} INFO - 25/09/09 16:03:16 INFO DAGScheduler: Submitting ShuffleMapStage 1 (MapPartitionsRDD[9] at $anonfun$withThreadLocalCaptured$2 at CompletableFuture.java:1768), which has no missing parents
[2025-09-09T16:03:16.673+0000] {spark_submit.py:521} INFO - 25/09/09 16:03:16 INFO MemoryStore: Block broadcast_3 stored as values in memory (estimated size 99.0 KiB, free 434.0 MiB)
[2025-09-09T16:03:16.689+0000] {spark_submit.py:521} INFO - 25/09/09 16:03:16 INFO MemoryStore: Block broadcast_3_piece0 stored as bytes in memory (estimated size 36.1 KiB, free 434.0 MiB)
[2025-09-09T16:03:16.693+0000] {spark_submit.py:521} INFO - 25/09/09 16:03:16 INFO SparkContext: Created broadcast 3 from broadcast at DAGScheduler.scala:1676
[2025-09-09T16:03:16.712+0000] {spark_submit.py:521} INFO - 25/09/09 16:03:16 INFO DAGScheduler: Submitting 1 missing tasks from ShuffleMapStage 1 (MapPartitionsRDD[9] at $anonfun$withThreadLocalCaptured$2 at CompletableFuture.java:1768) (first 15 tasks are for partitions Vector(0))
[2025-09-09T16:03:16.718+0000] {spark_submit.py:521} INFO - 25/09/09 16:03:16 INFO TaskSchedulerImpl: Adding task set 1.0 with 1 tasks resource profile 0
[2025-09-09T16:03:16.730+0000] {spark_submit.py:521} INFO - 25/09/09 16:03:16 INFO TaskSetManager: Starting task 0.0 in stage 1.0 (TID 1) (118acb478e13,executor driver, partition 0, PROCESS_LOCAL, 11173 bytes)
[2025-09-09T16:03:16.743+0000] {spark_submit.py:521} INFO - 25/09/09 16:03:16 INFO Executor: Running task 0.0 in stage 1.0 (TID 1)
[2025-09-09T16:03:17.759+0000] {spark_submit.py:521} INFO - 25/09/09 16:03:17 INFO CodeGenerator: Code generated in 710.591038 ms
[2025-09-09T16:03:17.816+0000] {spark_submit.py:521} INFO - 25/09/09 16:03:17 INFO CodeGenerator: Code generated in 13.222021 ms
[2025-09-09T16:03:19.791+0000] {spark_submit.py:521} INFO - 25/09/09 16:03:19 INFO CodeGenerator: Code generated in 14.051859 ms
[2025-09-09T16:03:19.822+0000] {spark_submit.py:521} INFO - 25/09/09 16:03:19 INFO CodeGenerator: Code generated in 28.978079 ms
[2025-09-09T16:03:19.874+0000] {spark_submit.py:521} INFO - 25/09/09 16:03:19 INFO CodeGenerator: Code generated in 36.063872 ms
[2025-09-09T16:03:19.912+0000] {spark_submit.py:521} INFO - 25/09/09 16:03:19 INFO CodeGenerator: Code generated in 16.175726 ms
[2025-09-09T16:03:19.952+0000] {spark_submit.py:521} INFO - 25/09/09 16:03:19 INFO CodeGenerator: Code generated in 8.525862 ms
[2025-09-09T16:03:19.965+0000] {spark_submit.py:521} INFO - 25/09/09 16:03:19 INFO FileScanRDD: Reading File path: s3a://job/bronze/topcv/topcv_jobs.parquet, range: 0-56841, partition values: [empty row]
[2025-09-09T16:03:20.626+0000] {spark_submit.py:521} INFO - 25/09/09 16:03:20 INFO FilterCompat: Filtering using predicate: and(and(and(noteq(requirements, null), noteq(requirements, Binary{""})), noteq(description, null)), noteq(description, Binary{""}))
[2025-09-09T16:03:20.700+0000] {spark_submit.py:521} INFO - 25/09/09 16:03:20 INFO CodecPool: Got brand-new decompressor [.snappy]
[2025-09-09T16:03:20.821+0000] {spark_submit.py:521} INFO - 25/09/09 16:03:20 INFO ColumnIndexFilter: No offset index for column requirements is available; Unable to do filtering
[2025-09-09T16:03:26.803+0000] {spark_submit.py:521} INFO - 25/09/09 16:03:26 INFO PythonUDFWithNamedArgumentsRunner: Times: total = 8878, boot = 1879, init = 615, finish = 6384
[2025-09-09T16:03:26.981+0000] {spark_submit.py:521} INFO - 25/09/09 16:03:26 INFO CodeGenerator: Code generated in 65.600772 ms
[2025-09-09T16:03:27.048+0000] {spark_submit.py:521} INFO - 25/09/09 16:03:27 INFO SecurityManager: Changing view acls to: ***
[2025-09-09T16:03:27.060+0000] {spark_submit.py:521} INFO - 25/09/09 16:03:27 INFO SecurityManager: Changing modify acls to: ***
[2025-09-09T16:03:27.061+0000] {spark_submit.py:521} INFO - 25/09/09 16:03:27 INFO SecurityManager: Changing view acls groups to: ***
[2025-09-09T16:03:27.061+0000] {spark_submit.py:521} INFO - 25/09/09 16:03:27 INFO SecurityManager: Changing modify acls groups to: ***
[2025-09-09T16:03:27.061+0000] {spark_submit.py:521} INFO - 25/09/09 16:03:27 INFO SecurityManager: SecurityManager: authentication disabled; ui acls disabled; users with view permissions: *** groups with view permissions: EMPTY; users with modify permissions: ***; groups with modify permissions: EMPTY; RPC SSL disabled
[2025-09-09T16:03:27.699+0000] {spark_submit.py:521} INFO - 25/09/09 16:03:27 INFO Executor: Finished task 0.0 in stage 1.0 (TID 1). 3815 bytes result sent to driver
[2025-09-09T16:03:27.723+0000] {spark_submit.py:521} INFO - 25/09/09 16:03:27 INFO TaskSetManager: Finished task 0.0 in stage 1.0 (TID 1) in 11000 ms on 118acb478e13 (executor driver) (1/1)
[2025-09-09T16:03:27.732+0000] {spark_submit.py:521} INFO - 25/09/09 16:03:27 INFO TaskSchedulerImpl: Removed TaskSet 1.0 whose tasks have all completed, from pool
[2025-09-09T16:03:27.743+0000] {spark_submit.py:521} INFO - 25/09/09 16:03:27 INFO PythonAccumulatorV2: Connected to AccumulatorServer at host: 127.0.0.1 port: 53731
[2025-09-09T16:03:27.792+0000] {spark_submit.py:521} INFO - 25/09/09 16:03:27 INFO DAGScheduler: ShuffleMapStage 1 ($anonfun$withThreadLocalCaptured$2 at CompletableFuture.java:1768) finished in 11265 ms
[2025-09-09T16:03:27.796+0000] {spark_submit.py:521} INFO - 25/09/09 16:03:27 INFO DAGScheduler: looking for newly runnable stages
[2025-09-09T16:03:27.796+0000] {spark_submit.py:521} INFO - 25/09/09 16:03:27 INFO DAGScheduler: running: HashSet()
[2025-09-09T16:03:27.797+0000] {spark_submit.py:521} INFO - 25/09/09 16:03:27 INFO DAGScheduler: waiting: HashSet()
[2025-09-09T16:03:27.798+0000] {spark_submit.py:521} INFO - 25/09/09 16:03:27 INFO DAGScheduler: failed: HashSet()
[2025-09-09T16:03:27.888+0000] {spark_submit.py:521} INFO - 25/09/09 16:03:27 INFO ShufflePartitionsUtil: For shuffle(0, advisory target size: 67108864, actual target size 1048576, minimum partition size: 1048576
[2025-09-09T16:03:27.988+0000] {spark_submit.py:521} INFO - 25/09/09 16:03:27 INFO CodeGenerator: Code generated in 24.408709 ms
[2025-09-09T16:03:28.009+0000] {spark_submit.py:521} INFO - 25/09/09 16:03:28 INFO CodeGenerator: Code generated in 5.043533 ms
[2025-09-09T16:03:28.147+0000] {spark_submit.py:521} INFO - 25/09/09 16:03:28 INFO SparkContext: Starting job: $anonfun$withThreadLocalCaptured$2 at CompletableFuture.java:1768
[2025-09-09T16:03:28.155+0000] {spark_submit.py:521} INFO - 25/09/09 16:03:28 INFO DAGScheduler: Got job 2 ($anonfun$withThreadLocalCaptured$2 at CompletableFuture.java:1768) with 1 output partitions
[2025-09-09T16:03:28.157+0000] {spark_submit.py:521} INFO - 25/09/09 16:03:28 INFO DAGScheduler: Final stage: ResultStage 3 ($anonfun$withThreadLocalCaptured$2 at CompletableFuture.java:1768)
[2025-09-09T16:03:28.157+0000] {spark_submit.py:521} INFO - 25/09/09 16:03:28 INFO DAGScheduler: Parents of final stage: List(ShuffleMapStage 2)
[2025-09-09T16:03:28.157+0000] {spark_submit.py:521} INFO - 25/09/09 16:03:28 INFO DAGScheduler: Missing parents: List()
[2025-09-09T16:03:28.158+0000] {spark_submit.py:521} INFO - 25/09/09 16:03:28 INFO DAGScheduler: Submitting ResultStage 3 (MapPartitionsRDD[15] at $anonfun$withThreadLocalCaptured$2 at CompletableFuture.java:1768), which has no missing parents
[2025-09-09T16:03:28.208+0000] {spark_submit.py:521} INFO - 25/09/09 16:03:28 INFO MemoryStore: Block broadcast_4 stored as values in memory (estimated size 83.1 KiB, free 433.9 MiB)
[2025-09-09T16:03:28.220+0000] {spark_submit.py:521} INFO - 25/09/09 16:03:28 INFO MemoryStore: Block broadcast_4_piece0 stored as bytes in memory (estimated size 31.5 KiB, free 433.9 MiB)
[2025-09-09T16:03:28.234+0000] {spark_submit.py:521} INFO - 25/09/09 16:03:28 INFO SparkContext: Created broadcast 4 from broadcast at DAGScheduler.scala:1676
[2025-09-09T16:03:28.237+0000] {spark_submit.py:521} INFO - 25/09/09 16:03:28 INFO DAGScheduler: Submitting 1 missing tasks from ResultStage 3 (MapPartitionsRDD[15] at $anonfun$withThreadLocalCaptured$2 at CompletableFuture.java:1768) (first 15 tasks are for partitions Vector(0))
[2025-09-09T16:03:28.238+0000] {spark_submit.py:521} INFO - 25/09/09 16:03:28 INFO TaskSchedulerImpl: Adding task set 3.0 with 1 tasks resource profile 0
[2025-09-09T16:03:28.252+0000] {spark_submit.py:521} INFO - 25/09/09 16:03:28 INFO TaskSetManager: Starting task 0.0 in stage 3.0 (TID 2) (118acb478e13,executor driver, partition 0, NODE_LOCAL, 10580 bytes)
[2025-09-09T16:03:28.253+0000] {spark_submit.py:521} INFO - 25/09/09 16:03:28 INFO Executor: Running task 0.0 in stage 3.0 (TID 2)
[2025-09-09T16:03:28.436+0000] {spark_submit.py:521} INFO - 25/09/09 16:03:28 INFO ShuffleBlockFetcherIterator: Getting 1 (11.8 KiB) non-empty blocks including 1 (11.8 KiB) local and 0 (0.0 B) host-local and 0 (0.0 B) push-merged-local and 0 (0.0 B) remote blocks
[2025-09-09T16:03:28.440+0000] {spark_submit.py:521} INFO - 25/09/09 16:03:28 INFO ShuffleBlockFetcherIterator: Started 0 remote fetches in 53 ms
[2025-09-09T16:03:28.458+0000] {spark_submit.py:521} INFO - 25/09/09 16:03:28 INFO CodeGenerator: Code generated in 9.323312 ms
[2025-09-09T16:03:28.567+0000] {spark_submit.py:521} INFO - 25/09/09 16:03:28 INFO CodeGenerator: Code generated in 11.892087 ms
[2025-09-09T16:03:28.655+0000] {spark_submit.py:521} INFO - 25/09/09 16:03:28 INFO CodeGenerator: Code generated in 8.159806 ms
[2025-09-09T16:03:28.715+0000] {spark_submit.py:521} INFO - 25/09/09 16:03:28 INFO CodeGenerator: Code generated in 6.76911 ms
[2025-09-09T16:03:28.725+0000] {spark_submit.py:521} INFO - 25/09/09 16:03:28 INFO CodeGenerator: Code generated in 5.649394 ms
[2025-09-09T16:03:28.744+0000] {spark_submit.py:521} INFO - 25/09/09 16:03:28 INFO CodeGenerator: Code generated in 12.84144 ms
[2025-09-09T16:03:28.787+0000] {spark_submit.py:521} INFO - 25/09/09 16:03:28 INFO Executor: Finished task 0.0 in stage 3.0 (TID 2). 10528 bytes result sent to driver
[2025-09-09T16:03:28.809+0000] {spark_submit.py:521} INFO - 25/09/09 16:03:28 INFO TaskSetManager: Finished task 0.0 in stage 3.0 (TID 2) in 547 ms on 118acb478e13 (executor driver) (1/1)
[2025-09-09T16:03:28.810+0000] {spark_submit.py:521} INFO - 25/09/09 16:03:28 INFO DAGScheduler: ResultStage 3 ($anonfun$withThreadLocalCaptured$2 at CompletableFuture.java:1768) finished in 595 ms
[2025-09-09T16:03:28.810+0000] {spark_submit.py:521} INFO - 25/09/09 16:03:28 INFO DAGScheduler: Job 2 is finished. Cancelling potential speculative or zombie tasks for this job
[2025-09-09T16:03:28.813+0000] {spark_submit.py:521} INFO - 25/09/09 16:03:28 INFO TaskSchedulerImpl: Removed TaskSet 3.0 whose tasks have all completed, from pool
[2025-09-09T16:03:28.814+0000] {spark_submit.py:521} INFO - 25/09/09 16:03:28 INFO TaskSchedulerImpl: Canceling stage 3
[2025-09-09T16:03:28.815+0000] {spark_submit.py:521} INFO - 25/09/09 16:03:28 INFO TaskSchedulerImpl: Killing all running tasks in stage 3: Stage finished
[2025-09-09T16:03:28.817+0000] {spark_submit.py:521} INFO - 25/09/09 16:03:28 INFO DAGScheduler: Job 2 finished: $anonfun$withThreadLocalCaptured$2 at CompletableFuture.java:1768, took 654.50374 ms
[2025-09-09T16:03:28.872+0000] {spark_submit.py:521} INFO - 25/09/09 16:03:28 INFO CodeGenerator: Code generated in 19.467133 ms
[2025-09-09T16:03:29.051+0000] {spark_submit.py:521} INFO - +--------------------+--------------------+---+----------------+----------+----------+----------------+----------------+--------------------+-----------+--------------+--------------+--------------------+--------------------+-----------+------------+------+
[2025-09-09T16:03:29.052+0000] {spark_submit.py:521} INFO - |        job_position|        company_name|yoe|job_posting_date|min_salary|max_salary|company_size_min|company_size_max|         major_field|      level|num_of_recruit|     work_form|     relation_fields|    skills_extracted|       city|    district|source|
[2025-09-09T16:03:29.055+0000] {spark_submit.py:521} INFO - +--------------------+--------------------+---+----------------+----------+----------+----------------+----------------+--------------------+-----------+--------------+--------------+--------------------+--------------------+-----------+------------+------+
[2025-09-09T16:03:29.060+0000] {spark_submit.py:521} INFO - |cdp data engineering|CÔNG TY CỔ PHẦN D...|3.0|      2025-08-31|      NULL|      NULL|           10000|           10000|Dược phẩm / Y tế ...|Trưởng nhóm|             1|Toàn thời gian|[Công nghệ Thông ...|                  []|Hồ Chí Minh|      Quận 7| topcv|
[2025-09-09T16:03:29.063+0000] {spark_submit.py:521} INFO - |       data engineer| Alphaway Technology|3.0|      2025-08-14|  39000000|      NULL|             100|             499|       IT - Phần mềm|Trưởng nhóm|             5|Toàn thời gian|[Công nghệ Thông ...|[python, java, sq...|     Hà Nội|    Cầu Giấy| topcv|
[2025-09-09T16:03:29.076+0000] {spark_submit.py:521} INFO - |       data engineer|CÔNG TY CỔ PHẦN C...|2.0|      2025-09-04|      NULL|      NULL|             500|            1000|       IT - Phần mềm|Trưởng nhóm|             2|Toàn thời gian|[Công nghệ Thông ...|[python, java, sq...|     Hà Nội|    Cầu Giấy| topcv|
[2025-09-09T16:03:29.088+0000] {spark_submit.py:521} INFO - |       data engineer|CÔNG TY CỔ PHẦN I...|1.0|      2025-09-30|   1000000|      NULL|             100|             499|       IT - Phần mềm|  Nhân viên|             1|Toàn thời gian|[Công nghệ Thông ...|[python, java, sq...|     Hà Nội|     Đống Đa| topcv|
[2025-09-09T16:03:29.089+0000] {spark_submit.py:521} INFO - |       data engineer|CÔNG TY TNHH GIẢI...|2.0|      2025-08-13|      NULL|      NULL|              25|              99|       IT - Phần mềm|  Nhân viên|             3|Toàn thời gian|[Công nghệ Thông ...|[python, scala, s...|Hồ Chí Minh|   Phú Nhuận| topcv|
[2025-09-09T16:03:29.095+0000] {spark_submit.py:521} INFO - |       data engineer|Công Ty Tài Chính...|3.0|      2025-08-21|      NULL|      NULL|            5000|            5000|           Tài chính|  Nhân viên|             1|Toàn thời gian|[Công nghệ Thông ...|[python, java, sc...|Hồ Chí Minh|      Quận 1| topcv|
[2025-09-09T16:03:29.100+0000] {spark_submit.py:521} INFO - |       data engineer|Công ty Cổ phần H...|2.0|      2025-08-31|      NULL|      NULL|             500|            1000|       IT - Phần mềm|  Nhân viên|             5|Toàn thời gian|[Công nghệ Thông ...|[aws, azure, etl,...|     Hà Nội|    Cầu Giấy| topcv|
[2025-09-09T16:03:29.107+0000] {spark_submit.py:521} INFO - |       data engineer|        FPT Software|4.0|      2025-09-30|      NULL|      NULL|           10000|           10000|           Tài chính|  Nhân viên|             1|Toàn thời gian|[Công nghệ Thông ...|[python, sql, azu...|    Đà Nẵng|Ngũ Hành Sơn| topcv|
[2025-09-09T16:03:29.111+0000] {spark_submit.py:521} INFO - |       data engineer|       TMA Solutions|1.0|      2025-10-17|      NULL|      NULL|            3000|            3000|       IT - Phần mềm|  Nhân viên|             3|Toàn thời gian|[Công nghệ Thông ...|[python, scala, s...|  Bình Định| TP Quy Nhơn| topcv|
[2025-09-09T16:03:29.115+0000] {spark_submit.py:521} INFO - |data engineer (ba...|Công ty Cổ phần C...|2.0|      2025-08-24|  25000000|  35000000|             100|             499|       IT - Phần mềm|Trưởng nhóm|             2|Toàn thời gian|[Công nghệ Thông ...|[python, aws, spa...|     Hà Nội|   Hoàn Kiếm| topcv|
[2025-09-09T16:03:29.124+0000] {spark_submit.py:521} INFO - |data engineer (bi...|CÔNG TY CỔ PHẦN P...|2.0|      2025-10-31|  18000000|  30000000|             100|             499|       IT - Phần mềm|  Nhân viên|             6|Toàn thời gian|[Công nghệ Thông ...|          [sql, etl]|     Hà Nội|  Thanh Xuân| topcv|
[2025-09-09T16:03:29.129+0000] {spark_submit.py:521} INFO - |data engineer (bi...|Công ty TNHH Giải...|2.0|      2025-08-20|  25000000|  30000000|              25|              99|       IT - Phần mềm|Trưởng nhóm|             3|Toàn thời gian|[Công nghệ Thông ...|[sql, ***, da...|     Hà Nội|  Thanh Xuân| topcv|
[2025-09-09T16:03:29.148+0000] {spark_submit.py:521} INFO - |data engineer (cl...|Công ty TNHH Horu...|1.0|      2025-08-23|  15000000|  25000000|             100|             499|       IT - Phần mềm|Trưởng nhóm|             1|Toàn thời gian|[Công nghệ Thông ...|[python, java, sc...|     Hà Nội| Nam Từ Liêm| topcv|
[2025-09-09T16:03:29.155+0000] {spark_submit.py:521} INFO - |data engineer (có...|CÔNG TY CỔ PHẦN C...|1.0|      2025-08-09|   9000000|  15000000|             100|             499|       IT - Phần mềm|  Nhân viên|             1|Toàn thời gian|[Công nghệ Thông ...|[python, scala, s...|   Hưng Yên|      Yên Mỹ| topcv|
[2025-09-09T16:03:29.155+0000] {spark_submit.py:521} INFO - |  data engineer (da)|Công Ty TNHH LG C...|3.0|      2025-08-31|      NULL|      NULL|             100|             499|       IT - Phần mềm|  Nhân viên|             1|Toàn thời gian|[Công nghệ Thông ...|[scala, sql, aws,...|     Hà Nội| Nam Từ Liêm| topcv|
[2025-09-09T16:03:29.157+0000] {spark_submit.py:521} INFO - |data engineer (fl...|TECHVIFY SOFTWARE...|3.0|      2025-08-12|      NULL|      NULL|             100|             499|       IT - Phần mềm|Trưởng nhóm|             2|Toàn thời gian|[Công nghệ Thông ...|[python, sql, azu...|     Hà Nội| Nam Từ Liêm| topcv|
[2025-09-09T16:03:29.158+0000] {spark_submit.py:521} INFO - |data engineer (on...|Công ty cổ phần E...|3.0|      2025-08-16|  20000000|  28000000|              25|              99|       IT - Phần mềm|Trưởng nhóm|             5|Toàn thời gian|[Công nghệ Thông ...|[spark, hadoop, e...|     Hà Nội|    Cầu Giấy| topcv|
[2025-09-09T16:03:29.159+0000] {spark_submit.py:521} INFO - |data engineer (py...|Công ty CP Kinh d...|3.0|      2025-08-31|  20000000|  55000000|            5000|            5000|           Tài chính|Trưởng nhóm|             2|Toàn thời gian|[Công nghệ Thông ...|[python, spark, k...|     Hà Nội|  Thanh Xuân| topcv|
[2025-09-09T16:03:29.159+0000] {spark_submit.py:521} INFO - |data engineer - t...|CÔNG TY CỔ PHẦN A...|3.0|      2025-08-09|      NULL|      NULL|             100|             499|       IT - Phần mềm|  Nhân viên|             1|Toàn thời gian|[Công nghệ Thông ...|[sql, git, airflo...|     Hà Nội|   Hoàn Kiếm| topcv|
[2025-09-09T16:03:29.162+0000] {spark_submit.py:521} INFO - |data engineer các...|công ty cổ phần D...|1.0|      2025-08-16|      NULL|      NULL|              25|              99|       IT - Phần mềm|  Nhân viên|             3|Toàn thời gian|[Công nghệ Thông ...|[python, java, sc...|     Hà Nội|     Hà Đông| topcv|
[2025-09-09T16:03:29.163+0000] {spark_submit.py:521} INFO - +--------------------+--------------------+---+----------------+----------+----------+----------------+----------------+--------------------+-----------+--------------+--------------+--------------------+--------------------+-----------+------------+------+
[2025-09-09T16:03:29.163+0000] {spark_submit.py:521} INFO - only showing top 20 rows
[2025-09-09T16:03:29.635+0000] {spark_submit.py:521} INFO - 25/09/09 16:03:29 INFO FileSourceStrategy: Pushed Filters: IsNotNull(requirements),Not(EqualTo(requirements,)),IsNotNull(description),Not(EqualTo(description,))
[2025-09-09T16:03:29.636+0000] {spark_submit.py:521} INFO - 25/09/09 16:03:29 INFO FileSourceStrategy: Post-Scan Filters: Set(isnotnull(trim(lower(title#1), None)), NOT (trim(lower(title#1), None) = ), isnotnull(trim(company_name#2, None)), NOT (trim(company_name#2, None) = ), isnotnull(requirements#9), NOT (requirements#9 = ), isnotnull(description#8), NOT (description#8 = ))
[2025-09-09T16:03:29.739+0000] {spark_submit.py:521} INFO - 25/09/09 16:03:29 INFO MemoryStore: Block broadcast_5 stored as values in memory (estimated size 221.1 KiB, free 433.7 MiB)
[2025-09-09T16:03:29.759+0000] {spark_submit.py:521} INFO - 25/09/09 16:03:29 INFO MemoryStore: Block broadcast_5_piece0 stored as bytes in memory (estimated size 40.4 KiB, free 433.6 MiB)
[2025-09-09T16:03:29.759+0000] {spark_submit.py:521} INFO - 25/09/09 16:03:29 INFO SparkContext: Created broadcast 5 from $anonfun$withThreadLocalCaptured$2 at CompletableFuture.java:1768
[2025-09-09T16:03:29.778+0000] {spark_submit.py:521} INFO - 25/09/09 16:03:29 INFO FileSourceScanExec: Planning scan with bin packing, max size: 4194304 bytes, open cost is considered as scanning 4194304 bytes.
[2025-09-09T16:03:29.791+0000] {spark_submit.py:521} INFO - 25/09/09 16:03:29 INFO DAGScheduler: Registering RDD 23 ($anonfun$withThreadLocalCaptured$2 at CompletableFuture.java:1768) as input to shuffle 1
[2025-09-09T16:03:29.795+0000] {spark_submit.py:521} INFO - 25/09/09 16:03:29 INFO DAGScheduler: Got map stage job 3 ($anonfun$withThreadLocalCaptured$2 at CompletableFuture.java:1768) with 1 output partitions
[2025-09-09T16:03:29.799+0000] {spark_submit.py:521} INFO - 25/09/09 16:03:29 INFO DAGScheduler: Final stage: ShuffleMapStage 4 ($anonfun$withThreadLocalCaptured$2 at CompletableFuture.java:1768)
[2025-09-09T16:03:29.800+0000] {spark_submit.py:521} INFO - 25/09/09 16:03:29 INFO DAGScheduler: Parents of final stage: List()
[2025-09-09T16:03:29.804+0000] {spark_submit.py:521} INFO - 25/09/09 16:03:29 INFO DAGScheduler: Missing parents: List()
[2025-09-09T16:03:29.808+0000] {spark_submit.py:521} INFO - 25/09/09 16:03:29 INFO DAGScheduler: Submitting ShuffleMapStage 4 (MapPartitionsRDD[23] at $anonfun$withThreadLocalCaptured$2 at CompletableFuture.java:1768), which has no missing parents
[2025-09-09T16:03:29.809+0000] {spark_submit.py:521} INFO - 25/09/09 16:03:29 INFO MemoryStore: Block broadcast_6 stored as values in memory (estimated size 99.0 KiB, free 433.5 MiB)
[2025-09-09T16:03:29.816+0000] {spark_submit.py:521} INFO - 25/09/09 16:03:29 INFO MemoryStore: Block broadcast_6_piece0 stored as bytes in memory (estimated size 36.1 KiB, free 433.5 MiB)
[2025-09-09T16:03:29.830+0000] {spark_submit.py:521} INFO - 25/09/09 16:03:29 INFO SparkContext: Created broadcast 6 from broadcast at DAGScheduler.scala:1676
[2025-09-09T16:03:29.833+0000] {spark_submit.py:521} INFO - 25/09/09 16:03:29 INFO DAGScheduler: Submitting 1 missing tasks from ShuffleMapStage 4 (MapPartitionsRDD[23] at $anonfun$withThreadLocalCaptured$2 at CompletableFuture.java:1768) (first 15 tasks are for partitions Vector(0))
[2025-09-09T16:03:29.834+0000] {spark_submit.py:521} INFO - 25/09/09 16:03:29 INFO TaskSchedulerImpl: Adding task set 4.0 with 1 tasks resource profile 0
[2025-09-09T16:03:29.838+0000] {spark_submit.py:521} INFO - 25/09/09 16:03:29 INFO TaskSetManager: Starting task 0.0 in stage 4.0 (TID 3) (118acb478e13,executor driver, partition 0, PROCESS_LOCAL, 11173 bytes)
[2025-09-09T16:03:29.859+0000] {spark_submit.py:521} INFO - 25/09/09 16:03:29 INFO Executor: Running task 0.0 in stage 4.0 (TID 3)
[2025-09-09T16:03:29.893+0000] {spark_submit.py:521} INFO - 25/09/09 16:03:29 INFO FileScanRDD: Reading File path: s3a://job/bronze/topcv/topcv_jobs.parquet, range: 0-56841, partition values: [empty row]
[2025-09-09T16:03:30.655+0000] {spark_submit.py:521} INFO - 25/09/09 16:03:30 INFO FilterCompat: Filtering using predicate: and(and(and(noteq(requirements, null), noteq(requirements, Binary{""})), noteq(description, null)), noteq(description, Binary{""}))
[2025-09-09T16:03:30.760+0000] {spark_submit.py:521} INFO - 25/09/09 16:03:30 INFO ColumnIndexFilter: No offset index for column requirements is available; Unable to do filtering
[2025-09-09T16:03:30.837+0000] {spark_submit.py:521} INFO - 25/09/09 16:03:30 INFO PythonUDFWithNamedArgumentsRunner: Times: total = 940, boot = -2983, init = 3499, finish = 424
[2025-09-09T16:03:31.012+0000] {spark_submit.py:521} INFO - 25/09/09 16:03:31 INFO Executor: Finished task 0.0 in stage 4.0 (TID 3). 3772 bytes result sent to driver
[2025-09-09T16:03:31.026+0000] {spark_submit.py:521} INFO - 25/09/09 16:03:31 INFO TaskSetManager: Finished task 0.0 in stage 4.0 (TID 3) in 1190 ms on 118acb478e13 (executor driver) (1/1)
[2025-09-09T16:03:31.026+0000] {spark_submit.py:521} INFO - 25/09/09 16:03:31 INFO TaskSchedulerImpl: Removed TaskSet 4.0 whose tasks have all completed, from pool
[2025-09-09T16:03:31.062+0000] {spark_submit.py:521} INFO - 25/09/09 16:03:31 INFO DAGScheduler: ShuffleMapStage 4 ($anonfun$withThreadLocalCaptured$2 at CompletableFuture.java:1768) finished in 1243 ms
[2025-09-09T16:03:31.065+0000] {spark_submit.py:521} INFO - 25/09/09 16:03:31 INFO DAGScheduler: looking for newly runnable stages
[2025-09-09T16:03:31.070+0000] {spark_submit.py:521} INFO - 25/09/09 16:03:31 INFO DAGScheduler: running: HashSet()
[2025-09-09T16:03:31.077+0000] {spark_submit.py:521} INFO - 25/09/09 16:03:31 INFO DAGScheduler: waiting: HashSet()
[2025-09-09T16:03:31.088+0000] {spark_submit.py:521} INFO - 25/09/09 16:03:31 INFO DAGScheduler: failed: HashSet()
[2025-09-09T16:03:31.089+0000] {spark_submit.py:521} INFO - 25/09/09 16:03:31 INFO ShufflePartitionsUtil: For shuffle(1, advisory target size: 67108864, actual target size 1048576, minimum partition size: 1048576
[2025-09-09T16:03:31.480+0000] {spark_submit.py:521} INFO - 25/09/09 16:03:31 INFO ParquetUtils: Using default output committer for Parquet: org.apache.parquet.hadoop.ParquetOutputCommitter
[2025-09-09T16:03:31.518+0000] {spark_submit.py:521} INFO - 25/09/09 16:03:31 INFO FileOutputCommitter: File Output Committer Algorithm version is 1
[2025-09-09T16:03:31.519+0000] {spark_submit.py:521} INFO - 25/09/09 16:03:31 INFO FileOutputCommitter: FileOutputCommitter skip cleanup _temporary folders under output directory:false, ignore cleanup failures: false
[2025-09-09T16:03:31.521+0000] {spark_submit.py:521} INFO - 25/09/09 16:03:31 INFO SQLHadoopMapReduceCommitProtocol: Using user defined output committer class org.apache.parquet.hadoop.ParquetOutputCommitter
[2025-09-09T16:03:31.522+0000] {spark_submit.py:521} INFO - 25/09/09 16:03:31 INFO FileOutputCommitter: File Output Committer Algorithm version is 1
[2025-09-09T16:03:31.522+0000] {spark_submit.py:521} INFO - 25/09/09 16:03:31 INFO FileOutputCommitter: FileOutputCommitter skip cleanup _temporary folders under output directory:false, ignore cleanup failures: false
[2025-09-09T16:03:31.524+0000] {spark_submit.py:521} INFO - 25/09/09 16:03:31 INFO SQLHadoopMapReduceCommitProtocol: Using output committer class org.apache.parquet.hadoop.ParquetOutputCommitter
[2025-09-09T16:03:31.970+0000] {spark_submit.py:521} INFO - 25/09/09 16:03:31 INFO UploadContentProviders: Stream recreated: ByteArrayContentProvider{buffer with length=0, offset=0} BaseContentProvider{size=0, initiated at 2025-09-09T16:03:31.854411014, streamCreationCount=2, currentStream=null}
[2025-09-09T16:03:32.252+0000] {spark_submit.py:521} INFO - 25/09/09 16:03:32 INFO CodeGenerator: Code generated in 11.197452 ms
[2025-09-09T16:03:32.288+0000] {spark_submit.py:521} INFO - 25/09/09 16:03:32 INFO SparkContext: Starting job: $anonfun$withThreadLocalCaptured$2 at CompletableFuture.java:1768
[2025-09-09T16:03:32.294+0000] {spark_submit.py:521} INFO - 25/09/09 16:03:32 INFO DAGScheduler: Got job 4 ($anonfun$withThreadLocalCaptured$2 at CompletableFuture.java:1768) with 1 output partitions
[2025-09-09T16:03:32.295+0000] {spark_submit.py:521} INFO - 25/09/09 16:03:32 INFO DAGScheduler: Final stage: ResultStage 6 ($anonfun$withThreadLocalCaptured$2 at CompletableFuture.java:1768)
[2025-09-09T16:03:32.295+0000] {spark_submit.py:521} INFO - 25/09/09 16:03:32 INFO DAGScheduler: Parents of final stage: List(ShuffleMapStage 5)
[2025-09-09T16:03:32.296+0000] {spark_submit.py:521} INFO - 25/09/09 16:03:32 INFO DAGScheduler: Missing parents: List()
[2025-09-09T16:03:32.296+0000] {spark_submit.py:521} INFO - 25/09/09 16:03:32 INFO DAGScheduler: Submitting ResultStage 6 (MapPartitionsRDD[29] at $anonfun$withThreadLocalCaptured$2 at CompletableFuture.java:1768), which has no missing parents
[2025-09-09T16:03:32.325+0000] {spark_submit.py:521} INFO - 25/09/09 16:03:32 INFO MemoryStore: Block broadcast_7 stored as values in memory (estimated size 310.6 KiB, free 433.2 MiB)
[2025-09-09T16:03:32.332+0000] {spark_submit.py:521} INFO - 25/09/09 16:03:32 INFO MemoryStore: Block broadcast_7_piece0 stored as bytes in memory (estimated size 112.2 KiB, free 433.1 MiB)
[2025-09-09T16:03:32.333+0000] {spark_submit.py:521} INFO - 25/09/09 16:03:32 INFO SparkContext: Created broadcast 7 from broadcast at DAGScheduler.scala:1676
[2025-09-09T16:03:32.334+0000] {spark_submit.py:521} INFO - 25/09/09 16:03:32 INFO DAGScheduler: Submitting 1 missing tasks from ResultStage 6 (MapPartitionsRDD[29] at $anonfun$withThreadLocalCaptured$2 at CompletableFuture.java:1768) (first 15 tasks are for partitions Vector(0))
[2025-09-09T16:03:32.337+0000] {spark_submit.py:521} INFO - 25/09/09 16:03:32 INFO TaskSchedulerImpl: Adding task set 6.0 with 1 tasks resource profile 0
[2025-09-09T16:03:32.340+0000] {spark_submit.py:521} INFO - 25/09/09 16:03:32 INFO TaskSetManager: Starting task 0.0 in stage 6.0 (TID 4) (118acb478e13,executor driver, partition 0, NODE_LOCAL, 10580 bytes)
[2025-09-09T16:03:32.343+0000] {spark_submit.py:521} INFO - 25/09/09 16:03:32 INFO Executor: Running task 0.0 in stage 6.0 (TID 4)
[2025-09-09T16:03:32.379+0000] {spark_submit.py:521} INFO - 25/09/09 16:03:32 INFO ShuffleBlockFetcherIterator: Getting 1 (11.8 KiB) non-empty blocks including 1 (11.8 KiB) local and 0 (0.0 B) host-local and 0 (0.0 B) push-merged-local and 0 (0.0 B) remote blocks
[2025-09-09T16:03:32.380+0000] {spark_submit.py:521} INFO - 25/09/09 16:03:32 INFO ShuffleBlockFetcherIterator: Started 0 remote fetches in 2 ms
[2025-09-09T16:03:32.426+0000] {spark_submit.py:521} INFO - 25/09/09 16:03:32 INFO CodeGenerator: Code generated in 13.149513 ms
[2025-09-09T16:03:32.429+0000] {spark_submit.py:521} INFO - 25/09/09 16:03:32 INFO FileOutputCommitter: File Output Committer Algorithm version is 1
[2025-09-09T16:03:32.429+0000] {spark_submit.py:521} INFO - 25/09/09 16:03:32 INFO FileOutputCommitter: FileOutputCommitter skip cleanup _temporary folders under output directory:false, ignore cleanup failures: false
[2025-09-09T16:03:32.430+0000] {spark_submit.py:521} INFO - 25/09/09 16:03:32 INFO SQLHadoopMapReduceCommitProtocol: Using user defined output committer class org.apache.parquet.hadoop.ParquetOutputCommitter
[2025-09-09T16:03:32.430+0000] {spark_submit.py:521} INFO - 25/09/09 16:03:32 INFO FileOutputCommitter: File Output Committer Algorithm version is 1
[2025-09-09T16:03:32.430+0000] {spark_submit.py:521} INFO - 25/09/09 16:03:32 INFO FileOutputCommitter: FileOutputCommitter skip cleanup _temporary folders under output directory:false, ignore cleanup failures: false
[2025-09-09T16:03:32.431+0000] {spark_submit.py:521} INFO - 25/09/09 16:03:32 INFO SQLHadoopMapReduceCommitProtocol: Using output committer class org.apache.parquet.hadoop.ParquetOutputCommitter
[2025-09-09T16:03:32.453+0000] {spark_submit.py:521} INFO - 25/09/09 16:03:32 INFO CodecConfig: Compression: SNAPPY
[2025-09-09T16:03:32.457+0000] {spark_submit.py:521} INFO - 25/09/09 16:03:32 INFO CodecConfig: Compression: SNAPPY
[2025-09-09T16:03:32.540+0000] {spark_submit.py:521} INFO - 25/09/09 16:03:32 INFO ParquetOutputFormat: ParquetRecordWriter [block size: 134217728b, row group padding size: 8388608b, validating: false]
[2025-09-09T16:03:32.909+0000] {spark_submit.py:521} INFO - 25/09/09 16:03:32 INFO CodecPool: Got brand-new compressor [.snappy]
[2025-09-09T16:03:33.313+0000] {spark_submit.py:521} INFO - 25/09/09 16:03:33 WARN S3ABlockOutputStream: Application invoked the Syncable API against stream writing to silver/topcv/topcv_jobs.parquet/_temporary/0/_temporary/attempt_202509091603324511873562392321730_0006_m_000000_4/part-00000-1c26a7cc-5ab1-4a9d-bb41-80c7aad168db-c000.snappy.parquet. This is Unsupported
[2025-09-09T16:03:33.326+0000] {spark_submit.py:521} INFO - 25/09/09 16:03:33 INFO UploadContentProviders: Stream recreated: FileWithOffsetContentProvider{file=/tmp/hadoop-***/s3a/s3ablock-0001-8398897574041945505.tmp, offset=0} BaseContentProvider{size=8446, initiated at 2025-09-09T16:03:33.316418680, streamCreationCount=2, currentStream=null}
[2025-09-09T16:03:34.341+0000] {spark_submit.py:521} INFO - 25/09/09 16:03:34 INFO UploadContentProviders: Stream recreated: ByteArrayContentProvider{buffer with length=0, offset=0} BaseContentProvider{size=0, initiated at 2025-09-09T16:03:34.339090048, streamCreationCount=2, currentStream=null}
[2025-09-09T16:03:34.381+0000] {spark_submit.py:521} INFO - 25/09/09 16:03:34 INFO FileOutputCommitter: Saved output of task 'attempt_202509091603324511873562392321730_0006_m_000000_4' to s3a://job/silver/topcv/topcv_jobs.parquet/_temporary/0/task_202509091603324511873562392321730_0006_m_000000
[2025-09-09T16:03:34.386+0000] {spark_submit.py:521} INFO - 25/09/09 16:03:34 INFO SparkHadoopMapRedUtil: attempt_202509091603324511873562392321730_0006_m_000000_4: Committed. Elapsed time: 807 ms.
[2025-09-09T16:03:34.396+0000] {spark_submit.py:521} INFO - 25/09/09 16:03:34 INFO Executor: Finished task 0.0 in stage 6.0 (TID 4). 7355 bytes result sent to driver
[2025-09-09T16:03:34.398+0000] {spark_submit.py:521} INFO - 25/09/09 16:03:34 INFO TaskSetManager: Finished task 0.0 in stage 6.0 (TID 4) in 2063 ms on 118acb478e13 (executor driver) (1/1)
[2025-09-09T16:03:34.399+0000] {spark_submit.py:521} INFO - 25/09/09 16:03:34 INFO TaskSchedulerImpl: Removed TaskSet 6.0 whose tasks have all completed, from pool
[2025-09-09T16:03:34.400+0000] {spark_submit.py:521} INFO - 25/09/09 16:03:34 INFO DAGScheduler: ResultStage 6 ($anonfun$withThreadLocalCaptured$2 at CompletableFuture.java:1768) finished in 2106 ms
[2025-09-09T16:03:34.401+0000] {spark_submit.py:521} INFO - 25/09/09 16:03:34 INFO DAGScheduler: Job 4 is finished. Cancelling potential speculative or zombie tasks for this job
[2025-09-09T16:03:34.402+0000] {spark_submit.py:521} INFO - 25/09/09 16:03:34 INFO TaskSchedulerImpl: Canceling stage 6
[2025-09-09T16:03:34.402+0000] {spark_submit.py:521} INFO - 25/09/09 16:03:34 INFO TaskSchedulerImpl: Killing all running tasks in stage 6: Stage finished
[2025-09-09T16:03:34.403+0000] {spark_submit.py:521} INFO - 25/09/09 16:03:34 INFO DAGScheduler: Job 4 finished: $anonfun$withThreadLocalCaptured$2 at CompletableFuture.java:1768, took 2113.025993 ms
[2025-09-09T16:03:34.405+0000] {spark_submit.py:521} INFO - 25/09/09 16:03:34 INFO FileFormatWriter: Start to commit write Job d0484b07-5257-4124-b633-219e8e75a3ac.
[2025-09-09T16:03:34.764+0000] {spark_submit.py:521} INFO - 25/09/09 16:03:34 INFO UploadContentProviders: Stream recreated: ByteArrayContentProvider{buffer with length=0, offset=0} BaseContentProvider{size=0, initiated at 2025-09-09T16:03:34.762345729, streamCreationCount=2, currentStream=null}
[2025-09-09T16:03:35.133+0000] {spark_submit.py:521} INFO - 25/09/09 16:03:35 INFO UploadContentProviders: Stream recreated: FileWithOffsetContentProvider{file=/tmp/hadoop-***/s3a/s3ablock-0001-14815746691171520224.tmp, offset=0} BaseContentProvider{size=0, initiated at 2025-09-09T16:03:35.131624903, streamCreationCount=2, currentStream=null}
[2025-09-09T16:03:35.193+0000] {spark_submit.py:521} INFO - 25/09/09 16:03:35 INFO FileFormatWriter: Write Job d0484b07-5257-4124-b633-219e8e75a3ac committed. Elapsed time: 786 ms.
[2025-09-09T16:03:35.198+0000] {spark_submit.py:521} INFO - 25/09/09 16:03:35 INFO FileFormatWriter: Finished processing stats for write job d0484b07-5257-4124-b633-219e8e75a3ac.
[2025-09-09T16:03:35.213+0000] {spark_submit.py:521} INFO - ✅ Uploaded Spark DataFrame to MinIO: s3a://job/silver/topcv/topcv_jobs.parquet
[2025-09-09T16:03:35.220+0000] {spark_submit.py:521} INFO - 25/09/09 16:03:35 INFO SparkContext: SparkContext is stopping with exitCode 0 from stop at NativeMethodAccessorImpl.java:0.
[2025-09-09T16:03:35.277+0000] {spark_submit.py:521} INFO - 25/09/09 16:03:35 INFO SparkUI: Stopped Spark web UI at http://118acb478e13:4040
[2025-09-09T16:03:35.320+0000] {spark_submit.py:521} INFO - 25/09/09 16:03:35 INFO MapOutputTrackerMasterEndpoint: MapOutputTrackerMasterEndpoint stopped!
[2025-09-09T16:03:35.403+0000] {spark_submit.py:521} INFO - 25/09/09 16:03:35 INFO MemoryStore: MemoryStore cleared
[2025-09-09T16:03:35.404+0000] {spark_submit.py:521} INFO - 25/09/09 16:03:35 INFO BlockManager: BlockManager stopped
[2025-09-09T16:03:35.410+0000] {spark_submit.py:521} INFO - 25/09/09 16:03:35 INFO BlockManagerMaster: BlockManagerMaster stopped
[2025-09-09T16:03:35.415+0000] {spark_submit.py:521} INFO - 25/09/09 16:03:35 INFO OutputCommitCoordinator$OutputCommitCoordinatorEndpoint: OutputCommitCoordinator stopped!
[2025-09-09T16:03:35.435+0000] {spark_submit.py:521} INFO - 25/09/09 16:03:35 INFO SparkContext: Successfully stopped SparkContext
[2025-09-09T16:03:38.364+0000] {spark_submit.py:521} INFO - 25/09/09 16:03:38 INFO ShutdownHookManager: Shutdown hook called
[2025-09-09T16:03:38.365+0000] {spark_submit.py:521} INFO - 25/09/09 16:03:38 INFO ShutdownHookManager: Deleting directory /tmp/spark-79d43f4f-3a9b-4ea2-810c-f2f46ef13d0c/pyspark-a6ae3a72-11ba-490a-a2ae-2a47374eb2c7
[2025-09-09T16:03:38.376+0000] {spark_submit.py:521} INFO - 25/09/09 16:03:38 INFO ShutdownHookManager: Deleting directory /tmp/artifacts-04b2ede9-b376-4751-88a2-3b644e56fc82
[2025-09-09T16:03:38.385+0000] {spark_submit.py:521} INFO - 25/09/09 16:03:38 INFO ShutdownHookManager: Deleting directory /tmp/spark-914a4d78-9cb4-4958-b3c9-4a9c68534972
[2025-09-09T16:03:38.395+0000] {spark_submit.py:521} INFO - 25/09/09 16:03:38 INFO ShutdownHookManager: Deleting directory /tmp/spark-79d43f4f-3a9b-4ea2-810c-f2f46ef13d0c
[2025-09-09T16:03:38.425+0000] {spark_submit.py:521} INFO - 25/09/09 16:03:38 INFO MetricsSystemImpl: Stopping s3a-file-system metrics system...
[2025-09-09T16:03:38.426+0000] {spark_submit.py:521} INFO - 25/09/09 16:03:38 INFO MetricsSystemImpl: s3a-file-system metrics system stopped.
[2025-09-09T16:03:38.427+0000] {spark_submit.py:521} INFO - 25/09/09 16:03:38 INFO MetricsSystemImpl: s3a-file-system metrics system shutdown complete.
[2025-09-09T16:03:39.142+0000] {taskinstance.py:441} INFO - ::group::Post task execution logs
[2025-09-09T16:03:39.443+0000] {taskinstance.py:1206} INFO - Marking task as SUCCESS. dag_id=spark_transform_pipeline, task_id=silver_group.silver_topcv_transform, run_id=manual__2025-09-09T16:01:56.449781+00:00, execution_date=20250909T160156, start_date=20250909T160203, end_date=20250909T160339
[2025-09-09T16:03:39.689+0000] {local_task_job_runner.py:240} INFO - Task exited with return code 0
[2025-09-09T16:03:39.922+0000] {taskinstance.py:3498} INFO - 1 downstream tasks scheduled from follow-on schedule check
[2025-09-09T16:03:39.925+0000] {local_task_job_runner.py:222} INFO - ::endgroup::
