[2025-08-07T14:02:06.597+0000] {local_task_job_runner.py:120} INFO - ::group::Pre task execution logs
[2025-08-07T14:02:06.647+0000] {taskinstance.py:2076} INFO - Dependencies all met for dep_context=non-requeueable deps ti=<TaskInstance: spark_transform_topcv.submit_spark_job manual__2025-08-07T14:02:02.340741+00:00 [queued]>
[2025-08-07T14:02:06.657+0000] {taskinstance.py:2076} INFO - Dependencies all met for dep_context=requeueable deps ti=<TaskInstance: spark_transform_topcv.submit_spark_job manual__2025-08-07T14:02:02.340741+00:00 [queued]>
[2025-08-07T14:02:06.659+0000] {taskinstance.py:2306} INFO - Starting attempt 1 of 1
[2025-08-07T14:02:06.679+0000] {taskinstance.py:2330} INFO - Executing <Task(SparkSubmitOperator): submit_spark_job> on 2025-08-07 14:02:02.340741+00:00
[2025-08-07T14:02:06.699+0000] {standard_task_runner.py:63} INFO - Started process 1851 to run task
[2025-08-07T14:02:06.703+0000] {standard_task_runner.py:90} INFO - Running: ['***', 'tasks', 'run', 'spark_transform_topcv', 'submit_spark_job', 'manual__2025-08-07T14:02:02.340741+00:00', '--job-id', '57', '--raw', '--subdir', 'DAGS_FOLDER/etl_jobs_dag.py', '--cfg-path', '/tmp/tmptzr5xar3']
[2025-08-07T14:02:06.706+0000] {standard_task_runner.py:91} INFO - Job 57: Subtask submit_spark_job
[2025-08-07T14:02:06.776+0000] {task_command.py:426} INFO - Running <TaskInstance: spark_transform_topcv.submit_spark_job manual__2025-08-07T14:02:02.340741+00:00 [running]> on host 0d9cbc3d310d
[2025-08-07T14:02:06.885+0000] {taskinstance.py:2648} INFO - Exporting env vars: AIRFLOW_CTX_DAG_OWNER='***' AIRFLOW_CTX_DAG_ID='spark_transform_topcv' AIRFLOW_CTX_TASK_ID='submit_spark_job' AIRFLOW_CTX_EXECUTION_DATE='2025-08-07T14:02:02.340741+00:00' AIRFLOW_CTX_TRY_NUMBER='1' AIRFLOW_CTX_DAG_RUN_ID='manual__2025-08-07T14:02:02.340741+00:00'
[2025-08-07T14:02:06.887+0000] {taskinstance.py:430} INFO - ::endgroup::
[2025-08-07T14:02:06.920+0000] {base.py:84} INFO - Using connection ID 'spark_default' for task execution.
[2025-08-07T14:02:06.922+0000] {spark_submit.py:351} INFO - Spark-Submit cmd: spark-submit --master spark://spark-master:7077 --conf spark.hadoop.fs.s3a.endpoint=http://minio:9000 --conf spark.hadoop.fs.s3a.access.key=minioadmin --conf spark.hadoop.fs.s3a.secret.key=****** --conf spark.hadoop.fs.s3a.path.style.access=true --conf spark.hadoop.fs.s3a.impl=org.apache.hadoop.fs.s3a.S3AFileSystem --conf spark.hadoop.fs.s3a.connection.ssl.enabled=false --conf spark.hadoop.fs.s3a.aws.credentials.provider=org.apache.hadoop.fs.s3a.SimpleAWSCredentialsProvider --jars /opt/custom-jars/hadoop-aws-3.2.2.jar,/opt/custom-jars/aws-java-sdk-bundle-1.12.367.jar --name arrow-spark --verbose /opt/spark-jobs/gold_transform.py
[2025-08-07T14:02:09.116+0000] {spark_submit.py:521} INFO - WARNING: Using incubator modules: jdk.incubator.vector
[2025-08-07T14:02:11.353+0000] {spark_submit.py:521} INFO - Parsed arguments:
[2025-08-07T14:02:11.354+0000] {spark_submit.py:521} INFO - master                  spark://spark-master:7077
[2025-08-07T14:02:11.355+0000] {spark_submit.py:521} INFO - remote                  null
[2025-08-07T14:02:11.355+0000] {spark_submit.py:521} INFO - deployMode              null
[2025-08-07T14:02:11.355+0000] {spark_submit.py:521} INFO - executorMemory          null
[2025-08-07T14:02:11.356+0000] {spark_submit.py:521} INFO - executorCores           null
[2025-08-07T14:02:11.356+0000] {spark_submit.py:521} INFO - totalExecutorCores      null
[2025-08-07T14:02:11.356+0000] {spark_submit.py:521} INFO - propertiesFile          null
[2025-08-07T14:02:11.357+0000] {spark_submit.py:521} INFO - driverMemory            null
[2025-08-07T14:02:11.357+0000] {spark_submit.py:521} INFO - driverCores             null
[2025-08-07T14:02:11.357+0000] {spark_submit.py:521} INFO - driverExtraClassPath    null
[2025-08-07T14:02:11.357+0000] {spark_submit.py:521} INFO - driverExtraLibraryPath  null
[2025-08-07T14:02:11.358+0000] {spark_submit.py:521} INFO - driverExtraJavaOptions  null
[2025-08-07T14:02:11.358+0000] {spark_submit.py:521} INFO - supervise               false
[2025-08-07T14:02:11.358+0000] {spark_submit.py:521} INFO - queue                   null
[2025-08-07T14:02:11.359+0000] {spark_submit.py:521} INFO - numExecutors            null
[2025-08-07T14:02:11.360+0000] {spark_submit.py:521} INFO - files                   null
[2025-08-07T14:02:11.360+0000] {spark_submit.py:521} INFO - pyFiles                 null
[2025-08-07T14:02:11.360+0000] {spark_submit.py:521} INFO - archives                null
[2025-08-07T14:02:11.361+0000] {spark_submit.py:521} INFO - mainClass               null
[2025-08-07T14:02:11.361+0000] {spark_submit.py:521} INFO - primaryResource         file:/opt/spark-jobs/gold_transform.py
[2025-08-07T14:02:11.361+0000] {spark_submit.py:521} INFO - name                    arrow-spark
[2025-08-07T14:02:11.362+0000] {spark_submit.py:521} INFO - childArgs               []
[2025-08-07T14:02:11.362+0000] {spark_submit.py:521} INFO - jars                    file:/opt/custom-jars/hadoop-aws-3.2.2.jar,file:/opt/custom-jars/aws-java-sdk-bundle-1.12.367.jar
[2025-08-07T14:02:11.363+0000] {spark_submit.py:521} INFO - packages                null
[2025-08-07T14:02:11.363+0000] {spark_submit.py:521} INFO - packagesExclusions      null
[2025-08-07T14:02:11.363+0000] {spark_submit.py:521} INFO - repositories            null
[2025-08-07T14:02:11.364+0000] {spark_submit.py:521} INFO - verbose                 true
[2025-08-07T14:02:11.364+0000] {spark_submit.py:521} INFO - 
[2025-08-07T14:02:11.364+0000] {spark_submit.py:521} INFO - Spark properties used, including those specified through
[2025-08-07T14:02:11.365+0000] {spark_submit.py:521} INFO - --conf and those from the properties file null:
[2025-08-07T14:02:11.365+0000] {spark_submit.py:521} INFO - (spark.hadoop.fs.s3a.access.key,*********(redacted))
[2025-08-07T14:02:11.365+0000] {spark_submit.py:521} INFO - (spark.hadoop.fs.s3a.aws.credentials.provider,org.apache.hadoop.fs.s3a.SimpleAWSCredentialsProvider)
[2025-08-07T14:02:11.366+0000] {spark_submit.py:521} INFO - (spark.hadoop.fs.s3a.connection.ssl.enabled,false)
[2025-08-07T14:02:11.366+0000] {spark_submit.py:521} INFO - (spark.hadoop.fs.s3a.endpoint,http://minio:9000)
[2025-08-07T14:02:11.368+0000] {spark_submit.py:521} INFO - (spark.hadoop.fs.s3a.impl,org.apache.hadoop.fs.s3a.S3AFileSystem)
[2025-08-07T14:02:11.368+0000] {spark_submit.py:521} INFO - (spark.hadoop.fs.s3a.path.style.access,true)
[2025-08-07T14:02:11.368+0000] {spark_submit.py:521} INFO - (spark.hadoop.fs.s3a.secret.key,*********(redacted))
[2025-08-07T14:02:11.369+0000] {spark_submit.py:521} INFO - 
[2025-08-07T14:02:11.369+0000] {spark_submit.py:521} INFO - 
[2025-08-07T14:02:11.932+0000] {spark_submit.py:521} INFO - 25/08/07 14:02:11 WARN NativeCodeLoader: Unable to load native-hadoop library for your platform... using builtin-java classes where applicable
[2025-08-07T14:02:12.186+0000] {spark_submit.py:521} INFO - Main class:
[2025-08-07T14:02:12.187+0000] {spark_submit.py:521} INFO - org.apache.spark.deploy.PythonRunner
[2025-08-07T14:02:12.188+0000] {spark_submit.py:521} INFO - Arguments:
[2025-08-07T14:02:12.189+0000] {spark_submit.py:521} INFO - file:/opt/spark-jobs/gold_transform.py
[2025-08-07T14:02:12.189+0000] {spark_submit.py:521} INFO - null
[2025-08-07T14:02:12.190+0000] {spark_submit.py:521} INFO - Spark config:
[2025-08-07T14:02:12.190+0000] {spark_submit.py:521} INFO - (spark.app.name,arrow-spark)
[2025-08-07T14:02:12.190+0000] {spark_submit.py:521} INFO - (spark.app.submitTime,1754575332146)
[2025-08-07T14:02:12.191+0000] {spark_submit.py:521} INFO - (spark.hadoop.fs.s3a.access.key,*********(redacted))
[2025-08-07T14:02:12.191+0000] {spark_submit.py:521} INFO - (spark.hadoop.fs.s3a.aws.credentials.provider,org.apache.hadoop.fs.s3a.SimpleAWSCredentialsProvider)
[2025-08-07T14:02:12.191+0000] {spark_submit.py:521} INFO - (spark.hadoop.fs.s3a.connection.ssl.enabled,false)
[2025-08-07T14:02:12.192+0000] {spark_submit.py:521} INFO - (spark.hadoop.fs.s3a.endpoint,http://minio:9000)
[2025-08-07T14:02:12.192+0000] {spark_submit.py:521} INFO - (spark.hadoop.fs.s3a.impl,org.apache.hadoop.fs.s3a.S3AFileSystem)
[2025-08-07T14:02:12.192+0000] {spark_submit.py:521} INFO - (spark.hadoop.fs.s3a.path.style.access,true)
[2025-08-07T14:02:12.192+0000] {spark_submit.py:521} INFO - (spark.hadoop.fs.s3a.secret.key,*********(redacted))
[2025-08-07T14:02:12.193+0000] {spark_submit.py:521} INFO - (spark.jars,file:///opt/custom-jars/hadoop-aws-3.2.2.jar,file:///opt/custom-jars/aws-java-sdk-bundle-1.12.367.jar)
[2025-08-07T14:02:12.193+0000] {spark_submit.py:521} INFO - (spark.master,spark://spark-master:7077)
[2025-08-07T14:02:12.193+0000] {spark_submit.py:521} INFO - (spark.repl.local.jars,file:///opt/custom-jars/hadoop-aws-3.2.2.jar,file:///opt/custom-jars/aws-java-sdk-bundle-1.12.367.jar)
[2025-08-07T14:02:12.194+0000] {spark_submit.py:521} INFO - (spark.submit.deployMode,client)
[2025-08-07T14:02:12.194+0000] {spark_submit.py:521} INFO - (spark.submit.pyFiles,)
[2025-08-07T14:02:12.194+0000] {spark_submit.py:521} INFO - Classpath elements:
[2025-08-07T14:02:12.195+0000] {spark_submit.py:521} INFO - file:///opt/custom-jars/hadoop-aws-3.2.2.jar
[2025-08-07T14:02:12.195+0000] {spark_submit.py:521} INFO - file:///opt/custom-jars/aws-java-sdk-bundle-1.12.367.jar
[2025-08-07T14:02:12.195+0000] {spark_submit.py:521} INFO - 
[2025-08-07T14:02:12.195+0000] {spark_submit.py:521} INFO - 
[2025-08-07T14:02:15.343+0000] {spark_submit.py:521} INFO - Using Spark's default log4j profile: org/apache/spark/log4j2-defaults.properties
[2025-08-07T14:02:15.353+0000] {spark_submit.py:521} INFO - 25/08/07 14:02:15 INFO SparkContext: Running Spark version 4.0.0
[2025-08-07T14:02:15.357+0000] {spark_submit.py:521} INFO - 25/08/07 14:02:15 INFO SparkContext: OS info Linux, 5.15.167.4-microsoft-standard-WSL2, amd64
[2025-08-07T14:02:15.358+0000] {spark_submit.py:521} INFO - 25/08/07 14:02:15 INFO SparkContext: Java version 17.0.15
[2025-08-07T14:02:15.395+0000] {spark_submit.py:521} INFO - 25/08/07 14:02:15 INFO ResourceUtils: ==============================================================
[2025-08-07T14:02:15.395+0000] {spark_submit.py:521} INFO - 25/08/07 14:02:15 INFO ResourceUtils: No custom resources configured for spark.driver.
[2025-08-07T14:02:15.395+0000] {spark_submit.py:521} INFO - 25/08/07 14:02:15 INFO ResourceUtils: ==============================================================
[2025-08-07T14:02:15.398+0000] {spark_submit.py:521} INFO - 25/08/07 14:02:15 INFO SparkContext: Submitted application: GoldTransform
[2025-08-07T14:02:15.431+0000] {spark_submit.py:521} INFO - 25/08/07 14:02:15 INFO ResourceProfile: Default ResourceProfile created, executor resources: Map(memory -> name: memory, amount: 1024, script: , vendor: , offHeap -> name: offHeap, amount: 0, script: , vendor: ), task resources: Map(cpus -> name: cpus, amount: 1.0)
[2025-08-07T14:02:15.433+0000] {spark_submit.py:521} INFO - 25/08/07 14:02:15 INFO ResourceProfile: Limiting resource is cpu
[2025-08-07T14:02:15.434+0000] {spark_submit.py:521} INFO - 25/08/07 14:02:15 INFO ResourceProfileManager: Added ResourceProfile id: 0
[2025-08-07T14:02:15.546+0000] {spark_submit.py:521} INFO - 25/08/07 14:02:15 INFO SecurityManager: Changing view acls to: ***
[2025-08-07T14:02:15.547+0000] {spark_submit.py:521} INFO - 25/08/07 14:02:15 INFO SecurityManager: Changing modify acls to: ***
[2025-08-07T14:02:15.547+0000] {spark_submit.py:521} INFO - 25/08/07 14:02:15 INFO SecurityManager: Changing view acls groups to: ***
[2025-08-07T14:02:15.548+0000] {spark_submit.py:521} INFO - 25/08/07 14:02:15 INFO SecurityManager: Changing modify acls groups to: ***
[2025-08-07T14:02:15.560+0000] {spark_submit.py:521} INFO - 25/08/07 14:02:15 INFO SecurityManager: SecurityManager: authentication disabled; ui acls disabled; users with view permissions: *** groups with view permissions: EMPTY; users with modify permissions: ***; groups with modify permissions: EMPTY; RPC SSL disabled
[2025-08-07T14:02:16.021+0000] {spark_submit.py:521} INFO - 25/08/07 14:02:16 INFO Utils: Successfully started service 'sparkDriver' on port 35547.
[2025-08-07T14:02:16.060+0000] {spark_submit.py:521} INFO - 25/08/07 14:02:16 INFO SparkEnv: Registering MapOutputTracker
[2025-08-07T14:02:16.073+0000] {spark_submit.py:521} INFO - 25/08/07 14:02:16 INFO SparkEnv: Registering BlockManagerMaster
[2025-08-07T14:02:16.102+0000] {spark_submit.py:521} INFO - 25/08/07 14:02:16 INFO BlockManagerMasterEndpoint: Using org.apache.spark.storage.DefaultTopologyMapper for getting topology information
[2025-08-07T14:02:16.103+0000] {spark_submit.py:521} INFO - 25/08/07 14:02:16 INFO BlockManagerMasterEndpoint: BlockManagerMasterEndpoint up
[2025-08-07T14:02:16.107+0000] {spark_submit.py:521} INFO - 25/08/07 14:02:16 INFO SparkEnv: Registering BlockManagerMasterHeartbeat
[2025-08-07T14:02:16.139+0000] {spark_submit.py:521} INFO - 25/08/07 14:02:16 INFO DiskBlockManager: Created local directory at /tmp/blockmgr-40e9f232-84d4-4cea-ab51-1e7b6824641a
[2025-08-07T14:02:16.157+0000] {spark_submit.py:521} INFO - 25/08/07 14:02:16 INFO SparkEnv: Registering OutputCommitCoordinator
[2025-08-07T14:02:16.310+0000] {spark_submit.py:521} INFO - 25/08/07 14:02:16 INFO JettyUtils: Start Jetty 0.0.0.0:4040 for SparkUI
[2025-08-07T14:02:16.388+0000] {spark_submit.py:521} INFO - 25/08/07 14:02:16 INFO Utils: Successfully started service 'SparkUI' on port 4040.
[2025-08-07T14:02:16.424+0000] {spark_submit.py:521} INFO - 25/08/07 14:02:16 INFO SparkContext: Added JAR file:///opt/custom-jars/hadoop-aws-3.2.2.jar at spark://0d9cbc3d310d:35547/jars/hadoop-aws-3.2.2.jar with timestamp 1754575335337
[2025-08-07T14:02:16.425+0000] {spark_submit.py:521} INFO - 25/08/07 14:02:16 INFO SparkContext: Added JAR file:///opt/custom-jars/aws-java-sdk-bundle-1.12.367.jar at spark://0d9cbc3d310d:35547/jars/aws-java-sdk-bundle-1.12.367.jar with timestamp 1754575335337
[2025-08-07T14:02:16.447+0000] {spark_submit.py:521} INFO - 25/08/07 14:02:16 INFO SecurityManager: Changing view acls to: ***
[2025-08-07T14:02:16.447+0000] {spark_submit.py:521} INFO - 25/08/07 14:02:16 INFO SecurityManager: Changing modify acls to: ***
[2025-08-07T14:02:16.448+0000] {spark_submit.py:521} INFO - 25/08/07 14:02:16 INFO SecurityManager: Changing view acls groups to: ***
[2025-08-07T14:02:16.448+0000] {spark_submit.py:521} INFO - 25/08/07 14:02:16 INFO SecurityManager: Changing modify acls groups to: ***
[2025-08-07T14:02:16.448+0000] {spark_submit.py:521} INFO - 25/08/07 14:02:16 INFO SecurityManager: SecurityManager: authentication disabled; ui acls disabled; users with view permissions: *** groups with view permissions: EMPTY; users with modify permissions: ***; groups with modify permissions: EMPTY; RPC SSL disabled
[2025-08-07T14:02:16.600+0000] {spark_submit.py:521} INFO - 25/08/07 14:02:16 INFO StandaloneAppClient$ClientEndpoint: Connecting to master spark://spark-master:7077...
[2025-08-07T14:02:16.648+0000] {spark_submit.py:521} INFO - 25/08/07 14:02:16 INFO TransportClientFactory: Successfully created connection to spark-master/172.19.0.2:7077 after 23 ms (0 ms spent in bootstraps)
[2025-08-07T14:02:16.819+0000] {spark_submit.py:521} INFO - 25/08/07 14:02:16 INFO StandaloneSchedulerBackend: Connected to Spark cluster with app ID app-20250807140216-0000
[2025-08-07T14:02:16.832+0000] {spark_submit.py:521} INFO - 25/08/07 14:02:16 INFO Utils: Successfully started service 'org.apache.spark.network.netty.NettyBlockTransferService' on port 46881.
[2025-08-07T14:02:16.833+0000] {spark_submit.py:521} INFO - 25/08/07 14:02:16 INFO NettyBlockTransferService: Server created on 0d9cbc3d310d:46881
[2025-08-07T14:02:16.835+0000] {spark_submit.py:521} INFO - 25/08/07 14:02:16 INFO BlockManager: Using org.apache.spark.storage.RandomBlockReplicationPolicy for block replication policy
[2025-08-07T14:02:16.852+0000] {spark_submit.py:521} INFO - 25/08/07 14:02:16 INFO BlockManagerMaster: Registering BlockManager BlockManagerId(driver, 0d9cbc3d310d, 46881, None)
[2025-08-07T14:02:16.860+0000] {spark_submit.py:521} INFO - 25/08/07 14:02:16 INFO BlockManagerMasterEndpoint: Registering block manager 0d9cbc3d310d:46881 with 434.4 MiB RAM, BlockManagerId(driver, 0d9cbc3d310d, 46881, None)
[2025-08-07T14:02:16.865+0000] {spark_submit.py:521} INFO - 25/08/07 14:02:16 INFO BlockManagerMaster: Registered BlockManager BlockManagerId(driver, 0d9cbc3d310d, 46881, None)
[2025-08-07T14:02:16.869+0000] {spark_submit.py:521} INFO - 25/08/07 14:02:16 INFO BlockManager: Initialized BlockManager: BlockManagerId(driver, 0d9cbc3d310d, 46881, None)
[2025-08-07T14:02:16.921+0000] {spark_submit.py:521} INFO - 25/08/07 14:02:16 INFO StandaloneAppClient$ClientEndpoint: Executor added: app-20250807140216-0000/0 on worker-20250807140131-172.19.0.5-33007 (172.19.0.5:33007) with 2 core(s)
[2025-08-07T14:02:16.922+0000] {spark_submit.py:521} INFO - 25/08/07 14:02:16 INFO StandaloneSchedulerBackend: Granted executor ID app-20250807140216-0000/0 on hostPort 172.19.0.5:33007 with 2 core(s), 1024.0 MiB RAM
[2025-08-07T14:02:17.046+0000] {spark_submit.py:521} INFO - 25/08/07 14:02:17 INFO StandaloneSchedulerBackend: SchedulerBackend is ready for scheduling beginning after reached minRegisteredResourcesRatio: 0.0
[2025-08-07T14:02:17.339+0000] {spark_submit.py:521} INFO - 25/08/07 14:02:17 INFO StandaloneAppClient$ClientEndpoint: Executor updated: app-20250807140216-0000/0 is now RUNNING
[2025-08-07T14:02:20.694+0000] {spark_submit.py:521} INFO - 25/08/07 14:02:20 INFO SharedState: Setting hive.metastore.warehouse.dir ('null') to the value of spark.sql.warehouse.dir.
[2025-08-07T14:02:20.698+0000] {spark_submit.py:521} INFO - 25/08/07 14:02:20 INFO SharedState: Warehouse path is 'file:/opt/***/spark-warehouse'.
[2025-08-07T14:02:21.633+0000] {spark_submit.py:521} INFO - 25/08/07 14:02:21 INFO StandaloneSchedulerBackend$StandaloneDriverEndpoint: Registered executor NettyRpcEndpointRef(spark-client://Executor) (172.19.0.5:49606) with ID 0, ResourceProfileId 0
[2025-08-07T14:02:22.003+0000] {spark_submit.py:521} INFO - 25/08/07 14:02:22 INFO BlockManagerMasterEndpoint: Registering block manager 172.19.0.5:46471 with 434.4 MiB RAM, BlockManagerId(0, 172.19.0.5, 46471, None)
[2025-08-07T14:02:22.688+0000] {spark_submit.py:521} INFO - 25/08/07 14:02:22 WARN MetricsConfig: Cannot locate configuration: tried hadoop-metrics2-s3a-file-system.properties,hadoop-metrics2.properties
[2025-08-07T14:02:22.711+0000] {spark_submit.py:521} INFO - 25/08/07 14:02:22 INFO MetricsSystemImpl: Scheduled Metric snapshot period at 10 second(s).
[2025-08-07T14:02:22.712+0000] {spark_submit.py:521} INFO - 25/08/07 14:02:22 INFO MetricsSystemImpl: s3a-file-system metrics system started
[2025-08-07T14:02:23.391+0000] {spark_submit.py:521} INFO - 25/08/07 14:02:23 WARN FileSystem: Failed to initialize filesystem s3a://bronze/topcv/topcv_jobs.parquet: java.lang.NumberFormatException: For input string: "30s"
[2025-08-07T14:02:23.394+0000] {spark_submit.py:521} INFO - 25/08/07 14:02:23 INFO MetricsSystemImpl: Stopping s3a-file-system metrics system...
[2025-08-07T14:02:23.395+0000] {spark_submit.py:521} INFO - 25/08/07 14:02:23 INFO MetricsSystemImpl: s3a-file-system metrics system stopped.
[2025-08-07T14:02:23.395+0000] {spark_submit.py:521} INFO - 25/08/07 14:02:23 INFO MetricsSystemImpl: s3a-file-system metrics system shutdown complete.
[2025-08-07T14:02:23.396+0000] {spark_submit.py:521} INFO - 25/08/07 14:02:23 WARN FileStreamSink: Assume no metadata directory. Error while looking for metadata directory in the path: s3a://bronze/topcv/topcv_jobs.parquet.
[2025-08-07T14:02:23.396+0000] {spark_submit.py:521} INFO - java.lang.NumberFormatException: For input string: "30s"
[2025-08-07T14:02:23.397+0000] {spark_submit.py:521} INFO - at java.base/java.lang.NumberFormatException.forInputString(NumberFormatException.java:67)
[2025-08-07T14:02:23.397+0000] {spark_submit.py:521} INFO - at java.base/java.lang.Integer.parseInt(Integer.java:668)
[2025-08-07T14:02:23.397+0000] {spark_submit.py:521} INFO - at java.base/java.lang.Integer.parseInt(Integer.java:786)
[2025-08-07T14:02:23.397+0000] {spark_submit.py:521} INFO - at org.apache.hadoop.conf.Configuration.getInt(Configuration.java:1554)
[2025-08-07T14:02:23.398+0000] {spark_submit.py:521} INFO - at org.apache.hadoop.fs.s3a.S3AUtils.intOption(S3AUtils.java:914)
[2025-08-07T14:02:23.398+0000] {spark_submit.py:521} INFO - at org.apache.hadoop.fs.s3a.S3AUtils.initConnectionSettings(S3AUtils.java:1169)
[2025-08-07T14:02:23.398+0000] {spark_submit.py:521} INFO - at org.apache.hadoop.fs.s3a.S3AUtils.createAwsConf(S3AUtils.java:1148)
[2025-08-07T14:02:23.398+0000] {spark_submit.py:521} INFO - at org.apache.hadoop.fs.s3a.DefaultS3ClientFactory.createS3Client(DefaultS3ClientFactory.java:52)
[2025-08-07T14:02:23.399+0000] {spark_submit.py:521} INFO - at org.apache.hadoop.fs.s3a.S3AFileSystem.initialize(S3AFileSystem.java:270)
[2025-08-07T14:02:23.399+0000] {spark_submit.py:521} INFO - at org.apache.hadoop.fs.FileSystem.createFileSystem(FileSystem.java:3615)
[2025-08-07T14:02:23.399+0000] {spark_submit.py:521} INFO - at org.apache.hadoop.fs.FileSystem.access$300(FileSystem.java:172)
[2025-08-07T14:02:23.400+0000] {spark_submit.py:521} INFO - at org.apache.hadoop.fs.FileSystem$Cache.getInternal(FileSystem.java:3716)
[2025-08-07T14:02:23.400+0000] {spark_submit.py:521} INFO - at org.apache.hadoop.fs.FileSystem$Cache.get(FileSystem.java:3667)
[2025-08-07T14:02:23.400+0000] {spark_submit.py:521} INFO - at org.apache.hadoop.fs.FileSystem.get(FileSystem.java:557)
[2025-08-07T14:02:23.400+0000] {spark_submit.py:521} INFO - at org.apache.hadoop.fs.Path.getFileSystem(Path.java:366)
[2025-08-07T14:02:23.401+0000] {spark_submit.py:521} INFO - at org.apache.spark.sql.execution.streaming.FileStreamSink$.hasMetadata(FileStreamSink.scala:55)
[2025-08-07T14:02:23.401+0000] {spark_submit.py:521} INFO - at org.apache.spark.sql.execution.datasources.DataSource.resolveRelation(DataSource.scala:381)
[2025-08-07T14:02:23.401+0000] {spark_submit.py:521} INFO - at org.apache.spark.sql.catalyst.analysis.ResolveDataSource.org$apache$spark$sql$catalyst$analysis$ResolveDataSource$$loadV1BatchSource(ResolveDataSource.scala:143)
[2025-08-07T14:02:23.402+0000] {spark_submit.py:521} INFO - at org.apache.spark.sql.catalyst.analysis.ResolveDataSource$$anonfun$apply$1.$anonfun$applyOrElse$2(ResolveDataSource.scala:61)
[2025-08-07T14:02:23.402+0000] {spark_submit.py:521} INFO - at scala.Option.getOrElse(Option.scala:201)
[2025-08-07T14:02:23.402+0000] {spark_submit.py:521} INFO - at org.apache.spark.sql.catalyst.analysis.ResolveDataSource$$anonfun$apply$1.applyOrElse(ResolveDataSource.scala:61)
[2025-08-07T14:02:23.403+0000] {spark_submit.py:521} INFO - at org.apache.spark.sql.catalyst.analysis.ResolveDataSource$$anonfun$apply$1.applyOrElse(ResolveDataSource.scala:45)
[2025-08-07T14:02:23.403+0000] {spark_submit.py:521} INFO - at org.apache.spark.sql.catalyst.plans.logical.AnalysisHelper.$anonfun$resolveOperatorsUpWithPruning$3(AnalysisHelper.scala:139)
[2025-08-07T14:02:23.403+0000] {spark_submit.py:521} INFO - at org.apache.spark.sql.catalyst.trees.CurrentOrigin$.withOrigin(origin.scala:86)
[2025-08-07T14:02:23.403+0000] {spark_submit.py:521} INFO - at org.apache.spark.sql.catalyst.plans.logical.AnalysisHelper.$anonfun$resolveOperatorsUpWithPruning$1(AnalysisHelper.scala:139)
[2025-08-07T14:02:23.404+0000] {spark_submit.py:521} INFO - at org.apache.spark.sql.catalyst.plans.logical.AnalysisHelper$.allowInvokingTransformsInAnalyzer(AnalysisHelper.scala:416)
[2025-08-07T14:02:23.405+0000] {spark_submit.py:521} INFO - at org.apache.spark.sql.catalyst.plans.logical.AnalysisHelper.resolveOperatorsUpWithPruning(AnalysisHelper.scala:135)
[2025-08-07T14:02:23.406+0000] {spark_submit.py:521} INFO - at org.apache.spark.sql.catalyst.plans.logical.AnalysisHelper.resolveOperatorsUpWithPruning$(AnalysisHelper.scala:131)
[2025-08-07T14:02:23.406+0000] {spark_submit.py:521} INFO - at org.apache.spark.sql.catalyst.plans.logical.LogicalPlan.resolveOperatorsUpWithPruning(LogicalPlan.scala:37)
[2025-08-07T14:02:23.406+0000] {spark_submit.py:521} INFO - at org.apache.spark.sql.catalyst.plans.logical.AnalysisHelper.resolveOperatorsUp(AnalysisHelper.scala:112)
[2025-08-07T14:02:23.407+0000] {spark_submit.py:521} INFO - at org.apache.spark.sql.catalyst.plans.logical.AnalysisHelper.resolveOperatorsUp$(AnalysisHelper.scala:111)
[2025-08-07T14:02:23.407+0000] {spark_submit.py:521} INFO - at org.apache.spark.sql.catalyst.plans.logical.LogicalPlan.resolveOperatorsUp(LogicalPlan.scala:37)
[2025-08-07T14:02:23.407+0000] {spark_submit.py:521} INFO - at org.apache.spark.sql.catalyst.analysis.ResolveDataSource.apply(ResolveDataSource.scala:45)
[2025-08-07T14:02:23.407+0000] {spark_submit.py:521} INFO - at org.apache.spark.sql.catalyst.analysis.ResolveDataSource.apply(ResolveDataSource.scala:43)
[2025-08-07T14:02:23.408+0000] {spark_submit.py:521} INFO - at org.apache.spark.sql.catalyst.rules.RuleExecutor.$anonfun$execute$2(RuleExecutor.scala:242)
[2025-08-07T14:02:23.408+0000] {spark_submit.py:521} INFO - at scala.collection.LinearSeqOps.foldLeft(LinearSeq.scala:183)
[2025-08-07T14:02:23.408+0000] {spark_submit.py:521} INFO - at scala.collection.LinearSeqOps.foldLeft$(LinearSeq.scala:179)
[2025-08-07T14:02:23.408+0000] {spark_submit.py:521} INFO - at scala.collection.immutable.List.foldLeft(List.scala:79)
[2025-08-07T14:02:23.409+0000] {spark_submit.py:521} INFO - at org.apache.spark.sql.catalyst.rules.RuleExecutor.$anonfun$execute$1(RuleExecutor.scala:239)
[2025-08-07T14:02:23.409+0000] {spark_submit.py:521} INFO - at org.apache.spark.sql.catalyst.rules.RuleExecutor.$anonfun$execute$1$adapted(RuleExecutor.scala:231)
[2025-08-07T14:02:23.409+0000] {spark_submit.py:521} INFO - at scala.collection.immutable.List.foreach(List.scala:334)
[2025-08-07T14:02:23.410+0000] {spark_submit.py:521} INFO - at org.apache.spark.sql.catalyst.rules.RuleExecutor.execute(RuleExecutor.scala:231)
[2025-08-07T14:02:23.410+0000] {spark_submit.py:521} INFO - at org.apache.spark.sql.catalyst.analysis.Analyzer.org$apache$spark$sql$catalyst$analysis$Analyzer$$executeSameContext(Analyzer.scala:290)
[2025-08-07T14:02:23.410+0000] {spark_submit.py:521} INFO - at org.apache.spark.sql.catalyst.analysis.Analyzer.$anonfun$execute$1(Analyzer.scala:286)
[2025-08-07T14:02:23.411+0000] {spark_submit.py:521} INFO - at org.apache.spark.sql.catalyst.analysis.AnalysisContext$.withNewAnalysisContext(Analyzer.scala:234)
[2025-08-07T14:02:23.411+0000] {spark_submit.py:521} INFO - at org.apache.spark.sql.catalyst.analysis.Analyzer.execute(Analyzer.scala:286)
[2025-08-07T14:02:23.411+0000] {spark_submit.py:521} INFO - at org.apache.spark.sql.catalyst.analysis.Analyzer.execute(Analyzer.scala:249)
[2025-08-07T14:02:23.411+0000] {spark_submit.py:521} INFO - at org.apache.spark.sql.catalyst.rules.RuleExecutor.$anonfun$executeAndTrack$1(RuleExecutor.scala:201)
[2025-08-07T14:02:23.412+0000] {spark_submit.py:521} INFO - at org.apache.spark.sql.catalyst.QueryPlanningTracker$.withTracker(QueryPlanningTracker.scala:89)
[2025-08-07T14:02:23.412+0000] {spark_submit.py:521} INFO - at org.apache.spark.sql.catalyst.rules.RuleExecutor.executeAndTrack(RuleExecutor.scala:201)
[2025-08-07T14:02:23.412+0000] {spark_submit.py:521} INFO - at org.apache.spark.sql.catalyst.analysis.resolver.HybridAnalyzer.resolveInFixedPoint(HybridAnalyzer.scala:190)
[2025-08-07T14:02:23.413+0000] {spark_submit.py:521} INFO - at org.apache.spark.sql.catalyst.analysis.resolver.HybridAnalyzer.$anonfun$apply$1(HybridAnalyzer.scala:76)
[2025-08-07T14:02:23.413+0000] {spark_submit.py:521} INFO - at org.apache.spark.sql.catalyst.analysis.resolver.HybridAnalyzer.withTrackedAnalyzerBridgeState(HybridAnalyzer.scala:111)
[2025-08-07T14:02:23.413+0000] {spark_submit.py:521} INFO - at org.apache.spark.sql.catalyst.analysis.resolver.HybridAnalyzer.apply(HybridAnalyzer.scala:71)
[2025-08-07T14:02:23.413+0000] {spark_submit.py:521} INFO - at org.apache.spark.sql.catalyst.analysis.Analyzer.$anonfun$executeAndCheck$1(Analyzer.scala:280)
[2025-08-07T14:02:23.414+0000] {spark_submit.py:521} INFO - at org.apache.spark.sql.catalyst.plans.logical.AnalysisHelper$.markInAnalyzer(AnalysisHelper.scala:423)
[2025-08-07T14:02:23.414+0000] {spark_submit.py:521} INFO - at org.apache.spark.sql.catalyst.analysis.Analyzer.executeAndCheck(Analyzer.scala:280)
[2025-08-07T14:02:23.414+0000] {spark_submit.py:521} INFO - at org.apache.spark.sql.execution.QueryExecution.$anonfun$lazyAnalyzed$2(QueryExecution.scala:110)
[2025-08-07T14:02:23.414+0000] {spark_submit.py:521} INFO - at org.apache.spark.sql.catalyst.QueryPlanningTracker.measurePhase(QueryPlanningTracker.scala:148)
[2025-08-07T14:02:23.414+0000] {spark_submit.py:521} INFO - at org.apache.spark.sql.execution.QueryExecution.$anonfun$executePhase$2(QueryExecution.scala:278)
[2025-08-07T14:02:23.415+0000] {spark_submit.py:521} INFO - at org.apache.spark.sql.execution.QueryExecution$.withInternalError(QueryExecution.scala:654)
[2025-08-07T14:02:23.415+0000] {spark_submit.py:521} INFO - at org.apache.spark.sql.execution.QueryExecution.$anonfun$executePhase$1(QueryExecution.scala:278)
[2025-08-07T14:02:23.415+0000] {spark_submit.py:521} INFO - at org.apache.spark.sql.SparkSession.withActive(SparkSession.scala:804)
[2025-08-07T14:02:23.415+0000] {spark_submit.py:521} INFO - at org.apache.spark.sql.execution.QueryExecution.executePhase(QueryExecution.scala:277)
[2025-08-07T14:02:23.416+0000] {spark_submit.py:521} INFO - at org.apache.spark.sql.execution.QueryExecution.$anonfun$lazyAnalyzed$1(QueryExecution.scala:110)
[2025-08-07T14:02:23.416+0000] {spark_submit.py:521} INFO - at scala.util.Try$.apply(Try.scala:217)
[2025-08-07T14:02:23.416+0000] {spark_submit.py:521} INFO - at org.apache.spark.util.Utils$.doTryWithCallerStacktrace(Utils.scala:1378)
[2025-08-07T14:02:23.416+0000] {spark_submit.py:521} INFO - at org.apache.spark.util.LazyTry.tryT$lzycompute(LazyTry.scala:46)
[2025-08-07T14:02:23.417+0000] {spark_submit.py:521} INFO - at org.apache.spark.util.LazyTry.tryT(LazyTry.scala:46)
[2025-08-07T14:02:23.417+0000] {spark_submit.py:521} INFO - at org.apache.spark.util.LazyTry.get(LazyTry.scala:58)
[2025-08-07T14:02:23.417+0000] {spark_submit.py:521} INFO - at org.apache.spark.sql.execution.QueryExecution.analyzed(QueryExecution.scala:121)
[2025-08-07T14:02:23.417+0000] {spark_submit.py:521} INFO - at org.apache.spark.sql.execution.QueryExecution.assertAnalyzed(QueryExecution.scala:80)
[2025-08-07T14:02:23.418+0000] {spark_submit.py:521} INFO - at org.apache.spark.sql.classic.Dataset$.$anonfun$ofRows$1(Dataset.scala:115)
[2025-08-07T14:02:23.418+0000] {spark_submit.py:521} INFO - at org.apache.spark.sql.SparkSession.withActive(SparkSession.scala:804)
[2025-08-07T14:02:23.418+0000] {spark_submit.py:521} INFO - at org.apache.spark.sql.classic.Dataset$.ofRows(Dataset.scala:113)
[2025-08-07T14:02:23.418+0000] {spark_submit.py:521} INFO - at org.apache.spark.sql.classic.DataFrameReader.load(DataFrameReader.scala:109)
[2025-08-07T14:02:23.418+0000] {spark_submit.py:521} INFO - at org.apache.spark.sql.classic.DataFrameReader.load(DataFrameReader.scala:58)
[2025-08-07T14:02:23.419+0000] {spark_submit.py:521} INFO - at org.apache.spark.sql.DataFrameReader.parquet(DataFrameReader.scala:457)
[2025-08-07T14:02:23.419+0000] {spark_submit.py:521} INFO - at org.apache.spark.sql.classic.DataFrameReader.parquet(DataFrameReader.scala:306)
[2025-08-07T14:02:23.419+0000] {spark_submit.py:521} INFO - at org.apache.spark.sql.classic.DataFrameReader.parquet(DataFrameReader.scala:58)
[2025-08-07T14:02:23.420+0000] {spark_submit.py:521} INFO - at java.base/jdk.internal.reflect.NativeMethodAccessorImpl.invoke0(Native Method)
[2025-08-07T14:02:23.420+0000] {spark_submit.py:521} INFO - at java.base/jdk.internal.reflect.NativeMethodAccessorImpl.invoke(NativeMethodAccessorImpl.java:77)
[2025-08-07T14:02:23.420+0000] {spark_submit.py:521} INFO - at java.base/jdk.internal.reflect.DelegatingMethodAccessorImpl.invoke(DelegatingMethodAccessorImpl.java:43)
[2025-08-07T14:02:23.420+0000] {spark_submit.py:521} INFO - at java.base/java.lang.reflect.Method.invoke(Method.java:569)
[2025-08-07T14:02:23.421+0000] {spark_submit.py:521} INFO - at py4j.reflection.MethodInvoker.invoke(MethodInvoker.java:244)
[2025-08-07T14:02:23.421+0000] {spark_submit.py:521} INFO - at py4j.reflection.ReflectionEngine.invoke(ReflectionEngine.java:374)
[2025-08-07T14:02:23.421+0000] {spark_submit.py:521} INFO - at py4j.Gateway.invoke(Gateway.java:282)
[2025-08-07T14:02:23.421+0000] {spark_submit.py:521} INFO - at py4j.commands.AbstractCommand.invokeMethod(AbstractCommand.java:132)
[2025-08-07T14:02:23.422+0000] {spark_submit.py:521} INFO - at py4j.commands.CallCommand.execute(CallCommand.java:79)
[2025-08-07T14:02:23.422+0000] {spark_submit.py:521} INFO - at py4j.ClientServerConnection.waitForCommands(ClientServerConnection.java:184)
[2025-08-07T14:02:23.422+0000] {spark_submit.py:521} INFO - at py4j.ClientServerConnection.run(ClientServerConnection.java:108)
[2025-08-07T14:02:23.422+0000] {spark_submit.py:521} INFO - at java.base/java.lang.Thread.run(Thread.java:840)
[2025-08-07T14:02:23.423+0000] {spark_submit.py:521} INFO - 25/08/07 14:02:23 WARN MetricsConfig: Cannot locate configuration: tried hadoop-metrics2-s3a-file-system.properties,hadoop-metrics2.properties
[2025-08-07T14:02:23.423+0000] {spark_submit.py:521} INFO - 25/08/07 14:02:23 INFO MetricsSystemImpl: Scheduled Metric snapshot period at 10 second(s).
[2025-08-07T14:02:23.423+0000] {spark_submit.py:521} INFO - 25/08/07 14:02:23 INFO MetricsSystemImpl: s3a-file-system metrics system started
[2025-08-07T14:02:23.423+0000] {spark_submit.py:521} INFO - 25/08/07 14:02:23 WARN FileSystem: Failed to initialize filesystem s3a://bronze/topcv/topcv_jobs.parquet: java.lang.NumberFormatException: For input string: "30s"
[2025-08-07T14:02:23.424+0000] {spark_submit.py:521} INFO - 25/08/07 14:02:23 INFO MetricsSystemImpl: Stopping s3a-file-system metrics system...
[2025-08-07T14:02:23.424+0000] {spark_submit.py:521} INFO - 25/08/07 14:02:23 INFO MetricsSystemImpl: s3a-file-system metrics system stopped.
[2025-08-07T14:02:23.424+0000] {spark_submit.py:521} INFO - 25/08/07 14:02:23 INFO MetricsSystemImpl: s3a-file-system metrics system shutdown complete.
[2025-08-07T14:02:23.471+0000] {spark_submit.py:521} INFO - Traceback (most recent call last):
[2025-08-07T14:02:23.472+0000] {spark_submit.py:521} INFO - File "/opt/spark-jobs/gold_transform.py", line 12, in <module>
[2025-08-07T14:02:23.475+0000] {spark_submit.py:521} INFO - df = spark.read.parquet("s3a://bronze/topcv/topcv_jobs.parquet")
[2025-08-07T14:02:23.475+0000] {spark_submit.py:521} INFO - ^^^^^^^^^^^^^^^^^^^^^^^^^^^^^^^^^^^^^^^^^^^^^^^^^^^^^^^^^^^
[2025-08-07T14:02:23.475+0000] {spark_submit.py:521} INFO - File "/home/***/.local/lib/python3.11/site-packages/pyspark/python/lib/pyspark.zip/pyspark/sql/readwriter.py", line 642, in parquet
[2025-08-07T14:02:23.476+0000] {spark_submit.py:521} INFO - File "/home/***/.local/lib/python3.11/site-packages/pyspark/python/lib/py4j-0.10.9.9-src.zip/py4j/java_gateway.py", line 1362, in __call__
[2025-08-07T14:02:23.476+0000] {spark_submit.py:521} INFO - File "/home/***/.local/lib/python3.11/site-packages/pyspark/python/lib/pyspark.zip/pyspark/errors/exceptions/captured.py", line 288, in deco
[2025-08-07T14:02:23.479+0000] {spark_submit.py:521} INFO - pyspark.errors.exceptions.captured.NumberFormatException: For input string: "30s"
[2025-08-07T14:02:23.644+0000] {spark_submit.py:521} INFO - 25/08/07 14:02:23 INFO SparkContext: Invoking stop() from shutdown hook
[2025-08-07T14:02:23.649+0000] {spark_submit.py:521} INFO - 25/08/07 14:02:23 INFO SparkContext: SparkContext is stopping with exitCode 0 from run at Executors.java:539.
[2025-08-07T14:02:23.661+0000] {spark_submit.py:521} INFO - 25/08/07 14:02:23 INFO SparkUI: Stopped Spark web UI at http://0d9cbc3d310d:4040
[2025-08-07T14:02:23.664+0000] {spark_submit.py:521} INFO - 25/08/07 14:02:23 INFO StandaloneSchedulerBackend: Shutting down all executors
[2025-08-07T14:02:23.664+0000] {spark_submit.py:521} INFO - 25/08/07 14:02:23 INFO StandaloneSchedulerBackend$StandaloneDriverEndpoint: Asking each executor to shut down
[2025-08-07T14:02:23.687+0000] {spark_submit.py:521} INFO - 25/08/07 14:02:23 INFO MapOutputTrackerMasterEndpoint: MapOutputTrackerMasterEndpoint stopped!
[2025-08-07T14:02:23.734+0000] {spark_submit.py:521} INFO - 25/08/07 14:02:23 INFO MemoryStore: MemoryStore started with capacity 434.4 MiB
[2025-08-07T14:02:23.735+0000] {spark_submit.py:521} INFO - 25/08/07 14:02:23 INFO MemoryStore: MemoryStore cleared
[2025-08-07T14:02:23.736+0000] {spark_submit.py:521} INFO - 25/08/07 14:02:23 INFO BlockManager: BlockManager stopped
[2025-08-07T14:02:23.746+0000] {spark_submit.py:521} INFO - 25/08/07 14:02:23 INFO BlockManagerMaster: BlockManagerMaster stopped
[2025-08-07T14:02:23.749+0000] {spark_submit.py:521} INFO - 25/08/07 14:02:23 INFO OutputCommitCoordinator$OutputCommitCoordinatorEndpoint: OutputCommitCoordinator stopped!
[2025-08-07T14:02:23.760+0000] {spark_submit.py:521} INFO - 25/08/07 14:02:23 INFO SparkContext: Successfully stopped SparkContext
[2025-08-07T14:02:23.761+0000] {spark_submit.py:521} INFO - 25/08/07 14:02:23 INFO ShutdownHookManager: Shutdown hook called
[2025-08-07T14:02:23.763+0000] {spark_submit.py:521} INFO - 25/08/07 14:02:23 INFO ShutdownHookManager: Deleting directory /tmp/spark-9637e0cc-4789-4812-b0e6-ae86b8c4f414
[2025-08-07T14:02:23.768+0000] {spark_submit.py:521} INFO - 25/08/07 14:02:23 INFO ShutdownHookManager: Deleting directory /tmp/spark-926d0453-ccd5-4fad-96a5-50cbbcd4ba84/pyspark-b653270b-87bb-4f64-a8df-1b65a534c5bc
[2025-08-07T14:02:23.773+0000] {spark_submit.py:521} INFO - 25/08/07 14:02:23 INFO ShutdownHookManager: Deleting directory /tmp/spark-926d0453-ccd5-4fad-96a5-50cbbcd4ba84
[2025-08-07T14:02:24.130+0000] {taskinstance.py:441} INFO - ::group::Post task execution logs
[2025-08-07T14:02:24.140+0000] {taskinstance.py:2905} ERROR - Task failed with exception
Traceback (most recent call last):
  File "/home/airflow/.local/lib/python3.11/site-packages/airflow/models/taskinstance.py", line 465, in _execute_task
    result = _execute_callable(context=context, **execute_callable_kwargs)
             ^^^^^^^^^^^^^^^^^^^^^^^^^^^^^^^^^^^^^^^^^^^^^^^^^^^^^^^^^^^^^
  File "/home/airflow/.local/lib/python3.11/site-packages/airflow/models/taskinstance.py", line 432, in _execute_callable
    return execute_callable(context=context, **execute_callable_kwargs)
           ^^^^^^^^^^^^^^^^^^^^^^^^^^^^^^^^^^^^^^^^^^^^^^^^^^^^^^^^^^^^
  File "/home/airflow/.local/lib/python3.11/site-packages/airflow/models/baseoperator.py", line 400, in wrapper
    return func(self, *args, **kwargs)
           ^^^^^^^^^^^^^^^^^^^^^^^^^^^
  File "/home/airflow/.local/lib/python3.11/site-packages/airflow/providers/apache/spark/operators/spark_submit.py", line 156, in execute
    self._hook.submit(self._application)
  File "/home/airflow/.local/lib/python3.11/site-packages/airflow/providers/apache/spark/hooks/spark_submit.py", line 452, in submit
    raise AirflowException(
airflow.exceptions.AirflowException: Cannot execute: spark-submit --master spark://spark-master:7077 --conf spark.hadoop.fs.s3a.endpoint=http://minio:9000 --conf spark.hadoop.fs.s3a.access.key=minioadmin --conf spark.hadoop.fs.s3a.secret.key=****** --conf spark.hadoop.fs.s3a.path.style.access=true --conf spark.hadoop.fs.s3a.impl=org.apache.hadoop.fs.s3a.S3AFileSystem --conf spark.hadoop.fs.s3a.connection.ssl.enabled=false --conf spark.hadoop.fs.s3a.aws.credentials.provider=org.apache.hadoop.fs.s3a.SimpleAWSCredentialsProvider --jars /opt/custom-jars/hadoop-aws-3.2.2.jar,/opt/custom-jars/aws-java-sdk-bundle-1.12.367.jar --name arrow-spark --verbose /opt/spark-jobs/gold_transform.py. Error code is: 1.
[2025-08-07T14:02:24.163+0000] {taskinstance.py:1206} INFO - Marking task as FAILED. dag_id=spark_transform_topcv, task_id=submit_spark_job, run_id=manual__2025-08-07T14:02:02.340741+00:00, execution_date=20250807T140202, start_date=20250807T140206, end_date=20250807T140224
[2025-08-07T14:02:24.822+0000] {standard_task_runner.py:110} ERROR - Failed to execute job 57 for task submit_spark_job (Cannot execute: spark-submit --master spark://spark-master:7077 --conf spark.hadoop.fs.s3a.endpoint=http://minio:9000 --conf spark.hadoop.fs.s3a.access.key=minioadmin --conf spark.hadoop.fs.s3a.secret.key=****** --conf spark.hadoop.fs.s3a.path.style.access=true --conf spark.hadoop.fs.s3a.impl=org.apache.hadoop.fs.s3a.S3AFileSystem --conf spark.hadoop.fs.s3a.connection.ssl.enabled=false --conf spark.hadoop.fs.s3a.aws.credentials.provider=org.apache.hadoop.fs.s3a.SimpleAWSCredentialsProvider --jars /opt/custom-jars/hadoop-aws-3.2.2.jar,/opt/custom-jars/aws-java-sdk-bundle-1.12.367.jar --name arrow-spark --verbose /opt/spark-jobs/gold_transform.py. Error code is: 1.; 1851)
[2025-08-07T14:02:24.853+0000] {local_task_job_runner.py:240} INFO - Task exited with return code 1
[2025-08-07T14:02:24.871+0000] {taskinstance.py:3498} INFO - 0 downstream tasks scheduled from follow-on schedule check
[2025-08-07T14:02:24.875+0000] {local_task_job_runner.py:222} INFO - ::endgroup::
