[2025-08-09T08:17:52.186+0000] {local_task_job_runner.py:120} INFO - ::group::Pre task execution logs
[2025-08-09T08:17:52.206+0000] {taskinstance.py:2076} INFO - Dependencies all met for dep_context=non-requeueable deps ti=<TaskInstance: spark_transform_topcv.submit_spark_job manual__2025-08-09T08:17:49.603598+00:00 [queued]>
[2025-08-09T08:17:52.211+0000] {taskinstance.py:2076} INFO - Dependencies all met for dep_context=requeueable deps ti=<TaskInstance: spark_transform_topcv.submit_spark_job manual__2025-08-09T08:17:49.603598+00:00 [queued]>
[2025-08-09T08:17:52.212+0000] {taskinstance.py:2306} INFO - Starting attempt 1 of 1
[2025-08-09T08:17:52.225+0000] {taskinstance.py:2330} INFO - Executing <Task(SparkSubmitOperator): submit_spark_job> on 2025-08-09 08:17:49.603598+00:00
[2025-08-09T08:17:52.230+0000] {standard_task_runner.py:63} INFO - Started process 583 to run task
[2025-08-09T08:17:52.233+0000] {standard_task_runner.py:90} INFO - Running: ['***', 'tasks', 'run', 'spark_transform_topcv', 'submit_spark_job', 'manual__2025-08-09T08:17:49.603598+00:00', '--job-id', '48', '--raw', '--subdir', 'DAGS_FOLDER/etl_jobs_dag.py', '--cfg-path', '/tmp/tmpd5d9ihcl']
[2025-08-09T08:17:52.235+0000] {standard_task_runner.py:91} INFO - Job 48: Subtask submit_spark_job
[2025-08-09T08:17:52.280+0000] {task_command.py:426} INFO - Running <TaskInstance: spark_transform_topcv.submit_spark_job manual__2025-08-09T08:17:49.603598+00:00 [running]> on host 7239c47c7114
[2025-08-09T08:17:52.355+0000] {taskinstance.py:2648} INFO - Exporting env vars: AIRFLOW_CTX_DAG_OWNER='***' AIRFLOW_CTX_DAG_ID='spark_transform_topcv' AIRFLOW_CTX_TASK_ID='submit_spark_job' AIRFLOW_CTX_EXECUTION_DATE='2025-08-09T08:17:49.603598+00:00' AIRFLOW_CTX_TRY_NUMBER='1' AIRFLOW_CTX_DAG_RUN_ID='manual__2025-08-09T08:17:49.603598+00:00'
[2025-08-09T08:17:52.356+0000] {taskinstance.py:430} INFO - ::endgroup::
[2025-08-09T08:17:52.375+0000] {spark_submit.py:223} INFO - Could not load connection string spark_default, defaulting to yarn
[2025-08-09T08:17:52.377+0000] {spark_submit.py:351} INFO - Spark-Submit cmd: spark-submit --master yarn --conf spark.hadoop.fs.gs.impl=com.google.cloud.hadoop.fs.gcs.GoogleHadoopFileSystem --conf spark.hadoop.fs.AbstractFileSystem.gs.impl=com.google.cloud.hadoop.fs.gcs.GoogleHadoopFS --conf spark.hadoop.google.cloud.auth.service.account.enable=true --conf spark.hadoop.google.cloud.auth.service.account.json.keyfile=/opt/keys/gcp-key.json --conf spark.jars=/opt/custom-jars/gcs-connector-hadoop3-2.2.14-shaded.jar --conf spark.driver.extraClassPath=/opt/custom-jars/gcs-connector-hadoop3-2.2.14-shaded.jar --conf spark.executor.extraClassPath=/opt/custom-jars/gcs-connector-hadoop3-2.2.14-shaded.jar --conf spark.yarn.appMasterEnv.HADOOP_CONF_DIR=/opt/hadoop/etc/hadoop --jars /opt/custom-jars/gcs-connector-hadoop3-2.2.14-shaded.jar --name arrow-spark --verbose /opt/spark-jobs/gold_transform.py
[2025-08-09T08:17:52.840+0000] {spark_submit.py:521} INFO - WARNING: Using incubator modules: jdk.incubator.vector
[2025-08-09T08:17:53.722+0000] {spark_submit.py:521} INFO - Parsed arguments:
[2025-08-09T08:17:53.723+0000] {spark_submit.py:521} INFO - master                  yarn
[2025-08-09T08:17:53.724+0000] {spark_submit.py:521} INFO - remote                  null
[2025-08-09T08:17:53.724+0000] {spark_submit.py:521} INFO - deployMode              null
[2025-08-09T08:17:53.724+0000] {spark_submit.py:521} INFO - executorMemory          null
[2025-08-09T08:17:53.725+0000] {spark_submit.py:521} INFO - executorCores           null
[2025-08-09T08:17:53.725+0000] {spark_submit.py:521} INFO - totalExecutorCores      null
[2025-08-09T08:17:53.725+0000] {spark_submit.py:521} INFO - propertiesFile          null
[2025-08-09T08:17:53.725+0000] {spark_submit.py:521} INFO - driverMemory            null
[2025-08-09T08:17:53.726+0000] {spark_submit.py:521} INFO - driverCores             null
[2025-08-09T08:17:53.726+0000] {spark_submit.py:521} INFO - driverExtraClassPath    /opt/custom-jars/gcs-connector-hadoop3-2.2.14-shaded.jar
[2025-08-09T08:17:53.727+0000] {spark_submit.py:521} INFO - driverExtraLibraryPath  null
[2025-08-09T08:17:53.727+0000] {spark_submit.py:521} INFO - driverExtraJavaOptions  null
[2025-08-09T08:17:53.727+0000] {spark_submit.py:521} INFO - supervise               false
[2025-08-09T08:17:53.728+0000] {spark_submit.py:521} INFO - queue                   null
[2025-08-09T08:17:53.728+0000] {spark_submit.py:521} INFO - numExecutors            null
[2025-08-09T08:17:53.728+0000] {spark_submit.py:521} INFO - files                   null
[2025-08-09T08:17:53.729+0000] {spark_submit.py:521} INFO - pyFiles                 null
[2025-08-09T08:17:53.729+0000] {spark_submit.py:521} INFO - archives                null
[2025-08-09T08:17:53.729+0000] {spark_submit.py:521} INFO - mainClass               null
[2025-08-09T08:17:53.729+0000] {spark_submit.py:521} INFO - primaryResource         file:/opt/spark-jobs/gold_transform.py
[2025-08-09T08:17:53.729+0000] {spark_submit.py:521} INFO - name                    arrow-spark
[2025-08-09T08:17:53.730+0000] {spark_submit.py:521} INFO - childArgs               []
[2025-08-09T08:17:53.730+0000] {spark_submit.py:521} INFO - jars                    file:/opt/custom-jars/gcs-connector-hadoop3-2.2.14-shaded.jar
[2025-08-09T08:17:53.730+0000] {spark_submit.py:521} INFO - packages                null
[2025-08-09T08:17:53.730+0000] {spark_submit.py:521} INFO - packagesExclusions      null
[2025-08-09T08:17:53.730+0000] {spark_submit.py:521} INFO - repositories            null
[2025-08-09T08:17:53.731+0000] {spark_submit.py:521} INFO - verbose                 true
[2025-08-09T08:17:53.731+0000] {spark_submit.py:521} INFO - 
[2025-08-09T08:17:53.731+0000] {spark_submit.py:521} INFO - Spark properties used, including those specified through
[2025-08-09T08:17:53.731+0000] {spark_submit.py:521} INFO - --conf and those from the properties file null:
[2025-08-09T08:17:53.731+0000] {spark_submit.py:521} INFO - (spark.driver.extraClassPath,/opt/custom-jars/gcs-connector-hadoop3-2.2.14-shaded.jar)
[2025-08-09T08:17:53.732+0000] {spark_submit.py:521} INFO - (spark.executor.extraClassPath,/opt/custom-jars/gcs-connector-hadoop3-2.2.14-shaded.jar)
[2025-08-09T08:17:53.732+0000] {spark_submit.py:521} INFO - (spark.hadoop.fs.AbstractFileSystem.gs.impl,com.google.cloud.hadoop.fs.gcs.GoogleHadoopFS)
[2025-08-09T08:17:53.732+0000] {spark_submit.py:521} INFO - (spark.hadoop.fs.gs.impl,com.google.cloud.hadoop.fs.gcs.GoogleHadoopFileSystem)
[2025-08-09T08:17:53.732+0000] {spark_submit.py:521} INFO - (spark.hadoop.google.cloud.auth.service.account.enable,true)
[2025-08-09T08:17:53.732+0000] {spark_submit.py:521} INFO - (spark.hadoop.google.cloud.auth.service.account.json.keyfile,/opt/keys/gcp-key.json)
[2025-08-09T08:17:53.732+0000] {spark_submit.py:521} INFO - (spark.jars,/opt/custom-jars/gcs-connector-hadoop3-2.2.14-shaded.jar)
[2025-08-09T08:17:53.733+0000] {spark_submit.py:521} INFO - (spark.yarn.appMasterEnv.HADOOP_CONF_DIR,/opt/hadoop/etc/hadoop)
[2025-08-09T08:17:53.733+0000] {spark_submit.py:521} INFO - 
[2025-08-09T08:17:53.733+0000] {spark_submit.py:521} INFO - 
[2025-08-09T08:17:53.931+0000] {spark_submit.py:521} INFO - 25/08/09 08:17:53 WARN NativeCodeLoader: Unable to load native-hadoop library for your platform... using builtin-java classes where applicable
[2025-08-09T08:17:54.033+0000] {spark_submit.py:521} INFO - Main class:
[2025-08-09T08:17:54.034+0000] {spark_submit.py:521} INFO - org.apache.spark.deploy.PythonRunner
[2025-08-09T08:17:54.034+0000] {spark_submit.py:521} INFO - Arguments:
[2025-08-09T08:17:54.035+0000] {spark_submit.py:521} INFO - file:/opt/spark-jobs/gold_transform.py
[2025-08-09T08:17:54.035+0000] {spark_submit.py:521} INFO - null
[2025-08-09T08:17:54.035+0000] {spark_submit.py:521} INFO - Spark config:
[2025-08-09T08:17:54.036+0000] {spark_submit.py:521} INFO - (spark.app.name,arrow-spark)
[2025-08-09T08:17:54.036+0000] {spark_submit.py:521} INFO - (spark.app.submitTime,1754727474018)
[2025-08-09T08:17:54.036+0000] {spark_submit.py:521} INFO - (spark.driver.extraClassPath,/opt/custom-jars/gcs-connector-hadoop3-2.2.14-shaded.jar)
[2025-08-09T08:17:54.036+0000] {spark_submit.py:521} INFO - (spark.executor.extraClassPath,/opt/custom-jars/gcs-connector-hadoop3-2.2.14-shaded.jar)
[2025-08-09T08:17:54.037+0000] {spark_submit.py:521} INFO - (spark.hadoop.fs.AbstractFileSystem.gs.impl,com.google.cloud.hadoop.fs.gcs.GoogleHadoopFS)
[2025-08-09T08:17:54.037+0000] {spark_submit.py:521} INFO - (spark.hadoop.fs.gs.impl,com.google.cloud.hadoop.fs.gcs.GoogleHadoopFileSystem)
[2025-08-09T08:17:54.037+0000] {spark_submit.py:521} INFO - (spark.hadoop.google.cloud.auth.service.account.enable,true)
[2025-08-09T08:17:54.037+0000] {spark_submit.py:521} INFO - (spark.hadoop.google.cloud.auth.service.account.json.keyfile,/opt/keys/gcp-key.json)
[2025-08-09T08:17:54.038+0000] {spark_submit.py:521} INFO - (spark.jars,file:/opt/custom-jars/gcs-connector-hadoop3-2.2.14-shaded.jar)
[2025-08-09T08:17:54.038+0000] {spark_submit.py:521} INFO - (spark.master,yarn)
[2025-08-09T08:17:54.039+0000] {spark_submit.py:521} INFO - (spark.repl.local.jars,file:/opt/custom-jars/gcs-connector-hadoop3-2.2.14-shaded.jar)
[2025-08-09T08:17:54.039+0000] {spark_submit.py:521} INFO - (spark.submit.deployMode,client)
[2025-08-09T08:17:54.039+0000] {spark_submit.py:521} INFO - (spark.submit.pyFiles,)
[2025-08-09T08:17:54.040+0000] {spark_submit.py:521} INFO - (spark.yarn.appMasterEnv.HADOOP_CONF_DIR,/opt/hadoop/etc/hadoop)
[2025-08-09T08:17:54.040+0000] {spark_submit.py:521} INFO - (spark.yarn.dist.jars,file:/opt/custom-jars/gcs-connector-hadoop3-2.2.14-shaded.jar)
[2025-08-09T08:17:54.040+0000] {spark_submit.py:521} INFO - (spark.yarn.isPython,true)
[2025-08-09T08:17:54.040+0000] {spark_submit.py:521} INFO - Classpath elements:
[2025-08-09T08:17:54.041+0000] {spark_submit.py:521} INFO - file:/opt/custom-jars/gcs-connector-hadoop3-2.2.14-shaded.jar
[2025-08-09T08:17:54.041+0000] {spark_submit.py:521} INFO - 
[2025-08-09T08:17:54.041+0000] {spark_submit.py:521} INFO - 
[2025-08-09T08:17:54.045+0000] {spark_submit.py:521} INFO - Using Spark's default log4j profile: org/apache/spark/log4j2-defaults.properties
[2025-08-09T08:17:54.046+0000] {spark_submit.py:521} INFO - 25/08/09 08:17:54 WARN DependencyUtils: Local jar /opt/custom-jars/gcs-connector-hadoop3-2.2.14-shaded.jar does not exist, skipping.
[2025-08-09T08:17:55.019+0000] {spark_submit.py:521} INFO - 25/08/09 08:17:55 INFO SparkContext: Running Spark version 4.0.0
[2025-08-09T08:17:55.020+0000] {spark_submit.py:521} INFO - 25/08/09 08:17:55 INFO SparkContext: OS info Linux, 5.15.167.4-microsoft-standard-WSL2, amd64
[2025-08-09T08:17:55.020+0000] {spark_submit.py:521} INFO - 25/08/09 08:17:55 INFO SparkContext: Java version 17.0.15
[2025-08-09T08:17:55.037+0000] {spark_submit.py:521} INFO - 25/08/09 08:17:55 INFO ResourceUtils: ==============================================================
[2025-08-09T08:17:55.038+0000] {spark_submit.py:521} INFO - 25/08/09 08:17:55 INFO ResourceUtils: No custom resources configured for spark.driver.
[2025-08-09T08:17:55.038+0000] {spark_submit.py:521} INFO - 25/08/09 08:17:55 INFO ResourceUtils: ==============================================================
[2025-08-09T08:17:55.039+0000] {spark_submit.py:521} INFO - 25/08/09 08:17:55 INFO SparkContext: Submitted application: gold_transform
[2025-08-09T08:17:55.057+0000] {spark_submit.py:521} INFO - 25/08/09 08:17:55 INFO ResourceProfile: Default ResourceProfile created, executor resources: Map(cores -> name: cores, amount: 1, script: , vendor: , memory -> name: memory, amount: 1024, script: , vendor: , offHeap -> name: offHeap, amount: 0, script: , vendor: ), task resources: Map(cpus -> name: cpus, amount: 1.0)
[2025-08-09T08:17:55.060+0000] {spark_submit.py:521} INFO - 25/08/09 08:17:55 INFO ResourceProfile: Limiting resource is cpus at 1 tasks per executor
[2025-08-09T08:17:55.062+0000] {spark_submit.py:521} INFO - 25/08/09 08:17:55 INFO ResourceProfileManager: Added ResourceProfile id: 0
[2025-08-09T08:17:55.097+0000] {spark_submit.py:521} INFO - 25/08/09 08:17:55 INFO SecurityManager: Changing view acls to: ***
[2025-08-09T08:17:55.097+0000] {spark_submit.py:521} INFO - 25/08/09 08:17:55 INFO SecurityManager: Changing modify acls to: ***
[2025-08-09T08:17:55.098+0000] {spark_submit.py:521} INFO - 25/08/09 08:17:55 INFO SecurityManager: Changing view acls groups to: ***
[2025-08-09T08:17:55.098+0000] {spark_submit.py:521} INFO - 25/08/09 08:17:55 INFO SecurityManager: Changing modify acls groups to: ***
[2025-08-09T08:17:55.099+0000] {spark_submit.py:521} INFO - 25/08/09 08:17:55 INFO SecurityManager: SecurityManager: authentication disabled; ui acls disabled; users with view permissions: *** groups with view permissions: EMPTY; users with modify permissions: ***; groups with modify permissions: EMPTY; RPC SSL disabled
[2025-08-09T08:17:55.271+0000] {spark_submit.py:521} INFO - 25/08/09 08:17:55 INFO Utils: Successfully started service 'sparkDriver' on port 33657.
[2025-08-09T08:17:55.291+0000] {spark_submit.py:521} INFO - 25/08/09 08:17:55 INFO SparkEnv: Registering MapOutputTracker
[2025-08-09T08:17:55.299+0000] {spark_submit.py:521} INFO - 25/08/09 08:17:55 INFO SparkEnv: Registering BlockManagerMaster
[2025-08-09T08:17:55.309+0000] {spark_submit.py:521} INFO - 25/08/09 08:17:55 INFO BlockManagerMasterEndpoint: Using org.apache.spark.storage.DefaultTopologyMapper for getting topology information
[2025-08-09T08:17:55.310+0000] {spark_submit.py:521} INFO - 25/08/09 08:17:55 INFO BlockManagerMasterEndpoint: BlockManagerMasterEndpoint up
[2025-08-09T08:17:55.346+0000] {spark_submit.py:521} INFO - 25/08/09 08:17:55 INFO SparkEnv: Registering BlockManagerMasterHeartbeat
[2025-08-09T08:17:55.361+0000] {spark_submit.py:521} INFO - 25/08/09 08:17:55 INFO DiskBlockManager: Created local directory at /tmp/blockmgr-c01dfa54-e202-47f9-a100-f2ea592af31a
[2025-08-09T08:17:55.413+0000] {spark_submit.py:521} INFO - 25/08/09 08:17:55 INFO SparkEnv: Registering OutputCommitCoordinator
[2025-08-09T08:17:55.506+0000] {spark_submit.py:521} INFO - 25/08/09 08:17:55 INFO JettyUtils: Start Jetty 0.0.0.0:4040 for SparkUI
[2025-08-09T08:17:55.565+0000] {spark_submit.py:521} INFO - 25/08/09 08:17:55 INFO Utils: Successfully started service 'SparkUI' on port 4040.
[2025-08-09T08:17:55.603+0000] {spark_submit.py:521} INFO - 25/08/09 08:17:55 ERROR SparkContext: Failed to add file:/opt/custom-jars/gcs-connector-hadoop3-2.2.14-shaded.jar to Spark environment
[2025-08-09T08:17:55.604+0000] {spark_submit.py:521} INFO - java.io.FileNotFoundException: Jar /opt/custom-jars/gcs-connector-hadoop3-2.2.14-shaded.jar not found
[2025-08-09T08:17:55.604+0000] {spark_submit.py:521} INFO - at org.apache.spark.SparkContext.addLocalJarFile$1(SparkContext.scala:2174)
[2025-08-09T08:17:55.605+0000] {spark_submit.py:521} INFO - at org.apache.spark.SparkContext.addJar(SparkContext.scala:2230)
[2025-08-09T08:17:55.605+0000] {spark_submit.py:521} INFO - at org.apache.spark.SparkContext.$anonfun$new$15(SparkContext.scala:538)
[2025-08-09T08:17:55.605+0000] {spark_submit.py:521} INFO - at org.apache.spark.SparkContext.$anonfun$new$15$adapted(SparkContext.scala:538)
[2025-08-09T08:17:55.606+0000] {spark_submit.py:521} INFO - at scala.collection.IterableOnceOps.foreach(IterableOnce.scala:619)
[2025-08-09T08:17:55.606+0000] {spark_submit.py:521} INFO - at scala.collection.IterableOnceOps.foreach$(IterableOnce.scala:617)
[2025-08-09T08:17:55.606+0000] {spark_submit.py:521} INFO - at scala.collection.AbstractIterable.foreach(Iterable.scala:935)
[2025-08-09T08:17:55.606+0000] {spark_submit.py:521} INFO - at org.apache.spark.SparkContext.<init>(SparkContext.scala:538)
[2025-08-09T08:17:55.607+0000] {spark_submit.py:521} INFO - at org.apache.spark.api.java.JavaSparkContext.<init>(JavaSparkContext.scala:59)
[2025-08-09T08:17:55.607+0000] {spark_submit.py:521} INFO - at java.base/jdk.internal.reflect.NativeConstructorAccessorImpl.newInstance0(Native Method)
[2025-08-09T08:17:55.607+0000] {spark_submit.py:521} INFO - at java.base/jdk.internal.reflect.NativeConstructorAccessorImpl.newInstance(NativeConstructorAccessorImpl.java:77)
[2025-08-09T08:17:55.607+0000] {spark_submit.py:521} INFO - at java.base/jdk.internal.reflect.DelegatingConstructorAccessorImpl.newInstance(DelegatingConstructorAccessorImpl.java:45)
[2025-08-09T08:17:55.608+0000] {spark_submit.py:521} INFO - at java.base/java.lang.reflect.Constructor.newInstanceWithCaller(Constructor.java:500)
[2025-08-09T08:17:55.608+0000] {spark_submit.py:521} INFO - at java.base/java.lang.reflect.Constructor.newInstance(Constructor.java:481)
[2025-08-09T08:17:55.608+0000] {spark_submit.py:521} INFO - at py4j.reflection.MethodInvoker.invoke(MethodInvoker.java:247)
[2025-08-09T08:17:55.608+0000] {spark_submit.py:521} INFO - at py4j.reflection.ReflectionEngine.invoke(ReflectionEngine.java:374)
[2025-08-09T08:17:55.609+0000] {spark_submit.py:521} INFO - at py4j.Gateway.invoke(Gateway.java:238)
[2025-08-09T08:17:55.609+0000] {spark_submit.py:521} INFO - at py4j.commands.ConstructorCommand.invokeConstructor(ConstructorCommand.java:80)
[2025-08-09T08:17:55.609+0000] {spark_submit.py:521} INFO - at py4j.commands.ConstructorCommand.execute(ConstructorCommand.java:69)
[2025-08-09T08:17:55.609+0000] {spark_submit.py:521} INFO - at py4j.ClientServerConnection.waitForCommands(ClientServerConnection.java:184)
[2025-08-09T08:17:55.609+0000] {spark_submit.py:521} INFO - at py4j.ClientServerConnection.run(ClientServerConnection.java:108)
[2025-08-09T08:17:55.610+0000] {spark_submit.py:521} INFO - at java.base/java.lang.Thread.run(Thread.java:840)
[2025-08-09T08:17:55.622+0000] {spark_submit.py:521} INFO - 25/08/09 08:17:55 INFO SecurityManager: Changing view acls to: ***
[2025-08-09T08:17:55.623+0000] {spark_submit.py:521} INFO - 25/08/09 08:17:55 INFO SecurityManager: Changing modify acls to: ***
[2025-08-09T08:17:55.624+0000] {spark_submit.py:521} INFO - 25/08/09 08:17:55 INFO SecurityManager: Changing view acls groups to: ***
[2025-08-09T08:17:55.624+0000] {spark_submit.py:521} INFO - 25/08/09 08:17:55 INFO SecurityManager: Changing modify acls groups to: ***
[2025-08-09T08:17:55.624+0000] {spark_submit.py:521} INFO - 25/08/09 08:17:55 INFO SecurityManager: SecurityManager: authentication disabled; ui acls disabled; users with view permissions: *** groups with view permissions: EMPTY; users with modify permissions: ***; groups with modify permissions: EMPTY; RPC SSL disabled
[2025-08-09T08:17:55.907+0000] {spark_submit.py:521} INFO - 25/08/09 08:17:55 INFO DefaultNoHARMFailoverProxyProvider: Connecting to ResourceManager at resourcemanager/172.18.0.2:8032
[2025-08-09T08:17:56.182+0000] {spark_submit.py:521} INFO - 25/08/09 08:17:56 ERROR SparkContext: Error initializing SparkContext.
[2025-08-09T08:17:56.182+0000] {spark_submit.py:521} INFO - java.lang.RuntimeException: java.lang.ClassNotFoundException: Class com.google.cloud.hadoop.fs.gcs.GoogleHadoopFileSystem not found
[2025-08-09T08:17:56.183+0000] {spark_submit.py:521} INFO - at org.apache.hadoop.conf.Configuration.getClass(Configuration.java:2737)
[2025-08-09T08:17:56.183+0000] {spark_submit.py:521} INFO - at org.apache.hadoop.fs.FileSystem.getFileSystemClass(FileSystem.java:3569)
[2025-08-09T08:17:56.184+0000] {spark_submit.py:521} INFO - at org.apache.hadoop.fs.FileSystem.createFileSystem(FileSystem.java:3612)
[2025-08-09T08:17:56.184+0000] {spark_submit.py:521} INFO - at org.apache.hadoop.fs.FileSystem.access$300(FileSystem.java:172)
[2025-08-09T08:17:56.184+0000] {spark_submit.py:521} INFO - at org.apache.hadoop.fs.FileSystem$Cache.getInternal(FileSystem.java:3716)
[2025-08-09T08:17:56.184+0000] {spark_submit.py:521} INFO - at org.apache.hadoop.fs.FileSystem$Cache.get(FileSystem.java:3667)
[2025-08-09T08:17:56.185+0000] {spark_submit.py:521} INFO - at org.apache.hadoop.fs.FileSystem.get(FileSystem.java:557)
[2025-08-09T08:17:56.185+0000] {spark_submit.py:521} INFO - at org.apache.hadoop.fs.FileSystem.get(FileSystem.java:289)
[2025-08-09T08:17:56.185+0000] {spark_submit.py:521} INFO - at org.apache.spark.deploy.yarn.Client.$anonfun$submitApplication$3(Client.scala:217)
[2025-08-09T08:17:56.185+0000] {spark_submit.py:521} INFO - at scala.Option.getOrElse(Option.scala:201)
[2025-08-09T08:17:56.186+0000] {spark_submit.py:521} INFO - at org.apache.spark.deploy.yarn.Client.submitApplication(Client.scala:217)
[2025-08-09T08:17:56.186+0000] {spark_submit.py:521} INFO - at org.apache.spark.scheduler.cluster.YarnClientSchedulerBackend.start(YarnClientSchedulerBackend.scala:63)
[2025-08-09T08:17:56.186+0000] {spark_submit.py:521} INFO - at org.apache.spark.scheduler.TaskSchedulerImpl.start(TaskSchedulerImpl.scala:237)
[2025-08-09T08:17:56.186+0000] {spark_submit.py:521} INFO - at org.apache.spark.SparkContext.<init>(SparkContext.scala:622)
[2025-08-09T08:17:56.187+0000] {spark_submit.py:521} INFO - at org.apache.spark.api.java.JavaSparkContext.<init>(JavaSparkContext.scala:59)
[2025-08-09T08:17:56.187+0000] {spark_submit.py:521} INFO - at java.base/jdk.internal.reflect.NativeConstructorAccessorImpl.newInstance0(Native Method)
[2025-08-09T08:17:56.187+0000] {spark_submit.py:521} INFO - at java.base/jdk.internal.reflect.NativeConstructorAccessorImpl.newInstance(NativeConstructorAccessorImpl.java:77)
[2025-08-09T08:17:56.188+0000] {spark_submit.py:521} INFO - at java.base/jdk.internal.reflect.DelegatingConstructorAccessorImpl.newInstance(DelegatingConstructorAccessorImpl.java:45)
[2025-08-09T08:17:56.188+0000] {spark_submit.py:521} INFO - at java.base/java.lang.reflect.Constructor.newInstanceWithCaller(Constructor.java:500)
[2025-08-09T08:17:56.189+0000] {spark_submit.py:521} INFO - at java.base/java.lang.reflect.Constructor.newInstance(Constructor.java:481)
[2025-08-09T08:17:56.189+0000] {spark_submit.py:521} INFO - at py4j.reflection.MethodInvoker.invoke(MethodInvoker.java:247)
[2025-08-09T08:17:56.189+0000] {spark_submit.py:521} INFO - at py4j.reflection.ReflectionEngine.invoke(ReflectionEngine.java:374)
[2025-08-09T08:17:56.190+0000] {spark_submit.py:521} INFO - at py4j.Gateway.invoke(Gateway.java:238)
[2025-08-09T08:17:56.190+0000] {spark_submit.py:521} INFO - at py4j.commands.ConstructorCommand.invokeConstructor(ConstructorCommand.java:80)
[2025-08-09T08:17:56.190+0000] {spark_submit.py:521} INFO - at py4j.commands.ConstructorCommand.execute(ConstructorCommand.java:69)
[2025-08-09T08:17:56.191+0000] {spark_submit.py:521} INFO - at py4j.ClientServerConnection.waitForCommands(ClientServerConnection.java:184)
[2025-08-09T08:17:56.191+0000] {spark_submit.py:521} INFO - at py4j.ClientServerConnection.run(ClientServerConnection.java:108)
[2025-08-09T08:17:56.191+0000] {spark_submit.py:521} INFO - at java.base/java.lang.Thread.run(Thread.java:840)
[2025-08-09T08:17:56.191+0000] {spark_submit.py:521} INFO - Caused by: java.lang.ClassNotFoundException: Class com.google.cloud.hadoop.fs.gcs.GoogleHadoopFileSystem not found
[2025-08-09T08:17:56.192+0000] {spark_submit.py:521} INFO - at org.apache.hadoop.conf.Configuration.getClassByName(Configuration.java:2641)
[2025-08-09T08:17:56.192+0000] {spark_submit.py:521} INFO - at org.apache.hadoop.conf.Configuration.getClass(Configuration.java:2735)
[2025-08-09T08:17:56.192+0000] {spark_submit.py:521} INFO - ... 27 more
[2025-08-09T08:17:56.193+0000] {spark_submit.py:521} INFO - 25/08/09 08:17:56 INFO SparkContext: SparkContext is stopping with exitCode 0 from JavaSparkContext at NativeConstructorAccessorImpl.java:0.
[2025-08-09T08:17:56.199+0000] {spark_submit.py:521} INFO - 25/08/09 08:17:56 INFO SparkUI: Stopped Spark web UI at http://7239c47c7114:4040
[2025-08-09T08:17:56.209+0000] {spark_submit.py:521} INFO - 25/08/09 08:17:56 WARN YarnSchedulerBackend$YarnSchedulerEndpoint: Attempted to send shutdown message before the AM has registered!
[2025-08-09T08:17:56.216+0000] {spark_submit.py:521} INFO - 25/08/09 08:17:56 WARN YarnSchedulerBackend$YarnSchedulerEndpoint: Attempted to request executors before the AM has registered!
[2025-08-09T08:17:56.219+0000] {spark_submit.py:521} INFO - 25/08/09 08:17:56 INFO YarnClientSchedulerBackend: Shutting down all executors
[2025-08-09T08:17:56.223+0000] {spark_submit.py:521} INFO - 25/08/09 08:17:56 INFO YarnSchedulerBackend$YarnDriverEndpoint: Asking each executor to shut down
[2025-08-09T08:17:56.226+0000] {spark_submit.py:521} INFO - 25/08/09 08:17:56 INFO YarnClientSchedulerBackend: YARN client scheduler backend Stopped
[2025-08-09T08:17:56.247+0000] {spark_submit.py:521} INFO - 25/08/09 08:17:56 INFO MapOutputTrackerMasterEndpoint: MapOutputTrackerMasterEndpoint stopped!
[2025-08-09T08:17:56.267+0000] {spark_submit.py:521} INFO - 25/08/09 08:17:56 INFO MemoryStore: MemoryStore started with capacity 434.4 MiB
[2025-08-09T08:17:56.267+0000] {spark_submit.py:521} INFO - 25/08/09 08:17:56 INFO MemoryStore: MemoryStore cleared
[2025-08-09T08:17:56.268+0000] {spark_submit.py:521} INFO - 25/08/09 08:17:56 INFO BlockManager: BlockManager stopped
[2025-08-09T08:17:56.276+0000] {spark_submit.py:521} INFO - 25/08/09 08:17:56 INFO BlockManagerMaster: BlockManagerMaster stopped
[2025-08-09T08:17:56.277+0000] {spark_submit.py:521} INFO - 25/08/09 08:17:56 WARN MetricsSystem: Stopping a MetricsSystem that is not running
[2025-08-09T08:17:56.280+0000] {spark_submit.py:521} INFO - 25/08/09 08:17:56 INFO OutputCommitCoordinator$OutputCommitCoordinatorEndpoint: OutputCommitCoordinator stopped!
[2025-08-09T08:17:56.294+0000] {spark_submit.py:521} INFO - 25/08/09 08:17:56 INFO SparkContext: Successfully stopped SparkContext
[2025-08-09T08:17:56.295+0000] {spark_submit.py:521} INFO - Traceback (most recent call last):
[2025-08-09T08:17:56.295+0000] {spark_submit.py:521} INFO - File "/opt/spark-jobs/gold_transform.py", line 3, in <module>
[2025-08-09T08:17:56.296+0000] {spark_submit.py:521} INFO - spark = SparkSession.builder.appName("gold_transform").getOrCreate()
[2025-08-09T08:17:56.297+0000] {spark_submit.py:521} INFO - ^^^^^^^^^^^^^^^^^^^^^^^^^^^^^^^^^^^^^^^^^^^^^^^^^^^^^^^^^^^^
[2025-08-09T08:17:56.297+0000] {spark_submit.py:521} INFO - File "/home/***/.local/lib/python3.11/site-packages/pyspark/python/lib/pyspark.zip/pyspark/sql/session.py", line 556, in getOrCreate
[2025-08-09T08:17:56.298+0000] {spark_submit.py:521} INFO - File "/home/***/.local/lib/python3.11/site-packages/pyspark/python/lib/pyspark.zip/pyspark/core/context.py", line 523, in getOrCreate
[2025-08-09T08:17:56.298+0000] {spark_submit.py:521} INFO - File "/home/***/.local/lib/python3.11/site-packages/pyspark/python/lib/pyspark.zip/pyspark/core/context.py", line 207, in __init__
[2025-08-09T08:17:56.298+0000] {spark_submit.py:521} INFO - File "/home/***/.local/lib/python3.11/site-packages/pyspark/python/lib/pyspark.zip/pyspark/core/context.py", line 300, in _do_init
[2025-08-09T08:17:56.299+0000] {spark_submit.py:521} INFO - File "/home/***/.local/lib/python3.11/site-packages/pyspark/python/lib/pyspark.zip/pyspark/core/context.py", line 429, in _initialize_context
[2025-08-09T08:17:56.299+0000] {spark_submit.py:521} INFO - File "/home/***/.local/lib/python3.11/site-packages/pyspark/python/lib/py4j-0.10.9.9-src.zip/py4j/java_gateway.py", line 1627, in __call__
[2025-08-09T08:17:56.299+0000] {spark_submit.py:521} INFO - File "/home/***/.local/lib/python3.11/site-packages/pyspark/python/lib/py4j-0.10.9.9-src.zip/py4j/protocol.py", line 327, in get_return_value
[2025-08-09T08:17:56.300+0000] {spark_submit.py:521} INFO - py4j.protocol.Py4JJavaError: An error occurred while calling None.org.apache.spark.api.java.JavaSparkContext.
[2025-08-09T08:17:56.300+0000] {spark_submit.py:521} INFO - : java.lang.RuntimeException: java.lang.ClassNotFoundException: Class com.google.cloud.hadoop.fs.gcs.GoogleHadoopFileSystem not found
[2025-08-09T08:17:56.301+0000] {spark_submit.py:521} INFO - at org.apache.hadoop.conf.Configuration.getClass(Configuration.java:2737)
[2025-08-09T08:17:56.301+0000] {spark_submit.py:521} INFO - at org.apache.hadoop.fs.FileSystem.getFileSystemClass(FileSystem.java:3569)
[2025-08-09T08:17:56.301+0000] {spark_submit.py:521} INFO - at org.apache.hadoop.fs.FileSystem.createFileSystem(FileSystem.java:3612)
[2025-08-09T08:17:56.302+0000] {spark_submit.py:521} INFO - at org.apache.hadoop.fs.FileSystem.access$300(FileSystem.java:172)
[2025-08-09T08:17:56.302+0000] {spark_submit.py:521} INFO - at org.apache.hadoop.fs.FileSystem$Cache.getInternal(FileSystem.java:3716)
[2025-08-09T08:17:56.302+0000] {spark_submit.py:521} INFO - at org.apache.hadoop.fs.FileSystem$Cache.get(FileSystem.java:3667)
[2025-08-09T08:17:56.304+0000] {spark_submit.py:521} INFO - at org.apache.hadoop.fs.FileSystem.get(FileSystem.java:557)
[2025-08-09T08:17:56.304+0000] {spark_submit.py:521} INFO - at org.apache.hadoop.fs.FileSystem.get(FileSystem.java:289)
[2025-08-09T08:17:56.305+0000] {spark_submit.py:521} INFO - at org.apache.spark.deploy.yarn.Client.$anonfun$submitApplication$3(Client.scala:217)
[2025-08-09T08:17:56.305+0000] {spark_submit.py:521} INFO - at scala.Option.getOrElse(Option.scala:201)
[2025-08-09T08:17:56.306+0000] {spark_submit.py:521} INFO - at org.apache.spark.deploy.yarn.Client.submitApplication(Client.scala:217)
[2025-08-09T08:17:56.306+0000] {spark_submit.py:521} INFO - at org.apache.spark.scheduler.cluster.YarnClientSchedulerBackend.start(YarnClientSchedulerBackend.scala:63)
[2025-08-09T08:17:56.306+0000] {spark_submit.py:521} INFO - at org.apache.spark.scheduler.TaskSchedulerImpl.start(TaskSchedulerImpl.scala:237)
[2025-08-09T08:17:56.307+0000] {spark_submit.py:521} INFO - at org.apache.spark.SparkContext.<init>(SparkContext.scala:622)
[2025-08-09T08:17:56.307+0000] {spark_submit.py:521} INFO - at org.apache.spark.api.java.JavaSparkContext.<init>(JavaSparkContext.scala:59)
[2025-08-09T08:17:56.307+0000] {spark_submit.py:521} INFO - at java.base/jdk.internal.reflect.NativeConstructorAccessorImpl.newInstance0(Native Method)
[2025-08-09T08:17:56.308+0000] {spark_submit.py:521} INFO - at java.base/jdk.internal.reflect.NativeConstructorAccessorImpl.newInstance(NativeConstructorAccessorImpl.java:77)
[2025-08-09T08:17:56.308+0000] {spark_submit.py:521} INFO - at java.base/jdk.internal.reflect.DelegatingConstructorAccessorImpl.newInstance(DelegatingConstructorAccessorImpl.java:45)
[2025-08-09T08:17:56.308+0000] {spark_submit.py:521} INFO - at java.base/java.lang.reflect.Constructor.newInstanceWithCaller(Constructor.java:500)
[2025-08-09T08:17:56.309+0000] {spark_submit.py:521} INFO - at java.base/java.lang.reflect.Constructor.newInstance(Constructor.java:481)
[2025-08-09T08:17:56.309+0000] {spark_submit.py:521} INFO - at py4j.reflection.MethodInvoker.invoke(MethodInvoker.java:247)
[2025-08-09T08:17:56.309+0000] {spark_submit.py:521} INFO - at py4j.reflection.ReflectionEngine.invoke(ReflectionEngine.java:374)
[2025-08-09T08:17:56.310+0000] {spark_submit.py:521} INFO - at py4j.Gateway.invoke(Gateway.java:238)
[2025-08-09T08:17:56.310+0000] {spark_submit.py:521} INFO - at py4j.commands.ConstructorCommand.invokeConstructor(ConstructorCommand.java:80)
[2025-08-09T08:17:56.310+0000] {spark_submit.py:521} INFO - at py4j.commands.ConstructorCommand.execute(ConstructorCommand.java:69)
[2025-08-09T08:17:56.311+0000] {spark_submit.py:521} INFO - at py4j.ClientServerConnection.waitForCommands(ClientServerConnection.java:184)
[2025-08-09T08:17:56.311+0000] {spark_submit.py:521} INFO - at py4j.ClientServerConnection.run(ClientServerConnection.java:108)
[2025-08-09T08:17:56.311+0000] {spark_submit.py:521} INFO - at java.base/java.lang.Thread.run(Thread.java:840)
[2025-08-09T08:17:56.312+0000] {spark_submit.py:521} INFO - Caused by: java.lang.ClassNotFoundException: Class com.google.cloud.hadoop.fs.gcs.GoogleHadoopFileSystem not found
[2025-08-09T08:17:56.312+0000] {spark_submit.py:521} INFO - at org.apache.hadoop.conf.Configuration.getClassByName(Configuration.java:2641)
[2025-08-09T08:17:56.312+0000] {spark_submit.py:521} INFO - at org.apache.hadoop.conf.Configuration.getClass(Configuration.java:2735)
[2025-08-09T08:17:56.313+0000] {spark_submit.py:521} INFO - ... 27 more
[2025-08-09T08:17:56.313+0000] {spark_submit.py:521} INFO - 
[2025-08-09T08:17:56.419+0000] {spark_submit.py:521} INFO - 25/08/09 08:17:56 INFO ShutdownHookManager: Shutdown hook called
[2025-08-09T08:17:56.419+0000] {spark_submit.py:521} INFO - 25/08/09 08:17:56 INFO ShutdownHookManager: Deleting directory /tmp/spark-f04de8b7-de03-4ebd-a0a6-3c8fe513199e
[2025-08-09T08:17:56.424+0000] {spark_submit.py:521} INFO - 25/08/09 08:17:56 INFO ShutdownHookManager: Deleting directory /tmp/spark-689e1b60-af21-46a7-abea-15613b558f05
[2025-08-09T08:17:56.454+0000] {taskinstance.py:441} INFO - ::group::Post task execution logs
[2025-08-09T08:17:56.464+0000] {taskinstance.py:2905} ERROR - Task failed with exception
Traceback (most recent call last):
  File "/home/airflow/.local/lib/python3.11/site-packages/airflow/models/taskinstance.py", line 465, in _execute_task
    result = _execute_callable(context=context, **execute_callable_kwargs)
             ^^^^^^^^^^^^^^^^^^^^^^^^^^^^^^^^^^^^^^^^^^^^^^^^^^^^^^^^^^^^^
  File "/home/airflow/.local/lib/python3.11/site-packages/airflow/models/taskinstance.py", line 432, in _execute_callable
    return execute_callable(context=context, **execute_callable_kwargs)
           ^^^^^^^^^^^^^^^^^^^^^^^^^^^^^^^^^^^^^^^^^^^^^^^^^^^^^^^^^^^^
  File "/home/airflow/.local/lib/python3.11/site-packages/airflow/models/baseoperator.py", line 400, in wrapper
    return func(self, *args, **kwargs)
           ^^^^^^^^^^^^^^^^^^^^^^^^^^^
  File "/home/airflow/.local/lib/python3.11/site-packages/airflow/providers/apache/spark/operators/spark_submit.py", line 156, in execute
    self._hook.submit(self._application)
  File "/home/airflow/.local/lib/python3.11/site-packages/airflow/providers/apache/spark/hooks/spark_submit.py", line 452, in submit
    raise AirflowException(
airflow.exceptions.AirflowException: Cannot execute: spark-submit --master yarn --conf spark.hadoop.fs.gs.impl=com.google.cloud.hadoop.fs.gcs.GoogleHadoopFileSystem --conf spark.hadoop.fs.AbstractFileSystem.gs.impl=com.google.cloud.hadoop.fs.gcs.GoogleHadoopFS --conf spark.hadoop.google.cloud.auth.service.account.enable=true --conf spark.hadoop.google.cloud.auth.service.account.json.keyfile=/opt/keys/gcp-key.json --conf spark.jars=/opt/custom-jars/gcs-connector-hadoop3-2.2.14-shaded.jar --conf spark.driver.extraClassPath=/opt/custom-jars/gcs-connector-hadoop3-2.2.14-shaded.jar --conf spark.executor.extraClassPath=/opt/custom-jars/gcs-connector-hadoop3-2.2.14-shaded.jar --conf spark.yarn.appMasterEnv.HADOOP_CONF_DIR=/opt/hadoop/etc/hadoop --jars /opt/custom-jars/gcs-connector-hadoop3-2.2.14-shaded.jar --name arrow-spark --verbose /opt/spark-jobs/gold_transform.py. Error code is: 1.
[2025-08-09T08:17:56.468+0000] {taskinstance.py:1206} INFO - Marking task as FAILED. dag_id=spark_transform_topcv, task_id=submit_spark_job, run_id=manual__2025-08-09T08:17:49.603598+00:00, execution_date=20250809T081749, start_date=20250809T081752, end_date=20250809T081756
[2025-08-09T08:17:56.476+0000] {standard_task_runner.py:110} ERROR - Failed to execute job 48 for task submit_spark_job (Cannot execute: spark-submit --master yarn --conf spark.hadoop.fs.gs.impl=com.google.cloud.hadoop.fs.gcs.GoogleHadoopFileSystem --conf spark.hadoop.fs.AbstractFileSystem.gs.impl=com.google.cloud.hadoop.fs.gcs.GoogleHadoopFS --conf spark.hadoop.google.cloud.auth.service.account.enable=true --conf spark.hadoop.google.cloud.auth.service.account.json.keyfile=/opt/keys/gcp-key.json --conf spark.jars=/opt/custom-jars/gcs-connector-hadoop3-2.2.14-shaded.jar --conf spark.driver.extraClassPath=/opt/custom-jars/gcs-connector-hadoop3-2.2.14-shaded.jar --conf spark.executor.extraClassPath=/opt/custom-jars/gcs-connector-hadoop3-2.2.14-shaded.jar --conf spark.yarn.appMasterEnv.HADOOP_CONF_DIR=/opt/hadoop/etc/hadoop --jars /opt/custom-jars/gcs-connector-hadoop3-2.2.14-shaded.jar --name arrow-spark --verbose /opt/spark-jobs/gold_transform.py. Error code is: 1.; 583)
[2025-08-09T08:17:56.500+0000] {local_task_job_runner.py:240} INFO - Task exited with return code 1
[2025-08-09T08:17:56.513+0000] {taskinstance.py:3498} INFO - 0 downstream tasks scheduled from follow-on schedule check
[2025-08-09T08:17:56.515+0000] {local_task_job_runner.py:222} INFO - ::endgroup::
