[2025-08-13T15:51:25.867+0000] {local_task_job_runner.py:120} INFO - ::group::Pre task execution logs
[2025-08-13T15:51:25.894+0000] {taskinstance.py:2076} INFO - Dependencies all met for dep_context=non-requeueable deps ti=<TaskInstance: spark_transform_pipeline.silver_topcv_transform manual__2025-08-13T15:51:22.381194+00:00 [queued]>
[2025-08-13T15:51:25.900+0000] {taskinstance.py:2076} INFO - Dependencies all met for dep_context=requeueable deps ti=<TaskInstance: spark_transform_pipeline.silver_topcv_transform manual__2025-08-13T15:51:22.381194+00:00 [queued]>
[2025-08-13T15:51:25.900+0000] {taskinstance.py:2306} INFO - Starting attempt 1 of 1
[2025-08-13T15:51:25.914+0000] {taskinstance.py:2330} INFO - Executing <Task(SparkSubmitOperator): silver_topcv_transform> on 2025-08-13 15:51:22.381194+00:00
[2025-08-13T15:51:25.919+0000] {standard_task_runner.py:63} INFO - Started process 47 to run task
[2025-08-13T15:51:25.926+0000] {standard_task_runner.py:90} INFO - Running: ['***', 'tasks', 'run', 'spark_transform_pipeline', 'silver_topcv_transform', 'manual__2025-08-13T15:51:22.381194+00:00', '--job-id', '132', '--raw', '--subdir', 'DAGS_FOLDER/etl_jobs_dag.py', '--cfg-path', '/tmp/tmpc2eb0mqc']
[2025-08-13T15:51:25.930+0000] {standard_task_runner.py:91} INFO - Job 132: Subtask silver_topcv_transform
[2025-08-13T15:51:26.012+0000] {task_command.py:426} INFO - Running <TaskInstance: spark_transform_pipeline.silver_topcv_transform manual__2025-08-13T15:51:22.381194+00:00 [running]> on host c064cf7e1edd
[2025-08-13T15:51:26.182+0000] {taskinstance.py:2648} INFO - Exporting env vars: AIRFLOW_CTX_DAG_OWNER='***' AIRFLOW_CTX_DAG_ID='spark_transform_pipeline' AIRFLOW_CTX_TASK_ID='silver_topcv_transform' AIRFLOW_CTX_EXECUTION_DATE='2025-08-13T15:51:22.381194+00:00' AIRFLOW_CTX_TRY_NUMBER='1' AIRFLOW_CTX_DAG_RUN_ID='manual__2025-08-13T15:51:22.381194+00:00'
[2025-08-13T15:51:26.183+0000] {taskinstance.py:430} INFO - ::endgroup::
[2025-08-13T15:51:26.277+0000] {base.py:84} INFO - Using connection ID 'spark_default' for task execution.
[2025-08-13T15:51:26.279+0000] {spark_submit.py:351} INFO - Spark-Submit cmd: spark-submit --master spark://spark-master:7077 --conf spark.master=spark://spark-master:7077 --conf spark.driver.extraClassPath=/opt/custom-jars/* --conf spark.executor.extraClassPath=/opt/custom-jars/* --conf spark.hadoop.fs.gs.impl=com.google.cloud.hadoop.fs.gcs.GoogleHadoopFileSystem --conf spark.hadoop.fs.AbstractFileSystem.gs.impl=com.google.cloud.hadoop.fs.gcs.GoogleHadoopFS --conf spark.hadoop.google.cloud.auth.service.account.enable=true --conf spark.hadoop.google.cloud.auth.service.account.json.keyfile=/opt/***/gcp-key.json --jars /opt/custom-jars/gcs-connector-hadoop3-2.2.14-shaded.jar --name arrow-spark --verbose /opt/spark-jobs/transform/gold_transfrom.py
[2025-08-13T15:51:29.657+0000] {spark_submit.py:521} INFO - Using properties file: null
[2025-08-13T15:51:29.749+0000] {spark_submit.py:521} INFO - Parsed arguments:
[2025-08-13T15:51:29.749+0000] {spark_submit.py:521} INFO - master                  spark://spark-master:7077
[2025-08-13T15:51:29.750+0000] {spark_submit.py:521} INFO - remote                  null
[2025-08-13T15:51:29.750+0000] {spark_submit.py:521} INFO - deployMode              null
[2025-08-13T15:51:29.750+0000] {spark_submit.py:521} INFO - executorMemory          null
[2025-08-13T15:51:29.750+0000] {spark_submit.py:521} INFO - executorCores           null
[2025-08-13T15:51:29.751+0000] {spark_submit.py:521} INFO - totalExecutorCores      null
[2025-08-13T15:51:29.751+0000] {spark_submit.py:521} INFO - propertiesFile          null
[2025-08-13T15:51:29.751+0000] {spark_submit.py:521} INFO - driverMemory            null
[2025-08-13T15:51:29.751+0000] {spark_submit.py:521} INFO - driverCores             null
[2025-08-13T15:51:29.752+0000] {spark_submit.py:521} INFO - driverExtraClassPath    /opt/custom-jars/*
[2025-08-13T15:51:29.752+0000] {spark_submit.py:521} INFO - driverExtraLibraryPath  null
[2025-08-13T15:51:29.752+0000] {spark_submit.py:521} INFO - driverExtraJavaOptions  null
[2025-08-13T15:51:29.752+0000] {spark_submit.py:521} INFO - supervise               false
[2025-08-13T15:51:29.753+0000] {spark_submit.py:521} INFO - queue                   null
[2025-08-13T15:51:29.753+0000] {spark_submit.py:521} INFO - numExecutors            null
[2025-08-13T15:51:29.753+0000] {spark_submit.py:521} INFO - files                   null
[2025-08-13T15:51:29.753+0000] {spark_submit.py:521} INFO - pyFiles                 null
[2025-08-13T15:51:29.754+0000] {spark_submit.py:521} INFO - archives                null
[2025-08-13T15:51:29.754+0000] {spark_submit.py:521} INFO - mainClass               null
[2025-08-13T15:51:29.754+0000] {spark_submit.py:521} INFO - primaryResource         file:/opt/spark-jobs/transform/gold_transfrom.py
[2025-08-13T15:51:29.754+0000] {spark_submit.py:521} INFO - name                    arrow-spark
[2025-08-13T15:51:29.754+0000] {spark_submit.py:521} INFO - childArgs               []
[2025-08-13T15:51:29.755+0000] {spark_submit.py:521} INFO - jars                    file:/opt/custom-jars/gcs-connector-hadoop3-2.2.14-shaded.jar
[2025-08-13T15:51:29.755+0000] {spark_submit.py:521} INFO - packages                null
[2025-08-13T15:51:29.755+0000] {spark_submit.py:521} INFO - packagesExclusions      null
[2025-08-13T15:51:29.756+0000] {spark_submit.py:521} INFO - repositories            null
[2025-08-13T15:51:29.756+0000] {spark_submit.py:521} INFO - verbose                 true
[2025-08-13T15:51:29.756+0000] {spark_submit.py:521} INFO - 
[2025-08-13T15:51:29.756+0000] {spark_submit.py:521} INFO - Spark properties used, including those specified through
[2025-08-13T15:51:29.756+0000] {spark_submit.py:521} INFO - --conf and those from the properties file null:
[2025-08-13T15:51:29.757+0000] {spark_submit.py:521} INFO - (spark.driver.extraClassPath,/opt/custom-jars/*)
[2025-08-13T15:51:29.757+0000] {spark_submit.py:521} INFO - (spark.executor.extraClassPath,/opt/custom-jars/*)
[2025-08-13T15:51:29.757+0000] {spark_submit.py:521} INFO - (spark.hadoop.fs.AbstractFileSystem.gs.impl,com.google.cloud.hadoop.fs.gcs.GoogleHadoopFS)
[2025-08-13T15:51:29.758+0000] {spark_submit.py:521} INFO - (spark.hadoop.fs.gs.impl,com.google.cloud.hadoop.fs.gcs.GoogleHadoopFileSystem)
[2025-08-13T15:51:29.758+0000] {spark_submit.py:521} INFO - (spark.hadoop.google.cloud.auth.service.account.enable,true)
[2025-08-13T15:51:29.758+0000] {spark_submit.py:521} INFO - (spark.hadoop.google.cloud.auth.service.account.json.keyfile,/opt/***/gcp-key.json)
[2025-08-13T15:51:29.758+0000] {spark_submit.py:521} INFO - (spark.master,spark://spark-master:7077)
[2025-08-13T15:51:29.759+0000] {spark_submit.py:521} INFO - 
[2025-08-13T15:51:29.759+0000] {spark_submit.py:521} INFO - 
[2025-08-13T15:51:30.019+0000] {spark_submit.py:521} INFO - 25/08/13 15:51:30 WARN NativeCodeLoader: Unable to load native-hadoop library for your platform... using builtin-java classes where applicable
[2025-08-13T15:51:30.164+0000] {spark_submit.py:521} INFO - Main class:
[2025-08-13T15:51:30.164+0000] {spark_submit.py:521} INFO - org.apache.spark.deploy.PythonRunner
[2025-08-13T15:51:30.165+0000] {spark_submit.py:521} INFO - Arguments:
[2025-08-13T15:51:30.165+0000] {spark_submit.py:521} INFO - file:/opt/spark-jobs/transform/gold_transfrom.py
[2025-08-13T15:51:30.165+0000] {spark_submit.py:521} INFO - null
[2025-08-13T15:51:30.166+0000] {spark_submit.py:521} INFO - Spark config:
[2025-08-13T15:51:30.166+0000] {spark_submit.py:521} INFO - (spark.app.name,arrow-spark)
[2025-08-13T15:51:30.166+0000] {spark_submit.py:521} INFO - (spark.app.submitTime,1755100290154)
[2025-08-13T15:51:30.167+0000] {spark_submit.py:521} INFO - (spark.driver.extraClassPath,/opt/custom-jars/*)
[2025-08-13T15:51:30.167+0000] {spark_submit.py:521} INFO - (spark.executor.extraClassPath,/opt/custom-jars/*)
[2025-08-13T15:51:30.167+0000] {spark_submit.py:521} INFO - (spark.hadoop.fs.AbstractFileSystem.gs.impl,com.google.cloud.hadoop.fs.gcs.GoogleHadoopFS)
[2025-08-13T15:51:30.167+0000] {spark_submit.py:521} INFO - (spark.hadoop.fs.gs.impl,com.google.cloud.hadoop.fs.gcs.GoogleHadoopFileSystem)
[2025-08-13T15:51:30.168+0000] {spark_submit.py:521} INFO - (spark.hadoop.google.cloud.auth.service.account.enable,true)
[2025-08-13T15:51:30.168+0000] {spark_submit.py:521} INFO - (spark.hadoop.google.cloud.auth.service.account.json.keyfile,/opt/***/gcp-key.json)
[2025-08-13T15:51:30.168+0000] {spark_submit.py:521} INFO - (spark.jars,file:/opt/custom-jars/gcs-connector-hadoop3-2.2.14-shaded.jar)
[2025-08-13T15:51:30.168+0000] {spark_submit.py:521} INFO - (spark.master,spark://spark-master:7077)
[2025-08-13T15:51:30.168+0000] {spark_submit.py:521} INFO - (spark.repl.local.jars,file:/opt/custom-jars/gcs-connector-hadoop3-2.2.14-shaded.jar)
[2025-08-13T15:51:30.169+0000] {spark_submit.py:521} INFO - (spark.submit.deployMode,client)
[2025-08-13T15:51:30.169+0000] {spark_submit.py:521} INFO - (spark.submit.pyFiles,)
[2025-08-13T15:51:30.169+0000] {spark_submit.py:521} INFO - Classpath elements:
[2025-08-13T15:51:30.169+0000] {spark_submit.py:521} INFO - file:/opt/custom-jars/gcs-connector-hadoop3-2.2.14-shaded.jar
[2025-08-13T15:51:30.170+0000] {spark_submit.py:521} INFO - 
[2025-08-13T15:51:30.170+0000] {spark_submit.py:521} INFO - 
[2025-08-13T15:51:30.170+0000] {spark_submit.py:521} INFO - 25/08/13 15:51:30 WARN DependencyUtils: Local jar /opt/custom-jars/gcs-connector-hadoop3-2.2.14-shaded.jar does not exist, skipping.
[2025-08-13T15:51:31.359+0000] {spark_submit.py:521} INFO - 25/08/13 15:51:31 INFO SparkContext: Running Spark version 3.5.1
[2025-08-13T15:51:31.359+0000] {spark_submit.py:521} INFO - 25/08/13 15:51:31 INFO SparkContext: OS info Linux, 5.15.167.4-microsoft-standard-WSL2, amd64
[2025-08-13T15:51:31.360+0000] {spark_submit.py:521} INFO - 25/08/13 15:51:31 INFO SparkContext: Java version 17.0.16
[2025-08-13T15:51:31.385+0000] {spark_submit.py:521} INFO - 25/08/13 15:51:31 INFO ResourceUtils: ==============================================================
[2025-08-13T15:51:31.386+0000] {spark_submit.py:521} INFO - 25/08/13 15:51:31 INFO ResourceUtils: No custom resources configured for spark.driver.
[2025-08-13T15:51:31.386+0000] {spark_submit.py:521} INFO - 25/08/13 15:51:31 INFO ResourceUtils: ==============================================================
[2025-08-13T15:51:31.386+0000] {spark_submit.py:521} INFO - 25/08/13 15:51:31 INFO SparkContext: Submitted application: gold_transform
[2025-08-13T15:51:31.405+0000] {spark_submit.py:521} INFO - 25/08/13 15:51:31 INFO ResourceProfile: Default ResourceProfile created, executor resources: Map(memory -> name: memory, amount: 1024, script: , vendor: , offHeap -> name: offHeap, amount: 0, script: , vendor: ), task resources: Map(cpus -> name: cpus, amount: 1.0)
[2025-08-13T15:51:31.411+0000] {spark_submit.py:521} INFO - 25/08/13 15:51:31 INFO ResourceProfile: Limiting resource is cpu
[2025-08-13T15:51:31.411+0000] {spark_submit.py:521} INFO - 25/08/13 15:51:31 INFO ResourceProfileManager: Added ResourceProfile id: 0
[2025-08-13T15:51:31.462+0000] {spark_submit.py:521} INFO - 25/08/13 15:51:31 INFO SecurityManager: Changing view acls to: ***
[2025-08-13T15:51:31.463+0000] {spark_submit.py:521} INFO - 25/08/13 15:51:31 INFO SecurityManager: Changing modify acls to: ***
[2025-08-13T15:51:31.463+0000] {spark_submit.py:521} INFO - 25/08/13 15:51:31 INFO SecurityManager: Changing view acls groups to:
[2025-08-13T15:51:31.464+0000] {spark_submit.py:521} INFO - 25/08/13 15:51:31 INFO SecurityManager: Changing modify acls groups to:
[2025-08-13T15:51:31.464+0000] {spark_submit.py:521} INFO - 25/08/13 15:51:31 INFO SecurityManager: SecurityManager: authentication disabled; ui acls disabled; users with view permissions: ***; groups with view permissions: EMPTY; users with modify permissions: ***; groups with modify permissions: EMPTY
[2025-08-13T15:51:31.658+0000] {spark_submit.py:521} INFO - 25/08/13 15:51:31 INFO Utils: Successfully started service 'sparkDriver' on port 34169.
[2025-08-13T15:51:31.682+0000] {spark_submit.py:521} INFO - 25/08/13 15:51:31 INFO SparkEnv: Registering MapOutputTracker
[2025-08-13T15:51:31.710+0000] {spark_submit.py:521} INFO - 25/08/13 15:51:31 INFO SparkEnv: Registering BlockManagerMaster
[2025-08-13T15:51:31.726+0000] {spark_submit.py:521} INFO - 25/08/13 15:51:31 INFO BlockManagerMasterEndpoint: Using org.apache.spark.storage.DefaultTopologyMapper for getting topology information
[2025-08-13T15:51:31.726+0000] {spark_submit.py:521} INFO - 25/08/13 15:51:31 INFO BlockManagerMasterEndpoint: BlockManagerMasterEndpoint up
[2025-08-13T15:51:31.730+0000] {spark_submit.py:521} INFO - 25/08/13 15:51:31 INFO SparkEnv: Registering BlockManagerMasterHeartbeat
[2025-08-13T15:51:31.753+0000] {spark_submit.py:521} INFO - 25/08/13 15:51:31 INFO DiskBlockManager: Created local directory at /tmp/blockmgr-8ff0ed78-5b3e-464c-a4f6-54956015008c
[2025-08-13T15:51:31.773+0000] {spark_submit.py:521} INFO - 25/08/13 15:51:31 INFO MemoryStore: MemoryStore started with capacity 434.4 MiB
[2025-08-13T15:51:31.786+0000] {spark_submit.py:521} INFO - 25/08/13 15:51:31 INFO SparkEnv: Registering OutputCommitCoordinator
[2025-08-13T15:51:31.880+0000] {spark_submit.py:521} INFO - 25/08/13 15:51:31 INFO JettyUtils: Start Jetty 0.0.0.0:4040 for SparkUI
[2025-08-13T15:51:31.929+0000] {spark_submit.py:521} INFO - 25/08/13 15:51:31 INFO Utils: Successfully started service 'SparkUI' on port 4040.
[2025-08-13T15:51:31.963+0000] {spark_submit.py:521} INFO - 25/08/13 15:51:31 ERROR SparkContext: Failed to add file:/opt/custom-jars/gcs-connector-hadoop3-2.2.14-shaded.jar to Spark environment
[2025-08-13T15:51:31.964+0000] {spark_submit.py:521} INFO - java.io.FileNotFoundException: Jar /opt/custom-jars/gcs-connector-hadoop3-2.2.14-shaded.jar not found
[2025-08-13T15:51:31.964+0000] {spark_submit.py:521} INFO - at org.apache.spark.SparkContext.addLocalJarFile$1(SparkContext.scala:2100)
[2025-08-13T15:51:31.964+0000] {spark_submit.py:521} INFO - at org.apache.spark.SparkContext.addJar(SparkContext.scala:2156)
[2025-08-13T15:51:31.965+0000] {spark_submit.py:521} INFO - at org.apache.spark.SparkContext.$anonfun$new$15(SparkContext.scala:526)
[2025-08-13T15:51:31.965+0000] {spark_submit.py:521} INFO - at org.apache.spark.SparkContext.$anonfun$new$15$adapted(SparkContext.scala:526)
[2025-08-13T15:51:31.966+0000] {spark_submit.py:521} INFO - at scala.collection.mutable.ResizableArray.foreach(ResizableArray.scala:62)
[2025-08-13T15:51:31.966+0000] {spark_submit.py:521} INFO - at scala.collection.mutable.ResizableArray.foreach$(ResizableArray.scala:55)
[2025-08-13T15:51:31.966+0000] {spark_submit.py:521} INFO - at scala.collection.mutable.ArrayBuffer.foreach(ArrayBuffer.scala:49)
[2025-08-13T15:51:31.966+0000] {spark_submit.py:521} INFO - at org.apache.spark.SparkContext.<init>(SparkContext.scala:526)
[2025-08-13T15:51:31.967+0000] {spark_submit.py:521} INFO - at org.apache.spark.api.java.JavaSparkContext.<init>(JavaSparkContext.scala:58)
[2025-08-13T15:51:31.967+0000] {spark_submit.py:521} INFO - at java.base/jdk.internal.reflect.NativeConstructorAccessorImpl.newInstance0(Native Method)
[2025-08-13T15:51:31.968+0000] {spark_submit.py:521} INFO - at java.base/jdk.internal.reflect.NativeConstructorAccessorImpl.newInstance(NativeConstructorAccessorImpl.java:77)
[2025-08-13T15:51:31.968+0000] {spark_submit.py:521} INFO - at java.base/jdk.internal.reflect.DelegatingConstructorAccessorImpl.newInstance(DelegatingConstructorAccessorImpl.java:45)
[2025-08-13T15:51:31.968+0000] {spark_submit.py:521} INFO - at java.base/java.lang.reflect.Constructor.newInstanceWithCaller(Constructor.java:500)
[2025-08-13T15:51:31.969+0000] {spark_submit.py:521} INFO - at java.base/java.lang.reflect.Constructor.newInstance(Constructor.java:481)
[2025-08-13T15:51:31.969+0000] {spark_submit.py:521} INFO - at py4j.reflection.MethodInvoker.invoke(MethodInvoker.java:247)
[2025-08-13T15:51:31.969+0000] {spark_submit.py:521} INFO - at py4j.reflection.ReflectionEngine.invoke(ReflectionEngine.java:374)
[2025-08-13T15:51:31.970+0000] {spark_submit.py:521} INFO - at py4j.Gateway.invoke(Gateway.java:238)
[2025-08-13T15:51:31.970+0000] {spark_submit.py:521} INFO - at py4j.commands.ConstructorCommand.invokeConstructor(ConstructorCommand.java:80)
[2025-08-13T15:51:31.971+0000] {spark_submit.py:521} INFO - at py4j.commands.ConstructorCommand.execute(ConstructorCommand.java:69)
[2025-08-13T15:51:31.971+0000] {spark_submit.py:521} INFO - at py4j.ClientServerConnection.waitForCommands(ClientServerConnection.java:182)
[2025-08-13T15:51:31.971+0000] {spark_submit.py:521} INFO - at py4j.ClientServerConnection.run(ClientServerConnection.java:106)
[2025-08-13T15:51:31.972+0000] {spark_submit.py:521} INFO - at java.base/java.lang.Thread.run(Thread.java:840)
[2025-08-13T15:51:32.086+0000] {spark_submit.py:521} INFO - 25/08/13 15:51:32 INFO StandaloneAppClient$ClientEndpoint: Connecting to master spark://spark-master:7077...
[2025-08-13T15:51:32.131+0000] {spark_submit.py:521} INFO - 25/08/13 15:51:32 INFO TransportClientFactory: Successfully created connection to spark-master/172.18.0.3:7077 after 23 ms (0 ms spent in bootstraps)
[2025-08-13T15:51:32.290+0000] {spark_submit.py:521} INFO - 25/08/13 15:51:32 WARN StandaloneAppClient$ClientEndpoint: Failed to connect to master spark-master:7077
[2025-08-13T15:51:32.290+0000] {spark_submit.py:521} INFO - org.apache.spark.SparkException: Exception thrown in awaitResult:
[2025-08-13T15:51:32.291+0000] {spark_submit.py:521} INFO - at org.apache.spark.util.SparkThreadUtils$.awaitResult(SparkThreadUtils.scala:56)
[2025-08-13T15:51:32.291+0000] {spark_submit.py:521} INFO - at org.apache.spark.util.ThreadUtils$.awaitResult(ThreadUtils.scala:310)
[2025-08-13T15:51:32.292+0000] {spark_submit.py:521} INFO - at org.apache.spark.rpc.RpcTimeout.awaitResult(RpcTimeout.scala:75)
[2025-08-13T15:51:32.292+0000] {spark_submit.py:521} INFO - at org.apache.spark.rpc.RpcEnv.setupEndpointRefByURI(RpcEnv.scala:102)
[2025-08-13T15:51:32.292+0000] {spark_submit.py:521} INFO - at org.apache.spark.rpc.RpcEnv.setupEndpointRef(RpcEnv.scala:110)
[2025-08-13T15:51:32.293+0000] {spark_submit.py:521} INFO - at org.apache.spark.deploy.client.StandaloneAppClient$ClientEndpoint$$anon$1.run(StandaloneAppClient.scala:108)
[2025-08-13T15:51:32.293+0000] {spark_submit.py:521} INFO - at java.base/java.util.concurrent.Executors$RunnableAdapter.call(Executors.java:539)
[2025-08-13T15:51:32.294+0000] {spark_submit.py:521} INFO - at java.base/java.util.concurrent.FutureTask.run(FutureTask.java:264)
[2025-08-13T15:51:32.294+0000] {spark_submit.py:521} INFO - at java.base/java.util.concurrent.ThreadPoolExecutor.runWorker(ThreadPoolExecutor.java:1136)
[2025-08-13T15:51:32.295+0000] {spark_submit.py:521} INFO - at java.base/java.util.concurrent.ThreadPoolExecutor$Worker.run(ThreadPoolExecutor.java:635)
[2025-08-13T15:51:32.296+0000] {spark_submit.py:521} INFO - at java.base/java.lang.Thread.run(Thread.java:840)
[2025-08-13T15:51:32.296+0000] {spark_submit.py:521} INFO - Caused by: java.lang.RuntimeException: java.io.InvalidClassException: org.apache.spark.rpc.netty.RpcEndpointVerifier$CheckExistence; local class incompatible: stream classdesc serialVersionUID = 7789290765573734431, local class serialVersionUID = 5378738997755484868
[2025-08-13T15:51:32.297+0000] {spark_submit.py:521} INFO - at java.base/java.io.ObjectStreamClass.initNonProxy(Unknown Source)
[2025-08-13T15:51:32.297+0000] {spark_submit.py:521} INFO - at java.base/java.io.ObjectInputStream.readNonProxyDesc(Unknown Source)
[2025-08-13T15:51:32.298+0000] {spark_submit.py:521} INFO - at java.base/java.io.ObjectInputStream.readClassDesc(Unknown Source)
[2025-08-13T15:51:32.298+0000] {spark_submit.py:521} INFO - at java.base/java.io.ObjectInputStream.readOrdinaryObject(Unknown Source)
[2025-08-13T15:51:32.298+0000] {spark_submit.py:521} INFO - at java.base/java.io.ObjectInputStream.readObject0(Unknown Source)
[2025-08-13T15:51:32.299+0000] {spark_submit.py:521} INFO - at java.base/java.io.ObjectInputStream.readObject(Unknown Source)
[2025-08-13T15:51:32.299+0000] {spark_submit.py:521} INFO - at java.base/java.io.ObjectInputStream.readObject(Unknown Source)
[2025-08-13T15:51:32.299+0000] {spark_submit.py:521} INFO - at org.apache.spark.serializer.JavaDeserializationStream.readObject(JavaSerializer.scala:88)
[2025-08-13T15:51:32.300+0000] {spark_submit.py:521} INFO - at org.apache.spark.serializer.JavaSerializerInstance.deserialize(JavaSerializer.scala:130)
[2025-08-13T15:51:32.300+0000] {spark_submit.py:521} INFO - at org.apache.spark.rpc.netty.NettyRpcEnv.$anonfun$deserialize$2(NettyRpcEnv.scala:302)
[2025-08-13T15:51:32.300+0000] {spark_submit.py:521} INFO - at scala.util.DynamicVariable.withValue(DynamicVariable.scala:59)
[2025-08-13T15:51:32.300+0000] {spark_submit.py:521} INFO - at org.apache.spark.rpc.netty.NettyRpcEnv.deserialize(NettyRpcEnv.scala:355)
[2025-08-13T15:51:32.301+0000] {spark_submit.py:521} INFO - at org.apache.spark.rpc.netty.NettyRpcEnv.$anonfun$deserialize$1(NettyRpcEnv.scala:301)
[2025-08-13T15:51:32.301+0000] {spark_submit.py:521} INFO - at scala.util.DynamicVariable.withValue(DynamicVariable.scala:59)
[2025-08-13T15:51:32.301+0000] {spark_submit.py:521} INFO - at org.apache.spark.rpc.netty.NettyRpcEnv.deserialize(NettyRpcEnv.scala:301)
[2025-08-13T15:51:32.301+0000] {spark_submit.py:521} INFO - at org.apache.spark.rpc.netty.RequestMessage$.apply(NettyRpcEnv.scala:653)
[2025-08-13T15:51:32.302+0000] {spark_submit.py:521} INFO - at org.apache.spark.rpc.netty.NettyRpcHandler.internalReceive(NettyRpcEnv.scala:704)
[2025-08-13T15:51:32.302+0000] {spark_submit.py:521} INFO - at org.apache.spark.rpc.netty.NettyRpcHandler.receive(NettyRpcEnv.scala:689)
[2025-08-13T15:51:32.302+0000] {spark_submit.py:521} INFO - at org.apache.spark.network.server.TransportRequestHandler.processRpcRequest(TransportRequestHandler.java:167)
[2025-08-13T15:51:32.302+0000] {spark_submit.py:521} INFO - at org.apache.spark.network.server.TransportRequestHandler.handle(TransportRequestHandler.java:111)
[2025-08-13T15:51:32.303+0000] {spark_submit.py:521} INFO - at org.apache.spark.network.server.TransportChannelHandler.channelRead0(TransportChannelHandler.java:143)
[2025-08-13T15:51:32.303+0000] {spark_submit.py:521} INFO - at org.apache.spark.network.server.TransportChannelHandler.channelRead0(TransportChannelHandler.java:55)
[2025-08-13T15:51:32.303+0000] {spark_submit.py:521} INFO - at io.netty.channel.SimpleChannelInboundHandler.channelRead(SimpleChannelInboundHandler.java:99)
[2025-08-13T15:51:32.303+0000] {spark_submit.py:521} INFO - at io.netty.channel.AbstractChannelHandlerContext.invokeChannelRead(AbstractChannelHandlerContext.java:444)
[2025-08-13T15:51:32.303+0000] {spark_submit.py:521} INFO - at io.netty.channel.AbstractChannelHandlerContext.invokeChannelRead(AbstractChannelHandlerContext.java:420)
[2025-08-13T15:51:32.304+0000] {spark_submit.py:521} INFO - at io.netty.channel.AbstractChannelHandlerContext.fireChannelRead(AbstractChannelHandlerContext.java:412)
[2025-08-13T15:51:32.304+0000] {spark_submit.py:521} INFO - at io.netty.handler.timeout.IdleStateHandler.channelRead(IdleStateHandler.java:289)
[2025-08-13T15:51:32.304+0000] {spark_submit.py:521} INFO - at io.netty.channel.AbstractChannelHandlerContext.invokeChannelRead(AbstractChannelHandlerContext.java:442)
[2025-08-13T15:51:32.304+0000] {spark_submit.py:521} INFO - at io.netty.channel.AbstractChannelHandlerContext.invokeChannelRead(AbstractChannelHandlerContext.java:420)
[2025-08-13T15:51:32.305+0000] {spark_submit.py:521} INFO - at io.netty.channel.AbstractChannelHandlerContext.fireChannelRead(AbstractChannelHandlerContext.java:412)
[2025-08-13T15:51:32.305+0000] {spark_submit.py:521} INFO - at io.netty.handler.codec.MessageToMessageDecoder.channelRead(MessageToMessageDecoder.java:107)
[2025-08-13T15:51:32.305+0000] {spark_submit.py:521} INFO - at io.netty.channel.AbstractChannelHandlerContext.invokeChannelRead(AbstractChannelHandlerContext.java:444)
[2025-08-13T15:51:32.305+0000] {spark_submit.py:521} INFO - at io.netty.channel.AbstractChannelHandlerContext.invokeChannelRead(AbstractChannelHandlerContext.java:420)
[2025-08-13T15:51:32.306+0000] {spark_submit.py:521} INFO - at io.netty.channel.AbstractChannelHandlerContext.fireChannelRead(AbstractChannelHandlerContext.java:412)
[2025-08-13T15:51:32.306+0000] {spark_submit.py:521} INFO - at org.apache.spark.network.util.TransportFrameDecoder.channelRead(TransportFrameDecoder.java:102)
[2025-08-13T15:51:32.306+0000] {spark_submit.py:521} INFO - at io.netty.channel.AbstractChannelHandlerContext.invokeChannelRead(AbstractChannelHandlerContext.java:444)
[2025-08-13T15:51:32.306+0000] {spark_submit.py:521} INFO - at io.netty.channel.AbstractChannelHandlerContext.invokeChannelRead(AbstractChannelHandlerContext.java:420)
[2025-08-13T15:51:32.307+0000] {spark_submit.py:521} INFO - at io.netty.channel.AbstractChannelHandlerContext.fireChannelRead(AbstractChannelHandlerContext.java:412)
[2025-08-13T15:51:32.307+0000] {spark_submit.py:521} INFO - at io.netty.channel.DefaultChannelPipeline$HeadContext.channelRead(DefaultChannelPipeline.java:1357)
[2025-08-13T15:51:32.307+0000] {spark_submit.py:521} INFO - at io.netty.channel.AbstractChannelHandlerContext.invokeChannelRead(AbstractChannelHandlerContext.java:440)
[2025-08-13T15:51:32.307+0000] {spark_submit.py:521} INFO - at io.netty.channel.AbstractChannelHandlerContext.invokeChannelRead(AbstractChannelHandlerContext.java:420)
[2025-08-13T15:51:32.308+0000] {spark_submit.py:521} INFO - at io.netty.channel.DefaultChannelPipeline.fireChannelRead(DefaultChannelPipeline.java:868)
[2025-08-13T15:51:32.308+0000] {spark_submit.py:521} INFO - at io.netty.channel.nio.AbstractNioByteChannel$NioByteUnsafe.read(AbstractNioByteChannel.java:166)
[2025-08-13T15:51:32.308+0000] {spark_submit.py:521} INFO - at io.netty.channel.nio.NioEventLoop.processSelectedKey(NioEventLoop.java:796)
[2025-08-13T15:51:32.308+0000] {spark_submit.py:521} INFO - at io.netty.channel.nio.NioEventLoop.processSelectedKeysOptimized(NioEventLoop.java:732)
[2025-08-13T15:51:32.308+0000] {spark_submit.py:521} INFO - at io.netty.channel.nio.NioEventLoop.processSelectedKeys(NioEventLoop.java:658)
[2025-08-13T15:51:32.309+0000] {spark_submit.py:521} INFO - at io.netty.channel.nio.NioEventLoop.run(NioEventLoop.java:562)
[2025-08-13T15:51:32.309+0000] {spark_submit.py:521} INFO - at io.netty.util.concurrent.SingleThreadEventExecutor$4.run(SingleThreadEventExecutor.java:998)
[2025-08-13T15:51:32.309+0000] {spark_submit.py:521} INFO - at io.netty.util.internal.ThreadExecutorMap$2.run(ThreadExecutorMap.java:74)
[2025-08-13T15:51:32.310+0000] {spark_submit.py:521} INFO - at io.netty.util.concurrent.FastThreadLocalRunnable.run(FastThreadLocalRunnable.java:30)
[2025-08-13T15:51:32.310+0000] {spark_submit.py:521} INFO - at java.base/java.lang.Thread.run(Unknown Source)
[2025-08-13T15:51:32.310+0000] {spark_submit.py:521} INFO - 
[2025-08-13T15:51:32.310+0000] {spark_submit.py:521} INFO - at org.apache.spark.network.client.TransportResponseHandler.handle(TransportResponseHandler.java:209)
[2025-08-13T15:51:32.311+0000] {spark_submit.py:521} INFO - at org.apache.spark.network.server.TransportChannelHandler.channelRead0(TransportChannelHandler.java:142)
[2025-08-13T15:51:32.311+0000] {spark_submit.py:521} INFO - at org.apache.spark.network.server.TransportChannelHandler.channelRead0(TransportChannelHandler.java:53)
[2025-08-13T15:51:32.311+0000] {spark_submit.py:521} INFO - at io.netty.channel.SimpleChannelInboundHandler.channelRead(SimpleChannelInboundHandler.java:99)
[2025-08-13T15:51:32.312+0000] {spark_submit.py:521} INFO - at io.netty.channel.AbstractChannelHandlerContext.invokeChannelRead(AbstractChannelHandlerContext.java:444)
[2025-08-13T15:51:32.312+0000] {spark_submit.py:521} INFO - at io.netty.channel.AbstractChannelHandlerContext.invokeChannelRead(AbstractChannelHandlerContext.java:420)
[2025-08-13T15:51:32.312+0000] {spark_submit.py:521} INFO - at io.netty.channel.AbstractChannelHandlerContext.fireChannelRead(AbstractChannelHandlerContext.java:412)
[2025-08-13T15:51:32.312+0000] {spark_submit.py:521} INFO - at io.netty.handler.timeout.IdleStateHandler.channelRead(IdleStateHandler.java:286)
[2025-08-13T15:51:32.313+0000] {spark_submit.py:521} INFO - at io.netty.channel.AbstractChannelHandlerContext.invokeChannelRead(AbstractChannelHandlerContext.java:442)
[2025-08-13T15:51:32.313+0000] {spark_submit.py:521} INFO - at io.netty.channel.AbstractChannelHandlerContext.invokeChannelRead(AbstractChannelHandlerContext.java:420)
[2025-08-13T15:51:32.313+0000] {spark_submit.py:521} INFO - at io.netty.channel.AbstractChannelHandlerContext.fireChannelRead(AbstractChannelHandlerContext.java:412)
[2025-08-13T15:51:32.313+0000] {spark_submit.py:521} INFO - at io.netty.handler.codec.MessageToMessageDecoder.channelRead(MessageToMessageDecoder.java:103)
[2025-08-13T15:51:32.314+0000] {spark_submit.py:521} INFO - at io.netty.channel.AbstractChannelHandlerContext.invokeChannelRead(AbstractChannelHandlerContext.java:444)
[2025-08-13T15:51:32.314+0000] {spark_submit.py:521} INFO - at io.netty.channel.AbstractChannelHandlerContext.invokeChannelRead(AbstractChannelHandlerContext.java:420)
[2025-08-13T15:51:32.314+0000] {spark_submit.py:521} INFO - at io.netty.channel.AbstractChannelHandlerContext.fireChannelRead(AbstractChannelHandlerContext.java:412)
[2025-08-13T15:51:32.314+0000] {spark_submit.py:521} INFO - at org.apache.spark.network.util.TransportFrameDecoder.channelRead(TransportFrameDecoder.java:102)
[2025-08-13T15:51:32.315+0000] {spark_submit.py:521} INFO - at io.netty.channel.AbstractChannelHandlerContext.invokeChannelRead(AbstractChannelHandlerContext.java:444)
[2025-08-13T15:51:32.315+0000] {spark_submit.py:521} INFO - at io.netty.channel.AbstractChannelHandlerContext.invokeChannelRead(AbstractChannelHandlerContext.java:420)
[2025-08-13T15:51:32.315+0000] {spark_submit.py:521} INFO - at io.netty.channel.AbstractChannelHandlerContext.fireChannelRead(AbstractChannelHandlerContext.java:412)
[2025-08-13T15:51:32.316+0000] {spark_submit.py:521} INFO - at io.netty.channel.DefaultChannelPipeline$HeadContext.channelRead(DefaultChannelPipeline.java:1410)
[2025-08-13T15:51:32.316+0000] {spark_submit.py:521} INFO - at io.netty.channel.AbstractChannelHandlerContext.invokeChannelRead(AbstractChannelHandlerContext.java:440)
[2025-08-13T15:51:32.316+0000] {spark_submit.py:521} INFO - at io.netty.channel.AbstractChannelHandlerContext.invokeChannelRead(AbstractChannelHandlerContext.java:420)
[2025-08-13T15:51:32.316+0000] {spark_submit.py:521} INFO - at io.netty.channel.DefaultChannelPipeline.fireChannelRead(DefaultChannelPipeline.java:919)
[2025-08-13T15:51:32.317+0000] {spark_submit.py:521} INFO - at io.netty.channel.nio.AbstractNioByteChannel$NioByteUnsafe.read(AbstractNioByteChannel.java:166)
[2025-08-13T15:51:32.317+0000] {spark_submit.py:521} INFO - at io.netty.channel.nio.NioEventLoop.processSelectedKey(NioEventLoop.java:788)
[2025-08-13T15:51:32.317+0000] {spark_submit.py:521} INFO - at io.netty.channel.nio.NioEventLoop.processSelectedKeysOptimized(NioEventLoop.java:724)
[2025-08-13T15:51:32.317+0000] {spark_submit.py:521} INFO - at io.netty.channel.nio.NioEventLoop.processSelectedKeys(NioEventLoop.java:650)
[2025-08-13T15:51:32.317+0000] {spark_submit.py:521} INFO - at io.netty.channel.nio.NioEventLoop.run(NioEventLoop.java:562)
[2025-08-13T15:51:32.318+0000] {spark_submit.py:521} INFO - at io.netty.util.concurrent.SingleThreadEventExecutor$4.run(SingleThreadEventExecutor.java:997)
[2025-08-13T15:51:32.318+0000] {spark_submit.py:521} INFO - at io.netty.util.internal.ThreadExecutorMap$2.run(ThreadExecutorMap.java:74)
[2025-08-13T15:51:32.318+0000] {spark_submit.py:521} INFO - at io.netty.util.concurrent.FastThreadLocalRunnable.run(FastThreadLocalRunnable.java:30)
[2025-08-13T15:51:32.319+0000] {spark_submit.py:521} INFO - ... 1 more
[2025-08-13T15:51:52.088+0000] {spark_submit.py:521} INFO - 25/08/13 15:51:52 INFO StandaloneAppClient$ClientEndpoint: Connecting to master spark://spark-master:7077...
[2025-08-13T15:51:52.112+0000] {spark_submit.py:521} INFO - 25/08/13 15:51:52 WARN StandaloneAppClient$ClientEndpoint: Failed to connect to master spark-master:7077
[2025-08-13T15:51:52.113+0000] {spark_submit.py:521} INFO - org.apache.spark.SparkException: Exception thrown in awaitResult:
[2025-08-13T15:51:52.113+0000] {spark_submit.py:521} INFO - at org.apache.spark.util.SparkThreadUtils$.awaitResult(SparkThreadUtils.scala:56)
[2025-08-13T15:51:52.114+0000] {spark_submit.py:521} INFO - at org.apache.spark.util.ThreadUtils$.awaitResult(ThreadUtils.scala:310)
[2025-08-13T15:51:52.114+0000] {spark_submit.py:521} INFO - at org.apache.spark.rpc.RpcTimeout.awaitResult(RpcTimeout.scala:75)
[2025-08-13T15:51:52.114+0000] {spark_submit.py:521} INFO - at org.apache.spark.rpc.RpcEnv.setupEndpointRefByURI(RpcEnv.scala:102)
[2025-08-13T15:51:52.115+0000] {spark_submit.py:521} INFO - at org.apache.spark.rpc.RpcEnv.setupEndpointRef(RpcEnv.scala:110)
[2025-08-13T15:51:52.115+0000] {spark_submit.py:521} INFO - at org.apache.spark.deploy.client.StandaloneAppClient$ClientEndpoint$$anon$1.run(StandaloneAppClient.scala:108)
[2025-08-13T15:51:52.115+0000] {spark_submit.py:521} INFO - at java.base/java.util.concurrent.Executors$RunnableAdapter.call(Executors.java:539)
[2025-08-13T15:51:52.115+0000] {spark_submit.py:521} INFO - at java.base/java.util.concurrent.FutureTask.run(FutureTask.java:264)
[2025-08-13T15:51:52.116+0000] {spark_submit.py:521} INFO - at java.base/java.util.concurrent.ThreadPoolExecutor.runWorker(ThreadPoolExecutor.java:1136)
[2025-08-13T15:51:52.116+0000] {spark_submit.py:521} INFO - at java.base/java.util.concurrent.ThreadPoolExecutor$Worker.run(ThreadPoolExecutor.java:635)
[2025-08-13T15:51:52.116+0000] {spark_submit.py:521} INFO - at java.base/java.lang.Thread.run(Thread.java:840)
[2025-08-13T15:51:52.116+0000] {spark_submit.py:521} INFO - Caused by: java.lang.RuntimeException: java.io.InvalidClassException: org.apache.spark.rpc.netty.RpcEndpointVerifier$CheckExistence; local class incompatible: stream classdesc serialVersionUID = 7789290765573734431, local class serialVersionUID = 5378738997755484868
[2025-08-13T15:51:52.117+0000] {spark_submit.py:521} INFO - at java.base/java.io.ObjectStreamClass.initNonProxy(Unknown Source)
[2025-08-13T15:51:52.117+0000] {spark_submit.py:521} INFO - at java.base/java.io.ObjectInputStream.readNonProxyDesc(Unknown Source)
[2025-08-13T15:51:52.117+0000] {spark_submit.py:521} INFO - at java.base/java.io.ObjectInputStream.readClassDesc(Unknown Source)
[2025-08-13T15:51:52.117+0000] {spark_submit.py:521} INFO - at java.base/java.io.ObjectInputStream.readOrdinaryObject(Unknown Source)
[2025-08-13T15:51:52.117+0000] {spark_submit.py:521} INFO - at java.base/java.io.ObjectInputStream.readObject0(Unknown Source)
[2025-08-13T15:51:52.118+0000] {spark_submit.py:521} INFO - at java.base/java.io.ObjectInputStream.readObject(Unknown Source)
[2025-08-13T15:51:52.118+0000] {spark_submit.py:521} INFO - at java.base/java.io.ObjectInputStream.readObject(Unknown Source)
[2025-08-13T15:51:52.118+0000] {spark_submit.py:521} INFO - at org.apache.spark.serializer.JavaDeserializationStream.readObject(JavaSerializer.scala:88)
[2025-08-13T15:51:52.118+0000] {spark_submit.py:521} INFO - at org.apache.spark.serializer.JavaSerializerInstance.deserialize(JavaSerializer.scala:130)
[2025-08-13T15:51:52.119+0000] {spark_submit.py:521} INFO - at org.apache.spark.rpc.netty.NettyRpcEnv.$anonfun$deserialize$2(NettyRpcEnv.scala:302)
[2025-08-13T15:51:52.119+0000] {spark_submit.py:521} INFO - at scala.util.DynamicVariable.withValue(DynamicVariable.scala:59)
[2025-08-13T15:51:52.120+0000] {spark_submit.py:521} INFO - at org.apache.spark.rpc.netty.NettyRpcEnv.deserialize(NettyRpcEnv.scala:355)
[2025-08-13T15:51:52.120+0000] {spark_submit.py:521} INFO - at org.apache.spark.rpc.netty.NettyRpcEnv.$anonfun$deserialize$1(NettyRpcEnv.scala:301)
[2025-08-13T15:51:52.120+0000] {spark_submit.py:521} INFO - at scala.util.DynamicVariable.withValue(DynamicVariable.scala:59)
[2025-08-13T15:51:52.121+0000] {spark_submit.py:521} INFO - at org.apache.spark.rpc.netty.NettyRpcEnv.deserialize(NettyRpcEnv.scala:301)
[2025-08-13T15:51:52.121+0000] {spark_submit.py:521} INFO - at org.apache.spark.rpc.netty.RequestMessage$.apply(NettyRpcEnv.scala:653)
[2025-08-13T15:51:52.121+0000] {spark_submit.py:521} INFO - at org.apache.spark.rpc.netty.NettyRpcHandler.internalReceive(NettyRpcEnv.scala:704)
[2025-08-13T15:51:52.121+0000] {spark_submit.py:521} INFO - at org.apache.spark.rpc.netty.NettyRpcHandler.receive(NettyRpcEnv.scala:689)
[2025-08-13T15:51:52.121+0000] {spark_submit.py:521} INFO - at org.apache.spark.network.server.TransportRequestHandler.processRpcRequest(TransportRequestHandler.java:167)
[2025-08-13T15:51:52.122+0000] {spark_submit.py:521} INFO - at org.apache.spark.network.server.TransportRequestHandler.handle(TransportRequestHandler.java:111)
[2025-08-13T15:51:52.122+0000] {spark_submit.py:521} INFO - at org.apache.spark.network.server.TransportChannelHandler.channelRead0(TransportChannelHandler.java:143)
[2025-08-13T15:51:52.123+0000] {spark_submit.py:521} INFO - at org.apache.spark.network.server.TransportChannelHandler.channelRead0(TransportChannelHandler.java:55)
[2025-08-13T15:51:52.123+0000] {spark_submit.py:521} INFO - at io.netty.channel.SimpleChannelInboundHandler.channelRead(SimpleChannelInboundHandler.java:99)
[2025-08-13T15:51:52.123+0000] {spark_submit.py:521} INFO - at io.netty.channel.AbstractChannelHandlerContext.invokeChannelRead(AbstractChannelHandlerContext.java:444)
[2025-08-13T15:51:52.124+0000] {spark_submit.py:521} INFO - at io.netty.channel.AbstractChannelHandlerContext.invokeChannelRead(AbstractChannelHandlerContext.java:420)
[2025-08-13T15:51:52.124+0000] {spark_submit.py:521} INFO - at io.netty.channel.AbstractChannelHandlerContext.fireChannelRead(AbstractChannelHandlerContext.java:412)
[2025-08-13T15:51:52.124+0000] {spark_submit.py:521} INFO - at io.netty.handler.timeout.IdleStateHandler.channelRead(IdleStateHandler.java:289)
[2025-08-13T15:51:52.125+0000] {spark_submit.py:521} INFO - at io.netty.channel.AbstractChannelHandlerContext.invokeChannelRead(AbstractChannelHandlerContext.java:442)
[2025-08-13T15:51:52.125+0000] {spark_submit.py:521} INFO - at io.netty.channel.AbstractChannelHandlerContext.invokeChannelRead(AbstractChannelHandlerContext.java:420)
[2025-08-13T15:51:52.125+0000] {spark_submit.py:521} INFO - at io.netty.channel.AbstractChannelHandlerContext.fireChannelRead(AbstractChannelHandlerContext.java:412)
[2025-08-13T15:51:52.125+0000] {spark_submit.py:521} INFO - at io.netty.handler.codec.MessageToMessageDecoder.channelRead(MessageToMessageDecoder.java:107)
[2025-08-13T15:51:52.126+0000] {spark_submit.py:521} INFO - at io.netty.channel.AbstractChannelHandlerContext.invokeChannelRead(AbstractChannelHandlerContext.java:444)
[2025-08-13T15:51:52.126+0000] {spark_submit.py:521} INFO - at io.netty.channel.AbstractChannelHandlerContext.invokeChannelRead(AbstractChannelHandlerContext.java:420)
[2025-08-13T15:51:52.126+0000] {spark_submit.py:521} INFO - at io.netty.channel.AbstractChannelHandlerContext.fireChannelRead(AbstractChannelHandlerContext.java:412)
[2025-08-13T15:51:52.126+0000] {spark_submit.py:521} INFO - at org.apache.spark.network.util.TransportFrameDecoder.channelRead(TransportFrameDecoder.java:102)
[2025-08-13T15:51:52.127+0000] {spark_submit.py:521} INFO - at io.netty.channel.AbstractChannelHandlerContext.invokeChannelRead(AbstractChannelHandlerContext.java:444)
[2025-08-13T15:51:52.127+0000] {spark_submit.py:521} INFO - at io.netty.channel.AbstractChannelHandlerContext.invokeChannelRead(AbstractChannelHandlerContext.java:420)
[2025-08-13T15:51:52.127+0000] {spark_submit.py:521} INFO - at io.netty.channel.AbstractChannelHandlerContext.fireChannelRead(AbstractChannelHandlerContext.java:412)
[2025-08-13T15:51:52.127+0000] {spark_submit.py:521} INFO - at io.netty.channel.DefaultChannelPipeline$HeadContext.channelRead(DefaultChannelPipeline.java:1357)
[2025-08-13T15:51:52.128+0000] {spark_submit.py:521} INFO - at io.netty.channel.AbstractChannelHandlerContext.invokeChannelRead(AbstractChannelHandlerContext.java:440)
[2025-08-13T15:51:52.128+0000] {spark_submit.py:521} INFO - at io.netty.channel.AbstractChannelHandlerContext.invokeChannelRead(AbstractChannelHandlerContext.java:420)
[2025-08-13T15:51:52.128+0000] {spark_submit.py:521} INFO - at io.netty.channel.DefaultChannelPipeline.fireChannelRead(DefaultChannelPipeline.java:868)
[2025-08-13T15:51:52.128+0000] {spark_submit.py:521} INFO - at io.netty.channel.nio.AbstractNioByteChannel$NioByteUnsafe.read(AbstractNioByteChannel.java:166)
[2025-08-13T15:51:52.129+0000] {spark_submit.py:521} INFO - at io.netty.channel.nio.NioEventLoop.processSelectedKey(NioEventLoop.java:796)
[2025-08-13T15:51:52.129+0000] {spark_submit.py:521} INFO - at io.netty.channel.nio.NioEventLoop.processSelectedKeysOptimized(NioEventLoop.java:732)
[2025-08-13T15:51:52.129+0000] {spark_submit.py:521} INFO - at io.netty.channel.nio.NioEventLoop.processSelectedKeys(NioEventLoop.java:658)
[2025-08-13T15:51:52.129+0000] {spark_submit.py:521} INFO - at io.netty.channel.nio.NioEventLoop.run(NioEventLoop.java:562)
[2025-08-13T15:51:52.130+0000] {spark_submit.py:521} INFO - at io.netty.util.concurrent.SingleThreadEventExecutor$4.run(SingleThreadEventExecutor.java:998)
[2025-08-13T15:51:52.130+0000] {spark_submit.py:521} INFO - at io.netty.util.internal.ThreadExecutorMap$2.run(ThreadExecutorMap.java:74)
[2025-08-13T15:51:52.130+0000] {spark_submit.py:521} INFO - at io.netty.util.concurrent.FastThreadLocalRunnable.run(FastThreadLocalRunnable.java:30)
[2025-08-13T15:51:52.130+0000] {spark_submit.py:521} INFO - at java.base/java.lang.Thread.run(Unknown Source)
[2025-08-13T15:51:52.131+0000] {spark_submit.py:521} INFO - 
[2025-08-13T15:51:52.131+0000] {spark_submit.py:521} INFO - at org.apache.spark.network.client.TransportResponseHandler.handle(TransportResponseHandler.java:209)
[2025-08-13T15:51:52.131+0000] {spark_submit.py:521} INFO - at org.apache.spark.network.server.TransportChannelHandler.channelRead0(TransportChannelHandler.java:142)
[2025-08-13T15:51:52.131+0000] {spark_submit.py:521} INFO - at org.apache.spark.network.server.TransportChannelHandler.channelRead0(TransportChannelHandler.java:53)
[2025-08-13T15:51:52.132+0000] {spark_submit.py:521} INFO - at io.netty.channel.SimpleChannelInboundHandler.channelRead(SimpleChannelInboundHandler.java:99)
[2025-08-13T15:51:52.132+0000] {spark_submit.py:521} INFO - at io.netty.channel.AbstractChannelHandlerContext.invokeChannelRead(AbstractChannelHandlerContext.java:444)
[2025-08-13T15:51:52.132+0000] {spark_submit.py:521} INFO - at io.netty.channel.AbstractChannelHandlerContext.invokeChannelRead(AbstractChannelHandlerContext.java:420)
[2025-08-13T15:51:52.132+0000] {spark_submit.py:521} INFO - at io.netty.channel.AbstractChannelHandlerContext.fireChannelRead(AbstractChannelHandlerContext.java:412)
[2025-08-13T15:51:52.132+0000] {spark_submit.py:521} INFO - at io.netty.handler.timeout.IdleStateHandler.channelRead(IdleStateHandler.java:286)
[2025-08-13T15:51:52.133+0000] {spark_submit.py:521} INFO - at io.netty.channel.AbstractChannelHandlerContext.invokeChannelRead(AbstractChannelHandlerContext.java:442)
[2025-08-13T15:51:52.133+0000] {spark_submit.py:521} INFO - at io.netty.channel.AbstractChannelHandlerContext.invokeChannelRead(AbstractChannelHandlerContext.java:420)
[2025-08-13T15:51:52.133+0000] {spark_submit.py:521} INFO - at io.netty.channel.AbstractChannelHandlerContext.fireChannelRead(AbstractChannelHandlerContext.java:412)
[2025-08-13T15:51:52.133+0000] {spark_submit.py:521} INFO - at io.netty.handler.codec.MessageToMessageDecoder.channelRead(MessageToMessageDecoder.java:103)
[2025-08-13T15:51:52.134+0000] {spark_submit.py:521} INFO - at io.netty.channel.AbstractChannelHandlerContext.invokeChannelRead(AbstractChannelHandlerContext.java:444)
[2025-08-13T15:51:52.134+0000] {spark_submit.py:521} INFO - at io.netty.channel.AbstractChannelHandlerContext.invokeChannelRead(AbstractChannelHandlerContext.java:420)
[2025-08-13T15:51:52.134+0000] {spark_submit.py:521} INFO - at io.netty.channel.AbstractChannelHandlerContext.fireChannelRead(AbstractChannelHandlerContext.java:412)
[2025-08-13T15:51:52.134+0000] {spark_submit.py:521} INFO - at org.apache.spark.network.util.TransportFrameDecoder.channelRead(TransportFrameDecoder.java:102)
[2025-08-13T15:51:52.134+0000] {spark_submit.py:521} INFO - at io.netty.channel.AbstractChannelHandlerContext.invokeChannelRead(AbstractChannelHandlerContext.java:444)
[2025-08-13T15:51:52.135+0000] {spark_submit.py:521} INFO - at io.netty.channel.AbstractChannelHandlerContext.invokeChannelRead(AbstractChannelHandlerContext.java:420)
[2025-08-13T15:51:52.135+0000] {spark_submit.py:521} INFO - at io.netty.channel.AbstractChannelHandlerContext.fireChannelRead(AbstractChannelHandlerContext.java:412)
[2025-08-13T15:51:52.135+0000] {spark_submit.py:521} INFO - at io.netty.channel.DefaultChannelPipeline$HeadContext.channelRead(DefaultChannelPipeline.java:1410)
[2025-08-13T15:51:52.136+0000] {spark_submit.py:521} INFO - at io.netty.channel.AbstractChannelHandlerContext.invokeChannelRead(AbstractChannelHandlerContext.java:440)
[2025-08-13T15:51:52.136+0000] {spark_submit.py:521} INFO - at io.netty.channel.AbstractChannelHandlerContext.invokeChannelRead(AbstractChannelHandlerContext.java:420)
[2025-08-13T15:51:52.136+0000] {spark_submit.py:521} INFO - at io.netty.channel.DefaultChannelPipeline.fireChannelRead(DefaultChannelPipeline.java:919)
[2025-08-13T15:51:52.137+0000] {spark_submit.py:521} INFO - at io.netty.channel.nio.AbstractNioByteChannel$NioByteUnsafe.read(AbstractNioByteChannel.java:166)
[2025-08-13T15:51:52.137+0000] {spark_submit.py:521} INFO - at io.netty.channel.nio.NioEventLoop.processSelectedKey(NioEventLoop.java:788)
[2025-08-13T15:51:52.137+0000] {spark_submit.py:521} INFO - at io.netty.channel.nio.NioEventLoop.processSelectedKeysOptimized(NioEventLoop.java:724)
[2025-08-13T15:51:52.138+0000] {spark_submit.py:521} INFO - at io.netty.channel.nio.NioEventLoop.processSelectedKeys(NioEventLoop.java:650)
[2025-08-13T15:51:52.138+0000] {spark_submit.py:521} INFO - at io.netty.channel.nio.NioEventLoop.run(NioEventLoop.java:562)
[2025-08-13T15:51:52.138+0000] {spark_submit.py:521} INFO - at io.netty.util.concurrent.SingleThreadEventExecutor$4.run(SingleThreadEventExecutor.java:997)
[2025-08-13T15:51:52.139+0000] {spark_submit.py:521} INFO - at io.netty.util.internal.ThreadExecutorMap$2.run(ThreadExecutorMap.java:74)
[2025-08-13T15:51:52.139+0000] {spark_submit.py:521} INFO - at io.netty.util.concurrent.FastThreadLocalRunnable.run(FastThreadLocalRunnable.java:30)
[2025-08-13T15:51:52.139+0000] {spark_submit.py:521} INFO - ... 1 more
[2025-08-13T15:52:12.082+0000] {spark_submit.py:521} INFO - 25/08/13 15:52:12 INFO StandaloneAppClient$ClientEndpoint: Connecting to master spark://spark-master:7077...
[2025-08-13T15:52:12.097+0000] {spark_submit.py:521} INFO - 25/08/13 15:52:12 WARN StandaloneAppClient$ClientEndpoint: Failed to connect to master spark-master:7077
[2025-08-13T15:52:12.098+0000] {spark_submit.py:521} INFO - org.apache.spark.SparkException: Exception thrown in awaitResult:
[2025-08-13T15:52:12.098+0000] {spark_submit.py:521} INFO - at org.apache.spark.util.SparkThreadUtils$.awaitResult(SparkThreadUtils.scala:56)
[2025-08-13T15:52:12.099+0000] {spark_submit.py:521} INFO - at org.apache.spark.util.ThreadUtils$.awaitResult(ThreadUtils.scala:310)
[2025-08-13T15:52:12.099+0000] {spark_submit.py:521} INFO - at org.apache.spark.rpc.RpcTimeout.awaitResult(RpcTimeout.scala:75)
[2025-08-13T15:52:12.099+0000] {spark_submit.py:521} INFO - at org.apache.spark.rpc.RpcEnv.setupEndpointRefByURI(RpcEnv.scala:102)
[2025-08-13T15:52:12.099+0000] {spark_submit.py:521} INFO - at org.apache.spark.rpc.RpcEnv.setupEndpointRef(RpcEnv.scala:110)
[2025-08-13T15:52:12.100+0000] {spark_submit.py:521} INFO - at org.apache.spark.deploy.client.StandaloneAppClient$ClientEndpoint$$anon$1.run(StandaloneAppClient.scala:108)
[2025-08-13T15:52:12.100+0000] {spark_submit.py:521} INFO - at java.base/java.util.concurrent.Executors$RunnableAdapter.call(Executors.java:539)
[2025-08-13T15:52:12.101+0000] {spark_submit.py:521} INFO - at java.base/java.util.concurrent.FutureTask.run(FutureTask.java:264)
[2025-08-13T15:52:12.101+0000] {spark_submit.py:521} INFO - at java.base/java.util.concurrent.ThreadPoolExecutor.runWorker(ThreadPoolExecutor.java:1136)
[2025-08-13T15:52:12.101+0000] {spark_submit.py:521} INFO - at java.base/java.util.concurrent.ThreadPoolExecutor$Worker.run(ThreadPoolExecutor.java:635)
[2025-08-13T15:52:12.102+0000] {spark_submit.py:521} INFO - at java.base/java.lang.Thread.run(Thread.java:840)
[2025-08-13T15:52:12.102+0000] {spark_submit.py:521} INFO - Caused by: java.lang.RuntimeException: java.io.InvalidClassException: org.apache.spark.rpc.netty.RpcEndpointVerifier$CheckExistence; local class incompatible: stream classdesc serialVersionUID = 7789290765573734431, local class serialVersionUID = 5378738997755484868
[2025-08-13T15:52:12.102+0000] {spark_submit.py:521} INFO - at java.base/java.io.ObjectStreamClass.initNonProxy(Unknown Source)
[2025-08-13T15:52:12.102+0000] {spark_submit.py:521} INFO - at java.base/java.io.ObjectInputStream.readNonProxyDesc(Unknown Source)
[2025-08-13T15:52:12.102+0000] {spark_submit.py:521} INFO - at java.base/java.io.ObjectInputStream.readClassDesc(Unknown Source)
[2025-08-13T15:52:12.102+0000] {spark_submit.py:521} INFO - at java.base/java.io.ObjectInputStream.readOrdinaryObject(Unknown Source)
[2025-08-13T15:52:12.103+0000] {spark_submit.py:521} INFO - at java.base/java.io.ObjectInputStream.readObject0(Unknown Source)
[2025-08-13T15:52:12.103+0000] {spark_submit.py:521} INFO - at java.base/java.io.ObjectInputStream.readObject(Unknown Source)
[2025-08-13T15:52:12.103+0000] {spark_submit.py:521} INFO - at java.base/java.io.ObjectInputStream.readObject(Unknown Source)
[2025-08-13T15:52:12.103+0000] {spark_submit.py:521} INFO - at org.apache.spark.serializer.JavaDeserializationStream.readObject(JavaSerializer.scala:88)
[2025-08-13T15:52:12.103+0000] {spark_submit.py:521} INFO - at org.apache.spark.serializer.JavaSerializerInstance.deserialize(JavaSerializer.scala:130)
[2025-08-13T15:52:12.103+0000] {spark_submit.py:521} INFO - at org.apache.spark.rpc.netty.NettyRpcEnv.$anonfun$deserialize$2(NettyRpcEnv.scala:302)
[2025-08-13T15:52:12.104+0000] {spark_submit.py:521} INFO - at scala.util.DynamicVariable.withValue(DynamicVariable.scala:59)
[2025-08-13T15:52:12.104+0000] {spark_submit.py:521} INFO - at org.apache.spark.rpc.netty.NettyRpcEnv.deserialize(NettyRpcEnv.scala:355)
[2025-08-13T15:52:12.104+0000] {spark_submit.py:521} INFO - at org.apache.spark.rpc.netty.NettyRpcEnv.$anonfun$deserialize$1(NettyRpcEnv.scala:301)
[2025-08-13T15:52:12.104+0000] {spark_submit.py:521} INFO - at scala.util.DynamicVariable.withValue(DynamicVariable.scala:59)
[2025-08-13T15:52:12.104+0000] {spark_submit.py:521} INFO - at org.apache.spark.rpc.netty.NettyRpcEnv.deserialize(NettyRpcEnv.scala:301)
[2025-08-13T15:52:12.105+0000] {spark_submit.py:521} INFO - at org.apache.spark.rpc.netty.RequestMessage$.apply(NettyRpcEnv.scala:653)
[2025-08-13T15:52:12.105+0000] {spark_submit.py:521} INFO - at org.apache.spark.rpc.netty.NettyRpcHandler.internalReceive(NettyRpcEnv.scala:704)
[2025-08-13T15:52:12.105+0000] {spark_submit.py:521} INFO - at org.apache.spark.rpc.netty.NettyRpcHandler.receive(NettyRpcEnv.scala:689)
[2025-08-13T15:52:12.105+0000] {spark_submit.py:521} INFO - at org.apache.spark.network.server.TransportRequestHandler.processRpcRequest(TransportRequestHandler.java:167)
[2025-08-13T15:52:12.105+0000] {spark_submit.py:521} INFO - at org.apache.spark.network.server.TransportRequestHandler.handle(TransportRequestHandler.java:111)
[2025-08-13T15:52:12.106+0000] {spark_submit.py:521} INFO - at org.apache.spark.network.server.TransportChannelHandler.channelRead0(TransportChannelHandler.java:143)
[2025-08-13T15:52:12.106+0000] {spark_submit.py:521} INFO - at org.apache.spark.network.server.TransportChannelHandler.channelRead0(TransportChannelHandler.java:55)
[2025-08-13T15:52:12.106+0000] {spark_submit.py:521} INFO - at io.netty.channel.SimpleChannelInboundHandler.channelRead(SimpleChannelInboundHandler.java:99)
[2025-08-13T15:52:12.107+0000] {spark_submit.py:521} INFO - at io.netty.channel.AbstractChannelHandlerContext.invokeChannelRead(AbstractChannelHandlerContext.java:444)
[2025-08-13T15:52:12.107+0000] {spark_submit.py:521} INFO - at io.netty.channel.AbstractChannelHandlerContext.invokeChannelRead(AbstractChannelHandlerContext.java:420)
[2025-08-13T15:52:12.107+0000] {spark_submit.py:521} INFO - at io.netty.channel.AbstractChannelHandlerContext.fireChannelRead(AbstractChannelHandlerContext.java:412)
[2025-08-13T15:52:12.108+0000] {spark_submit.py:521} INFO - at io.netty.handler.timeout.IdleStateHandler.channelRead(IdleStateHandler.java:289)
[2025-08-13T15:52:12.108+0000] {spark_submit.py:521} INFO - at io.netty.channel.AbstractChannelHandlerContext.invokeChannelRead(AbstractChannelHandlerContext.java:442)
[2025-08-13T15:52:12.109+0000] {spark_submit.py:521} INFO - at io.netty.channel.AbstractChannelHandlerContext.invokeChannelRead(AbstractChannelHandlerContext.java:420)
[2025-08-13T15:52:12.109+0000] {spark_submit.py:521} INFO - at io.netty.channel.AbstractChannelHandlerContext.fireChannelRead(AbstractChannelHandlerContext.java:412)
[2025-08-13T15:52:12.110+0000] {spark_submit.py:521} INFO - at io.netty.handler.codec.MessageToMessageDecoder.channelRead(MessageToMessageDecoder.java:107)
[2025-08-13T15:52:12.110+0000] {spark_submit.py:521} INFO - at io.netty.channel.AbstractChannelHandlerContext.invokeChannelRead(AbstractChannelHandlerContext.java:444)
[2025-08-13T15:52:12.110+0000] {spark_submit.py:521} INFO - at io.netty.channel.AbstractChannelHandlerContext.invokeChannelRead(AbstractChannelHandlerContext.java:420)
[2025-08-13T15:52:12.111+0000] {spark_submit.py:521} INFO - at io.netty.channel.AbstractChannelHandlerContext.fireChannelRead(AbstractChannelHandlerContext.java:412)
[2025-08-13T15:52:12.111+0000] {spark_submit.py:521} INFO - at org.apache.spark.network.util.TransportFrameDecoder.channelRead(TransportFrameDecoder.java:102)
[2025-08-13T15:52:12.111+0000] {spark_submit.py:521} INFO - at io.netty.channel.AbstractChannelHandlerContext.invokeChannelRead(AbstractChannelHandlerContext.java:444)
[2025-08-13T15:52:12.112+0000] {spark_submit.py:521} INFO - at io.netty.channel.AbstractChannelHandlerContext.invokeChannelRead(AbstractChannelHandlerContext.java:420)
[2025-08-13T15:52:12.112+0000] {spark_submit.py:521} INFO - at io.netty.channel.AbstractChannelHandlerContext.fireChannelRead(AbstractChannelHandlerContext.java:412)
[2025-08-13T15:52:12.112+0000] {spark_submit.py:521} INFO - at io.netty.channel.DefaultChannelPipeline$HeadContext.channelRead(DefaultChannelPipeline.java:1357)
[2025-08-13T15:52:12.113+0000] {spark_submit.py:521} INFO - at io.netty.channel.AbstractChannelHandlerContext.invokeChannelRead(AbstractChannelHandlerContext.java:440)
[2025-08-13T15:52:12.113+0000] {spark_submit.py:521} INFO - at io.netty.channel.AbstractChannelHandlerContext.invokeChannelRead(AbstractChannelHandlerContext.java:420)
[2025-08-13T15:52:12.113+0000] {spark_submit.py:521} INFO - at io.netty.channel.DefaultChannelPipeline.fireChannelRead(DefaultChannelPipeline.java:868)
[2025-08-13T15:52:12.113+0000] {spark_submit.py:521} INFO - at io.netty.channel.nio.AbstractNioByteChannel$NioByteUnsafe.read(AbstractNioByteChannel.java:166)
[2025-08-13T15:52:12.113+0000] {spark_submit.py:521} INFO - at io.netty.channel.nio.NioEventLoop.processSelectedKey(NioEventLoop.java:796)
[2025-08-13T15:52:12.114+0000] {spark_submit.py:521} INFO - at io.netty.channel.nio.NioEventLoop.processSelectedKeysOptimized(NioEventLoop.java:732)
[2025-08-13T15:52:12.114+0000] {spark_submit.py:521} INFO - at io.netty.channel.nio.NioEventLoop.processSelectedKeys(NioEventLoop.java:658)
[2025-08-13T15:52:12.114+0000] {spark_submit.py:521} INFO - at io.netty.channel.nio.NioEventLoop.run(NioEventLoop.java:562)
[2025-08-13T15:52:12.114+0000] {spark_submit.py:521} INFO - at io.netty.util.concurrent.SingleThreadEventExecutor$4.run(SingleThreadEventExecutor.java:998)
[2025-08-13T15:52:12.114+0000] {spark_submit.py:521} INFO - at io.netty.util.internal.ThreadExecutorMap$2.run(ThreadExecutorMap.java:74)
[2025-08-13T15:52:12.115+0000] {spark_submit.py:521} INFO - at io.netty.util.concurrent.FastThreadLocalRunnable.run(FastThreadLocalRunnable.java:30)
[2025-08-13T15:52:12.115+0000] {spark_submit.py:521} INFO - at java.base/java.lang.Thread.run(Unknown Source)
[2025-08-13T15:52:12.115+0000] {spark_submit.py:521} INFO - 
[2025-08-13T15:52:12.116+0000] {spark_submit.py:521} INFO - at org.apache.spark.network.client.TransportResponseHandler.handle(TransportResponseHandler.java:209)
[2025-08-13T15:52:12.116+0000] {spark_submit.py:521} INFO - at org.apache.spark.network.server.TransportChannelHandler.channelRead0(TransportChannelHandler.java:142)
[2025-08-13T15:52:12.116+0000] {spark_submit.py:521} INFO - at org.apache.spark.network.server.TransportChannelHandler.channelRead0(TransportChannelHandler.java:53)
[2025-08-13T15:52:12.117+0000] {spark_submit.py:521} INFO - at io.netty.channel.SimpleChannelInboundHandler.channelRead(SimpleChannelInboundHandler.java:99)
[2025-08-13T15:52:12.117+0000] {spark_submit.py:521} INFO - at io.netty.channel.AbstractChannelHandlerContext.invokeChannelRead(AbstractChannelHandlerContext.java:444)
[2025-08-13T15:52:12.118+0000] {spark_submit.py:521} INFO - at io.netty.channel.AbstractChannelHandlerContext.invokeChannelRead(AbstractChannelHandlerContext.java:420)
[2025-08-13T15:52:12.118+0000] {spark_submit.py:521} INFO - at io.netty.channel.AbstractChannelHandlerContext.fireChannelRead(AbstractChannelHandlerContext.java:412)
[2025-08-13T15:52:12.118+0000] {spark_submit.py:521} INFO - at io.netty.handler.timeout.IdleStateHandler.channelRead(IdleStateHandler.java:286)
[2025-08-13T15:52:12.118+0000] {spark_submit.py:521} INFO - at io.netty.channel.AbstractChannelHandlerContext.invokeChannelRead(AbstractChannelHandlerContext.java:442)
[2025-08-13T15:52:12.119+0000] {spark_submit.py:521} INFO - at io.netty.channel.AbstractChannelHandlerContext.invokeChannelRead(AbstractChannelHandlerContext.java:420)
[2025-08-13T15:52:12.119+0000] {spark_submit.py:521} INFO - at io.netty.channel.AbstractChannelHandlerContext.fireChannelRead(AbstractChannelHandlerContext.java:412)
[2025-08-13T15:52:12.119+0000] {spark_submit.py:521} INFO - at io.netty.handler.codec.MessageToMessageDecoder.channelRead(MessageToMessageDecoder.java:103)
[2025-08-13T15:52:12.119+0000] {spark_submit.py:521} INFO - at io.netty.channel.AbstractChannelHandlerContext.invokeChannelRead(AbstractChannelHandlerContext.java:444)
[2025-08-13T15:52:12.120+0000] {spark_submit.py:521} INFO - at io.netty.channel.AbstractChannelHandlerContext.invokeChannelRead(AbstractChannelHandlerContext.java:420)
[2025-08-13T15:52:12.120+0000] {spark_submit.py:521} INFO - at io.netty.channel.AbstractChannelHandlerContext.fireChannelRead(AbstractChannelHandlerContext.java:412)
[2025-08-13T15:52:12.120+0000] {spark_submit.py:521} INFO - at org.apache.spark.network.util.TransportFrameDecoder.channelRead(TransportFrameDecoder.java:102)
[2025-08-13T15:52:12.120+0000] {spark_submit.py:521} INFO - at io.netty.channel.AbstractChannelHandlerContext.invokeChannelRead(AbstractChannelHandlerContext.java:444)
[2025-08-13T15:52:12.120+0000] {spark_submit.py:521} INFO - at io.netty.channel.AbstractChannelHandlerContext.invokeChannelRead(AbstractChannelHandlerContext.java:420)
[2025-08-13T15:52:12.121+0000] {spark_submit.py:521} INFO - at io.netty.channel.AbstractChannelHandlerContext.fireChannelRead(AbstractChannelHandlerContext.java:412)
[2025-08-13T15:52:12.121+0000] {spark_submit.py:521} INFO - at io.netty.channel.DefaultChannelPipeline$HeadContext.channelRead(DefaultChannelPipeline.java:1410)
[2025-08-13T15:52:12.121+0000] {spark_submit.py:521} INFO - at io.netty.channel.AbstractChannelHandlerContext.invokeChannelRead(AbstractChannelHandlerContext.java:440)
[2025-08-13T15:52:12.121+0000] {spark_submit.py:521} INFO - at io.netty.channel.AbstractChannelHandlerContext.invokeChannelRead(AbstractChannelHandlerContext.java:420)
[2025-08-13T15:52:12.121+0000] {spark_submit.py:521} INFO - at io.netty.channel.DefaultChannelPipeline.fireChannelRead(DefaultChannelPipeline.java:919)
[2025-08-13T15:52:12.122+0000] {spark_submit.py:521} INFO - at io.netty.channel.nio.AbstractNioByteChannel$NioByteUnsafe.read(AbstractNioByteChannel.java:166)
[2025-08-13T15:52:12.122+0000] {spark_submit.py:521} INFO - at io.netty.channel.nio.NioEventLoop.processSelectedKey(NioEventLoop.java:788)
[2025-08-13T15:52:12.122+0000] {spark_submit.py:521} INFO - at io.netty.channel.nio.NioEventLoop.processSelectedKeysOptimized(NioEventLoop.java:724)
[2025-08-13T15:52:12.122+0000] {spark_submit.py:521} INFO - at io.netty.channel.nio.NioEventLoop.processSelectedKeys(NioEventLoop.java:650)
[2025-08-13T15:52:12.123+0000] {spark_submit.py:521} INFO - at io.netty.channel.nio.NioEventLoop.run(NioEventLoop.java:562)
[2025-08-13T15:52:12.123+0000] {spark_submit.py:521} INFO - at io.netty.util.concurrent.SingleThreadEventExecutor$4.run(SingleThreadEventExecutor.java:997)
[2025-08-13T15:52:12.123+0000] {spark_submit.py:521} INFO - at io.netty.util.internal.ThreadExecutorMap$2.run(ThreadExecutorMap.java:74)
[2025-08-13T15:52:12.124+0000] {spark_submit.py:521} INFO - at io.netty.util.concurrent.FastThreadLocalRunnable.run(FastThreadLocalRunnable.java:30)
[2025-08-13T15:52:12.124+0000] {spark_submit.py:521} INFO - ... 1 more
[2025-08-13T15:52:32.080+0000] {spark_submit.py:521} INFO - 25/08/13 15:52:32 ERROR StandaloneSchedulerBackend: Application has been killed. Reason: All masters are unresponsive! Giving up.
[2025-08-13T15:52:32.081+0000] {spark_submit.py:521} INFO - 25/08/13 15:52:32 WARN StandaloneSchedulerBackend: Application ID is not initialized yet.
[2025-08-13T15:52:32.092+0000] {spark_submit.py:521} INFO - 25/08/13 15:52:32 INFO Utils: Successfully started service 'org.apache.spark.network.netty.NettyBlockTransferService' on port 38843.
[2025-08-13T15:52:32.093+0000] {spark_submit.py:521} INFO - 25/08/13 15:52:32 INFO NettyBlockTransferService: Server created on c064cf7e1edd:38843
[2025-08-13T15:52:32.095+0000] {spark_submit.py:521} INFO - 25/08/13 15:52:32 INFO BlockManager: Using org.apache.spark.storage.RandomBlockReplicationPolicy for block replication policy
[2025-08-13T15:52:32.112+0000] {spark_submit.py:521} INFO - 25/08/13 15:52:32 INFO BlockManagerMaster: Registering BlockManager BlockManagerId(driver, c064cf7e1edd, 38843, None)
[2025-08-13T15:52:32.117+0000] {spark_submit.py:521} INFO - 25/08/13 15:52:32 INFO BlockManagerMasterEndpoint: Registering block manager c064cf7e1edd:38843 with 434.4 MiB RAM, BlockManagerId(driver, c064cf7e1edd, 38843, None)
[2025-08-13T15:52:32.121+0000] {spark_submit.py:521} INFO - 25/08/13 15:52:32 INFO BlockManagerMaster: Registered BlockManager BlockManagerId(driver, c064cf7e1edd, 38843, None)
[2025-08-13T15:52:32.123+0000] {spark_submit.py:521} INFO - 25/08/13 15:52:32 INFO BlockManager: Initialized BlockManager: BlockManagerId(driver, c064cf7e1edd, 38843, None)
[2025-08-13T15:52:32.357+0000] {spark_submit.py:521} INFO - 25/08/13 15:52:32 INFO StandaloneSchedulerBackend: SchedulerBackend is ready for scheduling beginning after reached minRegisteredResourcesRatio: 0.0
[2025-08-13T15:52:32.714+0000] {spark_submit.py:521} INFO - 25/08/13 15:52:32 INFO SharedState: Setting hive.metastore.warehouse.dir ('null') to the value of spark.sql.warehouse.dir.
[2025-08-13T15:52:32.718+0000] {spark_submit.py:521} INFO - 25/08/13 15:52:32 INFO SharedState: Warehouse path is 'file:/opt/***/spark-warehouse'.
[2025-08-13T15:52:32.768+0000] {spark_submit.py:521} INFO - 25/08/13 15:52:32 INFO SparkContext: SparkContext is stopping with exitCode 0.
[2025-08-13T15:52:32.787+0000] {spark_submit.py:521} INFO - 25/08/13 15:52:32 INFO SparkUI: Stopped Spark web UI at http://c064cf7e1edd:4040
[2025-08-13T15:52:32.804+0000] {spark_submit.py:521} INFO - 25/08/13 15:52:32 INFO StandaloneSchedulerBackend: Shutting down all executors
[2025-08-13T15:52:32.808+0000] {spark_submit.py:521} INFO - 25/08/13 15:52:32 INFO StandaloneSchedulerBackend$StandaloneDriverEndpoint: Asking each executor to shut down
[2025-08-13T15:52:32.814+0000] {spark_submit.py:521} INFO - 25/08/13 15:52:32 WARN StandaloneAppClient$ClientEndpoint: Drop UnregisterApplication(null) because has not yet connected to master
[2025-08-13T15:52:32.824+0000] {spark_submit.py:521} INFO - 25/08/13 15:52:32 INFO MapOutputTrackerMasterEndpoint: MapOutputTrackerMasterEndpoint stopped!
[2025-08-13T15:52:32.864+0000] {spark_submit.py:521} INFO - 25/08/13 15:52:32 INFO MemoryStore: MemoryStore cleared
[2025-08-13T15:52:32.865+0000] {spark_submit.py:521} INFO - 25/08/13 15:52:32 INFO BlockManager: BlockManager stopped
[2025-08-13T15:52:32.881+0000] {spark_submit.py:521} INFO - 25/08/13 15:52:32 INFO BlockManagerMaster: BlockManagerMaster stopped
[2025-08-13T15:52:32.883+0000] {spark_submit.py:521} INFO - 25/08/13 15:52:32 INFO OutputCommitCoordinator$OutputCommitCoordinatorEndpoint: OutputCommitCoordinator stopped!
[2025-08-13T15:52:32.914+0000] {spark_submit.py:521} INFO - 25/08/13 15:52:32 INFO SparkContext: Successfully stopped SparkContext
[2025-08-13T15:52:34.421+0000] {spark_submit.py:521} INFO - 25/08/13 15:52:34 WARN FileStreamSink: Assume no metadata directory. Error while looking for metadata directory in the path: gs://job_gcp/silver/topcv/topcv_jobs.parquet.
[2025-08-13T15:52:34.423+0000] {spark_submit.py:521} INFO - java.lang.RuntimeException: java.lang.ClassNotFoundException: Class com.google.cloud.hadoop.fs.gcs.GoogleHadoopFileSystem not found
[2025-08-13T15:52:34.423+0000] {spark_submit.py:521} INFO - at org.apache.hadoop.conf.Configuration.getClass(Configuration.java:2688)
[2025-08-13T15:52:34.423+0000] {spark_submit.py:521} INFO - at org.apache.hadoop.fs.FileSystem.getFileSystemClass(FileSystem.java:3431)
[2025-08-13T15:52:34.424+0000] {spark_submit.py:521} INFO - at org.apache.hadoop.fs.FileSystem.createFileSystem(FileSystem.java:3466)
[2025-08-13T15:52:34.424+0000] {spark_submit.py:521} INFO - at org.apache.hadoop.fs.FileSystem.access$300(FileSystem.java:174)
[2025-08-13T15:52:34.424+0000] {spark_submit.py:521} INFO - at org.apache.hadoop.fs.FileSystem$Cache.getInternal(FileSystem.java:3574)
[2025-08-13T15:52:34.425+0000] {spark_submit.py:521} INFO - at org.apache.hadoop.fs.FileSystem$Cache.get(FileSystem.java:3521)
[2025-08-13T15:52:34.425+0000] {spark_submit.py:521} INFO - at org.apache.hadoop.fs.FileSystem.get(FileSystem.java:540)
[2025-08-13T15:52:34.425+0000] {spark_submit.py:521} INFO - at org.apache.hadoop.fs.Path.getFileSystem(Path.java:365)
[2025-08-13T15:52:34.426+0000] {spark_submit.py:521} INFO - at org.apache.spark.sql.execution.streaming.FileStreamSink$.hasMetadata(FileStreamSink.scala:53)
[2025-08-13T15:52:34.426+0000] {spark_submit.py:521} INFO - at org.apache.spark.sql.execution.datasources.DataSource.resolveRelation(DataSource.scala:366)
[2025-08-13T15:52:34.426+0000] {spark_submit.py:521} INFO - at org.apache.spark.sql.DataFrameReader.loadV1Source(DataFrameReader.scala:229)
[2025-08-13T15:52:34.426+0000] {spark_submit.py:521} INFO - at org.apache.spark.sql.DataFrameReader.$anonfun$load$2(DataFrameReader.scala:211)
[2025-08-13T15:52:34.427+0000] {spark_submit.py:521} INFO - at scala.Option.getOrElse(Option.scala:189)
[2025-08-13T15:52:34.427+0000] {spark_submit.py:521} INFO - at org.apache.spark.sql.DataFrameReader.load(DataFrameReader.scala:211)
[2025-08-13T15:52:34.427+0000] {spark_submit.py:521} INFO - at org.apache.spark.sql.DataFrameReader.parquet(DataFrameReader.scala:563)
[2025-08-13T15:52:34.428+0000] {spark_submit.py:521} INFO - at java.base/jdk.internal.reflect.NativeMethodAccessorImpl.invoke0(Native Method)
[2025-08-13T15:52:34.428+0000] {spark_submit.py:521} INFO - at java.base/jdk.internal.reflect.NativeMethodAccessorImpl.invoke(NativeMethodAccessorImpl.java:77)
[2025-08-13T15:52:34.428+0000] {spark_submit.py:521} INFO - at java.base/jdk.internal.reflect.DelegatingMethodAccessorImpl.invoke(DelegatingMethodAccessorImpl.java:43)
[2025-08-13T15:52:34.429+0000] {spark_submit.py:521} INFO - at java.base/java.lang.reflect.Method.invoke(Method.java:569)
[2025-08-13T15:52:34.429+0000] {spark_submit.py:521} INFO - at py4j.reflection.MethodInvoker.invoke(MethodInvoker.java:244)
[2025-08-13T15:52:34.429+0000] {spark_submit.py:521} INFO - at py4j.reflection.ReflectionEngine.invoke(ReflectionEngine.java:374)
[2025-08-13T15:52:34.429+0000] {spark_submit.py:521} INFO - at py4j.Gateway.invoke(Gateway.java:282)
[2025-08-13T15:52:34.430+0000] {spark_submit.py:521} INFO - at py4j.commands.AbstractCommand.invokeMethod(AbstractCommand.java:132)
[2025-08-13T15:52:34.430+0000] {spark_submit.py:521} INFO - at py4j.commands.CallCommand.execute(CallCommand.java:79)
[2025-08-13T15:52:34.430+0000] {spark_submit.py:521} INFO - at py4j.ClientServerConnection.waitForCommands(ClientServerConnection.java:182)
[2025-08-13T15:52:34.431+0000] {spark_submit.py:521} INFO - at py4j.ClientServerConnection.run(ClientServerConnection.java:106)
[2025-08-13T15:52:34.431+0000] {spark_submit.py:521} INFO - at java.base/java.lang.Thread.run(Thread.java:840)
[2025-08-13T15:52:34.431+0000] {spark_submit.py:521} INFO - Caused by: java.lang.ClassNotFoundException: Class com.google.cloud.hadoop.fs.gcs.GoogleHadoopFileSystem not found
[2025-08-13T15:52:34.432+0000] {spark_submit.py:521} INFO - at org.apache.hadoop.conf.Configuration.getClassByName(Configuration.java:2592)
[2025-08-13T15:52:34.432+0000] {spark_submit.py:521} INFO - at org.apache.hadoop.conf.Configuration.getClass(Configuration.java:2686)
[2025-08-13T15:52:34.432+0000] {spark_submit.py:521} INFO - ... 26 more
[2025-08-13T15:52:34.488+0000] {spark_submit.py:521} INFO - Traceback (most recent call last):
[2025-08-13T15:52:34.489+0000] {spark_submit.py:521} INFO - File "/opt/spark-jobs/transform/gold_transfrom.py", line 14, in <module>
[2025-08-13T15:52:34.492+0000] {spark_submit.py:521} INFO - df1 = spark.read.parquet("gs://job_gcp/silver/topcv/topcv_jobs.parquet")
[2025-08-13T15:52:34.493+0000] {spark_submit.py:521} INFO - ^^^^^^^^^^^^^^^^^^^^^^^^^^^^^^^^^^^^^^^^^^^^^^^^^^^^^^^^^^^^^^^^^^
[2025-08-13T15:52:34.493+0000] {spark_submit.py:521} INFO - File "/home/***/.local/lib/python3.11/site-packages/pyspark/python/lib/pyspark.zip/pyspark/sql/readwriter.py", line 544, in parquet
[2025-08-13T15:52:34.494+0000] {spark_submit.py:521} INFO - File "/home/***/.local/lib/python3.11/site-packages/pyspark/python/lib/py4j-0.10.9.7-src.zip/py4j/java_gateway.py", line 1322, in __call__
[2025-08-13T15:52:34.495+0000] {spark_submit.py:521} INFO - File "/home/***/.local/lib/python3.11/site-packages/pyspark/python/lib/pyspark.zip/pyspark/errors/exceptions/captured.py", line 179, in deco
[2025-08-13T15:52:34.496+0000] {spark_submit.py:521} INFO - File "/home/***/.local/lib/python3.11/site-packages/pyspark/python/lib/py4j-0.10.9.7-src.zip/py4j/protocol.py", line 326, in get_return_value
[2025-08-13T15:52:34.498+0000] {spark_submit.py:521} INFO - py4j.protocol.Py4JJavaError: An error occurred while calling o32.parquet.
[2025-08-13T15:52:34.499+0000] {spark_submit.py:521} INFO - : java.lang.RuntimeException: java.lang.ClassNotFoundException: Class com.google.cloud.hadoop.fs.gcs.GoogleHadoopFileSystem not found
[2025-08-13T15:52:34.499+0000] {spark_submit.py:521} INFO - at org.apache.hadoop.conf.Configuration.getClass(Configuration.java:2688)
[2025-08-13T15:52:34.500+0000] {spark_submit.py:521} INFO - at org.apache.hadoop.fs.FileSystem.getFileSystemClass(FileSystem.java:3431)
[2025-08-13T15:52:34.500+0000] {spark_submit.py:521} INFO - at org.apache.hadoop.fs.FileSystem.createFileSystem(FileSystem.java:3466)
[2025-08-13T15:52:34.501+0000] {spark_submit.py:521} INFO - at org.apache.hadoop.fs.FileSystem.access$300(FileSystem.java:174)
[2025-08-13T15:52:34.501+0000] {spark_submit.py:521} INFO - at org.apache.hadoop.fs.FileSystem$Cache.getInternal(FileSystem.java:3574)
[2025-08-13T15:52:34.501+0000] {spark_submit.py:521} INFO - at org.apache.hadoop.fs.FileSystem$Cache.get(FileSystem.java:3521)
[2025-08-13T15:52:34.502+0000] {spark_submit.py:521} INFO - at org.apache.hadoop.fs.FileSystem.get(FileSystem.java:540)
[2025-08-13T15:52:34.502+0000] {spark_submit.py:521} INFO - at org.apache.hadoop.fs.Path.getFileSystem(Path.java:365)
[2025-08-13T15:52:34.502+0000] {spark_submit.py:521} INFO - at org.apache.spark.sql.execution.datasources.DataSource$.$anonfun$checkAndGlobPathIfNecessary$1(DataSource.scala:724)
[2025-08-13T15:52:34.503+0000] {spark_submit.py:521} INFO - at scala.collection.immutable.List.map(List.scala:293)
[2025-08-13T15:52:34.504+0000] {spark_submit.py:521} INFO - at org.apache.spark.sql.execution.datasources.DataSource$.checkAndGlobPathIfNecessary(DataSource.scala:722)
[2025-08-13T15:52:34.504+0000] {spark_submit.py:521} INFO - at org.apache.spark.sql.execution.datasources.DataSource.checkAndGlobPathIfNecessary(DataSource.scala:551)
[2025-08-13T15:52:34.504+0000] {spark_submit.py:521} INFO - at org.apache.spark.sql.execution.datasources.DataSource.resolveRelation(DataSource.scala:404)
[2025-08-13T15:52:34.505+0000] {spark_submit.py:521} INFO - at org.apache.spark.sql.DataFrameReader.loadV1Source(DataFrameReader.scala:229)
[2025-08-13T15:52:34.505+0000] {spark_submit.py:521} INFO - at org.apache.spark.sql.DataFrameReader.$anonfun$load$2(DataFrameReader.scala:211)
[2025-08-13T15:52:34.505+0000] {spark_submit.py:521} INFO - at scala.Option.getOrElse(Option.scala:189)
[2025-08-13T15:52:34.506+0000] {spark_submit.py:521} INFO - at org.apache.spark.sql.DataFrameReader.load(DataFrameReader.scala:211)
[2025-08-13T15:52:34.506+0000] {spark_submit.py:521} INFO - at org.apache.spark.sql.DataFrameReader.parquet(DataFrameReader.scala:563)
[2025-08-13T15:52:34.507+0000] {spark_submit.py:521} INFO - at java.base/jdk.internal.reflect.NativeMethodAccessorImpl.invoke0(Native Method)
[2025-08-13T15:52:34.507+0000] {spark_submit.py:521} INFO - at java.base/jdk.internal.reflect.NativeMethodAccessorImpl.invoke(NativeMethodAccessorImpl.java:77)
[2025-08-13T15:52:34.507+0000] {spark_submit.py:521} INFO - at java.base/jdk.internal.reflect.DelegatingMethodAccessorImpl.invoke(DelegatingMethodAccessorImpl.java:43)
[2025-08-13T15:52:34.508+0000] {spark_submit.py:521} INFO - at java.base/java.lang.reflect.Method.invoke(Method.java:569)
[2025-08-13T15:52:34.508+0000] {spark_submit.py:521} INFO - at py4j.reflection.MethodInvoker.invoke(MethodInvoker.java:244)
[2025-08-13T15:52:34.508+0000] {spark_submit.py:521} INFO - at py4j.reflection.ReflectionEngine.invoke(ReflectionEngine.java:374)
[2025-08-13T15:52:34.509+0000] {spark_submit.py:521} INFO - at py4j.Gateway.invoke(Gateway.java:282)
[2025-08-13T15:52:34.509+0000] {spark_submit.py:521} INFO - at py4j.commands.AbstractCommand.invokeMethod(AbstractCommand.java:132)
[2025-08-13T15:52:34.509+0000] {spark_submit.py:521} INFO - at py4j.commands.CallCommand.execute(CallCommand.java:79)
[2025-08-13T15:52:34.509+0000] {spark_submit.py:521} INFO - at py4j.ClientServerConnection.waitForCommands(ClientServerConnection.java:182)
[2025-08-13T15:52:34.510+0000] {spark_submit.py:521} INFO - at py4j.ClientServerConnection.run(ClientServerConnection.java:106)
[2025-08-13T15:52:34.510+0000] {spark_submit.py:521} INFO - at java.base/java.lang.Thread.run(Thread.java:840)
[2025-08-13T15:52:34.511+0000] {spark_submit.py:521} INFO - Caused by: java.lang.ClassNotFoundException: Class com.google.cloud.hadoop.fs.gcs.GoogleHadoopFileSystem not found
[2025-08-13T15:52:34.511+0000] {spark_submit.py:521} INFO - at org.apache.hadoop.conf.Configuration.getClassByName(Configuration.java:2592)
[2025-08-13T15:52:34.511+0000] {spark_submit.py:521} INFO - at org.apache.hadoop.conf.Configuration.getClass(Configuration.java:2686)
[2025-08-13T15:52:34.512+0000] {spark_submit.py:521} INFO - ... 29 more
[2025-08-13T15:52:34.512+0000] {spark_submit.py:521} INFO - 
[2025-08-13T15:52:34.875+0000] {spark_submit.py:521} INFO - 25/08/13 15:52:34 INFO ShutdownHookManager: Shutdown hook called
[2025-08-13T15:52:34.875+0000] {spark_submit.py:521} INFO - 25/08/13 15:52:34 INFO ShutdownHookManager: Deleting directory /tmp/spark-27cd4c47-af68-48f8-9020-28fc6f558a2a/pyspark-9e7eab1b-c625-44fb-9f7b-5f7c86c8adfd
[2025-08-13T15:52:34.888+0000] {spark_submit.py:521} INFO - 25/08/13 15:52:34 INFO ShutdownHookManager: Deleting directory /tmp/spark-27cd4c47-af68-48f8-9020-28fc6f558a2a
[2025-08-13T15:52:34.896+0000] {spark_submit.py:521} INFO - 25/08/13 15:52:34 INFO ShutdownHookManager: Deleting directory /tmp/spark-3f088bc1-64bc-4c7f-9ec0-1010e6844bad
[2025-08-13T15:52:34.943+0000] {taskinstance.py:441} INFO - ::group::Post task execution logs
[2025-08-13T15:52:34.974+0000] {taskinstance.py:2905} ERROR - Task failed with exception
Traceback (most recent call last):
  File "/home/airflow/.local/lib/python3.11/site-packages/airflow/models/taskinstance.py", line 465, in _execute_task
    result = _execute_callable(context=context, **execute_callable_kwargs)
             ^^^^^^^^^^^^^^^^^^^^^^^^^^^^^^^^^^^^^^^^^^^^^^^^^^^^^^^^^^^^^
  File "/home/airflow/.local/lib/python3.11/site-packages/airflow/models/taskinstance.py", line 432, in _execute_callable
    return execute_callable(context=context, **execute_callable_kwargs)
           ^^^^^^^^^^^^^^^^^^^^^^^^^^^^^^^^^^^^^^^^^^^^^^^^^^^^^^^^^^^^
  File "/home/airflow/.local/lib/python3.11/site-packages/airflow/models/baseoperator.py", line 400, in wrapper
    return func(self, *args, **kwargs)
           ^^^^^^^^^^^^^^^^^^^^^^^^^^^
  File "/home/airflow/.local/lib/python3.11/site-packages/airflow/providers/apache/spark/operators/spark_submit.py", line 156, in execute
    self._hook.submit(self._application)
  File "/home/airflow/.local/lib/python3.11/site-packages/airflow/providers/apache/spark/hooks/spark_submit.py", line 452, in submit
    raise AirflowException(
airflow.exceptions.AirflowException: Cannot execute: spark-submit --master spark://spark-master:7077 --conf spark.master=spark://spark-master:7077 --conf spark.driver.extraClassPath=/opt/custom-jars/* --conf spark.executor.extraClassPath=/opt/custom-jars/* --conf spark.hadoop.fs.gs.impl=com.google.cloud.hadoop.fs.gcs.GoogleHadoopFileSystem --conf spark.hadoop.fs.AbstractFileSystem.gs.impl=com.google.cloud.hadoop.fs.gcs.GoogleHadoopFS --conf spark.hadoop.google.cloud.auth.service.account.enable=true --conf spark.hadoop.google.cloud.auth.service.account.json.keyfile=/opt/***/gcp-key.json --jars /opt/custom-jars/gcs-connector-hadoop3-2.2.14-shaded.jar --name arrow-spark --verbose /opt/spark-jobs/transform/gold_transfrom.py. Error code is: 1.
[2025-08-13T15:52:34.985+0000] {taskinstance.py:1206} INFO - Marking task as FAILED. dag_id=spark_transform_pipeline, task_id=silver_topcv_transform, run_id=manual__2025-08-13T15:51:22.381194+00:00, execution_date=20250813T155122, start_date=20250813T155125, end_date=20250813T155234
[2025-08-13T15:52:35.015+0000] {standard_task_runner.py:110} ERROR - Failed to execute job 132 for task silver_topcv_transform (Cannot execute: spark-submit --master spark://spark-master:7077 --conf spark.master=spark://spark-master:7077 --conf spark.driver.extraClassPath=/opt/custom-jars/* --conf spark.executor.extraClassPath=/opt/custom-jars/* --conf spark.hadoop.fs.gs.impl=com.google.cloud.hadoop.fs.gcs.GoogleHadoopFileSystem --conf spark.hadoop.fs.AbstractFileSystem.gs.impl=com.google.cloud.hadoop.fs.gcs.GoogleHadoopFS --conf spark.hadoop.google.cloud.auth.service.account.enable=true --conf spark.hadoop.google.cloud.auth.service.account.json.keyfile=/opt/***/gcp-key.json --jars /opt/custom-jars/gcs-connector-hadoop3-2.2.14-shaded.jar --name arrow-spark --verbose /opt/spark-jobs/transform/gold_transfrom.py. Error code is: 1.; 47)
[2025-08-13T15:52:35.056+0000] {local_task_job_runner.py:240} INFO - Task exited with return code 1
[2025-08-13T15:52:35.092+0000] {taskinstance.py:3498} INFO - 0 downstream tasks scheduled from follow-on schedule check
[2025-08-13T15:52:35.095+0000] {local_task_job_runner.py:222} INFO - ::endgroup::
