[2025-09-09T13:56:49.127+0000] {local_task_job_runner.py:120} INFO - ::group::Pre task execution logs
[2025-09-09T13:56:49.154+0000] {taskinstance.py:2076} INFO - Dependencies all met for dep_context=non-requeueable deps ti=<TaskInstance: spark_transform_pipeline.silver_group.silver_topcv_transform manual__2025-09-09T13:56:45.610087+00:00 [queued]>
[2025-09-09T13:56:49.161+0000] {taskinstance.py:2076} INFO - Dependencies all met for dep_context=requeueable deps ti=<TaskInstance: spark_transform_pipeline.silver_group.silver_topcv_transform manual__2025-09-09T13:56:45.610087+00:00 [queued]>
[2025-09-09T13:56:49.181+0000] {taskinstance.py:2306} INFO - Starting attempt 1 of 1
[2025-09-09T13:56:49.246+0000] {taskinstance.py:2330} INFO - Executing <Task(SparkSubmitOperator): silver_group.silver_topcv_transform> on 2025-09-09 13:56:45.610087+00:00
[2025-09-09T13:56:49.256+0000] {standard_task_runner.py:63} INFO - Started process 102 to run task
[2025-09-09T13:56:49.262+0000] {standard_task_runner.py:90} INFO - Running: ['***', 'tasks', 'run', 'spark_transform_pipeline', 'silver_group.silver_topcv_transform', 'manual__2025-09-09T13:56:45.610087+00:00', '--job-id', '110', '--raw', '--subdir', 'DAGS_FOLDER/etl_jobs_dag.py', '--cfg-path', '/tmp/tmp4eqlz7yx']
[2025-09-09T13:56:49.266+0000] {standard_task_runner.py:91} INFO - Job 110: Subtask silver_group.silver_topcv_transform
[2025-09-09T13:56:49.402+0000] {task_command.py:426} INFO - Running <TaskInstance: spark_transform_pipeline.silver_group.silver_topcv_transform manual__2025-09-09T13:56:45.610087+00:00 [running]> on host 118acb478e13
[2025-09-09T13:56:49.640+0000] {taskinstance.py:2648} INFO - Exporting env vars: AIRFLOW_CTX_DAG_OWNER='***' AIRFLOW_CTX_DAG_ID='spark_transform_pipeline' AIRFLOW_CTX_TASK_ID='silver_group.silver_topcv_transform' AIRFLOW_CTX_EXECUTION_DATE='2025-09-09T13:56:45.610087+00:00' AIRFLOW_CTX_TRY_NUMBER='1' AIRFLOW_CTX_DAG_RUN_ID='manual__2025-09-09T13:56:45.610087+00:00'
[2025-09-09T13:56:49.641+0000] {taskinstance.py:430} INFO - ::endgroup::
[2025-09-09T13:56:49.664+0000] {base.py:84} INFO - Using connection ID 'spark_default' for task execution.
[2025-09-09T13:56:49.665+0000] {spark_submit.py:351} INFO - Spark-Submit cmd: spark-submit --master spark://spark-master:7077 --conf spark.master=spark://spark-master:7077 --conf spark.driver.extraClassPath=/opt/custom-jars/* --conf spark.executor.extraClassPath=/opt/custom-jars/* --conf spark.hadoop.fs.s3a.impl=org.apache.hadoop.fs.s3a.S3AFileSystem --conf spark.hadoop.fs.s3a.endpoint=http://minio:9000 --conf spark.hadoop.fs.s3a.access.key=minio --conf spark.hadoop.fs.s3a.secret.key=****** --conf spark.hadoop.fs.s3a.path.style.access=true --conf spark.hadoop.fs.s3a.connection.ssl.enabled=false --jars /opt/custom-jars/aws-java-sdk-bundle-1.12.262.jar,/opt/custom-jars/hadoop-aws-3.3.4.jar --name arrow-spark --verbose /opt/spark-jobs/elt/transform/silver_topcv_transform.py
[2025-09-09T13:56:50.149+0000] {spark_submit.py:521} INFO - WARNING: Using incubator modules: jdk.incubator.vector
[2025-09-09T13:56:52.183+0000] {spark_submit.py:521} INFO - Parsed arguments:
[2025-09-09T13:56:52.184+0000] {spark_submit.py:521} INFO - master                  spark://spark-master:7077
[2025-09-09T13:56:52.184+0000] {spark_submit.py:521} INFO - remote                  null
[2025-09-09T13:56:52.184+0000] {spark_submit.py:521} INFO - deployMode              null
[2025-09-09T13:56:52.184+0000] {spark_submit.py:521} INFO - executorMemory          null
[2025-09-09T13:56:52.185+0000] {spark_submit.py:521} INFO - executorCores           null
[2025-09-09T13:56:52.185+0000] {spark_submit.py:521} INFO - totalExecutorCores      null
[2025-09-09T13:56:52.185+0000] {spark_submit.py:521} INFO - propertiesFile          null
[2025-09-09T13:56:52.185+0000] {spark_submit.py:521} INFO - driverMemory            null
[2025-09-09T13:56:52.185+0000] {spark_submit.py:521} INFO - driverCores             null
[2025-09-09T13:56:52.185+0000] {spark_submit.py:521} INFO - driverExtraClassPath    /opt/custom-jars/*
[2025-09-09T13:56:52.186+0000] {spark_submit.py:521} INFO - driverExtraLibraryPath  null
[2025-09-09T13:56:52.186+0000] {spark_submit.py:521} INFO - driverExtraJavaOptions  null
[2025-09-09T13:56:52.186+0000] {spark_submit.py:521} INFO - supervise               false
[2025-09-09T13:56:52.186+0000] {spark_submit.py:521} INFO - queue                   null
[2025-09-09T13:56:52.186+0000] {spark_submit.py:521} INFO - numExecutors            null
[2025-09-09T13:56:52.186+0000] {spark_submit.py:521} INFO - files                   null
[2025-09-09T13:56:52.187+0000] {spark_submit.py:521} INFO - pyFiles                 null
[2025-09-09T13:56:52.187+0000] {spark_submit.py:521} INFO - archives                null
[2025-09-09T13:56:52.187+0000] {spark_submit.py:521} INFO - mainClass               null
[2025-09-09T13:56:52.187+0000] {spark_submit.py:521} INFO - primaryResource         file:/opt/spark-jobs/elt/transform/silver_topcv_transform.py
[2025-09-09T13:56:52.187+0000] {spark_submit.py:521} INFO - name                    arrow-spark
[2025-09-09T13:56:52.187+0000] {spark_submit.py:521} INFO - childArgs               []
[2025-09-09T13:56:52.187+0000] {spark_submit.py:521} INFO - jars                    file:/opt/custom-jars/aws-java-sdk-bundle-1.12.262.jar,file:/opt/custom-jars/hadoop-aws-3.3.4.jar
[2025-09-09T13:56:52.187+0000] {spark_submit.py:521} INFO - packages                null
[2025-09-09T13:56:52.188+0000] {spark_submit.py:521} INFO - packagesExclusions      null
[2025-09-09T13:56:52.188+0000] {spark_submit.py:521} INFO - repositories            null
[2025-09-09T13:56:52.188+0000] {spark_submit.py:521} INFO - verbose                 true
[2025-09-09T13:56:52.188+0000] {spark_submit.py:521} INFO - 
[2025-09-09T13:56:52.188+0000] {spark_submit.py:521} INFO - Spark properties used, including those specified through
[2025-09-09T13:56:52.188+0000] {spark_submit.py:521} INFO - --conf and those from the properties file null:
[2025-09-09T13:56:52.188+0000] {spark_submit.py:521} INFO - (spark.driver.extraClassPath,/opt/custom-jars/*)
[2025-09-09T13:56:52.189+0000] {spark_submit.py:521} INFO - (spark.executor.extraClassPath,/opt/custom-jars/*)
[2025-09-09T13:56:52.189+0000] {spark_submit.py:521} INFO - (spark.hadoop.fs.s3a.access.key,*********(redacted))
[2025-09-09T13:56:52.189+0000] {spark_submit.py:521} INFO - (spark.hadoop.fs.s3a.connection.ssl.enabled,false)
[2025-09-09T13:56:52.189+0000] {spark_submit.py:521} INFO - (spark.hadoop.fs.s3a.endpoint,http://minio:9000)
[2025-09-09T13:56:52.189+0000] {spark_submit.py:521} INFO - (spark.hadoop.fs.s3a.impl,org.apache.hadoop.fs.s3a.S3AFileSystem)
[2025-09-09T13:56:52.189+0000] {spark_submit.py:521} INFO - (spark.hadoop.fs.s3a.path.style.access,true)
[2025-09-09T13:56:52.189+0000] {spark_submit.py:521} INFO - (spark.hadoop.fs.s3a.secret.key,*********(redacted))
[2025-09-09T13:56:52.190+0000] {spark_submit.py:521} INFO - (spark.master,spark://spark-master:7077)
[2025-09-09T13:56:52.190+0000] {spark_submit.py:521} INFO - 
[2025-09-09T13:56:52.190+0000] {spark_submit.py:521} INFO - 
[2025-09-09T13:56:52.501+0000] {spark_submit.py:521} INFO - 25/09/09 13:56:52 WARN NativeCodeLoader: Unable to load native-hadoop library for your platform... using builtin-java classes where applicable
[2025-09-09T13:56:53.004+0000] {spark_submit.py:521} INFO - Main class:
[2025-09-09T13:56:53.004+0000] {spark_submit.py:521} INFO - org.apache.spark.deploy.PythonRunner
[2025-09-09T13:56:53.005+0000] {spark_submit.py:521} INFO - Arguments:
[2025-09-09T13:56:53.005+0000] {spark_submit.py:521} INFO - file:/opt/spark-jobs/elt/transform/silver_topcv_transform.py
[2025-09-09T13:56:53.005+0000] {spark_submit.py:521} INFO - null
[2025-09-09T13:56:53.005+0000] {spark_submit.py:521} INFO - Spark config:
[2025-09-09T13:56:53.006+0000] {spark_submit.py:521} INFO - (spark.app.name,arrow-spark)
[2025-09-09T13:56:53.006+0000] {spark_submit.py:521} INFO - (spark.app.submitTime,1757426212982)
[2025-09-09T13:56:53.006+0000] {spark_submit.py:521} INFO - (spark.driver.extraClassPath,/opt/custom-jars/*)
[2025-09-09T13:56:53.006+0000] {spark_submit.py:521} INFO - (spark.executor.extraClassPath,/opt/custom-jars/*)
[2025-09-09T13:56:53.007+0000] {spark_submit.py:521} INFO - (spark.hadoop.fs.s3a.access.key,*********(redacted))
[2025-09-09T13:56:53.007+0000] {spark_submit.py:521} INFO - (spark.hadoop.fs.s3a.connection.ssl.enabled,false)
[2025-09-09T13:56:53.007+0000] {spark_submit.py:521} INFO - (spark.hadoop.fs.s3a.endpoint,http://minio:9000)
[2025-09-09T13:56:53.007+0000] {spark_submit.py:521} INFO - (spark.hadoop.fs.s3a.impl,org.apache.hadoop.fs.s3a.S3AFileSystem)
[2025-09-09T13:56:53.008+0000] {spark_submit.py:521} INFO - (spark.hadoop.fs.s3a.path.style.access,true)
[2025-09-09T13:56:53.008+0000] {spark_submit.py:521} INFO - (spark.hadoop.fs.s3a.secret.key,*********(redacted))
[2025-09-09T13:56:53.008+0000] {spark_submit.py:521} INFO - (spark.jars,file:///opt/custom-jars/aws-java-sdk-bundle-1.12.262.jar,file:///opt/custom-jars/hadoop-aws-3.3.4.jar)
[2025-09-09T13:56:53.008+0000] {spark_submit.py:521} INFO - (spark.master,spark://spark-master:7077)
[2025-09-09T13:56:53.009+0000] {spark_submit.py:521} INFO - (spark.repl.local.jars,file:///opt/custom-jars/aws-java-sdk-bundle-1.12.262.jar,file:///opt/custom-jars/hadoop-aws-3.3.4.jar)
[2025-09-09T13:56:53.009+0000] {spark_submit.py:521} INFO - (spark.submit.deployMode,client)
[2025-09-09T13:56:53.009+0000] {spark_submit.py:521} INFO - (spark.submit.pyFiles,)
[2025-09-09T13:56:53.009+0000] {spark_submit.py:521} INFO - Classpath elements:
[2025-09-09T13:56:53.010+0000] {spark_submit.py:521} INFO - file:///opt/custom-jars/aws-java-sdk-bundle-1.12.262.jar
[2025-09-09T13:56:53.010+0000] {spark_submit.py:521} INFO - file:///opt/custom-jars/hadoop-aws-3.3.4.jar
[2025-09-09T13:56:53.010+0000] {spark_submit.py:521} INFO - 
[2025-09-09T13:56:53.010+0000] {spark_submit.py:521} INFO - 
[2025-09-09T13:56:54.353+0000] {spark_submit.py:521} INFO - Using Spark's default log4j profile: org/apache/spark/log4j2-defaults.properties
[2025-09-09T13:56:54.366+0000] {spark_submit.py:521} INFO - 25/09/09 13:56:54 INFO SparkContext: Running Spark version 4.0.1
[2025-09-09T13:56:54.370+0000] {spark_submit.py:521} INFO - 25/09/09 13:56:54 INFO SparkContext: OS info Linux, 5.15.167.4-microsoft-standard-WSL2, amd64
[2025-09-09T13:56:54.371+0000] {spark_submit.py:521} INFO - 25/09/09 13:56:54 INFO SparkContext: Java version 17.0.16
[2025-09-09T13:56:54.399+0000] {spark_submit.py:521} INFO - 25/09/09 13:56:54 INFO ResourceUtils: ==============================================================
[2025-09-09T13:56:54.400+0000] {spark_submit.py:521} INFO - 25/09/09 13:56:54 INFO ResourceUtils: No custom resources configured for spark.driver.
[2025-09-09T13:56:54.400+0000] {spark_submit.py:521} INFO - 25/09/09 13:56:54 INFO ResourceUtils: ==============================================================
[2025-09-09T13:56:54.401+0000] {spark_submit.py:521} INFO - 25/09/09 13:56:54 INFO SparkContext: Submitted application: SilverTopCVTransform
[2025-09-09T13:56:54.429+0000] {spark_submit.py:521} INFO - 25/09/09 13:56:54 INFO ResourceProfile: Default ResourceProfile created, executor resources: Map(memory -> name: memory, amount: 1024, script: , vendor: , offHeap -> name: offHeap, amount: 0, script: , vendor: ), task resources: Map(cpus -> name: cpus, amount: 1.0)
[2025-09-09T13:56:54.431+0000] {spark_submit.py:521} INFO - 25/09/09 13:56:54 INFO ResourceProfile: Limiting resource is cpu
[2025-09-09T13:56:54.433+0000] {spark_submit.py:521} INFO - 25/09/09 13:56:54 INFO ResourceProfileManager: Added ResourceProfile id: 0
[2025-09-09T13:56:54.484+0000] {spark_submit.py:521} INFO - 25/09/09 13:56:54 INFO SecurityManager: Changing view acls to: ***
[2025-09-09T13:56:54.485+0000] {spark_submit.py:521} INFO - 25/09/09 13:56:54 INFO SecurityManager: Changing modify acls to: ***
[2025-09-09T13:56:54.485+0000] {spark_submit.py:521} INFO - 25/09/09 13:56:54 INFO SecurityManager: Changing view acls groups to: ***
[2025-09-09T13:56:54.486+0000] {spark_submit.py:521} INFO - 25/09/09 13:56:54 INFO SecurityManager: Changing modify acls groups to: ***
[2025-09-09T13:56:54.488+0000] {spark_submit.py:521} INFO - 25/09/09 13:56:54 INFO SecurityManager: SecurityManager: authentication disabled; ui acls disabled; users with view permissions: *** groups with view permissions: EMPTY; users with modify permissions: ***; groups with modify permissions: EMPTY; RPC SSL disabled
[2025-09-09T13:56:54.708+0000] {spark_submit.py:521} INFO - 25/09/09 13:56:54 INFO Utils: Successfully started service 'sparkDriver' on port 38107.
[2025-09-09T13:56:54.735+0000] {spark_submit.py:521} INFO - 25/09/09 13:56:54 INFO SparkEnv: Registering MapOutputTracker
[2025-09-09T13:56:54.746+0000] {spark_submit.py:521} INFO - 25/09/09 13:56:54 INFO SparkEnv: Registering BlockManagerMaster
[2025-09-09T13:56:54.762+0000] {spark_submit.py:521} INFO - 25/09/09 13:56:54 INFO BlockManagerMasterEndpoint: Using org.apache.spark.storage.DefaultTopologyMapper for getting topology information
[2025-09-09T13:56:54.763+0000] {spark_submit.py:521} INFO - 25/09/09 13:56:54 INFO BlockManagerMasterEndpoint: BlockManagerMasterEndpoint up
[2025-09-09T13:56:54.765+0000] {spark_submit.py:521} INFO - 25/09/09 13:56:54 INFO SparkEnv: Registering BlockManagerMasterHeartbeat
[2025-09-09T13:56:54.790+0000] {spark_submit.py:521} INFO - 25/09/09 13:56:54 INFO DiskBlockManager: Created local directory at /tmp/blockmgr-a9ab70e4-2d0f-425c-8611-7cfcad7265b5
[2025-09-09T13:56:54.813+0000] {spark_submit.py:521} INFO - 25/09/09 13:56:54 INFO SparkEnv: Registering OutputCommitCoordinator
[2025-09-09T13:56:54.963+0000] {spark_submit.py:521} INFO - 25/09/09 13:56:54 INFO JettyUtils: Start Jetty 0.0.0.0:4040 for SparkUI
[2025-09-09T13:56:55.046+0000] {spark_submit.py:521} INFO - 25/09/09 13:56:55 INFO Utils: Successfully started service 'SparkUI' on port 4040.
[2025-09-09T13:56:55.088+0000] {spark_submit.py:521} INFO - 25/09/09 13:56:55 INFO SparkContext: Added JAR file:///opt/custom-jars/aws-java-sdk-bundle-1.12.262.jar at spark://118acb478e13:38107/jars/aws-java-sdk-bundle-1.12.262.jar with timestamp 1757426214347
[2025-09-09T13:56:55.090+0000] {spark_submit.py:521} INFO - 25/09/09 13:56:55 INFO SparkContext: Added JAR file:///opt/custom-jars/hadoop-aws-3.3.4.jar at spark://118acb478e13:38107/jars/hadoop-aws-3.3.4.jar with timestamp 1757426214347
[2025-09-09T13:56:55.116+0000] {spark_submit.py:521} INFO - 25/09/09 13:56:55 INFO SecurityManager: Changing view acls to: ***
[2025-09-09T13:56:55.117+0000] {spark_submit.py:521} INFO - 25/09/09 13:56:55 INFO SecurityManager: Changing modify acls to: ***
[2025-09-09T13:56:55.117+0000] {spark_submit.py:521} INFO - 25/09/09 13:56:55 INFO SecurityManager: Changing view acls groups to: ***
[2025-09-09T13:56:55.117+0000] {spark_submit.py:521} INFO - 25/09/09 13:56:55 INFO SecurityManager: Changing modify acls groups to: ***
[2025-09-09T13:56:55.118+0000] {spark_submit.py:521} INFO - 25/09/09 13:56:55 INFO SecurityManager: SecurityManager: authentication disabled; ui acls disabled; users with view permissions: *** groups with view permissions: EMPTY; users with modify permissions: ***; groups with modify permissions: EMPTY; RPC SSL disabled
[2025-09-09T13:56:55.288+0000] {spark_submit.py:521} INFO - 25/09/09 13:56:55 INFO StandaloneAppClient$ClientEndpoint: Connecting to master spark://spark-master:7077...
[2025-09-09T13:56:55.346+0000] {spark_submit.py:521} INFO - 25/09/09 13:56:55 INFO TransportClientFactory: Successfully created connection to spark-master/172.18.0.2:7077 after 27 ms (0 ms spent in bootstraps)
[2025-09-09T13:56:56.841+0000] {spark_submit.py:521} INFO - 25/09/09 13:56:56 INFO StandaloneSchedulerBackend: Connected to Spark cluster with app ID app-20250909135656-0000
[2025-09-09T13:56:56.850+0000] {spark_submit.py:521} INFO - 25/09/09 13:56:56 INFO Utils: Successfully started service 'org.apache.spark.network.netty.NettyBlockTransferService' on port 40385.
[2025-09-09T13:56:56.851+0000] {spark_submit.py:521} INFO - 25/09/09 13:56:56 INFO NettyBlockTransferService: Server created on 118acb478e13:40385
[2025-09-09T13:56:56.854+0000] {spark_submit.py:521} INFO - 25/09/09 13:56:56 INFO BlockManager: Using org.apache.spark.storage.RandomBlockReplicationPolicy for block replication policy
[2025-09-09T13:56:56.879+0000] {spark_submit.py:521} INFO - 25/09/09 13:56:56 INFO BlockManagerMaster: Registering BlockManager BlockManagerId(driver, 118acb478e13, 40385, None)
[2025-09-09T13:56:56.891+0000] {spark_submit.py:521} INFO - 25/09/09 13:56:56 INFO BlockManagerMasterEndpoint: Registering block manager 118acb478e13:40385 with 434.4 MiB RAM, BlockManagerId(driver, 118acb478e13, 40385, None)
[2025-09-09T13:56:56.894+0000] {spark_submit.py:521} INFO - 25/09/09 13:56:56 INFO BlockManagerMaster: Registered BlockManager BlockManagerId(driver, 118acb478e13, 40385, None)
[2025-09-09T13:56:56.895+0000] {spark_submit.py:521} INFO - 25/09/09 13:56:56 INFO BlockManager: Initialized BlockManager: BlockManagerId(driver, 118acb478e13, 40385, None)
[2025-09-09T13:56:57.197+0000] {spark_submit.py:521} INFO - 25/09/09 13:56:57 INFO StandaloneSchedulerBackend: SchedulerBackend is ready for scheduling beginning after reached minRegisteredResourcesRatio: 0.0
[2025-09-09T13:56:57.380+0000] {spark_submit.py:521} INFO - 25/09/09 13:56:57 INFO StandaloneAppClient$ClientEndpoint: Executor added: app-20250909135656-0000/0 on worker-20250909135521-172.18.0.7-44119 (172.18.0.7:44119) with 2 core(s)
[2025-09-09T13:56:57.381+0000] {spark_submit.py:521} INFO - 25/09/09 13:56:57 INFO StandaloneSchedulerBackend: Granted executor ID app-20250909135656-0000/0 on hostPort 172.18.0.7:44119 with 2 core(s), 1024.0 MiB RAM
[2025-09-09T13:56:59.477+0000] {spark_submit.py:521} INFO - 25/09/09 13:56:59 INFO StandaloneAppClient$ClientEndpoint: Executor updated: app-20250909135656-0000/0 is now RUNNING
[2025-09-09T13:57:00.293+0000] {spark_submit.py:521} INFO - 25/09/09 13:57:00 INFO SharedState: Setting hive.metastore.warehouse.dir ('null') to the value of spark.sql.warehouse.dir.
[2025-09-09T13:57:00.297+0000] {spark_submit.py:521} INFO - 25/09/09 13:57:00 INFO SharedState: Warehouse path is 'file:/opt/***/spark-warehouse'.
[2025-09-09T13:57:01.565+0000] {spark_submit.py:521} INFO - 25/09/09 13:57:01 WARN MetricsConfig: Cannot locate configuration: tried hadoop-metrics2-s3a-file-system.properties,hadoop-metrics2.properties
[2025-09-09T13:57:01.617+0000] {spark_submit.py:521} INFO - 25/09/09 13:57:01 INFO MetricsSystemImpl: Scheduled Metric snapshot period at 10 second(s).
[2025-09-09T13:57:01.618+0000] {spark_submit.py:521} INFO - 25/09/09 13:57:01 INFO MetricsSystemImpl: s3a-file-system metrics system started
[2025-09-09T13:57:01.636+0000] {spark_submit.py:521} INFO - 25/09/09 13:57:01 INFO MetricsSystemImpl: Stopping s3a-file-system metrics system...
[2025-09-09T13:57:01.637+0000] {spark_submit.py:521} INFO - 25/09/09 13:57:01 INFO MetricsSystemImpl: s3a-file-system metrics system stopped.
[2025-09-09T13:57:01.637+0000] {spark_submit.py:521} INFO - 25/09/09 13:57:01 INFO MetricsSystemImpl: s3a-file-system metrics system shutdown complete.
[2025-09-09T13:57:01.638+0000] {spark_submit.py:521} INFO - 25/09/09 13:57:01 WARN FileSystem: Failed to initialize filesystem s3a://job/bronze/topcv/topcv_jobs.parquet: java.lang.NumberFormatException: For input string: "60s"
[2025-09-09T13:57:01.641+0000] {spark_submit.py:521} INFO - 25/09/09 13:57:01 WARN FileStreamSink: Assume no metadata directory. Error while looking for metadata directory in the path: s3a://job/bronze/topcv/topcv_jobs.parquet.
[2025-09-09T13:57:01.643+0000] {spark_submit.py:521} INFO - java.lang.NumberFormatException: For input string: "60s"
[2025-09-09T13:57:01.643+0000] {spark_submit.py:521} INFO - at java.base/java.lang.NumberFormatException.forInputString(NumberFormatException.java:67)
[2025-09-09T13:57:01.644+0000] {spark_submit.py:521} INFO - at java.base/java.lang.Long.parseLong(Long.java:711)
[2025-09-09T13:57:01.644+0000] {spark_submit.py:521} INFO - at java.base/java.lang.Long.parseLong(Long.java:836)
[2025-09-09T13:57:01.644+0000] {spark_submit.py:521} INFO - at org.apache.hadoop.conf.Configuration.getLong(Configuration.java:1607)
[2025-09-09T13:57:01.645+0000] {spark_submit.py:521} INFO - at org.apache.hadoop.fs.s3a.S3AUtils.longOption(S3AUtils.java:1024)
[2025-09-09T13:57:01.645+0000] {spark_submit.py:521} INFO - at org.apache.hadoop.fs.s3a.S3AFileSystem.initThreadPools(S3AFileSystem.java:719)
[2025-09-09T13:57:01.645+0000] {spark_submit.py:521} INFO - at org.apache.hadoop.fs.s3a.S3AFileSystem.initialize(S3AFileSystem.java:498)
[2025-09-09T13:57:01.645+0000] {spark_submit.py:521} INFO - at org.apache.hadoop.fs.FileSystem.createFileSystem(FileSystem.java:3615)
[2025-09-09T13:57:01.645+0000] {spark_submit.py:521} INFO - at org.apache.hadoop.fs.FileSystem.access$300(FileSystem.java:172)
[2025-09-09T13:57:01.646+0000] {spark_submit.py:521} INFO - at org.apache.hadoop.fs.FileSystem$Cache.getInternal(FileSystem.java:3716)
[2025-09-09T13:57:01.646+0000] {spark_submit.py:521} INFO - at org.apache.hadoop.fs.FileSystem$Cache.get(FileSystem.java:3667)
[2025-09-09T13:57:01.646+0000] {spark_submit.py:521} INFO - at org.apache.hadoop.fs.FileSystem.get(FileSystem.java:557)
[2025-09-09T13:57:01.646+0000] {spark_submit.py:521} INFO - at org.apache.hadoop.fs.Path.getFileSystem(Path.java:366)
[2025-09-09T13:57:01.646+0000] {spark_submit.py:521} INFO - at org.apache.spark.sql.execution.streaming.FileStreamSink$.hasMetadata(FileStreamSink.scala:55)
[2025-09-09T13:57:01.647+0000] {spark_submit.py:521} INFO - at org.apache.spark.sql.execution.datasources.DataSource.resolveRelation(DataSource.scala:381)
[2025-09-09T13:57:01.647+0000] {spark_submit.py:521} INFO - at org.apache.spark.sql.catalyst.analysis.ResolveDataSource.org$apache$spark$sql$catalyst$analysis$ResolveDataSource$$loadV1BatchSource(ResolveDataSource.scala:143)
[2025-09-09T13:57:01.647+0000] {spark_submit.py:521} INFO - at org.apache.spark.sql.catalyst.analysis.ResolveDataSource$$anonfun$apply$1.$anonfun$applyOrElse$2(ResolveDataSource.scala:61)
[2025-09-09T13:57:01.647+0000] {spark_submit.py:521} INFO - at scala.Option.getOrElse(Option.scala:201)
[2025-09-09T13:57:01.647+0000] {spark_submit.py:521} INFO - at org.apache.spark.sql.catalyst.analysis.ResolveDataSource$$anonfun$apply$1.applyOrElse(ResolveDataSource.scala:61)
[2025-09-09T13:57:01.647+0000] {spark_submit.py:521} INFO - at org.apache.spark.sql.catalyst.analysis.ResolveDataSource$$anonfun$apply$1.applyOrElse(ResolveDataSource.scala:45)
[2025-09-09T13:57:01.647+0000] {spark_submit.py:521} INFO - at org.apache.spark.sql.catalyst.plans.logical.AnalysisHelper.$anonfun$resolveOperatorsUpWithPruning$3(AnalysisHelper.scala:139)
[2025-09-09T13:57:01.648+0000] {spark_submit.py:521} INFO - at org.apache.spark.sql.catalyst.trees.CurrentOrigin$.withOrigin(origin.scala:86)
[2025-09-09T13:57:01.648+0000] {spark_submit.py:521} INFO - at org.apache.spark.sql.catalyst.plans.logical.AnalysisHelper.$anonfun$resolveOperatorsUpWithPruning$1(AnalysisHelper.scala:139)
[2025-09-09T13:57:01.648+0000] {spark_submit.py:521} INFO - at org.apache.spark.sql.catalyst.plans.logical.AnalysisHelper$.allowInvokingTransformsInAnalyzer(AnalysisHelper.scala:416)
[2025-09-09T13:57:01.648+0000] {spark_submit.py:521} INFO - at org.apache.spark.sql.catalyst.plans.logical.AnalysisHelper.resolveOperatorsUpWithPruning(AnalysisHelper.scala:135)
[2025-09-09T13:57:01.649+0000] {spark_submit.py:521} INFO - at org.apache.spark.sql.catalyst.plans.logical.AnalysisHelper.resolveOperatorsUpWithPruning$(AnalysisHelper.scala:131)
[2025-09-09T13:57:01.649+0000] {spark_submit.py:521} INFO - at org.apache.spark.sql.catalyst.plans.logical.LogicalPlan.resolveOperatorsUpWithPruning(LogicalPlan.scala:37)
[2025-09-09T13:57:01.649+0000] {spark_submit.py:521} INFO - at org.apache.spark.sql.catalyst.plans.logical.AnalysisHelper.resolveOperatorsUp(AnalysisHelper.scala:112)
[2025-09-09T13:57:01.649+0000] {spark_submit.py:521} INFO - at org.apache.spark.sql.catalyst.plans.logical.AnalysisHelper.resolveOperatorsUp$(AnalysisHelper.scala:111)
[2025-09-09T13:57:01.649+0000] {spark_submit.py:521} INFO - at org.apache.spark.sql.catalyst.plans.logical.LogicalPlan.resolveOperatorsUp(LogicalPlan.scala:37)
[2025-09-09T13:57:01.649+0000] {spark_submit.py:521} INFO - at org.apache.spark.sql.catalyst.analysis.ResolveDataSource.apply(ResolveDataSource.scala:45)
[2025-09-09T13:57:01.649+0000] {spark_submit.py:521} INFO - at org.apache.spark.sql.catalyst.analysis.ResolveDataSource.apply(ResolveDataSource.scala:43)
[2025-09-09T13:57:01.650+0000] {spark_submit.py:521} INFO - at org.apache.spark.sql.catalyst.rules.RuleExecutor.$anonfun$execute$2(RuleExecutor.scala:242)
[2025-09-09T13:57:01.650+0000] {spark_submit.py:521} INFO - at scala.collection.LinearSeqOps.foldLeft(LinearSeq.scala:183)
[2025-09-09T13:57:01.650+0000] {spark_submit.py:521} INFO - at scala.collection.LinearSeqOps.foldLeft$(LinearSeq.scala:179)
[2025-09-09T13:57:01.650+0000] {spark_submit.py:521} INFO - at scala.collection.immutable.List.foldLeft(List.scala:79)
[2025-09-09T13:57:01.650+0000] {spark_submit.py:521} INFO - at org.apache.spark.sql.catalyst.rules.RuleExecutor.$anonfun$execute$1(RuleExecutor.scala:239)
[2025-09-09T13:57:01.650+0000] {spark_submit.py:521} INFO - at org.apache.spark.sql.catalyst.rules.RuleExecutor.$anonfun$execute$1$adapted(RuleExecutor.scala:231)
[2025-09-09T13:57:01.651+0000] {spark_submit.py:521} INFO - at scala.collection.immutable.List.foreach(List.scala:334)
[2025-09-09T13:57:01.651+0000] {spark_submit.py:521} INFO - at org.apache.spark.sql.catalyst.rules.RuleExecutor.execute(RuleExecutor.scala:231)
[2025-09-09T13:57:01.651+0000] {spark_submit.py:521} INFO - at org.apache.spark.sql.catalyst.analysis.Analyzer.org$apache$spark$sql$catalyst$analysis$Analyzer$$executeSameContext(Analyzer.scala:340)
[2025-09-09T13:57:01.651+0000] {spark_submit.py:521} INFO - at org.apache.spark.sql.catalyst.analysis.Analyzer.$anonfun$execute$1(Analyzer.scala:336)
[2025-09-09T13:57:01.651+0000] {spark_submit.py:521} INFO - at org.apache.spark.sql.catalyst.analysis.AnalysisContext$.withNewAnalysisContext(Analyzer.scala:234)
[2025-09-09T13:57:01.651+0000] {spark_submit.py:521} INFO - at org.apache.spark.sql.catalyst.analysis.Analyzer.execute(Analyzer.scala:336)
[2025-09-09T13:57:01.652+0000] {spark_submit.py:521} INFO - at org.apache.spark.sql.catalyst.analysis.Analyzer.execute(Analyzer.scala:299)
[2025-09-09T13:57:01.652+0000] {spark_submit.py:521} INFO - at org.apache.spark.sql.catalyst.rules.RuleExecutor.$anonfun$executeAndTrack$1(RuleExecutor.scala:201)
[2025-09-09T13:57:01.652+0000] {spark_submit.py:521} INFO - at org.apache.spark.sql.catalyst.QueryPlanningTracker$.withTracker(QueryPlanningTracker.scala:89)
[2025-09-09T13:57:01.652+0000] {spark_submit.py:521} INFO - at org.apache.spark.sql.catalyst.rules.RuleExecutor.executeAndTrack(RuleExecutor.scala:201)
[2025-09-09T13:57:01.652+0000] {spark_submit.py:521} INFO - at org.apache.spark.sql.catalyst.analysis.resolver.HybridAnalyzer.resolveInFixedPoint(HybridAnalyzer.scala:190)
[2025-09-09T13:57:01.652+0000] {spark_submit.py:521} INFO - at org.apache.spark.sql.catalyst.analysis.resolver.HybridAnalyzer.$anonfun$apply$1(HybridAnalyzer.scala:76)
[2025-09-09T13:57:01.653+0000] {spark_submit.py:521} INFO - at org.apache.spark.sql.catalyst.analysis.resolver.HybridAnalyzer.withTrackedAnalyzerBridgeState(HybridAnalyzer.scala:111)
[2025-09-09T13:57:01.653+0000] {spark_submit.py:521} INFO - at org.apache.spark.sql.catalyst.analysis.resolver.HybridAnalyzer.apply(HybridAnalyzer.scala:71)
[2025-09-09T13:57:01.653+0000] {spark_submit.py:521} INFO - at org.apache.spark.sql.catalyst.analysis.Analyzer.$anonfun$executeAndCheck$1(Analyzer.scala:330)
[2025-09-09T13:57:01.653+0000] {spark_submit.py:521} INFO - at org.apache.spark.sql.catalyst.plans.logical.AnalysisHelper$.markInAnalyzer(AnalysisHelper.scala:423)
[2025-09-09T13:57:01.653+0000] {spark_submit.py:521} INFO - at org.apache.spark.sql.catalyst.analysis.Analyzer.executeAndCheck(Analyzer.scala:330)
[2025-09-09T13:57:01.653+0000] {spark_submit.py:521} INFO - at org.apache.spark.sql.execution.QueryExecution.$anonfun$lazyAnalyzed$2(QueryExecution.scala:110)
[2025-09-09T13:57:01.653+0000] {spark_submit.py:521} INFO - at org.apache.spark.sql.catalyst.QueryPlanningTracker.measurePhase(QueryPlanningTracker.scala:148)
[2025-09-09T13:57:01.654+0000] {spark_submit.py:521} INFO - at org.apache.spark.sql.execution.QueryExecution.$anonfun$executePhase$2(QueryExecution.scala:278)
[2025-09-09T13:57:01.654+0000] {spark_submit.py:521} INFO - at org.apache.spark.sql.execution.QueryExecution$.withInternalError(QueryExecution.scala:654)
[2025-09-09T13:57:01.654+0000] {spark_submit.py:521} INFO - at org.apache.spark.sql.execution.QueryExecution.$anonfun$executePhase$1(QueryExecution.scala:278)
[2025-09-09T13:57:01.655+0000] {spark_submit.py:521} INFO - at org.apache.spark.sql.SparkSession.withActive(SparkSession.scala:804)
[2025-09-09T13:57:01.655+0000] {spark_submit.py:521} INFO - at org.apache.spark.sql.execution.QueryExecution.executePhase(QueryExecution.scala:277)
[2025-09-09T13:57:01.655+0000] {spark_submit.py:521} INFO - at org.apache.spark.sql.execution.QueryExecution.$anonfun$lazyAnalyzed$1(QueryExecution.scala:110)
[2025-09-09T13:57:01.656+0000] {spark_submit.py:521} INFO - at scala.util.Try$.apply(Try.scala:217)
[2025-09-09T13:57:01.656+0000] {spark_submit.py:521} INFO - at org.apache.spark.util.Utils$.doTryWithCallerStacktrace(Utils.scala:1378)
[2025-09-09T13:57:01.656+0000] {spark_submit.py:521} INFO - at org.apache.spark.util.LazyTry.tryT$lzycompute(LazyTry.scala:46)
[2025-09-09T13:57:01.656+0000] {spark_submit.py:521} INFO - at org.apache.spark.util.LazyTry.tryT(LazyTry.scala:46)
[2025-09-09T13:57:01.656+0000] {spark_submit.py:521} INFO - at org.apache.spark.util.LazyTry.get(LazyTry.scala:58)
[2025-09-09T13:57:01.656+0000] {spark_submit.py:521} INFO - at org.apache.spark.sql.execution.QueryExecution.analyzed(QueryExecution.scala:121)
[2025-09-09T13:57:01.657+0000] {spark_submit.py:521} INFO - at org.apache.spark.sql.execution.QueryExecution.assertAnalyzed(QueryExecution.scala:80)
[2025-09-09T13:57:01.657+0000] {spark_submit.py:521} INFO - at org.apache.spark.sql.classic.Dataset$.$anonfun$ofRows$1(Dataset.scala:115)
[2025-09-09T13:57:01.657+0000] {spark_submit.py:521} INFO - at org.apache.spark.sql.SparkSession.withActive(SparkSession.scala:804)
[2025-09-09T13:57:01.657+0000] {spark_submit.py:521} INFO - at org.apache.spark.sql.classic.Dataset$.ofRows(Dataset.scala:113)
[2025-09-09T13:57:01.657+0000] {spark_submit.py:521} INFO - at org.apache.spark.sql.classic.DataFrameReader.load(DataFrameReader.scala:109)
[2025-09-09T13:57:01.657+0000] {spark_submit.py:521} INFO - at org.apache.spark.sql.classic.DataFrameReader.load(DataFrameReader.scala:58)
[2025-09-09T13:57:01.658+0000] {spark_submit.py:521} INFO - at org.apache.spark.sql.DataFrameReader.parquet(DataFrameReader.scala:457)
[2025-09-09T13:57:01.658+0000] {spark_submit.py:521} INFO - at org.apache.spark.sql.classic.DataFrameReader.parquet(DataFrameReader.scala:306)
[2025-09-09T13:57:01.658+0000] {spark_submit.py:521} INFO - at org.apache.spark.sql.classic.DataFrameReader.parquet(DataFrameReader.scala:58)
[2025-09-09T13:57:01.658+0000] {spark_submit.py:521} INFO - at java.base/jdk.internal.reflect.NativeMethodAccessorImpl.invoke0(Native Method)
[2025-09-09T13:57:01.658+0000] {spark_submit.py:521} INFO - at java.base/jdk.internal.reflect.NativeMethodAccessorImpl.invoke(NativeMethodAccessorImpl.java:77)
[2025-09-09T13:57:01.658+0000] {spark_submit.py:521} INFO - at java.base/jdk.internal.reflect.DelegatingMethodAccessorImpl.invoke(DelegatingMethodAccessorImpl.java:43)
[2025-09-09T13:57:01.658+0000] {spark_submit.py:521} INFO - at java.base/java.lang.reflect.Method.invoke(Method.java:569)
[2025-09-09T13:57:01.659+0000] {spark_submit.py:521} INFO - at py4j.reflection.MethodInvoker.invoke(MethodInvoker.java:244)
[2025-09-09T13:57:01.659+0000] {spark_submit.py:521} INFO - at py4j.reflection.ReflectionEngine.invoke(ReflectionEngine.java:374)
[2025-09-09T13:57:01.659+0000] {spark_submit.py:521} INFO - at py4j.Gateway.invoke(Gateway.java:282)
[2025-09-09T13:57:01.659+0000] {spark_submit.py:521} INFO - at py4j.commands.AbstractCommand.invokeMethod(AbstractCommand.java:132)
[2025-09-09T13:57:01.660+0000] {spark_submit.py:521} INFO - at py4j.commands.CallCommand.execute(CallCommand.java:79)
[2025-09-09T13:57:01.660+0000] {spark_submit.py:521} INFO - at py4j.ClientServerConnection.waitForCommands(ClientServerConnection.java:184)
[2025-09-09T13:57:01.661+0000] {spark_submit.py:521} INFO - at py4j.ClientServerConnection.run(ClientServerConnection.java:108)
[2025-09-09T13:57:01.664+0000] {spark_submit.py:521} INFO - at java.base/java.lang.Thread.run(Thread.java:840)
[2025-09-09T13:57:01.670+0000] {spark_submit.py:521} INFO - 25/09/09 13:57:01 WARN MetricsConfig: Cannot locate configuration: tried hadoop-metrics2-s3a-file-system.properties,hadoop-metrics2.properties
[2025-09-09T13:57:01.670+0000] {spark_submit.py:521} INFO - 25/09/09 13:57:01 INFO MetricsSystemImpl: Scheduled Metric snapshot period at 10 second(s).
[2025-09-09T13:57:01.671+0000] {spark_submit.py:521} INFO - 25/09/09 13:57:01 INFO MetricsSystemImpl: s3a-file-system metrics system started
[2025-09-09T13:57:01.677+0000] {spark_submit.py:521} INFO - 25/09/09 13:57:01 INFO MetricsSystemImpl: Stopping s3a-file-system metrics system...
[2025-09-09T13:57:01.678+0000] {spark_submit.py:521} INFO - 25/09/09 13:57:01 INFO MetricsSystemImpl: s3a-file-system metrics system stopped.
[2025-09-09T13:57:01.678+0000] {spark_submit.py:521} INFO - 25/09/09 13:57:01 INFO MetricsSystemImpl: s3a-file-system metrics system shutdown complete.
[2025-09-09T13:57:01.678+0000] {spark_submit.py:521} INFO - 25/09/09 13:57:01 WARN FileSystem: Failed to initialize filesystem s3a://job/bronze/topcv/topcv_jobs.parquet: java.lang.NumberFormatException: For input string: "60s"
[2025-09-09T13:57:01.762+0000] {spark_submit.py:521} INFO - Traceback (most recent call last):
[2025-09-09T13:57:01.762+0000] {spark_submit.py:521} INFO - File "/opt/spark-jobs/elt/transform/silver_topcv_transform.py", line 25, in <module>
[2025-09-09T13:57:01.765+0000] {spark_submit.py:521} INFO - df = spark.read.parquet(f"s3a://{MINIO_BUCKET}/bronze/topcv/topcv_jobs.parquet")
[2025-09-09T13:57:01.765+0000] {spark_submit.py:521} INFO - ^^^^^^^^^^^^^^^^^^^^^^^^^^^^^^^^^^^^^^^^^^^^^^^^^^^^^^^^^^^^^^^^^^^^^^^^^^^
[2025-09-09T13:57:01.766+0000] {spark_submit.py:521} INFO - File "/home/***/.local/lib/python3.11/site-packages/pyspark/python/lib/pyspark.zip/pyspark/sql/readwriter.py", line 642, in parquet
[2025-09-09T13:57:01.766+0000] {spark_submit.py:521} INFO - File "/home/***/.local/lib/python3.11/site-packages/pyspark/python/lib/py4j-0.10.9.9-src.zip/py4j/java_gateway.py", line 1362, in __call__
[2025-09-09T13:57:01.767+0000] {spark_submit.py:521} INFO - File "/home/***/.local/lib/python3.11/site-packages/pyspark/python/lib/pyspark.zip/pyspark/errors/exceptions/captured.py", line 288, in deco
[2025-09-09T13:57:01.773+0000] {spark_submit.py:521} INFO - pyspark.errors.exceptions.captured.NumberFormatException: For input string: "60s"
[2025-09-09T13:57:01.910+0000] {spark_submit.py:521} INFO - 25/09/09 13:57:01 INFO SparkContext: Invoking stop() from shutdown hook
[2025-09-09T13:57:01.913+0000] {spark_submit.py:521} INFO - 25/09/09 13:57:01 INFO SparkContext: SparkContext is stopping with exitCode 0 from run at Executors.java:539.
[2025-09-09T13:57:01.923+0000] {spark_submit.py:521} INFO - 25/09/09 13:57:01 INFO SparkUI: Stopped Spark web UI at http://118acb478e13:4040
[2025-09-09T13:57:01.926+0000] {spark_submit.py:521} INFO - 25/09/09 13:57:01 INFO StandaloneSchedulerBackend: Shutting down all executors
[2025-09-09T13:57:01.929+0000] {spark_submit.py:521} INFO - 25/09/09 13:57:01 INFO StandaloneSchedulerBackend$StandaloneDriverEndpoint: Asking each executor to shut down
[2025-09-09T13:57:01.960+0000] {spark_submit.py:521} INFO - 25/09/09 13:57:01 INFO MapOutputTrackerMasterEndpoint: MapOutputTrackerMasterEndpoint stopped!
[2025-09-09T13:57:01.997+0000] {spark_submit.py:521} INFO - 25/09/09 13:57:01 INFO MemoryStore: MemoryStore started with capacity 434.4 MiB
[2025-09-09T13:57:01.998+0000] {spark_submit.py:521} INFO - 25/09/09 13:57:01 INFO MemoryStore: MemoryStore cleared
[2025-09-09T13:57:01.998+0000] {spark_submit.py:521} INFO - 25/09/09 13:57:01 INFO BlockManager: BlockManager stopped
[2025-09-09T13:57:02.007+0000] {spark_submit.py:521} INFO - 25/09/09 13:57:02 INFO BlockManagerMaster: BlockManagerMaster stopped
[2025-09-09T13:57:02.014+0000] {spark_submit.py:521} INFO - 25/09/09 13:57:02 INFO OutputCommitCoordinator$OutputCommitCoordinatorEndpoint: OutputCommitCoordinator stopped!
[2025-09-09T13:57:02.027+0000] {spark_submit.py:521} INFO - 25/09/09 13:57:02 INFO SparkContext: Successfully stopped SparkContext
[2025-09-09T13:57:02.029+0000] {spark_submit.py:521} INFO - 25/09/09 13:57:02 INFO ShutdownHookManager: Shutdown hook called
[2025-09-09T13:57:02.030+0000] {spark_submit.py:521} INFO - 25/09/09 13:57:02 INFO ShutdownHookManager: Deleting directory /tmp/spark-6b8bdcac-a53e-4954-aa9a-36aa01bc6e4b
[2025-09-09T13:57:02.034+0000] {spark_submit.py:521} INFO - 25/09/09 13:57:02 INFO ShutdownHookManager: Deleting directory /tmp/spark-862f9b6a-f065-4ede-b328-d0a4456c3a1f
[2025-09-09T13:57:02.039+0000] {spark_submit.py:521} INFO - 25/09/09 13:57:02 INFO ShutdownHookManager: Deleting directory /tmp/spark-862f9b6a-f065-4ede-b328-d0a4456c3a1f/pyspark-0c5f4887-df92-4ce8-9d5b-7aa75abc06af
[2025-09-09T13:57:02.083+0000] {taskinstance.py:441} INFO - ::group::Post task execution logs
[2025-09-09T13:57:02.097+0000] {taskinstance.py:2905} ERROR - Task failed with exception
Traceback (most recent call last):
  File "/home/airflow/.local/lib/python3.11/site-packages/airflow/models/taskinstance.py", line 465, in _execute_task
    result = _execute_callable(context=context, **execute_callable_kwargs)
             ^^^^^^^^^^^^^^^^^^^^^^^^^^^^^^^^^^^^^^^^^^^^^^^^^^^^^^^^^^^^^
  File "/home/airflow/.local/lib/python3.11/site-packages/airflow/models/taskinstance.py", line 432, in _execute_callable
    return execute_callable(context=context, **execute_callable_kwargs)
           ^^^^^^^^^^^^^^^^^^^^^^^^^^^^^^^^^^^^^^^^^^^^^^^^^^^^^^^^^^^^
  File "/home/airflow/.local/lib/python3.11/site-packages/airflow/models/baseoperator.py", line 400, in wrapper
    return func(self, *args, **kwargs)
           ^^^^^^^^^^^^^^^^^^^^^^^^^^^
  File "/home/airflow/.local/lib/python3.11/site-packages/airflow/providers/apache/spark/operators/spark_submit.py", line 156, in execute
    self._hook.submit(self._application)
  File "/home/airflow/.local/lib/python3.11/site-packages/airflow/providers/apache/spark/hooks/spark_submit.py", line 452, in submit
    raise AirflowException(
airflow.exceptions.AirflowException: Cannot execute: spark-submit --master spark://spark-master:7077 --conf spark.master=spark://spark-master:7077 --conf spark.driver.extraClassPath=/opt/custom-jars/* --conf spark.executor.extraClassPath=/opt/custom-jars/* --conf spark.hadoop.fs.s3a.impl=org.apache.hadoop.fs.s3a.S3AFileSystem --conf spark.hadoop.fs.s3a.endpoint=http://minio:9000 --conf spark.hadoop.fs.s3a.access.key=minio --conf spark.hadoop.fs.s3a.secret.key=****** --conf spark.hadoop.fs.s3a.path.style.access=true --conf spark.hadoop.fs.s3a.connection.ssl.enabled=false --jars /opt/custom-jars/aws-java-sdk-bundle-1.12.262.jar,/opt/custom-jars/hadoop-aws-3.3.4.jar --name arrow-spark --verbose /opt/spark-jobs/elt/transform/silver_topcv_transform.py. Error code is: 1.
[2025-09-09T13:57:02.101+0000] {taskinstance.py:1206} INFO - Marking task as FAILED. dag_id=spark_transform_pipeline, task_id=silver_group.silver_topcv_transform, run_id=manual__2025-09-09T13:56:45.610087+00:00, execution_date=20250909T135645, start_date=20250909T135649, end_date=20250909T135702
[2025-09-09T13:57:02.111+0000] {standard_task_runner.py:110} ERROR - Failed to execute job 110 for task silver_group.silver_topcv_transform (Cannot execute: spark-submit --master spark://spark-master:7077 --conf spark.master=spark://spark-master:7077 --conf spark.driver.extraClassPath=/opt/custom-jars/* --conf spark.executor.extraClassPath=/opt/custom-jars/* --conf spark.hadoop.fs.s3a.impl=org.apache.hadoop.fs.s3a.S3AFileSystem --conf spark.hadoop.fs.s3a.endpoint=http://minio:9000 --conf spark.hadoop.fs.s3a.access.key=minio --conf spark.hadoop.fs.s3a.secret.key=****** --conf spark.hadoop.fs.s3a.path.style.access=true --conf spark.hadoop.fs.s3a.connection.ssl.enabled=false --jars /opt/custom-jars/aws-java-sdk-bundle-1.12.262.jar,/opt/custom-jars/hadoop-aws-3.3.4.jar --name arrow-spark --verbose /opt/spark-jobs/elt/transform/silver_topcv_transform.py. Error code is: 1.; 102)
[2025-09-09T13:57:02.143+0000] {local_task_job_runner.py:240} INFO - Task exited with return code 1
[2025-09-09T13:57:02.165+0000] {taskinstance.py:3498} INFO - 0 downstream tasks scheduled from follow-on schedule check
[2025-09-09T13:57:02.167+0000] {local_task_job_runner.py:222} INFO - ::endgroup::
