[2025-08-07T14:16:57.100+0000] {local_task_job_runner.py:120} INFO - ::group::Pre task execution logs
[2025-08-07T14:16:57.136+0000] {taskinstance.py:2076} INFO - Dependencies all met for dep_context=non-requeueable deps ti=<TaskInstance: spark_transform_topcv.submit_spark_job manual__2025-08-07T14:16:44.802612+00:00 [queued]>
[2025-08-07T14:16:57.146+0000] {taskinstance.py:2076} INFO - Dependencies all met for dep_context=requeueable deps ti=<TaskInstance: spark_transform_topcv.submit_spark_job manual__2025-08-07T14:16:44.802612+00:00 [queued]>
[2025-08-07T14:16:57.147+0000] {taskinstance.py:2306} INFO - Starting attempt 1 of 1
[2025-08-07T14:16:57.163+0000] {taskinstance.py:2330} INFO - Executing <Task(SparkSubmitOperator): submit_spark_job> on 2025-08-07 14:16:44.802612+00:00
[2025-08-07T14:16:57.169+0000] {standard_task_runner.py:63} INFO - Started process 78 to run task
[2025-08-07T14:16:57.173+0000] {standard_task_runner.py:90} INFO - Running: ['***', 'tasks', 'run', 'spark_transform_topcv', 'submit_spark_job', 'manual__2025-08-07T14:16:44.802612+00:00', '--job-id', '61', '--raw', '--subdir', 'DAGS_FOLDER/etl_jobs_dag.py', '--cfg-path', '/tmp/tmp0_g5ry2v']
[2025-08-07T14:16:57.176+0000] {standard_task_runner.py:91} INFO - Job 61: Subtask submit_spark_job
[2025-08-07T14:16:57.239+0000] {task_command.py:426} INFO - Running <TaskInstance: spark_transform_topcv.submit_spark_job manual__2025-08-07T14:16:44.802612+00:00 [running]> on host 0d9cbc3d310d
[2025-08-07T14:16:57.365+0000] {taskinstance.py:2648} INFO - Exporting env vars: AIRFLOW_CTX_DAG_OWNER='***' AIRFLOW_CTX_DAG_ID='spark_transform_topcv' AIRFLOW_CTX_TASK_ID='submit_spark_job' AIRFLOW_CTX_EXECUTION_DATE='2025-08-07T14:16:44.802612+00:00' AIRFLOW_CTX_TRY_NUMBER='1' AIRFLOW_CTX_DAG_RUN_ID='manual__2025-08-07T14:16:44.802612+00:00'
[2025-08-07T14:16:57.369+0000] {taskinstance.py:430} INFO - ::endgroup::
[2025-08-07T14:16:57.398+0000] {base.py:84} INFO - Using connection ID 'spark_default' for task execution.
[2025-08-07T14:16:57.400+0000] {spark_submit.py:351} INFO - Spark-Submit cmd: spark-submit --master spark://spark-master:7077 --conf spark.hadoop.fs.s3a.endpoint=http://minio:9000 --conf spark.hadoop.fs.s3a.access.key=minioadmin --conf spark.hadoop.fs.s3a.secret.key=****** --conf spark.hadoop.fs.s3a.path.style.access=true --conf spark.hadoop.fs.s3a.impl=org.apache.hadoop.fs.s3a.S3AFileSystem --conf spark.hadoop.fs.s3a.connection.ssl.enabled=false --conf spark.hadoop.fs.s3a.aws.credentials.provider=org.apache.hadoop.fs.s3a.SimpleAWSCredentialsProvider --jars /opt/custom-jars/hadoop-aws-3.2.2.jar,/opt/custom-jars/aws-java-sdk-bundle-1.12.367.jar --name arrow-spark --verbose /opt/spark-jobs/gold_transform.py
[2025-08-07T14:16:58.656+0000] {spark_submit.py:521} INFO - WARNING: Using incubator modules: jdk.incubator.vector
[2025-08-07T14:17:01.205+0000] {spark_submit.py:521} INFO - Parsed arguments:
[2025-08-07T14:17:01.205+0000] {spark_submit.py:521} INFO - master                  spark://spark-master:7077
[2025-08-07T14:17:01.206+0000] {spark_submit.py:521} INFO - remote                  null
[2025-08-07T14:17:01.206+0000] {spark_submit.py:521} INFO - deployMode              null
[2025-08-07T14:17:01.206+0000] {spark_submit.py:521} INFO - executorMemory          null
[2025-08-07T14:17:01.207+0000] {spark_submit.py:521} INFO - executorCores           null
[2025-08-07T14:17:01.207+0000] {spark_submit.py:521} INFO - totalExecutorCores      null
[2025-08-07T14:17:01.207+0000] {spark_submit.py:521} INFO - propertiesFile          null
[2025-08-07T14:17:01.208+0000] {spark_submit.py:521} INFO - driverMemory            null
[2025-08-07T14:17:01.208+0000] {spark_submit.py:521} INFO - driverCores             null
[2025-08-07T14:17:01.208+0000] {spark_submit.py:521} INFO - driverExtraClassPath    null
[2025-08-07T14:17:01.208+0000] {spark_submit.py:521} INFO - driverExtraLibraryPath  null
[2025-08-07T14:17:01.209+0000] {spark_submit.py:521} INFO - driverExtraJavaOptions  null
[2025-08-07T14:17:01.209+0000] {spark_submit.py:521} INFO - supervise               false
[2025-08-07T14:17:01.209+0000] {spark_submit.py:521} INFO - queue                   null
[2025-08-07T14:17:01.209+0000] {spark_submit.py:521} INFO - numExecutors            null
[2025-08-07T14:17:01.210+0000] {spark_submit.py:521} INFO - files                   null
[2025-08-07T14:17:01.210+0000] {spark_submit.py:521} INFO - pyFiles                 null
[2025-08-07T14:17:01.210+0000] {spark_submit.py:521} INFO - archives                null
[2025-08-07T14:17:01.210+0000] {spark_submit.py:521} INFO - mainClass               null
[2025-08-07T14:17:01.211+0000] {spark_submit.py:521} INFO - primaryResource         file:/opt/spark-jobs/gold_transform.py
[2025-08-07T14:17:01.211+0000] {spark_submit.py:521} INFO - name                    arrow-spark
[2025-08-07T14:17:01.211+0000] {spark_submit.py:521} INFO - childArgs               []
[2025-08-07T14:17:01.211+0000] {spark_submit.py:521} INFO - jars                    file:/opt/custom-jars/hadoop-aws-3.2.2.jar,file:/opt/custom-jars/aws-java-sdk-bundle-1.12.367.jar
[2025-08-07T14:17:01.212+0000] {spark_submit.py:521} INFO - packages                null
[2025-08-07T14:17:01.212+0000] {spark_submit.py:521} INFO - packagesExclusions      null
[2025-08-07T14:17:01.212+0000] {spark_submit.py:521} INFO - repositories            null
[2025-08-07T14:17:01.213+0000] {spark_submit.py:521} INFO - verbose                 true
[2025-08-07T14:17:01.213+0000] {spark_submit.py:521} INFO - 
[2025-08-07T14:17:01.213+0000] {spark_submit.py:521} INFO - Spark properties used, including those specified through
[2025-08-07T14:17:01.214+0000] {spark_submit.py:521} INFO - --conf and those from the properties file null:
[2025-08-07T14:17:01.214+0000] {spark_submit.py:521} INFO - (spark.hadoop.fs.s3a.access.key,*********(redacted))
[2025-08-07T14:17:01.214+0000] {spark_submit.py:521} INFO - (spark.hadoop.fs.s3a.aws.credentials.provider,org.apache.hadoop.fs.s3a.SimpleAWSCredentialsProvider)
[2025-08-07T14:17:01.214+0000] {spark_submit.py:521} INFO - (spark.hadoop.fs.s3a.connection.ssl.enabled,false)
[2025-08-07T14:17:01.215+0000] {spark_submit.py:521} INFO - (spark.hadoop.fs.s3a.endpoint,http://minio:9000)
[2025-08-07T14:17:01.215+0000] {spark_submit.py:521} INFO - (spark.hadoop.fs.s3a.impl,org.apache.hadoop.fs.s3a.S3AFileSystem)
[2025-08-07T14:17:01.215+0000] {spark_submit.py:521} INFO - (spark.hadoop.fs.s3a.path.style.access,true)
[2025-08-07T14:17:01.215+0000] {spark_submit.py:521} INFO - (spark.hadoop.fs.s3a.secret.key,*********(redacted))
[2025-08-07T14:17:01.216+0000] {spark_submit.py:521} INFO - 
[2025-08-07T14:17:01.216+0000] {spark_submit.py:521} INFO - 
[2025-08-07T14:17:01.633+0000] {spark_submit.py:521} INFO - 25/08/07 14:17:01 WARN NativeCodeLoader: Unable to load native-hadoop library for your platform... using builtin-java classes where applicable
[2025-08-07T14:17:01.947+0000] {spark_submit.py:521} INFO - Main class:
[2025-08-07T14:17:01.948+0000] {spark_submit.py:521} INFO - org.apache.spark.deploy.PythonRunner
[2025-08-07T14:17:01.948+0000] {spark_submit.py:521} INFO - Arguments:
[2025-08-07T14:17:01.948+0000] {spark_submit.py:521} INFO - file:/opt/spark-jobs/gold_transform.py
[2025-08-07T14:17:01.949+0000] {spark_submit.py:521} INFO - null
[2025-08-07T14:17:01.949+0000] {spark_submit.py:521} INFO - Spark config:
[2025-08-07T14:17:01.950+0000] {spark_submit.py:521} INFO - (spark.app.name,arrow-spark)
[2025-08-07T14:17:01.950+0000] {spark_submit.py:521} INFO - (spark.app.submitTime,1754576221923)
[2025-08-07T14:17:01.950+0000] {spark_submit.py:521} INFO - (spark.hadoop.fs.s3a.access.key,*********(redacted))
[2025-08-07T14:17:01.951+0000] {spark_submit.py:521} INFO - (spark.hadoop.fs.s3a.aws.credentials.provider,org.apache.hadoop.fs.s3a.SimpleAWSCredentialsProvider)
[2025-08-07T14:17:01.951+0000] {spark_submit.py:521} INFO - (spark.hadoop.fs.s3a.connection.ssl.enabled,false)
[2025-08-07T14:17:01.951+0000] {spark_submit.py:521} INFO - (spark.hadoop.fs.s3a.endpoint,http://minio:9000)
[2025-08-07T14:17:01.951+0000] {spark_submit.py:521} INFO - (spark.hadoop.fs.s3a.impl,org.apache.hadoop.fs.s3a.S3AFileSystem)
[2025-08-07T14:17:01.952+0000] {spark_submit.py:521} INFO - (spark.hadoop.fs.s3a.path.style.access,true)
[2025-08-07T14:17:01.952+0000] {spark_submit.py:521} INFO - (spark.hadoop.fs.s3a.secret.key,*********(redacted))
[2025-08-07T14:17:01.952+0000] {spark_submit.py:521} INFO - (spark.jars,file:///opt/custom-jars/hadoop-aws-3.2.2.jar,file:///opt/custom-jars/aws-java-sdk-bundle-1.12.367.jar)
[2025-08-07T14:17:01.952+0000] {spark_submit.py:521} INFO - (spark.master,spark://spark-master:7077)
[2025-08-07T14:17:01.953+0000] {spark_submit.py:521} INFO - (spark.repl.local.jars,file:///opt/custom-jars/hadoop-aws-3.2.2.jar,file:///opt/custom-jars/aws-java-sdk-bundle-1.12.367.jar)
[2025-08-07T14:17:01.953+0000] {spark_submit.py:521} INFO - (spark.submit.deployMode,client)
[2025-08-07T14:17:01.953+0000] {spark_submit.py:521} INFO - (spark.submit.pyFiles,)
[2025-08-07T14:17:01.953+0000] {spark_submit.py:521} INFO - Classpath elements:
[2025-08-07T14:17:01.954+0000] {spark_submit.py:521} INFO - file:///opt/custom-jars/hadoop-aws-3.2.2.jar
[2025-08-07T14:17:01.954+0000] {spark_submit.py:521} INFO - file:///opt/custom-jars/aws-java-sdk-bundle-1.12.367.jar
[2025-08-07T14:17:01.954+0000] {spark_submit.py:521} INFO - 
[2025-08-07T14:17:01.954+0000] {spark_submit.py:521} INFO - 
[2025-08-07T14:17:05.141+0000] {spark_submit.py:521} INFO - Using Spark's default log4j profile: org/apache/spark/log4j2-defaults.properties
[2025-08-07T14:17:05.147+0000] {spark_submit.py:521} INFO - 25/08/07 14:17:05 INFO SparkContext: Running Spark version 4.0.0
[2025-08-07T14:17:05.149+0000] {spark_submit.py:521} INFO - 25/08/07 14:17:05 INFO SparkContext: OS info Linux, 5.15.167.4-microsoft-standard-WSL2, amd64
[2025-08-07T14:17:05.149+0000] {spark_submit.py:521} INFO - 25/08/07 14:17:05 INFO SparkContext: Java version 17.0.15
[2025-08-07T14:17:05.181+0000] {spark_submit.py:521} INFO - 25/08/07 14:17:05 INFO ResourceUtils: ==============================================================
[2025-08-07T14:17:05.182+0000] {spark_submit.py:521} INFO - 25/08/07 14:17:05 INFO ResourceUtils: No custom resources configured for spark.driver.
[2025-08-07T14:17:05.182+0000] {spark_submit.py:521} INFO - 25/08/07 14:17:05 INFO ResourceUtils: ==============================================================
[2025-08-07T14:17:05.183+0000] {spark_submit.py:521} INFO - 25/08/07 14:17:05 INFO SparkContext: Submitted application: GoldTransform
[2025-08-07T14:17:05.215+0000] {spark_submit.py:521} INFO - 25/08/07 14:17:05 INFO ResourceProfile: Default ResourceProfile created, executor resources: Map(memory -> name: memory, amount: 1024, script: , vendor: , offHeap -> name: offHeap, amount: 0, script: , vendor: ), task resources: Map(cpus -> name: cpus, amount: 1.0)
[2025-08-07T14:17:05.218+0000] {spark_submit.py:521} INFO - 25/08/07 14:17:05 INFO ResourceProfile: Limiting resource is cpu
[2025-08-07T14:17:05.219+0000] {spark_submit.py:521} INFO - 25/08/07 14:17:05 INFO ResourceProfileManager: Added ResourceProfile id: 0
[2025-08-07T14:17:05.430+0000] {spark_submit.py:521} INFO - 25/08/07 14:17:05 INFO SecurityManager: Changing view acls to: ***
[2025-08-07T14:17:05.433+0000] {spark_submit.py:521} INFO - 25/08/07 14:17:05 INFO SecurityManager: Changing modify acls to: ***
[2025-08-07T14:17:05.434+0000] {spark_submit.py:521} INFO - 25/08/07 14:17:05 INFO SecurityManager: Changing view acls groups to: ***
[2025-08-07T14:17:05.435+0000] {spark_submit.py:521} INFO - 25/08/07 14:17:05 INFO SecurityManager: Changing modify acls groups to: ***
[2025-08-07T14:17:05.444+0000] {spark_submit.py:521} INFO - 25/08/07 14:17:05 INFO SecurityManager: SecurityManager: authentication disabled; ui acls disabled; users with view permissions: *** groups with view permissions: EMPTY; users with modify permissions: ***; groups with modify permissions: EMPTY; RPC SSL disabled
[2025-08-07T14:17:06.463+0000] {spark_submit.py:521} INFO - 25/08/07 14:17:06 INFO Utils: Successfully started service 'sparkDriver' on port 45417.
[2025-08-07T14:17:06.709+0000] {spark_submit.py:521} INFO - 25/08/07 14:17:06 INFO SparkEnv: Registering MapOutputTracker
[2025-08-07T14:17:06.733+0000] {spark_submit.py:521} INFO - 25/08/07 14:17:06 INFO SparkEnv: Registering BlockManagerMaster
[2025-08-07T14:17:06.752+0000] {spark_submit.py:521} INFO - 25/08/07 14:17:06 INFO BlockManagerMasterEndpoint: Using org.apache.spark.storage.DefaultTopologyMapper for getting topology information
[2025-08-07T14:17:06.753+0000] {spark_submit.py:521} INFO - 25/08/07 14:17:06 INFO BlockManagerMasterEndpoint: BlockManagerMasterEndpoint up
[2025-08-07T14:17:06.759+0000] {spark_submit.py:521} INFO - 25/08/07 14:17:06 INFO SparkEnv: Registering BlockManagerMasterHeartbeat
[2025-08-07T14:17:06.788+0000] {spark_submit.py:521} INFO - 25/08/07 14:17:06 INFO DiskBlockManager: Created local directory at /tmp/blockmgr-38b2a55a-6f59-4326-bb30-3ece356c14c1
[2025-08-07T14:17:06.820+0000] {spark_submit.py:521} INFO - 25/08/07 14:17:06 INFO SparkEnv: Registering OutputCommitCoordinator
[2025-08-07T14:17:07.040+0000] {spark_submit.py:521} INFO - 25/08/07 14:17:07 INFO JettyUtils: Start Jetty 0.0.0.0:4040 for SparkUI
[2025-08-07T14:17:07.129+0000] {spark_submit.py:521} INFO - 25/08/07 14:17:07 INFO Utils: Successfully started service 'SparkUI' on port 4040.
[2025-08-07T14:17:07.162+0000] {spark_submit.py:521} INFO - 25/08/07 14:17:07 INFO SparkContext: Added JAR file:///opt/custom-jars/hadoop-aws-3.2.2.jar at spark://0d9cbc3d310d:45417/jars/hadoop-aws-3.2.2.jar with timestamp 1754576225135
[2025-08-07T14:17:07.163+0000] {spark_submit.py:521} INFO - 25/08/07 14:17:07 INFO SparkContext: Added JAR file:///opt/custom-jars/aws-java-sdk-bundle-1.12.367.jar at spark://0d9cbc3d310d:45417/jars/aws-java-sdk-bundle-1.12.367.jar with timestamp 1754576225135
[2025-08-07T14:17:07.182+0000] {spark_submit.py:521} INFO - 25/08/07 14:17:07 INFO SecurityManager: Changing view acls to: ***
[2025-08-07T14:17:07.183+0000] {spark_submit.py:521} INFO - 25/08/07 14:17:07 INFO SecurityManager: Changing modify acls to: ***
[2025-08-07T14:17:07.183+0000] {spark_submit.py:521} INFO - 25/08/07 14:17:07 INFO SecurityManager: Changing view acls groups to: ***
[2025-08-07T14:17:07.184+0000] {spark_submit.py:521} INFO - 25/08/07 14:17:07 INFO SecurityManager: Changing modify acls groups to: ***
[2025-08-07T14:17:07.184+0000] {spark_submit.py:521} INFO - 25/08/07 14:17:07 INFO SecurityManager: SecurityManager: authentication disabled; ui acls disabled; users with view permissions: *** groups with view permissions: EMPTY; users with modify permissions: ***; groups with modify permissions: EMPTY; RPC SSL disabled
[2025-08-07T14:17:07.343+0000] {spark_submit.py:521} INFO - 25/08/07 14:17:07 INFO StandaloneAppClient$ClientEndpoint: Connecting to master spark://spark-master:7077...
[2025-08-07T14:17:07.392+0000] {spark_submit.py:521} INFO - 25/08/07 14:17:07 INFO TransportClientFactory: Successfully created connection to spark-master/172.19.0.3:7077 after 24 ms (0 ms spent in bootstraps)
[2025-08-07T14:17:08.289+0000] {spark_submit.py:521} INFO - 25/08/07 14:17:08 INFO StandaloneSchedulerBackend: Connected to Spark cluster with app ID app-20250807141708-0000
[2025-08-07T14:17:08.301+0000] {spark_submit.py:521} INFO - 25/08/07 14:17:08 INFO Utils: Successfully started service 'org.apache.spark.network.netty.NettyBlockTransferService' on port 45797.
[2025-08-07T14:17:08.301+0000] {spark_submit.py:521} INFO - 25/08/07 14:17:08 INFO NettyBlockTransferService: Server created on 0d9cbc3d310d:45797
[2025-08-07T14:17:08.305+0000] {spark_submit.py:521} INFO - 25/08/07 14:17:08 INFO BlockManager: Using org.apache.spark.storage.RandomBlockReplicationPolicy for block replication policy
[2025-08-07T14:17:08.330+0000] {spark_submit.py:521} INFO - 25/08/07 14:17:08 INFO BlockManagerMaster: Registering BlockManager BlockManagerId(driver, 0d9cbc3d310d, 45797, None)
[2025-08-07T14:17:08.338+0000] {spark_submit.py:521} INFO - 25/08/07 14:17:08 INFO BlockManagerMasterEndpoint: Registering block manager 0d9cbc3d310d:45797 with 434.4 MiB RAM, BlockManagerId(driver, 0d9cbc3d310d, 45797, None)
[2025-08-07T14:17:08.341+0000] {spark_submit.py:521} INFO - 25/08/07 14:17:08 INFO BlockManagerMaster: Registered BlockManager BlockManagerId(driver, 0d9cbc3d310d, 45797, None)
[2025-08-07T14:17:08.341+0000] {spark_submit.py:521} INFO - 25/08/07 14:17:08 INFO BlockManager: Initialized BlockManager: BlockManagerId(driver, 0d9cbc3d310d, 45797, None)
[2025-08-07T14:17:08.420+0000] {spark_submit.py:521} INFO - 25/08/07 14:17:08 INFO StandaloneAppClient$ClientEndpoint: Executor added: app-20250807141708-0000/0 on worker-20250807141532-172.19.0.6-36929 (172.19.0.6:36929) with 2 core(s)
[2025-08-07T14:17:08.422+0000] {spark_submit.py:521} INFO - 25/08/07 14:17:08 INFO StandaloneSchedulerBackend: Granted executor ID app-20250807141708-0000/0 on hostPort 172.19.0.6:36929 with 2 core(s), 1024.0 MiB RAM
[2025-08-07T14:17:08.487+0000] {spark_submit.py:521} INFO - 25/08/07 14:17:08 INFO StandaloneSchedulerBackend: SchedulerBackend is ready for scheduling beginning after reached minRegisteredResourcesRatio: 0.0
[2025-08-07T14:17:09.593+0000] {spark_submit.py:521} INFO - 25/08/07 14:17:09 INFO StandaloneAppClient$ClientEndpoint: Executor updated: app-20250807141708-0000/0 is now RUNNING
[2025-08-07T14:17:12.273+0000] {spark_submit.py:521} INFO - 25/08/07 14:17:12 INFO SharedState: Setting hive.metastore.warehouse.dir ('null') to the value of spark.sql.warehouse.dir.
[2025-08-07T14:17:12.275+0000] {spark_submit.py:521} INFO - 25/08/07 14:17:12 INFO SharedState: Warehouse path is 'file:/opt/***/spark-warehouse'.
[2025-08-07T14:17:13.593+0000] {spark_submit.py:521} INFO - 25/08/07 14:17:13 WARN MetricsConfig: Cannot locate configuration: tried hadoop-metrics2-s3a-file-system.properties,hadoop-metrics2.properties
[2025-08-07T14:17:13.613+0000] {spark_submit.py:521} INFO - 25/08/07 14:17:13 INFO MetricsSystemImpl: Scheduled Metric snapshot period at 10 second(s).
[2025-08-07T14:17:13.614+0000] {spark_submit.py:521} INFO - 25/08/07 14:17:13 INFO MetricsSystemImpl: s3a-file-system metrics system started
[2025-08-07T14:17:14.120+0000] {spark_submit.py:521} INFO - 25/08/07 14:17:14 WARN FileSystem: Failed to initialize filesystem s3a://bronze/topcv/topcv_jobs.parquet: java.lang.NumberFormatException: For input string: "30s"
[2025-08-07T14:17:14.122+0000] {spark_submit.py:521} INFO - 25/08/07 14:17:14 INFO MetricsSystemImpl: Stopping s3a-file-system metrics system...
[2025-08-07T14:17:14.123+0000] {spark_submit.py:521} INFO - 25/08/07 14:17:14 INFO MetricsSystemImpl: s3a-file-system metrics system stopped.
[2025-08-07T14:17:14.123+0000] {spark_submit.py:521} INFO - 25/08/07 14:17:14 INFO MetricsSystemImpl: s3a-file-system metrics system shutdown complete.
[2025-08-07T14:17:14.124+0000] {spark_submit.py:521} INFO - 25/08/07 14:17:14 WARN FileStreamSink: Assume no metadata directory. Error while looking for metadata directory in the path: s3a://bronze/topcv/topcv_jobs.parquet.
[2025-08-07T14:17:14.125+0000] {spark_submit.py:521} INFO - java.lang.NumberFormatException: For input string: "30s"
[2025-08-07T14:17:14.125+0000] {spark_submit.py:521} INFO - at java.base/java.lang.NumberFormatException.forInputString(NumberFormatException.java:67)
[2025-08-07T14:17:14.125+0000] {spark_submit.py:521} INFO - at java.base/java.lang.Integer.parseInt(Integer.java:668)
[2025-08-07T14:17:14.126+0000] {spark_submit.py:521} INFO - at java.base/java.lang.Integer.parseInt(Integer.java:786)
[2025-08-07T14:17:14.126+0000] {spark_submit.py:521} INFO - at org.apache.hadoop.conf.Configuration.getInt(Configuration.java:1554)
[2025-08-07T14:17:14.126+0000] {spark_submit.py:521} INFO - at org.apache.hadoop.fs.s3a.S3AUtils.intOption(S3AUtils.java:914)
[2025-08-07T14:17:14.127+0000] {spark_submit.py:521} INFO - at org.apache.hadoop.fs.s3a.S3AUtils.initConnectionSettings(S3AUtils.java:1169)
[2025-08-07T14:17:14.127+0000] {spark_submit.py:521} INFO - at org.apache.hadoop.fs.s3a.S3AUtils.createAwsConf(S3AUtils.java:1148)
[2025-08-07T14:17:14.127+0000] {spark_submit.py:521} INFO - at org.apache.hadoop.fs.s3a.DefaultS3ClientFactory.createS3Client(DefaultS3ClientFactory.java:52)
[2025-08-07T14:17:14.127+0000] {spark_submit.py:521} INFO - at org.apache.hadoop.fs.s3a.S3AFileSystem.initialize(S3AFileSystem.java:270)
[2025-08-07T14:17:14.128+0000] {spark_submit.py:521} INFO - at org.apache.hadoop.fs.FileSystem.createFileSystem(FileSystem.java:3615)
[2025-08-07T14:17:14.128+0000] {spark_submit.py:521} INFO - at org.apache.hadoop.fs.FileSystem.access$300(FileSystem.java:172)
[2025-08-07T14:17:14.129+0000] {spark_submit.py:521} INFO - at org.apache.hadoop.fs.FileSystem$Cache.getInternal(FileSystem.java:3716)
[2025-08-07T14:17:14.129+0000] {spark_submit.py:521} INFO - at org.apache.hadoop.fs.FileSystem$Cache.get(FileSystem.java:3667)
[2025-08-07T14:17:14.129+0000] {spark_submit.py:521} INFO - at org.apache.hadoop.fs.FileSystem.get(FileSystem.java:557)
[2025-08-07T14:17:14.130+0000] {spark_submit.py:521} INFO - at org.apache.hadoop.fs.Path.getFileSystem(Path.java:366)
[2025-08-07T14:17:14.130+0000] {spark_submit.py:521} INFO - at org.apache.spark.sql.execution.streaming.FileStreamSink$.hasMetadata(FileStreamSink.scala:55)
[2025-08-07T14:17:14.130+0000] {spark_submit.py:521} INFO - at org.apache.spark.sql.execution.datasources.DataSource.resolveRelation(DataSource.scala:381)
[2025-08-07T14:17:14.130+0000] {spark_submit.py:521} INFO - at org.apache.spark.sql.catalyst.analysis.ResolveDataSource.org$apache$spark$sql$catalyst$analysis$ResolveDataSource$$loadV1BatchSource(ResolveDataSource.scala:143)
[2025-08-07T14:17:14.131+0000] {spark_submit.py:521} INFO - at org.apache.spark.sql.catalyst.analysis.ResolveDataSource$$anonfun$apply$1.$anonfun$applyOrElse$2(ResolveDataSource.scala:61)
[2025-08-07T14:17:14.131+0000] {spark_submit.py:521} INFO - at scala.Option.getOrElse(Option.scala:201)
[2025-08-07T14:17:14.131+0000] {spark_submit.py:521} INFO - at org.apache.spark.sql.catalyst.analysis.ResolveDataSource$$anonfun$apply$1.applyOrElse(ResolveDataSource.scala:61)
[2025-08-07T14:17:14.131+0000] {spark_submit.py:521} INFO - at org.apache.spark.sql.catalyst.analysis.ResolveDataSource$$anonfun$apply$1.applyOrElse(ResolveDataSource.scala:45)
[2025-08-07T14:17:14.132+0000] {spark_submit.py:521} INFO - at org.apache.spark.sql.catalyst.plans.logical.AnalysisHelper.$anonfun$resolveOperatorsUpWithPruning$3(AnalysisHelper.scala:139)
[2025-08-07T14:17:14.132+0000] {spark_submit.py:521} INFO - at org.apache.spark.sql.catalyst.trees.CurrentOrigin$.withOrigin(origin.scala:86)
[2025-08-07T14:17:14.133+0000] {spark_submit.py:521} INFO - at org.apache.spark.sql.catalyst.plans.logical.AnalysisHelper.$anonfun$resolveOperatorsUpWithPruning$1(AnalysisHelper.scala:139)
[2025-08-07T14:17:14.133+0000] {spark_submit.py:521} INFO - at org.apache.spark.sql.catalyst.plans.logical.AnalysisHelper$.allowInvokingTransformsInAnalyzer(AnalysisHelper.scala:416)
[2025-08-07T14:17:14.133+0000] {spark_submit.py:521} INFO - at org.apache.spark.sql.catalyst.plans.logical.AnalysisHelper.resolveOperatorsUpWithPruning(AnalysisHelper.scala:135)
[2025-08-07T14:17:14.133+0000] {spark_submit.py:521} INFO - at org.apache.spark.sql.catalyst.plans.logical.AnalysisHelper.resolveOperatorsUpWithPruning$(AnalysisHelper.scala:131)
[2025-08-07T14:17:14.134+0000] {spark_submit.py:521} INFO - at org.apache.spark.sql.catalyst.plans.logical.LogicalPlan.resolveOperatorsUpWithPruning(LogicalPlan.scala:37)
[2025-08-07T14:17:14.134+0000] {spark_submit.py:521} INFO - at org.apache.spark.sql.catalyst.plans.logical.AnalysisHelper.resolveOperatorsUp(AnalysisHelper.scala:112)
[2025-08-07T14:17:14.135+0000] {spark_submit.py:521} INFO - at org.apache.spark.sql.catalyst.plans.logical.AnalysisHelper.resolveOperatorsUp$(AnalysisHelper.scala:111)
[2025-08-07T14:17:14.135+0000] {spark_submit.py:521} INFO - at org.apache.spark.sql.catalyst.plans.logical.LogicalPlan.resolveOperatorsUp(LogicalPlan.scala:37)
[2025-08-07T14:17:14.135+0000] {spark_submit.py:521} INFO - at org.apache.spark.sql.catalyst.analysis.ResolveDataSource.apply(ResolveDataSource.scala:45)
[2025-08-07T14:17:14.135+0000] {spark_submit.py:521} INFO - at org.apache.spark.sql.catalyst.analysis.ResolveDataSource.apply(ResolveDataSource.scala:43)
[2025-08-07T14:17:14.136+0000] {spark_submit.py:521} INFO - at org.apache.spark.sql.catalyst.rules.RuleExecutor.$anonfun$execute$2(RuleExecutor.scala:242)
[2025-08-07T14:17:14.136+0000] {spark_submit.py:521} INFO - at scala.collection.LinearSeqOps.foldLeft(LinearSeq.scala:183)
[2025-08-07T14:17:14.136+0000] {spark_submit.py:521} INFO - at scala.collection.LinearSeqOps.foldLeft$(LinearSeq.scala:179)
[2025-08-07T14:17:14.136+0000] {spark_submit.py:521} INFO - at scala.collection.immutable.List.foldLeft(List.scala:79)
[2025-08-07T14:17:14.136+0000] {spark_submit.py:521} INFO - at org.apache.spark.sql.catalyst.rules.RuleExecutor.$anonfun$execute$1(RuleExecutor.scala:239)
[2025-08-07T14:17:14.137+0000] {spark_submit.py:521} INFO - at org.apache.spark.sql.catalyst.rules.RuleExecutor.$anonfun$execute$1$adapted(RuleExecutor.scala:231)
[2025-08-07T14:17:14.137+0000] {spark_submit.py:521} INFO - at scala.collection.immutable.List.foreach(List.scala:334)
[2025-08-07T14:17:14.137+0000] {spark_submit.py:521} INFO - at org.apache.spark.sql.catalyst.rules.RuleExecutor.execute(RuleExecutor.scala:231)
[2025-08-07T14:17:14.137+0000] {spark_submit.py:521} INFO - at org.apache.spark.sql.catalyst.analysis.Analyzer.org$apache$spark$sql$catalyst$analysis$Analyzer$$executeSameContext(Analyzer.scala:290)
[2025-08-07T14:17:14.138+0000] {spark_submit.py:521} INFO - at org.apache.spark.sql.catalyst.analysis.Analyzer.$anonfun$execute$1(Analyzer.scala:286)
[2025-08-07T14:17:14.138+0000] {spark_submit.py:521} INFO - at org.apache.spark.sql.catalyst.analysis.AnalysisContext$.withNewAnalysisContext(Analyzer.scala:234)
[2025-08-07T14:17:14.138+0000] {spark_submit.py:521} INFO - at org.apache.spark.sql.catalyst.analysis.Analyzer.execute(Analyzer.scala:286)
[2025-08-07T14:17:14.139+0000] {spark_submit.py:521} INFO - at org.apache.spark.sql.catalyst.analysis.Analyzer.execute(Analyzer.scala:249)
[2025-08-07T14:17:14.139+0000] {spark_submit.py:521} INFO - at org.apache.spark.sql.catalyst.rules.RuleExecutor.$anonfun$executeAndTrack$1(RuleExecutor.scala:201)
[2025-08-07T14:17:14.139+0000] {spark_submit.py:521} INFO - at org.apache.spark.sql.catalyst.QueryPlanningTracker$.withTracker(QueryPlanningTracker.scala:89)
[2025-08-07T14:17:14.140+0000] {spark_submit.py:521} INFO - at org.apache.spark.sql.catalyst.rules.RuleExecutor.executeAndTrack(RuleExecutor.scala:201)
[2025-08-07T14:17:14.140+0000] {spark_submit.py:521} INFO - at org.apache.spark.sql.catalyst.analysis.resolver.HybridAnalyzer.resolveInFixedPoint(HybridAnalyzer.scala:190)
[2025-08-07T14:17:14.140+0000] {spark_submit.py:521} INFO - at org.apache.spark.sql.catalyst.analysis.resolver.HybridAnalyzer.$anonfun$apply$1(HybridAnalyzer.scala:76)
[2025-08-07T14:17:14.141+0000] {spark_submit.py:521} INFO - at org.apache.spark.sql.catalyst.analysis.resolver.HybridAnalyzer.withTrackedAnalyzerBridgeState(HybridAnalyzer.scala:111)
[2025-08-07T14:17:14.141+0000] {spark_submit.py:521} INFO - at org.apache.spark.sql.catalyst.analysis.resolver.HybridAnalyzer.apply(HybridAnalyzer.scala:71)
[2025-08-07T14:17:14.141+0000] {spark_submit.py:521} INFO - at org.apache.spark.sql.catalyst.analysis.Analyzer.$anonfun$executeAndCheck$1(Analyzer.scala:280)
[2025-08-07T14:17:14.141+0000] {spark_submit.py:521} INFO - at org.apache.spark.sql.catalyst.plans.logical.AnalysisHelper$.markInAnalyzer(AnalysisHelper.scala:423)
[2025-08-07T14:17:14.142+0000] {spark_submit.py:521} INFO - at org.apache.spark.sql.catalyst.analysis.Analyzer.executeAndCheck(Analyzer.scala:280)
[2025-08-07T14:17:14.142+0000] {spark_submit.py:521} INFO - at org.apache.spark.sql.execution.QueryExecution.$anonfun$lazyAnalyzed$2(QueryExecution.scala:110)
[2025-08-07T14:17:14.142+0000] {spark_submit.py:521} INFO - at org.apache.spark.sql.catalyst.QueryPlanningTracker.measurePhase(QueryPlanningTracker.scala:148)
[2025-08-07T14:17:14.142+0000] {spark_submit.py:521} INFO - at org.apache.spark.sql.execution.QueryExecution.$anonfun$executePhase$2(QueryExecution.scala:278)
[2025-08-07T14:17:14.143+0000] {spark_submit.py:521} INFO - at org.apache.spark.sql.execution.QueryExecution$.withInternalError(QueryExecution.scala:654)
[2025-08-07T14:17:14.143+0000] {spark_submit.py:521} INFO - at org.apache.spark.sql.execution.QueryExecution.$anonfun$executePhase$1(QueryExecution.scala:278)
[2025-08-07T14:17:14.143+0000] {spark_submit.py:521} INFO - at org.apache.spark.sql.SparkSession.withActive(SparkSession.scala:804)
[2025-08-07T14:17:14.144+0000] {spark_submit.py:521} INFO - at org.apache.spark.sql.execution.QueryExecution.executePhase(QueryExecution.scala:277)
[2025-08-07T14:17:14.144+0000] {spark_submit.py:521} INFO - at org.apache.spark.sql.execution.QueryExecution.$anonfun$lazyAnalyzed$1(QueryExecution.scala:110)
[2025-08-07T14:17:14.144+0000] {spark_submit.py:521} INFO - at scala.util.Try$.apply(Try.scala:217)
[2025-08-07T14:17:14.144+0000] {spark_submit.py:521} INFO - at org.apache.spark.util.Utils$.doTryWithCallerStacktrace(Utils.scala:1378)
[2025-08-07T14:17:14.144+0000] {spark_submit.py:521} INFO - at org.apache.spark.util.LazyTry.tryT$lzycompute(LazyTry.scala:46)
[2025-08-07T14:17:14.145+0000] {spark_submit.py:521} INFO - at org.apache.spark.util.LazyTry.tryT(LazyTry.scala:46)
[2025-08-07T14:17:14.145+0000] {spark_submit.py:521} INFO - at org.apache.spark.util.LazyTry.get(LazyTry.scala:58)
[2025-08-07T14:17:14.145+0000] {spark_submit.py:521} INFO - at org.apache.spark.sql.execution.QueryExecution.analyzed(QueryExecution.scala:121)
[2025-08-07T14:17:14.146+0000] {spark_submit.py:521} INFO - at org.apache.spark.sql.execution.QueryExecution.assertAnalyzed(QueryExecution.scala:80)
[2025-08-07T14:17:14.146+0000] {spark_submit.py:521} INFO - at org.apache.spark.sql.classic.Dataset$.$anonfun$ofRows$1(Dataset.scala:115)
[2025-08-07T14:17:14.146+0000] {spark_submit.py:521} INFO - at org.apache.spark.sql.SparkSession.withActive(SparkSession.scala:804)
[2025-08-07T14:17:14.147+0000] {spark_submit.py:521} INFO - at org.apache.spark.sql.classic.Dataset$.ofRows(Dataset.scala:113)
[2025-08-07T14:17:14.147+0000] {spark_submit.py:521} INFO - at org.apache.spark.sql.classic.DataFrameReader.load(DataFrameReader.scala:109)
[2025-08-07T14:17:14.147+0000] {spark_submit.py:521} INFO - at org.apache.spark.sql.classic.DataFrameReader.load(DataFrameReader.scala:58)
[2025-08-07T14:17:14.148+0000] {spark_submit.py:521} INFO - at org.apache.spark.sql.DataFrameReader.parquet(DataFrameReader.scala:457)
[2025-08-07T14:17:14.148+0000] {spark_submit.py:521} INFO - at org.apache.spark.sql.classic.DataFrameReader.parquet(DataFrameReader.scala:306)
[2025-08-07T14:17:14.148+0000] {spark_submit.py:521} INFO - at org.apache.spark.sql.classic.DataFrameReader.parquet(DataFrameReader.scala:58)
[2025-08-07T14:17:14.148+0000] {spark_submit.py:521} INFO - at java.base/jdk.internal.reflect.NativeMethodAccessorImpl.invoke0(Native Method)
[2025-08-07T14:17:14.149+0000] {spark_submit.py:521} INFO - at java.base/jdk.internal.reflect.NativeMethodAccessorImpl.invoke(NativeMethodAccessorImpl.java:77)
[2025-08-07T14:17:14.149+0000] {spark_submit.py:521} INFO - at java.base/jdk.internal.reflect.DelegatingMethodAccessorImpl.invoke(DelegatingMethodAccessorImpl.java:43)
[2025-08-07T14:17:14.149+0000] {spark_submit.py:521} INFO - at java.base/java.lang.reflect.Method.invoke(Method.java:569)
[2025-08-07T14:17:14.150+0000] {spark_submit.py:521} INFO - at py4j.reflection.MethodInvoker.invoke(MethodInvoker.java:244)
[2025-08-07T14:17:14.150+0000] {spark_submit.py:521} INFO - at py4j.reflection.ReflectionEngine.invoke(ReflectionEngine.java:374)
[2025-08-07T14:17:14.150+0000] {spark_submit.py:521} INFO - at py4j.Gateway.invoke(Gateway.java:282)
[2025-08-07T14:17:14.151+0000] {spark_submit.py:521} INFO - at py4j.commands.AbstractCommand.invokeMethod(AbstractCommand.java:132)
[2025-08-07T14:17:14.151+0000] {spark_submit.py:521} INFO - at py4j.commands.CallCommand.execute(CallCommand.java:79)
[2025-08-07T14:17:14.151+0000] {spark_submit.py:521} INFO - at py4j.ClientServerConnection.waitForCommands(ClientServerConnection.java:184)
[2025-08-07T14:17:14.151+0000] {spark_submit.py:521} INFO - at py4j.ClientServerConnection.run(ClientServerConnection.java:108)
[2025-08-07T14:17:14.152+0000] {spark_submit.py:521} INFO - at java.base/java.lang.Thread.run(Thread.java:840)
[2025-08-07T14:17:14.152+0000] {spark_submit.py:521} INFO - 25/08/07 14:17:14 WARN MetricsConfig: Cannot locate configuration: tried hadoop-metrics2-s3a-file-system.properties,hadoop-metrics2.properties
[2025-08-07T14:17:14.152+0000] {spark_submit.py:521} INFO - 25/08/07 14:17:14 INFO MetricsSystemImpl: Scheduled Metric snapshot period at 10 second(s).
[2025-08-07T14:17:14.152+0000] {spark_submit.py:521} INFO - 25/08/07 14:17:14 INFO MetricsSystemImpl: s3a-file-system metrics system started
[2025-08-07T14:17:14.153+0000] {spark_submit.py:521} INFO - 25/08/07 14:17:14 WARN FileSystem: Failed to initialize filesystem s3a://bronze/topcv/topcv_jobs.parquet: java.lang.NumberFormatException: For input string: "30s"
[2025-08-07T14:17:14.153+0000] {spark_submit.py:521} INFO - 25/08/07 14:17:14 INFO MetricsSystemImpl: Stopping s3a-file-system metrics system...
[2025-08-07T14:17:14.153+0000] {spark_submit.py:521} INFO - 25/08/07 14:17:14 INFO MetricsSystemImpl: s3a-file-system metrics system stopped.
[2025-08-07T14:17:14.154+0000] {spark_submit.py:521} INFO - 25/08/07 14:17:14 INFO MetricsSystemImpl: s3a-file-system metrics system shutdown complete.
[2025-08-07T14:17:14.196+0000] {spark_submit.py:521} INFO - Traceback (most recent call last):
[2025-08-07T14:17:14.197+0000] {spark_submit.py:521} INFO - File "/opt/spark-jobs/gold_transform.py", line 12, in <module>
[2025-08-07T14:17:14.199+0000] {spark_submit.py:521} INFO - df = spark.read.parquet("s3a://bronze/topcv/topcv_jobs.parquet")
[2025-08-07T14:17:14.199+0000] {spark_submit.py:521} INFO - ^^^^^^^^^^^^^^^^^^^^^^^^^^^^^^^^^^^^^^^^^^^^^^^^^^^^^^^^^^^
[2025-08-07T14:17:14.200+0000] {spark_submit.py:521} INFO - File "/home/***/.local/lib/python3.11/site-packages/pyspark/python/lib/pyspark.zip/pyspark/sql/readwriter.py", line 642, in parquet
[2025-08-07T14:17:14.200+0000] {spark_submit.py:521} INFO - File "/home/***/.local/lib/python3.11/site-packages/pyspark/python/lib/py4j-0.10.9.9-src.zip/py4j/java_gateway.py", line 1362, in __call__
[2025-08-07T14:17:14.200+0000] {spark_submit.py:521} INFO - File "/home/***/.local/lib/python3.11/site-packages/pyspark/python/lib/pyspark.zip/pyspark/errors/exceptions/captured.py", line 288, in deco
[2025-08-07T14:17:14.203+0000] {spark_submit.py:521} INFO - pyspark.errors.exceptions.captured.NumberFormatException: For input string: "30s"
[2025-08-07T14:17:14.363+0000] {spark_submit.py:521} INFO - 25/08/07 14:17:14 INFO SparkContext: Invoking stop() from shutdown hook
[2025-08-07T14:17:14.367+0000] {spark_submit.py:521} INFO - 25/08/07 14:17:14 INFO SparkContext: SparkContext is stopping with exitCode 0 from run at Executors.java:539.
[2025-08-07T14:17:14.376+0000] {spark_submit.py:521} INFO - 25/08/07 14:17:14 INFO SparkUI: Stopped Spark web UI at http://0d9cbc3d310d:4040
[2025-08-07T14:17:14.380+0000] {spark_submit.py:521} INFO - 25/08/07 14:17:14 INFO StandaloneSchedulerBackend: Shutting down all executors
[2025-08-07T14:17:14.381+0000] {spark_submit.py:521} INFO - 25/08/07 14:17:14 INFO StandaloneSchedulerBackend$StandaloneDriverEndpoint: Asking each executor to shut down
[2025-08-07T14:17:14.400+0000] {spark_submit.py:521} INFO - 25/08/07 14:17:14 INFO MapOutputTrackerMasterEndpoint: MapOutputTrackerMasterEndpoint stopped!
[2025-08-07T14:17:14.444+0000] {spark_submit.py:521} INFO - 25/08/07 14:17:14 INFO MemoryStore: MemoryStore started with capacity 434.4 MiB
[2025-08-07T14:17:14.445+0000] {spark_submit.py:521} INFO - 25/08/07 14:17:14 INFO MemoryStore: MemoryStore cleared
[2025-08-07T14:17:14.446+0000] {spark_submit.py:521} INFO - 25/08/07 14:17:14 INFO BlockManager: BlockManager stopped
[2025-08-07T14:17:14.455+0000] {spark_submit.py:521} INFO - 25/08/07 14:17:14 INFO BlockManagerMaster: BlockManagerMaster stopped
[2025-08-07T14:17:14.457+0000] {spark_submit.py:521} INFO - 25/08/07 14:17:14 INFO OutputCommitCoordinator$OutputCommitCoordinatorEndpoint: OutputCommitCoordinator stopped!
[2025-08-07T14:17:14.464+0000] {spark_submit.py:521} INFO - 25/08/07 14:17:14 INFO SparkContext: Successfully stopped SparkContext
[2025-08-07T14:17:14.465+0000] {spark_submit.py:521} INFO - 25/08/07 14:17:14 INFO ShutdownHookManager: Shutdown hook called
[2025-08-07T14:17:14.466+0000] {spark_submit.py:521} INFO - 25/08/07 14:17:14 INFO ShutdownHookManager: Deleting directory /tmp/spark-b8c72e9f-8d6e-4a42-b184-c1618f85e91a
[2025-08-07T14:17:14.473+0000] {spark_submit.py:521} INFO - 25/08/07 14:17:14 INFO ShutdownHookManager: Deleting directory /tmp/spark-b8c72e9f-8d6e-4a42-b184-c1618f85e91a/pyspark-1b72fbac-cfdb-4e83-9662-f3d6f8c5fb99
[2025-08-07T14:17:14.485+0000] {spark_submit.py:521} INFO - 25/08/07 14:17:14 INFO ShutdownHookManager: Deleting directory /tmp/spark-93288297-5e7c-4fb4-bbf4-3912a5d16f65
[2025-08-07T14:17:14.580+0000] {taskinstance.py:441} INFO - ::group::Post task execution logs
[2025-08-07T14:17:14.601+0000] {taskinstance.py:2905} ERROR - Task failed with exception
Traceback (most recent call last):
  File "/home/airflow/.local/lib/python3.11/site-packages/airflow/models/taskinstance.py", line 465, in _execute_task
    result = _execute_callable(context=context, **execute_callable_kwargs)
             ^^^^^^^^^^^^^^^^^^^^^^^^^^^^^^^^^^^^^^^^^^^^^^^^^^^^^^^^^^^^^
  File "/home/airflow/.local/lib/python3.11/site-packages/airflow/models/taskinstance.py", line 432, in _execute_callable
    return execute_callable(context=context, **execute_callable_kwargs)
           ^^^^^^^^^^^^^^^^^^^^^^^^^^^^^^^^^^^^^^^^^^^^^^^^^^^^^^^^^^^^
  File "/home/airflow/.local/lib/python3.11/site-packages/airflow/models/baseoperator.py", line 400, in wrapper
    return func(self, *args, **kwargs)
           ^^^^^^^^^^^^^^^^^^^^^^^^^^^
  File "/home/airflow/.local/lib/python3.11/site-packages/airflow/providers/apache/spark/operators/spark_submit.py", line 156, in execute
    self._hook.submit(self._application)
  File "/home/airflow/.local/lib/python3.11/site-packages/airflow/providers/apache/spark/hooks/spark_submit.py", line 452, in submit
    raise AirflowException(
airflow.exceptions.AirflowException: Cannot execute: spark-submit --master spark://spark-master:7077 --conf spark.hadoop.fs.s3a.endpoint=http://minio:9000 --conf spark.hadoop.fs.s3a.access.key=minioadmin --conf spark.hadoop.fs.s3a.secret.key=****** --conf spark.hadoop.fs.s3a.path.style.access=true --conf spark.hadoop.fs.s3a.impl=org.apache.hadoop.fs.s3a.S3AFileSystem --conf spark.hadoop.fs.s3a.connection.ssl.enabled=false --conf spark.hadoop.fs.s3a.aws.credentials.provider=org.apache.hadoop.fs.s3a.SimpleAWSCredentialsProvider --jars /opt/custom-jars/hadoop-aws-3.2.2.jar,/opt/custom-jars/aws-java-sdk-bundle-1.12.367.jar --name arrow-spark --verbose /opt/spark-jobs/gold_transform.py. Error code is: 1.
[2025-08-07T14:17:14.611+0000] {taskinstance.py:1206} INFO - Marking task as FAILED. dag_id=spark_transform_topcv, task_id=submit_spark_job, run_id=manual__2025-08-07T14:16:44.802612+00:00, execution_date=20250807T141644, start_date=20250807T141657, end_date=20250807T141714
[2025-08-07T14:17:14.633+0000] {standard_task_runner.py:110} ERROR - Failed to execute job 61 for task submit_spark_job (Cannot execute: spark-submit --master spark://spark-master:7077 --conf spark.hadoop.fs.s3a.endpoint=http://minio:9000 --conf spark.hadoop.fs.s3a.access.key=minioadmin --conf spark.hadoop.fs.s3a.secret.key=****** --conf spark.hadoop.fs.s3a.path.style.access=true --conf spark.hadoop.fs.s3a.impl=org.apache.hadoop.fs.s3a.S3AFileSystem --conf spark.hadoop.fs.s3a.connection.ssl.enabled=false --conf spark.hadoop.fs.s3a.aws.credentials.provider=org.apache.hadoop.fs.s3a.SimpleAWSCredentialsProvider --jars /opt/custom-jars/hadoop-aws-3.2.2.jar,/opt/custom-jars/aws-java-sdk-bundle-1.12.367.jar --name arrow-spark --verbose /opt/spark-jobs/gold_transform.py. Error code is: 1.; 78)
[2025-08-07T14:17:14.674+0000] {local_task_job_runner.py:240} INFO - Task exited with return code 1
[2025-08-07T14:17:14.690+0000] {taskinstance.py:3498} INFO - 0 downstream tasks scheduled from follow-on schedule check
[2025-08-07T14:17:14.693+0000] {local_task_job_runner.py:222} INFO - ::endgroup::
