[2025-08-08T03:44:10.630+0000] {local_task_job_runner.py:120} INFO - ::group::Pre task execution logs
[2025-08-08T03:44:10.681+0000] {taskinstance.py:2076} INFO - Dependencies all met for dep_context=non-requeueable deps ti=<TaskInstance: spark_transform_topcv.submit_spark_job manual__2025-08-08T03:44:07.955986+00:00 [queued]>
[2025-08-08T03:44:10.692+0000] {taskinstance.py:2076} INFO - Dependencies all met for dep_context=requeueable deps ti=<TaskInstance: spark_transform_topcv.submit_spark_job manual__2025-08-08T03:44:07.955986+00:00 [queued]>
[2025-08-08T03:44:10.693+0000] {taskinstance.py:2306} INFO - Starting attempt 1 of 1
[2025-08-08T03:44:10.707+0000] {taskinstance.py:2330} INFO - Executing <Task(SparkSubmitOperator): submit_spark_job> on 2025-08-08 03:44:07.955986+00:00
[2025-08-08T03:44:10.720+0000] {standard_task_runner.py:63} INFO - Started process 1633 to run task
[2025-08-08T03:44:10.724+0000] {standard_task_runner.py:90} INFO - Running: ['***', 'tasks', 'run', 'spark_transform_topcv', 'submit_spark_job', 'manual__2025-08-08T03:44:07.955986+00:00', '--job-id', '132', '--raw', '--subdir', 'DAGS_FOLDER/etl_jobs_dag.py', '--cfg-path', '/tmp/tmpk3mvta2r']
[2025-08-08T03:44:10.727+0000] {standard_task_runner.py:91} INFO - Job 132: Subtask submit_spark_job
[2025-08-08T03:44:10.791+0000] {task_command.py:426} INFO - Running <TaskInstance: spark_transform_topcv.submit_spark_job manual__2025-08-08T03:44:07.955986+00:00 [running]> on host 0d9cbc3d310d
[2025-08-08T03:44:10.920+0000] {taskinstance.py:2648} INFO - Exporting env vars: AIRFLOW_CTX_DAG_OWNER='***' AIRFLOW_CTX_DAG_ID='spark_transform_topcv' AIRFLOW_CTX_TASK_ID='submit_spark_job' AIRFLOW_CTX_EXECUTION_DATE='2025-08-08T03:44:07.955986+00:00' AIRFLOW_CTX_TRY_NUMBER='1' AIRFLOW_CTX_DAG_RUN_ID='manual__2025-08-08T03:44:07.955986+00:00'
[2025-08-08T03:44:10.921+0000] {taskinstance.py:430} INFO - ::endgroup::
[2025-08-08T03:44:10.952+0000] {base.py:84} INFO - Using connection ID 'spark_default' for task execution.
[2025-08-08T03:44:10.954+0000] {spark_submit.py:351} INFO - Spark-Submit cmd: spark-submit --master spark://spark-master:7077 --jars /opt/custom-jars/hadoop-aws-3.3.6.jar,/opt/custom-jars/aws-java-sdk-bundle-1.12.621.jar --name arrow-spark --verbose --deploy-mode cluster /opt/spark-jobs/gold_transform.py
[2025-08-08T03:44:12.276+0000] {spark_submit.py:521} INFO - WARNING: Using incubator modules: jdk.incubator.vector
[2025-08-08T03:44:13.458+0000] {spark_submit.py:521} INFO - Parsed arguments:
[2025-08-08T03:44:13.458+0000] {spark_submit.py:521} INFO - master                  spark://spark-master:7077
[2025-08-08T03:44:13.459+0000] {spark_submit.py:521} INFO - remote                  null
[2025-08-08T03:44:13.459+0000] {spark_submit.py:521} INFO - deployMode              cluster
[2025-08-08T03:44:13.459+0000] {spark_submit.py:521} INFO - executorMemory          null
[2025-08-08T03:44:13.460+0000] {spark_submit.py:521} INFO - executorCores           null
[2025-08-08T03:44:13.460+0000] {spark_submit.py:521} INFO - totalExecutorCores      null
[2025-08-08T03:44:13.461+0000] {spark_submit.py:521} INFO - propertiesFile          null
[2025-08-08T03:44:13.461+0000] {spark_submit.py:521} INFO - driverMemory            null
[2025-08-08T03:44:13.461+0000] {spark_submit.py:521} INFO - driverCores             null
[2025-08-08T03:44:13.461+0000] {spark_submit.py:521} INFO - driverExtraClassPath    null
[2025-08-08T03:44:13.462+0000] {spark_submit.py:521} INFO - driverExtraLibraryPath  null
[2025-08-08T03:44:13.462+0000] {spark_submit.py:521} INFO - driverExtraJavaOptions  null
[2025-08-08T03:44:13.462+0000] {spark_submit.py:521} INFO - supervise               false
[2025-08-08T03:44:13.462+0000] {spark_submit.py:521} INFO - queue                   null
[2025-08-08T03:44:13.462+0000] {spark_submit.py:521} INFO - numExecutors            null
[2025-08-08T03:44:13.462+0000] {spark_submit.py:521} INFO - files                   null
[2025-08-08T03:44:13.462+0000] {spark_submit.py:521} INFO - pyFiles                 null
[2025-08-08T03:44:13.463+0000] {spark_submit.py:521} INFO - archives                null
[2025-08-08T03:44:13.463+0000] {spark_submit.py:521} INFO - mainClass               null
[2025-08-08T03:44:13.463+0000] {spark_submit.py:521} INFO - primaryResource         file:/opt/spark-jobs/gold_transform.py
[2025-08-08T03:44:13.463+0000] {spark_submit.py:521} INFO - name                    arrow-spark
[2025-08-08T03:44:13.463+0000] {spark_submit.py:521} INFO - childArgs               []
[2025-08-08T03:44:13.463+0000] {spark_submit.py:521} INFO - jars                    file:/opt/custom-jars/hadoop-aws-3.3.6.jar,file:/opt/custom-jars/aws-java-sdk-bundle-1.12.621.jar
[2025-08-08T03:44:13.463+0000] {spark_submit.py:521} INFO - packages                null
[2025-08-08T03:44:13.464+0000] {spark_submit.py:521} INFO - packagesExclusions      null
[2025-08-08T03:44:13.464+0000] {spark_submit.py:521} INFO - repositories            null
[2025-08-08T03:44:13.464+0000] {spark_submit.py:521} INFO - verbose                 true
[2025-08-08T03:44:13.464+0000] {spark_submit.py:521} INFO - 
[2025-08-08T03:44:13.465+0000] {spark_submit.py:521} INFO - Spark properties used, including those specified through
[2025-08-08T03:44:13.465+0000] {spark_submit.py:521} INFO - --conf and those from the properties file null:
[2025-08-08T03:44:13.465+0000] {spark_submit.py:521} INFO - 
[2025-08-08T03:44:13.465+0000] {spark_submit.py:521} INFO - 
[2025-08-08T03:44:13.465+0000] {spark_submit.py:521} INFO - 
[2025-08-08T03:44:13.465+0000] {spark_submit.py:521} INFO - Exception in thread "main" org.apache.spark.SparkException: Cluster deploy mode is currently not supported for python applications on standalone clusters.
[2025-08-08T03:44:13.465+0000] {spark_submit.py:521} INFO - at org.apache.spark.deploy.SparkSubmit.error(SparkSubmit.scala:1045)
[2025-08-08T03:44:13.466+0000] {spark_submit.py:521} INFO - at org.apache.spark.deploy.SparkSubmit.prepareSubmitEnvironment(SparkSubmit.scala:301)
[2025-08-08T03:44:13.466+0000] {spark_submit.py:521} INFO - at org.apache.spark.deploy.SparkSubmit.org$apache$spark$deploy$SparkSubmit$$runMain(SparkSubmit.scala:961)
[2025-08-08T03:44:13.466+0000] {spark_submit.py:521} INFO - at org.apache.spark.deploy.SparkSubmit.doRunMain$1(SparkSubmit.scala:204)
[2025-08-08T03:44:13.466+0000] {spark_submit.py:521} INFO - at org.apache.spark.deploy.SparkSubmit.submit(SparkSubmit.scala:227)
[2025-08-08T03:44:13.466+0000] {spark_submit.py:521} INFO - at org.apache.spark.deploy.SparkSubmit.doSubmit(SparkSubmit.scala:96)
[2025-08-08T03:44:13.466+0000] {spark_submit.py:521} INFO - at org.apache.spark.deploy.SparkSubmit$$anon$2.doSubmit(SparkSubmit.scala:1132)
[2025-08-08T03:44:13.467+0000] {spark_submit.py:521} INFO - at org.apache.spark.deploy.SparkSubmit$.main(SparkSubmit.scala:1141)
[2025-08-08T03:44:13.467+0000] {spark_submit.py:521} INFO - at org.apache.spark.deploy.SparkSubmit.main(SparkSubmit.scala)
[2025-08-08T03:44:13.481+0000] {taskinstance.py:441} INFO - ::group::Post task execution logs
[2025-08-08T03:44:13.492+0000] {taskinstance.py:2905} ERROR - Task failed with exception
Traceback (most recent call last):
  File "/home/airflow/.local/lib/python3.11/site-packages/airflow/models/taskinstance.py", line 465, in _execute_task
    result = _execute_callable(context=context, **execute_callable_kwargs)
             ^^^^^^^^^^^^^^^^^^^^^^^^^^^^^^^^^^^^^^^^^^^^^^^^^^^^^^^^^^^^^
  File "/home/airflow/.local/lib/python3.11/site-packages/airflow/models/taskinstance.py", line 432, in _execute_callable
    return execute_callable(context=context, **execute_callable_kwargs)
           ^^^^^^^^^^^^^^^^^^^^^^^^^^^^^^^^^^^^^^^^^^^^^^^^^^^^^^^^^^^^
  File "/home/airflow/.local/lib/python3.11/site-packages/airflow/models/baseoperator.py", line 400, in wrapper
    return func(self, *args, **kwargs)
           ^^^^^^^^^^^^^^^^^^^^^^^^^^^
  File "/home/airflow/.local/lib/python3.11/site-packages/airflow/providers/apache/spark/operators/spark_submit.py", line 156, in execute
    self._hook.submit(self._application)
  File "/home/airflow/.local/lib/python3.11/site-packages/airflow/providers/apache/spark/hooks/spark_submit.py", line 452, in submit
    raise AirflowException(
airflow.exceptions.AirflowException: Cannot execute: spark-submit --master spark://spark-master:7077 --jars /opt/custom-jars/hadoop-aws-3.3.6.jar,/opt/custom-jars/aws-java-sdk-bundle-1.12.621.jar --name arrow-spark --verbose --deploy-mode cluster /opt/spark-jobs/gold_transform.py. Error code is: 1.
[2025-08-08T03:44:13.495+0000] {taskinstance.py:1206} INFO - Marking task as FAILED. dag_id=spark_transform_topcv, task_id=submit_spark_job, run_id=manual__2025-08-08T03:44:07.955986+00:00, execution_date=20250808T034407, start_date=20250808T034410, end_date=20250808T034413
[2025-08-08T03:44:13.508+0000] {standard_task_runner.py:110} ERROR - Failed to execute job 132 for task submit_spark_job (Cannot execute: spark-submit --master spark://spark-master:7077 --jars /opt/custom-jars/hadoop-aws-3.3.6.jar,/opt/custom-jars/aws-java-sdk-bundle-1.12.621.jar --name arrow-spark --verbose --deploy-mode cluster /opt/spark-jobs/gold_transform.py. Error code is: 1.; 1633)
[2025-08-08T03:44:13.548+0000] {local_task_job_runner.py:240} INFO - Task exited with return code 1
[2025-08-08T03:44:13.566+0000] {taskinstance.py:3498} INFO - 0 downstream tasks scheduled from follow-on schedule check
[2025-08-08T03:44:13.570+0000] {local_task_job_runner.py:222} INFO - ::endgroup::
