[2025-08-09T16:38:05.635+0000] {local_task_job_runner.py:120} INFO - ::group::Pre task execution logs
[2025-08-09T16:38:05.692+0000] {taskinstance.py:2076} INFO - Dependencies all met for dep_context=non-requeueable deps ti=<TaskInstance: spark_transform_topcv.submit_spark_job manual__2025-08-09T16:38:00.666546+00:00 [queued]>
[2025-08-09T16:38:05.699+0000] {taskinstance.py:2076} INFO - Dependencies all met for dep_context=requeueable deps ti=<TaskInstance: spark_transform_topcv.submit_spark_job manual__2025-08-09T16:38:00.666546+00:00 [queued]>
[2025-08-09T16:38:05.700+0000] {taskinstance.py:2306} INFO - Starting attempt 1 of 1
[2025-08-09T16:38:05.717+0000] {taskinstance.py:2330} INFO - Executing <Task(SparkSubmitOperator): submit_spark_job> on 2025-08-09 16:38:00.666546+00:00
[2025-08-09T16:38:05.725+0000] {standard_task_runner.py:63} INFO - Started process 324 to run task
[2025-08-09T16:38:05.730+0000] {standard_task_runner.py:90} INFO - Running: ['***', 'tasks', 'run', 'spark_transform_topcv', 'submit_spark_job', 'manual__2025-08-09T16:38:00.666546+00:00', '--job-id', '64', '--raw', '--subdir', 'DAGS_FOLDER/etl_jobs_dag.py', '--cfg-path', '/tmp/tmp7zl_5t_z']
[2025-08-09T16:38:05.739+0000] {standard_task_runner.py:91} INFO - Job 64: Subtask submit_spark_job
[2025-08-09T16:38:05.808+0000] {task_command.py:426} INFO - Running <TaskInstance: spark_transform_topcv.submit_spark_job manual__2025-08-09T16:38:00.666546+00:00 [running]> on host d6c9965fd563
[2025-08-09T16:38:05.902+0000] {taskinstance.py:2648} INFO - Exporting env vars: AIRFLOW_CTX_DAG_OWNER='***' AIRFLOW_CTX_DAG_ID='spark_transform_topcv' AIRFLOW_CTX_TASK_ID='submit_spark_job' AIRFLOW_CTX_EXECUTION_DATE='2025-08-09T16:38:00.666546+00:00' AIRFLOW_CTX_TRY_NUMBER='1' AIRFLOW_CTX_DAG_RUN_ID='manual__2025-08-09T16:38:00.666546+00:00'
[2025-08-09T16:38:05.904+0000] {taskinstance.py:430} INFO - ::endgroup::
[2025-08-09T16:38:05.936+0000] {base.py:84} INFO - Using connection ID 'spark_default' for task execution.
[2025-08-09T16:38:05.938+0000] {spark_submit.py:351} INFO - Spark-Submit cmd: spark-submit --master spark://spark-master:7077:7077 --conf spark.hadoop.fs.gs.impl=com.google.cloud.hadoop.fs.gcs.GoogleHadoopFileSystem --conf spark.hadoop.fs.AbstractFileSystem.gs.impl=com.google.cloud.hadoop.fs.gcs.GoogleHadoopFS --conf spark.hadoop.google.cloud.auth.service.account.enable=true --conf spark.hadoop.google.cloud.auth.service.account.json.keyfile=/opt/***/gcp-key.json --jars /opt/custom-jars/gcs-connector-hadoop3-2.2.14-shaded.jar --name arrow-spark --verbose /opt/spark-jobs/gold_transform.py
[2025-08-09T16:38:06.780+0000] {spark_submit.py:521} INFO - WARNING: Using incubator modules: jdk.incubator.vector
[2025-08-09T16:38:08.599+0000] {spark_submit.py:521} INFO - Parsed arguments:
[2025-08-09T16:38:08.600+0000] {spark_submit.py:521} INFO - master                  spark://spark-master:7077:7077
[2025-08-09T16:38:08.600+0000] {spark_submit.py:521} INFO - remote                  null
[2025-08-09T16:38:08.602+0000] {spark_submit.py:521} INFO - deployMode              null
[2025-08-09T16:38:08.602+0000] {spark_submit.py:521} INFO - executorMemory          null
[2025-08-09T16:38:08.602+0000] {spark_submit.py:521} INFO - executorCores           null
[2025-08-09T16:38:08.603+0000] {spark_submit.py:521} INFO - totalExecutorCores      null
[2025-08-09T16:38:08.603+0000] {spark_submit.py:521} INFO - propertiesFile          null
[2025-08-09T16:38:08.603+0000] {spark_submit.py:521} INFO - driverMemory            null
[2025-08-09T16:38:08.603+0000] {spark_submit.py:521} INFO - driverCores             null
[2025-08-09T16:38:08.603+0000] {spark_submit.py:521} INFO - driverExtraClassPath    null
[2025-08-09T16:38:08.604+0000] {spark_submit.py:521} INFO - driverExtraLibraryPath  null
[2025-08-09T16:38:08.604+0000] {spark_submit.py:521} INFO - driverExtraJavaOptions  null
[2025-08-09T16:38:08.604+0000] {spark_submit.py:521} INFO - supervise               false
[2025-08-09T16:38:08.604+0000] {spark_submit.py:521} INFO - queue                   null
[2025-08-09T16:38:08.605+0000] {spark_submit.py:521} INFO - numExecutors            null
[2025-08-09T16:38:08.605+0000] {spark_submit.py:521} INFO - files                   null
[2025-08-09T16:38:08.605+0000] {spark_submit.py:521} INFO - pyFiles                 null
[2025-08-09T16:38:08.606+0000] {spark_submit.py:521} INFO - archives                null
[2025-08-09T16:38:08.606+0000] {spark_submit.py:521} INFO - mainClass               null
[2025-08-09T16:38:08.606+0000] {spark_submit.py:521} INFO - primaryResource         file:/opt/spark-jobs/gold_transform.py
[2025-08-09T16:38:08.607+0000] {spark_submit.py:521} INFO - name                    arrow-spark
[2025-08-09T16:38:08.607+0000] {spark_submit.py:521} INFO - childArgs               []
[2025-08-09T16:38:08.607+0000] {spark_submit.py:521} INFO - jars                    file:/opt/custom-jars/gcs-connector-hadoop3-2.2.14-shaded.jar
[2025-08-09T16:38:08.607+0000] {spark_submit.py:521} INFO - packages                null
[2025-08-09T16:38:08.608+0000] {spark_submit.py:521} INFO - packagesExclusions      null
[2025-08-09T16:38:08.608+0000] {spark_submit.py:521} INFO - repositories            null
[2025-08-09T16:38:08.608+0000] {spark_submit.py:521} INFO - verbose                 true
[2025-08-09T16:38:08.609+0000] {spark_submit.py:521} INFO - 
[2025-08-09T16:38:08.609+0000] {spark_submit.py:521} INFO - Spark properties used, including those specified through
[2025-08-09T16:38:08.609+0000] {spark_submit.py:521} INFO - --conf and those from the properties file null:
[2025-08-09T16:38:08.609+0000] {spark_submit.py:521} INFO - (spark.hadoop.fs.AbstractFileSystem.gs.impl,com.google.cloud.hadoop.fs.gcs.GoogleHadoopFS)
[2025-08-09T16:38:08.609+0000] {spark_submit.py:521} INFO - (spark.hadoop.fs.gs.impl,com.google.cloud.hadoop.fs.gcs.GoogleHadoopFileSystem)
[2025-08-09T16:38:08.610+0000] {spark_submit.py:521} INFO - (spark.hadoop.google.cloud.auth.service.account.enable,true)
[2025-08-09T16:38:08.610+0000] {spark_submit.py:521} INFO - (spark.hadoop.google.cloud.auth.service.account.json.keyfile,/opt/***/gcp-key.json)
[2025-08-09T16:38:08.610+0000] {spark_submit.py:521} INFO - 
[2025-08-09T16:38:08.610+0000] {spark_submit.py:521} INFO - 
[2025-08-09T16:38:08.910+0000] {spark_submit.py:521} INFO - 25/08/09 16:38:08 WARN NativeCodeLoader: Unable to load native-hadoop library for your platform... using builtin-java classes where applicable
[2025-08-09T16:38:09.063+0000] {spark_submit.py:521} INFO - Main class:
[2025-08-09T16:38:09.064+0000] {spark_submit.py:521} INFO - org.apache.spark.deploy.PythonRunner
[2025-08-09T16:38:09.064+0000] {spark_submit.py:521} INFO - Arguments:
[2025-08-09T16:38:09.064+0000] {spark_submit.py:521} INFO - file:/opt/spark-jobs/gold_transform.py
[2025-08-09T16:38:09.065+0000] {spark_submit.py:521} INFO - null
[2025-08-09T16:38:09.065+0000] {spark_submit.py:521} INFO - Spark config:
[2025-08-09T16:38:09.065+0000] {spark_submit.py:521} INFO - (spark.app.name,arrow-spark)
[2025-08-09T16:38:09.066+0000] {spark_submit.py:521} INFO - (spark.app.submitTime,1754757489044)
[2025-08-09T16:38:09.066+0000] {spark_submit.py:521} INFO - (spark.hadoop.fs.AbstractFileSystem.gs.impl,com.google.cloud.hadoop.fs.gcs.GoogleHadoopFS)
[2025-08-09T16:38:09.066+0000] {spark_submit.py:521} INFO - (spark.hadoop.fs.gs.impl,com.google.cloud.hadoop.fs.gcs.GoogleHadoopFileSystem)
[2025-08-09T16:38:09.066+0000] {spark_submit.py:521} INFO - (spark.hadoop.google.cloud.auth.service.account.enable,true)
[2025-08-09T16:38:09.067+0000] {spark_submit.py:521} INFO - (spark.hadoop.google.cloud.auth.service.account.json.keyfile,/opt/***/gcp-key.json)
[2025-08-09T16:38:09.067+0000] {spark_submit.py:521} INFO - (spark.jars,file:/opt/custom-jars/gcs-connector-hadoop3-2.2.14-shaded.jar)
[2025-08-09T16:38:09.067+0000] {spark_submit.py:521} INFO - (spark.master,spark://spark-master:7077:7077)
[2025-08-09T16:38:09.067+0000] {spark_submit.py:521} INFO - (spark.repl.local.jars,file:/opt/custom-jars/gcs-connector-hadoop3-2.2.14-shaded.jar)
[2025-08-09T16:38:09.068+0000] {spark_submit.py:521} INFO - (spark.submit.deployMode,client)
[2025-08-09T16:38:09.068+0000] {spark_submit.py:521} INFO - (spark.submit.pyFiles,)
[2025-08-09T16:38:09.069+0000] {spark_submit.py:521} INFO - Classpath elements:
[2025-08-09T16:38:09.069+0000] {spark_submit.py:521} INFO - file:/opt/custom-jars/gcs-connector-hadoop3-2.2.14-shaded.jar
[2025-08-09T16:38:09.069+0000] {spark_submit.py:521} INFO - 
[2025-08-09T16:38:09.070+0000] {spark_submit.py:521} INFO - 
[2025-08-09T16:38:09.079+0000] {spark_submit.py:521} INFO - Using Spark's default log4j profile: org/apache/spark/log4j2-defaults.properties
[2025-08-09T16:38:09.082+0000] {spark_submit.py:521} INFO - 25/08/09 16:38:09 WARN DependencyUtils: Local jar /opt/custom-jars/gcs-connector-hadoop3-2.2.14-shaded.jar does not exist, skipping.
[2025-08-09T16:38:10.261+0000] {spark_submit.py:521} INFO - Current dir: /opt/***
[2025-08-09T16:38:10.262+0000] {spark_submit.py:521} INFO - List files: ['dags', 'logs', '***.cfg', 'spark', 'gcp-key.json']
[2025-08-09T16:38:10.870+0000] {spark_submit.py:521} INFO - 25/08/09 16:38:10 INFO SparkContext: Running Spark version 4.0.0
[2025-08-09T16:38:10.880+0000] {spark_submit.py:521} INFO - 25/08/09 16:38:10 INFO SparkContext: OS info Linux, 5.15.167.4-microsoft-standard-WSL2, amd64
[2025-08-09T16:38:10.883+0000] {spark_submit.py:521} INFO - 25/08/09 16:38:10 INFO SparkContext: Java version 17.0.15
[2025-08-09T16:38:10.940+0000] {spark_submit.py:521} INFO - 25/08/09 16:38:10 INFO ResourceUtils: ==============================================================
[2025-08-09T16:38:10.944+0000] {spark_submit.py:521} INFO - 25/08/09 16:38:10 INFO ResourceUtils: No custom resources configured for spark.driver.
[2025-08-09T16:38:10.946+0000] {spark_submit.py:521} INFO - 25/08/09 16:38:10 INFO ResourceUtils: ==============================================================
[2025-08-09T16:38:10.948+0000] {spark_submit.py:521} INFO - 25/08/09 16:38:10 INFO SparkContext: Submitted application: gold_transform
[2025-08-09T16:38:10.990+0000] {spark_submit.py:521} INFO - 25/08/09 16:38:10 INFO ResourceProfile: Default ResourceProfile created, executor resources: Map(memory -> name: memory, amount: 1024, script: , vendor: , offHeap -> name: offHeap, amount: 0, script: , vendor: ), task resources: Map(cpus -> name: cpus, amount: 1.0)
[2025-08-09T16:38:10.996+0000] {spark_submit.py:521} INFO - 25/08/09 16:38:10 INFO ResourceProfile: Limiting resource is cpu
[2025-08-09T16:38:10.998+0000] {spark_submit.py:521} INFO - 25/08/09 16:38:10 INFO ResourceProfileManager: Added ResourceProfile id: 0
[2025-08-09T16:38:11.086+0000] {spark_submit.py:521} INFO - 25/08/09 16:38:11 INFO SecurityManager: Changing view acls to: ***
[2025-08-09T16:38:11.088+0000] {spark_submit.py:521} INFO - 25/08/09 16:38:11 INFO SecurityManager: Changing modify acls to: ***
[2025-08-09T16:38:11.090+0000] {spark_submit.py:521} INFO - 25/08/09 16:38:11 INFO SecurityManager: Changing view acls groups to: ***
[2025-08-09T16:38:11.091+0000] {spark_submit.py:521} INFO - 25/08/09 16:38:11 INFO SecurityManager: Changing modify acls groups to: ***
[2025-08-09T16:38:11.095+0000] {spark_submit.py:521} INFO - 25/08/09 16:38:11 INFO SecurityManager: SecurityManager: authentication disabled; ui acls disabled; users with view permissions: *** groups with view permissions: EMPTY; users with modify permissions: ***; groups with modify permissions: EMPTY; RPC SSL disabled
[2025-08-09T16:38:11.437+0000] {spark_submit.py:521} INFO - 25/08/09 16:38:11 INFO Utils: Successfully started service 'sparkDriver' on port 41869.
[2025-08-09T16:38:11.472+0000] {spark_submit.py:521} INFO - 25/08/09 16:38:11 INFO SparkEnv: Registering MapOutputTracker
[2025-08-09T16:38:11.485+0000] {spark_submit.py:521} INFO - 25/08/09 16:38:11 INFO SparkEnv: Registering BlockManagerMaster
[2025-08-09T16:38:11.501+0000] {spark_submit.py:521} INFO - 25/08/09 16:38:11 INFO BlockManagerMasterEndpoint: Using org.apache.spark.storage.DefaultTopologyMapper for getting topology information
[2025-08-09T16:38:11.501+0000] {spark_submit.py:521} INFO - 25/08/09 16:38:11 INFO BlockManagerMasterEndpoint: BlockManagerMasterEndpoint up
[2025-08-09T16:38:11.507+0000] {spark_submit.py:521} INFO - 25/08/09 16:38:11 INFO SparkEnv: Registering BlockManagerMasterHeartbeat
[2025-08-09T16:38:11.533+0000] {spark_submit.py:521} INFO - 25/08/09 16:38:11 INFO DiskBlockManager: Created local directory at /tmp/blockmgr-816fc150-c4f8-488a-8585-7aaa5cd16e14
[2025-08-09T16:38:11.560+0000] {spark_submit.py:521} INFO - 25/08/09 16:38:11 INFO SparkEnv: Registering OutputCommitCoordinator
[2025-08-09T16:38:11.714+0000] {spark_submit.py:521} INFO - 25/08/09 16:38:11 INFO JettyUtils: Start Jetty 0.0.0.0:4040 for SparkUI
[2025-08-09T16:38:11.833+0000] {spark_submit.py:521} INFO - 25/08/09 16:38:11 INFO Utils: Successfully started service 'SparkUI' on port 4040.
[2025-08-09T16:38:11.879+0000] {spark_submit.py:521} INFO - 25/08/09 16:38:11 ERROR SparkContext: Failed to add file:/opt/custom-jars/gcs-connector-hadoop3-2.2.14-shaded.jar to Spark environment
[2025-08-09T16:38:11.879+0000] {spark_submit.py:521} INFO - java.io.FileNotFoundException: Jar /opt/custom-jars/gcs-connector-hadoop3-2.2.14-shaded.jar not found
[2025-08-09T16:38:11.880+0000] {spark_submit.py:521} INFO - at org.apache.spark.SparkContext.addLocalJarFile$1(SparkContext.scala:2174)
[2025-08-09T16:38:11.880+0000] {spark_submit.py:521} INFO - at org.apache.spark.SparkContext.addJar(SparkContext.scala:2230)
[2025-08-09T16:38:11.880+0000] {spark_submit.py:521} INFO - at org.apache.spark.SparkContext.$anonfun$new$15(SparkContext.scala:538)
[2025-08-09T16:38:11.880+0000] {spark_submit.py:521} INFO - at org.apache.spark.SparkContext.$anonfun$new$15$adapted(SparkContext.scala:538)
[2025-08-09T16:38:11.881+0000] {spark_submit.py:521} INFO - at scala.collection.IterableOnceOps.foreach(IterableOnce.scala:619)
[2025-08-09T16:38:11.881+0000] {spark_submit.py:521} INFO - at scala.collection.IterableOnceOps.foreach$(IterableOnce.scala:617)
[2025-08-09T16:38:11.881+0000] {spark_submit.py:521} INFO - at scala.collection.AbstractIterable.foreach(Iterable.scala:935)
[2025-08-09T16:38:11.881+0000] {spark_submit.py:521} INFO - at org.apache.spark.SparkContext.<init>(SparkContext.scala:538)
[2025-08-09T16:38:11.882+0000] {spark_submit.py:521} INFO - at org.apache.spark.api.java.JavaSparkContext.<init>(JavaSparkContext.scala:59)
[2025-08-09T16:38:11.882+0000] {spark_submit.py:521} INFO - at java.base/jdk.internal.reflect.NativeConstructorAccessorImpl.newInstance0(Native Method)
[2025-08-09T16:38:11.882+0000] {spark_submit.py:521} INFO - at java.base/jdk.internal.reflect.NativeConstructorAccessorImpl.newInstance(NativeConstructorAccessorImpl.java:77)
[2025-08-09T16:38:11.882+0000] {spark_submit.py:521} INFO - at java.base/jdk.internal.reflect.DelegatingConstructorAccessorImpl.newInstance(DelegatingConstructorAccessorImpl.java:45)
[2025-08-09T16:38:11.882+0000] {spark_submit.py:521} INFO - at java.base/java.lang.reflect.Constructor.newInstanceWithCaller(Constructor.java:500)
[2025-08-09T16:38:11.883+0000] {spark_submit.py:521} INFO - at java.base/java.lang.reflect.Constructor.newInstance(Constructor.java:481)
[2025-08-09T16:38:11.883+0000] {spark_submit.py:521} INFO - at py4j.reflection.MethodInvoker.invoke(MethodInvoker.java:247)
[2025-08-09T16:38:11.883+0000] {spark_submit.py:521} INFO - at py4j.reflection.ReflectionEngine.invoke(ReflectionEngine.java:374)
[2025-08-09T16:38:11.883+0000] {spark_submit.py:521} INFO - at py4j.Gateway.invoke(Gateway.java:238)
[2025-08-09T16:38:11.883+0000] {spark_submit.py:521} INFO - at py4j.commands.ConstructorCommand.invokeConstructor(ConstructorCommand.java:80)
[2025-08-09T16:38:11.884+0000] {spark_submit.py:521} INFO - at py4j.commands.ConstructorCommand.execute(ConstructorCommand.java:69)
[2025-08-09T16:38:11.884+0000] {spark_submit.py:521} INFO - at py4j.ClientServerConnection.waitForCommands(ClientServerConnection.java:184)
[2025-08-09T16:38:11.884+0000] {spark_submit.py:521} INFO - at py4j.ClientServerConnection.run(ClientServerConnection.java:108)
[2025-08-09T16:38:11.884+0000] {spark_submit.py:521} INFO - at java.base/java.lang.Thread.run(Thread.java:840)
[2025-08-09T16:38:11.909+0000] {spark_submit.py:521} INFO - 25/08/09 16:38:11 INFO SecurityManager: Changing view acls to: ***
[2025-08-09T16:38:11.911+0000] {spark_submit.py:521} INFO - 25/08/09 16:38:11 INFO SecurityManager: Changing modify acls to: ***
[2025-08-09T16:38:11.911+0000] {spark_submit.py:521} INFO - 25/08/09 16:38:11 INFO SecurityManager: Changing view acls groups to: ***
[2025-08-09T16:38:11.912+0000] {spark_submit.py:521} INFO - 25/08/09 16:38:11 INFO SecurityManager: Changing modify acls groups to: ***
[2025-08-09T16:38:11.912+0000] {spark_submit.py:521} INFO - 25/08/09 16:38:11 INFO SecurityManager: SecurityManager: authentication disabled; ui acls disabled; users with view permissions: *** groups with view permissions: EMPTY; users with modify permissions: ***; groups with modify permissions: EMPTY; RPC SSL disabled
[2025-08-09T16:38:12.085+0000] {spark_submit.py:521} INFO - 25/08/09 16:38:12 ERROR SparkContext: Error initializing SparkContext.
[2025-08-09T16:38:12.086+0000] {spark_submit.py:521} INFO - org.apache.spark.SparkException: Invalid master URL: spark://spark-master:7077:7077
[2025-08-09T16:38:12.086+0000] {spark_submit.py:521} INFO - at org.apache.spark.util.Utils$.extractHostPortFromSparkUrl(Utils.scala:2431)
[2025-08-09T16:38:12.086+0000] {spark_submit.py:521} INFO - at org.apache.spark.rpc.RpcAddress$.fromSparkURL(RpcAddress.scala:54)
[2025-08-09T16:38:12.087+0000] {spark_submit.py:521} INFO - at org.apache.spark.deploy.client.StandaloneAppClient.$anonfun$masterRpcAddresses$1(StandaloneAppClient.scala:55)
[2025-08-09T16:38:12.087+0000] {spark_submit.py:521} INFO - at scala.collection.ArrayOps$.map$extension(ArrayOps.scala:936)
[2025-08-09T16:38:12.087+0000] {spark_submit.py:521} INFO - at org.apache.spark.deploy.client.StandaloneAppClient.<init>(StandaloneAppClient.scala:55)
[2025-08-09T16:38:12.087+0000] {spark_submit.py:521} INFO - at org.apache.spark.scheduler.cluster.StandaloneSchedulerBackend.start(StandaloneSchedulerBackend.scala:135)
[2025-08-09T16:38:12.088+0000] {spark_submit.py:521} INFO - at org.apache.spark.scheduler.TaskSchedulerImpl.start(TaskSchedulerImpl.scala:237)
[2025-08-09T16:38:12.088+0000] {spark_submit.py:521} INFO - at org.apache.spark.SparkContext.<init>(SparkContext.scala:622)
[2025-08-09T16:38:12.088+0000] {spark_submit.py:521} INFO - at org.apache.spark.api.java.JavaSparkContext.<init>(JavaSparkContext.scala:59)
[2025-08-09T16:38:12.088+0000] {spark_submit.py:521} INFO - at java.base/jdk.internal.reflect.NativeConstructorAccessorImpl.newInstance0(Native Method)
[2025-08-09T16:38:12.088+0000] {spark_submit.py:521} INFO - at java.base/jdk.internal.reflect.NativeConstructorAccessorImpl.newInstance(NativeConstructorAccessorImpl.java:77)
[2025-08-09T16:38:12.088+0000] {spark_submit.py:521} INFO - at java.base/jdk.internal.reflect.DelegatingConstructorAccessorImpl.newInstance(DelegatingConstructorAccessorImpl.java:45)
[2025-08-09T16:38:12.089+0000] {spark_submit.py:521} INFO - at java.base/java.lang.reflect.Constructor.newInstanceWithCaller(Constructor.java:500)
[2025-08-09T16:38:12.089+0000] {spark_submit.py:521} INFO - at java.base/java.lang.reflect.Constructor.newInstance(Constructor.java:481)
[2025-08-09T16:38:12.089+0000] {spark_submit.py:521} INFO - at py4j.reflection.MethodInvoker.invoke(MethodInvoker.java:247)
[2025-08-09T16:38:12.092+0000] {spark_submit.py:521} INFO - at py4j.reflection.ReflectionEngine.invoke(ReflectionEngine.java:374)
[2025-08-09T16:38:12.093+0000] {spark_submit.py:521} INFO - at py4j.Gateway.invoke(Gateway.java:238)
[2025-08-09T16:38:12.093+0000] {spark_submit.py:521} INFO - at py4j.commands.ConstructorCommand.invokeConstructor(ConstructorCommand.java:80)
[2025-08-09T16:38:12.093+0000] {spark_submit.py:521} INFO - at py4j.commands.ConstructorCommand.execute(ConstructorCommand.java:69)
[2025-08-09T16:38:12.094+0000] {spark_submit.py:521} INFO - at py4j.ClientServerConnection.waitForCommands(ClientServerConnection.java:184)
[2025-08-09T16:38:12.094+0000] {spark_submit.py:521} INFO - at py4j.ClientServerConnection.run(ClientServerConnection.java:108)
[2025-08-09T16:38:12.094+0000] {spark_submit.py:521} INFO - at java.base/java.lang.Thread.run(Thread.java:840)
[2025-08-09T16:38:12.095+0000] {spark_submit.py:521} INFO - 25/08/09 16:38:12 INFO SparkContext: SparkContext is stopping with exitCode 0 from JavaSparkContext at NativeConstructorAccessorImpl.java:0.
[2025-08-09T16:38:12.100+0000] {spark_submit.py:521} INFO - 25/08/09 16:38:12 INFO SparkUI: Stopped Spark web UI at http://d6c9965fd563:4040
[2025-08-09T16:38:12.106+0000] {spark_submit.py:521} INFO - 25/08/09 16:38:12 INFO StandaloneSchedulerBackend: Shutting down all executors
[2025-08-09T16:38:12.111+0000] {spark_submit.py:521} INFO - 25/08/09 16:38:12 INFO StandaloneSchedulerBackend$StandaloneDriverEndpoint: Asking each executor to shut down
[2025-08-09T16:38:12.131+0000] {spark_submit.py:521} INFO - 25/08/09 16:38:12 INFO MapOutputTrackerMasterEndpoint: MapOutputTrackerMasterEndpoint stopped!
[2025-08-09T16:38:12.151+0000] {spark_submit.py:521} INFO - 25/08/09 16:38:12 INFO MemoryStore: MemoryStore started with capacity 434.4 MiB
[2025-08-09T16:38:12.151+0000] {spark_submit.py:521} INFO - 25/08/09 16:38:12 INFO MemoryStore: MemoryStore cleared
[2025-08-09T16:38:12.152+0000] {spark_submit.py:521} INFO - 25/08/09 16:38:12 INFO BlockManager: BlockManager stopped
[2025-08-09T16:38:12.159+0000] {spark_submit.py:521} INFO - 25/08/09 16:38:12 INFO BlockManagerMaster: BlockManagerMaster stopped
[2025-08-09T16:38:12.160+0000] {spark_submit.py:521} INFO - 25/08/09 16:38:12 WARN MetricsSystem: Stopping a MetricsSystem that is not running
[2025-08-09T16:38:12.161+0000] {spark_submit.py:521} INFO - 25/08/09 16:38:12 INFO OutputCommitCoordinator$OutputCommitCoordinatorEndpoint: OutputCommitCoordinator stopped!
[2025-08-09T16:38:12.184+0000] {spark_submit.py:521} INFO - 25/08/09 16:38:12 INFO SparkContext: Successfully stopped SparkContext
[2025-08-09T16:38:12.185+0000] {spark_submit.py:521} INFO - Traceback (most recent call last):
[2025-08-09T16:38:12.185+0000] {spark_submit.py:521} INFO - File "/opt/spark-jobs/gold_transform.py", line 7, in <module>
[2025-08-09T16:38:12.186+0000] {spark_submit.py:521} INFO - spark = SparkSession.builder.appName("gold_transform").getOrCreate()
[2025-08-09T16:38:12.187+0000] {spark_submit.py:521} INFO - ^^^^^^^^^^^^^^^^^^^^^^^^^^^^^^^^^^^^^^^^^^^^^^^^^^^^^^^^^^^^
[2025-08-09T16:38:12.187+0000] {spark_submit.py:521} INFO - File "/home/***/.local/lib/python3.11/site-packages/pyspark/python/lib/pyspark.zip/pyspark/sql/session.py", line 556, in getOrCreate
[2025-08-09T16:38:12.187+0000] {spark_submit.py:521} INFO - File "/home/***/.local/lib/python3.11/site-packages/pyspark/python/lib/pyspark.zip/pyspark/core/context.py", line 523, in getOrCreate
[2025-08-09T16:38:12.187+0000] {spark_submit.py:521} INFO - File "/home/***/.local/lib/python3.11/site-packages/pyspark/python/lib/pyspark.zip/pyspark/core/context.py", line 207, in __init__
[2025-08-09T16:38:12.187+0000] {spark_submit.py:521} INFO - File "/home/***/.local/lib/python3.11/site-packages/pyspark/python/lib/pyspark.zip/pyspark/core/context.py", line 300, in _do_init
[2025-08-09T16:38:12.188+0000] {spark_submit.py:521} INFO - File "/home/***/.local/lib/python3.11/site-packages/pyspark/python/lib/pyspark.zip/pyspark/core/context.py", line 429, in _initialize_context
[2025-08-09T16:38:12.188+0000] {spark_submit.py:521} INFO - File "/home/***/.local/lib/python3.11/site-packages/pyspark/python/lib/py4j-0.10.9.9-src.zip/py4j/java_gateway.py", line 1627, in __call__
[2025-08-09T16:38:12.188+0000] {spark_submit.py:521} INFO - File "/home/***/.local/lib/python3.11/site-packages/pyspark/python/lib/py4j-0.10.9.9-src.zip/py4j/protocol.py", line 327, in get_return_value
[2025-08-09T16:38:12.188+0000] {spark_submit.py:521} INFO - py4j.protocol.Py4JJavaError: An error occurred while calling None.org.apache.spark.api.java.JavaSparkContext.
[2025-08-09T16:38:12.188+0000] {spark_submit.py:521} INFO - : org.apache.spark.SparkException: Invalid master URL: spark://spark-master:7077:7077
[2025-08-09T16:38:12.189+0000] {spark_submit.py:521} INFO - at org.apache.spark.util.Utils$.extractHostPortFromSparkUrl(Utils.scala:2431)
[2025-08-09T16:38:12.189+0000] {spark_submit.py:521} INFO - at org.apache.spark.rpc.RpcAddress$.fromSparkURL(RpcAddress.scala:54)
[2025-08-09T16:38:12.189+0000] {spark_submit.py:521} INFO - at org.apache.spark.deploy.client.StandaloneAppClient.$anonfun$masterRpcAddresses$1(StandaloneAppClient.scala:55)
[2025-08-09T16:38:12.190+0000] {spark_submit.py:521} INFO - at scala.collection.ArrayOps$.map$extension(ArrayOps.scala:936)
[2025-08-09T16:38:12.190+0000] {spark_submit.py:521} INFO - at org.apache.spark.deploy.client.StandaloneAppClient.<init>(StandaloneAppClient.scala:55)
[2025-08-09T16:38:12.190+0000] {spark_submit.py:521} INFO - at org.apache.spark.scheduler.cluster.StandaloneSchedulerBackend.start(StandaloneSchedulerBackend.scala:135)
[2025-08-09T16:38:12.191+0000] {spark_submit.py:521} INFO - at org.apache.spark.scheduler.TaskSchedulerImpl.start(TaskSchedulerImpl.scala:237)
[2025-08-09T16:38:12.191+0000] {spark_submit.py:521} INFO - at org.apache.spark.SparkContext.<init>(SparkContext.scala:622)
[2025-08-09T16:38:12.191+0000] {spark_submit.py:521} INFO - at org.apache.spark.api.java.JavaSparkContext.<init>(JavaSparkContext.scala:59)
[2025-08-09T16:38:12.192+0000] {spark_submit.py:521} INFO - at java.base/jdk.internal.reflect.NativeConstructorAccessorImpl.newInstance0(Native Method)
[2025-08-09T16:38:12.192+0000] {spark_submit.py:521} INFO - at java.base/jdk.internal.reflect.NativeConstructorAccessorImpl.newInstance(NativeConstructorAccessorImpl.java:77)
[2025-08-09T16:38:12.193+0000] {spark_submit.py:521} INFO - at java.base/jdk.internal.reflect.DelegatingConstructorAccessorImpl.newInstance(DelegatingConstructorAccessorImpl.java:45)
[2025-08-09T16:38:12.193+0000] {spark_submit.py:521} INFO - at java.base/java.lang.reflect.Constructor.newInstanceWithCaller(Constructor.java:500)
[2025-08-09T16:38:12.193+0000] {spark_submit.py:521} INFO - at java.base/java.lang.reflect.Constructor.newInstance(Constructor.java:481)
[2025-08-09T16:38:12.194+0000] {spark_submit.py:521} INFO - at py4j.reflection.MethodInvoker.invoke(MethodInvoker.java:247)
[2025-08-09T16:38:12.194+0000] {spark_submit.py:521} INFO - at py4j.reflection.ReflectionEngine.invoke(ReflectionEngine.java:374)
[2025-08-09T16:38:12.194+0000] {spark_submit.py:521} INFO - at py4j.Gateway.invoke(Gateway.java:238)
[2025-08-09T16:38:12.194+0000] {spark_submit.py:521} INFO - at py4j.commands.ConstructorCommand.invokeConstructor(ConstructorCommand.java:80)
[2025-08-09T16:38:12.194+0000] {spark_submit.py:521} INFO - at py4j.commands.ConstructorCommand.execute(ConstructorCommand.java:69)
[2025-08-09T16:38:12.194+0000] {spark_submit.py:521} INFO - at py4j.ClientServerConnection.waitForCommands(ClientServerConnection.java:184)
[2025-08-09T16:38:12.195+0000] {spark_submit.py:521} INFO - at py4j.ClientServerConnection.run(ClientServerConnection.java:108)
[2025-08-09T16:38:12.195+0000] {spark_submit.py:521} INFO - at java.base/java.lang.Thread.run(Thread.java:840)
[2025-08-09T16:38:12.195+0000] {spark_submit.py:521} INFO - 
[2025-08-09T16:38:12.329+0000] {spark_submit.py:521} INFO - 25/08/09 16:38:12 INFO ShutdownHookManager: Shutdown hook called
[2025-08-09T16:38:12.330+0000] {spark_submit.py:521} INFO - 25/08/09 16:38:12 INFO ShutdownHookManager: Deleting directory /tmp/spark-5f257aab-16e1-481a-82b2-bc15a843b91a
[2025-08-09T16:38:12.335+0000] {spark_submit.py:521} INFO - 25/08/09 16:38:12 INFO ShutdownHookManager: Deleting directory /tmp/spark-6da916ba-8bc2-40cd-9780-7353dbdab8b3
[2025-08-09T16:38:12.375+0000] {taskinstance.py:441} INFO - ::group::Post task execution logs
[2025-08-09T16:38:12.385+0000] {taskinstance.py:2905} ERROR - Task failed with exception
Traceback (most recent call last):
  File "/home/airflow/.local/lib/python3.11/site-packages/airflow/models/taskinstance.py", line 465, in _execute_task
    result = _execute_callable(context=context, **execute_callable_kwargs)
             ^^^^^^^^^^^^^^^^^^^^^^^^^^^^^^^^^^^^^^^^^^^^^^^^^^^^^^^^^^^^^
  File "/home/airflow/.local/lib/python3.11/site-packages/airflow/models/taskinstance.py", line 432, in _execute_callable
    return execute_callable(context=context, **execute_callable_kwargs)
           ^^^^^^^^^^^^^^^^^^^^^^^^^^^^^^^^^^^^^^^^^^^^^^^^^^^^^^^^^^^^
  File "/home/airflow/.local/lib/python3.11/site-packages/airflow/models/baseoperator.py", line 400, in wrapper
    return func(self, *args, **kwargs)
           ^^^^^^^^^^^^^^^^^^^^^^^^^^^
  File "/home/airflow/.local/lib/python3.11/site-packages/airflow/providers/apache/spark/operators/spark_submit.py", line 156, in execute
    self._hook.submit(self._application)
  File "/home/airflow/.local/lib/python3.11/site-packages/airflow/providers/apache/spark/hooks/spark_submit.py", line 452, in submit
    raise AirflowException(
airflow.exceptions.AirflowException: Cannot execute: spark-submit --master spark://spark-master:7077:7077 --conf spark.hadoop.fs.gs.impl=com.google.cloud.hadoop.fs.gcs.GoogleHadoopFileSystem --conf spark.hadoop.fs.AbstractFileSystem.gs.impl=com.google.cloud.hadoop.fs.gcs.GoogleHadoopFS --conf spark.hadoop.google.cloud.auth.service.account.enable=true --conf spark.hadoop.google.cloud.auth.service.account.json.keyfile=/opt/***/gcp-key.json --jars /opt/custom-jars/gcs-connector-hadoop3-2.2.14-shaded.jar --name arrow-spark --verbose /opt/spark-jobs/gold_transform.py. Error code is: 1.
[2025-08-09T16:38:12.392+0000] {taskinstance.py:1206} INFO - Marking task as FAILED. dag_id=spark_transform_topcv, task_id=submit_spark_job, run_id=manual__2025-08-09T16:38:00.666546+00:00, execution_date=20250809T163800, start_date=20250809T163805, end_date=20250809T163812
[2025-08-09T16:38:12.404+0000] {standard_task_runner.py:110} ERROR - Failed to execute job 64 for task submit_spark_job (Cannot execute: spark-submit --master spark://spark-master:7077:7077 --conf spark.hadoop.fs.gs.impl=com.google.cloud.hadoop.fs.gcs.GoogleHadoopFileSystem --conf spark.hadoop.fs.AbstractFileSystem.gs.impl=com.google.cloud.hadoop.fs.gcs.GoogleHadoopFS --conf spark.hadoop.google.cloud.auth.service.account.enable=true --conf spark.hadoop.google.cloud.auth.service.account.json.keyfile=/opt/***/gcp-key.json --jars /opt/custom-jars/gcs-connector-hadoop3-2.2.14-shaded.jar --name arrow-spark --verbose /opt/spark-jobs/gold_transform.py. Error code is: 1.; 324)
[2025-08-09T16:38:12.440+0000] {local_task_job_runner.py:240} INFO - Task exited with return code 1
[2025-08-09T16:38:12.454+0000] {taskinstance.py:3498} INFO - 0 downstream tasks scheduled from follow-on schedule check
[2025-08-09T16:38:12.456+0000] {local_task_job_runner.py:222} INFO - ::endgroup::
