[2025-08-07T17:15:29.173+0000] {local_task_job_runner.py:120} INFO - ::group::Pre task execution logs
[2025-08-07T17:15:29.207+0000] {taskinstance.py:2076} INFO - Dependencies all met for dep_context=non-requeueable deps ti=<TaskInstance: spark_transform_topcv.submit_spark_job manual__2025-08-07T17:15:23.923184+00:00 [queued]>
[2025-08-07T17:15:29.213+0000] {taskinstance.py:2076} INFO - Dependencies all met for dep_context=requeueable deps ti=<TaskInstance: spark_transform_topcv.submit_spark_job manual__2025-08-07T17:15:23.923184+00:00 [queued]>
[2025-08-07T17:15:29.214+0000] {taskinstance.py:2306} INFO - Starting attempt 1 of 1
[2025-08-07T17:15:29.224+0000] {taskinstance.py:2330} INFO - Executing <Task(SparkSubmitOperator): submit_spark_job> on 2025-08-07 17:15:23.923184+00:00
[2025-08-07T17:15:29.228+0000] {standard_task_runner.py:63} INFO - Started process 4879 to run task
[2025-08-07T17:15:29.232+0000] {standard_task_runner.py:90} INFO - Running: ['***', 'tasks', 'run', 'spark_transform_topcv', 'submit_spark_job', 'manual__2025-08-07T17:15:23.923184+00:00', '--job-id', '82', '--raw', '--subdir', 'DAGS_FOLDER/etl_jobs_dag.py', '--cfg-path', '/tmp/tmp5bq4gk8x']
[2025-08-07T17:15:29.235+0000] {standard_task_runner.py:91} INFO - Job 82: Subtask submit_spark_job
[2025-08-07T17:15:29.319+0000] {task_command.py:426} INFO - Running <TaskInstance: spark_transform_topcv.submit_spark_job manual__2025-08-07T17:15:23.923184+00:00 [running]> on host 0d9cbc3d310d
[2025-08-07T17:15:29.616+0000] {taskinstance.py:2648} INFO - Exporting env vars: AIRFLOW_CTX_DAG_OWNER='***' AIRFLOW_CTX_DAG_ID='spark_transform_topcv' AIRFLOW_CTX_TASK_ID='submit_spark_job' AIRFLOW_CTX_EXECUTION_DATE='2025-08-07T17:15:23.923184+00:00' AIRFLOW_CTX_TRY_NUMBER='1' AIRFLOW_CTX_DAG_RUN_ID='manual__2025-08-07T17:15:23.923184+00:00'
[2025-08-07T17:15:29.618+0000] {taskinstance.py:430} INFO - ::endgroup::
[2025-08-07T17:15:29.664+0000] {base.py:84} INFO - Using connection ID 'spark_default' for task execution.
[2025-08-07T17:15:29.666+0000] {spark_submit.py:351} INFO - Spark-Submit cmd: spark-submit --master spark://spark-master:7077 --conf spark.hadoop.fs.s3a.endpoint=http://minio:9000 --conf spark.hadoop.fs.s3a.access.key=minioadmin --conf spark.hadoop.fs.s3a.secret.key=****** --conf spark.hadoop.fs.s3a.path.style.access=true --conf spark.hadoop.fs.s3a.impl=org.apache.hadoop.fs.s3a.S3AFileSystem --conf spark.hadoop.fs.s3a.connection.ssl.enabled=false --conf spark.hadoop.fs.s3a.aws.credentials.provider=org.apache.hadoop.fs.s3a.SimpleAWSCredentialsProvider --conf spark.hadoop.fs.s3a.connection.timeout=60000 --conf spark.hadoop.fs.s3a.connection.establish.timeout=60000 --conf spark.hadoop.fs.s3a.connection.request.timeout=60000 --conf spark.hadoop.fs.s3a.attempts.maximum=20 --jars /opt/custom-jars/hadoop-aws-3.3.6.jar,/opt/custom-jars/aws-java-sdk-bundle-1.12.621.jar --name arrow-spark --verbose /opt/spark-jobs/gold_transform.py
[2025-08-07T17:15:30.793+0000] {spark_submit.py:521} INFO - WARNING: Using incubator modules: jdk.incubator.vector
[2025-08-07T17:15:32.232+0000] {spark_submit.py:521} INFO - Parsed arguments:
[2025-08-07T17:15:32.232+0000] {spark_submit.py:521} INFO - master                  spark://spark-master:7077
[2025-08-07T17:15:32.233+0000] {spark_submit.py:521} INFO - remote                  null
[2025-08-07T17:15:32.233+0000] {spark_submit.py:521} INFO - deployMode              null
[2025-08-07T17:15:32.233+0000] {spark_submit.py:521} INFO - executorMemory          null
[2025-08-07T17:15:32.234+0000] {spark_submit.py:521} INFO - executorCores           null
[2025-08-07T17:15:32.234+0000] {spark_submit.py:521} INFO - totalExecutorCores      null
[2025-08-07T17:15:32.234+0000] {spark_submit.py:521} INFO - propertiesFile          null
[2025-08-07T17:15:32.235+0000] {spark_submit.py:521} INFO - driverMemory            null
[2025-08-07T17:15:32.235+0000] {spark_submit.py:521} INFO - driverCores             null
[2025-08-07T17:15:32.235+0000] {spark_submit.py:521} INFO - driverExtraClassPath    null
[2025-08-07T17:15:32.236+0000] {spark_submit.py:521} INFO - driverExtraLibraryPath  null
[2025-08-07T17:15:32.236+0000] {spark_submit.py:521} INFO - driverExtraJavaOptions  null
[2025-08-07T17:15:32.237+0000] {spark_submit.py:521} INFO - supervise               false
[2025-08-07T17:15:32.237+0000] {spark_submit.py:521} INFO - queue                   null
[2025-08-07T17:15:32.238+0000] {spark_submit.py:521} INFO - numExecutors            null
[2025-08-07T17:15:32.238+0000] {spark_submit.py:521} INFO - files                   null
[2025-08-07T17:15:32.238+0000] {spark_submit.py:521} INFO - pyFiles                 null
[2025-08-07T17:15:32.239+0000] {spark_submit.py:521} INFO - archives                null
[2025-08-07T17:15:32.239+0000] {spark_submit.py:521} INFO - mainClass               null
[2025-08-07T17:15:32.239+0000] {spark_submit.py:521} INFO - primaryResource         file:/opt/spark-jobs/gold_transform.py
[2025-08-07T17:15:32.240+0000] {spark_submit.py:521} INFO - name                    arrow-spark
[2025-08-07T17:15:32.240+0000] {spark_submit.py:521} INFO - childArgs               []
[2025-08-07T17:15:32.240+0000] {spark_submit.py:521} INFO - jars                    file:/opt/custom-jars/hadoop-aws-3.3.6.jar,file:/opt/custom-jars/aws-java-sdk-bundle-1.12.621.jar
[2025-08-07T17:15:32.240+0000] {spark_submit.py:521} INFO - packages                null
[2025-08-07T17:15:32.240+0000] {spark_submit.py:521} INFO - packagesExclusions      null
[2025-08-07T17:15:32.241+0000] {spark_submit.py:521} INFO - repositories            null
[2025-08-07T17:15:32.241+0000] {spark_submit.py:521} INFO - verbose                 true
[2025-08-07T17:15:32.241+0000] {spark_submit.py:521} INFO - 
[2025-08-07T17:15:32.241+0000] {spark_submit.py:521} INFO - Spark properties used, including those specified through
[2025-08-07T17:15:32.241+0000] {spark_submit.py:521} INFO - --conf and those from the properties file null:
[2025-08-07T17:15:32.242+0000] {spark_submit.py:521} INFO - (spark.hadoop.fs.s3a.access.key,*********(redacted))
[2025-08-07T17:15:32.242+0000] {spark_submit.py:521} INFO - (spark.hadoop.fs.s3a.attempts.maximum,20)
[2025-08-07T17:15:32.242+0000] {spark_submit.py:521} INFO - (spark.hadoop.fs.s3a.aws.credentials.provider,org.apache.hadoop.fs.s3a.SimpleAWSCredentialsProvider)
[2025-08-07T17:15:32.242+0000] {spark_submit.py:521} INFO - (spark.hadoop.fs.s3a.connection.establish.timeout,60000)
[2025-08-07T17:15:32.243+0000] {spark_submit.py:521} INFO - (spark.hadoop.fs.s3a.connection.request.timeout,60000)
[2025-08-07T17:15:32.243+0000] {spark_submit.py:521} INFO - (spark.hadoop.fs.s3a.connection.ssl.enabled,false)
[2025-08-07T17:15:32.243+0000] {spark_submit.py:521} INFO - (spark.hadoop.fs.s3a.connection.timeout,60000)
[2025-08-07T17:15:32.243+0000] {spark_submit.py:521} INFO - (spark.hadoop.fs.s3a.endpoint,http://minio:9000)
[2025-08-07T17:15:32.243+0000] {spark_submit.py:521} INFO - (spark.hadoop.fs.s3a.impl,org.apache.hadoop.fs.s3a.S3AFileSystem)
[2025-08-07T17:15:32.244+0000] {spark_submit.py:521} INFO - (spark.hadoop.fs.s3a.path.style.access,true)
[2025-08-07T17:15:32.244+0000] {spark_submit.py:521} INFO - (spark.hadoop.fs.s3a.secret.key,*********(redacted))
[2025-08-07T17:15:32.244+0000] {spark_submit.py:521} INFO - 
[2025-08-07T17:15:32.244+0000] {spark_submit.py:521} INFO - 
[2025-08-07T17:15:32.590+0000] {spark_submit.py:521} INFO - 25/08/07 17:15:32 WARN NativeCodeLoader: Unable to load native-hadoop library for your platform... using builtin-java classes where applicable
[2025-08-07T17:15:32.734+0000] {spark_submit.py:521} INFO - Main class:
[2025-08-07T17:15:32.735+0000] {spark_submit.py:521} INFO - org.apache.spark.deploy.PythonRunner
[2025-08-07T17:15:32.735+0000] {spark_submit.py:521} INFO - Arguments:
[2025-08-07T17:15:32.736+0000] {spark_submit.py:521} INFO - file:/opt/spark-jobs/gold_transform.py
[2025-08-07T17:15:32.736+0000] {spark_submit.py:521} INFO - null
[2025-08-07T17:15:32.737+0000] {spark_submit.py:521} INFO - Spark config:
[2025-08-07T17:15:32.738+0000] {spark_submit.py:521} INFO - (spark.app.name,arrow-spark)
[2025-08-07T17:15:32.738+0000] {spark_submit.py:521} INFO - (spark.app.submitTime,1754586932720)
[2025-08-07T17:15:32.738+0000] {spark_submit.py:521} INFO - (spark.hadoop.fs.s3a.access.key,*********(redacted))
[2025-08-07T17:15:32.738+0000] {spark_submit.py:521} INFO - (spark.hadoop.fs.s3a.attempts.maximum,20)
[2025-08-07T17:15:32.739+0000] {spark_submit.py:521} INFO - (spark.hadoop.fs.s3a.aws.credentials.provider,org.apache.hadoop.fs.s3a.SimpleAWSCredentialsProvider)
[2025-08-07T17:15:32.739+0000] {spark_submit.py:521} INFO - (spark.hadoop.fs.s3a.connection.establish.timeout,60000)
[2025-08-07T17:15:32.739+0000] {spark_submit.py:521} INFO - (spark.hadoop.fs.s3a.connection.request.timeout,60000)
[2025-08-07T17:15:32.739+0000] {spark_submit.py:521} INFO - (spark.hadoop.fs.s3a.connection.ssl.enabled,false)
[2025-08-07T17:15:32.740+0000] {spark_submit.py:521} INFO - (spark.hadoop.fs.s3a.connection.timeout,60000)
[2025-08-07T17:15:32.740+0000] {spark_submit.py:521} INFO - (spark.hadoop.fs.s3a.endpoint,http://minio:9000)
[2025-08-07T17:15:32.740+0000] {spark_submit.py:521} INFO - (spark.hadoop.fs.s3a.impl,org.apache.hadoop.fs.s3a.S3AFileSystem)
[2025-08-07T17:15:32.740+0000] {spark_submit.py:521} INFO - (spark.hadoop.fs.s3a.path.style.access,true)
[2025-08-07T17:15:32.740+0000] {spark_submit.py:521} INFO - (spark.hadoop.fs.s3a.secret.key,*********(redacted))
[2025-08-07T17:15:32.741+0000] {spark_submit.py:521} INFO - (spark.jars,file:///opt/custom-jars/hadoop-aws-3.3.6.jar,file:///opt/custom-jars/aws-java-sdk-bundle-1.12.621.jar)
[2025-08-07T17:15:32.741+0000] {spark_submit.py:521} INFO - (spark.master,spark://spark-master:7077)
[2025-08-07T17:15:32.741+0000] {spark_submit.py:521} INFO - (spark.repl.local.jars,file:///opt/custom-jars/hadoop-aws-3.3.6.jar,file:///opt/custom-jars/aws-java-sdk-bundle-1.12.621.jar)
[2025-08-07T17:15:32.741+0000] {spark_submit.py:521} INFO - (spark.submit.deployMode,client)
[2025-08-07T17:15:32.741+0000] {spark_submit.py:521} INFO - (spark.submit.pyFiles,)
[2025-08-07T17:15:32.742+0000] {spark_submit.py:521} INFO - Classpath elements:
[2025-08-07T17:15:32.742+0000] {spark_submit.py:521} INFO - file:///opt/custom-jars/hadoop-aws-3.3.6.jar
[2025-08-07T17:15:32.742+0000] {spark_submit.py:521} INFO - file:///opt/custom-jars/aws-java-sdk-bundle-1.12.621.jar
[2025-08-07T17:15:32.742+0000] {spark_submit.py:521} INFO - 
[2025-08-07T17:15:32.743+0000] {spark_submit.py:521} INFO - 
[2025-08-07T17:15:34.656+0000] {spark_submit.py:521} INFO - Using Spark's default log4j profile: org/apache/spark/log4j2-defaults.properties
[2025-08-07T17:15:34.663+0000] {spark_submit.py:521} INFO - 25/08/07 17:15:34 INFO SparkContext: Running Spark version 4.0.0
[2025-08-07T17:15:34.666+0000] {spark_submit.py:521} INFO - 25/08/07 17:15:34 INFO SparkContext: OS info Linux, 5.15.167.4-microsoft-standard-WSL2, amd64
[2025-08-07T17:15:34.667+0000] {spark_submit.py:521} INFO - 25/08/07 17:15:34 INFO SparkContext: Java version 17.0.15
[2025-08-07T17:15:34.691+0000] {spark_submit.py:521} INFO - 25/08/07 17:15:34 INFO ResourceUtils: ==============================================================
[2025-08-07T17:15:34.691+0000] {spark_submit.py:521} INFO - 25/08/07 17:15:34 INFO ResourceUtils: No custom resources configured for spark.driver.
[2025-08-07T17:15:34.691+0000] {spark_submit.py:521} INFO - 25/08/07 17:15:34 INFO ResourceUtils: ==============================================================
[2025-08-07T17:15:34.692+0000] {spark_submit.py:521} INFO - 25/08/07 17:15:34 INFO SparkContext: Submitted application: FixS3AConfig
[2025-08-07T17:15:34.720+0000] {spark_submit.py:521} INFO - 25/08/07 17:15:34 INFO ResourceProfile: Default ResourceProfile created, executor resources: Map(memory -> name: memory, amount: 1024, script: , vendor: , offHeap -> name: offHeap, amount: 0, script: , vendor: ), task resources: Map(cpus -> name: cpus, amount: 1.0)
[2025-08-07T17:15:34.725+0000] {spark_submit.py:521} INFO - 25/08/07 17:15:34 INFO ResourceProfile: Limiting resource is cpu
[2025-08-07T17:15:34.726+0000] {spark_submit.py:521} INFO - 25/08/07 17:15:34 INFO ResourceProfileManager: Added ResourceProfile id: 0
[2025-08-07T17:15:34.782+0000] {spark_submit.py:521} INFO - 25/08/07 17:15:34 INFO SecurityManager: Changing view acls to: ***
[2025-08-07T17:15:34.782+0000] {spark_submit.py:521} INFO - 25/08/07 17:15:34 INFO SecurityManager: Changing modify acls to: ***
[2025-08-07T17:15:34.783+0000] {spark_submit.py:521} INFO - 25/08/07 17:15:34 INFO SecurityManager: Changing view acls groups to: ***
[2025-08-07T17:15:34.783+0000] {spark_submit.py:521} INFO - 25/08/07 17:15:34 INFO SecurityManager: Changing modify acls groups to: ***
[2025-08-07T17:15:34.786+0000] {spark_submit.py:521} INFO - 25/08/07 17:15:34 INFO SecurityManager: SecurityManager: authentication disabled; ui acls disabled; users with view permissions: *** groups with view permissions: EMPTY; users with modify permissions: ***; groups with modify permissions: EMPTY; RPC SSL disabled
[2025-08-07T17:15:35.040+0000] {spark_submit.py:521} INFO - 25/08/07 17:15:35 INFO Utils: Successfully started service 'sparkDriver' on port 34753.
[2025-08-07T17:15:35.073+0000] {spark_submit.py:521} INFO - 25/08/07 17:15:35 INFO SparkEnv: Registering MapOutputTracker
[2025-08-07T17:15:35.091+0000] {spark_submit.py:521} INFO - 25/08/07 17:15:35 INFO SparkEnv: Registering BlockManagerMaster
[2025-08-07T17:15:35.108+0000] {spark_submit.py:521} INFO - 25/08/07 17:15:35 INFO BlockManagerMasterEndpoint: Using org.apache.spark.storage.DefaultTopologyMapper for getting topology information
[2025-08-07T17:15:35.109+0000] {spark_submit.py:521} INFO - 25/08/07 17:15:35 INFO BlockManagerMasterEndpoint: BlockManagerMasterEndpoint up
[2025-08-07T17:15:35.112+0000] {spark_submit.py:521} INFO - 25/08/07 17:15:35 INFO SparkEnv: Registering BlockManagerMasterHeartbeat
[2025-08-07T17:15:35.135+0000] {spark_submit.py:521} INFO - 25/08/07 17:15:35 INFO DiskBlockManager: Created local directory at /tmp/blockmgr-66c1f30c-d099-4507-b030-81ea80435c65
[2025-08-07T17:15:35.161+0000] {spark_submit.py:521} INFO - 25/08/07 17:15:35 INFO SparkEnv: Registering OutputCommitCoordinator
[2025-08-07T17:15:35.294+0000] {spark_submit.py:521} INFO - 25/08/07 17:15:35 INFO JettyUtils: Start Jetty 0.0.0.0:4040 for SparkUI
[2025-08-07T17:15:35.375+0000] {spark_submit.py:521} INFO - 25/08/07 17:15:35 INFO Utils: Successfully started service 'SparkUI' on port 4040.
[2025-08-07T17:15:35.414+0000] {spark_submit.py:521} INFO - 25/08/07 17:15:35 INFO SparkContext: Added JAR /opt/custom-jars/hadoop-aws-3.3.6.jar at spark://0d9cbc3d310d:34753/jars/hadoop-aws-3.3.6.jar with timestamp 1754586934649
[2025-08-07T17:15:35.415+0000] {spark_submit.py:521} INFO - 25/08/07 17:15:35 INFO SparkContext: Added JAR /opt/custom-jars/aws-java-sdk-bundle-1.12.621.jar at spark://0d9cbc3d310d:34753/jars/aws-java-sdk-bundle-1.12.621.jar with timestamp 1754586934649
[2025-08-07T17:15:35.439+0000] {spark_submit.py:521} INFO - 25/08/07 17:15:35 INFO SecurityManager: Changing view acls to: ***
[2025-08-07T17:15:35.440+0000] {spark_submit.py:521} INFO - 25/08/07 17:15:35 INFO SecurityManager: Changing modify acls to: ***
[2025-08-07T17:15:35.440+0000] {spark_submit.py:521} INFO - 25/08/07 17:15:35 INFO SecurityManager: Changing view acls groups to: ***
[2025-08-07T17:15:35.441+0000] {spark_submit.py:521} INFO - 25/08/07 17:15:35 INFO SecurityManager: Changing modify acls groups to: ***
[2025-08-07T17:15:35.441+0000] {spark_submit.py:521} INFO - 25/08/07 17:15:35 INFO SecurityManager: SecurityManager: authentication disabled; ui acls disabled; users with view permissions: *** groups with view permissions: EMPTY; users with modify permissions: ***; groups with modify permissions: EMPTY; RPC SSL disabled
[2025-08-07T17:15:35.596+0000] {spark_submit.py:521} INFO - 25/08/07 17:15:35 INFO StandaloneAppClient$ClientEndpoint: Connecting to master spark://spark-master:7077...
[2025-08-07T17:15:35.647+0000] {spark_submit.py:521} INFO - 25/08/07 17:15:35 INFO TransportClientFactory: Successfully created connection to spark-master/172.19.0.3:7077 after 22 ms (0 ms spent in bootstraps)
[2025-08-07T17:15:36.357+0000] {spark_submit.py:521} INFO - 25/08/07 17:15:36 INFO StandaloneSchedulerBackend: Connected to Spark cluster with app ID app-20250807171536-0002
[2025-08-07T17:15:36.367+0000] {spark_submit.py:521} INFO - 25/08/07 17:15:36 INFO Utils: Successfully started service 'org.apache.spark.network.netty.NettyBlockTransferService' on port 46751.
[2025-08-07T17:15:36.368+0000] {spark_submit.py:521} INFO - 25/08/07 17:15:36 INFO NettyBlockTransferService: Server created on 0d9cbc3d310d:46751
[2025-08-07T17:15:36.371+0000] {spark_submit.py:521} INFO - 25/08/07 17:15:36 INFO BlockManager: Using org.apache.spark.storage.RandomBlockReplicationPolicy for block replication policy
[2025-08-07T17:15:36.392+0000] {spark_submit.py:521} INFO - 25/08/07 17:15:36 INFO BlockManagerMaster: Registering BlockManager BlockManagerId(driver, 0d9cbc3d310d, 46751, None)
[2025-08-07T17:15:36.401+0000] {spark_submit.py:521} INFO - 25/08/07 17:15:36 INFO BlockManagerMasterEndpoint: Registering block manager 0d9cbc3d310d:46751 with 434.4 MiB RAM, BlockManagerId(driver, 0d9cbc3d310d, 46751, None)
[2025-08-07T17:15:36.403+0000] {spark_submit.py:521} INFO - 25/08/07 17:15:36 INFO BlockManagerMaster: Registered BlockManager BlockManagerId(driver, 0d9cbc3d310d, 46751, None)
[2025-08-07T17:15:36.405+0000] {spark_submit.py:521} INFO - 25/08/07 17:15:36 INFO BlockManager: Initialized BlockManager: BlockManagerId(driver, 0d9cbc3d310d, 46751, None)
[2025-08-07T17:15:36.444+0000] {spark_submit.py:521} INFO - 25/08/07 17:15:36 INFO StandaloneAppClient$ClientEndpoint: Executor added: app-20250807171536-0002/0 on worker-20250807152928-172.19.0.5-46073 (172.19.0.5:46073) with 2 core(s)
[2025-08-07T17:15:36.445+0000] {spark_submit.py:521} INFO - 25/08/07 17:15:36 INFO StandaloneSchedulerBackend: Granted executor ID app-20250807171536-0002/0 on hostPort 172.19.0.5:46073 with 2 core(s), 1024.0 MiB RAM
[2025-08-07T17:15:36.567+0000] {spark_submit.py:521} INFO - 25/08/07 17:15:36 INFO StandaloneSchedulerBackend: SchedulerBackend is ready for scheduling beginning after reached minRegisteredResourcesRatio: 0.0
[2025-08-07T17:15:37.661+0000] {spark_submit.py:521} INFO - 25/08/07 17:15:37 INFO StandaloneAppClient$ClientEndpoint: Executor updated: app-20250807171536-0002/0 is now RUNNING
[2025-08-07T17:15:39.699+0000] {spark_submit.py:521} INFO - === 🔍 Configs liên quan đến timeout và s3a ===
[2025-08-07T17:15:39.745+0000] {spark_submit.py:521} INFO - spark.hadoop.fs.s3a.secret.key = minioadmin
[2025-08-07T17:15:39.745+0000] {spark_submit.py:521} INFO - spark.hadoop.fs.s3a.connection.establish.timeout = 60000
[2025-08-07T17:15:39.746+0000] {spark_submit.py:521} INFO - spark.hadoop.fs.s3a.attempts.maximum = 20
[2025-08-07T17:15:39.746+0000] {spark_submit.py:521} INFO - spark.hadoop.fs.s3a.connection.request.timeout = 60000
[2025-08-07T17:15:39.746+0000] {spark_submit.py:521} INFO - spark.hadoop.fs.s3a.connection.ssl.enabled = false
[2025-08-07T17:15:39.747+0000] {spark_submit.py:521} INFO - spark.hadoop.fs.s3a.path.style.access = true
[2025-08-07T17:15:39.747+0000] {spark_submit.py:521} INFO - spark.hadoop.fs.s3a.aws.credentials.provider = org.apache.hadoop.fs.s3a.SimpleAWSCredentialsProvider
[2025-08-07T17:15:39.747+0000] {spark_submit.py:521} INFO - spark.hadoop.fs.s3a.endpoint = http://minio:9000
[2025-08-07T17:15:39.748+0000] {spark_submit.py:521} INFO - spark.hadoop.fs.s3a.vectored.read.max.merged.size = 2097152
[2025-08-07T17:15:39.748+0000] {spark_submit.py:521} INFO - spark.hadoop.fs.s3a.access.key = minioadmin
[2025-08-07T17:15:39.748+0000] {spark_submit.py:521} INFO - spark.hadoop.fs.s3a.impl = org.apache.hadoop.fs.s3a.S3AFileSystem
[2025-08-07T17:15:39.748+0000] {spark_submit.py:521} INFO - spark.hadoop.fs.s3a.vectored.read.min.seek.size = 131072
[2025-08-07T17:15:39.749+0000] {spark_submit.py:521} INFO - spark.hadoop.fs.s3a.connection.timeout = 60000
[2025-08-07T17:15:39.770+0000] {spark_submit.py:521} INFO - 25/08/07 17:15:39 INFO SharedState: Setting hive.metastore.warehouse.dir ('null') to the value of spark.sql.warehouse.dir.
[2025-08-07T17:15:39.776+0000] {spark_submit.py:521} INFO - 25/08/07 17:15:39 INFO SharedState: Warehouse path is 'file:/opt/***/spark-warehouse'.
[2025-08-07T17:15:41.164+0000] {spark_submit.py:521} INFO - 25/08/07 17:15:41 WARN MetricsConfig: Cannot locate configuration: tried hadoop-metrics2-s3a-file-system.properties,hadoop-metrics2.properties
[2025-08-07T17:15:41.183+0000] {spark_submit.py:521} INFO - 25/08/07 17:15:41 INFO MetricsSystemImpl: Scheduled Metric snapshot period at 10 second(s).
[2025-08-07T17:15:41.183+0000] {spark_submit.py:521} INFO - 25/08/07 17:15:41 INFO MetricsSystemImpl: s3a-file-system metrics system started
[2025-08-07T17:15:41.198+0000] {spark_submit.py:521} INFO - 25/08/07 17:15:41 INFO MetricsSystemImpl: Stopping s3a-file-system metrics system...
[2025-08-07T17:15:41.198+0000] {spark_submit.py:521} INFO - 25/08/07 17:15:41 INFO MetricsSystemImpl: s3a-file-system metrics system stopped.
[2025-08-07T17:15:41.199+0000] {spark_submit.py:521} INFO - 25/08/07 17:15:41 INFO MetricsSystemImpl: s3a-file-system metrics system shutdown complete.
[2025-08-07T17:15:41.199+0000] {spark_submit.py:521} INFO - 25/08/07 17:15:41 WARN FileSystem: Failed to initialize filesystem s3a://bronze/topcv/topcv_jobs.parquet: java.lang.NumberFormatException: For input string: "60s"
[2025-08-07T17:15:41.201+0000] {spark_submit.py:521} INFO - 25/08/07 17:15:41 WARN FileStreamSink: Assume no metadata directory. Error while looking for metadata directory in the path: s3a://bronze/topcv/topcv_jobs.parquet.
[2025-08-07T17:15:41.201+0000] {spark_submit.py:521} INFO - java.lang.NumberFormatException: For input string: "60s"
[2025-08-07T17:15:41.202+0000] {spark_submit.py:521} INFO - at java.base/java.lang.NumberFormatException.forInputString(NumberFormatException.java:67)
[2025-08-07T17:15:41.202+0000] {spark_submit.py:521} INFO - at java.base/java.lang.Long.parseLong(Long.java:711)
[2025-08-07T17:15:41.202+0000] {spark_submit.py:521} INFO - at java.base/java.lang.Long.parseLong(Long.java:836)
[2025-08-07T17:15:41.203+0000] {spark_submit.py:521} INFO - at org.apache.hadoop.conf.Configuration.getLong(Configuration.java:1607)
[2025-08-07T17:15:41.203+0000] {spark_submit.py:521} INFO - at org.apache.hadoop.fs.s3a.S3AUtils.longOption(S3AUtils.java:985)
[2025-08-07T17:15:41.203+0000] {spark_submit.py:521} INFO - at org.apache.hadoop.fs.s3a.S3AFileSystem.initThreadPools(S3AFileSystem.java:785)
[2025-08-07T17:15:41.204+0000] {spark_submit.py:521} INFO - at org.apache.hadoop.fs.s3a.S3AFileSystem.initialize(S3AFileSystem.java:555)
[2025-08-07T17:15:41.204+0000] {spark_submit.py:521} INFO - at org.apache.hadoop.fs.FileSystem.createFileSystem(FileSystem.java:3615)
[2025-08-07T17:15:41.205+0000] {spark_submit.py:521} INFO - at org.apache.hadoop.fs.FileSystem.access$300(FileSystem.java:172)
[2025-08-07T17:15:41.205+0000] {spark_submit.py:521} INFO - at org.apache.hadoop.fs.FileSystem$Cache.getInternal(FileSystem.java:3716)
[2025-08-07T17:15:41.205+0000] {spark_submit.py:521} INFO - at org.apache.hadoop.fs.FileSystem$Cache.get(FileSystem.java:3667)
[2025-08-07T17:15:41.205+0000] {spark_submit.py:521} INFO - at org.apache.hadoop.fs.FileSystem.get(FileSystem.java:557)
[2025-08-07T17:15:41.206+0000] {spark_submit.py:521} INFO - at org.apache.hadoop.fs.Path.getFileSystem(Path.java:366)
[2025-08-07T17:15:41.206+0000] {spark_submit.py:521} INFO - at org.apache.spark.sql.execution.streaming.FileStreamSink$.hasMetadata(FileStreamSink.scala:55)
[2025-08-07T17:15:41.206+0000] {spark_submit.py:521} INFO - at org.apache.spark.sql.execution.datasources.DataSource.resolveRelation(DataSource.scala:381)
[2025-08-07T17:15:41.207+0000] {spark_submit.py:521} INFO - at org.apache.spark.sql.catalyst.analysis.ResolveDataSource.org$apache$spark$sql$catalyst$analysis$ResolveDataSource$$loadV1BatchSource(ResolveDataSource.scala:143)
[2025-08-07T17:15:41.207+0000] {spark_submit.py:521} INFO - at org.apache.spark.sql.catalyst.analysis.ResolveDataSource$$anonfun$apply$1.$anonfun$applyOrElse$2(ResolveDataSource.scala:61)
[2025-08-07T17:15:41.207+0000] {spark_submit.py:521} INFO - at scala.Option.getOrElse(Option.scala:201)
[2025-08-07T17:15:41.207+0000] {spark_submit.py:521} INFO - at org.apache.spark.sql.catalyst.analysis.ResolveDataSource$$anonfun$apply$1.applyOrElse(ResolveDataSource.scala:61)
[2025-08-07T17:15:41.208+0000] {spark_submit.py:521} INFO - at org.apache.spark.sql.catalyst.analysis.ResolveDataSource$$anonfun$apply$1.applyOrElse(ResolveDataSource.scala:45)
[2025-08-07T17:15:41.208+0000] {spark_submit.py:521} INFO - at org.apache.spark.sql.catalyst.plans.logical.AnalysisHelper.$anonfun$resolveOperatorsUpWithPruning$3(AnalysisHelper.scala:139)
[2025-08-07T17:15:41.208+0000] {spark_submit.py:521} INFO - at org.apache.spark.sql.catalyst.trees.CurrentOrigin$.withOrigin(origin.scala:86)
[2025-08-07T17:15:41.208+0000] {spark_submit.py:521} INFO - at org.apache.spark.sql.catalyst.plans.logical.AnalysisHelper.$anonfun$resolveOperatorsUpWithPruning$1(AnalysisHelper.scala:139)
[2025-08-07T17:15:41.209+0000] {spark_submit.py:521} INFO - at org.apache.spark.sql.catalyst.plans.logical.AnalysisHelper$.allowInvokingTransformsInAnalyzer(AnalysisHelper.scala:416)
[2025-08-07T17:15:41.209+0000] {spark_submit.py:521} INFO - at org.apache.spark.sql.catalyst.plans.logical.AnalysisHelper.resolveOperatorsUpWithPruning(AnalysisHelper.scala:135)
[2025-08-07T17:15:41.209+0000] {spark_submit.py:521} INFO - at org.apache.spark.sql.catalyst.plans.logical.AnalysisHelper.resolveOperatorsUpWithPruning$(AnalysisHelper.scala:131)
[2025-08-07T17:15:41.210+0000] {spark_submit.py:521} INFO - at org.apache.spark.sql.catalyst.plans.logical.LogicalPlan.resolveOperatorsUpWithPruning(LogicalPlan.scala:37)
[2025-08-07T17:15:41.210+0000] {spark_submit.py:521} INFO - at org.apache.spark.sql.catalyst.plans.logical.AnalysisHelper.resolveOperatorsUp(AnalysisHelper.scala:112)
[2025-08-07T17:15:41.210+0000] {spark_submit.py:521} INFO - at org.apache.spark.sql.catalyst.plans.logical.AnalysisHelper.resolveOperatorsUp$(AnalysisHelper.scala:111)
[2025-08-07T17:15:41.210+0000] {spark_submit.py:521} INFO - at org.apache.spark.sql.catalyst.plans.logical.LogicalPlan.resolveOperatorsUp(LogicalPlan.scala:37)
[2025-08-07T17:15:41.211+0000] {spark_submit.py:521} INFO - at org.apache.spark.sql.catalyst.analysis.ResolveDataSource.apply(ResolveDataSource.scala:45)
[2025-08-07T17:15:41.211+0000] {spark_submit.py:521} INFO - at org.apache.spark.sql.catalyst.analysis.ResolveDataSource.apply(ResolveDataSource.scala:43)
[2025-08-07T17:15:41.211+0000] {spark_submit.py:521} INFO - at org.apache.spark.sql.catalyst.rules.RuleExecutor.$anonfun$execute$2(RuleExecutor.scala:242)
[2025-08-07T17:15:41.211+0000] {spark_submit.py:521} INFO - at scala.collection.LinearSeqOps.foldLeft(LinearSeq.scala:183)
[2025-08-07T17:15:41.211+0000] {spark_submit.py:521} INFO - at scala.collection.LinearSeqOps.foldLeft$(LinearSeq.scala:179)
[2025-08-07T17:15:41.212+0000] {spark_submit.py:521} INFO - at scala.collection.immutable.List.foldLeft(List.scala:79)
[2025-08-07T17:15:41.212+0000] {spark_submit.py:521} INFO - at org.apache.spark.sql.catalyst.rules.RuleExecutor.$anonfun$execute$1(RuleExecutor.scala:239)
[2025-08-07T17:15:41.212+0000] {spark_submit.py:521} INFO - at org.apache.spark.sql.catalyst.rules.RuleExecutor.$anonfun$execute$1$adapted(RuleExecutor.scala:231)
[2025-08-07T17:15:41.213+0000] {spark_submit.py:521} INFO - at scala.collection.immutable.List.foreach(List.scala:334)
[2025-08-07T17:15:41.213+0000] {spark_submit.py:521} INFO - at org.apache.spark.sql.catalyst.rules.RuleExecutor.execute(RuleExecutor.scala:231)
[2025-08-07T17:15:41.213+0000] {spark_submit.py:521} INFO - at org.apache.spark.sql.catalyst.analysis.Analyzer.org$apache$spark$sql$catalyst$analysis$Analyzer$$executeSameContext(Analyzer.scala:290)
[2025-08-07T17:15:41.213+0000] {spark_submit.py:521} INFO - at org.apache.spark.sql.catalyst.analysis.Analyzer.$anonfun$execute$1(Analyzer.scala:286)
[2025-08-07T17:15:41.213+0000] {spark_submit.py:521} INFO - at org.apache.spark.sql.catalyst.analysis.AnalysisContext$.withNewAnalysisContext(Analyzer.scala:234)
[2025-08-07T17:15:41.214+0000] {spark_submit.py:521} INFO - at org.apache.spark.sql.catalyst.analysis.Analyzer.execute(Analyzer.scala:286)
[2025-08-07T17:15:41.214+0000] {spark_submit.py:521} INFO - at org.apache.spark.sql.catalyst.analysis.Analyzer.execute(Analyzer.scala:249)
[2025-08-07T17:15:41.214+0000] {spark_submit.py:521} INFO - at org.apache.spark.sql.catalyst.rules.RuleExecutor.$anonfun$executeAndTrack$1(RuleExecutor.scala:201)
[2025-08-07T17:15:41.215+0000] {spark_submit.py:521} INFO - at org.apache.spark.sql.catalyst.QueryPlanningTracker$.withTracker(QueryPlanningTracker.scala:89)
[2025-08-07T17:15:41.215+0000] {spark_submit.py:521} INFO - at org.apache.spark.sql.catalyst.rules.RuleExecutor.executeAndTrack(RuleExecutor.scala:201)
[2025-08-07T17:15:41.215+0000] {spark_submit.py:521} INFO - at org.apache.spark.sql.catalyst.analysis.resolver.HybridAnalyzer.resolveInFixedPoint(HybridAnalyzer.scala:190)
[2025-08-07T17:15:41.215+0000] {spark_submit.py:521} INFO - at org.apache.spark.sql.catalyst.analysis.resolver.HybridAnalyzer.$anonfun$apply$1(HybridAnalyzer.scala:76)
[2025-08-07T17:15:41.216+0000] {spark_submit.py:521} INFO - at org.apache.spark.sql.catalyst.analysis.resolver.HybridAnalyzer.withTrackedAnalyzerBridgeState(HybridAnalyzer.scala:111)
[2025-08-07T17:15:41.216+0000] {spark_submit.py:521} INFO - at org.apache.spark.sql.catalyst.analysis.resolver.HybridAnalyzer.apply(HybridAnalyzer.scala:71)
[2025-08-07T17:15:41.216+0000] {spark_submit.py:521} INFO - at org.apache.spark.sql.catalyst.analysis.Analyzer.$anonfun$executeAndCheck$1(Analyzer.scala:280)
[2025-08-07T17:15:41.216+0000] {spark_submit.py:521} INFO - at org.apache.spark.sql.catalyst.plans.logical.AnalysisHelper$.markInAnalyzer(AnalysisHelper.scala:423)
[2025-08-07T17:15:41.217+0000] {spark_submit.py:521} INFO - at org.apache.spark.sql.catalyst.analysis.Analyzer.executeAndCheck(Analyzer.scala:280)
[2025-08-07T17:15:41.217+0000] {spark_submit.py:521} INFO - at org.apache.spark.sql.execution.QueryExecution.$anonfun$lazyAnalyzed$2(QueryExecution.scala:110)
[2025-08-07T17:15:41.217+0000] {spark_submit.py:521} INFO - at org.apache.spark.sql.catalyst.QueryPlanningTracker.measurePhase(QueryPlanningTracker.scala:148)
[2025-08-07T17:15:41.217+0000] {spark_submit.py:521} INFO - at org.apache.spark.sql.execution.QueryExecution.$anonfun$executePhase$2(QueryExecution.scala:278)
[2025-08-07T17:15:41.218+0000] {spark_submit.py:521} INFO - at org.apache.spark.sql.execution.QueryExecution$.withInternalError(QueryExecution.scala:654)
[2025-08-07T17:15:41.218+0000] {spark_submit.py:521} INFO - at org.apache.spark.sql.execution.QueryExecution.$anonfun$executePhase$1(QueryExecution.scala:278)
[2025-08-07T17:15:41.218+0000] {spark_submit.py:521} INFO - at org.apache.spark.sql.SparkSession.withActive(SparkSession.scala:804)
[2025-08-07T17:15:41.218+0000] {spark_submit.py:521} INFO - at org.apache.spark.sql.execution.QueryExecution.executePhase(QueryExecution.scala:277)
[2025-08-07T17:15:41.218+0000] {spark_submit.py:521} INFO - at org.apache.spark.sql.execution.QueryExecution.$anonfun$lazyAnalyzed$1(QueryExecution.scala:110)
[2025-08-07T17:15:41.219+0000] {spark_submit.py:521} INFO - at scala.util.Try$.apply(Try.scala:217)
[2025-08-07T17:15:41.219+0000] {spark_submit.py:521} INFO - at org.apache.spark.util.Utils$.doTryWithCallerStacktrace(Utils.scala:1378)
[2025-08-07T17:15:41.219+0000] {spark_submit.py:521} INFO - at org.apache.spark.util.LazyTry.tryT$lzycompute(LazyTry.scala:46)
[2025-08-07T17:15:41.220+0000] {spark_submit.py:521} INFO - at org.apache.spark.util.LazyTry.tryT(LazyTry.scala:46)
[2025-08-07T17:15:41.220+0000] {spark_submit.py:521} INFO - at org.apache.spark.util.LazyTry.get(LazyTry.scala:58)
[2025-08-07T17:15:41.220+0000] {spark_submit.py:521} INFO - at org.apache.spark.sql.execution.QueryExecution.analyzed(QueryExecution.scala:121)
[2025-08-07T17:15:41.221+0000] {spark_submit.py:521} INFO - at org.apache.spark.sql.execution.QueryExecution.assertAnalyzed(QueryExecution.scala:80)
[2025-08-07T17:15:41.221+0000] {spark_submit.py:521} INFO - at org.apache.spark.sql.classic.Dataset$.$anonfun$ofRows$1(Dataset.scala:115)
[2025-08-07T17:15:41.222+0000] {spark_submit.py:521} INFO - at org.apache.spark.sql.SparkSession.withActive(SparkSession.scala:804)
[2025-08-07T17:15:41.222+0000] {spark_submit.py:521} INFO - at org.apache.spark.sql.classic.Dataset$.ofRows(Dataset.scala:113)
[2025-08-07T17:15:41.223+0000] {spark_submit.py:521} INFO - at org.apache.spark.sql.classic.DataFrameReader.load(DataFrameReader.scala:109)
[2025-08-07T17:15:41.223+0000] {spark_submit.py:521} INFO - at org.apache.spark.sql.classic.DataFrameReader.load(DataFrameReader.scala:58)
[2025-08-07T17:15:41.223+0000] {spark_submit.py:521} INFO - at org.apache.spark.sql.DataFrameReader.parquet(DataFrameReader.scala:457)
[2025-08-07T17:15:41.224+0000] {spark_submit.py:521} INFO - at org.apache.spark.sql.classic.DataFrameReader.parquet(DataFrameReader.scala:306)
[2025-08-07T17:15:41.224+0000] {spark_submit.py:521} INFO - at org.apache.spark.sql.classic.DataFrameReader.parquet(DataFrameReader.scala:58)
[2025-08-07T17:15:41.224+0000] {spark_submit.py:521} INFO - at java.base/jdk.internal.reflect.NativeMethodAccessorImpl.invoke0(Native Method)
[2025-08-07T17:15:41.224+0000] {spark_submit.py:521} INFO - at java.base/jdk.internal.reflect.NativeMethodAccessorImpl.invoke(NativeMethodAccessorImpl.java:77)
[2025-08-07T17:15:41.225+0000] {spark_submit.py:521} INFO - at java.base/jdk.internal.reflect.DelegatingMethodAccessorImpl.invoke(DelegatingMethodAccessorImpl.java:43)
[2025-08-07T17:15:41.225+0000] {spark_submit.py:521} INFO - at java.base/java.lang.reflect.Method.invoke(Method.java:569)
[2025-08-07T17:15:41.225+0000] {spark_submit.py:521} INFO - at py4j.reflection.MethodInvoker.invoke(MethodInvoker.java:244)
[2025-08-07T17:15:41.226+0000] {spark_submit.py:521} INFO - at py4j.reflection.ReflectionEngine.invoke(ReflectionEngine.java:374)
[2025-08-07T17:15:41.226+0000] {spark_submit.py:521} INFO - at py4j.Gateway.invoke(Gateway.java:282)
[2025-08-07T17:15:41.226+0000] {spark_submit.py:521} INFO - at py4j.commands.AbstractCommand.invokeMethod(AbstractCommand.java:132)
[2025-08-07T17:15:41.226+0000] {spark_submit.py:521} INFO - at py4j.commands.CallCommand.execute(CallCommand.java:79)
[2025-08-07T17:15:41.227+0000] {spark_submit.py:521} INFO - at py4j.ClientServerConnection.waitForCommands(ClientServerConnection.java:184)
[2025-08-07T17:15:41.227+0000] {spark_submit.py:521} INFO - at py4j.ClientServerConnection.run(ClientServerConnection.java:108)
[2025-08-07T17:15:41.227+0000] {spark_submit.py:521} INFO - at java.base/java.lang.Thread.run(Thread.java:840)
[2025-08-07T17:15:41.227+0000] {spark_submit.py:521} INFO - 25/08/07 17:15:41 WARN MetricsConfig: Cannot locate configuration: tried hadoop-metrics2-s3a-file-system.properties,hadoop-metrics2.properties
[2025-08-07T17:15:41.228+0000] {spark_submit.py:521} INFO - 25/08/07 17:15:41 INFO MetricsSystemImpl: Scheduled Metric snapshot period at 10 second(s).
[2025-08-07T17:15:41.228+0000] {spark_submit.py:521} INFO - 25/08/07 17:15:41 INFO MetricsSystemImpl: s3a-file-system metrics system started
[2025-08-07T17:15:41.228+0000] {spark_submit.py:521} INFO - 25/08/07 17:15:41 INFO MetricsSystemImpl: Stopping s3a-file-system metrics system...
[2025-08-07T17:15:41.228+0000] {spark_submit.py:521} INFO - 25/08/07 17:15:41 INFO MetricsSystemImpl: s3a-file-system metrics system stopped.
[2025-08-07T17:15:41.229+0000] {spark_submit.py:521} INFO - 25/08/07 17:15:41 INFO MetricsSystemImpl: s3a-file-system metrics system shutdown complete.
[2025-08-07T17:15:41.229+0000] {spark_submit.py:521} INFO - 25/08/07 17:15:41 WARN FileSystem: Failed to initialize filesystem s3a://bronze/topcv/topcv_jobs.parquet: java.lang.NumberFormatException: For input string: "60s"
[2025-08-07T17:15:41.290+0000] {spark_submit.py:521} INFO - Traceback (most recent call last):
[2025-08-07T17:15:41.291+0000] {spark_submit.py:521} INFO - File "/opt/spark-jobs/gold_transform.py", line 32, in <module>
[2025-08-07T17:15:41.292+0000] {spark_submit.py:521} INFO - df = spark.read.parquet("s3a://bronze/topcv/topcv_jobs.parquet")
[2025-08-07T17:15:41.292+0000] {spark_submit.py:521} INFO - ^^^^^^^^^^^^^^^^^^^^^^^^^^^^^^^^^^^^^^^^^^^^^^^^^^^^^^^^^^^
[2025-08-07T17:15:41.292+0000] {spark_submit.py:521} INFO - File "/home/***/.local/lib/python3.11/site-packages/pyspark/python/lib/pyspark.zip/pyspark/sql/readwriter.py", line 642, in parquet
[2025-08-07T17:15:41.297+0000] {spark_submit.py:521} INFO - File "/home/***/.local/lib/python3.11/site-packages/pyspark/python/lib/py4j-0.10.9.9-src.zip/py4j/java_gateway.py", line 1362, in __call__
[2025-08-07T17:15:41.298+0000] {spark_submit.py:521} INFO - File "/home/***/.local/lib/python3.11/site-packages/pyspark/python/lib/pyspark.zip/pyspark/errors/exceptions/captured.py", line 288, in deco
[2025-08-07T17:15:41.301+0000] {spark_submit.py:521} INFO - pyspark.errors.exceptions.captured.NumberFormatException: For input string: "60s"
[2025-08-07T17:15:41.615+0000] {spark_submit.py:521} INFO - 25/08/07 17:15:41 INFO SparkContext: Invoking stop() from shutdown hook
[2025-08-07T17:15:41.624+0000] {spark_submit.py:521} INFO - 25/08/07 17:15:41 INFO SparkContext: SparkContext is stopping with exitCode 0 from run at Executors.java:539.
[2025-08-07T17:15:41.636+0000] {spark_submit.py:521} INFO - 25/08/07 17:15:41 INFO SparkUI: Stopped Spark web UI at http://0d9cbc3d310d:4040
[2025-08-07T17:15:41.640+0000] {spark_submit.py:521} INFO - 25/08/07 17:15:41 INFO StandaloneSchedulerBackend: Shutting down all executors
[2025-08-07T17:15:41.645+0000] {spark_submit.py:521} INFO - 25/08/07 17:15:41 INFO StandaloneSchedulerBackend$StandaloneDriverEndpoint: Asking each executor to shut down
[2025-08-07T17:15:41.663+0000] {spark_submit.py:521} INFO - 25/08/07 17:15:41 INFO MapOutputTrackerMasterEndpoint: MapOutputTrackerMasterEndpoint stopped!
[2025-08-07T17:15:41.729+0000] {spark_submit.py:521} INFO - 25/08/07 17:15:41 INFO MemoryStore: MemoryStore started with capacity 434.4 MiB
[2025-08-07T17:15:41.730+0000] {spark_submit.py:521} INFO - 25/08/07 17:15:41 INFO MemoryStore: MemoryStore cleared
[2025-08-07T17:15:41.730+0000] {spark_submit.py:521} INFO - 25/08/07 17:15:41 INFO BlockManager: BlockManager stopped
[2025-08-07T17:15:41.747+0000] {spark_submit.py:521} INFO - 25/08/07 17:15:41 INFO BlockManagerMaster: BlockManagerMaster stopped
[2025-08-07T17:15:41.750+0000] {spark_submit.py:521} INFO - 25/08/07 17:15:41 INFO OutputCommitCoordinator$OutputCommitCoordinatorEndpoint: OutputCommitCoordinator stopped!
[2025-08-07T17:15:41.761+0000] {spark_submit.py:521} INFO - 25/08/07 17:15:41 INFO SparkContext: Successfully stopped SparkContext
[2025-08-07T17:15:41.762+0000] {spark_submit.py:521} INFO - 25/08/07 17:15:41 INFO ShutdownHookManager: Shutdown hook called
[2025-08-07T17:15:41.762+0000] {spark_submit.py:521} INFO - 25/08/07 17:15:41 INFO ShutdownHookManager: Deleting directory /tmp/spark-da43a8b3-6b87-4640-8539-1987a1bc7023/pyspark-94278315-2817-4d45-94a3-1d2d3587b93c
[2025-08-07T17:15:41.766+0000] {spark_submit.py:521} INFO - 25/08/07 17:15:41 INFO ShutdownHookManager: Deleting directory /tmp/spark-4eaf9b0c-a79a-4653-9abe-e4a93aa3b8d0
[2025-08-07T17:15:41.773+0000] {spark_submit.py:521} INFO - 25/08/07 17:15:41 INFO ShutdownHookManager: Deleting directory /tmp/spark-da43a8b3-6b87-4640-8539-1987a1bc7023
[2025-08-07T17:15:41.816+0000] {taskinstance.py:441} INFO - ::group::Post task execution logs
[2025-08-07T17:15:41.848+0000] {taskinstance.py:2905} ERROR - Task failed with exception
Traceback (most recent call last):
  File "/home/airflow/.local/lib/python3.11/site-packages/airflow/models/taskinstance.py", line 465, in _execute_task
    result = _execute_callable(context=context, **execute_callable_kwargs)
             ^^^^^^^^^^^^^^^^^^^^^^^^^^^^^^^^^^^^^^^^^^^^^^^^^^^^^^^^^^^^^
  File "/home/airflow/.local/lib/python3.11/site-packages/airflow/models/taskinstance.py", line 432, in _execute_callable
    return execute_callable(context=context, **execute_callable_kwargs)
           ^^^^^^^^^^^^^^^^^^^^^^^^^^^^^^^^^^^^^^^^^^^^^^^^^^^^^^^^^^^^
  File "/home/airflow/.local/lib/python3.11/site-packages/airflow/models/baseoperator.py", line 400, in wrapper
    return func(self, *args, **kwargs)
           ^^^^^^^^^^^^^^^^^^^^^^^^^^^
  File "/home/airflow/.local/lib/python3.11/site-packages/airflow/providers/apache/spark/operators/spark_submit.py", line 156, in execute
    self._hook.submit(self._application)
  File "/home/airflow/.local/lib/python3.11/site-packages/airflow/providers/apache/spark/hooks/spark_submit.py", line 452, in submit
    raise AirflowException(
airflow.exceptions.AirflowException: Cannot execute: spark-submit --master spark://spark-master:7077 --conf spark.hadoop.fs.s3a.endpoint=http://minio:9000 --conf spark.hadoop.fs.s3a.access.key=minioadmin --conf spark.hadoop.fs.s3a.secret.key=****** --conf spark.hadoop.fs.s3a.path.style.access=true --conf spark.hadoop.fs.s3a.impl=org.apache.hadoop.fs.s3a.S3AFileSystem --conf spark.hadoop.fs.s3a.connection.ssl.enabled=false --conf spark.hadoop.fs.s3a.aws.credentials.provider=org.apache.hadoop.fs.s3a.SimpleAWSCredentialsProvider --conf spark.hadoop.fs.s3a.connection.timeout=60000 --conf spark.hadoop.fs.s3a.connection.establish.timeout=60000 --conf spark.hadoop.fs.s3a.connection.request.timeout=60000 --conf spark.hadoop.fs.s3a.attempts.maximum=20 --jars /opt/custom-jars/hadoop-aws-3.3.6.jar,/opt/custom-jars/aws-java-sdk-bundle-1.12.621.jar --name arrow-spark --verbose /opt/spark-jobs/gold_transform.py. Error code is: 1.
[2025-08-07T17:15:41.858+0000] {taskinstance.py:1206} INFO - Marking task as FAILED. dag_id=spark_transform_topcv, task_id=submit_spark_job, run_id=manual__2025-08-07T17:15:23.923184+00:00, execution_date=20250807T171523, start_date=20250807T171529, end_date=20250807T171541
[2025-08-07T17:15:41.871+0000] {standard_task_runner.py:110} ERROR - Failed to execute job 82 for task submit_spark_job (Cannot execute: spark-submit --master spark://spark-master:7077 --conf spark.hadoop.fs.s3a.endpoint=http://minio:9000 --conf spark.hadoop.fs.s3a.access.key=minioadmin --conf spark.hadoop.fs.s3a.secret.key=****** --conf spark.hadoop.fs.s3a.path.style.access=true --conf spark.hadoop.fs.s3a.impl=org.apache.hadoop.fs.s3a.S3AFileSystem --conf spark.hadoop.fs.s3a.connection.ssl.enabled=false --conf spark.hadoop.fs.s3a.aws.credentials.provider=org.apache.hadoop.fs.s3a.SimpleAWSCredentialsProvider --conf spark.hadoop.fs.s3a.connection.timeout=60000 --conf spark.hadoop.fs.s3a.connection.establish.timeout=60000 --conf spark.hadoop.fs.s3a.connection.request.timeout=60000 --conf spark.hadoop.fs.s3a.attempts.maximum=20 --jars /opt/custom-jars/hadoop-aws-3.3.6.jar,/opt/custom-jars/aws-java-sdk-bundle-1.12.621.jar --name arrow-spark --verbose /opt/spark-jobs/gold_transform.py. Error code is: 1.; 4879)
[2025-08-07T17:15:41.917+0000] {local_task_job_runner.py:240} INFO - Task exited with return code 1
[2025-08-07T17:15:41.930+0000] {taskinstance.py:3498} INFO - 0 downstream tasks scheduled from follow-on schedule check
[2025-08-07T17:15:41.933+0000] {local_task_job_runner.py:222} INFO - ::endgroup::
