[2025-08-08T12:35:12.995+0000] {local_task_job_runner.py:120} INFO - ::group::Pre task execution logs
[2025-08-08T12:35:13.018+0000] {taskinstance.py:2076} INFO - Dependencies all met for dep_context=non-requeueable deps ti=<TaskInstance: jobs_crawler_dag.extract_vietnamworks_jobs manual__2025-08-08T12:34:55.251617+00:00 [queued]>
[2025-08-08T12:35:13.023+0000] {taskinstance.py:2076} INFO - Dependencies all met for dep_context=requeueable deps ti=<TaskInstance: jobs_crawler_dag.extract_vietnamworks_jobs manual__2025-08-08T12:34:55.251617+00:00 [queued]>
[2025-08-08T12:35:13.024+0000] {taskinstance.py:2306} INFO - Starting attempt 1 of 2
[2025-08-08T12:35:13.033+0000] {taskinstance.py:2330} INFO - Executing <Task(PythonOperator): extract_vietnamworks_jobs> on 2025-08-08 12:34:55.251617+00:00
[2025-08-08T12:35:13.042+0000] {standard_task_runner.py:63} INFO - Started process 83 to run task
[2025-08-08T12:35:13.045+0000] {standard_task_runner.py:90} INFO - Running: ['***', 'tasks', 'run', 'jobs_crawler_dag', 'extract_vietnamworks_jobs', 'manual__2025-08-08T12:34:55.251617+00:00', '--job-id', '8', '--raw', '--subdir', 'DAGS_FOLDER/crawl_jobs_dag.py', '--cfg-path', '/tmp/tmphsxr8_jw']
[2025-08-08T12:35:13.048+0000] {standard_task_runner.py:91} INFO - Job 8: Subtask extract_vietnamworks_jobs
[2025-08-08T12:35:13.117+0000] {task_command.py:426} INFO - Running <TaskInstance: jobs_crawler_dag.extract_vietnamworks_jobs manual__2025-08-08T12:34:55.251617+00:00 [running]> on host cd45d40a6ab6
[2025-08-08T12:35:13.240+0000] {taskinstance.py:2648} INFO - Exporting env vars: AIRFLOW_CTX_DAG_OWNER='***' AIRFLOW_CTX_DAG_ID='jobs_crawler_dag' AIRFLOW_CTX_TASK_ID='extract_vietnamworks_jobs' AIRFLOW_CTX_EXECUTION_DATE='2025-08-08T12:34:55.251617+00:00' AIRFLOW_CTX_TRY_NUMBER='1' AIRFLOW_CTX_DAG_RUN_ID='manual__2025-08-08T12:34:55.251617+00:00'
[2025-08-08T12:35:13.241+0000] {taskinstance.py:430} INFO - ::endgroup::
[2025-08-08T12:35:13.736+0000] {python.py:237} INFO - Done. Returned value was:        jobId  ... numberOfRecruits
0    1933280  ...              NaN
1    1939340  ...              NaN
2    1936362  ...              NaN
3    1925346  ...              NaN
4    1936333  ...              1.0
..       ...  ...              ...
500  1931240  ...              NaN
501  1931218  ...              NaN
502  1931187  ...              1.0
503  1927313  ...              1.0
504  1918125  ...              NaN

[505 rows x 99 columns]
[2025-08-08T12:35:13.788+0000] {taskinstance.py:441} INFO - ::group::Post task execution logs
[2025-08-08T12:35:14.860+0000] {taskinstance.py:1206} INFO - Marking task as SUCCESS. dag_id=jobs_crawler_dag, task_id=extract_vietnamworks_jobs, run_id=manual__2025-08-08T12:34:55.251617+00:00, execution_date=20250808T123455, start_date=20250808T123513, end_date=20250808T123514
[2025-08-08T12:35:14.903+0000] {local_task_job_runner.py:240} INFO - Task exited with return code 0
[2025-08-08T12:35:14.921+0000] {taskinstance.py:3498} INFO - 1 downstream tasks scheduled from follow-on schedule check
[2025-08-08T12:35:14.923+0000] {local_task_job_runner.py:222} INFO - ::endgroup::
