[2025-08-07T13:30:27.310+0000] {local_task_job_runner.py:120} INFO - ::group::Pre task execution logs
[2025-08-07T13:30:27.396+0000] {taskinstance.py:2076} INFO - Dependencies all met for dep_context=non-requeueable deps ti=<TaskInstance: spark_transform_topcv.submit_spark_job manual__2025-08-07T13:30:21.918776+00:00 [queued]>
[2025-08-07T13:30:27.416+0000] {taskinstance.py:2076} INFO - Dependencies all met for dep_context=requeueable deps ti=<TaskInstance: spark_transform_topcv.submit_spark_job manual__2025-08-07T13:30:21.918776+00:00 [queued]>
[2025-08-07T13:30:27.418+0000] {taskinstance.py:2306} INFO - Starting attempt 1 of 1
[2025-08-07T13:30:27.439+0000] {taskinstance.py:2330} INFO - Executing <Task(SparkSubmitOperator): submit_spark_job> on 2025-08-07 13:30:21.918776+00:00
[2025-08-07T13:30:27.453+0000] {standard_task_runner.py:63} INFO - Started process 715 to run task
[2025-08-07T13:30:27.459+0000] {standard_task_runner.py:90} INFO - Running: ['***', 'tasks', 'run', 'spark_transform_topcv', 'submit_spark_job', 'manual__2025-08-07T13:30:21.918776+00:00', '--job-id', '52', '--raw', '--subdir', 'DAGS_FOLDER/etl_jobs_dag.py', '--cfg-path', '/tmp/tmp7z8fsao9']
[2025-08-07T13:30:27.466+0000] {standard_task_runner.py:91} INFO - Job 52: Subtask submit_spark_job
[2025-08-07T13:30:27.577+0000] {task_command.py:426} INFO - Running <TaskInstance: spark_transform_topcv.submit_spark_job manual__2025-08-07T13:30:21.918776+00:00 [running]> on host 0d9cbc3d310d
[2025-08-07T13:30:27.745+0000] {taskinstance.py:2648} INFO - Exporting env vars: AIRFLOW_CTX_DAG_OWNER='***' AIRFLOW_CTX_DAG_ID='spark_transform_topcv' AIRFLOW_CTX_TASK_ID='submit_spark_job' AIRFLOW_CTX_EXECUTION_DATE='2025-08-07T13:30:21.918776+00:00' AIRFLOW_CTX_TRY_NUMBER='1' AIRFLOW_CTX_DAG_RUN_ID='manual__2025-08-07T13:30:21.918776+00:00'
[2025-08-07T13:30:27.746+0000] {taskinstance.py:430} INFO - ::endgroup::
[2025-08-07T13:30:27.781+0000] {base.py:84} INFO - Using connection ID 'spark_default' for task execution.
[2025-08-07T13:30:27.783+0000] {spark_submit.py:351} INFO - Spark-Submit cmd: spark-submit --master spark://spark-master:7077 --conf spark.jars=/opt/custom-jars/hadoop-aws-3.3.6.jar,/opt/custom-jars/aws-java-sdk-bundle-1.12.367.jar --conf spark.hadoop.fs.s3a.endpoint=http://minio:9000 --conf spark.hadoop.fs.s3a.access.key=minioadmin --conf spark.hadoop.fs.s3a.secret.key=****** --conf spark.hadoop.fs.s3a.path.style.access=true --conf spark.hadoop.fs.s3a.impl=org.apache.hadoop.fs.s3a.S3AFileSystem --conf spark.hadoop.fs.s3a.connection.ssl.enabled=false --name arrow-spark --verbose /opt/spark-jobs/gold_transform.py
[2025-08-07T13:30:28.768+0000] {spark_submit.py:521} INFO - WARNING: Using incubator modules: jdk.incubator.vector
[2025-08-07T13:30:30.032+0000] {spark_submit.py:521} INFO - Parsed arguments:
[2025-08-07T13:30:30.033+0000] {spark_submit.py:521} INFO - master                  spark://spark-master:7077
[2025-08-07T13:30:30.034+0000] {spark_submit.py:521} INFO - remote                  null
[2025-08-07T13:30:30.034+0000] {spark_submit.py:521} INFO - deployMode              null
[2025-08-07T13:30:30.035+0000] {spark_submit.py:521} INFO - executorMemory          null
[2025-08-07T13:30:30.035+0000] {spark_submit.py:521} INFO - executorCores           null
[2025-08-07T13:30:30.035+0000] {spark_submit.py:521} INFO - totalExecutorCores      null
[2025-08-07T13:30:30.035+0000] {spark_submit.py:521} INFO - propertiesFile          null
[2025-08-07T13:30:30.036+0000] {spark_submit.py:521} INFO - driverMemory            null
[2025-08-07T13:30:30.036+0000] {spark_submit.py:521} INFO - driverCores             null
[2025-08-07T13:30:30.036+0000] {spark_submit.py:521} INFO - driverExtraClassPath    null
[2025-08-07T13:30:30.036+0000] {spark_submit.py:521} INFO - driverExtraLibraryPath  null
[2025-08-07T13:30:30.037+0000] {spark_submit.py:521} INFO - driverExtraJavaOptions  null
[2025-08-07T13:30:30.037+0000] {spark_submit.py:521} INFO - supervise               false
[2025-08-07T13:30:30.037+0000] {spark_submit.py:521} INFO - queue                   null
[2025-08-07T13:30:30.037+0000] {spark_submit.py:521} INFO - numExecutors            null
[2025-08-07T13:30:30.038+0000] {spark_submit.py:521} INFO - files                   null
[2025-08-07T13:30:30.038+0000] {spark_submit.py:521} INFO - pyFiles                 null
[2025-08-07T13:30:30.038+0000] {spark_submit.py:521} INFO - archives                null
[2025-08-07T13:30:30.038+0000] {spark_submit.py:521} INFO - mainClass               null
[2025-08-07T13:30:30.039+0000] {spark_submit.py:521} INFO - primaryResource         file:/opt/spark-jobs/gold_transform.py
[2025-08-07T13:30:30.039+0000] {spark_submit.py:521} INFO - name                    arrow-spark
[2025-08-07T13:30:30.039+0000] {spark_submit.py:521} INFO - childArgs               []
[2025-08-07T13:30:30.039+0000] {spark_submit.py:521} INFO - jars                    /opt/custom-jars/hadoop-aws-3.3.6.jar,/opt/custom-jars/aws-java-sdk-bundle-1.12.367.jar
[2025-08-07T13:30:30.039+0000] {spark_submit.py:521} INFO - packages                null
[2025-08-07T13:30:30.040+0000] {spark_submit.py:521} INFO - packagesExclusions      null
[2025-08-07T13:30:30.040+0000] {spark_submit.py:521} INFO - repositories            null
[2025-08-07T13:30:30.040+0000] {spark_submit.py:521} INFO - verbose                 true
[2025-08-07T13:30:30.040+0000] {spark_submit.py:521} INFO - 
[2025-08-07T13:30:30.040+0000] {spark_submit.py:521} INFO - Spark properties used, including those specified through
[2025-08-07T13:30:30.040+0000] {spark_submit.py:521} INFO - --conf and those from the properties file null:
[2025-08-07T13:30:30.041+0000] {spark_submit.py:521} INFO - (spark.hadoop.fs.s3a.access.key,*********(redacted))
[2025-08-07T13:30:30.041+0000] {spark_submit.py:521} INFO - (spark.hadoop.fs.s3a.connection.ssl.enabled,false)
[2025-08-07T13:30:30.041+0000] {spark_submit.py:521} INFO - (spark.hadoop.fs.s3a.endpoint,http://minio:9000)
[2025-08-07T13:30:30.041+0000] {spark_submit.py:521} INFO - (spark.hadoop.fs.s3a.impl,org.apache.hadoop.fs.s3a.S3AFileSystem)
[2025-08-07T13:30:30.042+0000] {spark_submit.py:521} INFO - (spark.hadoop.fs.s3a.path.style.access,true)
[2025-08-07T13:30:30.042+0000] {spark_submit.py:521} INFO - (spark.hadoop.fs.s3a.secret.key,*********(redacted))
[2025-08-07T13:30:30.042+0000] {spark_submit.py:521} INFO - (spark.jars,/opt/custom-jars/hadoop-aws-3.3.6.jar,/opt/custom-jars/aws-java-sdk-bundle-1.12.367.jar)
[2025-08-07T13:30:30.042+0000] {spark_submit.py:521} INFO - 
[2025-08-07T13:30:30.043+0000] {spark_submit.py:521} INFO - 
[2025-08-07T13:30:30.376+0000] {spark_submit.py:521} INFO - 25/08/07 13:30:30 WARN NativeCodeLoader: Unable to load native-hadoop library for your platform... using builtin-java classes where applicable
[2025-08-07T13:30:30.517+0000] {spark_submit.py:521} INFO - Main class:
[2025-08-07T13:30:30.518+0000] {spark_submit.py:521} INFO - org.apache.spark.deploy.PythonRunner
[2025-08-07T13:30:30.518+0000] {spark_submit.py:521} INFO - Arguments:
[2025-08-07T13:30:30.520+0000] {spark_submit.py:521} INFO - file:/opt/spark-jobs/gold_transform.py
[2025-08-07T13:30:30.520+0000] {spark_submit.py:521} INFO - null
[2025-08-07T13:30:30.521+0000] {spark_submit.py:521} INFO - Spark config:
[2025-08-07T13:30:30.521+0000] {spark_submit.py:521} INFO - (spark.app.name,arrow-spark)
[2025-08-07T13:30:30.522+0000] {spark_submit.py:521} INFO - (spark.app.submitTime,1754573430502)
[2025-08-07T13:30:30.522+0000] {spark_submit.py:521} INFO - (spark.hadoop.fs.s3a.access.key,*********(redacted))
[2025-08-07T13:30:30.522+0000] {spark_submit.py:521} INFO - (spark.hadoop.fs.s3a.connection.ssl.enabled,false)
[2025-08-07T13:30:30.523+0000] {spark_submit.py:521} INFO - (spark.hadoop.fs.s3a.endpoint,http://minio:9000)
[2025-08-07T13:30:30.523+0000] {spark_submit.py:521} INFO - (spark.hadoop.fs.s3a.impl,org.apache.hadoop.fs.s3a.S3AFileSystem)
[2025-08-07T13:30:30.523+0000] {spark_submit.py:521} INFO - (spark.hadoop.fs.s3a.path.style.access,true)
[2025-08-07T13:30:30.524+0000] {spark_submit.py:521} INFO - (spark.hadoop.fs.s3a.secret.key,*********(redacted))
[2025-08-07T13:30:30.524+0000] {spark_submit.py:521} INFO - (spark.jars,file:///opt/custom-jars/hadoop-aws-3.3.6.jar,file:///opt/custom-jars/aws-java-sdk-bundle-1.12.367.jar)
[2025-08-07T13:30:30.525+0000] {spark_submit.py:521} INFO - (spark.master,spark://spark-master:7077)
[2025-08-07T13:30:30.525+0000] {spark_submit.py:521} INFO - (spark.repl.local.jars,file:///opt/custom-jars/hadoop-aws-3.3.6.jar,file:///opt/custom-jars/aws-java-sdk-bundle-1.12.367.jar)
[2025-08-07T13:30:30.526+0000] {spark_submit.py:521} INFO - (spark.submit.deployMode,client)
[2025-08-07T13:30:30.526+0000] {spark_submit.py:521} INFO - (spark.submit.pyFiles,)
[2025-08-07T13:30:30.526+0000] {spark_submit.py:521} INFO - Classpath elements:
[2025-08-07T13:30:30.527+0000] {spark_submit.py:521} INFO - file:///opt/custom-jars/hadoop-aws-3.3.6.jar
[2025-08-07T13:30:30.527+0000] {spark_submit.py:521} INFO - file:///opt/custom-jars/aws-java-sdk-bundle-1.12.367.jar
[2025-08-07T13:30:30.527+0000] {spark_submit.py:521} INFO - 
[2025-08-07T13:30:30.527+0000] {spark_submit.py:521} INFO - 
[2025-08-07T13:30:32.082+0000] {spark_submit.py:521} INFO - Using Spark's default log4j profile: org/apache/spark/log4j2-defaults.properties
[2025-08-07T13:30:32.089+0000] {spark_submit.py:521} INFO - 25/08/07 13:30:32 INFO SparkContext: Running Spark version 4.0.0
[2025-08-07T13:30:32.091+0000] {spark_submit.py:521} INFO - 25/08/07 13:30:32 INFO SparkContext: OS info Linux, 5.15.167.4-microsoft-standard-WSL2, amd64
[2025-08-07T13:30:32.092+0000] {spark_submit.py:521} INFO - 25/08/07 13:30:32 INFO SparkContext: Java version 17.0.15
[2025-08-07T13:30:32.117+0000] {spark_submit.py:521} INFO - 25/08/07 13:30:32 INFO ResourceUtils: ==============================================================
[2025-08-07T13:30:32.118+0000] {spark_submit.py:521} INFO - 25/08/07 13:30:32 INFO ResourceUtils: No custom resources configured for spark.driver.
[2025-08-07T13:30:32.118+0000] {spark_submit.py:521} INFO - 25/08/07 13:30:32 INFO ResourceUtils: ==============================================================
[2025-08-07T13:30:32.119+0000] {spark_submit.py:521} INFO - 25/08/07 13:30:32 INFO SparkContext: Submitted application: GoldTransform
[2025-08-07T13:30:32.153+0000] {spark_submit.py:521} INFO - 25/08/07 13:30:32 INFO ResourceProfile: Default ResourceProfile created, executor resources: Map(memory -> name: memory, amount: 1024, script: , vendor: , offHeap -> name: offHeap, amount: 0, script: , vendor: ), task resources: Map(cpus -> name: cpus, amount: 1.0)
[2025-08-07T13:30:32.155+0000] {spark_submit.py:521} INFO - 25/08/07 13:30:32 INFO ResourceProfile: Limiting resource is cpu
[2025-08-07T13:30:32.156+0000] {spark_submit.py:521} INFO - 25/08/07 13:30:32 INFO ResourceProfileManager: Added ResourceProfile id: 0
[2025-08-07T13:30:32.205+0000] {spark_submit.py:521} INFO - 25/08/07 13:30:32 INFO SecurityManager: Changing view acls to: ***
[2025-08-07T13:30:32.206+0000] {spark_submit.py:521} INFO - 25/08/07 13:30:32 INFO SecurityManager: Changing modify acls to: ***
[2025-08-07T13:30:32.206+0000] {spark_submit.py:521} INFO - 25/08/07 13:30:32 INFO SecurityManager: Changing view acls groups to: ***
[2025-08-07T13:30:32.211+0000] {spark_submit.py:521} INFO - 25/08/07 13:30:32 INFO SecurityManager: Changing modify acls groups to: ***
[2025-08-07T13:30:32.214+0000] {spark_submit.py:521} INFO - 25/08/07 13:30:32 INFO SecurityManager: SecurityManager: authentication disabled; ui acls disabled; users with view permissions: *** groups with view permissions: EMPTY; users with modify permissions: ***; groups with modify permissions: EMPTY; RPC SSL disabled
[2025-08-07T13:30:32.534+0000] {spark_submit.py:521} INFO - 25/08/07 13:30:32 INFO Utils: Successfully started service 'sparkDriver' on port 35129.
[2025-08-07T13:30:32.575+0000] {spark_submit.py:521} INFO - 25/08/07 13:30:32 INFO SparkEnv: Registering MapOutputTracker
[2025-08-07T13:30:32.585+0000] {spark_submit.py:521} INFO - 25/08/07 13:30:32 INFO SparkEnv: Registering BlockManagerMaster
[2025-08-07T13:30:32.604+0000] {spark_submit.py:521} INFO - 25/08/07 13:30:32 INFO BlockManagerMasterEndpoint: Using org.apache.spark.storage.DefaultTopologyMapper for getting topology information
[2025-08-07T13:30:32.605+0000] {spark_submit.py:521} INFO - 25/08/07 13:30:32 INFO BlockManagerMasterEndpoint: BlockManagerMasterEndpoint up
[2025-08-07T13:30:32.609+0000] {spark_submit.py:521} INFO - 25/08/07 13:30:32 INFO SparkEnv: Registering BlockManagerMasterHeartbeat
[2025-08-07T13:30:32.640+0000] {spark_submit.py:521} INFO - 25/08/07 13:30:32 INFO DiskBlockManager: Created local directory at /tmp/blockmgr-29c8c2fc-a4e0-4116-8714-ef5c10af9278
[2025-08-07T13:30:32.688+0000] {spark_submit.py:521} INFO - 25/08/07 13:30:32 INFO SparkEnv: Registering OutputCommitCoordinator
[2025-08-07T13:30:32.869+0000] {spark_submit.py:521} INFO - 25/08/07 13:30:32 INFO JettyUtils: Start Jetty 0.0.0.0:4040 for SparkUI
[2025-08-07T13:30:32.950+0000] {spark_submit.py:521} INFO - 25/08/07 13:30:32 INFO Utils: Successfully started service 'SparkUI' on port 4040.
[2025-08-07T13:30:32.983+0000] {spark_submit.py:521} INFO - 25/08/07 13:30:32 INFO SparkContext: Added JAR file:///opt/custom-jars/hadoop-aws-3.3.6.jar at spark://0d9cbc3d310d:35129/jars/hadoop-aws-3.3.6.jar with timestamp 1754573432074
[2025-08-07T13:30:32.984+0000] {spark_submit.py:521} INFO - 25/08/07 13:30:32 INFO SparkContext: Added JAR file:///opt/custom-jars/aws-java-sdk-bundle-1.12.367.jar at spark://0d9cbc3d310d:35129/jars/aws-java-sdk-bundle-1.12.367.jar with timestamp 1754573432074
[2025-08-07T13:30:33.005+0000] {spark_submit.py:521} INFO - 25/08/07 13:30:33 INFO SecurityManager: Changing view acls to: ***
[2025-08-07T13:30:33.006+0000] {spark_submit.py:521} INFO - 25/08/07 13:30:33 INFO SecurityManager: Changing modify acls to: ***
[2025-08-07T13:30:33.006+0000] {spark_submit.py:521} INFO - 25/08/07 13:30:33 INFO SecurityManager: Changing view acls groups to: ***
[2025-08-07T13:30:33.007+0000] {spark_submit.py:521} INFO - 25/08/07 13:30:33 INFO SecurityManager: Changing modify acls groups to: ***
[2025-08-07T13:30:33.007+0000] {spark_submit.py:521} INFO - 25/08/07 13:30:33 INFO SecurityManager: SecurityManager: authentication disabled; ui acls disabled; users with view permissions: *** groups with view permissions: EMPTY; users with modify permissions: ***; groups with modify permissions: EMPTY; RPC SSL disabled
[2025-08-07T13:30:33.161+0000] {spark_submit.py:521} INFO - 25/08/07 13:30:33 INFO StandaloneAppClient$ClientEndpoint: Connecting to master spark://spark-master:7077...
[2025-08-07T13:30:33.217+0000] {spark_submit.py:521} INFO - 25/08/07 13:30:33 INFO TransportClientFactory: Successfully created connection to spark-master/172.19.0.2:7077 after 24 ms (0 ms spent in bootstraps)
[2025-08-07T13:30:33.362+0000] {spark_submit.py:521} INFO - 25/08/07 13:30:33 INFO StandaloneSchedulerBackend: Connected to Spark cluster with app ID app-20250807133033-0017
[2025-08-07T13:30:33.373+0000] {spark_submit.py:521} INFO - 25/08/07 13:30:33 INFO Utils: Successfully started service 'org.apache.spark.network.netty.NettyBlockTransferService' on port 45895.
[2025-08-07T13:30:33.374+0000] {spark_submit.py:521} INFO - 25/08/07 13:30:33 INFO NettyBlockTransferService: Server created on 0d9cbc3d310d:45895
[2025-08-07T13:30:33.375+0000] {spark_submit.py:521} INFO - 25/08/07 13:30:33 INFO BlockManager: Using org.apache.spark.storage.RandomBlockReplicationPolicy for block replication policy
[2025-08-07T13:30:33.379+0000] {spark_submit.py:521} INFO - 25/08/07 13:30:33 INFO StandaloneAppClient$ClientEndpoint: Executor added: app-20250807133033-0017/0 on worker-20250807105757-172.19.0.5-41585 (172.19.0.5:41585) with 2 core(s)
[2025-08-07T13:30:33.383+0000] {spark_submit.py:521} INFO - 25/08/07 13:30:33 INFO StandaloneSchedulerBackend: Granted executor ID app-20250807133033-0017/0 on hostPort 172.19.0.5:41585 with 2 core(s), 1024.0 MiB RAM
[2025-08-07T13:30:33.388+0000] {spark_submit.py:521} INFO - 25/08/07 13:30:33 INFO BlockManagerMaster: Registering BlockManager BlockManagerId(driver, 0d9cbc3d310d, 45895, None)
[2025-08-07T13:30:33.393+0000] {spark_submit.py:521} INFO - 25/08/07 13:30:33 INFO BlockManagerMasterEndpoint: Registering block manager 0d9cbc3d310d:45895 with 434.4 MiB RAM, BlockManagerId(driver, 0d9cbc3d310d, 45895, None)
[2025-08-07T13:30:33.395+0000] {spark_submit.py:521} INFO - 25/08/07 13:30:33 INFO BlockManagerMaster: Registered BlockManager BlockManagerId(driver, 0d9cbc3d310d, 45895, None)
[2025-08-07T13:30:33.396+0000] {spark_submit.py:521} INFO - 25/08/07 13:30:33 INFO BlockManager: Initialized BlockManager: BlockManagerId(driver, 0d9cbc3d310d, 45895, None)
[2025-08-07T13:30:33.515+0000] {spark_submit.py:521} INFO - 25/08/07 13:30:33 INFO StandaloneSchedulerBackend: SchedulerBackend is ready for scheduling beginning after reached minRegisteredResourcesRatio: 0.0
[2025-08-07T13:30:33.604+0000] {spark_submit.py:521} INFO - 25/08/07 13:30:33 INFO StandaloneAppClient$ClientEndpoint: Executor updated: app-20250807133033-0017/0 is now RUNNING
[2025-08-07T13:30:47.782+0000] {spark_submit.py:521} INFO - 25/08/07 13:30:47 INFO StandaloneSchedulerBackend$StandaloneDriverEndpoint: Registered executor NettyRpcEndpointRef(spark-client://Executor) (172.19.0.5:46992) with ID 0, ResourceProfileId 0
[2025-08-07T13:30:47.970+0000] {spark_submit.py:521} INFO - 25/08/07 13:30:47 INFO BlockManagerMasterEndpoint: Registering block manager 172.19.0.5:39345 with 434.4 MiB RAM, BlockManagerId(0, 172.19.0.5, 39345, None)
[2025-08-07T13:30:48.427+0000] {spark_submit.py:521} INFO - 25/08/07 13:30:48 INFO SharedState: Setting hive.metastore.warehouse.dir ('null') to the value of spark.sql.warehouse.dir.
[2025-08-07T13:30:48.430+0000] {spark_submit.py:521} INFO - 25/08/07 13:30:48 INFO SharedState: Warehouse path is 'file:/opt/***/spark-warehouse'.
[2025-08-07T13:30:50.003+0000] {spark_submit.py:521} INFO - 25/08/07 13:30:50 WARN MetricsConfig: Cannot locate configuration: tried hadoop-metrics2-s3a-file-system.properties,hadoop-metrics2.properties
[2025-08-07T13:30:50.020+0000] {spark_submit.py:521} INFO - 25/08/07 13:30:50 INFO MetricsSystemImpl: Scheduled Metric snapshot period at 10 second(s).
[2025-08-07T13:30:50.020+0000] {spark_submit.py:521} INFO - 25/08/07 13:30:50 INFO MetricsSystemImpl: s3a-file-system metrics system started
[2025-08-07T13:30:50.034+0000] {spark_submit.py:521} INFO - 25/08/07 13:30:50 INFO MetricsSystemImpl: Stopping s3a-file-system metrics system...
[2025-08-07T13:30:50.035+0000] {spark_submit.py:521} INFO - 25/08/07 13:30:50 INFO MetricsSystemImpl: s3a-file-system metrics system stopped.
[2025-08-07T13:30:50.035+0000] {spark_submit.py:521} INFO - 25/08/07 13:30:50 INFO MetricsSystemImpl: s3a-file-system metrics system shutdown complete.
[2025-08-07T13:30:50.036+0000] {spark_submit.py:521} INFO - 25/08/07 13:30:50 WARN FileSystem: Failed to initialize filesystem s3a://bronze/topcv/topcv_jobs.parquet: java.lang.NumberFormatException: For input string: "60s"
[2025-08-07T13:30:50.039+0000] {spark_submit.py:521} INFO - 25/08/07 13:30:50 WARN FileStreamSink: Assume no metadata directory. Error while looking for metadata directory in the path: s3a://bronze/topcv/topcv_jobs.parquet.
[2025-08-07T13:30:50.039+0000] {spark_submit.py:521} INFO - java.lang.NumberFormatException: For input string: "60s"
[2025-08-07T13:30:50.040+0000] {spark_submit.py:521} INFO - at java.base/java.lang.NumberFormatException.forInputString(NumberFormatException.java:67)
[2025-08-07T13:30:50.040+0000] {spark_submit.py:521} INFO - at java.base/java.lang.Long.parseLong(Long.java:711)
[2025-08-07T13:30:50.040+0000] {spark_submit.py:521} INFO - at java.base/java.lang.Long.parseLong(Long.java:836)
[2025-08-07T13:30:50.041+0000] {spark_submit.py:521} INFO - at org.apache.hadoop.conf.Configuration.getLong(Configuration.java:1607)
[2025-08-07T13:30:50.041+0000] {spark_submit.py:521} INFO - at org.apache.hadoop.fs.s3a.S3AUtils.longOption(S3AUtils.java:985)
[2025-08-07T13:30:50.041+0000] {spark_submit.py:521} INFO - at org.apache.hadoop.fs.s3a.S3AFileSystem.initThreadPools(S3AFileSystem.java:785)
[2025-08-07T13:30:50.041+0000] {spark_submit.py:521} INFO - at org.apache.hadoop.fs.s3a.S3AFileSystem.initialize(S3AFileSystem.java:555)
[2025-08-07T13:30:50.042+0000] {spark_submit.py:521} INFO - at org.apache.hadoop.fs.FileSystem.createFileSystem(FileSystem.java:3615)
[2025-08-07T13:30:50.042+0000] {spark_submit.py:521} INFO - at org.apache.hadoop.fs.FileSystem.access$300(FileSystem.java:172)
[2025-08-07T13:30:50.043+0000] {spark_submit.py:521} INFO - at org.apache.hadoop.fs.FileSystem$Cache.getInternal(FileSystem.java:3716)
[2025-08-07T13:30:50.043+0000] {spark_submit.py:521} INFO - at org.apache.hadoop.fs.FileSystem$Cache.get(FileSystem.java:3667)
[2025-08-07T13:30:50.044+0000] {spark_submit.py:521} INFO - at org.apache.hadoop.fs.FileSystem.get(FileSystem.java:557)
[2025-08-07T13:30:50.044+0000] {spark_submit.py:521} INFO - at org.apache.hadoop.fs.Path.getFileSystem(Path.java:366)
[2025-08-07T13:30:50.044+0000] {spark_submit.py:521} INFO - at org.apache.spark.sql.execution.streaming.FileStreamSink$.hasMetadata(FileStreamSink.scala:55)
[2025-08-07T13:30:50.044+0000] {spark_submit.py:521} INFO - at org.apache.spark.sql.execution.datasources.DataSource.resolveRelation(DataSource.scala:381)
[2025-08-07T13:30:50.045+0000] {spark_submit.py:521} INFO - at org.apache.spark.sql.catalyst.analysis.ResolveDataSource.org$apache$spark$sql$catalyst$analysis$ResolveDataSource$$loadV1BatchSource(ResolveDataSource.scala:143)
[2025-08-07T13:30:50.045+0000] {spark_submit.py:521} INFO - at org.apache.spark.sql.catalyst.analysis.ResolveDataSource$$anonfun$apply$1.$anonfun$applyOrElse$2(ResolveDataSource.scala:61)
[2025-08-07T13:30:50.045+0000] {spark_submit.py:521} INFO - at scala.Option.getOrElse(Option.scala:201)
[2025-08-07T13:30:50.046+0000] {spark_submit.py:521} INFO - at org.apache.spark.sql.catalyst.analysis.ResolveDataSource$$anonfun$apply$1.applyOrElse(ResolveDataSource.scala:61)
[2025-08-07T13:30:50.046+0000] {spark_submit.py:521} INFO - at org.apache.spark.sql.catalyst.analysis.ResolveDataSource$$anonfun$apply$1.applyOrElse(ResolveDataSource.scala:45)
[2025-08-07T13:30:50.046+0000] {spark_submit.py:521} INFO - at org.apache.spark.sql.catalyst.plans.logical.AnalysisHelper.$anonfun$resolveOperatorsUpWithPruning$3(AnalysisHelper.scala:139)
[2025-08-07T13:30:50.046+0000] {spark_submit.py:521} INFO - at org.apache.spark.sql.catalyst.trees.CurrentOrigin$.withOrigin(origin.scala:86)
[2025-08-07T13:30:50.046+0000] {spark_submit.py:521} INFO - at org.apache.spark.sql.catalyst.plans.logical.AnalysisHelper.$anonfun$resolveOperatorsUpWithPruning$1(AnalysisHelper.scala:139)
[2025-08-07T13:30:50.047+0000] {spark_submit.py:521} INFO - at org.apache.spark.sql.catalyst.plans.logical.AnalysisHelper$.allowInvokingTransformsInAnalyzer(AnalysisHelper.scala:416)
[2025-08-07T13:30:50.047+0000] {spark_submit.py:521} INFO - at org.apache.spark.sql.catalyst.plans.logical.AnalysisHelper.resolveOperatorsUpWithPruning(AnalysisHelper.scala:135)
[2025-08-07T13:30:50.047+0000] {spark_submit.py:521} INFO - at org.apache.spark.sql.catalyst.plans.logical.AnalysisHelper.resolveOperatorsUpWithPruning$(AnalysisHelper.scala:131)
[2025-08-07T13:30:50.047+0000] {spark_submit.py:521} INFO - at org.apache.spark.sql.catalyst.plans.logical.LogicalPlan.resolveOperatorsUpWithPruning(LogicalPlan.scala:37)
[2025-08-07T13:30:50.048+0000] {spark_submit.py:521} INFO - at org.apache.spark.sql.catalyst.plans.logical.AnalysisHelper.resolveOperatorsUp(AnalysisHelper.scala:112)
[2025-08-07T13:30:50.048+0000] {spark_submit.py:521} INFO - at org.apache.spark.sql.catalyst.plans.logical.AnalysisHelper.resolveOperatorsUp$(AnalysisHelper.scala:111)
[2025-08-07T13:30:50.048+0000] {spark_submit.py:521} INFO - at org.apache.spark.sql.catalyst.plans.logical.LogicalPlan.resolveOperatorsUp(LogicalPlan.scala:37)
[2025-08-07T13:30:50.049+0000] {spark_submit.py:521} INFO - at org.apache.spark.sql.catalyst.analysis.ResolveDataSource.apply(ResolveDataSource.scala:45)
[2025-08-07T13:30:50.049+0000] {spark_submit.py:521} INFO - at org.apache.spark.sql.catalyst.analysis.ResolveDataSource.apply(ResolveDataSource.scala:43)
[2025-08-07T13:30:50.049+0000] {spark_submit.py:521} INFO - at org.apache.spark.sql.catalyst.rules.RuleExecutor.$anonfun$execute$2(RuleExecutor.scala:242)
[2025-08-07T13:30:50.050+0000] {spark_submit.py:521} INFO - at scala.collection.LinearSeqOps.foldLeft(LinearSeq.scala:183)
[2025-08-07T13:30:50.051+0000] {spark_submit.py:521} INFO - at scala.collection.LinearSeqOps.foldLeft$(LinearSeq.scala:179)
[2025-08-07T13:30:50.051+0000] {spark_submit.py:521} INFO - at scala.collection.immutable.List.foldLeft(List.scala:79)
[2025-08-07T13:30:50.051+0000] {spark_submit.py:521} INFO - at org.apache.spark.sql.catalyst.rules.RuleExecutor.$anonfun$execute$1(RuleExecutor.scala:239)
[2025-08-07T13:30:50.052+0000] {spark_submit.py:521} INFO - at org.apache.spark.sql.catalyst.rules.RuleExecutor.$anonfun$execute$1$adapted(RuleExecutor.scala:231)
[2025-08-07T13:30:50.053+0000] {spark_submit.py:521} INFO - at scala.collection.immutable.List.foreach(List.scala:334)
[2025-08-07T13:30:50.054+0000] {spark_submit.py:521} INFO - at org.apache.spark.sql.catalyst.rules.RuleExecutor.execute(RuleExecutor.scala:231)
[2025-08-07T13:30:50.055+0000] {spark_submit.py:521} INFO - at org.apache.spark.sql.catalyst.analysis.Analyzer.org$apache$spark$sql$catalyst$analysis$Analyzer$$executeSameContext(Analyzer.scala:290)
[2025-08-07T13:30:50.055+0000] {spark_submit.py:521} INFO - at org.apache.spark.sql.catalyst.analysis.Analyzer.$anonfun$execute$1(Analyzer.scala:286)
[2025-08-07T13:30:50.055+0000] {spark_submit.py:521} INFO - at org.apache.spark.sql.catalyst.analysis.AnalysisContext$.withNewAnalysisContext(Analyzer.scala:234)
[2025-08-07T13:30:50.055+0000] {spark_submit.py:521} INFO - at org.apache.spark.sql.catalyst.analysis.Analyzer.execute(Analyzer.scala:286)
[2025-08-07T13:30:50.056+0000] {spark_submit.py:521} INFO - at org.apache.spark.sql.catalyst.analysis.Analyzer.execute(Analyzer.scala:249)
[2025-08-07T13:30:50.056+0000] {spark_submit.py:521} INFO - at org.apache.spark.sql.catalyst.rules.RuleExecutor.$anonfun$executeAndTrack$1(RuleExecutor.scala:201)
[2025-08-07T13:30:50.057+0000] {spark_submit.py:521} INFO - at org.apache.spark.sql.catalyst.QueryPlanningTracker$.withTracker(QueryPlanningTracker.scala:89)
[2025-08-07T13:30:50.057+0000] {spark_submit.py:521} INFO - at org.apache.spark.sql.catalyst.rules.RuleExecutor.executeAndTrack(RuleExecutor.scala:201)
[2025-08-07T13:30:50.057+0000] {spark_submit.py:521} INFO - at org.apache.spark.sql.catalyst.analysis.resolver.HybridAnalyzer.resolveInFixedPoint(HybridAnalyzer.scala:190)
[2025-08-07T13:30:50.058+0000] {spark_submit.py:521} INFO - at org.apache.spark.sql.catalyst.analysis.resolver.HybridAnalyzer.$anonfun$apply$1(HybridAnalyzer.scala:76)
[2025-08-07T13:30:50.058+0000] {spark_submit.py:521} INFO - at org.apache.spark.sql.catalyst.analysis.resolver.HybridAnalyzer.withTrackedAnalyzerBridgeState(HybridAnalyzer.scala:111)
[2025-08-07T13:30:50.058+0000] {spark_submit.py:521} INFO - at org.apache.spark.sql.catalyst.analysis.resolver.HybridAnalyzer.apply(HybridAnalyzer.scala:71)
[2025-08-07T13:30:50.059+0000] {spark_submit.py:521} INFO - at org.apache.spark.sql.catalyst.analysis.Analyzer.$anonfun$executeAndCheck$1(Analyzer.scala:280)
[2025-08-07T13:30:50.059+0000] {spark_submit.py:521} INFO - at org.apache.spark.sql.catalyst.plans.logical.AnalysisHelper$.markInAnalyzer(AnalysisHelper.scala:423)
[2025-08-07T13:30:50.059+0000] {spark_submit.py:521} INFO - at org.apache.spark.sql.catalyst.analysis.Analyzer.executeAndCheck(Analyzer.scala:280)
[2025-08-07T13:30:50.059+0000] {spark_submit.py:521} INFO - at org.apache.spark.sql.execution.QueryExecution.$anonfun$lazyAnalyzed$2(QueryExecution.scala:110)
[2025-08-07T13:30:50.060+0000] {spark_submit.py:521} INFO - at org.apache.spark.sql.catalyst.QueryPlanningTracker.measurePhase(QueryPlanningTracker.scala:148)
[2025-08-07T13:30:50.060+0000] {spark_submit.py:521} INFO - at org.apache.spark.sql.execution.QueryExecution.$anonfun$executePhase$2(QueryExecution.scala:278)
[2025-08-07T13:30:50.060+0000] {spark_submit.py:521} INFO - at org.apache.spark.sql.execution.QueryExecution$.withInternalError(QueryExecution.scala:654)
[2025-08-07T13:30:50.061+0000] {spark_submit.py:521} INFO - at org.apache.spark.sql.execution.QueryExecution.$anonfun$executePhase$1(QueryExecution.scala:278)
[2025-08-07T13:30:50.061+0000] {spark_submit.py:521} INFO - at org.apache.spark.sql.SparkSession.withActive(SparkSession.scala:804)
[2025-08-07T13:30:50.061+0000] {spark_submit.py:521} INFO - at org.apache.spark.sql.execution.QueryExecution.executePhase(QueryExecution.scala:277)
[2025-08-07T13:30:50.061+0000] {spark_submit.py:521} INFO - at org.apache.spark.sql.execution.QueryExecution.$anonfun$lazyAnalyzed$1(QueryExecution.scala:110)
[2025-08-07T13:30:50.062+0000] {spark_submit.py:521} INFO - at scala.util.Try$.apply(Try.scala:217)
[2025-08-07T13:30:50.062+0000] {spark_submit.py:521} INFO - at org.apache.spark.util.Utils$.doTryWithCallerStacktrace(Utils.scala:1378)
[2025-08-07T13:30:50.062+0000] {spark_submit.py:521} INFO - at org.apache.spark.util.LazyTry.tryT$lzycompute(LazyTry.scala:46)
[2025-08-07T13:30:50.062+0000] {spark_submit.py:521} INFO - at org.apache.spark.util.LazyTry.tryT(LazyTry.scala:46)
[2025-08-07T13:30:50.062+0000] {spark_submit.py:521} INFO - at org.apache.spark.util.LazyTry.get(LazyTry.scala:58)
[2025-08-07T13:30:50.063+0000] {spark_submit.py:521} INFO - at org.apache.spark.sql.execution.QueryExecution.analyzed(QueryExecution.scala:121)
[2025-08-07T13:30:50.063+0000] {spark_submit.py:521} INFO - at org.apache.spark.sql.execution.QueryExecution.assertAnalyzed(QueryExecution.scala:80)
[2025-08-07T13:30:50.063+0000] {spark_submit.py:521} INFO - at org.apache.spark.sql.classic.Dataset$.$anonfun$ofRows$1(Dataset.scala:115)
[2025-08-07T13:30:50.063+0000] {spark_submit.py:521} INFO - at org.apache.spark.sql.SparkSession.withActive(SparkSession.scala:804)
[2025-08-07T13:30:50.064+0000] {spark_submit.py:521} INFO - at org.apache.spark.sql.classic.Dataset$.ofRows(Dataset.scala:113)
[2025-08-07T13:30:50.064+0000] {spark_submit.py:521} INFO - at org.apache.spark.sql.classic.DataFrameReader.load(DataFrameReader.scala:109)
[2025-08-07T13:30:50.064+0000] {spark_submit.py:521} INFO - at org.apache.spark.sql.classic.DataFrameReader.load(DataFrameReader.scala:58)
[2025-08-07T13:30:50.064+0000] {spark_submit.py:521} INFO - at org.apache.spark.sql.DataFrameReader.parquet(DataFrameReader.scala:457)
[2025-08-07T13:30:50.065+0000] {spark_submit.py:521} INFO - at org.apache.spark.sql.classic.DataFrameReader.parquet(DataFrameReader.scala:306)
[2025-08-07T13:30:50.065+0000] {spark_submit.py:521} INFO - at org.apache.spark.sql.classic.DataFrameReader.parquet(DataFrameReader.scala:58)
[2025-08-07T13:30:50.065+0000] {spark_submit.py:521} INFO - at java.base/jdk.internal.reflect.NativeMethodAccessorImpl.invoke0(Native Method)
[2025-08-07T13:30:50.065+0000] {spark_submit.py:521} INFO - at java.base/jdk.internal.reflect.NativeMethodAccessorImpl.invoke(NativeMethodAccessorImpl.java:77)
[2025-08-07T13:30:50.066+0000] {spark_submit.py:521} INFO - at java.base/jdk.internal.reflect.DelegatingMethodAccessorImpl.invoke(DelegatingMethodAccessorImpl.java:43)
[2025-08-07T13:30:50.067+0000] {spark_submit.py:521} INFO - at java.base/java.lang.reflect.Method.invoke(Method.java:569)
[2025-08-07T13:30:50.067+0000] {spark_submit.py:521} INFO - at py4j.reflection.MethodInvoker.invoke(MethodInvoker.java:244)
[2025-08-07T13:30:50.067+0000] {spark_submit.py:521} INFO - at py4j.reflection.ReflectionEngine.invoke(ReflectionEngine.java:374)
[2025-08-07T13:30:50.067+0000] {spark_submit.py:521} INFO - at py4j.Gateway.invoke(Gateway.java:282)
[2025-08-07T13:30:50.068+0000] {spark_submit.py:521} INFO - at py4j.commands.AbstractCommand.invokeMethod(AbstractCommand.java:132)
[2025-08-07T13:30:50.068+0000] {spark_submit.py:521} INFO - at py4j.commands.CallCommand.execute(CallCommand.java:79)
[2025-08-07T13:30:50.068+0000] {spark_submit.py:521} INFO - at py4j.ClientServerConnection.waitForCommands(ClientServerConnection.java:184)
[2025-08-07T13:30:50.069+0000] {spark_submit.py:521} INFO - at py4j.ClientServerConnection.run(ClientServerConnection.java:108)
[2025-08-07T13:30:50.069+0000] {spark_submit.py:521} INFO - at java.base/java.lang.Thread.run(Thread.java:840)
[2025-08-07T13:30:50.069+0000] {spark_submit.py:521} INFO - 25/08/07 13:30:50 WARN MetricsConfig: Cannot locate configuration: tried hadoop-metrics2-s3a-file-system.properties,hadoop-metrics2.properties
[2025-08-07T13:30:50.069+0000] {spark_submit.py:521} INFO - 25/08/07 13:30:50 INFO MetricsSystemImpl: Scheduled Metric snapshot period at 10 second(s).
[2025-08-07T13:30:50.070+0000] {spark_submit.py:521} INFO - 25/08/07 13:30:50 INFO MetricsSystemImpl: s3a-file-system metrics system started
[2025-08-07T13:30:50.070+0000] {spark_submit.py:521} INFO - 25/08/07 13:30:50 INFO MetricsSystemImpl: Stopping s3a-file-system metrics system...
[2025-08-07T13:30:50.070+0000] {spark_submit.py:521} INFO - 25/08/07 13:30:50 INFO MetricsSystemImpl: s3a-file-system metrics system stopped.
[2025-08-07T13:30:50.070+0000] {spark_submit.py:521} INFO - 25/08/07 13:30:50 INFO MetricsSystemImpl: s3a-file-system metrics system shutdown complete.
[2025-08-07T13:30:50.071+0000] {spark_submit.py:521} INFO - 25/08/07 13:30:50 WARN FileSystem: Failed to initialize filesystem s3a://bronze/topcv/topcv_jobs.parquet: java.lang.NumberFormatException: For input string: "60s"
[2025-08-07T13:30:50.118+0000] {spark_submit.py:521} INFO - Traceback (most recent call last):
[2025-08-07T13:30:50.119+0000] {spark_submit.py:521} INFO - File "/opt/spark-jobs/gold_transform.py", line 12, in <module>
[2025-08-07T13:30:50.121+0000] {spark_submit.py:521} INFO - df = spark.read.parquet("s3a://bronze/topcv/topcv_jobs.parquet")
[2025-08-07T13:30:50.121+0000] {spark_submit.py:521} INFO - ^^^^^^^^^^^^^^^^^^^^^^^^^^^^^^^^^^^^^^^^^^^^^^^^^^^^^^^^^^^
[2025-08-07T13:30:50.122+0000] {spark_submit.py:521} INFO - File "/home/***/.local/lib/python3.11/site-packages/pyspark/python/lib/pyspark.zip/pyspark/sql/readwriter.py", line 642, in parquet
[2025-08-07T13:30:50.122+0000] {spark_submit.py:521} INFO - File "/home/***/.local/lib/python3.11/site-packages/pyspark/python/lib/py4j-0.10.9.9-src.zip/py4j/java_gateway.py", line 1362, in __call__
[2025-08-07T13:30:50.123+0000] {spark_submit.py:521} INFO - File "/home/***/.local/lib/python3.11/site-packages/pyspark/python/lib/pyspark.zip/pyspark/errors/exceptions/captured.py", line 288, in deco
[2025-08-07T13:30:50.127+0000] {spark_submit.py:521} INFO - pyspark.errors.exceptions.captured.NumberFormatException: For input string: "60s"
[2025-08-07T13:30:50.506+0000] {spark_submit.py:521} INFO - 25/08/07 13:30:50 INFO SparkContext: Invoking stop() from shutdown hook
[2025-08-07T13:30:50.509+0000] {spark_submit.py:521} INFO - 25/08/07 13:30:50 INFO SparkContext: SparkContext is stopping with exitCode 0 from run at Executors.java:539.
[2025-08-07T13:30:50.520+0000] {spark_submit.py:521} INFO - 25/08/07 13:30:50 INFO SparkUI: Stopped Spark web UI at http://0d9cbc3d310d:4040
[2025-08-07T13:30:50.524+0000] {spark_submit.py:521} INFO - 25/08/07 13:30:50 INFO StandaloneSchedulerBackend: Shutting down all executors
[2025-08-07T13:30:50.524+0000] {spark_submit.py:521} INFO - 25/08/07 13:30:50 INFO StandaloneSchedulerBackend$StandaloneDriverEndpoint: Asking each executor to shut down
[2025-08-07T13:30:50.857+0000] {spark_submit.py:521} INFO - 25/08/07 13:30:50 INFO MapOutputTrackerMasterEndpoint: MapOutputTrackerMasterEndpoint stopped!
[2025-08-07T13:30:50.897+0000] {spark_submit.py:521} INFO - 25/08/07 13:30:50 INFO MemoryStore: MemoryStore started with capacity 434.4 MiB
[2025-08-07T13:30:50.898+0000] {spark_submit.py:521} INFO - 25/08/07 13:30:50 INFO MemoryStore: MemoryStore cleared
[2025-08-07T13:30:50.899+0000] {spark_submit.py:521} INFO - 25/08/07 13:30:50 INFO BlockManager: BlockManager stopped
[2025-08-07T13:30:50.916+0000] {spark_submit.py:521} INFO - 25/08/07 13:30:50 INFO BlockManagerMaster: BlockManagerMaster stopped
[2025-08-07T13:30:50.919+0000] {spark_submit.py:521} INFO - 25/08/07 13:30:50 INFO OutputCommitCoordinator$OutputCommitCoordinatorEndpoint: OutputCommitCoordinator stopped!
[2025-08-07T13:30:50.940+0000] {spark_submit.py:521} INFO - 25/08/07 13:30:50 INFO SparkContext: Successfully stopped SparkContext
[2025-08-07T13:30:50.941+0000] {spark_submit.py:521} INFO - 25/08/07 13:30:50 INFO ShutdownHookManager: Shutdown hook called
[2025-08-07T13:30:50.941+0000] {spark_submit.py:521} INFO - 25/08/07 13:30:50 INFO ShutdownHookManager: Deleting directory /tmp/spark-3f8550c5-0813-4533-8781-0477bab5bac4/pyspark-d1dac655-3c44-4203-97db-77475522a537
[2025-08-07T13:30:50.953+0000] {spark_submit.py:521} INFO - 25/08/07 13:30:50 INFO ShutdownHookManager: Deleting directory /tmp/spark-48623f40-236a-45fd-8a59-c5b2a480a2c1
[2025-08-07T13:30:50.968+0000] {spark_submit.py:521} INFO - 25/08/07 13:30:50 INFO ShutdownHookManager: Deleting directory /tmp/spark-3f8550c5-0813-4533-8781-0477bab5bac4
[2025-08-07T13:30:51.331+0000] {taskinstance.py:441} INFO - ::group::Post task execution logs
[2025-08-07T13:30:51.362+0000] {taskinstance.py:2905} ERROR - Task failed with exception
Traceback (most recent call last):
  File "/home/airflow/.local/lib/python3.11/site-packages/airflow/models/taskinstance.py", line 465, in _execute_task
    result = _execute_callable(context=context, **execute_callable_kwargs)
             ^^^^^^^^^^^^^^^^^^^^^^^^^^^^^^^^^^^^^^^^^^^^^^^^^^^^^^^^^^^^^
  File "/home/airflow/.local/lib/python3.11/site-packages/airflow/models/taskinstance.py", line 432, in _execute_callable
    return execute_callable(context=context, **execute_callable_kwargs)
           ^^^^^^^^^^^^^^^^^^^^^^^^^^^^^^^^^^^^^^^^^^^^^^^^^^^^^^^^^^^^
  File "/home/airflow/.local/lib/python3.11/site-packages/airflow/models/baseoperator.py", line 400, in wrapper
    return func(self, *args, **kwargs)
           ^^^^^^^^^^^^^^^^^^^^^^^^^^^
  File "/home/airflow/.local/lib/python3.11/site-packages/airflow/providers/apache/spark/operators/spark_submit.py", line 156, in execute
    self._hook.submit(self._application)
  File "/home/airflow/.local/lib/python3.11/site-packages/airflow/providers/apache/spark/hooks/spark_submit.py", line 452, in submit
    raise AirflowException(
airflow.exceptions.AirflowException: Cannot execute: spark-submit --master spark://spark-master:7077 --conf spark.jars=/opt/custom-jars/hadoop-aws-3.3.6.jar,/opt/custom-jars/aws-java-sdk-bundle-1.12.367.jar --conf spark.hadoop.fs.s3a.endpoint=http://minio:9000 --conf spark.hadoop.fs.s3a.access.key=minioadmin --conf spark.hadoop.fs.s3a.secret.key=****** --conf spark.hadoop.fs.s3a.path.style.access=true --conf spark.hadoop.fs.s3a.impl=org.apache.hadoop.fs.s3a.S3AFileSystem --conf spark.hadoop.fs.s3a.connection.ssl.enabled=false --name arrow-spark --verbose /opt/spark-jobs/gold_transform.py. Error code is: 1.
[2025-08-07T13:30:51.378+0000] {taskinstance.py:1206} INFO - Marking task as FAILED. dag_id=spark_transform_topcv, task_id=submit_spark_job, run_id=manual__2025-08-07T13:30:21.918776+00:00, execution_date=20250807T133021, start_date=20250807T133027, end_date=20250807T133051
[2025-08-07T13:30:51.416+0000] {standard_task_runner.py:110} ERROR - Failed to execute job 52 for task submit_spark_job (Cannot execute: spark-submit --master spark://spark-master:7077 --conf spark.jars=/opt/custom-jars/hadoop-aws-3.3.6.jar,/opt/custom-jars/aws-java-sdk-bundle-1.12.367.jar --conf spark.hadoop.fs.s3a.endpoint=http://minio:9000 --conf spark.hadoop.fs.s3a.access.key=minioadmin --conf spark.hadoop.fs.s3a.secret.key=****** --conf spark.hadoop.fs.s3a.path.style.access=true --conf spark.hadoop.fs.s3a.impl=org.apache.hadoop.fs.s3a.S3AFileSystem --conf spark.hadoop.fs.s3a.connection.ssl.enabled=false --name arrow-spark --verbose /opt/spark-jobs/gold_transform.py. Error code is: 1.; 715)
[2025-08-07T13:30:51.449+0000] {local_task_job_runner.py:240} INFO - Task exited with return code 1
[2025-08-07T13:30:51.485+0000] {taskinstance.py:3498} INFO - 0 downstream tasks scheduled from follow-on schedule check
[2025-08-07T13:30:51.488+0000] {local_task_job_runner.py:222} INFO - ::endgroup::
