[2025-09-09T15:18:37.097+0000] {local_task_job_runner.py:120} INFO - ::group::Pre task execution logs
[2025-09-09T15:18:37.151+0000] {taskinstance.py:2076} INFO - Dependencies all met for dep_context=non-requeueable deps ti=<TaskInstance: spark_transform_pipeline.silver_group.silver_topcv_transform manual__2025-09-09T15:18:29.910255+00:00 [queued]>
[2025-09-09T15:18:37.159+0000] {taskinstance.py:2076} INFO - Dependencies all met for dep_context=requeueable deps ti=<TaskInstance: spark_transform_pipeline.silver_group.silver_topcv_transform manual__2025-09-09T15:18:29.910255+00:00 [queued]>
[2025-09-09T15:18:37.160+0000] {taskinstance.py:2306} INFO - Starting attempt 1 of 1
[2025-09-09T15:18:37.173+0000] {taskinstance.py:2330} INFO - Executing <Task(SparkSubmitOperator): silver_group.silver_topcv_transform> on 2025-09-09 15:18:29.910255+00:00
[2025-09-09T15:18:37.180+0000] {standard_task_runner.py:63} INFO - Started process 2688 to run task
[2025-09-09T15:18:37.182+0000] {standard_task_runner.py:90} INFO - Running: ['***', 'tasks', 'run', 'spark_transform_pipeline', 'silver_group.silver_topcv_transform', 'manual__2025-09-09T15:18:29.910255+00:00', '--job-id', '124', '--raw', '--subdir', 'DAGS_FOLDER/etl_jobs_dag.py', '--cfg-path', '/tmp/tmpvnmert_i']
[2025-09-09T15:18:37.184+0000] {standard_task_runner.py:91} INFO - Job 124: Subtask silver_group.silver_topcv_transform
[2025-09-09T15:18:37.235+0000] {task_command.py:426} INFO - Running <TaskInstance: spark_transform_pipeline.silver_group.silver_topcv_transform manual__2025-09-09T15:18:29.910255+00:00 [running]> on host 118acb478e13
[2025-09-09T15:18:37.358+0000] {taskinstance.py:2648} INFO - Exporting env vars: AIRFLOW_CTX_DAG_OWNER='***' AIRFLOW_CTX_DAG_ID='spark_transform_pipeline' AIRFLOW_CTX_TASK_ID='silver_group.silver_topcv_transform' AIRFLOW_CTX_EXECUTION_DATE='2025-09-09T15:18:29.910255+00:00' AIRFLOW_CTX_TRY_NUMBER='1' AIRFLOW_CTX_DAG_RUN_ID='manual__2025-09-09T15:18:29.910255+00:00'
[2025-09-09T15:18:37.359+0000] {taskinstance.py:430} INFO - ::endgroup::
[2025-09-09T15:18:37.390+0000] {base.py:84} INFO - Using connection ID 'spark_default' for task execution.
[2025-09-09T15:18:37.392+0000] {spark_submit.py:351} INFO - Spark-Submit cmd: spark-submit --master spark://spark-master:7077 --conf spark.master=spark://spark-master:7077 --conf spark.hadoop.fs.s3a.impl=org.apache.hadoop.fs.s3a.S3AFileSystem --conf spark.hadoop.fs.s3a.endpoint=http://minio:9000 --conf spark.hadoop.fs.s3a.access.key=minio --conf spark.hadoop.fs.s3a.secret.key=****** --conf spark.hadoop.fs.s3a.path.style.access=true --conf spark.hadoop.fs.s3a.connection.ssl.enabled=false --packages org.apache.hadoop:hadoop-aws:3.4.1,software.amazon.awssdk:bundle:2.20.15 --name arrow-spark --verbose /opt/spark-jobs/elt/transform/silver_topcv_transform.py
[2025-09-09T15:18:38.600+0000] {spark_submit.py:521} INFO - WARNING: Using incubator modules: jdk.incubator.vector
[2025-09-09T15:18:40.514+0000] {spark_submit.py:521} INFO - Parsed arguments:
[2025-09-09T15:18:40.515+0000] {spark_submit.py:521} INFO - master                  spark://spark-master:7077
[2025-09-09T15:18:40.516+0000] {spark_submit.py:521} INFO - remote                  null
[2025-09-09T15:18:40.516+0000] {spark_submit.py:521} INFO - deployMode              null
[2025-09-09T15:18:40.517+0000] {spark_submit.py:521} INFO - executorMemory          null
[2025-09-09T15:18:40.517+0000] {spark_submit.py:521} INFO - executorCores           null
[2025-09-09T15:18:40.517+0000] {spark_submit.py:521} INFO - totalExecutorCores      null
[2025-09-09T15:18:40.517+0000] {spark_submit.py:521} INFO - propertiesFile          null
[2025-09-09T15:18:40.517+0000] {spark_submit.py:521} INFO - driverMemory            null
[2025-09-09T15:18:40.517+0000] {spark_submit.py:521} INFO - driverCores             null
[2025-09-09T15:18:40.518+0000] {spark_submit.py:521} INFO - driverExtraClassPath    null
[2025-09-09T15:18:40.518+0000] {spark_submit.py:521} INFO - driverExtraLibraryPath  null
[2025-09-09T15:18:40.518+0000] {spark_submit.py:521} INFO - driverExtraJavaOptions  null
[2025-09-09T15:18:40.518+0000] {spark_submit.py:521} INFO - supervise               false
[2025-09-09T15:18:40.518+0000] {spark_submit.py:521} INFO - queue                   null
[2025-09-09T15:18:40.518+0000] {spark_submit.py:521} INFO - numExecutors            null
[2025-09-09T15:18:40.519+0000] {spark_submit.py:521} INFO - files                   null
[2025-09-09T15:18:40.519+0000] {spark_submit.py:521} INFO - pyFiles                 null
[2025-09-09T15:18:40.519+0000] {spark_submit.py:521} INFO - archives                null
[2025-09-09T15:18:40.519+0000] {spark_submit.py:521} INFO - mainClass               null
[2025-09-09T15:18:40.519+0000] {spark_submit.py:521} INFO - primaryResource         file:/opt/spark-jobs/elt/transform/silver_topcv_transform.py
[2025-09-09T15:18:40.519+0000] {spark_submit.py:521} INFO - name                    arrow-spark
[2025-09-09T15:18:40.520+0000] {spark_submit.py:521} INFO - childArgs               []
[2025-09-09T15:18:40.520+0000] {spark_submit.py:521} INFO - jars                    null
[2025-09-09T15:18:40.520+0000] {spark_submit.py:521} INFO - packages                org.apache.hadoop:hadoop-aws:3.4.1,software.amazon.awssdk:bundle:2.20.15
[2025-09-09T15:18:40.521+0000] {spark_submit.py:521} INFO - packagesExclusions      null
[2025-09-09T15:18:40.521+0000] {spark_submit.py:521} INFO - repositories            null
[2025-09-09T15:18:40.521+0000] {spark_submit.py:521} INFO - verbose                 true
[2025-09-09T15:18:40.521+0000] {spark_submit.py:521} INFO - 
[2025-09-09T15:18:40.521+0000] {spark_submit.py:521} INFO - Spark properties used, including those specified through
[2025-09-09T15:18:40.522+0000] {spark_submit.py:521} INFO - --conf and those from the properties file null:
[2025-09-09T15:18:40.522+0000] {spark_submit.py:521} INFO - (spark.hadoop.fs.s3a.access.key,*********(redacted))
[2025-09-09T15:18:40.522+0000] {spark_submit.py:521} INFO - (spark.hadoop.fs.s3a.connection.ssl.enabled,false)
[2025-09-09T15:18:40.522+0000] {spark_submit.py:521} INFO - (spark.hadoop.fs.s3a.endpoint,http://minio:9000)
[2025-09-09T15:18:40.522+0000] {spark_submit.py:521} INFO - (spark.hadoop.fs.s3a.impl,org.apache.hadoop.fs.s3a.S3AFileSystem)
[2025-09-09T15:18:40.522+0000] {spark_submit.py:521} INFO - (spark.hadoop.fs.s3a.path.style.access,true)
[2025-09-09T15:18:40.523+0000] {spark_submit.py:521} INFO - (spark.hadoop.fs.s3a.secret.key,*********(redacted))
[2025-09-09T15:18:40.523+0000] {spark_submit.py:521} INFO - (spark.master,spark://spark-master:7077)
[2025-09-09T15:18:40.523+0000] {spark_submit.py:521} INFO - 
[2025-09-09T15:18:40.523+0000] {spark_submit.py:521} INFO - 
[2025-09-09T15:18:40.648+0000] {spark_submit.py:521} INFO - :: loading settings :: url = jar:file:/home/***/.local/lib/python3.11/site-packages/pyspark/jars/ivy-2.5.3.jar!/org/apache/ivy/core/settings/ivysettings.xml
[2025-09-09T15:18:40.731+0000] {spark_submit.py:521} INFO - Ivy Default Cache set to: /home/***/.ivy2.5.2/cache
[2025-09-09T15:18:40.733+0000] {spark_submit.py:521} INFO - The jars for the packages stored in: /home/***/.ivy2.5.2/jars
[2025-09-09T15:18:40.735+0000] {spark_submit.py:521} INFO - org.apache.hadoop#hadoop-aws added as a dependency
[2025-09-09T15:18:40.736+0000] {spark_submit.py:521} INFO - software.amazon.awssdk#bundle added as a dependency
[2025-09-09T15:18:40.737+0000] {spark_submit.py:521} INFO - :: resolving dependencies :: org.apache.spark#spark-submit-parent-3b02df2a-3e1e-4808-8f78-878bdfb7a40b;1.0
[2025-09-09T15:18:40.738+0000] {spark_submit.py:521} INFO - confs: [default]
[2025-09-09T15:18:41.182+0000] {spark_submit.py:521} INFO - found org.apache.hadoop#hadoop-aws;3.4.1 in central
[2025-09-09T15:18:41.226+0000] {spark_submit.py:521} INFO - found software.amazon.awssdk#bundle;2.24.6 in central
[2025-09-09T15:18:41.257+0000] {spark_submit.py:521} INFO - found org.wildfly.openssl#wildfly-openssl;1.1.3.Final in central
[2025-09-09T15:18:42.658+0000] {spark_submit.py:521} INFO - downloading https://repo1.maven.org/maven2/software/amazon/awssdk/bundle/2.24.6/bundle-2.24.6.jar ...
[2025-09-09T15:19:06.185+0000] {spark_submit.py:521} INFO - [SUCCESSFUL ] software.amazon.awssdk#bundle;2.24.6!bundle.jar (24896ms)
[2025-09-09T15:19:06.502+0000] {spark_submit.py:521} INFO - downloading https://repo1.maven.org/maven2/org/wildfly/openssl/wildfly-openssl/1.1.3.Final/wildfly-openssl-1.1.3.Final.jar ...
[2025-09-09T15:19:06.720+0000] {spark_submit.py:521} INFO - [SUCCESSFUL ] org.wildfly.openssl#wildfly-openssl;1.1.3.Final!wildfly-openssl.jar (414ms)
[2025-09-09T15:19:06.721+0000] {spark_submit.py:521} INFO - :: resolution report :: resolve 541ms :: artifacts dl 25443ms
[2025-09-09T15:19:06.721+0000] {spark_submit.py:521} INFO - :: modules in use:
[2025-09-09T15:19:06.722+0000] {spark_submit.py:521} INFO - org.apache.hadoop#hadoop-aws;3.4.1 from central in [default]
[2025-09-09T15:19:06.722+0000] {spark_submit.py:521} INFO - org.wildfly.openssl#wildfly-openssl;1.1.3.Final from central in [default]
[2025-09-09T15:19:06.722+0000] {spark_submit.py:521} INFO - software.amazon.awssdk#bundle;2.24.6 from central in [default]
[2025-09-09T15:19:06.723+0000] {spark_submit.py:521} INFO - :: evicted modules:
[2025-09-09T15:19:06.723+0000] {spark_submit.py:521} INFO - software.amazon.awssdk#bundle;2.20.15 by [software.amazon.awssdk#bundle;2.24.6] in [default]
[2025-09-09T15:19:06.723+0000] {spark_submit.py:521} INFO - ---------------------------------------------------------------------
[2025-09-09T15:19:06.724+0000] {spark_submit.py:521} INFO - |                  |            modules            ||   artifacts   |
[2025-09-09T15:19:06.724+0000] {spark_submit.py:521} INFO - |       conf       | number| search|dwnlded|evicted|| number|dwnlded|
[2025-09-09T15:19:06.724+0000] {spark_submit.py:521} INFO - ---------------------------------------------------------------------
[2025-09-09T15:19:06.725+0000] {spark_submit.py:521} INFO - |      default     |   4   |   0   |   0   |   1   ||   3   |   2   |
[2025-09-09T15:19:06.725+0000] {spark_submit.py:521} INFO - ---------------------------------------------------------------------
[2025-09-09T15:19:06.729+0000] {spark_submit.py:521} INFO - :: retrieving :: org.apache.spark#spark-submit-parent-3b02df2a-3e1e-4808-8f78-878bdfb7a40b
[2025-09-09T15:19:06.730+0000] {spark_submit.py:521} INFO - confs: [default]
[2025-09-09T15:19:09.778+0000] {spark_submit.py:521} INFO - 3 artifacts copied, 0 already retrieved (546195kB/3049ms)
[2025-09-09T15:19:10.606+0000] {spark_submit.py:521} INFO - 25/09/09 15:19:10 WARN NativeCodeLoader: Unable to load native-hadoop library for your platform... using builtin-java classes where applicable
[2025-09-09T15:19:11.019+0000] {spark_submit.py:521} INFO - Main class:
[2025-09-09T15:19:11.020+0000] {spark_submit.py:521} INFO - org.apache.spark.deploy.PythonRunner
[2025-09-09T15:19:11.023+0000] {spark_submit.py:521} INFO - Arguments:
[2025-09-09T15:19:11.024+0000] {spark_submit.py:521} INFO - file:/opt/spark-jobs/elt/transform/silver_topcv_transform.py
[2025-09-09T15:19:11.024+0000] {spark_submit.py:521} INFO - file:///home/***/.ivy2.5.2/jars/org.apache.hadoop_hadoop-aws-3.4.1.jar,file:///home/***/.ivy2.5.2/jars/software.amazon.awssdk_bundle-2.24.6.jar,file:///home/***/.ivy2.5.2/jars/org.wildfly.openssl_wildfly-openssl-1.1.3.Final.jar
[2025-09-09T15:19:11.026+0000] {spark_submit.py:521} INFO - Spark config:
[2025-09-09T15:19:11.026+0000] {spark_submit.py:521} INFO - (spark.app.name,arrow-spark)
[2025-09-09T15:19:11.027+0000] {spark_submit.py:521} INFO - (spark.app.submitTime,1757431150976)
[2025-09-09T15:19:11.027+0000] {spark_submit.py:521} INFO - (spark.files,file:///home/***/.ivy2.5.2/jars/org.apache.hadoop_hadoop-aws-3.4.1.jar,file:///home/***/.ivy2.5.2/jars/software.amazon.awssdk_bundle-2.24.6.jar,file:///home/***/.ivy2.5.2/jars/org.wildfly.openssl_wildfly-openssl-1.1.3.Final.jar)
[2025-09-09T15:19:11.028+0000] {spark_submit.py:521} INFO - (spark.hadoop.fs.s3a.access.key,*********(redacted))
[2025-09-09T15:19:11.028+0000] {spark_submit.py:521} INFO - (spark.hadoop.fs.s3a.connection.ssl.enabled,false)
[2025-09-09T15:19:11.029+0000] {spark_submit.py:521} INFO - (spark.hadoop.fs.s3a.endpoint,http://minio:9000)
[2025-09-09T15:19:11.029+0000] {spark_submit.py:521} INFO - (spark.hadoop.fs.s3a.impl,org.apache.hadoop.fs.s3a.S3AFileSystem)
[2025-09-09T15:19:11.029+0000] {spark_submit.py:521} INFO - (spark.hadoop.fs.s3a.path.style.access,true)
[2025-09-09T15:19:11.029+0000] {spark_submit.py:521} INFO - (spark.hadoop.fs.s3a.secret.key,*********(redacted))
[2025-09-09T15:19:11.030+0000] {spark_submit.py:521} INFO - (spark.jars,file:///home/***/.ivy2.5.2/jars/org.apache.hadoop_hadoop-aws-3.4.1.jar,file:///home/***/.ivy2.5.2/jars/software.amazon.awssdk_bundle-2.24.6.jar,file:///home/***/.ivy2.5.2/jars/org.wildfly.openssl_wildfly-openssl-1.1.3.Final.jar)
[2025-09-09T15:19:11.030+0000] {spark_submit.py:521} INFO - (spark.master,spark://spark-master:7077)
[2025-09-09T15:19:11.031+0000] {spark_submit.py:521} INFO - (spark.repl.local.jars,file:///home/***/.ivy2.5.2/jars/org.apache.hadoop_hadoop-aws-3.4.1.jar,file:///home/***/.ivy2.5.2/jars/software.amazon.awssdk_bundle-2.24.6.jar,file:///home/***/.ivy2.5.2/jars/org.wildfly.openssl_wildfly-openssl-1.1.3.Final.jar)
[2025-09-09T15:19:11.031+0000] {spark_submit.py:521} INFO - (spark.submit.deployMode,client)
[2025-09-09T15:19:11.031+0000] {spark_submit.py:521} INFO - (spark.submit.pyFiles,/home/***/.ivy2.5.2/jars/org.apache.hadoop_hadoop-aws-3.4.1.jar,/home/***/.ivy2.5.2/jars/software.amazon.awssdk_bundle-2.24.6.jar,/home/***/.ivy2.5.2/jars/org.wildfly.openssl_wildfly-openssl-1.1.3.Final.jar)
[2025-09-09T15:19:11.032+0000] {spark_submit.py:521} INFO - Classpath elements:
[2025-09-09T15:19:11.032+0000] {spark_submit.py:521} INFO - file:///home/***/.ivy2.5.2/jars/org.apache.hadoop_hadoop-aws-3.4.1.jar
[2025-09-09T15:19:11.032+0000] {spark_submit.py:521} INFO - file:///home/***/.ivy2.5.2/jars/software.amazon.awssdk_bundle-2.24.6.jar
[2025-09-09T15:19:11.033+0000] {spark_submit.py:521} INFO - file:///home/***/.ivy2.5.2/jars/org.wildfly.openssl_wildfly-openssl-1.1.3.Final.jar
[2025-09-09T15:19:11.033+0000] {spark_submit.py:521} INFO - 
[2025-09-09T15:19:11.033+0000] {spark_submit.py:521} INFO - 
[2025-09-09T15:19:19.236+0000] {spark_submit.py:521} INFO - Using Spark's default log4j profile: org/apache/spark/log4j2-defaults.properties
[2025-09-09T15:19:19.262+0000] {spark_submit.py:521} INFO - 25/09/09 15:19:19 INFO SparkContext: Running Spark version 4.0.1
[2025-09-09T15:19:19.269+0000] {spark_submit.py:521} INFO - 25/09/09 15:19:19 INFO SparkContext: OS info Linux, 5.15.167.4-microsoft-standard-WSL2, amd64
[2025-09-09T15:19:19.271+0000] {spark_submit.py:521} INFO - 25/09/09 15:19:19 INFO SparkContext: Java version 17.0.16
[2025-09-09T15:19:19.457+0000] {spark_submit.py:521} INFO - 25/09/09 15:19:19 INFO ResourceUtils: ==============================================================
[2025-09-09T15:19:19.458+0000] {spark_submit.py:521} INFO - 25/09/09 15:19:19 INFO ResourceUtils: No custom resources configured for spark.driver.
[2025-09-09T15:19:19.459+0000] {spark_submit.py:521} INFO - 25/09/09 15:19:19 INFO ResourceUtils: ==============================================================
[2025-09-09T15:19:19.466+0000] {spark_submit.py:521} INFO - 25/09/09 15:19:19 INFO SparkContext: Submitted application: SilverTopCVTransformTest
[2025-09-09T15:19:19.626+0000] {spark_submit.py:521} INFO - 25/09/09 15:19:19 INFO ResourceProfile: Default ResourceProfile created, executor resources: Map(cores -> name: cores, amount: 1, script: , vendor: , memory -> name: memory, amount: 1024, script: , vendor: , offHeap -> name: offHeap, amount: 0, script: , vendor: ), task resources: Map(cpus -> name: cpus, amount: 1.0)
[2025-09-09T15:19:19.632+0000] {spark_submit.py:521} INFO - 25/09/09 15:19:19 INFO ResourceProfile: Limiting resource is cpu
[2025-09-09T15:19:19.641+0000] {spark_submit.py:521} INFO - 25/09/09 15:19:19 INFO ResourceProfileManager: Added ResourceProfile id: 0
[2025-09-09T15:19:20.175+0000] {spark_submit.py:521} INFO - 25/09/09 15:19:20 INFO SecurityManager: Changing view acls to: ***
[2025-09-09T15:19:20.178+0000] {spark_submit.py:521} INFO - 25/09/09 15:19:20 INFO SecurityManager: Changing modify acls to: ***
[2025-09-09T15:19:20.179+0000] {spark_submit.py:521} INFO - 25/09/09 15:19:20 INFO SecurityManager: Changing view acls groups to: ***
[2025-09-09T15:19:20.181+0000] {spark_submit.py:521} INFO - 25/09/09 15:19:20 INFO SecurityManager: Changing modify acls groups to: ***
[2025-09-09T15:19:20.185+0000] {spark_submit.py:521} INFO - 25/09/09 15:19:20 INFO SecurityManager: SecurityManager: authentication disabled; ui acls disabled; users with view permissions: *** groups with view permissions: EMPTY; users with modify permissions: ***; groups with modify permissions: EMPTY; RPC SSL disabled
[2025-09-09T15:19:22.317+0000] {spark_submit.py:521} INFO - 25/09/09 15:19:22 INFO Utils: Successfully started service 'sparkDriver' on port 36775.
[2025-09-09T15:19:22.598+0000] {spark_submit.py:521} INFO - 25/09/09 15:19:22 INFO SparkEnv: Registering MapOutputTracker
[2025-09-09T15:19:22.711+0000] {spark_submit.py:521} INFO - 25/09/09 15:19:22 INFO SparkEnv: Registering BlockManagerMaster
[2025-09-09T15:19:22.752+0000] {spark_submit.py:521} INFO - 25/09/09 15:19:22 INFO BlockManagerMasterEndpoint: Using org.apache.spark.storage.DefaultTopologyMapper for getting topology information
[2025-09-09T15:19:22.754+0000] {spark_submit.py:521} INFO - 25/09/09 15:19:22 INFO BlockManagerMasterEndpoint: BlockManagerMasterEndpoint up
[2025-09-09T15:19:22.767+0000] {spark_submit.py:521} INFO - 25/09/09 15:19:22 INFO SparkEnv: Registering BlockManagerMasterHeartbeat
[2025-09-09T15:19:22.896+0000] {spark_submit.py:521} INFO - 25/09/09 15:19:22 INFO DiskBlockManager: Created local directory at /tmp/blockmgr-9937def7-7b19-4218-abe1-d0aefa6defdc
[2025-09-09T15:19:22.996+0000] {spark_submit.py:521} INFO - 25/09/09 15:19:22 INFO SparkEnv: Registering OutputCommitCoordinator
[2025-09-09T15:19:23.653+0000] {spark_submit.py:521} INFO - 25/09/09 15:19:23 INFO JettyUtils: Start Jetty 0.0.0.0:4040 for SparkUI
[2025-09-09T15:19:24.042+0000] {spark_submit.py:521} INFO - 25/09/09 15:19:24 INFO Utils: Successfully started service 'SparkUI' on port 4040.
[2025-09-09T15:19:24.216+0000] {spark_submit.py:521} INFO - 25/09/09 15:19:24 INFO SparkContext: Added JAR file:///home/***/.ivy2.5.2/jars/org.apache.hadoop_hadoop-aws-3.4.1.jar at spark://118acb478e13:36775/jars/org.apache.hadoop_hadoop-aws-3.4.1.jar with timestamp 1757431159131
[2025-09-09T15:19:24.218+0000] {spark_submit.py:521} INFO - 25/09/09 15:19:24 INFO SparkContext: Added JAR file:///home/***/.ivy2.5.2/jars/software.amazon.awssdk_bundle-2.24.6.jar at spark://118acb478e13:36775/jars/software.amazon.awssdk_bundle-2.24.6.jar with timestamp 1757431159131
[2025-09-09T15:19:24.229+0000] {spark_submit.py:521} INFO - 25/09/09 15:19:24 INFO SparkContext: Added JAR file:///home/***/.ivy2.5.2/jars/org.wildfly.openssl_wildfly-openssl-1.1.3.Final.jar at spark://118acb478e13:36775/jars/org.wildfly.openssl_wildfly-openssl-1.1.3.Final.jar with timestamp 1757431159131
[2025-09-09T15:19:24.243+0000] {spark_submit.py:521} INFO - 25/09/09 15:19:24 INFO SparkContext: Added file file:///home/***/.ivy2.5.2/jars/org.apache.hadoop_hadoop-aws-3.4.1.jar at file:///home/***/.ivy2.5.2/jars/org.apache.hadoop_hadoop-aws-3.4.1.jar with timestamp 1757431159131
[2025-09-09T15:19:24.256+0000] {spark_submit.py:521} INFO - 25/09/09 15:19:24 INFO Utils: Copying /home/***/.ivy2.5.2/jars/org.apache.hadoop_hadoop-aws-3.4.1.jar to /tmp/spark-e4e0d4c6-c910-4cf5-8641-68ad0433d998/userFiles-d1cf37b5-0e94-447e-a402-4b08f2de0e0a/org.apache.hadoop_hadoop-aws-3.4.1.jar
[2025-09-09T15:19:24.372+0000] {spark_submit.py:521} INFO - 25/09/09 15:19:24 INFO SparkContext: Added file file:///home/***/.ivy2.5.2/jars/software.amazon.awssdk_bundle-2.24.6.jar at file:///home/***/.ivy2.5.2/jars/software.amazon.awssdk_bundle-2.24.6.jar with timestamp 1757431159131
[2025-09-09T15:19:24.375+0000] {spark_submit.py:521} INFO - 25/09/09 15:19:24 INFO Utils: Copying /home/***/.ivy2.5.2/jars/software.amazon.awssdk_bundle-2.24.6.jar to /tmp/spark-e4e0d4c6-c910-4cf5-8641-68ad0433d998/userFiles-d1cf37b5-0e94-447e-a402-4b08f2de0e0a/software.amazon.awssdk_bundle-2.24.6.jar
[2025-09-09T15:19:38.331+0000] {spark_submit.py:521} INFO - 25/09/09 15:19:38 INFO SparkContext: Added file file:///home/***/.ivy2.5.2/jars/org.wildfly.openssl_wildfly-openssl-1.1.3.Final.jar at file:///home/***/.ivy2.5.2/jars/org.wildfly.openssl_wildfly-openssl-1.1.3.Final.jar with timestamp 1757431159131
[2025-09-09T15:19:38.334+0000] {spark_submit.py:521} INFO - 25/09/09 15:19:38 INFO Utils: Copying /home/***/.ivy2.5.2/jars/org.wildfly.openssl_wildfly-openssl-1.1.3.Final.jar to /tmp/spark-e4e0d4c6-c910-4cf5-8641-68ad0433d998/userFiles-d1cf37b5-0e94-447e-a402-4b08f2de0e0a/org.wildfly.openssl_wildfly-openssl-1.1.3.Final.jar
[2025-09-09T15:19:38.535+0000] {spark_submit.py:521} INFO - 25/09/09 15:19:38 INFO SecurityManager: Changing view acls to: ***
[2025-09-09T15:19:38.536+0000] {spark_submit.py:521} INFO - 25/09/09 15:19:38 INFO SecurityManager: Changing modify acls to: ***
[2025-09-09T15:19:38.540+0000] {spark_submit.py:521} INFO - 25/09/09 15:19:38 INFO SecurityManager: Changing view acls groups to: ***
[2025-09-09T15:19:38.543+0000] {spark_submit.py:521} INFO - 25/09/09 15:19:38 INFO SecurityManager: Changing modify acls groups to: ***
[2025-09-09T15:19:38.544+0000] {spark_submit.py:521} INFO - 25/09/09 15:19:38 INFO SecurityManager: SecurityManager: authentication disabled; ui acls disabled; users with view permissions: *** groups with view permissions: EMPTY; users with modify permissions: ***; groups with modify permissions: EMPTY; RPC SSL disabled
[2025-09-09T15:19:39.331+0000] {spark_submit.py:521} INFO - 25/09/09 15:19:39 INFO Executor: Starting executor ID driver on host 118acb478e13
[2025-09-09T15:19:39.332+0000] {spark_submit.py:521} INFO - 25/09/09 15:19:39 INFO Executor: OS info Linux, 5.15.167.4-microsoft-standard-WSL2, amd64
[2025-09-09T15:19:39.333+0000] {spark_submit.py:521} INFO - 25/09/09 15:19:39 INFO Executor: Java version 17.0.16
[2025-09-09T15:19:39.362+0000] {spark_submit.py:521} INFO - 25/09/09 15:19:39 INFO Executor: Starting executor with user classpath (userClassPathFirst = false): ''
[2025-09-09T15:19:39.365+0000] {spark_submit.py:521} INFO - 25/09/09 15:19:39 INFO Executor: Created or updated repl class loader org.apache.spark.util.MutableURLClassLoader@62119c2f for default.
[2025-09-09T15:19:39.483+0000] {spark_submit.py:521} INFO - 25/09/09 15:19:39 INFO Executor: Fetching file:///home/***/.ivy2.5.2/jars/org.wildfly.openssl_wildfly-openssl-1.1.3.Final.jar with timestamp 1757431159131
[2025-09-09T15:19:39.694+0000] {spark_submit.py:521} INFO - 25/09/09 15:19:39 INFO Utils: /home/***/.ivy2.5.2/jars/org.wildfly.openssl_wildfly-openssl-1.1.3.Final.jar has been previously copied to /tmp/spark-e4e0d4c6-c910-4cf5-8641-68ad0433d998/userFiles-d1cf37b5-0e94-447e-a402-4b08f2de0e0a/org.wildfly.openssl_wildfly-openssl-1.1.3.Final.jar
[2025-09-09T15:19:39.769+0000] {spark_submit.py:521} INFO - 25/09/09 15:19:39 INFO Executor: Fetching file:///home/***/.ivy2.5.2/jars/org.apache.hadoop_hadoop-aws-3.4.1.jar with timestamp 1757431159131
[2025-09-09T15:19:39.773+0000] {spark_submit.py:521} INFO - 25/09/09 15:19:39 INFO Utils: /home/***/.ivy2.5.2/jars/org.apache.hadoop_hadoop-aws-3.4.1.jar has been previously copied to /tmp/spark-e4e0d4c6-c910-4cf5-8641-68ad0433d998/userFiles-d1cf37b5-0e94-447e-a402-4b08f2de0e0a/org.apache.hadoop_hadoop-aws-3.4.1.jar
[2025-09-09T15:19:39.821+0000] {spark_submit.py:521} INFO - 25/09/09 15:19:39 INFO Executor: Fetching file:///home/***/.ivy2.5.2/jars/software.amazon.awssdk_bundle-2.24.6.jar with timestamp 1757431159131
[2025-09-09T15:19:40.150+0000] {spark_submit.py:521} INFO - 25/09/09 15:19:40 INFO Utils: /home/***/.ivy2.5.2/jars/software.amazon.awssdk_bundle-2.24.6.jar has been previously copied to /tmp/spark-e4e0d4c6-c910-4cf5-8641-68ad0433d998/userFiles-d1cf37b5-0e94-447e-a402-4b08f2de0e0a/software.amazon.awssdk_bundle-2.24.6.jar
[2025-09-09T15:19:40.207+0000] {spark_submit.py:521} INFO - 25/09/09 15:19:40 INFO Executor: Fetching spark://118acb478e13:36775/jars/software.amazon.awssdk_bundle-2.24.6.jar with timestamp 1757431159131
[2025-09-09T15:19:40.413+0000] {spark_submit.py:521} INFO - 25/09/09 15:19:40 INFO TransportClientFactory: Successfully created connection to 118acb478e13/172.18.0.9:36775 after 134 ms (0 ms spent in bootstraps)
[2025-09-09T15:19:40.430+0000] {spark_submit.py:521} INFO - 25/09/09 15:19:40 INFO Utils: Fetching spark://118acb478e13:36775/jars/software.amazon.awssdk_bundle-2.24.6.jar to /tmp/spark-e4e0d4c6-c910-4cf5-8641-68ad0433d998/userFiles-d1cf37b5-0e94-447e-a402-4b08f2de0e0a/fetchFileTemp10624359466310036524.tmp
[2025-09-09T15:19:55.981+0000] {spark_submit.py:521} INFO - 25/09/09 15:19:55 INFO Executor: Told to re-register on heartbeat
[2025-09-09T15:19:55.982+0000] {spark_submit.py:521} INFO - 25/09/09 15:19:55 INFO BlockManager: BlockManager null re-registering with master
[2025-09-09T15:19:56.001+0000] {spark_submit.py:521} INFO - 25/09/09 15:19:55 INFO BlockManagerMaster: Registering BlockManager null
[2025-09-09T15:19:56.016+0000] {spark_submit.py:521} INFO - 25/09/09 15:19:56 ERROR Inbox: Ignoring error
[2025-09-09T15:19:56.017+0000] {spark_submit.py:521} INFO - java.lang.NullPointerException: Cannot invoke "org.apache.spark.storage.BlockManagerId.executorId()" because "idWithoutTopologyInfo" is null
[2025-09-09T15:19:56.018+0000] {spark_submit.py:521} INFO - at org.apache.spark.storage.BlockManagerMasterEndpoint.org$apache$spark$storage$BlockManagerMasterEndpoint$$register(BlockManagerMasterEndpoint.scala:689)
[2025-09-09T15:19:56.018+0000] {spark_submit.py:521} INFO - at org.apache.spark.storage.BlockManagerMasterEndpoint$$anonfun$receiveAndReply$1.applyOrElse(BlockManagerMasterEndpoint.scala:141)
[2025-09-09T15:19:56.019+0000] {spark_submit.py:521} INFO - at org.apache.spark.rpc.netty.Inbox.$anonfun$process$1(Inbox.scala:104)
[2025-09-09T15:19:56.020+0000] {spark_submit.py:521} INFO - at org.apache.spark.rpc.netty.Inbox.safelyCall(Inbox.scala:216)
[2025-09-09T15:19:56.020+0000] {spark_submit.py:521} INFO - at org.apache.spark.rpc.netty.Inbox.process(Inbox.scala:101)
[2025-09-09T15:19:56.021+0000] {spark_submit.py:521} INFO - at org.apache.spark.rpc.netty.MessageLoop.org$apache$spark$rpc$netty$MessageLoop$$receiveLoop(MessageLoop.scala:76)
[2025-09-09T15:19:56.021+0000] {spark_submit.py:521} INFO - at org.apache.spark.rpc.netty.MessageLoop$$anon$1.run(MessageLoop.scala:42)
[2025-09-09T15:19:56.021+0000] {spark_submit.py:521} INFO - at java.base/java.util.concurrent.ThreadPoolExecutor.runWorker(ThreadPoolExecutor.java:1136)
[2025-09-09T15:19:56.022+0000] {spark_submit.py:521} INFO - at java.base/java.util.concurrent.ThreadPoolExecutor$Worker.run(ThreadPoolExecutor.java:635)
[2025-09-09T15:19:56.022+0000] {spark_submit.py:521} INFO - at java.base/java.lang.Thread.run(Thread.java:840)
[2025-09-09T15:19:56.035+0000] {spark_submit.py:521} INFO - 25/09/09 15:19:56 WARN Executor: Issue communicating with driver in heartbeater
[2025-09-09T15:19:56.035+0000] {spark_submit.py:521} INFO - org.apache.spark.SparkException: Exception thrown in awaitResult:
[2025-09-09T15:19:56.036+0000] {spark_submit.py:521} INFO - at org.apache.spark.util.SparkThreadUtils$.awaitResult(SparkThreadUtils.scala:53)
[2025-09-09T15:19:56.036+0000] {spark_submit.py:521} INFO - at org.apache.spark.util.ThreadUtils$.awaitResult(ThreadUtils.scala:342)
[2025-09-09T15:19:56.036+0000] {spark_submit.py:521} INFO - at org.apache.spark.rpc.RpcTimeout.awaitResult(RpcTimeout.scala:75)
[2025-09-09T15:19:56.037+0000] {spark_submit.py:521} INFO - at org.apache.spark.rpc.RpcEndpointRef.askSync(RpcEndpointRef.scala:101)
[2025-09-09T15:19:56.037+0000] {spark_submit.py:521} INFO - at org.apache.spark.rpc.RpcEndpointRef.askSync(RpcEndpointRef.scala:85)
[2025-09-09T15:19:56.038+0000] {spark_submit.py:521} INFO - at org.apache.spark.storage.BlockManagerMaster.registerBlockManager(BlockManagerMaster.scala:81)
[2025-09-09T15:19:56.039+0000] {spark_submit.py:521} INFO - at org.apache.spark.storage.BlockManager.reregister(BlockManager.scala:669)
[2025-09-09T15:19:56.040+0000] {spark_submit.py:521} INFO - at org.apache.spark.executor.Executor.reportHeartBeat(Executor.scala:1296)
[2025-09-09T15:19:56.041+0000] {spark_submit.py:521} INFO - at org.apache.spark.executor.Executor.$anonfun$heartbeater$1(Executor.scala:307)
[2025-09-09T15:19:56.042+0000] {spark_submit.py:521} INFO - at scala.runtime.java8.JFunction0$mcV$sp.apply(JFunction0$mcV$sp.scala:18)
[2025-09-09T15:19:56.044+0000] {spark_submit.py:521} INFO - at org.apache.spark.util.Utils$.logUncaughtExceptions(Utils.scala:1937)
[2025-09-09T15:19:56.045+0000] {spark_submit.py:521} INFO - at org.apache.spark.Heartbeater$$anon$1.run(Heartbeater.scala:46)
[2025-09-09T15:19:56.046+0000] {spark_submit.py:521} INFO - at java.base/java.util.concurrent.Executors$RunnableAdapter.call(Executors.java:539)
[2025-09-09T15:19:56.046+0000] {spark_submit.py:521} INFO - at java.base/java.util.concurrent.FutureTask.runAndReset(FutureTask.java:305)
[2025-09-09T15:19:56.046+0000] {spark_submit.py:521} INFO - at java.base/java.util.concurrent.ScheduledThreadPoolExecutor$ScheduledFutureTask.run(ScheduledThreadPoolExecutor.java:305)
[2025-09-09T15:19:56.047+0000] {spark_submit.py:521} INFO - at java.base/java.util.concurrent.ThreadPoolExecutor.runWorker(ThreadPoolExecutor.java:1136)
[2025-09-09T15:19:56.047+0000] {spark_submit.py:521} INFO - at java.base/java.util.concurrent.ThreadPoolExecutor$Worker.run(ThreadPoolExecutor.java:635)
[2025-09-09T15:19:56.047+0000] {spark_submit.py:521} INFO - at java.base/java.lang.Thread.run(Thread.java:840)
[2025-09-09T15:19:56.047+0000] {spark_submit.py:521} INFO - Caused by: java.lang.NullPointerException: Cannot invoke "org.apache.spark.storage.BlockManagerId.executorId()" because "idWithoutTopologyInfo" is null
[2025-09-09T15:19:56.048+0000] {spark_submit.py:521} INFO - at org.apache.spark.storage.BlockManagerMasterEndpoint.org$apache$spark$storage$BlockManagerMasterEndpoint$$register(BlockManagerMasterEndpoint.scala:689)
[2025-09-09T15:19:56.048+0000] {spark_submit.py:521} INFO - at org.apache.spark.storage.BlockManagerMasterEndpoint$$anonfun$receiveAndReply$1.applyOrElse(BlockManagerMasterEndpoint.scala:141)
[2025-09-09T15:19:56.066+0000] {spark_submit.py:521} INFO - at org.apache.spark.rpc.netty.Inbox.$anonfun$process$1(Inbox.scala:104)
[2025-09-09T15:19:56.067+0000] {spark_submit.py:521} INFO - at org.apache.spark.rpc.netty.Inbox.safelyCall(Inbox.scala:216)
[2025-09-09T15:19:56.067+0000] {spark_submit.py:521} INFO - at org.apache.spark.rpc.netty.Inbox.process(Inbox.scala:101)
[2025-09-09T15:19:56.068+0000] {spark_submit.py:521} INFO - at org.apache.spark.rpc.netty.MessageLoop.org$apache$spark$rpc$netty$MessageLoop$$receiveLoop(MessageLoop.scala:76)
[2025-09-09T15:19:56.068+0000] {spark_submit.py:521} INFO - at org.apache.spark.rpc.netty.MessageLoop$$anon$1.run(MessageLoop.scala:42)
[2025-09-09T15:19:56.069+0000] {spark_submit.py:521} INFO - ... 3 more
[2025-09-09T15:20:04.304+0000] {spark_submit.py:521} INFO - 25/09/09 15:20:04 INFO Utils: /tmp/spark-e4e0d4c6-c910-4cf5-8641-68ad0433d998/userFiles-d1cf37b5-0e94-447e-a402-4b08f2de0e0a/fetchFileTemp10624359466310036524.tmp has been previously copied to /tmp/spark-e4e0d4c6-c910-4cf5-8641-68ad0433d998/userFiles-d1cf37b5-0e94-447e-a402-4b08f2de0e0a/software.amazon.awssdk_bundle-2.24.6.jar
[2025-09-09T15:20:06.200+0000] {spark_submit.py:521} INFO - 25/09/09 15:20:06 INFO Executor: Told to re-register on heartbeat
[2025-09-09T15:20:06.201+0000] {spark_submit.py:521} INFO - 25/09/09 15:20:06 INFO BlockManager: BlockManager null re-registering with master
[2025-09-09T15:20:06.204+0000] {spark_submit.py:521} INFO - 25/09/09 15:20:06 INFO BlockManagerMaster: Registering BlockManager null
[2025-09-09T15:20:06.209+0000] {spark_submit.py:521} INFO - 25/09/09 15:20:06 ERROR Inbox: Ignoring error
[2025-09-09T15:20:06.210+0000] {spark_submit.py:521} INFO - java.lang.NullPointerException: Cannot invoke "org.apache.spark.storage.BlockManagerId.executorId()" because "idWithoutTopologyInfo" is null
[2025-09-09T15:20:06.212+0000] {spark_submit.py:521} INFO - at org.apache.spark.storage.BlockManagerMasterEndpoint.org$apache$spark$storage$BlockManagerMasterEndpoint$$register(BlockManagerMasterEndpoint.scala:689)
[2025-09-09T15:20:06.214+0000] {spark_submit.py:521} INFO - at org.apache.spark.storage.BlockManagerMasterEndpoint$$anonfun$receiveAndReply$1.applyOrElse(BlockManagerMasterEndpoint.scala:141)
[2025-09-09T15:20:06.214+0000] {spark_submit.py:521} INFO - at org.apache.spark.rpc.netty.Inbox.$anonfun$process$1(Inbox.scala:104)
[2025-09-09T15:20:06.215+0000] {spark_submit.py:521} INFO - at org.apache.spark.rpc.netty.Inbox.safelyCall(Inbox.scala:216)
[2025-09-09T15:20:06.216+0000] {spark_submit.py:521} INFO - at org.apache.spark.rpc.netty.Inbox.process(Inbox.scala:101)
[2025-09-09T15:20:06.218+0000] {spark_submit.py:521} INFO - at org.apache.spark.rpc.netty.MessageLoop.org$apache$spark$rpc$netty$MessageLoop$$receiveLoop(MessageLoop.scala:76)
[2025-09-09T15:20:06.220+0000] {spark_submit.py:521} INFO - at org.apache.spark.rpc.netty.MessageLoop$$anon$1.run(MessageLoop.scala:42)
[2025-09-09T15:20:06.222+0000] {spark_submit.py:521} INFO - at java.base/java.util.concurrent.ThreadPoolExecutor.runWorker(ThreadPoolExecutor.java:1136)
[2025-09-09T15:20:06.227+0000] {spark_submit.py:521} INFO - at java.base/java.util.concurrent.ThreadPoolExecutor$Worker.run(ThreadPoolExecutor.java:635)
[2025-09-09T15:20:06.234+0000] {spark_submit.py:521} INFO - at java.base/java.lang.Thread.run(Thread.java:840)
[2025-09-09T15:20:06.235+0000] {spark_submit.py:521} INFO - 25/09/09 15:20:06 WARN Executor: Issue communicating with driver in heartbeater
[2025-09-09T15:20:06.236+0000] {spark_submit.py:521} INFO - org.apache.spark.SparkException: Exception thrown in awaitResult:
[2025-09-09T15:20:06.236+0000] {spark_submit.py:521} INFO - at org.apache.spark.util.SparkThreadUtils$.awaitResult(SparkThreadUtils.scala:53)
[2025-09-09T15:20:06.236+0000] {spark_submit.py:521} INFO - at org.apache.spark.util.ThreadUtils$.awaitResult(ThreadUtils.scala:342)
[2025-09-09T15:20:06.236+0000] {spark_submit.py:521} INFO - at org.apache.spark.rpc.RpcTimeout.awaitResult(RpcTimeout.scala:75)
[2025-09-09T15:20:06.237+0000] {spark_submit.py:521} INFO - at org.apache.spark.rpc.RpcEndpointRef.askSync(RpcEndpointRef.scala:101)
[2025-09-09T15:20:06.237+0000] {spark_submit.py:521} INFO - at org.apache.spark.rpc.RpcEndpointRef.askSync(RpcEndpointRef.scala:85)
[2025-09-09T15:20:06.237+0000] {spark_submit.py:521} INFO - at org.apache.spark.storage.BlockManagerMaster.registerBlockManager(BlockManagerMaster.scala:81)
[2025-09-09T15:20:06.238+0000] {spark_submit.py:521} INFO - at org.apache.spark.storage.BlockManager.reregister(BlockManager.scala:669)
[2025-09-09T15:20:06.238+0000] {spark_submit.py:521} INFO - at org.apache.spark.executor.Executor.reportHeartBeat(Executor.scala:1296)
[2025-09-09T15:20:06.238+0000] {spark_submit.py:521} INFO - at org.apache.spark.executor.Executor.$anonfun$heartbeater$1(Executor.scala:307)
[2025-09-09T15:20:06.239+0000] {spark_submit.py:521} INFO - at scala.runtime.java8.JFunction0$mcV$sp.apply(JFunction0$mcV$sp.scala:18)
[2025-09-09T15:20:06.239+0000] {spark_submit.py:521} INFO - at org.apache.spark.util.Utils$.logUncaughtExceptions(Utils.scala:1937)
[2025-09-09T15:20:06.243+0000] {spark_submit.py:521} INFO - at org.apache.spark.Heartbeater$$anon$1.run(Heartbeater.scala:46)
[2025-09-09T15:20:06.244+0000] {spark_submit.py:521} INFO - at java.base/java.util.concurrent.Executors$RunnableAdapter.call(Executors.java:539)
[2025-09-09T15:20:06.244+0000] {spark_submit.py:521} INFO - at java.base/java.util.concurrent.FutureTask.runAndReset(FutureTask.java:305)
[2025-09-09T15:20:06.245+0000] {spark_submit.py:521} INFO - at java.base/java.util.concurrent.ScheduledThreadPoolExecutor$ScheduledFutureTask.run(ScheduledThreadPoolExecutor.java:305)
[2025-09-09T15:20:06.245+0000] {spark_submit.py:521} INFO - at java.base/java.util.concurrent.ThreadPoolExecutor.runWorker(ThreadPoolExecutor.java:1136)
[2025-09-09T15:20:06.246+0000] {spark_submit.py:521} INFO - at java.base/java.util.concurrent.ThreadPoolExecutor$Worker.run(ThreadPoolExecutor.java:635)
[2025-09-09T15:20:06.247+0000] {spark_submit.py:521} INFO - at java.base/java.lang.Thread.run(Thread.java:840)
[2025-09-09T15:20:06.247+0000] {spark_submit.py:521} INFO - Caused by: java.lang.NullPointerException: Cannot invoke "org.apache.spark.storage.BlockManagerId.executorId()" because "idWithoutTopologyInfo" is null
[2025-09-09T15:20:06.247+0000] {spark_submit.py:521} INFO - at org.apache.spark.storage.BlockManagerMasterEndpoint.org$apache$spark$storage$BlockManagerMasterEndpoint$$register(BlockManagerMasterEndpoint.scala:689)
[2025-09-09T15:20:06.248+0000] {spark_submit.py:521} INFO - at org.apache.spark.storage.BlockManagerMasterEndpoint$$anonfun$receiveAndReply$1.applyOrElse(BlockManagerMasterEndpoint.scala:141)
[2025-09-09T15:20:06.248+0000] {spark_submit.py:521} INFO - at org.apache.spark.rpc.netty.Inbox.$anonfun$process$1(Inbox.scala:104)
[2025-09-09T15:20:06.249+0000] {spark_submit.py:521} INFO - at org.apache.spark.rpc.netty.Inbox.safelyCall(Inbox.scala:216)
[2025-09-09T15:20:06.249+0000] {spark_submit.py:521} INFO - at org.apache.spark.rpc.netty.Inbox.process(Inbox.scala:101)
[2025-09-09T15:20:06.271+0000] {spark_submit.py:521} INFO - at org.apache.spark.rpc.netty.MessageLoop.org$apache$spark$rpc$netty$MessageLoop$$receiveLoop(MessageLoop.scala:76)
[2025-09-09T15:20:06.271+0000] {spark_submit.py:521} INFO - at org.apache.spark.rpc.netty.MessageLoop$$anon$1.run(MessageLoop.scala:42)
[2025-09-09T15:20:06.274+0000] {spark_submit.py:521} INFO - ... 3 more
[2025-09-09T15:20:06.320+0000] {spark_submit.py:521} INFO - 25/09/09 15:20:06 INFO Executor: Adding file:/tmp/spark-e4e0d4c6-c910-4cf5-8641-68ad0433d998/userFiles-d1cf37b5-0e94-447e-a402-4b08f2de0e0a/software.amazon.awssdk_bundle-2.24.6.jar to class loader default
[2025-09-09T15:20:06.320+0000] {spark_submit.py:521} INFO - 25/09/09 15:20:06 INFO Executor: Fetching spark://118acb478e13:36775/jars/org.apache.hadoop_hadoop-aws-3.4.1.jar with timestamp 1757431159131
[2025-09-09T15:20:06.326+0000] {spark_submit.py:521} INFO - 25/09/09 15:20:06 INFO Utils: Fetching spark://118acb478e13:36775/jars/org.apache.hadoop_hadoop-aws-3.4.1.jar to /tmp/spark-e4e0d4c6-c910-4cf5-8641-68ad0433d998/userFiles-d1cf37b5-0e94-447e-a402-4b08f2de0e0a/fetchFileTemp2315759908206200590.tmp
[2025-09-09T15:20:06.334+0000] {spark_submit.py:521} INFO - 25/09/09 15:20:06 INFO Utils: /tmp/spark-e4e0d4c6-c910-4cf5-8641-68ad0433d998/userFiles-d1cf37b5-0e94-447e-a402-4b08f2de0e0a/fetchFileTemp2315759908206200590.tmp has been previously copied to /tmp/spark-e4e0d4c6-c910-4cf5-8641-68ad0433d998/userFiles-d1cf37b5-0e94-447e-a402-4b08f2de0e0a/org.apache.hadoop_hadoop-aws-3.4.1.jar
[2025-09-09T15:20:06.382+0000] {spark_submit.py:521} INFO - 25/09/09 15:20:06 INFO Executor: Adding file:/tmp/spark-e4e0d4c6-c910-4cf5-8641-68ad0433d998/userFiles-d1cf37b5-0e94-447e-a402-4b08f2de0e0a/org.apache.hadoop_hadoop-aws-3.4.1.jar to class loader default
[2025-09-09T15:20:06.383+0000] {spark_submit.py:521} INFO - 25/09/09 15:20:06 INFO Executor: Fetching spark://118acb478e13:36775/jars/org.wildfly.openssl_wildfly-openssl-1.1.3.Final.jar with timestamp 1757431159131
[2025-09-09T15:20:06.384+0000] {spark_submit.py:521} INFO - 25/09/09 15:20:06 INFO Utils: Fetching spark://118acb478e13:36775/jars/org.wildfly.openssl_wildfly-openssl-1.1.3.Final.jar to /tmp/spark-e4e0d4c6-c910-4cf5-8641-68ad0433d998/userFiles-d1cf37b5-0e94-447e-a402-4b08f2de0e0a/fetchFileTemp13008221973272812720.tmp
[2025-09-09T15:20:06.393+0000] {spark_submit.py:521} INFO - 25/09/09 15:20:06 INFO Utils: /tmp/spark-e4e0d4c6-c910-4cf5-8641-68ad0433d998/userFiles-d1cf37b5-0e94-447e-a402-4b08f2de0e0a/fetchFileTemp13008221973272812720.tmp has been previously copied to /tmp/spark-e4e0d4c6-c910-4cf5-8641-68ad0433d998/userFiles-d1cf37b5-0e94-447e-a402-4b08f2de0e0a/org.wildfly.openssl_wildfly-openssl-1.1.3.Final.jar
[2025-09-09T15:20:06.420+0000] {spark_submit.py:521} INFO - 25/09/09 15:20:06 INFO Executor: Adding file:/tmp/spark-e4e0d4c6-c910-4cf5-8641-68ad0433d998/userFiles-d1cf37b5-0e94-447e-a402-4b08f2de0e0a/org.wildfly.openssl_wildfly-openssl-1.1.3.Final.jar to class loader default
[2025-09-09T15:20:06.463+0000] {spark_submit.py:521} INFO - 25/09/09 15:20:06 INFO Utils: Successfully started service 'org.apache.spark.network.netty.NettyBlockTransferService' on port 42373.
[2025-09-09T15:20:06.466+0000] {spark_submit.py:521} INFO - 25/09/09 15:20:06 INFO NettyBlockTransferService: Server created on 118acb478e13:42373
[2025-09-09T15:20:06.472+0000] {spark_submit.py:521} INFO - 25/09/09 15:20:06 INFO BlockManager: Using org.apache.spark.storage.RandomBlockReplicationPolicy for block replication policy
[2025-09-09T15:20:06.491+0000] {spark_submit.py:521} INFO - 25/09/09 15:20:06 INFO BlockManagerMaster: Registering BlockManager BlockManagerId(driver, 118acb478e13, 42373, None)
[2025-09-09T15:20:06.503+0000] {spark_submit.py:521} INFO - 25/09/09 15:20:06 INFO BlockManagerMasterEndpoint: Registering block manager 118acb478e13:42373 with 434.4 MiB RAM, BlockManagerId(driver, 118acb478e13, 42373, None)
[2025-09-09T15:20:06.511+0000] {spark_submit.py:521} INFO - 25/09/09 15:20:06 INFO BlockManagerMaster: Registered BlockManager BlockManagerId(driver, 118acb478e13, 42373, None)
[2025-09-09T15:20:06.511+0000] {spark_submit.py:521} INFO - 25/09/09 15:20:06 INFO BlockManager: Initialized BlockManager: BlockManagerId(driver, 118acb478e13, 42373, None)
[2025-09-09T15:20:09.618+0000] {spark_submit.py:521} INFO - 25/09/09 15:20:09 INFO SharedState: Setting hive.metastore.warehouse.dir ('null') to the value of spark.sql.warehouse.dir.
[2025-09-09T15:20:09.620+0000] {spark_submit.py:521} INFO - 25/09/09 15:20:09 INFO SharedState: Warehouse path is 'file:/opt/***/spark-warehouse'.
[2025-09-09T15:20:10.840+0000] {spark_submit.py:521} INFO - 25/09/09 15:20:10 WARN MetricsConfig: Cannot locate configuration: tried hadoop-metrics2-s3a-file-system.properties,hadoop-metrics2.properties
[2025-09-09T15:20:10.866+0000] {spark_submit.py:521} INFO - 25/09/09 15:20:10 INFO MetricsSystemImpl: Scheduled Metric snapshot period at 10 second(s).
[2025-09-09T15:20:10.873+0000] {spark_submit.py:521} INFO - 25/09/09 15:20:10 INFO MetricsSystemImpl: s3a-file-system metrics system started
[2025-09-09T15:20:11.026+0000] {spark_submit.py:521} INFO - SLF4J: Failed to load class "org.slf4j.impl.StaticLoggerBinder".
[2025-09-09T15:20:11.027+0000] {spark_submit.py:521} INFO - SLF4J: Defaulting to no-operation (NOP) logger implementation
[2025-09-09T15:20:11.027+0000] {spark_submit.py:521} INFO - SLF4J: See http://www.slf4j.org/codes.html#StaticLoggerBinder for further details.
[2025-09-09T15:20:12.364+0000] {spark_submit.py:521} INFO - 25/09/09 15:20:12 INFO HadoopFSUtils: Listing s3a://job/bronze/topcv/topcv_jobs.parquet with listFiles API
[2025-09-09T15:20:12.657+0000] {spark_submit.py:521} INFO - 25/09/09 15:20:12 INFO InMemoryFileIndex: It took 310 ms to list leaf files for 1 paths.
[2025-09-09T15:20:13.062+0000] {spark_submit.py:521} INFO - 25/09/09 15:20:13 INFO SparkContext: Starting job: parquet at NativeMethodAccessorImpl.java:0
[2025-09-09T15:20:13.081+0000] {spark_submit.py:521} INFO - 25/09/09 15:20:13 INFO DAGScheduler: Got job 0 (parquet at NativeMethodAccessorImpl.java:0) with 1 output partitions
[2025-09-09T15:20:13.084+0000] {spark_submit.py:521} INFO - 25/09/09 15:20:13 INFO DAGScheduler: Final stage: ResultStage 0 (parquet at NativeMethodAccessorImpl.java:0)
[2025-09-09T15:20:13.085+0000] {spark_submit.py:521} INFO - 25/09/09 15:20:13 INFO DAGScheduler: Parents of final stage: List()
[2025-09-09T15:20:13.089+0000] {spark_submit.py:521} INFO - 25/09/09 15:20:13 INFO DAGScheduler: Missing parents: List()
[2025-09-09T15:20:13.094+0000] {spark_submit.py:521} INFO - 25/09/09 15:20:13 INFO DAGScheduler: Submitting ResultStage 0 (MapPartitionsRDD[1] at parquet at NativeMethodAccessorImpl.java:0), which has no missing parents
[2025-09-09T15:20:13.140+0000] {spark_submit.py:521} INFO - 25/09/09 15:20:13 INFO MemoryStore: MemoryStore started with capacity 434.4 MiB
[2025-09-09T15:20:13.159+0000] {spark_submit.py:521} INFO - 25/09/09 15:20:13 INFO MemoryStore: Block broadcast_0 stored as values in memory (estimated size 117.1 KiB, free 434.3 MiB)
[2025-09-09T15:20:13.241+0000] {spark_submit.py:521} INFO - 25/09/09 15:20:13 INFO MemoryStore: Block broadcast_0_piece0 stored as bytes in memory (estimated size 42.2 KiB, free 434.2 MiB)
[2025-09-09T15:20:13.252+0000] {spark_submit.py:521} INFO - 25/09/09 15:20:13 INFO SparkContext: Created broadcast 0 from broadcast at DAGScheduler.scala:1676
[2025-09-09T15:20:13.274+0000] {spark_submit.py:521} INFO - 25/09/09 15:20:13 INFO DAGScheduler: Submitting 1 missing tasks from ResultStage 0 (MapPartitionsRDD[1] at parquet at NativeMethodAccessorImpl.java:0) (first 15 tasks are for partitions Vector(0))
[2025-09-09T15:20:13.278+0000] {spark_submit.py:521} INFO - 25/09/09 15:20:13 INFO TaskSchedulerImpl: Adding task set 0.0 with 1 tasks resource profile 0
[2025-09-09T15:20:13.313+0000] {spark_submit.py:521} INFO - 25/09/09 15:20:13 INFO TaskSetManager: Starting task 0.0 in stage 0.0 (TID 0) (118acb478e13,executor driver, partition 0, PROCESS_LOCAL, 10743 bytes)
[2025-09-09T15:20:13.334+0000] {spark_submit.py:521} INFO - 25/09/09 15:20:13 INFO Executor: Running task 0.0 in stage 0.0 (TID 0)
[2025-09-09T15:20:13.839+0000] {spark_submit.py:521} INFO - 25/09/09 15:20:13 INFO Executor: Finished task 0.0 in stage 0.0 (TID 0). 3044 bytes result sent to driver
[2025-09-09T15:20:13.849+0000] {spark_submit.py:521} INFO - 25/09/09 15:20:13 INFO TaskSetManager: Finished task 0.0 in stage 0.0 (TID 0) in 551 ms on 118acb478e13 (executor driver) (1/1)
[2025-09-09T15:20:13.853+0000] {spark_submit.py:521} INFO - 25/09/09 15:20:13 INFO TaskSchedulerImpl: Removed TaskSet 0.0 whose tasks have all completed, from pool
[2025-09-09T15:20:13.859+0000] {spark_submit.py:521} INFO - 25/09/09 15:20:13 INFO DAGScheduler: ResultStage 0 (parquet at NativeMethodAccessorImpl.java:0) finished in 746 ms
[2025-09-09T15:20:13.861+0000] {spark_submit.py:521} INFO - 25/09/09 15:20:13 INFO DAGScheduler: Job 0 is finished. Cancelling potential speculative or zombie tasks for this job
[2025-09-09T15:20:13.861+0000] {spark_submit.py:521} INFO - 25/09/09 15:20:13 INFO TaskSchedulerImpl: Canceling stage 0
[2025-09-09T15:20:13.862+0000] {spark_submit.py:521} INFO - 25/09/09 15:20:13 INFO TaskSchedulerImpl: Killing all running tasks in stage 0: Stage finished
[2025-09-09T15:20:13.864+0000] {spark_submit.py:521} INFO - 25/09/09 15:20:13 INFO DAGScheduler: Job 0 finished: parquet at NativeMethodAccessorImpl.java:0, took 801.518785 ms
[2025-09-09T15:20:14.582+0000] {spark_submit.py:521} INFO - 25/09/09 15:20:14 INFO FileSourceStrategy: Pushed Filters:
[2025-09-09T15:20:14.587+0000] {spark_submit.py:521} INFO - 25/09/09 15:20:14 INFO FileSourceStrategy: Post-Scan Filters: Set()
[2025-09-09T15:20:15.222+0000] {spark_submit.py:521} INFO - 25/09/09 15:20:15 INFO CodeGenerator: Code generated in 249.962571 ms
[2025-09-09T15:20:15.255+0000] {spark_submit.py:521} INFO - 25/09/09 15:20:15 INFO MemoryStore: Block broadcast_1 stored as values in memory (estimated size 222.4 KiB, free 434.2 MiB)
[2025-09-09T15:20:15.269+0000] {spark_submit.py:521} INFO - 25/09/09 15:20:15 INFO MemoryStore: Block broadcast_1_piece0 stored as bytes in memory (estimated size 40.5 KiB, free 434.1 MiB)
[2025-09-09T15:20:15.271+0000] {spark_submit.py:521} INFO - 25/09/09 15:20:15 INFO SparkContext: Created broadcast 1 from showString at NativeMethodAccessorImpl.java:0
[2025-09-09T15:20:15.292+0000] {spark_submit.py:521} INFO - 25/09/09 15:20:15 INFO FileSourceScanExec: Planning scan with bin packing, max size: 4194304 bytes, open cost is considered as scanning 4194304 bytes.
[2025-09-09T15:20:15.349+0000] {spark_submit.py:521} INFO - 25/09/09 15:20:15 INFO SparkContext: Starting job: showString at NativeMethodAccessorImpl.java:0
[2025-09-09T15:20:15.350+0000] {spark_submit.py:521} INFO - 25/09/09 15:20:15 INFO DAGScheduler: Got job 1 (showString at NativeMethodAccessorImpl.java:0) with 1 output partitions
[2025-09-09T15:20:15.351+0000] {spark_submit.py:521} INFO - 25/09/09 15:20:15 INFO DAGScheduler: Final stage: ResultStage 1 (showString at NativeMethodAccessorImpl.java:0)
[2025-09-09T15:20:15.351+0000] {spark_submit.py:521} INFO - 25/09/09 15:20:15 INFO DAGScheduler: Parents of final stage: List()
[2025-09-09T15:20:15.351+0000] {spark_submit.py:521} INFO - 25/09/09 15:20:15 INFO DAGScheduler: Missing parents: List()
[2025-09-09T15:20:15.355+0000] {spark_submit.py:521} INFO - 25/09/09 15:20:15 INFO DAGScheduler: Submitting ResultStage 1 (MapPartitionsRDD[5] at showString at NativeMethodAccessorImpl.java:0), which has no missing parents
[2025-09-09T15:20:15.388+0000] {spark_submit.py:521} INFO - 25/09/09 15:20:15 INFO MemoryStore: Block broadcast_2 stored as values in memory (estimated size 34.8 KiB, free 434.1 MiB)
[2025-09-09T15:20:15.453+0000] {spark_submit.py:521} INFO - 25/09/09 15:20:15 INFO MemoryStore: Block broadcast_2_piece0 stored as bytes in memory (estimated size 10.6 KiB, free 434.1 MiB)
[2025-09-09T15:20:15.458+0000] {spark_submit.py:521} INFO - 25/09/09 15:20:15 INFO SparkContext: Created broadcast 2 from broadcast at DAGScheduler.scala:1676
[2025-09-09T15:20:15.459+0000] {spark_submit.py:521} INFO - 25/09/09 15:20:15 INFO DAGScheduler: Submitting 1 missing tasks from ResultStage 1 (MapPartitionsRDD[5] at showString at NativeMethodAccessorImpl.java:0) (first 15 tasks are for partitions Vector(0))
[2025-09-09T15:20:15.460+0000] {spark_submit.py:521} INFO - 25/09/09 15:20:15 INFO TaskSchedulerImpl: Adding task set 1.0 with 1 tasks resource profile 0
[2025-09-09T15:20:15.466+0000] {spark_submit.py:521} INFO - 25/09/09 15:20:15 INFO TaskSetManager: Starting task 0.0 in stage 1.0 (TID 1) (118acb478e13,executor driver, partition 0, PROCESS_LOCAL, 11184 bytes)
[2025-09-09T15:20:15.475+0000] {spark_submit.py:521} INFO - 25/09/09 15:20:15 INFO Executor: Running task 0.0 in stage 1.0 (TID 1)
[2025-09-09T15:20:15.729+0000] {spark_submit.py:521} INFO - 25/09/09 15:20:15 INFO CodeGenerator: Code generated in 199.638045 ms
[2025-09-09T15:20:15.737+0000] {spark_submit.py:521} INFO - 25/09/09 15:20:15 INFO FileScanRDD: Reading File path: s3a://job/bronze/topcv/topcv_jobs.parquet, range: 0-56841, partition values: [empty row]
[2025-09-09T15:20:16.012+0000] {spark_submit.py:521} INFO - 25/09/09 15:20:16 INFO CodecPool: Got brand-new decompressor [.snappy]
[2025-09-09T15:20:16.229+0000] {spark_submit.py:521} INFO - 25/09/09 15:20:16 INFO Executor: Finished task 0.0 in stage 1.0 (TID 1). 28283 bytes result sent to driver
[2025-09-09T15:20:16.229+0000] {spark_submit.py:521} INFO - 25/09/09 15:20:16 INFO TaskSetManager: Finished task 0.0 in stage 1.0 (TID 1) in 759 ms on 118acb478e13 (executor driver) (1/1)
[2025-09-09T15:20:16.230+0000] {spark_submit.py:521} INFO - 25/09/09 15:20:16 INFO DAGScheduler: ResultStage 1 (showString at NativeMethodAccessorImpl.java:0) finished in 864 ms
[2025-09-09T15:20:16.234+0000] {spark_submit.py:521} INFO - 25/09/09 15:20:16 INFO DAGScheduler: Job 1 is finished. Cancelling potential speculative or zombie tasks for this job
[2025-09-09T15:20:16.243+0000] {spark_submit.py:521} INFO - 25/09/09 15:20:16 INFO TaskSchedulerImpl: Removed TaskSet 1.0 whose tasks have all completed, from pool
[2025-09-09T15:20:16.245+0000] {spark_submit.py:521} INFO - 25/09/09 15:20:16 INFO TaskSchedulerImpl: Canceling stage 1
[2025-09-09T15:20:16.247+0000] {spark_submit.py:521} INFO - 25/09/09 15:20:16 INFO TaskSchedulerImpl: Killing all running tasks in stage 1: Stage finished
[2025-09-09T15:20:16.248+0000] {spark_submit.py:521} INFO - 25/09/09 15:20:16 INFO DAGScheduler: Job 1 finished: showString at NativeMethodAccessorImpl.java:0, took 880.215304 ms
[2025-09-09T15:20:16.370+0000] {spark_submit.py:521} INFO - 25/09/09 15:20:16 INFO CodeGenerator: Code generated in 31.120224 ms
[2025-09-09T15:20:16.426+0000] {spark_submit.py:521} INFO - 25/09/09 15:20:16 INFO SparkContext: SparkContext is stopping with exitCode 0 from stop at NativeMethodAccessorImpl.java:0.
[2025-09-09T15:20:16.428+0000] {spark_submit.py:521} INFO - +---+--------------------+--------------------+---------------+---------------+-------------+--------------------+-------------+--------------------+--------------------+--------------------+------------------+-------------+-----------+--------------+--------------+--------------+--------------------+--------------------+--------------------+--------------------+--------------------+
[2025-09-09T15:20:16.431+0000] {spark_submit.py:521} INFO - | id|               title|        company_name|         salary|           city|          yoe|     deadline_submit|main_industry|         description|        requirements|        work_address|      company_size|  major_field|      level|num_of_recruit|     work_form|gender_require|     relation_fields|              skills|                area|         update_time|         remain_time|
[2025-09-09T15:20:16.433+0000] {spark_submit.py:521} INFO - +---+--------------------+--------------------+---------------+---------------+-------------+--------------------+-------------+--------------------+--------------------+--------------------+------------------+-------------+-----------+--------------+--------------+--------------+--------------------+--------------------+--------------------+--------------------+--------------------+
[2025-09-09T15:20:16.435+0000] {spark_submit.py:521} INFO - |  0|Senior Data Engin...|Ngn hng TMCP H...|  30 - 50 triu|  30 - 50 triu|        5 nm|Hn np h s: 27...|           []| Tham gia nghin...| Tt nghip i ...|            - H Ni|   5000+ nhn vin|    Ngn hng|  Nhn vin|       1 ngi|Ton thi gian|          NULL|[Cng ngh Thng ...|[Cng ngh Thng ...|            [H Ni]|Cp nht 2 gi trc|Cn 23 ngy  n...|
[2025-09-09T15:20:16.437+0000] {spark_submit.py:521} INFO - |  1|On Job Training D...|        FPT Software|     Tho thun|     Tho thun|Khng yu cu|Hn np h s: 01...|           []|We are looking fo...|Bachelor's degree...|- H Ch Minh: S...|  10000+ nhn vin|    Ti chnh|  Nhn vin|      15 ngi|Ton thi gian|          NULL|[Cng ngh Thng ...|[Cng ngh Thng ...|[H Ch Minh, Qu...|Cp nht 6 gi trc|Cn 58 ngy  n...|
[2025-09-09T15:20:16.437+0000] {spark_submit.py:521} INFO - |  2|K S D Liu Ln...|TP ON CNG NGH...|800 - 3,500 USD|800 - 3,500 USD|        2 nm|Hn np h s: 25...|           []|Tng Cng ty Vin...|Trnh  ting an...|- H Ni: Tng 42...|   5000+ nhn vin|   Vin thng|  Nhn vin|       5 ngi|Ton thi gian|          NULL|[Cng ngh Thng ...|[Cng ngh Thng ...|[H Ni, Nam T L...|Cp nht 10 gi t...|Cn 21 ngy  n...|
[2025-09-09T15:20:16.438+0000] {spark_submit.py:521} INFO - |  3|       Data Engineer|Cng Ty Ti Chnh...|     Tho thun|     Tho thun|        3 nm|Hn np h s: 21...|           []|Design, build, an...|Bachelors Degree...|- H Ch Minh: 91...|   5000+ nhn vin|    Ti chnh|  Nhn vin|       1 ngi|Ton thi gian|          NULL|[Cng ngh Thng ...|[Cng ngh Thng ...|[H Ch Minh, Qu...|Cp nht 12 gi t...|Cn 17 ngy  n...|
[2025-09-09T15:20:16.438+0000] {spark_submit.py:521} INFO - |  4|Data Engineer - K...|NGN HNG THNG ...|           NULL|           NULL|         NULL|                NULL|           []|                NULL|                NULL|                NULL|              NULL|         NULL|       NULL|          NULL|          NULL|          NULL|                  []|                  []|                  []|Cp nht 23 gi t...|Cn 20 ngy  n...|
[2025-09-09T15:20:16.438+0000] {spark_submit.py:521} INFO - |  5|       Data Engineer|Cng ty C phn H...|     Tho thun|     Tho thun|        2 nm|Hn np h s: 31...|           []|Thit k v xy d...|- Kinh nghim vi...|- H Ni: Ta 319...|500-1000 nhn vin|IT - Phn mm|  Nhn vin|       5 ngi|Ton thi gian|          NULL|[Cng ngh Thng ...|[Cng ngh Thng ...|  [H Ni, Cu Giy]|Cp nht 12 pht ...|Cn 27 ngy  n...|
[2025-09-09T15:20:16.439+0000] {spark_submit.py:521} INFO - |  6|K S D Liu/ Da...|              EDUPIA|           NULL|           NULL|         NULL|                NULL|           []|                NULL|                NULL|                NULL|              NULL|         NULL|       NULL|          NULL|          NULL|          NULL|                  []|                  []|                  []|Cp nht 1 ngy t...|Cn 24 ngy  n...|
[2025-09-09T15:20:16.439+0000] {spark_submit.py:521} INFO - |  7|       Data Engineer|CNG TY C PHN I...|  Ti 1,000 USD|  Ti 1,000 USD|   Di 1 nm|Hn np h s: 30...|           []|Key Responsibilit...|Required Skills\n...|- H Ni: Tng 9,...| 100-499 nhn vin|IT - Phn mm|  Nhn vin|       1 ngi|Ton thi gian|          NULL|[Cng ngh Thng ...|[Cng ngh Thng ...|   [H Ni, ng a]|Cp nht 1 ngy t...|Cn 57 ngy  n...|
[2025-09-09T15:20:16.439+0000] {spark_submit.py:521} INFO - |  8|  Data Engineer (DA)|Cng Ty TNHH LG C...|     Tho thun|     Tho thun|        3 nm|Hn np h s: 31...|           []|Design, develop, ...|[Required]\n3+ ye...|- H Ni: Tng 15...| 100-499 nhn vin|IT - Phn mm|  Nhn vin|       1 ngi|Ton thi gian|          NULL|[Cng ngh Thng ...|[Cng ngh Thng ...|[H Ni, Nam T L...|Cp nht 2 ngy t...|Cn 27 ngy  n...|
[2025-09-09T15:20:16.439+0000] {spark_submit.py:521} INFO - |  9|Data Engineer (Bi...|CNG TY C PHN P...|  18 - 30 triu|  18 - 30 triu|        2 nm|Hn np h s: 31...|           []|Tham gia pht tri...|C nhn chuyn ng...|- H Ni: L Vn ...| 100-499 nhn vin|IT - Phn mm|  Nhn vin|       6 ngi|Ton thi gian|          NULL|[Cng ngh Thng ...|[Cng ngh Thng ...|[H Ni, Thanh Xun]|Cp nht 5 ngy t...|Cn 88 ngy  n...|
[2025-09-09T15:20:16.440+0000] {spark_submit.py:521} INFO - | 10|Data Engineer (Py...|Cng ty CP Kinh d...|  20 - 55 triu|  20 - 55 triu|        3 nm|Hn np h s: 31...|           []|A. M T CNG VI...|B. YU CU CNG V...|- H Ni: 275 Ngu...|   5000+ nhn vin|    Ti chnh|Trng nhm|       2 ngi|Ton thi gian|          NULL|[Cng ngh Thng ...|[Cng ngh Thng ...|[H Ni, Thanh Xun]|Cp nht 3 ngy t...|Cn 27 ngy  n...|
[2025-09-09T15:20:16.440+0000] {spark_submit.py:521} INFO - | 11|       Data Engineer|        FPT Software|     Tho thun|     Tho thun|        4 nm|Hn np h s: 30...|           []|ABOUT COMPANY\nA ...| 4+ years of exp...|-  Nng: Ta Nh...|  10000+ nhn vin|    Ti chnh|  Nhn vin|       1 ngi|Ton thi gian|          NULL|[Cng ngh Thng ...|[Cng ngh Thng ...|[ Nng, Ng Hn...|Cp nht 3 ngy t...|Cn 57 ngy  n...|
[2025-09-09T15:20:16.440+0000] {spark_submit.py:521} INFO - | 12|Data Engineer Cc...|cng ty c phn D...|     Tho thun|     Tho thun|        1 nm|Hn np h s: 16...|           []|- Thit k v ph...|- Tt nghip i ...|- H Ni: Tng 11...|   25-99 nhn vin|IT - Phn mm|  Nhn vin|       3 ngi|Ton thi gian|          NULL|[Cng ngh Thng ...|[Cng ngh Thng ...|   [H Ni, H ng]|Cp nht 4 ngy t...|Cn 12 ngy  n...|
[2025-09-09T15:20:16.441+0000] {spark_submit.py:521} INFO - | 13|       Data Engineer|CNG TY C PHN C...|  20 - 35 triu|  20 - 35 triu|        2 nm|Hn np h s: 30...|           []| Tham gia nghin...| Ti thiu 2 nm...|- H Ni: 06 Quan...|500-1000 nhn vin|IT - Phn mm|Trng nhm|       4 ngi|Ton thi gian|          NULL|[Cng ngh Thng ...|[Cng ngh Thng ...|[H Ni, Hon Ki...|Cp nht 4 ngy t...|Cn 26 ngy  n...|
[2025-09-09T15:20:16.441+0000] {spark_submit.py:521} INFO - | 14|       Data Engineer|CNG TY TNHH GII...|     Tho thun|     Tho thun|        2 nm|Hn np h s: 13...|           []|1. Xy dng v qu...|Yu cu bt buc:...|- H Ch Minh: Ph...|   25-99 nhn vin|IT - Phn mm|  Nhn vin|       3 ngi|Ton thi gian|           Nam|[Cng ngh Thng ...|[Cng ngh Thng ...|[H Ch Minh, Ph...|Cp nht 1 tun t...|Cn 9 ngy  ng...|
[2025-09-09T15:20:16.442+0000] {spark_submit.py:521} INFO - | 15|Data Engineer (Ba...|Cng ty C phn C...|  25 - 35 triu|  25 - 35 triu|        2 nm|Hn np h s: 24...|           []|Tham gia pht tri...|Ti thiu 1.5 nm...|- H Ni: Quang T...| 100-499 nhn vin|IT - Phn mm|Trng nhm|       2 ngi|Ton thi gian|          NULL|[Cng ngh Thng ...|[Cng ngh Thng ...|[H Ni, Hon Ki...|Cp nht 1 tun t...|Cn 20 ngy  n...|
[2025-09-09T15:20:16.442+0000] {spark_submit.py:521} INFO - | 16|       Data Engineer|CNG TY C PHN C...|  20 - 36 triu|  20 - 36 triu|        2 nm|Hn np h s: 24...|           []|- Tham gia nghin...|Tt nghip i h...|            - H Ni|500-1000 nhn vin|IT - Phn mm|Trng nhm|       5 ngi|Ton thi gian|          NULL|[Cng ngh Thng ...|[Cng ngh Thng ...|            [H Ni]|Cp nht 1 tun t...|Cn 20 ngy  n...|
[2025-09-09T15:20:16.442+0000] {spark_submit.py:521} INFO - | 17|Data Engineer (Cl...|Cng ty TNHH Horu...|  15 - 25 triu|  15 - 25 triu|        1 nm|Hn np h s: 23...|           []|Tham gia thit k...|Ti thiu 1,5 nm...|- H Ni: VOV M ...| 100-499 nhn vin|IT - Phn mm|Trng nhm|       1 ngi|Ton thi gian|          NULL|[Cng ngh Thng ...|[Cng ngh Thng ...|[H Ni, Nam T L...|Cp nht 1 tun t...|Cn 19 ngy  n...|
[2025-09-09T15:20:16.442+0000] {spark_submit.py:521} INFO - | 18|Data Engineer - T...|CNG TY C PHN A...|     Tho thun|     Tho thun|        3 nm|Hn np h s: 09...|           []|Thit k, pht tr...|Tt nghip chuyn...|- H Ni: Trn H...| 100-499 nhn vin|IT - Phn mm|  Nhn vin|       1 ngi|Ton thi gian|          NULL|[Cng ngh Thng ...|[Cng ngh Thng ...| [H Ni, Hon Kim]|Cp nht 1 tun t...|Cn 5 ngy  ng...|
[2025-09-09T15:20:16.443+0000] {spark_submit.py:521} INFO - | 19|Data Engineer (C...|CNG TY C PHN C...|   9 - 15 triu|   9 - 15 triu|        1 nm|Hn np h s: 09...|           []|X l, lm sch d...|C 1 nm kinh ngh...|- Hng Yn: Trung...| 100-499 nhn vin|IT - Phn mm|  Nhn vin|       1 ngi|Ton thi gian|          NULL|[Cng ngh Thng ...|[Cng ngh Thng ...|[Hng Yn, Yn M...|Cp nht 1 tun t...|Cn 5 ngy  ng...|
[2025-09-09T15:20:16.443+0000] {spark_submit.py:521} INFO - +---+--------------------+--------------------+---------------+---------------+-------------+--------------------+-------------+--------------------+--------------------+--------------------+------------------+-------------+-----------+--------------+--------------+--------------+--------------------+--------------------+--------------------+--------------------+--------------------+
[2025-09-09T15:20:16.443+0000] {spark_submit.py:521} INFO - only showing top 20 rows
[2025-09-09T15:20:16.461+0000] {spark_submit.py:521} INFO - 25/09/09 15:20:16 INFO SparkUI: Stopped Spark web UI at http://118acb478e13:4040
[2025-09-09T15:20:16.480+0000] {spark_submit.py:521} INFO - 25/09/09 15:20:16 INFO MapOutputTrackerMasterEndpoint: MapOutputTrackerMasterEndpoint stopped!
[2025-09-09T15:20:16.509+0000] {spark_submit.py:521} INFO - 25/09/09 15:20:16 INFO MemoryStore: MemoryStore cleared
[2025-09-09T15:20:16.509+0000] {spark_submit.py:521} INFO - 25/09/09 15:20:16 INFO BlockManager: BlockManager stopped
[2025-09-09T15:20:16.512+0000] {spark_submit.py:521} INFO - 25/09/09 15:20:16 INFO BlockManagerMaster: BlockManagerMaster stopped
[2025-09-09T15:20:16.515+0000] {spark_submit.py:521} INFO - 25/09/09 15:20:16 INFO OutputCommitCoordinator$OutputCommitCoordinatorEndpoint: OutputCommitCoordinator stopped!
[2025-09-09T15:20:16.531+0000] {spark_submit.py:521} INFO - 25/09/09 15:20:16 INFO SparkContext: Successfully stopped SparkContext
[2025-09-09T15:20:17.911+0000] {spark_submit.py:521} INFO - 25/09/09 15:20:17 INFO ShutdownHookManager: Shutdown hook called
[2025-09-09T15:20:17.911+0000] {spark_submit.py:521} INFO - 25/09/09 15:20:17 INFO ShutdownHookManager: Deleting directory /tmp/spark-22d76ce5-ec03-4047-8cc2-21ae7d903771
[2025-09-09T15:20:17.923+0000] {spark_submit.py:521} INFO - 25/09/09 15:20:17 INFO ShutdownHookManager: Deleting directory /tmp/spark-e4e0d4c6-c910-4cf5-8641-68ad0433d998
[2025-09-09T15:20:17.943+0000] {spark_submit.py:521} INFO - 25/09/09 15:20:17 INFO ShutdownHookManager: Deleting directory /tmp/spark-e4e0d4c6-c910-4cf5-8641-68ad0433d998/pyspark-8e10b11b-286a-4a64-a12f-ee6e0c85b011
[2025-09-09T15:20:17.958+0000] {spark_submit.py:521} INFO - 25/09/09 15:20:17 INFO ShutdownHookManager: Deleting directory /tmp/artifacts-be52855e-1bd8-4577-b792-5ad6280e167e
[2025-09-09T15:20:17.980+0000] {spark_submit.py:521} INFO - 25/09/09 15:20:17 INFO MetricsSystemImpl: Stopping s3a-file-system metrics system...
[2025-09-09T15:20:17.981+0000] {spark_submit.py:521} INFO - 25/09/09 15:20:17 INFO MetricsSystemImpl: s3a-file-system metrics system stopped.
[2025-09-09T15:20:17.982+0000] {spark_submit.py:521} INFO - 25/09/09 15:20:17 INFO MetricsSystemImpl: s3a-file-system metrics system shutdown complete.
[2025-09-09T15:20:18.443+0000] {taskinstance.py:441} INFO - ::group::Post task execution logs
[2025-09-09T15:20:19.020+0000] {taskinstance.py:1206} INFO - Marking task as SUCCESS. dag_id=spark_transform_pipeline, task_id=silver_group.silver_topcv_transform, run_id=manual__2025-09-09T15:18:29.910255+00:00, execution_date=20250909T151829, start_date=20250909T151837, end_date=20250909T152019
[2025-09-09T15:20:19.342+0000] {local_task_job_runner.py:240} INFO - Task exited with return code 0
[2025-09-09T15:20:19.775+0000] {taskinstance.py:3498} INFO - 0 downstream tasks scheduled from follow-on schedule check
[2025-09-09T15:20:19.779+0000] {local_task_job_runner.py:222} INFO - ::endgroup::
