[2025-08-13T06:54:44.487+0000] {local_task_job_runner.py:120} INFO - ::group::Pre task execution logs
[2025-08-13T06:54:44.529+0000] {taskinstance.py:2076} INFO - Dependencies all met for dep_context=non-requeueable deps ti=<TaskInstance: spark_transform_pipeline.silver_topcv_transform manual__2025-08-13T06:54:40.672090+00:00 [queued]>
[2025-08-13T06:54:44.538+0000] {taskinstance.py:2076} INFO - Dependencies all met for dep_context=requeueable deps ti=<TaskInstance: spark_transform_pipeline.silver_topcv_transform manual__2025-08-13T06:54:40.672090+00:00 [queued]>
[2025-08-13T06:54:44.538+0000] {taskinstance.py:2306} INFO - Starting attempt 1 of 1
[2025-08-13T06:54:44.552+0000] {taskinstance.py:2330} INFO - Executing <Task(SparkSubmitOperator): silver_topcv_transform> on 2025-08-13 06:54:40.672090+00:00
[2025-08-13T06:54:44.562+0000] {standard_task_runner.py:63} INFO - Started process 1235 to run task
[2025-08-13T06:54:44.567+0000] {standard_task_runner.py:90} INFO - Running: ['***', 'tasks', 'run', 'spark_transform_pipeline', 'silver_topcv_transform', 'manual__2025-08-13T06:54:40.672090+00:00', '--job-id', '88', '--raw', '--subdir', 'DAGS_FOLDER/etl_jobs_dag.py', '--cfg-path', '/tmp/tmpb_7rix7q']
[2025-08-13T06:54:44.572+0000] {standard_task_runner.py:91} INFO - Job 88: Subtask silver_topcv_transform
[2025-08-13T06:54:44.720+0000] {task_command.py:426} INFO - Running <TaskInstance: spark_transform_pipeline.silver_topcv_transform manual__2025-08-13T06:54:40.672090+00:00 [running]> on host 689c6879ed29
[2025-08-13T06:54:44.870+0000] {taskinstance.py:2648} INFO - Exporting env vars: AIRFLOW_CTX_DAG_OWNER='***' AIRFLOW_CTX_DAG_ID='spark_transform_pipeline' AIRFLOW_CTX_TASK_ID='silver_topcv_transform' AIRFLOW_CTX_EXECUTION_DATE='2025-08-13T06:54:40.672090+00:00' AIRFLOW_CTX_TRY_NUMBER='1' AIRFLOW_CTX_DAG_RUN_ID='manual__2025-08-13T06:54:40.672090+00:00'
[2025-08-13T06:54:44.872+0000] {taskinstance.py:430} INFO - ::endgroup::
[2025-08-13T06:54:44.920+0000] {base.py:84} INFO - Using connection ID 'spark_default' for task execution.
[2025-08-13T06:54:44.923+0000] {spark_submit.py:351} INFO - Spark-Submit cmd: spark-submit --master spark://spark-master:7077 --conf spark.master=spark://spark-master:7077 --conf spark.driver.extraClassPath=/opt/custom-jars/* --conf spark.executor.extraClassPath=/opt/custom-jars/* --conf spark.hadoop.fs.gs.impl=com.google.cloud.hadoop.fs.gcs.GoogleHadoopFileSystem --conf spark.hadoop.fs.AbstractFileSystem.gs.impl=com.google.cloud.hadoop.fs.gcs.GoogleHadoopFS --conf spark.hadoop.google.cloud.auth.service.account.enable=true --conf spark.hadoop.google.cloud.auth.service.account.json.keyfile=/opt/***/gcp-key.json --jars /opt/custom-jars/gcs-connector-hadoop3-2.2.14-shaded.jar --name arrow-spark --verbose /opt/spark-jobs/silver_topcv_transform.py
[2025-08-13T06:54:46.047+0000] {spark_submit.py:521} INFO - WARNING: Using incubator modules: jdk.incubator.vector
[2025-08-13T06:54:47.675+0000] {spark_submit.py:521} INFO - Parsed arguments:
[2025-08-13T06:54:47.675+0000] {spark_submit.py:521} INFO - master                  spark://spark-master:7077
[2025-08-13T06:54:47.676+0000] {spark_submit.py:521} INFO - remote                  null
[2025-08-13T06:54:47.676+0000] {spark_submit.py:521} INFO - deployMode              null
[2025-08-13T06:54:47.676+0000] {spark_submit.py:521} INFO - executorMemory          null
[2025-08-13T06:54:47.676+0000] {spark_submit.py:521} INFO - executorCores           null
[2025-08-13T06:54:47.677+0000] {spark_submit.py:521} INFO - totalExecutorCores      null
[2025-08-13T06:54:47.677+0000] {spark_submit.py:521} INFO - propertiesFile          null
[2025-08-13T06:54:47.677+0000] {spark_submit.py:521} INFO - driverMemory            null
[2025-08-13T06:54:47.677+0000] {spark_submit.py:521} INFO - driverCores             null
[2025-08-13T06:54:47.677+0000] {spark_submit.py:521} INFO - driverExtraClassPath    /opt/custom-jars/*
[2025-08-13T06:54:47.678+0000] {spark_submit.py:521} INFO - driverExtraLibraryPath  null
[2025-08-13T06:54:47.678+0000] {spark_submit.py:521} INFO - driverExtraJavaOptions  null
[2025-08-13T06:54:47.678+0000] {spark_submit.py:521} INFO - supervise               false
[2025-08-13T06:54:47.678+0000] {spark_submit.py:521} INFO - queue                   null
[2025-08-13T06:54:47.678+0000] {spark_submit.py:521} INFO - numExecutors            null
[2025-08-13T06:54:47.679+0000] {spark_submit.py:521} INFO - files                   null
[2025-08-13T06:54:47.679+0000] {spark_submit.py:521} INFO - pyFiles                 null
[2025-08-13T06:54:47.679+0000] {spark_submit.py:521} INFO - archives                null
[2025-08-13T06:54:47.679+0000] {spark_submit.py:521} INFO - mainClass               null
[2025-08-13T06:54:47.679+0000] {spark_submit.py:521} INFO - primaryResource         file:/opt/spark-jobs/silver_topcv_transform.py
[2025-08-13T06:54:47.679+0000] {spark_submit.py:521} INFO - name                    arrow-spark
[2025-08-13T06:54:47.680+0000] {spark_submit.py:521} INFO - childArgs               []
[2025-08-13T06:54:47.680+0000] {spark_submit.py:521} INFO - jars                    file:/opt/custom-jars/gcs-connector-hadoop3-2.2.14-shaded.jar
[2025-08-13T06:54:47.680+0000] {spark_submit.py:521} INFO - packages                null
[2025-08-13T06:54:47.680+0000] {spark_submit.py:521} INFO - packagesExclusions      null
[2025-08-13T06:54:47.680+0000] {spark_submit.py:521} INFO - repositories            null
[2025-08-13T06:54:47.681+0000] {spark_submit.py:521} INFO - verbose                 true
[2025-08-13T06:54:47.681+0000] {spark_submit.py:521} INFO - 
[2025-08-13T06:54:47.681+0000] {spark_submit.py:521} INFO - Spark properties used, including those specified through
[2025-08-13T06:54:47.681+0000] {spark_submit.py:521} INFO - --conf and those from the properties file null:
[2025-08-13T06:54:47.682+0000] {spark_submit.py:521} INFO - (spark.driver.extraClassPath,/opt/custom-jars/*)
[2025-08-13T06:54:47.682+0000] {spark_submit.py:521} INFO - (spark.executor.extraClassPath,/opt/custom-jars/*)
[2025-08-13T06:54:47.682+0000] {spark_submit.py:521} INFO - (spark.hadoop.fs.AbstractFileSystem.gs.impl,com.google.cloud.hadoop.fs.gcs.GoogleHadoopFS)
[2025-08-13T06:54:47.682+0000] {spark_submit.py:521} INFO - (spark.hadoop.fs.gs.impl,com.google.cloud.hadoop.fs.gcs.GoogleHadoopFileSystem)
[2025-08-13T06:54:47.682+0000] {spark_submit.py:521} INFO - (spark.hadoop.google.cloud.auth.service.account.enable,true)
[2025-08-13T06:54:47.682+0000] {spark_submit.py:521} INFO - (spark.hadoop.google.cloud.auth.service.account.json.keyfile,/opt/***/gcp-key.json)
[2025-08-13T06:54:47.683+0000] {spark_submit.py:521} INFO - (spark.master,spark://spark-master:7077)
[2025-08-13T06:54:47.683+0000] {spark_submit.py:521} INFO - 
[2025-08-13T06:54:47.683+0000] {spark_submit.py:521} INFO - 
[2025-08-13T06:54:47.918+0000] {spark_submit.py:521} INFO - 25/08/13 06:54:47 WARN NativeCodeLoader: Unable to load native-hadoop library for your platform... using builtin-java classes where applicable
[2025-08-13T06:54:48.431+0000] {spark_submit.py:521} INFO - Main class:
[2025-08-13T06:54:48.432+0000] {spark_submit.py:521} INFO - org.apache.spark.deploy.PythonRunner
[2025-08-13T06:54:48.433+0000] {spark_submit.py:521} INFO - Arguments:
[2025-08-13T06:54:48.433+0000] {spark_submit.py:521} INFO - file:/opt/spark-jobs/silver_topcv_transform.py
[2025-08-13T06:54:48.433+0000] {spark_submit.py:521} INFO - null
[2025-08-13T06:54:48.434+0000] {spark_submit.py:521} INFO - Spark config:
[2025-08-13T06:54:48.434+0000] {spark_submit.py:521} INFO - (spark.app.name,arrow-spark)
[2025-08-13T06:54:48.434+0000] {spark_submit.py:521} INFO - (spark.app.submitTime,1755068088417)
[2025-08-13T06:54:48.434+0000] {spark_submit.py:521} INFO - (spark.driver.extraClassPath,/opt/custom-jars/*)
[2025-08-13T06:54:48.434+0000] {spark_submit.py:521} INFO - (spark.executor.extraClassPath,/opt/custom-jars/*)
[2025-08-13T06:54:48.435+0000] {spark_submit.py:521} INFO - (spark.hadoop.fs.AbstractFileSystem.gs.impl,com.google.cloud.hadoop.fs.gcs.GoogleHadoopFS)
[2025-08-13T06:54:48.435+0000] {spark_submit.py:521} INFO - (spark.hadoop.fs.gs.impl,com.google.cloud.hadoop.fs.gcs.GoogleHadoopFileSystem)
[2025-08-13T06:54:48.435+0000] {spark_submit.py:521} INFO - (spark.hadoop.google.cloud.auth.service.account.enable,true)
[2025-08-13T06:54:48.435+0000] {spark_submit.py:521} INFO - (spark.hadoop.google.cloud.auth.service.account.json.keyfile,/opt/***/gcp-key.json)
[2025-08-13T06:54:48.436+0000] {spark_submit.py:521} INFO - (spark.jars,file:///opt/custom-jars/gcs-connector-hadoop3-2.2.14-shaded.jar)
[2025-08-13T06:54:48.436+0000] {spark_submit.py:521} INFO - (spark.master,spark://spark-master:7077)
[2025-08-13T06:54:48.436+0000] {spark_submit.py:521} INFO - (spark.repl.local.jars,file:///opt/custom-jars/gcs-connector-hadoop3-2.2.14-shaded.jar)
[2025-08-13T06:54:48.436+0000] {spark_submit.py:521} INFO - (spark.submit.deployMode,client)
[2025-08-13T06:54:48.437+0000] {spark_submit.py:521} INFO - (spark.submit.pyFiles,)
[2025-08-13T06:54:48.437+0000] {spark_submit.py:521} INFO - Classpath elements:
[2025-08-13T06:54:48.437+0000] {spark_submit.py:521} INFO - file:///opt/custom-jars/gcs-connector-hadoop3-2.2.14-shaded.jar
[2025-08-13T06:54:48.437+0000] {spark_submit.py:521} INFO - 
[2025-08-13T06:54:48.437+0000] {spark_submit.py:521} INFO - 
[2025-08-13T06:54:49.605+0000] {spark_submit.py:521} INFO - Using Spark's default log4j profile: org/apache/spark/log4j2-defaults.properties
[2025-08-13T06:54:49.608+0000] {spark_submit.py:521} INFO - 25/08/13 06:54:49 INFO SparkContext: Running Spark version 4.0.0
[2025-08-13T06:54:49.610+0000] {spark_submit.py:521} INFO - 25/08/13 06:54:49 INFO SparkContext: OS info Linux, 5.15.167.4-microsoft-standard-WSL2, amd64
[2025-08-13T06:54:49.611+0000] {spark_submit.py:521} INFO - 25/08/13 06:54:49 INFO SparkContext: Java version 17.0.15
[2025-08-13T06:54:49.632+0000] {spark_submit.py:521} INFO - 25/08/13 06:54:49 INFO ResourceUtils: ==============================================================
[2025-08-13T06:54:49.633+0000] {spark_submit.py:521} INFO - 25/08/13 06:54:49 INFO ResourceUtils: No custom resources configured for spark.driver.
[2025-08-13T06:54:49.633+0000] {spark_submit.py:521} INFO - 25/08/13 06:54:49 INFO ResourceUtils: ==============================================================
[2025-08-13T06:54:49.634+0000] {spark_submit.py:521} INFO - 25/08/13 06:54:49 INFO SparkContext: Submitted application: silver_topcv_transform
[2025-08-13T06:54:49.652+0000] {spark_submit.py:521} INFO - 25/08/13 06:54:49 INFO ResourceProfile: Default ResourceProfile created, executor resources: Map(memory -> name: memory, amount: 1024, script: , vendor: , offHeap -> name: offHeap, amount: 0, script: , vendor: ), task resources: Map(cpus -> name: cpus, amount: 1.0)
[2025-08-13T06:54:49.654+0000] {spark_submit.py:521} INFO - 25/08/13 06:54:49 INFO ResourceProfile: Limiting resource is cpu
[2025-08-13T06:54:49.654+0000] {spark_submit.py:521} INFO - 25/08/13 06:54:49 INFO ResourceProfileManager: Added ResourceProfile id: 0
[2025-08-13T06:54:49.693+0000] {spark_submit.py:521} INFO - 25/08/13 06:54:49 INFO SecurityManager: Changing view acls to: ***
[2025-08-13T06:54:49.694+0000] {spark_submit.py:521} INFO - 25/08/13 06:54:49 INFO SecurityManager: Changing modify acls to: ***
[2025-08-13T06:54:49.694+0000] {spark_submit.py:521} INFO - 25/08/13 06:54:49 INFO SecurityManager: Changing view acls groups to: ***
[2025-08-13T06:54:49.695+0000] {spark_submit.py:521} INFO - 25/08/13 06:54:49 INFO SecurityManager: Changing modify acls groups to: ***
[2025-08-13T06:54:49.696+0000] {spark_submit.py:521} INFO - 25/08/13 06:54:49 INFO SecurityManager: SecurityManager: authentication disabled; ui acls disabled; users with view permissions: *** groups with view permissions: EMPTY; users with modify permissions: ***; groups with modify permissions: EMPTY; RPC SSL disabled
[2025-08-13T06:54:49.888+0000] {spark_submit.py:521} INFO - 25/08/13 06:54:49 INFO Utils: Successfully started service 'sparkDriver' on port 39033.
[2025-08-13T06:54:49.907+0000] {spark_submit.py:521} INFO - 25/08/13 06:54:49 INFO SparkEnv: Registering MapOutputTracker
[2025-08-13T06:54:49.915+0000] {spark_submit.py:521} INFO - 25/08/13 06:54:49 INFO SparkEnv: Registering BlockManagerMaster
[2025-08-13T06:54:49.924+0000] {spark_submit.py:521} INFO - 25/08/13 06:54:49 INFO BlockManagerMasterEndpoint: Using org.apache.spark.storage.DefaultTopologyMapper for getting topology information
[2025-08-13T06:54:49.925+0000] {spark_submit.py:521} INFO - 25/08/13 06:54:49 INFO BlockManagerMasterEndpoint: BlockManagerMasterEndpoint up
[2025-08-13T06:54:49.927+0000] {spark_submit.py:521} INFO - 25/08/13 06:54:49 INFO SparkEnv: Registering BlockManagerMasterHeartbeat
[2025-08-13T06:54:49.942+0000] {spark_submit.py:521} INFO - 25/08/13 06:54:49 INFO DiskBlockManager: Created local directory at /tmp/blockmgr-63cca916-cd85-4413-a1ef-7e53f35e6545
[2025-08-13T06:54:49.958+0000] {spark_submit.py:521} INFO - 25/08/13 06:54:49 INFO SparkEnv: Registering OutputCommitCoordinator
[2025-08-13T06:54:50.056+0000] {spark_submit.py:521} INFO - 25/08/13 06:54:50 INFO JettyUtils: Start Jetty 0.0.0.0:4040 for SparkUI
[2025-08-13T06:54:50.110+0000] {spark_submit.py:521} INFO - 25/08/13 06:54:50 INFO Utils: Successfully started service 'SparkUI' on port 4040.
[2025-08-13T06:54:50.142+0000] {spark_submit.py:521} INFO - 25/08/13 06:54:50 INFO SparkContext: Added JAR file:///opt/custom-jars/gcs-connector-hadoop3-2.2.14-shaded.jar at spark://689c6879ed29:39033/jars/gcs-connector-hadoop3-2.2.14-shaded.jar with timestamp 1755068089599
[2025-08-13T06:54:50.162+0000] {spark_submit.py:521} INFO - 25/08/13 06:54:50 INFO SecurityManager: Changing view acls to: ***
[2025-08-13T06:54:50.163+0000] {spark_submit.py:521} INFO - 25/08/13 06:54:50 INFO SecurityManager: Changing modify acls to: ***
[2025-08-13T06:54:50.164+0000] {spark_submit.py:521} INFO - 25/08/13 06:54:50 INFO SecurityManager: Changing view acls groups to: ***
[2025-08-13T06:54:50.164+0000] {spark_submit.py:521} INFO - 25/08/13 06:54:50 INFO SecurityManager: Changing modify acls groups to: ***
[2025-08-13T06:54:50.164+0000] {spark_submit.py:521} INFO - 25/08/13 06:54:50 INFO SecurityManager: SecurityManager: authentication disabled; ui acls disabled; users with view permissions: *** groups with view permissions: EMPTY; users with modify permissions: ***; groups with modify permissions: EMPTY; RPC SSL disabled
[2025-08-13T06:54:50.289+0000] {spark_submit.py:521} INFO - 25/08/13 06:54:50 INFO StandaloneAppClient$ClientEndpoint: Connecting to master spark://spark-master:7077...
[2025-08-13T06:54:50.331+0000] {spark_submit.py:521} INFO - 25/08/13 06:54:50 INFO TransportClientFactory: Successfully created connection to spark-master/172.18.0.3:7077 after 22 ms (0 ms spent in bootstraps)
[2025-08-13T06:54:50.462+0000] {spark_submit.py:521} INFO - 25/08/13 06:54:50 INFO StandaloneSchedulerBackend: Connected to Spark cluster with app ID app-20250813065450-0003
[2025-08-13T06:54:50.471+0000] {spark_submit.py:521} INFO - 25/08/13 06:54:50 INFO Utils: Successfully started service 'org.apache.spark.network.netty.NettyBlockTransferService' on port 37517.
[2025-08-13T06:54:50.472+0000] {spark_submit.py:521} INFO - 25/08/13 06:54:50 INFO NettyBlockTransferService: Server created on 689c6879ed29:37517
[2025-08-13T06:54:50.474+0000] {spark_submit.py:521} INFO - 25/08/13 06:54:50 INFO BlockManager: Using org.apache.spark.storage.RandomBlockReplicationPolicy for block replication policy
[2025-08-13T06:54:50.482+0000] {spark_submit.py:521} INFO - 25/08/13 06:54:50 INFO StandaloneAppClient$ClientEndpoint: Executor added: app-20250813065450-0003/0 on worker-20250813043908-172.18.0.4-38983 (172.18.0.4:38983) with 2 core(s)
[2025-08-13T06:54:50.485+0000] {spark_submit.py:521} INFO - 25/08/13 06:54:50 INFO StandaloneSchedulerBackend: Granted executor ID app-20250813065450-0003/0 on hostPort 172.18.0.4:38983 with 2 core(s), 1024.0 MiB RAM
[2025-08-13T06:54:50.490+0000] {spark_submit.py:521} INFO - 25/08/13 06:54:50 INFO BlockManagerMaster: Registering BlockManager BlockManagerId(driver, 689c6879ed29, 37517, None)
[2025-08-13T06:54:50.494+0000] {spark_submit.py:521} INFO - 25/08/13 06:54:50 INFO BlockManagerMasterEndpoint: Registering block manager 689c6879ed29:37517 with 434.4 MiB RAM, BlockManagerId(driver, 689c6879ed29, 37517, None)
[2025-08-13T06:54:50.497+0000] {spark_submit.py:521} INFO - 25/08/13 06:54:50 INFO BlockManagerMaster: Registered BlockManager BlockManagerId(driver, 689c6879ed29, 37517, None)
[2025-08-13T06:54:50.499+0000] {spark_submit.py:521} INFO - 25/08/13 06:54:50 INFO BlockManager: Initialized BlockManager: BlockManagerId(driver, 689c6879ed29, 37517, None)
[2025-08-13T06:54:50.631+0000] {spark_submit.py:521} INFO - 25/08/13 06:54:50 INFO StandaloneSchedulerBackend: SchedulerBackend is ready for scheduling beginning after reached minRegisteredResourcesRatio: 0.0
[2025-08-13T06:54:50.692+0000] {spark_submit.py:521} INFO - 25/08/13 06:54:50 INFO StandaloneAppClient$ClientEndpoint: Executor updated: app-20250813065450-0003/0 is now RUNNING
[2025-08-13T06:54:52.745+0000] {spark_submit.py:521} INFO - 25/08/13 06:54:52 INFO SharedState: Setting hive.metastore.warehouse.dir ('null') to the value of spark.sql.warehouse.dir.
[2025-08-13T06:54:52.747+0000] {spark_submit.py:521} INFO - 25/08/13 06:54:52 INFO SharedState: Warehouse path is 'file:/opt/***/spark-warehouse'.
[2025-08-13T06:54:53.387+0000] {spark_submit.py:521} INFO - 25/08/13 06:54:53 INFO StandaloneSchedulerBackend$StandaloneDriverEndpoint: Registered executor NettyRpcEndpointRef(spark-client://Executor) (172.18.0.4:47352) with ID 0, ResourceProfileId 0
[2025-08-13T06:54:53.542+0000] {spark_submit.py:521} INFO - 25/08/13 06:54:53 INFO BlockManagerMasterEndpoint: Registering block manager 172.18.0.4:42055 with 434.4 MiB RAM, BlockManagerId(0, 172.18.0.4, 42055, None)
[2025-08-13T06:54:55.996+0000] {spark_submit.py:521} INFO - 25/08/13 06:54:55 INFO InMemoryFileIndex: It took 230 ms to list leaf files for 1 paths.
[2025-08-13T06:54:56.177+0000] {spark_submit.py:521} INFO - 25/08/13 06:54:56 INFO SparkContext: Starting job: parquet at NativeMethodAccessorImpl.java:0
[2025-08-13T06:54:56.187+0000] {spark_submit.py:521} INFO - 25/08/13 06:54:56 INFO DAGScheduler: Got job 0 (parquet at NativeMethodAccessorImpl.java:0) with 1 output partitions
[2025-08-13T06:54:56.188+0000] {spark_submit.py:521} INFO - 25/08/13 06:54:56 INFO DAGScheduler: Final stage: ResultStage 0 (parquet at NativeMethodAccessorImpl.java:0)
[2025-08-13T06:54:56.190+0000] {spark_submit.py:521} INFO - 25/08/13 06:54:56 INFO DAGScheduler: Parents of final stage: List()
[2025-08-13T06:54:56.193+0000] {spark_submit.py:521} INFO - 25/08/13 06:54:56 INFO DAGScheduler: Missing parents: List()
[2025-08-13T06:54:56.196+0000] {spark_submit.py:521} INFO - 25/08/13 06:54:56 INFO DAGScheduler: Submitting ResultStage 0 (MapPartitionsRDD[1] at parquet at NativeMethodAccessorImpl.java:0), which has no missing parents
[2025-08-13T06:54:56.229+0000] {spark_submit.py:521} INFO - 25/08/13 06:54:56 INFO MemoryStore: MemoryStore started with capacity 434.4 MiB
[2025-08-13T06:54:56.237+0000] {spark_submit.py:521} INFO - 25/08/13 06:54:56 INFO MemoryStore: Block broadcast_0 stored as values in memory (estimated size 116.0 KiB, free 434.3 MiB)
[2025-08-13T06:54:56.261+0000] {spark_submit.py:521} INFO - 25/08/13 06:54:56 INFO MemoryStore: Block broadcast_0_piece0 stored as bytes in memory (estimated size 41.8 KiB, free 434.2 MiB)
[2025-08-13T06:54:56.268+0000] {spark_submit.py:521} INFO - 25/08/13 06:54:56 INFO SparkContext: Created broadcast 0 from broadcast at DAGScheduler.scala:1676
[2025-08-13T06:54:56.283+0000] {spark_submit.py:521} INFO - 25/08/13 06:54:56 INFO DAGScheduler: Submitting 1 missing tasks from ResultStage 0 (MapPartitionsRDD[1] at parquet at NativeMethodAccessorImpl.java:0) (first 15 tasks are for partitions Vector(0))
[2025-08-13T06:54:56.290+0000] {spark_submit.py:521} INFO - 25/08/13 06:54:56 INFO TaskSchedulerImpl: Adding task set 0.0 with 1 tasks resource profile 0
[2025-08-13T06:54:56.315+0000] {spark_submit.py:521} INFO - 25/08/13 06:54:56 INFO TaskSetManager: Starting task 0.0 in stage 0.0 (TID 0) (172.18.0.4,executor 0, partition 0, PROCESS_LOCAL, 9999 bytes)
[2025-08-13T06:54:59.920+0000] {spark_submit.py:521} INFO - 25/08/13 06:54:59 INFO TaskSetManager: Finished task 0.0 in stage 0.0 (TID 0) in 3615 ms on 172.18.0.4 (executor 0) (1/1)
[2025-08-13T06:54:59.921+0000] {spark_submit.py:521} INFO - 25/08/13 06:54:59 INFO TaskSchedulerImpl: Removed TaskSet 0.0 whose tasks have all completed, from pool
[2025-08-13T06:54:59.925+0000] {spark_submit.py:521} INFO - 25/08/13 06:54:59 INFO DAGScheduler: ResultStage 0 (parquet at NativeMethodAccessorImpl.java:0) finished in 3717 ms
[2025-08-13T06:54:59.928+0000] {spark_submit.py:521} INFO - 25/08/13 06:54:59 INFO DAGScheduler: Job 0 is finished. Cancelling potential speculative or zombie tasks for this job
[2025-08-13T06:54:59.928+0000] {spark_submit.py:521} INFO - 25/08/13 06:54:59 INFO TaskSchedulerImpl: Canceling stage 0
[2025-08-13T06:54:59.929+0000] {spark_submit.py:521} INFO - 25/08/13 06:54:59 INFO TaskSchedulerImpl: Killing all running tasks in stage 0: Stage finished
[2025-08-13T06:54:59.931+0000] {spark_submit.py:521} INFO - 25/08/13 06:54:59 INFO DAGScheduler: Job 0 finished: parquet at NativeMethodAccessorImpl.java:0, took 3754.135059 ms
[2025-08-13T06:55:00.524+0000] {spark_submit.py:521} INFO - 25/08/13 06:55:00 INFO MemoryStore: Block broadcast_1 stored as values in memory (estimated size 208.0 B, free 434.2 MiB)
[2025-08-13T06:55:00.527+0000] {spark_submit.py:521} INFO - 25/08/13 06:55:00 INFO MemoryStore: Block broadcast_1_piece0 stored as bytes in memory (estimated size 789.0 B, free 434.2 MiB)
[2025-08-13T06:55:00.528+0000] {spark_submit.py:521} INFO - 25/08/13 06:55:00 INFO SparkContext: Created broadcast 1 from broadcast at NativeMethodAccessorImpl.java:0
[2025-08-13T06:55:01.381+0000] {spark_submit.py:521} INFO - 25/08/13 06:55:01 INFO FileSourceStrategy: Pushed Filters: IsNotNull(requirements),Not(EqualTo(requirements,)),IsNotNull(description),Not(EqualTo(description,))
[2025-08-13T06:55:01.385+0000] {spark_submit.py:521} INFO - 25/08/13 06:55:01 INFO FileSourceStrategy: Post-Scan Filters: Set(isnotnull(trim(lower(title#1), None)), NOT (trim(lower(title#1), None) = ), isnotnull(trim(company_name#2, None)), NOT (trim(company_name#2, None) = ), isnotnull(requirements#9), NOT (requirements#9 = ), isnotnull(description#8), NOT (description#8 = ))
[2025-08-13T06:55:01.935+0000] {spark_submit.py:521} INFO - 25/08/13 06:55:01 INFO CodeGenerator: Code generated in 230.182013 ms
[2025-08-13T06:55:02.061+0000] {spark_submit.py:521} INFO - 25/08/13 06:55:02 INFO CodeGenerator: Code generated in 68.500037 ms
[2025-08-13T06:55:02.083+0000] {spark_submit.py:521} INFO - 25/08/13 06:55:02 INFO MemoryStore: Block broadcast_2 stored as values in memory (estimated size 219.5 KiB, free 434.2 MiB)
[2025-08-13T06:55:02.092+0000] {spark_submit.py:521} INFO - 25/08/13 06:55:02 INFO MemoryStore: Block broadcast_2_piece0 stored as bytes in memory (estimated size 40.0 KiB, free 434.1 MiB)
[2025-08-13T06:55:02.094+0000] {spark_submit.py:521} INFO - 25/08/13 06:55:02 INFO SparkContext: Created broadcast 2 from $anonfun$withThreadLocalCaptured$2 at CompletableFuture.java:1768
[2025-08-13T06:55:02.107+0000] {spark_submit.py:521} INFO - 25/08/13 06:55:02 INFO FileSourceScanExec: Planning scan with bin packing, max size: 4194304 bytes, open cost is considered as scanning 4194304 bytes.
[2025-08-13T06:55:02.223+0000] {spark_submit.py:521} INFO - 25/08/13 06:55:02 INFO DAGScheduler: Registering RDD 9 ($anonfun$withThreadLocalCaptured$2 at CompletableFuture.java:1768) as input to shuffle 0
[2025-08-13T06:55:02.226+0000] {spark_submit.py:521} INFO - 25/08/13 06:55:02 INFO DAGScheduler: Got map stage job 1 ($anonfun$withThreadLocalCaptured$2 at CompletableFuture.java:1768) with 1 output partitions
[2025-08-13T06:55:02.227+0000] {spark_submit.py:521} INFO - 25/08/13 06:55:02 INFO DAGScheduler: Final stage: ShuffleMapStage 1 ($anonfun$withThreadLocalCaptured$2 at CompletableFuture.java:1768)
[2025-08-13T06:55:02.229+0000] {spark_submit.py:521} INFO - 25/08/13 06:55:02 INFO DAGScheduler: Parents of final stage: List()
[2025-08-13T06:55:02.230+0000] {spark_submit.py:521} INFO - 25/08/13 06:55:02 INFO DAGScheduler: Missing parents: List()
[2025-08-13T06:55:02.231+0000] {spark_submit.py:521} INFO - 25/08/13 06:55:02 INFO DAGScheduler: Submitting ShuffleMapStage 1 (MapPartitionsRDD[9] at $anonfun$withThreadLocalCaptured$2 at CompletableFuture.java:1768), which has no missing parents
[2025-08-13T06:55:02.253+0000] {spark_submit.py:521} INFO - 25/08/13 06:55:02 INFO MemoryStore: Block broadcast_3 stored as values in memory (estimated size 98.7 KiB, free 434.0 MiB)
[2025-08-13T06:55:02.255+0000] {spark_submit.py:521} INFO - 25/08/13 06:55:02 INFO MemoryStore: Block broadcast_3_piece0 stored as bytes in memory (estimated size 35.9 KiB, free 434.0 MiB)
[2025-08-13T06:55:02.256+0000] {spark_submit.py:521} INFO - 25/08/13 06:55:02 INFO SparkContext: Created broadcast 3 from broadcast at DAGScheduler.scala:1676
[2025-08-13T06:55:02.257+0000] {spark_submit.py:521} INFO - 25/08/13 06:55:02 INFO DAGScheduler: Submitting 1 missing tasks from ShuffleMapStage 1 (MapPartitionsRDD[9] at $anonfun$withThreadLocalCaptured$2 at CompletableFuture.java:1768) (first 15 tasks are for partitions Vector(0))
[2025-08-13T06:55:02.257+0000] {spark_submit.py:521} INFO - 25/08/13 06:55:02 INFO TaskSchedulerImpl: Adding task set 1.0 with 1 tasks resource profile 0
[2025-08-13T06:55:02.260+0000] {spark_submit.py:521} INFO - 25/08/13 06:55:02 INFO TaskSetManager: Starting task 0.0 in stage 1.0 (TID 1) (172.18.0.4,executor 0, partition 0, PROCESS_LOCAL, 10429 bytes)
[2025-08-13T06:55:08.481+0000] {spark_submit.py:521} INFO - 25/08/13 06:55:08 INFO TaskSetManager: Finished task 0.0 in stage 1.0 (TID 1) in 6222 ms on 172.18.0.4 (executor 0) (1/1)
[2025-08-13T06:55:08.482+0000] {spark_submit.py:521} INFO - 25/08/13 06:55:08 INFO TaskSchedulerImpl: Removed TaskSet 1.0 whose tasks have all completed, from pool
[2025-08-13T06:55:08.483+0000] {spark_submit.py:521} INFO - 25/08/13 06:55:08 INFO PythonAccumulatorV2: Connected to AccumulatorServer at host: 127.0.0.1 port: 40545
[2025-08-13T06:55:08.486+0000] {spark_submit.py:521} INFO - 25/08/13 06:55:08 INFO DAGScheduler: ShuffleMapStage 1 ($anonfun$withThreadLocalCaptured$2 at CompletableFuture.java:1768) finished in 6251 ms
[2025-08-13T06:55:08.486+0000] {spark_submit.py:521} INFO - 25/08/13 06:55:08 INFO DAGScheduler: looking for newly runnable stages
[2025-08-13T06:55:08.487+0000] {spark_submit.py:521} INFO - 25/08/13 06:55:08 INFO DAGScheduler: running: HashSet()
[2025-08-13T06:55:08.487+0000] {spark_submit.py:521} INFO - 25/08/13 06:55:08 INFO DAGScheduler: waiting: HashSet()
[2025-08-13T06:55:08.487+0000] {spark_submit.py:521} INFO - 25/08/13 06:55:08 INFO DAGScheduler: failed: HashSet()
[2025-08-13T06:55:08.527+0000] {spark_submit.py:521} INFO - 25/08/13 06:55:08 INFO ShufflePartitionsUtil: For shuffle(0, advisory target size: 67108864, actual target size 1048576, minimum partition size: 1048576
[2025-08-13T06:55:10.006+0000] {spark_submit.py:521} INFO - 25/08/13 06:55:10 INFO ParquetUtils: Using default output committer for Parquet: org.apache.parquet.hadoop.ParquetOutputCommitter
[2025-08-13T06:55:10.031+0000] {spark_submit.py:521} INFO - 25/08/13 06:55:10 INFO FileOutputCommitter: File Output Committer Algorithm version is 1
[2025-08-13T06:55:10.032+0000] {spark_submit.py:521} INFO - 25/08/13 06:55:10 INFO FileOutputCommitter: FileOutputCommitter skip cleanup _temporary folders under output directory:false, ignore cleanup failures: false
[2025-08-13T06:55:10.032+0000] {spark_submit.py:521} INFO - 25/08/13 06:55:10 INFO SQLHadoopMapReduceCommitProtocol: Using user defined output committer class org.apache.parquet.hadoop.ParquetOutputCommitter
[2025-08-13T06:55:10.032+0000] {spark_submit.py:521} INFO - 25/08/13 06:55:10 INFO FileOutputCommitter: File Output Committer Algorithm version is 1
[2025-08-13T06:55:10.033+0000] {spark_submit.py:521} INFO - 25/08/13 06:55:10 INFO FileOutputCommitter: FileOutputCommitter skip cleanup _temporary folders under output directory:false, ignore cleanup failures: false
[2025-08-13T06:55:10.033+0000] {spark_submit.py:521} INFO - 25/08/13 06:55:10 INFO SQLHadoopMapReduceCommitProtocol: Using output committer class org.apache.parquet.hadoop.ParquetOutputCommitter
[2025-08-13T06:55:10.906+0000] {spark_submit.py:521} INFO - 25/08/13 06:55:10 INFO CodeGenerator: Code generated in 15.667737 ms
[2025-08-13T06:55:10.922+0000] {spark_submit.py:521} INFO - 25/08/13 06:55:10 INFO CodeGenerator: Code generated in 7.281919 ms
[2025-08-13T06:55:10.951+0000] {spark_submit.py:521} INFO - 25/08/13 06:55:10 INFO SparkContext: Starting job: $anonfun$withThreadLocalCaptured$2 at CompletableFuture.java:1768
[2025-08-13T06:55:10.953+0000] {spark_submit.py:521} INFO - 25/08/13 06:55:10 INFO DAGScheduler: Got job 2 ($anonfun$withThreadLocalCaptured$2 at CompletableFuture.java:1768) with 1 output partitions
[2025-08-13T06:55:10.954+0000] {spark_submit.py:521} INFO - 25/08/13 06:55:10 INFO DAGScheduler: Final stage: ResultStage 3 ($anonfun$withThreadLocalCaptured$2 at CompletableFuture.java:1768)
[2025-08-13T06:55:10.955+0000] {spark_submit.py:521} INFO - 25/08/13 06:55:10 INFO DAGScheduler: Parents of final stage: List(ShuffleMapStage 2)
[2025-08-13T06:55:10.955+0000] {spark_submit.py:521} INFO - 25/08/13 06:55:10 INFO DAGScheduler: Missing parents: List()
[2025-08-13T06:55:10.955+0000] {spark_submit.py:521} INFO - 25/08/13 06:55:10 INFO DAGScheduler: Submitting ResultStage 3 (MapPartitionsRDD[15] at $anonfun$withThreadLocalCaptured$2 at CompletableFuture.java:1768), which has no missing parents
[2025-08-13T06:55:10.981+0000] {spark_submit.py:521} INFO - 25/08/13 06:55:10 INFO MemoryStore: Block broadcast_4 stored as values in memory (estimated size 308.0 KiB, free 433.7 MiB)
[2025-08-13T06:55:10.984+0000] {spark_submit.py:521} INFO - 25/08/13 06:55:10 INFO MemoryStore: Block broadcast_4_piece0 stored as bytes in memory (estimated size 111.2 KiB, free 433.6 MiB)
[2025-08-13T06:55:10.985+0000] {spark_submit.py:521} INFO - 25/08/13 06:55:10 INFO SparkContext: Created broadcast 4 from broadcast at DAGScheduler.scala:1676
[2025-08-13T06:55:10.986+0000] {spark_submit.py:521} INFO - 25/08/13 06:55:10 INFO DAGScheduler: Submitting 1 missing tasks from ResultStage 3 (MapPartitionsRDD[15] at $anonfun$withThreadLocalCaptured$2 at CompletableFuture.java:1768) (first 15 tasks are for partitions Vector(0))
[2025-08-13T06:55:10.986+0000] {spark_submit.py:521} INFO - 25/08/13 06:55:10 INFO TaskSchedulerImpl: Adding task set 3.0 with 1 tasks resource profile 0
[2025-08-13T06:55:10.991+0000] {spark_submit.py:521} INFO - 25/08/13 06:55:10 INFO TaskSetManager: Starting task 0.0 in stage 3.0 (TID 2) (172.18.0.4,executor 0, partition 0, NODE_LOCAL, 9833 bytes)
[2025-08-13T06:55:11.126+0000] {spark_submit.py:521} INFO - 25/08/13 06:55:11 INFO MapOutputTrackerMasterEndpoint: Asked to send map output locations for shuffle 0 to 172.18.0.4:47352
[2025-08-13T06:55:14.192+0000] {spark_submit.py:521} INFO - 25/08/13 06:55:14 INFO TaskSetManager: Finished task 0.0 in stage 3.0 (TID 2) in 3203 ms on 172.18.0.4 (executor 0) (1/1)
[2025-08-13T06:55:14.193+0000] {spark_submit.py:521} INFO - 25/08/13 06:55:14 INFO TaskSchedulerImpl: Removed TaskSet 3.0 whose tasks have all completed, from pool
[2025-08-13T06:55:14.194+0000] {spark_submit.py:521} INFO - 25/08/13 06:55:14 INFO DAGScheduler: ResultStage 3 ($anonfun$withThreadLocalCaptured$2 at CompletableFuture.java:1768) finished in 3230 ms
[2025-08-13T06:55:14.194+0000] {spark_submit.py:521} INFO - 25/08/13 06:55:14 INFO DAGScheduler: Job 2 is finished. Cancelling potential speculative or zombie tasks for this job
[2025-08-13T06:55:14.194+0000] {spark_submit.py:521} INFO - 25/08/13 06:55:14 INFO TaskSchedulerImpl: Canceling stage 3
[2025-08-13T06:55:14.195+0000] {spark_submit.py:521} INFO - 25/08/13 06:55:14 INFO TaskSchedulerImpl: Killing all running tasks in stage 3: Stage finished
[2025-08-13T06:55:14.195+0000] {spark_submit.py:521} INFO - 25/08/13 06:55:14 INFO DAGScheduler: Job 2 finished: $anonfun$withThreadLocalCaptured$2 at CompletableFuture.java:1768, took 3243.366256 ms
[2025-08-13T06:55:14.197+0000] {spark_submit.py:521} INFO - 25/08/13 06:55:14 INFO FileFormatWriter: Start to commit write Job 8bc04ae5-df67-4b35-835c-bc39d2cabc97.
[2025-08-13T06:55:15.521+0000] {spark_submit.py:521} INFO - 25/08/13 06:55:15 INFO GoogleCloudStorageFileSystem: Successfully repaired 'gs://job_gcp/silver/topcv/topcv_jobs.parquet/_temporary/0/task_202508130655104987505172648742241_0003_m_000000/' directory.
[2025-08-13T06:55:16.353+0000] {spark_submit.py:521} INFO - 25/08/13 06:55:16 INFO GoogleCloudStorageFileSystem: Successfully repaired 'gs://job_gcp/silver/topcv/topcv_jobs.parquet/' directory.
[2025-08-13T06:55:17.200+0000] {spark_submit.py:521} INFO - 25/08/13 06:55:17 INFO FileFormatWriter: Write Job 8bc04ae5-df67-4b35-835c-bc39d2cabc97 committed. Elapsed time: 3001 ms.
[2025-08-13T06:55:17.204+0000] {spark_submit.py:521} INFO - 25/08/13 06:55:17 INFO FileFormatWriter: Finished processing stats for write job 8bc04ae5-df67-4b35-835c-bc39d2cabc97.
[2025-08-13T06:55:17.220+0000] {spark_submit.py:521} INFO - ✅ Uploaded Spark DataFrame to GCS: gs://job_gcp/silver/topcv/topcv_jobs.parquet
[2025-08-13T06:55:17.228+0000] {spark_submit.py:521} INFO - 25/08/13 06:55:17 INFO SparkContext: SparkContext is stopping with exitCode 0 from stop at NativeMethodAccessorImpl.java:0.
[2025-08-13T06:55:17.257+0000] {spark_submit.py:521} INFO - 25/08/13 06:55:17 INFO SparkUI: Stopped Spark web UI at http://689c6879ed29:4040
[2025-08-13T06:55:17.268+0000] {spark_submit.py:521} INFO - 25/08/13 06:55:17 INFO StandaloneSchedulerBackend: Shutting down all executors
[2025-08-13T06:55:17.269+0000] {spark_submit.py:521} INFO - 25/08/13 06:55:17 INFO StandaloneSchedulerBackend$StandaloneDriverEndpoint: Asking each executor to shut down
[2025-08-13T06:55:17.330+0000] {spark_submit.py:521} INFO - 25/08/13 06:55:17 INFO MapOutputTrackerMasterEndpoint: MapOutputTrackerMasterEndpoint stopped!
[2025-08-13T06:55:17.444+0000] {spark_submit.py:521} INFO - 25/08/13 06:55:17 INFO MemoryStore: MemoryStore cleared
[2025-08-13T06:55:17.445+0000] {spark_submit.py:521} INFO - 25/08/13 06:55:17 INFO BlockManager: BlockManager stopped
[2025-08-13T06:55:17.451+0000] {spark_submit.py:521} INFO - 25/08/13 06:55:17 INFO BlockManagerMaster: BlockManagerMaster stopped
[2025-08-13T06:55:17.462+0000] {spark_submit.py:521} INFO - 25/08/13 06:55:17 INFO OutputCommitCoordinator$OutputCommitCoordinatorEndpoint: OutputCommitCoordinator stopped!
[2025-08-13T06:55:17.483+0000] {spark_submit.py:521} INFO - 25/08/13 06:55:17 INFO SparkContext: Successfully stopped SparkContext
[2025-08-13T06:55:18.611+0000] {spark_submit.py:521} INFO - 25/08/13 06:55:18 INFO ShutdownHookManager: Shutdown hook called
[2025-08-13T06:55:18.612+0000] {spark_submit.py:521} INFO - 25/08/13 06:55:18 INFO ShutdownHookManager: Deleting directory /tmp/spark-35eb9463-fecf-4e08-bfae-93d25847ae46
[2025-08-13T06:55:18.620+0000] {spark_submit.py:521} INFO - 25/08/13 06:55:18 INFO ShutdownHookManager: Deleting directory /tmp/spark-a90a8d63-8194-469b-9ed7-6f736795c51b
[2025-08-13T06:55:18.636+0000] {spark_submit.py:521} INFO - 25/08/13 06:55:18 INFO ShutdownHookManager: Deleting directory /tmp/spark-a90a8d63-8194-469b-9ed7-6f736795c51b/pyspark-77249ff2-f804-4e3c-8b73-67930308f187
[2025-08-13T06:55:18.649+0000] {spark_submit.py:521} INFO - 25/08/13 06:55:18 INFO ShutdownHookManager: Deleting directory /opt/***/artifacts/spark-d0823a8d-7945-4a63-a15f-12ca42b5f2f9
[2025-08-13T06:55:18.717+0000] {taskinstance.py:441} INFO - ::group::Post task execution logs
[2025-08-13T06:55:18.774+0000] {taskinstance.py:1206} INFO - Marking task as SUCCESS. dag_id=spark_transform_pipeline, task_id=silver_topcv_transform, run_id=manual__2025-08-13T06:54:40.672090+00:00, execution_date=20250813T065440, start_date=20250813T065444, end_date=20250813T065518
[2025-08-13T06:55:18.857+0000] {local_task_job_runner.py:240} INFO - Task exited with return code 0
[2025-08-13T06:55:18.921+0000] {taskinstance.py:3498} INFO - 1 downstream tasks scheduled from follow-on schedule check
[2025-08-13T06:55:18.926+0000] {local_task_job_runner.py:222} INFO - ::endgroup::
