[2025-08-14T11:05:34.042+0000] {local_task_job_runner.py:120} INFO - ::group::Pre task execution logs
[2025-08-14T11:05:34.072+0000] {taskinstance.py:2076} INFO - Dependencies all met for dep_context=non-requeueable deps ti=<TaskInstance: spark_transform_pipeline.gold_transform manual__2025-08-14T11:03:52.335417+00:00 [queued]>
[2025-08-14T11:05:34.079+0000] {taskinstance.py:2076} INFO - Dependencies all met for dep_context=requeueable deps ti=<TaskInstance: spark_transform_pipeline.gold_transform manual__2025-08-14T11:03:52.335417+00:00 [queued]>
[2025-08-14T11:05:34.079+0000] {taskinstance.py:2306} INFO - Starting attempt 1 of 1
[2025-08-14T11:05:34.090+0000] {taskinstance.py:2330} INFO - Executing <Task(SparkSubmitOperator): gold_transform> on 2025-08-14 11:03:52.335417+00:00
[2025-08-14T11:05:34.097+0000] {standard_task_runner.py:63} INFO - Started process 4897 to run task
[2025-08-14T11:05:34.099+0000] {standard_task_runner.py:90} INFO - Running: ['***', 'tasks', 'run', 'spark_transform_pipeline', 'gold_transform', 'manual__2025-08-14T11:03:52.335417+00:00', '--job-id', '189', '--raw', '--subdir', 'DAGS_FOLDER/etl_jobs_dag.py', '--cfg-path', '/tmp/tmps045te97']
[2025-08-14T11:05:34.101+0000] {standard_task_runner.py:91} INFO - Job 189: Subtask gold_transform
[2025-08-14T11:05:34.147+0000] {task_command.py:426} INFO - Running <TaskInstance: spark_transform_pipeline.gold_transform manual__2025-08-14T11:03:52.335417+00:00 [running]> on host 20bdaa41dd93
[2025-08-14T11:05:34.231+0000] {taskinstance.py:2648} INFO - Exporting env vars: AIRFLOW_CTX_DAG_OWNER='***' AIRFLOW_CTX_DAG_ID='spark_transform_pipeline' AIRFLOW_CTX_TASK_ID='gold_transform' AIRFLOW_CTX_EXECUTION_DATE='2025-08-14T11:03:52.335417+00:00' AIRFLOW_CTX_TRY_NUMBER='1' AIRFLOW_CTX_DAG_RUN_ID='manual__2025-08-14T11:03:52.335417+00:00'
[2025-08-14T11:05:34.232+0000] {taskinstance.py:430} INFO - ::endgroup::
[2025-08-14T11:05:34.259+0000] {base.py:84} INFO - Using connection ID 'spark_default' for task execution.
[2025-08-14T11:05:34.261+0000] {spark_submit.py:351} INFO - Spark-Submit cmd: spark-submit --master spark://spark-master:7077 --conf spark.master=spark://spark-master:7077 --conf spark.driver.extraClassPath=/opt/custom-jars/* --conf spark.executor.extraClassPath=/opt/custom-jars/* --conf spark.hadoop.fs.gs.impl=com.google.cloud.hadoop.fs.gcs.GoogleHadoopFileSystem --conf spark.hadoop.fs.AbstractFileSystem.gs.impl=com.google.cloud.hadoop.fs.gcs.GoogleHadoopFS --conf spark.hadoop.google.cloud.auth.service.account.enable=true --conf spark.hadoop.google.cloud.auth.service.account.json.keyfile=/opt/***/gcp-key.json --jars /opt/custom-jars/gcs-connector-hadoop3-2.2.14-shaded.jar --name arrow-spark --verbose /opt/spark-jobs/transform/gold.transform.py
[2025-08-14T11:05:34.964+0000] {spark_submit.py:521} INFO - WARNING: Using incubator modules: jdk.incubator.vector
[2025-08-14T11:05:36.174+0000] {spark_submit.py:521} INFO - Parsed arguments:
[2025-08-14T11:05:36.175+0000] {spark_submit.py:521} INFO - master                  spark://spark-master:7077
[2025-08-14T11:05:36.175+0000] {spark_submit.py:521} INFO - remote                  null
[2025-08-14T11:05:36.175+0000] {spark_submit.py:521} INFO - deployMode              null
[2025-08-14T11:05:36.176+0000] {spark_submit.py:521} INFO - executorMemory          null
[2025-08-14T11:05:36.176+0000] {spark_submit.py:521} INFO - executorCores           null
[2025-08-14T11:05:36.176+0000] {spark_submit.py:521} INFO - totalExecutorCores      null
[2025-08-14T11:05:36.176+0000] {spark_submit.py:521} INFO - propertiesFile          null
[2025-08-14T11:05:36.177+0000] {spark_submit.py:521} INFO - driverMemory            null
[2025-08-14T11:05:36.177+0000] {spark_submit.py:521} INFO - driverCores             null
[2025-08-14T11:05:36.177+0000] {spark_submit.py:521} INFO - driverExtraClassPath    /opt/custom-jars/*
[2025-08-14T11:05:36.177+0000] {spark_submit.py:521} INFO - driverExtraLibraryPath  null
[2025-08-14T11:05:36.178+0000] {spark_submit.py:521} INFO - driverExtraJavaOptions  null
[2025-08-14T11:05:36.178+0000] {spark_submit.py:521} INFO - supervise               false
[2025-08-14T11:05:36.178+0000] {spark_submit.py:521} INFO - queue                   null
[2025-08-14T11:05:36.179+0000] {spark_submit.py:521} INFO - numExecutors            null
[2025-08-14T11:05:36.179+0000] {spark_submit.py:521} INFO - files                   null
[2025-08-14T11:05:36.179+0000] {spark_submit.py:521} INFO - pyFiles                 null
[2025-08-14T11:05:36.179+0000] {spark_submit.py:521} INFO - archives                null
[2025-08-14T11:05:36.179+0000] {spark_submit.py:521} INFO - mainClass               null
[2025-08-14T11:05:36.180+0000] {spark_submit.py:521} INFO - primaryResource         file:/opt/spark-jobs/transform/gold.transform.py
[2025-08-14T11:05:36.180+0000] {spark_submit.py:521} INFO - name                    arrow-spark
[2025-08-14T11:05:36.180+0000] {spark_submit.py:521} INFO - childArgs               []
[2025-08-14T11:05:36.180+0000] {spark_submit.py:521} INFO - jars                    file:/opt/custom-jars/gcs-connector-hadoop3-2.2.14-shaded.jar
[2025-08-14T11:05:36.181+0000] {spark_submit.py:521} INFO - packages                null
[2025-08-14T11:05:36.181+0000] {spark_submit.py:521} INFO - packagesExclusions      null
[2025-08-14T11:05:36.181+0000] {spark_submit.py:521} INFO - repositories            null
[2025-08-14T11:05:36.182+0000] {spark_submit.py:521} INFO - verbose                 true
[2025-08-14T11:05:36.182+0000] {spark_submit.py:521} INFO - 
[2025-08-14T11:05:36.182+0000] {spark_submit.py:521} INFO - Spark properties used, including those specified through
[2025-08-14T11:05:36.182+0000] {spark_submit.py:521} INFO - --conf and those from the properties file null:
[2025-08-14T11:05:36.183+0000] {spark_submit.py:521} INFO - (spark.driver.extraClassPath,/opt/custom-jars/*)
[2025-08-14T11:05:36.183+0000] {spark_submit.py:521} INFO - (spark.executor.extraClassPath,/opt/custom-jars/*)
[2025-08-14T11:05:36.183+0000] {spark_submit.py:521} INFO - (spark.hadoop.fs.AbstractFileSystem.gs.impl,com.google.cloud.hadoop.fs.gcs.GoogleHadoopFS)
[2025-08-14T11:05:36.183+0000] {spark_submit.py:521} INFO - (spark.hadoop.fs.gs.impl,com.google.cloud.hadoop.fs.gcs.GoogleHadoopFileSystem)
[2025-08-14T11:05:36.184+0000] {spark_submit.py:521} INFO - (spark.hadoop.google.cloud.auth.service.account.enable,true)
[2025-08-14T11:05:36.184+0000] {spark_submit.py:521} INFO - (spark.hadoop.google.cloud.auth.service.account.json.keyfile,/opt/***/gcp-key.json)
[2025-08-14T11:05:36.184+0000] {spark_submit.py:521} INFO - (spark.master,spark://spark-master:7077)
[2025-08-14T11:05:36.184+0000] {spark_submit.py:521} INFO - 
[2025-08-14T11:05:36.185+0000] {spark_submit.py:521} INFO - 
[2025-08-14T11:05:36.470+0000] {spark_submit.py:521} INFO - 25/08/14 11:05:36 WARN NativeCodeLoader: Unable to load native-hadoop library for your platform... using builtin-java classes where applicable
[2025-08-14T11:05:36.926+0000] {spark_submit.py:521} INFO - Main class:
[2025-08-14T11:05:36.927+0000] {spark_submit.py:521} INFO - org.apache.spark.deploy.PythonRunner
[2025-08-14T11:05:36.927+0000] {spark_submit.py:521} INFO - Arguments:
[2025-08-14T11:05:36.927+0000] {spark_submit.py:521} INFO - file:/opt/spark-jobs/transform/gold.transform.py
[2025-08-14T11:05:36.928+0000] {spark_submit.py:521} INFO - null
[2025-08-14T11:05:36.928+0000] {spark_submit.py:521} INFO - Spark config:
[2025-08-14T11:05:36.929+0000] {spark_submit.py:521} INFO - (spark.app.name,arrow-spark)
[2025-08-14T11:05:36.929+0000] {spark_submit.py:521} INFO - (spark.app.submitTime,1755169536907)
[2025-08-14T11:05:36.929+0000] {spark_submit.py:521} INFO - (spark.driver.extraClassPath,/opt/custom-jars/*)
[2025-08-14T11:05:36.929+0000] {spark_submit.py:521} INFO - (spark.executor.extraClassPath,/opt/custom-jars/*)
[2025-08-14T11:05:36.930+0000] {spark_submit.py:521} INFO - (spark.hadoop.fs.AbstractFileSystem.gs.impl,com.google.cloud.hadoop.fs.gcs.GoogleHadoopFS)
[2025-08-14T11:05:36.930+0000] {spark_submit.py:521} INFO - (spark.hadoop.fs.gs.impl,com.google.cloud.hadoop.fs.gcs.GoogleHadoopFileSystem)
[2025-08-14T11:05:36.930+0000] {spark_submit.py:521} INFO - (spark.hadoop.google.cloud.auth.service.account.enable,true)
[2025-08-14T11:05:36.931+0000] {spark_submit.py:521} INFO - (spark.hadoop.google.cloud.auth.service.account.json.keyfile,/opt/***/gcp-key.json)
[2025-08-14T11:05:36.931+0000] {spark_submit.py:521} INFO - (spark.jars,file:///opt/custom-jars/gcs-connector-hadoop3-2.2.14-shaded.jar)
[2025-08-14T11:05:36.931+0000] {spark_submit.py:521} INFO - (spark.master,spark://spark-master:7077)
[2025-08-14T11:05:36.931+0000] {spark_submit.py:521} INFO - (spark.repl.local.jars,file:///opt/custom-jars/gcs-connector-hadoop3-2.2.14-shaded.jar)
[2025-08-14T11:05:36.931+0000] {spark_submit.py:521} INFO - (spark.submit.deployMode,client)
[2025-08-14T11:05:36.932+0000] {spark_submit.py:521} INFO - (spark.submit.pyFiles,)
[2025-08-14T11:05:36.932+0000] {spark_submit.py:521} INFO - Classpath elements:
[2025-08-14T11:05:36.932+0000] {spark_submit.py:521} INFO - file:///opt/custom-jars/gcs-connector-hadoop3-2.2.14-shaded.jar
[2025-08-14T11:05:36.932+0000] {spark_submit.py:521} INFO - 
[2025-08-14T11:05:36.933+0000] {spark_submit.py:521} INFO - 
[2025-08-14T11:05:37.015+0000] {spark_submit.py:521} INFO - python3: can't open file '/opt/spark-jobs/transform/gold.transform.py': [Errno 2] No such file or directory
[2025-08-14T11:05:37.024+0000] {spark_submit.py:521} INFO - 25/08/14 11:05:37 INFO ShutdownHookManager: Shutdown hook called
[2025-08-14T11:05:37.025+0000] {spark_submit.py:521} INFO - 25/08/14 11:05:37 INFO ShutdownHookManager: Deleting directory /tmp/spark-c59253a3-5650-46d0-a03c-62ebd30e692f
[2025-08-14T11:05:37.057+0000] {taskinstance.py:441} INFO - ::group::Post task execution logs
[2025-08-14T11:05:37.066+0000] {taskinstance.py:2905} ERROR - Task failed with exception
Traceback (most recent call last):
  File "/home/airflow/.local/lib/python3.11/site-packages/airflow/models/taskinstance.py", line 465, in _execute_task
    result = _execute_callable(context=context, **execute_callable_kwargs)
             ^^^^^^^^^^^^^^^^^^^^^^^^^^^^^^^^^^^^^^^^^^^^^^^^^^^^^^^^^^^^^
  File "/home/airflow/.local/lib/python3.11/site-packages/airflow/models/taskinstance.py", line 432, in _execute_callable
    return execute_callable(context=context, **execute_callable_kwargs)
           ^^^^^^^^^^^^^^^^^^^^^^^^^^^^^^^^^^^^^^^^^^^^^^^^^^^^^^^^^^^^
  File "/home/airflow/.local/lib/python3.11/site-packages/airflow/models/baseoperator.py", line 400, in wrapper
    return func(self, *args, **kwargs)
           ^^^^^^^^^^^^^^^^^^^^^^^^^^^
  File "/home/airflow/.local/lib/python3.11/site-packages/airflow/providers/apache/spark/operators/spark_submit.py", line 156, in execute
    self._hook.submit(self._application)
  File "/home/airflow/.local/lib/python3.11/site-packages/airflow/providers/apache/spark/hooks/spark_submit.py", line 452, in submit
    raise AirflowException(
airflow.exceptions.AirflowException: Cannot execute: spark-submit --master spark://spark-master:7077 --conf spark.master=spark://spark-master:7077 --conf spark.driver.extraClassPath=/opt/custom-jars/* --conf spark.executor.extraClassPath=/opt/custom-jars/* --conf spark.hadoop.fs.gs.impl=com.google.cloud.hadoop.fs.gcs.GoogleHadoopFileSystem --conf spark.hadoop.fs.AbstractFileSystem.gs.impl=com.google.cloud.hadoop.fs.gcs.GoogleHadoopFS --conf spark.hadoop.google.cloud.auth.service.account.enable=true --conf spark.hadoop.google.cloud.auth.service.account.json.keyfile=/opt/***/gcp-key.json --jars /opt/custom-jars/gcs-connector-hadoop3-2.2.14-shaded.jar --name arrow-spark --verbose /opt/spark-jobs/transform/gold.transform.py. Error code is: 2.
[2025-08-14T11:05:37.071+0000] {taskinstance.py:1206} INFO - Marking task as FAILED. dag_id=spark_transform_pipeline, task_id=gold_transform, run_id=manual__2025-08-14T11:03:52.335417+00:00, execution_date=20250814T110352, start_date=20250814T110534, end_date=20250814T110537
[2025-08-14T11:05:37.087+0000] {standard_task_runner.py:110} ERROR - Failed to execute job 189 for task gold_transform (Cannot execute: spark-submit --master spark://spark-master:7077 --conf spark.master=spark://spark-master:7077 --conf spark.driver.extraClassPath=/opt/custom-jars/* --conf spark.executor.extraClassPath=/opt/custom-jars/* --conf spark.hadoop.fs.gs.impl=com.google.cloud.hadoop.fs.gcs.GoogleHadoopFileSystem --conf spark.hadoop.fs.AbstractFileSystem.gs.impl=com.google.cloud.hadoop.fs.gcs.GoogleHadoopFS --conf spark.hadoop.google.cloud.auth.service.account.enable=true --conf spark.hadoop.google.cloud.auth.service.account.json.keyfile=/opt/***/gcp-key.json --jars /opt/custom-jars/gcs-connector-hadoop3-2.2.14-shaded.jar --name arrow-spark --verbose /opt/spark-jobs/transform/gold.transform.py. Error code is: 2.; 4897)
[2025-08-14T11:05:37.121+0000] {local_task_job_runner.py:240} INFO - Task exited with return code 1
[2025-08-14T11:05:37.169+0000] {taskinstance.py:3498} INFO - 0 downstream tasks scheduled from follow-on schedule check
[2025-08-14T11:05:37.172+0000] {local_task_job_runner.py:222} INFO - ::endgroup::
