[2025-08-14T05:55:47.358+0000] {local_task_job_runner.py:120} INFO - ::group::Pre task execution logs
[2025-08-14T05:55:47.385+0000] {taskinstance.py:2076} INFO - Dependencies all met for dep_context=non-requeueable deps ti=<TaskInstance: spark_transform_pipeline.silver_topcv_transform manual__2025-08-14T05:55:40.148756+00:00 [queued]>
[2025-08-14T05:55:47.392+0000] {taskinstance.py:2076} INFO - Dependencies all met for dep_context=requeueable deps ti=<TaskInstance: spark_transform_pipeline.silver_topcv_transform manual__2025-08-14T05:55:40.148756+00:00 [queued]>
[2025-08-14T05:55:47.392+0000] {taskinstance.py:2306} INFO - Starting attempt 1 of 1
[2025-08-14T05:55:47.404+0000] {taskinstance.py:2330} INFO - Executing <Task(SparkSubmitOperator): silver_topcv_transform> on 2025-08-14 05:55:40.148756+00:00
[2025-08-14T05:55:47.418+0000] {standard_task_runner.py:63} INFO - Started process 1827 to run task
[2025-08-14T05:55:47.422+0000] {standard_task_runner.py:90} INFO - Running: ['***', 'tasks', 'run', 'spark_transform_pipeline', 'silver_topcv_transform', 'manual__2025-08-14T05:55:40.148756+00:00', '--job-id', '152', '--raw', '--subdir', 'DAGS_FOLDER/etl_jobs_dag.py', '--cfg-path', '/tmp/tmphdsmcucg']
[2025-08-14T05:55:47.424+0000] {standard_task_runner.py:91} INFO - Job 152: Subtask silver_topcv_transform
[2025-08-14T05:55:47.493+0000] {task_command.py:426} INFO - Running <TaskInstance: spark_transform_pipeline.silver_topcv_transform manual__2025-08-14T05:55:40.148756+00:00 [running]> on host 45bb482e5411
[2025-08-14T05:55:47.607+0000] {taskinstance.py:2648} INFO - Exporting env vars: AIRFLOW_CTX_DAG_OWNER='***' AIRFLOW_CTX_DAG_ID='spark_transform_pipeline' AIRFLOW_CTX_TASK_ID='silver_topcv_transform' AIRFLOW_CTX_EXECUTION_DATE='2025-08-14T05:55:40.148756+00:00' AIRFLOW_CTX_TRY_NUMBER='1' AIRFLOW_CTX_DAG_RUN_ID='manual__2025-08-14T05:55:40.148756+00:00'
[2025-08-14T05:55:47.608+0000] {taskinstance.py:430} INFO - ::endgroup::
[2025-08-14T05:55:47.642+0000] {base.py:84} INFO - Using connection ID 'spark_default' for task execution.
[2025-08-14T05:55:47.643+0000] {spark_submit.py:351} INFO - Spark-Submit cmd: spark-submit --master spark://spark-master:7077 --conf spark.master=spark://spark-master:7077 --conf spark.driver.extraClassPath=/opt/custom-jars/* --conf spark.executor.extraClassPath=/opt/custom-jars/* --conf spark.hadoop.fs.gs.impl=com.google.cloud.hadoop.fs.gcs.GoogleHadoopFileSystem --conf spark.hadoop.fs.AbstractFileSystem.gs.impl=com.google.cloud.hadoop.fs.gcs.GoogleHadoopFS --conf spark.hadoop.google.cloud.auth.service.account.enable=true --conf spark.hadoop.google.cloud.auth.service.account.json.keyfile=/opt/***/gcp-key.json --jars /opt/custom-jars/spark-bigquery-with-dependencies_2.13-0.30.0.jar,/opt/custom-jars/javax.inject-1.jar --name arrow-spark --verbose /opt/spark-jobs/load/upload_jobs_to_dwh.py
[2025-08-14T05:55:48.877+0000] {spark_submit.py:521} INFO - WARNING: Using incubator modules: jdk.incubator.vector
[2025-08-14T05:55:50.474+0000] {spark_submit.py:521} INFO - Parsed arguments:
[2025-08-14T05:55:50.475+0000] {spark_submit.py:521} INFO - master                  spark://spark-master:7077
[2025-08-14T05:55:50.475+0000] {spark_submit.py:521} INFO - remote                  null
[2025-08-14T05:55:50.476+0000] {spark_submit.py:521} INFO - deployMode              null
[2025-08-14T05:55:50.476+0000] {spark_submit.py:521} INFO - executorMemory          null
[2025-08-14T05:55:50.476+0000] {spark_submit.py:521} INFO - executorCores           null
[2025-08-14T05:55:50.476+0000] {spark_submit.py:521} INFO - totalExecutorCores      null
[2025-08-14T05:55:50.477+0000] {spark_submit.py:521} INFO - propertiesFile          null
[2025-08-14T05:55:50.477+0000] {spark_submit.py:521} INFO - driverMemory            null
[2025-08-14T05:55:50.477+0000] {spark_submit.py:521} INFO - driverCores             null
[2025-08-14T05:55:50.477+0000] {spark_submit.py:521} INFO - driverExtraClassPath    /opt/custom-jars/*
[2025-08-14T05:55:50.477+0000] {spark_submit.py:521} INFO - driverExtraLibraryPath  null
[2025-08-14T05:55:50.477+0000] {spark_submit.py:521} INFO - driverExtraJavaOptions  null
[2025-08-14T05:55:50.478+0000] {spark_submit.py:521} INFO - supervise               false
[2025-08-14T05:55:50.478+0000] {spark_submit.py:521} INFO - queue                   null
[2025-08-14T05:55:50.478+0000] {spark_submit.py:521} INFO - numExecutors            null
[2025-08-14T05:55:50.478+0000] {spark_submit.py:521} INFO - files                   null
[2025-08-14T05:55:50.478+0000] {spark_submit.py:521} INFO - pyFiles                 null
[2025-08-14T05:55:50.479+0000] {spark_submit.py:521} INFO - archives                null
[2025-08-14T05:55:50.479+0000] {spark_submit.py:521} INFO - mainClass               null
[2025-08-14T05:55:50.479+0000] {spark_submit.py:521} INFO - primaryResource         file:/opt/spark-jobs/load/upload_jobs_to_dwh.py
[2025-08-14T05:55:50.479+0000] {spark_submit.py:521} INFO - name                    arrow-spark
[2025-08-14T05:55:50.480+0000] {spark_submit.py:521} INFO - childArgs               []
[2025-08-14T05:55:50.480+0000] {spark_submit.py:521} INFO - jars                    file:/opt/custom-jars/spark-bigquery-with-dependencies_2.13-0.30.0.jar,file:/opt/custom-jars/javax.inject-1.jar
[2025-08-14T05:55:50.480+0000] {spark_submit.py:521} INFO - packages                null
[2025-08-14T05:55:50.480+0000] {spark_submit.py:521} INFO - packagesExclusions      null
[2025-08-14T05:55:50.480+0000] {spark_submit.py:521} INFO - repositories            null
[2025-08-14T05:55:50.481+0000] {spark_submit.py:521} INFO - verbose                 true
[2025-08-14T05:55:50.481+0000] {spark_submit.py:521} INFO - 
[2025-08-14T05:55:50.481+0000] {spark_submit.py:521} INFO - Spark properties used, including those specified through
[2025-08-14T05:55:50.481+0000] {spark_submit.py:521} INFO - --conf and those from the properties file null:
[2025-08-14T05:55:50.482+0000] {spark_submit.py:521} INFO - (spark.driver.extraClassPath,/opt/custom-jars/*)
[2025-08-14T05:55:50.482+0000] {spark_submit.py:521} INFO - (spark.executor.extraClassPath,/opt/custom-jars/*)
[2025-08-14T05:55:50.482+0000] {spark_submit.py:521} INFO - (spark.hadoop.fs.AbstractFileSystem.gs.impl,com.google.cloud.hadoop.fs.gcs.GoogleHadoopFS)
[2025-08-14T05:55:50.482+0000] {spark_submit.py:521} INFO - (spark.hadoop.fs.gs.impl,com.google.cloud.hadoop.fs.gcs.GoogleHadoopFileSystem)
[2025-08-14T05:55:50.483+0000] {spark_submit.py:521} INFO - (spark.hadoop.google.cloud.auth.service.account.enable,true)
[2025-08-14T05:55:50.483+0000] {spark_submit.py:521} INFO - (spark.hadoop.google.cloud.auth.service.account.json.keyfile,/opt/***/gcp-key.json)
[2025-08-14T05:55:50.484+0000] {spark_submit.py:521} INFO - (spark.master,spark://spark-master:7077)
[2025-08-14T05:55:50.484+0000] {spark_submit.py:521} INFO - 
[2025-08-14T05:55:50.485+0000] {spark_submit.py:521} INFO - 
[2025-08-14T05:55:50.842+0000] {spark_submit.py:521} INFO - 25/08/14 05:55:50 WARN NativeCodeLoader: Unable to load native-hadoop library for your platform... using builtin-java classes where applicable
[2025-08-14T05:55:51.403+0000] {spark_submit.py:521} INFO - Main class:
[2025-08-14T05:55:51.404+0000] {spark_submit.py:521} INFO - org.apache.spark.deploy.PythonRunner
[2025-08-14T05:55:51.404+0000] {spark_submit.py:521} INFO - Arguments:
[2025-08-14T05:55:51.404+0000] {spark_submit.py:521} INFO - file:/opt/spark-jobs/load/upload_jobs_to_dwh.py
[2025-08-14T05:55:51.405+0000] {spark_submit.py:521} INFO - null
[2025-08-14T05:55:51.405+0000] {spark_submit.py:521} INFO - Spark config:
[2025-08-14T05:55:51.405+0000] {spark_submit.py:521} INFO - (spark.app.name,arrow-spark)
[2025-08-14T05:55:51.406+0000] {spark_submit.py:521} INFO - (spark.app.submitTime,1755150951382)
[2025-08-14T05:55:51.406+0000] {spark_submit.py:521} INFO - (spark.driver.extraClassPath,/opt/custom-jars/*)
[2025-08-14T05:55:51.406+0000] {spark_submit.py:521} INFO - (spark.executor.extraClassPath,/opt/custom-jars/*)
[2025-08-14T05:55:51.407+0000] {spark_submit.py:521} INFO - (spark.hadoop.fs.AbstractFileSystem.gs.impl,com.google.cloud.hadoop.fs.gcs.GoogleHadoopFS)
[2025-08-14T05:55:51.407+0000] {spark_submit.py:521} INFO - (spark.hadoop.fs.gs.impl,com.google.cloud.hadoop.fs.gcs.GoogleHadoopFileSystem)
[2025-08-14T05:55:51.407+0000] {spark_submit.py:521} INFO - (spark.hadoop.google.cloud.auth.service.account.enable,true)
[2025-08-14T05:55:51.408+0000] {spark_submit.py:521} INFO - (spark.hadoop.google.cloud.auth.service.account.json.keyfile,/opt/***/gcp-key.json)
[2025-08-14T05:55:51.408+0000] {spark_submit.py:521} INFO - (spark.jars,file:///opt/custom-jars/spark-bigquery-with-dependencies_2.13-0.30.0.jar,file:///opt/custom-jars/javax.inject-1.jar)
[2025-08-14T05:55:51.408+0000] {spark_submit.py:521} INFO - (spark.master,spark://spark-master:7077)
[2025-08-14T05:55:51.408+0000] {spark_submit.py:521} INFO - (spark.repl.local.jars,file:///opt/custom-jars/spark-bigquery-with-dependencies_2.13-0.30.0.jar,file:///opt/custom-jars/javax.inject-1.jar)
[2025-08-14T05:55:51.409+0000] {spark_submit.py:521} INFO - (spark.submit.deployMode,client)
[2025-08-14T05:55:51.409+0000] {spark_submit.py:521} INFO - (spark.submit.pyFiles,)
[2025-08-14T05:55:51.409+0000] {spark_submit.py:521} INFO - Classpath elements:
[2025-08-14T05:55:51.409+0000] {spark_submit.py:521} INFO - file:///opt/custom-jars/spark-bigquery-with-dependencies_2.13-0.30.0.jar
[2025-08-14T05:55:51.409+0000] {spark_submit.py:521} INFO - file:///opt/custom-jars/javax.inject-1.jar
[2025-08-14T05:55:51.410+0000] {spark_submit.py:521} INFO - 
[2025-08-14T05:55:51.410+0000] {spark_submit.py:521} INFO - 
[2025-08-14T05:55:52.912+0000] {spark_submit.py:521} INFO - Using Spark's default log4j profile: org/apache/spark/log4j2-defaults.properties
[2025-08-14T05:55:52.920+0000] {spark_submit.py:521} INFO - 25/08/14 05:55:52 INFO SparkContext: Running Spark version 4.0.0
[2025-08-14T05:55:52.923+0000] {spark_submit.py:521} INFO - 25/08/14 05:55:52 INFO SparkContext: OS info Linux, 5.15.167.4-microsoft-standard-WSL2, amd64
[2025-08-14T05:55:52.926+0000] {spark_submit.py:521} INFO - 25/08/14 05:55:52 INFO SparkContext: Java version 17.0.16
[2025-08-14T05:55:52.950+0000] {spark_submit.py:521} INFO - 25/08/14 05:55:52 INFO ResourceUtils: ==============================================================
[2025-08-14T05:55:52.951+0000] {spark_submit.py:521} INFO - 25/08/14 05:55:52 INFO ResourceUtils: No custom resources configured for spark.driver.
[2025-08-14T05:55:52.951+0000] {spark_submit.py:521} INFO - 25/08/14 05:55:52 INFO ResourceUtils: ==============================================================
[2025-08-14T05:55:52.952+0000] {spark_submit.py:521} INFO - 25/08/14 05:55:52 INFO SparkContext: Submitted application: load_to_bq_connector
[2025-08-14T05:55:52.978+0000] {spark_submit.py:521} INFO - 25/08/14 05:55:52 INFO ResourceProfile: Default ResourceProfile created, executor resources: Map(memory -> name: memory, amount: 1024, script: , vendor: , offHeap -> name: offHeap, amount: 0, script: , vendor: ), task resources: Map(cpus -> name: cpus, amount: 1.0)
[2025-08-14T05:55:52.981+0000] {spark_submit.py:521} INFO - 25/08/14 05:55:52 INFO ResourceProfile: Limiting resource is cpu
[2025-08-14T05:55:52.982+0000] {spark_submit.py:521} INFO - 25/08/14 05:55:52 INFO ResourceProfileManager: Added ResourceProfile id: 0
[2025-08-14T05:55:53.041+0000] {spark_submit.py:521} INFO - 25/08/14 05:55:53 INFO SecurityManager: Changing view acls to: ***
[2025-08-14T05:55:53.041+0000] {spark_submit.py:521} INFO - 25/08/14 05:55:53 INFO SecurityManager: Changing modify acls to: ***
[2025-08-14T05:55:53.042+0000] {spark_submit.py:521} INFO - 25/08/14 05:55:53 INFO SecurityManager: Changing view acls groups to: ***
[2025-08-14T05:55:53.042+0000] {spark_submit.py:521} INFO - 25/08/14 05:55:53 INFO SecurityManager: Changing modify acls groups to: ***
[2025-08-14T05:55:53.044+0000] {spark_submit.py:521} INFO - 25/08/14 05:55:53 INFO SecurityManager: SecurityManager: authentication disabled; ui acls disabled; users with view permissions: *** groups with view permissions: EMPTY; users with modify permissions: ***; groups with modify permissions: EMPTY; RPC SSL disabled
[2025-08-14T05:55:53.365+0000] {spark_submit.py:521} INFO - 25/08/14 05:55:53 INFO Utils: Successfully started service 'sparkDriver' on port 36489.
[2025-08-14T05:55:53.413+0000] {spark_submit.py:521} INFO - 25/08/14 05:55:53 INFO SparkEnv: Registering MapOutputTracker
[2025-08-14T05:55:53.428+0000] {spark_submit.py:521} INFO - 25/08/14 05:55:53 INFO SparkEnv: Registering BlockManagerMaster
[2025-08-14T05:55:53.445+0000] {spark_submit.py:521} INFO - 25/08/14 05:55:53 INFO BlockManagerMasterEndpoint: Using org.apache.spark.storage.DefaultTopologyMapper for getting topology information
[2025-08-14T05:55:53.446+0000] {spark_submit.py:521} INFO - 25/08/14 05:55:53 INFO BlockManagerMasterEndpoint: BlockManagerMasterEndpoint up
[2025-08-14T05:55:53.450+0000] {spark_submit.py:521} INFO - 25/08/14 05:55:53 INFO SparkEnv: Registering BlockManagerMasterHeartbeat
[2025-08-14T05:55:53.489+0000] {spark_submit.py:521} INFO - 25/08/14 05:55:53 INFO DiskBlockManager: Created local directory at /tmp/blockmgr-62eb1b08-6252-42fd-8754-9635ae6233b7
[2025-08-14T05:55:53.526+0000] {spark_submit.py:521} INFO - 25/08/14 05:55:53 INFO SparkEnv: Registering OutputCommitCoordinator
[2025-08-14T05:55:53.744+0000] {spark_submit.py:521} INFO - 25/08/14 05:55:53 INFO JettyUtils: Start Jetty 0.0.0.0:4040 for SparkUI
[2025-08-14T05:55:53.938+0000] {spark_submit.py:521} INFO - 25/08/14 05:55:53 INFO Utils: Successfully started service 'SparkUI' on port 4040.
[2025-08-14T05:55:54.019+0000] {spark_submit.py:521} INFO - 25/08/14 05:55:54 INFO SparkContext: Added JAR file:///opt/custom-jars/spark-bigquery-with-dependencies_2.13-0.30.0.jar at spark://45bb482e5411:36489/jars/spark-bigquery-with-dependencies_2.13-0.30.0.jar with timestamp 1755150952906
[2025-08-14T05:55:54.020+0000] {spark_submit.py:521} INFO - 25/08/14 05:55:54 INFO SparkContext: Added JAR file:///opt/custom-jars/javax.inject-1.jar at spark://45bb482e5411:36489/jars/javax.inject-1.jar with timestamp 1755150952906
[2025-08-14T05:55:54.059+0000] {spark_submit.py:521} INFO - 25/08/14 05:55:54 INFO SecurityManager: Changing view acls to: ***
[2025-08-14T05:55:54.060+0000] {spark_submit.py:521} INFO - 25/08/14 05:55:54 INFO SecurityManager: Changing modify acls to: ***
[2025-08-14T05:55:54.061+0000] {spark_submit.py:521} INFO - 25/08/14 05:55:54 INFO SecurityManager: Changing view acls groups to: ***
[2025-08-14T05:55:54.061+0000] {spark_submit.py:521} INFO - 25/08/14 05:55:54 INFO SecurityManager: Changing modify acls groups to: ***
[2025-08-14T05:55:54.062+0000] {spark_submit.py:521} INFO - 25/08/14 05:55:54 INFO SecurityManager: SecurityManager: authentication disabled; ui acls disabled; users with view permissions: *** groups with view permissions: EMPTY; users with modify permissions: ***; groups with modify permissions: EMPTY; RPC SSL disabled
[2025-08-14T05:55:54.428+0000] {spark_submit.py:521} INFO - 25/08/14 05:55:54 INFO StandaloneAppClient$ClientEndpoint: Connecting to master spark://spark-master:7077...
[2025-08-14T05:55:54.521+0000] {spark_submit.py:521} INFO - 25/08/14 05:55:54 INFO TransportClientFactory: Successfully created connection to spark-master/172.18.0.4:7077 after 51 ms (0 ms spent in bootstraps)
[2025-08-14T05:55:55.232+0000] {spark_submit.py:521} INFO - 25/08/14 05:55:55 INFO StandaloneSchedulerBackend: Connected to Spark cluster with app ID app-20250814055555-0005
[2025-08-14T05:55:55.248+0000] {spark_submit.py:521} INFO - 25/08/14 05:55:55 INFO Utils: Successfully started service 'org.apache.spark.network.netty.NettyBlockTransferService' on port 43871.
[2025-08-14T05:55:55.249+0000] {spark_submit.py:521} INFO - 25/08/14 05:55:55 INFO NettyBlockTransferService: Server created on 45bb482e5411:43871
[2025-08-14T05:55:55.252+0000] {spark_submit.py:521} INFO - 25/08/14 05:55:55 INFO BlockManager: Using org.apache.spark.storage.RandomBlockReplicationPolicy for block replication policy
[2025-08-14T05:55:55.275+0000] {spark_submit.py:521} INFO - 25/08/14 05:55:55 INFO BlockManagerMaster: Registering BlockManager BlockManagerId(driver, 45bb482e5411, 43871, None)
[2025-08-14T05:55:55.287+0000] {spark_submit.py:521} INFO - 25/08/14 05:55:55 INFO BlockManagerMasterEndpoint: Registering block manager 45bb482e5411:43871 with 434.4 MiB RAM, BlockManagerId(driver, 45bb482e5411, 43871, None)
[2025-08-14T05:55:55.290+0000] {spark_submit.py:521} INFO - 25/08/14 05:55:55 INFO BlockManagerMaster: Registered BlockManager BlockManagerId(driver, 45bb482e5411, 43871, None)
[2025-08-14T05:55:55.292+0000] {spark_submit.py:521} INFO - 25/08/14 05:55:55 INFO BlockManager: Initialized BlockManager: BlockManagerId(driver, 45bb482e5411, 43871, None)
[2025-08-14T05:55:55.329+0000] {spark_submit.py:521} INFO - 25/08/14 05:55:55 INFO StandaloneAppClient$ClientEndpoint: Executor added: app-20250814055555-0005/0 on worker-20250814033638-172.18.0.2-37347 (172.18.0.2:37347) with 2 core(s)
[2025-08-14T05:55:55.331+0000] {spark_submit.py:521} INFO - 25/08/14 05:55:55 INFO StandaloneSchedulerBackend: Granted executor ID app-20250814055555-0005/0 on hostPort 172.18.0.2:37347 with 2 core(s), 1024.0 MiB RAM
[2025-08-14T05:55:55.559+0000] {spark_submit.py:521} INFO - 25/08/14 05:55:55 INFO StandaloneSchedulerBackend: SchedulerBackend is ready for scheduling beginning after reached minRegisteredResourcesRatio: 0.0
[2025-08-14T05:55:57.209+0000] {spark_submit.py:521} INFO - 25/08/14 05:55:57 INFO StandaloneAppClient$ClientEndpoint: Executor updated: app-20250814055555-0005/0 is now RUNNING
[2025-08-14T05:56:00.786+0000] {spark_submit.py:521} INFO - 25/08/14 05:56:00 INFO SharedState: Setting hive.metastore.warehouse.dir ('null') to the value of spark.sql.warehouse.dir.
[2025-08-14T05:56:00.791+0000] {spark_submit.py:521} INFO - 25/08/14 05:56:00 INFO SharedState: Warehouse path is 'file:/opt/***/spark-warehouse'.
[2025-08-14T05:56:09.467+0000] {spark_submit.py:521} INFO - 25/08/14 05:56:09 INFO StandaloneSchedulerBackend$StandaloneDriverEndpoint: Registered executor NettyRpcEndpointRef(spark-client://Executor) (172.18.0.2:49376) with ID 0, ResourceProfileId 0
[2025-08-14T05:56:09.998+0000] {spark_submit.py:521} INFO - 25/08/14 05:56:09 INFO BlockManagerMasterEndpoint: Registering block manager 172.18.0.2:43493 with 434.4 MiB RAM, BlockManagerId(0, 172.18.0.2, 43493, None)
[2025-08-14T05:56:10.526+0000] {spark_submit.py:521} INFO - 25/08/14 05:56:10 INFO InMemoryFileIndex: It took 254 ms to list leaf files for 1 paths.
[2025-08-14T05:56:11.201+0000] {spark_submit.py:521} INFO - 25/08/14 05:56:11 INFO SparkContext: Starting job: parquet at NativeMethodAccessorImpl.java:0
[2025-08-14T05:56:11.249+0000] {spark_submit.py:521} INFO - 25/08/14 05:56:11 INFO DAGScheduler: Got job 0 (parquet at NativeMethodAccessorImpl.java:0) with 1 output partitions
[2025-08-14T05:56:11.257+0000] {spark_submit.py:521} INFO - 25/08/14 05:56:11 INFO DAGScheduler: Final stage: ResultStage 0 (parquet at NativeMethodAccessorImpl.java:0)
[2025-08-14T05:56:11.260+0000] {spark_submit.py:521} INFO - 25/08/14 05:56:11 INFO DAGScheduler: Parents of final stage: List()
[2025-08-14T05:56:11.272+0000] {spark_submit.py:521} INFO - 25/08/14 05:56:11 INFO DAGScheduler: Missing parents: List()
[2025-08-14T05:56:11.316+0000] {spark_submit.py:521} INFO - 25/08/14 05:56:11 INFO DAGScheduler: Submitting ResultStage 0 (MapPartitionsRDD[1] at parquet at NativeMethodAccessorImpl.java:0), which has no missing parents
[2025-08-14T05:56:11.589+0000] {spark_submit.py:521} INFO - 25/08/14 05:56:11 INFO MemoryStore: MemoryStore started with capacity 434.4 MiB
[2025-08-14T05:56:11.612+0000] {spark_submit.py:521} INFO - 25/08/14 05:56:11 INFO MemoryStore: Block broadcast_0 stored as values in memory (estimated size 116.1 KiB, free 434.3 MiB)
[2025-08-14T05:56:11.815+0000] {spark_submit.py:521} INFO - 25/08/14 05:56:11 INFO MemoryStore: Block broadcast_0_piece0 stored as bytes in memory (estimated size 41.9 KiB, free 434.2 MiB)
[2025-08-14T05:56:11.847+0000] {spark_submit.py:521} INFO - 25/08/14 05:56:11 INFO SparkContext: Created broadcast 0 from broadcast at DAGScheduler.scala:1676
[2025-08-14T05:56:11.901+0000] {spark_submit.py:521} INFO - 25/08/14 05:56:11 INFO DAGScheduler: Submitting 1 missing tasks from ResultStage 0 (MapPartitionsRDD[1] at parquet at NativeMethodAccessorImpl.java:0) (first 15 tasks are for partitions Vector(0))
[2025-08-14T05:56:11.943+0000] {spark_submit.py:521} INFO - 25/08/14 05:56:11 INFO TaskSchedulerImpl: Adding task set 0.0 with 1 tasks resource profile 0
[2025-08-14T05:56:13.295+0000] {spark_submit.py:521} INFO - 25/08/14 05:56:13 INFO TaskSetManager: Starting task 0.0 in stage 0.0 (TID 0) (172.18.0.2,executor 0, partition 0, PROCESS_LOCAL, 10327 bytes)
[2025-08-14T05:56:17.958+0000] {spark_submit.py:521} INFO - 25/08/14 05:56:17 INFO TaskSetManager: Finished task 0.0 in stage 0.0 (TID 0) in 4681 ms on 172.18.0.2 (executor 0) (1/1)
[2025-08-14T05:56:17.960+0000] {spark_submit.py:521} INFO - 25/08/14 05:56:17 INFO TaskSchedulerImpl: Removed TaskSet 0.0 whose tasks have all completed, from pool
[2025-08-14T05:56:17.966+0000] {spark_submit.py:521} INFO - 25/08/14 05:56:17 INFO DAGScheduler: ResultStage 0 (parquet at NativeMethodAccessorImpl.java:0) finished in 6428 ms
[2025-08-14T05:56:17.969+0000] {spark_submit.py:521} INFO - 25/08/14 05:56:17 INFO DAGScheduler: Job 0 is finished. Cancelling potential speculative or zombie tasks for this job
[2025-08-14T05:56:17.970+0000] {spark_submit.py:521} INFO - 25/08/14 05:56:17 INFO TaskSchedulerImpl: Canceling stage 0
[2025-08-14T05:56:17.972+0000] {spark_submit.py:521} INFO - 25/08/14 05:56:17 INFO TaskSchedulerImpl: Killing all running tasks in stage 0: Stage finished
[2025-08-14T05:56:17.975+0000] {spark_submit.py:521} INFO - 25/08/14 05:56:17 INFO DAGScheduler: Job 0 finished: parquet at NativeMethodAccessorImpl.java:0, took 6773.251334 ms
[2025-08-14T05:56:20.319+0000] {spark_submit.py:521} INFO - Traceback (most recent call last):
[2025-08-14T05:56:20.320+0000] {spark_submit.py:521} INFO - File "/opt/spark-jobs/load/upload_jobs_to_dwh.py", line 30, in <module>
[2025-08-14T05:56:20.323+0000] {spark_submit.py:521} INFO - .save()
[2025-08-14T05:56:20.324+0000] {spark_submit.py:521} INFO - ^^^^^^
[2025-08-14T05:56:20.325+0000] {spark_submit.py:521} INFO - File "/home/***/.local/lib/python3.11/site-packages/pyspark/python/lib/pyspark.zip/pyspark/sql/readwriter.py", line 1743, in save
[2025-08-14T05:56:20.325+0000] {spark_submit.py:521} INFO - File "/home/***/.local/lib/python3.11/site-packages/pyspark/python/lib/py4j-0.10.9.9-src.zip/py4j/java_gateway.py", line 1362, in __call__
[2025-08-14T05:56:20.326+0000] {spark_submit.py:521} INFO - File "/home/***/.local/lib/python3.11/site-packages/pyspark/python/lib/pyspark.zip/pyspark/errors/exceptions/captured.py", line 282, in deco
[2025-08-14T05:56:20.326+0000] {spark_submit.py:521} INFO - File "/home/***/.local/lib/python3.11/site-packages/pyspark/python/lib/py4j-0.10.9.9-src.zip/py4j/protocol.py", line 327, in get_return_value
[2025-08-14T05:56:20.376+0000] {spark_submit.py:521} INFO - py4j.protocol.Py4JJavaError: An error occurred while calling o42.save.
[2025-08-14T05:56:20.377+0000] {spark_submit.py:521} INFO - : com.google.cloud.spark.bigquery.repackaged.com.google.inject.ProvisionException: Unable to provision, see the following errors:
[2025-08-14T05:56:20.377+0000] {spark_submit.py:521} INFO - 
[2025-08-14T05:56:20.377+0000] {spark_submit.py:521} INFO - 1) [Guice/ErrorInCustomProvider]: NoSuchMethodError: 'SQLConf SQLContext.conf()'
[2025-08-14T05:56:20.377+0000] {spark_submit.py:521} INFO - at SparkBigQueryConnectorModule.provideSparkBigQueryConfig(SparkBigQueryConnectorModule.java:77)
[2025-08-14T05:56:20.378+0000] {spark_submit.py:521} INFO - while locating SparkBigQueryConfig
[2025-08-14T05:56:20.378+0000] {spark_submit.py:521} INFO - 
[2025-08-14T05:56:20.378+0000] {spark_submit.py:521} INFO - Learn more:
[2025-08-14T05:56:20.378+0000] {spark_submit.py:521} INFO - https://github.com/google/guice/wiki/ERROR_IN_CUSTOM_PROVIDER
[2025-08-14T05:56:20.379+0000] {spark_submit.py:521} INFO - 
[2025-08-14T05:56:20.379+0000] {spark_submit.py:521} INFO - 1 error
[2025-08-14T05:56:20.380+0000] {spark_submit.py:521} INFO - 
[2025-08-14T05:56:20.380+0000] {spark_submit.py:521} INFO - ======================
[2025-08-14T05:56:20.380+0000] {spark_submit.py:521} INFO - Full classname legend:
[2025-08-14T05:56:20.380+0000] {spark_submit.py:521} INFO - ======================
[2025-08-14T05:56:20.380+0000] {spark_submit.py:521} INFO - SQLConf:                      "org.apache.spark.sql.internal.SQLConf"
[2025-08-14T05:56:20.381+0000] {spark_submit.py:521} INFO - SQLContext:                   "org.apache.spark.sql.SQLContext"
[2025-08-14T05:56:20.381+0000] {spark_submit.py:521} INFO - SparkBigQueryConfig:          "com.google.cloud.spark.bigquery.SparkBigQueryConfig"
[2025-08-14T05:56:20.381+0000] {spark_submit.py:521} INFO - SparkBigQueryConnectorModule: "com.google.cloud.spark.bigquery.SparkBigQueryConnectorModule"
[2025-08-14T05:56:20.381+0000] {spark_submit.py:521} INFO - ========================
[2025-08-14T05:56:20.381+0000] {spark_submit.py:521} INFO - End of classname legend:
[2025-08-14T05:56:20.381+0000] {spark_submit.py:521} INFO - ========================
[2025-08-14T05:56:20.381+0000] {spark_submit.py:521} INFO - 
[2025-08-14T05:56:20.382+0000] {spark_submit.py:521} INFO - at com.google.cloud.spark.bigquery.repackaged.com.google.inject.internal.InternalProvisionException.toProvisionException(InternalProvisionException.java:251)
[2025-08-14T05:56:20.382+0000] {spark_submit.py:521} INFO - at com.google.cloud.spark.bigquery.repackaged.com.google.inject.internal.InjectorImpl$1.get(InjectorImpl.java:1104)
[2025-08-14T05:56:20.382+0000] {spark_submit.py:521} INFO - at com.google.cloud.spark.bigquery.repackaged.com.google.inject.internal.InjectorImpl.getInstance(InjectorImpl.java:1139)
[2025-08-14T05:56:20.382+0000] {spark_submit.py:521} INFO - at com.google.cloud.spark.bigquery.write.CreatableRelationProviderHelper.createBigQueryInsertableRelationInternal(CreatableRelationProviderHelper.java:114)
[2025-08-14T05:56:20.383+0000] {spark_submit.py:521} INFO - at com.google.cloud.spark.bigquery.write.CreatableRelationProviderHelper.createBigQueryInsertableRelation(CreatableRelationProviderHelper.java:95)
[2025-08-14T05:56:20.383+0000] {spark_submit.py:521} INFO - at com.google.cloud.spark.bigquery.write.CreatableRelationProviderHelper.createRelation(CreatableRelationProviderHelper.java:47)
[2025-08-14T05:56:20.383+0000] {spark_submit.py:521} INFO - at com.google.cloud.spark.bigquery.BigQueryRelationProvider.createRelation(BigQueryRelationProvider.scala:107)
[2025-08-14T05:56:20.383+0000] {spark_submit.py:521} INFO - at org.apache.spark.sql.execution.datasources.SaveIntoDataSourceCommand.run(SaveIntoDataSourceCommand.scala:55)
[2025-08-14T05:56:20.384+0000] {spark_submit.py:521} INFO - at org.apache.spark.sql.execution.command.ExecutedCommandExec.sideEffectResult$lzycompute(commands.scala:79)
[2025-08-14T05:56:20.384+0000] {spark_submit.py:521} INFO - at org.apache.spark.sql.execution.command.ExecutedCommandExec.sideEffectResult(commands.scala:77)
[2025-08-14T05:56:20.384+0000] {spark_submit.py:521} INFO - at org.apache.spark.sql.execution.command.ExecutedCommandExec.executeCollect(commands.scala:88)
[2025-08-14T05:56:20.384+0000] {spark_submit.py:521} INFO - at org.apache.spark.sql.execution.QueryExecution.$anonfun$eagerlyExecuteCommands$2(QueryExecution.scala:155)
[2025-08-14T05:56:20.385+0000] {spark_submit.py:521} INFO - at org.apache.spark.sql.execution.SQLExecution$.$anonfun$withNewExecutionId0$8(SQLExecution.scala:162)
[2025-08-14T05:56:20.385+0000] {spark_submit.py:521} INFO - at org.apache.spark.sql.execution.SQLExecution$.withSessionTagsApplied(SQLExecution.scala:268)
[2025-08-14T05:56:20.385+0000] {spark_submit.py:521} INFO - at org.apache.spark.sql.execution.SQLExecution$.$anonfun$withNewExecutionId0$7(SQLExecution.scala:124)
[2025-08-14T05:56:20.385+0000] {spark_submit.py:521} INFO - at org.apache.spark.JobArtifactSet$.withActiveJobArtifactState(JobArtifactSet.scala:94)
[2025-08-14T05:56:20.386+0000] {spark_submit.py:521} INFO - at org.apache.spark.sql.artifact.ArtifactManager.$anonfun$withResources$1(ArtifactManager.scala:112)
[2025-08-14T05:56:20.386+0000] {spark_submit.py:521} INFO - at org.apache.spark.sql.artifact.ArtifactManager.withClassLoaderIfNeeded(ArtifactManager.scala:106)
[2025-08-14T05:56:20.386+0000] {spark_submit.py:521} INFO - at org.apache.spark.sql.artifact.ArtifactManager.withResources(ArtifactManager.scala:111)
[2025-08-14T05:56:20.386+0000] {spark_submit.py:521} INFO - at org.apache.spark.sql.execution.SQLExecution$.$anonfun$withNewExecutionId0$6(SQLExecution.scala:124)
[2025-08-14T05:56:20.387+0000] {spark_submit.py:521} INFO - at org.apache.spark.sql.execution.SQLExecution$.withSQLConfPropagated(SQLExecution.scala:291)
[2025-08-14T05:56:20.387+0000] {spark_submit.py:521} INFO - at org.apache.spark.sql.execution.SQLExecution$.$anonfun$withNewExecutionId0$1(SQLExecution.scala:123)
[2025-08-14T05:56:20.387+0000] {spark_submit.py:521} INFO - at org.apache.spark.sql.SparkSession.withActive(SparkSession.scala:804)
[2025-08-14T05:56:20.387+0000] {spark_submit.py:521} INFO - at org.apache.spark.sql.execution.SQLExecution$.withNewExecutionId0(SQLExecution.scala:77)
[2025-08-14T05:56:20.387+0000] {spark_submit.py:521} INFO - at org.apache.spark.sql.execution.SQLExecution$.withNewExecutionId(SQLExecution.scala:233)
[2025-08-14T05:56:20.388+0000] {spark_submit.py:521} INFO - at org.apache.spark.sql.execution.QueryExecution.$anonfun$eagerlyExecuteCommands$1(QueryExecution.scala:155)
[2025-08-14T05:56:20.388+0000] {spark_submit.py:521} INFO - at org.apache.spark.sql.execution.QueryExecution$.withInternalError(QueryExecution.scala:654)
[2025-08-14T05:56:20.388+0000] {spark_submit.py:521} INFO - at org.apache.spark.sql.execution.QueryExecution.org$apache$spark$sql$execution$QueryExecution$$eagerlyExecute$1(QueryExecution.scala:154)
[2025-08-14T05:56:20.388+0000] {spark_submit.py:521} INFO - at org.apache.spark.sql.execution.QueryExecution$$anonfun$eagerlyExecuteCommands$3.applyOrElse(QueryExecution.scala:169)
[2025-08-14T05:56:20.388+0000] {spark_submit.py:521} INFO - at org.apache.spark.sql.execution.QueryExecution$$anonfun$eagerlyExecuteCommands$3.applyOrElse(QueryExecution.scala:164)
[2025-08-14T05:56:20.389+0000] {spark_submit.py:521} INFO - at org.apache.spark.sql.catalyst.trees.TreeNode.$anonfun$transformDownWithPruning$1(TreeNode.scala:470)
[2025-08-14T05:56:20.389+0000] {spark_submit.py:521} INFO - at org.apache.spark.sql.catalyst.trees.CurrentOrigin$.withOrigin(origin.scala:86)
[2025-08-14T05:56:20.389+0000] {spark_submit.py:521} INFO - at org.apache.spark.sql.catalyst.trees.TreeNode.transformDownWithPruning(TreeNode.scala:470)
[2025-08-14T05:56:20.389+0000] {spark_submit.py:521} INFO - at org.apache.spark.sql.catalyst.plans.logical.LogicalPlan.org$apache$spark$sql$catalyst$plans$logical$AnalysisHelper$$super$transformDownWithPruning(LogicalPlan.scala:37)
[2025-08-14T05:56:20.389+0000] {spark_submit.py:521} INFO - at org.apache.spark.sql.catalyst.plans.logical.AnalysisHelper.transformDownWithPruning(AnalysisHelper.scala:360)
[2025-08-14T05:56:20.389+0000] {spark_submit.py:521} INFO - at org.apache.spark.sql.catalyst.plans.logical.AnalysisHelper.transformDownWithPruning$(AnalysisHelper.scala:356)
[2025-08-14T05:56:20.390+0000] {spark_submit.py:521} INFO - at org.apache.spark.sql.catalyst.plans.logical.LogicalPlan.transformDownWithPruning(LogicalPlan.scala:37)
[2025-08-14T05:56:20.390+0000] {spark_submit.py:521} INFO - at org.apache.spark.sql.catalyst.plans.logical.LogicalPlan.transformDownWithPruning(LogicalPlan.scala:37)
[2025-08-14T05:56:20.390+0000] {spark_submit.py:521} INFO - at org.apache.spark.sql.catalyst.trees.TreeNode.transformDown(TreeNode.scala:446)
[2025-08-14T05:56:20.390+0000] {spark_submit.py:521} INFO - at org.apache.spark.sql.execution.QueryExecution.eagerlyExecuteCommands(QueryExecution.scala:164)
[2025-08-14T05:56:20.390+0000] {spark_submit.py:521} INFO - at org.apache.spark.sql.execution.QueryExecution.$anonfun$lazyCommandExecuted$1(QueryExecution.scala:126)
[2025-08-14T05:56:20.391+0000] {spark_submit.py:521} INFO - at scala.util.Try$.apply(Try.scala:217)
[2025-08-14T05:56:20.391+0000] {spark_submit.py:521} INFO - at org.apache.spark.util.Utils$.doTryWithCallerStacktrace(Utils.scala:1378)
[2025-08-14T05:56:20.391+0000] {spark_submit.py:521} INFO - at org.apache.spark.util.Utils$.getTryWithCallerStacktrace(Utils.scala:1439)
[2025-08-14T05:56:20.391+0000] {spark_submit.py:521} INFO - at org.apache.spark.util.LazyTry.get(LazyTry.scala:58)
[2025-08-14T05:56:20.391+0000] {spark_submit.py:521} INFO - at org.apache.spark.sql.execution.QueryExecution.commandExecuted(QueryExecution.scala:131)
[2025-08-14T05:56:20.392+0000] {spark_submit.py:521} INFO - at org.apache.spark.sql.execution.QueryExecution.assertCommandExecuted(QueryExecution.scala:192)
[2025-08-14T05:56:20.392+0000] {spark_submit.py:521} INFO - at org.apache.spark.sql.classic.DataFrameWriter.runCommand(DataFrameWriter.scala:622)
[2025-08-14T05:56:20.392+0000] {spark_submit.py:521} INFO - at org.apache.spark.sql.classic.DataFrameWriter.saveToV1Source(DataFrameWriter.scala:273)
[2025-08-14T05:56:20.392+0000] {spark_submit.py:521} INFO - at org.apache.spark.sql.classic.DataFrameWriter.saveInternal(DataFrameWriter.scala:241)
[2025-08-14T05:56:20.392+0000] {spark_submit.py:521} INFO - at org.apache.spark.sql.classic.DataFrameWriter.save(DataFrameWriter.scala:126)
[2025-08-14T05:56:20.393+0000] {spark_submit.py:521} INFO - at java.base/jdk.internal.reflect.NativeMethodAccessorImpl.invoke0(Native Method)
[2025-08-14T05:56:20.393+0000] {spark_submit.py:521} INFO - at java.base/jdk.internal.reflect.NativeMethodAccessorImpl.invoke(NativeMethodAccessorImpl.java:77)
[2025-08-14T05:56:20.393+0000] {spark_submit.py:521} INFO - at java.base/jdk.internal.reflect.DelegatingMethodAccessorImpl.invoke(DelegatingMethodAccessorImpl.java:43)
[2025-08-14T05:56:20.393+0000] {spark_submit.py:521} INFO - at java.base/java.lang.reflect.Method.invoke(Method.java:569)
[2025-08-14T05:56:20.393+0000] {spark_submit.py:521} INFO - at py4j.reflection.MethodInvoker.invoke(MethodInvoker.java:244)
[2025-08-14T05:56:20.393+0000] {spark_submit.py:521} INFO - at py4j.reflection.ReflectionEngine.invoke(ReflectionEngine.java:374)
[2025-08-14T05:56:20.393+0000] {spark_submit.py:521} INFO - at py4j.Gateway.invoke(Gateway.java:282)
[2025-08-14T05:56:20.394+0000] {spark_submit.py:521} INFO - at py4j.commands.AbstractCommand.invokeMethod(AbstractCommand.java:132)
[2025-08-14T05:56:20.394+0000] {spark_submit.py:521} INFO - at py4j.commands.CallCommand.execute(CallCommand.java:79)
[2025-08-14T05:56:20.394+0000] {spark_submit.py:521} INFO - at py4j.ClientServerConnection.waitForCommands(ClientServerConnection.java:184)
[2025-08-14T05:56:20.394+0000] {spark_submit.py:521} INFO - at py4j.ClientServerConnection.run(ClientServerConnection.java:108)
[2025-08-14T05:56:20.394+0000] {spark_submit.py:521} INFO - at java.base/java.lang.Thread.run(Thread.java:840)
[2025-08-14T05:56:20.394+0000] {spark_submit.py:521} INFO - Suppressed: org.apache.spark.util.Utils$OriginalTryStackTraceException: Full stacktrace of original doTryWithCallerStacktrace caller
[2025-08-14T05:56:20.394+0000] {spark_submit.py:521} INFO - at com.google.cloud.spark.bigquery.repackaged.com.google.inject.internal.InternalProvisionException.toProvisionException(InternalProvisionException.java:251)
[2025-08-14T05:56:20.394+0000] {spark_submit.py:521} INFO - at com.google.cloud.spark.bigquery.repackaged.com.google.inject.internal.InjectorImpl$1.get(InjectorImpl.java:1104)
[2025-08-14T05:56:20.395+0000] {spark_submit.py:521} INFO - at com.google.cloud.spark.bigquery.repackaged.com.google.inject.internal.InjectorImpl.getInstance(InjectorImpl.java:1139)
[2025-08-14T05:56:20.395+0000] {spark_submit.py:521} INFO - at com.google.cloud.spark.bigquery.write.CreatableRelationProviderHelper.createBigQueryInsertableRelationInternal(CreatableRelationProviderHelper.java:114)
[2025-08-14T05:56:20.395+0000] {spark_submit.py:521} INFO - at com.google.cloud.spark.bigquery.write.CreatableRelationProviderHelper.createBigQueryInsertableRelation(CreatableRelationProviderHelper.java:95)
[2025-08-14T05:56:20.395+0000] {spark_submit.py:521} INFO - at com.google.cloud.spark.bigquery.write.CreatableRelationProviderHelper.createRelation(CreatableRelationProviderHelper.java:47)
[2025-08-14T05:56:20.395+0000] {spark_submit.py:521} INFO - at com.google.cloud.spark.bigquery.BigQueryRelationProvider.createRelation(BigQueryRelationProvider.scala:107)
[2025-08-14T05:56:20.396+0000] {spark_submit.py:521} INFO - at org.apache.spark.sql.execution.datasources.SaveIntoDataSourceCommand.run(SaveIntoDataSourceCommand.scala:55)
[2025-08-14T05:56:20.396+0000] {spark_submit.py:521} INFO - at org.apache.spark.sql.execution.command.ExecutedCommandExec.sideEffectResult$lzycompute(commands.scala:79)
[2025-08-14T05:56:20.396+0000] {spark_submit.py:521} INFO - at org.apache.spark.sql.execution.command.ExecutedCommandExec.sideEffectResult(commands.scala:77)
[2025-08-14T05:56:20.396+0000] {spark_submit.py:521} INFO - at org.apache.spark.sql.execution.command.ExecutedCommandExec.executeCollect(commands.scala:88)
[2025-08-14T05:56:20.397+0000] {spark_submit.py:521} INFO - at org.apache.spark.sql.execution.QueryExecution.$anonfun$eagerlyExecuteCommands$2(QueryExecution.scala:155)
[2025-08-14T05:56:20.397+0000] {spark_submit.py:521} INFO - at org.apache.spark.sql.execution.SQLExecution$.$anonfun$withNewExecutionId0$8(SQLExecution.scala:162)
[2025-08-14T05:56:20.397+0000] {spark_submit.py:521} INFO - at org.apache.spark.sql.execution.SQLExecution$.withSessionTagsApplied(SQLExecution.scala:268)
[2025-08-14T05:56:20.397+0000] {spark_submit.py:521} INFO - at org.apache.spark.sql.execution.SQLExecution$.$anonfun$withNewExecutionId0$7(SQLExecution.scala:124)
[2025-08-14T05:56:20.397+0000] {spark_submit.py:521} INFO - at org.apache.spark.JobArtifactSet$.withActiveJobArtifactState(JobArtifactSet.scala:94)
[2025-08-14T05:56:20.398+0000] {spark_submit.py:521} INFO - at org.apache.spark.sql.artifact.ArtifactManager.$anonfun$withResources$1(ArtifactManager.scala:112)
[2025-08-14T05:56:20.398+0000] {spark_submit.py:521} INFO - at org.apache.spark.sql.artifact.ArtifactManager.withClassLoaderIfNeeded(ArtifactManager.scala:106)
[2025-08-14T05:56:20.398+0000] {spark_submit.py:521} INFO - at org.apache.spark.sql.artifact.ArtifactManager.withResources(ArtifactManager.scala:111)
[2025-08-14T05:56:20.398+0000] {spark_submit.py:521} INFO - at org.apache.spark.sql.execution.SQLExecution$.$anonfun$withNewExecutionId0$6(SQLExecution.scala:124)
[2025-08-14T05:56:20.398+0000] {spark_submit.py:521} INFO - at org.apache.spark.sql.execution.SQLExecution$.withSQLConfPropagated(SQLExecution.scala:291)
[2025-08-14T05:56:20.399+0000] {spark_submit.py:521} INFO - at org.apache.spark.sql.execution.SQLExecution$.$anonfun$withNewExecutionId0$1(SQLExecution.scala:123)
[2025-08-14T05:56:20.399+0000] {spark_submit.py:521} INFO - at org.apache.spark.sql.SparkSession.withActive(SparkSession.scala:804)
[2025-08-14T05:56:20.399+0000] {spark_submit.py:521} INFO - at org.apache.spark.sql.execution.SQLExecution$.withNewExecutionId0(SQLExecution.scala:77)
[2025-08-14T05:56:20.399+0000] {spark_submit.py:521} INFO - at org.apache.spark.sql.execution.SQLExecution$.withNewExecutionId(SQLExecution.scala:233)
[2025-08-14T05:56:20.399+0000] {spark_submit.py:521} INFO - at org.apache.spark.sql.execution.QueryExecution.$anonfun$eagerlyExecuteCommands$1(QueryExecution.scala:155)
[2025-08-14T05:56:20.400+0000] {spark_submit.py:521} INFO - at org.apache.spark.sql.execution.QueryExecution$.withInternalError(QueryExecution.scala:654)
[2025-08-14T05:56:20.400+0000] {spark_submit.py:521} INFO - at org.apache.spark.sql.execution.QueryExecution.org$apache$spark$sql$execution$QueryExecution$$eagerlyExecute$1(QueryExecution.scala:154)
[2025-08-14T05:56:20.400+0000] {spark_submit.py:521} INFO - at org.apache.spark.sql.execution.QueryExecution$$anonfun$eagerlyExecuteCommands$3.applyOrElse(QueryExecution.scala:169)
[2025-08-14T05:56:20.400+0000] {spark_submit.py:521} INFO - at org.apache.spark.sql.execution.QueryExecution$$anonfun$eagerlyExecuteCommands$3.applyOrElse(QueryExecution.scala:164)
[2025-08-14T05:56:20.401+0000] {spark_submit.py:521} INFO - at org.apache.spark.sql.catalyst.trees.TreeNode.$anonfun$transformDownWithPruning$1(TreeNode.scala:470)
[2025-08-14T05:56:20.401+0000] {spark_submit.py:521} INFO - at org.apache.spark.sql.catalyst.trees.CurrentOrigin$.withOrigin(origin.scala:86)
[2025-08-14T05:56:20.401+0000] {spark_submit.py:521} INFO - at org.apache.spark.sql.catalyst.trees.TreeNode.transformDownWithPruning(TreeNode.scala:470)
[2025-08-14T05:56:20.401+0000] {spark_submit.py:521} INFO - at org.apache.spark.sql.catalyst.plans.logical.LogicalPlan.org$apache$spark$sql$catalyst$plans$logical$AnalysisHelper$$super$transformDownWithPruning(LogicalPlan.scala:37)
[2025-08-14T05:56:20.401+0000] {spark_submit.py:521} INFO - at org.apache.spark.sql.catalyst.plans.logical.AnalysisHelper.transformDownWithPruning(AnalysisHelper.scala:360)
[2025-08-14T05:56:20.402+0000] {spark_submit.py:521} INFO - at org.apache.spark.sql.catalyst.plans.logical.AnalysisHelper.transformDownWithPruning$(AnalysisHelper.scala:356)
[2025-08-14T05:56:20.402+0000] {spark_submit.py:521} INFO - at org.apache.spark.sql.catalyst.plans.logical.LogicalPlan.transformDownWithPruning(LogicalPlan.scala:37)
[2025-08-14T05:56:20.402+0000] {spark_submit.py:521} INFO - at org.apache.spark.sql.catalyst.plans.logical.LogicalPlan.transformDownWithPruning(LogicalPlan.scala:37)
[2025-08-14T05:56:20.402+0000] {spark_submit.py:521} INFO - at org.apache.spark.sql.catalyst.trees.TreeNode.transformDown(TreeNode.scala:446)
[2025-08-14T05:56:20.403+0000] {spark_submit.py:521} INFO - at org.apache.spark.sql.execution.QueryExecution.eagerlyExecuteCommands(QueryExecution.scala:164)
[2025-08-14T05:56:20.403+0000] {spark_submit.py:521} INFO - at org.apache.spark.sql.execution.QueryExecution.$anonfun$lazyCommandExecuted$1(QueryExecution.scala:126)
[2025-08-14T05:56:20.403+0000] {spark_submit.py:521} INFO - at scala.util.Try$.apply(Try.scala:217)
[2025-08-14T05:56:20.403+0000] {spark_submit.py:521} INFO - at org.apache.spark.util.Utils$.doTryWithCallerStacktrace(Utils.scala:1378)
[2025-08-14T05:56:20.404+0000] {spark_submit.py:521} INFO - at org.apache.spark.util.LazyTry.tryT$lzycompute(LazyTry.scala:46)
[2025-08-14T05:56:20.404+0000] {spark_submit.py:521} INFO - at org.apache.spark.util.LazyTry.tryT(LazyTry.scala:46)
[2025-08-14T05:56:20.404+0000] {spark_submit.py:521} INFO - ... 19 more
[2025-08-14T05:56:20.404+0000] {spark_submit.py:521} INFO - Caused by: java.lang.NoSuchMethodError: 'org.apache.spark.sql.internal.SQLConf org.apache.spark.sql.SQLContext.conf()'
[2025-08-14T05:56:20.405+0000] {spark_submit.py:521} INFO - at com.google.cloud.spark.bigquery.SparkBigQueryConfig.from(SparkBigQueryConfig.java:221)
[2025-08-14T05:56:20.405+0000] {spark_submit.py:521} INFO - at com.google.cloud.spark.bigquery.SparkBigQueryConnectorModule.lambda$provideSparkBigQueryConfig$0(SparkBigQueryConnectorModule.java:79)
[2025-08-14T05:56:20.405+0000] {spark_submit.py:521} INFO - at java.base/java.util.Optional.orElseGet(Optional.java:364)
[2025-08-14T05:56:20.405+0000] {spark_submit.py:521} INFO - at com.google.cloud.spark.bigquery.SparkBigQueryConnectorModule.provideSparkBigQueryConfig(SparkBigQueryConnectorModule.java:77)
[2025-08-14T05:56:20.406+0000] {spark_submit.py:521} INFO - at com.google.cloud.spark.bigquery.SparkBigQueryConnectorModule$$FastClassByGuice$$1905482.GUICE$TRAMPOLINE(<generated>)
[2025-08-14T05:56:20.406+0000] {spark_submit.py:521} INFO - at com.google.cloud.spark.bigquery.SparkBigQueryConnectorModule$$FastClassByGuice$$1905482.apply(<generated>)
[2025-08-14T05:56:20.406+0000] {spark_submit.py:521} INFO - at com.google.cloud.spark.bigquery.repackaged.com.google.inject.internal.ProviderMethod$FastClassProviderMethod.doProvision(ProviderMethod.java:260)
[2025-08-14T05:56:20.406+0000] {spark_submit.py:521} INFO - at com.google.cloud.spark.bigquery.repackaged.com.google.inject.internal.ProviderMethod.doProvision(ProviderMethod.java:171)
[2025-08-14T05:56:20.406+0000] {spark_submit.py:521} INFO - at com.google.cloud.spark.bigquery.repackaged.com.google.inject.internal.InternalProviderInstanceBindingImpl$CyclicFactory.provision(InternalProviderInstanceBindingImpl.java:185)
[2025-08-14T05:56:20.407+0000] {spark_submit.py:521} INFO - at com.google.cloud.spark.bigquery.repackaged.com.google.inject.internal.InternalProviderInstanceBindingImpl$CyclicFactory.get(InternalProviderInstanceBindingImpl.java:162)
[2025-08-14T05:56:20.407+0000] {spark_submit.py:521} INFO - at com.google.cloud.spark.bigquery.repackaged.com.google.inject.internal.ProviderToInternalFactoryAdapter.get(ProviderToInternalFactoryAdapter.java:40)
[2025-08-14T05:56:20.407+0000] {spark_submit.py:521} INFO - at com.google.cloud.spark.bigquery.repackaged.com.google.inject.internal.SingletonScope$1.get(SingletonScope.java:169)
[2025-08-14T05:56:20.407+0000] {spark_submit.py:521} INFO - at com.google.cloud.spark.bigquery.repackaged.com.google.inject.internal.InternalFactoryToProviderAdapter.get(InternalFactoryToProviderAdapter.java:45)
[2025-08-14T05:56:20.407+0000] {spark_submit.py:521} INFO - at com.google.cloud.spark.bigquery.repackaged.com.google.inject.internal.InjectorImpl$1.get(InjectorImpl.java:1101)
[2025-08-14T05:56:20.407+0000] {spark_submit.py:521} INFO - at com.google.cloud.spark.bigquery.repackaged.com.google.inject.internal.InjectorImpl.getInstance(InjectorImpl.java:1139)
[2025-08-14T05:56:20.407+0000] {spark_submit.py:521} INFO - at com.google.cloud.spark.bigquery.write.CreatableRelationProviderHelper.createBigQueryInsertableRelationInternal(CreatableRelationProviderHelper.java:114)
[2025-08-14T05:56:20.408+0000] {spark_submit.py:521} INFO - at com.google.cloud.spark.bigquery.write.CreatableRelationProviderHelper.createBigQueryInsertableRelation(CreatableRelationProviderHelper.java:95)
[2025-08-14T05:56:20.408+0000] {spark_submit.py:521} INFO - at com.google.cloud.spark.bigquery.write.CreatableRelationProviderHelper.createRelation(CreatableRelationProviderHelper.java:47)
[2025-08-14T05:56:20.408+0000] {spark_submit.py:521} INFO - at com.google.cloud.spark.bigquery.BigQueryRelationProvider.createRelation(BigQueryRelationProvider.scala:107)
[2025-08-14T05:56:20.408+0000] {spark_submit.py:521} INFO - at org.apache.spark.sql.execution.datasources.SaveIntoDataSourceCommand.run(SaveIntoDataSourceCommand.scala:55)
[2025-08-14T05:56:20.408+0000] {spark_submit.py:521} INFO - at org.apache.spark.sql.execution.command.ExecutedCommandExec.sideEffectResult$lzycompute(commands.scala:79)
[2025-08-14T05:56:20.408+0000] {spark_submit.py:521} INFO - at org.apache.spark.sql.execution.command.ExecutedCommandExec.sideEffectResult(commands.scala:77)
[2025-08-14T05:56:20.409+0000] {spark_submit.py:521} INFO - at org.apache.spark.sql.execution.command.ExecutedCommandExec.executeCollect(commands.scala:88)
[2025-08-14T05:56:20.409+0000] {spark_submit.py:521} INFO - at org.apache.spark.sql.execution.QueryExecution.$anonfun$eagerlyExecuteCommands$2(QueryExecution.scala:155)
[2025-08-14T05:56:20.409+0000] {spark_submit.py:521} INFO - at org.apache.spark.sql.execution.SQLExecution$.$anonfun$withNewExecutionId0$8(SQLExecution.scala:162)
[2025-08-14T05:56:20.409+0000] {spark_submit.py:521} INFO - at org.apache.spark.sql.execution.SQLExecution$.withSessionTagsApplied(SQLExecution.scala:268)
[2025-08-14T05:56:20.409+0000] {spark_submit.py:521} INFO - at org.apache.spark.sql.execution.SQLExecution$.$anonfun$withNewExecutionId0$7(SQLExecution.scala:124)
[2025-08-14T05:56:20.409+0000] {spark_submit.py:521} INFO - at org.apache.spark.JobArtifactSet$.withActiveJobArtifactState(JobArtifactSet.scala:94)
[2025-08-14T05:56:20.410+0000] {spark_submit.py:521} INFO - at org.apache.spark.sql.artifact.ArtifactManager.$anonfun$withResources$1(ArtifactManager.scala:112)
[2025-08-14T05:56:20.410+0000] {spark_submit.py:521} INFO - at org.apache.spark.sql.artifact.ArtifactManager.withClassLoaderIfNeeded(ArtifactManager.scala:106)
[2025-08-14T05:56:20.410+0000] {spark_submit.py:521} INFO - at org.apache.spark.sql.artifact.ArtifactManager.withResources(ArtifactManager.scala:111)
[2025-08-14T05:56:20.410+0000] {spark_submit.py:521} INFO - at org.apache.spark.sql.execution.SQLExecution$.$anonfun$withNewExecutionId0$6(SQLExecution.scala:124)
[2025-08-14T05:56:20.410+0000] {spark_submit.py:521} INFO - at org.apache.spark.sql.execution.SQLExecution$.withSQLConfPropagated(SQLExecution.scala:291)
[2025-08-14T05:56:20.410+0000] {spark_submit.py:521} INFO - at org.apache.spark.sql.execution.SQLExecution$.$anonfun$withNewExecutionId0$1(SQLExecution.scala:123)
[2025-08-14T05:56:20.411+0000] {spark_submit.py:521} INFO - at org.apache.spark.sql.SparkSession.withActive(SparkSession.scala:804)
[2025-08-14T05:56:20.411+0000] {spark_submit.py:521} INFO - at org.apache.spark.sql.execution.SQLExecution$.withNewExecutionId0(SQLExecution.scala:77)
[2025-08-14T05:56:20.411+0000] {spark_submit.py:521} INFO - at org.apache.spark.sql.execution.SQLExecution$.withNewExecutionId(SQLExecution.scala:233)
[2025-08-14T05:56:20.411+0000] {spark_submit.py:521} INFO - at org.apache.spark.sql.execution.QueryExecution.$anonfun$eagerlyExecuteCommands$1(QueryExecution.scala:155)
[2025-08-14T05:56:20.411+0000] {spark_submit.py:521} INFO - at org.apache.spark.sql.execution.QueryExecution$.withInternalError(QueryExecution.scala:654)
[2025-08-14T05:56:20.411+0000] {spark_submit.py:521} INFO - at org.apache.spark.sql.execution.QueryExecution.org$apache$spark$sql$execution$QueryExecution$$eagerlyExecute$1(QueryExecution.scala:154)
[2025-08-14T05:56:20.412+0000] {spark_submit.py:521} INFO - at org.apache.spark.sql.execution.QueryExecution$$anonfun$eagerlyExecuteCommands$3.applyOrElse(QueryExecution.scala:169)
[2025-08-14T05:56:20.412+0000] {spark_submit.py:521} INFO - at org.apache.spark.sql.execution.QueryExecution$$anonfun$eagerlyExecuteCommands$3.applyOrElse(QueryExecution.scala:164)
[2025-08-14T05:56:20.412+0000] {spark_submit.py:521} INFO - at org.apache.spark.sql.catalyst.trees.TreeNode.$anonfun$transformDownWithPruning$1(TreeNode.scala:470)
[2025-08-14T05:56:20.412+0000] {spark_submit.py:521} INFO - at org.apache.spark.sql.catalyst.trees.CurrentOrigin$.withOrigin(origin.scala:86)
[2025-08-14T05:56:20.412+0000] {spark_submit.py:521} INFO - at org.apache.spark.sql.catalyst.trees.TreeNode.transformDownWithPruning(TreeNode.scala:470)
[2025-08-14T05:56:20.413+0000] {spark_submit.py:521} INFO - at org.apache.spark.sql.catalyst.plans.logical.LogicalPlan.org$apache$spark$sql$catalyst$plans$logical$AnalysisHelper$$super$transformDownWithPruning(LogicalPlan.scala:37)
[2025-08-14T05:56:20.413+0000] {spark_submit.py:521} INFO - at org.apache.spark.sql.catalyst.plans.logical.AnalysisHelper.transformDownWithPruning(AnalysisHelper.scala:360)
[2025-08-14T05:56:20.413+0000] {spark_submit.py:521} INFO - at org.apache.spark.sql.catalyst.plans.logical.AnalysisHelper.transformDownWithPruning$(AnalysisHelper.scala:356)
[2025-08-14T05:56:20.413+0000] {spark_submit.py:521} INFO - at org.apache.spark.sql.catalyst.plans.logical.LogicalPlan.transformDownWithPruning(LogicalPlan.scala:37)
[2025-08-14T05:56:20.413+0000] {spark_submit.py:521} INFO - at org.apache.spark.sql.catalyst.plans.logical.LogicalPlan.transformDownWithPruning(LogicalPlan.scala:37)
[2025-08-14T05:56:20.413+0000] {spark_submit.py:521} INFO - at org.apache.spark.sql.catalyst.trees.TreeNode.transformDown(TreeNode.scala:446)
[2025-08-14T05:56:20.414+0000] {spark_submit.py:521} INFO - at org.apache.spark.sql.execution.QueryExecution.eagerlyExecuteCommands(QueryExecution.scala:164)
[2025-08-14T05:56:20.414+0000] {spark_submit.py:521} INFO - at org.apache.spark.sql.execution.QueryExecution.$anonfun$lazyCommandExecuted$1(QueryExecution.scala:126)
[2025-08-14T05:56:20.414+0000] {spark_submit.py:521} INFO - at scala.util.Try$.apply(Try.scala:217)
[2025-08-14T05:56:20.415+0000] {spark_submit.py:521} INFO - at org.apache.spark.util.Utils$.doTryWithCallerStacktrace(Utils.scala:1378)
[2025-08-14T05:56:20.415+0000] {spark_submit.py:521} INFO - at org.apache.spark.util.LazyTry.tryT$lzycompute(LazyTry.scala:46)
[2025-08-14T05:56:20.415+0000] {spark_submit.py:521} INFO - at org.apache.spark.util.LazyTry.tryT(LazyTry.scala:46)
[2025-08-14T05:56:20.415+0000] {spark_submit.py:521} INFO - ... 19 more
[2025-08-14T05:56:20.416+0000] {spark_submit.py:521} INFO - 
[2025-08-14T05:56:20.786+0000] {spark_submit.py:521} INFO - 25/08/14 05:56:20 INFO SparkContext: Invoking stop() from shutdown hook
[2025-08-14T05:56:20.789+0000] {spark_submit.py:521} INFO - 25/08/14 05:56:20 INFO SparkContext: SparkContext is stopping with exitCode 0 from run at Executors.java:539.
[2025-08-14T05:56:20.806+0000] {spark_submit.py:521} INFO - 25/08/14 05:56:20 INFO SparkUI: Stopped Spark web UI at http://45bb482e5411:4040
[2025-08-14T05:56:20.809+0000] {spark_submit.py:521} INFO - 25/08/14 05:56:20 INFO StandaloneSchedulerBackend: Shutting down all executors
[2025-08-14T05:56:20.809+0000] {spark_submit.py:521} INFO - 25/08/14 05:56:20 INFO StandaloneSchedulerBackend$StandaloneDriverEndpoint: Asking each executor to shut down
[2025-08-14T05:56:20.832+0000] {spark_submit.py:521} INFO - 25/08/14 05:56:20 INFO MapOutputTrackerMasterEndpoint: MapOutputTrackerMasterEndpoint stopped!
[2025-08-14T05:56:20.865+0000] {spark_submit.py:521} INFO - 25/08/14 05:56:20 INFO MemoryStore: MemoryStore cleared
[2025-08-14T05:56:20.865+0000] {spark_submit.py:521} INFO - 25/08/14 05:56:20 INFO BlockManager: BlockManager stopped
[2025-08-14T05:56:20.872+0000] {spark_submit.py:521} INFO - 25/08/14 05:56:20 INFO BlockManagerMaster: BlockManagerMaster stopped
[2025-08-14T05:56:20.875+0000] {spark_submit.py:521} INFO - 25/08/14 05:56:20 INFO OutputCommitCoordinator$OutputCommitCoordinatorEndpoint: OutputCommitCoordinator stopped!
[2025-08-14T05:56:20.901+0000] {spark_submit.py:521} INFO - 25/08/14 05:56:20 INFO SparkContext: Successfully stopped SparkContext
[2025-08-14T05:56:20.902+0000] {spark_submit.py:521} INFO - 25/08/14 05:56:20 INFO ShutdownHookManager: Shutdown hook called
[2025-08-14T05:56:20.903+0000] {spark_submit.py:521} INFO - 25/08/14 05:56:20 INFO ShutdownHookManager: Deleting directory /opt/***/artifacts/spark-c50ec852-935e-4f43-840c-920e720da4cf
[2025-08-14T05:56:20.931+0000] {spark_submit.py:521} INFO - 25/08/14 05:56:20 INFO ShutdownHookManager: Deleting directory /tmp/spark-04bd6020-0955-4636-bfdd-e4af76883ef3
[2025-08-14T05:56:20.952+0000] {spark_submit.py:521} INFO - 25/08/14 05:56:20 INFO ShutdownHookManager: Deleting directory /tmp/spark-70ab02a3-d6df-41dc-b145-d49ab7a40fb4/pyspark-2add7ce1-8f94-456f-b65c-dc4f854dd680
[2025-08-14T05:56:20.963+0000] {spark_submit.py:521} INFO - 25/08/14 05:56:20 INFO ShutdownHookManager: Deleting directory /tmp/spark-70ab02a3-d6df-41dc-b145-d49ab7a40fb4
[2025-08-14T05:56:21.048+0000] {taskinstance.py:441} INFO - ::group::Post task execution logs
[2025-08-14T05:56:21.274+0000] {taskinstance.py:2905} ERROR - Task failed with exception
Traceback (most recent call last):
  File "/home/airflow/.local/lib/python3.11/site-packages/airflow/models/taskinstance.py", line 465, in _execute_task
    result = _execute_callable(context=context, **execute_callable_kwargs)
             ^^^^^^^^^^^^^^^^^^^^^^^^^^^^^^^^^^^^^^^^^^^^^^^^^^^^^^^^^^^^^
  File "/home/airflow/.local/lib/python3.11/site-packages/airflow/models/taskinstance.py", line 432, in _execute_callable
    return execute_callable(context=context, **execute_callable_kwargs)
           ^^^^^^^^^^^^^^^^^^^^^^^^^^^^^^^^^^^^^^^^^^^^^^^^^^^^^^^^^^^^
  File "/home/airflow/.local/lib/python3.11/site-packages/airflow/models/baseoperator.py", line 400, in wrapper
    return func(self, *args, **kwargs)
           ^^^^^^^^^^^^^^^^^^^^^^^^^^^
  File "/home/airflow/.local/lib/python3.11/site-packages/airflow/providers/apache/spark/operators/spark_submit.py", line 156, in execute
    self._hook.submit(self._application)
  File "/home/airflow/.local/lib/python3.11/site-packages/airflow/providers/apache/spark/hooks/spark_submit.py", line 452, in submit
    raise AirflowException(
airflow.exceptions.AirflowException: Cannot execute: spark-submit --master spark://spark-master:7077 --conf spark.master=spark://spark-master:7077 --conf spark.driver.extraClassPath=/opt/custom-jars/* --conf spark.executor.extraClassPath=/opt/custom-jars/* --conf spark.hadoop.fs.gs.impl=com.google.cloud.hadoop.fs.gcs.GoogleHadoopFileSystem --conf spark.hadoop.fs.AbstractFileSystem.gs.impl=com.google.cloud.hadoop.fs.gcs.GoogleHadoopFS --conf spark.hadoop.google.cloud.auth.service.account.enable=true --conf spark.hadoop.google.cloud.auth.service.account.json.keyfile=/opt/***/gcp-key.json --jars /opt/custom-jars/spark-bigquery-with-dependencies_2.13-0.30.0.jar,/opt/custom-jars/javax.inject-1.jar --name arrow-spark --verbose /opt/spark-jobs/load/upload_jobs_to_dwh.py. Error code is: 1.
[2025-08-14T05:56:21.380+0000] {taskinstance.py:1206} INFO - Marking task as FAILED. dag_id=spark_transform_pipeline, task_id=silver_topcv_transform, run_id=manual__2025-08-14T05:55:40.148756+00:00, execution_date=20250814T055540, start_date=20250814T055547, end_date=20250814T055621
[2025-08-14T05:56:21.559+0000] {standard_task_runner.py:110} ERROR - Failed to execute job 152 for task silver_topcv_transform (Cannot execute: spark-submit --master spark://spark-master:7077 --conf spark.master=spark://spark-master:7077 --conf spark.driver.extraClassPath=/opt/custom-jars/* --conf spark.executor.extraClassPath=/opt/custom-jars/* --conf spark.hadoop.fs.gs.impl=com.google.cloud.hadoop.fs.gcs.GoogleHadoopFileSystem --conf spark.hadoop.fs.AbstractFileSystem.gs.impl=com.google.cloud.hadoop.fs.gcs.GoogleHadoopFS --conf spark.hadoop.google.cloud.auth.service.account.enable=true --conf spark.hadoop.google.cloud.auth.service.account.json.keyfile=/opt/***/gcp-key.json --jars /opt/custom-jars/spark-bigquery-with-dependencies_2.13-0.30.0.jar,/opt/custom-jars/javax.inject-1.jar --name arrow-spark --verbose /opt/spark-jobs/load/upload_jobs_to_dwh.py. Error code is: 1.; 1827)
[2025-08-14T05:56:21.589+0000] {local_task_job_runner.py:240} INFO - Task exited with return code 1
[2025-08-14T05:56:21.814+0000] {taskinstance.py:3498} INFO - 0 downstream tasks scheduled from follow-on schedule check
[2025-08-14T05:56:21.823+0000] {local_task_job_runner.py:222} INFO - ::endgroup::
