[2025-09-09T16:37:24.829+0000] {local_task_job_runner.py:120} INFO - ::group::Pre task execution logs
[2025-09-09T16:37:24.883+0000] {taskinstance.py:2076} INFO - Dependencies all met for dep_context=non-requeueable deps ti=<TaskInstance: spark_transform_pipeline.silver_group.silver_topcv_transform manual__2025-09-09T16:37:17.070695+00:00 [queued]>
[2025-09-09T16:37:24.893+0000] {taskinstance.py:2076} INFO - Dependencies all met for dep_context=requeueable deps ti=<TaskInstance: spark_transform_pipeline.silver_group.silver_topcv_transform manual__2025-09-09T16:37:17.070695+00:00 [queued]>
[2025-09-09T16:37:24.894+0000] {taskinstance.py:2306} INFO - Starting attempt 1 of 1
[2025-09-09T16:37:24.907+0000] {taskinstance.py:2330} INFO - Executing <Task(SparkSubmitOperator): silver_group.silver_topcv_transform> on 2025-09-09 16:37:17.070695+00:00
[2025-09-09T16:37:24.913+0000] {standard_task_runner.py:63} INFO - Started process 5866 to run task
[2025-09-09T16:37:24.921+0000] {standard_task_runner.py:90} INFO - Running: ['***', 'tasks', 'run', 'spark_transform_pipeline', 'silver_group.silver_topcv_transform', 'manual__2025-09-09T16:37:17.070695+00:00', '--job-id', '137', '--raw', '--subdir', 'DAGS_FOLDER/etl_jobs_dag.py', '--cfg-path', '/tmp/tmpoznckfsq']
[2025-09-09T16:37:24.926+0000] {standard_task_runner.py:91} INFO - Job 137: Subtask silver_group.silver_topcv_transform
[2025-09-09T16:37:24.984+0000] {task_command.py:426} INFO - Running <TaskInstance: spark_transform_pipeline.silver_group.silver_topcv_transform manual__2025-09-09T16:37:17.070695+00:00 [running]> on host 118acb478e13
[2025-09-09T16:37:25.090+0000] {taskinstance.py:2648} INFO - Exporting env vars: AIRFLOW_CTX_DAG_OWNER='***' AIRFLOW_CTX_DAG_ID='spark_transform_pipeline' AIRFLOW_CTX_TASK_ID='silver_group.silver_topcv_transform' AIRFLOW_CTX_EXECUTION_DATE='2025-09-09T16:37:17.070695+00:00' AIRFLOW_CTX_TRY_NUMBER='1' AIRFLOW_CTX_DAG_RUN_ID='manual__2025-09-09T16:37:17.070695+00:00'
[2025-09-09T16:37:25.091+0000] {taskinstance.py:430} INFO - ::endgroup::
[2025-09-09T16:37:25.127+0000] {base.py:84} INFO - Using connection ID 'spark_default' for task execution.
[2025-09-09T16:37:25.128+0000] {spark_submit.py:351} INFO - Spark-Submit cmd: spark-submit --master spark://spark-master:7077 --conf spark.master=spark://spark-master:7077 --conf spark.hadoop.fs.s3a.impl=org.apache.hadoop.fs.s3a.S3AFileSystem --conf spark.hadoop.fs.s3a.endpoint=http://minio:9000 --conf spark.hadoop.fs.s3a.access.key=minio --conf spark.hadoop.fs.s3a.secret.key=****** --conf spark.hadoop.fs.s3a.path.style.access=true --conf spark.hadoop.fs.s3a.connection.ssl.enabled=false --packages org.apache.hadoop:hadoop-aws:3.4.1,software.amazon.awssdk:bundle:2.20.15 --name arrow-spark --verbose /opt/spark-jobs/elt/transform/silver_topcv_transform.py
[2025-09-09T16:37:26.438+0000] {spark_submit.py:521} INFO - WARNING: Using incubator modules: jdk.incubator.vector
[2025-09-09T16:37:28.156+0000] {spark_submit.py:521} INFO - Parsed arguments:
[2025-09-09T16:37:28.157+0000] {spark_submit.py:521} INFO - master                  spark://spark-master:7077
[2025-09-09T16:37:28.157+0000] {spark_submit.py:521} INFO - remote                  null
[2025-09-09T16:37:28.157+0000] {spark_submit.py:521} INFO - deployMode              null
[2025-09-09T16:37:28.157+0000] {spark_submit.py:521} INFO - executorMemory          null
[2025-09-09T16:37:28.157+0000] {spark_submit.py:521} INFO - executorCores           null
[2025-09-09T16:37:28.158+0000] {spark_submit.py:521} INFO - totalExecutorCores      null
[2025-09-09T16:37:28.158+0000] {spark_submit.py:521} INFO - propertiesFile          null
[2025-09-09T16:37:28.159+0000] {spark_submit.py:521} INFO - driverMemory            null
[2025-09-09T16:37:28.159+0000] {spark_submit.py:521} INFO - driverCores             null
[2025-09-09T16:37:28.159+0000] {spark_submit.py:521} INFO - driverExtraClassPath    null
[2025-09-09T16:37:28.160+0000] {spark_submit.py:521} INFO - driverExtraLibraryPath  null
[2025-09-09T16:37:28.160+0000] {spark_submit.py:521} INFO - driverExtraJavaOptions  null
[2025-09-09T16:37:28.160+0000] {spark_submit.py:521} INFO - supervise               false
[2025-09-09T16:37:28.161+0000] {spark_submit.py:521} INFO - queue                   null
[2025-09-09T16:37:28.161+0000] {spark_submit.py:521} INFO - numExecutors            null
[2025-09-09T16:37:28.161+0000] {spark_submit.py:521} INFO - files                   null
[2025-09-09T16:37:28.161+0000] {spark_submit.py:521} INFO - pyFiles                 null
[2025-09-09T16:37:28.161+0000] {spark_submit.py:521} INFO - archives                null
[2025-09-09T16:37:28.162+0000] {spark_submit.py:521} INFO - mainClass               null
[2025-09-09T16:37:28.162+0000] {spark_submit.py:521} INFO - primaryResource         file:/opt/spark-jobs/elt/transform/silver_topcv_transform.py
[2025-09-09T16:37:28.162+0000] {spark_submit.py:521} INFO - name                    arrow-spark
[2025-09-09T16:37:28.162+0000] {spark_submit.py:521} INFO - childArgs               []
[2025-09-09T16:37:28.163+0000] {spark_submit.py:521} INFO - jars                    null
[2025-09-09T16:37:28.163+0000] {spark_submit.py:521} INFO - packages                org.apache.hadoop:hadoop-aws:3.4.1,software.amazon.awssdk:bundle:2.20.15
[2025-09-09T16:37:28.163+0000] {spark_submit.py:521} INFO - packagesExclusions      null
[2025-09-09T16:37:28.164+0000] {spark_submit.py:521} INFO - repositories            null
[2025-09-09T16:37:28.164+0000] {spark_submit.py:521} INFO - verbose                 true
[2025-09-09T16:37:28.164+0000] {spark_submit.py:521} INFO - 
[2025-09-09T16:37:28.164+0000] {spark_submit.py:521} INFO - Spark properties used, including those specified through
[2025-09-09T16:37:28.165+0000] {spark_submit.py:521} INFO - --conf and those from the properties file null:
[2025-09-09T16:37:28.165+0000] {spark_submit.py:521} INFO - (spark.hadoop.fs.s3a.access.key,*********(redacted))
[2025-09-09T16:37:28.165+0000] {spark_submit.py:521} INFO - (spark.hadoop.fs.s3a.connection.ssl.enabled,false)
[2025-09-09T16:37:28.165+0000] {spark_submit.py:521} INFO - (spark.hadoop.fs.s3a.endpoint,http://minio:9000)
[2025-09-09T16:37:28.166+0000] {spark_submit.py:521} INFO - (spark.hadoop.fs.s3a.impl,org.apache.hadoop.fs.s3a.S3AFileSystem)
[2025-09-09T16:37:28.166+0000] {spark_submit.py:521} INFO - (spark.hadoop.fs.s3a.path.style.access,true)
[2025-09-09T16:37:28.166+0000] {spark_submit.py:521} INFO - (spark.hadoop.fs.s3a.secret.key,*********(redacted))
[2025-09-09T16:37:28.166+0000] {spark_submit.py:521} INFO - (spark.master,spark://spark-master:7077)
[2025-09-09T16:37:28.167+0000] {spark_submit.py:521} INFO - 
[2025-09-09T16:37:28.167+0000] {spark_submit.py:521} INFO - 
[2025-09-09T16:37:28.440+0000] {spark_submit.py:521} INFO - :: loading settings :: url = jar:file:/home/***/.local/lib/python3.11/site-packages/pyspark/jars/ivy-2.5.3.jar!/org/apache/ivy/core/settings/ivysettings.xml
[2025-09-09T16:37:28.553+0000] {spark_submit.py:521} INFO - Ivy Default Cache set to: /home/***/.ivy2.5.2/cache
[2025-09-09T16:37:28.554+0000] {spark_submit.py:521} INFO - The jars for the packages stored in: /home/***/.ivy2.5.2/jars
[2025-09-09T16:37:28.559+0000] {spark_submit.py:521} INFO - org.apache.hadoop#hadoop-aws added as a dependency
[2025-09-09T16:37:28.560+0000] {spark_submit.py:521} INFO - software.amazon.awssdk#bundle added as a dependency
[2025-09-09T16:37:28.560+0000] {spark_submit.py:521} INFO - :: resolving dependencies :: org.apache.spark#spark-submit-parent-5a023b51-765c-42b1-868a-4d27127db6a2;1.0
[2025-09-09T16:37:28.561+0000] {spark_submit.py:521} INFO - confs: [default]
[2025-09-09T16:37:28.949+0000] {spark_submit.py:521} INFO - found org.apache.hadoop#hadoop-aws;3.4.1 in central
[2025-09-09T16:37:28.996+0000] {spark_submit.py:521} INFO - found software.amazon.awssdk#bundle;2.24.6 in central
[2025-09-09T16:37:29.022+0000] {spark_submit.py:521} INFO - found org.wildfly.openssl#wildfly-openssl;1.1.3.Final in central
[2025-09-09T16:37:29.059+0000] {spark_submit.py:521} INFO - :: resolution report :: resolve 487ms :: artifacts dl 12ms
[2025-09-09T16:37:29.060+0000] {spark_submit.py:521} INFO - :: modules in use:
[2025-09-09T16:37:29.062+0000] {spark_submit.py:521} INFO - org.apache.hadoop#hadoop-aws;3.4.1 from central in [default]
[2025-09-09T16:37:29.062+0000] {spark_submit.py:521} INFO - org.wildfly.openssl#wildfly-openssl;1.1.3.Final from central in [default]
[2025-09-09T16:37:29.063+0000] {spark_submit.py:521} INFO - software.amazon.awssdk#bundle;2.24.6 from central in [default]
[2025-09-09T16:37:29.063+0000] {spark_submit.py:521} INFO - :: evicted modules:
[2025-09-09T16:37:29.064+0000] {spark_submit.py:521} INFO - software.amazon.awssdk#bundle;2.20.15 by [software.amazon.awssdk#bundle;2.24.6] in [default]
[2025-09-09T16:37:29.064+0000] {spark_submit.py:521} INFO - ---------------------------------------------------------------------
[2025-09-09T16:37:29.065+0000] {spark_submit.py:521} INFO - |                  |            modules            ||   artifacts   |
[2025-09-09T16:37:29.065+0000] {spark_submit.py:521} INFO - |       conf       | number| search|dwnlded|evicted|| number|dwnlded|
[2025-09-09T16:37:29.065+0000] {spark_submit.py:521} INFO - ---------------------------------------------------------------------
[2025-09-09T16:37:29.066+0000] {spark_submit.py:521} INFO - |      default     |   4   |   0   |   0   |   1   ||   3   |   0   |
[2025-09-09T16:37:29.066+0000] {spark_submit.py:521} INFO - ---------------------------------------------------------------------
[2025-09-09T16:37:29.074+0000] {spark_submit.py:521} INFO - :: retrieving :: org.apache.spark#spark-submit-parent-5a023b51-765c-42b1-868a-4d27127db6a2
[2025-09-09T16:37:29.075+0000] {spark_submit.py:521} INFO - confs: [default]
[2025-09-09T16:37:29.084+0000] {spark_submit.py:521} INFO - 0 artifacts copied, 3 already retrieved (0kB/10ms)
[2025-09-09T16:37:29.568+0000] {spark_submit.py:521} INFO - 25/09/09 16:37:29 WARN NativeCodeLoader: Unable to load native-hadoop library for your platform... using builtin-java classes where applicable
[2025-09-09T16:37:29.859+0000] {spark_submit.py:521} INFO - Main class:
[2025-09-09T16:37:29.860+0000] {spark_submit.py:521} INFO - org.apache.spark.deploy.PythonRunner
[2025-09-09T16:37:29.861+0000] {spark_submit.py:521} INFO - Arguments:
[2025-09-09T16:37:29.861+0000] {spark_submit.py:521} INFO - file:/opt/spark-jobs/elt/transform/silver_topcv_transform.py
[2025-09-09T16:37:29.862+0000] {spark_submit.py:521} INFO - file:///home/***/.ivy2.5.2/jars/org.apache.hadoop_hadoop-aws-3.4.1.jar,file:///home/***/.ivy2.5.2/jars/software.amazon.awssdk_bundle-2.24.6.jar,file:///home/***/.ivy2.5.2/jars/org.wildfly.openssl_wildfly-openssl-1.1.3.Final.jar
[2025-09-09T16:37:29.864+0000] {spark_submit.py:521} INFO - Spark config:
[2025-09-09T16:37:29.866+0000] {spark_submit.py:521} INFO - (spark.app.name,arrow-spark)
[2025-09-09T16:37:29.866+0000] {spark_submit.py:521} INFO - (spark.app.submitTime,1757435849809)
[2025-09-09T16:37:29.867+0000] {spark_submit.py:521} INFO - (spark.files,file:///home/***/.ivy2.5.2/jars/org.apache.hadoop_hadoop-aws-3.4.1.jar,file:///home/***/.ivy2.5.2/jars/software.amazon.awssdk_bundle-2.24.6.jar,file:///home/***/.ivy2.5.2/jars/org.wildfly.openssl_wildfly-openssl-1.1.3.Final.jar)
[2025-09-09T16:37:29.867+0000] {spark_submit.py:521} INFO - (spark.hadoop.fs.s3a.access.key,*********(redacted))
[2025-09-09T16:37:29.868+0000] {spark_submit.py:521} INFO - (spark.hadoop.fs.s3a.connection.ssl.enabled,false)
[2025-09-09T16:37:29.868+0000] {spark_submit.py:521} INFO - (spark.hadoop.fs.s3a.endpoint,http://minio:9000)
[2025-09-09T16:37:29.868+0000] {spark_submit.py:521} INFO - (spark.hadoop.fs.s3a.impl,org.apache.hadoop.fs.s3a.S3AFileSystem)
[2025-09-09T16:37:29.869+0000] {spark_submit.py:521} INFO - (spark.hadoop.fs.s3a.path.style.access,true)
[2025-09-09T16:37:29.869+0000] {spark_submit.py:521} INFO - (spark.hadoop.fs.s3a.secret.key,*********(redacted))
[2025-09-09T16:37:29.870+0000] {spark_submit.py:521} INFO - (spark.jars,file:///home/***/.ivy2.5.2/jars/org.apache.hadoop_hadoop-aws-3.4.1.jar,file:///home/***/.ivy2.5.2/jars/software.amazon.awssdk_bundle-2.24.6.jar,file:///home/***/.ivy2.5.2/jars/org.wildfly.openssl_wildfly-openssl-1.1.3.Final.jar)
[2025-09-09T16:37:29.870+0000] {spark_submit.py:521} INFO - (spark.master,spark://spark-master:7077)
[2025-09-09T16:37:29.870+0000] {spark_submit.py:521} INFO - (spark.repl.local.jars,file:///home/***/.ivy2.5.2/jars/org.apache.hadoop_hadoop-aws-3.4.1.jar,file:///home/***/.ivy2.5.2/jars/software.amazon.awssdk_bundle-2.24.6.jar,file:///home/***/.ivy2.5.2/jars/org.wildfly.openssl_wildfly-openssl-1.1.3.Final.jar)
[2025-09-09T16:37:29.871+0000] {spark_submit.py:521} INFO - (spark.submit.deployMode,client)
[2025-09-09T16:37:29.871+0000] {spark_submit.py:521} INFO - (spark.submit.pyFiles,/home/***/.ivy2.5.2/jars/org.apache.hadoop_hadoop-aws-3.4.1.jar,/home/***/.ivy2.5.2/jars/software.amazon.awssdk_bundle-2.24.6.jar,/home/***/.ivy2.5.2/jars/org.wildfly.openssl_wildfly-openssl-1.1.3.Final.jar)
[2025-09-09T16:37:29.872+0000] {spark_submit.py:521} INFO - Classpath elements:
[2025-09-09T16:37:29.872+0000] {spark_submit.py:521} INFO - file:///home/***/.ivy2.5.2/jars/org.apache.hadoop_hadoop-aws-3.4.1.jar
[2025-09-09T16:37:29.873+0000] {spark_submit.py:521} INFO - file:///home/***/.ivy2.5.2/jars/software.amazon.awssdk_bundle-2.24.6.jar
[2025-09-09T16:37:29.873+0000] {spark_submit.py:521} INFO - file:///home/***/.ivy2.5.2/jars/org.wildfly.openssl_wildfly-openssl-1.1.3.Final.jar
[2025-09-09T16:37:29.874+0000] {spark_submit.py:521} INFO - 
[2025-09-09T16:37:29.874+0000] {spark_submit.py:521} INFO - 
[2025-09-09T16:37:32.397+0000] {spark_submit.py:521} INFO - Using Spark's default log4j profile: org/apache/spark/log4j2-defaults.properties
[2025-09-09T16:37:32.404+0000] {spark_submit.py:521} INFO - 25/09/09 16:37:32 INFO SparkContext: Running Spark version 4.0.1
[2025-09-09T16:37:32.406+0000] {spark_submit.py:521} INFO - 25/09/09 16:37:32 INFO SparkContext: OS info Linux, 5.15.167.4-microsoft-standard-WSL2, amd64
[2025-09-09T16:37:32.407+0000] {spark_submit.py:521} INFO - 25/09/09 16:37:32 INFO SparkContext: Java version 17.0.16
[2025-09-09T16:37:32.429+0000] {spark_submit.py:521} INFO - 25/09/09 16:37:32 INFO ResourceUtils: ==============================================================
[2025-09-09T16:37:32.429+0000] {spark_submit.py:521} INFO - 25/09/09 16:37:32 INFO ResourceUtils: No custom resources configured for spark.driver.
[2025-09-09T16:37:32.430+0000] {spark_submit.py:521} INFO - 25/09/09 16:37:32 INFO ResourceUtils: ==============================================================
[2025-09-09T16:37:32.431+0000] {spark_submit.py:521} INFO - 25/09/09 16:37:32 INFO SparkContext: Submitted application: SilverTopCVTransformTest
[2025-09-09T16:37:32.453+0000] {spark_submit.py:521} INFO - 25/09/09 16:37:32 INFO ResourceProfile: Default ResourceProfile created, executor resources: Map(cores -> name: cores, amount: 1, script: , vendor: , memory -> name: memory, amount: 1024, script: , vendor: , offHeap -> name: offHeap, amount: 0, script: , vendor: ), task resources: Map(cpus -> name: cpus, amount: 1.0)
[2025-09-09T16:37:32.455+0000] {spark_submit.py:521} INFO - 25/09/09 16:37:32 INFO ResourceProfile: Limiting resource is cpu
[2025-09-09T16:37:32.457+0000] {spark_submit.py:521} INFO - 25/09/09 16:37:32 INFO ResourceProfileManager: Added ResourceProfile id: 0
[2025-09-09T16:37:32.520+0000] {spark_submit.py:521} INFO - 25/09/09 16:37:32 INFO SecurityManager: Changing view acls to: ***
[2025-09-09T16:37:32.521+0000] {spark_submit.py:521} INFO - 25/09/09 16:37:32 INFO SecurityManager: Changing modify acls to: ***
[2025-09-09T16:37:32.521+0000] {spark_submit.py:521} INFO - 25/09/09 16:37:32 INFO SecurityManager: Changing view acls groups to: ***
[2025-09-09T16:37:32.522+0000] {spark_submit.py:521} INFO - 25/09/09 16:37:32 INFO SecurityManager: Changing modify acls groups to: ***
[2025-09-09T16:37:32.524+0000] {spark_submit.py:521} INFO - 25/09/09 16:37:32 INFO SecurityManager: SecurityManager: authentication disabled; ui acls disabled; users with view permissions: *** groups with view permissions: EMPTY; users with modify permissions: ***; groups with modify permissions: EMPTY; RPC SSL disabled
[2025-09-09T16:37:32.789+0000] {spark_submit.py:521} INFO - 25/09/09 16:37:32 INFO Utils: Successfully started service 'sparkDriver' on port 42865.
[2025-09-09T16:37:32.832+0000] {spark_submit.py:521} INFO - 25/09/09 16:37:32 INFO SparkEnv: Registering MapOutputTracker
[2025-09-09T16:37:32.845+0000] {spark_submit.py:521} INFO - 25/09/09 16:37:32 INFO SparkEnv: Registering BlockManagerMaster
[2025-09-09T16:37:32.865+0000] {spark_submit.py:521} INFO - 25/09/09 16:37:32 INFO BlockManagerMasterEndpoint: Using org.apache.spark.storage.DefaultTopologyMapper for getting topology information
[2025-09-09T16:37:32.866+0000] {spark_submit.py:521} INFO - 25/09/09 16:37:32 INFO BlockManagerMasterEndpoint: BlockManagerMasterEndpoint up
[2025-09-09T16:37:32.870+0000] {spark_submit.py:521} INFO - 25/09/09 16:37:32 INFO SparkEnv: Registering BlockManagerMasterHeartbeat
[2025-09-09T16:37:32.905+0000] {spark_submit.py:521} INFO - 25/09/09 16:37:32 INFO DiskBlockManager: Created local directory at /tmp/blockmgr-7cf6f263-6aee-4164-a217-826573286fa9
[2025-09-09T16:37:32.934+0000] {spark_submit.py:521} INFO - 25/09/09 16:37:32 INFO SparkEnv: Registering OutputCommitCoordinator
[2025-09-09T16:37:33.106+0000] {spark_submit.py:521} INFO - 25/09/09 16:37:33 INFO JettyUtils: Start Jetty 0.0.0.0:4040 for SparkUI
[2025-09-09T16:37:33.209+0000] {spark_submit.py:521} INFO - 25/09/09 16:37:33 INFO Utils: Successfully started service 'SparkUI' on port 4040.
[2025-09-09T16:37:33.245+0000] {spark_submit.py:521} INFO - 25/09/09 16:37:33 INFO SparkContext: Added JAR file:///home/***/.ivy2.5.2/jars/org.apache.hadoop_hadoop-aws-3.4.1.jar at spark://118acb478e13:42865/jars/org.apache.hadoop_hadoop-aws-3.4.1.jar with timestamp 1757435852389
[2025-09-09T16:37:33.246+0000] {spark_submit.py:521} INFO - 25/09/09 16:37:33 INFO SparkContext: Added JAR file:///home/***/.ivy2.5.2/jars/software.amazon.awssdk_bundle-2.24.6.jar at spark://118acb478e13:42865/jars/software.amazon.awssdk_bundle-2.24.6.jar with timestamp 1757435852389
[2025-09-09T16:37:33.247+0000] {spark_submit.py:521} INFO - 25/09/09 16:37:33 INFO SparkContext: Added JAR file:///home/***/.ivy2.5.2/jars/org.wildfly.openssl_wildfly-openssl-1.1.3.Final.jar at spark://118acb478e13:42865/jars/org.wildfly.openssl_wildfly-openssl-1.1.3.Final.jar with timestamp 1757435852389
[2025-09-09T16:37:33.252+0000] {spark_submit.py:521} INFO - 25/09/09 16:37:33 INFO SparkContext: Added file file:///home/***/.ivy2.5.2/jars/org.apache.hadoop_hadoop-aws-3.4.1.jar at file:///home/***/.ivy2.5.2/jars/org.apache.hadoop_hadoop-aws-3.4.1.jar with timestamp 1757435852389
[2025-09-09T16:37:33.254+0000] {spark_submit.py:521} INFO - 25/09/09 16:37:33 INFO Utils: Copying /home/***/.ivy2.5.2/jars/org.apache.hadoop_hadoop-aws-3.4.1.jar to /tmp/spark-45abeb8b-b548-41a1-a307-bb058a3e0311/userFiles-5d21db4c-34f0-42a5-8cf6-72b399844eb5/org.apache.hadoop_hadoop-aws-3.4.1.jar
[2025-09-09T16:37:33.322+0000] {spark_submit.py:521} INFO - 25/09/09 16:37:33 INFO SparkContext: Added file file:///home/***/.ivy2.5.2/jars/software.amazon.awssdk_bundle-2.24.6.jar at file:///home/***/.ivy2.5.2/jars/software.amazon.awssdk_bundle-2.24.6.jar with timestamp 1757435852389
[2025-09-09T16:37:33.322+0000] {spark_submit.py:521} INFO - 25/09/09 16:37:33 INFO Utils: Copying /home/***/.ivy2.5.2/jars/software.amazon.awssdk_bundle-2.24.6.jar to /tmp/spark-45abeb8b-b548-41a1-a307-bb058a3e0311/userFiles-5d21db4c-34f0-42a5-8cf6-72b399844eb5/software.amazon.awssdk_bundle-2.24.6.jar
[2025-09-09T16:37:45.384+0000] {spark_submit.py:521} INFO - 25/09/09 16:37:45 INFO SparkContext: Added file file:///home/***/.ivy2.5.2/jars/org.wildfly.openssl_wildfly-openssl-1.1.3.Final.jar at file:///home/***/.ivy2.5.2/jars/org.wildfly.openssl_wildfly-openssl-1.1.3.Final.jar with timestamp 1757435852389
[2025-09-09T16:37:45.385+0000] {spark_submit.py:521} INFO - 25/09/09 16:37:45 INFO Utils: Copying /home/***/.ivy2.5.2/jars/org.wildfly.openssl_wildfly-openssl-1.1.3.Final.jar to /tmp/spark-45abeb8b-b548-41a1-a307-bb058a3e0311/userFiles-5d21db4c-34f0-42a5-8cf6-72b399844eb5/org.wildfly.openssl_wildfly-openssl-1.1.3.Final.jar
[2025-09-09T16:37:45.507+0000] {spark_submit.py:521} INFO - 25/09/09 16:37:45 INFO SecurityManager: Changing view acls to: ***
[2025-09-09T16:37:45.508+0000] {spark_submit.py:521} INFO - 25/09/09 16:37:45 INFO SecurityManager: Changing modify acls to: ***
[2025-09-09T16:37:45.508+0000] {spark_submit.py:521} INFO - 25/09/09 16:37:45 INFO SecurityManager: Changing view acls groups to: ***
[2025-09-09T16:37:45.508+0000] {spark_submit.py:521} INFO - 25/09/09 16:37:45 INFO SecurityManager: Changing modify acls groups to: ***
[2025-09-09T16:37:45.508+0000] {spark_submit.py:521} INFO - 25/09/09 16:37:45 INFO SecurityManager: SecurityManager: authentication disabled; ui acls disabled; users with view permissions: *** groups with view permissions: EMPTY; users with modify permissions: ***; groups with modify permissions: EMPTY; RPC SSL disabled
[2025-09-09T16:37:45.736+0000] {spark_submit.py:521} INFO - 25/09/09 16:37:45 INFO Executor: Starting executor ID driver on host 118acb478e13
[2025-09-09T16:37:45.739+0000] {spark_submit.py:521} INFO - 25/09/09 16:37:45 INFO Executor: OS info Linux, 5.15.167.4-microsoft-standard-WSL2, amd64
[2025-09-09T16:37:45.739+0000] {spark_submit.py:521} INFO - 25/09/09 16:37:45 INFO Executor: Java version 17.0.16
[2025-09-09T16:37:45.756+0000] {spark_submit.py:521} INFO - 25/09/09 16:37:45 INFO Executor: Starting executor with user classpath (userClassPathFirst = false): ''
[2025-09-09T16:37:45.757+0000] {spark_submit.py:521} INFO - 25/09/09 16:37:45 INFO Executor: Created or updated repl class loader org.apache.spark.util.MutableURLClassLoader@26ab08a for default.
[2025-09-09T16:37:45.773+0000] {spark_submit.py:521} INFO - 25/09/09 16:37:45 INFO Executor: Fetching file:///home/***/.ivy2.5.2/jars/org.wildfly.openssl_wildfly-openssl-1.1.3.Final.jar with timestamp 1757435852389
[2025-09-09T16:37:45.805+0000] {spark_submit.py:521} INFO - 25/09/09 16:37:45 INFO Utils: /home/***/.ivy2.5.2/jars/org.wildfly.openssl_wildfly-openssl-1.1.3.Final.jar has been previously copied to /tmp/spark-45abeb8b-b548-41a1-a307-bb058a3e0311/userFiles-5d21db4c-34f0-42a5-8cf6-72b399844eb5/org.wildfly.openssl_wildfly-openssl-1.1.3.Final.jar
[2025-09-09T16:37:45.825+0000] {spark_submit.py:521} INFO - 25/09/09 16:37:45 INFO Executor: Fetching file:///home/***/.ivy2.5.2/jars/org.apache.hadoop_hadoop-aws-3.4.1.jar with timestamp 1757435852389
[2025-09-09T16:37:45.827+0000] {spark_submit.py:521} INFO - 25/09/09 16:37:45 INFO Utils: /home/***/.ivy2.5.2/jars/org.apache.hadoop_hadoop-aws-3.4.1.jar has been previously copied to /tmp/spark-45abeb8b-b548-41a1-a307-bb058a3e0311/userFiles-5d21db4c-34f0-42a5-8cf6-72b399844eb5/org.apache.hadoop_hadoop-aws-3.4.1.jar
[2025-09-09T16:37:45.843+0000] {spark_submit.py:521} INFO - 25/09/09 16:37:45 INFO Executor: Fetching file:///home/***/.ivy2.5.2/jars/software.amazon.awssdk_bundle-2.24.6.jar with timestamp 1757435852389
[2025-09-09T16:37:46.133+0000] {spark_submit.py:521} INFO - 25/09/09 16:37:46 INFO Utils: /home/***/.ivy2.5.2/jars/software.amazon.awssdk_bundle-2.24.6.jar has been previously copied to /tmp/spark-45abeb8b-b548-41a1-a307-bb058a3e0311/userFiles-5d21db4c-34f0-42a5-8cf6-72b399844eb5/software.amazon.awssdk_bundle-2.24.6.jar
[2025-09-09T16:37:46.145+0000] {spark_submit.py:521} INFO - 25/09/09 16:37:46 INFO Executor: Fetching spark://118acb478e13:42865/jars/org.wildfly.openssl_wildfly-openssl-1.1.3.Final.jar with timestamp 1757435852389
[2025-09-09T16:37:46.221+0000] {spark_submit.py:521} INFO - 25/09/09 16:37:46 INFO TransportClientFactory: Successfully created connection to 118acb478e13/172.18.0.9:42865 after 44 ms (0 ms spent in bootstraps)
[2025-09-09T16:37:46.232+0000] {spark_submit.py:521} INFO - 25/09/09 16:37:46 INFO Utils: Fetching spark://118acb478e13:42865/jars/org.wildfly.openssl_wildfly-openssl-1.1.3.Final.jar to /tmp/spark-45abeb8b-b548-41a1-a307-bb058a3e0311/userFiles-5d21db4c-34f0-42a5-8cf6-72b399844eb5/fetchFileTemp2835062409344888920.tmp
[2025-09-09T16:37:46.254+0000] {spark_submit.py:521} INFO - 25/09/09 16:37:46 INFO Utils: /tmp/spark-45abeb8b-b548-41a1-a307-bb058a3e0311/userFiles-5d21db4c-34f0-42a5-8cf6-72b399844eb5/fetchFileTemp2835062409344888920.tmp has been previously copied to /tmp/spark-45abeb8b-b548-41a1-a307-bb058a3e0311/userFiles-5d21db4c-34f0-42a5-8cf6-72b399844eb5/org.wildfly.openssl_wildfly-openssl-1.1.3.Final.jar
[2025-09-09T16:37:46.271+0000] {spark_submit.py:521} INFO - 25/09/09 16:37:46 INFO Executor: Adding file:/tmp/spark-45abeb8b-b548-41a1-a307-bb058a3e0311/userFiles-5d21db4c-34f0-42a5-8cf6-72b399844eb5/org.wildfly.openssl_wildfly-openssl-1.1.3.Final.jar to class loader default
[2025-09-09T16:37:46.272+0000] {spark_submit.py:521} INFO - 25/09/09 16:37:46 INFO Executor: Fetching spark://118acb478e13:42865/jars/org.apache.hadoop_hadoop-aws-3.4.1.jar with timestamp 1757435852389
[2025-09-09T16:37:46.274+0000] {spark_submit.py:521} INFO - 25/09/09 16:37:46 INFO Utils: Fetching spark://118acb478e13:42865/jars/org.apache.hadoop_hadoop-aws-3.4.1.jar to /tmp/spark-45abeb8b-b548-41a1-a307-bb058a3e0311/userFiles-5d21db4c-34f0-42a5-8cf6-72b399844eb5/fetchFileTemp346340664581027392.tmp
[2025-09-09T16:37:46.283+0000] {spark_submit.py:521} INFO - 25/09/09 16:37:46 INFO Utils: /tmp/spark-45abeb8b-b548-41a1-a307-bb058a3e0311/userFiles-5d21db4c-34f0-42a5-8cf6-72b399844eb5/fetchFileTemp346340664581027392.tmp has been previously copied to /tmp/spark-45abeb8b-b548-41a1-a307-bb058a3e0311/userFiles-5d21db4c-34f0-42a5-8cf6-72b399844eb5/org.apache.hadoop_hadoop-aws-3.4.1.jar
[2025-09-09T16:37:46.322+0000] {spark_submit.py:521} INFO - 25/09/09 16:37:46 INFO Executor: Adding file:/tmp/spark-45abeb8b-b548-41a1-a307-bb058a3e0311/userFiles-5d21db4c-34f0-42a5-8cf6-72b399844eb5/org.apache.hadoop_hadoop-aws-3.4.1.jar to class loader default
[2025-09-09T16:37:46.322+0000] {spark_submit.py:521} INFO - 25/09/09 16:37:46 INFO Executor: Fetching spark://118acb478e13:42865/jars/software.amazon.awssdk_bundle-2.24.6.jar with timestamp 1757435852389
[2025-09-09T16:37:46.324+0000] {spark_submit.py:521} INFO - 25/09/09 16:37:46 INFO Utils: Fetching spark://118acb478e13:42865/jars/software.amazon.awssdk_bundle-2.24.6.jar to /tmp/spark-45abeb8b-b548-41a1-a307-bb058a3e0311/userFiles-5d21db4c-34f0-42a5-8cf6-72b399844eb5/fetchFileTemp4622243782402877714.tmp
[2025-09-09T16:37:55.894+0000] {spark_submit.py:521} INFO - 25/09/09 16:37:55 INFO Utils: /tmp/spark-45abeb8b-b548-41a1-a307-bb058a3e0311/userFiles-5d21db4c-34f0-42a5-8cf6-72b399844eb5/fetchFileTemp4622243782402877714.tmp has been previously copied to /tmp/spark-45abeb8b-b548-41a1-a307-bb058a3e0311/userFiles-5d21db4c-34f0-42a5-8cf6-72b399844eb5/software.amazon.awssdk_bundle-2.24.6.jar
[2025-09-09T16:38:00.681+0000] {spark_submit.py:521} INFO - 25/09/09 16:38:00 INFO Executor: Told to re-register on heartbeat
[2025-09-09T16:38:00.682+0000] {spark_submit.py:521} INFO - 25/09/09 16:38:00 INFO BlockManager: BlockManager null re-registering with master
[2025-09-09T16:38:00.689+0000] {spark_submit.py:521} INFO - 25/09/09 16:38:00 INFO BlockManagerMaster: Registering BlockManager null
[2025-09-09T16:38:00.702+0000] {spark_submit.py:521} INFO - 25/09/09 16:38:00 ERROR Inbox: Ignoring error
[2025-09-09T16:38:00.702+0000] {spark_submit.py:521} INFO - java.lang.NullPointerException: Cannot invoke "org.apache.spark.storage.BlockManagerId.executorId()" because "idWithoutTopologyInfo" is null
[2025-09-09T16:38:00.703+0000] {spark_submit.py:521} INFO - at org.apache.spark.storage.BlockManagerMasterEndpoint.org$apache$spark$storage$BlockManagerMasterEndpoint$$register(BlockManagerMasterEndpoint.scala:689)
[2025-09-09T16:38:00.703+0000] {spark_submit.py:521} INFO - at org.apache.spark.storage.BlockManagerMasterEndpoint$$anonfun$receiveAndReply$1.applyOrElse(BlockManagerMasterEndpoint.scala:141)
[2025-09-09T16:38:00.703+0000] {spark_submit.py:521} INFO - at org.apache.spark.rpc.netty.Inbox.$anonfun$process$1(Inbox.scala:104)
[2025-09-09T16:38:00.703+0000] {spark_submit.py:521} INFO - at org.apache.spark.rpc.netty.Inbox.safelyCall(Inbox.scala:216)
[2025-09-09T16:38:00.703+0000] {spark_submit.py:521} INFO - at org.apache.spark.rpc.netty.Inbox.process(Inbox.scala:101)
[2025-09-09T16:38:00.703+0000] {spark_submit.py:521} INFO - at org.apache.spark.rpc.netty.MessageLoop.org$apache$spark$rpc$netty$MessageLoop$$receiveLoop(MessageLoop.scala:76)
[2025-09-09T16:38:00.704+0000] {spark_submit.py:521} INFO - at org.apache.spark.rpc.netty.MessageLoop$$anon$1.run(MessageLoop.scala:42)
[2025-09-09T16:38:00.704+0000] {spark_submit.py:521} INFO - at java.base/java.util.concurrent.ThreadPoolExecutor.runWorker(ThreadPoolExecutor.java:1136)
[2025-09-09T16:38:00.704+0000] {spark_submit.py:521} INFO - at java.base/java.util.concurrent.ThreadPoolExecutor$Worker.run(ThreadPoolExecutor.java:635)
[2025-09-09T16:38:00.704+0000] {spark_submit.py:521} INFO - at java.base/java.lang.Thread.run(Thread.java:840)
[2025-09-09T16:38:00.704+0000] {spark_submit.py:521} INFO - 25/09/09 16:38:00 WARN Executor: Issue communicating with driver in heartbeater
[2025-09-09T16:38:00.704+0000] {spark_submit.py:521} INFO - org.apache.spark.SparkException: Exception thrown in awaitResult:
[2025-09-09T16:38:00.704+0000] {spark_submit.py:521} INFO - at org.apache.spark.util.SparkThreadUtils$.awaitResult(SparkThreadUtils.scala:53)
[2025-09-09T16:38:00.705+0000] {spark_submit.py:521} INFO - at org.apache.spark.util.ThreadUtils$.awaitResult(ThreadUtils.scala:342)
[2025-09-09T16:38:00.705+0000] {spark_submit.py:521} INFO - at org.apache.spark.rpc.RpcTimeout.awaitResult(RpcTimeout.scala:75)
[2025-09-09T16:38:00.705+0000] {spark_submit.py:521} INFO - at org.apache.spark.rpc.RpcEndpointRef.askSync(RpcEndpointRef.scala:101)
[2025-09-09T16:38:00.705+0000] {spark_submit.py:521} INFO - at org.apache.spark.rpc.RpcEndpointRef.askSync(RpcEndpointRef.scala:85)
[2025-09-09T16:38:00.705+0000] {spark_submit.py:521} INFO - at org.apache.spark.storage.BlockManagerMaster.registerBlockManager(BlockManagerMaster.scala:81)
[2025-09-09T16:38:00.705+0000] {spark_submit.py:521} INFO - at org.apache.spark.storage.BlockManager.reregister(BlockManager.scala:669)
[2025-09-09T16:38:00.706+0000] {spark_submit.py:521} INFO - at org.apache.spark.executor.Executor.reportHeartBeat(Executor.scala:1296)
[2025-09-09T16:38:00.706+0000] {spark_submit.py:521} INFO - at org.apache.spark.executor.Executor.$anonfun$heartbeater$1(Executor.scala:307)
[2025-09-09T16:38:00.706+0000] {spark_submit.py:521} INFO - at scala.runtime.java8.JFunction0$mcV$sp.apply(JFunction0$mcV$sp.scala:18)
[2025-09-09T16:38:00.706+0000] {spark_submit.py:521} INFO - at org.apache.spark.util.Utils$.logUncaughtExceptions(Utils.scala:1937)
[2025-09-09T16:38:00.706+0000] {spark_submit.py:521} INFO - at org.apache.spark.Heartbeater$$anon$1.run(Heartbeater.scala:46)
[2025-09-09T16:38:00.706+0000] {spark_submit.py:521} INFO - at java.base/java.util.concurrent.Executors$RunnableAdapter.call(Executors.java:539)
[2025-09-09T16:38:00.707+0000] {spark_submit.py:521} INFO - at java.base/java.util.concurrent.FutureTask.runAndReset(FutureTask.java:305)
[2025-09-09T16:38:00.707+0000] {spark_submit.py:521} INFO - at java.base/java.util.concurrent.ScheduledThreadPoolExecutor$ScheduledFutureTask.run(ScheduledThreadPoolExecutor.java:305)
[2025-09-09T16:38:00.707+0000] {spark_submit.py:521} INFO - at java.base/java.util.concurrent.ThreadPoolExecutor.runWorker(ThreadPoolExecutor.java:1136)
[2025-09-09T16:38:00.707+0000] {spark_submit.py:521} INFO - at java.base/java.util.concurrent.ThreadPoolExecutor$Worker.run(ThreadPoolExecutor.java:635)
[2025-09-09T16:38:00.708+0000] {spark_submit.py:521} INFO - at java.base/java.lang.Thread.run(Thread.java:840)
[2025-09-09T16:38:00.708+0000] {spark_submit.py:521} INFO - Caused by: java.lang.NullPointerException: Cannot invoke "org.apache.spark.storage.BlockManagerId.executorId()" because "idWithoutTopologyInfo" is null
[2025-09-09T16:38:00.708+0000] {spark_submit.py:521} INFO - at org.apache.spark.storage.BlockManagerMasterEndpoint.org$apache$spark$storage$BlockManagerMasterEndpoint$$register(BlockManagerMasterEndpoint.scala:689)
[2025-09-09T16:38:00.708+0000] {spark_submit.py:521} INFO - at org.apache.spark.storage.BlockManagerMasterEndpoint$$anonfun$receiveAndReply$1.applyOrElse(BlockManagerMasterEndpoint.scala:141)
[2025-09-09T16:38:00.708+0000] {spark_submit.py:521} INFO - at org.apache.spark.rpc.netty.Inbox.$anonfun$process$1(Inbox.scala:104)
[2025-09-09T16:38:00.708+0000] {spark_submit.py:521} INFO - at org.apache.spark.rpc.netty.Inbox.safelyCall(Inbox.scala:216)
[2025-09-09T16:38:00.709+0000] {spark_submit.py:521} INFO - at org.apache.spark.rpc.netty.Inbox.process(Inbox.scala:101)
[2025-09-09T16:38:00.709+0000] {spark_submit.py:521} INFO - at org.apache.spark.rpc.netty.MessageLoop.org$apache$spark$rpc$netty$MessageLoop$$receiveLoop(MessageLoop.scala:76)
[2025-09-09T16:38:00.709+0000] {spark_submit.py:521} INFO - at org.apache.spark.rpc.netty.MessageLoop$$anon$1.run(MessageLoop.scala:42)
[2025-09-09T16:38:00.709+0000] {spark_submit.py:521} INFO - ... 3 more
[2025-09-09T16:38:02.534+0000] {spark_submit.py:521} INFO - 25/09/09 16:38:02 INFO Executor: Adding file:/tmp/spark-45abeb8b-b548-41a1-a307-bb058a3e0311/userFiles-5d21db4c-34f0-42a5-8cf6-72b399844eb5/software.amazon.awssdk_bundle-2.24.6.jar to class loader default
[2025-09-09T16:38:02.557+0000] {spark_submit.py:521} INFO - 25/09/09 16:38:02 INFO Utils: Successfully started service 'org.apache.spark.network.netty.NettyBlockTransferService' on port 39917.
[2025-09-09T16:38:02.558+0000] {spark_submit.py:521} INFO - 25/09/09 16:38:02 INFO NettyBlockTransferService: Server created on 118acb478e13:39917
[2025-09-09T16:38:02.559+0000] {spark_submit.py:521} INFO - 25/09/09 16:38:02 INFO BlockManager: Using org.apache.spark.storage.RandomBlockReplicationPolicy for block replication policy
[2025-09-09T16:38:02.571+0000] {spark_submit.py:521} INFO - 25/09/09 16:38:02 INFO BlockManagerMaster: Registering BlockManager BlockManagerId(driver, 118acb478e13, 39917, None)
[2025-09-09T16:38:02.580+0000] {spark_submit.py:521} INFO - 25/09/09 16:38:02 INFO BlockManagerMasterEndpoint: Registering block manager 118acb478e13:39917 with 434.4 MiB RAM, BlockManagerId(driver, 118acb478e13, 39917, None)
[2025-09-09T16:38:02.594+0000] {spark_submit.py:521} INFO - 25/09/09 16:38:02 INFO BlockManagerMaster: Registered BlockManager BlockManagerId(driver, 118acb478e13, 39917, None)
[2025-09-09T16:38:02.596+0000] {spark_submit.py:521} INFO - 25/09/09 16:38:02 INFO BlockManager: Initialized BlockManager: BlockManagerId(driver, 118acb478e13, 39917, None)
[2025-09-09T16:38:05.220+0000] {spark_submit.py:521} INFO - 25/09/09 16:38:05 INFO SharedState: Setting hive.metastore.warehouse.dir ('null') to the value of spark.sql.warehouse.dir.
[2025-09-09T16:38:05.222+0000] {spark_submit.py:521} INFO - 25/09/09 16:38:05 INFO SharedState: Warehouse path is 'file:/opt/***/spark-warehouse'.
[2025-09-09T16:38:06.600+0000] {spark_submit.py:521} INFO - 25/09/09 16:38:06 WARN MetricsConfig: Cannot locate configuration: tried hadoop-metrics2-s3a-file-system.properties,hadoop-metrics2.properties
[2025-09-09T16:38:06.611+0000] {spark_submit.py:521} INFO - 25/09/09 16:38:06 INFO MetricsSystemImpl: Scheduled Metric snapshot period at 10 second(s).
[2025-09-09T16:38:06.611+0000] {spark_submit.py:521} INFO - 25/09/09 16:38:06 INFO MetricsSystemImpl: s3a-file-system metrics system started
[2025-09-09T16:38:06.687+0000] {spark_submit.py:521} INFO - SLF4J: Failed to load class "org.slf4j.impl.StaticLoggerBinder".
[2025-09-09T16:38:06.688+0000] {spark_submit.py:521} INFO - SLF4J: Defaulting to no-operation (NOP) logger implementation
[2025-09-09T16:38:06.688+0000] {spark_submit.py:521} INFO - SLF4J: See http://www.slf4j.org/codes.html#StaticLoggerBinder for further details.
[2025-09-09T16:38:08.009+0000] {spark_submit.py:521} INFO - 25/09/09 16:38:08 INFO HadoopFSUtils: Listing s3a://job/bronze/topcv/topcv_jobs.parquet with listFiles API
[2025-09-09T16:38:08.104+0000] {spark_submit.py:521} INFO - 25/09/09 16:38:08 INFO InMemoryFileIndex: It took 102 ms to list leaf files for 1 paths.
[2025-09-09T16:38:08.314+0000] {spark_submit.py:521} INFO - 25/09/09 16:38:08 INFO SparkContext: Starting job: parquet at NativeMethodAccessorImpl.java:0
[2025-09-09T16:38:08.325+0000] {spark_submit.py:521} INFO - 25/09/09 16:38:08 INFO DAGScheduler: Got job 0 (parquet at NativeMethodAccessorImpl.java:0) with 1 output partitions
[2025-09-09T16:38:08.327+0000] {spark_submit.py:521} INFO - 25/09/09 16:38:08 INFO DAGScheduler: Final stage: ResultStage 0 (parquet at NativeMethodAccessorImpl.java:0)
[2025-09-09T16:38:08.329+0000] {spark_submit.py:521} INFO - 25/09/09 16:38:08 INFO DAGScheduler: Parents of final stage: List()
[2025-09-09T16:38:08.331+0000] {spark_submit.py:521} INFO - 25/09/09 16:38:08 INFO DAGScheduler: Missing parents: List()
[2025-09-09T16:38:08.334+0000] {spark_submit.py:521} INFO - 25/09/09 16:38:08 INFO DAGScheduler: Submitting ResultStage 0 (MapPartitionsRDD[1] at parquet at NativeMethodAccessorImpl.java:0), which has no missing parents
[2025-09-09T16:38:08.385+0000] {spark_submit.py:521} INFO - 25/09/09 16:38:08 INFO MemoryStore: MemoryStore started with capacity 434.4 MiB
[2025-09-09T16:38:08.397+0000] {spark_submit.py:521} INFO - 25/09/09 16:38:08 INFO MemoryStore: Block broadcast_0 stored as values in memory (estimated size 117.1 KiB, free 434.3 MiB)
[2025-09-09T16:38:08.443+0000] {spark_submit.py:521} INFO - 25/09/09 16:38:08 INFO MemoryStore: Block broadcast_0_piece0 stored as bytes in memory (estimated size 42.1 KiB, free 434.2 MiB)
[2025-09-09T16:38:08.453+0000] {spark_submit.py:521} INFO - 25/09/09 16:38:08 INFO SparkContext: Created broadcast 0 from broadcast at DAGScheduler.scala:1676
[2025-09-09T16:38:08.474+0000] {spark_submit.py:521} INFO - 25/09/09 16:38:08 INFO DAGScheduler: Submitting 1 missing tasks from ResultStage 0 (MapPartitionsRDD[1] at parquet at NativeMethodAccessorImpl.java:0) (first 15 tasks are for partitions Vector(0))
[2025-09-09T16:38:08.483+0000] {spark_submit.py:521} INFO - 25/09/09 16:38:08 INFO TaskSchedulerImpl: Adding task set 0.0 with 1 tasks resource profile 0
[2025-09-09T16:38:08.520+0000] {spark_submit.py:521} INFO - 25/09/09 16:38:08 INFO TaskSetManager: Starting task 0.0 in stage 0.0 (TID 0) (118acb478e13,executor driver, partition 0, PROCESS_LOCAL, 10743 bytes)
[2025-09-09T16:38:08.534+0000] {spark_submit.py:521} INFO - 25/09/09 16:38:08 INFO Executor: Running task 0.0 in stage 0.0 (TID 0)
[2025-09-09T16:38:08.995+0000] {spark_submit.py:521} INFO - 25/09/09 16:38:08 INFO Executor: Finished task 0.0 in stage 0.0 (TID 0). 3087 bytes result sent to driver
[2025-09-09T16:38:09.004+0000] {spark_submit.py:521} INFO - 25/09/09 16:38:09 INFO TaskSetManager: Finished task 0.0 in stage 0.0 (TID 0) in 499 ms on 118acb478e13 (executor driver) (1/1)
[2025-09-09T16:38:09.010+0000] {spark_submit.py:521} INFO - 25/09/09 16:38:09 INFO TaskSchedulerImpl: Removed TaskSet 0.0 whose tasks have all completed, from pool
[2025-09-09T16:38:09.013+0000] {spark_submit.py:521} INFO - 25/09/09 16:38:09 INFO DAGScheduler: ResultStage 0 (parquet at NativeMethodAccessorImpl.java:0) finished in 658 ms
[2025-09-09T16:38:09.015+0000] {spark_submit.py:521} INFO - 25/09/09 16:38:09 INFO DAGScheduler: Job 0 is finished. Cancelling potential speculative or zombie tasks for this job
[2025-09-09T16:38:09.015+0000] {spark_submit.py:521} INFO - 25/09/09 16:38:09 INFO TaskSchedulerImpl: Canceling stage 0
[2025-09-09T16:38:09.016+0000] {spark_submit.py:521} INFO - 25/09/09 16:38:09 INFO TaskSchedulerImpl: Killing all running tasks in stage 0: Stage finished
[2025-09-09T16:38:09.018+0000] {spark_submit.py:521} INFO - 25/09/09 16:38:09 INFO DAGScheduler: Job 0 finished: parquet at NativeMethodAccessorImpl.java:0, took 704.056149 ms
[2025-09-09T16:38:09.595+0000] {spark_submit.py:521} INFO - 25/09/09 16:38:09 INFO MemoryStore: Block broadcast_1 stored as values in memory (estimated size 208.0 B, free 434.2 MiB)
[2025-09-09T16:38:09.610+0000] {spark_submit.py:521} INFO - 25/09/09 16:38:09 INFO MemoryStore: Block broadcast_1_piece0 stored as bytes in memory (estimated size 789.0 B, free 434.2 MiB)
[2025-09-09T16:38:09.620+0000] {spark_submit.py:521} INFO - 25/09/09 16:38:09 INFO SparkContext: Created broadcast 1 from broadcast at NativeMethodAccessorImpl.java:0
[2025-09-09T16:38:10.462+0000] {spark_submit.py:521} INFO - 25/09/09 16:38:10 INFO FileSourceStrategy: Pushed Filters: IsNotNull(requirements),Not(EqualTo(requirements,)),IsNotNull(description),Not(EqualTo(description,))
[2025-09-09T16:38:10.466+0000] {spark_submit.py:521} INFO - 25/09/09 16:38:10 INFO FileSourceStrategy: Post-Scan Filters: Set(isnotnull(trim(lower(title#1), None)), NOT (trim(lower(title#1), None) = ), isnotnull(trim(company_name#2, None)), NOT (trim(company_name#2, None) = ), isnotnull(requirements#9), NOT (requirements#9 = ), isnotnull(description#8), NOT (description#8 = ))
[2025-09-09T16:38:11.059+0000] {spark_submit.py:521} INFO - 25/09/09 16:38:11 INFO CodeGenerator: Code generated in 219.072988 ms
[2025-09-09T16:38:11.231+0000] {spark_submit.py:521} INFO - 25/09/09 16:38:11 INFO CodeGenerator: Code generated in 111.810248 ms
[2025-09-09T16:38:11.250+0000] {spark_submit.py:521} INFO - 25/09/09 16:38:11 INFO MemoryStore: Block broadcast_2 stored as values in memory (estimated size 221.1 KiB, free 434.2 MiB)
[2025-09-09T16:38:11.259+0000] {spark_submit.py:521} INFO - 25/09/09 16:38:11 INFO MemoryStore: Block broadcast_2_piece0 stored as bytes in memory (estimated size 40.4 KiB, free 434.1 MiB)
[2025-09-09T16:38:11.263+0000] {spark_submit.py:521} INFO - 25/09/09 16:38:11 INFO SparkContext: Created broadcast 2 from $anonfun$withThreadLocalCaptured$2 at CompletableFuture.java:1768
[2025-09-09T16:38:11.277+0000] {spark_submit.py:521} INFO - 25/09/09 16:38:11 INFO FileSourceScanExec: Planning scan with bin packing, max size: 4194304 bytes, open cost is considered as scanning 4194304 bytes.
[2025-09-09T16:38:11.374+0000] {spark_submit.py:521} INFO - 25/09/09 16:38:11 INFO DAGScheduler: Registering RDD 9 ($anonfun$withThreadLocalCaptured$2 at CompletableFuture.java:1768) as input to shuffle 0
[2025-09-09T16:38:11.378+0000] {spark_submit.py:521} INFO - 25/09/09 16:38:11 INFO DAGScheduler: Got map stage job 1 ($anonfun$withThreadLocalCaptured$2 at CompletableFuture.java:1768) with 1 output partitions
[2025-09-09T16:38:11.379+0000] {spark_submit.py:521} INFO - 25/09/09 16:38:11 INFO DAGScheduler: Final stage: ShuffleMapStage 1 ($anonfun$withThreadLocalCaptured$2 at CompletableFuture.java:1768)
[2025-09-09T16:38:11.380+0000] {spark_submit.py:521} INFO - 25/09/09 16:38:11 INFO DAGScheduler: Parents of final stage: List()
[2025-09-09T16:38:11.380+0000] {spark_submit.py:521} INFO - 25/09/09 16:38:11 INFO DAGScheduler: Missing parents: List()
[2025-09-09T16:38:11.382+0000] {spark_submit.py:521} INFO - 25/09/09 16:38:11 INFO DAGScheduler: Submitting ShuffleMapStage 1 (MapPartitionsRDD[9] at $anonfun$withThreadLocalCaptured$2 at CompletableFuture.java:1768), which has no missing parents
[2025-09-09T16:38:11.400+0000] {spark_submit.py:521} INFO - 25/09/09 16:38:11 INFO MemoryStore: Block broadcast_3 stored as values in memory (estimated size 99.0 KiB, free 434.0 MiB)
[2025-09-09T16:38:11.404+0000] {spark_submit.py:521} INFO - 25/09/09 16:38:11 INFO MemoryStore: Block broadcast_3_piece0 stored as bytes in memory (estimated size 36.1 KiB, free 434.0 MiB)
[2025-09-09T16:38:11.405+0000] {spark_submit.py:521} INFO - 25/09/09 16:38:11 INFO SparkContext: Created broadcast 3 from broadcast at DAGScheduler.scala:1676
[2025-09-09T16:38:11.406+0000] {spark_submit.py:521} INFO - 25/09/09 16:38:11 INFO DAGScheduler: Submitting 1 missing tasks from ShuffleMapStage 1 (MapPartitionsRDD[9] at $anonfun$withThreadLocalCaptured$2 at CompletableFuture.java:1768) (first 15 tasks are for partitions Vector(0))
[2025-09-09T16:38:11.407+0000] {spark_submit.py:521} INFO - 25/09/09 16:38:11 INFO TaskSchedulerImpl: Adding task set 1.0 with 1 tasks resource profile 0
[2025-09-09T16:38:11.409+0000] {spark_submit.py:521} INFO - 25/09/09 16:38:11 INFO TaskSetManager: Starting task 0.0 in stage 1.0 (TID 1) (118acb478e13,executor driver, partition 0, PROCESS_LOCAL, 11173 bytes)
[2025-09-09T16:38:11.410+0000] {spark_submit.py:521} INFO - 25/09/09 16:38:11 INFO Executor: Running task 0.0 in stage 1.0 (TID 1)
[2025-09-09T16:38:11.570+0000] {spark_submit.py:521} INFO - 25/09/09 16:38:11 INFO CodeGenerator: Code generated in 122.773278 ms
[2025-09-09T16:38:11.599+0000] {spark_submit.py:521} INFO - 25/09/09 16:38:11 INFO CodeGenerator: Code generated in 7.553962 ms
[2025-09-09T16:38:12.328+0000] {spark_submit.py:521} INFO - 25/09/09 16:38:12 INFO CodeGenerator: Code generated in 7.717987 ms
[2025-09-09T16:38:12.360+0000] {spark_submit.py:521} INFO - 25/09/09 16:38:12 INFO CodeGenerator: Code generated in 30.136857 ms
[2025-09-09T16:38:12.381+0000] {spark_submit.py:521} INFO - 25/09/09 16:38:12 INFO CodeGenerator: Code generated in 14.724292 ms
[2025-09-09T16:38:12.412+0000] {spark_submit.py:521} INFO - 25/09/09 16:38:12 INFO CodeGenerator: Code generated in 6.123511 ms
[2025-09-09T16:38:12.427+0000] {spark_submit.py:521} INFO - 25/09/09 16:38:12 INFO CodeGenerator: Code generated in 4.531559 ms
[2025-09-09T16:38:12.432+0000] {spark_submit.py:521} INFO - 25/09/09 16:38:12 INFO FileScanRDD: Reading File path: s3a://job/bronze/topcv/topcv_jobs.parquet, range: 0-56841, partition values: [empty row]
[2025-09-09T16:38:12.628+0000] {spark_submit.py:521} INFO - 25/09/09 16:38:12 INFO FilterCompat: Filtering using predicate: and(and(and(noteq(requirements, null), noteq(requirements, Binary{""})), noteq(description, null)), noteq(description, Binary{""}))
[2025-09-09T16:38:12.664+0000] {spark_submit.py:521} INFO - 25/09/09 16:38:12 INFO CodecPool: Got brand-new decompressor [.snappy]
[2025-09-09T16:38:12.738+0000] {spark_submit.py:521} INFO - 25/09/09 16:38:12 INFO ColumnIndexFilter: No offset index for column requirements is available; Unable to do filtering
[2025-09-09T16:38:14.192+0000] {spark_submit.py:521} INFO - 25/09/09 16:38:14 INFO PythonUDFWithNamedArgumentsRunner: Times: total = 2557, boot = 679, init = 329, finish = 1549
[2025-09-09T16:38:14.220+0000] {spark_submit.py:521} INFO - 25/09/09 16:38:14 INFO CodeGenerator: Code generated in 14.05422 ms
[2025-09-09T16:38:14.233+0000] {spark_submit.py:521} INFO - 25/09/09 16:38:14 INFO SecurityManager: Changing view acls to: ***
[2025-09-09T16:38:14.234+0000] {spark_submit.py:521} INFO - 25/09/09 16:38:14 INFO SecurityManager: Changing modify acls to: ***
[2025-09-09T16:38:14.245+0000] {spark_submit.py:521} INFO - 25/09/09 16:38:14 INFO SecurityManager: Changing view acls groups to: ***
[2025-09-09T16:38:14.247+0000] {spark_submit.py:521} INFO - 25/09/09 16:38:14 INFO SecurityManager: Changing modify acls groups to: ***
[2025-09-09T16:38:14.247+0000] {spark_submit.py:521} INFO - 25/09/09 16:38:14 INFO SecurityManager: SecurityManager: authentication disabled; ui acls disabled; users with view permissions: *** groups with view permissions: EMPTY; users with modify permissions: ***; groups with modify permissions: EMPTY; RPC SSL disabled
[2025-09-09T16:38:14.389+0000] {spark_submit.py:521} INFO - 25/09/09 16:38:14 INFO Executor: Finished task 0.0 in stage 1.0 (TID 1). 3815 bytes result sent to driver
[2025-09-09T16:38:14.392+0000] {spark_submit.py:521} INFO - 25/09/09 16:38:14 INFO TaskSetManager: Finished task 0.0 in stage 1.0 (TID 1) in 2985 ms on 118acb478e13 (executor driver) (1/1)
[2025-09-09T16:38:14.393+0000] {spark_submit.py:521} INFO - 25/09/09 16:38:14 INFO TaskSchedulerImpl: Removed TaskSet 1.0 whose tasks have all completed, from pool
[2025-09-09T16:38:14.393+0000] {spark_submit.py:521} INFO - 25/09/09 16:38:14 INFO PythonAccumulatorV2: Connected to AccumulatorServer at host: 127.0.0.1 port: 56455
[2025-09-09T16:38:14.398+0000] {spark_submit.py:521} INFO - 25/09/09 16:38:14 INFO DAGScheduler: ShuffleMapStage 1 ($anonfun$withThreadLocalCaptured$2 at CompletableFuture.java:1768) finished in 3015 ms
[2025-09-09T16:38:14.399+0000] {spark_submit.py:521} INFO - 25/09/09 16:38:14 INFO DAGScheduler: looking for newly runnable stages
[2025-09-09T16:38:14.399+0000] {spark_submit.py:521} INFO - 25/09/09 16:38:14 INFO DAGScheduler: running: HashSet()
[2025-09-09T16:38:14.399+0000] {spark_submit.py:521} INFO - 25/09/09 16:38:14 INFO DAGScheduler: waiting: HashSet()
[2025-09-09T16:38:14.400+0000] {spark_submit.py:521} INFO - 25/09/09 16:38:14 INFO DAGScheduler: failed: HashSet()
[2025-09-09T16:38:14.429+0000] {spark_submit.py:521} INFO - 25/09/09 16:38:14 INFO ShufflePartitionsUtil: For shuffle(0, advisory target size: 67108864, actual target size 1048576, minimum partition size: 1048576
[2025-09-09T16:38:14.475+0000] {spark_submit.py:521} INFO - 25/09/09 16:38:14 INFO CodeGenerator: Code generated in 11.480682 ms
[2025-09-09T16:38:14.488+0000] {spark_submit.py:521} INFO - 25/09/09 16:38:14 INFO CodeGenerator: Code generated in 5.210183 ms
[2025-09-09T16:38:14.518+0000] {spark_submit.py:521} INFO - 25/09/09 16:38:14 INFO SparkContext: Starting job: $anonfun$withThreadLocalCaptured$2 at CompletableFuture.java:1768
[2025-09-09T16:38:14.520+0000] {spark_submit.py:521} INFO - 25/09/09 16:38:14 INFO DAGScheduler: Got job 2 ($anonfun$withThreadLocalCaptured$2 at CompletableFuture.java:1768) with 1 output partitions
[2025-09-09T16:38:14.520+0000] {spark_submit.py:521} INFO - 25/09/09 16:38:14 INFO DAGScheduler: Final stage: ResultStage 3 ($anonfun$withThreadLocalCaptured$2 at CompletableFuture.java:1768)
[2025-09-09T16:38:14.520+0000] {spark_submit.py:521} INFO - 25/09/09 16:38:14 INFO DAGScheduler: Parents of final stage: List(ShuffleMapStage 2)
[2025-09-09T16:38:14.521+0000] {spark_submit.py:521} INFO - 25/09/09 16:38:14 INFO DAGScheduler: Missing parents: List()
[2025-09-09T16:38:14.521+0000] {spark_submit.py:521} INFO - 25/09/09 16:38:14 INFO DAGScheduler: Submitting ResultStage 3 (MapPartitionsRDD[15] at $anonfun$withThreadLocalCaptured$2 at CompletableFuture.java:1768), which has no missing parents
[2025-09-09T16:38:14.531+0000] {spark_submit.py:521} INFO - 25/09/09 16:38:14 INFO MemoryStore: Block broadcast_4 stored as values in memory (estimated size 83.1 KiB, free 433.9 MiB)
[2025-09-09T16:38:14.532+0000] {spark_submit.py:521} INFO - 25/09/09 16:38:14 INFO MemoryStore: Block broadcast_4_piece0 stored as bytes in memory (estimated size 31.5 KiB, free 433.9 MiB)
[2025-09-09T16:38:14.534+0000] {spark_submit.py:521} INFO - 25/09/09 16:38:14 INFO SparkContext: Created broadcast 4 from broadcast at DAGScheduler.scala:1676
[2025-09-09T16:38:14.535+0000] {spark_submit.py:521} INFO - 25/09/09 16:38:14 INFO DAGScheduler: Submitting 1 missing tasks from ResultStage 3 (MapPartitionsRDD[15] at $anonfun$withThreadLocalCaptured$2 at CompletableFuture.java:1768) (first 15 tasks are for partitions Vector(0))
[2025-09-09T16:38:14.535+0000] {spark_submit.py:521} INFO - 25/09/09 16:38:14 INFO TaskSchedulerImpl: Adding task set 3.0 with 1 tasks resource profile 0
[2025-09-09T16:38:14.539+0000] {spark_submit.py:521} INFO - 25/09/09 16:38:14 INFO TaskSetManager: Starting task 0.0 in stage 3.0 (TID 2) (118acb478e13,executor driver, partition 0, NODE_LOCAL, 10580 bytes)
[2025-09-09T16:38:14.540+0000] {spark_submit.py:521} INFO - 25/09/09 16:38:14 INFO Executor: Running task 0.0 in stage 3.0 (TID 2)
[2025-09-09T16:38:14.586+0000] {spark_submit.py:521} INFO - 25/09/09 16:38:14 INFO ShuffleBlockFetcherIterator: Getting 1 (11.8 KiB) non-empty blocks including 1 (11.8 KiB) local and 0 (0.0 B) host-local and 0 (0.0 B) push-merged-local and 0 (0.0 B) remote blocks
[2025-09-09T16:38:14.588+0000] {spark_submit.py:521} INFO - 25/09/09 16:38:14 INFO ShuffleBlockFetcherIterator: Started 0 remote fetches in 15 ms
[2025-09-09T16:38:14.594+0000] {spark_submit.py:521} INFO - 25/09/09 16:38:14 INFO CodeGenerator: Code generated in 4.058757 ms
[2025-09-09T16:38:14.619+0000] {spark_submit.py:521} INFO - 25/09/09 16:38:14 INFO CodeGenerator: Code generated in 6.664081 ms
[2025-09-09T16:38:14.632+0000] {spark_submit.py:521} INFO - 25/09/09 16:38:14 INFO CodeGenerator: Code generated in 3.929789 ms
[2025-09-09T16:38:14.638+0000] {spark_submit.py:521} INFO - 25/09/09 16:38:14 INFO CodeGenerator: Code generated in 3.904113 ms
[2025-09-09T16:38:14.642+0000] {spark_submit.py:521} INFO - 25/09/09 16:38:14 INFO CodeGenerator: Code generated in 2.373851 ms
[2025-09-09T16:38:14.652+0000] {spark_submit.py:521} INFO - 25/09/09 16:38:14 INFO CodeGenerator: Code generated in 8.65999 ms
[2025-09-09T16:38:14.660+0000] {spark_submit.py:521} INFO - 25/09/09 16:38:14 INFO Executor: Finished task 0.0 in stage 3.0 (TID 2). 10528 bytes result sent to driver
[2025-09-09T16:38:14.663+0000] {spark_submit.py:521} INFO - 25/09/09 16:38:14 INFO TaskSetManager: Finished task 0.0 in stage 3.0 (TID 2) in 125 ms on 118acb478e13 (executor driver) (1/1)
[2025-09-09T16:38:14.664+0000] {spark_submit.py:521} INFO - 25/09/09 16:38:14 INFO TaskSchedulerImpl: Removed TaskSet 3.0 whose tasks have all completed, from pool
[2025-09-09T16:38:14.665+0000] {spark_submit.py:521} INFO - 25/09/09 16:38:14 INFO DAGScheduler: ResultStage 3 ($anonfun$withThreadLocalCaptured$2 at CompletableFuture.java:1768) finished in 139 ms
[2025-09-09T16:38:14.667+0000] {spark_submit.py:521} INFO - 25/09/09 16:38:14 INFO DAGScheduler: Job 2 is finished. Cancelling potential speculative or zombie tasks for this job
[2025-09-09T16:38:14.668+0000] {spark_submit.py:521} INFO - 25/09/09 16:38:14 INFO TaskSchedulerImpl: Canceling stage 3
[2025-09-09T16:38:14.668+0000] {spark_submit.py:521} INFO - 25/09/09 16:38:14 INFO TaskSchedulerImpl: Killing all running tasks in stage 3: Stage finished
[2025-09-09T16:38:14.668+0000] {spark_submit.py:521} INFO - 25/09/09 16:38:14 INFO DAGScheduler: Job 2 finished: $anonfun$withThreadLocalCaptured$2 at CompletableFuture.java:1768, took 146.613642 ms
[2025-09-09T16:38:14.690+0000] {spark_submit.py:521} INFO - 25/09/09 16:38:14 INFO CodeGenerator: Code generated in 6.138697 ms
[2025-09-09T16:38:14.703+0000] {spark_submit.py:521} INFO - +--------------------+--------------------+---+----------------+----------+----------+----------------+----------------+--------------------+-----------+--------------+--------------+--------------------+--------------------+-----------+------------+------+
[2025-09-09T16:38:14.704+0000] {spark_submit.py:521} INFO - |        job_position|        company_name|yoe|job_posting_date|min_salary|max_salary|company_size_min|company_size_max|         major_field|      level|num_of_recruit|     work_form|     relation_fields|    skills_extracted|       city|    district|source|
[2025-09-09T16:38:14.704+0000] {spark_submit.py:521} INFO - +--------------------+--------------------+---+----------------+----------+----------+----------------+----------------+--------------------+-----------+--------------+--------------+--------------------+--------------------+-----------+------------+------+
[2025-09-09T16:38:14.704+0000] {spark_submit.py:521} INFO - |cdp data engineering|CNG TY C PHN D...|3.0|      2025-08-31|      NULL|      NULL|           10000|           10000|Dc phm / Y t ...|Trng nhm|             1|Ton thi gian|[Cng ngh Thng ...|                  []|H Ch Minh|      Qun 7| topcv|
[2025-09-09T16:38:14.705+0000] {spark_submit.py:521} INFO - |       data engineer| Alphaway Technology|3.0|      2025-08-14|  39000000|      NULL|             100|             499|       IT - Phn mm|Trng nhm|             5|Ton thi gian|[Cng ngh Thng ...|[python, java, sq...|     H Ni|    Cu Giy| topcv|
[2025-09-09T16:38:14.705+0000] {spark_submit.py:521} INFO - |       data engineer|CNG TY C PHN C...|2.0|      2025-09-04|      NULL|      NULL|             500|            1000|       IT - Phn mm|Trng nhm|             2|Ton thi gian|[Cng ngh Thng ...|[python, java, sq...|     H Ni|    Cu Giy| topcv|
[2025-09-09T16:38:14.705+0000] {spark_submit.py:521} INFO - |       data engineer|CNG TY C PHN I...|1.0|      2025-09-30|   1000000|      NULL|             100|             499|       IT - Phn mm|  Nhn vin|             1|Ton thi gian|[Cng ngh Thng ...|[python, java, sq...|     H Ni|     ng a| topcv|
[2025-09-09T16:38:14.705+0000] {spark_submit.py:521} INFO - |       data engineer|CNG TY TNHH GII...|2.0|      2025-08-13|      NULL|      NULL|              25|              99|       IT - Phn mm|  Nhn vin|             3|Ton thi gian|[Cng ngh Thng ...|[python, scala, s...|H Ch Minh|   Ph Nhun| topcv|
[2025-09-09T16:38:14.706+0000] {spark_submit.py:521} INFO - |       data engineer|Cng Ty Ti Chnh...|3.0|      2025-08-21|      NULL|      NULL|            5000|            5000|           Ti chnh|  Nhn vin|             1|Ton thi gian|[Cng ngh Thng ...|[python, java, sc...|H Ch Minh|      Qun 1| topcv|
[2025-09-09T16:38:14.706+0000] {spark_submit.py:521} INFO - |       data engineer|Cng ty C phn H...|2.0|      2025-08-31|      NULL|      NULL|             500|            1000|       IT - Phn mm|  Nhn vin|             5|Ton thi gian|[Cng ngh Thng ...|[aws, azure, etl,...|     H Ni|    Cu Giy| topcv|
[2025-09-09T16:38:14.706+0000] {spark_submit.py:521} INFO - |       data engineer|        FPT Software|4.0|      2025-09-30|      NULL|      NULL|           10000|           10000|           Ti chnh|  Nhn vin|             1|Ton thi gian|[Cng ngh Thng ...|[python, sql, azu...|     Nng|Ng Hnh Sn| topcv|
[2025-09-09T16:38:14.706+0000] {spark_submit.py:521} INFO - |       data engineer|       TMA Solutions|1.0|      2025-10-17|      NULL|      NULL|            3000|            3000|       IT - Phn mm|  Nhn vin|             3|Ton thi gian|[Cng ngh Thng ...|[python, scala, s...|  Bnh nh| TP Quy Nhn| topcv|
[2025-09-09T16:38:14.707+0000] {spark_submit.py:521} INFO - |data engineer (ba...|Cng ty C phn C...|2.0|      2025-08-24|  25000000|  35000000|             100|             499|       IT - Phn mm|Trng nhm|             2|Ton thi gian|[Cng ngh Thng ...|[python, aws, spa...|     H Ni|   Hon Kim| topcv|
[2025-09-09T16:38:14.707+0000] {spark_submit.py:521} INFO - |data engineer (bi...|CNG TY C PHN P...|2.0|      2025-10-31|  18000000|  30000000|             100|             499|       IT - Phn mm|  Nhn vin|             6|Ton thi gian|[Cng ngh Thng ...|          [sql, etl]|     H Ni|  Thanh Xun| topcv|
[2025-09-09T16:38:14.707+0000] {spark_submit.py:521} INFO - |data engineer (bi...|Cng ty TNHH Gii...|2.0|      2025-08-20|  25000000|  30000000|              25|              99|       IT - Phn mm|Trng nhm|             3|Ton thi gian|[Cng ngh Thng ...|[sql, ***, da...|     H Ni|  Thanh Xun| topcv|
[2025-09-09T16:38:14.709+0000] {spark_submit.py:521} INFO - |data engineer (cl...|Cng ty TNHH Horu...|1.0|      2025-08-23|  15000000|  25000000|             100|             499|       IT - Phn mm|Trng nhm|             1|Ton thi gian|[Cng ngh Thng ...|[python, java, sc...|     H Ni| Nam T Lim| topcv|
[2025-09-09T16:38:14.709+0000] {spark_submit.py:521} INFO - |data engineer (c...|CNG TY C PHN C...|1.0|      2025-08-09|   9000000|  15000000|             100|             499|       IT - Phn mm|  Nhn vin|             1|Ton thi gian|[Cng ngh Thng ...|[python, scala, s...|   Hng Yn|      Yn M| topcv|
[2025-09-09T16:38:14.709+0000] {spark_submit.py:521} INFO - |  data engineer (da)|Cng Ty TNHH LG C...|3.0|      2025-08-31|      NULL|      NULL|             100|             499|       IT - Phn mm|  Nhn vin|             1|Ton thi gian|[Cng ngh Thng ...|[scala, sql, aws,...|     H Ni| Nam T Lim| topcv|
[2025-09-09T16:38:14.710+0000] {spark_submit.py:521} INFO - |data engineer (fl...|TECHVIFY SOFTWARE...|3.0|      2025-08-12|      NULL|      NULL|             100|             499|       IT - Phn mm|Trng nhm|             2|Ton thi gian|[Cng ngh Thng ...|[python, sql, azu...|     H Ni| Nam T Lim| topcv|
[2025-09-09T16:38:14.710+0000] {spark_submit.py:521} INFO - |data engineer (on...|Cng ty c phn E...|3.0|      2025-08-16|  20000000|  28000000|              25|              99|       IT - Phn mm|Trng nhm|             5|Ton thi gian|[Cng ngh Thng ...|[spark, hadoop, e...|     H Ni|    Cu Giy| topcv|
[2025-09-09T16:38:14.710+0000] {spark_submit.py:521} INFO - |data engineer (py...|Cng ty CP Kinh d...|3.0|      2025-08-31|  20000000|  55000000|            5000|            5000|           Ti chnh|Trng nhm|             2|Ton thi gian|[Cng ngh Thng ...|[python, spark, k...|     H Ni|  Thanh Xun| topcv|
[2025-09-09T16:38:14.711+0000] {spark_submit.py:521} INFO - |data engineer - t...|CNG TY C PHN A...|3.0|      2025-08-09|      NULL|      NULL|             100|             499|       IT - Phn mm|  Nhn vin|             1|Ton thi gian|[Cng ngh Thng ...|[sql, git, airflo...|     H Ni|   Hon Kim| topcv|
[2025-09-09T16:38:14.711+0000] {spark_submit.py:521} INFO - |data engineer cc...|cng ty c phn D...|1.0|      2025-08-16|      NULL|      NULL|              25|              99|       IT - Phn mm|  Nhn vin|             3|Ton thi gian|[Cng ngh Thng ...|[python, java, sc...|     H Ni|     H ng| topcv|
[2025-09-09T16:38:14.711+0000] {spark_submit.py:521} INFO - +--------------------+--------------------+---+----------------+----------+----------+----------------+----------------+--------------------+-----------+--------------+--------------+--------------------+--------------------+-----------+------------+------+
[2025-09-09T16:38:14.711+0000] {spark_submit.py:521} INFO - only showing top 20 rows
[2025-09-09T16:38:14.773+0000] {spark_submit.py:521} INFO - 25/09/09 16:38:14 INFO FileSourceStrategy: Pushed Filters: IsNotNull(requirements),Not(EqualTo(requirements,)),IsNotNull(description),Not(EqualTo(description,))
[2025-09-09T16:38:14.774+0000] {spark_submit.py:521} INFO - 25/09/09 16:38:14 INFO FileSourceStrategy: Post-Scan Filters: Set(isnotnull(trim(lower(title#1), None)), NOT (trim(lower(title#1), None) = ), isnotnull(trim(company_name#2, None)), NOT (trim(company_name#2, None) = ), isnotnull(requirements#9), NOT (requirements#9 = ), isnotnull(description#8), NOT (description#8 = ))
[2025-09-09T16:38:14.818+0000] {spark_submit.py:521} INFO - 25/09/09 16:38:14 INFO MemoryStore: Block broadcast_5 stored as values in memory (estimated size 221.1 KiB, free 433.7 MiB)
[2025-09-09T16:38:14.825+0000] {spark_submit.py:521} INFO - 25/09/09 16:38:14 INFO MemoryStore: Block broadcast_5_piece0 stored as bytes in memory (estimated size 40.4 KiB, free 433.6 MiB)
[2025-09-09T16:38:14.826+0000] {spark_submit.py:521} INFO - 25/09/09 16:38:14 INFO SparkContext: Created broadcast 5 from $anonfun$withThreadLocalCaptured$2 at CompletableFuture.java:1768
[2025-09-09T16:38:14.826+0000] {spark_submit.py:521} INFO - 25/09/09 16:38:14 INFO FileSourceScanExec: Planning scan with bin packing, max size: 4194304 bytes, open cost is considered as scanning 4194304 bytes.
[2025-09-09T16:38:14.834+0000] {spark_submit.py:521} INFO - 25/09/09 16:38:14 INFO DAGScheduler: Registering RDD 23 ($anonfun$withThreadLocalCaptured$2 at CompletableFuture.java:1768) as input to shuffle 1
[2025-09-09T16:38:14.835+0000] {spark_submit.py:521} INFO - 25/09/09 16:38:14 INFO DAGScheduler: Got map stage job 3 ($anonfun$withThreadLocalCaptured$2 at CompletableFuture.java:1768) with 1 output partitions
[2025-09-09T16:38:14.835+0000] {spark_submit.py:521} INFO - 25/09/09 16:38:14 INFO DAGScheduler: Final stage: ShuffleMapStage 4 ($anonfun$withThreadLocalCaptured$2 at CompletableFuture.java:1768)
[2025-09-09T16:38:14.836+0000] {spark_submit.py:521} INFO - 25/09/09 16:38:14 INFO DAGScheduler: Parents of final stage: List()
[2025-09-09T16:38:14.836+0000] {spark_submit.py:521} INFO - 25/09/09 16:38:14 INFO DAGScheduler: Missing parents: List()
[2025-09-09T16:38:14.836+0000] {spark_submit.py:521} INFO - 25/09/09 16:38:14 INFO DAGScheduler: Submitting ShuffleMapStage 4 (MapPartitionsRDD[23] at $anonfun$withThreadLocalCaptured$2 at CompletableFuture.java:1768), which has no missing parents
[2025-09-09T16:38:14.838+0000] {spark_submit.py:521} INFO - 25/09/09 16:38:14 INFO MemoryStore: Block broadcast_6 stored as values in memory (estimated size 99.0 KiB, free 433.5 MiB)
[2025-09-09T16:38:14.839+0000] {spark_submit.py:521} INFO - 25/09/09 16:38:14 INFO MemoryStore: Block broadcast_6_piece0 stored as bytes in memory (estimated size 36.1 KiB, free 433.5 MiB)
[2025-09-09T16:38:14.840+0000] {spark_submit.py:521} INFO - 25/09/09 16:38:14 INFO SparkContext: Created broadcast 6 from broadcast at DAGScheduler.scala:1676
[2025-09-09T16:38:14.840+0000] {spark_submit.py:521} INFO - 25/09/09 16:38:14 INFO DAGScheduler: Submitting 1 missing tasks from ShuffleMapStage 4 (MapPartitionsRDD[23] at $anonfun$withThreadLocalCaptured$2 at CompletableFuture.java:1768) (first 15 tasks are for partitions Vector(0))
[2025-09-09T16:38:14.840+0000] {spark_submit.py:521} INFO - 25/09/09 16:38:14 INFO TaskSchedulerImpl: Adding task set 4.0 with 1 tasks resource profile 0
[2025-09-09T16:38:14.841+0000] {spark_submit.py:521} INFO - 25/09/09 16:38:14 INFO TaskSetManager: Starting task 0.0 in stage 4.0 (TID 3) (118acb478e13,executor driver, partition 0, PROCESS_LOCAL, 11173 bytes)
[2025-09-09T16:38:14.842+0000] {spark_submit.py:521} INFO - 25/09/09 16:38:14 INFO Executor: Running task 0.0 in stage 4.0 (TID 3)
[2025-09-09T16:38:14.857+0000] {spark_submit.py:521} INFO - 25/09/09 16:38:14 INFO FileScanRDD: Reading File path: s3a://job/bronze/topcv/topcv_jobs.parquet, range: 0-56841, partition values: [empty row]
[2025-09-09T16:38:14.913+0000] {spark_submit.py:521} INFO - 25/09/09 16:38:14 INFO FilterCompat: Filtering using predicate: and(and(and(noteq(requirements, null), noteq(requirements, Binary{""})), noteq(description, null)), noteq(description, Binary{""}))
[2025-09-09T16:38:14.933+0000] {spark_submit.py:521} INFO - 25/09/09 16:38:14 INFO ColumnIndexFilter: No offset index for column requirements is available; Unable to do filtering
[2025-09-09T16:38:14.981+0000] {spark_submit.py:521} INFO - 25/09/09 16:38:14 INFO PythonUDFWithNamedArgumentsRunner: Times: total = 125, boot = -655, init = 778, finish = 2
[2025-09-09T16:38:15.025+0000] {spark_submit.py:521} INFO - 25/09/09 16:38:15 INFO Executor: Finished task 0.0 in stage 4.0 (TID 3). 3729 bytes result sent to driver
[2025-09-09T16:38:15.027+0000] {spark_submit.py:521} INFO - 25/09/09 16:38:15 INFO TaskSetManager: Finished task 0.0 in stage 4.0 (TID 3) in 186 ms on 118acb478e13 (executor driver) (1/1)
[2025-09-09T16:38:15.030+0000] {spark_submit.py:521} INFO - 25/09/09 16:38:15 INFO TaskSchedulerImpl: Removed TaskSet 4.0 whose tasks have all completed, from pool
[2025-09-09T16:38:15.031+0000] {spark_submit.py:521} INFO - 25/09/09 16:38:15 INFO DAGScheduler: ShuffleMapStage 4 ($anonfun$withThreadLocalCaptured$2 at CompletableFuture.java:1768) finished in 193 ms
[2025-09-09T16:38:15.031+0000] {spark_submit.py:521} INFO - 25/09/09 16:38:15 INFO DAGScheduler: looking for newly runnable stages
[2025-09-09T16:38:15.031+0000] {spark_submit.py:521} INFO - 25/09/09 16:38:15 INFO DAGScheduler: running: HashSet()
[2025-09-09T16:38:15.032+0000] {spark_submit.py:521} INFO - 25/09/09 16:38:15 INFO DAGScheduler: waiting: HashSet()
[2025-09-09T16:38:15.032+0000] {spark_submit.py:521} INFO - 25/09/09 16:38:15 INFO DAGScheduler: failed: HashSet()
[2025-09-09T16:38:15.041+0000] {spark_submit.py:521} INFO - 25/09/09 16:38:15 INFO ShufflePartitionsUtil: For shuffle(1, advisory target size: 67108864, actual target size 1048576, minimum partition size: 1048576
[2025-09-09T16:38:15.341+0000] {spark_submit.py:521} INFO - 25/09/09 16:38:15 INFO ParquetUtils: Using default output committer for Parquet: org.apache.parquet.hadoop.ParquetOutputCommitter
[2025-09-09T16:38:15.352+0000] {spark_submit.py:521} INFO - 25/09/09 16:38:15 INFO FileOutputCommitter: File Output Committer Algorithm version is 1
[2025-09-09T16:38:15.352+0000] {spark_submit.py:521} INFO - 25/09/09 16:38:15 INFO FileOutputCommitter: FileOutputCommitter skip cleanup _temporary folders under output directory:false, ignore cleanup failures: false
[2025-09-09T16:38:15.353+0000] {spark_submit.py:521} INFO - 25/09/09 16:38:15 INFO SQLHadoopMapReduceCommitProtocol: Using user defined output committer class org.apache.parquet.hadoop.ParquetOutputCommitter
[2025-09-09T16:38:15.353+0000] {spark_submit.py:521} INFO - 25/09/09 16:38:15 INFO FileOutputCommitter: File Output Committer Algorithm version is 1
[2025-09-09T16:38:15.353+0000] {spark_submit.py:521} INFO - 25/09/09 16:38:15 INFO FileOutputCommitter: FileOutputCommitter skip cleanup _temporary folders under output directory:false, ignore cleanup failures: false
[2025-09-09T16:38:15.353+0000] {spark_submit.py:521} INFO - 25/09/09 16:38:15 INFO SQLHadoopMapReduceCommitProtocol: Using output committer class org.apache.parquet.hadoop.ParquetOutputCommitter
[2025-09-09T16:38:15.409+0000] {spark_submit.py:521} INFO - 25/09/09 16:38:15 INFO UploadContentProviders: Stream recreated: ByteArrayContentProvider{buffer with length=0, offset=0} BaseContentProvider{size=0, initiated at 2025-09-09T16:38:15.395187324, streamCreationCount=2, currentStream=null}
[2025-09-09T16:38:15.461+0000] {spark_submit.py:521} INFO - 25/09/09 16:38:15 INFO CodeGenerator: Code generated in 6.385785 ms
[2025-09-09T16:38:15.473+0000] {spark_submit.py:521} INFO - 25/09/09 16:38:15 INFO SparkContext: Starting job: $anonfun$withThreadLocalCaptured$2 at CompletableFuture.java:1768
[2025-09-09T16:38:15.473+0000] {spark_submit.py:521} INFO - 25/09/09 16:38:15 INFO DAGScheduler: Got job 4 ($anonfun$withThreadLocalCaptured$2 at CompletableFuture.java:1768) with 1 output partitions
[2025-09-09T16:38:15.475+0000] {spark_submit.py:521} INFO - 25/09/09 16:38:15 INFO DAGScheduler: Final stage: ResultStage 6 ($anonfun$withThreadLocalCaptured$2 at CompletableFuture.java:1768)
[2025-09-09T16:38:15.475+0000] {spark_submit.py:521} INFO - 25/09/09 16:38:15 INFO DAGScheduler: Parents of final stage: List(ShuffleMapStage 5)
[2025-09-09T16:38:15.476+0000] {spark_submit.py:521} INFO - 25/09/09 16:38:15 INFO DAGScheduler: Missing parents: List()
[2025-09-09T16:38:15.476+0000] {spark_submit.py:521} INFO - 25/09/09 16:38:15 INFO DAGScheduler: Submitting ResultStage 6 (MapPartitionsRDD[29] at $anonfun$withThreadLocalCaptured$2 at CompletableFuture.java:1768), which has no missing parents
[2025-09-09T16:38:15.497+0000] {spark_submit.py:521} INFO - 25/09/09 16:38:15 INFO MemoryStore: Block broadcast_7 stored as values in memory (estimated size 310.6 KiB, free 433.2 MiB)
[2025-09-09T16:38:15.499+0000] {spark_submit.py:521} INFO - 25/09/09 16:38:15 INFO MemoryStore: Block broadcast_7_piece0 stored as bytes in memory (estimated size 112.2 KiB, free 433.1 MiB)
[2025-09-09T16:38:15.500+0000] {spark_submit.py:521} INFO - 25/09/09 16:38:15 INFO SparkContext: Created broadcast 7 from broadcast at DAGScheduler.scala:1676
[2025-09-09T16:38:15.500+0000] {spark_submit.py:521} INFO - 25/09/09 16:38:15 INFO DAGScheduler: Submitting 1 missing tasks from ResultStage 6 (MapPartitionsRDD[29] at $anonfun$withThreadLocalCaptured$2 at CompletableFuture.java:1768) (first 15 tasks are for partitions Vector(0))
[2025-09-09T16:38:15.501+0000] {spark_submit.py:521} INFO - 25/09/09 16:38:15 INFO TaskSchedulerImpl: Adding task set 6.0 with 1 tasks resource profile 0
[2025-09-09T16:38:15.501+0000] {spark_submit.py:521} INFO - 25/09/09 16:38:15 INFO TaskSetManager: Starting task 0.0 in stage 6.0 (TID 4) (118acb478e13,executor driver, partition 0, NODE_LOCAL, 10580 bytes)
[2025-09-09T16:38:15.502+0000] {spark_submit.py:521} INFO - 25/09/09 16:38:15 INFO Executor: Running task 0.0 in stage 6.0 (TID 4)
[2025-09-09T16:38:15.521+0000] {spark_submit.py:521} INFO - 25/09/09 16:38:15 INFO ShuffleBlockFetcherIterator: Getting 1 (11.8 KiB) non-empty blocks including 1 (11.8 KiB) local and 0 (0.0 B) host-local and 0 (0.0 B) push-merged-local and 0 (0.0 B) remote blocks
[2025-09-09T16:38:15.522+0000] {spark_submit.py:521} INFO - 25/09/09 16:38:15 INFO ShuffleBlockFetcherIterator: Started 0 remote fetches in 0 ms
[2025-09-09T16:38:15.535+0000] {spark_submit.py:521} INFO - 25/09/09 16:38:15 INFO CodeGenerator: Code generated in 5.500156 ms
[2025-09-09T16:38:15.537+0000] {spark_submit.py:521} INFO - 25/09/09 16:38:15 INFO FileOutputCommitter: File Output Committer Algorithm version is 1
[2025-09-09T16:38:15.537+0000] {spark_submit.py:521} INFO - 25/09/09 16:38:15 INFO FileOutputCommitter: FileOutputCommitter skip cleanup _temporary folders under output directory:false, ignore cleanup failures: false
[2025-09-09T16:38:15.537+0000] {spark_submit.py:521} INFO - 25/09/09 16:38:15 INFO SQLHadoopMapReduceCommitProtocol: Using user defined output committer class org.apache.parquet.hadoop.ParquetOutputCommitter
[2025-09-09T16:38:15.538+0000] {spark_submit.py:521} INFO - 25/09/09 16:38:15 INFO FileOutputCommitter: File Output Committer Algorithm version is 1
[2025-09-09T16:38:15.538+0000] {spark_submit.py:521} INFO - 25/09/09 16:38:15 INFO FileOutputCommitter: FileOutputCommitter skip cleanup _temporary folders under output directory:false, ignore cleanup failures: false
[2025-09-09T16:38:15.538+0000] {spark_submit.py:521} INFO - 25/09/09 16:38:15 INFO SQLHadoopMapReduceCommitProtocol: Using output committer class org.apache.parquet.hadoop.ParquetOutputCommitter
[2025-09-09T16:38:15.543+0000] {spark_submit.py:521} INFO - 25/09/09 16:38:15 INFO CodecConfig: Compression: SNAPPY
[2025-09-09T16:38:15.545+0000] {spark_submit.py:521} INFO - 25/09/09 16:38:15 INFO CodecConfig: Compression: SNAPPY
[2025-09-09T16:38:15.561+0000] {spark_submit.py:521} INFO - 25/09/09 16:38:15 INFO ParquetOutputFormat: ParquetRecordWriter [block size: 134217728b, row group padding size: 8388608b, validating: false]
[2025-09-09T16:38:15.619+0000] {spark_submit.py:521} INFO - 25/09/09 16:38:15 INFO CodecPool: Got brand-new compressor [.snappy]
[2025-09-09T16:38:15.750+0000] {spark_submit.py:521} INFO - 25/09/09 16:38:15 WARN S3ABlockOutputStream: Application invoked the Syncable API against stream writing to silver/topcv/topcv_jobs.parquet/_temporary/0/_temporary/attempt_202509091638158438936586937679572_0006_m_000000_4/part-00000-323c1c84-a86f-4c40-8422-45e3f8444460-c000.snappy.parquet. This is Unsupported
[2025-09-09T16:38:15.753+0000] {spark_submit.py:521} INFO - 25/09/09 16:38:15 INFO UploadContentProviders: Stream recreated: FileWithOffsetContentProvider{file=/tmp/hadoop-***/s3a/s3ablock-0001-10527914983213523317.tmp, offset=0} BaseContentProvider{size=8446, initiated at 2025-09-09T16:38:15.750850767, streamCreationCount=2, currentStream=null}
[2025-09-09T16:38:16.155+0000] {spark_submit.py:521} INFO - 25/09/09 16:38:16 INFO UploadContentProviders: Stream recreated: ByteArrayContentProvider{buffer with length=0, offset=0} BaseContentProvider{size=0, initiated at 2025-09-09T16:38:16.153682795, streamCreationCount=2, currentStream=null}
[2025-09-09T16:38:16.186+0000] {spark_submit.py:521} INFO - 25/09/09 16:38:16 INFO FileOutputCommitter: Saved output of task 'attempt_202509091638158438936586937679572_0006_m_000000_4' to s3a://job/silver/topcv/topcv_jobs.parquet/_temporary/0/task_202509091638158438936586937679572_0006_m_000000
[2025-09-09T16:38:16.188+0000] {spark_submit.py:521} INFO - 25/09/09 16:38:16 INFO SparkHadoopMapRedUtil: attempt_202509091638158438936586937679572_0006_m_000000_4: Committed. Elapsed time: 314 ms.
[2025-09-09T16:38:16.196+0000] {spark_submit.py:521} INFO - 25/09/09 16:38:16 INFO Executor: Finished task 0.0 in stage 6.0 (TID 4). 7355 bytes result sent to driver
[2025-09-09T16:38:16.198+0000] {spark_submit.py:521} INFO - 25/09/09 16:38:16 INFO TaskSetManager: Finished task 0.0 in stage 6.0 (TID 4) in 696 ms on 118acb478e13 (executor driver) (1/1)
[2025-09-09T16:38:16.198+0000] {spark_submit.py:521} INFO - 25/09/09 16:38:16 INFO TaskSchedulerImpl: Removed TaskSet 6.0 whose tasks have all completed, from pool
[2025-09-09T16:38:16.199+0000] {spark_submit.py:521} INFO - 25/09/09 16:38:16 INFO DAGScheduler: ResultStage 6 ($anonfun$withThreadLocalCaptured$2 at CompletableFuture.java:1768) finished in 722 ms
[2025-09-09T16:38:16.199+0000] {spark_submit.py:521} INFO - 25/09/09 16:38:16 INFO DAGScheduler: Job 4 is finished. Cancelling potential speculative or zombie tasks for this job
[2025-09-09T16:38:16.199+0000] {spark_submit.py:521} INFO - 25/09/09 16:38:16 INFO TaskSchedulerImpl: Canceling stage 6
[2025-09-09T16:38:16.199+0000] {spark_submit.py:521} INFO - 25/09/09 16:38:16 INFO TaskSchedulerImpl: Killing all running tasks in stage 6: Stage finished
[2025-09-09T16:38:16.200+0000] {spark_submit.py:521} INFO - 25/09/09 16:38:16 INFO DAGScheduler: Job 4 finished: $anonfun$withThreadLocalCaptured$2 at CompletableFuture.java:1768, took 726.916314 ms
[2025-09-09T16:38:16.201+0000] {spark_submit.py:521} INFO - 25/09/09 16:38:16 INFO FileFormatWriter: Start to commit write Job d6639520-0264-4b57-8e23-f981c9e18e6a.
[2025-09-09T16:38:16.403+0000] {spark_submit.py:521} INFO - 25/09/09 16:38:16 INFO UploadContentProviders: Stream recreated: ByteArrayContentProvider{buffer with length=0, offset=0} BaseContentProvider{size=0, initiated at 2025-09-09T16:38:16.402345665, streamCreationCount=2, currentStream=null}
[2025-09-09T16:38:16.603+0000] {spark_submit.py:521} INFO - 25/09/09 16:38:16 INFO UploadContentProviders: Stream recreated: FileWithOffsetContentProvider{file=/tmp/hadoop-***/s3a/s3ablock-0001-1746200473250742585.tmp, offset=0} BaseContentProvider{size=0, initiated at 2025-09-09T16:38:16.601836978, streamCreationCount=2, currentStream=null}
[2025-09-09T16:38:16.646+0000] {spark_submit.py:521} INFO - 25/09/09 16:38:16 INFO FileFormatWriter: Write Job d6639520-0264-4b57-8e23-f981c9e18e6a committed. Elapsed time: 443 ms.
[2025-09-09T16:38:16.649+0000] {spark_submit.py:521} INFO - 25/09/09 16:38:16 INFO FileFormatWriter: Finished processing stats for write job d6639520-0264-4b57-8e23-f981c9e18e6a.
[2025-09-09T16:38:16.657+0000] {spark_submit.py:521} INFO -  Uploaded Spark DataFrame to MinIO: s3a://job/silver/topcv/topcv_jobs.parquet
[2025-09-09T16:38:16.662+0000] {spark_submit.py:521} INFO - 25/09/09 16:38:16 INFO SparkContext: SparkContext is stopping with exitCode 0 from stop at NativeMethodAccessorImpl.java:0.
[2025-09-09T16:38:16.677+0000] {spark_submit.py:521} INFO - 25/09/09 16:38:16 INFO SparkUI: Stopped Spark web UI at http://118acb478e13:4040
[2025-09-09T16:38:16.691+0000] {spark_submit.py:521} INFO - 25/09/09 16:38:16 INFO MapOutputTrackerMasterEndpoint: MapOutputTrackerMasterEndpoint stopped!
[2025-09-09T16:38:16.726+0000] {spark_submit.py:521} INFO - 25/09/09 16:38:16 INFO MemoryStore: MemoryStore cleared
[2025-09-09T16:38:16.727+0000] {spark_submit.py:521} INFO - 25/09/09 16:38:16 INFO BlockManager: BlockManager stopped
[2025-09-09T16:38:16.731+0000] {spark_submit.py:521} INFO - 25/09/09 16:38:16 INFO BlockManagerMaster: BlockManagerMaster stopped
[2025-09-09T16:38:16.734+0000] {spark_submit.py:521} INFO - 25/09/09 16:38:16 INFO OutputCommitCoordinator$OutputCommitCoordinatorEndpoint: OutputCommitCoordinator stopped!
[2025-09-09T16:38:16.742+0000] {spark_submit.py:521} INFO - 25/09/09 16:38:16 INFO SparkContext: Successfully stopped SparkContext
[2025-09-09T16:38:17.756+0000] {spark_submit.py:521} INFO - 25/09/09 16:38:17 INFO ShutdownHookManager: Shutdown hook called
[2025-09-09T16:38:17.757+0000] {spark_submit.py:521} INFO - 25/09/09 16:38:17 INFO ShutdownHookManager: Deleting directory /tmp/spark-45abeb8b-b548-41a1-a307-bb058a3e0311/pyspark-ab0352a6-1d16-4d90-b4a3-9b77022c7578
[2025-09-09T16:38:17.765+0000] {spark_submit.py:521} INFO - 25/09/09 16:38:17 INFO ShutdownHookManager: Deleting directory /tmp/artifacts-ab82cd17-1de2-4462-b41c-55b29cda5bfb
[2025-09-09T16:38:17.771+0000] {spark_submit.py:521} INFO - 25/09/09 16:38:17 INFO ShutdownHookManager: Deleting directory /tmp/spark-c03c874d-b537-4146-9300-e9d258ef7d15
[2025-09-09T16:38:17.777+0000] {spark_submit.py:521} INFO - 25/09/09 16:38:17 INFO ShutdownHookManager: Deleting directory /tmp/spark-45abeb8b-b548-41a1-a307-bb058a3e0311
[2025-09-09T16:38:17.788+0000] {spark_submit.py:521} INFO - 25/09/09 16:38:17 INFO MetricsSystemImpl: Stopping s3a-file-system metrics system...
[2025-09-09T16:38:17.789+0000] {spark_submit.py:521} INFO - 25/09/09 16:38:17 INFO MetricsSystemImpl: s3a-file-system metrics system stopped.
[2025-09-09T16:38:17.789+0000] {spark_submit.py:521} INFO - 25/09/09 16:38:17 INFO MetricsSystemImpl: s3a-file-system metrics system shutdown complete.
[2025-09-09T16:38:17.885+0000] {taskinstance.py:441} INFO - ::group::Post task execution logs
[2025-09-09T16:38:17.970+0000] {taskinstance.py:1206} INFO - Marking task as SUCCESS. dag_id=spark_transform_pipeline, task_id=silver_group.silver_topcv_transform, run_id=manual__2025-09-09T16:37:17.070695+00:00, execution_date=20250909T163717, start_date=20250909T163724, end_date=20250909T163817
[2025-09-09T16:38:18.224+0000] {local_task_job_runner.py:240} INFO - Task exited with return code 0
[2025-09-09T16:38:18.303+0000] {taskinstance.py:3498} INFO - 0 downstream tasks scheduled from follow-on schedule check
[2025-09-09T16:38:18.306+0000] {local_task_job_runner.py:222} INFO - ::endgroup::
