[2025-08-06T09:47:12.208+0000] {local_task_job_runner.py:120} INFO - ::group::Pre task execution logs
[2025-08-06T09:47:12.238+0000] {taskinstance.py:2076} INFO - Dependencies all met for dep_context=non-requeueable deps ti=<TaskInstance: gold_transform_dag.run_gold_transform manual__2025-08-06T09:47:08.112498+00:00 [queued]>
[2025-08-06T09:47:12.247+0000] {taskinstance.py:2076} INFO - Dependencies all met for dep_context=requeueable deps ti=<TaskInstance: gold_transform_dag.run_gold_transform manual__2025-08-06T09:47:08.112498+00:00 [queued]>
[2025-08-06T09:47:12.248+0000] {taskinstance.py:2306} INFO - Starting attempt 1 of 1
[2025-08-06T09:47:12.259+0000] {taskinstance.py:2330} INFO - Executing <Task(SparkSubmitOperator): run_gold_transform> on 2025-08-06 09:47:08.112498+00:00
[2025-08-06T09:47:12.286+0000] {standard_task_runner.py:63} INFO - Started process 47 to run task
[2025-08-06T09:47:12.289+0000] {standard_task_runner.py:90} INFO - Running: ['***', 'tasks', 'run', 'gold_transform_dag', 'run_gold_transform', 'manual__2025-08-06T09:47:08.112498+00:00', '--job-id', '11', '--raw', '--subdir', 'DAGS_FOLDER/etl_jobs_dag.py', '--cfg-path', '/tmp/tmp2jf11qay']
[2025-08-06T09:47:12.291+0000] {standard_task_runner.py:91} INFO - Job 11: Subtask run_gold_transform
[2025-08-06T09:47:12.342+0000] {task_command.py:426} INFO - Running <TaskInstance: gold_transform_dag.run_gold_transform manual__2025-08-06T09:47:08.112498+00:00 [running]> on host f6daf7b6d686
[2025-08-06T09:47:12.421+0000] {taskinstance.py:2648} INFO - Exporting env vars: AIRFLOW_CTX_DAG_OWNER='***' AIRFLOW_CTX_DAG_ID='gold_transform_dag' AIRFLOW_CTX_TASK_ID='run_gold_transform' AIRFLOW_CTX_EXECUTION_DATE='2025-08-06T09:47:08.112498+00:00' AIRFLOW_CTX_TRY_NUMBER='1' AIRFLOW_CTX_DAG_RUN_ID='manual__2025-08-06T09:47:08.112498+00:00'
[2025-08-06T09:47:12.422+0000] {taskinstance.py:430} INFO - ::endgroup::
[2025-08-06T09:47:12.448+0000] {base.py:84} INFO - Using connection ID 'spark_default' for task execution.
[2025-08-06T09:47:12.449+0000] {spark_submit.py:351} INFO - Spark-Submit cmd: spark-submit --master spark://spark-master:7077 --conf spark.hadoop.fs.s3a.endpoint=http://minio:9000 --conf spark.hadoop.fs.s3a.access.key=minioadmin --conf spark.hadoop.fs.s3a.secret.key=****** --conf spark.hadoop.fs.s3a.path.style.access=true --conf spark.hadoop.fs.s3a.connection.ssl.enabled=false --jars /opt/custom-jars/hadoop-aws-3.3.6.jar,/opt/custom-jars/aws-java-sdk-bundle-1.12.367.jar --name arrow-spark /opt/spark-jobs/gold_transform.py
[2025-08-06T09:47:13.320+0000] {spark_submit.py:521} INFO - WARNING: Using incubator modules: jdk.incubator.vector
[2025-08-06T09:47:15.395+0000] {spark_submit.py:521} INFO - 25/08/06 09:47:15 WARN NativeCodeLoader: Unable to load native-hadoop library for your platform... using builtin-java classes where applicable
[2025-08-06T09:47:17.647+0000] {spark_submit.py:521} INFO - Using Spark's default log4j profile: org/apache/spark/log4j2-defaults.properties
[2025-08-06T09:47:17.654+0000] {spark_submit.py:521} INFO - 25/08/06 09:47:17 INFO SparkContext: Running Spark version 4.0.0
[2025-08-06T09:47:17.656+0000] {spark_submit.py:521} INFO - 25/08/06 09:47:17 INFO SparkContext: OS info Linux, 5.15.167.4-microsoft-standard-WSL2, amd64
[2025-08-06T09:47:17.656+0000] {spark_submit.py:521} INFO - 25/08/06 09:47:17 INFO SparkContext: Java version 17.0.15
[2025-08-06T09:47:17.679+0000] {spark_submit.py:521} INFO - 25/08/06 09:47:17 INFO ResourceUtils: ==============================================================
[2025-08-06T09:47:17.680+0000] {spark_submit.py:521} INFO - 25/08/06 09:47:17 INFO ResourceUtils: No custom resources configured for spark.driver.
[2025-08-06T09:47:17.680+0000] {spark_submit.py:521} INFO - 25/08/06 09:47:17 INFO ResourceUtils: ==============================================================
[2025-08-06T09:47:17.681+0000] {spark_submit.py:521} INFO - 25/08/06 09:47:17 INFO SparkContext: Submitted application: GoldTransform
[2025-08-06T09:47:17.705+0000] {spark_submit.py:521} INFO - 25/08/06 09:47:17 INFO ResourceProfile: Default ResourceProfile created, executor resources: Map(memory -> name: memory, amount: 1024, script: , vendor: , offHeap -> name: offHeap, amount: 0, script: , vendor: ), task resources: Map(cpus -> name: cpus, amount: 1.0)
[2025-08-06T09:47:17.707+0000] {spark_submit.py:521} INFO - 25/08/06 09:47:17 INFO ResourceProfile: Limiting resource is cpu
[2025-08-06T09:47:17.708+0000] {spark_submit.py:521} INFO - 25/08/06 09:47:17 INFO ResourceProfileManager: Added ResourceProfile id: 0
[2025-08-06T09:47:17.756+0000] {spark_submit.py:521} INFO - 25/08/06 09:47:17 INFO SecurityManager: Changing view acls to: ***
[2025-08-06T09:47:17.757+0000] {spark_submit.py:521} INFO - 25/08/06 09:47:17 INFO SecurityManager: Changing modify acls to: ***
[2025-08-06T09:47:17.757+0000] {spark_submit.py:521} INFO - 25/08/06 09:47:17 INFO SecurityManager: Changing view acls groups to: ***
[2025-08-06T09:47:17.758+0000] {spark_submit.py:521} INFO - 25/08/06 09:47:17 INFO SecurityManager: Changing modify acls groups to: ***
[2025-08-06T09:47:17.759+0000] {spark_submit.py:521} INFO - 25/08/06 09:47:17 INFO SecurityManager: SecurityManager: authentication disabled; ui acls disabled; users with view permissions: *** groups with view permissions: EMPTY; users with modify permissions: ***; groups with modify permissions: EMPTY; RPC SSL disabled
[2025-08-06T09:47:17.943+0000] {spark_submit.py:521} INFO - 25/08/06 09:47:17 INFO Utils: Successfully started service 'sparkDriver' on port 44791.
[2025-08-06T09:47:17.973+0000] {spark_submit.py:521} INFO - 25/08/06 09:47:17 INFO SparkEnv: Registering MapOutputTracker
[2025-08-06T09:47:17.988+0000] {spark_submit.py:521} INFO - 25/08/06 09:47:17 INFO SparkEnv: Registering BlockManagerMaster
[2025-08-06T09:47:18.004+0000] {spark_submit.py:521} INFO - 25/08/06 09:47:18 INFO BlockManagerMasterEndpoint: Using org.apache.spark.storage.DefaultTopologyMapper for getting topology information
[2025-08-06T09:47:18.004+0000] {spark_submit.py:521} INFO - 25/08/06 09:47:18 INFO BlockManagerMasterEndpoint: BlockManagerMasterEndpoint up
[2025-08-06T09:47:18.007+0000] {spark_submit.py:521} INFO - 25/08/06 09:47:18 INFO SparkEnv: Registering BlockManagerMasterHeartbeat
[2025-08-06T09:47:18.030+0000] {spark_submit.py:521} INFO - 25/08/06 09:47:18 INFO DiskBlockManager: Created local directory at /tmp/blockmgr-84a81bc9-4ac3-4912-b5cd-4e73d4b99bba
[2025-08-06T09:47:18.049+0000] {spark_submit.py:521} INFO - 25/08/06 09:47:18 INFO SparkEnv: Registering OutputCommitCoordinator
[2025-08-06T09:47:18.153+0000] {spark_submit.py:521} INFO - 25/08/06 09:47:18 INFO JettyUtils: Start Jetty 0.0.0.0:4040 for SparkUI
[2025-08-06T09:47:18.220+0000] {spark_submit.py:521} INFO - 25/08/06 09:47:18 INFO Utils: Successfully started service 'SparkUI' on port 4040.
[2025-08-06T09:47:18.258+0000] {spark_submit.py:521} INFO - 25/08/06 09:47:18 INFO SparkContext: Added JAR file:///opt/custom-jars/hadoop-aws-3.3.6.jar at spark://f6daf7b6d686:44791/jars/hadoop-aws-3.3.6.jar with timestamp 1754473637639
[2025-08-06T09:47:18.258+0000] {spark_submit.py:521} INFO - 25/08/06 09:47:18 INFO SparkContext: Added JAR file:///opt/custom-jars/aws-java-sdk-bundle-1.12.367.jar at spark://f6daf7b6d686:44791/jars/aws-java-sdk-bundle-1.12.367.jar with timestamp 1754473637639
[2025-08-06T09:47:18.281+0000] {spark_submit.py:521} INFO - 25/08/06 09:47:18 INFO SecurityManager: Changing view acls to: ***
[2025-08-06T09:47:18.281+0000] {spark_submit.py:521} INFO - 25/08/06 09:47:18 INFO SecurityManager: Changing modify acls to: ***
[2025-08-06T09:47:18.282+0000] {spark_submit.py:521} INFO - 25/08/06 09:47:18 INFO SecurityManager: Changing view acls groups to: ***
[2025-08-06T09:47:18.282+0000] {spark_submit.py:521} INFO - 25/08/06 09:47:18 INFO SecurityManager: Changing modify acls groups to: ***
[2025-08-06T09:47:18.282+0000] {spark_submit.py:521} INFO - 25/08/06 09:47:18 INFO SecurityManager: SecurityManager: authentication disabled; ui acls disabled; users with view permissions: *** groups with view permissions: EMPTY; users with modify permissions: ***; groups with modify permissions: EMPTY; RPC SSL disabled
[2025-08-06T09:47:18.414+0000] {spark_submit.py:521} INFO - 25/08/06 09:47:18 INFO StandaloneAppClient$ClientEndpoint: Connecting to master spark://spark-master:7077...
[2025-08-06T09:47:18.482+0000] {spark_submit.py:521} INFO - 25/08/06 09:47:18 INFO TransportClientFactory: Successfully created connection to spark-master/172.18.0.2:7077 after 29 ms (0 ms spent in bootstraps)
[2025-08-06T09:47:18.674+0000] {spark_submit.py:521} INFO - 25/08/06 09:47:18 WARN StandaloneAppClient$ClientEndpoint: Failed to connect to master spark-master:7077
[2025-08-06T09:47:18.675+0000] {spark_submit.py:521} INFO - org.apache.spark.SparkException: Exception thrown in awaitResult:
[2025-08-06T09:47:18.675+0000] {spark_submit.py:521} INFO - at org.apache.spark.util.SparkThreadUtils$.awaitResult(SparkThreadUtils.scala:53)
[2025-08-06T09:47:18.676+0000] {spark_submit.py:521} INFO - at org.apache.spark.util.ThreadUtils$.awaitResult(ThreadUtils.scala:342)
[2025-08-06T09:47:18.676+0000] {spark_submit.py:521} INFO - at org.apache.spark.rpc.RpcTimeout.awaitResult(RpcTimeout.scala:75)
[2025-08-06T09:47:18.676+0000] {spark_submit.py:521} INFO - at org.apache.spark.rpc.RpcEnv.setupEndpointRefByURI(RpcEnv.scala:102)
[2025-08-06T09:47:18.676+0000] {spark_submit.py:521} INFO - at org.apache.spark.rpc.RpcEnv.setupEndpointRef(RpcEnv.scala:110)
[2025-08-06T09:47:18.677+0000] {spark_submit.py:521} INFO - at org.apache.spark.deploy.client.StandaloneAppClient$ClientEndpoint$$anon$1.run(StandaloneAppClient.scala:110)
[2025-08-06T09:47:18.677+0000] {spark_submit.py:521} INFO - at java.base/java.util.concurrent.Executors$RunnableAdapter.call(Executors.java:539)
[2025-08-06T09:47:18.677+0000] {spark_submit.py:521} INFO - at java.base/java.util.concurrent.FutureTask.run(FutureTask.java:264)
[2025-08-06T09:47:18.678+0000] {spark_submit.py:521} INFO - at java.base/java.util.concurrent.ThreadPoolExecutor.runWorker(ThreadPoolExecutor.java:1136)
[2025-08-06T09:47:18.678+0000] {spark_submit.py:521} INFO - at java.base/java.util.concurrent.ThreadPoolExecutor$Worker.run(ThreadPoolExecutor.java:635)
[2025-08-06T09:47:18.678+0000] {spark_submit.py:521} INFO - at java.base/java.lang.Thread.run(Thread.java:840)
[2025-08-06T09:47:18.679+0000] {spark_submit.py:521} INFO - Caused by: java.lang.RuntimeException: java.io.InvalidClassException: org.apache.spark.rpc.netty.RpcEndpointVerifier$CheckExistence; local class incompatible: stream classdesc serialVersionUID = 5378738997755484868, local class serialVersionUID = 7789290765573734431
[2025-08-06T09:47:18.679+0000] {spark_submit.py:521} INFO - at java.base/java.io.ObjectStreamClass.initNonProxy(ObjectStreamClass.java:597)
[2025-08-06T09:47:18.679+0000] {spark_submit.py:521} INFO - at java.base/java.io.ObjectInputStream.readNonProxyDesc(ObjectInputStream.java:2051)
[2025-08-06T09:47:18.679+0000] {spark_submit.py:521} INFO - at java.base/java.io.ObjectInputStream.readClassDesc(ObjectInputStream.java:1898)
[2025-08-06T09:47:18.680+0000] {spark_submit.py:521} INFO - at java.base/java.io.ObjectInputStream.readOrdinaryObject(ObjectInputStream.java:2224)
[2025-08-06T09:47:18.680+0000] {spark_submit.py:521} INFO - at java.base/java.io.ObjectInputStream.readObject0(ObjectInputStream.java:1733)
[2025-08-06T09:47:18.680+0000] {spark_submit.py:521} INFO - at java.base/java.io.ObjectInputStream.readObject(ObjectInputStream.java:509)
[2025-08-06T09:47:18.680+0000] {spark_submit.py:521} INFO - at java.base/java.io.ObjectInputStream.readObject(ObjectInputStream.java:467)
[2025-08-06T09:47:18.681+0000] {spark_submit.py:521} INFO - at org.apache.spark.serializer.JavaDeserializationStream.readObject(JavaSerializer.scala:87)
[2025-08-06T09:47:18.681+0000] {spark_submit.py:521} INFO - at org.apache.spark.serializer.JavaSerializerInstance.deserialize(JavaSerializer.scala:123)
[2025-08-06T09:47:18.681+0000] {spark_submit.py:521} INFO - at org.apache.spark.rpc.netty.NettyRpcEnv.$anonfun$deserialize$2(NettyRpcEnv.scala:299)
[2025-08-06T09:47:18.681+0000] {spark_submit.py:521} INFO - at scala.util.DynamicVariable.withValue(DynamicVariable.scala:62)
[2025-08-06T09:47:18.681+0000] {spark_submit.py:521} INFO - at org.apache.spark.rpc.netty.NettyRpcEnv.deserialize(NettyRpcEnv.scala:352)
[2025-08-06T09:47:18.682+0000] {spark_submit.py:521} INFO - at org.apache.spark.rpc.netty.NettyRpcEnv.$anonfun$deserialize$1(NettyRpcEnv.scala:298)
[2025-08-06T09:47:18.682+0000] {spark_submit.py:521} INFO - at scala.util.DynamicVariable.withValue(DynamicVariable.scala:62)
[2025-08-06T09:47:18.682+0000] {spark_submit.py:521} INFO - at org.apache.spark.rpc.netty.NettyRpcEnv.deserialize(NettyRpcEnv.scala:298)
[2025-08-06T09:47:18.682+0000] {spark_submit.py:521} INFO - at org.apache.spark.rpc.netty.RequestMessage$.apply(NettyRpcEnv.scala:646)
[2025-08-06T09:47:18.683+0000] {spark_submit.py:521} INFO - at org.apache.spark.rpc.netty.NettyRpcHandler.internalReceive(NettyRpcEnv.scala:697)
[2025-08-06T09:47:18.683+0000] {spark_submit.py:521} INFO - at org.apache.spark.rpc.netty.NettyRpcHandler.receive(NettyRpcEnv.scala:682)
[2025-08-06T09:47:18.683+0000] {spark_submit.py:521} INFO - at org.apache.spark.network.server.TransportRequestHandler.processRpcRequest(TransportRequestHandler.java:163)
[2025-08-06T09:47:18.683+0000] {spark_submit.py:521} INFO - at org.apache.spark.network.server.TransportRequestHandler.handle(TransportRequestHandler.java:109)
[2025-08-06T09:47:18.683+0000] {spark_submit.py:521} INFO - at org.apache.spark.network.server.TransportChannelHandler.channelRead0(TransportChannelHandler.java:140)
[2025-08-06T09:47:18.684+0000] {spark_submit.py:521} INFO - at org.apache.spark.network.server.TransportChannelHandler.channelRead0(TransportChannelHandler.java:53)
[2025-08-06T09:47:18.684+0000] {spark_submit.py:521} INFO - at io.netty.channel.SimpleChannelInboundHandler.channelRead(SimpleChannelInboundHandler.java:99)
[2025-08-06T09:47:18.684+0000] {spark_submit.py:521} INFO - at io.netty.channel.AbstractChannelHandlerContext.invokeChannelRead(AbstractChannelHandlerContext.java:444)
[2025-08-06T09:47:18.684+0000] {spark_submit.py:521} INFO - at io.netty.channel.AbstractChannelHandlerContext.invokeChannelRead(AbstractChannelHandlerContext.java:420)
[2025-08-06T09:47:18.684+0000] {spark_submit.py:521} INFO - at io.netty.channel.AbstractChannelHandlerContext.fireChannelRead(AbstractChannelHandlerContext.java:412)
[2025-08-06T09:47:18.685+0000] {spark_submit.py:521} INFO - at io.netty.handler.timeout.IdleStateHandler.channelRead(IdleStateHandler.java:286)
[2025-08-06T09:47:18.685+0000] {spark_submit.py:521} INFO - at io.netty.channel.AbstractChannelHandlerContext.invokeChannelRead(AbstractChannelHandlerContext.java:442)
[2025-08-06T09:47:18.685+0000] {spark_submit.py:521} INFO - at io.netty.channel.AbstractChannelHandlerContext.invokeChannelRead(AbstractChannelHandlerContext.java:420)
[2025-08-06T09:47:18.685+0000] {spark_submit.py:521} INFO - at io.netty.channel.AbstractChannelHandlerContext.fireChannelRead(AbstractChannelHandlerContext.java:412)
[2025-08-06T09:47:18.686+0000] {spark_submit.py:521} INFO - at io.netty.handler.codec.MessageToMessageDecoder.channelRead(MessageToMessageDecoder.java:103)
[2025-08-06T09:47:18.686+0000] {spark_submit.py:521} INFO - at io.netty.channel.AbstractChannelHandlerContext.invokeChannelRead(AbstractChannelHandlerContext.java:444)
[2025-08-06T09:47:18.686+0000] {spark_submit.py:521} INFO - at io.netty.channel.AbstractChannelHandlerContext.invokeChannelRead(AbstractChannelHandlerContext.java:420)
[2025-08-06T09:47:18.686+0000] {spark_submit.py:521} INFO - at io.netty.channel.AbstractChannelHandlerContext.fireChannelRead(AbstractChannelHandlerContext.java:412)
[2025-08-06T09:47:18.686+0000] {spark_submit.py:521} INFO - at org.apache.spark.network.util.TransportFrameDecoder.channelRead(TransportFrameDecoder.java:102)
[2025-08-06T09:47:18.687+0000] {spark_submit.py:521} INFO - at io.netty.channel.AbstractChannelHandlerContext.invokeChannelRead(AbstractChannelHandlerContext.java:444)
[2025-08-06T09:47:18.687+0000] {spark_submit.py:521} INFO - at io.netty.channel.AbstractChannelHandlerContext.invokeChannelRead(AbstractChannelHandlerContext.java:420)
[2025-08-06T09:47:18.687+0000] {spark_submit.py:521} INFO - at io.netty.channel.AbstractChannelHandlerContext.fireChannelRead(AbstractChannelHandlerContext.java:412)
[2025-08-06T09:47:18.687+0000] {spark_submit.py:521} INFO - at io.netty.channel.DefaultChannelPipeline$HeadContext.channelRead(DefaultChannelPipeline.java:1410)
[2025-08-06T09:47:18.687+0000] {spark_submit.py:521} INFO - at io.netty.channel.AbstractChannelHandlerContext.invokeChannelRead(AbstractChannelHandlerContext.java:440)
[2025-08-06T09:47:18.688+0000] {spark_submit.py:521} INFO - at io.netty.channel.AbstractChannelHandlerContext.invokeChannelRead(AbstractChannelHandlerContext.java:420)
[2025-08-06T09:47:18.688+0000] {spark_submit.py:521} INFO - at io.netty.channel.DefaultChannelPipeline.fireChannelRead(DefaultChannelPipeline.java:919)
[2025-08-06T09:47:18.688+0000] {spark_submit.py:521} INFO - at io.netty.channel.nio.AbstractNioByteChannel$NioByteUnsafe.read(AbstractNioByteChannel.java:166)
[2025-08-06T09:47:18.688+0000] {spark_submit.py:521} INFO - at io.netty.channel.nio.NioEventLoop.processSelectedKey(NioEventLoop.java:788)
[2025-08-06T09:47:18.689+0000] {spark_submit.py:521} INFO - at io.netty.channel.nio.NioEventLoop.processSelectedKeysOptimized(NioEventLoop.java:724)
[2025-08-06T09:47:18.689+0000] {spark_submit.py:521} INFO - at io.netty.channel.nio.NioEventLoop.processSelectedKeys(NioEventLoop.java:650)
[2025-08-06T09:47:18.689+0000] {spark_submit.py:521} INFO - at io.netty.channel.nio.NioEventLoop.run(NioEventLoop.java:562)
[2025-08-06T09:47:18.689+0000] {spark_submit.py:521} INFO - at io.netty.util.concurrent.SingleThreadEventExecutor$4.run(SingleThreadEventExecutor.java:997)
[2025-08-06T09:47:18.689+0000] {spark_submit.py:521} INFO - at io.netty.util.internal.ThreadExecutorMap$2.run(ThreadExecutorMap.java:74)
[2025-08-06T09:47:18.690+0000] {spark_submit.py:521} INFO - at io.netty.util.concurrent.FastThreadLocalRunnable.run(FastThreadLocalRunnable.java:30)
[2025-08-06T09:47:18.690+0000] {spark_submit.py:521} INFO - at java.base/java.lang.Thread.run(Thread.java:840)
[2025-08-06T09:47:18.690+0000] {spark_submit.py:521} INFO - 
[2025-08-06T09:47:18.690+0000] {spark_submit.py:521} INFO - at org.apache.spark.network.client.TransportResponseHandler.handle(TransportResponseHandler.java:217)
[2025-08-06T09:47:18.691+0000] {spark_submit.py:521} INFO - at org.apache.spark.network.server.TransportChannelHandler.channelRead0(TransportChannelHandler.java:145)
[2025-08-06T09:47:18.691+0000] {spark_submit.py:521} INFO - at org.apache.spark.network.server.TransportChannelHandler.channelRead0(TransportChannelHandler.java:55)
[2025-08-06T09:47:18.691+0000] {spark_submit.py:521} INFO - at io.netty.channel.SimpleChannelInboundHandler.channelRead(SimpleChannelInboundHandler.java:99)
[2025-08-06T09:47:18.691+0000] {spark_submit.py:521} INFO - at io.netty.channel.AbstractChannelHandlerContext.invokeChannelRead(AbstractChannelHandlerContext.java:444)
[2025-08-06T09:47:18.691+0000] {spark_submit.py:521} INFO - at io.netty.channel.AbstractChannelHandlerContext.invokeChannelRead(AbstractChannelHandlerContext.java:420)
[2025-08-06T09:47:18.692+0000] {spark_submit.py:521} INFO - at io.netty.channel.AbstractChannelHandlerContext.fireChannelRead(AbstractChannelHandlerContext.java:412)
[2025-08-06T09:47:18.692+0000] {spark_submit.py:521} INFO - at io.netty.handler.timeout.IdleStateHandler.channelRead(IdleStateHandler.java:289)
[2025-08-06T09:47:18.692+0000] {spark_submit.py:521} INFO - at io.netty.channel.AbstractChannelHandlerContext.invokeChannelRead(AbstractChannelHandlerContext.java:442)
[2025-08-06T09:47:18.692+0000] {spark_submit.py:521} INFO - at io.netty.channel.AbstractChannelHandlerContext.invokeChannelRead(AbstractChannelHandlerContext.java:420)
[2025-08-06T09:47:18.693+0000] {spark_submit.py:521} INFO - at io.netty.channel.AbstractChannelHandlerContext.fireChannelRead(AbstractChannelHandlerContext.java:412)
[2025-08-06T09:47:18.693+0000] {spark_submit.py:521} INFO - at io.netty.handler.codec.MessageToMessageDecoder.channelRead(MessageToMessageDecoder.java:107)
[2025-08-06T09:47:18.693+0000] {spark_submit.py:521} INFO - at io.netty.channel.AbstractChannelHandlerContext.invokeChannelRead(AbstractChannelHandlerContext.java:444)
[2025-08-06T09:47:18.693+0000] {spark_submit.py:521} INFO - at io.netty.channel.AbstractChannelHandlerContext.invokeChannelRead(AbstractChannelHandlerContext.java:420)
[2025-08-06T09:47:18.693+0000] {spark_submit.py:521} INFO - at io.netty.channel.AbstractChannelHandlerContext.fireChannelRead(AbstractChannelHandlerContext.java:412)
[2025-08-06T09:47:18.694+0000] {spark_submit.py:521} INFO - at org.apache.spark.network.util.TransportFrameDecoder.channelRead(TransportFrameDecoder.java:102)
[2025-08-06T09:47:18.694+0000] {spark_submit.py:521} INFO - at io.netty.channel.AbstractChannelHandlerContext.invokeChannelRead(AbstractChannelHandlerContext.java:444)
[2025-08-06T09:47:18.695+0000] {spark_submit.py:521} INFO - at io.netty.channel.AbstractChannelHandlerContext.invokeChannelRead(AbstractChannelHandlerContext.java:420)
[2025-08-06T09:47:18.695+0000] {spark_submit.py:521} INFO - at io.netty.channel.AbstractChannelHandlerContext.fireChannelRead(AbstractChannelHandlerContext.java:412)
[2025-08-06T09:47:18.695+0000] {spark_submit.py:521} INFO - at io.netty.channel.DefaultChannelPipeline$HeadContext.channelRead(DefaultChannelPipeline.java:1357)
[2025-08-06T09:47:18.696+0000] {spark_submit.py:521} INFO - at io.netty.channel.AbstractChannelHandlerContext.invokeChannelRead(AbstractChannelHandlerContext.java:440)
[2025-08-06T09:47:18.696+0000] {spark_submit.py:521} INFO - at io.netty.channel.AbstractChannelHandlerContext.invokeChannelRead(AbstractChannelHandlerContext.java:420)
[2025-08-06T09:47:18.696+0000] {spark_submit.py:521} INFO - at io.netty.channel.DefaultChannelPipeline.fireChannelRead(DefaultChannelPipeline.java:868)
[2025-08-06T09:47:18.696+0000] {spark_submit.py:521} INFO - at io.netty.channel.nio.AbstractNioByteChannel$NioByteUnsafe.read(AbstractNioByteChannel.java:166)
[2025-08-06T09:47:18.697+0000] {spark_submit.py:521} INFO - at io.netty.channel.nio.NioEventLoop.processSelectedKey(NioEventLoop.java:796)
[2025-08-06T09:47:18.697+0000] {spark_submit.py:521} INFO - at io.netty.channel.nio.NioEventLoop.processSelectedKeysOptimized(NioEventLoop.java:732)
[2025-08-06T09:47:18.697+0000] {spark_submit.py:521} INFO - at io.netty.channel.nio.NioEventLoop.processSelectedKeys(NioEventLoop.java:658)
[2025-08-06T09:47:18.698+0000] {spark_submit.py:521} INFO - at io.netty.channel.nio.NioEventLoop.run(NioEventLoop.java:562)
[2025-08-06T09:47:18.698+0000] {spark_submit.py:521} INFO - at io.netty.util.concurrent.SingleThreadEventExecutor$4.run(SingleThreadEventExecutor.java:998)
[2025-08-06T09:47:18.698+0000] {spark_submit.py:521} INFO - at io.netty.util.internal.ThreadExecutorMap$2.run(ThreadExecutorMap.java:74)
[2025-08-06T09:47:18.698+0000] {spark_submit.py:521} INFO - at io.netty.util.concurrent.FastThreadLocalRunnable.run(FastThreadLocalRunnable.java:30)
[2025-08-06T09:47:18.699+0000] {spark_submit.py:521} INFO - ... 1 more
[2025-08-06T09:47:38.412+0000] {spark_submit.py:521} INFO - 25/08/06 09:47:38 INFO StandaloneAppClient$ClientEndpoint: Connecting to master spark://spark-master:7077...
[2025-08-06T09:47:38.421+0000] {spark_submit.py:521} INFO - 25/08/06 09:47:38 WARN StandaloneAppClient$ClientEndpoint: Failed to connect to master spark-master:7077
[2025-08-06T09:47:38.422+0000] {spark_submit.py:521} INFO - org.apache.spark.SparkException: Exception thrown in awaitResult:
[2025-08-06T09:47:38.422+0000] {spark_submit.py:521} INFO - at org.apache.spark.util.SparkThreadUtils$.awaitResult(SparkThreadUtils.scala:53)
[2025-08-06T09:47:38.423+0000] {spark_submit.py:521} INFO - at org.apache.spark.util.ThreadUtils$.awaitResult(ThreadUtils.scala:342)
[2025-08-06T09:47:38.423+0000] {spark_submit.py:521} INFO - at org.apache.spark.rpc.RpcTimeout.awaitResult(RpcTimeout.scala:75)
[2025-08-06T09:47:38.423+0000] {spark_submit.py:521} INFO - at org.apache.spark.rpc.RpcEnv.setupEndpointRefByURI(RpcEnv.scala:102)
[2025-08-06T09:47:38.423+0000] {spark_submit.py:521} INFO - at org.apache.spark.rpc.RpcEnv.setupEndpointRef(RpcEnv.scala:110)
[2025-08-06T09:47:38.424+0000] {spark_submit.py:521} INFO - at org.apache.spark.deploy.client.StandaloneAppClient$ClientEndpoint$$anon$1.run(StandaloneAppClient.scala:110)
[2025-08-06T09:47:38.424+0000] {spark_submit.py:521} INFO - at java.base/java.util.concurrent.Executors$RunnableAdapter.call(Executors.java:539)
[2025-08-06T09:47:38.424+0000] {spark_submit.py:521} INFO - at java.base/java.util.concurrent.FutureTask.run(FutureTask.java:264)
[2025-08-06T09:47:38.424+0000] {spark_submit.py:521} INFO - at java.base/java.util.concurrent.ThreadPoolExecutor.runWorker(ThreadPoolExecutor.java:1136)
[2025-08-06T09:47:38.425+0000] {spark_submit.py:521} INFO - at java.base/java.util.concurrent.ThreadPoolExecutor$Worker.run(ThreadPoolExecutor.java:635)
[2025-08-06T09:47:38.425+0000] {spark_submit.py:521} INFO - at java.base/java.lang.Thread.run(Thread.java:840)
[2025-08-06T09:47:38.425+0000] {spark_submit.py:521} INFO - Caused by: java.lang.RuntimeException: java.io.InvalidClassException: org.apache.spark.rpc.netty.RpcEndpointVerifier$CheckExistence; local class incompatible: stream classdesc serialVersionUID = 5378738997755484868, local class serialVersionUID = 7789290765573734431
[2025-08-06T09:47:38.425+0000] {spark_submit.py:521} INFO - at java.base/java.io.ObjectStreamClass.initNonProxy(ObjectStreamClass.java:597)
[2025-08-06T09:47:38.426+0000] {spark_submit.py:521} INFO - at java.base/java.io.ObjectInputStream.readNonProxyDesc(ObjectInputStream.java:2051)
[2025-08-06T09:47:38.426+0000] {spark_submit.py:521} INFO - at java.base/java.io.ObjectInputStream.readClassDesc(ObjectInputStream.java:1898)
[2025-08-06T09:47:38.426+0000] {spark_submit.py:521} INFO - at java.base/java.io.ObjectInputStream.readOrdinaryObject(ObjectInputStream.java:2224)
[2025-08-06T09:47:38.427+0000] {spark_submit.py:521} INFO - at java.base/java.io.ObjectInputStream.readObject0(ObjectInputStream.java:1733)
[2025-08-06T09:47:38.427+0000] {spark_submit.py:521} INFO - at java.base/java.io.ObjectInputStream.readObject(ObjectInputStream.java:509)
[2025-08-06T09:47:38.427+0000] {spark_submit.py:521} INFO - at java.base/java.io.ObjectInputStream.readObject(ObjectInputStream.java:467)
[2025-08-06T09:47:38.428+0000] {spark_submit.py:521} INFO - at org.apache.spark.serializer.JavaDeserializationStream.readObject(JavaSerializer.scala:87)
[2025-08-06T09:47:38.428+0000] {spark_submit.py:521} INFO - at org.apache.spark.serializer.JavaSerializerInstance.deserialize(JavaSerializer.scala:123)
[2025-08-06T09:47:38.428+0000] {spark_submit.py:521} INFO - at org.apache.spark.rpc.netty.NettyRpcEnv.$anonfun$deserialize$2(NettyRpcEnv.scala:299)
[2025-08-06T09:47:38.429+0000] {spark_submit.py:521} INFO - at scala.util.DynamicVariable.withValue(DynamicVariable.scala:62)
[2025-08-06T09:47:38.429+0000] {spark_submit.py:521} INFO - at org.apache.spark.rpc.netty.NettyRpcEnv.deserialize(NettyRpcEnv.scala:352)
[2025-08-06T09:47:38.429+0000] {spark_submit.py:521} INFO - at org.apache.spark.rpc.netty.NettyRpcEnv.$anonfun$deserialize$1(NettyRpcEnv.scala:298)
[2025-08-06T09:47:38.429+0000] {spark_submit.py:521} INFO - at scala.util.DynamicVariable.withValue(DynamicVariable.scala:62)
[2025-08-06T09:47:38.430+0000] {spark_submit.py:521} INFO - at org.apache.spark.rpc.netty.NettyRpcEnv.deserialize(NettyRpcEnv.scala:298)
[2025-08-06T09:47:38.430+0000] {spark_submit.py:521} INFO - at org.apache.spark.rpc.netty.RequestMessage$.apply(NettyRpcEnv.scala:646)
[2025-08-06T09:47:38.430+0000] {spark_submit.py:521} INFO - at org.apache.spark.rpc.netty.NettyRpcHandler.internalReceive(NettyRpcEnv.scala:697)
[2025-08-06T09:47:38.431+0000] {spark_submit.py:521} INFO - at org.apache.spark.rpc.netty.NettyRpcHandler.receive(NettyRpcEnv.scala:682)
[2025-08-06T09:47:38.431+0000] {spark_submit.py:521} INFO - at org.apache.spark.network.server.TransportRequestHandler.processRpcRequest(TransportRequestHandler.java:163)
[2025-08-06T09:47:38.431+0000] {spark_submit.py:521} INFO - at org.apache.spark.network.server.TransportRequestHandler.handle(TransportRequestHandler.java:109)
[2025-08-06T09:47:38.431+0000] {spark_submit.py:521} INFO - at org.apache.spark.network.server.TransportChannelHandler.channelRead0(TransportChannelHandler.java:140)
[2025-08-06T09:47:38.431+0000] {spark_submit.py:521} INFO - at org.apache.spark.network.server.TransportChannelHandler.channelRead0(TransportChannelHandler.java:53)
[2025-08-06T09:47:38.432+0000] {spark_submit.py:521} INFO - at io.netty.channel.SimpleChannelInboundHandler.channelRead(SimpleChannelInboundHandler.java:99)
[2025-08-06T09:47:38.432+0000] {spark_submit.py:521} INFO - at io.netty.channel.AbstractChannelHandlerContext.invokeChannelRead(AbstractChannelHandlerContext.java:444)
[2025-08-06T09:47:38.432+0000] {spark_submit.py:521} INFO - at io.netty.channel.AbstractChannelHandlerContext.invokeChannelRead(AbstractChannelHandlerContext.java:420)
[2025-08-06T09:47:38.432+0000] {spark_submit.py:521} INFO - at io.netty.channel.AbstractChannelHandlerContext.fireChannelRead(AbstractChannelHandlerContext.java:412)
[2025-08-06T09:47:38.433+0000] {spark_submit.py:521} INFO - at io.netty.handler.timeout.IdleStateHandler.channelRead(IdleStateHandler.java:286)
[2025-08-06T09:47:38.433+0000] {spark_submit.py:521} INFO - at io.netty.channel.AbstractChannelHandlerContext.invokeChannelRead(AbstractChannelHandlerContext.java:442)
[2025-08-06T09:47:38.433+0000] {spark_submit.py:521} INFO - at io.netty.channel.AbstractChannelHandlerContext.invokeChannelRead(AbstractChannelHandlerContext.java:420)
[2025-08-06T09:47:38.433+0000] {spark_submit.py:521} INFO - at io.netty.channel.AbstractChannelHandlerContext.fireChannelRead(AbstractChannelHandlerContext.java:412)
[2025-08-06T09:47:38.434+0000] {spark_submit.py:521} INFO - at io.netty.handler.codec.MessageToMessageDecoder.channelRead(MessageToMessageDecoder.java:103)
[2025-08-06T09:47:38.434+0000] {spark_submit.py:521} INFO - at io.netty.channel.AbstractChannelHandlerContext.invokeChannelRead(AbstractChannelHandlerContext.java:444)
[2025-08-06T09:47:38.434+0000] {spark_submit.py:521} INFO - at io.netty.channel.AbstractChannelHandlerContext.invokeChannelRead(AbstractChannelHandlerContext.java:420)
[2025-08-06T09:47:38.434+0000] {spark_submit.py:521} INFO - at io.netty.channel.AbstractChannelHandlerContext.fireChannelRead(AbstractChannelHandlerContext.java:412)
[2025-08-06T09:47:38.435+0000] {spark_submit.py:521} INFO - at org.apache.spark.network.util.TransportFrameDecoder.channelRead(TransportFrameDecoder.java:102)
[2025-08-06T09:47:38.435+0000] {spark_submit.py:521} INFO - at io.netty.channel.AbstractChannelHandlerContext.invokeChannelRead(AbstractChannelHandlerContext.java:444)
[2025-08-06T09:47:38.435+0000] {spark_submit.py:521} INFO - at io.netty.channel.AbstractChannelHandlerContext.invokeChannelRead(AbstractChannelHandlerContext.java:420)
[2025-08-06T09:47:38.435+0000] {spark_submit.py:521} INFO - at io.netty.channel.AbstractChannelHandlerContext.fireChannelRead(AbstractChannelHandlerContext.java:412)
[2025-08-06T09:47:38.436+0000] {spark_submit.py:521} INFO - at io.netty.channel.DefaultChannelPipeline$HeadContext.channelRead(DefaultChannelPipeline.java:1410)
[2025-08-06T09:47:38.436+0000] {spark_submit.py:521} INFO - at io.netty.channel.AbstractChannelHandlerContext.invokeChannelRead(AbstractChannelHandlerContext.java:440)
[2025-08-06T09:47:38.436+0000] {spark_submit.py:521} INFO - at io.netty.channel.AbstractChannelHandlerContext.invokeChannelRead(AbstractChannelHandlerContext.java:420)
[2025-08-06T09:47:38.437+0000] {spark_submit.py:521} INFO - at io.netty.channel.DefaultChannelPipeline.fireChannelRead(DefaultChannelPipeline.java:919)
[2025-08-06T09:47:38.437+0000] {spark_submit.py:521} INFO - at io.netty.channel.nio.AbstractNioByteChannel$NioByteUnsafe.read(AbstractNioByteChannel.java:166)
[2025-08-06T09:47:38.437+0000] {spark_submit.py:521} INFO - at io.netty.channel.nio.NioEventLoop.processSelectedKey(NioEventLoop.java:788)
[2025-08-06T09:47:38.438+0000] {spark_submit.py:521} INFO - at io.netty.channel.nio.NioEventLoop.processSelectedKeysOptimized(NioEventLoop.java:724)
[2025-08-06T09:47:38.438+0000] {spark_submit.py:521} INFO - at io.netty.channel.nio.NioEventLoop.processSelectedKeys(NioEventLoop.java:650)
[2025-08-06T09:47:38.439+0000] {spark_submit.py:521} INFO - at io.netty.channel.nio.NioEventLoop.run(NioEventLoop.java:562)
[2025-08-06T09:47:38.439+0000] {spark_submit.py:521} INFO - at io.netty.util.concurrent.SingleThreadEventExecutor$4.run(SingleThreadEventExecutor.java:997)
[2025-08-06T09:47:38.439+0000] {spark_submit.py:521} INFO - at io.netty.util.internal.ThreadExecutorMap$2.run(ThreadExecutorMap.java:74)
[2025-08-06T09:47:38.440+0000] {spark_submit.py:521} INFO - at io.netty.util.concurrent.FastThreadLocalRunnable.run(FastThreadLocalRunnable.java:30)
[2025-08-06T09:47:38.440+0000] {spark_submit.py:521} INFO - at java.base/java.lang.Thread.run(Thread.java:840)
[2025-08-06T09:47:38.440+0000] {spark_submit.py:521} INFO - 
[2025-08-06T09:47:38.440+0000] {spark_submit.py:521} INFO - at org.apache.spark.network.client.TransportResponseHandler.handle(TransportResponseHandler.java:217)
[2025-08-06T09:47:38.440+0000] {spark_submit.py:521} INFO - at org.apache.spark.network.server.TransportChannelHandler.channelRead0(TransportChannelHandler.java:145)
[2025-08-06T09:47:38.441+0000] {spark_submit.py:521} INFO - at org.apache.spark.network.server.TransportChannelHandler.channelRead0(TransportChannelHandler.java:55)
[2025-08-06T09:47:38.441+0000] {spark_submit.py:521} INFO - at io.netty.channel.SimpleChannelInboundHandler.channelRead(SimpleChannelInboundHandler.java:99)
[2025-08-06T09:47:38.441+0000] {spark_submit.py:521} INFO - at io.netty.channel.AbstractChannelHandlerContext.invokeChannelRead(AbstractChannelHandlerContext.java:444)
[2025-08-06T09:47:38.441+0000] {spark_submit.py:521} INFO - at io.netty.channel.AbstractChannelHandlerContext.invokeChannelRead(AbstractChannelHandlerContext.java:420)
[2025-08-06T09:47:38.442+0000] {spark_submit.py:521} INFO - at io.netty.channel.AbstractChannelHandlerContext.fireChannelRead(AbstractChannelHandlerContext.java:412)
[2025-08-06T09:47:38.442+0000] {spark_submit.py:521} INFO - at io.netty.handler.timeout.IdleStateHandler.channelRead(IdleStateHandler.java:289)
[2025-08-06T09:47:38.442+0000] {spark_submit.py:521} INFO - at io.netty.channel.AbstractChannelHandlerContext.invokeChannelRead(AbstractChannelHandlerContext.java:442)
[2025-08-06T09:47:38.442+0000] {spark_submit.py:521} INFO - at io.netty.channel.AbstractChannelHandlerContext.invokeChannelRead(AbstractChannelHandlerContext.java:420)
[2025-08-06T09:47:38.443+0000] {spark_submit.py:521} INFO - at io.netty.channel.AbstractChannelHandlerContext.fireChannelRead(AbstractChannelHandlerContext.java:412)
[2025-08-06T09:47:38.443+0000] {spark_submit.py:521} INFO - at io.netty.handler.codec.MessageToMessageDecoder.channelRead(MessageToMessageDecoder.java:107)
[2025-08-06T09:47:38.443+0000] {spark_submit.py:521} INFO - at io.netty.channel.AbstractChannelHandlerContext.invokeChannelRead(AbstractChannelHandlerContext.java:444)
[2025-08-06T09:47:38.445+0000] {spark_submit.py:521} INFO - at io.netty.channel.AbstractChannelHandlerContext.invokeChannelRead(AbstractChannelHandlerContext.java:420)
[2025-08-06T09:47:38.446+0000] {spark_submit.py:521} INFO - at io.netty.channel.AbstractChannelHandlerContext.fireChannelRead(AbstractChannelHandlerContext.java:412)
[2025-08-06T09:47:38.446+0000] {spark_submit.py:521} INFO - at org.apache.spark.network.util.TransportFrameDecoder.channelRead(TransportFrameDecoder.java:102)
[2025-08-06T09:47:38.446+0000] {spark_submit.py:521} INFO - at io.netty.channel.AbstractChannelHandlerContext.invokeChannelRead(AbstractChannelHandlerContext.java:444)
[2025-08-06T09:47:38.447+0000] {spark_submit.py:521} INFO - at io.netty.channel.AbstractChannelHandlerContext.invokeChannelRead(AbstractChannelHandlerContext.java:420)
[2025-08-06T09:47:38.447+0000] {spark_submit.py:521} INFO - at io.netty.channel.AbstractChannelHandlerContext.fireChannelRead(AbstractChannelHandlerContext.java:412)
[2025-08-06T09:47:38.447+0000] {spark_submit.py:521} INFO - at io.netty.channel.DefaultChannelPipeline$HeadContext.channelRead(DefaultChannelPipeline.java:1357)
[2025-08-06T09:47:38.447+0000] {spark_submit.py:521} INFO - at io.netty.channel.AbstractChannelHandlerContext.invokeChannelRead(AbstractChannelHandlerContext.java:440)
[2025-08-06T09:47:38.448+0000] {spark_submit.py:521} INFO - at io.netty.channel.AbstractChannelHandlerContext.invokeChannelRead(AbstractChannelHandlerContext.java:420)
[2025-08-06T09:47:38.448+0000] {spark_submit.py:521} INFO - at io.netty.channel.DefaultChannelPipeline.fireChannelRead(DefaultChannelPipeline.java:868)
[2025-08-06T09:47:38.448+0000] {spark_submit.py:521} INFO - at io.netty.channel.nio.AbstractNioByteChannel$NioByteUnsafe.read(AbstractNioByteChannel.java:166)
[2025-08-06T09:47:38.448+0000] {spark_submit.py:521} INFO - at io.netty.channel.nio.NioEventLoop.processSelectedKey(NioEventLoop.java:796)
[2025-08-06T09:47:38.449+0000] {spark_submit.py:521} INFO - at io.netty.channel.nio.NioEventLoop.processSelectedKeysOptimized(NioEventLoop.java:732)
[2025-08-06T09:47:38.449+0000] {spark_submit.py:521} INFO - at io.netty.channel.nio.NioEventLoop.processSelectedKeys(NioEventLoop.java:658)
[2025-08-06T09:47:38.449+0000] {spark_submit.py:521} INFO - at io.netty.channel.nio.NioEventLoop.run(NioEventLoop.java:562)
[2025-08-06T09:47:38.449+0000] {spark_submit.py:521} INFO - at io.netty.util.concurrent.SingleThreadEventExecutor$4.run(SingleThreadEventExecutor.java:998)
[2025-08-06T09:47:38.450+0000] {spark_submit.py:521} INFO - at io.netty.util.internal.ThreadExecutorMap$2.run(ThreadExecutorMap.java:74)
[2025-08-06T09:47:38.450+0000] {spark_submit.py:521} INFO - at io.netty.util.concurrent.FastThreadLocalRunnable.run(FastThreadLocalRunnable.java:30)
[2025-08-06T09:47:38.450+0000] {spark_submit.py:521} INFO - ... 1 more
[2025-08-06T09:47:58.418+0000] {spark_submit.py:521} INFO - 25/08/06 09:47:58 INFO StandaloneAppClient$ClientEndpoint: Connecting to master spark://spark-master:7077...
[2025-08-06T09:47:58.467+0000] {spark_submit.py:521} INFO - 25/08/06 09:47:58 WARN StandaloneAppClient$ClientEndpoint: Failed to connect to master spark-master:7077
[2025-08-06T09:47:58.472+0000] {spark_submit.py:521} INFO - org.apache.spark.SparkException: Exception thrown in awaitResult:
[2025-08-06T09:47:58.473+0000] {spark_submit.py:521} INFO - at org.apache.spark.util.SparkThreadUtils$.awaitResult(SparkThreadUtils.scala:53)
[2025-08-06T09:47:58.475+0000] {spark_submit.py:521} INFO - at org.apache.spark.util.ThreadUtils$.awaitResult(ThreadUtils.scala:342)
[2025-08-06T09:47:58.476+0000] {spark_submit.py:521} INFO - at org.apache.spark.rpc.RpcTimeout.awaitResult(RpcTimeout.scala:75)
[2025-08-06T09:47:58.478+0000] {spark_submit.py:521} INFO - at org.apache.spark.rpc.RpcEnv.setupEndpointRefByURI(RpcEnv.scala:102)
[2025-08-06T09:47:58.479+0000] {spark_submit.py:521} INFO - at org.apache.spark.rpc.RpcEnv.setupEndpointRef(RpcEnv.scala:110)
[2025-08-06T09:47:58.480+0000] {spark_submit.py:521} INFO - at org.apache.spark.deploy.client.StandaloneAppClient$ClientEndpoint$$anon$1.run(StandaloneAppClient.scala:110)
[2025-08-06T09:47:58.481+0000] {spark_submit.py:521} INFO - at java.base/java.util.concurrent.Executors$RunnableAdapter.call(Executors.java:539)
[2025-08-06T09:47:58.482+0000] {spark_submit.py:521} INFO - at java.base/java.util.concurrent.FutureTask.run(FutureTask.java:264)
[2025-08-06T09:47:58.483+0000] {spark_submit.py:521} INFO - at java.base/java.util.concurrent.ThreadPoolExecutor.runWorker(ThreadPoolExecutor.java:1136)
[2025-08-06T09:47:58.483+0000] {spark_submit.py:521} INFO - at java.base/java.util.concurrent.ThreadPoolExecutor$Worker.run(ThreadPoolExecutor.java:635)
[2025-08-06T09:47:58.484+0000] {spark_submit.py:521} INFO - at java.base/java.lang.Thread.run(Thread.java:840)
[2025-08-06T09:47:58.485+0000] {spark_submit.py:521} INFO - Caused by: java.lang.RuntimeException: java.io.InvalidClassException: org.apache.spark.rpc.netty.RpcEndpointVerifier$CheckExistence; local class incompatible: stream classdesc serialVersionUID = 5378738997755484868, local class serialVersionUID = 7789290765573734431
[2025-08-06T09:47:58.485+0000] {spark_submit.py:521} INFO - at java.base/java.io.ObjectStreamClass.initNonProxy(ObjectStreamClass.java:597)
[2025-08-06T09:47:58.486+0000] {spark_submit.py:521} INFO - at java.base/java.io.ObjectInputStream.readNonProxyDesc(ObjectInputStream.java:2051)
[2025-08-06T09:47:58.487+0000] {spark_submit.py:521} INFO - at java.base/java.io.ObjectInputStream.readClassDesc(ObjectInputStream.java:1898)
[2025-08-06T09:47:58.487+0000] {spark_submit.py:521} INFO - at java.base/java.io.ObjectInputStream.readOrdinaryObject(ObjectInputStream.java:2224)
[2025-08-06T09:47:58.488+0000] {spark_submit.py:521} INFO - at java.base/java.io.ObjectInputStream.readObject0(ObjectInputStream.java:1733)
[2025-08-06T09:47:58.488+0000] {spark_submit.py:521} INFO - at java.base/java.io.ObjectInputStream.readObject(ObjectInputStream.java:509)
[2025-08-06T09:47:58.488+0000] {spark_submit.py:521} INFO - at java.base/java.io.ObjectInputStream.readObject(ObjectInputStream.java:467)
[2025-08-06T09:47:58.489+0000] {spark_submit.py:521} INFO - at org.apache.spark.serializer.JavaDeserializationStream.readObject(JavaSerializer.scala:87)
[2025-08-06T09:47:58.489+0000] {spark_submit.py:521} INFO - at org.apache.spark.serializer.JavaSerializerInstance.deserialize(JavaSerializer.scala:123)
[2025-08-06T09:47:58.489+0000] {spark_submit.py:521} INFO - at org.apache.spark.rpc.netty.NettyRpcEnv.$anonfun$deserialize$2(NettyRpcEnv.scala:299)
[2025-08-06T09:47:58.490+0000] {spark_submit.py:521} INFO - at scala.util.DynamicVariable.withValue(DynamicVariable.scala:62)
[2025-08-06T09:47:58.490+0000] {spark_submit.py:521} INFO - at org.apache.spark.rpc.netty.NettyRpcEnv.deserialize(NettyRpcEnv.scala:352)
[2025-08-06T09:47:58.491+0000] {spark_submit.py:521} INFO - at org.apache.spark.rpc.netty.NettyRpcEnv.$anonfun$deserialize$1(NettyRpcEnv.scala:298)
[2025-08-06T09:47:58.491+0000] {spark_submit.py:521} INFO - at scala.util.DynamicVariable.withValue(DynamicVariable.scala:62)
[2025-08-06T09:47:58.491+0000] {spark_submit.py:521} INFO - at org.apache.spark.rpc.netty.NettyRpcEnv.deserialize(NettyRpcEnv.scala:298)
[2025-08-06T09:47:58.491+0000] {spark_submit.py:521} INFO - at org.apache.spark.rpc.netty.RequestMessage$.apply(NettyRpcEnv.scala:646)
[2025-08-06T09:47:58.492+0000] {spark_submit.py:521} INFO - at org.apache.spark.rpc.netty.NettyRpcHandler.internalReceive(NettyRpcEnv.scala:697)
[2025-08-06T09:47:58.492+0000] {spark_submit.py:521} INFO - at org.apache.spark.rpc.netty.NettyRpcHandler.receive(NettyRpcEnv.scala:682)
[2025-08-06T09:47:58.493+0000] {spark_submit.py:521} INFO - at org.apache.spark.network.server.TransportRequestHandler.processRpcRequest(TransportRequestHandler.java:163)
[2025-08-06T09:47:58.493+0000] {spark_submit.py:521} INFO - at org.apache.spark.network.server.TransportRequestHandler.handle(TransportRequestHandler.java:109)
[2025-08-06T09:47:58.493+0000] {spark_submit.py:521} INFO - at org.apache.spark.network.server.TransportChannelHandler.channelRead0(TransportChannelHandler.java:140)
[2025-08-06T09:47:58.494+0000] {spark_submit.py:521} INFO - at org.apache.spark.network.server.TransportChannelHandler.channelRead0(TransportChannelHandler.java:53)
[2025-08-06T09:47:58.494+0000] {spark_submit.py:521} INFO - at io.netty.channel.SimpleChannelInboundHandler.channelRead(SimpleChannelInboundHandler.java:99)
[2025-08-06T09:47:58.494+0000] {spark_submit.py:521} INFO - at io.netty.channel.AbstractChannelHandlerContext.invokeChannelRead(AbstractChannelHandlerContext.java:444)
[2025-08-06T09:47:58.494+0000] {spark_submit.py:521} INFO - at io.netty.channel.AbstractChannelHandlerContext.invokeChannelRead(AbstractChannelHandlerContext.java:420)
[2025-08-06T09:47:58.494+0000] {spark_submit.py:521} INFO - at io.netty.channel.AbstractChannelHandlerContext.fireChannelRead(AbstractChannelHandlerContext.java:412)
[2025-08-06T09:47:58.494+0000] {spark_submit.py:521} INFO - at io.netty.handler.timeout.IdleStateHandler.channelRead(IdleStateHandler.java:286)
[2025-08-06T09:47:58.495+0000] {spark_submit.py:521} INFO - at io.netty.channel.AbstractChannelHandlerContext.invokeChannelRead(AbstractChannelHandlerContext.java:442)
[2025-08-06T09:47:58.495+0000] {spark_submit.py:521} INFO - at io.netty.channel.AbstractChannelHandlerContext.invokeChannelRead(AbstractChannelHandlerContext.java:420)
[2025-08-06T09:47:58.495+0000] {spark_submit.py:521} INFO - at io.netty.channel.AbstractChannelHandlerContext.fireChannelRead(AbstractChannelHandlerContext.java:412)
[2025-08-06T09:47:58.495+0000] {spark_submit.py:521} INFO - at io.netty.handler.codec.MessageToMessageDecoder.channelRead(MessageToMessageDecoder.java:103)
[2025-08-06T09:47:58.496+0000] {spark_submit.py:521} INFO - at io.netty.channel.AbstractChannelHandlerContext.invokeChannelRead(AbstractChannelHandlerContext.java:444)
[2025-08-06T09:47:58.496+0000] {spark_submit.py:521} INFO - at io.netty.channel.AbstractChannelHandlerContext.invokeChannelRead(AbstractChannelHandlerContext.java:420)
[2025-08-06T09:47:58.496+0000] {spark_submit.py:521} INFO - at io.netty.channel.AbstractChannelHandlerContext.fireChannelRead(AbstractChannelHandlerContext.java:412)
[2025-08-06T09:47:58.496+0000] {spark_submit.py:521} INFO - at org.apache.spark.network.util.TransportFrameDecoder.channelRead(TransportFrameDecoder.java:102)
[2025-08-06T09:47:58.496+0000] {spark_submit.py:521} INFO - at io.netty.channel.AbstractChannelHandlerContext.invokeChannelRead(AbstractChannelHandlerContext.java:444)
[2025-08-06T09:47:58.497+0000] {spark_submit.py:521} INFO - at io.netty.channel.AbstractChannelHandlerContext.invokeChannelRead(AbstractChannelHandlerContext.java:420)
[2025-08-06T09:47:58.497+0000] {spark_submit.py:521} INFO - at io.netty.channel.AbstractChannelHandlerContext.fireChannelRead(AbstractChannelHandlerContext.java:412)
[2025-08-06T09:47:58.497+0000] {spark_submit.py:521} INFO - at io.netty.channel.DefaultChannelPipeline$HeadContext.channelRead(DefaultChannelPipeline.java:1410)
[2025-08-06T09:47:58.497+0000] {spark_submit.py:521} INFO - at io.netty.channel.AbstractChannelHandlerContext.invokeChannelRead(AbstractChannelHandlerContext.java:440)
[2025-08-06T09:47:58.497+0000] {spark_submit.py:521} INFO - at io.netty.channel.AbstractChannelHandlerContext.invokeChannelRead(AbstractChannelHandlerContext.java:420)
[2025-08-06T09:47:58.498+0000] {spark_submit.py:521} INFO - at io.netty.channel.DefaultChannelPipeline.fireChannelRead(DefaultChannelPipeline.java:919)
[2025-08-06T09:47:58.498+0000] {spark_submit.py:521} INFO - at io.netty.channel.nio.AbstractNioByteChannel$NioByteUnsafe.read(AbstractNioByteChannel.java:166)
[2025-08-06T09:47:58.498+0000] {spark_submit.py:521} INFO - at io.netty.channel.nio.NioEventLoop.processSelectedKey(NioEventLoop.java:788)
[2025-08-06T09:47:58.498+0000] {spark_submit.py:521} INFO - at io.netty.channel.nio.NioEventLoop.processSelectedKeysOptimized(NioEventLoop.java:724)
[2025-08-06T09:47:58.499+0000] {spark_submit.py:521} INFO - at io.netty.channel.nio.NioEventLoop.processSelectedKeys(NioEventLoop.java:650)
[2025-08-06T09:47:58.499+0000] {spark_submit.py:521} INFO - at io.netty.channel.nio.NioEventLoop.run(NioEventLoop.java:562)
[2025-08-06T09:47:58.499+0000] {spark_submit.py:521} INFO - at io.netty.util.concurrent.SingleThreadEventExecutor$4.run(SingleThreadEventExecutor.java:997)
[2025-08-06T09:47:58.499+0000] {spark_submit.py:521} INFO - at io.netty.util.internal.ThreadExecutorMap$2.run(ThreadExecutorMap.java:74)
[2025-08-06T09:47:58.499+0000] {spark_submit.py:521} INFO - at io.netty.util.concurrent.FastThreadLocalRunnable.run(FastThreadLocalRunnable.java:30)
[2025-08-06T09:47:58.500+0000] {spark_submit.py:521} INFO - at java.base/java.lang.Thread.run(Thread.java:840)
[2025-08-06T09:47:58.500+0000] {spark_submit.py:521} INFO - 
[2025-08-06T09:47:58.500+0000] {spark_submit.py:521} INFO - at org.apache.spark.network.client.TransportResponseHandler.handle(TransportResponseHandler.java:217)
[2025-08-06T09:47:58.500+0000] {spark_submit.py:521} INFO - at org.apache.spark.network.server.TransportChannelHandler.channelRead0(TransportChannelHandler.java:145)
[2025-08-06T09:47:58.500+0000] {spark_submit.py:521} INFO - at org.apache.spark.network.server.TransportChannelHandler.channelRead0(TransportChannelHandler.java:55)
[2025-08-06T09:47:58.501+0000] {spark_submit.py:521} INFO - at io.netty.channel.SimpleChannelInboundHandler.channelRead(SimpleChannelInboundHandler.java:99)
[2025-08-06T09:47:58.501+0000] {spark_submit.py:521} INFO - at io.netty.channel.AbstractChannelHandlerContext.invokeChannelRead(AbstractChannelHandlerContext.java:444)
[2025-08-06T09:47:58.501+0000] {spark_submit.py:521} INFO - at io.netty.channel.AbstractChannelHandlerContext.invokeChannelRead(AbstractChannelHandlerContext.java:420)
[2025-08-06T09:47:58.501+0000] {spark_submit.py:521} INFO - at io.netty.channel.AbstractChannelHandlerContext.fireChannelRead(AbstractChannelHandlerContext.java:412)
[2025-08-06T09:47:58.501+0000] {spark_submit.py:521} INFO - at io.netty.handler.timeout.IdleStateHandler.channelRead(IdleStateHandler.java:289)
[2025-08-06T09:47:58.502+0000] {spark_submit.py:521} INFO - at io.netty.channel.AbstractChannelHandlerContext.invokeChannelRead(AbstractChannelHandlerContext.java:442)
[2025-08-06T09:47:58.502+0000] {spark_submit.py:521} INFO - at io.netty.channel.AbstractChannelHandlerContext.invokeChannelRead(AbstractChannelHandlerContext.java:420)
[2025-08-06T09:47:58.502+0000] {spark_submit.py:521} INFO - at io.netty.channel.AbstractChannelHandlerContext.fireChannelRead(AbstractChannelHandlerContext.java:412)
[2025-08-06T09:47:58.502+0000] {spark_submit.py:521} INFO - at io.netty.handler.codec.MessageToMessageDecoder.channelRead(MessageToMessageDecoder.java:107)
[2025-08-06T09:47:58.502+0000] {spark_submit.py:521} INFO - at io.netty.channel.AbstractChannelHandlerContext.invokeChannelRead(AbstractChannelHandlerContext.java:444)
[2025-08-06T09:47:58.502+0000] {spark_submit.py:521} INFO - at io.netty.channel.AbstractChannelHandlerContext.invokeChannelRead(AbstractChannelHandlerContext.java:420)
[2025-08-06T09:47:58.503+0000] {spark_submit.py:521} INFO - at io.netty.channel.AbstractChannelHandlerContext.fireChannelRead(AbstractChannelHandlerContext.java:412)
[2025-08-06T09:47:58.503+0000] {spark_submit.py:521} INFO - at org.apache.spark.network.util.TransportFrameDecoder.channelRead(TransportFrameDecoder.java:102)
[2025-08-06T09:47:58.503+0000] {spark_submit.py:521} INFO - at io.netty.channel.AbstractChannelHandlerContext.invokeChannelRead(AbstractChannelHandlerContext.java:444)
[2025-08-06T09:47:58.503+0000] {spark_submit.py:521} INFO - at io.netty.channel.AbstractChannelHandlerContext.invokeChannelRead(AbstractChannelHandlerContext.java:420)
[2025-08-06T09:47:58.503+0000] {spark_submit.py:521} INFO - at io.netty.channel.AbstractChannelHandlerContext.fireChannelRead(AbstractChannelHandlerContext.java:412)
[2025-08-06T09:47:58.504+0000] {spark_submit.py:521} INFO - at io.netty.channel.DefaultChannelPipeline$HeadContext.channelRead(DefaultChannelPipeline.java:1357)
[2025-08-06T09:47:58.504+0000] {spark_submit.py:521} INFO - at io.netty.channel.AbstractChannelHandlerContext.invokeChannelRead(AbstractChannelHandlerContext.java:440)
[2025-08-06T09:47:58.504+0000] {spark_submit.py:521} INFO - at io.netty.channel.AbstractChannelHandlerContext.invokeChannelRead(AbstractChannelHandlerContext.java:420)
[2025-08-06T09:47:58.504+0000] {spark_submit.py:521} INFO - at io.netty.channel.DefaultChannelPipeline.fireChannelRead(DefaultChannelPipeline.java:868)
[2025-08-06T09:47:58.504+0000] {spark_submit.py:521} INFO - at io.netty.channel.nio.AbstractNioByteChannel$NioByteUnsafe.read(AbstractNioByteChannel.java:166)
[2025-08-06T09:47:58.505+0000] {spark_submit.py:521} INFO - at io.netty.channel.nio.NioEventLoop.processSelectedKey(NioEventLoop.java:796)
[2025-08-06T09:47:58.505+0000] {spark_submit.py:521} INFO - at io.netty.channel.nio.NioEventLoop.processSelectedKeysOptimized(NioEventLoop.java:732)
[2025-08-06T09:47:58.505+0000] {spark_submit.py:521} INFO - at io.netty.channel.nio.NioEventLoop.processSelectedKeys(NioEventLoop.java:658)
[2025-08-06T09:47:58.505+0000] {spark_submit.py:521} INFO - at io.netty.channel.nio.NioEventLoop.run(NioEventLoop.java:562)
[2025-08-06T09:47:58.505+0000] {spark_submit.py:521} INFO - at io.netty.util.concurrent.SingleThreadEventExecutor$4.run(SingleThreadEventExecutor.java:998)
[2025-08-06T09:47:58.506+0000] {spark_submit.py:521} INFO - at io.netty.util.internal.ThreadExecutorMap$2.run(ThreadExecutorMap.java:74)
[2025-08-06T09:47:58.506+0000] {spark_submit.py:521} INFO - at io.netty.util.concurrent.FastThreadLocalRunnable.run(FastThreadLocalRunnable.java:30)
[2025-08-06T09:47:58.506+0000] {spark_submit.py:521} INFO - ... 1 more
[2025-08-06T09:48:18.417+0000] {spark_submit.py:521} INFO - 25/08/06 09:48:18 WARN StandaloneSchedulerBackend: Application ID is not initialized yet.
[2025-08-06T09:48:18.420+0000] {spark_submit.py:521} INFO - 25/08/06 09:48:18 ERROR StandaloneSchedulerBackend: Application has been killed. Reason: All masters are unresponsive! Giving up.
[2025-08-06T09:48:18.435+0000] {spark_submit.py:521} INFO - 25/08/06 09:48:18 INFO Utils: Successfully started service 'org.apache.spark.network.netty.NettyBlockTransferService' on port 40941.
[2025-08-06T09:48:18.436+0000] {spark_submit.py:521} INFO - 25/08/06 09:48:18 INFO NettyBlockTransferService: Server created on f6daf7b6d686:40941
[2025-08-06T09:48:18.438+0000] {spark_submit.py:521} INFO - 25/08/06 09:48:18 INFO BlockManager: Using org.apache.spark.storage.RandomBlockReplicationPolicy for block replication policy
[2025-08-06T09:48:18.459+0000] {spark_submit.py:521} INFO - 25/08/06 09:48:18 INFO BlockManagerMaster: Registering BlockManager BlockManagerId(driver, f6daf7b6d686, 40941, None)
[2025-08-06T09:48:18.467+0000] {spark_submit.py:521} INFO - 25/08/06 09:48:18 INFO BlockManagerMasterEndpoint: Registering block manager f6daf7b6d686:40941 with 434.4 MiB RAM, BlockManagerId(driver, f6daf7b6d686, 40941, None)
[2025-08-06T09:48:18.470+0000] {spark_submit.py:521} INFO - 25/08/06 09:48:18 INFO BlockManagerMaster: Registered BlockManager BlockManagerId(driver, f6daf7b6d686, 40941, None)
[2025-08-06T09:48:18.471+0000] {spark_submit.py:521} INFO - 25/08/06 09:48:18 INFO BlockManager: Initialized BlockManager: BlockManagerId(driver, f6daf7b6d686, 40941, None)
[2025-08-06T09:48:18.568+0000] {spark_submit.py:521} INFO - 25/08/06 09:48:18 INFO StandaloneSchedulerBackend: SchedulerBackend is ready for scheduling beginning after reached minRegisteredResourcesRatio: 0.0
[2025-08-06T09:48:18.774+0000] {spark_submit.py:521} INFO - 25/08/06 09:48:18 INFO SparkContext: SparkContext is stopping with exitCode 0 from run at <unknown>:0.
[2025-08-06T09:48:18.788+0000] {spark_submit.py:521} INFO - 25/08/06 09:48:18 INFO SparkUI: Stopped Spark web UI at http://f6daf7b6d686:4040
[2025-08-06T09:48:18.791+0000] {spark_submit.py:521} INFO - 25/08/06 09:48:18 INFO StandaloneSchedulerBackend: Shutting down all executors
[2025-08-06T09:48:18.795+0000] {spark_submit.py:521} INFO - 25/08/06 09:48:18 INFO StandaloneSchedulerBackend$StandaloneDriverEndpoint: Asking each executor to shut down
[2025-08-06T09:48:18.799+0000] {spark_submit.py:521} INFO - 25/08/06 09:48:18 WARN StandaloneAppClient$ClientEndpoint: Drop UnregisterApplication(null) because has not yet connected to master
[2025-08-06T09:48:18.807+0000] {spark_submit.py:521} INFO - 25/08/06 09:48:18 INFO MapOutputTrackerMasterEndpoint: MapOutputTrackerMasterEndpoint stopped!
[2025-08-06T09:48:18.832+0000] {spark_submit.py:521} INFO - 25/08/06 09:48:18 INFO MemoryStore: MemoryStore started with capacity 434.4 MiB
[2025-08-06T09:48:18.832+0000] {spark_submit.py:521} INFO - 25/08/06 09:48:18 INFO MemoryStore: MemoryStore cleared
[2025-08-06T09:48:18.833+0000] {spark_submit.py:521} INFO - 25/08/06 09:48:18 INFO BlockManager: BlockManager stopped
[2025-08-06T09:48:18.841+0000] {spark_submit.py:521} INFO - 25/08/06 09:48:18 INFO BlockManagerMaster: BlockManagerMaster stopped
[2025-08-06T09:48:18.843+0000] {spark_submit.py:521} INFO - 25/08/06 09:48:18 INFO OutputCommitCoordinator$OutputCommitCoordinatorEndpoint: OutputCommitCoordinator stopped!
[2025-08-06T09:48:18.856+0000] {spark_submit.py:521} INFO - 25/08/06 09:48:18 INFO SparkContext: Successfully stopped SparkContext
[2025-08-06T09:48:21.571+0000] {spark_submit.py:521} INFO - Traceback (most recent call last):
[2025-08-06T09:48:21.571+0000] {spark_submit.py:521} INFO - File "/opt/spark-jobs/gold_transform.py", line 8, in <module>
[2025-08-06T09:48:21.572+0000] {spark_submit.py:521} INFO - .getOrCreate()
[2025-08-06T09:48:21.573+0000] {spark_submit.py:521} INFO - File "/home/***/.local/lib/python3.10/site-packages/pyspark/python/lib/pyspark.zip/pyspark/sql/session.py", line 559, in getOrCreate
[2025-08-06T09:48:21.573+0000] {spark_submit.py:521} INFO - File "/home/***/.local/lib/python3.10/site-packages/pyspark/python/lib/pyspark.zip/pyspark/sql/session.py", line 641, in __init__
[2025-08-06T09:48:21.573+0000] {spark_submit.py:521} INFO - File "/home/***/.local/lib/python3.10/site-packages/pyspark/python/lib/py4j-0.10.9.9-src.zip/py4j/java_gateway.py", line 1627, in __call__
[2025-08-06T09:48:21.574+0000] {spark_submit.py:521} INFO - File "/home/***/.local/lib/python3.10/site-packages/pyspark/python/lib/py4j-0.10.9.9-src.zip/py4j/protocol.py", line 327, in get_return_value
[2025-08-06T09:48:21.574+0000] {spark_submit.py:521} INFO - py4j.protocol.Py4JJavaError: An error occurred while calling None.org.apache.spark.sql.classic.SparkSession.
[2025-08-06T09:48:21.574+0000] {spark_submit.py:521} INFO - : java.lang.IllegalStateException: Cannot call methods on a stopped SparkContext.
[2025-08-06T09:48:21.574+0000] {spark_submit.py:521} INFO - This stopped SparkContext was created at:
[2025-08-06T09:48:21.575+0000] {spark_submit.py:521} INFO - 
[2025-08-06T09:48:21.575+0000] {spark_submit.py:521} INFO - org.apache.spark.api.java.JavaSparkContext.<init>(JavaSparkContext.scala:59)
[2025-08-06T09:48:21.575+0000] {spark_submit.py:521} INFO - java.base/jdk.internal.reflect.NativeConstructorAccessorImpl.newInstance0(Native Method)
[2025-08-06T09:48:21.575+0000] {spark_submit.py:521} INFO - java.base/jdk.internal.reflect.NativeConstructorAccessorImpl.newInstance(NativeConstructorAccessorImpl.java:77)
[2025-08-06T09:48:21.576+0000] {spark_submit.py:521} INFO - java.base/jdk.internal.reflect.DelegatingConstructorAccessorImpl.newInstance(DelegatingConstructorAccessorImpl.java:45)
[2025-08-06T09:48:21.576+0000] {spark_submit.py:521} INFO - java.base/java.lang.reflect.Constructor.newInstanceWithCaller(Constructor.java:500)
[2025-08-06T09:48:21.576+0000] {spark_submit.py:521} INFO - java.base/java.lang.reflect.Constructor.newInstance(Constructor.java:481)
[2025-08-06T09:48:21.576+0000] {spark_submit.py:521} INFO - py4j.reflection.MethodInvoker.invoke(MethodInvoker.java:247)
[2025-08-06T09:48:21.577+0000] {spark_submit.py:521} INFO - py4j.reflection.ReflectionEngine.invoke(ReflectionEngine.java:374)
[2025-08-06T09:48:21.577+0000] {spark_submit.py:521} INFO - py4j.Gateway.invoke(Gateway.java:238)
[2025-08-06T09:48:21.577+0000] {spark_submit.py:521} INFO - py4j.commands.ConstructorCommand.invokeConstructor(ConstructorCommand.java:80)
[2025-08-06T09:48:21.577+0000] {spark_submit.py:521} INFO - py4j.commands.ConstructorCommand.execute(ConstructorCommand.java:69)
[2025-08-06T09:48:21.578+0000] {spark_submit.py:521} INFO - py4j.ClientServerConnection.waitForCommands(ClientServerConnection.java:184)
[2025-08-06T09:48:21.578+0000] {spark_submit.py:521} INFO - py4j.ClientServerConnection.run(ClientServerConnection.java:108)
[2025-08-06T09:48:21.578+0000] {spark_submit.py:521} INFO - java.base/java.lang.Thread.run(Thread.java:840)
[2025-08-06T09:48:21.579+0000] {spark_submit.py:521} INFO - 
[2025-08-06T09:48:21.579+0000] {spark_submit.py:521} INFO - And it was stopped at:
[2025-08-06T09:48:21.579+0000] {spark_submit.py:521} INFO - 
[2025-08-06T09:48:21.579+0000] {spark_submit.py:521} INFO - org.apache.spark.SparkContext$$anon$3.run(SparkContext.scala:2284)
[2025-08-06T09:48:21.579+0000] {spark_submit.py:521} INFO - 
[2025-08-06T09:48:21.580+0000] {spark_submit.py:521} INFO - The currently active SparkContext was created at:
[2025-08-06T09:48:21.580+0000] {spark_submit.py:521} INFO - 
[2025-08-06T09:48:21.580+0000] {spark_submit.py:521} INFO - (No active SparkContext.)
[2025-08-06T09:48:21.581+0000] {spark_submit.py:521} INFO - 
[2025-08-06T09:48:21.582+0000] {spark_submit.py:521} INFO - at org.apache.spark.SparkContext.assertNotStopped(SparkContext.scala:128)
[2025-08-06T09:48:21.582+0000] {spark_submit.py:521} INFO - at org.apache.spark.sql.classic.SparkSession.<init>(SparkSession.scala:124)
[2025-08-06T09:48:21.582+0000] {spark_submit.py:521} INFO - at org.apache.spark.sql.classic.SparkSession.<init>(SparkSession.scala:117)
[2025-08-06T09:48:21.582+0000] {spark_submit.py:521} INFO - at java.base/jdk.internal.reflect.NativeConstructorAccessorImpl.newInstance0(Native Method)
[2025-08-06T09:48:21.582+0000] {spark_submit.py:521} INFO - at java.base/jdk.internal.reflect.NativeConstructorAccessorImpl.newInstance(NativeConstructorAccessorImpl.java:77)
[2025-08-06T09:48:21.583+0000] {spark_submit.py:521} INFO - at java.base/jdk.internal.reflect.DelegatingConstructorAccessorImpl.newInstance(DelegatingConstructorAccessorImpl.java:45)
[2025-08-06T09:48:21.583+0000] {spark_submit.py:521} INFO - at java.base/java.lang.reflect.Constructor.newInstanceWithCaller(Constructor.java:500)
[2025-08-06T09:48:21.583+0000] {spark_submit.py:521} INFO - at java.base/java.lang.reflect.Constructor.newInstance(Constructor.java:481)
[2025-08-06T09:48:21.583+0000] {spark_submit.py:521} INFO - at py4j.reflection.MethodInvoker.invoke(MethodInvoker.java:247)
[2025-08-06T09:48:21.583+0000] {spark_submit.py:521} INFO - at py4j.reflection.ReflectionEngine.invoke(ReflectionEngine.java:374)
[2025-08-06T09:48:21.584+0000] {spark_submit.py:521} INFO - at py4j.Gateway.invoke(Gateway.java:238)
[2025-08-06T09:48:21.584+0000] {spark_submit.py:521} INFO - at py4j.commands.ConstructorCommand.invokeConstructor(ConstructorCommand.java:80)
[2025-08-06T09:48:21.584+0000] {spark_submit.py:521} INFO - at py4j.commands.ConstructorCommand.execute(ConstructorCommand.java:69)
[2025-08-06T09:48:21.584+0000] {spark_submit.py:521} INFO - at py4j.ClientServerConnection.waitForCommands(ClientServerConnection.java:184)
[2025-08-06T09:48:21.584+0000] {spark_submit.py:521} INFO - at py4j.ClientServerConnection.run(ClientServerConnection.java:108)
[2025-08-06T09:48:21.585+0000] {spark_submit.py:521} INFO - at java.base/java.lang.Thread.run(Thread.java:840)
[2025-08-06T09:48:21.585+0000] {spark_submit.py:521} INFO - 
[2025-08-06T09:48:21.707+0000] {spark_submit.py:521} INFO - 25/08/06 09:48:21 INFO ShutdownHookManager: Shutdown hook called
[2025-08-06T09:48:21.708+0000] {spark_submit.py:521} INFO - 25/08/06 09:48:21 INFO ShutdownHookManager: Deleting directory /tmp/spark-43ef2882-1bae-4b4a-9597-d6be408a8778
[2025-08-06T09:48:21.715+0000] {spark_submit.py:521} INFO - 25/08/06 09:48:21 INFO ShutdownHookManager: Deleting directory /tmp/spark-aa555c21-c720-4518-800e-eb9b84297be6
[2025-08-06T09:48:21.722+0000] {spark_submit.py:521} INFO - 25/08/06 09:48:21 INFO ShutdownHookManager: Deleting directory /tmp/spark-aa555c21-c720-4518-800e-eb9b84297be6/pyspark-da684399-8b4d-4a59-894f-9eea6797685b
[2025-08-06T09:48:21.759+0000] {taskinstance.py:441} INFO - ::group::Post task execution logs
[2025-08-06T09:48:21.774+0000] {taskinstance.py:2905} ERROR - Task failed with exception
Traceback (most recent call last):
  File "/home/airflow/.local/lib/python3.10/site-packages/airflow/models/taskinstance.py", line 465, in _execute_task
    result = _execute_callable(context=context, **execute_callable_kwargs)
  File "/home/airflow/.local/lib/python3.10/site-packages/airflow/models/taskinstance.py", line 432, in _execute_callable
    return execute_callable(context=context, **execute_callable_kwargs)
  File "/home/airflow/.local/lib/python3.10/site-packages/airflow/models/baseoperator.py", line 400, in wrapper
    return func(self, *args, **kwargs)
  File "/home/airflow/.local/lib/python3.10/site-packages/airflow/providers/apache/spark/operators/spark_submit.py", line 156, in execute
    self._hook.submit(self._application)
  File "/home/airflow/.local/lib/python3.10/site-packages/airflow/providers/apache/spark/hooks/spark_submit.py", line 452, in submit
    raise AirflowException(
airflow.exceptions.AirflowException: Cannot execute: spark-submit --master spark://spark-master:7077 --conf spark.hadoop.fs.s3a.endpoint=http://minio:9000 --conf spark.hadoop.fs.s3a.access.key=minioadmin --conf spark.hadoop.fs.s3a.secret.key=****** --conf spark.hadoop.fs.s3a.path.style.access=true --conf spark.hadoop.fs.s3a.connection.ssl.enabled=false --jars /opt/custom-jars/hadoop-aws-3.3.6.jar,/opt/custom-jars/aws-java-sdk-bundle-1.12.367.jar --name arrow-spark /opt/spark-jobs/gold_transform.py. Error code is: 1.
[2025-08-06T09:48:21.781+0000] {taskinstance.py:1206} INFO - Marking task as FAILED. dag_id=gold_transform_dag, task_id=run_gold_transform, run_id=manual__2025-08-06T09:47:08.112498+00:00, execution_date=20250806T094708, start_date=20250806T094712, end_date=20250806T094821
[2025-08-06T09:48:21.802+0000] {standard_task_runner.py:110} ERROR - Failed to execute job 11 for task run_gold_transform (Cannot execute: spark-submit --master spark://spark-master:7077 --conf spark.hadoop.fs.s3a.endpoint=http://minio:9000 --conf spark.hadoop.fs.s3a.access.key=minioadmin --conf spark.hadoop.fs.s3a.secret.key=****** --conf spark.hadoop.fs.s3a.path.style.access=true --conf spark.hadoop.fs.s3a.connection.ssl.enabled=false --jars /opt/custom-jars/hadoop-aws-3.3.6.jar,/opt/custom-jars/aws-java-sdk-bundle-1.12.367.jar --name arrow-spark /opt/spark-jobs/gold_transform.py. Error code is: 1.; 47)
[2025-08-06T09:48:21.820+0000] {local_task_job_runner.py:240} INFO - Task exited with return code 1
[2025-08-06T09:48:21.840+0000] {taskinstance.py:3498} INFO - 0 downstream tasks scheduled from follow-on schedule check
[2025-08-06T09:48:21.844+0000] {local_task_job_runner.py:222} INFO - ::endgroup::
