[2025-09-09T14:04:13.548+0000] {local_task_job_runner.py:120} INFO - ::group::Pre task execution logs
[2025-09-09T14:04:13.577+0000] {taskinstance.py:2076} INFO - Dependencies all met for dep_context=non-requeueable deps ti=<TaskInstance: spark_transform_pipeline.silver_group.silver_topcv_transform manual__2025-09-09T14:04:06.911221+00:00 [queued]>
[2025-09-09T14:04:13.584+0000] {taskinstance.py:2076} INFO - Dependencies all met for dep_context=requeueable deps ti=<TaskInstance: spark_transform_pipeline.silver_group.silver_topcv_transform manual__2025-09-09T14:04:06.911221+00:00 [queued]>
[2025-09-09T14:04:13.584+0000] {taskinstance.py:2306} INFO - Starting attempt 1 of 1
[2025-09-09T14:04:13.594+0000] {taskinstance.py:2330} INFO - Executing <Task(SparkSubmitOperator): silver_group.silver_topcv_transform> on 2025-09-09 14:04:06.911221+00:00
[2025-09-09T14:04:13.605+0000] {standard_task_runner.py:63} INFO - Started process 457 to run task
[2025-09-09T14:04:13.611+0000] {standard_task_runner.py:90} INFO - Running: ['***', 'tasks', 'run', 'spark_transform_pipeline', 'silver_group.silver_topcv_transform', 'manual__2025-09-09T14:04:06.911221+00:00', '--job-id', '112', '--raw', '--subdir', 'DAGS_FOLDER/etl_jobs_dag.py', '--cfg-path', '/tmp/tmp8npnpsqg']
[2025-09-09T14:04:13.616+0000] {standard_task_runner.py:91} INFO - Job 112: Subtask silver_group.silver_topcv_transform
[2025-09-09T14:04:13.718+0000] {task_command.py:426} INFO - Running <TaskInstance: spark_transform_pipeline.silver_group.silver_topcv_transform manual__2025-09-09T14:04:06.911221+00:00 [running]> on host 118acb478e13
[2025-09-09T14:04:13.840+0000] {taskinstance.py:2648} INFO - Exporting env vars: AIRFLOW_CTX_DAG_OWNER='***' AIRFLOW_CTX_DAG_ID='spark_transform_pipeline' AIRFLOW_CTX_TASK_ID='silver_group.silver_topcv_transform' AIRFLOW_CTX_EXECUTION_DATE='2025-09-09T14:04:06.911221+00:00' AIRFLOW_CTX_TRY_NUMBER='1' AIRFLOW_CTX_DAG_RUN_ID='manual__2025-09-09T14:04:06.911221+00:00'
[2025-09-09T14:04:13.841+0000] {taskinstance.py:430} INFO - ::endgroup::
[2025-09-09T14:04:13.866+0000] {base.py:84} INFO - Using connection ID 'spark_default' for task execution.
[2025-09-09T14:04:13.868+0000] {spark_submit.py:351} INFO - Spark-Submit cmd: spark-submit --master spark://spark-master:7077 --conf spark.master=spark://spark-master:7077 --conf spark.jars.packages=org.apache.hadoop:hadoop-aws:3.3.4,com.amazonaws:aws-java-sdk-bundle:1.11.901 --conf spark.hadoop.fs.s3a.impl=org.apache.hadoop.fs.s3a.S3AFileSystem --conf spark.hadoop.fs.s3a.endpoint=http://minio:9000 --conf spark.hadoop.fs.s3a.access.key=minio --conf spark.hadoop.fs.s3a.secret.key=****** --conf spark.hadoop.fs.s3a.path.style.access=true --conf spark.hadoop.fs.s3a.connection.ssl.enabled=false --conf spark.hadoop.fs.s3a.connection.timeout=60000 --conf spark.hadoop.fs.s3a.connection.establish.timeout=60000 --jars /opt/custom-jars/aws-java-sdk-bundle-1.12.262.jar,/opt/custom-jars/hadoop-aws-3.3.4.jar --name arrow-spark --verbose /opt/spark-jobs/elt/transform/silver_topcv_transform.py
[2025-09-09T14:04:14.819+0000] {spark_submit.py:521} INFO - WARNING: Using incubator modules: jdk.incubator.vector
[2025-09-09T14:04:16.879+0000] {spark_submit.py:521} INFO - Parsed arguments:
[2025-09-09T14:04:16.883+0000] {spark_submit.py:521} INFO - master                  spark://spark-master:7077
[2025-09-09T14:04:16.885+0000] {spark_submit.py:521} INFO - remote                  null
[2025-09-09T14:04:16.887+0000] {spark_submit.py:521} INFO - deployMode              null
[2025-09-09T14:04:16.888+0000] {spark_submit.py:521} INFO - executorMemory          null
[2025-09-09T14:04:16.889+0000] {spark_submit.py:521} INFO - executorCores           null
[2025-09-09T14:04:16.890+0000] {spark_submit.py:521} INFO - totalExecutorCores      null
[2025-09-09T14:04:16.892+0000] {spark_submit.py:521} INFO - propertiesFile          null
[2025-09-09T14:04:16.892+0000] {spark_submit.py:521} INFO - driverMemory            null
[2025-09-09T14:04:16.912+0000] {spark_submit.py:521} INFO - driverCores             null
[2025-09-09T14:04:16.915+0000] {spark_submit.py:521} INFO - driverExtraClassPath    null
[2025-09-09T14:04:16.919+0000] {spark_submit.py:521} INFO - driverExtraLibraryPath  null
[2025-09-09T14:04:16.927+0000] {spark_submit.py:521} INFO - driverExtraJavaOptions  null
[2025-09-09T14:04:16.929+0000] {spark_submit.py:521} INFO - supervise               false
[2025-09-09T14:04:16.930+0000] {spark_submit.py:521} INFO - queue                   null
[2025-09-09T14:04:16.930+0000] {spark_submit.py:521} INFO - numExecutors            null
[2025-09-09T14:04:16.931+0000] {spark_submit.py:521} INFO - files                   null
[2025-09-09T14:04:16.932+0000] {spark_submit.py:521} INFO - pyFiles                 null
[2025-09-09T14:04:16.933+0000] {spark_submit.py:521} INFO - archives                null
[2025-09-09T14:04:16.934+0000] {spark_submit.py:521} INFO - mainClass               null
[2025-09-09T14:04:16.934+0000] {spark_submit.py:521} INFO - primaryResource         file:/opt/spark-jobs/elt/transform/silver_topcv_transform.py
[2025-09-09T14:04:16.935+0000] {spark_submit.py:521} INFO - name                    arrow-spark
[2025-09-09T14:04:16.935+0000] {spark_submit.py:521} INFO - childArgs               []
[2025-09-09T14:04:16.935+0000] {spark_submit.py:521} INFO - jars                    file:/opt/custom-jars/aws-java-sdk-bundle-1.12.262.jar,file:/opt/custom-jars/hadoop-aws-3.3.4.jar
[2025-09-09T14:04:16.935+0000] {spark_submit.py:521} INFO - packages                org.apache.hadoop:hadoop-aws:3.3.4,com.amazonaws:aws-java-sdk-bundle:1.11.901
[2025-09-09T14:04:16.936+0000] {spark_submit.py:521} INFO - packagesExclusions      null
[2025-09-09T14:04:16.936+0000] {spark_submit.py:521} INFO - repositories            null
[2025-09-09T14:04:16.936+0000] {spark_submit.py:521} INFO - verbose                 true
[2025-09-09T14:04:16.937+0000] {spark_submit.py:521} INFO - 
[2025-09-09T14:04:16.937+0000] {spark_submit.py:521} INFO - Spark properties used, including those specified through
[2025-09-09T14:04:16.937+0000] {spark_submit.py:521} INFO - --conf and those from the properties file null:
[2025-09-09T14:04:16.938+0000] {spark_submit.py:521} INFO - (spark.hadoop.fs.s3a.access.key,*********(redacted))
[2025-09-09T14:04:16.938+0000] {spark_submit.py:521} INFO - (spark.hadoop.fs.s3a.connection.establish.timeout,60000)
[2025-09-09T14:04:16.939+0000] {spark_submit.py:521} INFO - (spark.hadoop.fs.s3a.connection.ssl.enabled,false)
[2025-09-09T14:04:16.939+0000] {spark_submit.py:521} INFO - (spark.hadoop.fs.s3a.connection.timeout,60000)
[2025-09-09T14:04:16.939+0000] {spark_submit.py:521} INFO - (spark.hadoop.fs.s3a.endpoint,http://minio:9000)
[2025-09-09T14:04:16.939+0000] {spark_submit.py:521} INFO - (spark.hadoop.fs.s3a.impl,org.apache.hadoop.fs.s3a.S3AFileSystem)
[2025-09-09T14:04:16.942+0000] {spark_submit.py:521} INFO - (spark.hadoop.fs.s3a.path.style.access,true)
[2025-09-09T14:04:16.944+0000] {spark_submit.py:521} INFO - (spark.hadoop.fs.s3a.secret.key,*********(redacted))
[2025-09-09T14:04:16.950+0000] {spark_submit.py:521} INFO - (spark.jars.packages,org.apache.hadoop:hadoop-aws:3.3.4,com.amazonaws:aws-java-sdk-bundle:1.11.901)
[2025-09-09T14:04:16.951+0000] {spark_submit.py:521} INFO - (spark.master,spark://spark-master:7077)
[2025-09-09T14:04:16.951+0000] {spark_submit.py:521} INFO - 
[2025-09-09T14:04:16.952+0000] {spark_submit.py:521} INFO - 
[2025-09-09T14:04:17.083+0000] {spark_submit.py:521} INFO - :: loading settings :: url = jar:file:/home/***/.local/lib/python3.11/site-packages/pyspark/jars/ivy-2.5.3.jar!/org/apache/ivy/core/settings/ivysettings.xml
[2025-09-09T14:04:17.187+0000] {spark_submit.py:521} INFO - Ivy Default Cache set to: /home/***/.ivy2.5.2/cache
[2025-09-09T14:04:17.188+0000] {spark_submit.py:521} INFO - The jars for the packages stored in: /home/***/.ivy2.5.2/jars
[2025-09-09T14:04:17.192+0000] {spark_submit.py:521} INFO - org.apache.hadoop#hadoop-aws added as a dependency
[2025-09-09T14:04:17.192+0000] {spark_submit.py:521} INFO - com.amazonaws#aws-java-sdk-bundle added as a dependency
[2025-09-09T14:04:17.193+0000] {spark_submit.py:521} INFO - :: resolving dependencies :: org.apache.spark#spark-submit-parent-b69f1f6b-56b1-41e7-a4cf-186a8b0d77af;1.0
[2025-09-09T14:04:17.193+0000] {spark_submit.py:521} INFO - confs: [default]
[2025-09-09T14:04:17.566+0000] {spark_submit.py:521} INFO - found org.apache.hadoop#hadoop-aws;3.3.4 in central
[2025-09-09T14:04:17.591+0000] {spark_submit.py:521} INFO - found com.amazonaws#aws-java-sdk-bundle;1.12.262 in central
[2025-09-09T14:04:17.689+0000] {spark_submit.py:521} INFO - found org.wildfly.openssl#wildfly-openssl;1.0.7.Final in central
[2025-09-09T14:04:17.800+0000] {spark_submit.py:521} INFO - :: resolution report :: resolve 601ms :: artifacts dl 6ms
[2025-09-09T14:04:17.800+0000] {spark_submit.py:521} INFO - :: modules in use:
[2025-09-09T14:04:17.801+0000] {spark_submit.py:521} INFO - com.amazonaws#aws-java-sdk-bundle;1.12.262 from central in [default]
[2025-09-09T14:04:17.801+0000] {spark_submit.py:521} INFO - org.apache.hadoop#hadoop-aws;3.3.4 from central in [default]
[2025-09-09T14:04:17.801+0000] {spark_submit.py:521} INFO - org.wildfly.openssl#wildfly-openssl;1.0.7.Final from central in [default]
[2025-09-09T14:04:17.802+0000] {spark_submit.py:521} INFO - :: evicted modules:
[2025-09-09T14:04:17.802+0000] {spark_submit.py:521} INFO - com.amazonaws#aws-java-sdk-bundle;1.11.901 by [com.amazonaws#aws-java-sdk-bundle;1.12.262] in [default]
[2025-09-09T14:04:17.802+0000] {spark_submit.py:521} INFO - ---------------------------------------------------------------------
[2025-09-09T14:04:17.802+0000] {spark_submit.py:521} INFO - |                  |            modules            ||   artifacts   |
[2025-09-09T14:04:17.802+0000] {spark_submit.py:521} INFO - |       conf       | number| search|dwnlded|evicted|| number|dwnlded|
[2025-09-09T14:04:17.803+0000] {spark_submit.py:521} INFO - ---------------------------------------------------------------------
[2025-09-09T14:04:17.803+0000] {spark_submit.py:521} INFO - |      default     |   4   |   0   |   0   |   1   ||   3   |   0   |
[2025-09-09T14:04:17.803+0000] {spark_submit.py:521} INFO - ---------------------------------------------------------------------
[2025-09-09T14:04:17.835+0000] {spark_submit.py:521} INFO - :: retrieving :: org.apache.spark#spark-submit-parent-b69f1f6b-56b1-41e7-a4cf-186a8b0d77af
[2025-09-09T14:04:17.835+0000] {spark_submit.py:521} INFO - confs: [default]
[2025-09-09T14:04:17.839+0000] {spark_submit.py:521} INFO - 0 artifacts copied, 3 already retrieved (0kB/4ms)
[2025-09-09T14:04:18.307+0000] {spark_submit.py:521} INFO - 25/09/09 14:04:18 WARN NativeCodeLoader: Unable to load native-hadoop library for your platform... using builtin-java classes where applicable
[2025-09-09T14:04:18.455+0000] {spark_submit.py:521} INFO - Main class:
[2025-09-09T14:04:18.456+0000] {spark_submit.py:521} INFO - org.apache.spark.deploy.PythonRunner
[2025-09-09T14:04:18.456+0000] {spark_submit.py:521} INFO - Arguments:
[2025-09-09T14:04:18.456+0000] {spark_submit.py:521} INFO - file:/opt/spark-jobs/elt/transform/silver_topcv_transform.py
[2025-09-09T14:04:18.457+0000] {spark_submit.py:521} INFO - file:///home/***/.ivy2.5.2/jars/org.apache.hadoop_hadoop-aws-3.3.4.jar,file:///home/***/.ivy2.5.2/jars/com.amazonaws_aws-java-sdk-bundle-1.12.262.jar,file:///home/***/.ivy2.5.2/jars/org.wildfly.openssl_wildfly-openssl-1.0.7.Final.jar
[2025-09-09T14:04:18.457+0000] {spark_submit.py:521} INFO - Spark config:
[2025-09-09T14:04:18.457+0000] {spark_submit.py:521} INFO - (spark.app.name,arrow-spark)
[2025-09-09T14:04:18.457+0000] {spark_submit.py:521} INFO - (spark.app.submitTime,1757426658439)
[2025-09-09T14:04:18.458+0000] {spark_submit.py:521} INFO - (spark.files,file:///home/***/.ivy2.5.2/jars/org.apache.hadoop_hadoop-aws-3.3.4.jar,file:///home/***/.ivy2.5.2/jars/com.amazonaws_aws-java-sdk-bundle-1.12.262.jar,file:///home/***/.ivy2.5.2/jars/org.wildfly.openssl_wildfly-openssl-1.0.7.Final.jar)
[2025-09-09T14:04:18.458+0000] {spark_submit.py:521} INFO - (spark.hadoop.fs.s3a.access.key,*********(redacted))
[2025-09-09T14:04:18.458+0000] {spark_submit.py:521} INFO - (spark.hadoop.fs.s3a.connection.establish.timeout,60000)
[2025-09-09T14:04:18.458+0000] {spark_submit.py:521} INFO - (spark.hadoop.fs.s3a.connection.ssl.enabled,false)
[2025-09-09T14:04:18.459+0000] {spark_submit.py:521} INFO - (spark.hadoop.fs.s3a.connection.timeout,60000)
[2025-09-09T14:04:18.459+0000] {spark_submit.py:521} INFO - (spark.hadoop.fs.s3a.endpoint,http://minio:9000)
[2025-09-09T14:04:18.459+0000] {spark_submit.py:521} INFO - (spark.hadoop.fs.s3a.impl,org.apache.hadoop.fs.s3a.S3AFileSystem)
[2025-09-09T14:04:18.459+0000] {spark_submit.py:521} INFO - (spark.hadoop.fs.s3a.path.style.access,true)
[2025-09-09T14:04:18.459+0000] {spark_submit.py:521} INFO - (spark.hadoop.fs.s3a.secret.key,*********(redacted))
[2025-09-09T14:04:18.460+0000] {spark_submit.py:521} INFO - (spark.jars,file:///opt/custom-jars/aws-java-sdk-bundle-1.12.262.jar,file:///opt/custom-jars/hadoop-aws-3.3.4.jar,file:///home/***/.ivy2.5.2/jars/org.apache.hadoop_hadoop-aws-3.3.4.jar,file:///home/***/.ivy2.5.2/jars/com.amazonaws_aws-java-sdk-bundle-1.12.262.jar,file:///home/***/.ivy2.5.2/jars/org.wildfly.openssl_wildfly-openssl-1.0.7.Final.jar)
[2025-09-09T14:04:18.460+0000] {spark_submit.py:521} INFO - (spark.jars.packages,org.apache.hadoop:hadoop-aws:3.3.4,com.amazonaws:aws-java-sdk-bundle:1.11.901)
[2025-09-09T14:04:18.460+0000] {spark_submit.py:521} INFO - (spark.master,spark://spark-master:7077)
[2025-09-09T14:04:18.460+0000] {spark_submit.py:521} INFO - (spark.repl.local.jars,file:///opt/custom-jars/aws-java-sdk-bundle-1.12.262.jar,file:///opt/custom-jars/hadoop-aws-3.3.4.jar,file:///home/***/.ivy2.5.2/jars/org.apache.hadoop_hadoop-aws-3.3.4.jar,file:///home/***/.ivy2.5.2/jars/com.amazonaws_aws-java-sdk-bundle-1.12.262.jar,file:///home/***/.ivy2.5.2/jars/org.wildfly.openssl_wildfly-openssl-1.0.7.Final.jar)
[2025-09-09T14:04:18.460+0000] {spark_submit.py:521} INFO - (spark.submit.deployMode,client)
[2025-09-09T14:04:18.460+0000] {spark_submit.py:521} INFO - (spark.submit.pyFiles,/home/***/.ivy2.5.2/jars/org.apache.hadoop_hadoop-aws-3.3.4.jar,/home/***/.ivy2.5.2/jars/com.amazonaws_aws-java-sdk-bundle-1.12.262.jar,/home/***/.ivy2.5.2/jars/org.wildfly.openssl_wildfly-openssl-1.0.7.Final.jar)
[2025-09-09T14:04:18.461+0000] {spark_submit.py:521} INFO - Classpath elements:
[2025-09-09T14:04:18.461+0000] {spark_submit.py:521} INFO - file:///opt/custom-jars/aws-java-sdk-bundle-1.12.262.jar
[2025-09-09T14:04:18.467+0000] {spark_submit.py:521} INFO - file:///opt/custom-jars/hadoop-aws-3.3.4.jar
[2025-09-09T14:04:18.468+0000] {spark_submit.py:521} INFO - file:///home/***/.ivy2.5.2/jars/org.apache.hadoop_hadoop-aws-3.3.4.jar
[2025-09-09T14:04:18.475+0000] {spark_submit.py:521} INFO - file:///home/***/.ivy2.5.2/jars/com.amazonaws_aws-java-sdk-bundle-1.12.262.jar
[2025-09-09T14:04:18.475+0000] {spark_submit.py:521} INFO - file:///home/***/.ivy2.5.2/jars/org.wildfly.openssl_wildfly-openssl-1.0.7.Final.jar
[2025-09-09T14:04:18.476+0000] {spark_submit.py:521} INFO - 
[2025-09-09T14:04:18.476+0000] {spark_submit.py:521} INFO - 
[2025-09-09T14:04:21.716+0000] {spark_submit.py:521} INFO - Using Spark's default log4j profile: org/apache/spark/log4j2-defaults.properties
[2025-09-09T14:04:21.720+0000] {spark_submit.py:521} INFO - 25/09/09 14:04:21 INFO SparkContext: Running Spark version 4.0.1
[2025-09-09T14:04:21.722+0000] {spark_submit.py:521} INFO - 25/09/09 14:04:21 INFO SparkContext: OS info Linux, 5.15.167.4-microsoft-standard-WSL2, amd64
[2025-09-09T14:04:21.723+0000] {spark_submit.py:521} INFO - 25/09/09 14:04:21 INFO SparkContext: Java version 17.0.16
[2025-09-09T14:04:21.746+0000] {spark_submit.py:521} INFO - 25/09/09 14:04:21 INFO ResourceUtils: ==============================================================
[2025-09-09T14:04:21.747+0000] {spark_submit.py:521} INFO - 25/09/09 14:04:21 INFO ResourceUtils: No custom resources configured for spark.driver.
[2025-09-09T14:04:21.748+0000] {spark_submit.py:521} INFO - 25/09/09 14:04:21 INFO ResourceUtils: ==============================================================
[2025-09-09T14:04:21.748+0000] {spark_submit.py:521} INFO - 25/09/09 14:04:21 INFO SparkContext: Submitted application: SilverTopCVTransform
[2025-09-09T14:04:21.776+0000] {spark_submit.py:521} INFO - 25/09/09 14:04:21 INFO ResourceProfile: Default ResourceProfile created, executor resources: Map(memory -> name: memory, amount: 1024, script: , vendor: , offHeap -> name: offHeap, amount: 0, script: , vendor: ), task resources: Map(cpus -> name: cpus, amount: 1.0)
[2025-09-09T14:04:21.778+0000] {spark_submit.py:521} INFO - 25/09/09 14:04:21 INFO ResourceProfile: Limiting resource is cpu
[2025-09-09T14:04:21.779+0000] {spark_submit.py:521} INFO - 25/09/09 14:04:21 INFO ResourceProfileManager: Added ResourceProfile id: 0
[2025-09-09T14:04:21.828+0000] {spark_submit.py:521} INFO - 25/09/09 14:04:21 INFO SecurityManager: Changing view acls to: ***
[2025-09-09T14:04:21.829+0000] {spark_submit.py:521} INFO - 25/09/09 14:04:21 INFO SecurityManager: Changing modify acls to: ***
[2025-09-09T14:04:21.830+0000] {spark_submit.py:521} INFO - 25/09/09 14:04:21 INFO SecurityManager: Changing view acls groups to: ***
[2025-09-09T14:04:21.830+0000] {spark_submit.py:521} INFO - 25/09/09 14:04:21 INFO SecurityManager: Changing modify acls groups to: ***
[2025-09-09T14:04:21.832+0000] {spark_submit.py:521} INFO - 25/09/09 14:04:21 INFO SecurityManager: SecurityManager: authentication disabled; ui acls disabled; users with view permissions: *** groups with view permissions: EMPTY; users with modify permissions: ***; groups with modify permissions: EMPTY; RPC SSL disabled
[2025-09-09T14:04:22.067+0000] {spark_submit.py:521} INFO - 25/09/09 14:04:22 INFO Utils: Successfully started service 'sparkDriver' on port 40895.
[2025-09-09T14:04:22.098+0000] {spark_submit.py:521} INFO - 25/09/09 14:04:22 INFO SparkEnv: Registering MapOutputTracker
[2025-09-09T14:04:22.108+0000] {spark_submit.py:521} INFO - 25/09/09 14:04:22 INFO SparkEnv: Registering BlockManagerMaster
[2025-09-09T14:04:22.119+0000] {spark_submit.py:521} INFO - 25/09/09 14:04:22 INFO BlockManagerMasterEndpoint: Using org.apache.spark.storage.DefaultTopologyMapper for getting topology information
[2025-09-09T14:04:22.120+0000] {spark_submit.py:521} INFO - 25/09/09 14:04:22 INFO BlockManagerMasterEndpoint: BlockManagerMasterEndpoint up
[2025-09-09T14:04:22.125+0000] {spark_submit.py:521} INFO - 25/09/09 14:04:22 INFO SparkEnv: Registering BlockManagerMasterHeartbeat
[2025-09-09T14:04:22.145+0000] {spark_submit.py:521} INFO - 25/09/09 14:04:22 INFO DiskBlockManager: Created local directory at /tmp/blockmgr-5a6e2a00-dc6c-4fe9-8b51-955aad8678b3
[2025-09-09T14:04:22.166+0000] {spark_submit.py:521} INFO - 25/09/09 14:04:22 INFO SparkEnv: Registering OutputCommitCoordinator
[2025-09-09T14:04:22.274+0000] {spark_submit.py:521} INFO - 25/09/09 14:04:22 INFO JettyUtils: Start Jetty 0.0.0.0:4040 for SparkUI
[2025-09-09T14:04:22.353+0000] {spark_submit.py:521} INFO - 25/09/09 14:04:22 INFO Utils: Successfully started service 'SparkUI' on port 4040.
[2025-09-09T14:04:22.385+0000] {spark_submit.py:521} INFO - 25/09/09 14:04:22 INFO SparkContext: Added JAR file:///opt/custom-jars/aws-java-sdk-bundle-1.12.262.jar at spark://118acb478e13:40895/jars/aws-java-sdk-bundle-1.12.262.jar with timestamp 1757426661709
[2025-09-09T14:04:22.386+0000] {spark_submit.py:521} INFO - 25/09/09 14:04:22 INFO SparkContext: Added JAR file:///opt/custom-jars/hadoop-aws-3.3.4.jar at spark://118acb478e13:40895/jars/hadoop-aws-3.3.4.jar with timestamp 1757426661709
[2025-09-09T14:04:22.387+0000] {spark_submit.py:521} INFO - 25/09/09 14:04:22 INFO SparkContext: Added JAR file:///home/***/.ivy2.5.2/jars/org.apache.hadoop_hadoop-aws-3.3.4.jar at spark://118acb478e13:40895/jars/org.apache.hadoop_hadoop-aws-3.3.4.jar with timestamp 1757426661709
[2025-09-09T14:04:22.387+0000] {spark_submit.py:521} INFO - 25/09/09 14:04:22 INFO SparkContext: Added JAR file:///home/***/.ivy2.5.2/jars/com.amazonaws_aws-java-sdk-bundle-1.12.262.jar at spark://118acb478e13:40895/jars/com.amazonaws_aws-java-sdk-bundle-1.12.262.jar with timestamp 1757426661709
[2025-09-09T14:04:22.387+0000] {spark_submit.py:521} INFO - 25/09/09 14:04:22 INFO SparkContext: Added JAR file:///home/***/.ivy2.5.2/jars/org.wildfly.openssl_wildfly-openssl-1.0.7.Final.jar at spark://118acb478e13:40895/jars/org.wildfly.openssl_wildfly-openssl-1.0.7.Final.jar with timestamp 1757426661709
[2025-09-09T14:04:22.390+0000] {spark_submit.py:521} INFO - 25/09/09 14:04:22 INFO SparkContext: Added file file:///home/***/.ivy2.5.2/jars/org.apache.hadoop_hadoop-aws-3.3.4.jar at spark://118acb478e13:40895/files/org.apache.hadoop_hadoop-aws-3.3.4.jar with timestamp 1757426661709
[2025-09-09T14:04:22.391+0000] {spark_submit.py:521} INFO - 25/09/09 14:04:22 INFO Utils: Copying /home/***/.ivy2.5.2/jars/org.apache.hadoop_hadoop-aws-3.3.4.jar to /tmp/spark-4dc3e953-35f3-4b1f-9ce3-e8208880cfd7/userFiles-7ecfd856-6953-4b91-9feb-e495a94b89c9/org.apache.hadoop_hadoop-aws-3.3.4.jar
[2025-09-09T14:04:22.428+0000] {spark_submit.py:521} INFO - 25/09/09 14:04:22 INFO SparkContext: Added file file:///home/***/.ivy2.5.2/jars/com.amazonaws_aws-java-sdk-bundle-1.12.262.jar at spark://118acb478e13:40895/files/com.amazonaws_aws-java-sdk-bundle-1.12.262.jar with timestamp 1757426661709
[2025-09-09T14:04:22.428+0000] {spark_submit.py:521} INFO - 25/09/09 14:04:22 INFO Utils: Copying /home/***/.ivy2.5.2/jars/com.amazonaws_aws-java-sdk-bundle-1.12.262.jar to /tmp/spark-4dc3e953-35f3-4b1f-9ce3-e8208880cfd7/userFiles-7ecfd856-6953-4b91-9feb-e495a94b89c9/com.amazonaws_aws-java-sdk-bundle-1.12.262.jar
[2025-09-09T14:04:24.274+0000] {spark_submit.py:521} INFO - 25/09/09 14:04:24 INFO SparkContext: Added file file:///home/***/.ivy2.5.2/jars/org.wildfly.openssl_wildfly-openssl-1.0.7.Final.jar at spark://118acb478e13:40895/files/org.wildfly.openssl_wildfly-openssl-1.0.7.Final.jar with timestamp 1757426661709
[2025-09-09T14:04:24.275+0000] {spark_submit.py:521} INFO - 25/09/09 14:04:24 INFO Utils: Copying /home/***/.ivy2.5.2/jars/org.wildfly.openssl_wildfly-openssl-1.0.7.Final.jar to /tmp/spark-4dc3e953-35f3-4b1f-9ce3-e8208880cfd7/userFiles-7ecfd856-6953-4b91-9feb-e495a94b89c9/org.wildfly.openssl_wildfly-openssl-1.0.7.Final.jar
[2025-09-09T14:04:24.316+0000] {spark_submit.py:521} INFO - 25/09/09 14:04:24 INFO SecurityManager: Changing view acls to: ***
[2025-09-09T14:04:24.317+0000] {spark_submit.py:521} INFO - 25/09/09 14:04:24 INFO SecurityManager: Changing modify acls to: ***
[2025-09-09T14:04:24.318+0000] {spark_submit.py:521} INFO - 25/09/09 14:04:24 INFO SecurityManager: Changing view acls groups to: ***
[2025-09-09T14:04:24.318+0000] {spark_submit.py:521} INFO - 25/09/09 14:04:24 INFO SecurityManager: Changing modify acls groups to: ***
[2025-09-09T14:04:24.318+0000] {spark_submit.py:521} INFO - 25/09/09 14:04:24 INFO SecurityManager: SecurityManager: authentication disabled; ui acls disabled; users with view permissions: *** groups with view permissions: EMPTY; users with modify permissions: ***; groups with modify permissions: EMPTY; RPC SSL disabled
[2025-09-09T14:04:24.447+0000] {spark_submit.py:521} INFO - 25/09/09 14:04:24 INFO StandaloneAppClient$ClientEndpoint: Connecting to master spark://spark-master:7077...
[2025-09-09T14:04:24.491+0000] {spark_submit.py:521} INFO - 25/09/09 14:04:24 INFO TransportClientFactory: Successfully created connection to spark-master/172.18.0.2:7077 after 21 ms (0 ms spent in bootstraps)
[2025-09-09T14:04:24.769+0000] {spark_submit.py:521} INFO - 25/09/09 14:04:24 INFO StandaloneSchedulerBackend: Connected to Spark cluster with app ID app-20250909140424-0002
[2025-09-09T14:04:24.782+0000] {spark_submit.py:521} INFO - 25/09/09 14:04:24 INFO StandaloneAppClient$ClientEndpoint: Executor added: app-20250909140424-0002/0 on worker-20250909135521-172.18.0.7-44119 (172.18.0.7:44119) with 2 core(s)
[2025-09-09T14:04:24.784+0000] {spark_submit.py:521} INFO - 25/09/09 14:04:24 INFO Utils: Successfully started service 'org.apache.spark.network.netty.NettyBlockTransferService' on port 46249.
[2025-09-09T14:04:24.784+0000] {spark_submit.py:521} INFO - 25/09/09 14:04:24 INFO NettyBlockTransferService: Server created on 118acb478e13:46249
[2025-09-09T14:04:24.784+0000] {spark_submit.py:521} INFO - 25/09/09 14:04:24 INFO StandaloneSchedulerBackend: Granted executor ID app-20250909140424-0002/0 on hostPort 172.18.0.7:44119 with 2 core(s), 1024.0 MiB RAM
[2025-09-09T14:04:24.785+0000] {spark_submit.py:521} INFO - 25/09/09 14:04:24 INFO BlockManager: Using org.apache.spark.storage.RandomBlockReplicationPolicy for block replication policy
[2025-09-09T14:04:24.795+0000] {spark_submit.py:521} INFO - 25/09/09 14:04:24 INFO BlockManagerMaster: Registering BlockManager BlockManagerId(driver, 118acb478e13, 46249, None)
[2025-09-09T14:04:24.799+0000] {spark_submit.py:521} INFO - 25/09/09 14:04:24 INFO BlockManagerMasterEndpoint: Registering block manager 118acb478e13:46249 with 434.4 MiB RAM, BlockManagerId(driver, 118acb478e13, 46249, None)
[2025-09-09T14:04:24.802+0000] {spark_submit.py:521} INFO - 25/09/09 14:04:24 INFO BlockManagerMaster: Registered BlockManager BlockManagerId(driver, 118acb478e13, 46249, None)
[2025-09-09T14:04:24.803+0000] {spark_submit.py:521} INFO - 25/09/09 14:04:24 INFO BlockManager: Initialized BlockManager: BlockManagerId(driver, 118acb478e13, 46249, None)
[2025-09-09T14:04:24.959+0000] {spark_submit.py:521} INFO - 25/09/09 14:04:24 INFO StandaloneSchedulerBackend: SchedulerBackend is ready for scheduling beginning after reached minRegisteredResourcesRatio: 0.0
[2025-09-09T14:04:25.317+0000] {spark_submit.py:521} INFO - 25/09/09 14:04:25 INFO StandaloneAppClient$ClientEndpoint: Executor updated: app-20250909140424-0002/0 is now RUNNING
[2025-09-09T14:04:30.214+0000] {spark_submit.py:521} INFO - 25/09/09 14:04:30 INFO SharedState: Setting hive.metastore.warehouse.dir ('null') to the value of spark.sql.warehouse.dir.
[2025-09-09T14:04:30.243+0000] {spark_submit.py:521} INFO - 25/09/09 14:04:30 INFO SharedState: Warehouse path is 'file:/opt/***/spark-warehouse'.
[2025-09-09T14:04:31.168+0000] {spark_submit.py:521} INFO - 25/09/09 14:04:31 INFO StandaloneSchedulerBackend$StandaloneDriverEndpoint: Registered executor NettyRpcEndpointRef(spark-client://Executor) (172.18.0.7:60620) with ID 0, ResourceProfileId 0
[2025-09-09T14:04:31.554+0000] {spark_submit.py:521} INFO - 25/09/09 14:04:31 INFO BlockManagerMasterEndpoint: Registering block manager 172.18.0.7:41143 with 434.4 MiB RAM, BlockManagerId(0, 172.18.0.7, 41143, None)
[2025-09-09T14:04:31.799+0000] {spark_submit.py:521} INFO - 25/09/09 14:04:31 WARN MetricsConfig: Cannot locate configuration: tried hadoop-metrics2-s3a-file-system.properties,hadoop-metrics2.properties
[2025-09-09T14:04:31.814+0000] {spark_submit.py:521} INFO - 25/09/09 14:04:31 INFO MetricsSystemImpl: Scheduled Metric snapshot period at 10 second(s).
[2025-09-09T14:04:31.815+0000] {spark_submit.py:521} INFO - 25/09/09 14:04:31 INFO MetricsSystemImpl: s3a-file-system metrics system started
[2025-09-09T14:04:31.846+0000] {spark_submit.py:521} INFO - 25/09/09 14:04:31 INFO MetricsSystemImpl: Stopping s3a-file-system metrics system...
[2025-09-09T14:04:31.847+0000] {spark_submit.py:521} INFO - 25/09/09 14:04:31 INFO MetricsSystemImpl: s3a-file-system metrics system stopped.
[2025-09-09T14:04:31.847+0000] {spark_submit.py:521} INFO - 25/09/09 14:04:31 INFO MetricsSystemImpl: s3a-file-system metrics system shutdown complete.
[2025-09-09T14:04:31.848+0000] {spark_submit.py:521} INFO - 25/09/09 14:04:31 WARN FileSystem: Failed to initialize filesystem s3a://job/bronze/topcv/topcv_jobs.parquet: java.lang.NumberFormatException: For input string: "60s"
[2025-09-09T14:04:31.854+0000] {spark_submit.py:521} INFO - 25/09/09 14:04:31 WARN FileStreamSink: Assume no metadata directory. Error while looking for metadata directory in the path: s3a://job/bronze/topcv/topcv_jobs.parquet.
[2025-09-09T14:04:31.856+0000] {spark_submit.py:521} INFO - java.lang.NumberFormatException: For input string: "60s"
[2025-09-09T14:04:31.857+0000] {spark_submit.py:521} INFO - at java.base/java.lang.NumberFormatException.forInputString(NumberFormatException.java:67)
[2025-09-09T14:04:31.857+0000] {spark_submit.py:521} INFO - at java.base/java.lang.Long.parseLong(Long.java:711)
[2025-09-09T14:04:31.858+0000] {spark_submit.py:521} INFO - at java.base/java.lang.Long.parseLong(Long.java:836)
[2025-09-09T14:04:31.858+0000] {spark_submit.py:521} INFO - at org.apache.hadoop.conf.Configuration.getLong(Configuration.java:1607)
[2025-09-09T14:04:31.859+0000] {spark_submit.py:521} INFO - at org.apache.hadoop.fs.s3a.S3AUtils.longOption(S3AUtils.java:1024)
[2025-09-09T14:04:31.861+0000] {spark_submit.py:521} INFO - at org.apache.hadoop.fs.s3a.S3AFileSystem.initThreadPools(S3AFileSystem.java:719)
[2025-09-09T14:04:31.861+0000] {spark_submit.py:521} INFO - at org.apache.hadoop.fs.s3a.S3AFileSystem.initialize(S3AFileSystem.java:498)
[2025-09-09T14:04:31.861+0000] {spark_submit.py:521} INFO - at org.apache.hadoop.fs.FileSystem.createFileSystem(FileSystem.java:3615)
[2025-09-09T14:04:31.862+0000] {spark_submit.py:521} INFO - at org.apache.hadoop.fs.FileSystem.access$300(FileSystem.java:172)
[2025-09-09T14:04:31.862+0000] {spark_submit.py:521} INFO - at org.apache.hadoop.fs.FileSystem$Cache.getInternal(FileSystem.java:3716)
[2025-09-09T14:04:31.862+0000] {spark_submit.py:521} INFO - at org.apache.hadoop.fs.FileSystem$Cache.get(FileSystem.java:3667)
[2025-09-09T14:04:31.862+0000] {spark_submit.py:521} INFO - at org.apache.hadoop.fs.FileSystem.get(FileSystem.java:557)
[2025-09-09T14:04:31.863+0000] {spark_submit.py:521} INFO - at org.apache.hadoop.fs.Path.getFileSystem(Path.java:366)
[2025-09-09T14:04:31.863+0000] {spark_submit.py:521} INFO - at org.apache.spark.sql.execution.streaming.FileStreamSink$.hasMetadata(FileStreamSink.scala:55)
[2025-09-09T14:04:31.863+0000] {spark_submit.py:521} INFO - at org.apache.spark.sql.execution.datasources.DataSource.resolveRelation(DataSource.scala:381)
[2025-09-09T14:04:31.863+0000] {spark_submit.py:521} INFO - at org.apache.spark.sql.catalyst.analysis.ResolveDataSource.org$apache$spark$sql$catalyst$analysis$ResolveDataSource$$loadV1BatchSource(ResolveDataSource.scala:143)
[2025-09-09T14:04:31.863+0000] {spark_submit.py:521} INFO - at org.apache.spark.sql.catalyst.analysis.ResolveDataSource$$anonfun$apply$1.$anonfun$applyOrElse$2(ResolveDataSource.scala:61)
[2025-09-09T14:04:31.864+0000] {spark_submit.py:521} INFO - at scala.Option.getOrElse(Option.scala:201)
[2025-09-09T14:04:31.864+0000] {spark_submit.py:521} INFO - at org.apache.spark.sql.catalyst.analysis.ResolveDataSource$$anonfun$apply$1.applyOrElse(ResolveDataSource.scala:61)
[2025-09-09T14:04:31.864+0000] {spark_submit.py:521} INFO - at org.apache.spark.sql.catalyst.analysis.ResolveDataSource$$anonfun$apply$1.applyOrElse(ResolveDataSource.scala:45)
[2025-09-09T14:04:31.865+0000] {spark_submit.py:521} INFO - at org.apache.spark.sql.catalyst.plans.logical.AnalysisHelper.$anonfun$resolveOperatorsUpWithPruning$3(AnalysisHelper.scala:139)
[2025-09-09T14:04:31.865+0000] {spark_submit.py:521} INFO - at org.apache.spark.sql.catalyst.trees.CurrentOrigin$.withOrigin(origin.scala:86)
[2025-09-09T14:04:31.865+0000] {spark_submit.py:521} INFO - at org.apache.spark.sql.catalyst.plans.logical.AnalysisHelper.$anonfun$resolveOperatorsUpWithPruning$1(AnalysisHelper.scala:139)
[2025-09-09T14:04:31.865+0000] {spark_submit.py:521} INFO - at org.apache.spark.sql.catalyst.plans.logical.AnalysisHelper$.allowInvokingTransformsInAnalyzer(AnalysisHelper.scala:416)
[2025-09-09T14:04:31.866+0000] {spark_submit.py:521} INFO - at org.apache.spark.sql.catalyst.plans.logical.AnalysisHelper.resolveOperatorsUpWithPruning(AnalysisHelper.scala:135)
[2025-09-09T14:04:31.866+0000] {spark_submit.py:521} INFO - at org.apache.spark.sql.catalyst.plans.logical.AnalysisHelper.resolveOperatorsUpWithPruning$(AnalysisHelper.scala:131)
[2025-09-09T14:04:31.866+0000] {spark_submit.py:521} INFO - at org.apache.spark.sql.catalyst.plans.logical.LogicalPlan.resolveOperatorsUpWithPruning(LogicalPlan.scala:37)
[2025-09-09T14:04:31.867+0000] {spark_submit.py:521} INFO - at org.apache.spark.sql.catalyst.plans.logical.AnalysisHelper.resolveOperatorsUp(AnalysisHelper.scala:112)
[2025-09-09T14:04:31.867+0000] {spark_submit.py:521} INFO - at org.apache.spark.sql.catalyst.plans.logical.AnalysisHelper.resolveOperatorsUp$(AnalysisHelper.scala:111)
[2025-09-09T14:04:31.868+0000] {spark_submit.py:521} INFO - at org.apache.spark.sql.catalyst.plans.logical.LogicalPlan.resolveOperatorsUp(LogicalPlan.scala:37)
[2025-09-09T14:04:31.868+0000] {spark_submit.py:521} INFO - at org.apache.spark.sql.catalyst.analysis.ResolveDataSource.apply(ResolveDataSource.scala:45)
[2025-09-09T14:04:31.868+0000] {spark_submit.py:521} INFO - at org.apache.spark.sql.catalyst.analysis.ResolveDataSource.apply(ResolveDataSource.scala:43)
[2025-09-09T14:04:31.868+0000] {spark_submit.py:521} INFO - at org.apache.spark.sql.catalyst.rules.RuleExecutor.$anonfun$execute$2(RuleExecutor.scala:242)
[2025-09-09T14:04:31.869+0000] {spark_submit.py:521} INFO - at scala.collection.LinearSeqOps.foldLeft(LinearSeq.scala:183)
[2025-09-09T14:04:31.869+0000] {spark_submit.py:521} INFO - at scala.collection.LinearSeqOps.foldLeft$(LinearSeq.scala:179)
[2025-09-09T14:04:31.869+0000] {spark_submit.py:521} INFO - at scala.collection.immutable.List.foldLeft(List.scala:79)
[2025-09-09T14:04:31.869+0000] {spark_submit.py:521} INFO - at org.apache.spark.sql.catalyst.rules.RuleExecutor.$anonfun$execute$1(RuleExecutor.scala:239)
[2025-09-09T14:04:31.869+0000] {spark_submit.py:521} INFO - at org.apache.spark.sql.catalyst.rules.RuleExecutor.$anonfun$execute$1$adapted(RuleExecutor.scala:231)
[2025-09-09T14:04:31.870+0000] {spark_submit.py:521} INFO - at scala.collection.immutable.List.foreach(List.scala:334)
[2025-09-09T14:04:31.870+0000] {spark_submit.py:521} INFO - at org.apache.spark.sql.catalyst.rules.RuleExecutor.execute(RuleExecutor.scala:231)
[2025-09-09T14:04:31.870+0000] {spark_submit.py:521} INFO - at org.apache.spark.sql.catalyst.analysis.Analyzer.org$apache$spark$sql$catalyst$analysis$Analyzer$$executeSameContext(Analyzer.scala:340)
[2025-09-09T14:04:31.870+0000] {spark_submit.py:521} INFO - at org.apache.spark.sql.catalyst.analysis.Analyzer.$anonfun$execute$1(Analyzer.scala:336)
[2025-09-09T14:04:31.871+0000] {spark_submit.py:521} INFO - at org.apache.spark.sql.catalyst.analysis.AnalysisContext$.withNewAnalysisContext(Analyzer.scala:234)
[2025-09-09T14:04:31.871+0000] {spark_submit.py:521} INFO - at org.apache.spark.sql.catalyst.analysis.Analyzer.execute(Analyzer.scala:336)
[2025-09-09T14:04:31.871+0000] {spark_submit.py:521} INFO - at org.apache.spark.sql.catalyst.analysis.Analyzer.execute(Analyzer.scala:299)
[2025-09-09T14:04:31.872+0000] {spark_submit.py:521} INFO - at org.apache.spark.sql.catalyst.rules.RuleExecutor.$anonfun$executeAndTrack$1(RuleExecutor.scala:201)
[2025-09-09T14:04:31.872+0000] {spark_submit.py:521} INFO - at org.apache.spark.sql.catalyst.QueryPlanningTracker$.withTracker(QueryPlanningTracker.scala:89)
[2025-09-09T14:04:31.872+0000] {spark_submit.py:521} INFO - at org.apache.spark.sql.catalyst.rules.RuleExecutor.executeAndTrack(RuleExecutor.scala:201)
[2025-09-09T14:04:31.872+0000] {spark_submit.py:521} INFO - at org.apache.spark.sql.catalyst.analysis.resolver.HybridAnalyzer.resolveInFixedPoint(HybridAnalyzer.scala:190)
[2025-09-09T14:04:31.873+0000] {spark_submit.py:521} INFO - at org.apache.spark.sql.catalyst.analysis.resolver.HybridAnalyzer.$anonfun$apply$1(HybridAnalyzer.scala:76)
[2025-09-09T14:04:31.873+0000] {spark_submit.py:521} INFO - at org.apache.spark.sql.catalyst.analysis.resolver.HybridAnalyzer.withTrackedAnalyzerBridgeState(HybridAnalyzer.scala:111)
[2025-09-09T14:04:31.874+0000] {spark_submit.py:521} INFO - at org.apache.spark.sql.catalyst.analysis.resolver.HybridAnalyzer.apply(HybridAnalyzer.scala:71)
[2025-09-09T14:04:31.874+0000] {spark_submit.py:521} INFO - at org.apache.spark.sql.catalyst.analysis.Analyzer.$anonfun$executeAndCheck$1(Analyzer.scala:330)
[2025-09-09T14:04:31.874+0000] {spark_submit.py:521} INFO - at org.apache.spark.sql.catalyst.plans.logical.AnalysisHelper$.markInAnalyzer(AnalysisHelper.scala:423)
[2025-09-09T14:04:31.875+0000] {spark_submit.py:521} INFO - at org.apache.spark.sql.catalyst.analysis.Analyzer.executeAndCheck(Analyzer.scala:330)
[2025-09-09T14:04:31.875+0000] {spark_submit.py:521} INFO - at org.apache.spark.sql.execution.QueryExecution.$anonfun$lazyAnalyzed$2(QueryExecution.scala:110)
[2025-09-09T14:04:31.876+0000] {spark_submit.py:521} INFO - at org.apache.spark.sql.catalyst.QueryPlanningTracker.measurePhase(QueryPlanningTracker.scala:148)
[2025-09-09T14:04:31.876+0000] {spark_submit.py:521} INFO - at org.apache.spark.sql.execution.QueryExecution.$anonfun$executePhase$2(QueryExecution.scala:278)
[2025-09-09T14:04:31.876+0000] {spark_submit.py:521} INFO - at org.apache.spark.sql.execution.QueryExecution$.withInternalError(QueryExecution.scala:654)
[2025-09-09T14:04:31.877+0000] {spark_submit.py:521} INFO - at org.apache.spark.sql.execution.QueryExecution.$anonfun$executePhase$1(QueryExecution.scala:278)
[2025-09-09T14:04:31.877+0000] {spark_submit.py:521} INFO - at org.apache.spark.sql.SparkSession.withActive(SparkSession.scala:804)
[2025-09-09T14:04:31.878+0000] {spark_submit.py:521} INFO - at org.apache.spark.sql.execution.QueryExecution.executePhase(QueryExecution.scala:277)
[2025-09-09T14:04:31.878+0000] {spark_submit.py:521} INFO - at org.apache.spark.sql.execution.QueryExecution.$anonfun$lazyAnalyzed$1(QueryExecution.scala:110)
[2025-09-09T14:04:31.878+0000] {spark_submit.py:521} INFO - at scala.util.Try$.apply(Try.scala:217)
[2025-09-09T14:04:31.879+0000] {spark_submit.py:521} INFO - at org.apache.spark.util.Utils$.doTryWithCallerStacktrace(Utils.scala:1378)
[2025-09-09T14:04:31.879+0000] {spark_submit.py:521} INFO - at org.apache.spark.util.LazyTry.tryT$lzycompute(LazyTry.scala:46)
[2025-09-09T14:04:31.880+0000] {spark_submit.py:521} INFO - at org.apache.spark.util.LazyTry.tryT(LazyTry.scala:46)
[2025-09-09T14:04:31.880+0000] {spark_submit.py:521} INFO - at org.apache.spark.util.LazyTry.get(LazyTry.scala:58)
[2025-09-09T14:04:31.880+0000] {spark_submit.py:521} INFO - at org.apache.spark.sql.execution.QueryExecution.analyzed(QueryExecution.scala:121)
[2025-09-09T14:04:31.880+0000] {spark_submit.py:521} INFO - at org.apache.spark.sql.execution.QueryExecution.assertAnalyzed(QueryExecution.scala:80)
[2025-09-09T14:04:31.880+0000] {spark_submit.py:521} INFO - at org.apache.spark.sql.classic.Dataset$.$anonfun$ofRows$1(Dataset.scala:115)
[2025-09-09T14:04:31.881+0000] {spark_submit.py:521} INFO - at org.apache.spark.sql.SparkSession.withActive(SparkSession.scala:804)
[2025-09-09T14:04:31.881+0000] {spark_submit.py:521} INFO - at org.apache.spark.sql.classic.Dataset$.ofRows(Dataset.scala:113)
[2025-09-09T14:04:31.881+0000] {spark_submit.py:521} INFO - at org.apache.spark.sql.classic.DataFrameReader.load(DataFrameReader.scala:109)
[2025-09-09T14:04:31.881+0000] {spark_submit.py:521} INFO - at org.apache.spark.sql.classic.DataFrameReader.load(DataFrameReader.scala:58)
[2025-09-09T14:04:31.882+0000] {spark_submit.py:521} INFO - at org.apache.spark.sql.DataFrameReader.parquet(DataFrameReader.scala:457)
[2025-09-09T14:04:31.882+0000] {spark_submit.py:521} INFO - at org.apache.spark.sql.classic.DataFrameReader.parquet(DataFrameReader.scala:306)
[2025-09-09T14:04:31.882+0000] {spark_submit.py:521} INFO - at org.apache.spark.sql.classic.DataFrameReader.parquet(DataFrameReader.scala:58)
[2025-09-09T14:04:31.882+0000] {spark_submit.py:521} INFO - at java.base/jdk.internal.reflect.NativeMethodAccessorImpl.invoke0(Native Method)
[2025-09-09T14:04:31.883+0000] {spark_submit.py:521} INFO - at java.base/jdk.internal.reflect.NativeMethodAccessorImpl.invoke(NativeMethodAccessorImpl.java:77)
[2025-09-09T14:04:31.883+0000] {spark_submit.py:521} INFO - at java.base/jdk.internal.reflect.DelegatingMethodAccessorImpl.invoke(DelegatingMethodAccessorImpl.java:43)
[2025-09-09T14:04:31.883+0000] {spark_submit.py:521} INFO - at java.base/java.lang.reflect.Method.invoke(Method.java:569)
[2025-09-09T14:04:31.883+0000] {spark_submit.py:521} INFO - at py4j.reflection.MethodInvoker.invoke(MethodInvoker.java:244)
[2025-09-09T14:04:31.884+0000] {spark_submit.py:521} INFO - at py4j.reflection.ReflectionEngine.invoke(ReflectionEngine.java:374)
[2025-09-09T14:04:31.884+0000] {spark_submit.py:521} INFO - at py4j.Gateway.invoke(Gateway.java:282)
[2025-09-09T14:04:31.884+0000] {spark_submit.py:521} INFO - at py4j.commands.AbstractCommand.invokeMethod(AbstractCommand.java:132)
[2025-09-09T14:04:31.884+0000] {spark_submit.py:521} INFO - at py4j.commands.CallCommand.execute(CallCommand.java:79)
[2025-09-09T14:04:31.884+0000] {spark_submit.py:521} INFO - at py4j.ClientServerConnection.waitForCommands(ClientServerConnection.java:184)
[2025-09-09T14:04:31.885+0000] {spark_submit.py:521} INFO - at py4j.ClientServerConnection.run(ClientServerConnection.java:108)
[2025-09-09T14:04:31.885+0000] {spark_submit.py:521} INFO - at java.base/java.lang.Thread.run(Thread.java:840)
[2025-09-09T14:04:31.887+0000] {spark_submit.py:521} INFO - 25/09/09 14:04:31 WARN MetricsConfig: Cannot locate configuration: tried hadoop-metrics2-s3a-file-system.properties,hadoop-metrics2.properties
[2025-09-09T14:04:31.887+0000] {spark_submit.py:521} INFO - 25/09/09 14:04:31 INFO MetricsSystemImpl: Scheduled Metric snapshot period at 10 second(s).
[2025-09-09T14:04:31.887+0000] {spark_submit.py:521} INFO - 25/09/09 14:04:31 INFO MetricsSystemImpl: s3a-file-system metrics system started
[2025-09-09T14:04:31.888+0000] {spark_submit.py:521} INFO - 25/09/09 14:04:31 INFO MetricsSystemImpl: Stopping s3a-file-system metrics system...
[2025-09-09T14:04:31.888+0000] {spark_submit.py:521} INFO - 25/09/09 14:04:31 INFO MetricsSystemImpl: s3a-file-system metrics system stopped.
[2025-09-09T14:04:31.888+0000] {spark_submit.py:521} INFO - 25/09/09 14:04:31 INFO MetricsSystemImpl: s3a-file-system metrics system shutdown complete.
[2025-09-09T14:04:31.888+0000] {spark_submit.py:521} INFO - 25/09/09 14:04:31 WARN FileSystem: Failed to initialize filesystem s3a://job/bronze/topcv/topcv_jobs.parquet: java.lang.NumberFormatException: For input string: "60s"
[2025-09-09T14:04:31.963+0000] {spark_submit.py:521} INFO - Traceback (most recent call last):
[2025-09-09T14:04:31.963+0000] {spark_submit.py:521} INFO - File "/opt/spark-jobs/elt/transform/silver_topcv_transform.py", line 21, in <module>
[2025-09-09T14:04:31.967+0000] {spark_submit.py:521} INFO - df = spark.read.parquet(f"s3a://{MINIO_BUCKET}/bronze/topcv/topcv_jobs.parquet")
[2025-09-09T14:04:31.967+0000] {spark_submit.py:521} INFO - ^^^^^^^^^^^^^^^^^^^^^^^^^^^^^^^^^^^^^^^^^^^^^^^^^^^^^^^^^^^^^^^^^^^^^^^^^^^
[2025-09-09T14:04:31.968+0000] {spark_submit.py:521} INFO - File "/home/***/.local/lib/python3.11/site-packages/pyspark/python/lib/pyspark.zip/pyspark/sql/readwriter.py", line 642, in parquet
[2025-09-09T14:04:31.969+0000] {spark_submit.py:521} INFO - File "/home/***/.local/lib/python3.11/site-packages/pyspark/python/lib/py4j-0.10.9.9-src.zip/py4j/java_gateway.py", line 1362, in __call__
[2025-09-09T14:04:31.970+0000] {spark_submit.py:521} INFO - File "/home/***/.local/lib/python3.11/site-packages/pyspark/python/lib/pyspark.zip/pyspark/errors/exceptions/captured.py", line 288, in deco
[2025-09-09T14:04:31.976+0000] {spark_submit.py:521} INFO - pyspark.errors.exceptions.captured.NumberFormatException: For input string: "60s"
[2025-09-09T14:04:32.379+0000] {spark_submit.py:521} INFO - 25/09/09 14:04:32 INFO SparkContext: Invoking stop() from shutdown hook
[2025-09-09T14:04:32.382+0000] {spark_submit.py:521} INFO - 25/09/09 14:04:32 INFO SparkContext: SparkContext is stopping with exitCode 0 from run at Executors.java:539.
[2025-09-09T14:04:32.395+0000] {spark_submit.py:521} INFO - 25/09/09 14:04:32 INFO SparkUI: Stopped Spark web UI at http://118acb478e13:4040
[2025-09-09T14:04:32.399+0000] {spark_submit.py:521} INFO - 25/09/09 14:04:32 INFO StandaloneSchedulerBackend: Shutting down all executors
[2025-09-09T14:04:32.399+0000] {spark_submit.py:521} INFO - 25/09/09 14:04:32 INFO StandaloneSchedulerBackend$StandaloneDriverEndpoint: Asking each executor to shut down
[2025-09-09T14:04:32.435+0000] {spark_submit.py:521} INFO - 25/09/09 14:04:32 INFO MapOutputTrackerMasterEndpoint: MapOutputTrackerMasterEndpoint stopped!
[2025-09-09T14:04:32.484+0000] {spark_submit.py:521} INFO - 25/09/09 14:04:32 INFO MemoryStore: MemoryStore started with capacity 434.4 MiB
[2025-09-09T14:04:32.485+0000] {spark_submit.py:521} INFO - 25/09/09 14:04:32 INFO MemoryStore: MemoryStore cleared
[2025-09-09T14:04:32.486+0000] {spark_submit.py:521} INFO - 25/09/09 14:04:32 INFO BlockManager: BlockManager stopped
[2025-09-09T14:04:32.495+0000] {spark_submit.py:521} INFO - 25/09/09 14:04:32 INFO BlockManagerMaster: BlockManagerMaster stopped
[2025-09-09T14:04:32.498+0000] {spark_submit.py:521} INFO - 25/09/09 14:04:32 INFO OutputCommitCoordinator$OutputCommitCoordinatorEndpoint: OutputCommitCoordinator stopped!
[2025-09-09T14:04:32.530+0000] {spark_submit.py:521} INFO - 25/09/09 14:04:32 ERROR TransportRequestHandler: Error sending result StreamResponse[streamId=/files/com.amazonaws_aws-java-sdk-bundle-1.12.262.jar,byteCount=280645251,body=FileSegmentManagedBuffer[file=/home/***/.ivy2.5.2/jars/com.amazonaws_aws-java-sdk-bundle-1.12.262.jar,offset=0,length=280645251]] to /172.18.0.7:60632; closing connection
[2025-09-09T14:04:32.531+0000] {spark_submit.py:521} INFO - io.netty.channel.StacklessClosedChannelException
[2025-09-09T14:04:32.531+0000] {spark_submit.py:521} INFO - at io.netty.channel.AbstractChannel.close(ChannelPromise)(Unknown Source)
[2025-09-09T14:04:32.630+0000] {spark_submit.py:521} INFO - 25/09/09 14:04:32 INFO SparkContext: Successfully stopped SparkContext
[2025-09-09T14:04:32.630+0000] {spark_submit.py:521} INFO - 25/09/09 14:04:32 INFO ShutdownHookManager: Shutdown hook called
[2025-09-09T14:04:32.631+0000] {spark_submit.py:521} INFO - 25/09/09 14:04:32 INFO ShutdownHookManager: Deleting directory /tmp/spark-4dc3e953-35f3-4b1f-9ce3-e8208880cfd7
[2025-09-09T14:04:32.644+0000] {spark_submit.py:521} INFO - 25/09/09 14:04:32 INFO ShutdownHookManager: Deleting directory /tmp/spark-01909f4a-99bf-47dd-9843-98eb3bc2b78b
[2025-09-09T14:04:32.653+0000] {spark_submit.py:521} INFO - 25/09/09 14:04:32 INFO ShutdownHookManager: Deleting directory /tmp/spark-4dc3e953-35f3-4b1f-9ce3-e8208880cfd7/pyspark-2ba2c5d1-82ff-4246-b033-34b3e202d97a
[2025-09-09T14:04:32.727+0000] {taskinstance.py:441} INFO - ::group::Post task execution logs
[2025-09-09T14:04:32.790+0000] {taskinstance.py:2905} ERROR - Task failed with exception
Traceback (most recent call last):
  File "/home/airflow/.local/lib/python3.11/site-packages/airflow/models/taskinstance.py", line 465, in _execute_task
    result = _execute_callable(context=context, **execute_callable_kwargs)
             ^^^^^^^^^^^^^^^^^^^^^^^^^^^^^^^^^^^^^^^^^^^^^^^^^^^^^^^^^^^^^
  File "/home/airflow/.local/lib/python3.11/site-packages/airflow/models/taskinstance.py", line 432, in _execute_callable
    return execute_callable(context=context, **execute_callable_kwargs)
           ^^^^^^^^^^^^^^^^^^^^^^^^^^^^^^^^^^^^^^^^^^^^^^^^^^^^^^^^^^^^
  File "/home/airflow/.local/lib/python3.11/site-packages/airflow/models/baseoperator.py", line 400, in wrapper
    return func(self, *args, **kwargs)
           ^^^^^^^^^^^^^^^^^^^^^^^^^^^
  File "/home/airflow/.local/lib/python3.11/site-packages/airflow/providers/apache/spark/operators/spark_submit.py", line 156, in execute
    self._hook.submit(self._application)
  File "/home/airflow/.local/lib/python3.11/site-packages/airflow/providers/apache/spark/hooks/spark_submit.py", line 452, in submit
    raise AirflowException(
airflow.exceptions.AirflowException: Cannot execute: spark-submit --master spark://spark-master:7077 --conf spark.master=spark://spark-master:7077 --conf spark.jars.packages=org.apache.hadoop:hadoop-aws:3.3.4,com.amazonaws:aws-java-sdk-bundle:1.11.901 --conf spark.hadoop.fs.s3a.impl=org.apache.hadoop.fs.s3a.S3AFileSystem --conf spark.hadoop.fs.s3a.endpoint=http://minio:9000 --conf spark.hadoop.fs.s3a.access.key=minio --conf spark.hadoop.fs.s3a.secret.key=****** --conf spark.hadoop.fs.s3a.path.style.access=true --conf spark.hadoop.fs.s3a.connection.ssl.enabled=false --conf spark.hadoop.fs.s3a.connection.timeout=60000 --conf spark.hadoop.fs.s3a.connection.establish.timeout=60000 --jars /opt/custom-jars/aws-java-sdk-bundle-1.12.262.jar,/opt/custom-jars/hadoop-aws-3.3.4.jar --name arrow-spark --verbose /opt/spark-jobs/elt/transform/silver_topcv_transform.py. Error code is: 1.
[2025-09-09T14:04:32.832+0000] {taskinstance.py:1206} INFO - Marking task as FAILED. dag_id=spark_transform_pipeline, task_id=silver_group.silver_topcv_transform, run_id=manual__2025-09-09T14:04:06.911221+00:00, execution_date=20250909T140406, start_date=20250909T140413, end_date=20250909T140432
[2025-09-09T14:04:32.892+0000] {standard_task_runner.py:110} ERROR - Failed to execute job 112 for task silver_group.silver_topcv_transform (Cannot execute: spark-submit --master spark://spark-master:7077 --conf spark.master=spark://spark-master:7077 --conf spark.jars.packages=org.apache.hadoop:hadoop-aws:3.3.4,com.amazonaws:aws-java-sdk-bundle:1.11.901 --conf spark.hadoop.fs.s3a.impl=org.apache.hadoop.fs.s3a.S3AFileSystem --conf spark.hadoop.fs.s3a.endpoint=http://minio:9000 --conf spark.hadoop.fs.s3a.access.key=minio --conf spark.hadoop.fs.s3a.secret.key=****** --conf spark.hadoop.fs.s3a.path.style.access=true --conf spark.hadoop.fs.s3a.connection.ssl.enabled=false --conf spark.hadoop.fs.s3a.connection.timeout=60000 --conf spark.hadoop.fs.s3a.connection.establish.timeout=60000 --jars /opt/custom-jars/aws-java-sdk-bundle-1.12.262.jar,/opt/custom-jars/hadoop-aws-3.3.4.jar --name arrow-spark --verbose /opt/spark-jobs/elt/transform/silver_topcv_transform.py. Error code is: 1.; 457)
[2025-09-09T14:04:32.967+0000] {local_task_job_runner.py:240} INFO - Task exited with return code 1
[2025-09-09T14:04:33.011+0000] {taskinstance.py:3498} INFO - 0 downstream tasks scheduled from follow-on schedule check
[2025-09-09T14:04:33.014+0000] {local_task_job_runner.py:222} INFO - ::endgroup::
