[2025-08-08T18:10:45.864+0000] {local_task_job_runner.py:120} INFO - ::group::Pre task execution logs
[2025-08-08T18:10:45.950+0000] {taskinstance.py:2076} INFO - Dependencies all met for dep_context=non-requeueable deps ti=<TaskInstance: spark_transform_topcv.submit_spark_job manual__2025-08-08T18:10:38.517157+00:00 [queued]>
[2025-08-08T18:10:45.958+0000] {taskinstance.py:2076} INFO - Dependencies all met for dep_context=requeueable deps ti=<TaskInstance: spark_transform_topcv.submit_spark_job manual__2025-08-08T18:10:38.517157+00:00 [queued]>
[2025-08-08T18:10:45.959+0000] {taskinstance.py:2306} INFO - Starting attempt 1 of 1
[2025-08-08T18:10:45.972+0000] {taskinstance.py:2330} INFO - Executing <Task(SparkSubmitOperator): submit_spark_job> on 2025-08-08 18:10:38.517157+00:00
[2025-08-08T18:10:45.984+0000] {standard_task_runner.py:90} INFO - Running: ['***', 'tasks', 'run', 'spark_transform_topcv', 'submit_spark_job', 'manual__2025-08-08T18:10:38.517157+00:00', '--job-id', '24', '--raw', '--subdir', 'DAGS_FOLDER/etl_jobs_dag.py', '--cfg-path', '/tmp/tmpndqpzscx']
[2025-08-08T18:10:45.990+0000] {standard_task_runner.py:91} INFO - Job 24: Subtask submit_spark_job
[2025-08-08T18:10:45.985+0000] {standard_task_runner.py:63} INFO - Started process 3210 to run task
[2025-08-08T18:10:46.089+0000] {task_command.py:426} INFO - Running <TaskInstance: spark_transform_topcv.submit_spark_job manual__2025-08-08T18:10:38.517157+00:00 [running]> on host eaa3d97078aa
[2025-08-08T18:10:46.257+0000] {taskinstance.py:2648} INFO - Exporting env vars: AIRFLOW_CTX_DAG_OWNER='***' AIRFLOW_CTX_DAG_ID='spark_transform_topcv' AIRFLOW_CTX_TASK_ID='submit_spark_job' AIRFLOW_CTX_EXECUTION_DATE='2025-08-08T18:10:38.517157+00:00' AIRFLOW_CTX_TRY_NUMBER='1' AIRFLOW_CTX_DAG_RUN_ID='manual__2025-08-08T18:10:38.517157+00:00'
[2025-08-08T18:10:46.258+0000] {taskinstance.py:430} INFO - ::endgroup::
[2025-08-08T18:10:46.305+0000] {spark_submit.py:223} INFO - Could not load connection string spark_default, defaulting to yarn
[2025-08-08T18:10:46.307+0000] {spark_submit.py:351} INFO - Spark-Submit cmd: spark-submit --master yarn --conf spark.jars=/opt/custom-jars/gcs-connector-hadoop3-2.2.14-shaded.jar --conf spark.hadoop.fs.gs.impl=com.google.cloud.hadoop.fs.gcs.GoogleHadoopFileSystem --conf spark.hadoop.fs.AbstractFileSystem.gs.impl=com.google.cloud.hadoop.fs.gcs.GoogleHadoopFS --conf spark.hadoop.google.cloud.auth.service.account.enable=true --conf spark.hadoop.google.cloud.auth.service.account.json.keyfile=/opt/keys/gcp-key.json --conf spark.yarn.appMasterEnv.HADOOP_CONF_DIR=/opt/hadoop/etc/hadoop --jars /opt/custom-jars/gcs-connector-hadoop3-2.2.14-shaded.jar --name arrow-spark --verbose /opt/spark-jobs/gold_transform.py
[2025-08-08T18:10:49.688+0000] {spark_submit.py:521} INFO - WARNING: Using incubator modules: jdk.incubator.vector
[2025-08-08T18:10:53.749+0000] {spark_submit.py:521} INFO - Parsed arguments:
[2025-08-08T18:10:53.750+0000] {spark_submit.py:521} INFO - master                  yarn
[2025-08-08T18:10:53.751+0000] {spark_submit.py:521} INFO - remote                  null
[2025-08-08T18:10:53.751+0000] {spark_submit.py:521} INFO - deployMode              null
[2025-08-08T18:10:53.756+0000] {spark_submit.py:521} INFO - executorMemory          null
[2025-08-08T18:10:53.757+0000] {spark_submit.py:521} INFO - executorCores           null
[2025-08-08T18:10:53.757+0000] {spark_submit.py:521} INFO - totalExecutorCores      null
[2025-08-08T18:10:53.758+0000] {spark_submit.py:521} INFO - propertiesFile          null
[2025-08-08T18:10:53.758+0000] {spark_submit.py:521} INFO - driverMemory            null
[2025-08-08T18:10:53.758+0000] {spark_submit.py:521} INFO - driverCores             null
[2025-08-08T18:10:53.759+0000] {spark_submit.py:521} INFO - driverExtraClassPath    null
[2025-08-08T18:10:53.759+0000] {spark_submit.py:521} INFO - driverExtraLibraryPath  null
[2025-08-08T18:10:53.760+0000] {spark_submit.py:521} INFO - driverExtraJavaOptions  null
[2025-08-08T18:10:53.760+0000] {spark_submit.py:521} INFO - supervise               false
[2025-08-08T18:10:53.761+0000] {spark_submit.py:521} INFO - queue                   null
[2025-08-08T18:10:53.761+0000] {spark_submit.py:521} INFO - numExecutors            null
[2025-08-08T18:10:53.762+0000] {spark_submit.py:521} INFO - files                   null
[2025-08-08T18:10:53.762+0000] {spark_submit.py:521} INFO - pyFiles                 null
[2025-08-08T18:10:53.763+0000] {spark_submit.py:521} INFO - archives                null
[2025-08-08T18:10:53.763+0000] {spark_submit.py:521} INFO - mainClass               null
[2025-08-08T18:10:53.763+0000] {spark_submit.py:521} INFO - primaryResource         file:/opt/spark-jobs/gold_transform.py
[2025-08-08T18:10:53.764+0000] {spark_submit.py:521} INFO - name                    arrow-spark
[2025-08-08T18:10:53.764+0000] {spark_submit.py:521} INFO - childArgs               []
[2025-08-08T18:10:53.764+0000] {spark_submit.py:521} INFO - jars                    file:/opt/custom-jars/gcs-connector-hadoop3-2.2.14-shaded.jar
[2025-08-08T18:10:53.765+0000] {spark_submit.py:521} INFO - packages                null
[2025-08-08T18:10:53.765+0000] {spark_submit.py:521} INFO - packagesExclusions      null
[2025-08-08T18:10:53.765+0000] {spark_submit.py:521} INFO - repositories            null
[2025-08-08T18:10:53.765+0000] {spark_submit.py:521} INFO - verbose                 true
[2025-08-08T18:10:53.766+0000] {spark_submit.py:521} INFO - 
[2025-08-08T18:10:53.766+0000] {spark_submit.py:521} INFO - Spark properties used, including those specified through
[2025-08-08T18:10:53.766+0000] {spark_submit.py:521} INFO - --conf and those from the properties file null:
[2025-08-08T18:10:53.766+0000] {spark_submit.py:521} INFO - (spark.hadoop.fs.AbstractFileSystem.gs.impl,com.google.cloud.hadoop.fs.gcs.GoogleHadoopFS)
[2025-08-08T18:10:53.766+0000] {spark_submit.py:521} INFO - (spark.hadoop.fs.gs.impl,com.google.cloud.hadoop.fs.gcs.GoogleHadoopFileSystem)
[2025-08-08T18:10:53.767+0000] {spark_submit.py:521} INFO - (spark.hadoop.google.cloud.auth.service.account.enable,true)
[2025-08-08T18:10:53.767+0000] {spark_submit.py:521} INFO - (spark.hadoop.google.cloud.auth.service.account.json.keyfile,/opt/keys/gcp-key.json)
[2025-08-08T18:10:53.767+0000] {spark_submit.py:521} INFO - (spark.jars,/opt/custom-jars/gcs-connector-hadoop3-2.2.14-shaded.jar)
[2025-08-08T18:10:53.768+0000] {spark_submit.py:521} INFO - (spark.yarn.appMasterEnv.HADOOP_CONF_DIR,/opt/hadoop/etc/hadoop)
[2025-08-08T18:10:53.768+0000] {spark_submit.py:521} INFO - 
[2025-08-08T18:10:53.769+0000] {spark_submit.py:521} INFO - 
[2025-08-08T18:10:54.951+0000] {spark_submit.py:521} INFO - 25/08/08 18:10:54 WARN NativeCodeLoader: Unable to load native-hadoop library for your platform... using builtin-java classes where applicable
[2025-08-08T18:10:55.698+0000] {spark_submit.py:521} INFO - Main class:
[2025-08-08T18:10:55.702+0000] {spark_submit.py:521} INFO - org.apache.spark.deploy.PythonRunner
[2025-08-08T18:10:55.713+0000] {spark_submit.py:521} INFO - Arguments:
[2025-08-08T18:10:55.715+0000] {spark_submit.py:521} INFO - file:/opt/spark-jobs/gold_transform.py
[2025-08-08T18:10:55.719+0000] {spark_submit.py:521} INFO - null
[2025-08-08T18:10:55.725+0000] {spark_submit.py:521} INFO - Spark config:
[2025-08-08T18:10:55.734+0000] {spark_submit.py:521} INFO - (spark.app.name,arrow-spark)
[2025-08-08T18:10:55.735+0000] {spark_submit.py:521} INFO - (spark.app.submitTime,1754676655525)
[2025-08-08T18:10:55.737+0000] {spark_submit.py:521} INFO - (spark.hadoop.fs.AbstractFileSystem.gs.impl,com.google.cloud.hadoop.fs.gcs.GoogleHadoopFS)
[2025-08-08T18:10:55.737+0000] {spark_submit.py:521} INFO - (spark.hadoop.fs.gs.impl,com.google.cloud.hadoop.fs.gcs.GoogleHadoopFileSystem)
[2025-08-08T18:10:55.738+0000] {spark_submit.py:521} INFO - (spark.hadoop.google.cloud.auth.service.account.enable,true)
[2025-08-08T18:10:55.740+0000] {spark_submit.py:521} INFO - (spark.hadoop.google.cloud.auth.service.account.json.keyfile,/opt/keys/gcp-key.json)
[2025-08-08T18:10:55.742+0000] {spark_submit.py:521} INFO - (spark.jars,file:/opt/custom-jars/gcs-connector-hadoop3-2.2.14-shaded.jar)
[2025-08-08T18:10:55.743+0000] {spark_submit.py:521} INFO - (spark.master,yarn)
[2025-08-08T18:10:55.745+0000] {spark_submit.py:521} INFO - (spark.repl.local.jars,file:/opt/custom-jars/gcs-connector-hadoop3-2.2.14-shaded.jar)
[2025-08-08T18:10:55.746+0000] {spark_submit.py:521} INFO - (spark.submit.deployMode,client)
[2025-08-08T18:10:55.747+0000] {spark_submit.py:521} INFO - (spark.submit.pyFiles,)
[2025-08-08T18:10:55.750+0000] {spark_submit.py:521} INFO - (spark.yarn.appMasterEnv.HADOOP_CONF_DIR,/opt/hadoop/etc/hadoop)
[2025-08-08T18:10:55.752+0000] {spark_submit.py:521} INFO - (spark.yarn.dist.jars,file:/opt/custom-jars/gcs-connector-hadoop3-2.2.14-shaded.jar)
[2025-08-08T18:10:55.754+0000] {spark_submit.py:521} INFO - (spark.yarn.isPython,true)
[2025-08-08T18:10:55.756+0000] {spark_submit.py:521} INFO - Classpath elements:
[2025-08-08T18:10:55.757+0000] {spark_submit.py:521} INFO - file:/opt/custom-jars/gcs-connector-hadoop3-2.2.14-shaded.jar
[2025-08-08T18:10:55.759+0000] {spark_submit.py:521} INFO - 
[2025-08-08T18:10:55.761+0000] {spark_submit.py:521} INFO - 
[2025-08-08T18:10:55.769+0000] {spark_submit.py:521} INFO - Using Spark's default log4j profile: org/apache/spark/log4j2-defaults.properties
[2025-08-08T18:10:55.949+0000] {spark_submit.py:521} INFO - 25/08/08 18:10:55 WARN DependencyUtils: Local jar /opt/custom-jars/gcs-connector-hadoop3-2.2.14-shaded.jar does not exist, skipping.
[2025-08-08T18:11:00.872+0000] {spark_submit.py:521} INFO - 25/08/08 18:11:00 INFO SparkContext: Running Spark version 4.0.0
[2025-08-08T18:11:00.873+0000] {spark_submit.py:521} INFO - 25/08/08 18:11:00 INFO SparkContext: OS info Linux, 5.15.167.4-microsoft-standard-WSL2, amd64
[2025-08-08T18:11:00.874+0000] {spark_submit.py:521} INFO - 25/08/08 18:11:00 INFO SparkContext: Java version 17.0.15
[2025-08-08T18:11:00.991+0000] {spark_submit.py:521} INFO - 25/08/08 18:11:00 INFO ResourceUtils: ==============================================================
[2025-08-08T18:11:00.994+0000] {spark_submit.py:521} INFO - 25/08/08 18:11:00 INFO ResourceUtils: No custom resources configured for spark.driver.
[2025-08-08T18:11:00.997+0000] {spark_submit.py:521} INFO - 25/08/08 18:11:00 INFO ResourceUtils: ==============================================================
[2025-08-08T18:11:01.002+0000] {spark_submit.py:521} INFO - 25/08/08 18:11:01 INFO SparkContext: Submitted application: gold_transform
[2025-08-08T18:11:01.127+0000] {spark_submit.py:521} INFO - 25/08/08 18:11:01 INFO ResourceProfile: Default ResourceProfile created, executor resources: Map(cores -> name: cores, amount: 1, script: , vendor: , memory -> name: memory, amount: 1024, script: , vendor: , offHeap -> name: offHeap, amount: 0, script: , vendor: ), task resources: Map(cpus -> name: cpus, amount: 1.0)
[2025-08-08T18:11:01.152+0000] {spark_submit.py:521} INFO - 25/08/08 18:11:01 INFO ResourceProfile: Limiting resource is cpus at 1 tasks per executor
[2025-08-08T18:11:01.165+0000] {spark_submit.py:521} INFO - 25/08/08 18:11:01 INFO ResourceProfileManager: Added ResourceProfile id: 0
[2025-08-08T18:11:01.512+0000] {spark_submit.py:521} INFO - 25/08/08 18:11:01 INFO SecurityManager: Changing view acls to: ***
[2025-08-08T18:11:01.513+0000] {spark_submit.py:521} INFO - 25/08/08 18:11:01 INFO SecurityManager: Changing modify acls to: ***
[2025-08-08T18:11:01.514+0000] {spark_submit.py:521} INFO - 25/08/08 18:11:01 INFO SecurityManager: Changing view acls groups to: ***
[2025-08-08T18:11:01.515+0000] {spark_submit.py:521} INFO - 25/08/08 18:11:01 INFO SecurityManager: Changing modify acls groups to: ***
[2025-08-08T18:11:01.517+0000] {spark_submit.py:521} INFO - 25/08/08 18:11:01 INFO SecurityManager: SecurityManager: authentication disabled; ui acls disabled; users with view permissions: *** groups with view permissions: EMPTY; users with modify permissions: ***; groups with modify permissions: EMPTY; RPC SSL disabled
[2025-08-08T18:11:01.818+0000] {spark_submit.py:521} INFO - 25/08/08 18:11:01 INFO Utils: Successfully started service 'sparkDriver' on port 36617.
[2025-08-08T18:11:01.858+0000] {spark_submit.py:521} INFO - 25/08/08 18:11:01 INFO SparkEnv: Registering MapOutputTracker
[2025-08-08T18:11:01.870+0000] {spark_submit.py:521} INFO - 25/08/08 18:11:01 INFO SparkEnv: Registering BlockManagerMaster
[2025-08-08T18:11:01.889+0000] {spark_submit.py:521} INFO - 25/08/08 18:11:01 INFO BlockManagerMasterEndpoint: Using org.apache.spark.storage.DefaultTopologyMapper for getting topology information
[2025-08-08T18:11:01.890+0000] {spark_submit.py:521} INFO - 25/08/08 18:11:01 INFO BlockManagerMasterEndpoint: BlockManagerMasterEndpoint up
[2025-08-08T18:11:01.941+0000] {spark_submit.py:521} INFO - 25/08/08 18:11:01 INFO SparkEnv: Registering BlockManagerMasterHeartbeat
[2025-08-08T18:11:01.979+0000] {spark_submit.py:521} INFO - 25/08/08 18:11:01 INFO DiskBlockManager: Created local directory at /tmp/blockmgr-3de8e487-6807-4e7d-914a-c11bc7ede0a8
[2025-08-08T18:11:02.046+0000] {spark_submit.py:521} INFO - 25/08/08 18:11:02 INFO SparkEnv: Registering OutputCommitCoordinator
[2025-08-08T18:11:02.200+0000] {spark_submit.py:521} INFO - 25/08/08 18:11:02 INFO JettyUtils: Start Jetty 0.0.0.0:4040 for SparkUI
[2025-08-08T18:11:02.302+0000] {spark_submit.py:521} INFO - 25/08/08 18:11:02 INFO Utils: Successfully started service 'SparkUI' on port 4040.
[2025-08-08T18:11:02.410+0000] {spark_submit.py:521} INFO - 25/08/08 18:11:02 ERROR SparkContext: Failed to add file:/opt/custom-jars/gcs-connector-hadoop3-2.2.14-shaded.jar to Spark environment
[2025-08-08T18:11:02.411+0000] {spark_submit.py:521} INFO - java.io.FileNotFoundException: Jar /opt/custom-jars/gcs-connector-hadoop3-2.2.14-shaded.jar not found
[2025-08-08T18:11:02.411+0000] {spark_submit.py:521} INFO - at org.apache.spark.SparkContext.addLocalJarFile$1(SparkContext.scala:2174)
[2025-08-08T18:11:02.412+0000] {spark_submit.py:521} INFO - at org.apache.spark.SparkContext.addJar(SparkContext.scala:2230)
[2025-08-08T18:11:02.412+0000] {spark_submit.py:521} INFO - at org.apache.spark.SparkContext.$anonfun$new$15(SparkContext.scala:538)
[2025-08-08T18:11:02.412+0000] {spark_submit.py:521} INFO - at org.apache.spark.SparkContext.$anonfun$new$15$adapted(SparkContext.scala:538)
[2025-08-08T18:11:02.412+0000] {spark_submit.py:521} INFO - at scala.collection.IterableOnceOps.foreach(IterableOnce.scala:619)
[2025-08-08T18:11:02.413+0000] {spark_submit.py:521} INFO - at scala.collection.IterableOnceOps.foreach$(IterableOnce.scala:617)
[2025-08-08T18:11:02.413+0000] {spark_submit.py:521} INFO - at scala.collection.AbstractIterable.foreach(Iterable.scala:935)
[2025-08-08T18:11:02.413+0000] {spark_submit.py:521} INFO - at org.apache.spark.SparkContext.<init>(SparkContext.scala:538)
[2025-08-08T18:11:02.413+0000] {spark_submit.py:521} INFO - at org.apache.spark.api.java.JavaSparkContext.<init>(JavaSparkContext.scala:59)
[2025-08-08T18:11:02.414+0000] {spark_submit.py:521} INFO - at java.base/jdk.internal.reflect.NativeConstructorAccessorImpl.newInstance0(Native Method)
[2025-08-08T18:11:02.414+0000] {spark_submit.py:521} INFO - at java.base/jdk.internal.reflect.NativeConstructorAccessorImpl.newInstance(NativeConstructorAccessorImpl.java:77)
[2025-08-08T18:11:02.415+0000] {spark_submit.py:521} INFO - at java.base/jdk.internal.reflect.DelegatingConstructorAccessorImpl.newInstance(DelegatingConstructorAccessorImpl.java:45)
[2025-08-08T18:11:02.415+0000] {spark_submit.py:521} INFO - at java.base/java.lang.reflect.Constructor.newInstanceWithCaller(Constructor.java:500)
[2025-08-08T18:11:02.415+0000] {spark_submit.py:521} INFO - at java.base/java.lang.reflect.Constructor.newInstance(Constructor.java:481)
[2025-08-08T18:11:02.416+0000] {spark_submit.py:521} INFO - at py4j.reflection.MethodInvoker.invoke(MethodInvoker.java:247)
[2025-08-08T18:11:02.416+0000] {spark_submit.py:521} INFO - at py4j.reflection.ReflectionEngine.invoke(ReflectionEngine.java:374)
[2025-08-08T18:11:02.416+0000] {spark_submit.py:521} INFO - at py4j.Gateway.invoke(Gateway.java:238)
[2025-08-08T18:11:02.416+0000] {spark_submit.py:521} INFO - at py4j.commands.ConstructorCommand.invokeConstructor(ConstructorCommand.java:80)
[2025-08-08T18:11:02.417+0000] {spark_submit.py:521} INFO - at py4j.commands.ConstructorCommand.execute(ConstructorCommand.java:69)
[2025-08-08T18:11:02.417+0000] {spark_submit.py:521} INFO - at py4j.ClientServerConnection.waitForCommands(ClientServerConnection.java:184)
[2025-08-08T18:11:02.417+0000] {spark_submit.py:521} INFO - at py4j.ClientServerConnection.run(ClientServerConnection.java:108)
[2025-08-08T18:11:02.418+0000] {spark_submit.py:521} INFO - at java.base/java.lang.Thread.run(Thread.java:840)
[2025-08-08T18:11:02.554+0000] {spark_submit.py:521} INFO - 25/08/08 18:11:02 INFO SecurityManager: Changing view acls to: ***
[2025-08-08T18:11:02.555+0000] {spark_submit.py:521} INFO - 25/08/08 18:11:02 INFO SecurityManager: Changing modify acls to: ***
[2025-08-08T18:11:02.555+0000] {spark_submit.py:521} INFO - 25/08/08 18:11:02 INFO SecurityManager: Changing view acls groups to: ***
[2025-08-08T18:11:02.556+0000] {spark_submit.py:521} INFO - 25/08/08 18:11:02 INFO SecurityManager: Changing modify acls groups to: ***
[2025-08-08T18:11:02.556+0000] {spark_submit.py:521} INFO - 25/08/08 18:11:02 INFO SecurityManager: SecurityManager: authentication disabled; ui acls disabled; users with view permissions: *** groups with view permissions: EMPTY; users with modify permissions: ***; groups with modify permissions: EMPTY; RPC SSL disabled
[2025-08-08T18:11:03.057+0000] {spark_submit.py:521} INFO - 25/08/08 18:11:03 INFO DefaultNoHARMFailoverProxyProvider: Connecting to ResourceManager at resourcemanager/172.18.0.3:8032
[2025-08-08T18:11:04.325+0000] {spark_submit.py:521} INFO - 25/08/08 18:11:04 ERROR SparkContext: Error initializing SparkContext.
[2025-08-08T18:11:04.326+0000] {spark_submit.py:521} INFO - java.lang.RuntimeException: java.lang.ClassNotFoundException: Class com.google.cloud.hadoop.fs.gcs.GoogleHadoopFileSystem not found
[2025-08-08T18:11:04.326+0000] {spark_submit.py:521} INFO - at org.apache.hadoop.conf.Configuration.getClass(Configuration.java:2737)
[2025-08-08T18:11:04.327+0000] {spark_submit.py:521} INFO - at org.apache.hadoop.fs.FileSystem.getFileSystemClass(FileSystem.java:3569)
[2025-08-08T18:11:04.327+0000] {spark_submit.py:521} INFO - at org.apache.hadoop.fs.FileSystem.createFileSystem(FileSystem.java:3612)
[2025-08-08T18:11:04.327+0000] {spark_submit.py:521} INFO - at org.apache.hadoop.fs.FileSystem.access$300(FileSystem.java:172)
[2025-08-08T18:11:04.328+0000] {spark_submit.py:521} INFO - at org.apache.hadoop.fs.FileSystem$Cache.getInternal(FileSystem.java:3716)
[2025-08-08T18:11:04.328+0000] {spark_submit.py:521} INFO - at org.apache.hadoop.fs.FileSystem$Cache.get(FileSystem.java:3667)
[2025-08-08T18:11:04.328+0000] {spark_submit.py:521} INFO - at org.apache.hadoop.fs.FileSystem.get(FileSystem.java:557)
[2025-08-08T18:11:04.328+0000] {spark_submit.py:521} INFO - at org.apache.hadoop.fs.FileSystem.get(FileSystem.java:289)
[2025-08-08T18:11:04.329+0000] {spark_submit.py:521} INFO - at org.apache.spark.deploy.yarn.Client.$anonfun$submitApplication$3(Client.scala:217)
[2025-08-08T18:11:04.329+0000] {spark_submit.py:521} INFO - at scala.Option.getOrElse(Option.scala:201)
[2025-08-08T18:11:04.329+0000] {spark_submit.py:521} INFO - at org.apache.spark.deploy.yarn.Client.submitApplication(Client.scala:217)
[2025-08-08T18:11:04.329+0000] {spark_submit.py:521} INFO - at org.apache.spark.scheduler.cluster.YarnClientSchedulerBackend.start(YarnClientSchedulerBackend.scala:63)
[2025-08-08T18:11:04.330+0000] {spark_submit.py:521} INFO - at org.apache.spark.scheduler.TaskSchedulerImpl.start(TaskSchedulerImpl.scala:237)
[2025-08-08T18:11:04.330+0000] {spark_submit.py:521} INFO - at org.apache.spark.SparkContext.<init>(SparkContext.scala:622)
[2025-08-08T18:11:04.330+0000] {spark_submit.py:521} INFO - at org.apache.spark.api.java.JavaSparkContext.<init>(JavaSparkContext.scala:59)
[2025-08-08T18:11:04.330+0000] {spark_submit.py:521} INFO - at java.base/jdk.internal.reflect.NativeConstructorAccessorImpl.newInstance0(Native Method)
[2025-08-08T18:11:04.330+0000] {spark_submit.py:521} INFO - at java.base/jdk.internal.reflect.NativeConstructorAccessorImpl.newInstance(NativeConstructorAccessorImpl.java:77)
[2025-08-08T18:11:04.331+0000] {spark_submit.py:521} INFO - at java.base/jdk.internal.reflect.DelegatingConstructorAccessorImpl.newInstance(DelegatingConstructorAccessorImpl.java:45)
[2025-08-08T18:11:04.331+0000] {spark_submit.py:521} INFO - at java.base/java.lang.reflect.Constructor.newInstanceWithCaller(Constructor.java:500)
[2025-08-08T18:11:04.331+0000] {spark_submit.py:521} INFO - at java.base/java.lang.reflect.Constructor.newInstance(Constructor.java:481)
[2025-08-08T18:11:04.331+0000] {spark_submit.py:521} INFO - at py4j.reflection.MethodInvoker.invoke(MethodInvoker.java:247)
[2025-08-08T18:11:04.332+0000] {spark_submit.py:521} INFO - at py4j.reflection.ReflectionEngine.invoke(ReflectionEngine.java:374)
[2025-08-08T18:11:04.332+0000] {spark_submit.py:521} INFO - at py4j.Gateway.invoke(Gateway.java:238)
[2025-08-08T18:11:04.332+0000] {spark_submit.py:521} INFO - at py4j.commands.ConstructorCommand.invokeConstructor(ConstructorCommand.java:80)
[2025-08-08T18:11:04.332+0000] {spark_submit.py:521} INFO - at py4j.commands.ConstructorCommand.execute(ConstructorCommand.java:69)
[2025-08-08T18:11:04.333+0000] {spark_submit.py:521} INFO - at py4j.ClientServerConnection.waitForCommands(ClientServerConnection.java:184)
[2025-08-08T18:11:04.333+0000] {spark_submit.py:521} INFO - at py4j.ClientServerConnection.run(ClientServerConnection.java:108)
[2025-08-08T18:11:04.333+0000] {spark_submit.py:521} INFO - at java.base/java.lang.Thread.run(Thread.java:840)
[2025-08-08T18:11:04.333+0000] {spark_submit.py:521} INFO - Caused by: java.lang.ClassNotFoundException: Class com.google.cloud.hadoop.fs.gcs.GoogleHadoopFileSystem not found
[2025-08-08T18:11:04.334+0000] {spark_submit.py:521} INFO - at org.apache.hadoop.conf.Configuration.getClassByName(Configuration.java:2641)
[2025-08-08T18:11:04.334+0000] {spark_submit.py:521} INFO - at org.apache.hadoop.conf.Configuration.getClass(Configuration.java:2735)
[2025-08-08T18:11:04.334+0000] {spark_submit.py:521} INFO - ... 27 more
[2025-08-08T18:11:04.334+0000] {spark_submit.py:521} INFO - 25/08/08 18:11:04 INFO SparkContext: SparkContext is stopping with exitCode 0 from JavaSparkContext at NativeConstructorAccessorImpl.java:0.
[2025-08-08T18:11:04.339+0000] {spark_submit.py:521} INFO - 25/08/08 18:11:04 INFO SparkUI: Stopped Spark web UI at http://eaa3d97078aa:4040
[2025-08-08T18:11:04.344+0000] {spark_submit.py:521} INFO - 25/08/08 18:11:04 WARN YarnSchedulerBackend$YarnSchedulerEndpoint: Attempted to send shutdown message before the AM has registered!
[2025-08-08T18:11:04.348+0000] {spark_submit.py:521} INFO - 25/08/08 18:11:04 WARN YarnSchedulerBackend$YarnSchedulerEndpoint: Attempted to request executors before the AM has registered!
[2025-08-08T18:11:04.351+0000] {spark_submit.py:521} INFO - 25/08/08 18:11:04 INFO YarnClientSchedulerBackend: Shutting down all executors
[2025-08-08T18:11:04.354+0000] {spark_submit.py:521} INFO - 25/08/08 18:11:04 INFO YarnSchedulerBackend$YarnDriverEndpoint: Asking each executor to shut down
[2025-08-08T18:11:04.357+0000] {spark_submit.py:521} INFO - 25/08/08 18:11:04 INFO YarnClientSchedulerBackend: YARN client scheduler backend Stopped
[2025-08-08T18:11:04.379+0000] {spark_submit.py:521} INFO - 25/08/08 18:11:04 INFO MapOutputTrackerMasterEndpoint: MapOutputTrackerMasterEndpoint stopped!
[2025-08-08T18:11:04.407+0000] {spark_submit.py:521} INFO - 25/08/08 18:11:04 INFO MemoryStore: MemoryStore started with capacity 434.4 MiB
[2025-08-08T18:11:04.408+0000] {spark_submit.py:521} INFO - 25/08/08 18:11:04 INFO MemoryStore: MemoryStore cleared
[2025-08-08T18:11:04.409+0000] {spark_submit.py:521} INFO - 25/08/08 18:11:04 INFO BlockManager: BlockManager stopped
[2025-08-08T18:11:04.416+0000] {spark_submit.py:521} INFO - 25/08/08 18:11:04 INFO BlockManagerMaster: BlockManagerMaster stopped
[2025-08-08T18:11:04.416+0000] {spark_submit.py:521} INFO - 25/08/08 18:11:04 WARN MetricsSystem: Stopping a MetricsSystem that is not running
[2025-08-08T18:11:04.432+0000] {spark_submit.py:521} INFO - 25/08/08 18:11:04 INFO OutputCommitCoordinator$OutputCommitCoordinatorEndpoint: OutputCommitCoordinator stopped!
[2025-08-08T18:11:04.454+0000] {spark_submit.py:521} INFO - 25/08/08 18:11:04 INFO SparkContext: Successfully stopped SparkContext
[2025-08-08T18:11:04.455+0000] {spark_submit.py:521} INFO - Traceback (most recent call last):
[2025-08-08T18:11:04.456+0000] {spark_submit.py:521} INFO - File "/opt/spark-jobs/gold_transform.py", line 3, in <module>
[2025-08-08T18:11:04.458+0000] {spark_submit.py:521} INFO - spark = SparkSession.builder.appName("gold_transform").getOrCreate()
[2025-08-08T18:11:04.458+0000] {spark_submit.py:521} INFO - ^^^^^^^^^^^^^^^^^^^^^^^^^^^^^^^^^^^^^^^^^^^^^^^^^^^^^^^^^^^^
[2025-08-08T18:11:04.458+0000] {spark_submit.py:521} INFO - File "/home/***/.local/lib/python3.11/site-packages/pyspark/python/lib/pyspark.zip/pyspark/sql/session.py", line 556, in getOrCreate
[2025-08-08T18:11:04.458+0000] {spark_submit.py:521} INFO - File "/home/***/.local/lib/python3.11/site-packages/pyspark/python/lib/pyspark.zip/pyspark/core/context.py", line 523, in getOrCreate
[2025-08-08T18:11:04.459+0000] {spark_submit.py:521} INFO - File "/home/***/.local/lib/python3.11/site-packages/pyspark/python/lib/pyspark.zip/pyspark/core/context.py", line 207, in __init__
[2025-08-08T18:11:04.459+0000] {spark_submit.py:521} INFO - File "/home/***/.local/lib/python3.11/site-packages/pyspark/python/lib/pyspark.zip/pyspark/core/context.py", line 300, in _do_init
[2025-08-08T18:11:04.460+0000] {spark_submit.py:521} INFO - File "/home/***/.local/lib/python3.11/site-packages/pyspark/python/lib/pyspark.zip/pyspark/core/context.py", line 429, in _initialize_context
[2025-08-08T18:11:04.460+0000] {spark_submit.py:521} INFO - File "/home/***/.local/lib/python3.11/site-packages/pyspark/python/lib/py4j-0.10.9.9-src.zip/py4j/java_gateway.py", line 1627, in __call__
[2025-08-08T18:11:04.460+0000] {spark_submit.py:521} INFO - File "/home/***/.local/lib/python3.11/site-packages/pyspark/python/lib/py4j-0.10.9.9-src.zip/py4j/protocol.py", line 327, in get_return_value
[2025-08-08T18:11:04.461+0000] {spark_submit.py:521} INFO - py4j.protocol.Py4JJavaError: An error occurred while calling None.org.apache.spark.api.java.JavaSparkContext.
[2025-08-08T18:11:04.461+0000] {spark_submit.py:521} INFO - : java.lang.RuntimeException: java.lang.ClassNotFoundException: Class com.google.cloud.hadoop.fs.gcs.GoogleHadoopFileSystem not found
[2025-08-08T18:11:04.462+0000] {spark_submit.py:521} INFO - at org.apache.hadoop.conf.Configuration.getClass(Configuration.java:2737)
[2025-08-08T18:11:04.462+0000] {spark_submit.py:521} INFO - at org.apache.hadoop.fs.FileSystem.getFileSystemClass(FileSystem.java:3569)
[2025-08-08T18:11:04.462+0000] {spark_submit.py:521} INFO - at org.apache.hadoop.fs.FileSystem.createFileSystem(FileSystem.java:3612)
[2025-08-08T18:11:04.462+0000] {spark_submit.py:521} INFO - at org.apache.hadoop.fs.FileSystem.access$300(FileSystem.java:172)
[2025-08-08T18:11:04.462+0000] {spark_submit.py:521} INFO - at org.apache.hadoop.fs.FileSystem$Cache.getInternal(FileSystem.java:3716)
[2025-08-08T18:11:04.463+0000] {spark_submit.py:521} INFO - at org.apache.hadoop.fs.FileSystem$Cache.get(FileSystem.java:3667)
[2025-08-08T18:11:04.463+0000] {spark_submit.py:521} INFO - at org.apache.hadoop.fs.FileSystem.get(FileSystem.java:557)
[2025-08-08T18:11:04.464+0000] {spark_submit.py:521} INFO - at org.apache.hadoop.fs.FileSystem.get(FileSystem.java:289)
[2025-08-08T18:11:04.464+0000] {spark_submit.py:521} INFO - at org.apache.spark.deploy.yarn.Client.$anonfun$submitApplication$3(Client.scala:217)
[2025-08-08T18:11:04.464+0000] {spark_submit.py:521} INFO - at scala.Option.getOrElse(Option.scala:201)
[2025-08-08T18:11:04.464+0000] {spark_submit.py:521} INFO - at org.apache.spark.deploy.yarn.Client.submitApplication(Client.scala:217)
[2025-08-08T18:11:04.465+0000] {spark_submit.py:521} INFO - at org.apache.spark.scheduler.cluster.YarnClientSchedulerBackend.start(YarnClientSchedulerBackend.scala:63)
[2025-08-08T18:11:04.465+0000] {spark_submit.py:521} INFO - at org.apache.spark.scheduler.TaskSchedulerImpl.start(TaskSchedulerImpl.scala:237)
[2025-08-08T18:11:04.465+0000] {spark_submit.py:521} INFO - at org.apache.spark.SparkContext.<init>(SparkContext.scala:622)
[2025-08-08T18:11:04.465+0000] {spark_submit.py:521} INFO - at org.apache.spark.api.java.JavaSparkContext.<init>(JavaSparkContext.scala:59)
[2025-08-08T18:11:04.465+0000] {spark_submit.py:521} INFO - at java.base/jdk.internal.reflect.NativeConstructorAccessorImpl.newInstance0(Native Method)
[2025-08-08T18:11:04.466+0000] {spark_submit.py:521} INFO - at java.base/jdk.internal.reflect.NativeConstructorAccessorImpl.newInstance(NativeConstructorAccessorImpl.java:77)
[2025-08-08T18:11:04.466+0000] {spark_submit.py:521} INFO - at java.base/jdk.internal.reflect.DelegatingConstructorAccessorImpl.newInstance(DelegatingConstructorAccessorImpl.java:45)
[2025-08-08T18:11:04.466+0000] {spark_submit.py:521} INFO - at java.base/java.lang.reflect.Constructor.newInstanceWithCaller(Constructor.java:500)
[2025-08-08T18:11:04.466+0000] {spark_submit.py:521} INFO - at java.base/java.lang.reflect.Constructor.newInstance(Constructor.java:481)
[2025-08-08T18:11:04.467+0000] {spark_submit.py:521} INFO - at py4j.reflection.MethodInvoker.invoke(MethodInvoker.java:247)
[2025-08-08T18:11:04.467+0000] {spark_submit.py:521} INFO - at py4j.reflection.ReflectionEngine.invoke(ReflectionEngine.java:374)
[2025-08-08T18:11:04.467+0000] {spark_submit.py:521} INFO - at py4j.Gateway.invoke(Gateway.java:238)
[2025-08-08T18:11:04.468+0000] {spark_submit.py:521} INFO - at py4j.commands.ConstructorCommand.invokeConstructor(ConstructorCommand.java:80)
[2025-08-08T18:11:04.468+0000] {spark_submit.py:521} INFO - at py4j.commands.ConstructorCommand.execute(ConstructorCommand.java:69)
[2025-08-08T18:11:04.469+0000] {spark_submit.py:521} INFO - at py4j.ClientServerConnection.waitForCommands(ClientServerConnection.java:184)
[2025-08-08T18:11:04.469+0000] {spark_submit.py:521} INFO - at py4j.ClientServerConnection.run(ClientServerConnection.java:108)
[2025-08-08T18:11:04.469+0000] {spark_submit.py:521} INFO - at java.base/java.lang.Thread.run(Thread.java:840)
[2025-08-08T18:11:04.470+0000] {spark_submit.py:521} INFO - Caused by: java.lang.ClassNotFoundException: Class com.google.cloud.hadoop.fs.gcs.GoogleHadoopFileSystem not found
[2025-08-08T18:11:04.470+0000] {spark_submit.py:521} INFO - at org.apache.hadoop.conf.Configuration.getClassByName(Configuration.java:2641)
[2025-08-08T18:11:04.470+0000] {spark_submit.py:521} INFO - at org.apache.hadoop.conf.Configuration.getClass(Configuration.java:2735)
[2025-08-08T18:11:04.470+0000] {spark_submit.py:521} INFO - ... 27 more
[2025-08-08T18:11:04.471+0000] {spark_submit.py:521} INFO - 
[2025-08-08T18:11:04.778+0000] {spark_submit.py:521} INFO - 25/08/08 18:11:04 INFO ShutdownHookManager: Shutdown hook called
[2025-08-08T18:11:04.782+0000] {spark_submit.py:521} INFO - 25/08/08 18:11:04 INFO ShutdownHookManager: Deleting directory /tmp/spark-1ddb8966-b294-4bd0-904e-54c5502e724c
[2025-08-08T18:11:04.790+0000] {spark_submit.py:521} INFO - 25/08/08 18:11:04 INFO ShutdownHookManager: Deleting directory /tmp/spark-8c08310c-c3a5-445e-9ba4-2323fc4775ac
[2025-08-08T18:11:04.842+0000] {taskinstance.py:441} INFO - ::group::Post task execution logs
[2025-08-08T18:11:04.888+0000] {taskinstance.py:2905} ERROR - Task failed with exception
Traceback (most recent call last):
  File "/home/airflow/.local/lib/python3.11/site-packages/airflow/models/taskinstance.py", line 465, in _execute_task
    result = _execute_callable(context=context, **execute_callable_kwargs)
             ^^^^^^^^^^^^^^^^^^^^^^^^^^^^^^^^^^^^^^^^^^^^^^^^^^^^^^^^^^^^^
  File "/home/airflow/.local/lib/python3.11/site-packages/airflow/models/taskinstance.py", line 432, in _execute_callable
    return execute_callable(context=context, **execute_callable_kwargs)
           ^^^^^^^^^^^^^^^^^^^^^^^^^^^^^^^^^^^^^^^^^^^^^^^^^^^^^^^^^^^^
  File "/home/airflow/.local/lib/python3.11/site-packages/airflow/models/baseoperator.py", line 400, in wrapper
    return func(self, *args, **kwargs)
           ^^^^^^^^^^^^^^^^^^^^^^^^^^^
  File "/home/airflow/.local/lib/python3.11/site-packages/airflow/providers/apache/spark/operators/spark_submit.py", line 156, in execute
    self._hook.submit(self._application)
  File "/home/airflow/.local/lib/python3.11/site-packages/airflow/providers/apache/spark/hooks/spark_submit.py", line 452, in submit
    raise AirflowException(
airflow.exceptions.AirflowException: Cannot execute: spark-submit --master yarn --conf spark.jars=/opt/custom-jars/gcs-connector-hadoop3-2.2.14-shaded.jar --conf spark.hadoop.fs.gs.impl=com.google.cloud.hadoop.fs.gcs.GoogleHadoopFileSystem --conf spark.hadoop.fs.AbstractFileSystem.gs.impl=com.google.cloud.hadoop.fs.gcs.GoogleHadoopFS --conf spark.hadoop.google.cloud.auth.service.account.enable=true --conf spark.hadoop.google.cloud.auth.service.account.json.keyfile=/opt/keys/gcp-key.json --conf spark.yarn.appMasterEnv.HADOOP_CONF_DIR=/opt/hadoop/etc/hadoop --jars /opt/custom-jars/gcs-connector-hadoop3-2.2.14-shaded.jar --name arrow-spark --verbose /opt/spark-jobs/gold_transform.py. Error code is: 1.
[2025-08-08T18:11:04.902+0000] {taskinstance.py:1206} INFO - Marking task as FAILED. dag_id=spark_transform_topcv, task_id=submit_spark_job, run_id=manual__2025-08-08T18:10:38.517157+00:00, execution_date=20250808T181038, start_date=20250808T181045, end_date=20250808T181104
[2025-08-08T18:11:04.936+0000] {standard_task_runner.py:110} ERROR - Failed to execute job 24 for task submit_spark_job (Cannot execute: spark-submit --master yarn --conf spark.jars=/opt/custom-jars/gcs-connector-hadoop3-2.2.14-shaded.jar --conf spark.hadoop.fs.gs.impl=com.google.cloud.hadoop.fs.gcs.GoogleHadoopFileSystem --conf spark.hadoop.fs.AbstractFileSystem.gs.impl=com.google.cloud.hadoop.fs.gcs.GoogleHadoopFS --conf spark.hadoop.google.cloud.auth.service.account.enable=true --conf spark.hadoop.google.cloud.auth.service.account.json.keyfile=/opt/keys/gcp-key.json --conf spark.yarn.appMasterEnv.HADOOP_CONF_DIR=/opt/hadoop/etc/hadoop --jars /opt/custom-jars/gcs-connector-hadoop3-2.2.14-shaded.jar --name arrow-spark --verbose /opt/spark-jobs/gold_transform.py. Error code is: 1.; 3210)
[2025-08-08T18:11:04.965+0000] {local_task_job_runner.py:240} INFO - Task exited with return code 1
[2025-08-08T18:11:05.002+0000] {taskinstance.py:3498} INFO - 0 downstream tasks scheduled from follow-on schedule check
[2025-08-08T18:11:05.005+0000] {local_task_job_runner.py:222} INFO - ::endgroup::
