[2025-09-09T16:54:52.629+0000] {local_task_job_runner.py:120} INFO - ::group::Pre task execution logs
[2025-09-09T16:54:52.679+0000] {taskinstance.py:2076} INFO - Dependencies all met for dep_context=non-requeueable deps ti=<TaskInstance: spark_transform_pipeline.silver_group.silver_vietnamworkcv_transform manual__2025-09-09T16:53:13.568815+00:00 [queued]>
[2025-09-09T16:54:52.688+0000] {taskinstance.py:2076} INFO - Dependencies all met for dep_context=requeueable deps ti=<TaskInstance: spark_transform_pipeline.silver_group.silver_vietnamworkcv_transform manual__2025-09-09T16:53:13.568815+00:00 [queued]>
[2025-09-09T16:54:52.689+0000] {taskinstance.py:2306} INFO - Starting attempt 1 of 1
[2025-09-09T16:54:52.700+0000] {taskinstance.py:2330} INFO - Executing <Task(SparkSubmitOperator): silver_group.silver_vietnamworkcv_transform> on 2025-09-09 16:53:13.568815+00:00
[2025-09-09T16:54:52.705+0000] {standard_task_runner.py:63} INFO - Started process 7124 to run task
[2025-09-09T16:54:52.707+0000] {standard_task_runner.py:90} INFO - Running: ['***', 'tasks', 'run', 'spark_transform_pipeline', 'silver_group.silver_vietnamworkcv_transform', 'manual__2025-09-09T16:53:13.568815+00:00', '--job-id', '141', '--raw', '--subdir', 'DAGS_FOLDER/etl_jobs_dag.py', '--cfg-path', '/tmp/tmpe6g95nlo']
[2025-09-09T16:54:52.709+0000] {standard_task_runner.py:91} INFO - Job 141: Subtask silver_group.silver_vietnamworkcv_transform
[2025-09-09T16:54:52.748+0000] {task_command.py:426} INFO - Running <TaskInstance: spark_transform_pipeline.silver_group.silver_vietnamworkcv_transform manual__2025-09-09T16:53:13.568815+00:00 [running]> on host 118acb478e13
[2025-09-09T16:54:52.979+0000] {taskinstance.py:2648} INFO - Exporting env vars: AIRFLOW_CTX_DAG_OWNER='***' AIRFLOW_CTX_DAG_ID='spark_transform_pipeline' AIRFLOW_CTX_TASK_ID='silver_group.silver_vietnamworkcv_transform' AIRFLOW_CTX_EXECUTION_DATE='2025-09-09T16:53:13.568815+00:00' AIRFLOW_CTX_TRY_NUMBER='1' AIRFLOW_CTX_DAG_RUN_ID='manual__2025-09-09T16:53:13.568815+00:00'
[2025-09-09T16:54:52.981+0000] {taskinstance.py:430} INFO - ::endgroup::
[2025-09-09T16:54:53.018+0000] {base.py:84} INFO - Using connection ID 'spark_default' for task execution.
[2025-09-09T16:54:53.019+0000] {spark_submit.py:351} INFO - Spark-Submit cmd: spark-submit --master spark://spark-master:7077 --conf spark.master=spark://spark-master:7077 --conf spark.hadoop.fs.s3a.impl=org.apache.hadoop.fs.s3a.S3AFileSystem --conf spark.hadoop.fs.s3a.endpoint=http://minio:9000 --conf spark.hadoop.fs.s3a.access.key=minio --conf spark.hadoop.fs.s3a.secret.key=****** --conf spark.hadoop.fs.s3a.path.style.access=true --conf spark.hadoop.fs.s3a.connection.ssl.enabled=false --packages org.apache.hadoop:hadoop-aws:3.4.1,software.amazon.awssdk:bundle:2.20.15 --name arrow-spark --verbose /opt/spark-jobs/elt/transform/silver_vietnamworkcv_transform.py
[2025-09-09T16:54:54.734+0000] {spark_submit.py:521} INFO - WARNING: Using incubator modules: jdk.incubator.vector
[2025-09-09T16:54:56.424+0000] {spark_submit.py:521} INFO - Parsed arguments:
[2025-09-09T16:54:56.424+0000] {spark_submit.py:521} INFO - master                  spark://spark-master:7077
[2025-09-09T16:54:56.425+0000] {spark_submit.py:521} INFO - remote                  null
[2025-09-09T16:54:56.425+0000] {spark_submit.py:521} INFO - deployMode              null
[2025-09-09T16:54:56.425+0000] {spark_submit.py:521} INFO - executorMemory          null
[2025-09-09T16:54:56.426+0000] {spark_submit.py:521} INFO - executorCores           null
[2025-09-09T16:54:56.426+0000] {spark_submit.py:521} INFO - totalExecutorCores      null
[2025-09-09T16:54:56.426+0000] {spark_submit.py:521} INFO - propertiesFile          null
[2025-09-09T16:54:56.427+0000] {spark_submit.py:521} INFO - driverMemory            null
[2025-09-09T16:54:56.428+0000] {spark_submit.py:521} INFO - driverCores             null
[2025-09-09T16:54:56.429+0000] {spark_submit.py:521} INFO - driverExtraClassPath    null
[2025-09-09T16:54:56.429+0000] {spark_submit.py:521} INFO - driverExtraLibraryPath  null
[2025-09-09T16:54:56.429+0000] {spark_submit.py:521} INFO - driverExtraJavaOptions  null
[2025-09-09T16:54:56.430+0000] {spark_submit.py:521} INFO - supervise               false
[2025-09-09T16:54:56.430+0000] {spark_submit.py:521} INFO - queue                   null
[2025-09-09T16:54:56.430+0000] {spark_submit.py:521} INFO - numExecutors            null
[2025-09-09T16:54:56.430+0000] {spark_submit.py:521} INFO - files                   null
[2025-09-09T16:54:56.431+0000] {spark_submit.py:521} INFO - pyFiles                 null
[2025-09-09T16:54:56.431+0000] {spark_submit.py:521} INFO - archives                null
[2025-09-09T16:54:56.431+0000] {spark_submit.py:521} INFO - mainClass               null
[2025-09-09T16:54:56.431+0000] {spark_submit.py:521} INFO - primaryResource         file:/opt/spark-jobs/elt/transform/silver_vietnamworkcv_transform.py
[2025-09-09T16:54:56.432+0000] {spark_submit.py:521} INFO - name                    arrow-spark
[2025-09-09T16:54:56.432+0000] {spark_submit.py:521} INFO - childArgs               []
[2025-09-09T16:54:56.432+0000] {spark_submit.py:521} INFO - jars                    null
[2025-09-09T16:54:56.432+0000] {spark_submit.py:521} INFO - packages                org.apache.hadoop:hadoop-aws:3.4.1,software.amazon.awssdk:bundle:2.20.15
[2025-09-09T16:54:56.432+0000] {spark_submit.py:521} INFO - packagesExclusions      null
[2025-09-09T16:54:56.432+0000] {spark_submit.py:521} INFO - repositories            null
[2025-09-09T16:54:56.433+0000] {spark_submit.py:521} INFO - verbose                 true
[2025-09-09T16:54:56.433+0000] {spark_submit.py:521} INFO - 
[2025-09-09T16:54:56.433+0000] {spark_submit.py:521} INFO - Spark properties used, including those specified through
[2025-09-09T16:54:56.433+0000] {spark_submit.py:521} INFO - --conf and those from the properties file null:
[2025-09-09T16:54:56.433+0000] {spark_submit.py:521} INFO - (spark.hadoop.fs.s3a.access.key,*********(redacted))
[2025-09-09T16:54:56.433+0000] {spark_submit.py:521} INFO - (spark.hadoop.fs.s3a.connection.ssl.enabled,false)
[2025-09-09T16:54:56.434+0000] {spark_submit.py:521} INFO - (spark.hadoop.fs.s3a.endpoint,http://minio:9000)
[2025-09-09T16:54:56.434+0000] {spark_submit.py:521} INFO - (spark.hadoop.fs.s3a.impl,org.apache.hadoop.fs.s3a.S3AFileSystem)
[2025-09-09T16:54:56.434+0000] {spark_submit.py:521} INFO - (spark.hadoop.fs.s3a.path.style.access,true)
[2025-09-09T16:54:56.434+0000] {spark_submit.py:521} INFO - (spark.hadoop.fs.s3a.secret.key,*********(redacted))
[2025-09-09T16:54:56.435+0000] {spark_submit.py:521} INFO - (spark.master,spark://spark-master:7077)
[2025-09-09T16:54:56.435+0000] {spark_submit.py:521} INFO - 
[2025-09-09T16:54:56.436+0000] {spark_submit.py:521} INFO - 
[2025-09-09T16:54:56.565+0000] {spark_submit.py:521} INFO - :: loading settings :: url = jar:file:/home/***/.local/lib/python3.11/site-packages/pyspark/jars/ivy-2.5.3.jar!/org/apache/ivy/core/settings/ivysettings.xml
[2025-09-09T16:54:56.640+0000] {spark_submit.py:521} INFO - Ivy Default Cache set to: /home/***/.ivy2.5.2/cache
[2025-09-09T16:54:56.641+0000] {spark_submit.py:521} INFO - The jars for the packages stored in: /home/***/.ivy2.5.2/jars
[2025-09-09T16:54:56.648+0000] {spark_submit.py:521} INFO - org.apache.hadoop#hadoop-aws added as a dependency
[2025-09-09T16:54:56.648+0000] {spark_submit.py:521} INFO - software.amazon.awssdk#bundle added as a dependency
[2025-09-09T16:54:56.648+0000] {spark_submit.py:521} INFO - :: resolving dependencies :: org.apache.spark#spark-submit-parent-6a87e983-af28-4ce4-9cab-4be6ce5fd808;1.0
[2025-09-09T16:54:56.649+0000] {spark_submit.py:521} INFO - confs: [default]
[2025-09-09T16:54:56.917+0000] {spark_submit.py:521} INFO - found org.apache.hadoop#hadoop-aws;3.4.1 in central
[2025-09-09T16:54:56.937+0000] {spark_submit.py:521} INFO - found software.amazon.awssdk#bundle;2.24.6 in central
[2025-09-09T16:54:56.967+0000] {spark_submit.py:521} INFO - found org.wildfly.openssl#wildfly-openssl;1.1.3.Final in central
[2025-09-09T16:54:56.989+0000] {spark_submit.py:521} INFO - :: resolution report :: resolve 330ms :: artifacts dl 11ms
[2025-09-09T16:54:56.991+0000] {spark_submit.py:521} INFO - :: modules in use:
[2025-09-09T16:54:56.992+0000] {spark_submit.py:521} INFO - org.apache.hadoop#hadoop-aws;3.4.1 from central in [default]
[2025-09-09T16:54:56.992+0000] {spark_submit.py:521} INFO - org.wildfly.openssl#wildfly-openssl;1.1.3.Final from central in [default]
[2025-09-09T16:54:56.993+0000] {spark_submit.py:521} INFO - software.amazon.awssdk#bundle;2.24.6 from central in [default]
[2025-09-09T16:54:56.993+0000] {spark_submit.py:521} INFO - :: evicted modules:
[2025-09-09T16:54:56.993+0000] {spark_submit.py:521} INFO - software.amazon.awssdk#bundle;2.20.15 by [software.amazon.awssdk#bundle;2.24.6] in [default]
[2025-09-09T16:54:56.993+0000] {spark_submit.py:521} INFO - ---------------------------------------------------------------------
[2025-09-09T16:54:56.993+0000] {spark_submit.py:521} INFO - |                  |            modules            ||   artifacts   |
[2025-09-09T16:54:56.993+0000] {spark_submit.py:521} INFO - |       conf       | number| search|dwnlded|evicted|| number|dwnlded|
[2025-09-09T16:54:56.994+0000] {spark_submit.py:521} INFO - ---------------------------------------------------------------------
[2025-09-09T16:54:56.994+0000] {spark_submit.py:521} INFO - |      default     |   4   |   0   |   0   |   1   ||   3   |   0   |
[2025-09-09T16:54:56.994+0000] {spark_submit.py:521} INFO - ---------------------------------------------------------------------
[2025-09-09T16:54:56.998+0000] {spark_submit.py:521} INFO - :: retrieving :: org.apache.spark#spark-submit-parent-6a87e983-af28-4ce4-9cab-4be6ce5fd808
[2025-09-09T16:54:56.998+0000] {spark_submit.py:521} INFO - confs: [default]
[2025-09-09T16:54:57.002+0000] {spark_submit.py:521} INFO - 0 artifacts copied, 3 already retrieved (0kB/4ms)
[2025-09-09T16:54:57.227+0000] {spark_submit.py:521} INFO - 25/09/09 16:54:57 WARN NativeCodeLoader: Unable to load native-hadoop library for your platform... using builtin-java classes where applicable
[2025-09-09T16:54:57.368+0000] {spark_submit.py:521} INFO - Main class:
[2025-09-09T16:54:57.368+0000] {spark_submit.py:521} INFO - org.apache.spark.deploy.PythonRunner
[2025-09-09T16:54:57.369+0000] {spark_submit.py:521} INFO - Arguments:
[2025-09-09T16:54:57.369+0000] {spark_submit.py:521} INFO - file:/opt/spark-jobs/elt/transform/silver_vietnamworkcv_transform.py
[2025-09-09T16:54:57.370+0000] {spark_submit.py:521} INFO - file:///home/***/.ivy2.5.2/jars/org.apache.hadoop_hadoop-aws-3.4.1.jar,file:///home/***/.ivy2.5.2/jars/software.amazon.awssdk_bundle-2.24.6.jar,file:///home/***/.ivy2.5.2/jars/org.wildfly.openssl_wildfly-openssl-1.1.3.Final.jar
[2025-09-09T16:54:57.370+0000] {spark_submit.py:521} INFO - Spark config:
[2025-09-09T16:54:57.370+0000] {spark_submit.py:521} INFO - (spark.app.name,arrow-spark)
[2025-09-09T16:54:57.371+0000] {spark_submit.py:521} INFO - (spark.app.submitTime,1757436897350)
[2025-09-09T16:54:57.371+0000] {spark_submit.py:521} INFO - (spark.files,file:///home/***/.ivy2.5.2/jars/org.apache.hadoop_hadoop-aws-3.4.1.jar,file:///home/***/.ivy2.5.2/jars/software.amazon.awssdk_bundle-2.24.6.jar,file:///home/***/.ivy2.5.2/jars/org.wildfly.openssl_wildfly-openssl-1.1.3.Final.jar)
[2025-09-09T16:54:57.371+0000] {spark_submit.py:521} INFO - (spark.hadoop.fs.s3a.access.key,*********(redacted))
[2025-09-09T16:54:57.371+0000] {spark_submit.py:521} INFO - (spark.hadoop.fs.s3a.connection.ssl.enabled,false)
[2025-09-09T16:54:57.372+0000] {spark_submit.py:521} INFO - (spark.hadoop.fs.s3a.endpoint,http://minio:9000)
[2025-09-09T16:54:57.372+0000] {spark_submit.py:521} INFO - (spark.hadoop.fs.s3a.impl,org.apache.hadoop.fs.s3a.S3AFileSystem)
[2025-09-09T16:54:57.372+0000] {spark_submit.py:521} INFO - (spark.hadoop.fs.s3a.path.style.access,true)
[2025-09-09T16:54:57.372+0000] {spark_submit.py:521} INFO - (spark.hadoop.fs.s3a.secret.key,*********(redacted))
[2025-09-09T16:54:57.373+0000] {spark_submit.py:521} INFO - (spark.jars,file:///home/***/.ivy2.5.2/jars/org.apache.hadoop_hadoop-aws-3.4.1.jar,file:///home/***/.ivy2.5.2/jars/software.amazon.awssdk_bundle-2.24.6.jar,file:///home/***/.ivy2.5.2/jars/org.wildfly.openssl_wildfly-openssl-1.1.3.Final.jar)
[2025-09-09T16:54:57.373+0000] {spark_submit.py:521} INFO - (spark.master,spark://spark-master:7077)
[2025-09-09T16:54:57.373+0000] {spark_submit.py:521} INFO - (spark.repl.local.jars,file:///home/***/.ivy2.5.2/jars/org.apache.hadoop_hadoop-aws-3.4.1.jar,file:///home/***/.ivy2.5.2/jars/software.amazon.awssdk_bundle-2.24.6.jar,file:///home/***/.ivy2.5.2/jars/org.wildfly.openssl_wildfly-openssl-1.1.3.Final.jar)
[2025-09-09T16:54:57.373+0000] {spark_submit.py:521} INFO - (spark.submit.deployMode,client)
[2025-09-09T16:54:57.374+0000] {spark_submit.py:521} INFO - (spark.submit.pyFiles,/home/***/.ivy2.5.2/jars/org.apache.hadoop_hadoop-aws-3.4.1.jar,/home/***/.ivy2.5.2/jars/software.amazon.awssdk_bundle-2.24.6.jar,/home/***/.ivy2.5.2/jars/org.wildfly.openssl_wildfly-openssl-1.1.3.Final.jar)
[2025-09-09T16:54:57.374+0000] {spark_submit.py:521} INFO - Classpath elements:
[2025-09-09T16:54:57.374+0000] {spark_submit.py:521} INFO - file:///home/***/.ivy2.5.2/jars/org.apache.hadoop_hadoop-aws-3.4.1.jar
[2025-09-09T16:54:57.374+0000] {spark_submit.py:521} INFO - file:///home/***/.ivy2.5.2/jars/software.amazon.awssdk_bundle-2.24.6.jar
[2025-09-09T16:54:57.375+0000] {spark_submit.py:521} INFO - file:///home/***/.ivy2.5.2/jars/org.wildfly.openssl_wildfly-openssl-1.1.3.Final.jar
[2025-09-09T16:54:57.375+0000] {spark_submit.py:521} INFO - 
[2025-09-09T16:54:57.375+0000] {spark_submit.py:521} INFO - 
[2025-09-09T16:55:00.780+0000] {spark_submit.py:521} INFO - Using Spark's default log4j profile: org/apache/spark/log4j2-defaults.properties
[2025-09-09T16:55:00.786+0000] {spark_submit.py:521} INFO - 25/09/09 16:55:00 INFO SparkContext: Running Spark version 4.0.1
[2025-09-09T16:55:00.789+0000] {spark_submit.py:521} INFO - 25/09/09 16:55:00 INFO SparkContext: OS info Linux, 5.15.167.4-microsoft-standard-WSL2, amd64
[2025-09-09T16:55:00.791+0000] {spark_submit.py:521} INFO - 25/09/09 16:55:00 INFO SparkContext: Java version 17.0.16
[2025-09-09T16:55:00.822+0000] {spark_submit.py:521} INFO - 25/09/09 16:55:00 INFO ResourceUtils: ==============================================================
[2025-09-09T16:55:00.823+0000] {spark_submit.py:521} INFO - 25/09/09 16:55:00 INFO ResourceUtils: No custom resources configured for spark.driver.
[2025-09-09T16:55:00.823+0000] {spark_submit.py:521} INFO - 25/09/09 16:55:00 INFO ResourceUtils: ==============================================================
[2025-09-09T16:55:00.826+0000] {spark_submit.py:521} INFO - 25/09/09 16:55:00 INFO SparkContext: Submitted application: TransformTest
[2025-09-09T16:55:00.853+0000] {spark_submit.py:521} INFO - 25/09/09 16:55:00 INFO ResourceProfile: Default ResourceProfile created, executor resources: Map(cores -> name: cores, amount: 1, script: , vendor: , memory -> name: memory, amount: 1024, script: , vendor: , offHeap -> name: offHeap, amount: 0, script: , vendor: ), task resources: Map(cpus -> name: cpus, amount: 1.0)
[2025-09-09T16:55:00.859+0000] {spark_submit.py:521} INFO - 25/09/09 16:55:00 INFO ResourceProfile: Limiting resource is cpu
[2025-09-09T16:55:00.859+0000] {spark_submit.py:521} INFO - 25/09/09 16:55:00 INFO ResourceProfileManager: Added ResourceProfile id: 0
[2025-09-09T16:55:00.922+0000] {spark_submit.py:521} INFO - 25/09/09 16:55:00 INFO SecurityManager: Changing view acls to: ***
[2025-09-09T16:55:00.923+0000] {spark_submit.py:521} INFO - 25/09/09 16:55:00 INFO SecurityManager: Changing modify acls to: ***
[2025-09-09T16:55:00.923+0000] {spark_submit.py:521} INFO - 25/09/09 16:55:00 INFO SecurityManager: Changing view acls groups to: ***
[2025-09-09T16:55:00.923+0000] {spark_submit.py:521} INFO - 25/09/09 16:55:00 INFO SecurityManager: Changing modify acls groups to: ***
[2025-09-09T16:55:00.926+0000] {spark_submit.py:521} INFO - 25/09/09 16:55:00 INFO SecurityManager: SecurityManager: authentication disabled; ui acls disabled; users with view permissions: *** groups with view permissions: EMPTY; users with modify permissions: ***; groups with modify permissions: EMPTY; RPC SSL disabled
[2025-09-09T16:55:01.513+0000] {spark_submit.py:521} INFO - 25/09/09 16:55:01 INFO Utils: Successfully started service 'sparkDriver' on port 36473.
[2025-09-09T16:55:01.602+0000] {spark_submit.py:521} INFO - 25/09/09 16:55:01 INFO SparkEnv: Registering MapOutputTracker
[2025-09-09T16:55:01.630+0000] {spark_submit.py:521} INFO - 25/09/09 16:55:01 INFO SparkEnv: Registering BlockManagerMaster
[2025-09-09T16:55:01.677+0000] {spark_submit.py:521} INFO - 25/09/09 16:55:01 INFO BlockManagerMasterEndpoint: Using org.apache.spark.storage.DefaultTopologyMapper for getting topology information
[2025-09-09T16:55:01.677+0000] {spark_submit.py:521} INFO - 25/09/09 16:55:01 INFO BlockManagerMasterEndpoint: BlockManagerMasterEndpoint up
[2025-09-09T16:55:01.682+0000] {spark_submit.py:521} INFO - 25/09/09 16:55:01 INFO SparkEnv: Registering BlockManagerMasterHeartbeat
[2025-09-09T16:55:01.750+0000] {spark_submit.py:521} INFO - 25/09/09 16:55:01 INFO DiskBlockManager: Created local directory at /tmp/blockmgr-8e3f47bd-b334-433d-b5bc-ea27f9a7f361
[2025-09-09T16:55:01.793+0000] {spark_submit.py:521} INFO - 25/09/09 16:55:01 INFO SparkEnv: Registering OutputCommitCoordinator
[2025-09-09T16:55:02.050+0000] {spark_submit.py:521} INFO - 25/09/09 16:55:02 INFO JettyUtils: Start Jetty 0.0.0.0:4040 for SparkUI
[2025-09-09T16:55:02.175+0000] {spark_submit.py:521} INFO - 25/09/09 16:55:02 INFO Utils: Successfully started service 'SparkUI' on port 4040.
[2025-09-09T16:55:02.236+0000] {spark_submit.py:521} INFO - 25/09/09 16:55:02 INFO SparkContext: Added JAR file:///home/***/.ivy2.5.2/jars/org.apache.hadoop_hadoop-aws-3.4.1.jar at spark://118acb478e13:36473/jars/org.apache.hadoop_hadoop-aws-3.4.1.jar with timestamp 1757436900772
[2025-09-09T16:55:02.236+0000] {spark_submit.py:521} INFO - 25/09/09 16:55:02 INFO SparkContext: Added JAR file:///home/***/.ivy2.5.2/jars/software.amazon.awssdk_bundle-2.24.6.jar at spark://118acb478e13:36473/jars/software.amazon.awssdk_bundle-2.24.6.jar with timestamp 1757436900772
[2025-09-09T16:55:02.237+0000] {spark_submit.py:521} INFO - 25/09/09 16:55:02 INFO SparkContext: Added JAR file:///home/***/.ivy2.5.2/jars/org.wildfly.openssl_wildfly-openssl-1.1.3.Final.jar at spark://118acb478e13:36473/jars/org.wildfly.openssl_wildfly-openssl-1.1.3.Final.jar with timestamp 1757436900772
[2025-09-09T16:55:02.240+0000] {spark_submit.py:521} INFO - 25/09/09 16:55:02 INFO SparkContext: Added file file:///home/***/.ivy2.5.2/jars/org.apache.hadoop_hadoop-aws-3.4.1.jar at file:///home/***/.ivy2.5.2/jars/org.apache.hadoop_hadoop-aws-3.4.1.jar with timestamp 1757436900772
[2025-09-09T16:55:02.247+0000] {spark_submit.py:521} INFO - 25/09/09 16:55:02 INFO Utils: Copying /home/***/.ivy2.5.2/jars/org.apache.hadoop_hadoop-aws-3.4.1.jar to /tmp/spark-8085cbed-555b-4698-84d6-23fdb3d2aba0/userFiles-14493a3b-b462-4820-8a6c-21889d426bb1/org.apache.hadoop_hadoop-aws-3.4.1.jar
[2025-09-09T16:55:02.309+0000] {spark_submit.py:521} INFO - 25/09/09 16:55:02 INFO SparkContext: Added file file:///home/***/.ivy2.5.2/jars/software.amazon.awssdk_bundle-2.24.6.jar at file:///home/***/.ivy2.5.2/jars/software.amazon.awssdk_bundle-2.24.6.jar with timestamp 1757436900772
[2025-09-09T16:55:02.309+0000] {spark_submit.py:521} INFO - 25/09/09 16:55:02 INFO Utils: Copying /home/***/.ivy2.5.2/jars/software.amazon.awssdk_bundle-2.24.6.jar to /tmp/spark-8085cbed-555b-4698-84d6-23fdb3d2aba0/userFiles-14493a3b-b462-4820-8a6c-21889d426bb1/software.amazon.awssdk_bundle-2.24.6.jar
[2025-09-09T16:55:32.736+0000] {spark_submit.py:521} INFO - 25/09/09 16:55:32 INFO SparkContext: Added file file:///home/***/.ivy2.5.2/jars/org.wildfly.openssl_wildfly-openssl-1.1.3.Final.jar at file:///home/***/.ivy2.5.2/jars/org.wildfly.openssl_wildfly-openssl-1.1.3.Final.jar with timestamp 1757436900772
[2025-09-09T16:55:32.740+0000] {spark_submit.py:521} INFO - 25/09/09 16:55:32 INFO Utils: Copying /home/***/.ivy2.5.2/jars/org.wildfly.openssl_wildfly-openssl-1.1.3.Final.jar to /tmp/spark-8085cbed-555b-4698-84d6-23fdb3d2aba0/userFiles-14493a3b-b462-4820-8a6c-21889d426bb1/org.wildfly.openssl_wildfly-openssl-1.1.3.Final.jar
[2025-09-09T16:55:32.838+0000] {spark_submit.py:521} INFO - 25/09/09 16:55:32 INFO SecurityManager: Changing view acls to: ***
[2025-09-09T16:55:32.838+0000] {spark_submit.py:521} INFO - 25/09/09 16:55:32 INFO SecurityManager: Changing modify acls to: ***
[2025-09-09T16:55:32.839+0000] {spark_submit.py:521} INFO - 25/09/09 16:55:32 INFO SecurityManager: Changing view acls groups to: ***
[2025-09-09T16:55:32.839+0000] {spark_submit.py:521} INFO - 25/09/09 16:55:32 INFO SecurityManager: Changing modify acls groups to: ***
[2025-09-09T16:55:32.840+0000] {spark_submit.py:521} INFO - 25/09/09 16:55:32 INFO SecurityManager: SecurityManager: authentication disabled; ui acls disabled; users with view permissions: *** groups with view permissions: EMPTY; users with modify permissions: ***; groups with modify permissions: EMPTY; RPC SSL disabled
[2025-09-09T16:55:33.157+0000] {spark_submit.py:521} INFO - 25/09/09 16:55:33 INFO Executor: Starting executor ID driver on host 118acb478e13
[2025-09-09T16:55:33.158+0000] {spark_submit.py:521} INFO - 25/09/09 16:55:33 INFO Executor: OS info Linux, 5.15.167.4-microsoft-standard-WSL2, amd64
[2025-09-09T16:55:33.158+0000] {spark_submit.py:521} INFO - 25/09/09 16:55:33 INFO Executor: Java version 17.0.16
[2025-09-09T16:55:33.185+0000] {spark_submit.py:521} INFO - 25/09/09 16:55:33 INFO Executor: Starting executor with user classpath (userClassPathFirst = false): ''
[2025-09-09T16:55:33.190+0000] {spark_submit.py:521} INFO - 25/09/09 16:55:33 INFO Executor: Created or updated repl class loader org.apache.spark.util.MutableURLClassLoader@51307d6d for default.
[2025-09-09T16:55:33.214+0000] {spark_submit.py:521} INFO - 25/09/09 16:55:33 INFO Executor: Fetching file:///home/***/.ivy2.5.2/jars/org.wildfly.openssl_wildfly-openssl-1.1.3.Final.jar with timestamp 1757436900772
[2025-09-09T16:55:33.294+0000] {spark_submit.py:521} INFO - 25/09/09 16:55:33 INFO Utils: /home/***/.ivy2.5.2/jars/org.wildfly.openssl_wildfly-openssl-1.1.3.Final.jar has been previously copied to /tmp/spark-8085cbed-555b-4698-84d6-23fdb3d2aba0/userFiles-14493a3b-b462-4820-8a6c-21889d426bb1/org.wildfly.openssl_wildfly-openssl-1.1.3.Final.jar
[2025-09-09T16:55:33.306+0000] {spark_submit.py:521} INFO - 25/09/09 16:55:33 INFO Executor: Fetching file:///home/***/.ivy2.5.2/jars/org.apache.hadoop_hadoop-aws-3.4.1.jar with timestamp 1757436900772
[2025-09-09T16:55:33.316+0000] {spark_submit.py:521} INFO - 25/09/09 16:55:33 INFO Utils: /home/***/.ivy2.5.2/jars/org.apache.hadoop_hadoop-aws-3.4.1.jar has been previously copied to /tmp/spark-8085cbed-555b-4698-84d6-23fdb3d2aba0/userFiles-14493a3b-b462-4820-8a6c-21889d426bb1/org.apache.hadoop_hadoop-aws-3.4.1.jar
[2025-09-09T16:55:33.334+0000] {spark_submit.py:521} INFO - 25/09/09 16:55:33 INFO Executor: Fetching file:///home/***/.ivy2.5.2/jars/software.amazon.awssdk_bundle-2.24.6.jar with timestamp 1757436900772
[2025-09-09T16:55:34.166+0000] {spark_submit.py:521} INFO - 25/09/09 16:55:34 INFO Utils: /home/***/.ivy2.5.2/jars/software.amazon.awssdk_bundle-2.24.6.jar has been previously copied to /tmp/spark-8085cbed-555b-4698-84d6-23fdb3d2aba0/userFiles-14493a3b-b462-4820-8a6c-21889d426bb1/software.amazon.awssdk_bundle-2.24.6.jar
[2025-09-09T16:55:34.181+0000] {spark_submit.py:521} INFO - 25/09/09 16:55:34 INFO Executor: Fetching spark://118acb478e13:36473/jars/org.apache.hadoop_hadoop-aws-3.4.1.jar with timestamp 1757436900772
[2025-09-09T16:55:34.340+0000] {spark_submit.py:521} INFO - 25/09/09 16:55:34 INFO TransportClientFactory: Successfully created connection to 118acb478e13/172.18.0.9:36473 after 117 ms (0 ms spent in bootstraps)
[2025-09-09T16:55:34.350+0000] {spark_submit.py:521} INFO - 25/09/09 16:55:34 INFO Utils: Fetching spark://118acb478e13:36473/jars/org.apache.hadoop_hadoop-aws-3.4.1.jar to /tmp/spark-8085cbed-555b-4698-84d6-23fdb3d2aba0/userFiles-14493a3b-b462-4820-8a6c-21889d426bb1/fetchFileTemp13763985408132002141.tmp
[2025-09-09T16:55:34.422+0000] {spark_submit.py:521} INFO - 25/09/09 16:55:34 INFO Utils: /tmp/spark-8085cbed-555b-4698-84d6-23fdb3d2aba0/userFiles-14493a3b-b462-4820-8a6c-21889d426bb1/fetchFileTemp13763985408132002141.tmp has been previously copied to /tmp/spark-8085cbed-555b-4698-84d6-23fdb3d2aba0/userFiles-14493a3b-b462-4820-8a6c-21889d426bb1/org.apache.hadoop_hadoop-aws-3.4.1.jar
[2025-09-09T16:55:34.479+0000] {spark_submit.py:521} INFO - 25/09/09 16:55:34 INFO Executor: Adding file:/tmp/spark-8085cbed-555b-4698-84d6-23fdb3d2aba0/userFiles-14493a3b-b462-4820-8a6c-21889d426bb1/org.apache.hadoop_hadoop-aws-3.4.1.jar to class loader default
[2025-09-09T16:55:34.479+0000] {spark_submit.py:521} INFO - 25/09/09 16:55:34 INFO Executor: Fetching spark://118acb478e13:36473/jars/org.wildfly.openssl_wildfly-openssl-1.1.3.Final.jar with timestamp 1757436900772
[2025-09-09T16:55:34.480+0000] {spark_submit.py:521} INFO - 25/09/09 16:55:34 INFO Utils: Fetching spark://118acb478e13:36473/jars/org.wildfly.openssl_wildfly-openssl-1.1.3.Final.jar to /tmp/spark-8085cbed-555b-4698-84d6-23fdb3d2aba0/userFiles-14493a3b-b462-4820-8a6c-21889d426bb1/fetchFileTemp8715019585480134680.tmp
[2025-09-09T16:55:34.495+0000] {spark_submit.py:521} INFO - 25/09/09 16:55:34 INFO Utils: /tmp/spark-8085cbed-555b-4698-84d6-23fdb3d2aba0/userFiles-14493a3b-b462-4820-8a6c-21889d426bb1/fetchFileTemp8715019585480134680.tmp has been previously copied to /tmp/spark-8085cbed-555b-4698-84d6-23fdb3d2aba0/userFiles-14493a3b-b462-4820-8a6c-21889d426bb1/org.wildfly.openssl_wildfly-openssl-1.1.3.Final.jar
[2025-09-09T16:55:34.523+0000] {spark_submit.py:521} INFO - 25/09/09 16:55:34 INFO Executor: Adding file:/tmp/spark-8085cbed-555b-4698-84d6-23fdb3d2aba0/userFiles-14493a3b-b462-4820-8a6c-21889d426bb1/org.wildfly.openssl_wildfly-openssl-1.1.3.Final.jar to class loader default
[2025-09-09T16:55:34.523+0000] {spark_submit.py:521} INFO - 25/09/09 16:55:34 INFO Executor: Fetching spark://118acb478e13:36473/jars/software.amazon.awssdk_bundle-2.24.6.jar with timestamp 1757436900772
[2025-09-09T16:55:34.524+0000] {spark_submit.py:521} INFO - 25/09/09 16:55:34 INFO Utils: Fetching spark://118acb478e13:36473/jars/software.amazon.awssdk_bundle-2.24.6.jar to /tmp/spark-8085cbed-555b-4698-84d6-23fdb3d2aba0/userFiles-14493a3b-b462-4820-8a6c-21889d426bb1/fetchFileTemp8001563186855231308.tmp
[2025-09-09T16:55:48.918+0000] {spark_submit.py:521} INFO - 25/09/09 16:55:48 INFO Utils: /tmp/spark-8085cbed-555b-4698-84d6-23fdb3d2aba0/userFiles-14493a3b-b462-4820-8a6c-21889d426bb1/fetchFileTemp8001563186855231308.tmp has been previously copied to /tmp/spark-8085cbed-555b-4698-84d6-23fdb3d2aba0/userFiles-14493a3b-b462-4820-8a6c-21889d426bb1/software.amazon.awssdk_bundle-2.24.6.jar
[2025-09-09T16:55:50.516+0000] {spark_submit.py:521} INFO - 25/09/09 16:55:50 INFO Executor: Told to re-register on heartbeat
[2025-09-09T16:55:50.521+0000] {spark_submit.py:521} INFO - 25/09/09 16:55:50 INFO BlockManager: BlockManager null re-registering with master
[2025-09-09T16:55:50.525+0000] {spark_submit.py:521} INFO - 25/09/09 16:55:50 INFO BlockManagerMaster: Registering BlockManager null
[2025-09-09T16:55:50.551+0000] {spark_submit.py:521} INFO - 25/09/09 16:55:50 WARN Executor: Issue communicating with driver in heartbeater
[2025-09-09T16:55:50.553+0000] {spark_submit.py:521} INFO - org.apache.spark.SparkException: Exception thrown in awaitResult:
[2025-09-09T16:55:50.553+0000] {spark_submit.py:521} INFO - at org.apache.spark.util.SparkThreadUtils$.awaitResult(SparkThreadUtils.scala:53)
[2025-09-09T16:55:50.553+0000] {spark_submit.py:521} INFO - at org.apache.spark.util.ThreadUtils$.awaitResult(ThreadUtils.scala:342)
[2025-09-09T16:55:50.554+0000] {spark_submit.py:521} INFO - at org.apache.spark.rpc.RpcTimeout.awaitResult(RpcTimeout.scala:75)
[2025-09-09T16:55:50.554+0000] {spark_submit.py:521} INFO - at org.apache.spark.rpc.RpcEndpointRef.askSync(RpcEndpointRef.scala:101)
[2025-09-09T16:55:50.555+0000] {spark_submit.py:521} INFO - at org.apache.spark.rpc.RpcEndpointRef.askSync(RpcEndpointRef.scala:85)
[2025-09-09T16:55:50.555+0000] {spark_submit.py:521} INFO - at org.apache.spark.storage.BlockManagerMaster.registerBlockManager(BlockManagerMaster.scala:81)
[2025-09-09T16:55:50.558+0000] {spark_submit.py:521} INFO - at org.apache.spark.storage.BlockManager.reregister(BlockManager.scala:669)
[2025-09-09T16:55:50.558+0000] {spark_submit.py:521} INFO - at org.apache.spark.executor.Executor.reportHeartBeat(Executor.scala:1296)
[2025-09-09T16:55:50.559+0000] {spark_submit.py:521} INFO - at org.apache.spark.executor.Executor.$anonfun$heartbeater$1(Executor.scala:307)
[2025-09-09T16:55:50.559+0000] {spark_submit.py:521} INFO - at scala.runtime.java8.JFunction0$mcV$sp.apply(JFunction0$mcV$sp.scala:18)
[2025-09-09T16:55:50.561+0000] {spark_submit.py:521} INFO - at org.apache.spark.util.Utils$.logUncaughtExceptions(Utils.scala:1937)
[2025-09-09T16:55:50.561+0000] {spark_submit.py:521} INFO - at org.apache.spark.Heartbeater$$anon$1.run(Heartbeater.scala:46)
[2025-09-09T16:55:50.561+0000] {spark_submit.py:521} INFO - at java.base/java.util.concurrent.Executors$RunnableAdapter.call(Executors.java:539)
[2025-09-09T16:55:50.563+0000] {spark_submit.py:521} INFO - at java.base/java.util.concurrent.FutureTask.runAndReset(FutureTask.java:305)
[2025-09-09T16:55:50.564+0000] {spark_submit.py:521} INFO - at java.base/java.util.concurrent.ScheduledThreadPoolExecutor$ScheduledFutureTask.run(ScheduledThreadPoolExecutor.java:305)
[2025-09-09T16:55:50.566+0000] {spark_submit.py:521} INFO - at java.base/java.util.concurrent.ThreadPoolExecutor.runWorker(ThreadPoolExecutor.java:1136)
[2025-09-09T16:55:50.566+0000] {spark_submit.py:521} INFO - at java.base/java.util.concurrent.ThreadPoolExecutor$Worker.run(ThreadPoolExecutor.java:635)
[2025-09-09T16:55:50.567+0000] {spark_submit.py:521} INFO - at java.base/java.lang.Thread.run(Thread.java:840)
[2025-09-09T16:55:50.570+0000] {spark_submit.py:521} INFO - Caused by: java.lang.NullPointerException: Cannot invoke "org.apache.spark.storage.BlockManagerId.executorId()" because "idWithoutTopologyInfo" is null
[2025-09-09T16:55:50.570+0000] {spark_submit.py:521} INFO - at org.apache.spark.storage.BlockManagerMasterEndpoint.org$apache$spark$storage$BlockManagerMasterEndpoint$$register(BlockManagerMasterEndpoint.scala:689)
[2025-09-09T16:55:50.571+0000] {spark_submit.py:521} INFO - at org.apache.spark.storage.BlockManagerMasterEndpoint$$anonfun$receiveAndReply$1.applyOrElse(BlockManagerMasterEndpoint.scala:141)
[2025-09-09T16:55:50.573+0000] {spark_submit.py:521} INFO - at org.apache.spark.rpc.netty.Inbox.$anonfun$process$1(Inbox.scala:104)
[2025-09-09T16:55:50.573+0000] {spark_submit.py:521} INFO - at org.apache.spark.rpc.netty.Inbox.safelyCall(Inbox.scala:216)
[2025-09-09T16:55:50.573+0000] {spark_submit.py:521} INFO - at org.apache.spark.rpc.netty.Inbox.process(Inbox.scala:101)
[2025-09-09T16:55:50.574+0000] {spark_submit.py:521} INFO - at org.apache.spark.rpc.netty.MessageLoop.org$apache$spark$rpc$netty$MessageLoop$$receiveLoop(MessageLoop.scala:76)
[2025-09-09T16:55:50.574+0000] {spark_submit.py:521} INFO - at org.apache.spark.rpc.netty.MessageLoop$$anon$1.run(MessageLoop.scala:42)
[2025-09-09T16:55:50.574+0000] {spark_submit.py:521} INFO - ... 3 more
[2025-09-09T16:55:50.575+0000] {spark_submit.py:521} INFO - 25/09/09 16:55:50 ERROR Inbox: Ignoring error
[2025-09-09T16:55:50.576+0000] {spark_submit.py:521} INFO - java.lang.NullPointerException: Cannot invoke "org.apache.spark.storage.BlockManagerId.executorId()" because "idWithoutTopologyInfo" is null
[2025-09-09T16:55:50.576+0000] {spark_submit.py:521} INFO - at org.apache.spark.storage.BlockManagerMasterEndpoint.org$apache$spark$storage$BlockManagerMasterEndpoint$$register(BlockManagerMasterEndpoint.scala:689)
[2025-09-09T16:55:50.578+0000] {spark_submit.py:521} INFO - at org.apache.spark.storage.BlockManagerMasterEndpoint$$anonfun$receiveAndReply$1.applyOrElse(BlockManagerMasterEndpoint.scala:141)
[2025-09-09T16:55:50.578+0000] {spark_submit.py:521} INFO - at org.apache.spark.rpc.netty.Inbox.$anonfun$process$1(Inbox.scala:104)
[2025-09-09T16:55:50.579+0000] {spark_submit.py:521} INFO - at org.apache.spark.rpc.netty.Inbox.safelyCall(Inbox.scala:216)
[2025-09-09T16:55:50.579+0000] {spark_submit.py:521} INFO - at org.apache.spark.rpc.netty.Inbox.process(Inbox.scala:101)
[2025-09-09T16:55:50.580+0000] {spark_submit.py:521} INFO - at org.apache.spark.rpc.netty.MessageLoop.org$apache$spark$rpc$netty$MessageLoop$$receiveLoop(MessageLoop.scala:76)
[2025-09-09T16:55:50.581+0000] {spark_submit.py:521} INFO - at org.apache.spark.rpc.netty.MessageLoop$$anon$1.run(MessageLoop.scala:42)
[2025-09-09T16:55:50.581+0000] {spark_submit.py:521} INFO - at java.base/java.util.concurrent.ThreadPoolExecutor.runWorker(ThreadPoolExecutor.java:1136)
[2025-09-09T16:55:50.581+0000] {spark_submit.py:521} INFO - at java.base/java.util.concurrent.ThreadPoolExecutor$Worker.run(ThreadPoolExecutor.java:635)
[2025-09-09T16:55:50.582+0000] {spark_submit.py:521} INFO - at java.base/java.lang.Thread.run(Thread.java:840)
[2025-09-09T16:55:53.037+0000] {spark_submit.py:521} INFO - 25/09/09 16:55:53 INFO Executor: Adding file:/tmp/spark-8085cbed-555b-4698-84d6-23fdb3d2aba0/userFiles-14493a3b-b462-4820-8a6c-21889d426bb1/software.amazon.awssdk_bundle-2.24.6.jar to class loader default
[2025-09-09T16:55:53.062+0000] {spark_submit.py:521} INFO - 25/09/09 16:55:53 INFO Utils: Successfully started service 'org.apache.spark.network.netty.NettyBlockTransferService' on port 39365.
[2025-09-09T16:55:53.070+0000] {spark_submit.py:521} INFO - 25/09/09 16:55:53 INFO NettyBlockTransferService: Server created on 118acb478e13:39365
[2025-09-09T16:55:53.072+0000] {spark_submit.py:521} INFO - 25/09/09 16:55:53 INFO BlockManager: Using org.apache.spark.storage.RandomBlockReplicationPolicy for block replication policy
[2025-09-09T16:55:53.093+0000] {spark_submit.py:521} INFO - 25/09/09 16:55:53 INFO BlockManagerMaster: Registering BlockManager BlockManagerId(driver, 118acb478e13, 39365, None)
[2025-09-09T16:55:53.106+0000] {spark_submit.py:521} INFO - 25/09/09 16:55:53 INFO BlockManagerMasterEndpoint: Registering block manager 118acb478e13:39365 with 434.4 MiB RAM, BlockManagerId(driver, 118acb478e13, 39365, None)
[2025-09-09T16:55:53.120+0000] {spark_submit.py:521} INFO - 25/09/09 16:55:53 INFO BlockManagerMaster: Registered BlockManager BlockManagerId(driver, 118acb478e13, 39365, None)
[2025-09-09T16:55:53.121+0000] {spark_submit.py:521} INFO - 25/09/09 16:55:53 INFO BlockManager: Initialized BlockManager: BlockManagerId(driver, 118acb478e13, 39365, None)
[2025-09-09T16:55:56.448+0000] {spark_submit.py:521} INFO - 25/09/09 16:55:56 INFO SharedState: Setting hive.metastore.warehouse.dir ('null') to the value of spark.sql.warehouse.dir.
[2025-09-09T16:55:56.449+0000] {spark_submit.py:521} INFO - 25/09/09 16:55:56 INFO SharedState: Warehouse path is 'file:/opt/***/spark-warehouse'.
[2025-09-09T16:55:57.673+0000] {spark_submit.py:521} INFO - 25/09/09 16:55:57 WARN MetricsConfig: Cannot locate configuration: tried hadoop-metrics2-s3a-file-system.properties,hadoop-metrics2.properties
[2025-09-09T16:55:57.689+0000] {spark_submit.py:521} INFO - 25/09/09 16:55:57 INFO MetricsSystemImpl: Scheduled Metric snapshot period at 10 second(s).
[2025-09-09T16:55:57.689+0000] {spark_submit.py:521} INFO - 25/09/09 16:55:57 INFO MetricsSystemImpl: s3a-file-system metrics system started
[2025-09-09T16:55:57.773+0000] {spark_submit.py:521} INFO - SLF4J: Failed to load class "org.slf4j.impl.StaticLoggerBinder".
[2025-09-09T16:55:57.774+0000] {spark_submit.py:521} INFO - SLF4J: Defaulting to no-operation (NOP) logger implementation
[2025-09-09T16:55:57.774+0000] {spark_submit.py:521} INFO - SLF4J: See http://www.slf4j.org/codes.html#StaticLoggerBinder for further details.
[2025-09-09T16:55:58.682+0000] {spark_submit.py:521} INFO - 25/09/09 16:55:58 INFO HadoopFSUtils: Listing s3a://job/bronze/vietnamworkcv/vietnamworkcv_jobs.parquet with listFiles API
[2025-09-09T16:55:58.811+0000] {spark_submit.py:521} INFO - 25/09/09 16:55:58 INFO InMemoryFileIndex: It took 138 ms to list leaf files for 1 paths.
[2025-09-09T16:55:59.061+0000] {spark_submit.py:521} INFO - 25/09/09 16:55:59 INFO SparkContext: Starting job: parquet at NativeMethodAccessorImpl.java:0
[2025-09-09T16:55:59.075+0000] {spark_submit.py:521} INFO - 25/09/09 16:55:59 INFO DAGScheduler: Got job 0 (parquet at NativeMethodAccessorImpl.java:0) with 1 output partitions
[2025-09-09T16:55:59.077+0000] {spark_submit.py:521} INFO - 25/09/09 16:55:59 INFO DAGScheduler: Final stage: ResultStage 0 (parquet at NativeMethodAccessorImpl.java:0)
[2025-09-09T16:55:59.079+0000] {spark_submit.py:521} INFO - 25/09/09 16:55:59 INFO DAGScheduler: Parents of final stage: List()
[2025-09-09T16:55:59.081+0000] {spark_submit.py:521} INFO - 25/09/09 16:55:59 INFO DAGScheduler: Missing parents: List()
[2025-09-09T16:55:59.084+0000] {spark_submit.py:521} INFO - 25/09/09 16:55:59 INFO DAGScheduler: Submitting ResultStage 0 (MapPartitionsRDD[1] at parquet at NativeMethodAccessorImpl.java:0), which has no missing parents
[2025-09-09T16:55:59.168+0000] {spark_submit.py:521} INFO - 25/09/09 16:55:59 INFO MemoryStore: MemoryStore started with capacity 434.4 MiB
[2025-09-09T16:55:59.185+0000] {spark_submit.py:521} INFO - 25/09/09 16:55:59 INFO MemoryStore: Block broadcast_0 stored as values in memory (estimated size 117.1 KiB, free 434.3 MiB)
[2025-09-09T16:55:59.238+0000] {spark_submit.py:521} INFO - 25/09/09 16:55:59 INFO MemoryStore: Block broadcast_0_piece0 stored as bytes in memory (estimated size 42.1 KiB, free 434.2 MiB)
[2025-09-09T16:55:59.260+0000] {spark_submit.py:521} INFO - 25/09/09 16:55:59 INFO SparkContext: Created broadcast 0 from broadcast at DAGScheduler.scala:1676
[2025-09-09T16:55:59.282+0000] {spark_submit.py:521} INFO - 25/09/09 16:55:59 INFO DAGScheduler: Submitting 1 missing tasks from ResultStage 0 (MapPartitionsRDD[1] at parquet at NativeMethodAccessorImpl.java:0) (first 15 tasks are for partitions Vector(0))
[2025-09-09T16:55:59.286+0000] {spark_submit.py:521} INFO - 25/09/09 16:55:59 INFO TaskSchedulerImpl: Adding task set 0.0 with 1 tasks resource profile 0
[2025-09-09T16:55:59.356+0000] {spark_submit.py:521} INFO - 25/09/09 16:55:59 INFO TaskSetManager: Starting task 0.0 in stage 0.0 (TID 0) (118acb478e13,executor driver, partition 0, PROCESS_LOCAL, 10759 bytes)
[2025-09-09T16:55:59.374+0000] {spark_submit.py:521} INFO - 25/09/09 16:55:59 INFO Executor: Running task 0.0 in stage 0.0 (TID 0)
[2025-09-09T16:55:59.954+0000] {spark_submit.py:521} INFO - 25/09/09 16:55:59 INFO Executor: Finished task 0.0 in stage 0.0 (TID 0). 7214 bytes result sent to driver
[2025-09-09T16:55:59.965+0000] {spark_submit.py:521} INFO - 25/09/09 16:55:59 INFO TaskSetManager: Finished task 0.0 in stage 0.0 (TID 0) in 635 ms on 118acb478e13 (executor driver) (1/1)
[2025-09-09T16:55:59.968+0000] {spark_submit.py:521} INFO - 25/09/09 16:55:59 INFO TaskSchedulerImpl: Removed TaskSet 0.0 whose tasks have all completed, from pool
[2025-09-09T16:55:59.974+0000] {spark_submit.py:521} INFO - 25/09/09 16:55:59 INFO DAGScheduler: ResultStage 0 (parquet at NativeMethodAccessorImpl.java:0) finished in 868 ms
[2025-09-09T16:55:59.976+0000] {spark_submit.py:521} INFO - 25/09/09 16:55:59 INFO DAGScheduler: Job 0 is finished. Cancelling potential speculative or zombie tasks for this job
[2025-09-09T16:55:59.976+0000] {spark_submit.py:521} INFO - 25/09/09 16:55:59 INFO TaskSchedulerImpl: Canceling stage 0
[2025-09-09T16:55:59.978+0000] {spark_submit.py:521} INFO - 25/09/09 16:55:59 INFO TaskSchedulerImpl: Killing all running tasks in stage 0: Stage finished
[2025-09-09T16:55:59.983+0000] {spark_submit.py:521} INFO - 25/09/09 16:55:59 INFO DAGScheduler: Job 0 finished: parquet at NativeMethodAccessorImpl.java:0, took 921.533822 ms
[2025-09-09T16:56:01.967+0000] {spark_submit.py:521} INFO - 25/09/09 16:56:01 INFO FileSourceStrategy: Pushed Filters:
[2025-09-09T16:56:01.970+0000] {spark_submit.py:521} INFO - 25/09/09 16:56:01 INFO FileSourceStrategy: Post-Scan Filters: Set()
[2025-09-09T16:56:02.576+0000] {spark_submit.py:521} INFO - 25/09/09 16:56:02 INFO CodeGenerator: Code generated in 238.616686 ms
[2025-09-09T16:56:02.708+0000] {spark_submit.py:521} INFO - 25/09/09 16:56:02 INFO CodeGenerator: Code generated in 55.389519 ms
[2025-09-09T16:56:02.733+0000] {spark_submit.py:521} INFO - 25/09/09 16:56:02 INFO MemoryStore: Block broadcast_1 stored as values in memory (estimated size 222.7 KiB, free 434.2 MiB)
[2025-09-09T16:56:02.747+0000] {spark_submit.py:521} INFO - 25/09/09 16:56:02 INFO MemoryStore: Block broadcast_1_piece0 stored as bytes in memory (estimated size 40.6 KiB, free 434.1 MiB)
[2025-09-09T16:56:02.749+0000] {spark_submit.py:521} INFO - 25/09/09 16:56:02 INFO SparkContext: Created broadcast 1 from $anonfun$withThreadLocalCaptured$2 at CompletableFuture.java:1768
[2025-09-09T16:56:02.775+0000] {spark_submit.py:521} INFO - 25/09/09 16:56:02 INFO FileSourceScanExec: Planning scan with bin packing, max size: 4194304 bytes, open cost is considered as scanning 4194304 bytes.
[2025-09-09T16:56:02.936+0000] {spark_submit.py:521} INFO - 25/09/09 16:56:02 INFO DAGScheduler: Registering RDD 10 ($anonfun$withThreadLocalCaptured$2 at CompletableFuture.java:1768) as input to shuffle 0
[2025-09-09T16:56:02.943+0000] {spark_submit.py:521} INFO - 25/09/09 16:56:02 INFO DAGScheduler: Got map stage job 1 ($anonfun$withThreadLocalCaptured$2 at CompletableFuture.java:1768) with 1 output partitions
[2025-09-09T16:56:02.944+0000] {spark_submit.py:521} INFO - 25/09/09 16:56:02 INFO DAGScheduler: Final stage: ShuffleMapStage 1 ($anonfun$withThreadLocalCaptured$2 at CompletableFuture.java:1768)
[2025-09-09T16:56:02.945+0000] {spark_submit.py:521} INFO - 25/09/09 16:56:02 INFO DAGScheduler: Parents of final stage: List()
[2025-09-09T16:56:02.945+0000] {spark_submit.py:521} INFO - 25/09/09 16:56:02 INFO DAGScheduler: Missing parents: List()
[2025-09-09T16:56:02.947+0000] {spark_submit.py:521} INFO - 25/09/09 16:56:02 INFO DAGScheduler: Submitting ShuffleMapStage 1 (MapPartitionsRDD[10] at $anonfun$withThreadLocalCaptured$2 at CompletableFuture.java:1768), which has no missing parents
[2025-09-09T16:56:02.983+0000] {spark_submit.py:521} INFO - 25/09/09 16:56:02 INFO MemoryStore: Block broadcast_2 stored as values in memory (estimated size 66.3 KiB, free 434.1 MiB)
[2025-09-09T16:56:02.988+0000] {spark_submit.py:521} INFO - 25/09/09 16:56:02 INFO MemoryStore: Block broadcast_2_piece0 stored as bytes in memory (estimated size 25.3 KiB, free 434.1 MiB)
[2025-09-09T16:56:02.990+0000] {spark_submit.py:521} INFO - 25/09/09 16:56:02 INFO SparkContext: Created broadcast 2 from broadcast at DAGScheduler.scala:1676
[2025-09-09T16:56:02.993+0000] {spark_submit.py:521} INFO - 25/09/09 16:56:02 INFO DAGScheduler: Submitting 1 missing tasks from ShuffleMapStage 1 (MapPartitionsRDD[10] at $anonfun$withThreadLocalCaptured$2 at CompletableFuture.java:1768) (first 15 tasks are for partitions Vector(0))
[2025-09-09T16:56:02.994+0000] {spark_submit.py:521} INFO - 25/09/09 16:56:02 INFO TaskSchedulerImpl: Adding task set 1.0 with 1 tasks resource profile 0
[2025-09-09T16:56:02.999+0000] {spark_submit.py:521} INFO - 25/09/09 16:56:02 INFO TaskSetManager: Starting task 0.0 in stage 1.0 (TID 1) (118acb478e13,executor driver, partition 0, PROCESS_LOCAL, 11189 bytes)
[2025-09-09T16:56:03.000+0000] {spark_submit.py:521} INFO - 25/09/09 16:56:03 INFO Executor: Running task 0.0 in stage 1.0 (TID 1)
[2025-09-09T16:56:03.221+0000] {spark_submit.py:521} INFO - 25/09/09 16:56:03 INFO CodeGenerator: Code generated in 146.323717 ms
[2025-09-09T16:56:03.283+0000] {spark_submit.py:521} INFO - 25/09/09 16:56:03 INFO CodeGenerator: Code generated in 25.529845 ms
[2025-09-09T16:56:05.213+0000] {spark_submit.py:521} INFO - 25/09/09 16:56:05 INFO CodeGenerator: Code generated in 32.489481 ms
[2025-09-09T16:56:05.303+0000] {spark_submit.py:521} INFO - 25/09/09 16:56:05 INFO CodeGenerator: Code generated in 50.309515 ms
[2025-09-09T16:56:05.310+0000] {spark_submit.py:521} INFO - 25/09/09 16:56:05 INFO CodeGenerator: Code generated in 5.694957 ms
[2025-09-09T16:56:05.338+0000] {spark_submit.py:521} INFO - 25/09/09 16:56:05 INFO CodeGenerator: Code generated in 21.315455 ms
[2025-09-09T16:56:05.358+0000] {spark_submit.py:521} INFO - 25/09/09 16:56:05 INFO CodeGenerator: Code generated in 5.35179 ms
[2025-09-09T16:56:05.375+0000] {spark_submit.py:521} INFO - 25/09/09 16:56:05 INFO CodeGenerator: Code generated in 4.42972 ms
[2025-09-09T16:56:05.379+0000] {spark_submit.py:521} INFO - 25/09/09 16:56:05 INFO FileScanRDD: Reading File path: s3a://job/bronze/vietnamworkcv/vietnamworkcv_jobs.parquet, range: 0-808342, partition values: [empty row]
[2025-09-09T16:56:05.851+0000] {spark_submit.py:521} INFO - 25/09/09 16:56:05 INFO CodecPool: Got brand-new decompressor [.snappy]
[2025-09-09T16:56:06.143+0000] {spark_submit.py:521} INFO - 25/09/09 16:56:06 INFO PythonUDFWithNamedArgumentsRunner: Times: total = 2794, boot = 1842, init = 375, finish = 577
[2025-09-09T16:56:06.168+0000] {spark_submit.py:521} INFO - 25/09/09 16:56:06 INFO CodeGenerator: Code generated in 6.950736 ms
[2025-09-09T16:56:06.185+0000] {spark_submit.py:521} INFO - 25/09/09 16:56:06 INFO SecurityManager: Changing view acls to: ***
[2025-09-09T16:56:06.186+0000] {spark_submit.py:521} INFO - 25/09/09 16:56:06 INFO SecurityManager: Changing modify acls to: ***
[2025-09-09T16:56:06.186+0000] {spark_submit.py:521} INFO - 25/09/09 16:56:06 INFO SecurityManager: Changing view acls groups to: ***
[2025-09-09T16:56:06.187+0000] {spark_submit.py:521} INFO - 25/09/09 16:56:06 INFO SecurityManager: Changing modify acls groups to: ***
[2025-09-09T16:56:06.187+0000] {spark_submit.py:521} INFO - 25/09/09 16:56:06 INFO SecurityManager: SecurityManager: authentication disabled; ui acls disabled; users with view permissions: *** groups with view permissions: EMPTY; users with modify permissions: ***; groups with modify permissions: EMPTY; RPC SSL disabled
[2025-09-09T16:56:06.615+0000] {spark_submit.py:521} INFO - 25/09/09 16:56:06 INFO Executor: Finished task 0.0 in stage 1.0 (TID 1). 3767 bytes result sent to driver
[2025-09-09T16:56:06.624+0000] {spark_submit.py:521} INFO - 25/09/09 16:56:06 INFO TaskSetManager: Finished task 0.0 in stage 1.0 (TID 1) in 3627 ms on 118acb478e13 (executor driver) (1/1)
[2025-09-09T16:56:06.627+0000] {spark_submit.py:521} INFO - 25/09/09 16:56:06 INFO PythonAccumulatorV2: Connected to AccumulatorServer at host: 127.0.0.1 port: 56737
[2025-09-09T16:56:06.628+0000] {spark_submit.py:521} INFO - 25/09/09 16:56:06 INFO TaskSchedulerImpl: Removed TaskSet 1.0 whose tasks have all completed, from pool
[2025-09-09T16:56:06.636+0000] {spark_submit.py:521} INFO - 25/09/09 16:56:06 INFO DAGScheduler: ShuffleMapStage 1 ($anonfun$withThreadLocalCaptured$2 at CompletableFuture.java:1768) finished in 3683 ms
[2025-09-09T16:56:06.637+0000] {spark_submit.py:521} INFO - 25/09/09 16:56:06 INFO DAGScheduler: looking for newly runnable stages
[2025-09-09T16:56:06.637+0000] {spark_submit.py:521} INFO - 25/09/09 16:56:06 INFO DAGScheduler: running: HashSet()
[2025-09-09T16:56:06.637+0000] {spark_submit.py:521} INFO - 25/09/09 16:56:06 INFO DAGScheduler: waiting: HashSet()
[2025-09-09T16:56:06.638+0000] {spark_submit.py:521} INFO - 25/09/09 16:56:06 INFO DAGScheduler: failed: HashSet()
[2025-09-09T16:56:06.660+0000] {spark_submit.py:521} INFO - 25/09/09 16:56:06 INFO ShufflePartitionsUtil: For shuffle(0, advisory target size: 67108864, actual target size 1048576, minimum partition size: 1048576
[2025-09-09T16:56:07.173+0000] {spark_submit.py:521} INFO - 25/09/09 16:56:07 INFO ParquetUtils: Using default output committer for Parquet: org.apache.parquet.hadoop.ParquetOutputCommitter
[2025-09-09T16:56:07.188+0000] {spark_submit.py:521} INFO - 25/09/09 16:56:07 INFO FileOutputCommitter: File Output Committer Algorithm version is 1
[2025-09-09T16:56:07.188+0000] {spark_submit.py:521} INFO - 25/09/09 16:56:07 INFO FileOutputCommitter: FileOutputCommitter skip cleanup _temporary folders under output directory:false, ignore cleanup failures: false
[2025-09-09T16:56:07.188+0000] {spark_submit.py:521} INFO - 25/09/09 16:56:07 INFO SQLHadoopMapReduceCommitProtocol: Using user defined output committer class org.apache.parquet.hadoop.ParquetOutputCommitter
[2025-09-09T16:56:07.189+0000] {spark_submit.py:521} INFO - 25/09/09 16:56:07 INFO FileOutputCommitter: File Output Committer Algorithm version is 1
[2025-09-09T16:56:07.189+0000] {spark_submit.py:521} INFO - 25/09/09 16:56:07 INFO FileOutputCommitter: FileOutputCommitter skip cleanup _temporary folders under output directory:false, ignore cleanup failures: false
[2025-09-09T16:56:07.189+0000] {spark_submit.py:521} INFO - 25/09/09 16:56:07 INFO SQLHadoopMapReduceCommitProtocol: Using output committer class org.apache.parquet.hadoop.ParquetOutputCommitter
[2025-09-09T16:56:07.276+0000] {spark_submit.py:521} INFO - 25/09/09 16:56:07 INFO UploadContentProviders: Stream recreated: ByteArrayContentProvider{buffer with length=0, offset=0} BaseContentProvider{size=0, initiated at 2025-09-09T16:56:07.257761199, streamCreationCount=2, currentStream=null}
[2025-09-09T16:56:07.375+0000] {spark_submit.py:521} INFO - 25/09/09 16:56:07 INFO CodeGenerator: Code generated in 8.974745 ms
[2025-09-09T16:56:07.394+0000] {spark_submit.py:521} INFO - 25/09/09 16:56:07 INFO CodeGenerator: Code generated in 7.736999 ms
[2025-09-09T16:56:07.425+0000] {spark_submit.py:521} INFO - 25/09/09 16:56:07 INFO SparkContext: Starting job: $anonfun$withThreadLocalCaptured$2 at CompletableFuture.java:1768
[2025-09-09T16:56:07.427+0000] {spark_submit.py:521} INFO - 25/09/09 16:56:07 INFO DAGScheduler: Got job 2 ($anonfun$withThreadLocalCaptured$2 at CompletableFuture.java:1768) with 1 output partitions
[2025-09-09T16:56:07.429+0000] {spark_submit.py:521} INFO - 25/09/09 16:56:07 INFO DAGScheduler: Final stage: ResultStage 3 ($anonfun$withThreadLocalCaptured$2 at CompletableFuture.java:1768)
[2025-09-09T16:56:07.429+0000] {spark_submit.py:521} INFO - 25/09/09 16:56:07 INFO DAGScheduler: Parents of final stage: List(ShuffleMapStage 2)
[2025-09-09T16:56:07.430+0000] {spark_submit.py:521} INFO - 25/09/09 16:56:07 INFO DAGScheduler: Missing parents: List()
[2025-09-09T16:56:07.431+0000] {spark_submit.py:521} INFO - 25/09/09 16:56:07 INFO DAGScheduler: Submitting ResultStage 3 (MapPartitionsRDD[16] at $anonfun$withThreadLocalCaptured$2 at CompletableFuture.java:1768), which has no missing parents
[2025-09-09T16:56:07.469+0000] {spark_submit.py:521} INFO - 25/09/09 16:56:07 INFO MemoryStore: Block broadcast_3 stored as values in memory (estimated size 301.0 KiB, free 433.8 MiB)
[2025-09-09T16:56:07.472+0000] {spark_submit.py:521} INFO - 25/09/09 16:56:07 INFO MemoryStore: Block broadcast_3_piece0 stored as bytes in memory (estimated size 109.8 KiB, free 433.7 MiB)
[2025-09-09T16:56:07.473+0000] {spark_submit.py:521} INFO - 25/09/09 16:56:07 INFO SparkContext: Created broadcast 3 from broadcast at DAGScheduler.scala:1676
[2025-09-09T16:56:07.474+0000] {spark_submit.py:521} INFO - 25/09/09 16:56:07 INFO DAGScheduler: Submitting 1 missing tasks from ResultStage 3 (MapPartitionsRDD[16] at $anonfun$withThreadLocalCaptured$2 at CompletableFuture.java:1768) (first 15 tasks are for partitions Vector(0))
[2025-09-09T16:56:07.474+0000] {spark_submit.py:521} INFO - 25/09/09 16:56:07 INFO TaskSchedulerImpl: Adding task set 3.0 with 1 tasks resource profile 0
[2025-09-09T16:56:07.480+0000] {spark_submit.py:521} INFO - 25/09/09 16:56:07 INFO TaskSetManager: Starting task 0.0 in stage 3.0 (TID 2) (118acb478e13,executor driver, partition 0, NODE_LOCAL, 10580 bytes)
[2025-09-09T16:56:07.481+0000] {spark_submit.py:521} INFO - 25/09/09 16:56:07 INFO Executor: Running task 0.0 in stage 3.0 (TID 2)
[2025-09-09T16:56:07.578+0000] {spark_submit.py:521} INFO - 25/09/09 16:56:07 INFO ShuffleBlockFetcherIterator: Getting 1 (185.3 KiB) non-empty blocks including 1 (185.3 KiB) local and 0 (0.0 B) host-local and 0 (0.0 B) push-merged-local and 0 (0.0 B) remote blocks
[2025-09-09T16:56:07.580+0000] {spark_submit.py:521} INFO - 25/09/09 16:56:07 INFO ShuffleBlockFetcherIterator: Started 0 remote fetches in 31 ms
[2025-09-09T16:56:07.589+0000] {spark_submit.py:521} INFO - 25/09/09 16:56:07 INFO CodeGenerator: Code generated in 5.937053 ms
[2025-09-09T16:56:07.647+0000] {spark_submit.py:521} INFO - 25/09/09 16:56:07 INFO CodeGenerator: Code generated in 22.853559 ms
[2025-09-09T16:56:07.667+0000] {spark_submit.py:521} INFO - 25/09/09 16:56:07 INFO CodeGenerator: Code generated in 3.058754 ms
[2025-09-09T16:56:07.674+0000] {spark_submit.py:521} INFO - 25/09/09 16:56:07 INFO CodeGenerator: Code generated in 4.097985 ms
[2025-09-09T16:56:07.680+0000] {spark_submit.py:521} INFO - 25/09/09 16:56:07 INFO CodeGenerator: Code generated in 4.272556 ms
[2025-09-09T16:56:07.689+0000] {spark_submit.py:521} INFO - 25/09/09 16:56:07 INFO CodeGenerator: Code generated in 6.712784 ms
[2025-09-09T16:56:07.690+0000] {spark_submit.py:521} INFO - 25/09/09 16:56:07 INFO FileOutputCommitter: File Output Committer Algorithm version is 1
[2025-09-09T16:56:07.690+0000] {spark_submit.py:521} INFO - 25/09/09 16:56:07 INFO FileOutputCommitter: FileOutputCommitter skip cleanup _temporary folders under output directory:false, ignore cleanup failures: false
[2025-09-09T16:56:07.691+0000] {spark_submit.py:521} INFO - 25/09/09 16:56:07 INFO SQLHadoopMapReduceCommitProtocol: Using user defined output committer class org.apache.parquet.hadoop.ParquetOutputCommitter
[2025-09-09T16:56:07.692+0000] {spark_submit.py:521} INFO - 25/09/09 16:56:07 INFO FileOutputCommitter: File Output Committer Algorithm version is 1
[2025-09-09T16:56:07.692+0000] {spark_submit.py:521} INFO - 25/09/09 16:56:07 INFO FileOutputCommitter: FileOutputCommitter skip cleanup _temporary folders under output directory:false, ignore cleanup failures: false
[2025-09-09T16:56:07.692+0000] {spark_submit.py:521} INFO - 25/09/09 16:56:07 INFO SQLHadoopMapReduceCommitProtocol: Using output committer class org.apache.parquet.hadoop.ParquetOutputCommitter
[2025-09-09T16:56:07.698+0000] {spark_submit.py:521} INFO - 25/09/09 16:56:07 INFO CodecConfig: Compression: SNAPPY
[2025-09-09T16:56:07.700+0000] {spark_submit.py:521} INFO - 25/09/09 16:56:07 INFO CodecConfig: Compression: SNAPPY
[2025-09-09T16:56:07.721+0000] {spark_submit.py:521} INFO - 25/09/09 16:56:07 INFO ParquetOutputFormat: ParquetRecordWriter [block size: 134217728b, row group padding size: 8388608b, validating: false]
[2025-09-09T16:56:07.796+0000] {spark_submit.py:521} INFO - 25/09/09 16:56:07 INFO CodecPool: Got brand-new compressor [.snappy]
[2025-09-09T16:56:08.067+0000] {spark_submit.py:521} INFO - 25/09/09 16:56:08 WARN S3ABlockOutputStream: Application invoked the Syncable API against stream writing to silver/vietnamworkcv/vietnamworkcv_jobs.parquet/_temporary/0/_temporary/attempt_202509091656073709262362674135707_0003_m_000000_2/part-00000-9bead6e3-8027-48fe-af78-1e84e8646549-c000.snappy.parquet. This is Unsupported
[2025-09-09T16:56:08.072+0000] {spark_submit.py:521} INFO - 25/09/09 16:56:08 INFO UploadContentProviders: Stream recreated: FileWithOffsetContentProvider{file=/tmp/hadoop-***/s3a/s3ablock-0001-17852367704161218375.tmp, offset=0} BaseContentProvider{size=51324, initiated at 2025-09-09T16:56:08.068636959, streamCreationCount=2, currentStream=null}
[2025-09-09T16:56:08.598+0000] {spark_submit.py:521} INFO - 25/09/09 16:56:08 INFO UploadContentProviders: Stream recreated: ByteArrayContentProvider{buffer with length=0, offset=0} BaseContentProvider{size=0, initiated at 2025-09-09T16:56:08.596537185, streamCreationCount=2, currentStream=null}
[2025-09-09T16:56:08.649+0000] {spark_submit.py:521} INFO - 25/09/09 16:56:08 INFO FileOutputCommitter: Saved output of task 'attempt_202509091656073709262362674135707_0003_m_000000_2' to s3a://job/silver/vietnamworkcv/vietnamworkcv_jobs.parquet/_temporary/0/task_202509091656073709262362674135707_0003_m_000000
[2025-09-09T16:56:08.653+0000] {spark_submit.py:521} INFO - 25/09/09 16:56:08 INFO SparkHadoopMapRedUtil: attempt_202509091656073709262362674135707_0003_m_000000_2: Committed. Elapsed time: 430 ms.
[2025-09-09T16:56:08.660+0000] {spark_submit.py:521} INFO - 25/09/09 16:56:08 INFO Executor: Finished task 0.0 in stage 3.0 (TID 2). 7350 bytes result sent to driver
[2025-09-09T16:56:08.669+0000] {spark_submit.py:521} INFO - 25/09/09 16:56:08 INFO TaskSetManager: Finished task 0.0 in stage 3.0 (TID 2) in 1190 ms on 118acb478e13 (executor driver) (1/1)
[2025-09-09T16:56:08.675+0000] {spark_submit.py:521} INFO - 25/09/09 16:56:08 INFO TaskSchedulerImpl: Removed TaskSet 3.0 whose tasks have all completed, from pool
[2025-09-09T16:56:08.675+0000] {spark_submit.py:521} INFO - 25/09/09 16:56:08 INFO DAGScheduler: ResultStage 3 ($anonfun$withThreadLocalCaptured$2 at CompletableFuture.java:1768) finished in 1234 ms
[2025-09-09T16:56:08.682+0000] {spark_submit.py:521} INFO - 25/09/09 16:56:08 INFO DAGScheduler: Job 2 is finished. Cancelling potential speculative or zombie tasks for this job
[2025-09-09T16:56:08.684+0000] {spark_submit.py:521} INFO - 25/09/09 16:56:08 INFO TaskSchedulerImpl: Canceling stage 3
[2025-09-09T16:56:08.686+0000] {spark_submit.py:521} INFO - 25/09/09 16:56:08 INFO TaskSchedulerImpl: Killing all running tasks in stage 3: Stage finished
[2025-09-09T16:56:08.686+0000] {spark_submit.py:521} INFO - 25/09/09 16:56:08 INFO DAGScheduler: Job 2 finished: $anonfun$withThreadLocalCaptured$2 at CompletableFuture.java:1768, took 1250.828653 ms
[2025-09-09T16:56:08.686+0000] {spark_submit.py:521} INFO - 25/09/09 16:56:08 INFO FileFormatWriter: Start to commit write Job 849bfc52-719b-4c87-b0fb-8ef1858daee3.
[2025-09-09T16:56:09.005+0000] {spark_submit.py:521} INFO - 25/09/09 16:56:09 INFO UploadContentProviders: Stream recreated: ByteArrayContentProvider{buffer with length=0, offset=0} BaseContentProvider{size=0, initiated at 2025-09-09T16:56:09.003338150, streamCreationCount=2, currentStream=null}
[2025-09-09T16:56:09.317+0000] {spark_submit.py:521} INFO - 25/09/09 16:56:09 INFO UploadContentProviders: Stream recreated: FileWithOffsetContentProvider{file=/tmp/hadoop-***/s3a/s3ablock-0001-14407551974304206004.tmp, offset=0} BaseContentProvider{size=0, initiated at 2025-09-09T16:56:09.315633781, streamCreationCount=2, currentStream=null}
[2025-09-09T16:56:09.398+0000] {spark_submit.py:521} INFO - 25/09/09 16:56:09 INFO FileFormatWriter: Write Job 849bfc52-719b-4c87-b0fb-8ef1858daee3 committed. Elapsed time: 717 ms.
[2025-09-09T16:56:09.401+0000] {spark_submit.py:521} INFO - 25/09/09 16:56:09 INFO FileFormatWriter: Finished processing stats for write job 849bfc52-719b-4c87-b0fb-8ef1858daee3.
[2025-09-09T16:56:09.430+0000] {spark_submit.py:521} INFO -  Uploaded Spark DataFrame to MinIO: s3a://job/silver/vietnamworkcv/vietnamworkcv_jobs.parquet
[2025-09-09T16:56:09.516+0000] {spark_submit.py:521} INFO - 25/09/09 16:56:09 INFO FileSourceStrategy: Pushed Filters:
[2025-09-09T16:56:09.517+0000] {spark_submit.py:521} INFO - 25/09/09 16:56:09 INFO FileSourceStrategy: Post-Scan Filters: Set()
[2025-09-09T16:56:09.637+0000] {spark_submit.py:521} INFO - 25/09/09 16:56:09 INFO MemoryStore: Block broadcast_4 stored as values in memory (estimated size 222.7 KiB, free 433.4 MiB)
[2025-09-09T16:56:09.644+0000] {spark_submit.py:521} INFO - 25/09/09 16:56:09 INFO MemoryStore: Block broadcast_4_piece0 stored as bytes in memory (estimated size 40.6 KiB, free 433.4 MiB)
[2025-09-09T16:56:09.647+0000] {spark_submit.py:521} INFO - 25/09/09 16:56:09 INFO SparkContext: Created broadcast 4 from $anonfun$withThreadLocalCaptured$2 at CompletableFuture.java:1768
[2025-09-09T16:56:09.648+0000] {spark_submit.py:521} INFO - 25/09/09 16:56:09 INFO FileSourceScanExec: Planning scan with bin packing, max size: 4194304 bytes, open cost is considered as scanning 4194304 bytes.
[2025-09-09T16:56:09.656+0000] {spark_submit.py:521} INFO - 25/09/09 16:56:09 INFO DAGScheduler: Registering RDD 25 ($anonfun$withThreadLocalCaptured$2 at CompletableFuture.java:1768) as input to shuffle 1
[2025-09-09T16:56:09.657+0000] {spark_submit.py:521} INFO - 25/09/09 16:56:09 INFO DAGScheduler: Got map stage job 3 ($anonfun$withThreadLocalCaptured$2 at CompletableFuture.java:1768) with 1 output partitions
[2025-09-09T16:56:09.657+0000] {spark_submit.py:521} INFO - 25/09/09 16:56:09 INFO DAGScheduler: Final stage: ShuffleMapStage 4 ($anonfun$withThreadLocalCaptured$2 at CompletableFuture.java:1768)
[2025-09-09T16:56:09.658+0000] {spark_submit.py:521} INFO - 25/09/09 16:56:09 INFO DAGScheduler: Parents of final stage: List()
[2025-09-09T16:56:09.658+0000] {spark_submit.py:521} INFO - 25/09/09 16:56:09 INFO DAGScheduler: Missing parents: List()
[2025-09-09T16:56:09.658+0000] {spark_submit.py:521} INFO - 25/09/09 16:56:09 INFO DAGScheduler: Submitting ShuffleMapStage 4 (MapPartitionsRDD[25] at $anonfun$withThreadLocalCaptured$2 at CompletableFuture.java:1768), which has no missing parents
[2025-09-09T16:56:09.663+0000] {spark_submit.py:521} INFO - 25/09/09 16:56:09 INFO MemoryStore: Block broadcast_5 stored as values in memory (estimated size 66.3 KiB, free 433.3 MiB)
[2025-09-09T16:56:09.664+0000] {spark_submit.py:521} INFO - 25/09/09 16:56:09 INFO MemoryStore: Block broadcast_5_piece0 stored as bytes in memory (estimated size 25.3 KiB, free 433.3 MiB)
[2025-09-09T16:56:09.665+0000] {spark_submit.py:521} INFO - 25/09/09 16:56:09 INFO SparkContext: Created broadcast 5 from broadcast at DAGScheduler.scala:1676
[2025-09-09T16:56:09.666+0000] {spark_submit.py:521} INFO - 25/09/09 16:56:09 INFO DAGScheduler: Submitting 1 missing tasks from ShuffleMapStage 4 (MapPartitionsRDD[25] at $anonfun$withThreadLocalCaptured$2 at CompletableFuture.java:1768) (first 15 tasks are for partitions Vector(0))
[2025-09-09T16:56:09.666+0000] {spark_submit.py:521} INFO - 25/09/09 16:56:09 INFO TaskSchedulerImpl: Adding task set 4.0 with 1 tasks resource profile 0
[2025-09-09T16:56:09.667+0000] {spark_submit.py:521} INFO - 25/09/09 16:56:09 INFO TaskSetManager: Starting task 0.0 in stage 4.0 (TID 3) (118acb478e13,executor driver, partition 0, PROCESS_LOCAL, 11189 bytes)
[2025-09-09T16:56:09.668+0000] {spark_submit.py:521} INFO - 25/09/09 16:56:09 INFO Executor: Running task 0.0 in stage 4.0 (TID 3)
[2025-09-09T16:56:09.698+0000] {spark_submit.py:521} INFO - 25/09/09 16:56:09 INFO FileScanRDD: Reading File path: s3a://job/bronze/vietnamworkcv/vietnamworkcv_jobs.parquet, range: 0-808342, partition values: [empty row]
[2025-09-09T16:56:09.991+0000] {spark_submit.py:521} INFO - 25/09/09 16:56:09 INFO PythonUDFWithNamedArgumentsRunner: Times: total = 299, boot = -3560, init = 3720, finish = 139
[2025-09-09T16:56:10.081+0000] {spark_submit.py:521} INFO - 25/09/09 16:56:10 INFO Executor: Finished task 0.0 in stage 4.0 (TID 3). 3767 bytes result sent to driver
[2025-09-09T16:56:10.085+0000] {spark_submit.py:521} INFO - 25/09/09 16:56:10 INFO TaskSetManager: Finished task 0.0 in stage 4.0 (TID 3) in 418 ms on 118acb478e13 (executor driver) (1/1)
[2025-09-09T16:56:10.086+0000] {spark_submit.py:521} INFO - 25/09/09 16:56:10 INFO DAGScheduler: ShuffleMapStage 4 ($anonfun$withThreadLocalCaptured$2 at CompletableFuture.java:1768) finished in 427 ms
[2025-09-09T16:56:10.086+0000] {spark_submit.py:521} INFO - 25/09/09 16:56:10 INFO DAGScheduler: looking for newly runnable stages
[2025-09-09T16:56:10.087+0000] {spark_submit.py:521} INFO - 25/09/09 16:56:10 INFO DAGScheduler: running: HashSet()
[2025-09-09T16:56:10.087+0000] {spark_submit.py:521} INFO - 25/09/09 16:56:10 INFO DAGScheduler: waiting: HashSet()
[2025-09-09T16:56:10.087+0000] {spark_submit.py:521} INFO - 25/09/09 16:56:10 INFO DAGScheduler: failed: HashSet()
[2025-09-09T16:56:10.089+0000] {spark_submit.py:521} INFO - 25/09/09 16:56:10 INFO TaskSchedulerImpl: Removed TaskSet 4.0 whose tasks have all completed, from pool
[2025-09-09T16:56:10.105+0000] {spark_submit.py:521} INFO - 25/09/09 16:56:10 INFO ShufflePartitionsUtil: For shuffle(1, advisory target size: 67108864, actual target size 1048576, minimum partition size: 1048576
[2025-09-09T16:56:10.153+0000] {spark_submit.py:521} INFO - 25/09/09 16:56:10 INFO CodeGenerator: Code generated in 17.244248 ms
[2025-09-09T16:56:10.196+0000] {spark_submit.py:521} INFO - 25/09/09 16:56:10 INFO SparkContext: Starting job: $anonfun$withThreadLocalCaptured$2 at CompletableFuture.java:1768
[2025-09-09T16:56:10.198+0000] {spark_submit.py:521} INFO - 25/09/09 16:56:10 INFO DAGScheduler: Got job 4 ($anonfun$withThreadLocalCaptured$2 at CompletableFuture.java:1768) with 1 output partitions
[2025-09-09T16:56:10.199+0000] {spark_submit.py:521} INFO - 25/09/09 16:56:10 INFO DAGScheduler: Final stage: ResultStage 6 ($anonfun$withThreadLocalCaptured$2 at CompletableFuture.java:1768)
[2025-09-09T16:56:10.203+0000] {spark_submit.py:521} INFO - 25/09/09 16:56:10 INFO DAGScheduler: Parents of final stage: List(ShuffleMapStage 5)
[2025-09-09T16:56:10.203+0000] {spark_submit.py:521} INFO - 25/09/09 16:56:10 INFO DAGScheduler: Missing parents: List()
[2025-09-09T16:56:10.204+0000] {spark_submit.py:521} INFO - 25/09/09 16:56:10 INFO DAGScheduler: Submitting ResultStage 6 (MapPartitionsRDD[31] at $anonfun$withThreadLocalCaptured$2 at CompletableFuture.java:1768), which has no missing parents
[2025-09-09T16:56:10.209+0000] {spark_submit.py:521} INFO - 25/09/09 16:56:10 INFO MemoryStore: Block broadcast_6 stored as values in memory (estimated size 73.6 KiB, free 433.7 MiB)
[2025-09-09T16:56:10.212+0000] {spark_submit.py:521} INFO - 25/09/09 16:56:10 INFO MemoryStore: Block broadcast_6_piece0 stored as bytes in memory (estimated size 29.2 KiB, free 433.7 MiB)
[2025-09-09T16:56:10.213+0000] {spark_submit.py:521} INFO - 25/09/09 16:56:10 INFO SparkContext: Created broadcast 6 from broadcast at DAGScheduler.scala:1676
[2025-09-09T16:56:10.214+0000] {spark_submit.py:521} INFO - 25/09/09 16:56:10 INFO DAGScheduler: Submitting 1 missing tasks from ResultStage 6 (MapPartitionsRDD[31] at $anonfun$withThreadLocalCaptured$2 at CompletableFuture.java:1768) (first 15 tasks are for partitions Vector(0))
[2025-09-09T16:56:10.214+0000] {spark_submit.py:521} INFO - 25/09/09 16:56:10 INFO TaskSchedulerImpl: Adding task set 6.0 with 1 tasks resource profile 0
[2025-09-09T16:56:10.216+0000] {spark_submit.py:521} INFO - 25/09/09 16:56:10 INFO TaskSetManager: Starting task 0.0 in stage 6.0 (TID 4) (118acb478e13,executor driver, partition 0, NODE_LOCAL, 10580 bytes)
[2025-09-09T16:56:10.217+0000] {spark_submit.py:521} INFO - 25/09/09 16:56:10 INFO Executor: Running task 0.0 in stage 6.0 (TID 4)
[2025-09-09T16:56:10.232+0000] {spark_submit.py:521} INFO - 25/09/09 16:56:10 INFO ShuffleBlockFetcherIterator: Getting 1 (185.3 KiB) non-empty blocks including 1 (185.3 KiB) local and 0 (0.0 B) host-local and 0 (0.0 B) push-merged-local and 0 (0.0 B) remote blocks
[2025-09-09T16:56:10.232+0000] {spark_submit.py:521} INFO - 25/09/09 16:56:10 INFO ShuffleBlockFetcherIterator: Started 0 remote fetches in 1 ms
[2025-09-09T16:56:10.270+0000] {spark_submit.py:521} INFO - 25/09/09 16:56:10 INFO CodeGenerator: Code generated in 15.415439 ms
[2025-09-09T16:56:10.278+0000] {spark_submit.py:521} INFO - 25/09/09 16:56:10 INFO Executor: Finished task 0.0 in stage 6.0 (TID 4). 11662 bytes result sent to driver
[2025-09-09T16:56:10.282+0000] {spark_submit.py:521} INFO - 25/09/09 16:56:10 INFO TaskSetManager: Finished task 0.0 in stage 6.0 (TID 4) in 66 ms on 118acb478e13 (executor driver) (1/1)
[2025-09-09T16:56:10.282+0000] {spark_submit.py:521} INFO - 25/09/09 16:56:10 INFO TaskSchedulerImpl: Removed TaskSet 6.0 whose tasks have all completed, from pool
[2025-09-09T16:56:10.282+0000] {spark_submit.py:521} INFO - 25/09/09 16:56:10 INFO DAGScheduler: ResultStage 6 ($anonfun$withThreadLocalCaptured$2 at CompletableFuture.java:1768) finished in 78 ms
[2025-09-09T16:56:10.283+0000] {spark_submit.py:521} INFO - 25/09/09 16:56:10 INFO DAGScheduler: Job 4 is finished. Cancelling potential speculative or zombie tasks for this job
[2025-09-09T16:56:10.286+0000] {spark_submit.py:521} INFO - 25/09/09 16:56:10 INFO TaskSchedulerImpl: Canceling stage 6
[2025-09-09T16:56:10.286+0000] {spark_submit.py:521} INFO - 25/09/09 16:56:10 INFO TaskSchedulerImpl: Killing all running tasks in stage 6: Stage finished
[2025-09-09T16:56:10.287+0000] {spark_submit.py:521} INFO - 25/09/09 16:56:10 INFO DAGScheduler: Job 4 finished: $anonfun$withThreadLocalCaptured$2 at CompletableFuture.java:1768, took 89.131805 ms
[2025-09-09T16:56:10.325+0000] {spark_submit.py:521} INFO - 25/09/09 16:56:10 INFO CodeGenerator: Code generated in 9.573148 ms
[2025-09-09T16:56:10.348+0000] {spark_submit.py:521} INFO - +--------------------+--------------------+---+----------------+------------+------------+----------------+----------------+--------------------+--------------+--------------+--------------+--------------------+--------------------+-----------+---------+------------+
[2025-09-09T16:56:10.348+0000] {spark_submit.py:521} INFO - |        job_position|        company_name|yoe|job_posting_date|  min_salary|  max_salary|company_size_min|company_size_max|         major_field|         level|num_of_recruit|     work_form|     relation_fields|    skills_extracted|       city| district|      source|
[2025-09-09T16:56:10.349+0000] {spark_submit.py:521} INFO - +--------------------+--------------------+---+----------------+------------+------------+----------------+----------------+--------------------+--------------+--------------+--------------+--------------------+--------------------+-----------+---------+------------+
[2025-09-09T16:56:10.349+0000] {spark_submit.py:521} INFO - | Chuyn Gia/ Chuy...|Ngn Hng TMCP Qu...|  3|      2025-07-17|        NULL|        NULL|            1000|            4999|Banking & Financi...|     Nhn vin|           1.0|Ton thi gian| [Compliance & Risk]|[Data Visualizati...|     H Ni|         |vietnamworks|
[2025-09-09T16:56:10.350+0000] {spark_submit.py:521} INFO - |(JP 156) K s M...|Cng Ty TNHH R Te...|  2|      2025-07-10|        NULL|        NULL|            NULL|            NULL|              Design|     Nhn vin|           2.0|Ton thi gian|[Industrial Desig...|[2D Drawing, Japa...|    Quc t|         |vietnamworks|
[2025-09-09T16:56:10.351+0000] {spark_submit.py:521} INFO - |(VN 157) K s M...|Cng Ty TNHH R Te...|  1|      2025-07-10|    16100000|    20700000|            NULL|            NULL|              Design|     Nhn vin|           2.0|Ton thi gian|[Industrial Desig...|[2D Drawing, Atte...|H Ch Minh|         |vietnamworks|
[2025-09-09T16:56:10.352+0000] {spark_submit.py:521} INFO - |03 Pre-Sales Engi...|      Navigos Search|  2|      2025-07-13|    33600000|    43200000|             100|             499|Information Techn...|     Nhn vin|          NULL|Ton thi gian|[Telecommunications]|[Pre-sales, Gii ...|     H Ni|         |vietnamworks|
[2025-09-09T16:56:10.354+0000] {spark_submit.py:521} INFO - |AI & Workflow Aut...|            PioneerX|  0|      2025-07-11|312000000000|432000000000|              10|              24|Information Techn...|Mi Tt Nghip|          NULL|Ton thi gian|[Data Engineer/Da...|[Python, JavaScri...|     H Ni|         |vietnamworks|
[2025-09-09T16:56:10.358+0000] {spark_submit.py:521} INFO - |AI Data Science M...|Cng Ty C Phn V...|  0|      2025-07-11|        NULL|        NULL|            NULL|            NULL|Information Techn...|  Trng phng|           2.0|Ton thi gian|[Data Engineer/Da...|[Machine Learning...|H Ch Minh|Ph Nhun|vietnamworks|
[2025-09-09T16:56:10.359+0000] {spark_submit.py:521} INFO - |AI Developer - Ll...|    AZPLAYS Co., LTD|  0|      2025-07-31|    45600000|    56400000|              25|              99|Information Techn...|Mi Tt Nghip|          NULL|Ton thi gian|[Data Engineer/Da...|[Python, Java, Ja...|H Ch Minh|         |vietnamworks|
[2025-09-09T16:56:10.362+0000] {spark_submit.py:521} INFO - |AI Engineer (Adap...|Cng Ty TNHH Geni...|  3|      2025-07-21|        NULL|        NULL|             100|             499|Information Techn...|     Nhn vin|           1.0|Ton thi gian|[Data Engineer/Da...|[Python, SQL, Fas...|H Ch Minh|         |vietnamworks|
[2025-09-09T16:56:10.366+0000] {spark_submit.py:521} INFO - |AI Engineer (From...|Toshiba Software ...|  2|      2025-07-23|        NULL|        NULL|             100|             499|Information Techn...|     Nhn vin|          NULL|Ton thi gian|[Data Engineer/Da...|[Application Solu...|     H Ni|         |vietnamworks|
[2025-09-09T16:56:10.368+0000] {spark_submit.py:521} INFO - |AI Engineer  H Ni|Ngn hng TMCP ...|  5|      2025-07-09|    25000000|    35000000|            NULL|            NULL|Information Techn...|  Trng phng|           1.0|Ton thi gian|[Data Engineer/Da...|[Machine Learning...|     H Ni|         |vietnamworks|
[2025-09-09T16:56:10.376+0000] {spark_submit.py:521} INFO - |ASIC Design Verif...|         FPT Telecom|  2|      2025-07-23|    48000000|    84000000|            5000|            9999|Information Techn...|     Nhn vin|          NULL|Ton thi gian|[Data Engineer/Da...|[Verilog, Unix, I...|H Ch Minh|         |vietnamworks|
[2025-09-09T16:56:10.377+0000] {spark_submit.py:521} INFO - |Account Manager/ ...|Avery Dennison Vi...|  5|      2025-07-21|    28800000|    48000000|            1000|            4999|               Sales|  Trng phng|           3.0|Ton thi gian|[Sales/Business D...|[Data Analytics, ...|    Long An|         |vietnamworks|
[2025-09-09T16:56:10.382+0000] {spark_submit.py:521} INFO - |Accounting Assist...|Tokio Marine Insu...|  1|      2025-07-30|        NULL|        NULL|             100|             499| Accounting/Auditing|     Nhn vin|          NULL|Ton thi gian|[Accounts Receiva...|[Accounting knowl...|     H Ni|         |vietnamworks|
[2025-09-09T16:56:10.383+0000] {spark_submit.py:521} INFO - |Air Procurement S...|      Navigos Search|  3|      2025-07-23|    24000000|    31200000|             100|             499|Logistics/Import ...|     Nhn vin|          NULL|Ton thi gian|[Supply Chain Man...|[Air Import, Logi...|     H Ni|         |vietnamworks|
[2025-09-09T16:56:10.383+0000] {spark_submit.py:521} INFO - |Analysis C&B Assi...|Japfa Comfeed Vie...|  5|      2025-07-23|        NULL|        NULL|            NULL|            NULL|Human Resources/R...|     Nhn vin|          NULL|Ton thi gian|[Compensation & B...|[Data Analysis, M...|  Vnh Phc|         |vietnamworks|
[2025-09-09T16:56:10.383+0000] {spark_submit.py:521} INFO - |Assistant HRBP (S...|Cng Ty TNHH Tech...|  3|      2025-07-16|        NULL|        NULL|            NULL|            NULL|Human Resources/R...|     Nhn vin|          NULL|Ton thi gian|        [General HR]|[English Fluency,...|H Ch Minh|         |vietnamworks|
[2025-09-09T16:56:10.385+0000] {spark_submit.py:521} INFO - |Assistant Manager...|       KPMG Vit Nam|  3|      2025-07-18|        NULL|        NULL|            1000|            4999|Banking & Financi...|     Nhn vin|          NULL|Ton thi gian|[Financial Analys...|[Credit Risk Mode...|     H Ni|         |vietnamworks|
[2025-09-09T16:56:10.386+0000] {spark_submit.py:521} INFO - |Assistant Manager...|FWD Vietnam Life ...|  5|      2025-07-10|        NULL|        NULL|            NULL|            NULL|Banking & Financi...|     Nhn vin|           1.0|Ton thi gian| [Compliance & Risk]|[Compliance Audit...|H Ch Minh|         |vietnamworks|
[2025-09-09T16:56:10.387+0000] {spark_submit.py:521} INFO - |Assistant Product...|Cng Ty TNHH Cuck...|  2|      2025-07-07|        NULL|        NULL|            NULL|            NULL|Information Techn...|     Nhn vin|          NULL|Ton thi gian|[Data Engineer/Da...|[Sales Forecast, ...|H Ch Minh|         |vietnamworks|
[2025-09-09T16:56:10.387+0000] {spark_submit.py:521} INFO - |Associate Analyst...|        HS Analytics|  1|      2025-07-15|        NULL|        NULL|              25|              99|Information Techn...|Mi Tt Nghip|          NULL|Ton thi gian|[Data Engineer/Da...|[Finance, Banking...|     H Ni|         |vietnamworks|
[2025-09-09T16:56:10.388+0000] {spark_submit.py:521} INFO - +--------------------+--------------------+---+----------------+------------+------------+----------------+----------------+--------------------+--------------+--------------+--------------+--------------------+--------------------+-----------+---------+------------+
[2025-09-09T16:56:10.388+0000] {spark_submit.py:521} INFO - only showing top 20 rows
[2025-09-09T16:56:10.389+0000] {spark_submit.py:521} INFO - 25/09/09 16:56:10 INFO SparkContext: SparkContext is stopping with exitCode 0 from stop at NativeMethodAccessorImpl.java:0.
[2025-09-09T16:56:10.419+0000] {spark_submit.py:521} INFO - 25/09/09 16:56:10 INFO SparkUI: Stopped Spark web UI at http://118acb478e13:4040
[2025-09-09T16:56:10.453+0000] {spark_submit.py:521} INFO - 25/09/09 16:56:10 INFO MapOutputTrackerMasterEndpoint: MapOutputTrackerMasterEndpoint stopped!
[2025-09-09T16:56:10.566+0000] {spark_submit.py:521} INFO - 25/09/09 16:56:10 INFO MemoryStore: MemoryStore cleared
[2025-09-09T16:56:10.569+0000] {spark_submit.py:521} INFO - 25/09/09 16:56:10 INFO BlockManager: BlockManager stopped
[2025-09-09T16:56:10.580+0000] {spark_submit.py:521} INFO - 25/09/09 16:56:10 INFO BlockManagerMaster: BlockManagerMaster stopped
[2025-09-09T16:56:10.585+0000] {spark_submit.py:521} INFO - 25/09/09 16:56:10 INFO OutputCommitCoordinator$OutputCommitCoordinatorEndpoint: OutputCommitCoordinator stopped!
[2025-09-09T16:56:10.620+0000] {spark_submit.py:521} INFO - 25/09/09 16:56:10 INFO SparkContext: Successfully stopped SparkContext
[2025-09-09T16:56:13.482+0000] {spark_submit.py:521} INFO - 25/09/09 16:56:13 INFO ShutdownHookManager: Shutdown hook called
[2025-09-09T16:56:13.482+0000] {spark_submit.py:521} INFO - 25/09/09 16:56:13 INFO ShutdownHookManager: Deleting directory /tmp/spark-8085cbed-555b-4698-84d6-23fdb3d2aba0
[2025-09-09T16:56:13.489+0000] {spark_submit.py:521} INFO - 25/09/09 16:56:13 INFO ShutdownHookManager: Deleting directory /tmp/spark-243a01ed-d74d-40bb-a4ed-9d6f84873db2
[2025-09-09T16:56:13.498+0000] {spark_submit.py:521} INFO - 25/09/09 16:56:13 INFO ShutdownHookManager: Deleting directory /tmp/artifacts-94d30d0c-90ef-44b2-9f66-d9732fca4605
[2025-09-09T16:56:13.504+0000] {spark_submit.py:521} INFO - 25/09/09 16:56:13 INFO ShutdownHookManager: Deleting directory /tmp/spark-8085cbed-555b-4698-84d6-23fdb3d2aba0/pyspark-cf38c222-36e7-43d1-aadf-4c1abf834353
[2025-09-09T16:56:13.525+0000] {spark_submit.py:521} INFO - 25/09/09 16:56:13 INFO MetricsSystemImpl: Stopping s3a-file-system metrics system...
[2025-09-09T16:56:13.525+0000] {spark_submit.py:521} INFO - 25/09/09 16:56:13 INFO MetricsSystemImpl: s3a-file-system metrics system stopped.
[2025-09-09T16:56:13.526+0000] {spark_submit.py:521} INFO - 25/09/09 16:56:13 INFO MetricsSystemImpl: s3a-file-system metrics system shutdown complete.
[2025-09-09T16:56:14.045+0000] {taskinstance.py:441} INFO - ::group::Post task execution logs
[2025-09-09T16:56:15.054+0000] {taskinstance.py:1206} INFO - Marking task as SUCCESS. dag_id=spark_transform_pipeline, task_id=silver_group.silver_vietnamworkcv_transform, run_id=manual__2025-09-09T16:53:13.568815+00:00, execution_date=20250909T165313, start_date=20250909T165452, end_date=20250909T165615
[2025-09-09T16:56:15.780+0000] {local_task_job_runner.py:240} INFO - Task exited with return code 0
[2025-09-09T16:56:16.408+0000] {taskinstance.py:3498} INFO - 1 downstream tasks scheduled from follow-on schedule check
[2025-09-09T16:56:16.466+0000] {local_task_job_runner.py:222} INFO - ::endgroup::
