[2025-08-10T08:07:24.691+0000] {local_task_job_runner.py:120} INFO - ::group::Pre task execution logs
[2025-08-10T08:07:24.728+0000] {taskinstance.py:2076} INFO - Dependencies all met for dep_context=non-requeueable deps ti=<TaskInstance: spark_transform_topcv.submit_spark_job manual__2025-08-10T08:07:21.555023+00:00 [queued]>
[2025-08-10T08:07:24.735+0000] {taskinstance.py:2076} INFO - Dependencies all met for dep_context=requeueable deps ti=<TaskInstance: spark_transform_topcv.submit_spark_job manual__2025-08-10T08:07:21.555023+00:00 [queued]>
[2025-08-10T08:07:24.736+0000] {taskinstance.py:2306} INFO - Starting attempt 1 of 1
[2025-08-10T08:07:24.751+0000] {taskinstance.py:2330} INFO - Executing <Task(SparkSubmitOperator): submit_spark_job> on 2025-08-10 08:07:21.555023+00:00
[2025-08-10T08:07:24.759+0000] {standard_task_runner.py:63} INFO - Started process 119 to run task
[2025-08-10T08:07:24.763+0000] {standard_task_runner.py:90} INFO - Running: ['***', 'tasks', 'run', 'spark_transform_topcv', 'submit_spark_job', 'manual__2025-08-10T08:07:21.555023+00:00', '--job-id', '4', '--raw', '--subdir', 'DAGS_FOLDER/etl_jobs_dag.py', '--cfg-path', '/tmp/tmpjfe2fwan']
[2025-08-10T08:07:24.766+0000] {standard_task_runner.py:91} INFO - Job 4: Subtask submit_spark_job
[2025-08-10T08:07:24.835+0000] {task_command.py:426} INFO - Running <TaskInstance: spark_transform_topcv.submit_spark_job manual__2025-08-10T08:07:21.555023+00:00 [running]> on host d64d9d97170e
[2025-08-10T08:07:24.955+0000] {taskinstance.py:2648} INFO - Exporting env vars: AIRFLOW_CTX_DAG_OWNER='***' AIRFLOW_CTX_DAG_ID='spark_transform_topcv' AIRFLOW_CTX_TASK_ID='submit_spark_job' AIRFLOW_CTX_EXECUTION_DATE='2025-08-10T08:07:21.555023+00:00' AIRFLOW_CTX_TRY_NUMBER='1' AIRFLOW_CTX_DAG_RUN_ID='manual__2025-08-10T08:07:21.555023+00:00'
[2025-08-10T08:07:24.956+0000] {taskinstance.py:430} INFO - ::endgroup::
[2025-08-10T08:07:24.984+0000] {base.py:84} INFO - Using connection ID 'spark_default' for task execution.
[2025-08-10T08:07:24.985+0000] {spark_submit.py:351} INFO - Spark-Submit cmd: spark-submit --master spark://spark-master:7077 --conf spark.master=spark://spark-master:7077 --conf spark.driver.extraClassPath=/opt/custom-jars/* --conf spark.executor.extraClassPath=/opt/custom-jars/* --conf spark.hadoop.fs.gs.impl=com.google.cloud.hadoop.fs.gcs.GoogleHadoopFileSystem --conf spark.hadoop.fs.AbstractFileSystem.gs.impl=com.google.cloud.hadoop.fs.gcs.GoogleHadoopFS --conf spark.hadoop.google.cloud.auth.service.account.enable=true --conf spark.hadoop.google.cloud.auth.service.account.json.keyfile=/opt/***/gcp-key.json --jars /opt/custom-jars/gcs-connector-hadoop3-2.2.14-shaded.jar --name arrow-spark --verbose /opt/spark-jobs/gold_transform.py
[2025-08-10T08:07:25.992+0000] {spark_submit.py:521} INFO - WARNING: Using incubator modules: jdk.incubator.vector
[2025-08-10T08:07:28.619+0000] {spark_submit.py:521} INFO - Parsed arguments:
[2025-08-10T08:07:28.620+0000] {spark_submit.py:521} INFO - master                  spark://spark-master:7077
[2025-08-10T08:07:28.620+0000] {spark_submit.py:521} INFO - remote                  null
[2025-08-10T08:07:28.620+0000] {spark_submit.py:521} INFO - deployMode              null
[2025-08-10T08:07:28.621+0000] {spark_submit.py:521} INFO - executorMemory          null
[2025-08-10T08:07:28.621+0000] {spark_submit.py:521} INFO - executorCores           null
[2025-08-10T08:07:28.621+0000] {spark_submit.py:521} INFO - totalExecutorCores      null
[2025-08-10T08:07:28.622+0000] {spark_submit.py:521} INFO - propertiesFile          null
[2025-08-10T08:07:28.622+0000] {spark_submit.py:521} INFO - driverMemory            null
[2025-08-10T08:07:28.622+0000] {spark_submit.py:521} INFO - driverCores             null
[2025-08-10T08:07:28.623+0000] {spark_submit.py:521} INFO - driverExtraClassPath    /opt/custom-jars/*
[2025-08-10T08:07:28.624+0000] {spark_submit.py:521} INFO - driverExtraLibraryPath  null
[2025-08-10T08:07:28.624+0000] {spark_submit.py:521} INFO - driverExtraJavaOptions  null
[2025-08-10T08:07:28.624+0000] {spark_submit.py:521} INFO - supervise               false
[2025-08-10T08:07:28.625+0000] {spark_submit.py:521} INFO - queue                   null
[2025-08-10T08:07:28.625+0000] {spark_submit.py:521} INFO - numExecutors            null
[2025-08-10T08:07:28.625+0000] {spark_submit.py:521} INFO - files                   null
[2025-08-10T08:07:28.626+0000] {spark_submit.py:521} INFO - pyFiles                 null
[2025-08-10T08:07:28.626+0000] {spark_submit.py:521} INFO - archives                null
[2025-08-10T08:07:28.626+0000] {spark_submit.py:521} INFO - mainClass               null
[2025-08-10T08:07:28.626+0000] {spark_submit.py:521} INFO - primaryResource         file:/opt/spark-jobs/gold_transform.py
[2025-08-10T08:07:28.627+0000] {spark_submit.py:521} INFO - name                    arrow-spark
[2025-08-10T08:07:28.627+0000] {spark_submit.py:521} INFO - childArgs               []
[2025-08-10T08:07:28.627+0000] {spark_submit.py:521} INFO - jars                    file:/opt/custom-jars/gcs-connector-hadoop3-2.2.14-shaded.jar
[2025-08-10T08:07:28.628+0000] {spark_submit.py:521} INFO - packages                null
[2025-08-10T08:07:28.628+0000] {spark_submit.py:521} INFO - packagesExclusions      null
[2025-08-10T08:07:28.628+0000] {spark_submit.py:521} INFO - repositories            null
[2025-08-10T08:07:28.628+0000] {spark_submit.py:521} INFO - verbose                 true
[2025-08-10T08:07:28.629+0000] {spark_submit.py:521} INFO - 
[2025-08-10T08:07:28.629+0000] {spark_submit.py:521} INFO - Spark properties used, including those specified through
[2025-08-10T08:07:28.629+0000] {spark_submit.py:521} INFO - --conf and those from the properties file null:
[2025-08-10T08:07:28.630+0000] {spark_submit.py:521} INFO - (spark.driver.extraClassPath,/opt/custom-jars/*)
[2025-08-10T08:07:28.630+0000] {spark_submit.py:521} INFO - (spark.executor.extraClassPath,/opt/custom-jars/*)
[2025-08-10T08:07:28.630+0000] {spark_submit.py:521} INFO - (spark.hadoop.fs.AbstractFileSystem.gs.impl,com.google.cloud.hadoop.fs.gcs.GoogleHadoopFS)
[2025-08-10T08:07:28.630+0000] {spark_submit.py:521} INFO - (spark.hadoop.fs.gs.impl,com.google.cloud.hadoop.fs.gcs.GoogleHadoopFileSystem)
[2025-08-10T08:07:28.631+0000] {spark_submit.py:521} INFO - (spark.hadoop.google.cloud.auth.service.account.enable,true)
[2025-08-10T08:07:28.631+0000] {spark_submit.py:521} INFO - (spark.hadoop.google.cloud.auth.service.account.json.keyfile,/opt/***/gcp-key.json)
[2025-08-10T08:07:28.631+0000] {spark_submit.py:521} INFO - (spark.master,spark://spark-master:7077)
[2025-08-10T08:07:28.632+0000] {spark_submit.py:521} INFO - 
[2025-08-10T08:07:28.632+0000] {spark_submit.py:521} INFO - 
[2025-08-10T08:07:29.017+0000] {spark_submit.py:521} INFO - 25/08/10 08:07:29 WARN NativeCodeLoader: Unable to load native-hadoop library for your platform... using builtin-java classes where applicable
[2025-08-10T08:07:30.447+0000] {spark_submit.py:521} INFO - Main class:
[2025-08-10T08:07:30.448+0000] {spark_submit.py:521} INFO - org.apache.spark.deploy.PythonRunner
[2025-08-10T08:07:30.451+0000] {spark_submit.py:521} INFO - Arguments:
[2025-08-10T08:07:30.451+0000] {spark_submit.py:521} INFO - file:/opt/spark-jobs/gold_transform.py
[2025-08-10T08:07:30.452+0000] {spark_submit.py:521} INFO - null
[2025-08-10T08:07:30.458+0000] {spark_submit.py:521} INFO - Spark config:
[2025-08-10T08:07:30.459+0000] {spark_submit.py:521} INFO - (spark.app.name,arrow-spark)
[2025-08-10T08:07:30.459+0000] {spark_submit.py:521} INFO - (spark.app.submitTime,1754813250336)
[2025-08-10T08:07:30.459+0000] {spark_submit.py:521} INFO - (spark.driver.extraClassPath,/opt/custom-jars/*)
[2025-08-10T08:07:30.459+0000] {spark_submit.py:521} INFO - (spark.executor.extraClassPath,/opt/custom-jars/*)
[2025-08-10T08:07:30.460+0000] {spark_submit.py:521} INFO - (spark.hadoop.fs.AbstractFileSystem.gs.impl,com.google.cloud.hadoop.fs.gcs.GoogleHadoopFS)
[2025-08-10T08:07:30.460+0000] {spark_submit.py:521} INFO - (spark.hadoop.fs.gs.impl,com.google.cloud.hadoop.fs.gcs.GoogleHadoopFileSystem)
[2025-08-10T08:07:30.460+0000] {spark_submit.py:521} INFO - (spark.hadoop.google.cloud.auth.service.account.enable,true)
[2025-08-10T08:07:30.461+0000] {spark_submit.py:521} INFO - (spark.hadoop.google.cloud.auth.service.account.json.keyfile,/opt/***/gcp-key.json)
[2025-08-10T08:07:30.461+0000] {spark_submit.py:521} INFO - (spark.jars,file:///opt/custom-jars/gcs-connector-hadoop3-2.2.14-shaded.jar)
[2025-08-10T08:07:30.461+0000] {spark_submit.py:521} INFO - (spark.master,spark://spark-master:7077)
[2025-08-10T08:07:30.462+0000] {spark_submit.py:521} INFO - (spark.repl.local.jars,file:///opt/custom-jars/gcs-connector-hadoop3-2.2.14-shaded.jar)
[2025-08-10T08:07:30.462+0000] {spark_submit.py:521} INFO - (spark.submit.deployMode,client)
[2025-08-10T08:07:30.462+0000] {spark_submit.py:521} INFO - (spark.submit.pyFiles,)
[2025-08-10T08:07:30.462+0000] {spark_submit.py:521} INFO - Classpath elements:
[2025-08-10T08:07:30.463+0000] {spark_submit.py:521} INFO - file:///opt/custom-jars/gcs-connector-hadoop3-2.2.14-shaded.jar
[2025-08-10T08:07:30.463+0000] {spark_submit.py:521} INFO - 
[2025-08-10T08:07:30.463+0000] {spark_submit.py:521} INFO - 
[2025-08-10T08:07:33.762+0000] {spark_submit.py:521} INFO - Using Spark's default log4j profile: org/apache/spark/log4j2-defaults.properties
[2025-08-10T08:07:33.778+0000] {spark_submit.py:521} INFO - 25/08/10 08:07:33 INFO SparkContext: Running Spark version 4.0.0
[2025-08-10T08:07:33.785+0000] {spark_submit.py:521} INFO - 25/08/10 08:07:33 INFO SparkContext: OS info Linux, 5.15.167.4-microsoft-standard-WSL2, amd64
[2025-08-10T08:07:33.787+0000] {spark_submit.py:521} INFO - 25/08/10 08:07:33 INFO SparkContext: Java version 17.0.15
[2025-08-10T08:07:33.905+0000] {spark_submit.py:521} INFO - 25/08/10 08:07:33 INFO ResourceUtils: ==============================================================
[2025-08-10T08:07:33.906+0000] {spark_submit.py:521} INFO - 25/08/10 08:07:33 INFO ResourceUtils: No custom resources configured for spark.driver.
[2025-08-10T08:07:33.907+0000] {spark_submit.py:521} INFO - 25/08/10 08:07:33 INFO ResourceUtils: ==============================================================
[2025-08-10T08:07:33.910+0000] {spark_submit.py:521} INFO - 25/08/10 08:07:33 INFO SparkContext: Submitted application: gold_transform
[2025-08-10T08:07:33.976+0000] {spark_submit.py:521} INFO - 25/08/10 08:07:33 INFO ResourceProfile: Default ResourceProfile created, executor resources: Map(memory -> name: memory, amount: 1024, script: , vendor: , offHeap -> name: offHeap, amount: 0, script: , vendor: ), task resources: Map(cpus -> name: cpus, amount: 1.0)
[2025-08-10T08:07:33.989+0000] {spark_submit.py:521} INFO - 25/08/10 08:07:33 INFO ResourceProfile: Limiting resource is cpu
[2025-08-10T08:07:33.994+0000] {spark_submit.py:521} INFO - 25/08/10 08:07:33 INFO ResourceProfileManager: Added ResourceProfile id: 0
[2025-08-10T08:07:34.094+0000] {spark_submit.py:521} INFO - 25/08/10 08:07:34 INFO SecurityManager: Changing view acls to: ***
[2025-08-10T08:07:34.095+0000] {spark_submit.py:521} INFO - 25/08/10 08:07:34 INFO SecurityManager: Changing modify acls to: ***
[2025-08-10T08:07:34.096+0000] {spark_submit.py:521} INFO - 25/08/10 08:07:34 INFO SecurityManager: Changing view acls groups to: ***
[2025-08-10T08:07:34.096+0000] {spark_submit.py:521} INFO - 25/08/10 08:07:34 INFO SecurityManager: Changing modify acls groups to: ***
[2025-08-10T08:07:34.104+0000] {spark_submit.py:521} INFO - 25/08/10 08:07:34 INFO SecurityManager: SecurityManager: authentication disabled; ui acls disabled; users with view permissions: *** groups with view permissions: EMPTY; users with modify permissions: ***; groups with modify permissions: EMPTY; RPC SSL disabled
[2025-08-10T08:07:34.806+0000] {spark_submit.py:521} INFO - 25/08/10 08:07:34 INFO Utils: Successfully started service 'sparkDriver' on port 45913.
[2025-08-10T08:07:34.934+0000] {spark_submit.py:521} INFO - 25/08/10 08:07:34 INFO SparkEnv: Registering MapOutputTracker
[2025-08-10T08:07:34.970+0000] {spark_submit.py:521} INFO - 25/08/10 08:07:34 INFO SparkEnv: Registering BlockManagerMaster
[2025-08-10T08:07:35.031+0000] {spark_submit.py:521} INFO - 25/08/10 08:07:35 INFO BlockManagerMasterEndpoint: Using org.apache.spark.storage.DefaultTopologyMapper for getting topology information
[2025-08-10T08:07:35.032+0000] {spark_submit.py:521} INFO - 25/08/10 08:07:35 INFO BlockManagerMasterEndpoint: BlockManagerMasterEndpoint up
[2025-08-10T08:07:35.041+0000] {spark_submit.py:521} INFO - 25/08/10 08:07:35 INFO SparkEnv: Registering BlockManagerMasterHeartbeat
[2025-08-10T08:07:35.135+0000] {spark_submit.py:521} INFO - 25/08/10 08:07:35 INFO DiskBlockManager: Created local directory at /tmp/blockmgr-d2afe7ab-844b-42b7-9598-2535f2574635
[2025-08-10T08:07:35.194+0000] {spark_submit.py:521} INFO - 25/08/10 08:07:35 INFO SparkEnv: Registering OutputCommitCoordinator
[2025-08-10T08:07:35.439+0000] {spark_submit.py:521} INFO - 25/08/10 08:07:35 INFO JettyUtils: Start Jetty 0.0.0.0:4040 for SparkUI
[2025-08-10T08:07:35.553+0000] {spark_submit.py:521} INFO - 25/08/10 08:07:35 INFO Utils: Successfully started service 'SparkUI' on port 4040.
[2025-08-10T08:07:35.597+0000] {spark_submit.py:521} INFO - 25/08/10 08:07:35 INFO SparkContext: Added JAR file:///opt/custom-jars/gcs-connector-hadoop3-2.2.14-shaded.jar at spark://d64d9d97170e:45913/jars/gcs-connector-hadoop3-2.2.14-shaded.jar with timestamp 1754813253744
[2025-08-10T08:07:35.625+0000] {spark_submit.py:521} INFO - 25/08/10 08:07:35 INFO SecurityManager: Changing view acls to: ***
[2025-08-10T08:07:35.626+0000] {spark_submit.py:521} INFO - 25/08/10 08:07:35 INFO SecurityManager: Changing modify acls to: ***
[2025-08-10T08:07:35.626+0000] {spark_submit.py:521} INFO - 25/08/10 08:07:35 INFO SecurityManager: Changing view acls groups to: ***
[2025-08-10T08:07:35.627+0000] {spark_submit.py:521} INFO - 25/08/10 08:07:35 INFO SecurityManager: Changing modify acls groups to: ***
[2025-08-10T08:07:35.627+0000] {spark_submit.py:521} INFO - 25/08/10 08:07:35 INFO SecurityManager: SecurityManager: authentication disabled; ui acls disabled; users with view permissions: *** groups with view permissions: EMPTY; users with modify permissions: ***; groups with modify permissions: EMPTY; RPC SSL disabled
[2025-08-10T08:07:35.858+0000] {spark_submit.py:521} INFO - 25/08/10 08:07:35 INFO StandaloneAppClient$ClientEndpoint: Connecting to master spark://spark-master:7077...
[2025-08-10T08:07:36.036+0000] {spark_submit.py:521} INFO - 25/08/10 08:07:36 INFO TransportClientFactory: Successfully created connection to spark-master/172.18.0.3:7077 after 116 ms (0 ms spent in bootstraps)
[2025-08-10T08:07:37.395+0000] {spark_submit.py:521} INFO - 25/08/10 08:07:37 INFO StandaloneSchedulerBackend: Connected to Spark cluster with app ID app-20250810080737-0000
[2025-08-10T08:07:37.427+0000] {spark_submit.py:521} INFO - 25/08/10 08:07:37 INFO Utils: Successfully started service 'org.apache.spark.network.netty.NettyBlockTransferService' on port 37363.
[2025-08-10T08:07:37.428+0000] {spark_submit.py:521} INFO - 25/08/10 08:07:37 INFO NettyBlockTransferService: Server created on d64d9d97170e:37363
[2025-08-10T08:07:37.432+0000] {spark_submit.py:521} INFO - 25/08/10 08:07:37 INFO BlockManager: Using org.apache.spark.storage.RandomBlockReplicationPolicy for block replication policy
[2025-08-10T08:07:37.462+0000] {spark_submit.py:521} INFO - 25/08/10 08:07:37 INFO BlockManagerMaster: Registering BlockManager BlockManagerId(driver, d64d9d97170e, 37363, None)
[2025-08-10T08:07:37.471+0000] {spark_submit.py:521} INFO - 25/08/10 08:07:37 INFO BlockManagerMasterEndpoint: Registering block manager d64d9d97170e:37363 with 434.4 MiB RAM, BlockManagerId(driver, d64d9d97170e, 37363, None)
[2025-08-10T08:07:37.476+0000] {spark_submit.py:521} INFO - 25/08/10 08:07:37 INFO BlockManagerMaster: Registered BlockManager BlockManagerId(driver, d64d9d97170e, 37363, None)
[2025-08-10T08:07:37.478+0000] {spark_submit.py:521} INFO - 25/08/10 08:07:37 INFO BlockManager: Initialized BlockManager: BlockManagerId(driver, d64d9d97170e, 37363, None)
[2025-08-10T08:07:37.673+0000] {spark_submit.py:521} INFO - 25/08/10 08:07:37 INFO StandaloneSchedulerBackend: SchedulerBackend is ready for scheduling beginning after reached minRegisteredResourcesRatio: 0.0
[2025-08-10T08:07:37.894+0000] {spark_submit.py:521} INFO - 25/08/10 08:07:37 INFO StandaloneAppClient$ClientEndpoint: Executor added: app-20250810080737-0000/0 on worker-20250810080445-172.18.0.5-35937 (172.18.0.5:35937) with 2 core(s)
[2025-08-10T08:07:37.897+0000] {spark_submit.py:521} INFO - 25/08/10 08:07:37 INFO StandaloneSchedulerBackend: Granted executor ID app-20250810080737-0000/0 on hostPort 172.18.0.5:35937 with 2 core(s), 1024.0 MiB RAM
[2025-08-10T08:07:39.770+0000] {spark_submit.py:521} INFO - 25/08/10 08:07:39 INFO StandaloneAppClient$ClientEndpoint: Executor updated: app-20250810080737-0000/0 is now RUNNING
[2025-08-10T08:07:41.567+0000] {spark_submit.py:521} INFO - 25/08/10 08:07:41 INFO SharedState: Setting hive.metastore.warehouse.dir ('null') to the value of spark.sql.warehouse.dir.
[2025-08-10T08:07:41.570+0000] {spark_submit.py:521} INFO - 25/08/10 08:07:41 INFO SharedState: Warehouse path is 'file:/opt/***/spark-warehouse'.
[2025-08-10T08:07:44.711+0000] {spark_submit.py:521} INFO - 25/08/10 08:07:44 INFO InMemoryFileIndex: It took 152 ms to list leaf files for 1 paths.
[2025-08-10T08:07:45.041+0000] {spark_submit.py:521} INFO - 25/08/10 08:07:45 INFO SparkContext: Starting job: parquet at NativeMethodAccessorImpl.java:0
[2025-08-10T08:07:45.085+0000] {spark_submit.py:521} INFO - 25/08/10 08:07:45 INFO DAGScheduler: Got job 0 (parquet at NativeMethodAccessorImpl.java:0) with 1 output partitions
[2025-08-10T08:07:45.089+0000] {spark_submit.py:521} INFO - 25/08/10 08:07:45 INFO DAGScheduler: Final stage: ResultStage 0 (parquet at NativeMethodAccessorImpl.java:0)
[2025-08-10T08:07:45.092+0000] {spark_submit.py:521} INFO - 25/08/10 08:07:45 INFO DAGScheduler: Parents of final stage: List()
[2025-08-10T08:07:45.098+0000] {spark_submit.py:521} INFO - 25/08/10 08:07:45 INFO DAGScheduler: Missing parents: List()
[2025-08-10T08:07:45.102+0000] {spark_submit.py:521} INFO - 25/08/10 08:07:45 INFO DAGScheduler: Submitting ResultStage 0 (MapPartitionsRDD[1] at parquet at NativeMethodAccessorImpl.java:0), which has no missing parents
[2025-08-10T08:07:45.173+0000] {spark_submit.py:521} INFO - 25/08/10 08:07:45 INFO MemoryStore: MemoryStore started with capacity 434.4 MiB
[2025-08-10T08:07:45.191+0000] {spark_submit.py:521} INFO - 25/08/10 08:07:45 INFO MemoryStore: Block broadcast_0 stored as values in memory (estimated size 116.0 KiB, free 434.3 MiB)
[2025-08-10T08:07:45.262+0000] {spark_submit.py:521} INFO - 25/08/10 08:07:45 INFO MemoryStore: Block broadcast_0_piece0 stored as bytes in memory (estimated size 41.7 KiB, free 434.2 MiB)
[2025-08-10T08:07:45.273+0000] {spark_submit.py:521} INFO - 25/08/10 08:07:45 INFO SparkContext: Created broadcast 0 from broadcast at DAGScheduler.scala:1676
[2025-08-10T08:07:45.297+0000] {spark_submit.py:521} INFO - 25/08/10 08:07:45 INFO DAGScheduler: Submitting 1 missing tasks from ResultStage 0 (MapPartitionsRDD[1] at parquet at NativeMethodAccessorImpl.java:0) (first 15 tasks are for partitions Vector(0))
[2025-08-10T08:07:45.323+0000] {spark_submit.py:521} INFO - 25/08/10 08:07:45 INFO TaskSchedulerImpl: Adding task set 0.0 with 1 tasks resource profile 0
[2025-08-10T08:07:46.533+0000] {spark_submit.py:521} INFO - 25/08/10 08:07:46 INFO StandaloneSchedulerBackend$StandaloneDriverEndpoint: Registered executor NettyRpcEndpointRef(spark-client://Executor) (172.18.0.5:43872) with ID 0, ResourceProfileId 0
[2025-08-10T08:07:46.868+0000] {spark_submit.py:521} INFO - 25/08/10 08:07:46 INFO BlockManagerMasterEndpoint: Registering block manager 172.18.0.5:35463 with 434.4 MiB RAM, BlockManagerId(0, 172.18.0.5, 35463, None)
[2025-08-10T08:07:48.199+0000] {spark_submit.py:521} INFO - 25/08/10 08:07:48 INFO TaskSetManager: Starting task 0.0 in stage 0.0 (TID 0) (172.18.0.5,executor 0, partition 0, PROCESS_LOCAL, 9992 bytes)
[2025-08-10T08:07:53.011+0000] {spark_submit.py:521} INFO - 25/08/10 08:07:53 INFO TaskSetManager: Finished task 0.0 in stage 0.0 (TID 0) in 4824 ms on 172.18.0.5 (executor 0) (1/1)
[2025-08-10T08:07:53.014+0000] {spark_submit.py:521} INFO - 25/08/10 08:07:53 INFO TaskSchedulerImpl: Removed TaskSet 0.0 whose tasks have all completed, from pool
[2025-08-10T08:07:53.023+0000] {spark_submit.py:521} INFO - 25/08/10 08:07:53 INFO DAGScheduler: ResultStage 0 (parquet at NativeMethodAccessorImpl.java:0) finished in 7891 ms
[2025-08-10T08:07:53.027+0000] {spark_submit.py:521} INFO - 25/08/10 08:07:53 INFO DAGScheduler: Job 0 is finished. Cancelling potential speculative or zombie tasks for this job
[2025-08-10T08:07:53.027+0000] {spark_submit.py:521} INFO - 25/08/10 08:07:53 INFO TaskSchedulerImpl: Canceling stage 0
[2025-08-10T08:07:53.029+0000] {spark_submit.py:521} INFO - 25/08/10 08:07:53 INFO TaskSchedulerImpl: Killing all running tasks in stage 0: Stage finished
[2025-08-10T08:07:53.032+0000] {spark_submit.py:521} INFO - 25/08/10 08:07:53 INFO DAGScheduler: Job 0 finished: parquet at NativeMethodAccessorImpl.java:0, took 7994.657476 ms
[2025-08-10T08:07:53.765+0000] {spark_submit.py:521} INFO - 25/08/10 08:07:53 INFO MemoryStore: Block broadcast_1 stored as values in memory (estimated size 208.0 B, free 434.4 MiB)
[2025-08-10T08:07:53.771+0000] {spark_submit.py:521} INFO - 25/08/10 08:07:53 INFO MemoryStore: Block broadcast_1_piece0 stored as bytes in memory (estimated size 396.0 B, free 434.4 MiB)
[2025-08-10T08:07:53.772+0000] {spark_submit.py:521} INFO - 25/08/10 08:07:53 INFO SparkContext: Created broadcast 1 from broadcast at NativeMethodAccessorImpl.java:0
[2025-08-10T08:07:54.604+0000] {spark_submit.py:521} INFO - 25/08/10 08:07:54 INFO FileSourceStrategy: Pushed Filters:
[2025-08-10T08:07:54.607+0000] {spark_submit.py:521} INFO - 25/08/10 08:07:54 INFO FileSourceStrategy: Post-Scan Filters: Set()
[2025-08-10T08:07:55.339+0000] {spark_submit.py:521} INFO - 25/08/10 08:07:55 INFO CodeGenerator: Code generated in 303.026243 ms
[2025-08-10T08:07:55.446+0000] {spark_submit.py:521} INFO - 25/08/10 08:07:55 INFO CodeGenerator: Code generated in 46.501167 ms
[2025-08-10T08:07:55.470+0000] {spark_submit.py:521} INFO - 25/08/10 08:07:55 INFO MemoryStore: Block broadcast_2 stored as values in memory (estimated size 219.1 KiB, free 434.2 MiB)
[2025-08-10T08:07:55.484+0000] {spark_submit.py:521} INFO - 25/08/10 08:07:55 INFO MemoryStore: Block broadcast_2_piece0 stored as bytes in memory (estimated size 39.9 KiB, free 434.1 MiB)
[2025-08-10T08:07:55.486+0000] {spark_submit.py:521} INFO - 25/08/10 08:07:55 INFO SparkContext: Created broadcast 2 from showString at NativeMethodAccessorImpl.java:0
[2025-08-10T08:07:55.500+0000] {spark_submit.py:521} INFO - 25/08/10 08:07:55 INFO FileSourceScanExec: Planning scan with bin packing, max size: 4194304 bytes, open cost is considered as scanning 4194304 bytes.
[2025-08-10T08:07:55.549+0000] {spark_submit.py:521} INFO - 25/08/10 08:07:55 INFO SparkContext: Starting job: showString at NativeMethodAccessorImpl.java:0
[2025-08-10T08:07:55.550+0000] {spark_submit.py:521} INFO - 25/08/10 08:07:55 INFO DAGScheduler: Got job 1 (showString at NativeMethodAccessorImpl.java:0) with 1 output partitions
[2025-08-10T08:07:55.550+0000] {spark_submit.py:521} INFO - 25/08/10 08:07:55 INFO DAGScheduler: Final stage: ResultStage 1 (showString at NativeMethodAccessorImpl.java:0)
[2025-08-10T08:07:55.551+0000] {spark_submit.py:521} INFO - 25/08/10 08:07:55 INFO DAGScheduler: Parents of final stage: List()
[2025-08-10T08:07:55.551+0000] {spark_submit.py:521} INFO - 25/08/10 08:07:55 INFO DAGScheduler: Missing parents: List()
[2025-08-10T08:07:55.552+0000] {spark_submit.py:521} INFO - 25/08/10 08:07:55 INFO DAGScheduler: Submitting ResultStage 1 (MapPartitionsRDD[8] at showString at NativeMethodAccessorImpl.java:0), which has no missing parents
[2025-08-10T08:07:55.598+0000] {spark_submit.py:521} INFO - 25/08/10 08:07:55 INFO MemoryStore: Block broadcast_3 stored as values in memory (estimated size 72.5 KiB, free 434.1 MiB)
[2025-08-10T08:07:55.607+0000] {spark_submit.py:521} INFO - 25/08/10 08:07:55 INFO MemoryStore: Block broadcast_3_piece0 stored as bytes in memory (estimated size 26.1 KiB, free 434.1 MiB)
[2025-08-10T08:07:55.608+0000] {spark_submit.py:521} INFO - 25/08/10 08:07:55 INFO SparkContext: Created broadcast 3 from broadcast at DAGScheduler.scala:1676
[2025-08-10T08:07:55.609+0000] {spark_submit.py:521} INFO - 25/08/10 08:07:55 INFO DAGScheduler: Submitting 1 missing tasks from ResultStage 1 (MapPartitionsRDD[8] at showString at NativeMethodAccessorImpl.java:0) (first 15 tasks are for partitions Vector(0))
[2025-08-10T08:07:55.609+0000] {spark_submit.py:521} INFO - 25/08/10 08:07:55 INFO TaskSchedulerImpl: Adding task set 1.0 with 1 tasks resource profile 0
[2025-08-10T08:07:55.613+0000] {spark_submit.py:521} INFO - 25/08/10 08:07:55 INFO TaskSetManager: Starting task 0.0 in stage 1.0 (TID 1) (172.18.0.5,executor 0, partition 0, PROCESS_LOCAL, 10433 bytes)
[2025-08-10T08:08:01.575+0000] {spark_submit.py:521} INFO - 25/08/10 08:08:01 INFO TaskSetManager: Finished task 0.0 in stage 1.0 (TID 1) in 5964 ms on 172.18.0.5 (executor 0) (1/1)
[2025-08-10T08:08:01.577+0000] {spark_submit.py:521} INFO - 25/08/10 08:08:01 INFO TaskSchedulerImpl: Removed TaskSet 1.0 whose tasks have all completed, from pool
[2025-08-10T08:08:01.579+0000] {spark_submit.py:521} INFO - 25/08/10 08:08:01 INFO PythonAccumulatorV2: Connected to AccumulatorServer at host: 127.0.0.1 port: 58117
[2025-08-10T08:08:01.581+0000] {spark_submit.py:521} INFO - 25/08/10 08:08:01 INFO DAGScheduler: ResultStage 1 (showString at NativeMethodAccessorImpl.java:0) finished in 6028 ms
[2025-08-10T08:08:01.582+0000] {spark_submit.py:521} INFO - 25/08/10 08:08:01 INFO DAGScheduler: Job 1 is finished. Cancelling potential speculative or zombie tasks for this job
[2025-08-10T08:08:01.583+0000] {spark_submit.py:521} INFO - 25/08/10 08:08:01 INFO TaskSchedulerImpl: Canceling stage 1
[2025-08-10T08:08:01.584+0000] {spark_submit.py:521} INFO - 25/08/10 08:08:01 INFO TaskSchedulerImpl: Killing all running tasks in stage 1: Stage finished
[2025-08-10T08:08:01.584+0000] {spark_submit.py:521} INFO - 25/08/10 08:08:01 INFO DAGScheduler: Job 1 finished: showString at NativeMethodAccessorImpl.java:0, took 6033.855471 ms
[2025-08-10T08:08:01.659+0000] {spark_submit.py:521} INFO - 25/08/10 08:08:01 INFO CodeGenerator: Code generated in 30.292192 ms
[2025-08-10T08:08:01.679+0000] {spark_submit.py:521} INFO - +--------------------+--------------------+----+----------------+----------+----------+----------------+----------------+-------------+-----------+--------------+--------------+--------------------+--------------------+------+
[2025-08-10T08:08:01.680+0000] {spark_submit.py:521} INFO - |        job_position|        company_name| yoe|job_posting_date|min_salary|max_salary|company_size_min|company_size_max|  major_field|      level|num_of_recruit|     work_form|     relation_fields|    skills_extracted|source|
[2025-08-10T08:08:01.681+0000] {spark_submit.py:521} INFO - +--------------------+--------------------+----+----------------+----------+----------+----------------+----------------+-------------+-----------+--------------+--------------+--------------------+--------------------+------+
[2025-08-10T08:08:01.681+0000] {spark_submit.py:521} INFO - |senior data engin...|Ngân hàng TMCP Hà...| 5.0|      2025-08-27|  30000000|  50000000|            5000|            NULL|    Ngân hàng|  Nhân viên|             1|Toàn thời gian|[Công nghệ Thông ...| [python, java, sql]| topcv|
[2025-08-10T08:08:01.681+0000] {spark_submit.py:521} INFO - |on job training d...|        FPT Software| 0.0|      2025-10-01|      NULL|      NULL|           10000|            NULL|    Tài chính|  Nhân viên|            15|Toàn thời gian|[Công nghệ Thông ...|            [python]| topcv|
[2025-08-10T08:08:01.681+0000] {spark_submit.py:521} INFO - |kỹ sư dữ liệu lớn...|TẬP ĐOÀN CÔNG NGH...| 2.0|      2025-08-25| 800000000|   3000000|            5000|            NULL|   Viễn thông|  Nhân viên|             5|Toàn thời gian|[Công nghệ Thông ...|         [java, sql]| topcv|
[2025-08-10T08:08:01.682+0000] {spark_submit.py:521} INFO - |       data engineer|Công Ty Tài Chính...| 3.0|      2025-08-21|      NULL|      NULL|            5000|            NULL|    Tài chính|  Nhân viên|             1|Toàn thời gian|[Công nghệ Thông ...| [python, java, sql]| topcv|
[2025-08-10T08:08:01.682+0000] {spark_submit.py:521} INFO - |data engineer - k...|NGÂN HÀNG THƯƠNG ...|NULL|            NULL|      NULL|      NULL|            NULL|            NULL|         NULL|       NULL|          NULL|          NULL|                  []|                  []| topcv|
[2025-08-10T08:08:01.682+0000] {spark_submit.py:521} INFO - |       data engineer|Công ty Cổ phần H...| 2.0|      2025-08-31|      NULL|      NULL|             500|            1000|IT - Phần mềm|  Nhân viên|             5|Toàn thời gian|[Công nghệ Thông ...|        [aws, azure]| topcv|
[2025-08-10T08:08:01.683+0000] {spark_submit.py:521} INFO - |kỹ sư dữ liệu/ da...|              EDUPIA|NULL|            NULL|      NULL|      NULL|            NULL|            NULL|         NULL|       NULL|          NULL|          NULL|                  []|                  []| topcv|
[2025-08-10T08:08:01.683+0000] {spark_submit.py:521} INFO - |       data engineer|CÔNG TY CỔ PHẦN I...| 1.0|      2025-09-30|   1000000|      NULL|             100|             499|IT - Phần mềm|  Nhân viên|             1|Toàn thời gian|[Công nghệ Thông ...|[python, java, sq...| topcv|
[2025-08-10T08:08:01.683+0000] {spark_submit.py:521} INFO - |  data engineer (da)|Công Ty TNHH LG C...| 3.0|      2025-08-31|      NULL|      NULL|             100|             499|IT - Phần mềm|  Nhân viên|             1|Toàn thời gian|[Công nghệ Thông ...|     [sql, aws, git]| topcv|
[2025-08-10T08:08:01.683+0000] {spark_submit.py:521} INFO - |data engineer (bi...|CÔNG TY CỔ PHẦN P...| 2.0|      2025-10-31|  18000000|  30000000|             100|             499|IT - Phần mềm|  Nhân viên|             6|Toàn thời gian|[Công nghệ Thông ...|               [sql]| topcv|
[2025-08-10T08:08:01.684+0000] {spark_submit.py:521} INFO - |data engineer (py...|Công ty CP Kinh d...| 3.0|      2025-08-31|  20000000|  55000000|            5000|            NULL|    Tài chính|Trưởng nhóm|             2|Toàn thời gian|[Công nghệ Thông ...|            [python]| topcv|
[2025-08-10T08:08:01.685+0000] {spark_submit.py:521} INFO - |       data engineer|        FPT Software| 4.0|      2025-09-30|      NULL|      NULL|           10000|            NULL|    Tài chính|  Nhân viên|             1|Toàn thời gian|[Công nghệ Thông ...|[python, sql, azu...| topcv|
[2025-08-10T08:08:01.685+0000] {spark_submit.py:521} INFO - |data engineer các...|công ty cổ phần D...| 1.0|      2025-08-16|      NULL|      NULL|              25|              99|IT - Phần mềm|  Nhân viên|             3|Toàn thời gian|[Công nghệ Thông ...|[python, java, sq...| topcv|
[2025-08-10T08:08:01.686+0000] {spark_submit.py:521} INFO - |       data engineer|CÔNG TY CỔ PHẦN C...| 2.0|      2025-08-30|  20000000|  35000000|             500|            1000|IT - Phần mềm|Trưởng nhóm|             4|Toàn thời gian|[Công nghệ Thông ...| [python, java, sql]| topcv|
[2025-08-10T08:08:01.686+0000] {spark_submit.py:521} INFO - |       data engineer|CÔNG TY TNHH GIẢI...| 2.0|      2025-08-13|      NULL|      NULL|              25|              99|IT - Phần mềm|  Nhân viên|             3|Toàn thời gian|[Công nghệ Thông ...|[python, sql, doc...| topcv|
[2025-08-10T08:08:01.687+0000] {spark_submit.py:521} INFO - |data engineer (ba...|Công ty Cổ phần C...| 2.0|      2025-08-24|  25000000|  35000000|             100|             499|IT - Phần mềm|Trưởng nhóm|             2|Toàn thời gian|[Công nghệ Thông ...|       [python, aws]| topcv|
[2025-08-10T08:08:01.687+0000] {spark_submit.py:521} INFO - |       data engineer|CÔNG TY CỔ PHẦN C...| 2.0|      2025-08-24|  20000000|  36000000|             500|            1000|IT - Phần mềm|Trưởng nhóm|             5|Toàn thời gian|[Công nghệ Thông ...| [python, java, sql]| topcv|
[2025-08-10T08:08:01.688+0000] {spark_submit.py:521} INFO - |data engineer (cl...|Công ty TNHH Horu...| 1.0|      2025-08-23|  15000000|  25000000|             100|             499|IT - Phần mềm|Trưởng nhóm|             1|Toàn thời gian|[Công nghệ Thông ...|[python, java, sq...| topcv|
[2025-08-10T08:08:01.688+0000] {spark_submit.py:521} INFO - |data engineer - t...|CÔNG TY CỔ PHẦN A...| 3.0|      2025-08-09|      NULL|      NULL|             100|             499|IT - Phần mềm|  Nhân viên|             1|Toàn thời gian|[Công nghệ Thông ...|          [sql, git]| topcv|
[2025-08-10T08:08:01.689+0000] {spark_submit.py:521} INFO - |data engineer (có...|CÔNG TY CỔ PHẦN C...| 1.0|      2025-08-09|   9000000|  15000000|             100|             499|IT - Phần mềm|  Nhân viên|             1|Toàn thời gian|[Công nghệ Thông ...|       [python, sql]| topcv|
[2025-08-10T08:08:01.689+0000] {spark_submit.py:521} INFO - +--------------------+--------------------+----+----------------+----------+----------+----------------+----------------+-------------+-----------+--------------+--------------+--------------------+--------------------+------+
[2025-08-10T08:08:01.689+0000] {spark_submit.py:521} INFO - only showing top 20 rows
[2025-08-10T08:08:01.690+0000] {spark_submit.py:521} INFO - 25/08/10 08:08:01 INFO SparkContext: SparkContext is stopping with exitCode 0 from stop at NativeMethodAccessorImpl.java:0.
[2025-08-10T08:08:01.699+0000] {spark_submit.py:521} INFO - 25/08/10 08:08:01 INFO SparkUI: Stopped Spark web UI at http://d64d9d97170e:4040
[2025-08-10T08:08:01.701+0000] {spark_submit.py:521} INFO - 25/08/10 08:08:01 INFO StandaloneSchedulerBackend: Shutting down all executors
[2025-08-10T08:08:01.702+0000] {spark_submit.py:521} INFO - 25/08/10 08:08:01 INFO StandaloneSchedulerBackend$StandaloneDriverEndpoint: Asking each executor to shut down
[2025-08-10T08:08:01.732+0000] {spark_submit.py:521} INFO - 25/08/10 08:08:01 INFO MapOutputTrackerMasterEndpoint: MapOutputTrackerMasterEndpoint stopped!
[2025-08-10T08:08:01.787+0000] {spark_submit.py:521} INFO - 25/08/10 08:08:01 INFO MemoryStore: MemoryStore cleared
[2025-08-10T08:08:01.791+0000] {spark_submit.py:521} INFO - 25/08/10 08:08:01 INFO BlockManager: BlockManager stopped
[2025-08-10T08:08:01.800+0000] {spark_submit.py:521} INFO - 25/08/10 08:08:01 INFO BlockManagerMaster: BlockManagerMaster stopped
[2025-08-10T08:08:01.804+0000] {spark_submit.py:521} INFO - 25/08/10 08:08:01 INFO OutputCommitCoordinator$OutputCommitCoordinatorEndpoint: OutputCommitCoordinator stopped!
[2025-08-10T08:08:01.818+0000] {spark_submit.py:521} INFO - 25/08/10 08:08:01 INFO SparkContext: Successfully stopped SparkContext
[2025-08-10T08:08:02.960+0000] {spark_submit.py:521} INFO - 25/08/10 08:08:02 INFO ShutdownHookManager: Shutdown hook called
[2025-08-10T08:08:02.961+0000] {spark_submit.py:521} INFO - 25/08/10 08:08:02 INFO ShutdownHookManager: Deleting directory /opt/***/artifacts/spark-76fe1dff-661e-4815-924a-5d2417ee66d0
[2025-08-10T08:08:02.969+0000] {spark_submit.py:521} INFO - 25/08/10 08:08:02 INFO ShutdownHookManager: Deleting directory /tmp/spark-37fcfd31-d95b-4066-bcbd-98a4802f36d6
[2025-08-10T08:08:02.982+0000] {spark_submit.py:521} INFO - 25/08/10 08:08:02 INFO ShutdownHookManager: Deleting directory /tmp/spark-a5c104ef-40c5-4f80-b95c-f87303e7e215/pyspark-998befc7-9ec3-4a4a-bccf-ee512bed618c
[2025-08-10T08:08:02.991+0000] {spark_submit.py:521} INFO - 25/08/10 08:08:02 INFO ShutdownHookManager: Deleting directory /tmp/spark-a5c104ef-40c5-4f80-b95c-f87303e7e215
[2025-08-10T08:08:03.077+0000] {taskinstance.py:441} INFO - ::group::Post task execution logs
[2025-08-10T08:08:03.094+0000] {taskinstance.py:1206} INFO - Marking task as SUCCESS. dag_id=spark_transform_topcv, task_id=submit_spark_job, run_id=manual__2025-08-10T08:07:21.555023+00:00, execution_date=20250810T080721, start_date=20250810T080724, end_date=20250810T080803
[2025-08-10T08:08:03.129+0000] {local_task_job_runner.py:240} INFO - Task exited with return code 0
[2025-08-10T08:08:03.153+0000] {taskinstance.py:3498} INFO - 0 downstream tasks scheduled from follow-on schedule check
[2025-08-10T08:08:03.157+0000] {local_task_job_runner.py:222} INFO - ::endgroup::
