[2025-08-06T09:36:15.670+0000] {local_task_job_runner.py:120} INFO - ::group::Pre task execution logs
[2025-08-06T09:36:15.724+0000] {taskinstance.py:2076} INFO - Dependencies all met for dep_context=non-requeueable deps ti=<TaskInstance: spark_gold_transform_dag.submit_spark_job manual__2025-08-06T09:36:09.212359+00:00 [queued]>
[2025-08-06T09:36:15.732+0000] {taskinstance.py:2076} INFO - Dependencies all met for dep_context=requeueable deps ti=<TaskInstance: spark_gold_transform_dag.submit_spark_job manual__2025-08-06T09:36:09.212359+00:00 [queued]>
[2025-08-06T09:36:15.733+0000] {taskinstance.py:2306} INFO - Starting attempt 1 of 1
[2025-08-06T09:36:15.745+0000] {taskinstance.py:2330} INFO - Executing <Task(SparkSubmitOperator): submit_spark_job> on 2025-08-06 09:36:09.212359+00:00
[2025-08-06T09:36:15.751+0000] {standard_task_runner.py:63} INFO - Started process 381 to run task
[2025-08-06T09:36:15.754+0000] {standard_task_runner.py:90} INFO - Running: ['***', 'tasks', 'run', 'spark_gold_transform_dag', 'submit_spark_job', 'manual__2025-08-06T09:36:09.212359+00:00', '--job-id', '6', '--raw', '--subdir', 'DAGS_FOLDER/etl_jobs_dag.py', '--cfg-path', '/tmp/tmp0qlabdys']
[2025-08-06T09:36:15.757+0000] {standard_task_runner.py:91} INFO - Job 6: Subtask submit_spark_job
[2025-08-06T09:36:15.819+0000] {task_command.py:426} INFO - Running <TaskInstance: spark_gold_transform_dag.submit_spark_job manual__2025-08-06T09:36:09.212359+00:00 [running]> on host f6daf7b6d686
[2025-08-06T09:36:15.919+0000] {taskinstance.py:2648} INFO - Exporting env vars: AIRFLOW_CTX_DAG_OWNER='***' AIRFLOW_CTX_DAG_ID='spark_gold_transform_dag' AIRFLOW_CTX_TASK_ID='submit_spark_job' AIRFLOW_CTX_EXECUTION_DATE='2025-08-06T09:36:09.212359+00:00' AIRFLOW_CTX_TRY_NUMBER='1' AIRFLOW_CTX_DAG_RUN_ID='manual__2025-08-06T09:36:09.212359+00:00'
[2025-08-06T09:36:15.921+0000] {taskinstance.py:430} INFO - ::endgroup::
[2025-08-06T09:36:15.957+0000] {base.py:84} INFO - Using connection ID 'spark_default' for task execution.
[2025-08-06T09:36:15.960+0000] {spark_submit.py:351} INFO - Spark-Submit cmd: spark-submit --master spark-master:7077 --conf spark.hadoop.fs.s3a.endpoint=http://minio:9000 --conf spark.hadoop.fs.s3a.access.key=minioadmin --conf spark.hadoop.fs.s3a.secret.key=****** --conf spark.hadoop.fs.s3a.path.style.access=true --conf spark.hadoop.fs.s3a.connection.ssl.enabled=false --jars /opt/custom-jars/hadoop-aws-3.3.6.jar,/opt/custom-jars/aws-java-sdk-bundle-1.12.367.jar --name arrow-spark --verbose /opt/spark-jobs/gold_transform.py
[2025-08-06T09:36:16.669+0000] {spark_submit.py:521} INFO - WARNING: Using incubator modules: jdk.incubator.vector
[2025-08-06T09:36:18.029+0000] {spark_submit.py:521} INFO - Parsed arguments:
[2025-08-06T09:36:18.030+0000] {spark_submit.py:521} INFO - master                  spark-master:7077
[2025-08-06T09:36:18.031+0000] {spark_submit.py:521} INFO - remote                  null
[2025-08-06T09:36:18.031+0000] {spark_submit.py:521} INFO - deployMode              null
[2025-08-06T09:36:18.031+0000] {spark_submit.py:521} INFO - executorMemory          null
[2025-08-06T09:36:18.032+0000] {spark_submit.py:521} INFO - executorCores           null
[2025-08-06T09:36:18.032+0000] {spark_submit.py:521} INFO - totalExecutorCores      null
[2025-08-06T09:36:18.032+0000] {spark_submit.py:521} INFO - propertiesFile          null
[2025-08-06T09:36:18.033+0000] {spark_submit.py:521} INFO - driverMemory            null
[2025-08-06T09:36:18.033+0000] {spark_submit.py:521} INFO - driverCores             null
[2025-08-06T09:36:18.034+0000] {spark_submit.py:521} INFO - driverExtraClassPath    null
[2025-08-06T09:36:18.034+0000] {spark_submit.py:521} INFO - driverExtraLibraryPath  null
[2025-08-06T09:36:18.034+0000] {spark_submit.py:521} INFO - driverExtraJavaOptions  null
[2025-08-06T09:36:18.035+0000] {spark_submit.py:521} INFO - supervise               false
[2025-08-06T09:36:18.035+0000] {spark_submit.py:521} INFO - queue                   null
[2025-08-06T09:36:18.035+0000] {spark_submit.py:521} INFO - numExecutors            null
[2025-08-06T09:36:18.035+0000] {spark_submit.py:521} INFO - files                   null
[2025-08-06T09:36:18.036+0000] {spark_submit.py:521} INFO - pyFiles                 null
[2025-08-06T09:36:18.036+0000] {spark_submit.py:521} INFO - archives                null
[2025-08-06T09:36:18.036+0000] {spark_submit.py:521} INFO - mainClass               null
[2025-08-06T09:36:18.036+0000] {spark_submit.py:521} INFO - primaryResource         file:/opt/spark-jobs/gold_transform.py
[2025-08-06T09:36:18.037+0000] {spark_submit.py:521} INFO - name                    arrow-spark
[2025-08-06T09:36:18.037+0000] {spark_submit.py:521} INFO - childArgs               []
[2025-08-06T09:36:18.037+0000] {spark_submit.py:521} INFO - jars                    file:/opt/custom-jars/hadoop-aws-3.3.6.jar,file:/opt/custom-jars/aws-java-sdk-bundle-1.12.367.jar
[2025-08-06T09:36:18.037+0000] {spark_submit.py:521} INFO - packages                null
[2025-08-06T09:36:18.037+0000] {spark_submit.py:521} INFO - packagesExclusions      null
[2025-08-06T09:36:18.038+0000] {spark_submit.py:521} INFO - repositories            null
[2025-08-06T09:36:18.038+0000] {spark_submit.py:521} INFO - verbose                 true
[2025-08-06T09:36:18.038+0000] {spark_submit.py:521} INFO - 
[2025-08-06T09:36:18.038+0000] {spark_submit.py:521} INFO - Spark properties used, including those specified through
[2025-08-06T09:36:18.039+0000] {spark_submit.py:521} INFO - --conf and those from the properties file null:
[2025-08-06T09:36:18.039+0000] {spark_submit.py:521} INFO - (spark.hadoop.fs.s3a.access.key,*********(redacted))
[2025-08-06T09:36:18.039+0000] {spark_submit.py:521} INFO - (spark.hadoop.fs.s3a.connection.ssl.enabled,false)
[2025-08-06T09:36:18.039+0000] {spark_submit.py:521} INFO - (spark.hadoop.fs.s3a.endpoint,http://minio:9000)
[2025-08-06T09:36:18.039+0000] {spark_submit.py:521} INFO - (spark.hadoop.fs.s3a.path.style.access,true)
[2025-08-06T09:36:18.039+0000] {spark_submit.py:521} INFO - (spark.hadoop.fs.s3a.secret.key,*********(redacted))
[2025-08-06T09:36:18.040+0000] {spark_submit.py:521} INFO - 
[2025-08-06T09:36:18.040+0000] {spark_submit.py:521} INFO - 
[2025-08-06T09:36:18.482+0000] {spark_submit.py:521} INFO - 25/08/06 09:36:18 WARN NativeCodeLoader: Unable to load native-hadoop library for your platform... using builtin-java classes where applicable
[2025-08-06T09:36:18.696+0000] {spark_submit.py:521} INFO - Main class:
[2025-08-06T09:36:18.697+0000] {spark_submit.py:521} INFO - org.apache.spark.deploy.PythonRunner
[2025-08-06T09:36:18.697+0000] {spark_submit.py:521} INFO - Arguments:
[2025-08-06T09:36:18.697+0000] {spark_submit.py:521} INFO - file:/opt/spark-jobs/gold_transform.py
[2025-08-06T09:36:18.698+0000] {spark_submit.py:521} INFO - null
[2025-08-06T09:36:18.699+0000] {spark_submit.py:521} INFO - Spark config:
[2025-08-06T09:36:18.699+0000] {spark_submit.py:521} INFO - (spark.app.name,arrow-spark)
[2025-08-06T09:36:18.699+0000] {spark_submit.py:521} INFO - (spark.app.submitTime,1754472978670)
[2025-08-06T09:36:18.699+0000] {spark_submit.py:521} INFO - (spark.hadoop.fs.s3a.access.key,*********(redacted))
[2025-08-06T09:36:18.700+0000] {spark_submit.py:521} INFO - (spark.hadoop.fs.s3a.connection.ssl.enabled,false)
[2025-08-06T09:36:18.700+0000] {spark_submit.py:521} INFO - (spark.hadoop.fs.s3a.endpoint,http://minio:9000)
[2025-08-06T09:36:18.700+0000] {spark_submit.py:521} INFO - (spark.hadoop.fs.s3a.path.style.access,true)
[2025-08-06T09:36:18.701+0000] {spark_submit.py:521} INFO - (spark.hadoop.fs.s3a.secret.key,*********(redacted))
[2025-08-06T09:36:18.701+0000] {spark_submit.py:521} INFO - (spark.jars,file:///opt/custom-jars/hadoop-aws-3.3.6.jar,file:///opt/custom-jars/aws-java-sdk-bundle-1.12.367.jar)
[2025-08-06T09:36:18.701+0000] {spark_submit.py:521} INFO - (spark.master,spark-master:7077)
[2025-08-06T09:36:18.701+0000] {spark_submit.py:521} INFO - (spark.repl.local.jars,file:///opt/custom-jars/hadoop-aws-3.3.6.jar,file:///opt/custom-jars/aws-java-sdk-bundle-1.12.367.jar)
[2025-08-06T09:36:18.702+0000] {spark_submit.py:521} INFO - (spark.submit.deployMode,client)
[2025-08-06T09:36:18.702+0000] {spark_submit.py:521} INFO - (spark.submit.pyFiles,)
[2025-08-06T09:36:18.702+0000] {spark_submit.py:521} INFO - Classpath elements:
[2025-08-06T09:36:18.703+0000] {spark_submit.py:521} INFO - file:///opt/custom-jars/hadoop-aws-3.3.6.jar
[2025-08-06T09:36:18.703+0000] {spark_submit.py:521} INFO - file:///opt/custom-jars/aws-java-sdk-bundle-1.12.367.jar
[2025-08-06T09:36:18.703+0000] {spark_submit.py:521} INFO - 
[2025-08-06T09:36:18.703+0000] {spark_submit.py:521} INFO - 
[2025-08-06T09:36:20.652+0000] {spark_submit.py:521} INFO - Using Spark's default log4j profile: org/apache/spark/log4j2-defaults.properties
[2025-08-06T09:36:20.655+0000] {spark_submit.py:521} INFO - 25/08/06 09:36:20 INFO SparkContext: Running Spark version 4.0.0
[2025-08-06T09:36:20.656+0000] {spark_submit.py:521} INFO - 25/08/06 09:36:20 INFO SparkContext: OS info Linux, 5.15.167.4-microsoft-standard-WSL2, amd64
[2025-08-06T09:36:20.657+0000] {spark_submit.py:521} INFO - 25/08/06 09:36:20 INFO SparkContext: Java version 17.0.15
[2025-08-06T09:36:20.679+0000] {spark_submit.py:521} INFO - 25/08/06 09:36:20 INFO ResourceUtils: ==============================================================
[2025-08-06T09:36:20.680+0000] {spark_submit.py:521} INFO - 25/08/06 09:36:20 INFO ResourceUtils: No custom resources configured for spark.driver.
[2025-08-06T09:36:20.680+0000] {spark_submit.py:521} INFO - 25/08/06 09:36:20 INFO ResourceUtils: ==============================================================
[2025-08-06T09:36:20.680+0000] {spark_submit.py:521} INFO - 25/08/06 09:36:20 INFO SparkContext: Submitted application: arrow-spark
[2025-08-06T09:36:20.702+0000] {spark_submit.py:521} INFO - 25/08/06 09:36:20 INFO ResourceProfile: Default ResourceProfile created, executor resources: Map(cores -> name: cores, amount: 1, script: , vendor: , memory -> name: memory, amount: 1024, script: , vendor: , offHeap -> name: offHeap, amount: 0, script: , vendor: ), task resources: Map(cpus -> name: cpus, amount: 1.0)
[2025-08-06T09:36:20.706+0000] {spark_submit.py:521} INFO - 25/08/06 09:36:20 INFO ResourceProfile: Limiting resource is cpu
[2025-08-06T09:36:20.707+0000] {spark_submit.py:521} INFO - 25/08/06 09:36:20 INFO ResourceProfileManager: Added ResourceProfile id: 0
[2025-08-06T09:36:20.760+0000] {spark_submit.py:521} INFO - 25/08/06 09:36:20 INFO SecurityManager: Changing view acls to: ***
[2025-08-06T09:36:20.760+0000] {spark_submit.py:521} INFO - 25/08/06 09:36:20 INFO SecurityManager: Changing modify acls to: ***
[2025-08-06T09:36:20.761+0000] {spark_submit.py:521} INFO - 25/08/06 09:36:20 INFO SecurityManager: Changing view acls groups to: ***
[2025-08-06T09:36:20.761+0000] {spark_submit.py:521} INFO - 25/08/06 09:36:20 INFO SecurityManager: Changing modify acls groups to: ***
[2025-08-06T09:36:20.763+0000] {spark_submit.py:521} INFO - 25/08/06 09:36:20 INFO SecurityManager: SecurityManager: authentication disabled; ui acls disabled; users with view permissions: *** groups with view permissions: EMPTY; users with modify permissions: ***; groups with modify permissions: EMPTY; RPC SSL disabled
[2025-08-06T09:36:20.988+0000] {spark_submit.py:521} INFO - 25/08/06 09:36:20 INFO Utils: Successfully started service 'sparkDriver' on port 44403.
[2025-08-06T09:36:21.016+0000] {spark_submit.py:521} INFO - 25/08/06 09:36:21 INFO SparkEnv: Registering MapOutputTracker
[2025-08-06T09:36:21.025+0000] {spark_submit.py:521} INFO - 25/08/06 09:36:21 INFO SparkEnv: Registering BlockManagerMaster
[2025-08-06T09:36:21.040+0000] {spark_submit.py:521} INFO - 25/08/06 09:36:21 INFO BlockManagerMasterEndpoint: Using org.apache.spark.storage.DefaultTopologyMapper for getting topology information
[2025-08-06T09:36:21.041+0000] {spark_submit.py:521} INFO - 25/08/06 09:36:21 INFO BlockManagerMasterEndpoint: BlockManagerMasterEndpoint up
[2025-08-06T09:36:21.045+0000] {spark_submit.py:521} INFO - 25/08/06 09:36:21 INFO SparkEnv: Registering BlockManagerMasterHeartbeat
[2025-08-06T09:36:21.068+0000] {spark_submit.py:521} INFO - 25/08/06 09:36:21 INFO DiskBlockManager: Created local directory at /tmp/blockmgr-147fe81d-38b5-4a28-bb7b-db2105ba3db0
[2025-08-06T09:36:21.087+0000] {spark_submit.py:521} INFO - 25/08/06 09:36:21 INFO SparkEnv: Registering OutputCommitCoordinator
[2025-08-06T09:36:21.206+0000] {spark_submit.py:521} INFO - 25/08/06 09:36:21 INFO JettyUtils: Start Jetty 0.0.0.0:4040 for SparkUI
[2025-08-06T09:36:21.269+0000] {spark_submit.py:521} INFO - 25/08/06 09:36:21 INFO Utils: Successfully started service 'SparkUI' on port 4040.
[2025-08-06T09:36:21.299+0000] {spark_submit.py:521} INFO - 25/08/06 09:36:21 INFO SparkContext: Added JAR file:///opt/custom-jars/hadoop-aws-3.3.6.jar at spark://f6daf7b6d686:44403/jars/hadoop-aws-3.3.6.jar with timestamp 1754472980645
[2025-08-06T09:36:21.300+0000] {spark_submit.py:521} INFO - 25/08/06 09:36:21 INFO SparkContext: Added JAR file:///opt/custom-jars/aws-java-sdk-bundle-1.12.367.jar at spark://f6daf7b6d686:44403/jars/aws-java-sdk-bundle-1.12.367.jar with timestamp 1754472980645
[2025-08-06T09:36:21.319+0000] {spark_submit.py:521} INFO - 25/08/06 09:36:21 INFO SecurityManager: Changing view acls to: ***
[2025-08-06T09:36:21.320+0000] {spark_submit.py:521} INFO - 25/08/06 09:36:21 INFO SecurityManager: Changing modify acls to: ***
[2025-08-06T09:36:21.320+0000] {spark_submit.py:521} INFO - 25/08/06 09:36:21 INFO SecurityManager: Changing view acls groups to: ***
[2025-08-06T09:36:21.320+0000] {spark_submit.py:521} INFO - 25/08/06 09:36:21 INFO SecurityManager: Changing modify acls groups to: ***
[2025-08-06T09:36:21.321+0000] {spark_submit.py:521} INFO - 25/08/06 09:36:21 INFO SecurityManager: SecurityManager: authentication disabled; ui acls disabled; users with view permissions: *** groups with view permissions: EMPTY; users with modify permissions: ***; groups with modify permissions: EMPTY; RPC SSL disabled
[2025-08-06T09:36:21.342+0000] {spark_submit.py:521} INFO - 25/08/06 09:36:21 ERROR SparkContext: Error initializing SparkContext.
[2025-08-06T09:36:21.343+0000] {spark_submit.py:521} INFO - org.apache.spark.SparkException: Could not parse Master URL: 'spark-master:7077'
[2025-08-06T09:36:21.343+0000] {spark_submit.py:521} INFO - at org.apache.spark.SparkContext$.org$apache$spark$SparkContext$$createTaskScheduler(SparkContext.scala:3358)
[2025-08-06T09:36:21.343+0000] {spark_submit.py:521} INFO - at org.apache.spark.SparkContext.<init>(SparkContext.scala:593)
[2025-08-06T09:36:21.344+0000] {spark_submit.py:521} INFO - at org.apache.spark.api.java.JavaSparkContext.<init>(JavaSparkContext.scala:59)
[2025-08-06T09:36:21.344+0000] {spark_submit.py:521} INFO - at java.base/jdk.internal.reflect.NativeConstructorAccessorImpl.newInstance0(Native Method)
[2025-08-06T09:36:21.344+0000] {spark_submit.py:521} INFO - at java.base/jdk.internal.reflect.NativeConstructorAccessorImpl.newInstance(NativeConstructorAccessorImpl.java:77)
[2025-08-06T09:36:21.345+0000] {spark_submit.py:521} INFO - at java.base/jdk.internal.reflect.DelegatingConstructorAccessorImpl.newInstance(DelegatingConstructorAccessorImpl.java:45)
[2025-08-06T09:36:21.345+0000] {spark_submit.py:521} INFO - at java.base/java.lang.reflect.Constructor.newInstanceWithCaller(Constructor.java:500)
[2025-08-06T09:36:21.345+0000] {spark_submit.py:521} INFO - at java.base/java.lang.reflect.Constructor.newInstance(Constructor.java:481)
[2025-08-06T09:36:21.345+0000] {spark_submit.py:521} INFO - at py4j.reflection.MethodInvoker.invoke(MethodInvoker.java:247)
[2025-08-06T09:36:21.346+0000] {spark_submit.py:521} INFO - at py4j.reflection.ReflectionEngine.invoke(ReflectionEngine.java:374)
[2025-08-06T09:36:21.346+0000] {spark_submit.py:521} INFO - at py4j.Gateway.invoke(Gateway.java:238)
[2025-08-06T09:36:21.346+0000] {spark_submit.py:521} INFO - at py4j.commands.ConstructorCommand.invokeConstructor(ConstructorCommand.java:80)
[2025-08-06T09:36:21.347+0000] {spark_submit.py:521} INFO - at py4j.commands.ConstructorCommand.execute(ConstructorCommand.java:69)
[2025-08-06T09:36:21.348+0000] {spark_submit.py:521} INFO - at py4j.ClientServerConnection.waitForCommands(ClientServerConnection.java:184)
[2025-08-06T09:36:21.348+0000] {spark_submit.py:521} INFO - at py4j.ClientServerConnection.run(ClientServerConnection.java:108)
[2025-08-06T09:36:21.348+0000] {spark_submit.py:521} INFO - at java.base/java.lang.Thread.run(Thread.java:840)
[2025-08-06T09:36:21.349+0000] {spark_submit.py:521} INFO - 25/08/06 09:36:21 INFO SparkContext: SparkContext is stopping with exitCode 0 from JavaSparkContext at NativeConstructorAccessorImpl.java:0.
[2025-08-06T09:36:21.356+0000] {spark_submit.py:521} INFO - 25/08/06 09:36:21 INFO SparkUI: Stopped Spark web UI at http://f6daf7b6d686:4040
[2025-08-06T09:36:21.375+0000] {spark_submit.py:521} INFO - 25/08/06 09:36:21 INFO MapOutputTrackerMasterEndpoint: MapOutputTrackerMasterEndpoint stopped!
[2025-08-06T09:36:21.394+0000] {spark_submit.py:521} INFO - 25/08/06 09:36:21 INFO MemoryStore: MemoryStore started with capacity 434.4 MiB
[2025-08-06T09:36:21.395+0000] {spark_submit.py:521} INFO - 25/08/06 09:36:21 INFO MemoryStore: MemoryStore cleared
[2025-08-06T09:36:21.396+0000] {spark_submit.py:521} INFO - 25/08/06 09:36:21 INFO BlockManager: BlockManager stopped
[2025-08-06T09:36:21.411+0000] {spark_submit.py:521} INFO - 25/08/06 09:36:21 INFO BlockManagerMaster: BlockManagerMaster stopped
[2025-08-06T09:36:21.412+0000] {spark_submit.py:521} INFO - 25/08/06 09:36:21 WARN MetricsSystem: Stopping a MetricsSystem that is not running
[2025-08-06T09:36:21.414+0000] {spark_submit.py:521} INFO - 25/08/06 09:36:21 INFO OutputCommitCoordinator$OutputCommitCoordinatorEndpoint: OutputCommitCoordinator stopped!
[2025-08-06T09:36:21.436+0000] {spark_submit.py:521} INFO - 25/08/06 09:36:21 INFO SparkContext: Successfully stopped SparkContext
[2025-08-06T09:36:21.437+0000] {spark_submit.py:521} INFO - Traceback (most recent call last):
[2025-08-06T09:36:21.437+0000] {spark_submit.py:521} INFO - File "/opt/spark-jobs/gold_transform.py", line 4, in <module>
[2025-08-06T09:36:21.439+0000] {spark_submit.py:521} INFO - spark = SparkSession.builder.getOrCreate()
[2025-08-06T09:36:21.439+0000] {spark_submit.py:521} INFO - File "/home/***/.local/lib/python3.10/site-packages/pyspark/python/lib/pyspark.zip/pyspark/sql/session.py", line 556, in getOrCreate
[2025-08-06T09:36:21.440+0000] {spark_submit.py:521} INFO - File "/home/***/.local/lib/python3.10/site-packages/pyspark/python/lib/pyspark.zip/pyspark/core/context.py", line 523, in getOrCreate
[2025-08-06T09:36:21.441+0000] {spark_submit.py:521} INFO - File "/home/***/.local/lib/python3.10/site-packages/pyspark/python/lib/pyspark.zip/pyspark/core/context.py", line 207, in __init__
[2025-08-06T09:36:21.441+0000] {spark_submit.py:521} INFO - File "/home/***/.local/lib/python3.10/site-packages/pyspark/python/lib/pyspark.zip/pyspark/core/context.py", line 300, in _do_init
[2025-08-06T09:36:21.442+0000] {spark_submit.py:521} INFO - File "/home/***/.local/lib/python3.10/site-packages/pyspark/python/lib/pyspark.zip/pyspark/core/context.py", line 429, in _initialize_context
[2025-08-06T09:36:21.442+0000] {spark_submit.py:521} INFO - File "/home/***/.local/lib/python3.10/site-packages/pyspark/python/lib/py4j-0.10.9.9-src.zip/py4j/java_gateway.py", line 1627, in __call__
[2025-08-06T09:36:21.443+0000] {spark_submit.py:521} INFO - File "/home/***/.local/lib/python3.10/site-packages/pyspark/python/lib/py4j-0.10.9.9-src.zip/py4j/protocol.py", line 327, in get_return_value
[2025-08-06T09:36:21.443+0000] {spark_submit.py:521} INFO - py4j.protocol.Py4JJavaError: An error occurred while calling None.org.apache.spark.api.java.JavaSparkContext.
[2025-08-06T09:36:21.444+0000] {spark_submit.py:521} INFO - : org.apache.spark.SparkException: Could not parse Master URL: 'spark-master:7077'
[2025-08-06T09:36:21.444+0000] {spark_submit.py:521} INFO - at org.apache.spark.SparkContext$.org$apache$spark$SparkContext$$createTaskScheduler(SparkContext.scala:3358)
[2025-08-06T09:36:21.444+0000] {spark_submit.py:521} INFO - at org.apache.spark.SparkContext.<init>(SparkContext.scala:593)
[2025-08-06T09:36:21.444+0000] {spark_submit.py:521} INFO - at org.apache.spark.api.java.JavaSparkContext.<init>(JavaSparkContext.scala:59)
[2025-08-06T09:36:21.445+0000] {spark_submit.py:521} INFO - at java.base/jdk.internal.reflect.NativeConstructorAccessorImpl.newInstance0(Native Method)
[2025-08-06T09:36:21.445+0000] {spark_submit.py:521} INFO - at java.base/jdk.internal.reflect.NativeConstructorAccessorImpl.newInstance(NativeConstructorAccessorImpl.java:77)
[2025-08-06T09:36:21.445+0000] {spark_submit.py:521} INFO - at java.base/jdk.internal.reflect.DelegatingConstructorAccessorImpl.newInstance(DelegatingConstructorAccessorImpl.java:45)
[2025-08-06T09:36:21.445+0000] {spark_submit.py:521} INFO - at java.base/java.lang.reflect.Constructor.newInstanceWithCaller(Constructor.java:500)
[2025-08-06T09:36:21.446+0000] {spark_submit.py:521} INFO - at java.base/java.lang.reflect.Constructor.newInstance(Constructor.java:481)
[2025-08-06T09:36:21.446+0000] {spark_submit.py:521} INFO - at py4j.reflection.MethodInvoker.invoke(MethodInvoker.java:247)
[2025-08-06T09:36:21.446+0000] {spark_submit.py:521} INFO - at py4j.reflection.ReflectionEngine.invoke(ReflectionEngine.java:374)
[2025-08-06T09:36:21.447+0000] {spark_submit.py:521} INFO - at py4j.Gateway.invoke(Gateway.java:238)
[2025-08-06T09:36:21.447+0000] {spark_submit.py:521} INFO - at py4j.commands.ConstructorCommand.invokeConstructor(ConstructorCommand.java:80)
[2025-08-06T09:36:21.447+0000] {spark_submit.py:521} INFO - at py4j.commands.ConstructorCommand.execute(ConstructorCommand.java:69)
[2025-08-06T09:36:21.447+0000] {spark_submit.py:521} INFO - at py4j.ClientServerConnection.waitForCommands(ClientServerConnection.java:184)
[2025-08-06T09:36:21.447+0000] {spark_submit.py:521} INFO - at py4j.ClientServerConnection.run(ClientServerConnection.java:108)
[2025-08-06T09:36:21.448+0000] {spark_submit.py:521} INFO - at java.base/java.lang.Thread.run(Thread.java:840)
[2025-08-06T09:36:21.448+0000] {spark_submit.py:521} INFO - 
[2025-08-06T09:36:21.573+0000] {spark_submit.py:521} INFO - 25/08/06 09:36:21 INFO ShutdownHookManager: Shutdown hook called
[2025-08-06T09:36:21.574+0000] {spark_submit.py:521} INFO - 25/08/06 09:36:21 INFO ShutdownHookManager: Deleting directory /tmp/spark-9cd3f22d-32f7-4599-b258-cdb0703406c8
[2025-08-06T09:36:21.587+0000] {spark_submit.py:521} INFO - 25/08/06 09:36:21 INFO ShutdownHookManager: Deleting directory /tmp/spark-185c10d8-1733-4ede-b8f1-786996930c8b
[2025-08-06T09:36:21.616+0000] {taskinstance.py:441} INFO - ::group::Post task execution logs
[2025-08-06T09:36:21.626+0000] {taskinstance.py:2905} ERROR - Task failed with exception
Traceback (most recent call last):
  File "/home/airflow/.local/lib/python3.10/site-packages/airflow/models/taskinstance.py", line 465, in _execute_task
    result = _execute_callable(context=context, **execute_callable_kwargs)
  File "/home/airflow/.local/lib/python3.10/site-packages/airflow/models/taskinstance.py", line 432, in _execute_callable
    return execute_callable(context=context, **execute_callable_kwargs)
  File "/home/airflow/.local/lib/python3.10/site-packages/airflow/models/baseoperator.py", line 400, in wrapper
    return func(self, *args, **kwargs)
  File "/home/airflow/.local/lib/python3.10/site-packages/airflow/providers/apache/spark/operators/spark_submit.py", line 156, in execute
    self._hook.submit(self._application)
  File "/home/airflow/.local/lib/python3.10/site-packages/airflow/providers/apache/spark/hooks/spark_submit.py", line 452, in submit
    raise AirflowException(
airflow.exceptions.AirflowException: Cannot execute: spark-submit --master spark-master:7077 --conf spark.hadoop.fs.s3a.endpoint=http://minio:9000 --conf spark.hadoop.fs.s3a.access.key=minioadmin --conf spark.hadoop.fs.s3a.secret.key=****** --conf spark.hadoop.fs.s3a.path.style.access=true --conf spark.hadoop.fs.s3a.connection.ssl.enabled=false --jars /opt/custom-jars/hadoop-aws-3.3.6.jar,/opt/custom-jars/aws-java-sdk-bundle-1.12.367.jar --name arrow-spark --verbose /opt/spark-jobs/gold_transform.py. Error code is: 1.
[2025-08-06T09:36:21.631+0000] {taskinstance.py:1206} INFO - Marking task as FAILED. dag_id=spark_gold_transform_dag, task_id=submit_spark_job, run_id=manual__2025-08-06T09:36:09.212359+00:00, execution_date=20250806T093609, start_date=20250806T093615, end_date=20250806T093621
[2025-08-06T09:36:21.647+0000] {standard_task_runner.py:110} ERROR - Failed to execute job 6 for task submit_spark_job (Cannot execute: spark-submit --master spark-master:7077 --conf spark.hadoop.fs.s3a.endpoint=http://minio:9000 --conf spark.hadoop.fs.s3a.access.key=minioadmin --conf spark.hadoop.fs.s3a.secret.key=****** --conf spark.hadoop.fs.s3a.path.style.access=true --conf spark.hadoop.fs.s3a.connection.ssl.enabled=false --jars /opt/custom-jars/hadoop-aws-3.3.6.jar,/opt/custom-jars/aws-java-sdk-bundle-1.12.367.jar --name arrow-spark --verbose /opt/spark-jobs/gold_transform.py. Error code is: 1.; 381)
[2025-08-06T09:36:21.670+0000] {local_task_job_runner.py:240} INFO - Task exited with return code 1
[2025-08-06T09:36:21.686+0000] {taskinstance.py:3498} INFO - 0 downstream tasks scheduled from follow-on schedule check
[2025-08-06T09:36:21.689+0000] {local_task_job_runner.py:222} INFO - ::endgroup::
