[2025-08-12T13:57:52.133+0000] {local_task_job_runner.py:120} INFO - ::group::Pre task execution logs
[2025-08-12T13:57:52.168+0000] {taskinstance.py:2076} INFO - Dependencies all met for dep_context=non-requeueable deps ti=<TaskInstance: spark_transform_pipeline.gold_transform manual__2025-08-12T13:56:07.959532+00:00 [queued]>
[2025-08-12T13:57:52.174+0000] {taskinstance.py:2076} INFO - Dependencies all met for dep_context=requeueable deps ti=<TaskInstance: spark_transform_pipeline.gold_transform manual__2025-08-12T13:56:07.959532+00:00 [queued]>
[2025-08-12T13:57:52.174+0000] {taskinstance.py:2306} INFO - Starting attempt 1 of 1
[2025-08-12T13:57:52.185+0000] {taskinstance.py:2330} INFO - Executing <Task(SparkSubmitOperator): gold_transform> on 2025-08-12 13:56:07.959532+00:00
[2025-08-12T13:57:52.191+0000] {standard_task_runner.py:63} INFO - Started process 2512 to run task
[2025-08-12T13:57:52.194+0000] {standard_task_runner.py:90} INFO - Running: ['***', 'tasks', 'run', 'spark_transform_pipeline', 'gold_transform', 'manual__2025-08-12T13:56:07.959532+00:00', '--job-id', '62', '--raw', '--subdir', 'DAGS_FOLDER/etl_jobs_dag.py', '--cfg-path', '/tmp/tmp7ebzk9os']
[2025-08-12T13:57:52.196+0000] {standard_task_runner.py:91} INFO - Job 62: Subtask gold_transform
[2025-08-12T13:57:52.240+0000] {task_command.py:426} INFO - Running <TaskInstance: spark_transform_pipeline.gold_transform manual__2025-08-12T13:56:07.959532+00:00 [running]> on host 689c6879ed29
[2025-08-12T13:57:52.330+0000] {taskinstance.py:2648} INFO - Exporting env vars: AIRFLOW_CTX_DAG_OWNER='***' AIRFLOW_CTX_DAG_ID='spark_transform_pipeline' AIRFLOW_CTX_TASK_ID='gold_transform' AIRFLOW_CTX_EXECUTION_DATE='2025-08-12T13:56:07.959532+00:00' AIRFLOW_CTX_TRY_NUMBER='1' AIRFLOW_CTX_DAG_RUN_ID='manual__2025-08-12T13:56:07.959532+00:00'
[2025-08-12T13:57:52.331+0000] {taskinstance.py:430} INFO - ::endgroup::
[2025-08-12T13:57:52.369+0000] {base.py:84} INFO - Using connection ID 'spark_default' for task execution.
[2025-08-12T13:57:52.370+0000] {spark_submit.py:351} INFO - Spark-Submit cmd: spark-submit --master spark://spark-master:7077 --conf spark.master=spark://spark-master:7077 --conf spark.driver.extraClassPath=/opt/custom-jars/* --conf spark.executor.extraClassPath=/opt/custom-jars/* --conf spark.hadoop.fs.gs.impl=com.google.cloud.hadoop.fs.gcs.GoogleHadoopFileSystem --conf spark.hadoop.fs.AbstractFileSystem.gs.impl=com.google.cloud.hadoop.fs.gcs.GoogleHadoopFS --conf spark.hadoop.google.cloud.auth.service.account.enable=true --conf spark.hadoop.google.cloud.auth.service.account.json.keyfile=/opt/***/gcp-key.json --jars /opt/custom-jars/gcs-connector-hadoop3-2.2.14-shaded.jar --name arrow-spark --verbose /opt/spark-jobs/gold.transfrom.py
[2025-08-12T13:57:53.133+0000] {spark_submit.py:521} INFO - WARNING: Using incubator modules: jdk.incubator.vector
[2025-08-12T13:57:54.841+0000] {spark_submit.py:521} INFO - Parsed arguments:
[2025-08-12T13:57:54.842+0000] {spark_submit.py:521} INFO - master                  spark://spark-master:7077
[2025-08-12T13:57:54.842+0000] {spark_submit.py:521} INFO - remote                  null
[2025-08-12T13:57:54.843+0000] {spark_submit.py:521} INFO - deployMode              null
[2025-08-12T13:57:54.843+0000] {spark_submit.py:521} INFO - executorMemory          null
[2025-08-12T13:57:54.843+0000] {spark_submit.py:521} INFO - executorCores           null
[2025-08-12T13:57:54.844+0000] {spark_submit.py:521} INFO - totalExecutorCores      null
[2025-08-12T13:57:54.844+0000] {spark_submit.py:521} INFO - propertiesFile          null
[2025-08-12T13:57:54.844+0000] {spark_submit.py:521} INFO - driverMemory            null
[2025-08-12T13:57:54.845+0000] {spark_submit.py:521} INFO - driverCores             null
[2025-08-12T13:57:54.845+0000] {spark_submit.py:521} INFO - driverExtraClassPath    /opt/custom-jars/*
[2025-08-12T13:57:54.845+0000] {spark_submit.py:521} INFO - driverExtraLibraryPath  null
[2025-08-12T13:57:54.845+0000] {spark_submit.py:521} INFO - driverExtraJavaOptions  null
[2025-08-12T13:57:54.846+0000] {spark_submit.py:521} INFO - supervise               false
[2025-08-12T13:57:54.846+0000] {spark_submit.py:521} INFO - queue                   null
[2025-08-12T13:57:54.846+0000] {spark_submit.py:521} INFO - numExecutors            null
[2025-08-12T13:57:54.846+0000] {spark_submit.py:521} INFO - files                   null
[2025-08-12T13:57:54.847+0000] {spark_submit.py:521} INFO - pyFiles                 null
[2025-08-12T13:57:54.847+0000] {spark_submit.py:521} INFO - archives                null
[2025-08-12T13:57:54.847+0000] {spark_submit.py:521} INFO - mainClass               null
[2025-08-12T13:57:54.848+0000] {spark_submit.py:521} INFO - primaryResource         file:/opt/spark-jobs/gold.transfrom.py
[2025-08-12T13:57:54.848+0000] {spark_submit.py:521} INFO - name                    arrow-spark
[2025-08-12T13:57:54.848+0000] {spark_submit.py:521} INFO - childArgs               []
[2025-08-12T13:57:54.849+0000] {spark_submit.py:521} INFO - jars                    file:/opt/custom-jars/gcs-connector-hadoop3-2.2.14-shaded.jar
[2025-08-12T13:57:54.849+0000] {spark_submit.py:521} INFO - packages                null
[2025-08-12T13:57:54.850+0000] {spark_submit.py:521} INFO - packagesExclusions      null
[2025-08-12T13:57:54.850+0000] {spark_submit.py:521} INFO - repositories            null
[2025-08-12T13:57:54.850+0000] {spark_submit.py:521} INFO - verbose                 true
[2025-08-12T13:57:54.851+0000] {spark_submit.py:521} INFO - 
[2025-08-12T13:57:54.851+0000] {spark_submit.py:521} INFO - Spark properties used, including those specified through
[2025-08-12T13:57:54.851+0000] {spark_submit.py:521} INFO - --conf and those from the properties file null:
[2025-08-12T13:57:54.851+0000] {spark_submit.py:521} INFO - (spark.driver.extraClassPath,/opt/custom-jars/*)
[2025-08-12T13:57:54.852+0000] {spark_submit.py:521} INFO - (spark.executor.extraClassPath,/opt/custom-jars/*)
[2025-08-12T13:57:54.852+0000] {spark_submit.py:521} INFO - (spark.hadoop.fs.AbstractFileSystem.gs.impl,com.google.cloud.hadoop.fs.gcs.GoogleHadoopFS)
[2025-08-12T13:57:54.853+0000] {spark_submit.py:521} INFO - (spark.hadoop.fs.gs.impl,com.google.cloud.hadoop.fs.gcs.GoogleHadoopFileSystem)
[2025-08-12T13:57:54.853+0000] {spark_submit.py:521} INFO - (spark.hadoop.google.cloud.auth.service.account.enable,true)
[2025-08-12T13:57:54.854+0000] {spark_submit.py:521} INFO - (spark.hadoop.google.cloud.auth.service.account.json.keyfile,/opt/***/gcp-key.json)
[2025-08-12T13:57:54.858+0000] {spark_submit.py:521} INFO - (spark.master,spark://spark-master:7077)
[2025-08-12T13:57:54.862+0000] {spark_submit.py:521} INFO - 
[2025-08-12T13:57:54.863+0000] {spark_submit.py:521} INFO - 
[2025-08-12T13:57:55.150+0000] {spark_submit.py:521} INFO - 25/08/12 13:57:55 WARN NativeCodeLoader: Unable to load native-hadoop library for your platform... using builtin-java classes where applicable
[2025-08-12T13:57:55.693+0000] {spark_submit.py:521} INFO - Main class:
[2025-08-12T13:57:55.693+0000] {spark_submit.py:521} INFO - org.apache.spark.deploy.PythonRunner
[2025-08-12T13:57:55.694+0000] {spark_submit.py:521} INFO - Arguments:
[2025-08-12T13:57:55.694+0000] {spark_submit.py:521} INFO - file:/opt/spark-jobs/gold.transfrom.py
[2025-08-12T13:57:55.695+0000] {spark_submit.py:521} INFO - null
[2025-08-12T13:57:55.695+0000] {spark_submit.py:521} INFO - Spark config:
[2025-08-12T13:57:55.696+0000] {spark_submit.py:521} INFO - (spark.app.name,arrow-spark)
[2025-08-12T13:57:55.696+0000] {spark_submit.py:521} INFO - (spark.app.submitTime,1755007075677)
[2025-08-12T13:57:55.696+0000] {spark_submit.py:521} INFO - (spark.driver.extraClassPath,/opt/custom-jars/*)
[2025-08-12T13:57:55.696+0000] {spark_submit.py:521} INFO - (spark.executor.extraClassPath,/opt/custom-jars/*)
[2025-08-12T13:57:55.697+0000] {spark_submit.py:521} INFO - (spark.hadoop.fs.AbstractFileSystem.gs.impl,com.google.cloud.hadoop.fs.gcs.GoogleHadoopFS)
[2025-08-12T13:57:55.697+0000] {spark_submit.py:521} INFO - (spark.hadoop.fs.gs.impl,com.google.cloud.hadoop.fs.gcs.GoogleHadoopFileSystem)
[2025-08-12T13:57:55.697+0000] {spark_submit.py:521} INFO - (spark.hadoop.google.cloud.auth.service.account.enable,true)
[2025-08-12T13:57:55.698+0000] {spark_submit.py:521} INFO - (spark.hadoop.google.cloud.auth.service.account.json.keyfile,/opt/***/gcp-key.json)
[2025-08-12T13:57:55.698+0000] {spark_submit.py:521} INFO - (spark.jars,file:///opt/custom-jars/gcs-connector-hadoop3-2.2.14-shaded.jar)
[2025-08-12T13:57:55.698+0000] {spark_submit.py:521} INFO - (spark.master,spark://spark-master:7077)
[2025-08-12T13:57:55.699+0000] {spark_submit.py:521} INFO - (spark.repl.local.jars,file:///opt/custom-jars/gcs-connector-hadoop3-2.2.14-shaded.jar)
[2025-08-12T13:57:55.699+0000] {spark_submit.py:521} INFO - (spark.submit.deployMode,client)
[2025-08-12T13:57:55.699+0000] {spark_submit.py:521} INFO - (spark.submit.pyFiles,)
[2025-08-12T13:57:55.699+0000] {spark_submit.py:521} INFO - Classpath elements:
[2025-08-12T13:57:55.700+0000] {spark_submit.py:521} INFO - file:///opt/custom-jars/gcs-connector-hadoop3-2.2.14-shaded.jar
[2025-08-12T13:57:55.700+0000] {spark_submit.py:521} INFO - 
[2025-08-12T13:57:55.700+0000] {spark_submit.py:521} INFO - 
[2025-08-12T13:57:56.740+0000] {spark_submit.py:521} INFO - Using Spark's default log4j profile: org/apache/spark/log4j2-defaults.properties
[2025-08-12T13:57:56.744+0000] {spark_submit.py:521} INFO - 25/08/12 13:57:56 INFO SparkContext: Running Spark version 4.0.0
[2025-08-12T13:57:56.746+0000] {spark_submit.py:521} INFO - 25/08/12 13:57:56 INFO SparkContext: OS info Linux, 5.15.167.4-microsoft-standard-WSL2, amd64
[2025-08-12T13:57:56.747+0000] {spark_submit.py:521} INFO - 25/08/12 13:57:56 INFO SparkContext: Java version 17.0.15
[2025-08-12T13:57:56.771+0000] {spark_submit.py:521} INFO - 25/08/12 13:57:56 INFO ResourceUtils: ==============================================================
[2025-08-12T13:57:56.772+0000] {spark_submit.py:521} INFO - 25/08/12 13:57:56 INFO ResourceUtils: No custom resources configured for spark.driver.
[2025-08-12T13:57:56.772+0000] {spark_submit.py:521} INFO - 25/08/12 13:57:56 INFO ResourceUtils: ==============================================================
[2025-08-12T13:57:56.773+0000] {spark_submit.py:521} INFO - 25/08/12 13:57:56 INFO SparkContext: Submitted application: gold_transform
[2025-08-12T13:57:56.797+0000] {spark_submit.py:521} INFO - 25/08/12 13:57:56 INFO ResourceProfile: Default ResourceProfile created, executor resources: Map(memory -> name: memory, amount: 1024, script: , vendor: , offHeap -> name: offHeap, amount: 0, script: , vendor: ), task resources: Map(cpus -> name: cpus, amount: 1.0)
[2025-08-12T13:57:56.802+0000] {spark_submit.py:521} INFO - 25/08/12 13:57:56 INFO ResourceProfile: Limiting resource is cpu
[2025-08-12T13:57:56.803+0000] {spark_submit.py:521} INFO - 25/08/12 13:57:56 INFO ResourceProfileManager: Added ResourceProfile id: 0
[2025-08-12T13:57:56.846+0000] {spark_submit.py:521} INFO - 25/08/12 13:57:56 INFO SecurityManager: Changing view acls to: ***
[2025-08-12T13:57:56.847+0000] {spark_submit.py:521} INFO - 25/08/12 13:57:56 INFO SecurityManager: Changing modify acls to: ***
[2025-08-12T13:57:56.847+0000] {spark_submit.py:521} INFO - 25/08/12 13:57:56 INFO SecurityManager: Changing view acls groups to: ***
[2025-08-12T13:57:56.847+0000] {spark_submit.py:521} INFO - 25/08/12 13:57:56 INFO SecurityManager: Changing modify acls groups to: ***
[2025-08-12T13:57:56.850+0000] {spark_submit.py:521} INFO - 25/08/12 13:57:56 INFO SecurityManager: SecurityManager: authentication disabled; ui acls disabled; users with view permissions: *** groups with view permissions: EMPTY; users with modify permissions: ***; groups with modify permissions: EMPTY; RPC SSL disabled
[2025-08-12T13:57:57.068+0000] {spark_submit.py:521} INFO - 25/08/12 13:57:57 INFO Utils: Successfully started service 'sparkDriver' on port 39877.
[2025-08-12T13:57:57.098+0000] {spark_submit.py:521} INFO - 25/08/12 13:57:57 INFO SparkEnv: Registering MapOutputTracker
[2025-08-12T13:57:57.110+0000] {spark_submit.py:521} INFO - 25/08/12 13:57:57 INFO SparkEnv: Registering BlockManagerMaster
[2025-08-12T13:57:57.123+0000] {spark_submit.py:521} INFO - 25/08/12 13:57:57 INFO BlockManagerMasterEndpoint: Using org.apache.spark.storage.DefaultTopologyMapper for getting topology information
[2025-08-12T13:57:57.124+0000] {spark_submit.py:521} INFO - 25/08/12 13:57:57 INFO BlockManagerMasterEndpoint: BlockManagerMasterEndpoint up
[2025-08-12T13:57:57.127+0000] {spark_submit.py:521} INFO - 25/08/12 13:57:57 INFO SparkEnv: Registering BlockManagerMasterHeartbeat
[2025-08-12T13:57:57.148+0000] {spark_submit.py:521} INFO - 25/08/12 13:57:57 INFO DiskBlockManager: Created local directory at /tmp/blockmgr-4be51cc1-4236-4499-9f52-ca8885076694
[2025-08-12T13:57:57.166+0000] {spark_submit.py:521} INFO - 25/08/12 13:57:57 INFO SparkEnv: Registering OutputCommitCoordinator
[2025-08-12T13:57:57.298+0000] {spark_submit.py:521} INFO - 25/08/12 13:57:57 INFO JettyUtils: Start Jetty 0.0.0.0:4040 for SparkUI
[2025-08-12T13:57:57.365+0000] {spark_submit.py:521} INFO - 25/08/12 13:57:57 INFO Utils: Successfully started service 'SparkUI' on port 4040.
[2025-08-12T13:57:57.402+0000] {spark_submit.py:521} INFO - 25/08/12 13:57:57 INFO SparkContext: Added JAR file:///opt/custom-jars/gcs-connector-hadoop3-2.2.14-shaded.jar at spark://689c6879ed29:39877/jars/gcs-connector-hadoop3-2.2.14-shaded.jar with timestamp 1755007076733
[2025-08-12T13:57:57.419+0000] {spark_submit.py:521} INFO - 25/08/12 13:57:57 INFO SecurityManager: Changing view acls to: ***
[2025-08-12T13:57:57.420+0000] {spark_submit.py:521} INFO - 25/08/12 13:57:57 INFO SecurityManager: Changing modify acls to: ***
[2025-08-12T13:57:57.420+0000] {spark_submit.py:521} INFO - 25/08/12 13:57:57 INFO SecurityManager: Changing view acls groups to: ***
[2025-08-12T13:57:57.420+0000] {spark_submit.py:521} INFO - 25/08/12 13:57:57 INFO SecurityManager: Changing modify acls groups to: ***
[2025-08-12T13:57:57.420+0000] {spark_submit.py:521} INFO - 25/08/12 13:57:57 INFO SecurityManager: SecurityManager: authentication disabled; ui acls disabled; users with view permissions: *** groups with view permissions: EMPTY; users with modify permissions: ***; groups with modify permissions: EMPTY; RPC SSL disabled
[2025-08-12T13:57:57.559+0000] {spark_submit.py:521} INFO - 25/08/12 13:57:57 INFO StandaloneAppClient$ClientEndpoint: Connecting to master spark://spark-master:7077...
[2025-08-12T13:57:57.601+0000] {spark_submit.py:521} INFO - 25/08/12 13:57:57 INFO TransportClientFactory: Successfully created connection to spark-master/172.18.0.2:7077 after 20 ms (0 ms spent in bootstraps)
[2025-08-12T13:57:57.709+0000] {spark_submit.py:521} INFO - 25/08/12 13:57:57 INFO StandaloneSchedulerBackend: Connected to Spark cluster with app ID app-20250812135757-0005
[2025-08-12T13:57:57.723+0000] {spark_submit.py:521} INFO - 25/08/12 13:57:57 INFO Utils: Successfully started service 'org.apache.spark.network.netty.NettyBlockTransferService' on port 37237.
[2025-08-12T13:57:57.724+0000] {spark_submit.py:521} INFO - 25/08/12 13:57:57 INFO NettyBlockTransferService: Server created on 689c6879ed29:37237
[2025-08-12T13:57:57.726+0000] {spark_submit.py:521} INFO - 25/08/12 13:57:57 INFO BlockManager: Using org.apache.spark.storage.RandomBlockReplicationPolicy for block replication policy
[2025-08-12T13:57:57.738+0000] {spark_submit.py:521} INFO - 25/08/12 13:57:57 INFO StandaloneAppClient$ClientEndpoint: Executor added: app-20250812135757-0005/0 on worker-20250812092328-172.18.0.6-41565 (172.18.0.6:41565) with 2 core(s)
[2025-08-12T13:57:57.740+0000] {spark_submit.py:521} INFO - 25/08/12 13:57:57 INFO BlockManagerMaster: Registering BlockManager BlockManagerId(driver, 689c6879ed29, 37237, None)
[2025-08-12T13:57:57.741+0000] {spark_submit.py:521} INFO - 25/08/12 13:57:57 INFO StandaloneSchedulerBackend: Granted executor ID app-20250812135757-0005/0 on hostPort 172.18.0.6:41565 with 2 core(s), 1024.0 MiB RAM
[2025-08-12T13:57:57.744+0000] {spark_submit.py:521} INFO - 25/08/12 13:57:57 INFO BlockManagerMasterEndpoint: Registering block manager 689c6879ed29:37237 with 434.4 MiB RAM, BlockManagerId(driver, 689c6879ed29, 37237, None)
[2025-08-12T13:57:57.747+0000] {spark_submit.py:521} INFO - 25/08/12 13:57:57 INFO BlockManagerMaster: Registered BlockManager BlockManagerId(driver, 689c6879ed29, 37237, None)
[2025-08-12T13:57:57.749+0000] {spark_submit.py:521} INFO - 25/08/12 13:57:57 INFO BlockManager: Initialized BlockManager: BlockManagerId(driver, 689c6879ed29, 37237, None)
[2025-08-12T13:57:57.913+0000] {spark_submit.py:521} INFO - 25/08/12 13:57:57 INFO StandaloneSchedulerBackend: SchedulerBackend is ready for scheduling beginning after reached minRegisteredResourcesRatio: 0.0
[2025-08-12T13:57:59.172+0000] {spark_submit.py:521} INFO - 25/08/12 13:57:59 INFO StandaloneAppClient$ClientEndpoint: Executor updated: app-20250812135757-0005/0 is now RUNNING
[2025-08-12T13:58:00.440+0000] {spark_submit.py:521} INFO - 25/08/12 13:58:00 INFO SharedState: Setting hive.metastore.warehouse.dir ('null') to the value of spark.sql.warehouse.dir.
[2025-08-12T13:58:00.442+0000] {spark_submit.py:521} INFO - 25/08/12 13:58:00 INFO SharedState: Warehouse path is 'file:/opt/***/spark-warehouse'.
[2025-08-12T13:58:02.639+0000] {spark_submit.py:521} INFO - 25/08/12 13:58:02 INFO StandaloneSchedulerBackend$StandaloneDriverEndpoint: Registered executor NettyRpcEndpointRef(spark-client://Executor) (172.18.0.6:60216) with ID 0, ResourceProfileId 0
[2025-08-12T13:58:02.774+0000] {spark_submit.py:521} INFO - 25/08/12 13:58:02 INFO BlockManagerMasterEndpoint: Registering block manager 172.18.0.6:43809 with 434.4 MiB RAM, BlockManagerId(0, 172.18.0.6, 43809, None)
[2025-08-12T13:58:02.993+0000] {spark_submit.py:521} INFO - 25/08/12 13:58:02 WARN FileStreamSink: Assume no metadata directory. Error while looking for metadata directory in the path: gs://job_gcp/silvertopcv/topcv_jobs.parquet.
[2025-08-12T13:58:02.995+0000] {spark_submit.py:521} INFO - java.io.FileNotFoundException: File not found: gs://job_gcp/silvertopcv/topcv_jobs.parquet
[2025-08-12T13:58:02.995+0000] {spark_submit.py:521} INFO - at com.google.cloud.hadoop.fs.gcs.GoogleHadoopFileSystemBase.getFileStatus(GoogleHadoopFileSystemBase.java:961)
[2025-08-12T13:58:02.996+0000] {spark_submit.py:521} INFO - at org.apache.spark.sql.execution.streaming.FileStreamSink$.hasMetadata(FileStreamSink.scala:56)
[2025-08-12T13:58:02.996+0000] {spark_submit.py:521} INFO - at org.apache.spark.sql.execution.datasources.DataSource.resolveRelation(DataSource.scala:381)
[2025-08-12T13:58:02.996+0000] {spark_submit.py:521} INFO - at org.apache.spark.sql.catalyst.analysis.ResolveDataSource.org$apache$spark$sql$catalyst$analysis$ResolveDataSource$$loadV1BatchSource(ResolveDataSource.scala:143)
[2025-08-12T13:58:02.997+0000] {spark_submit.py:521} INFO - at org.apache.spark.sql.catalyst.analysis.ResolveDataSource$$anonfun$apply$1.$anonfun$applyOrElse$2(ResolveDataSource.scala:61)
[2025-08-12T13:58:02.997+0000] {spark_submit.py:521} INFO - at scala.Option.getOrElse(Option.scala:201)
[2025-08-12T13:58:02.997+0000] {spark_submit.py:521} INFO - at org.apache.spark.sql.catalyst.analysis.ResolveDataSource$$anonfun$apply$1.applyOrElse(ResolveDataSource.scala:61)
[2025-08-12T13:58:02.998+0000] {spark_submit.py:521} INFO - at org.apache.spark.sql.catalyst.analysis.ResolveDataSource$$anonfun$apply$1.applyOrElse(ResolveDataSource.scala:45)
[2025-08-12T13:58:02.998+0000] {spark_submit.py:521} INFO - at org.apache.spark.sql.catalyst.plans.logical.AnalysisHelper.$anonfun$resolveOperatorsUpWithPruning$3(AnalysisHelper.scala:139)
[2025-08-12T13:58:02.999+0000] {spark_submit.py:521} INFO - at org.apache.spark.sql.catalyst.trees.CurrentOrigin$.withOrigin(origin.scala:86)
[2025-08-12T13:58:02.999+0000] {spark_submit.py:521} INFO - at org.apache.spark.sql.catalyst.plans.logical.AnalysisHelper.$anonfun$resolveOperatorsUpWithPruning$1(AnalysisHelper.scala:139)
[2025-08-12T13:58:02.999+0000] {spark_submit.py:521} INFO - at org.apache.spark.sql.catalyst.plans.logical.AnalysisHelper$.allowInvokingTransformsInAnalyzer(AnalysisHelper.scala:416)
[2025-08-12T13:58:03.000+0000] {spark_submit.py:521} INFO - at org.apache.spark.sql.catalyst.plans.logical.AnalysisHelper.resolveOperatorsUpWithPruning(AnalysisHelper.scala:135)
[2025-08-12T13:58:03.000+0000] {spark_submit.py:521} INFO - at org.apache.spark.sql.catalyst.plans.logical.AnalysisHelper.resolveOperatorsUpWithPruning$(AnalysisHelper.scala:131)
[2025-08-12T13:58:03.001+0000] {spark_submit.py:521} INFO - at org.apache.spark.sql.catalyst.plans.logical.LogicalPlan.resolveOperatorsUpWithPruning(LogicalPlan.scala:37)
[2025-08-12T13:58:03.001+0000] {spark_submit.py:521} INFO - at org.apache.spark.sql.catalyst.plans.logical.AnalysisHelper.resolveOperatorsUp(AnalysisHelper.scala:112)
[2025-08-12T13:58:03.002+0000] {spark_submit.py:521} INFO - at org.apache.spark.sql.catalyst.plans.logical.AnalysisHelper.resolveOperatorsUp$(AnalysisHelper.scala:111)
[2025-08-12T13:58:03.002+0000] {spark_submit.py:521} INFO - at org.apache.spark.sql.catalyst.plans.logical.LogicalPlan.resolveOperatorsUp(LogicalPlan.scala:37)
[2025-08-12T13:58:03.002+0000] {spark_submit.py:521} INFO - at org.apache.spark.sql.catalyst.analysis.ResolveDataSource.apply(ResolveDataSource.scala:45)
[2025-08-12T13:58:03.002+0000] {spark_submit.py:521} INFO - at org.apache.spark.sql.catalyst.analysis.ResolveDataSource.apply(ResolveDataSource.scala:43)
[2025-08-12T13:58:03.003+0000] {spark_submit.py:521} INFO - at org.apache.spark.sql.catalyst.rules.RuleExecutor.$anonfun$execute$2(RuleExecutor.scala:242)
[2025-08-12T13:58:03.003+0000] {spark_submit.py:521} INFO - at scala.collection.LinearSeqOps.foldLeft(LinearSeq.scala:183)
[2025-08-12T13:58:03.003+0000] {spark_submit.py:521} INFO - at scala.collection.LinearSeqOps.foldLeft$(LinearSeq.scala:179)
[2025-08-12T13:58:03.004+0000] {spark_submit.py:521} INFO - at scala.collection.immutable.List.foldLeft(List.scala:79)
[2025-08-12T13:58:03.004+0000] {spark_submit.py:521} INFO - at org.apache.spark.sql.catalyst.rules.RuleExecutor.$anonfun$execute$1(RuleExecutor.scala:239)
[2025-08-12T13:58:03.004+0000] {spark_submit.py:521} INFO - at org.apache.spark.sql.catalyst.rules.RuleExecutor.$anonfun$execute$1$adapted(RuleExecutor.scala:231)
[2025-08-12T13:58:03.005+0000] {spark_submit.py:521} INFO - at scala.collection.immutable.List.foreach(List.scala:334)
[2025-08-12T13:58:03.005+0000] {spark_submit.py:521} INFO - at org.apache.spark.sql.catalyst.rules.RuleExecutor.execute(RuleExecutor.scala:231)
[2025-08-12T13:58:03.005+0000] {spark_submit.py:521} INFO - at org.apache.spark.sql.catalyst.analysis.Analyzer.org$apache$spark$sql$catalyst$analysis$Analyzer$$executeSameContext(Analyzer.scala:290)
[2025-08-12T13:58:03.006+0000] {spark_submit.py:521} INFO - at org.apache.spark.sql.catalyst.analysis.Analyzer.$anonfun$execute$1(Analyzer.scala:286)
[2025-08-12T13:58:03.006+0000] {spark_submit.py:521} INFO - at org.apache.spark.sql.catalyst.analysis.AnalysisContext$.withNewAnalysisContext(Analyzer.scala:234)
[2025-08-12T13:58:03.006+0000] {spark_submit.py:521} INFO - at org.apache.spark.sql.catalyst.analysis.Analyzer.execute(Analyzer.scala:286)
[2025-08-12T13:58:03.007+0000] {spark_submit.py:521} INFO - at org.apache.spark.sql.catalyst.analysis.Analyzer.execute(Analyzer.scala:249)
[2025-08-12T13:58:03.007+0000] {spark_submit.py:521} INFO - at org.apache.spark.sql.catalyst.rules.RuleExecutor.$anonfun$executeAndTrack$1(RuleExecutor.scala:201)
[2025-08-12T13:58:03.007+0000] {spark_submit.py:521} INFO - at org.apache.spark.sql.catalyst.QueryPlanningTracker$.withTracker(QueryPlanningTracker.scala:89)
[2025-08-12T13:58:03.008+0000] {spark_submit.py:521} INFO - at org.apache.spark.sql.catalyst.rules.RuleExecutor.executeAndTrack(RuleExecutor.scala:201)
[2025-08-12T13:58:03.008+0000] {spark_submit.py:521} INFO - at org.apache.spark.sql.catalyst.analysis.resolver.HybridAnalyzer.resolveInFixedPoint(HybridAnalyzer.scala:190)
[2025-08-12T13:58:03.009+0000] {spark_submit.py:521} INFO - at org.apache.spark.sql.catalyst.analysis.resolver.HybridAnalyzer.$anonfun$apply$1(HybridAnalyzer.scala:76)
[2025-08-12T13:58:03.009+0000] {spark_submit.py:521} INFO - at org.apache.spark.sql.catalyst.analysis.resolver.HybridAnalyzer.withTrackedAnalyzerBridgeState(HybridAnalyzer.scala:111)
[2025-08-12T13:58:03.010+0000] {spark_submit.py:521} INFO - at org.apache.spark.sql.catalyst.analysis.resolver.HybridAnalyzer.apply(HybridAnalyzer.scala:71)
[2025-08-12T13:58:03.010+0000] {spark_submit.py:521} INFO - at org.apache.spark.sql.catalyst.analysis.Analyzer.$anonfun$executeAndCheck$1(Analyzer.scala:280)
[2025-08-12T13:58:03.010+0000] {spark_submit.py:521} INFO - at org.apache.spark.sql.catalyst.plans.logical.AnalysisHelper$.markInAnalyzer(AnalysisHelper.scala:423)
[2025-08-12T13:58:03.011+0000] {spark_submit.py:521} INFO - at org.apache.spark.sql.catalyst.analysis.Analyzer.executeAndCheck(Analyzer.scala:280)
[2025-08-12T13:58:03.011+0000] {spark_submit.py:521} INFO - at org.apache.spark.sql.execution.QueryExecution.$anonfun$lazyAnalyzed$2(QueryExecution.scala:110)
[2025-08-12T13:58:03.011+0000] {spark_submit.py:521} INFO - at org.apache.spark.sql.catalyst.QueryPlanningTracker.measurePhase(QueryPlanningTracker.scala:148)
[2025-08-12T13:58:03.012+0000] {spark_submit.py:521} INFO - at org.apache.spark.sql.execution.QueryExecution.$anonfun$executePhase$2(QueryExecution.scala:278)
[2025-08-12T13:58:03.012+0000] {spark_submit.py:521} INFO - at org.apache.spark.sql.execution.QueryExecution$.withInternalError(QueryExecution.scala:654)
[2025-08-12T13:58:03.012+0000] {spark_submit.py:521} INFO - at org.apache.spark.sql.execution.QueryExecution.$anonfun$executePhase$1(QueryExecution.scala:278)
[2025-08-12T13:58:03.013+0000] {spark_submit.py:521} INFO - at org.apache.spark.sql.SparkSession.withActive(SparkSession.scala:804)
[2025-08-12T13:58:03.013+0000] {spark_submit.py:521} INFO - at org.apache.spark.sql.execution.QueryExecution.executePhase(QueryExecution.scala:277)
[2025-08-12T13:58:03.013+0000] {spark_submit.py:521} INFO - at org.apache.spark.sql.execution.QueryExecution.$anonfun$lazyAnalyzed$1(QueryExecution.scala:110)
[2025-08-12T13:58:03.014+0000] {spark_submit.py:521} INFO - at scala.util.Try$.apply(Try.scala:217)
[2025-08-12T13:58:03.014+0000] {spark_submit.py:521} INFO - at org.apache.spark.util.Utils$.doTryWithCallerStacktrace(Utils.scala:1378)
[2025-08-12T13:58:03.014+0000] {spark_submit.py:521} INFO - at org.apache.spark.util.LazyTry.tryT$lzycompute(LazyTry.scala:46)
[2025-08-12T13:58:03.015+0000] {spark_submit.py:521} INFO - at org.apache.spark.util.LazyTry.tryT(LazyTry.scala:46)
[2025-08-12T13:58:03.015+0000] {spark_submit.py:521} INFO - at org.apache.spark.util.LazyTry.get(LazyTry.scala:58)
[2025-08-12T13:58:03.015+0000] {spark_submit.py:521} INFO - at org.apache.spark.sql.execution.QueryExecution.analyzed(QueryExecution.scala:121)
[2025-08-12T13:58:03.015+0000] {spark_submit.py:521} INFO - at org.apache.spark.sql.execution.QueryExecution.assertAnalyzed(QueryExecution.scala:80)
[2025-08-12T13:58:03.016+0000] {spark_submit.py:521} INFO - at org.apache.spark.sql.classic.Dataset$.$anonfun$ofRows$1(Dataset.scala:115)
[2025-08-12T13:58:03.016+0000] {spark_submit.py:521} INFO - at org.apache.spark.sql.SparkSession.withActive(SparkSession.scala:804)
[2025-08-12T13:58:03.016+0000] {spark_submit.py:521} INFO - at org.apache.spark.sql.classic.Dataset$.ofRows(Dataset.scala:113)
[2025-08-12T13:58:03.017+0000] {spark_submit.py:521} INFO - at org.apache.spark.sql.classic.DataFrameReader.load(DataFrameReader.scala:109)
[2025-08-12T13:58:03.017+0000] {spark_submit.py:521} INFO - at org.apache.spark.sql.classic.DataFrameReader.load(DataFrameReader.scala:58)
[2025-08-12T13:58:03.017+0000] {spark_submit.py:521} INFO - at org.apache.spark.sql.DataFrameReader.parquet(DataFrameReader.scala:457)
[2025-08-12T13:58:03.018+0000] {spark_submit.py:521} INFO - at org.apache.spark.sql.classic.DataFrameReader.parquet(DataFrameReader.scala:306)
[2025-08-12T13:58:03.018+0000] {spark_submit.py:521} INFO - at org.apache.spark.sql.classic.DataFrameReader.parquet(DataFrameReader.scala:58)
[2025-08-12T13:58:03.018+0000] {spark_submit.py:521} INFO - at java.base/jdk.internal.reflect.NativeMethodAccessorImpl.invoke0(Native Method)
[2025-08-12T13:58:03.018+0000] {spark_submit.py:521} INFO - at java.base/jdk.internal.reflect.NativeMethodAccessorImpl.invoke(NativeMethodAccessorImpl.java:77)
[2025-08-12T13:58:03.019+0000] {spark_submit.py:521} INFO - at java.base/jdk.internal.reflect.DelegatingMethodAccessorImpl.invoke(DelegatingMethodAccessorImpl.java:43)
[2025-08-12T13:58:03.019+0000] {spark_submit.py:521} INFO - at java.base/java.lang.reflect.Method.invoke(Method.java:569)
[2025-08-12T13:58:03.019+0000] {spark_submit.py:521} INFO - at py4j.reflection.MethodInvoker.invoke(MethodInvoker.java:244)
[2025-08-12T13:58:03.020+0000] {spark_submit.py:521} INFO - at py4j.reflection.ReflectionEngine.invoke(ReflectionEngine.java:374)
[2025-08-12T13:58:03.020+0000] {spark_submit.py:521} INFO - at py4j.Gateway.invoke(Gateway.java:282)
[2025-08-12T13:58:03.020+0000] {spark_submit.py:521} INFO - at py4j.commands.AbstractCommand.invokeMethod(AbstractCommand.java:132)
[2025-08-12T13:58:03.020+0000] {spark_submit.py:521} INFO - at py4j.commands.CallCommand.execute(CallCommand.java:79)
[2025-08-12T13:58:03.021+0000] {spark_submit.py:521} INFO - at py4j.ClientServerConnection.waitForCommands(ClientServerConnection.java:184)
[2025-08-12T13:58:03.021+0000] {spark_submit.py:521} INFO - at py4j.ClientServerConnection.run(ClientServerConnection.java:108)
[2025-08-12T13:58:03.021+0000] {spark_submit.py:521} INFO - at java.base/java.lang.Thread.run(Thread.java:840)
[2025-08-12T13:58:03.220+0000] {spark_submit.py:521} INFO - Traceback (most recent call last):
[2025-08-12T13:58:03.220+0000] {spark_submit.py:521} INFO - File "/opt/spark-jobs/gold.transfrom.py", line 6, in <module>
[2025-08-12T13:58:03.222+0000] {spark_submit.py:521} INFO - df1 = spark.read.parquet("gs://job_gcp/silvertopcv/topcv_jobs.parquet")
[2025-08-12T13:58:03.222+0000] {spark_submit.py:521} INFO - ^^^^^^^^^^^^^^^^^^^^^^^^^^^^^^^^^^^^^^^^^^^^^^^^^^^^^^^^^^^^^^^^^
[2025-08-12T13:58:03.222+0000] {spark_submit.py:521} INFO - File "/home/***/.local/lib/python3.11/site-packages/pyspark/python/lib/pyspark.zip/pyspark/sql/readwriter.py", line 642, in parquet
[2025-08-12T13:58:03.223+0000] {spark_submit.py:521} INFO - File "/home/***/.local/lib/python3.11/site-packages/pyspark/python/lib/py4j-0.10.9.9-src.zip/py4j/java_gateway.py", line 1362, in __call__
[2025-08-12T13:58:03.223+0000] {spark_submit.py:521} INFO - File "/home/***/.local/lib/python3.11/site-packages/pyspark/python/lib/pyspark.zip/pyspark/errors/exceptions/captured.py", line 288, in deco
[2025-08-12T13:58:03.227+0000] {spark_submit.py:521} INFO - pyspark.errors.exceptions.captured.AnalysisException: [PATH_NOT_FOUND] Path does not exist: gs://job_gcp/silvertopcv/topcv_jobs.parquet. SQLSTATE: 42K03
[2025-08-12T13:58:03.375+0000] {spark_submit.py:521} INFO - 25/08/12 13:58:03 INFO SparkContext: Invoking stop() from shutdown hook
[2025-08-12T13:58:03.377+0000] {spark_submit.py:521} INFO - 25/08/12 13:58:03 INFO SparkContext: SparkContext is stopping with exitCode 0 from run at Executors.java:539.
[2025-08-12T13:58:03.393+0000] {spark_submit.py:521} INFO - 25/08/12 13:58:03 INFO SparkUI: Stopped Spark web UI at http://689c6879ed29:4040
[2025-08-12T13:58:03.398+0000] {spark_submit.py:521} INFO - 25/08/12 13:58:03 INFO StandaloneSchedulerBackend: Shutting down all executors
[2025-08-12T13:58:03.399+0000] {spark_submit.py:521} INFO - 25/08/12 13:58:03 INFO StandaloneSchedulerBackend$StandaloneDriverEndpoint: Asking each executor to shut down
[2025-08-12T13:58:03.419+0000] {spark_submit.py:521} INFO - 25/08/12 13:58:03 INFO MapOutputTrackerMasterEndpoint: MapOutputTrackerMasterEndpoint stopped!
[2025-08-12T13:58:03.457+0000] {spark_submit.py:521} INFO - 25/08/12 13:58:03 INFO MemoryStore: MemoryStore started with capacity 434.4 MiB
[2025-08-12T13:58:03.459+0000] {spark_submit.py:521} INFO - 25/08/12 13:58:03 INFO MemoryStore: MemoryStore cleared
[2025-08-12T13:58:03.459+0000] {spark_submit.py:521} INFO - 25/08/12 13:58:03 INFO BlockManager: BlockManager stopped
[2025-08-12T13:58:03.465+0000] {spark_submit.py:521} INFO - 25/08/12 13:58:03 WARN Dispatcher: Message RequestMessage(172.18.0.6:60216, NettyRpcEndpointRef(spark://CoarseGrainedScheduler@689c6879ed29:39877), LaunchedExecutor(0)) dropped due to sparkEnv is stopped. Could not find CoarseGrainedScheduler.
[2025-08-12T13:58:03.468+0000] {spark_submit.py:521} INFO - 25/08/12 13:58:03 INFO BlockManagerMaster: BlockManagerMaster stopped
[2025-08-12T13:58:03.472+0000] {spark_submit.py:521} INFO - 25/08/12 13:58:03 INFO OutputCommitCoordinator$OutputCommitCoordinatorEndpoint: OutputCommitCoordinator stopped!
[2025-08-12T13:58:03.488+0000] {spark_submit.py:521} INFO - 25/08/12 13:58:03 INFO SparkContext: Successfully stopped SparkContext
[2025-08-12T13:58:03.488+0000] {spark_submit.py:521} INFO - 25/08/12 13:58:03 INFO ShutdownHookManager: Shutdown hook called
[2025-08-12T13:58:03.488+0000] {spark_submit.py:521} INFO - 25/08/12 13:58:03 INFO ShutdownHookManager: Deleting directory /tmp/spark-ce29afa5-df2c-4364-92fa-4a11bfbdf44a
[2025-08-12T13:58:03.494+0000] {spark_submit.py:521} INFO - 25/08/12 13:58:03 INFO ShutdownHookManager: Deleting directory /tmp/spark-ce29afa5-df2c-4364-92fa-4a11bfbdf44a/pyspark-1a323465-94ab-4177-a331-b8896ed9d970
[2025-08-12T13:58:03.501+0000] {spark_submit.py:521} INFO - 25/08/12 13:58:03 INFO ShutdownHookManager: Deleting directory /tmp/spark-afecf25d-2c54-46b1-98ff-e52760f81011
[2025-08-12T13:58:03.533+0000] {spark_submit.py:521} INFO - 25/08/12 13:58:03 INFO ShutdownHookManager: Deleting directory /opt/***/artifacts/spark-a62d5db8-1ed1-418b-9fd2-b4477f8ebb12
[2025-08-12T13:58:03.591+0000] {taskinstance.py:441} INFO - ::group::Post task execution logs
[2025-08-12T13:58:03.606+0000] {taskinstance.py:2905} ERROR - Task failed with exception
Traceback (most recent call last):
  File "/home/airflow/.local/lib/python3.11/site-packages/airflow/models/taskinstance.py", line 465, in _execute_task
    result = _execute_callable(context=context, **execute_callable_kwargs)
             ^^^^^^^^^^^^^^^^^^^^^^^^^^^^^^^^^^^^^^^^^^^^^^^^^^^^^^^^^^^^^
  File "/home/airflow/.local/lib/python3.11/site-packages/airflow/models/taskinstance.py", line 432, in _execute_callable
    return execute_callable(context=context, **execute_callable_kwargs)
           ^^^^^^^^^^^^^^^^^^^^^^^^^^^^^^^^^^^^^^^^^^^^^^^^^^^^^^^^^^^^
  File "/home/airflow/.local/lib/python3.11/site-packages/airflow/models/baseoperator.py", line 400, in wrapper
    return func(self, *args, **kwargs)
           ^^^^^^^^^^^^^^^^^^^^^^^^^^^
  File "/home/airflow/.local/lib/python3.11/site-packages/airflow/providers/apache/spark/operators/spark_submit.py", line 156, in execute
    self._hook.submit(self._application)
  File "/home/airflow/.local/lib/python3.11/site-packages/airflow/providers/apache/spark/hooks/spark_submit.py", line 452, in submit
    raise AirflowException(
airflow.exceptions.AirflowException: Cannot execute: spark-submit --master spark://spark-master:7077 --conf spark.master=spark://spark-master:7077 --conf spark.driver.extraClassPath=/opt/custom-jars/* --conf spark.executor.extraClassPath=/opt/custom-jars/* --conf spark.hadoop.fs.gs.impl=com.google.cloud.hadoop.fs.gcs.GoogleHadoopFileSystem --conf spark.hadoop.fs.AbstractFileSystem.gs.impl=com.google.cloud.hadoop.fs.gcs.GoogleHadoopFS --conf spark.hadoop.google.cloud.auth.service.account.enable=true --conf spark.hadoop.google.cloud.auth.service.account.json.keyfile=/opt/***/gcp-key.json --jars /opt/custom-jars/gcs-connector-hadoop3-2.2.14-shaded.jar --name arrow-spark --verbose /opt/spark-jobs/gold.transfrom.py. Error code is: 1.
[2025-08-12T13:58:03.612+0000] {taskinstance.py:1206} INFO - Marking task as FAILED. dag_id=spark_transform_pipeline, task_id=gold_transform, run_id=manual__2025-08-12T13:56:07.959532+00:00, execution_date=20250812T135607, start_date=20250812T135752, end_date=20250812T135803
[2025-08-12T13:58:03.630+0000] {standard_task_runner.py:110} ERROR - Failed to execute job 62 for task gold_transform (Cannot execute: spark-submit --master spark://spark-master:7077 --conf spark.master=spark://spark-master:7077 --conf spark.driver.extraClassPath=/opt/custom-jars/* --conf spark.executor.extraClassPath=/opt/custom-jars/* --conf spark.hadoop.fs.gs.impl=com.google.cloud.hadoop.fs.gcs.GoogleHadoopFileSystem --conf spark.hadoop.fs.AbstractFileSystem.gs.impl=com.google.cloud.hadoop.fs.gcs.GoogleHadoopFS --conf spark.hadoop.google.cloud.auth.service.account.enable=true --conf spark.hadoop.google.cloud.auth.service.account.json.keyfile=/opt/***/gcp-key.json --jars /opt/custom-jars/gcs-connector-hadoop3-2.2.14-shaded.jar --name arrow-spark --verbose /opt/spark-jobs/gold.transfrom.py. Error code is: 1.; 2512)
[2025-08-12T13:58:03.657+0000] {local_task_job_runner.py:240} INFO - Task exited with return code 1
[2025-08-12T13:58:03.672+0000] {taskinstance.py:3498} INFO - 0 downstream tasks scheduled from follow-on schedule check
[2025-08-12T13:58:03.674+0000] {local_task_job_runner.py:222} INFO - ::endgroup::
