[2025-08-15T06:32:52.405+0000] {local_task_job_runner.py:120} INFO - ::group::Pre task execution logs
[2025-08-15T06:32:52.432+0000] {taskinstance.py:2076} INFO - Dependencies all met for dep_context=non-requeueable deps ti=<TaskInstance: spark_transform_pipeline.silver_group.silver_topcv_transform manual__2025-08-15T06:32:48.751255+00:00 [queued]>
[2025-08-15T06:32:52.446+0000] {taskinstance.py:2076} INFO - Dependencies all met for dep_context=requeueable deps ti=<TaskInstance: spark_transform_pipeline.silver_group.silver_topcv_transform manual__2025-08-15T06:32:48.751255+00:00 [queued]>
[2025-08-15T06:32:52.447+0000] {taskinstance.py:2306} INFO - Starting attempt 1 of 1
[2025-08-15T06:32:52.458+0000] {taskinstance.py:2330} INFO - Executing <Task(SparkSubmitOperator): silver_group.silver_topcv_transform> on 2025-08-15 06:32:48.751255+00:00
[2025-08-15T06:32:52.464+0000] {standard_task_runner.py:63} INFO - Started process 50 to run task
[2025-08-15T06:32:52.469+0000] {standard_task_runner.py:90} INFO - Running: ['***', 'tasks', 'run', 'spark_transform_pipeline', 'silver_group.silver_topcv_transform', 'manual__2025-08-15T06:32:48.751255+00:00', '--job-id', '206', '--raw', '--subdir', 'DAGS_FOLDER/etl_jobs_dag.py', '--cfg-path', '/tmp/tmpt6igcgj0']
[2025-08-15T06:32:52.471+0000] {standard_task_runner.py:91} INFO - Job 206: Subtask silver_group.silver_topcv_transform
[2025-08-15T06:32:52.536+0000] {task_command.py:426} INFO - Running <TaskInstance: spark_transform_pipeline.silver_group.silver_topcv_transform manual__2025-08-15T06:32:48.751255+00:00 [running]> on host 37fa492a6efe
[2025-08-15T06:32:52.653+0000] {taskinstance.py:2648} INFO - Exporting env vars: AIRFLOW_CTX_DAG_OWNER='***' AIRFLOW_CTX_DAG_ID='spark_transform_pipeline' AIRFLOW_CTX_TASK_ID='silver_group.silver_topcv_transform' AIRFLOW_CTX_EXECUTION_DATE='2025-08-15T06:32:48.751255+00:00' AIRFLOW_CTX_TRY_NUMBER='1' AIRFLOW_CTX_DAG_RUN_ID='manual__2025-08-15T06:32:48.751255+00:00'
[2025-08-15T06:32:52.654+0000] {taskinstance.py:430} INFO - ::endgroup::
[2025-08-15T06:32:52.709+0000] {base.py:84} INFO - Using connection ID 'spark_default' for task execution.
[2025-08-15T06:32:52.712+0000] {spark_submit.py:351} INFO - Spark-Submit cmd: spark-submit --master spark://spark-master:7077 --conf spark.master=spark://spark-master:7077 --conf spark.driver.extraClassPath=/opt/custom-jars/* --conf spark.executor.extraClassPath=/opt/custom-jars/* --conf spark.hadoop.fs.gs.impl=com.google.cloud.hadoop.fs.gcs.GoogleHadoopFileSystem --conf spark.hadoop.fs.AbstractFileSystem.gs.impl=com.google.cloud.hadoop.fs.gcs.GoogleHadoopFS --conf spark.hadoop.google.cloud.auth.service.account.enable=true --conf spark.hadoop.google.cloud.auth.service.account.json.keyfile=/opt/***/gcp-key.json --jars /opt/custom-jars/gcs-connector-hadoop3-2.2.14-shaded.jar --name arrow-spark --verbose /opt/spark-jobs/transform/silver_topcv_transform.py
[2025-08-15T06:32:53.751+0000] {spark_submit.py:521} INFO - WARNING: Using incubator modules: jdk.incubator.vector
[2025-08-15T06:32:55.814+0000] {spark_submit.py:521} INFO - Parsed arguments:
[2025-08-15T06:32:55.815+0000] {spark_submit.py:521} INFO - master                  spark://spark-master:7077
[2025-08-15T06:32:55.815+0000] {spark_submit.py:521} INFO - remote                  null
[2025-08-15T06:32:55.816+0000] {spark_submit.py:521} INFO - deployMode              null
[2025-08-15T06:32:55.817+0000] {spark_submit.py:521} INFO - executorMemory          null
[2025-08-15T06:32:55.817+0000] {spark_submit.py:521} INFO - executorCores           null
[2025-08-15T06:32:55.818+0000] {spark_submit.py:521} INFO - totalExecutorCores      null
[2025-08-15T06:32:55.818+0000] {spark_submit.py:521} INFO - propertiesFile          null
[2025-08-15T06:32:55.818+0000] {spark_submit.py:521} INFO - driverMemory            null
[2025-08-15T06:32:55.819+0000] {spark_submit.py:521} INFO - driverCores             null
[2025-08-15T06:32:55.819+0000] {spark_submit.py:521} INFO - driverExtraClassPath    /opt/custom-jars/*
[2025-08-15T06:32:55.820+0000] {spark_submit.py:521} INFO - driverExtraLibraryPath  null
[2025-08-15T06:32:55.820+0000] {spark_submit.py:521} INFO - driverExtraJavaOptions  null
[2025-08-15T06:32:55.821+0000] {spark_submit.py:521} INFO - supervise               false
[2025-08-15T06:32:55.822+0000] {spark_submit.py:521} INFO - queue                   null
[2025-08-15T06:32:55.822+0000] {spark_submit.py:521} INFO - numExecutors            null
[2025-08-15T06:32:55.822+0000] {spark_submit.py:521} INFO - files                   null
[2025-08-15T06:32:55.823+0000] {spark_submit.py:521} INFO - pyFiles                 null
[2025-08-15T06:32:55.823+0000] {spark_submit.py:521} INFO - archives                null
[2025-08-15T06:32:55.824+0000] {spark_submit.py:521} INFO - mainClass               null
[2025-08-15T06:32:55.824+0000] {spark_submit.py:521} INFO - primaryResource         file:/opt/spark-jobs/transform/silver_topcv_transform.py
[2025-08-15T06:32:55.825+0000] {spark_submit.py:521} INFO - name                    arrow-spark
[2025-08-15T06:32:55.825+0000] {spark_submit.py:521} INFO - childArgs               []
[2025-08-15T06:32:55.825+0000] {spark_submit.py:521} INFO - jars                    file:/opt/custom-jars/gcs-connector-hadoop3-2.2.14-shaded.jar
[2025-08-15T06:32:55.826+0000] {spark_submit.py:521} INFO - packages                null
[2025-08-15T06:32:55.826+0000] {spark_submit.py:521} INFO - packagesExclusions      null
[2025-08-15T06:32:55.826+0000] {spark_submit.py:521} INFO - repositories            null
[2025-08-15T06:32:55.827+0000] {spark_submit.py:521} INFO - verbose                 true
[2025-08-15T06:32:55.830+0000] {spark_submit.py:521} INFO - 
[2025-08-15T06:32:55.838+0000] {spark_submit.py:521} INFO - Spark properties used, including those specified through
[2025-08-15T06:32:55.840+0000] {spark_submit.py:521} INFO - --conf and those from the properties file null:
[2025-08-15T06:32:55.841+0000] {spark_submit.py:521} INFO - (spark.driver.extraClassPath,/opt/custom-jars/*)
[2025-08-15T06:32:55.842+0000] {spark_submit.py:521} INFO - (spark.executor.extraClassPath,/opt/custom-jars/*)
[2025-08-15T06:32:55.842+0000] {spark_submit.py:521} INFO - (spark.hadoop.fs.AbstractFileSystem.gs.impl,com.google.cloud.hadoop.fs.gcs.GoogleHadoopFS)
[2025-08-15T06:32:55.843+0000] {spark_submit.py:521} INFO - (spark.hadoop.fs.gs.impl,com.google.cloud.hadoop.fs.gcs.GoogleHadoopFileSystem)
[2025-08-15T06:32:55.843+0000] {spark_submit.py:521} INFO - (spark.hadoop.google.cloud.auth.service.account.enable,true)
[2025-08-15T06:32:55.844+0000] {spark_submit.py:521} INFO - (spark.hadoop.google.cloud.auth.service.account.json.keyfile,/opt/***/gcp-key.json)
[2025-08-15T06:32:55.844+0000] {spark_submit.py:521} INFO - (spark.master,spark://spark-master:7077)
[2025-08-15T06:32:55.845+0000] {spark_submit.py:521} INFO - 
[2025-08-15T06:32:55.845+0000] {spark_submit.py:521} INFO - 
[2025-08-15T06:32:56.379+0000] {spark_submit.py:521} INFO - 25/08/15 06:32:56 WARN NativeCodeLoader: Unable to load native-hadoop library for your platform... using builtin-java classes where applicable
[2025-08-15T06:32:57.501+0000] {spark_submit.py:521} INFO - Main class:
[2025-08-15T06:32:57.502+0000] {spark_submit.py:521} INFO - org.apache.spark.deploy.PythonRunner
[2025-08-15T06:32:57.503+0000] {spark_submit.py:521} INFO - Arguments:
[2025-08-15T06:32:57.503+0000] {spark_submit.py:521} INFO - file:/opt/spark-jobs/transform/silver_topcv_transform.py
[2025-08-15T06:32:57.503+0000] {spark_submit.py:521} INFO - null
[2025-08-15T06:32:57.504+0000] {spark_submit.py:521} INFO - Spark config:
[2025-08-15T06:32:57.504+0000] {spark_submit.py:521} INFO - (spark.app.name,arrow-spark)
[2025-08-15T06:32:57.504+0000] {spark_submit.py:521} INFO - (spark.app.submitTime,1755239577481)
[2025-08-15T06:32:57.504+0000] {spark_submit.py:521} INFO - (spark.driver.extraClassPath,/opt/custom-jars/*)
[2025-08-15T06:32:57.505+0000] {spark_submit.py:521} INFO - (spark.executor.extraClassPath,/opt/custom-jars/*)
[2025-08-15T06:32:57.505+0000] {spark_submit.py:521} INFO - (spark.hadoop.fs.AbstractFileSystem.gs.impl,com.google.cloud.hadoop.fs.gcs.GoogleHadoopFS)
[2025-08-15T06:32:57.505+0000] {spark_submit.py:521} INFO - (spark.hadoop.fs.gs.impl,com.google.cloud.hadoop.fs.gcs.GoogleHadoopFileSystem)
[2025-08-15T06:32:57.505+0000] {spark_submit.py:521} INFO - (spark.hadoop.google.cloud.auth.service.account.enable,true)
[2025-08-15T06:32:57.506+0000] {spark_submit.py:521} INFO - (spark.hadoop.google.cloud.auth.service.account.json.keyfile,/opt/***/gcp-key.json)
[2025-08-15T06:32:57.506+0000] {spark_submit.py:521} INFO - (spark.jars,file:///opt/custom-jars/gcs-connector-hadoop3-2.2.14-shaded.jar)
[2025-08-15T06:32:57.506+0000] {spark_submit.py:521} INFO - (spark.master,spark://spark-master:7077)
[2025-08-15T06:32:57.507+0000] {spark_submit.py:521} INFO - (spark.repl.local.jars,file:///opt/custom-jars/gcs-connector-hadoop3-2.2.14-shaded.jar)
[2025-08-15T06:32:57.507+0000] {spark_submit.py:521} INFO - (spark.submit.deployMode,client)
[2025-08-15T06:32:57.509+0000] {spark_submit.py:521} INFO - (spark.submit.pyFiles,)
[2025-08-15T06:32:57.510+0000] {spark_submit.py:521} INFO - Classpath elements:
[2025-08-15T06:32:57.510+0000] {spark_submit.py:521} INFO - file:///opt/custom-jars/gcs-connector-hadoop3-2.2.14-shaded.jar
[2025-08-15T06:32:57.510+0000] {spark_submit.py:521} INFO - 
[2025-08-15T06:32:57.510+0000] {spark_submit.py:521} INFO - 
[2025-08-15T06:33:00.132+0000] {spark_submit.py:521} INFO - Using Spark's default log4j profile: org/apache/spark/log4j2-defaults.properties
[2025-08-15T06:33:00.138+0000] {spark_submit.py:521} INFO - 25/08/15 06:33:00 INFO SparkContext: Running Spark version 4.0.0
[2025-08-15T06:33:00.141+0000] {spark_submit.py:521} INFO - 25/08/15 06:33:00 INFO SparkContext: OS info Linux, 5.15.167.4-microsoft-standard-WSL2, amd64
[2025-08-15T06:33:00.143+0000] {spark_submit.py:521} INFO - 25/08/15 06:33:00 INFO SparkContext: Java version 17.0.16
[2025-08-15T06:33:00.183+0000] {spark_submit.py:521} INFO - 25/08/15 06:33:00 INFO ResourceUtils: ==============================================================
[2025-08-15T06:33:00.183+0000] {spark_submit.py:521} INFO - 25/08/15 06:33:00 INFO ResourceUtils: No custom resources configured for spark.driver.
[2025-08-15T06:33:00.184+0000] {spark_submit.py:521} INFO - 25/08/15 06:33:00 INFO ResourceUtils: ==============================================================
[2025-08-15T06:33:00.185+0000] {spark_submit.py:521} INFO - 25/08/15 06:33:00 INFO SparkContext: Submitted application: silver_topcv_transform
[2025-08-15T06:33:00.228+0000] {spark_submit.py:521} INFO - 25/08/15 06:33:00 INFO ResourceProfile: Default ResourceProfile created, executor resources: Map(memory -> name: memory, amount: 1024, script: , vendor: , offHeap -> name: offHeap, amount: 0, script: , vendor: ), task resources: Map(cpus -> name: cpus, amount: 1.0)
[2025-08-15T06:33:00.232+0000] {spark_submit.py:521} INFO - 25/08/15 06:33:00 INFO ResourceProfile: Limiting resource is cpu
[2025-08-15T06:33:00.233+0000] {spark_submit.py:521} INFO - 25/08/15 06:33:00 INFO ResourceProfileManager: Added ResourceProfile id: 0
[2025-08-15T06:33:00.329+0000] {spark_submit.py:521} INFO - 25/08/15 06:33:00 INFO SecurityManager: Changing view acls to: ***
[2025-08-15T06:33:00.338+0000] {spark_submit.py:521} INFO - 25/08/15 06:33:00 INFO SecurityManager: Changing modify acls to: ***
[2025-08-15T06:33:00.347+0000] {spark_submit.py:521} INFO - 25/08/15 06:33:00 INFO SecurityManager: Changing view acls groups to: ***
[2025-08-15T06:33:00.351+0000] {spark_submit.py:521} INFO - 25/08/15 06:33:00 INFO SecurityManager: Changing modify acls groups to: ***
[2025-08-15T06:33:00.380+0000] {spark_submit.py:521} INFO - 25/08/15 06:33:00 INFO SecurityManager: SecurityManager: authentication disabled; ui acls disabled; users with view permissions: *** groups with view permissions: EMPTY; users with modify permissions: ***; groups with modify permissions: EMPTY; RPC SSL disabled
[2025-08-15T06:33:00.875+0000] {spark_submit.py:521} INFO - 25/08/15 06:33:00 INFO Utils: Successfully started service 'sparkDriver' on port 40095.
[2025-08-15T06:33:00.915+0000] {spark_submit.py:521} INFO - 25/08/15 06:33:00 INFO SparkEnv: Registering MapOutputTracker
[2025-08-15T06:33:00.949+0000] {spark_submit.py:521} INFO - 25/08/15 06:33:00 INFO SparkEnv: Registering BlockManagerMaster
[2025-08-15T06:33:00.977+0000] {spark_submit.py:521} INFO - 25/08/15 06:33:00 INFO BlockManagerMasterEndpoint: Using org.apache.spark.storage.DefaultTopologyMapper for getting topology information
[2025-08-15T06:33:00.978+0000] {spark_submit.py:521} INFO - 25/08/15 06:33:00 INFO BlockManagerMasterEndpoint: BlockManagerMasterEndpoint up
[2025-08-15T06:33:00.985+0000] {spark_submit.py:521} INFO - 25/08/15 06:33:00 INFO SparkEnv: Registering BlockManagerMasterHeartbeat
[2025-08-15T06:33:01.061+0000] {spark_submit.py:521} INFO - 25/08/15 06:33:01 INFO DiskBlockManager: Created local directory at /tmp/blockmgr-8caf11a5-93b1-47cc-b37d-cd34aad94927
[2025-08-15T06:33:01.113+0000] {spark_submit.py:521} INFO - 25/08/15 06:33:01 INFO SparkEnv: Registering OutputCommitCoordinator
[2025-08-15T06:33:01.464+0000] {spark_submit.py:521} INFO - 25/08/15 06:33:01 INFO JettyUtils: Start Jetty 0.0.0.0:4040 for SparkUI
[2025-08-15T06:33:01.590+0000] {spark_submit.py:521} INFO - 25/08/15 06:33:01 INFO Utils: Successfully started service 'SparkUI' on port 4040.
[2025-08-15T06:33:01.634+0000] {spark_submit.py:521} INFO - 25/08/15 06:33:01 INFO SparkContext: Added JAR file:///opt/custom-jars/gcs-connector-hadoop3-2.2.14-shaded.jar at spark://37fa492a6efe:40095/jars/gcs-connector-hadoop3-2.2.14-shaded.jar with timestamp 1755239580119
[2025-08-15T06:33:01.674+0000] {spark_submit.py:521} INFO - 25/08/15 06:33:01 INFO SecurityManager: Changing view acls to: ***
[2025-08-15T06:33:01.675+0000] {spark_submit.py:521} INFO - 25/08/15 06:33:01 INFO SecurityManager: Changing modify acls to: ***
[2025-08-15T06:33:01.676+0000] {spark_submit.py:521} INFO - 25/08/15 06:33:01 INFO SecurityManager: Changing view acls groups to: ***
[2025-08-15T06:33:01.677+0000] {spark_submit.py:521} INFO - 25/08/15 06:33:01 INFO SecurityManager: Changing modify acls groups to: ***
[2025-08-15T06:33:01.677+0000] {spark_submit.py:521} INFO - 25/08/15 06:33:01 INFO SecurityManager: SecurityManager: authentication disabled; ui acls disabled; users with view permissions: *** groups with view permissions: EMPTY; users with modify permissions: ***; groups with modify permissions: EMPTY; RPC SSL disabled
[2025-08-15T06:33:01.954+0000] {spark_submit.py:521} INFO - 25/08/15 06:33:01 INFO StandaloneAppClient$ClientEndpoint: Connecting to master spark://spark-master:7077...
[2025-08-15T06:33:02.043+0000] {spark_submit.py:521} INFO - 25/08/15 06:33:02 INFO TransportClientFactory: Successfully created connection to spark-master/172.18.0.5:7077 after 43 ms (0 ms spent in bootstraps)
[2025-08-15T06:33:04.158+0000] {spark_submit.py:521} INFO - 25/08/15 06:33:04 INFO StandaloneSchedulerBackend: Connected to Spark cluster with app ID app-20250815063303-0000
[2025-08-15T06:33:04.175+0000] {spark_submit.py:521} INFO - 25/08/15 06:33:04 INFO Utils: Successfully started service 'org.apache.spark.network.netty.NettyBlockTransferService' on port 39399.
[2025-08-15T06:33:04.176+0000] {spark_submit.py:521} INFO - 25/08/15 06:33:04 INFO NettyBlockTransferService: Server created on 37fa492a6efe:39399
[2025-08-15T06:33:04.178+0000] {spark_submit.py:521} INFO - 25/08/15 06:33:04 INFO BlockManager: Using org.apache.spark.storage.RandomBlockReplicationPolicy for block replication policy
[2025-08-15T06:33:04.215+0000] {spark_submit.py:521} INFO - 25/08/15 06:33:04 INFO BlockManagerMaster: Registering BlockManager BlockManagerId(driver, 37fa492a6efe, 39399, None)
[2025-08-15T06:33:04.225+0000] {spark_submit.py:521} INFO - 25/08/15 06:33:04 INFO BlockManagerMasterEndpoint: Registering block manager 37fa492a6efe:39399 with 434.4 MiB RAM, BlockManagerId(driver, 37fa492a6efe, 39399, None)
[2025-08-15T06:33:04.227+0000] {spark_submit.py:521} INFO - 25/08/15 06:33:04 INFO BlockManagerMaster: Registered BlockManager BlockManagerId(driver, 37fa492a6efe, 39399, None)
[2025-08-15T06:33:04.229+0000] {spark_submit.py:521} INFO - 25/08/15 06:33:04 INFO BlockManager: Initialized BlockManager: BlockManagerId(driver, 37fa492a6efe, 39399, None)
[2025-08-15T06:33:04.502+0000] {spark_submit.py:521} INFO - 25/08/15 06:33:04 INFO StandaloneSchedulerBackend: SchedulerBackend is ready for scheduling beginning after reached minRegisteredResourcesRatio: 0.0
[2025-08-15T06:33:04.577+0000] {spark_submit.py:521} INFO - 25/08/15 06:33:04 INFO StandaloneAppClient$ClientEndpoint: Executor added: app-20250815063303-0000/0 on worker-20250815021010-172.18.0.2-39495 (172.18.0.2:39495) with 2 core(s)
[2025-08-15T06:33:04.579+0000] {spark_submit.py:521} INFO - 25/08/15 06:33:04 INFO StandaloneSchedulerBackend: Granted executor ID app-20250815063303-0000/0 on hostPort 172.18.0.2:39495 with 2 core(s), 1024.0 MiB RAM
[2025-08-15T06:33:10.343+0000] {spark_submit.py:521} INFO - 25/08/15 06:33:10 INFO SharedState: Setting hive.metastore.warehouse.dir ('null') to the value of spark.sql.warehouse.dir.
[2025-08-15T06:33:10.346+0000] {spark_submit.py:521} INFO - 25/08/15 06:33:10 INFO SharedState: Warehouse path is 'file:/opt/***/spark-warehouse'.
[2025-08-15T06:33:10.658+0000] {spark_submit.py:521} INFO - 25/08/15 06:33:10 INFO StandaloneAppClient$ClientEndpoint: Executor updated: app-20250815063303-0000/0 is now RUNNING
[2025-08-15T06:33:15.469+0000] {spark_submit.py:521} INFO - 25/08/15 06:33:15 INFO InMemoryFileIndex: It took 230 ms to list leaf files for 1 paths.
[2025-08-15T06:33:16.243+0000] {spark_submit.py:521} INFO - 25/08/15 06:33:16 INFO SparkContext: Starting job: parquet at NativeMethodAccessorImpl.java:0
[2025-08-15T06:33:16.289+0000] {spark_submit.py:521} INFO - 25/08/15 06:33:16 INFO DAGScheduler: Got job 0 (parquet at NativeMethodAccessorImpl.java:0) with 1 output partitions
[2025-08-15T06:33:16.301+0000] {spark_submit.py:521} INFO - 25/08/15 06:33:16 INFO DAGScheduler: Final stage: ResultStage 0 (parquet at NativeMethodAccessorImpl.java:0)
[2025-08-15T06:33:16.305+0000] {spark_submit.py:521} INFO - 25/08/15 06:33:16 INFO DAGScheduler: Parents of final stage: List()
[2025-08-15T06:33:16.325+0000] {spark_submit.py:521} INFO - 25/08/15 06:33:16 INFO DAGScheduler: Missing parents: List()
[2025-08-15T06:33:16.351+0000] {spark_submit.py:521} INFO - 25/08/15 06:33:16 INFO DAGScheduler: Submitting ResultStage 0 (MapPartitionsRDD[1] at parquet at NativeMethodAccessorImpl.java:0), which has no missing parents
[2025-08-15T06:33:16.581+0000] {spark_submit.py:521} INFO - 25/08/15 06:33:16 INFO MemoryStore: MemoryStore started with capacity 434.4 MiB
[2025-08-15T06:33:16.671+0000] {spark_submit.py:521} INFO - 25/08/15 06:33:16 INFO MemoryStore: Block broadcast_0 stored as values in memory (estimated size 116.0 KiB, free 434.3 MiB)
[2025-08-15T06:33:16.764+0000] {spark_submit.py:521} INFO - 25/08/15 06:33:16 INFO MemoryStore: Block broadcast_0_piece0 stored as bytes in memory (estimated size 41.8 KiB, free 434.2 MiB)
[2025-08-15T06:33:16.778+0000] {spark_submit.py:521} INFO - 25/08/15 06:33:16 INFO SparkContext: Created broadcast 0 from broadcast at DAGScheduler.scala:1676
[2025-08-15T06:33:16.814+0000] {spark_submit.py:521} INFO - 25/08/15 06:33:16 INFO DAGScheduler: Submitting 1 missing tasks from ResultStage 0 (MapPartitionsRDD[1] at parquet at NativeMethodAccessorImpl.java:0) (first 15 tasks are for partitions Vector(0))
[2025-08-15T06:33:16.835+0000] {spark_submit.py:521} INFO - 25/08/15 06:33:16 INFO TaskSchedulerImpl: Adding task set 0.0 with 1 tasks resource profile 0
[2025-08-15T06:33:18.494+0000] {spark_submit.py:521} INFO - 25/08/15 06:33:18 INFO StandaloneSchedulerBackend$StandaloneDriverEndpoint: Registered executor NettyRpcEndpointRef(spark-client://Executor) (172.18.0.2:48890) with ID 0, ResourceProfileId 0
[2025-08-15T06:33:18.906+0000] {spark_submit.py:521} INFO - 25/08/15 06:33:18 INFO BlockManagerMasterEndpoint: Registering block manager 172.18.0.2:42949 with 434.4 MiB RAM, BlockManagerId(0, 172.18.0.2, 42949, None)
[2025-08-15T06:33:21.754+0000] {spark_submit.py:521} INFO - 25/08/15 06:33:21 INFO TaskSetManager: Starting task 0.0 in stage 0.0 (TID 0) (172.18.0.2,executor 0, partition 0, PROCESS_LOCAL, 9999 bytes)
[2025-08-15T06:33:26.770+0000] {spark_submit.py:521} INFO - 25/08/15 06:33:26 INFO TaskSetManager: Finished task 0.0 in stage 0.0 (TID 0) in 5058 ms on 172.18.0.2 (executor 0) (1/1)
[2025-08-15T06:33:26.781+0000] {spark_submit.py:521} INFO - 25/08/15 06:33:26 INFO TaskSchedulerImpl: Removed TaskSet 0.0 whose tasks have all completed, from pool
[2025-08-15T06:33:26.787+0000] {spark_submit.py:521} INFO - 25/08/15 06:33:26 INFO DAGScheduler: ResultStage 0 (parquet at NativeMethodAccessorImpl.java:0) finished in 10349 ms
[2025-08-15T06:33:26.791+0000] {spark_submit.py:521} INFO - 25/08/15 06:33:26 INFO DAGScheduler: Job 0 is finished. Cancelling potential speculative or zombie tasks for this job
[2025-08-15T06:33:26.792+0000] {spark_submit.py:521} INFO - 25/08/15 06:33:26 INFO TaskSchedulerImpl: Canceling stage 0
[2025-08-15T06:33:26.795+0000] {spark_submit.py:521} INFO - 25/08/15 06:33:26 INFO TaskSchedulerImpl: Killing all running tasks in stage 0: Stage finished
[2025-08-15T06:33:26.797+0000] {spark_submit.py:521} INFO - 25/08/15 06:33:26 INFO DAGScheduler: Job 0 finished: parquet at NativeMethodAccessorImpl.java:0, took 10553.838896 ms
[2025-08-15T06:33:27.852+0000] {spark_submit.py:521} INFO - 25/08/15 06:33:27 INFO MemoryStore: Block broadcast_1 stored as values in memory (estimated size 208.0 B, free 434.2 MiB)
[2025-08-15T06:33:27.857+0000] {spark_submit.py:521} INFO - 25/08/15 06:33:27 INFO MemoryStore: Block broadcast_1_piece0 stored as bytes in memory (estimated size 789.0 B, free 434.2 MiB)
[2025-08-15T06:33:27.866+0000] {spark_submit.py:521} INFO - 25/08/15 06:33:27 INFO SparkContext: Created broadcast 1 from broadcast at NativeMethodAccessorImpl.java:0
[2025-08-15T06:33:29.277+0000] {spark_submit.py:521} INFO - 25/08/15 06:33:29 INFO FileSourceStrategy: Pushed Filters: IsNotNull(requirements),Not(EqualTo(requirements,)),IsNotNull(description),Not(EqualTo(description,))
[2025-08-15T06:33:29.281+0000] {spark_submit.py:521} INFO - 25/08/15 06:33:29 INFO FileSourceStrategy: Post-Scan Filters: Set(isnotnull(trim(lower(title#1), None)), NOT (trim(lower(title#1), None) = ), isnotnull(trim(company_name#2, None)), NOT (trim(company_name#2, None) = ), isnotnull(requirements#9), NOT (requirements#9 = ), isnotnull(description#8), NOT (description#8 = ))
[2025-08-15T06:33:30.423+0000] {spark_submit.py:521} INFO - 25/08/15 06:33:30 INFO CodeGenerator: Code generated in 447.485827 ms
[2025-08-15T06:33:30.588+0000] {spark_submit.py:521} INFO - 25/08/15 06:33:30 INFO CodeGenerator: Code generated in 59.959994 ms
[2025-08-15T06:33:30.611+0000] {spark_submit.py:521} INFO - 25/08/15 06:33:30 INFO MemoryStore: Block broadcast_2 stored as values in memory (estimated size 219.5 KiB, free 434.2 MiB)
[2025-08-15T06:33:30.626+0000] {spark_submit.py:521} INFO - 25/08/15 06:33:30 INFO MemoryStore: Block broadcast_2_piece0 stored as bytes in memory (estimated size 39.9 KiB, free 434.1 MiB)
[2025-08-15T06:33:30.630+0000] {spark_submit.py:521} INFO - 25/08/15 06:33:30 INFO SparkContext: Created broadcast 2 from $anonfun$withThreadLocalCaptured$2 at CompletableFuture.java:1768
[2025-08-15T06:33:30.658+0000] {spark_submit.py:521} INFO - 25/08/15 06:33:30 INFO FileSourceScanExec: Planning scan with bin packing, max size: 4194304 bytes, open cost is considered as scanning 4194304 bytes.
[2025-08-15T06:33:30.871+0000] {spark_submit.py:521} INFO - 25/08/15 06:33:30 INFO DAGScheduler: Registering RDD 9 ($anonfun$withThreadLocalCaptured$2 at CompletableFuture.java:1768) as input to shuffle 0
[2025-08-15T06:33:30.878+0000] {spark_submit.py:521} INFO - 25/08/15 06:33:30 INFO DAGScheduler: Got map stage job 1 ($anonfun$withThreadLocalCaptured$2 at CompletableFuture.java:1768) with 1 output partitions
[2025-08-15T06:33:30.878+0000] {spark_submit.py:521} INFO - 25/08/15 06:33:30 INFO DAGScheduler: Final stage: ShuffleMapStage 1 ($anonfun$withThreadLocalCaptured$2 at CompletableFuture.java:1768)
[2025-08-15T06:33:30.884+0000] {spark_submit.py:521} INFO - 25/08/15 06:33:30 INFO DAGScheduler: Parents of final stage: List()
[2025-08-15T06:33:30.885+0000] {spark_submit.py:521} INFO - 25/08/15 06:33:30 INFO DAGScheduler: Missing parents: List()
[2025-08-15T06:33:30.886+0000] {spark_submit.py:521} INFO - 25/08/15 06:33:30 INFO DAGScheduler: Submitting ShuffleMapStage 1 (MapPartitionsRDD[9] at $anonfun$withThreadLocalCaptured$2 at CompletableFuture.java:1768), which has no missing parents
[2025-08-15T06:33:30.938+0000] {spark_submit.py:521} INFO - 25/08/15 06:33:30 INFO MemoryStore: Block broadcast_3 stored as values in memory (estimated size 98.8 KiB, free 434.0 MiB)
[2025-08-15T06:33:30.949+0000] {spark_submit.py:521} INFO - 25/08/15 06:33:30 INFO MemoryStore: Block broadcast_3_piece0 stored as bytes in memory (estimated size 36.0 KiB, free 434.0 MiB)
[2025-08-15T06:33:30.950+0000] {spark_submit.py:521} INFO - 25/08/15 06:33:30 INFO SparkContext: Created broadcast 3 from broadcast at DAGScheduler.scala:1676
[2025-08-15T06:33:30.954+0000] {spark_submit.py:521} INFO - 25/08/15 06:33:30 INFO DAGScheduler: Submitting 1 missing tasks from ShuffleMapStage 1 (MapPartitionsRDD[9] at $anonfun$withThreadLocalCaptured$2 at CompletableFuture.java:1768) (first 15 tasks are for partitions Vector(0))
[2025-08-15T06:33:30.954+0000] {spark_submit.py:521} INFO - 25/08/15 06:33:30 INFO TaskSchedulerImpl: Adding task set 1.0 with 1 tasks resource profile 0
[2025-08-15T06:33:30.957+0000] {spark_submit.py:521} INFO - 25/08/15 06:33:30 INFO TaskSetManager: Starting task 0.0 in stage 1.0 (TID 1) (172.18.0.2,executor 0, partition 0, PROCESS_LOCAL, 10429 bytes)
[2025-08-15T06:33:41.214+0000] {spark_submit.py:521} INFO - 25/08/15 06:33:41 INFO TaskSetManager: Finished task 0.0 in stage 1.0 (TID 1) in 10258 ms on 172.18.0.2 (executor 0) (1/1)
[2025-08-15T06:33:41.249+0000] {spark_submit.py:521} INFO - 25/08/15 06:33:41 INFO TaskSchedulerImpl: Removed TaskSet 1.0 whose tasks have all completed, from pool
[2025-08-15T06:33:41.251+0000] {spark_submit.py:521} INFO - 25/08/15 06:33:41 INFO PythonAccumulatorV2: Connected to AccumulatorServer at host: 127.0.0.1 port: 40919
[2025-08-15T06:33:41.253+0000] {spark_submit.py:521} INFO - 25/08/15 06:33:41 INFO DAGScheduler: ShuffleMapStage 1 ($anonfun$withThreadLocalCaptured$2 at CompletableFuture.java:1768) finished in 10343 ms
[2025-08-15T06:33:41.254+0000] {spark_submit.py:521} INFO - 25/08/15 06:33:41 INFO DAGScheduler: looking for newly runnable stages
[2025-08-15T06:33:41.255+0000] {spark_submit.py:521} INFO - 25/08/15 06:33:41 INFO DAGScheduler: running: HashSet()
[2025-08-15T06:33:41.256+0000] {spark_submit.py:521} INFO - 25/08/15 06:33:41 INFO DAGScheduler: waiting: HashSet()
[2025-08-15T06:33:41.259+0000] {spark_submit.py:521} INFO - 25/08/15 06:33:41 INFO DAGScheduler: failed: HashSet()
[2025-08-15T06:33:41.374+0000] {spark_submit.py:521} INFO - 25/08/15 06:33:41 INFO ShufflePartitionsUtil: For shuffle(0, advisory target size: 67108864, actual target size 1048576, minimum partition size: 1048576
[2025-08-15T06:33:42.989+0000] {spark_submit.py:521} INFO - 25/08/15 06:33:42 INFO ParquetUtils: Using default output committer for Parquet: org.apache.parquet.hadoop.ParquetOutputCommitter
[2025-08-15T06:33:43.030+0000] {spark_submit.py:521} INFO - 25/08/15 06:33:43 INFO FileOutputCommitter: File Output Committer Algorithm version is 1
[2025-08-15T06:33:43.031+0000] {spark_submit.py:521} INFO - 25/08/15 06:33:43 INFO FileOutputCommitter: FileOutputCommitter skip cleanup _temporary folders under output directory:false, ignore cleanup failures: false
[2025-08-15T06:33:43.032+0000] {spark_submit.py:521} INFO - 25/08/15 06:33:43 INFO SQLHadoopMapReduceCommitProtocol: Using user defined output committer class org.apache.parquet.hadoop.ParquetOutputCommitter
[2025-08-15T06:33:43.032+0000] {spark_submit.py:521} INFO - 25/08/15 06:33:43 INFO FileOutputCommitter: File Output Committer Algorithm version is 1
[2025-08-15T06:33:43.032+0000] {spark_submit.py:521} INFO - 25/08/15 06:33:43 INFO FileOutputCommitter: FileOutputCommitter skip cleanup _temporary folders under output directory:false, ignore cleanup failures: false
[2025-08-15T06:33:43.033+0000] {spark_submit.py:521} INFO - 25/08/15 06:33:43 INFO SQLHadoopMapReduceCommitProtocol: Using output committer class org.apache.parquet.hadoop.ParquetOutputCommitter
[2025-08-15T06:33:43.955+0000] {spark_submit.py:521} INFO - 25/08/15 06:33:43 INFO CodeGenerator: Code generated in 22.293128 ms
[2025-08-15T06:33:43.982+0000] {spark_submit.py:521} INFO - 25/08/15 06:33:43 INFO CodeGenerator: Code generated in 9.080292 ms
[2025-08-15T06:33:44.092+0000] {spark_submit.py:521} INFO - 25/08/15 06:33:44 INFO SparkContext: Starting job: $anonfun$withThreadLocalCaptured$2 at CompletableFuture.java:1768
[2025-08-15T06:33:44.098+0000] {spark_submit.py:521} INFO - 25/08/15 06:33:44 INFO DAGScheduler: Got job 2 ($anonfun$withThreadLocalCaptured$2 at CompletableFuture.java:1768) with 1 output partitions
[2025-08-15T06:33:44.099+0000] {spark_submit.py:521} INFO - 25/08/15 06:33:44 INFO DAGScheduler: Final stage: ResultStage 3 ($anonfun$withThreadLocalCaptured$2 at CompletableFuture.java:1768)
[2025-08-15T06:33:44.099+0000] {spark_submit.py:521} INFO - 25/08/15 06:33:44 INFO DAGScheduler: Parents of final stage: List(ShuffleMapStage 2)
[2025-08-15T06:33:44.100+0000] {spark_submit.py:521} INFO - 25/08/15 06:33:44 INFO DAGScheduler: Missing parents: List()
[2025-08-15T06:33:44.100+0000] {spark_submit.py:521} INFO - 25/08/15 06:33:44 INFO DAGScheduler: Submitting ResultStage 3 (MapPartitionsRDD[15] at $anonfun$withThreadLocalCaptured$2 at CompletableFuture.java:1768), which has no missing parents
[2025-08-15T06:33:44.153+0000] {spark_submit.py:521} INFO - 25/08/15 06:33:44 INFO MemoryStore: Block broadcast_4 stored as values in memory (estimated size 308.2 KiB, free 433.8 MiB)
[2025-08-15T06:33:44.161+0000] {spark_submit.py:521} INFO - 25/08/15 06:33:44 INFO MemoryStore: Block broadcast_4_piece0 stored as bytes in memory (estimated size 111.3 KiB, free 433.7 MiB)
[2025-08-15T06:33:44.169+0000] {spark_submit.py:521} INFO - 25/08/15 06:33:44 INFO SparkContext: Created broadcast 4 from broadcast at DAGScheduler.scala:1676
[2025-08-15T06:33:44.174+0000] {spark_submit.py:521} INFO - 25/08/15 06:33:44 INFO DAGScheduler: Submitting 1 missing tasks from ResultStage 3 (MapPartitionsRDD[15] at $anonfun$withThreadLocalCaptured$2 at CompletableFuture.java:1768) (first 15 tasks are for partitions Vector(0))
[2025-08-15T06:33:44.175+0000] {spark_submit.py:521} INFO - 25/08/15 06:33:44 INFO TaskSchedulerImpl: Adding task set 3.0 with 1 tasks resource profile 0
[2025-08-15T06:33:44.181+0000] {spark_submit.py:521} INFO - 25/08/15 06:33:44 INFO TaskSetManager: Starting task 0.0 in stage 3.0 (TID 2) (172.18.0.2,executor 0, partition 0, NODE_LOCAL, 9833 bytes)
[2025-08-15T06:33:44.547+0000] {spark_submit.py:521} INFO - 25/08/15 06:33:44 INFO MapOutputTrackerMasterEndpoint: Asked to send map output locations for shuffle 0 to 172.18.0.2:48890
[2025-08-15T06:33:49.992+0000] {spark_submit.py:521} INFO - 25/08/15 06:33:49 INFO TaskSetManager: Finished task 0.0 in stage 3.0 (TID 2) in 5812 ms on 172.18.0.2 (executor 0) (1/1)
[2025-08-15T06:33:50.000+0000] {spark_submit.py:521} INFO - 25/08/15 06:33:49 INFO TaskSchedulerImpl: Removed TaskSet 3.0 whose tasks have all completed, from pool
[2025-08-15T06:33:50.001+0000] {spark_submit.py:521} INFO - 25/08/15 06:33:49 INFO DAGScheduler: ResultStage 3 ($anonfun$withThreadLocalCaptured$2 at CompletableFuture.java:1768) finished in 5880 ms
[2025-08-15T06:33:50.002+0000] {spark_submit.py:521} INFO - 25/08/15 06:33:49 INFO DAGScheduler: Job 2 is finished. Cancelling potential speculative or zombie tasks for this job
[2025-08-15T06:33:50.005+0000] {spark_submit.py:521} INFO - 25/08/15 06:33:49 INFO TaskSchedulerImpl: Canceling stage 3
[2025-08-15T06:33:50.006+0000] {spark_submit.py:521} INFO - 25/08/15 06:33:49 INFO TaskSchedulerImpl: Killing all running tasks in stage 3: Stage finished
[2025-08-15T06:33:50.008+0000] {spark_submit.py:521} INFO - 25/08/15 06:33:50 INFO DAGScheduler: Job 2 finished: $anonfun$withThreadLocalCaptured$2 at CompletableFuture.java:1768, took 5907.395174 ms
[2025-08-15T06:33:50.010+0000] {spark_submit.py:521} INFO - 25/08/15 06:33:50 INFO FileFormatWriter: Start to commit write Job 68214c88-7108-4da8-a3d8-dc877cc89362.
[2025-08-15T06:33:52.298+0000] {spark_submit.py:521} INFO - 25/08/15 06:33:52 INFO GoogleCloudStorageFileSystem: Successfully repaired 'gs://job_gcp/silver/topcv/topcv_jobs.parquet/_temporary/0/task_202508150633441512813418325251816_0003_m_000000/' directory.
[2025-08-15T06:33:53.119+0000] {spark_submit.py:521} INFO - 25/08/15 06:33:53 INFO GoogleCloudStorageFileSystem: Successfully repaired 'gs://job_gcp/silver/topcv/topcv_jobs.parquet/' directory.
[2025-08-15T06:33:54.221+0000] {spark_submit.py:521} INFO - 25/08/15 06:33:54 INFO FileFormatWriter: Write Job 68214c88-7108-4da8-a3d8-dc877cc89362 committed. Elapsed time: 4210 ms.
[2025-08-15T06:33:54.226+0000] {spark_submit.py:521} INFO - 25/08/15 06:33:54 INFO FileFormatWriter: Finished processing stats for write job 68214c88-7108-4da8-a3d8-dc877cc89362.
[2025-08-15T06:33:54.256+0000] {spark_submit.py:521} INFO - ✅ Uploaded Spark DataFrame to GCS: gs://job_gcp/silver/topcv/topcv_jobs.parquet
[2025-08-15T06:33:54.259+0000] {spark_submit.py:521} INFO - 25/08/15 06:33:54 INFO SparkContext: SparkContext is stopping with exitCode 0 from stop at NativeMethodAccessorImpl.java:0.
[2025-08-15T06:33:54.311+0000] {spark_submit.py:521} INFO - 25/08/15 06:33:54 INFO SparkUI: Stopped Spark web UI at http://37fa492a6efe:4040
[2025-08-15T06:33:54.315+0000] {spark_submit.py:521} INFO - 25/08/15 06:33:54 INFO StandaloneSchedulerBackend: Shutting down all executors
[2025-08-15T06:33:54.316+0000] {spark_submit.py:521} INFO - 25/08/15 06:33:54 INFO StandaloneSchedulerBackend$StandaloneDriverEndpoint: Asking each executor to shut down
[2025-08-15T06:33:54.360+0000] {spark_submit.py:521} INFO - 25/08/15 06:33:54 INFO MapOutputTrackerMasterEndpoint: MapOutputTrackerMasterEndpoint stopped!
[2025-08-15T06:33:54.441+0000] {spark_submit.py:521} INFO - 25/08/15 06:33:54 INFO MemoryStore: MemoryStore cleared
[2025-08-15T06:33:54.442+0000] {spark_submit.py:521} INFO - 25/08/15 06:33:54 INFO BlockManager: BlockManager stopped
[2025-08-15T06:33:54.454+0000] {spark_submit.py:521} INFO - 25/08/15 06:33:54 INFO BlockManagerMaster: BlockManagerMaster stopped
[2025-08-15T06:33:54.463+0000] {spark_submit.py:521} INFO - 25/08/15 06:33:54 INFO OutputCommitCoordinator$OutputCommitCoordinatorEndpoint: OutputCommitCoordinator stopped!
[2025-08-15T06:33:54.498+0000] {spark_submit.py:521} INFO - 25/08/15 06:33:54 INFO SparkContext: Successfully stopped SparkContext
[2025-08-15T06:33:57.596+0000] {spark_submit.py:521} INFO - 25/08/15 06:33:57 INFO ShutdownHookManager: Shutdown hook called
[2025-08-15T06:33:57.597+0000] {spark_submit.py:521} INFO - 25/08/15 06:33:57 INFO ShutdownHookManager: Deleting directory /opt/***/artifacts/spark-5906ad84-f73f-447b-b61b-59d1b84610c5
[2025-08-15T06:33:57.618+0000] {spark_submit.py:521} INFO - 25/08/15 06:33:57 INFO ShutdownHookManager: Deleting directory /tmp/spark-264243aa-7e99-4e72-8d7a-8d4e537c8854
[2025-08-15T06:33:57.627+0000] {spark_submit.py:521} INFO - 25/08/15 06:33:57 INFO ShutdownHookManager: Deleting directory /tmp/spark-d16e2958-9233-416c-979a-d0c3ac8222ea
[2025-08-15T06:33:57.642+0000] {spark_submit.py:521} INFO - 25/08/15 06:33:57 INFO ShutdownHookManager: Deleting directory /tmp/spark-d16e2958-9233-416c-979a-d0c3ac8222ea/pyspark-1cf79679-5566-4f5c-a0cc-c6a5b841e0c2
[2025-08-15T06:33:57.778+0000] {taskinstance.py:441} INFO - ::group::Post task execution logs
[2025-08-15T06:33:58.133+0000] {taskinstance.py:1206} INFO - Marking task as SUCCESS. dag_id=spark_transform_pipeline, task_id=silver_group.silver_topcv_transform, run_id=manual__2025-08-15T06:32:48.751255+00:00, execution_date=20250815T063248, start_date=20250815T063252, end_date=20250815T063358
[2025-08-15T06:33:58.432+0000] {local_task_job_runner.py:240} INFO - Task exited with return code 0
[2025-08-15T06:33:58.732+0000] {taskinstance.py:3498} INFO - 0 downstream tasks scheduled from follow-on schedule check
[2025-08-15T06:33:58.795+0000] {local_task_job_runner.py:222} INFO - ::endgroup::
