[2025-08-06T09:36:47.920+0000] {local_task_job_runner.py:120} INFO - ::group::Pre task execution logs
[2025-08-06T09:36:47.944+0000] {taskinstance.py:2076} INFO - Dependencies all met for dep_context=non-requeueable deps ti=<TaskInstance: spark_gold_transform_dag.submit_spark_job manual__2025-08-06T09:36:44.379127+00:00 [queued]>
[2025-08-06T09:36:47.953+0000] {taskinstance.py:2076} INFO - Dependencies all met for dep_context=requeueable deps ti=<TaskInstance: spark_gold_transform_dag.submit_spark_job manual__2025-08-06T09:36:44.379127+00:00 [queued]>
[2025-08-06T09:36:47.953+0000] {taskinstance.py:2306} INFO - Starting attempt 1 of 1
[2025-08-06T09:36:47.966+0000] {taskinstance.py:2330} INFO - Executing <Task(SparkSubmitOperator): submit_spark_job> on 2025-08-06 09:36:44.379127+00:00
[2025-08-06T09:36:47.973+0000] {standard_task_runner.py:63} INFO - Started process 536 to run task
[2025-08-06T09:36:47.977+0000] {standard_task_runner.py:90} INFO - Running: ['***', 'tasks', 'run', 'spark_gold_transform_dag', 'submit_spark_job', 'manual__2025-08-06T09:36:44.379127+00:00', '--job-id', '7', '--raw', '--subdir', 'DAGS_FOLDER/etl_jobs_dag.py', '--cfg-path', '/tmp/tmpgl7fubb6']
[2025-08-06T09:36:47.980+0000] {standard_task_runner.py:91} INFO - Job 7: Subtask submit_spark_job
[2025-08-06T09:36:48.037+0000] {task_command.py:426} INFO - Running <TaskInstance: spark_gold_transform_dag.submit_spark_job manual__2025-08-06T09:36:44.379127+00:00 [running]> on host f6daf7b6d686
[2025-08-06T09:36:48.168+0000] {taskinstance.py:2648} INFO - Exporting env vars: AIRFLOW_CTX_DAG_OWNER='***' AIRFLOW_CTX_DAG_ID='spark_gold_transform_dag' AIRFLOW_CTX_TASK_ID='submit_spark_job' AIRFLOW_CTX_EXECUTION_DATE='2025-08-06T09:36:44.379127+00:00' AIRFLOW_CTX_TRY_NUMBER='1' AIRFLOW_CTX_DAG_RUN_ID='manual__2025-08-06T09:36:44.379127+00:00'
[2025-08-06T09:36:48.171+0000] {taskinstance.py:430} INFO - ::endgroup::
[2025-08-06T09:36:48.233+0000] {base.py:84} INFO - Using connection ID 'spark_default' for task execution.
[2025-08-06T09:36:48.236+0000] {spark_submit.py:351} INFO - Spark-Submit cmd: spark-submit --master spark-master:7077 --conf spark.hadoop.fs.s3a.endpoint=http://minio:9000 --conf spark.hadoop.fs.s3a.access.key=minioadmin --conf spark.hadoop.fs.s3a.secret.key=****** --conf spark.hadoop.fs.s3a.path.style.access=true --conf spark.hadoop.fs.s3a.connection.ssl.enabled=false --jars /opt/custom-jars/hadoop-aws-3.3.6.jar,/opt/custom-jars/aws-java-sdk-bundle-1.12.367.jar --name arrow-spark --verbose /opt/spark-jobs/gold_transform.py
[2025-08-06T09:36:48.810+0000] {spark_submit.py:521} INFO - WARNING: Using incubator modules: jdk.incubator.vector
[2025-08-06T09:36:49.969+0000] {spark_submit.py:521} INFO - Parsed arguments:
[2025-08-06T09:36:49.970+0000] {spark_submit.py:521} INFO - master                  spark-master:7077
[2025-08-06T09:36:49.970+0000] {spark_submit.py:521} INFO - remote                  null
[2025-08-06T09:36:49.970+0000] {spark_submit.py:521} INFO - deployMode              null
[2025-08-06T09:36:49.971+0000] {spark_submit.py:521} INFO - executorMemory          null
[2025-08-06T09:36:49.971+0000] {spark_submit.py:521} INFO - executorCores           null
[2025-08-06T09:36:49.971+0000] {spark_submit.py:521} INFO - totalExecutorCores      null
[2025-08-06T09:36:49.972+0000] {spark_submit.py:521} INFO - propertiesFile          null
[2025-08-06T09:36:49.972+0000] {spark_submit.py:521} INFO - driverMemory            null
[2025-08-06T09:36:49.973+0000] {spark_submit.py:521} INFO - driverCores             null
[2025-08-06T09:36:49.973+0000] {spark_submit.py:521} INFO - driverExtraClassPath    null
[2025-08-06T09:36:49.974+0000] {spark_submit.py:521} INFO - driverExtraLibraryPath  null
[2025-08-06T09:36:49.974+0000] {spark_submit.py:521} INFO - driverExtraJavaOptions  null
[2025-08-06T09:36:49.974+0000] {spark_submit.py:521} INFO - supervise               false
[2025-08-06T09:36:49.975+0000] {spark_submit.py:521} INFO - queue                   null
[2025-08-06T09:36:49.975+0000] {spark_submit.py:521} INFO - numExecutors            null
[2025-08-06T09:36:49.975+0000] {spark_submit.py:521} INFO - files                   null
[2025-08-06T09:36:49.976+0000] {spark_submit.py:521} INFO - pyFiles                 null
[2025-08-06T09:36:49.976+0000] {spark_submit.py:521} INFO - archives                null
[2025-08-06T09:36:49.977+0000] {spark_submit.py:521} INFO - mainClass               null
[2025-08-06T09:36:49.977+0000] {spark_submit.py:521} INFO - primaryResource         file:/opt/spark-jobs/gold_transform.py
[2025-08-06T09:36:49.977+0000] {spark_submit.py:521} INFO - name                    arrow-spark
[2025-08-06T09:36:49.978+0000] {spark_submit.py:521} INFO - childArgs               []
[2025-08-06T09:36:49.978+0000] {spark_submit.py:521} INFO - jars                    file:/opt/custom-jars/hadoop-aws-3.3.6.jar,file:/opt/custom-jars/aws-java-sdk-bundle-1.12.367.jar
[2025-08-06T09:36:49.979+0000] {spark_submit.py:521} INFO - packages                null
[2025-08-06T09:36:49.979+0000] {spark_submit.py:521} INFO - packagesExclusions      null
[2025-08-06T09:36:49.980+0000] {spark_submit.py:521} INFO - repositories            null
[2025-08-06T09:36:49.980+0000] {spark_submit.py:521} INFO - verbose                 true
[2025-08-06T09:36:49.981+0000] {spark_submit.py:521} INFO - 
[2025-08-06T09:36:49.981+0000] {spark_submit.py:521} INFO - Spark properties used, including those specified through
[2025-08-06T09:36:49.981+0000] {spark_submit.py:521} INFO - --conf and those from the properties file null:
[2025-08-06T09:36:49.981+0000] {spark_submit.py:521} INFO - (spark.hadoop.fs.s3a.access.key,*********(redacted))
[2025-08-06T09:36:49.982+0000] {spark_submit.py:521} INFO - (spark.hadoop.fs.s3a.connection.ssl.enabled,false)
[2025-08-06T09:36:49.982+0000] {spark_submit.py:521} INFO - (spark.hadoop.fs.s3a.endpoint,http://minio:9000)
[2025-08-06T09:36:49.982+0000] {spark_submit.py:521} INFO - (spark.hadoop.fs.s3a.path.style.access,true)
[2025-08-06T09:36:49.983+0000] {spark_submit.py:521} INFO - (spark.hadoop.fs.s3a.secret.key,*********(redacted))
[2025-08-06T09:36:49.983+0000] {spark_submit.py:521} INFO - 
[2025-08-06T09:36:49.983+0000] {spark_submit.py:521} INFO - 
[2025-08-06T09:36:50.230+0000] {spark_submit.py:521} INFO - 25/08/06 09:36:50 WARN NativeCodeLoader: Unable to load native-hadoop library for your platform... using builtin-java classes where applicable
[2025-08-06T09:36:50.347+0000] {spark_submit.py:521} INFO - Main class:
[2025-08-06T09:36:50.348+0000] {spark_submit.py:521} INFO - org.apache.spark.deploy.PythonRunner
[2025-08-06T09:36:50.348+0000] {spark_submit.py:521} INFO - Arguments:
[2025-08-06T09:36:50.349+0000] {spark_submit.py:521} INFO - file:/opt/spark-jobs/gold_transform.py
[2025-08-06T09:36:50.349+0000] {spark_submit.py:521} INFO - null
[2025-08-06T09:36:50.349+0000] {spark_submit.py:521} INFO - Spark config:
[2025-08-06T09:36:50.349+0000] {spark_submit.py:521} INFO - (spark.app.name,arrow-spark)
[2025-08-06T09:36:50.350+0000] {spark_submit.py:521} INFO - (spark.app.submitTime,1754473010331)
[2025-08-06T09:36:50.350+0000] {spark_submit.py:521} INFO - (spark.hadoop.fs.s3a.access.key,*********(redacted))
[2025-08-06T09:36:50.350+0000] {spark_submit.py:521} INFO - (spark.hadoop.fs.s3a.connection.ssl.enabled,false)
[2025-08-06T09:36:50.350+0000] {spark_submit.py:521} INFO - (spark.hadoop.fs.s3a.endpoint,http://minio:9000)
[2025-08-06T09:36:50.350+0000] {spark_submit.py:521} INFO - (spark.hadoop.fs.s3a.path.style.access,true)
[2025-08-06T09:36:50.351+0000] {spark_submit.py:521} INFO - (spark.hadoop.fs.s3a.secret.key,*********(redacted))
[2025-08-06T09:36:50.351+0000] {spark_submit.py:521} INFO - (spark.jars,file:///opt/custom-jars/hadoop-aws-3.3.6.jar,file:///opt/custom-jars/aws-java-sdk-bundle-1.12.367.jar)
[2025-08-06T09:36:50.351+0000] {spark_submit.py:521} INFO - (spark.master,spark-master:7077)
[2025-08-06T09:36:50.351+0000] {spark_submit.py:521} INFO - (spark.repl.local.jars,file:///opt/custom-jars/hadoop-aws-3.3.6.jar,file:///opt/custom-jars/aws-java-sdk-bundle-1.12.367.jar)
[2025-08-06T09:36:50.352+0000] {spark_submit.py:521} INFO - (spark.submit.deployMode,client)
[2025-08-06T09:36:50.352+0000] {spark_submit.py:521} INFO - (spark.submit.pyFiles,)
[2025-08-06T09:36:50.352+0000] {spark_submit.py:521} INFO - Classpath elements:
[2025-08-06T09:36:50.352+0000] {spark_submit.py:521} INFO - file:///opt/custom-jars/hadoop-aws-3.3.6.jar
[2025-08-06T09:36:50.353+0000] {spark_submit.py:521} INFO - file:///opt/custom-jars/aws-java-sdk-bundle-1.12.367.jar
[2025-08-06T09:36:50.353+0000] {spark_submit.py:521} INFO - 
[2025-08-06T09:36:50.353+0000] {spark_submit.py:521} INFO - 
[2025-08-06T09:36:51.891+0000] {spark_submit.py:521} INFO - Using Spark's default log4j profile: org/apache/spark/log4j2-defaults.properties
[2025-08-06T09:36:51.894+0000] {spark_submit.py:521} INFO - 25/08/06 09:36:51 INFO SparkContext: Running Spark version 4.0.0
[2025-08-06T09:36:51.895+0000] {spark_submit.py:521} INFO - 25/08/06 09:36:51 INFO SparkContext: OS info Linux, 5.15.167.4-microsoft-standard-WSL2, amd64
[2025-08-06T09:36:51.896+0000] {spark_submit.py:521} INFO - 25/08/06 09:36:51 INFO SparkContext: Java version 17.0.15
[2025-08-06T09:36:51.916+0000] {spark_submit.py:521} INFO - 25/08/06 09:36:51 INFO ResourceUtils: ==============================================================
[2025-08-06T09:36:51.917+0000] {spark_submit.py:521} INFO - 25/08/06 09:36:51 INFO ResourceUtils: No custom resources configured for spark.driver.
[2025-08-06T09:36:51.917+0000] {spark_submit.py:521} INFO - 25/08/06 09:36:51 INFO ResourceUtils: ==============================================================
[2025-08-06T09:36:51.918+0000] {spark_submit.py:521} INFO - 25/08/06 09:36:51 INFO SparkContext: Submitted application: arrow-spark
[2025-08-06T09:36:51.934+0000] {spark_submit.py:521} INFO - 25/08/06 09:36:51 INFO ResourceProfile: Default ResourceProfile created, executor resources: Map(cores -> name: cores, amount: 1, script: , vendor: , memory -> name: memory, amount: 1024, script: , vendor: , offHeap -> name: offHeap, amount: 0, script: , vendor: ), task resources: Map(cpus -> name: cpus, amount: 1.0)
[2025-08-06T09:36:51.937+0000] {spark_submit.py:521} INFO - 25/08/06 09:36:51 INFO ResourceProfile: Limiting resource is cpu
[2025-08-06T09:36:51.937+0000] {spark_submit.py:521} INFO - 25/08/06 09:36:51 INFO ResourceProfileManager: Added ResourceProfile id: 0
[2025-08-06T09:36:51.978+0000] {spark_submit.py:521} INFO - 25/08/06 09:36:51 INFO SecurityManager: Changing view acls to: ***
[2025-08-06T09:36:51.979+0000] {spark_submit.py:521} INFO - 25/08/06 09:36:51 INFO SecurityManager: Changing modify acls to: ***
[2025-08-06T09:36:51.980+0000] {spark_submit.py:521} INFO - 25/08/06 09:36:51 INFO SecurityManager: Changing view acls groups to: ***
[2025-08-06T09:36:51.980+0000] {spark_submit.py:521} INFO - 25/08/06 09:36:51 INFO SecurityManager: Changing modify acls groups to: ***
[2025-08-06T09:36:51.981+0000] {spark_submit.py:521} INFO - 25/08/06 09:36:51 INFO SecurityManager: SecurityManager: authentication disabled; ui acls disabled; users with view permissions: *** groups with view permissions: EMPTY; users with modify permissions: ***; groups with modify permissions: EMPTY; RPC SSL disabled
[2025-08-06T09:36:52.156+0000] {spark_submit.py:521} INFO - 25/08/06 09:36:52 INFO Utils: Successfully started service 'sparkDriver' on port 32781.
[2025-08-06T09:36:52.179+0000] {spark_submit.py:521} INFO - 25/08/06 09:36:52 INFO SparkEnv: Registering MapOutputTracker
[2025-08-06T09:36:52.188+0000] {spark_submit.py:521} INFO - 25/08/06 09:36:52 INFO SparkEnv: Registering BlockManagerMaster
[2025-08-06T09:36:52.198+0000] {spark_submit.py:521} INFO - 25/08/06 09:36:52 INFO BlockManagerMasterEndpoint: Using org.apache.spark.storage.DefaultTopologyMapper for getting topology information
[2025-08-06T09:36:52.198+0000] {spark_submit.py:521} INFO - 25/08/06 09:36:52 INFO BlockManagerMasterEndpoint: BlockManagerMasterEndpoint up
[2025-08-06T09:36:52.200+0000] {spark_submit.py:521} INFO - 25/08/06 09:36:52 INFO SparkEnv: Registering BlockManagerMasterHeartbeat
[2025-08-06T09:36:52.217+0000] {spark_submit.py:521} INFO - 25/08/06 09:36:52 INFO DiskBlockManager: Created local directory at /tmp/blockmgr-093179b7-8eda-4c19-8831-4ddb9e8d1401
[2025-08-06T09:36:52.234+0000] {spark_submit.py:521} INFO - 25/08/06 09:36:52 INFO SparkEnv: Registering OutputCommitCoordinator
[2025-08-06T09:36:52.321+0000] {spark_submit.py:521} INFO - 25/08/06 09:36:52 INFO JettyUtils: Start Jetty 0.0.0.0:4040 for SparkUI
[2025-08-06T09:36:52.395+0000] {spark_submit.py:521} INFO - 25/08/06 09:36:52 INFO Utils: Successfully started service 'SparkUI' on port 4040.
[2025-08-06T09:36:52.438+0000] {spark_submit.py:521} INFO - 25/08/06 09:36:52 INFO SparkContext: Added JAR file:///opt/custom-jars/hadoop-aws-3.3.6.jar at spark://f6daf7b6d686:32781/jars/hadoop-aws-3.3.6.jar with timestamp 1754473011882
[2025-08-06T09:36:52.440+0000] {spark_submit.py:521} INFO - 25/08/06 09:36:52 INFO SparkContext: Added JAR file:///opt/custom-jars/aws-java-sdk-bundle-1.12.367.jar at spark://f6daf7b6d686:32781/jars/aws-java-sdk-bundle-1.12.367.jar with timestamp 1754473011882
[2025-08-06T09:36:52.463+0000] {spark_submit.py:521} INFO - 25/08/06 09:36:52 INFO SecurityManager: Changing view acls to: ***
[2025-08-06T09:36:52.464+0000] {spark_submit.py:521} INFO - 25/08/06 09:36:52 INFO SecurityManager: Changing modify acls to: ***
[2025-08-06T09:36:52.464+0000] {spark_submit.py:521} INFO - 25/08/06 09:36:52 INFO SecurityManager: Changing view acls groups to: ***
[2025-08-06T09:36:52.464+0000] {spark_submit.py:521} INFO - 25/08/06 09:36:52 INFO SecurityManager: Changing modify acls groups to: ***
[2025-08-06T09:36:52.464+0000] {spark_submit.py:521} INFO - 25/08/06 09:36:52 INFO SecurityManager: SecurityManager: authentication disabled; ui acls disabled; users with view permissions: *** groups with view permissions: EMPTY; users with modify permissions: ***; groups with modify permissions: EMPTY; RPC SSL disabled
[2025-08-06T09:36:52.487+0000] {spark_submit.py:521} INFO - 25/08/06 09:36:52 ERROR SparkContext: Error initializing SparkContext.
[2025-08-06T09:36:52.488+0000] {spark_submit.py:521} INFO - org.apache.spark.SparkException: Could not parse Master URL: 'spark-master:7077'
[2025-08-06T09:36:52.488+0000] {spark_submit.py:521} INFO - at org.apache.spark.SparkContext$.org$apache$spark$SparkContext$$createTaskScheduler(SparkContext.scala:3358)
[2025-08-06T09:36:52.488+0000] {spark_submit.py:521} INFO - at org.apache.spark.SparkContext.<init>(SparkContext.scala:593)
[2025-08-06T09:36:52.489+0000] {spark_submit.py:521} INFO - at org.apache.spark.api.java.JavaSparkContext.<init>(JavaSparkContext.scala:59)
[2025-08-06T09:36:52.489+0000] {spark_submit.py:521} INFO - at java.base/jdk.internal.reflect.NativeConstructorAccessorImpl.newInstance0(Native Method)
[2025-08-06T09:36:52.489+0000] {spark_submit.py:521} INFO - at java.base/jdk.internal.reflect.NativeConstructorAccessorImpl.newInstance(NativeConstructorAccessorImpl.java:77)
[2025-08-06T09:36:52.490+0000] {spark_submit.py:521} INFO - at java.base/jdk.internal.reflect.DelegatingConstructorAccessorImpl.newInstance(DelegatingConstructorAccessorImpl.java:45)
[2025-08-06T09:36:52.490+0000] {spark_submit.py:521} INFO - at java.base/java.lang.reflect.Constructor.newInstanceWithCaller(Constructor.java:500)
[2025-08-06T09:36:52.490+0000] {spark_submit.py:521} INFO - at java.base/java.lang.reflect.Constructor.newInstance(Constructor.java:481)
[2025-08-06T09:36:52.490+0000] {spark_submit.py:521} INFO - at py4j.reflection.MethodInvoker.invoke(MethodInvoker.java:247)
[2025-08-06T09:36:52.491+0000] {spark_submit.py:521} INFO - at py4j.reflection.ReflectionEngine.invoke(ReflectionEngine.java:374)
[2025-08-06T09:36:52.491+0000] {spark_submit.py:521} INFO - at py4j.Gateway.invoke(Gateway.java:238)
[2025-08-06T09:36:52.491+0000] {spark_submit.py:521} INFO - at py4j.commands.ConstructorCommand.invokeConstructor(ConstructorCommand.java:80)
[2025-08-06T09:36:52.491+0000] {spark_submit.py:521} INFO - at py4j.commands.ConstructorCommand.execute(ConstructorCommand.java:69)
[2025-08-06T09:36:52.491+0000] {spark_submit.py:521} INFO - at py4j.ClientServerConnection.waitForCommands(ClientServerConnection.java:184)
[2025-08-06T09:36:52.492+0000] {spark_submit.py:521} INFO - at py4j.ClientServerConnection.run(ClientServerConnection.java:108)
[2025-08-06T09:36:52.492+0000] {spark_submit.py:521} INFO - at java.base/java.lang.Thread.run(Thread.java:840)
[2025-08-06T09:36:52.492+0000] {spark_submit.py:521} INFO - 25/08/06 09:36:52 INFO SparkContext: SparkContext is stopping with exitCode 0 from JavaSparkContext at NativeConstructorAccessorImpl.java:0.
[2025-08-06T09:36:52.499+0000] {spark_submit.py:521} INFO - 25/08/06 09:36:52 INFO SparkUI: Stopped Spark web UI at http://f6daf7b6d686:4040
[2025-08-06T09:36:52.517+0000] {spark_submit.py:521} INFO - 25/08/06 09:36:52 INFO MapOutputTrackerMasterEndpoint: MapOutputTrackerMasterEndpoint stopped!
[2025-08-06T09:36:52.531+0000] {spark_submit.py:521} INFO - 25/08/06 09:36:52 INFO MemoryStore: MemoryStore started with capacity 434.4 MiB
[2025-08-06T09:36:52.533+0000] {spark_submit.py:521} INFO - 25/08/06 09:36:52 INFO MemoryStore: MemoryStore cleared
[2025-08-06T09:36:52.533+0000] {spark_submit.py:521} INFO - 25/08/06 09:36:52 INFO BlockManager: BlockManager stopped
[2025-08-06T09:36:52.539+0000] {spark_submit.py:521} INFO - 25/08/06 09:36:52 INFO BlockManagerMaster: BlockManagerMaster stopped
[2025-08-06T09:36:52.539+0000] {spark_submit.py:521} INFO - 25/08/06 09:36:52 WARN MetricsSystem: Stopping a MetricsSystem that is not running
[2025-08-06T09:36:52.541+0000] {spark_submit.py:521} INFO - 25/08/06 09:36:52 INFO OutputCommitCoordinator$OutputCommitCoordinatorEndpoint: OutputCommitCoordinator stopped!
[2025-08-06T09:36:52.556+0000] {spark_submit.py:521} INFO - 25/08/06 09:36:52 INFO SparkContext: Successfully stopped SparkContext
[2025-08-06T09:36:52.557+0000] {spark_submit.py:521} INFO - Traceback (most recent call last):
[2025-08-06T09:36:52.558+0000] {spark_submit.py:521} INFO - File "/opt/spark-jobs/gold_transform.py", line 4, in <module>
[2025-08-06T09:36:52.559+0000] {spark_submit.py:521} INFO - spark = SparkSession.builder.getOrCreate()
[2025-08-06T09:36:52.559+0000] {spark_submit.py:521} INFO - File "/home/***/.local/lib/python3.10/site-packages/pyspark/python/lib/pyspark.zip/pyspark/sql/session.py", line 556, in getOrCreate
[2025-08-06T09:36:52.559+0000] {spark_submit.py:521} INFO - File "/home/***/.local/lib/python3.10/site-packages/pyspark/python/lib/pyspark.zip/pyspark/core/context.py", line 523, in getOrCreate
[2025-08-06T09:36:52.560+0000] {spark_submit.py:521} INFO - File "/home/***/.local/lib/python3.10/site-packages/pyspark/python/lib/pyspark.zip/pyspark/core/context.py", line 207, in __init__
[2025-08-06T09:36:52.560+0000] {spark_submit.py:521} INFO - File "/home/***/.local/lib/python3.10/site-packages/pyspark/python/lib/pyspark.zip/pyspark/core/context.py", line 300, in _do_init
[2025-08-06T09:36:52.560+0000] {spark_submit.py:521} INFO - File "/home/***/.local/lib/python3.10/site-packages/pyspark/python/lib/pyspark.zip/pyspark/core/context.py", line 429, in _initialize_context
[2025-08-06T09:36:52.560+0000] {spark_submit.py:521} INFO - File "/home/***/.local/lib/python3.10/site-packages/pyspark/python/lib/py4j-0.10.9.9-src.zip/py4j/java_gateway.py", line 1627, in __call__
[2025-08-06T09:36:52.561+0000] {spark_submit.py:521} INFO - File "/home/***/.local/lib/python3.10/site-packages/pyspark/python/lib/py4j-0.10.9.9-src.zip/py4j/protocol.py", line 327, in get_return_value
[2025-08-06T09:36:52.561+0000] {spark_submit.py:521} INFO - py4j.protocol.Py4JJavaError: An error occurred while calling None.org.apache.spark.api.java.JavaSparkContext.
[2025-08-06T09:36:52.561+0000] {spark_submit.py:521} INFO - : org.apache.spark.SparkException: Could not parse Master URL: 'spark-master:7077'
[2025-08-06T09:36:52.562+0000] {spark_submit.py:521} INFO - at org.apache.spark.SparkContext$.org$apache$spark$SparkContext$$createTaskScheduler(SparkContext.scala:3358)
[2025-08-06T09:36:52.562+0000] {spark_submit.py:521} INFO - at org.apache.spark.SparkContext.<init>(SparkContext.scala:593)
[2025-08-06T09:36:52.562+0000] {spark_submit.py:521} INFO - at org.apache.spark.api.java.JavaSparkContext.<init>(JavaSparkContext.scala:59)
[2025-08-06T09:36:52.562+0000] {spark_submit.py:521} INFO - at java.base/jdk.internal.reflect.NativeConstructorAccessorImpl.newInstance0(Native Method)
[2025-08-06T09:36:52.563+0000] {spark_submit.py:521} INFO - at java.base/jdk.internal.reflect.NativeConstructorAccessorImpl.newInstance(NativeConstructorAccessorImpl.java:77)
[2025-08-06T09:36:52.563+0000] {spark_submit.py:521} INFO - at java.base/jdk.internal.reflect.DelegatingConstructorAccessorImpl.newInstance(DelegatingConstructorAccessorImpl.java:45)
[2025-08-06T09:36:52.563+0000] {spark_submit.py:521} INFO - at java.base/java.lang.reflect.Constructor.newInstanceWithCaller(Constructor.java:500)
[2025-08-06T09:36:52.563+0000] {spark_submit.py:521} INFO - at java.base/java.lang.reflect.Constructor.newInstance(Constructor.java:481)
[2025-08-06T09:36:52.563+0000] {spark_submit.py:521} INFO - at py4j.reflection.MethodInvoker.invoke(MethodInvoker.java:247)
[2025-08-06T09:36:52.563+0000] {spark_submit.py:521} INFO - at py4j.reflection.ReflectionEngine.invoke(ReflectionEngine.java:374)
[2025-08-06T09:36:52.564+0000] {spark_submit.py:521} INFO - at py4j.Gateway.invoke(Gateway.java:238)
[2025-08-06T09:36:52.564+0000] {spark_submit.py:521} INFO - at py4j.commands.ConstructorCommand.invokeConstructor(ConstructorCommand.java:80)
[2025-08-06T09:36:52.564+0000] {spark_submit.py:521} INFO - at py4j.commands.ConstructorCommand.execute(ConstructorCommand.java:69)
[2025-08-06T09:36:52.564+0000] {spark_submit.py:521} INFO - at py4j.ClientServerConnection.waitForCommands(ClientServerConnection.java:184)
[2025-08-06T09:36:52.564+0000] {spark_submit.py:521} INFO - at py4j.ClientServerConnection.run(ClientServerConnection.java:108)
[2025-08-06T09:36:52.565+0000] {spark_submit.py:521} INFO - at java.base/java.lang.Thread.run(Thread.java:840)
[2025-08-06T09:36:52.565+0000] {spark_submit.py:521} INFO - 
[2025-08-06T09:36:52.650+0000] {spark_submit.py:521} INFO - 25/08/06 09:36:52 INFO ShutdownHookManager: Shutdown hook called
[2025-08-06T09:36:52.651+0000] {spark_submit.py:521} INFO - 25/08/06 09:36:52 INFO ShutdownHookManager: Deleting directory /tmp/spark-deea50b9-2c48-4a27-ae3f-df694967b57b
[2025-08-06T09:36:52.658+0000] {spark_submit.py:521} INFO - 25/08/06 09:36:52 INFO ShutdownHookManager: Deleting directory /tmp/spark-09211f7e-b4e1-4c49-97b7-7620abeefb5a
[2025-08-06T09:36:52.684+0000] {taskinstance.py:441} INFO - ::group::Post task execution logs
[2025-08-06T09:36:52.694+0000] {taskinstance.py:2905} ERROR - Task failed with exception
Traceback (most recent call last):
  File "/home/airflow/.local/lib/python3.10/site-packages/airflow/models/taskinstance.py", line 465, in _execute_task
    result = _execute_callable(context=context, **execute_callable_kwargs)
  File "/home/airflow/.local/lib/python3.10/site-packages/airflow/models/taskinstance.py", line 432, in _execute_callable
    return execute_callable(context=context, **execute_callable_kwargs)
  File "/home/airflow/.local/lib/python3.10/site-packages/airflow/models/baseoperator.py", line 400, in wrapper
    return func(self, *args, **kwargs)
  File "/home/airflow/.local/lib/python3.10/site-packages/airflow/providers/apache/spark/operators/spark_submit.py", line 156, in execute
    self._hook.submit(self._application)
  File "/home/airflow/.local/lib/python3.10/site-packages/airflow/providers/apache/spark/hooks/spark_submit.py", line 452, in submit
    raise AirflowException(
airflow.exceptions.AirflowException: Cannot execute: spark-submit --master spark-master:7077 --conf spark.hadoop.fs.s3a.endpoint=http://minio:9000 --conf spark.hadoop.fs.s3a.access.key=minioadmin --conf spark.hadoop.fs.s3a.secret.key=****** --conf spark.hadoop.fs.s3a.path.style.access=true --conf spark.hadoop.fs.s3a.connection.ssl.enabled=false --jars /opt/custom-jars/hadoop-aws-3.3.6.jar,/opt/custom-jars/aws-java-sdk-bundle-1.12.367.jar --name arrow-spark --verbose /opt/spark-jobs/gold_transform.py. Error code is: 1.
[2025-08-06T09:36:52.697+0000] {taskinstance.py:1206} INFO - Marking task as FAILED. dag_id=spark_gold_transform_dag, task_id=submit_spark_job, run_id=manual__2025-08-06T09:36:44.379127+00:00, execution_date=20250806T093644, start_date=20250806T093647, end_date=20250806T093652
[2025-08-06T09:36:52.707+0000] {standard_task_runner.py:110} ERROR - Failed to execute job 7 for task submit_spark_job (Cannot execute: spark-submit --master spark-master:7077 --conf spark.hadoop.fs.s3a.endpoint=http://minio:9000 --conf spark.hadoop.fs.s3a.access.key=minioadmin --conf spark.hadoop.fs.s3a.secret.key=****** --conf spark.hadoop.fs.s3a.path.style.access=true --conf spark.hadoop.fs.s3a.connection.ssl.enabled=false --jars /opt/custom-jars/hadoop-aws-3.3.6.jar,/opt/custom-jars/aws-java-sdk-bundle-1.12.367.jar --name arrow-spark --verbose /opt/spark-jobs/gold_transform.py. Error code is: 1.; 536)
[2025-08-06T09:36:52.728+0000] {local_task_job_runner.py:240} INFO - Task exited with return code 1
[2025-08-06T09:36:52.744+0000] {taskinstance.py:3498} INFO - 0 downstream tasks scheduled from follow-on schedule check
[2025-08-06T09:36:52.746+0000] {local_task_job_runner.py:222} INFO - ::endgroup::
