[2025-08-07T13:03:15.766+0000] {local_task_job_runner.py:120} INFO - ::group::Pre task execution logs
[2025-08-07T13:03:15.817+0000] {taskinstance.py:2076} INFO - Dependencies all met for dep_context=non-requeueable deps ti=<TaskInstance: spark_transform_topcv.submit_spark_job manual__2025-08-07T13:03:11.350865+00:00 [queued]>
[2025-08-07T13:03:15.827+0000] {taskinstance.py:2076} INFO - Dependencies all met for dep_context=requeueable deps ti=<TaskInstance: spark_transform_topcv.submit_spark_job manual__2025-08-07T13:03:11.350865+00:00 [queued]>
[2025-08-07T13:03:15.827+0000] {taskinstance.py:2306} INFO - Starting attempt 1 of 1
[2025-08-07T13:03:15.838+0000] {taskinstance.py:2330} INFO - Executing <Task(SparkSubmitOperator): submit_spark_job> on 2025-08-07 13:03:11.350865+00:00
[2025-08-07T13:03:15.855+0000] {standard_task_runner.py:63} INFO - Started process 185 to run task
[2025-08-07T13:03:15.857+0000] {standard_task_runner.py:90} INFO - Running: ['***', 'tasks', 'run', 'spark_transform_topcv', 'submit_spark_job', 'manual__2025-08-07T13:03:11.350865+00:00', '--job-id', '50', '--raw', '--subdir', 'DAGS_FOLDER/etl_jobs_dag.py', '--cfg-path', '/tmp/tmpyikxu96j']
[2025-08-07T13:03:15.859+0000] {standard_task_runner.py:91} INFO - Job 50: Subtask submit_spark_job
[2025-08-07T13:03:15.922+0000] {task_command.py:426} INFO - Running <TaskInstance: spark_transform_topcv.submit_spark_job manual__2025-08-07T13:03:11.350865+00:00 [running]> on host 0d9cbc3d310d
[2025-08-07T13:03:16.014+0000] {taskinstance.py:2648} INFO - Exporting env vars: AIRFLOW_CTX_DAG_OWNER='***' AIRFLOW_CTX_DAG_ID='spark_transform_topcv' AIRFLOW_CTX_TASK_ID='submit_spark_job' AIRFLOW_CTX_EXECUTION_DATE='2025-08-07T13:03:11.350865+00:00' AIRFLOW_CTX_TRY_NUMBER='1' AIRFLOW_CTX_DAG_RUN_ID='manual__2025-08-07T13:03:11.350865+00:00'
[2025-08-07T13:03:16.015+0000] {taskinstance.py:430} INFO - ::endgroup::
[2025-08-07T13:03:16.044+0000] {base.py:84} INFO - Using connection ID 'spark_default' for task execution.
[2025-08-07T13:03:16.045+0000] {spark_submit.py:351} INFO - Spark-Submit cmd: spark-submit --master spark://spark-master:7077 --conf spark.hadoop.fs.s3a.endpoint=http://minio:9000 --conf spark.hadoop.fs.s3a.access.key=minioadmin --conf spark.hadoop.fs.s3a.secret.key=****** --conf spark.hadoop.fs.s3a.path.style.access=true --conf spark.hadoop.fs.s3a.impl=org.apache.hadoop.fs.s3a.S3AFileSystem --conf spark.hadoop.fs.s3a.connection.ssl.enabled=false --conf spark.hadoop.fs.s3a.connection.establish.timeout=60000 --jars /opt/custom-jars/hadoop-aws-3.3.6.jar,/opt/custom-jars/aws-java-sdk-bundle-1.12.367.jar --name arrow-spark --verbose /opt/spark-jobs/gold_transform.py
[2025-08-07T13:03:16.889+0000] {spark_submit.py:521} INFO - WARNING: Using incubator modules: jdk.incubator.vector
[2025-08-07T13:03:18.346+0000] {spark_submit.py:521} INFO - Parsed arguments:
[2025-08-07T13:03:18.347+0000] {spark_submit.py:521} INFO - master                  spark://spark-master:7077
[2025-08-07T13:03:18.348+0000] {spark_submit.py:521} INFO - remote                  null
[2025-08-07T13:03:18.349+0000] {spark_submit.py:521} INFO - deployMode              null
[2025-08-07T13:03:18.349+0000] {spark_submit.py:521} INFO - executorMemory          null
[2025-08-07T13:03:18.349+0000] {spark_submit.py:521} INFO - executorCores           null
[2025-08-07T13:03:18.350+0000] {spark_submit.py:521} INFO - totalExecutorCores      null
[2025-08-07T13:03:18.350+0000] {spark_submit.py:521} INFO - propertiesFile          null
[2025-08-07T13:03:18.351+0000] {spark_submit.py:521} INFO - driverMemory            null
[2025-08-07T13:03:18.351+0000] {spark_submit.py:521} INFO - driverCores             null
[2025-08-07T13:03:18.351+0000] {spark_submit.py:521} INFO - driverExtraClassPath    null
[2025-08-07T13:03:18.352+0000] {spark_submit.py:521} INFO - driverExtraLibraryPath  null
[2025-08-07T13:03:18.352+0000] {spark_submit.py:521} INFO - driverExtraJavaOptions  null
[2025-08-07T13:03:18.353+0000] {spark_submit.py:521} INFO - supervise               false
[2025-08-07T13:03:18.353+0000] {spark_submit.py:521} INFO - queue                   null
[2025-08-07T13:03:18.353+0000] {spark_submit.py:521} INFO - numExecutors            null
[2025-08-07T13:03:18.354+0000] {spark_submit.py:521} INFO - files                   null
[2025-08-07T13:03:18.354+0000] {spark_submit.py:521} INFO - pyFiles                 null
[2025-08-07T13:03:18.354+0000] {spark_submit.py:521} INFO - archives                null
[2025-08-07T13:03:18.354+0000] {spark_submit.py:521} INFO - mainClass               null
[2025-08-07T13:03:18.354+0000] {spark_submit.py:521} INFO - primaryResource         file:/opt/spark-jobs/gold_transform.py
[2025-08-07T13:03:18.355+0000] {spark_submit.py:521} INFO - name                    arrow-spark
[2025-08-07T13:03:18.355+0000] {spark_submit.py:521} INFO - childArgs               []
[2025-08-07T13:03:18.355+0000] {spark_submit.py:521} INFO - jars                    file:/opt/custom-jars/hadoop-aws-3.3.6.jar,file:/opt/custom-jars/aws-java-sdk-bundle-1.12.367.jar
[2025-08-07T13:03:18.355+0000] {spark_submit.py:521} INFO - packages                null
[2025-08-07T13:03:18.355+0000] {spark_submit.py:521} INFO - packagesExclusions      null
[2025-08-07T13:03:18.356+0000] {spark_submit.py:521} INFO - repositories            null
[2025-08-07T13:03:18.356+0000] {spark_submit.py:521} INFO - verbose                 true
[2025-08-07T13:03:18.356+0000] {spark_submit.py:521} INFO - 
[2025-08-07T13:03:18.357+0000] {spark_submit.py:521} INFO - Spark properties used, including those specified through
[2025-08-07T13:03:18.357+0000] {spark_submit.py:521} INFO - --conf and those from the properties file null:
[2025-08-07T13:03:18.357+0000] {spark_submit.py:521} INFO - (spark.hadoop.fs.s3a.access.key,*********(redacted))
[2025-08-07T13:03:18.357+0000] {spark_submit.py:521} INFO - (spark.hadoop.fs.s3a.connection.establish.timeout,60000)
[2025-08-07T13:03:18.357+0000] {spark_submit.py:521} INFO - (spark.hadoop.fs.s3a.connection.ssl.enabled,false)
[2025-08-07T13:03:18.357+0000] {spark_submit.py:521} INFO - (spark.hadoop.fs.s3a.endpoint,http://minio:9000)
[2025-08-07T13:03:18.358+0000] {spark_submit.py:521} INFO - (spark.hadoop.fs.s3a.impl,org.apache.hadoop.fs.s3a.S3AFileSystem)
[2025-08-07T13:03:18.358+0000] {spark_submit.py:521} INFO - (spark.hadoop.fs.s3a.path.style.access,true)
[2025-08-07T13:03:18.358+0000] {spark_submit.py:521} INFO - (spark.hadoop.fs.s3a.secret.key,*********(redacted))
[2025-08-07T13:03:18.358+0000] {spark_submit.py:521} INFO - 
[2025-08-07T13:03:18.358+0000] {spark_submit.py:521} INFO - 
[2025-08-07T13:03:19.058+0000] {spark_submit.py:521} INFO - 25/08/07 13:03:19 WARN NativeCodeLoader: Unable to load native-hadoop library for your platform... using builtin-java classes where applicable
[2025-08-07T13:03:19.269+0000] {spark_submit.py:521} INFO - Main class:
[2025-08-07T13:03:19.269+0000] {spark_submit.py:521} INFO - org.apache.spark.deploy.PythonRunner
[2025-08-07T13:03:19.272+0000] {spark_submit.py:521} INFO - Arguments:
[2025-08-07T13:03:19.272+0000] {spark_submit.py:521} INFO - file:/opt/spark-jobs/gold_transform.py
[2025-08-07T13:03:19.273+0000] {spark_submit.py:521} INFO - null
[2025-08-07T13:03:19.276+0000] {spark_submit.py:521} INFO - Spark config:
[2025-08-07T13:03:19.277+0000] {spark_submit.py:521} INFO - (spark.app.name,arrow-spark)
[2025-08-07T13:03:19.278+0000] {spark_submit.py:521} INFO - (spark.app.submitTime,1754571799245)
[2025-08-07T13:03:19.278+0000] {spark_submit.py:521} INFO - (spark.hadoop.fs.s3a.access.key,*********(redacted))
[2025-08-07T13:03:19.278+0000] {spark_submit.py:521} INFO - (spark.hadoop.fs.s3a.connection.establish.timeout,60000)
[2025-08-07T13:03:19.278+0000] {spark_submit.py:521} INFO - (spark.hadoop.fs.s3a.connection.ssl.enabled,false)
[2025-08-07T13:03:19.279+0000] {spark_submit.py:521} INFO - (spark.hadoop.fs.s3a.endpoint,http://minio:9000)
[2025-08-07T13:03:19.279+0000] {spark_submit.py:521} INFO - (spark.hadoop.fs.s3a.impl,org.apache.hadoop.fs.s3a.S3AFileSystem)
[2025-08-07T13:03:19.279+0000] {spark_submit.py:521} INFO - (spark.hadoop.fs.s3a.path.style.access,true)
[2025-08-07T13:03:19.280+0000] {spark_submit.py:521} INFO - (spark.hadoop.fs.s3a.secret.key,*********(redacted))
[2025-08-07T13:03:19.280+0000] {spark_submit.py:521} INFO - (spark.jars,file:///opt/custom-jars/hadoop-aws-3.3.6.jar,file:///opt/custom-jars/aws-java-sdk-bundle-1.12.367.jar)
[2025-08-07T13:03:19.281+0000] {spark_submit.py:521} INFO - (spark.master,spark://spark-master:7077)
[2025-08-07T13:03:19.281+0000] {spark_submit.py:521} INFO - (spark.repl.local.jars,file:///opt/custom-jars/hadoop-aws-3.3.6.jar,file:///opt/custom-jars/aws-java-sdk-bundle-1.12.367.jar)
[2025-08-07T13:03:19.281+0000] {spark_submit.py:521} INFO - (spark.submit.deployMode,client)
[2025-08-07T13:03:19.282+0000] {spark_submit.py:521} INFO - (spark.submit.pyFiles,)
[2025-08-07T13:03:19.282+0000] {spark_submit.py:521} INFO - Classpath elements:
[2025-08-07T13:03:19.282+0000] {spark_submit.py:521} INFO - file:///opt/custom-jars/hadoop-aws-3.3.6.jar
[2025-08-07T13:03:19.282+0000] {spark_submit.py:521} INFO - file:///opt/custom-jars/aws-java-sdk-bundle-1.12.367.jar
[2025-08-07T13:03:19.283+0000] {spark_submit.py:521} INFO - 
[2025-08-07T13:03:19.283+0000] {spark_submit.py:521} INFO - 
[2025-08-07T13:03:23.669+0000] {spark_submit.py:521} INFO - Using Spark's default log4j profile: org/apache/spark/log4j2-defaults.properties
[2025-08-07T13:03:23.675+0000] {spark_submit.py:521} INFO - 25/08/07 13:03:23 INFO SparkContext: Running Spark version 4.0.0
[2025-08-07T13:03:23.678+0000] {spark_submit.py:521} INFO - 25/08/07 13:03:23 INFO SparkContext: OS info Linux, 5.15.167.4-microsoft-standard-WSL2, amd64
[2025-08-07T13:03:23.680+0000] {spark_submit.py:521} INFO - 25/08/07 13:03:23 INFO SparkContext: Java version 17.0.15
[2025-08-07T13:03:23.734+0000] {spark_submit.py:521} INFO - 25/08/07 13:03:23 INFO ResourceUtils: ==============================================================
[2025-08-07T13:03:23.735+0000] {spark_submit.py:521} INFO - 25/08/07 13:03:23 INFO ResourceUtils: No custom resources configured for spark.driver.
[2025-08-07T13:03:23.735+0000] {spark_submit.py:521} INFO - 25/08/07 13:03:23 INFO ResourceUtils: ==============================================================
[2025-08-07T13:03:23.737+0000] {spark_submit.py:521} INFO - 25/08/07 13:03:23 INFO SparkContext: Submitted application: GoldTransform
[2025-08-07T13:03:23.899+0000] {spark_submit.py:521} INFO - 25/08/07 13:03:23 INFO ResourceProfile: Default ResourceProfile created, executor resources: Map(memory -> name: memory, amount: 1024, script: , vendor: , offHeap -> name: offHeap, amount: 0, script: , vendor: ), task resources: Map(cpus -> name: cpus, amount: 1.0)
[2025-08-07T13:03:23.908+0000] {spark_submit.py:521} INFO - 25/08/07 13:03:23 INFO ResourceProfile: Limiting resource is cpu
[2025-08-07T13:03:23.915+0000] {spark_submit.py:521} INFO - 25/08/07 13:03:23 INFO ResourceProfileManager: Added ResourceProfile id: 0
[2025-08-07T13:03:24.447+0000] {spark_submit.py:521} INFO - 25/08/07 13:03:24 INFO SecurityManager: Changing view acls to: ***
[2025-08-07T13:03:24.454+0000] {spark_submit.py:521} INFO - 25/08/07 13:03:24 INFO SecurityManager: Changing modify acls to: ***
[2025-08-07T13:03:24.455+0000] {spark_submit.py:521} INFO - 25/08/07 13:03:24 INFO SecurityManager: Changing view acls groups to: ***
[2025-08-07T13:03:24.459+0000] {spark_submit.py:521} INFO - 25/08/07 13:03:24 INFO SecurityManager: Changing modify acls groups to: ***
[2025-08-07T13:03:24.471+0000] {spark_submit.py:521} INFO - 25/08/07 13:03:24 INFO SecurityManager: SecurityManager: authentication disabled; ui acls disabled; users with view permissions: *** groups with view permissions: EMPTY; users with modify permissions: ***; groups with modify permissions: EMPTY; RPC SSL disabled
[2025-08-07T13:03:25.068+0000] {spark_submit.py:521} INFO - 25/08/07 13:03:25 INFO Utils: Successfully started service 'sparkDriver' on port 35177.
[2025-08-07T13:03:25.174+0000] {spark_submit.py:521} INFO - 25/08/07 13:03:25 INFO SparkEnv: Registering MapOutputTracker
[2025-08-07T13:03:25.364+0000] {spark_submit.py:521} INFO - 25/08/07 13:03:25 INFO SparkEnv: Registering BlockManagerMaster
[2025-08-07T13:03:25.490+0000] {spark_submit.py:521} INFO - 25/08/07 13:03:25 INFO BlockManagerMasterEndpoint: Using org.apache.spark.storage.DefaultTopologyMapper for getting topology information
[2025-08-07T13:03:25.492+0000] {spark_submit.py:521} INFO - 25/08/07 13:03:25 INFO BlockManagerMasterEndpoint: BlockManagerMasterEndpoint up
[2025-08-07T13:03:25.499+0000] {spark_submit.py:521} INFO - 25/08/07 13:03:25 INFO SparkEnv: Registering BlockManagerMasterHeartbeat
[2025-08-07T13:03:25.605+0000] {spark_submit.py:521} INFO - 25/08/07 13:03:25 INFO DiskBlockManager: Created local directory at /tmp/blockmgr-db425701-90c9-4626-9890-9728c5caf55f
[2025-08-07T13:03:25.631+0000] {spark_submit.py:521} INFO - 25/08/07 13:03:25 INFO SparkEnv: Registering OutputCommitCoordinator
[2025-08-07T13:03:25.824+0000] {spark_submit.py:521} INFO - 25/08/07 13:03:25 INFO JettyUtils: Start Jetty 0.0.0.0:4040 for SparkUI
[2025-08-07T13:03:27.470+0000] {spark_submit.py:521} INFO - 25/08/07 13:03:27 INFO Utils: Successfully started service 'SparkUI' on port 4040.
[2025-08-07T13:03:27.505+0000] {spark_submit.py:521} INFO - 25/08/07 13:03:27 INFO SparkContext: Added JAR file:///opt/custom-jars/hadoop-aws-3.3.6.jar at spark://0d9cbc3d310d:35177/jars/hadoop-aws-3.3.6.jar with timestamp 1754571803662
[2025-08-07T13:03:27.505+0000] {spark_submit.py:521} INFO - 25/08/07 13:03:27 INFO SparkContext: Added JAR file:///opt/custom-jars/aws-java-sdk-bundle-1.12.367.jar at spark://0d9cbc3d310d:35177/jars/aws-java-sdk-bundle-1.12.367.jar with timestamp 1754571803662
[2025-08-07T13:03:27.536+0000] {spark_submit.py:521} INFO - 25/08/07 13:03:27 INFO SecurityManager: Changing view acls to: ***
[2025-08-07T13:03:27.537+0000] {spark_submit.py:521} INFO - 25/08/07 13:03:27 INFO SecurityManager: Changing modify acls to: ***
[2025-08-07T13:03:27.537+0000] {spark_submit.py:521} INFO - 25/08/07 13:03:27 INFO SecurityManager: Changing view acls groups to: ***
[2025-08-07T13:03:27.537+0000] {spark_submit.py:521} INFO - 25/08/07 13:03:27 INFO SecurityManager: Changing modify acls groups to: ***
[2025-08-07T13:03:27.538+0000] {spark_submit.py:521} INFO - 25/08/07 13:03:27 INFO SecurityManager: SecurityManager: authentication disabled; ui acls disabled; users with view permissions: *** groups with view permissions: EMPTY; users with modify permissions: ***; groups with modify permissions: EMPTY; RPC SSL disabled
[2025-08-07T13:03:28.004+0000] {spark_submit.py:521} INFO - 25/08/07 13:03:28 INFO StandaloneAppClient$ClientEndpoint: Connecting to master spark://spark-master:7077...
[2025-08-07T13:03:28.060+0000] {spark_submit.py:521} INFO - 25/08/07 13:03:28 INFO TransportClientFactory: Successfully created connection to spark-master/172.19.0.2:7077 after 28 ms (0 ms spent in bootstraps)
[2025-08-07T13:03:30.090+0000] {spark_submit.py:521} INFO - 25/08/07 13:03:30 INFO StandaloneSchedulerBackend: Connected to Spark cluster with app ID app-20250807130329-0014
[2025-08-07T13:03:30.102+0000] {spark_submit.py:521} INFO - 25/08/07 13:03:30 INFO Utils: Successfully started service 'org.apache.spark.network.netty.NettyBlockTransferService' on port 41171.
[2025-08-07T13:03:30.102+0000] {spark_submit.py:521} INFO - 25/08/07 13:03:30 INFO NettyBlockTransferService: Server created on 0d9cbc3d310d:41171
[2025-08-07T13:03:30.104+0000] {spark_submit.py:521} INFO - 25/08/07 13:03:30 INFO BlockManager: Using org.apache.spark.storage.RandomBlockReplicationPolicy for block replication policy
[2025-08-07T13:03:30.132+0000] {spark_submit.py:521} INFO - 25/08/07 13:03:30 INFO BlockManagerMaster: Registering BlockManager BlockManagerId(driver, 0d9cbc3d310d, 41171, None)
[2025-08-07T13:03:30.148+0000] {spark_submit.py:521} INFO - 25/08/07 13:03:30 INFO BlockManagerMasterEndpoint: Registering block manager 0d9cbc3d310d:41171 with 434.4 MiB RAM, BlockManagerId(driver, 0d9cbc3d310d, 41171, None)
[2025-08-07T13:03:30.150+0000] {spark_submit.py:521} INFO - 25/08/07 13:03:30 INFO BlockManagerMaster: Registered BlockManager BlockManagerId(driver, 0d9cbc3d310d, 41171, None)
[2025-08-07T13:03:30.151+0000] {spark_submit.py:521} INFO - 25/08/07 13:03:30 INFO BlockManager: Initialized BlockManager: BlockManagerId(driver, 0d9cbc3d310d, 41171, None)
[2025-08-07T13:03:30.200+0000] {spark_submit.py:521} INFO - 25/08/07 13:03:30 INFO StandaloneAppClient$ClientEndpoint: Executor added: app-20250807130329-0014/0 on worker-20250807105757-172.19.0.5-41585 (172.19.0.5:41585) with 2 core(s)
[2025-08-07T13:03:30.201+0000] {spark_submit.py:521} INFO - 25/08/07 13:03:30 INFO StandaloneSchedulerBackend: Granted executor ID app-20250807130329-0014/0 on hostPort 172.19.0.5:41585 with 2 core(s), 1024.0 MiB RAM
[2025-08-07T13:03:30.469+0000] {spark_submit.py:521} INFO - 25/08/07 13:03:30 INFO StandaloneSchedulerBackend: SchedulerBackend is ready for scheduling beginning after reached minRegisteredResourcesRatio: 0.0
[2025-08-07T13:03:31.084+0000] {spark_submit.py:521} INFO - 25/08/07 13:03:31 INFO StandaloneAppClient$ClientEndpoint: Executor updated: app-20250807130329-0014/0 is now RUNNING
[2025-08-07T13:03:33.404+0000] {spark_submit.py:521} INFO - 25/08/07 13:03:33 INFO SharedState: Setting hive.metastore.warehouse.dir ('null') to the value of spark.sql.warehouse.dir.
[2025-08-07T13:03:33.406+0000] {spark_submit.py:521} INFO - 25/08/07 13:03:33 INFO SharedState: Warehouse path is 'file:/opt/***/spark-warehouse'.
[2025-08-07T13:03:34.697+0000] {spark_submit.py:521} INFO - 25/08/07 13:03:34 WARN MetricsConfig: Cannot locate configuration: tried hadoop-metrics2-s3a-file-system.properties,hadoop-metrics2.properties
[2025-08-07T13:03:34.718+0000] {spark_submit.py:521} INFO - 25/08/07 13:03:34 INFO MetricsSystemImpl: Scheduled Metric snapshot period at 10 second(s).
[2025-08-07T13:03:34.718+0000] {spark_submit.py:521} INFO - 25/08/07 13:03:34 INFO MetricsSystemImpl: s3a-file-system metrics system started
[2025-08-07T13:03:34.732+0000] {spark_submit.py:521} INFO - 25/08/07 13:03:34 INFO MetricsSystemImpl: Stopping s3a-file-system metrics system...
[2025-08-07T13:03:34.733+0000] {spark_submit.py:521} INFO - 25/08/07 13:03:34 INFO MetricsSystemImpl: s3a-file-system metrics system stopped.
[2025-08-07T13:03:34.733+0000] {spark_submit.py:521} INFO - 25/08/07 13:03:34 INFO MetricsSystemImpl: s3a-file-system metrics system shutdown complete.
[2025-08-07T13:03:34.734+0000] {spark_submit.py:521} INFO - 25/08/07 13:03:34 WARN FileSystem: Failed to initialize filesystem s3a://bronze/topcv/topcv_jobs.parquet: java.lang.NumberFormatException: For input string: "60s"
[2025-08-07T13:03:34.736+0000] {spark_submit.py:521} INFO - 25/08/07 13:03:34 WARN FileStreamSink: Assume no metadata directory. Error while looking for metadata directory in the path: s3a://bronze/topcv/topcv_jobs.parquet.
[2025-08-07T13:03:34.736+0000] {spark_submit.py:521} INFO - java.lang.NumberFormatException: For input string: "60s"
[2025-08-07T13:03:34.737+0000] {spark_submit.py:521} INFO - at java.base/java.lang.NumberFormatException.forInputString(NumberFormatException.java:67)
[2025-08-07T13:03:34.737+0000] {spark_submit.py:521} INFO - at java.base/java.lang.Long.parseLong(Long.java:711)
[2025-08-07T13:03:34.737+0000] {spark_submit.py:521} INFO - at java.base/java.lang.Long.parseLong(Long.java:836)
[2025-08-07T13:03:34.737+0000] {spark_submit.py:521} INFO - at org.apache.hadoop.conf.Configuration.getLong(Configuration.java:1607)
[2025-08-07T13:03:34.738+0000] {spark_submit.py:521} INFO - at org.apache.hadoop.fs.s3a.S3AUtils.longOption(S3AUtils.java:985)
[2025-08-07T13:03:34.738+0000] {spark_submit.py:521} INFO - at org.apache.hadoop.fs.s3a.S3AFileSystem.initThreadPools(S3AFileSystem.java:785)
[2025-08-07T13:03:34.738+0000] {spark_submit.py:521} INFO - at org.apache.hadoop.fs.s3a.S3AFileSystem.initialize(S3AFileSystem.java:555)
[2025-08-07T13:03:34.738+0000] {spark_submit.py:521} INFO - at org.apache.hadoop.fs.FileSystem.createFileSystem(FileSystem.java:3615)
[2025-08-07T13:03:34.738+0000] {spark_submit.py:521} INFO - at org.apache.hadoop.fs.FileSystem.access$300(FileSystem.java:172)
[2025-08-07T13:03:34.738+0000] {spark_submit.py:521} INFO - at org.apache.hadoop.fs.FileSystem$Cache.getInternal(FileSystem.java:3716)
[2025-08-07T13:03:34.739+0000] {spark_submit.py:521} INFO - at org.apache.hadoop.fs.FileSystem$Cache.get(FileSystem.java:3667)
[2025-08-07T13:03:34.739+0000] {spark_submit.py:521} INFO - at org.apache.hadoop.fs.FileSystem.get(FileSystem.java:557)
[2025-08-07T13:03:34.739+0000] {spark_submit.py:521} INFO - at org.apache.hadoop.fs.Path.getFileSystem(Path.java:366)
[2025-08-07T13:03:34.739+0000] {spark_submit.py:521} INFO - at org.apache.spark.sql.execution.streaming.FileStreamSink$.hasMetadata(FileStreamSink.scala:55)
[2025-08-07T13:03:34.739+0000] {spark_submit.py:521} INFO - at org.apache.spark.sql.execution.datasources.DataSource.resolveRelation(DataSource.scala:381)
[2025-08-07T13:03:34.740+0000] {spark_submit.py:521} INFO - at org.apache.spark.sql.catalyst.analysis.ResolveDataSource.org$apache$spark$sql$catalyst$analysis$ResolveDataSource$$loadV1BatchSource(ResolveDataSource.scala:143)
[2025-08-07T13:03:34.740+0000] {spark_submit.py:521} INFO - at org.apache.spark.sql.catalyst.analysis.ResolveDataSource$$anonfun$apply$1.$anonfun$applyOrElse$2(ResolveDataSource.scala:61)
[2025-08-07T13:03:34.740+0000] {spark_submit.py:521} INFO - at scala.Option.getOrElse(Option.scala:201)
[2025-08-07T13:03:34.740+0000] {spark_submit.py:521} INFO - at org.apache.spark.sql.catalyst.analysis.ResolveDataSource$$anonfun$apply$1.applyOrElse(ResolveDataSource.scala:61)
[2025-08-07T13:03:34.741+0000] {spark_submit.py:521} INFO - at org.apache.spark.sql.catalyst.analysis.ResolveDataSource$$anonfun$apply$1.applyOrElse(ResolveDataSource.scala:45)
[2025-08-07T13:03:34.741+0000] {spark_submit.py:521} INFO - at org.apache.spark.sql.catalyst.plans.logical.AnalysisHelper.$anonfun$resolveOperatorsUpWithPruning$3(AnalysisHelper.scala:139)
[2025-08-07T13:03:34.741+0000] {spark_submit.py:521} INFO - at org.apache.spark.sql.catalyst.trees.CurrentOrigin$.withOrigin(origin.scala:86)
[2025-08-07T13:03:34.741+0000] {spark_submit.py:521} INFO - at org.apache.spark.sql.catalyst.plans.logical.AnalysisHelper.$anonfun$resolveOperatorsUpWithPruning$1(AnalysisHelper.scala:139)
[2025-08-07T13:03:34.741+0000] {spark_submit.py:521} INFO - at org.apache.spark.sql.catalyst.plans.logical.AnalysisHelper$.allowInvokingTransformsInAnalyzer(AnalysisHelper.scala:416)
[2025-08-07T13:03:34.742+0000] {spark_submit.py:521} INFO - at org.apache.spark.sql.catalyst.plans.logical.AnalysisHelper.resolveOperatorsUpWithPruning(AnalysisHelper.scala:135)
[2025-08-07T13:03:34.742+0000] {spark_submit.py:521} INFO - at org.apache.spark.sql.catalyst.plans.logical.AnalysisHelper.resolveOperatorsUpWithPruning$(AnalysisHelper.scala:131)
[2025-08-07T13:03:34.742+0000] {spark_submit.py:521} INFO - at org.apache.spark.sql.catalyst.plans.logical.LogicalPlan.resolveOperatorsUpWithPruning(LogicalPlan.scala:37)
[2025-08-07T13:03:34.742+0000] {spark_submit.py:521} INFO - at org.apache.spark.sql.catalyst.plans.logical.AnalysisHelper.resolveOperatorsUp(AnalysisHelper.scala:112)
[2025-08-07T13:03:34.742+0000] {spark_submit.py:521} INFO - at org.apache.spark.sql.catalyst.plans.logical.AnalysisHelper.resolveOperatorsUp$(AnalysisHelper.scala:111)
[2025-08-07T13:03:34.743+0000] {spark_submit.py:521} INFO - at org.apache.spark.sql.catalyst.plans.logical.LogicalPlan.resolveOperatorsUp(LogicalPlan.scala:37)
[2025-08-07T13:03:34.743+0000] {spark_submit.py:521} INFO - at org.apache.spark.sql.catalyst.analysis.ResolveDataSource.apply(ResolveDataSource.scala:45)
[2025-08-07T13:03:34.743+0000] {spark_submit.py:521} INFO - at org.apache.spark.sql.catalyst.analysis.ResolveDataSource.apply(ResolveDataSource.scala:43)
[2025-08-07T13:03:34.743+0000] {spark_submit.py:521} INFO - at org.apache.spark.sql.catalyst.rules.RuleExecutor.$anonfun$execute$2(RuleExecutor.scala:242)
[2025-08-07T13:03:34.743+0000] {spark_submit.py:521} INFO - at scala.collection.LinearSeqOps.foldLeft(LinearSeq.scala:183)
[2025-08-07T13:03:34.744+0000] {spark_submit.py:521} INFO - at scala.collection.LinearSeqOps.foldLeft$(LinearSeq.scala:179)
[2025-08-07T13:03:34.744+0000] {spark_submit.py:521} INFO - at scala.collection.immutable.List.foldLeft(List.scala:79)
[2025-08-07T13:03:34.744+0000] {spark_submit.py:521} INFO - at org.apache.spark.sql.catalyst.rules.RuleExecutor.$anonfun$execute$1(RuleExecutor.scala:239)
[2025-08-07T13:03:34.744+0000] {spark_submit.py:521} INFO - at org.apache.spark.sql.catalyst.rules.RuleExecutor.$anonfun$execute$1$adapted(RuleExecutor.scala:231)
[2025-08-07T13:03:34.746+0000] {spark_submit.py:521} INFO - at scala.collection.immutable.List.foreach(List.scala:334)
[2025-08-07T13:03:34.746+0000] {spark_submit.py:521} INFO - at org.apache.spark.sql.catalyst.rules.RuleExecutor.execute(RuleExecutor.scala:231)
[2025-08-07T13:03:34.747+0000] {spark_submit.py:521} INFO - at org.apache.spark.sql.catalyst.analysis.Analyzer.org$apache$spark$sql$catalyst$analysis$Analyzer$$executeSameContext(Analyzer.scala:290)
[2025-08-07T13:03:34.747+0000] {spark_submit.py:521} INFO - at org.apache.spark.sql.catalyst.analysis.Analyzer.$anonfun$execute$1(Analyzer.scala:286)
[2025-08-07T13:03:34.748+0000] {spark_submit.py:521} INFO - at org.apache.spark.sql.catalyst.analysis.AnalysisContext$.withNewAnalysisContext(Analyzer.scala:234)
[2025-08-07T13:03:34.748+0000] {spark_submit.py:521} INFO - at org.apache.spark.sql.catalyst.analysis.Analyzer.execute(Analyzer.scala:286)
[2025-08-07T13:03:34.749+0000] {spark_submit.py:521} INFO - at org.apache.spark.sql.catalyst.analysis.Analyzer.execute(Analyzer.scala:249)
[2025-08-07T13:03:34.749+0000] {spark_submit.py:521} INFO - at org.apache.spark.sql.catalyst.rules.RuleExecutor.$anonfun$executeAndTrack$1(RuleExecutor.scala:201)
[2025-08-07T13:03:34.749+0000] {spark_submit.py:521} INFO - at org.apache.spark.sql.catalyst.QueryPlanningTracker$.withTracker(QueryPlanningTracker.scala:89)
[2025-08-07T13:03:34.749+0000] {spark_submit.py:521} INFO - at org.apache.spark.sql.catalyst.rules.RuleExecutor.executeAndTrack(RuleExecutor.scala:201)
[2025-08-07T13:03:34.750+0000] {spark_submit.py:521} INFO - at org.apache.spark.sql.catalyst.analysis.resolver.HybridAnalyzer.resolveInFixedPoint(HybridAnalyzer.scala:190)
[2025-08-07T13:03:34.750+0000] {spark_submit.py:521} INFO - at org.apache.spark.sql.catalyst.analysis.resolver.HybridAnalyzer.$anonfun$apply$1(HybridAnalyzer.scala:76)
[2025-08-07T13:03:34.750+0000] {spark_submit.py:521} INFO - at org.apache.spark.sql.catalyst.analysis.resolver.HybridAnalyzer.withTrackedAnalyzerBridgeState(HybridAnalyzer.scala:111)
[2025-08-07T13:03:34.751+0000] {spark_submit.py:521} INFO - at org.apache.spark.sql.catalyst.analysis.resolver.HybridAnalyzer.apply(HybridAnalyzer.scala:71)
[2025-08-07T13:03:34.751+0000] {spark_submit.py:521} INFO - at org.apache.spark.sql.catalyst.analysis.Analyzer.$anonfun$executeAndCheck$1(Analyzer.scala:280)
[2025-08-07T13:03:34.751+0000] {spark_submit.py:521} INFO - at org.apache.spark.sql.catalyst.plans.logical.AnalysisHelper$.markInAnalyzer(AnalysisHelper.scala:423)
[2025-08-07T13:03:34.752+0000] {spark_submit.py:521} INFO - at org.apache.spark.sql.catalyst.analysis.Analyzer.executeAndCheck(Analyzer.scala:280)
[2025-08-07T13:03:34.752+0000] {spark_submit.py:521} INFO - at org.apache.spark.sql.execution.QueryExecution.$anonfun$lazyAnalyzed$2(QueryExecution.scala:110)
[2025-08-07T13:03:34.752+0000] {spark_submit.py:521} INFO - at org.apache.spark.sql.catalyst.QueryPlanningTracker.measurePhase(QueryPlanningTracker.scala:148)
[2025-08-07T13:03:34.752+0000] {spark_submit.py:521} INFO - at org.apache.spark.sql.execution.QueryExecution.$anonfun$executePhase$2(QueryExecution.scala:278)
[2025-08-07T13:03:34.753+0000] {spark_submit.py:521} INFO - at org.apache.spark.sql.execution.QueryExecution$.withInternalError(QueryExecution.scala:654)
[2025-08-07T13:03:34.753+0000] {spark_submit.py:521} INFO - at org.apache.spark.sql.execution.QueryExecution.$anonfun$executePhase$1(QueryExecution.scala:278)
[2025-08-07T13:03:34.753+0000] {spark_submit.py:521} INFO - at org.apache.spark.sql.SparkSession.withActive(SparkSession.scala:804)
[2025-08-07T13:03:34.754+0000] {spark_submit.py:521} INFO - at org.apache.spark.sql.execution.QueryExecution.executePhase(QueryExecution.scala:277)
[2025-08-07T13:03:34.754+0000] {spark_submit.py:521} INFO - at org.apache.spark.sql.execution.QueryExecution.$anonfun$lazyAnalyzed$1(QueryExecution.scala:110)
[2025-08-07T13:03:34.754+0000] {spark_submit.py:521} INFO - at scala.util.Try$.apply(Try.scala:217)
[2025-08-07T13:03:34.755+0000] {spark_submit.py:521} INFO - at org.apache.spark.util.Utils$.doTryWithCallerStacktrace(Utils.scala:1378)
[2025-08-07T13:03:34.755+0000] {spark_submit.py:521} INFO - at org.apache.spark.util.LazyTry.tryT$lzycompute(LazyTry.scala:46)
[2025-08-07T13:03:34.755+0000] {spark_submit.py:521} INFO - at org.apache.spark.util.LazyTry.tryT(LazyTry.scala:46)
[2025-08-07T13:03:34.756+0000] {spark_submit.py:521} INFO - at org.apache.spark.util.LazyTry.get(LazyTry.scala:58)
[2025-08-07T13:03:34.756+0000] {spark_submit.py:521} INFO - at org.apache.spark.sql.execution.QueryExecution.analyzed(QueryExecution.scala:121)
[2025-08-07T13:03:34.756+0000] {spark_submit.py:521} INFO - at org.apache.spark.sql.execution.QueryExecution.assertAnalyzed(QueryExecution.scala:80)
[2025-08-07T13:03:34.756+0000] {spark_submit.py:521} INFO - at org.apache.spark.sql.classic.Dataset$.$anonfun$ofRows$1(Dataset.scala:115)
[2025-08-07T13:03:34.757+0000] {spark_submit.py:521} INFO - at org.apache.spark.sql.SparkSession.withActive(SparkSession.scala:804)
[2025-08-07T13:03:34.757+0000] {spark_submit.py:521} INFO - at org.apache.spark.sql.classic.Dataset$.ofRows(Dataset.scala:113)
[2025-08-07T13:03:34.758+0000] {spark_submit.py:521} INFO - at org.apache.spark.sql.classic.DataFrameReader.load(DataFrameReader.scala:109)
[2025-08-07T13:03:34.758+0000] {spark_submit.py:521} INFO - at org.apache.spark.sql.classic.DataFrameReader.load(DataFrameReader.scala:58)
[2025-08-07T13:03:34.758+0000] {spark_submit.py:521} INFO - at org.apache.spark.sql.DataFrameReader.parquet(DataFrameReader.scala:457)
[2025-08-07T13:03:34.758+0000] {spark_submit.py:521} INFO - at org.apache.spark.sql.classic.DataFrameReader.parquet(DataFrameReader.scala:306)
[2025-08-07T13:03:34.759+0000] {spark_submit.py:521} INFO - at org.apache.spark.sql.classic.DataFrameReader.parquet(DataFrameReader.scala:58)
[2025-08-07T13:03:34.759+0000] {spark_submit.py:521} INFO - at java.base/jdk.internal.reflect.NativeMethodAccessorImpl.invoke0(Native Method)
[2025-08-07T13:03:34.759+0000] {spark_submit.py:521} INFO - at java.base/jdk.internal.reflect.NativeMethodAccessorImpl.invoke(NativeMethodAccessorImpl.java:77)
[2025-08-07T13:03:34.760+0000] {spark_submit.py:521} INFO - at java.base/jdk.internal.reflect.DelegatingMethodAccessorImpl.invoke(DelegatingMethodAccessorImpl.java:43)
[2025-08-07T13:03:34.760+0000] {spark_submit.py:521} INFO - at java.base/java.lang.reflect.Method.invoke(Method.java:569)
[2025-08-07T13:03:34.760+0000] {spark_submit.py:521} INFO - at py4j.reflection.MethodInvoker.invoke(MethodInvoker.java:244)
[2025-08-07T13:03:34.761+0000] {spark_submit.py:521} INFO - at py4j.reflection.ReflectionEngine.invoke(ReflectionEngine.java:374)
[2025-08-07T13:03:34.761+0000] {spark_submit.py:521} INFO - at py4j.Gateway.invoke(Gateway.java:282)
[2025-08-07T13:03:34.761+0000] {spark_submit.py:521} INFO - at py4j.commands.AbstractCommand.invokeMethod(AbstractCommand.java:132)
[2025-08-07T13:03:34.762+0000] {spark_submit.py:521} INFO - at py4j.commands.CallCommand.execute(CallCommand.java:79)
[2025-08-07T13:03:34.762+0000] {spark_submit.py:521} INFO - at py4j.ClientServerConnection.waitForCommands(ClientServerConnection.java:184)
[2025-08-07T13:03:34.763+0000] {spark_submit.py:521} INFO - at py4j.ClientServerConnection.run(ClientServerConnection.java:108)
[2025-08-07T13:03:34.763+0000] {spark_submit.py:521} INFO - at java.base/java.lang.Thread.run(Thread.java:840)
[2025-08-07T13:03:34.764+0000] {spark_submit.py:521} INFO - 25/08/07 13:03:34 WARN MetricsConfig: Cannot locate configuration: tried hadoop-metrics2-s3a-file-system.properties,hadoop-metrics2.properties
[2025-08-07T13:03:34.764+0000] {spark_submit.py:521} INFO - 25/08/07 13:03:34 INFO MetricsSystemImpl: Scheduled Metric snapshot period at 10 second(s).
[2025-08-07T13:03:34.764+0000] {spark_submit.py:521} INFO - 25/08/07 13:03:34 INFO MetricsSystemImpl: s3a-file-system metrics system started
[2025-08-07T13:03:34.765+0000] {spark_submit.py:521} INFO - 25/08/07 13:03:34 INFO MetricsSystemImpl: Stopping s3a-file-system metrics system...
[2025-08-07T13:03:34.765+0000] {spark_submit.py:521} INFO - 25/08/07 13:03:34 INFO MetricsSystemImpl: s3a-file-system metrics system stopped.
[2025-08-07T13:03:34.766+0000] {spark_submit.py:521} INFO - 25/08/07 13:03:34 INFO MetricsSystemImpl: s3a-file-system metrics system shutdown complete.
[2025-08-07T13:03:34.766+0000] {spark_submit.py:521} INFO - 25/08/07 13:03:34 WARN FileSystem: Failed to initialize filesystem s3a://bronze/topcv/topcv_jobs.parquet: java.lang.NumberFormatException: For input string: "60s"
[2025-08-07T13:03:34.843+0000] {spark_submit.py:521} INFO - Traceback (most recent call last):
[2025-08-07T13:03:34.843+0000] {spark_submit.py:521} INFO - File "/opt/spark-jobs/gold_transform.py", line 12, in <module>
[2025-08-07T13:03:34.846+0000] {spark_submit.py:521} INFO - df = spark.read.parquet("s3a://bronze/topcv/topcv_jobs.parquet")
[2025-08-07T13:03:34.847+0000] {spark_submit.py:521} INFO - ^^^^^^^^^^^^^^^^^^^^^^^^^^^^^^^^^^^^^^^^^^^^^^^^^^^^^^^^^^^
[2025-08-07T13:03:34.848+0000] {spark_submit.py:521} INFO - File "/home/***/.local/lib/python3.11/site-packages/pyspark/python/lib/pyspark.zip/pyspark/sql/readwriter.py", line 642, in parquet
[2025-08-07T13:03:34.849+0000] {spark_submit.py:521} INFO - File "/home/***/.local/lib/python3.11/site-packages/pyspark/python/lib/py4j-0.10.9.9-src.zip/py4j/java_gateway.py", line 1362, in __call__
[2025-08-07T13:03:34.849+0000] {spark_submit.py:521} INFO - File "/home/***/.local/lib/python3.11/site-packages/pyspark/python/lib/pyspark.zip/pyspark/errors/exceptions/captured.py", line 288, in deco
[2025-08-07T13:03:34.862+0000] {spark_submit.py:521} INFO - pyspark.errors.exceptions.captured.NumberFormatException: For input string: "60s"
[2025-08-07T13:03:35.293+0000] {spark_submit.py:521} INFO - 25/08/07 13:03:35 INFO SparkContext: Invoking stop() from shutdown hook
[2025-08-07T13:03:35.297+0000] {spark_submit.py:521} INFO - 25/08/07 13:03:35 INFO SparkContext: SparkContext is stopping with exitCode 0 from run at Executors.java:539.
[2025-08-07T13:03:35.311+0000] {spark_submit.py:521} INFO - 25/08/07 13:03:35 INFO SparkUI: Stopped Spark web UI at http://0d9cbc3d310d:4040
[2025-08-07T13:03:35.315+0000] {spark_submit.py:521} INFO - 25/08/07 13:03:35 INFO StandaloneSchedulerBackend: Shutting down all executors
[2025-08-07T13:03:35.322+0000] {spark_submit.py:521} INFO - 25/08/07 13:03:35 INFO StandaloneSchedulerBackend$StandaloneDriverEndpoint: Asking each executor to shut down
[2025-08-07T13:03:35.345+0000] {spark_submit.py:521} INFO - 25/08/07 13:03:35 INFO MapOutputTrackerMasterEndpoint: MapOutputTrackerMasterEndpoint stopped!
[2025-08-07T13:03:35.403+0000] {spark_submit.py:521} INFO - 25/08/07 13:03:35 INFO MemoryStore: MemoryStore started with capacity 434.4 MiB
[2025-08-07T13:03:35.404+0000] {spark_submit.py:521} INFO - 25/08/07 13:03:35 INFO MemoryStore: MemoryStore cleared
[2025-08-07T13:03:35.404+0000] {spark_submit.py:521} INFO - 25/08/07 13:03:35 INFO BlockManager: BlockManager stopped
[2025-08-07T13:03:35.418+0000] {spark_submit.py:521} INFO - 25/08/07 13:03:35 INFO BlockManagerMaster: BlockManagerMaster stopped
[2025-08-07T13:03:35.420+0000] {spark_submit.py:521} INFO - 25/08/07 13:03:35 INFO OutputCommitCoordinator$OutputCommitCoordinatorEndpoint: OutputCommitCoordinator stopped!
[2025-08-07T13:03:35.434+0000] {spark_submit.py:521} INFO - 25/08/07 13:03:35 INFO SparkContext: Successfully stopped SparkContext
[2025-08-07T13:03:35.434+0000] {spark_submit.py:521} INFO - 25/08/07 13:03:35 INFO ShutdownHookManager: Shutdown hook called
[2025-08-07T13:03:35.435+0000] {spark_submit.py:521} INFO - 25/08/07 13:03:35 INFO ShutdownHookManager: Deleting directory /tmp/spark-59b1f9d3-5c8e-4b30-8a21-f26a23151367/pyspark-e5533e49-af5b-4808-b58f-a6a99fab4c32
[2025-08-07T13:03:35.440+0000] {spark_submit.py:521} INFO - 25/08/07 13:03:35 INFO ShutdownHookManager: Deleting directory /tmp/spark-f38b602a-52e7-49db-80b3-aa48fe27b82c
[2025-08-07T13:03:35.446+0000] {spark_submit.py:521} INFO - 25/08/07 13:03:35 INFO ShutdownHookManager: Deleting directory /tmp/spark-59b1f9d3-5c8e-4b30-8a21-f26a23151367
[2025-08-07T13:03:35.501+0000] {taskinstance.py:441} INFO - ::group::Post task execution logs
[2025-08-07T13:03:35.514+0000] {taskinstance.py:2905} ERROR - Task failed with exception
Traceback (most recent call last):
  File "/home/airflow/.local/lib/python3.11/site-packages/airflow/models/taskinstance.py", line 465, in _execute_task
    result = _execute_callable(context=context, **execute_callable_kwargs)
             ^^^^^^^^^^^^^^^^^^^^^^^^^^^^^^^^^^^^^^^^^^^^^^^^^^^^^^^^^^^^^
  File "/home/airflow/.local/lib/python3.11/site-packages/airflow/models/taskinstance.py", line 432, in _execute_callable
    return execute_callable(context=context, **execute_callable_kwargs)
           ^^^^^^^^^^^^^^^^^^^^^^^^^^^^^^^^^^^^^^^^^^^^^^^^^^^^^^^^^^^^
  File "/home/airflow/.local/lib/python3.11/site-packages/airflow/models/baseoperator.py", line 400, in wrapper
    return func(self, *args, **kwargs)
           ^^^^^^^^^^^^^^^^^^^^^^^^^^^
  File "/home/airflow/.local/lib/python3.11/site-packages/airflow/providers/apache/spark/operators/spark_submit.py", line 156, in execute
    self._hook.submit(self._application)
  File "/home/airflow/.local/lib/python3.11/site-packages/airflow/providers/apache/spark/hooks/spark_submit.py", line 452, in submit
    raise AirflowException(
airflow.exceptions.AirflowException: Cannot execute: spark-submit --master spark://spark-master:7077 --conf spark.hadoop.fs.s3a.endpoint=http://minio:9000 --conf spark.hadoop.fs.s3a.access.key=minioadmin --conf spark.hadoop.fs.s3a.secret.key=****** --conf spark.hadoop.fs.s3a.path.style.access=true --conf spark.hadoop.fs.s3a.impl=org.apache.hadoop.fs.s3a.S3AFileSystem --conf spark.hadoop.fs.s3a.connection.ssl.enabled=false --conf spark.hadoop.fs.s3a.connection.establish.timeout=60000 --jars /opt/custom-jars/hadoop-aws-3.3.6.jar,/opt/custom-jars/aws-java-sdk-bundle-1.12.367.jar --name arrow-spark --verbose /opt/spark-jobs/gold_transform.py. Error code is: 1.
[2025-08-07T13:03:35.524+0000] {taskinstance.py:1206} INFO - Marking task as FAILED. dag_id=spark_transform_topcv, task_id=submit_spark_job, run_id=manual__2025-08-07T13:03:11.350865+00:00, execution_date=20250807T130311, start_date=20250807T130315, end_date=20250807T130335
[2025-08-07T13:03:35.543+0000] {standard_task_runner.py:110} ERROR - Failed to execute job 50 for task submit_spark_job (Cannot execute: spark-submit --master spark://spark-master:7077 --conf spark.hadoop.fs.s3a.endpoint=http://minio:9000 --conf spark.hadoop.fs.s3a.access.key=minioadmin --conf spark.hadoop.fs.s3a.secret.key=****** --conf spark.hadoop.fs.s3a.path.style.access=true --conf spark.hadoop.fs.s3a.impl=org.apache.hadoop.fs.s3a.S3AFileSystem --conf spark.hadoop.fs.s3a.connection.ssl.enabled=false --conf spark.hadoop.fs.s3a.connection.establish.timeout=60000 --jars /opt/custom-jars/hadoop-aws-3.3.6.jar,/opt/custom-jars/aws-java-sdk-bundle-1.12.367.jar --name arrow-spark --verbose /opt/spark-jobs/gold_transform.py. Error code is: 1.; 185)
[2025-08-07T13:03:35.558+0000] {local_task_job_runner.py:240} INFO - Task exited with return code 1
[2025-08-07T13:03:35.578+0000] {taskinstance.py:3498} INFO - 0 downstream tasks scheduled from follow-on schedule check
[2025-08-07T13:03:35.580+0000] {local_task_job_runner.py:222} INFO - ::endgroup::
