[2025-08-13T08:44:26.310+0000] {local_task_job_runner.py:120} INFO - ::group::Pre task execution logs
[2025-08-13T08:44:26.431+0000] {taskinstance.py:2076} INFO - Dependencies all met for dep_context=non-requeueable deps ti=<TaskInstance: spark_transform_pipeline.silver_topcv_transform manual__2025-08-13T08:44:20.643148+00:00 [queued]>
[2025-08-13T08:44:26.460+0000] {taskinstance.py:2076} INFO - Dependencies all met for dep_context=requeueable deps ti=<TaskInstance: spark_transform_pipeline.silver_topcv_transform manual__2025-08-13T08:44:20.643148+00:00 [queued]>
[2025-08-13T08:44:26.461+0000] {taskinstance.py:2306} INFO - Starting attempt 1 of 1
[2025-08-13T08:44:26.494+0000] {taskinstance.py:2330} INFO - Executing <Task(SparkSubmitOperator): silver_topcv_transform> on 2025-08-13 08:44:20.643148+00:00
[2025-08-13T08:44:26.512+0000] {standard_task_runner.py:63} INFO - Started process 269 to run task
[2025-08-13T08:44:26.518+0000] {standard_task_runner.py:90} INFO - Running: ['***', 'tasks', 'run', 'spark_transform_pipeline', 'silver_topcv_transform', 'manual__2025-08-13T08:44:20.643148+00:00', '--job-id', '93', '--raw', '--subdir', 'DAGS_FOLDER/etl_jobs_dag.py', '--cfg-path', '/tmp/tmplp6frzlu']
[2025-08-13T08:44:26.522+0000] {standard_task_runner.py:91} INFO - Job 93: Subtask silver_topcv_transform
[2025-08-13T08:44:26.634+0000] {task_command.py:426} INFO - Running <TaskInstance: spark_transform_pipeline.silver_topcv_transform manual__2025-08-13T08:44:20.643148+00:00 [running]> on host 89a37f983b11
[2025-08-13T08:44:26.807+0000] {taskinstance.py:2648} INFO - Exporting env vars: AIRFLOW_CTX_DAG_OWNER='***' AIRFLOW_CTX_DAG_ID='spark_transform_pipeline' AIRFLOW_CTX_TASK_ID='silver_topcv_transform' AIRFLOW_CTX_EXECUTION_DATE='2025-08-13T08:44:20.643148+00:00' AIRFLOW_CTX_TRY_NUMBER='1' AIRFLOW_CTX_DAG_RUN_ID='manual__2025-08-13T08:44:20.643148+00:00'
[2025-08-13T08:44:26.809+0000] {taskinstance.py:430} INFO - ::endgroup::
[2025-08-13T08:44:26.872+0000] {base.py:84} INFO - Using connection ID 'spark_default' for task execution.
[2025-08-13T08:44:26.876+0000] {spark_submit.py:351} INFO - Spark-Submit cmd: spark-submit --master spark://spark-master:7077 --conf spark.master=spark://spark-master:7077 --conf spark.driver.extraClassPath=/opt/custom-jars/* --conf spark.executor.extraClassPath=/opt/custom-jars/* --conf spark.hadoop.fs.gs.impl=com.google.cloud.hadoop.fs.gcs.GoogleHadoopFileSystem --conf spark.hadoop.fs.AbstractFileSystem.gs.impl=com.google.cloud.hadoop.fs.gcs.GoogleHadoopFS --conf spark.hadoop.google.cloud.auth.service.account.enable=true --conf spark.hadoop.google.cloud.auth.service.account.json.keyfile=/opt/***/gcp-key.json --jars /opt/custom-jars/gcs-connector-hadoop3-2.2.14-shaded.jar --name arrow-spark --verbose /opt/spark-jobs/transform/silver_topcv_transform.py
[2025-08-13T08:44:28.288+0000] {spark_submit.py:521} INFO - WARNING: Using incubator modules: jdk.incubator.vector
[2025-08-13T08:44:31.114+0000] {spark_submit.py:521} INFO - Parsed arguments:
[2025-08-13T08:44:31.115+0000] {spark_submit.py:521} INFO - master                  spark://spark-master:7077
[2025-08-13T08:44:31.116+0000] {spark_submit.py:521} INFO - remote                  null
[2025-08-13T08:44:31.117+0000] {spark_submit.py:521} INFO - deployMode              null
[2025-08-13T08:44:31.117+0000] {spark_submit.py:521} INFO - executorMemory          null
[2025-08-13T08:44:31.118+0000] {spark_submit.py:521} INFO - executorCores           null
[2025-08-13T08:44:31.118+0000] {spark_submit.py:521} INFO - totalExecutorCores      null
[2025-08-13T08:44:31.118+0000] {spark_submit.py:521} INFO - propertiesFile          null
[2025-08-13T08:44:31.119+0000] {spark_submit.py:521} INFO - driverMemory            null
[2025-08-13T08:44:31.119+0000] {spark_submit.py:521} INFO - driverCores             null
[2025-08-13T08:44:31.119+0000] {spark_submit.py:521} INFO - driverExtraClassPath    /opt/custom-jars/*
[2025-08-13T08:44:31.120+0000] {spark_submit.py:521} INFO - driverExtraLibraryPath  null
[2025-08-13T08:44:31.120+0000] {spark_submit.py:521} INFO - driverExtraJavaOptions  null
[2025-08-13T08:44:31.120+0000] {spark_submit.py:521} INFO - supervise               false
[2025-08-13T08:44:31.121+0000] {spark_submit.py:521} INFO - queue                   null
[2025-08-13T08:44:31.121+0000] {spark_submit.py:521} INFO - numExecutors            null
[2025-08-13T08:44:31.121+0000] {spark_submit.py:521} INFO - files                   null
[2025-08-13T08:44:31.122+0000] {spark_submit.py:521} INFO - pyFiles                 null
[2025-08-13T08:44:31.122+0000] {spark_submit.py:521} INFO - archives                null
[2025-08-13T08:44:31.122+0000] {spark_submit.py:521} INFO - mainClass               null
[2025-08-13T08:44:31.123+0000] {spark_submit.py:521} INFO - primaryResource         file:/opt/spark-jobs/transform/silver_topcv_transform.py
[2025-08-13T08:44:31.123+0000] {spark_submit.py:521} INFO - name                    arrow-spark
[2025-08-13T08:44:31.124+0000] {spark_submit.py:521} INFO - childArgs               []
[2025-08-13T08:44:31.124+0000] {spark_submit.py:521} INFO - jars                    file:/opt/custom-jars/gcs-connector-hadoop3-2.2.14-shaded.jar
[2025-08-13T08:44:31.125+0000] {spark_submit.py:521} INFO - packages                null
[2025-08-13T08:44:31.126+0000] {spark_submit.py:521} INFO - packagesExclusions      null
[2025-08-13T08:44:31.126+0000] {spark_submit.py:521} INFO - repositories            null
[2025-08-13T08:44:31.126+0000] {spark_submit.py:521} INFO - verbose                 true
[2025-08-13T08:44:31.127+0000] {spark_submit.py:521} INFO - 
[2025-08-13T08:44:31.127+0000] {spark_submit.py:521} INFO - Spark properties used, including those specified through
[2025-08-13T08:44:31.128+0000] {spark_submit.py:521} INFO - --conf and those from the properties file null:
[2025-08-13T08:44:31.129+0000] {spark_submit.py:521} INFO - (spark.driver.extraClassPath,/opt/custom-jars/*)
[2025-08-13T08:44:31.129+0000] {spark_submit.py:521} INFO - (spark.executor.extraClassPath,/opt/custom-jars/*)
[2025-08-13T08:44:31.130+0000] {spark_submit.py:521} INFO - (spark.hadoop.fs.AbstractFileSystem.gs.impl,com.google.cloud.hadoop.fs.gcs.GoogleHadoopFS)
[2025-08-13T08:44:31.130+0000] {spark_submit.py:521} INFO - (spark.hadoop.fs.gs.impl,com.google.cloud.hadoop.fs.gcs.GoogleHadoopFileSystem)
[2025-08-13T08:44:31.130+0000] {spark_submit.py:521} INFO - (spark.hadoop.google.cloud.auth.service.account.enable,true)
[2025-08-13T08:44:31.131+0000] {spark_submit.py:521} INFO - (spark.hadoop.google.cloud.auth.service.account.json.keyfile,/opt/***/gcp-key.json)
[2025-08-13T08:44:31.131+0000] {spark_submit.py:521} INFO - (spark.master,spark://spark-master:7077)
[2025-08-13T08:44:31.131+0000] {spark_submit.py:521} INFO - 
[2025-08-13T08:44:31.131+0000] {spark_submit.py:521} INFO - 
[2025-08-13T08:44:31.768+0000] {spark_submit.py:521} INFO - 25/08/13 08:44:31 WARN NativeCodeLoader: Unable to load native-hadoop library for your platform... using builtin-java classes where applicable
[2025-08-13T08:44:32.786+0000] {spark_submit.py:521} INFO - Main class:
[2025-08-13T08:44:32.787+0000] {spark_submit.py:521} INFO - org.apache.spark.deploy.PythonRunner
[2025-08-13T08:44:32.788+0000] {spark_submit.py:521} INFO - Arguments:
[2025-08-13T08:44:32.788+0000] {spark_submit.py:521} INFO - file:/opt/spark-jobs/transform/silver_topcv_transform.py
[2025-08-13T08:44:32.789+0000] {spark_submit.py:521} INFO - null
[2025-08-13T08:44:32.791+0000] {spark_submit.py:521} INFO - Spark config:
[2025-08-13T08:44:32.792+0000] {spark_submit.py:521} INFO - (spark.app.name,arrow-spark)
[2025-08-13T08:44:32.793+0000] {spark_submit.py:521} INFO - (spark.app.submitTime,1755074672758)
[2025-08-13T08:44:32.793+0000] {spark_submit.py:521} INFO - (spark.driver.extraClassPath,/opt/custom-jars/*)
[2025-08-13T08:44:32.793+0000] {spark_submit.py:521} INFO - (spark.executor.extraClassPath,/opt/custom-jars/*)
[2025-08-13T08:44:32.794+0000] {spark_submit.py:521} INFO - (spark.hadoop.fs.AbstractFileSystem.gs.impl,com.google.cloud.hadoop.fs.gcs.GoogleHadoopFS)
[2025-08-13T08:44:32.794+0000] {spark_submit.py:521} INFO - (spark.hadoop.fs.gs.impl,com.google.cloud.hadoop.fs.gcs.GoogleHadoopFileSystem)
[2025-08-13T08:44:32.795+0000] {spark_submit.py:521} INFO - (spark.hadoop.google.cloud.auth.service.account.enable,true)
[2025-08-13T08:44:32.795+0000] {spark_submit.py:521} INFO - (spark.hadoop.google.cloud.auth.service.account.json.keyfile,/opt/***/gcp-key.json)
[2025-08-13T08:44:32.795+0000] {spark_submit.py:521} INFO - (spark.jars,file:///opt/custom-jars/gcs-connector-hadoop3-2.2.14-shaded.jar)
[2025-08-13T08:44:32.796+0000] {spark_submit.py:521} INFO - (spark.master,spark://spark-master:7077)
[2025-08-13T08:44:32.796+0000] {spark_submit.py:521} INFO - (spark.repl.local.jars,file:///opt/custom-jars/gcs-connector-hadoop3-2.2.14-shaded.jar)
[2025-08-13T08:44:32.796+0000] {spark_submit.py:521} INFO - (spark.submit.deployMode,client)
[2025-08-13T08:44:32.797+0000] {spark_submit.py:521} INFO - (spark.submit.pyFiles,)
[2025-08-13T08:44:32.797+0000] {spark_submit.py:521} INFO - Classpath elements:
[2025-08-13T08:44:32.797+0000] {spark_submit.py:521} INFO - file:///opt/custom-jars/gcs-connector-hadoop3-2.2.14-shaded.jar
[2025-08-13T08:44:32.798+0000] {spark_submit.py:521} INFO - 
[2025-08-13T08:44:32.798+0000] {spark_submit.py:521} INFO - 
[2025-08-13T08:44:34.644+0000] {spark_submit.py:521} INFO - Using Spark's default log4j profile: org/apache/spark/log4j2-defaults.properties
[2025-08-13T08:44:34.652+0000] {spark_submit.py:521} INFO - 25/08/13 08:44:34 INFO SparkContext: Running Spark version 4.0.0
[2025-08-13T08:44:34.654+0000] {spark_submit.py:521} INFO - 25/08/13 08:44:34 INFO SparkContext: OS info Linux, 5.15.167.4-microsoft-standard-WSL2, amd64
[2025-08-13T08:44:34.655+0000] {spark_submit.py:521} INFO - 25/08/13 08:44:34 INFO SparkContext: Java version 17.0.15
[2025-08-13T08:44:34.695+0000] {spark_submit.py:521} INFO - 25/08/13 08:44:34 INFO ResourceUtils: ==============================================================
[2025-08-13T08:44:34.696+0000] {spark_submit.py:521} INFO - 25/08/13 08:44:34 INFO ResourceUtils: No custom resources configured for spark.driver.
[2025-08-13T08:44:34.696+0000] {spark_submit.py:521} INFO - 25/08/13 08:44:34 INFO ResourceUtils: ==============================================================
[2025-08-13T08:44:34.697+0000] {spark_submit.py:521} INFO - 25/08/13 08:44:34 INFO SparkContext: Submitted application: silver_topcv_transform
[2025-08-13T08:44:34.722+0000] {spark_submit.py:521} INFO - 25/08/13 08:44:34 INFO ResourceProfile: Default ResourceProfile created, executor resources: Map(memory -> name: memory, amount: 1024, script: , vendor: , offHeap -> name: offHeap, amount: 0, script: , vendor: ), task resources: Map(cpus -> name: cpus, amount: 1.0)
[2025-08-13T08:44:34.725+0000] {spark_submit.py:521} INFO - 25/08/13 08:44:34 INFO ResourceProfile: Limiting resource is cpu
[2025-08-13T08:44:34.726+0000] {spark_submit.py:521} INFO - 25/08/13 08:44:34 INFO ResourceProfileManager: Added ResourceProfile id: 0
[2025-08-13T08:44:34.789+0000] {spark_submit.py:521} INFO - 25/08/13 08:44:34 INFO SecurityManager: Changing view acls to: ***
[2025-08-13T08:44:34.790+0000] {spark_submit.py:521} INFO - 25/08/13 08:44:34 INFO SecurityManager: Changing modify acls to: ***
[2025-08-13T08:44:34.791+0000] {spark_submit.py:521} INFO - 25/08/13 08:44:34 INFO SecurityManager: Changing view acls groups to: ***
[2025-08-13T08:44:34.791+0000] {spark_submit.py:521} INFO - 25/08/13 08:44:34 INFO SecurityManager: Changing modify acls groups to: ***
[2025-08-13T08:44:34.794+0000] {spark_submit.py:521} INFO - 25/08/13 08:44:34 INFO SecurityManager: SecurityManager: authentication disabled; ui acls disabled; users with view permissions: *** groups with view permissions: EMPTY; users with modify permissions: ***; groups with modify permissions: EMPTY; RPC SSL disabled
[2025-08-13T08:44:35.094+0000] {spark_submit.py:521} INFO - 25/08/13 08:44:35 INFO Utils: Successfully started service 'sparkDriver' on port 40905.
[2025-08-13T08:44:35.129+0000] {spark_submit.py:521} INFO - 25/08/13 08:44:35 INFO SparkEnv: Registering MapOutputTracker
[2025-08-13T08:44:35.141+0000] {spark_submit.py:521} INFO - 25/08/13 08:44:35 INFO SparkEnv: Registering BlockManagerMaster
[2025-08-13T08:44:35.157+0000] {spark_submit.py:521} INFO - 25/08/13 08:44:35 INFO BlockManagerMasterEndpoint: Using org.apache.spark.storage.DefaultTopologyMapper for getting topology information
[2025-08-13T08:44:35.159+0000] {spark_submit.py:521} INFO - 25/08/13 08:44:35 INFO BlockManagerMasterEndpoint: BlockManagerMasterEndpoint up
[2025-08-13T08:44:35.164+0000] {spark_submit.py:521} INFO - 25/08/13 08:44:35 INFO SparkEnv: Registering BlockManagerMasterHeartbeat
[2025-08-13T08:44:35.189+0000] {spark_submit.py:521} INFO - 25/08/13 08:44:35 INFO DiskBlockManager: Created local directory at /tmp/blockmgr-b0337c8c-810e-44c7-acea-205618dc483c
[2025-08-13T08:44:35.216+0000] {spark_submit.py:521} INFO - 25/08/13 08:44:35 INFO SparkEnv: Registering OutputCommitCoordinator
[2025-08-13T08:44:35.425+0000] {spark_submit.py:521} INFO - 25/08/13 08:44:35 INFO JettyUtils: Start Jetty 0.0.0.0:4040 for SparkUI
[2025-08-13T08:44:35.542+0000] {spark_submit.py:521} INFO - 25/08/13 08:44:35 INFO Utils: Successfully started service 'SparkUI' on port 4040.
[2025-08-13T08:44:35.592+0000] {spark_submit.py:521} INFO - 25/08/13 08:44:35 INFO SparkContext: Added JAR file:///opt/custom-jars/gcs-connector-hadoop3-2.2.14-shaded.jar at spark://89a37f983b11:40905/jars/gcs-connector-hadoop3-2.2.14-shaded.jar with timestamp 1755074674635
[2025-08-13T08:44:35.632+0000] {spark_submit.py:521} INFO - 25/08/13 08:44:35 INFO SecurityManager: Changing view acls to: ***
[2025-08-13T08:44:35.633+0000] {spark_submit.py:521} INFO - 25/08/13 08:44:35 INFO SecurityManager: Changing modify acls to: ***
[2025-08-13T08:44:35.634+0000] {spark_submit.py:521} INFO - 25/08/13 08:44:35 INFO SecurityManager: Changing view acls groups to: ***
[2025-08-13T08:44:35.634+0000] {spark_submit.py:521} INFO - 25/08/13 08:44:35 INFO SecurityManager: Changing modify acls groups to: ***
[2025-08-13T08:44:35.634+0000] {spark_submit.py:521} INFO - 25/08/13 08:44:35 INFO SecurityManager: SecurityManager: authentication disabled; ui acls disabled; users with view permissions: *** groups with view permissions: EMPTY; users with modify permissions: ***; groups with modify permissions: EMPTY; RPC SSL disabled
[2025-08-13T08:44:35.970+0000] {spark_submit.py:521} INFO - 25/08/13 08:44:35 INFO StandaloneAppClient$ClientEndpoint: Connecting to master spark://spark-master:7077...
[2025-08-13T08:44:36.075+0000] {spark_submit.py:521} INFO - 25/08/13 08:44:36 INFO TransportClientFactory: Successfully created connection to spark-master/172.18.0.3:7077 after 48 ms (0 ms spent in bootstraps)
[2025-08-13T08:44:36.550+0000] {spark_submit.py:521} INFO - 25/08/13 08:44:36 INFO StandaloneSchedulerBackend: Connected to Spark cluster with app ID app-20250813084436-0001
[2025-08-13T08:44:36.564+0000] {spark_submit.py:521} INFO - 25/08/13 08:44:36 INFO Utils: Successfully started service 'org.apache.spark.network.netty.NettyBlockTransferService' on port 43365.
[2025-08-13T08:44:36.566+0000] {spark_submit.py:521} INFO - 25/08/13 08:44:36 INFO NettyBlockTransferService: Server created on 89a37f983b11:43365
[2025-08-13T08:44:36.568+0000] {spark_submit.py:521} INFO - 25/08/13 08:44:36 INFO BlockManager: Using org.apache.spark.storage.RandomBlockReplicationPolicy for block replication policy
[2025-08-13T08:44:36.600+0000] {spark_submit.py:521} INFO - 25/08/13 08:44:36 INFO BlockManagerMaster: Registering BlockManager BlockManagerId(driver, 89a37f983b11, 43365, None)
[2025-08-13T08:44:36.611+0000] {spark_submit.py:521} INFO - 25/08/13 08:44:36 INFO BlockManagerMasterEndpoint: Registering block manager 89a37f983b11:43365 with 434.4 MiB RAM, BlockManagerId(driver, 89a37f983b11, 43365, None)
[2025-08-13T08:44:36.615+0000] {spark_submit.py:521} INFO - 25/08/13 08:44:36 INFO BlockManagerMaster: Registered BlockManager BlockManagerId(driver, 89a37f983b11, 43365, None)
[2025-08-13T08:44:36.617+0000] {spark_submit.py:521} INFO - 25/08/13 08:44:36 INFO BlockManager: Initialized BlockManager: BlockManagerId(driver, 89a37f983b11, 43365, None)
[2025-08-13T08:44:36.628+0000] {spark_submit.py:521} INFO - 25/08/13 08:44:36 INFO StandaloneAppClient$ClientEndpoint: Executor added: app-20250813084436-0001/0 on worker-20250813083942-172.18.0.5-44267 (172.18.0.5:44267) with 2 core(s)
[2025-08-13T08:44:36.631+0000] {spark_submit.py:521} INFO - 25/08/13 08:44:36 INFO StandaloneSchedulerBackend: Granted executor ID app-20250813084436-0001/0 on hostPort 172.18.0.5:44267 with 2 core(s), 1024.0 MiB RAM
[2025-08-13T08:44:36.823+0000] {spark_submit.py:521} INFO - 25/08/13 08:44:36 INFO StandaloneSchedulerBackend: SchedulerBackend is ready for scheduling beginning after reached minRegisteredResourcesRatio: 0.0
[2025-08-13T08:44:37.924+0000] {spark_submit.py:521} INFO - 25/08/13 08:44:37 INFO StandaloneAppClient$ClientEndpoint: Executor updated: app-20250813084436-0001/0 is now RUNNING
[2025-08-13T08:44:41.592+0000] {spark_submit.py:521} INFO - 25/08/13 08:44:41 INFO SharedState: Setting hive.metastore.warehouse.dir ('null') to the value of spark.sql.warehouse.dir.
[2025-08-13T08:44:41.598+0000] {spark_submit.py:521} INFO - 25/08/13 08:44:41 INFO SharedState: Warehouse path is 'file:/opt/***/spark-warehouse'.
[2025-08-13T08:44:49.333+0000] {spark_submit.py:521} INFO - 25/08/13 08:44:49 INFO StandaloneSchedulerBackend$StandaloneDriverEndpoint: Registered executor NettyRpcEndpointRef(spark-client://Executor) (172.18.0.5:47532) with ID 0, ResourceProfileId 0
[2025-08-13T08:44:49.586+0000] {spark_submit.py:521} INFO - 25/08/13 08:44:49 INFO InMemoryFileIndex: It took 249 ms to list leaf files for 1 paths.
[2025-08-13T08:44:49.608+0000] {spark_submit.py:521} INFO - 25/08/13 08:44:49 INFO BlockManagerMasterEndpoint: Registering block manager 172.18.0.5:42883 with 434.4 MiB RAM, BlockManagerId(0, 172.18.0.5, 42883, None)
[2025-08-13T08:44:49.868+0000] {spark_submit.py:521} INFO - 25/08/13 08:44:49 INFO SparkContext: Starting job: parquet at NativeMethodAccessorImpl.java:0
[2025-08-13T08:44:49.888+0000] {spark_submit.py:521} INFO - 25/08/13 08:44:49 INFO DAGScheduler: Got job 0 (parquet at NativeMethodAccessorImpl.java:0) with 1 output partitions
[2025-08-13T08:44:49.891+0000] {spark_submit.py:521} INFO - 25/08/13 08:44:49 INFO DAGScheduler: Final stage: ResultStage 0 (parquet at NativeMethodAccessorImpl.java:0)
[2025-08-13T08:44:49.893+0000] {spark_submit.py:521} INFO - 25/08/13 08:44:49 INFO DAGScheduler: Parents of final stage: List()
[2025-08-13T08:44:49.898+0000] {spark_submit.py:521} INFO - 25/08/13 08:44:49 INFO DAGScheduler: Missing parents: List()
[2025-08-13T08:44:49.901+0000] {spark_submit.py:521} INFO - 25/08/13 08:44:49 INFO DAGScheduler: Submitting ResultStage 0 (MapPartitionsRDD[1] at parquet at NativeMethodAccessorImpl.java:0), which has no missing parents
[2025-08-13T08:44:49.945+0000] {spark_submit.py:521} INFO - 25/08/13 08:44:49 INFO MemoryStore: MemoryStore started with capacity 434.4 MiB
[2025-08-13T08:44:49.956+0000] {spark_submit.py:521} INFO - 25/08/13 08:44:49 INFO MemoryStore: Block broadcast_0 stored as values in memory (estimated size 116.0 KiB, free 434.3 MiB)
[2025-08-13T08:44:50.020+0000] {spark_submit.py:521} INFO - 25/08/13 08:44:50 INFO MemoryStore: Block broadcast_0_piece0 stored as bytes in memory (estimated size 41.8 KiB, free 434.2 MiB)
[2025-08-13T08:44:50.029+0000] {spark_submit.py:521} INFO - 25/08/13 08:44:50 INFO SparkContext: Created broadcast 0 from broadcast at DAGScheduler.scala:1676
[2025-08-13T08:44:50.053+0000] {spark_submit.py:521} INFO - 25/08/13 08:44:50 INFO DAGScheduler: Submitting 1 missing tasks from ResultStage 0 (MapPartitionsRDD[1] at parquet at NativeMethodAccessorImpl.java:0) (first 15 tasks are for partitions Vector(0))
[2025-08-13T08:44:50.065+0000] {spark_submit.py:521} INFO - 25/08/13 08:44:50 INFO TaskSchedulerImpl: Adding task set 0.0 with 1 tasks resource profile 0
[2025-08-13T08:44:50.795+0000] {spark_submit.py:521} INFO - 25/08/13 08:44:50 INFO TaskSetManager: Starting task 0.0 in stage 0.0 (TID 0) (172.18.0.5,executor 0, partition 0, PROCESS_LOCAL, 9999 bytes)
[2025-08-13T08:44:54.011+0000] {spark_submit.py:521} INFO - 25/08/13 08:44:54 INFO TaskSetManager: Finished task 0.0 in stage 0.0 (TID 0) in 3229 ms on 172.18.0.5 (executor 0) (1/1)
[2025-08-13T08:44:54.012+0000] {spark_submit.py:521} INFO - 25/08/13 08:44:54 INFO TaskSchedulerImpl: Removed TaskSet 0.0 whose tasks have all completed, from pool
[2025-08-13T08:44:54.017+0000] {spark_submit.py:521} INFO - 25/08/13 08:44:54 INFO DAGScheduler: ResultStage 0 (parquet at NativeMethodAccessorImpl.java:0) finished in 4097 ms
[2025-08-13T08:44:54.019+0000] {spark_submit.py:521} INFO - 25/08/13 08:44:54 INFO DAGScheduler: Job 0 is finished. Cancelling potential speculative or zombie tasks for this job
[2025-08-13T08:44:54.019+0000] {spark_submit.py:521} INFO - 25/08/13 08:44:54 INFO TaskSchedulerImpl: Canceling stage 0
[2025-08-13T08:44:54.021+0000] {spark_submit.py:521} INFO - 25/08/13 08:44:54 INFO TaskSchedulerImpl: Killing all running tasks in stage 0: Stage finished
[2025-08-13T08:44:54.022+0000] {spark_submit.py:521} INFO - 25/08/13 08:44:54 INFO DAGScheduler: Job 0 finished: parquet at NativeMethodAccessorImpl.java:0, took 4154.69344 ms
[2025-08-13T08:44:54.854+0000] {spark_submit.py:521} INFO - 25/08/13 08:44:54 INFO MemoryStore: Block broadcast_1 stored as values in memory (estimated size 208.0 B, free 434.4 MiB)
[2025-08-13T08:44:54.857+0000] {spark_submit.py:521} INFO - 25/08/13 08:44:54 INFO MemoryStore: Block broadcast_1_piece0 stored as bytes in memory (estimated size 789.0 B, free 434.4 MiB)
[2025-08-13T08:44:54.858+0000] {spark_submit.py:521} INFO - 25/08/13 08:44:54 INFO SparkContext: Created broadcast 1 from broadcast at NativeMethodAccessorImpl.java:0
[2025-08-13T08:44:55.637+0000] {spark_submit.py:521} INFO - 25/08/13 08:44:55 INFO FileSourceStrategy: Pushed Filters: IsNotNull(requirements),Not(EqualTo(requirements,)),IsNotNull(description),Not(EqualTo(description,))
[2025-08-13T08:44:55.640+0000] {spark_submit.py:521} INFO - 25/08/13 08:44:55 INFO FileSourceStrategy: Post-Scan Filters: Set(isnotnull(trim(lower(title#1), None)), NOT (trim(lower(title#1), None) = ), isnotnull(trim(company_name#2, None)), NOT (trim(company_name#2, None) = ), isnotnull(requirements#9), NOT (requirements#9 = ), isnotnull(description#8), NOT (description#8 = ))
[2025-08-13T08:44:56.192+0000] {spark_submit.py:521} INFO - 25/08/13 08:44:56 INFO CodeGenerator: Code generated in 225.755177 ms
[2025-08-13T08:44:56.313+0000] {spark_submit.py:521} INFO - 25/08/13 08:44:56 INFO CodeGenerator: Code generated in 58.398214 ms
[2025-08-13T08:44:56.352+0000] {spark_submit.py:521} INFO - 25/08/13 08:44:56 INFO MemoryStore: Block broadcast_2 stored as values in memory (estimated size 219.5 KiB, free 434.2 MiB)
[2025-08-13T08:44:56.371+0000] {spark_submit.py:521} INFO - 25/08/13 08:44:56 INFO MemoryStore: Block broadcast_2_piece0 stored as bytes in memory (estimated size 40.0 KiB, free 434.1 MiB)
[2025-08-13T08:44:56.376+0000] {spark_submit.py:521} INFO - 25/08/13 08:44:56 INFO SparkContext: Created broadcast 2 from $anonfun$withThreadLocalCaptured$2 at CompletableFuture.java:1768
[2025-08-13T08:44:56.406+0000] {spark_submit.py:521} INFO - 25/08/13 08:44:56 INFO FileSourceScanExec: Planning scan with bin packing, max size: 4194304 bytes, open cost is considered as scanning 4194304 bytes.
[2025-08-13T08:44:56.594+0000] {spark_submit.py:521} INFO - 25/08/13 08:44:56 INFO DAGScheduler: Registering RDD 9 ($anonfun$withThreadLocalCaptured$2 at CompletableFuture.java:1768) as input to shuffle 0
[2025-08-13T08:44:56.597+0000] {spark_submit.py:521} INFO - 25/08/13 08:44:56 INFO DAGScheduler: Got map stage job 1 ($anonfun$withThreadLocalCaptured$2 at CompletableFuture.java:1768) with 1 output partitions
[2025-08-13T08:44:56.598+0000] {spark_submit.py:521} INFO - 25/08/13 08:44:56 INFO DAGScheduler: Final stage: ShuffleMapStage 1 ($anonfun$withThreadLocalCaptured$2 at CompletableFuture.java:1768)
[2025-08-13T08:44:56.598+0000] {spark_submit.py:521} INFO - 25/08/13 08:44:56 INFO DAGScheduler: Parents of final stage: List()
[2025-08-13T08:44:56.599+0000] {spark_submit.py:521} INFO - 25/08/13 08:44:56 INFO DAGScheduler: Missing parents: List()
[2025-08-13T08:44:56.599+0000] {spark_submit.py:521} INFO - 25/08/13 08:44:56 INFO DAGScheduler: Submitting ShuffleMapStage 1 (MapPartitionsRDD[9] at $anonfun$withThreadLocalCaptured$2 at CompletableFuture.java:1768), which has no missing parents
[2025-08-13T08:44:56.621+0000] {spark_submit.py:521} INFO - 25/08/13 08:44:56 INFO MemoryStore: Block broadcast_3 stored as values in memory (estimated size 98.8 KiB, free 434.0 MiB)
[2025-08-13T08:44:56.629+0000] {spark_submit.py:521} INFO - 25/08/13 08:44:56 INFO MemoryStore: Block broadcast_3_piece0 stored as bytes in memory (estimated size 36.0 KiB, free 434.0 MiB)
[2025-08-13T08:44:56.630+0000] {spark_submit.py:521} INFO - 25/08/13 08:44:56 INFO SparkContext: Created broadcast 3 from broadcast at DAGScheduler.scala:1676
[2025-08-13T08:44:56.631+0000] {spark_submit.py:521} INFO - 25/08/13 08:44:56 INFO DAGScheduler: Submitting 1 missing tasks from ShuffleMapStage 1 (MapPartitionsRDD[9] at $anonfun$withThreadLocalCaptured$2 at CompletableFuture.java:1768) (first 15 tasks are for partitions Vector(0))
[2025-08-13T08:44:56.632+0000] {spark_submit.py:521} INFO - 25/08/13 08:44:56 INFO TaskSchedulerImpl: Adding task set 1.0 with 1 tasks resource profile 0
[2025-08-13T08:44:56.635+0000] {spark_submit.py:521} INFO - 25/08/13 08:44:56 INFO TaskSetManager: Starting task 0.0 in stage 1.0 (TID 1) (172.18.0.5,executor 0, partition 0, PROCESS_LOCAL, 10429 bytes)
[2025-08-13T08:45:03.427+0000] {spark_submit.py:521} INFO - 25/08/13 08:45:03 INFO TaskSetManager: Finished task 0.0 in stage 1.0 (TID 1) in 6795 ms on 172.18.0.5 (executor 0) (1/1)
[2025-08-13T08:45:03.428+0000] {spark_submit.py:521} INFO - 25/08/13 08:45:03 INFO TaskSchedulerImpl: Removed TaskSet 1.0 whose tasks have all completed, from pool
[2025-08-13T08:45:03.429+0000] {spark_submit.py:521} INFO - 25/08/13 08:45:03 INFO PythonAccumulatorV2: Connected to AccumulatorServer at host: 127.0.0.1 port: 47375
[2025-08-13T08:45:03.433+0000] {spark_submit.py:521} INFO - 25/08/13 08:45:03 INFO DAGScheduler: ShuffleMapStage 1 ($anonfun$withThreadLocalCaptured$2 at CompletableFuture.java:1768) finished in 6830 ms
[2025-08-13T08:45:03.433+0000] {spark_submit.py:521} INFO - 25/08/13 08:45:03 INFO DAGScheduler: looking for newly runnable stages
[2025-08-13T08:45:03.434+0000] {spark_submit.py:521} INFO - 25/08/13 08:45:03 INFO DAGScheduler: running: HashSet()
[2025-08-13T08:45:03.434+0000] {spark_submit.py:521} INFO - 25/08/13 08:45:03 INFO DAGScheduler: waiting: HashSet()
[2025-08-13T08:45:03.435+0000] {spark_submit.py:521} INFO - 25/08/13 08:45:03 INFO DAGScheduler: failed: HashSet()
[2025-08-13T08:45:03.461+0000] {spark_submit.py:521} INFO - 25/08/13 08:45:03 INFO ShufflePartitionsUtil: For shuffle(0, advisory target size: 67108864, actual target size 1048576, minimum partition size: 1048576
[2025-08-13T08:45:04.950+0000] {spark_submit.py:521} INFO - 25/08/13 08:45:04 INFO ParquetUtils: Using default output committer for Parquet: org.apache.parquet.hadoop.ParquetOutputCommitter
[2025-08-13T08:45:04.972+0000] {spark_submit.py:521} INFO - 25/08/13 08:45:04 INFO FileOutputCommitter: File Output Committer Algorithm version is 1
[2025-08-13T08:45:04.973+0000] {spark_submit.py:521} INFO - 25/08/13 08:45:04 INFO FileOutputCommitter: FileOutputCommitter skip cleanup _temporary folders under output directory:false, ignore cleanup failures: false
[2025-08-13T08:45:04.974+0000] {spark_submit.py:521} INFO - 25/08/13 08:45:04 INFO SQLHadoopMapReduceCommitProtocol: Using user defined output committer class org.apache.parquet.hadoop.ParquetOutputCommitter
[2025-08-13T08:45:04.974+0000] {spark_submit.py:521} INFO - 25/08/13 08:45:04 INFO FileOutputCommitter: File Output Committer Algorithm version is 1
[2025-08-13T08:45:04.974+0000] {spark_submit.py:521} INFO - 25/08/13 08:45:04 INFO FileOutputCommitter: FileOutputCommitter skip cleanup _temporary folders under output directory:false, ignore cleanup failures: false
[2025-08-13T08:45:04.974+0000] {spark_submit.py:521} INFO - 25/08/13 08:45:04 INFO SQLHadoopMapReduceCommitProtocol: Using output committer class org.apache.parquet.hadoop.ParquetOutputCommitter
[2025-08-13T08:45:05.896+0000] {spark_submit.py:521} INFO - 25/08/13 08:45:05 INFO CodeGenerator: Code generated in 13.196634 ms
[2025-08-13T08:45:05.908+0000] {spark_submit.py:521} INFO - 25/08/13 08:45:05 INFO CodeGenerator: Code generated in 5.760855 ms
[2025-08-13T08:45:05.933+0000] {spark_submit.py:521} INFO - 25/08/13 08:45:05 INFO SparkContext: Starting job: $anonfun$withThreadLocalCaptured$2 at CompletableFuture.java:1768
[2025-08-13T08:45:05.935+0000] {spark_submit.py:521} INFO - 25/08/13 08:45:05 INFO DAGScheduler: Got job 2 ($anonfun$withThreadLocalCaptured$2 at CompletableFuture.java:1768) with 1 output partitions
[2025-08-13T08:45:05.935+0000] {spark_submit.py:521} INFO - 25/08/13 08:45:05 INFO DAGScheduler: Final stage: ResultStage 3 ($anonfun$withThreadLocalCaptured$2 at CompletableFuture.java:1768)
[2025-08-13T08:45:05.935+0000] {spark_submit.py:521} INFO - 25/08/13 08:45:05 INFO DAGScheduler: Parents of final stage: List(ShuffleMapStage 2)
[2025-08-13T08:45:05.936+0000] {spark_submit.py:521} INFO - 25/08/13 08:45:05 INFO DAGScheduler: Missing parents: List()
[2025-08-13T08:45:05.936+0000] {spark_submit.py:521} INFO - 25/08/13 08:45:05 INFO DAGScheduler: Submitting ResultStage 3 (MapPartitionsRDD[15] at $anonfun$withThreadLocalCaptured$2 at CompletableFuture.java:1768), which has no missing parents
[2025-08-13T08:45:05.977+0000] {spark_submit.py:521} INFO - 25/08/13 08:45:05 INFO MemoryStore: Block broadcast_4 stored as values in memory (estimated size 308.2 KiB, free 433.8 MiB)
[2025-08-13T08:45:05.982+0000] {spark_submit.py:521} INFO - 25/08/13 08:45:05 INFO MemoryStore: Block broadcast_4_piece0 stored as bytes in memory (estimated size 111.2 KiB, free 433.7 MiB)
[2025-08-13T08:45:05.984+0000] {spark_submit.py:521} INFO - 25/08/13 08:45:05 INFO SparkContext: Created broadcast 4 from broadcast at DAGScheduler.scala:1676
[2025-08-13T08:45:05.984+0000] {spark_submit.py:521} INFO - 25/08/13 08:45:05 INFO DAGScheduler: Submitting 1 missing tasks from ResultStage 3 (MapPartitionsRDD[15] at $anonfun$withThreadLocalCaptured$2 at CompletableFuture.java:1768) (first 15 tasks are for partitions Vector(0))
[2025-08-13T08:45:05.985+0000] {spark_submit.py:521} INFO - 25/08/13 08:45:05 INFO TaskSchedulerImpl: Adding task set 3.0 with 1 tasks resource profile 0
[2025-08-13T08:45:05.989+0000] {spark_submit.py:521} INFO - 25/08/13 08:45:05 INFO TaskSetManager: Starting task 0.0 in stage 3.0 (TID 2) (172.18.0.5,executor 0, partition 0, NODE_LOCAL, 9833 bytes)
[2025-08-13T08:45:06.125+0000] {spark_submit.py:521} INFO - 25/08/13 08:45:06 INFO MapOutputTrackerMasterEndpoint: Asked to send map output locations for shuffle 0 to 172.18.0.5:47532
[2025-08-13T08:45:09.468+0000] {spark_submit.py:521} INFO - 25/08/13 08:45:09 INFO TaskSetManager: Finished task 0.0 in stage 3.0 (TID 2) in 3480 ms on 172.18.0.5 (executor 0) (1/1)
[2025-08-13T08:45:09.469+0000] {spark_submit.py:521} INFO - 25/08/13 08:45:09 INFO TaskSchedulerImpl: Removed TaskSet 3.0 whose tasks have all completed, from pool
[2025-08-13T08:45:09.470+0000] {spark_submit.py:521} INFO - 25/08/13 08:45:09 INFO DAGScheduler: ResultStage 3 ($anonfun$withThreadLocalCaptured$2 at CompletableFuture.java:1768) finished in 3527 ms
[2025-08-13T08:45:09.470+0000] {spark_submit.py:521} INFO - 25/08/13 08:45:09 INFO DAGScheduler: Job 2 is finished. Cancelling potential speculative or zombie tasks for this job
[2025-08-13T08:45:09.471+0000] {spark_submit.py:521} INFO - 25/08/13 08:45:09 INFO TaskSchedulerImpl: Canceling stage 3
[2025-08-13T08:45:09.471+0000] {spark_submit.py:521} INFO - 25/08/13 08:45:09 INFO TaskSchedulerImpl: Killing all running tasks in stage 3: Stage finished
[2025-08-13T08:45:09.471+0000] {spark_submit.py:521} INFO - 25/08/13 08:45:09 INFO DAGScheduler: Job 2 finished: $anonfun$withThreadLocalCaptured$2 at CompletableFuture.java:1768, took 3537.483908 ms
[2025-08-13T08:45:09.473+0000] {spark_submit.py:521} INFO - 25/08/13 08:45:09 INFO FileFormatWriter: Start to commit write Job c43e5498-23e7-4a42-8027-90ab16936d5d.
[2025-08-13T08:45:11.424+0000] {spark_submit.py:521} INFO - 25/08/13 08:45:11 INFO GoogleCloudStorageFileSystem: Successfully repaired 'gs://job_gcp/silver/topcv/topcv_jobs.parquet/_temporary/0/task_202508130845053084140999329741294_0003_m_000000/' directory.
[2025-08-13T08:45:12.236+0000] {spark_submit.py:521} INFO - 25/08/13 08:45:12 INFO GoogleCloudStorageFileSystem: Successfully repaired 'gs://job_gcp/silver/topcv/topcv_jobs.parquet/' directory.
[2025-08-13T08:45:13.063+0000] {spark_submit.py:521} INFO - 25/08/13 08:45:13 INFO FileFormatWriter: Write Job c43e5498-23e7-4a42-8027-90ab16936d5d committed. Elapsed time: 3592 ms.
[2025-08-13T08:45:13.066+0000] {spark_submit.py:521} INFO - 25/08/13 08:45:13 INFO FileFormatWriter: Finished processing stats for write job c43e5498-23e7-4a42-8027-90ab16936d5d.
[2025-08-13T08:45:13.082+0000] {spark_submit.py:521} INFO - ✅ Uploaded Spark DataFrame to GCS: gs://job_gcp/silver/topcv/topcv_jobs.parquet
[2025-08-13T08:45:13.085+0000] {spark_submit.py:521} INFO - 25/08/13 08:45:13 INFO SparkContext: SparkContext is stopping with exitCode 0 from stop at NativeMethodAccessorImpl.java:0.
[2025-08-13T08:45:13.110+0000] {spark_submit.py:521} INFO - 25/08/13 08:45:13 INFO SparkUI: Stopped Spark web UI at http://89a37f983b11:4040
[2025-08-13T08:45:13.122+0000] {spark_submit.py:521} INFO - 25/08/13 08:45:13 INFO StandaloneSchedulerBackend: Shutting down all executors
[2025-08-13T08:45:13.123+0000] {spark_submit.py:521} INFO - 25/08/13 08:45:13 INFO StandaloneSchedulerBackend$StandaloneDriverEndpoint: Asking each executor to shut down
[2025-08-13T08:45:13.158+0000] {spark_submit.py:521} INFO - 25/08/13 08:45:13 INFO MapOutputTrackerMasterEndpoint: MapOutputTrackerMasterEndpoint stopped!
[2025-08-13T08:45:13.197+0000] {spark_submit.py:521} INFO - 25/08/13 08:45:13 INFO MemoryStore: MemoryStore cleared
[2025-08-13T08:45:13.198+0000] {spark_submit.py:521} INFO - 25/08/13 08:45:13 INFO BlockManager: BlockManager stopped
[2025-08-13T08:45:13.202+0000] {spark_submit.py:521} INFO - 25/08/13 08:45:13 INFO BlockManagerMaster: BlockManagerMaster stopped
[2025-08-13T08:45:13.207+0000] {spark_submit.py:521} INFO - 25/08/13 08:45:13 INFO OutputCommitCoordinator$OutputCommitCoordinatorEndpoint: OutputCommitCoordinator stopped!
[2025-08-13T08:45:13.225+0000] {spark_submit.py:521} INFO - 25/08/13 08:45:13 INFO SparkContext: Successfully stopped SparkContext
[2025-08-13T08:45:13.739+0000] {spark_submit.py:521} INFO - 25/08/13 08:45:13 INFO ShutdownHookManager: Shutdown hook called
[2025-08-13T08:45:13.739+0000] {spark_submit.py:521} INFO - 25/08/13 08:45:13 INFO ShutdownHookManager: Deleting directory /opt/***/artifacts/spark-52558666-0739-4c09-9589-1c52960ed718
[2025-08-13T08:45:13.746+0000] {spark_submit.py:521} INFO - 25/08/13 08:45:13 INFO ShutdownHookManager: Deleting directory /tmp/spark-2b3e93c4-0871-4e9a-b19a-dc223253beb7/pyspark-6462e8ae-5266-4cb9-a220-457b2f8a659e
[2025-08-13T08:45:13.750+0000] {spark_submit.py:521} INFO - 25/08/13 08:45:13 INFO ShutdownHookManager: Deleting directory /tmp/spark-2b3e93c4-0871-4e9a-b19a-dc223253beb7
[2025-08-13T08:45:13.754+0000] {spark_submit.py:521} INFO - 25/08/13 08:45:13 INFO ShutdownHookManager: Deleting directory /tmp/spark-6e092275-90e1-4632-8bf9-7a6dffefaa19
[2025-08-13T08:45:13.804+0000] {taskinstance.py:441} INFO - ::group::Post task execution logs
[2025-08-13T08:45:13.875+0000] {taskinstance.py:1206} INFO - Marking task as SUCCESS. dag_id=spark_transform_pipeline, task_id=silver_topcv_transform, run_id=manual__2025-08-13T08:44:20.643148+00:00, execution_date=20250813T084420, start_date=20250813T084426, end_date=20250813T084513
[2025-08-13T08:45:13.961+0000] {local_task_job_runner.py:240} INFO - Task exited with return code 0
[2025-08-13T08:45:14.055+0000] {taskinstance.py:3498} INFO - 1 downstream tasks scheduled from follow-on schedule check
[2025-08-13T08:45:14.057+0000] {local_task_job_runner.py:222} INFO - ::endgroup::
