[2025-08-14T11:03:57.535+0000] {local_task_job_runner.py:120} INFO - ::group::Pre task execution logs
[2025-08-14T11:03:57.576+0000] {taskinstance.py:2076} INFO - Dependencies all met for dep_context=non-requeueable deps ti=<TaskInstance: spark_transform_pipeline.silver_topcv_transform manual__2025-08-14T11:03:52.335417+00:00 [queued]>
[2025-08-14T11:03:57.582+0000] {taskinstance.py:2076} INFO - Dependencies all met for dep_context=requeueable deps ti=<TaskInstance: spark_transform_pipeline.silver_topcv_transform manual__2025-08-14T11:03:52.335417+00:00 [queued]>
[2025-08-14T11:03:57.584+0000] {taskinstance.py:2306} INFO - Starting attempt 1 of 1
[2025-08-14T11:03:57.594+0000] {taskinstance.py:2330} INFO - Executing <Task(SparkSubmitOperator): silver_topcv_transform> on 2025-08-14 11:03:52.335417+00:00
[2025-08-14T11:03:57.599+0000] {standard_task_runner.py:63} INFO - Started process 4358 to run task
[2025-08-14T11:03:57.603+0000] {standard_task_runner.py:90} INFO - Running: ['***', 'tasks', 'run', 'spark_transform_pipeline', 'silver_topcv_transform', 'manual__2025-08-14T11:03:52.335417+00:00', '--job-id', '187', '--raw', '--subdir', 'DAGS_FOLDER/etl_jobs_dag.py', '--cfg-path', '/tmp/tmpajp6fyhh']
[2025-08-14T11:03:57.605+0000] {standard_task_runner.py:91} INFO - Job 187: Subtask silver_topcv_transform
[2025-08-14T11:03:57.663+0000] {task_command.py:426} INFO - Running <TaskInstance: spark_transform_pipeline.silver_topcv_transform manual__2025-08-14T11:03:52.335417+00:00 [running]> on host 20bdaa41dd93
[2025-08-14T11:03:57.763+0000] {taskinstance.py:2648} INFO - Exporting env vars: AIRFLOW_CTX_DAG_OWNER='***' AIRFLOW_CTX_DAG_ID='spark_transform_pipeline' AIRFLOW_CTX_TASK_ID='silver_topcv_transform' AIRFLOW_CTX_EXECUTION_DATE='2025-08-14T11:03:52.335417+00:00' AIRFLOW_CTX_TRY_NUMBER='1' AIRFLOW_CTX_DAG_RUN_ID='manual__2025-08-14T11:03:52.335417+00:00'
[2025-08-14T11:03:57.764+0000] {taskinstance.py:430} INFO - ::endgroup::
[2025-08-14T11:03:57.796+0000] {base.py:84} INFO - Using connection ID 'spark_default' for task execution.
[2025-08-14T11:03:57.798+0000] {spark_submit.py:351} INFO - Spark-Submit cmd: spark-submit --master spark://spark-master:7077 --conf spark.master=spark://spark-master:7077 --conf spark.driver.extraClassPath=/opt/custom-jars/* --conf spark.executor.extraClassPath=/opt/custom-jars/* --conf spark.hadoop.fs.gs.impl=com.google.cloud.hadoop.fs.gcs.GoogleHadoopFileSystem --conf spark.hadoop.fs.AbstractFileSystem.gs.impl=com.google.cloud.hadoop.fs.gcs.GoogleHadoopFS --conf spark.hadoop.google.cloud.auth.service.account.enable=true --conf spark.hadoop.google.cloud.auth.service.account.json.keyfile=/opt/***/gcp-key.json --jars /opt/custom-jars/gcs-connector-hadoop3-2.2.14-shaded.jar --name arrow-spark --verbose /opt/spark-jobs/transform/silver_topcv_transform.py
[2025-08-14T11:03:58.696+0000] {spark_submit.py:521} INFO - WARNING: Using incubator modules: jdk.incubator.vector
[2025-08-14T11:03:59.985+0000] {spark_submit.py:521} INFO - Parsed arguments:
[2025-08-14T11:03:59.985+0000] {spark_submit.py:521} INFO - master                  spark://spark-master:7077
[2025-08-14T11:03:59.986+0000] {spark_submit.py:521} INFO - remote                  null
[2025-08-14T11:03:59.986+0000] {spark_submit.py:521} INFO - deployMode              null
[2025-08-14T11:03:59.986+0000] {spark_submit.py:521} INFO - executorMemory          null
[2025-08-14T11:03:59.987+0000] {spark_submit.py:521} INFO - executorCores           null
[2025-08-14T11:03:59.987+0000] {spark_submit.py:521} INFO - totalExecutorCores      null
[2025-08-14T11:03:59.987+0000] {spark_submit.py:521} INFO - propertiesFile          null
[2025-08-14T11:03:59.987+0000] {spark_submit.py:521} INFO - driverMemory            null
[2025-08-14T11:03:59.988+0000] {spark_submit.py:521} INFO - driverCores             null
[2025-08-14T11:03:59.988+0000] {spark_submit.py:521} INFO - driverExtraClassPath    /opt/custom-jars/*
[2025-08-14T11:03:59.988+0000] {spark_submit.py:521} INFO - driverExtraLibraryPath  null
[2025-08-14T11:03:59.988+0000] {spark_submit.py:521} INFO - driverExtraJavaOptions  null
[2025-08-14T11:03:59.989+0000] {spark_submit.py:521} INFO - supervise               false
[2025-08-14T11:03:59.989+0000] {spark_submit.py:521} INFO - queue                   null
[2025-08-14T11:03:59.989+0000] {spark_submit.py:521} INFO - numExecutors            null
[2025-08-14T11:03:59.989+0000] {spark_submit.py:521} INFO - files                   null
[2025-08-14T11:03:59.990+0000] {spark_submit.py:521} INFO - pyFiles                 null
[2025-08-14T11:03:59.990+0000] {spark_submit.py:521} INFO - archives                null
[2025-08-14T11:03:59.990+0000] {spark_submit.py:521} INFO - mainClass               null
[2025-08-14T11:03:59.990+0000] {spark_submit.py:521} INFO - primaryResource         file:/opt/spark-jobs/transform/silver_topcv_transform.py
[2025-08-14T11:03:59.991+0000] {spark_submit.py:521} INFO - name                    arrow-spark
[2025-08-14T11:03:59.991+0000] {spark_submit.py:521} INFO - childArgs               []
[2025-08-14T11:03:59.991+0000] {spark_submit.py:521} INFO - jars                    file:/opt/custom-jars/gcs-connector-hadoop3-2.2.14-shaded.jar
[2025-08-14T11:03:59.991+0000] {spark_submit.py:521} INFO - packages                null
[2025-08-14T11:03:59.992+0000] {spark_submit.py:521} INFO - packagesExclusions      null
[2025-08-14T11:03:59.992+0000] {spark_submit.py:521} INFO - repositories            null
[2025-08-14T11:03:59.992+0000] {spark_submit.py:521} INFO - verbose                 true
[2025-08-14T11:03:59.992+0000] {spark_submit.py:521} INFO - 
[2025-08-14T11:03:59.993+0000] {spark_submit.py:521} INFO - Spark properties used, including those specified through
[2025-08-14T11:03:59.993+0000] {spark_submit.py:521} INFO - --conf and those from the properties file null:
[2025-08-14T11:03:59.993+0000] {spark_submit.py:521} INFO - (spark.driver.extraClassPath,/opt/custom-jars/*)
[2025-08-14T11:03:59.993+0000] {spark_submit.py:521} INFO - (spark.executor.extraClassPath,/opt/custom-jars/*)
[2025-08-14T11:03:59.994+0000] {spark_submit.py:521} INFO - (spark.hadoop.fs.AbstractFileSystem.gs.impl,com.google.cloud.hadoop.fs.gcs.GoogleHadoopFS)
[2025-08-14T11:03:59.994+0000] {spark_submit.py:521} INFO - (spark.hadoop.fs.gs.impl,com.google.cloud.hadoop.fs.gcs.GoogleHadoopFileSystem)
[2025-08-14T11:03:59.994+0000] {spark_submit.py:521} INFO - (spark.hadoop.google.cloud.auth.service.account.enable,true)
[2025-08-14T11:03:59.994+0000] {spark_submit.py:521} INFO - (spark.hadoop.google.cloud.auth.service.account.json.keyfile,/opt/***/gcp-key.json)
[2025-08-14T11:03:59.995+0000] {spark_submit.py:521} INFO - (spark.master,spark://spark-master:7077)
[2025-08-14T11:03:59.995+0000] {spark_submit.py:521} INFO - 
[2025-08-14T11:03:59.995+0000] {spark_submit.py:521} INFO - 
[2025-08-14T11:04:00.603+0000] {spark_submit.py:521} INFO - 25/08/14 11:04:00 WARN NativeCodeLoader: Unable to load native-hadoop library for your platform... using builtin-java classes where applicable
[2025-08-14T11:04:01.291+0000] {spark_submit.py:521} INFO - Main class:
[2025-08-14T11:04:01.293+0000] {spark_submit.py:521} INFO - org.apache.spark.deploy.PythonRunner
[2025-08-14T11:04:01.293+0000] {spark_submit.py:521} INFO - Arguments:
[2025-08-14T11:04:01.294+0000] {spark_submit.py:521} INFO - file:/opt/spark-jobs/transform/silver_topcv_transform.py
[2025-08-14T11:04:01.294+0000] {spark_submit.py:521} INFO - null
[2025-08-14T11:04:01.295+0000] {spark_submit.py:521} INFO - Spark config:
[2025-08-14T11:04:01.295+0000] {spark_submit.py:521} INFO - (spark.app.name,arrow-spark)
[2025-08-14T11:04:01.296+0000] {spark_submit.py:521} INFO - (spark.app.submitTime,1755169441271)
[2025-08-14T11:04:01.296+0000] {spark_submit.py:521} INFO - (spark.driver.extraClassPath,/opt/custom-jars/*)
[2025-08-14T11:04:01.296+0000] {spark_submit.py:521} INFO - (spark.executor.extraClassPath,/opt/custom-jars/*)
[2025-08-14T11:04:01.297+0000] {spark_submit.py:521} INFO - (spark.hadoop.fs.AbstractFileSystem.gs.impl,com.google.cloud.hadoop.fs.gcs.GoogleHadoopFS)
[2025-08-14T11:04:01.297+0000] {spark_submit.py:521} INFO - (spark.hadoop.fs.gs.impl,com.google.cloud.hadoop.fs.gcs.GoogleHadoopFileSystem)
[2025-08-14T11:04:01.298+0000] {spark_submit.py:521} INFO - (spark.hadoop.google.cloud.auth.service.account.enable,true)
[2025-08-14T11:04:01.298+0000] {spark_submit.py:521} INFO - (spark.hadoop.google.cloud.auth.service.account.json.keyfile,/opt/***/gcp-key.json)
[2025-08-14T11:04:01.298+0000] {spark_submit.py:521} INFO - (spark.jars,file:///opt/custom-jars/gcs-connector-hadoop3-2.2.14-shaded.jar)
[2025-08-14T11:04:01.299+0000] {spark_submit.py:521} INFO - (spark.master,spark://spark-master:7077)
[2025-08-14T11:04:01.299+0000] {spark_submit.py:521} INFO - (spark.repl.local.jars,file:///opt/custom-jars/gcs-connector-hadoop3-2.2.14-shaded.jar)
[2025-08-14T11:04:01.299+0000] {spark_submit.py:521} INFO - (spark.submit.deployMode,client)
[2025-08-14T11:04:01.300+0000] {spark_submit.py:521} INFO - (spark.submit.pyFiles,)
[2025-08-14T11:04:01.300+0000] {spark_submit.py:521} INFO - Classpath elements:
[2025-08-14T11:04:01.301+0000] {spark_submit.py:521} INFO - file:///opt/custom-jars/gcs-connector-hadoop3-2.2.14-shaded.jar
[2025-08-14T11:04:01.304+0000] {spark_submit.py:521} INFO - 
[2025-08-14T11:04:01.304+0000] {spark_submit.py:521} INFO - 
[2025-08-14T11:04:02.709+0000] {spark_submit.py:521} INFO - Using Spark's default log4j profile: org/apache/spark/log4j2-defaults.properties
[2025-08-14T11:04:02.717+0000] {spark_submit.py:521} INFO - 25/08/14 11:04:02 INFO SparkContext: Running Spark version 4.0.0
[2025-08-14T11:04:02.720+0000] {spark_submit.py:521} INFO - 25/08/14 11:04:02 INFO SparkContext: OS info Linux, 5.15.167.4-microsoft-standard-WSL2, amd64
[2025-08-14T11:04:02.721+0000] {spark_submit.py:521} INFO - 25/08/14 11:04:02 INFO SparkContext: Java version 17.0.16
[2025-08-14T11:04:02.758+0000] {spark_submit.py:521} INFO - 25/08/14 11:04:02 INFO ResourceUtils: ==============================================================
[2025-08-14T11:04:02.759+0000] {spark_submit.py:521} INFO - 25/08/14 11:04:02 INFO ResourceUtils: No custom resources configured for spark.driver.
[2025-08-14T11:04:02.760+0000] {spark_submit.py:521} INFO - 25/08/14 11:04:02 INFO ResourceUtils: ==============================================================
[2025-08-14T11:04:02.760+0000] {spark_submit.py:521} INFO - 25/08/14 11:04:02 INFO SparkContext: Submitted application: silver_topcv_transform
[2025-08-14T11:04:02.793+0000] {spark_submit.py:521} INFO - 25/08/14 11:04:02 INFO ResourceProfile: Default ResourceProfile created, executor resources: Map(memory -> name: memory, amount: 1024, script: , vendor: , offHeap -> name: offHeap, amount: 0, script: , vendor: ), task resources: Map(cpus -> name: cpus, amount: 1.0)
[2025-08-14T11:04:02.797+0000] {spark_submit.py:521} INFO - 25/08/14 11:04:02 INFO ResourceProfile: Limiting resource is cpu
[2025-08-14T11:04:02.798+0000] {spark_submit.py:521} INFO - 25/08/14 11:04:02 INFO ResourceProfileManager: Added ResourceProfile id: 0
[2025-08-14T11:04:02.860+0000] {spark_submit.py:521} INFO - 25/08/14 11:04:02 INFO SecurityManager: Changing view acls to: ***
[2025-08-14T11:04:02.861+0000] {spark_submit.py:521} INFO - 25/08/14 11:04:02 INFO SecurityManager: Changing modify acls to: ***
[2025-08-14T11:04:02.862+0000] {spark_submit.py:521} INFO - 25/08/14 11:04:02 INFO SecurityManager: Changing view acls groups to: ***
[2025-08-14T11:04:02.862+0000] {spark_submit.py:521} INFO - 25/08/14 11:04:02 INFO SecurityManager: Changing modify acls groups to: ***
[2025-08-14T11:04:02.865+0000] {spark_submit.py:521} INFO - 25/08/14 11:04:02 INFO SecurityManager: SecurityManager: authentication disabled; ui acls disabled; users with view permissions: *** groups with view permissions: EMPTY; users with modify permissions: ***; groups with modify permissions: EMPTY; RPC SSL disabled
[2025-08-14T11:04:03.116+0000] {spark_submit.py:521} INFO - 25/08/14 11:04:03 INFO Utils: Successfully started service 'sparkDriver' on port 37807.
[2025-08-14T11:04:03.153+0000] {spark_submit.py:521} INFO - 25/08/14 11:04:03 INFO SparkEnv: Registering MapOutputTracker
[2025-08-14T11:04:03.165+0000] {spark_submit.py:521} INFO - 25/08/14 11:04:03 INFO SparkEnv: Registering BlockManagerMaster
[2025-08-14T11:04:03.185+0000] {spark_submit.py:521} INFO - 25/08/14 11:04:03 INFO BlockManagerMasterEndpoint: Using org.apache.spark.storage.DefaultTopologyMapper for getting topology information
[2025-08-14T11:04:03.186+0000] {spark_submit.py:521} INFO - 25/08/14 11:04:03 INFO BlockManagerMasterEndpoint: BlockManagerMasterEndpoint up
[2025-08-14T11:04:03.191+0000] {spark_submit.py:521} INFO - 25/08/14 11:04:03 INFO SparkEnv: Registering BlockManagerMasterHeartbeat
[2025-08-14T11:04:03.220+0000] {spark_submit.py:521} INFO - 25/08/14 11:04:03 INFO DiskBlockManager: Created local directory at /tmp/blockmgr-4537a8a6-8bca-48cb-82f6-3fd07a03cfc1
[2025-08-14T11:04:03.246+0000] {spark_submit.py:521} INFO - 25/08/14 11:04:03 INFO SparkEnv: Registering OutputCommitCoordinator
[2025-08-14T11:04:03.384+0000] {spark_submit.py:521} INFO - 25/08/14 11:04:03 INFO JettyUtils: Start Jetty 0.0.0.0:4040 for SparkUI
[2025-08-14T11:04:03.468+0000] {spark_submit.py:521} INFO - 25/08/14 11:04:03 INFO Utils: Successfully started service 'SparkUI' on port 4040.
[2025-08-14T11:04:03.514+0000] {spark_submit.py:521} INFO - 25/08/14 11:04:03 INFO SparkContext: Added JAR file:///opt/custom-jars/gcs-connector-hadoop3-2.2.14-shaded.jar at spark://20bdaa41dd93:37807/jars/gcs-connector-hadoop3-2.2.14-shaded.jar with timestamp 1755169442694
[2025-08-14T11:04:03.537+0000] {spark_submit.py:521} INFO - 25/08/14 11:04:03 INFO SecurityManager: Changing view acls to: ***
[2025-08-14T11:04:03.539+0000] {spark_submit.py:521} INFO - 25/08/14 11:04:03 INFO SecurityManager: Changing modify acls to: ***
[2025-08-14T11:04:03.540+0000] {spark_submit.py:521} INFO - 25/08/14 11:04:03 INFO SecurityManager: Changing view acls groups to: ***
[2025-08-14T11:04:03.540+0000] {spark_submit.py:521} INFO - 25/08/14 11:04:03 INFO SecurityManager: Changing modify acls groups to: ***
[2025-08-14T11:04:03.540+0000] {spark_submit.py:521} INFO - 25/08/14 11:04:03 INFO SecurityManager: SecurityManager: authentication disabled; ui acls disabled; users with view permissions: *** groups with view permissions: EMPTY; users with modify permissions: ***; groups with modify permissions: EMPTY; RPC SSL disabled
[2025-08-14T11:04:03.750+0000] {spark_submit.py:521} INFO - 25/08/14 11:04:03 INFO StandaloneAppClient$ClientEndpoint: Connecting to master spark://spark-master:7077...
[2025-08-14T11:04:03.814+0000] {spark_submit.py:521} INFO - 25/08/14 11:04:03 INFO TransportClientFactory: Successfully created connection to spark-master/172.18.0.4:7077 after 29 ms (0 ms spent in bootstraps)
[2025-08-14T11:04:04.143+0000] {spark_submit.py:521} INFO - 25/08/14 11:04:04 INFO StandaloneSchedulerBackend: Connected to Spark cluster with app ID app-20250814110404-0011
[2025-08-14T11:04:04.152+0000] {spark_submit.py:521} INFO - 25/08/14 11:04:04 INFO Utils: Successfully started service 'org.apache.spark.network.netty.NettyBlockTransferService' on port 44825.
[2025-08-14T11:04:04.153+0000] {spark_submit.py:521} INFO - 25/08/14 11:04:04 INFO NettyBlockTransferService: Server created on 20bdaa41dd93:44825
[2025-08-14T11:04:04.154+0000] {spark_submit.py:521} INFO - 25/08/14 11:04:04 INFO BlockManager: Using org.apache.spark.storage.RandomBlockReplicationPolicy for block replication policy
[2025-08-14T11:04:04.170+0000] {spark_submit.py:521} INFO - 25/08/14 11:04:04 INFO BlockManagerMaster: Registering BlockManager BlockManagerId(driver, 20bdaa41dd93, 44825, None)
[2025-08-14T11:04:04.177+0000] {spark_submit.py:521} INFO - 25/08/14 11:04:04 INFO BlockManagerMasterEndpoint: Registering block manager 20bdaa41dd93:44825 with 434.4 MiB RAM, BlockManagerId(driver, 20bdaa41dd93, 44825, None)
[2025-08-14T11:04:04.179+0000] {spark_submit.py:521} INFO - 25/08/14 11:04:04 INFO BlockManagerMaster: Registered BlockManager BlockManagerId(driver, 20bdaa41dd93, 44825, None)
[2025-08-14T11:04:04.180+0000] {spark_submit.py:521} INFO - 25/08/14 11:04:04 INFO BlockManager: Initialized BlockManager: BlockManagerId(driver, 20bdaa41dd93, 44825, None)
[2025-08-14T11:04:04.203+0000] {spark_submit.py:521} INFO - 25/08/14 11:04:04 INFO StandaloneAppClient$ClientEndpoint: Executor added: app-20250814110404-0011/0 on worker-20250814083233-172.18.0.5-37435 (172.18.0.5:37435) with 2 core(s)
[2025-08-14T11:04:04.204+0000] {spark_submit.py:521} INFO - 25/08/14 11:04:04 INFO StandaloneSchedulerBackend: Granted executor ID app-20250814110404-0011/0 on hostPort 172.18.0.5:37435 with 2 core(s), 1024.0 MiB RAM
[2025-08-14T11:04:04.312+0000] {spark_submit.py:521} INFO - 25/08/14 11:04:04 INFO StandaloneSchedulerBackend: SchedulerBackend is ready for scheduling beginning after reached minRegisteredResourcesRatio: 0.0
[2025-08-14T11:04:05.224+0000] {spark_submit.py:521} INFO - 25/08/14 11:04:05 INFO StandaloneAppClient$ClientEndpoint: Executor updated: app-20250814110404-0011/0 is now RUNNING
[2025-08-14T11:04:06.194+0000] {spark_submit.py:521} INFO - 25/08/14 11:04:06 INFO SharedState: Setting hive.metastore.warehouse.dir ('null') to the value of spark.sql.warehouse.dir.
[2025-08-14T11:04:06.196+0000] {spark_submit.py:521} INFO - 25/08/14 11:04:06 INFO SharedState: Warehouse path is 'file:/opt/***/spark-warehouse'.
[2025-08-14T11:04:09.892+0000] {spark_submit.py:521} INFO - 25/08/14 11:04:09 INFO InMemoryFileIndex: It took 166 ms to list leaf files for 1 paths.
[2025-08-14T11:04:10.240+0000] {spark_submit.py:521} INFO - 25/08/14 11:04:10 INFO StandaloneSchedulerBackend$StandaloneDriverEndpoint: Registered executor NettyRpcEndpointRef(spark-client://Executor) (172.18.0.5:53348) with ID 0, ResourceProfileId 0
[2025-08-14T11:04:10.337+0000] {spark_submit.py:521} INFO - 25/08/14 11:04:10 INFO SparkContext: Starting job: parquet at NativeMethodAccessorImpl.java:0
[2025-08-14T11:04:10.371+0000] {spark_submit.py:521} INFO - 25/08/14 11:04:10 INFO DAGScheduler: Got job 0 (parquet at NativeMethodAccessorImpl.java:0) with 1 output partitions
[2025-08-14T11:04:10.373+0000] {spark_submit.py:521} INFO - 25/08/14 11:04:10 INFO DAGScheduler: Final stage: ResultStage 0 (parquet at NativeMethodAccessorImpl.java:0)
[2025-08-14T11:04:10.374+0000] {spark_submit.py:521} INFO - 25/08/14 11:04:10 INFO DAGScheduler: Parents of final stage: List()
[2025-08-14T11:04:10.379+0000] {spark_submit.py:521} INFO - 25/08/14 11:04:10 INFO DAGScheduler: Missing parents: List()
[2025-08-14T11:04:10.383+0000] {spark_submit.py:521} INFO - 25/08/14 11:04:10 INFO DAGScheduler: Submitting ResultStage 0 (MapPartitionsRDD[1] at parquet at NativeMethodAccessorImpl.java:0), which has no missing parents
[2025-08-14T11:04:10.452+0000] {spark_submit.py:521} INFO - 25/08/14 11:04:10 INFO MemoryStore: MemoryStore started with capacity 434.4 MiB
[2025-08-14T11:04:10.459+0000] {spark_submit.py:521} INFO - 25/08/14 11:04:10 INFO MemoryStore: Block broadcast_0 stored as values in memory (estimated size 116.0 KiB, free 434.3 MiB)
[2025-08-14T11:04:10.497+0000] {spark_submit.py:521} INFO - 25/08/14 11:04:10 INFO MemoryStore: Block broadcast_0_piece0 stored as bytes in memory (estimated size 41.8 KiB, free 434.2 MiB)
[2025-08-14T11:04:10.559+0000] {spark_submit.py:521} INFO - 25/08/14 11:04:10 INFO SparkContext: Created broadcast 0 from broadcast at DAGScheduler.scala:1676
[2025-08-14T11:04:10.574+0000] {spark_submit.py:521} INFO - 25/08/14 11:04:10 INFO DAGScheduler: Submitting 1 missing tasks from ResultStage 0 (MapPartitionsRDD[1] at parquet at NativeMethodAccessorImpl.java:0) (first 15 tasks are for partitions Vector(0))
[2025-08-14T11:04:10.584+0000] {spark_submit.py:521} INFO - 25/08/14 11:04:10 INFO TaskSchedulerImpl: Adding task set 0.0 with 1 tasks resource profile 0
[2025-08-14T11:04:10.702+0000] {spark_submit.py:521} INFO - 25/08/14 11:04:10 INFO BlockManagerMasterEndpoint: Registering block manager 172.18.0.5:37571 with 434.4 MiB RAM, BlockManagerId(0, 172.18.0.5, 37571, None)
[2025-08-14T11:04:13.635+0000] {spark_submit.py:521} INFO - 25/08/14 11:04:13 INFO TaskSetManager: Starting task 0.0 in stage 0.0 (TID 0) (172.18.0.5,executor 0, partition 0, PROCESS_LOCAL, 9999 bytes)
[2025-08-14T11:04:18.317+0000] {spark_submit.py:521} INFO - 25/08/14 11:04:18 INFO TaskSetManager: Finished task 0.0 in stage 0.0 (TID 0) in 4693 ms on 172.18.0.5 (executor 0) (1/1)
[2025-08-14T11:04:18.320+0000] {spark_submit.py:521} INFO - 25/08/14 11:04:18 INFO TaskSchedulerImpl: Removed TaskSet 0.0 whose tasks have all completed, from pool
[2025-08-14T11:04:18.324+0000] {spark_submit.py:521} INFO - 25/08/14 11:04:18 INFO DAGScheduler: ResultStage 0 (parquet at NativeMethodAccessorImpl.java:0) finished in 7922 ms
[2025-08-14T11:04:18.326+0000] {spark_submit.py:521} INFO - 25/08/14 11:04:18 INFO DAGScheduler: Job 0 is finished. Cancelling potential speculative or zombie tasks for this job
[2025-08-14T11:04:18.327+0000] {spark_submit.py:521} INFO - 25/08/14 11:04:18 INFO TaskSchedulerImpl: Canceling stage 0
[2025-08-14T11:04:18.460+0000] {spark_submit.py:521} INFO - 25/08/14 11:04:18 INFO TaskSchedulerImpl: Killing all running tasks in stage 0: Stage finished
[2025-08-14T11:04:18.463+0000] {spark_submit.py:521} INFO - 25/08/14 11:04:18 INFO DAGScheduler: Job 0 finished: parquet at NativeMethodAccessorImpl.java:0, took 8130.492374 ms
[2025-08-14T11:04:19.299+0000] {spark_submit.py:521} INFO - 25/08/14 11:04:19 INFO MemoryStore: Block broadcast_1 stored as values in memory (estimated size 208.0 B, free 434.4 MiB)
[2025-08-14T11:04:19.309+0000] {spark_submit.py:521} INFO - 25/08/14 11:04:19 INFO MemoryStore: Block broadcast_1_piece0 stored as bytes in memory (estimated size 789.0 B, free 434.4 MiB)
[2025-08-14T11:04:19.310+0000] {spark_submit.py:521} INFO - 25/08/14 11:04:19 INFO SparkContext: Created broadcast 1 from broadcast at NativeMethodAccessorImpl.java:0
[2025-08-14T11:04:20.490+0000] {spark_submit.py:521} INFO - 25/08/14 11:04:20 INFO FileSourceStrategy: Pushed Filters: IsNotNull(requirements),Not(EqualTo(requirements,)),IsNotNull(description),Not(EqualTo(description,))
[2025-08-14T11:04:20.494+0000] {spark_submit.py:521} INFO - 25/08/14 11:04:20 INFO FileSourceStrategy: Post-Scan Filters: Set(isnotnull(trim(lower(title#1), None)), NOT (trim(lower(title#1), None) = ), isnotnull(trim(company_name#2, None)), NOT (trim(company_name#2, None) = ), isnotnull(requirements#9), NOT (requirements#9 = ), isnotnull(description#8), NOT (description#8 = ))
[2025-08-14T11:04:21.125+0000] {spark_submit.py:521} INFO - 25/08/14 11:04:21 INFO CodeGenerator: Code generated in 314.393396 ms
[2025-08-14T11:04:21.298+0000] {spark_submit.py:521} INFO - 25/08/14 11:04:21 INFO CodeGenerator: Code generated in 66.486536 ms
[2025-08-14T11:04:21.319+0000] {spark_submit.py:521} INFO - 25/08/14 11:04:21 INFO MemoryStore: Block broadcast_2 stored as values in memory (estimated size 219.5 KiB, free 434.2 MiB)
[2025-08-14T11:04:21.336+0000] {spark_submit.py:521} INFO - 25/08/14 11:04:21 INFO MemoryStore: Block broadcast_2_piece0 stored as bytes in memory (estimated size 39.9 KiB, free 434.1 MiB)
[2025-08-14T11:04:21.338+0000] {spark_submit.py:521} INFO - 25/08/14 11:04:21 INFO SparkContext: Created broadcast 2 from $anonfun$withThreadLocalCaptured$2 at CompletableFuture.java:1768
[2025-08-14T11:04:21.366+0000] {spark_submit.py:521} INFO - 25/08/14 11:04:21 INFO FileSourceScanExec: Planning scan with bin packing, max size: 4194304 bytes, open cost is considered as scanning 4194304 bytes.
[2025-08-14T11:04:21.669+0000] {spark_submit.py:521} INFO - 25/08/14 11:04:21 INFO DAGScheduler: Registering RDD 9 ($anonfun$withThreadLocalCaptured$2 at CompletableFuture.java:1768) as input to shuffle 0
[2025-08-14T11:04:21.676+0000] {spark_submit.py:521} INFO - 25/08/14 11:04:21 INFO DAGScheduler: Got map stage job 1 ($anonfun$withThreadLocalCaptured$2 at CompletableFuture.java:1768) with 1 output partitions
[2025-08-14T11:04:21.677+0000] {spark_submit.py:521} INFO - 25/08/14 11:04:21 INFO DAGScheduler: Final stage: ShuffleMapStage 1 ($anonfun$withThreadLocalCaptured$2 at CompletableFuture.java:1768)
[2025-08-14T11:04:21.677+0000] {spark_submit.py:521} INFO - 25/08/14 11:04:21 INFO DAGScheduler: Parents of final stage: List()
[2025-08-14T11:04:21.678+0000] {spark_submit.py:521} INFO - 25/08/14 11:04:21 INFO DAGScheduler: Missing parents: List()
[2025-08-14T11:04:21.680+0000] {spark_submit.py:521} INFO - 25/08/14 11:04:21 INFO DAGScheduler: Submitting ShuffleMapStage 1 (MapPartitionsRDD[9] at $anonfun$withThreadLocalCaptured$2 at CompletableFuture.java:1768), which has no missing parents
[2025-08-14T11:04:21.710+0000] {spark_submit.py:521} INFO - 25/08/14 11:04:21 INFO MemoryStore: Block broadcast_3 stored as values in memory (estimated size 98.8 KiB, free 434.0 MiB)
[2025-08-14T11:04:21.713+0000] {spark_submit.py:521} INFO - 25/08/14 11:04:21 INFO MemoryStore: Block broadcast_3_piece0 stored as bytes in memory (estimated size 36.0 KiB, free 434.0 MiB)
[2025-08-14T11:04:21.714+0000] {spark_submit.py:521} INFO - 25/08/14 11:04:21 INFO SparkContext: Created broadcast 3 from broadcast at DAGScheduler.scala:1676
[2025-08-14T11:04:21.716+0000] {spark_submit.py:521} INFO - 25/08/14 11:04:21 INFO DAGScheduler: Submitting 1 missing tasks from ShuffleMapStage 1 (MapPartitionsRDD[9] at $anonfun$withThreadLocalCaptured$2 at CompletableFuture.java:1768) (first 15 tasks are for partitions Vector(0))
[2025-08-14T11:04:21.716+0000] {spark_submit.py:521} INFO - 25/08/14 11:04:21 INFO TaskSchedulerImpl: Adding task set 1.0 with 1 tasks resource profile 0
[2025-08-14T11:04:21.719+0000] {spark_submit.py:521} INFO - 25/08/14 11:04:21 INFO TaskSetManager: Starting task 0.0 in stage 1.0 (TID 1) (172.18.0.5,executor 0, partition 0, PROCESS_LOCAL, 10429 bytes)
[2025-08-14T11:04:29.021+0000] {spark_submit.py:521} INFO - 25/08/14 11:04:29 INFO TaskSetManager: Finished task 0.0 in stage 1.0 (TID 1) in 7303 ms on 172.18.0.5 (executor 0) (1/1)
[2025-08-14T11:04:29.022+0000] {spark_submit.py:521} INFO - 25/08/14 11:04:29 INFO TaskSchedulerImpl: Removed TaskSet 1.0 whose tasks have all completed, from pool
[2025-08-14T11:04:29.023+0000] {spark_submit.py:521} INFO - 25/08/14 11:04:29 INFO PythonAccumulatorV2: Connected to AccumulatorServer at host: 127.0.0.1 port: 34671
[2025-08-14T11:04:29.028+0000] {spark_submit.py:521} INFO - 25/08/14 11:04:29 INFO DAGScheduler: ShuffleMapStage 1 ($anonfun$withThreadLocalCaptured$2 at CompletableFuture.java:1768) finished in 7344 ms
[2025-08-14T11:04:29.028+0000] {spark_submit.py:521} INFO - 25/08/14 11:04:29 INFO DAGScheduler: looking for newly runnable stages
[2025-08-14T11:04:29.029+0000] {spark_submit.py:521} INFO - 25/08/14 11:04:29 INFO DAGScheduler: running: HashSet()
[2025-08-14T11:04:29.029+0000] {spark_submit.py:521} INFO - 25/08/14 11:04:29 INFO DAGScheduler: waiting: HashSet()
[2025-08-14T11:04:29.029+0000] {spark_submit.py:521} INFO - 25/08/14 11:04:29 INFO DAGScheduler: failed: HashSet()
[2025-08-14T11:04:29.064+0000] {spark_submit.py:521} INFO - 25/08/14 11:04:29 INFO ShufflePartitionsUtil: For shuffle(0, advisory target size: 67108864, actual target size 1048576, minimum partition size: 1048576
[2025-08-14T11:04:30.537+0000] {spark_submit.py:521} INFO - 25/08/14 11:04:30 INFO ParquetUtils: Using default output committer for Parquet: org.apache.parquet.hadoop.ParquetOutputCommitter
[2025-08-14T11:04:30.553+0000] {spark_submit.py:521} INFO - 25/08/14 11:04:30 INFO FileOutputCommitter: File Output Committer Algorithm version is 1
[2025-08-14T11:04:30.554+0000] {spark_submit.py:521} INFO - 25/08/14 11:04:30 INFO FileOutputCommitter: FileOutputCommitter skip cleanup _temporary folders under output directory:false, ignore cleanup failures: false
[2025-08-14T11:04:30.554+0000] {spark_submit.py:521} INFO - 25/08/14 11:04:30 INFO SQLHadoopMapReduceCommitProtocol: Using user defined output committer class org.apache.parquet.hadoop.ParquetOutputCommitter
[2025-08-14T11:04:30.555+0000] {spark_submit.py:521} INFO - 25/08/14 11:04:30 INFO FileOutputCommitter: File Output Committer Algorithm version is 1
[2025-08-14T11:04:30.555+0000] {spark_submit.py:521} INFO - 25/08/14 11:04:30 INFO FileOutputCommitter: FileOutputCommitter skip cleanup _temporary folders under output directory:false, ignore cleanup failures: false
[2025-08-14T11:04:30.555+0000] {spark_submit.py:521} INFO - 25/08/14 11:04:30 INFO SQLHadoopMapReduceCommitProtocol: Using output committer class org.apache.parquet.hadoop.ParquetOutputCommitter
[2025-08-14T11:04:31.481+0000] {spark_submit.py:521} INFO - 25/08/14 11:04:31 INFO CodeGenerator: Code generated in 16.051903 ms
[2025-08-14T11:04:31.503+0000] {spark_submit.py:521} INFO - 25/08/14 11:04:31 INFO CodeGenerator: Code generated in 8.697054 ms
[2025-08-14T11:04:31.539+0000] {spark_submit.py:521} INFO - 25/08/14 11:04:31 INFO SparkContext: Starting job: $anonfun$withThreadLocalCaptured$2 at CompletableFuture.java:1768
[2025-08-14T11:04:31.540+0000] {spark_submit.py:521} INFO - 25/08/14 11:04:31 INFO DAGScheduler: Got job 2 ($anonfun$withThreadLocalCaptured$2 at CompletableFuture.java:1768) with 1 output partitions
[2025-08-14T11:04:31.540+0000] {spark_submit.py:521} INFO - 25/08/14 11:04:31 INFO DAGScheduler: Final stage: ResultStage 3 ($anonfun$withThreadLocalCaptured$2 at CompletableFuture.java:1768)
[2025-08-14T11:04:31.541+0000] {spark_submit.py:521} INFO - 25/08/14 11:04:31 INFO DAGScheduler: Parents of final stage: List(ShuffleMapStage 2)
[2025-08-14T11:04:31.541+0000] {spark_submit.py:521} INFO - 25/08/14 11:04:31 INFO DAGScheduler: Missing parents: List()
[2025-08-14T11:04:31.541+0000] {spark_submit.py:521} INFO - 25/08/14 11:04:31 INFO DAGScheduler: Submitting ResultStage 3 (MapPartitionsRDD[15] at $anonfun$withThreadLocalCaptured$2 at CompletableFuture.java:1768), which has no missing parents
[2025-08-14T11:04:31.575+0000] {spark_submit.py:521} INFO - 25/08/14 11:04:31 INFO MemoryStore: Block broadcast_4 stored as values in memory (estimated size 308.2 KiB, free 433.8 MiB)
[2025-08-14T11:04:31.578+0000] {spark_submit.py:521} INFO - 25/08/14 11:04:31 INFO MemoryStore: Block broadcast_4_piece0 stored as bytes in memory (estimated size 111.3 KiB, free 433.7 MiB)
[2025-08-14T11:04:31.580+0000] {spark_submit.py:521} INFO - 25/08/14 11:04:31 INFO SparkContext: Created broadcast 4 from broadcast at DAGScheduler.scala:1676
[2025-08-14T11:04:31.582+0000] {spark_submit.py:521} INFO - 25/08/14 11:04:31 INFO DAGScheduler: Submitting 1 missing tasks from ResultStage 3 (MapPartitionsRDD[15] at $anonfun$withThreadLocalCaptured$2 at CompletableFuture.java:1768) (first 15 tasks are for partitions Vector(0))
[2025-08-14T11:04:31.583+0000] {spark_submit.py:521} INFO - 25/08/14 11:04:31 INFO TaskSchedulerImpl: Adding task set 3.0 with 1 tasks resource profile 0
[2025-08-14T11:04:31.590+0000] {spark_submit.py:521} INFO - 25/08/14 11:04:31 INFO TaskSetManager: Starting task 0.0 in stage 3.0 (TID 2) (172.18.0.5,executor 0, partition 0, NODE_LOCAL, 9833 bytes)
[2025-08-14T11:04:31.773+0000] {spark_submit.py:521} INFO - 25/08/14 11:04:31 INFO MapOutputTrackerMasterEndpoint: Asked to send map output locations for shuffle 0 to 172.18.0.5:53348
[2025-08-14T11:04:35.389+0000] {spark_submit.py:521} INFO - 25/08/14 11:04:35 INFO TaskSetManager: Finished task 0.0 in stage 3.0 (TID 2) in 3801 ms on 172.18.0.5 (executor 0) (1/1)
[2025-08-14T11:04:35.390+0000] {spark_submit.py:521} INFO - 25/08/14 11:04:35 INFO TaskSchedulerImpl: Removed TaskSet 3.0 whose tasks have all completed, from pool
[2025-08-14T11:04:35.393+0000] {spark_submit.py:521} INFO - 25/08/14 11:04:35 INFO DAGScheduler: ResultStage 3 ($anonfun$withThreadLocalCaptured$2 at CompletableFuture.java:1768) finished in 3846 ms
[2025-08-14T11:04:35.394+0000] {spark_submit.py:521} INFO - 25/08/14 11:04:35 INFO DAGScheduler: Job 2 is finished. Cancelling potential speculative or zombie tasks for this job
[2025-08-14T11:04:35.394+0000] {spark_submit.py:521} INFO - 25/08/14 11:04:35 INFO TaskSchedulerImpl: Canceling stage 3
[2025-08-14T11:04:35.395+0000] {spark_submit.py:521} INFO - 25/08/14 11:04:35 INFO TaskSchedulerImpl: Killing all running tasks in stage 3: Stage finished
[2025-08-14T11:04:35.395+0000] {spark_submit.py:521} INFO - 25/08/14 11:04:35 INFO DAGScheduler: Job 2 finished: $anonfun$withThreadLocalCaptured$2 at CompletableFuture.java:1768, took 3856.162061 ms
[2025-08-14T11:04:35.417+0000] {spark_submit.py:521} INFO - 25/08/14 11:04:35 INFO FileFormatWriter: Start to commit write Job ecf0fa16-32ad-4e81-b8ab-4fe639a58f6e.
[2025-08-14T11:04:37.139+0000] {spark_submit.py:521} INFO - 25/08/14 11:04:37 INFO GoogleCloudStorageFileSystem: Successfully repaired 'gs://job_gcp/silver/topcv/topcv_jobs.parquet/_temporary/0/task_202508141104318919389411048429434_0003_m_000000/' directory.
[2025-08-14T11:04:37.941+0000] {spark_submit.py:521} INFO - 25/08/14 11:04:37 INFO GoogleCloudStorageFileSystem: Successfully repaired 'gs://job_gcp/silver/topcv/topcv_jobs.parquet/' directory.
[2025-08-14T11:04:38.803+0000] {spark_submit.py:521} INFO - 25/08/14 11:04:38 INFO FileFormatWriter: Write Job ecf0fa16-32ad-4e81-b8ab-4fe639a58f6e committed. Elapsed time: 3382 ms.
[2025-08-14T11:04:38.807+0000] {spark_submit.py:521} INFO - 25/08/14 11:04:38 INFO FileFormatWriter: Finished processing stats for write job ecf0fa16-32ad-4e81-b8ab-4fe639a58f6e.
[2025-08-14T11:04:38.823+0000] {spark_submit.py:521} INFO - ✅ Uploaded Spark DataFrame to GCS: gs://job_gcp/silver/topcv/topcv_jobs.parquet
[2025-08-14T11:04:38.826+0000] {spark_submit.py:521} INFO - 25/08/14 11:04:38 INFO SparkContext: SparkContext is stopping with exitCode 0 from stop at NativeMethodAccessorImpl.java:0.
[2025-08-14T11:04:38.844+0000] {spark_submit.py:521} INFO - 25/08/14 11:04:38 INFO SparkUI: Stopped Spark web UI at http://20bdaa41dd93:4040
[2025-08-14T11:04:38.849+0000] {spark_submit.py:521} INFO - 25/08/14 11:04:38 INFO StandaloneSchedulerBackend: Shutting down all executors
[2025-08-14T11:04:38.850+0000] {spark_submit.py:521} INFO - 25/08/14 11:04:38 INFO StandaloneSchedulerBackend$StandaloneDriverEndpoint: Asking each executor to shut down
[2025-08-14T11:04:38.876+0000] {spark_submit.py:521} INFO - 25/08/14 11:04:38 INFO MapOutputTrackerMasterEndpoint: MapOutputTrackerMasterEndpoint stopped!
[2025-08-14T11:04:39.073+0000] {spark_submit.py:521} INFO - 25/08/14 11:04:39 INFO MemoryStore: MemoryStore cleared
[2025-08-14T11:04:39.073+0000] {spark_submit.py:521} INFO - 25/08/14 11:04:39 INFO BlockManager: BlockManager stopped
[2025-08-14T11:04:39.077+0000] {spark_submit.py:521} INFO - 25/08/14 11:04:39 INFO BlockManagerMaster: BlockManagerMaster stopped
[2025-08-14T11:04:39.082+0000] {spark_submit.py:521} INFO - 25/08/14 11:04:39 INFO OutputCommitCoordinator$OutputCommitCoordinatorEndpoint: OutputCommitCoordinator stopped!
[2025-08-14T11:04:39.099+0000] {spark_submit.py:521} INFO - 25/08/14 11:04:39 INFO SparkContext: Successfully stopped SparkContext
[2025-08-14T11:04:40.319+0000] {spark_submit.py:521} INFO - 25/08/14 11:04:40 INFO ShutdownHookManager: Shutdown hook called
[2025-08-14T11:04:40.321+0000] {spark_submit.py:521} INFO - 25/08/14 11:04:40 INFO ShutdownHookManager: Deleting directory /tmp/spark-fee64f1a-0fd8-4245-83a8-c2cc4cae9373
[2025-08-14T11:04:40.331+0000] {spark_submit.py:521} INFO - 25/08/14 11:04:40 INFO ShutdownHookManager: Deleting directory /opt/***/artifacts/spark-66b29f55-81b2-440b-9fb1-b771c08cdf3d
[2025-08-14T11:04:40.342+0000] {spark_submit.py:521} INFO - 25/08/14 11:04:40 INFO ShutdownHookManager: Deleting directory /tmp/spark-170c6793-01ca-4b3d-862d-8d4b7cf1323e
[2025-08-14T11:04:40.354+0000] {spark_submit.py:521} INFO - 25/08/14 11:04:40 INFO ShutdownHookManager: Deleting directory /tmp/spark-170c6793-01ca-4b3d-862d-8d4b7cf1323e/pyspark-19f683ed-9690-48d5-9d57-6ae28678e993
[2025-08-14T11:04:40.486+0000] {taskinstance.py:441} INFO - ::group::Post task execution logs
[2025-08-14T11:04:40.644+0000] {taskinstance.py:1206} INFO - Marking task as SUCCESS. dag_id=spark_transform_pipeline, task_id=silver_topcv_transform, run_id=manual__2025-08-14T11:03:52.335417+00:00, execution_date=20250814T110352, start_date=20250814T110357, end_date=20250814T110440
[2025-08-14T11:04:40.769+0000] {local_task_job_runner.py:240} INFO - Task exited with return code 0
[2025-08-14T11:04:40.956+0000] {taskinstance.py:3498} INFO - 1 downstream tasks scheduled from follow-on schedule check
[2025-08-14T11:04:41.264+0000] {local_task_job_runner.py:222} INFO - ::endgroup::
