[2025-09-10T09:41:07.254+0000] {local_task_job_runner.py:120} INFO - ::group::Pre task execution logs
[2025-09-10T09:41:07.282+0000] {taskinstance.py:2076} INFO - Dependencies all met for dep_context=non-requeueable deps ti=<TaskInstance: jobs_crawler_dag.extract_vietnamworks_jobs manual__2025-09-10T09:40:52.452764+00:00 [queued]>
[2025-09-10T09:41:07.292+0000] {taskinstance.py:2076} INFO - Dependencies all met for dep_context=requeueable deps ti=<TaskInstance: jobs_crawler_dag.extract_vietnamworks_jobs manual__2025-09-10T09:40:52.452764+00:00 [queued]>
[2025-09-10T09:41:07.293+0000] {taskinstance.py:2306} INFO - Starting attempt 1 of 2
[2025-09-10T09:41:07.304+0000] {taskinstance.py:2330} INFO - Executing <Task(PythonOperator): extract_vietnamworks_jobs> on 2025-09-10 09:40:52.452764+00:00
[2025-09-10T09:41:07.309+0000] {standard_task_runner.py:63} INFO - Started process 119 to run task
[2025-09-10T09:41:07.312+0000] {standard_task_runner.py:90} INFO - Running: ['***', 'tasks', 'run', 'jobs_crawler_dag', 'extract_vietnamworks_jobs', 'manual__2025-09-10T09:40:52.452764+00:00', '--job-id', '154', '--raw', '--subdir', 'DAGS_FOLDER/crawl_jobs_dag.py', '--cfg-path', '/tmp/tmp2fgu460p']
[2025-09-10T09:41:07.315+0000] {standard_task_runner.py:91} INFO - Job 154: Subtask extract_vietnamworks_jobs
[2025-09-10T09:41:07.374+0000] {task_command.py:426} INFO - Running <TaskInstance: jobs_crawler_dag.extract_vietnamworks_jobs manual__2025-09-10T09:40:52.452764+00:00 [running]> on host 118acb478e13
[2025-09-10T09:41:07.490+0000] {taskinstance.py:2648} INFO - Exporting env vars: AIRFLOW_CTX_DAG_OWNER='***' AIRFLOW_CTX_DAG_ID='jobs_crawler_dag' AIRFLOW_CTX_TASK_ID='extract_vietnamworks_jobs' AIRFLOW_CTX_EXECUTION_DATE='2025-09-10T09:40:52.452764+00:00' AIRFLOW_CTX_TRY_NUMBER='1' AIRFLOW_CTX_DAG_RUN_ID='manual__2025-09-10T09:40:52.452764+00:00'
[2025-09-10T09:41:07.491+0000] {taskinstance.py:430} INFO - ::endgroup::
[2025-09-10T09:41:07.560+0000] {python.py:237} INFO - Done. Returned value was:        jobId                                jobTitle  ... isTopPriorityM  summary
0    1948749                           Data Engineer  ...           True      NaN
1    1945939   Chuyên Viên Tích Hợp Nền Tảng Dữ Liệu  ...           True      NaN
2    1949727                    Senior Data Engineer  ...           True      NaN
3    1948489  Senior Data Engineer (Up to 50Mil VND)  ...           True      NaN
4    1951061             Chuyên Gia Kỹ Thuật Dữ Liệu  ...           True      NaN
..       ...                                     ...  ...            ...      ...
128  1945589                     [HCM] Data Engineer  ...          False      NaN
129  1945588                      [HCM] Data Analyst  ...          False      NaN
130  1931884                            Risk Analyst  ...          False      NaN
131  1945154               AI Integration Specialist  ...          False      NaN
132  1932803              Data Analyst (MIS Officer)  ...          False      NaN

[133 rows x 99 columns]
[2025-09-10T09:41:07.617+0000] {taskinstance.py:441} INFO - ::group::Post task execution logs
[2025-09-10T09:41:07.739+0000] {taskinstance.py:1206} INFO - Marking task as SUCCESS. dag_id=jobs_crawler_dag, task_id=extract_vietnamworks_jobs, run_id=manual__2025-09-10T09:40:52.452764+00:00, execution_date=20250910T094052, start_date=20250910T094107, end_date=20250910T094107
[2025-09-10T09:41:07.768+0000] {local_task_job_runner.py:240} INFO - Task exited with return code 0
[2025-09-10T09:41:07.787+0000] {taskinstance.py:3498} INFO - 1 downstream tasks scheduled from follow-on schedule check
[2025-09-10T09:41:07.791+0000] {local_task_job_runner.py:222} INFO - ::endgroup::
