[2025-08-06T09:55:57.927+0000] {local_task_job_runner.py:120} INFO - ::group::Pre task execution logs
[2025-08-06T09:55:57.992+0000] {taskinstance.py:2076} INFO - Dependencies all met for dep_context=non-requeueable deps ti=<TaskInstance: spark_gold_transform_dag.submit_spark_job manual__2025-08-06T09:55:51.345559+00:00 [queued]>
[2025-08-06T09:55:58.006+0000] {taskinstance.py:2076} INFO - Dependencies all met for dep_context=requeueable deps ti=<TaskInstance: spark_gold_transform_dag.submit_spark_job manual__2025-08-06T09:55:51.345559+00:00 [queued]>
[2025-08-06T09:55:58.006+0000] {taskinstance.py:2306} INFO - Starting attempt 1 of 1
[2025-08-06T09:55:58.021+0000] {taskinstance.py:2330} INFO - Executing <Task(SparkSubmitOperator): submit_spark_job> on 2025-08-06 09:55:51.345559+00:00
[2025-08-06T09:55:58.046+0000] {standard_task_runner.py:63} INFO - Started process 474 to run task
[2025-08-06T09:55:58.050+0000] {standard_task_runner.py:90} INFO - Running: ['***', 'tasks', 'run', 'spark_gold_transform_dag', 'submit_spark_job', 'manual__2025-08-06T09:55:51.345559+00:00', '--job-id', '13', '--raw', '--subdir', 'DAGS_FOLDER/etl_jobs_dag.py', '--cfg-path', '/tmp/tmpwq4l91dr']
[2025-08-06T09:55:58.053+0000] {standard_task_runner.py:91} INFO - Job 13: Subtask submit_spark_job
[2025-08-06T09:55:58.122+0000] {task_command.py:426} INFO - Running <TaskInstance: spark_gold_transform_dag.submit_spark_job manual__2025-08-06T09:55:51.345559+00:00 [running]> on host f6daf7b6d686
[2025-08-06T09:55:58.274+0000] {taskinstance.py:2648} INFO - Exporting env vars: AIRFLOW_CTX_DAG_OWNER='***' AIRFLOW_CTX_DAG_ID='spark_gold_transform_dag' AIRFLOW_CTX_TASK_ID='submit_spark_job' AIRFLOW_CTX_EXECUTION_DATE='2025-08-06T09:55:51.345559+00:00' AIRFLOW_CTX_TRY_NUMBER='1' AIRFLOW_CTX_DAG_RUN_ID='manual__2025-08-06T09:55:51.345559+00:00'
[2025-08-06T09:55:58.275+0000] {taskinstance.py:430} INFO - ::endgroup::
[2025-08-06T09:55:58.332+0000] {base.py:84} INFO - Using connection ID 'spark_default' for task execution.
[2025-08-06T09:55:58.334+0000] {spark_submit.py:351} INFO - Spark-Submit cmd: spark-submit --master spark://spark-master:7077 --conf spark.master=spark://spark-master:7077 --conf spark.hadoop.fs.s3a.endpoint=http://minio:9000 --conf spark.hadoop.fs.s3a.access.key=minioadmin --conf spark.hadoop.fs.s3a.secret.key=****** --conf spark.hadoop.fs.s3a.path.style.access=true --conf spark.hadoop.fs.s3a.connection.ssl.enabled=false --jars /opt/custom-jars/hadoop-aws-3.3.6.jar,/opt/custom-jars/aws-java-sdk-bundle-1.12.367.jar --name arrow-spark --verbose /opt/spark-jobs/gold_transform.py
[2025-08-06T09:55:59.624+0000] {spark_submit.py:521} INFO - WARNING: Using incubator modules: jdk.incubator.vector
[2025-08-06T09:56:01.287+0000] {spark_submit.py:521} INFO - Parsed arguments:
[2025-08-06T09:56:01.288+0000] {spark_submit.py:521} INFO - master                  spark://spark-master:7077
[2025-08-06T09:56:01.289+0000] {spark_submit.py:521} INFO - remote                  null
[2025-08-06T09:56:01.289+0000] {spark_submit.py:521} INFO - deployMode              null
[2025-08-06T09:56:01.290+0000] {spark_submit.py:521} INFO - executorMemory          null
[2025-08-06T09:56:01.290+0000] {spark_submit.py:521} INFO - executorCores           null
[2025-08-06T09:56:01.290+0000] {spark_submit.py:521} INFO - totalExecutorCores      null
[2025-08-06T09:56:01.291+0000] {spark_submit.py:521} INFO - propertiesFile          null
[2025-08-06T09:56:01.291+0000] {spark_submit.py:521} INFO - driverMemory            null
[2025-08-06T09:56:01.291+0000] {spark_submit.py:521} INFO - driverCores             null
[2025-08-06T09:56:01.291+0000] {spark_submit.py:521} INFO - driverExtraClassPath    null
[2025-08-06T09:56:01.292+0000] {spark_submit.py:521} INFO - driverExtraLibraryPath  null
[2025-08-06T09:56:01.292+0000] {spark_submit.py:521} INFO - driverExtraJavaOptions  null
[2025-08-06T09:56:01.292+0000] {spark_submit.py:521} INFO - supervise               false
[2025-08-06T09:56:01.292+0000] {spark_submit.py:521} INFO - queue                   null
[2025-08-06T09:56:01.293+0000] {spark_submit.py:521} INFO - numExecutors            null
[2025-08-06T09:56:01.293+0000] {spark_submit.py:521} INFO - files                   null
[2025-08-06T09:56:01.293+0000] {spark_submit.py:521} INFO - pyFiles                 null
[2025-08-06T09:56:01.294+0000] {spark_submit.py:521} INFO - archives                null
[2025-08-06T09:56:01.294+0000] {spark_submit.py:521} INFO - mainClass               null
[2025-08-06T09:56:01.294+0000] {spark_submit.py:521} INFO - primaryResource         file:/opt/spark-jobs/gold_transform.py
[2025-08-06T09:56:01.294+0000] {spark_submit.py:521} INFO - name                    arrow-spark
[2025-08-06T09:56:01.295+0000] {spark_submit.py:521} INFO - childArgs               []
[2025-08-06T09:56:01.295+0000] {spark_submit.py:521} INFO - jars                    file:/opt/custom-jars/hadoop-aws-3.3.6.jar,file:/opt/custom-jars/aws-java-sdk-bundle-1.12.367.jar
[2025-08-06T09:56:01.295+0000] {spark_submit.py:521} INFO - packages                null
[2025-08-06T09:56:01.295+0000] {spark_submit.py:521} INFO - packagesExclusions      null
[2025-08-06T09:56:01.296+0000] {spark_submit.py:521} INFO - repositories            null
[2025-08-06T09:56:01.298+0000] {spark_submit.py:521} INFO - verbose                 true
[2025-08-06T09:56:01.298+0000] {spark_submit.py:521} INFO - 
[2025-08-06T09:56:01.299+0000] {spark_submit.py:521} INFO - Spark properties used, including those specified through
[2025-08-06T09:56:01.299+0000] {spark_submit.py:521} INFO - --conf and those from the properties file null:
[2025-08-06T09:56:01.299+0000] {spark_submit.py:521} INFO - (spark.hadoop.fs.s3a.access.key,*********(redacted))
[2025-08-06T09:56:01.300+0000] {spark_submit.py:521} INFO - (spark.hadoop.fs.s3a.connection.ssl.enabled,false)
[2025-08-06T09:56:01.300+0000] {spark_submit.py:521} INFO - (spark.hadoop.fs.s3a.endpoint,http://minio:9000)
[2025-08-06T09:56:01.301+0000] {spark_submit.py:521} INFO - (spark.hadoop.fs.s3a.path.style.access,true)
[2025-08-06T09:56:01.301+0000] {spark_submit.py:521} INFO - (spark.hadoop.fs.s3a.secret.key,*********(redacted))
[2025-08-06T09:56:01.301+0000] {spark_submit.py:521} INFO - (spark.master,spark://spark-master:7077)
[2025-08-06T09:56:01.301+0000] {spark_submit.py:521} INFO - 
[2025-08-06T09:56:01.302+0000] {spark_submit.py:521} INFO - 
[2025-08-06T09:56:01.663+0000] {spark_submit.py:521} INFO - 25/08/06 09:56:01 WARN NativeCodeLoader: Unable to load native-hadoop library for your platform... using builtin-java classes where applicable
[2025-08-06T09:56:01.812+0000] {spark_submit.py:521} INFO - Main class:
[2025-08-06T09:56:01.812+0000] {spark_submit.py:521} INFO - org.apache.spark.deploy.PythonRunner
[2025-08-06T09:56:01.813+0000] {spark_submit.py:521} INFO - Arguments:
[2025-08-06T09:56:01.813+0000] {spark_submit.py:521} INFO - file:/opt/spark-jobs/gold_transform.py
[2025-08-06T09:56:01.813+0000] {spark_submit.py:521} INFO - null
[2025-08-06T09:56:01.814+0000] {spark_submit.py:521} INFO - Spark config:
[2025-08-06T09:56:01.814+0000] {spark_submit.py:521} INFO - (spark.app.name,arrow-spark)
[2025-08-06T09:56:01.814+0000] {spark_submit.py:521} INFO - (spark.app.submitTime,1754474161795)
[2025-08-06T09:56:01.814+0000] {spark_submit.py:521} INFO - (spark.hadoop.fs.s3a.access.key,*********(redacted))
[2025-08-06T09:56:01.814+0000] {spark_submit.py:521} INFO - (spark.hadoop.fs.s3a.connection.ssl.enabled,false)
[2025-08-06T09:56:01.815+0000] {spark_submit.py:521} INFO - (spark.hadoop.fs.s3a.endpoint,http://minio:9000)
[2025-08-06T09:56:01.815+0000] {spark_submit.py:521} INFO - (spark.hadoop.fs.s3a.path.style.access,true)
[2025-08-06T09:56:01.815+0000] {spark_submit.py:521} INFO - (spark.hadoop.fs.s3a.secret.key,*********(redacted))
[2025-08-06T09:56:01.815+0000] {spark_submit.py:521} INFO - (spark.jars,file:///opt/custom-jars/hadoop-aws-3.3.6.jar,file:///opt/custom-jars/aws-java-sdk-bundle-1.12.367.jar)
[2025-08-06T09:56:01.816+0000] {spark_submit.py:521} INFO - (spark.master,spark://spark-master:7077)
[2025-08-06T09:56:01.816+0000] {spark_submit.py:521} INFO - (spark.repl.local.jars,file:///opt/custom-jars/hadoop-aws-3.3.6.jar,file:///opt/custom-jars/aws-java-sdk-bundle-1.12.367.jar)
[2025-08-06T09:56:01.816+0000] {spark_submit.py:521} INFO - (spark.submit.deployMode,client)
[2025-08-06T09:56:01.816+0000] {spark_submit.py:521} INFO - (spark.submit.pyFiles,)
[2025-08-06T09:56:01.816+0000] {spark_submit.py:521} INFO - Classpath elements:
[2025-08-06T09:56:01.817+0000] {spark_submit.py:521} INFO - file:///opt/custom-jars/hadoop-aws-3.3.6.jar
[2025-08-06T09:56:01.817+0000] {spark_submit.py:521} INFO - file:///opt/custom-jars/aws-java-sdk-bundle-1.12.367.jar
[2025-08-06T09:56:01.817+0000] {spark_submit.py:521} INFO - 
[2025-08-06T09:56:01.817+0000] {spark_submit.py:521} INFO - 
[2025-08-06T09:56:04.003+0000] {spark_submit.py:521} INFO - Using Spark's default log4j profile: org/apache/spark/log4j2-defaults.properties
[2025-08-06T09:56:04.008+0000] {spark_submit.py:521} INFO - 25/08/06 09:56:04 INFO SparkContext: Running Spark version 4.0.0
[2025-08-06T09:56:04.011+0000] {spark_submit.py:521} INFO - 25/08/06 09:56:04 INFO SparkContext: OS info Linux, 5.15.167.4-microsoft-standard-WSL2, amd64
[2025-08-06T09:56:04.013+0000] {spark_submit.py:521} INFO - 25/08/06 09:56:04 INFO SparkContext: Java version 17.0.15
[2025-08-06T09:56:04.036+0000] {spark_submit.py:521} INFO - 25/08/06 09:56:04 INFO ResourceUtils: ==============================================================
[2025-08-06T09:56:04.037+0000] {spark_submit.py:521} INFO - 25/08/06 09:56:04 INFO ResourceUtils: No custom resources configured for spark.driver.
[2025-08-06T09:56:04.037+0000] {spark_submit.py:521} INFO - 25/08/06 09:56:04 INFO ResourceUtils: ==============================================================
[2025-08-06T09:56:04.037+0000] {spark_submit.py:521} INFO - 25/08/06 09:56:04 INFO SparkContext: Submitted application: GoldTransform
[2025-08-06T09:56:04.060+0000] {spark_submit.py:521} INFO - 25/08/06 09:56:04 INFO ResourceProfile: Default ResourceProfile created, executor resources: Map(memory -> name: memory, amount: 1024, script: , vendor: , offHeap -> name: offHeap, amount: 0, script: , vendor: ), task resources: Map(cpus -> name: cpus, amount: 1.0)
[2025-08-06T09:56:04.062+0000] {spark_submit.py:521} INFO - 25/08/06 09:56:04 INFO ResourceProfile: Limiting resource is cpu
[2025-08-06T09:56:04.063+0000] {spark_submit.py:521} INFO - 25/08/06 09:56:04 INFO ResourceProfileManager: Added ResourceProfile id: 0
[2025-08-06T09:56:04.107+0000] {spark_submit.py:521} INFO - 25/08/06 09:56:04 INFO SecurityManager: Changing view acls to: ***
[2025-08-06T09:56:04.108+0000] {spark_submit.py:521} INFO - 25/08/06 09:56:04 INFO SecurityManager: Changing modify acls to: ***
[2025-08-06T09:56:04.109+0000] {spark_submit.py:521} INFO - 25/08/06 09:56:04 INFO SecurityManager: Changing view acls groups to: ***
[2025-08-06T09:56:04.110+0000] {spark_submit.py:521} INFO - 25/08/06 09:56:04 INFO SecurityManager: Changing modify acls groups to: ***
[2025-08-06T09:56:04.112+0000] {spark_submit.py:521} INFO - 25/08/06 09:56:04 INFO SecurityManager: SecurityManager: authentication disabled; ui acls disabled; users with view permissions: *** groups with view permissions: EMPTY; users with modify permissions: ***; groups with modify permissions: EMPTY; RPC SSL disabled
[2025-08-06T09:56:04.341+0000] {spark_submit.py:521} INFO - 25/08/06 09:56:04 INFO Utils: Successfully started service 'sparkDriver' on port 37527.
[2025-08-06T09:56:04.370+0000] {spark_submit.py:521} INFO - 25/08/06 09:56:04 INFO SparkEnv: Registering MapOutputTracker
[2025-08-06T09:56:04.379+0000] {spark_submit.py:521} INFO - 25/08/06 09:56:04 INFO SparkEnv: Registering BlockManagerMaster
[2025-08-06T09:56:04.394+0000] {spark_submit.py:521} INFO - 25/08/06 09:56:04 INFO BlockManagerMasterEndpoint: Using org.apache.spark.storage.DefaultTopologyMapper for getting topology information
[2025-08-06T09:56:04.394+0000] {spark_submit.py:521} INFO - 25/08/06 09:56:04 INFO BlockManagerMasterEndpoint: BlockManagerMasterEndpoint up
[2025-08-06T09:56:04.397+0000] {spark_submit.py:521} INFO - 25/08/06 09:56:04 INFO SparkEnv: Registering BlockManagerMasterHeartbeat
[2025-08-06T09:56:04.421+0000] {spark_submit.py:521} INFO - 25/08/06 09:56:04 INFO DiskBlockManager: Created local directory at /tmp/blockmgr-26fb7408-f0c9-4255-8b9b-bd0d88272aab
[2025-08-06T09:56:04.440+0000] {spark_submit.py:521} INFO - 25/08/06 09:56:04 INFO SparkEnv: Registering OutputCommitCoordinator
[2025-08-06T09:56:04.556+0000] {spark_submit.py:521} INFO - 25/08/06 09:56:04 INFO JettyUtils: Start Jetty 0.0.0.0:4040 for SparkUI
[2025-08-06T09:56:04.620+0000] {spark_submit.py:521} INFO - 25/08/06 09:56:04 INFO Utils: Successfully started service 'SparkUI' on port 4040.
[2025-08-06T09:56:04.653+0000] {spark_submit.py:521} INFO - 25/08/06 09:56:04 INFO SparkContext: Added JAR file:///opt/custom-jars/hadoop-aws-3.3.6.jar at spark://f6daf7b6d686:37527/jars/hadoop-aws-3.3.6.jar with timestamp 1754474163995
[2025-08-06T09:56:04.654+0000] {spark_submit.py:521} INFO - 25/08/06 09:56:04 INFO SparkContext: Added JAR file:///opt/custom-jars/aws-java-sdk-bundle-1.12.367.jar at spark://f6daf7b6d686:37527/jars/aws-java-sdk-bundle-1.12.367.jar with timestamp 1754474163995
[2025-08-06T09:56:04.673+0000] {spark_submit.py:521} INFO - 25/08/06 09:56:04 INFO SecurityManager: Changing view acls to: ***
[2025-08-06T09:56:04.674+0000] {spark_submit.py:521} INFO - 25/08/06 09:56:04 INFO SecurityManager: Changing modify acls to: ***
[2025-08-06T09:56:04.674+0000] {spark_submit.py:521} INFO - 25/08/06 09:56:04 INFO SecurityManager: Changing view acls groups to: ***
[2025-08-06T09:56:04.675+0000] {spark_submit.py:521} INFO - 25/08/06 09:56:04 INFO SecurityManager: Changing modify acls groups to: ***
[2025-08-06T09:56:04.675+0000] {spark_submit.py:521} INFO - 25/08/06 09:56:04 INFO SecurityManager: SecurityManager: authentication disabled; ui acls disabled; users with view permissions: *** groups with view permissions: EMPTY; users with modify permissions: ***; groups with modify permissions: EMPTY; RPC SSL disabled
[2025-08-06T09:56:04.817+0000] {spark_submit.py:521} INFO - 25/08/06 09:56:04 INFO StandaloneAppClient$ClientEndpoint: Connecting to master spark://spark-master:7077...
[2025-08-06T09:56:04.858+0000] {spark_submit.py:521} INFO - 25/08/06 09:56:04 INFO TransportClientFactory: Successfully created connection to spark-master/172.18.0.2:7077 after 22 ms (0 ms spent in bootstraps)
[2025-08-06T09:56:04.974+0000] {spark_submit.py:521} INFO - 25/08/06 09:56:04 WARN StandaloneAppClient$ClientEndpoint: Failed to connect to master spark-master:7077
[2025-08-06T09:56:04.974+0000] {spark_submit.py:521} INFO - org.apache.spark.SparkException: Exception thrown in awaitResult:
[2025-08-06T09:56:04.974+0000] {spark_submit.py:521} INFO - at org.apache.spark.util.SparkThreadUtils$.awaitResult(SparkThreadUtils.scala:53)
[2025-08-06T09:56:04.975+0000] {spark_submit.py:521} INFO - at org.apache.spark.util.ThreadUtils$.awaitResult(ThreadUtils.scala:342)
[2025-08-06T09:56:04.975+0000] {spark_submit.py:521} INFO - at org.apache.spark.rpc.RpcTimeout.awaitResult(RpcTimeout.scala:75)
[2025-08-06T09:56:04.975+0000] {spark_submit.py:521} INFO - at org.apache.spark.rpc.RpcEnv.setupEndpointRefByURI(RpcEnv.scala:102)
[2025-08-06T09:56:04.976+0000] {spark_submit.py:521} INFO - at org.apache.spark.rpc.RpcEnv.setupEndpointRef(RpcEnv.scala:110)
[2025-08-06T09:56:04.976+0000] {spark_submit.py:521} INFO - at org.apache.spark.deploy.client.StandaloneAppClient$ClientEndpoint$$anon$1.run(StandaloneAppClient.scala:110)
[2025-08-06T09:56:04.976+0000] {spark_submit.py:521} INFO - at java.base/java.util.concurrent.Executors$RunnableAdapter.call(Executors.java:539)
[2025-08-06T09:56:04.976+0000] {spark_submit.py:521} INFO - at java.base/java.util.concurrent.FutureTask.run(FutureTask.java:264)
[2025-08-06T09:56:04.977+0000] {spark_submit.py:521} INFO - at java.base/java.util.concurrent.ThreadPoolExecutor.runWorker(ThreadPoolExecutor.java:1136)
[2025-08-06T09:56:04.977+0000] {spark_submit.py:521} INFO - at java.base/java.util.concurrent.ThreadPoolExecutor$Worker.run(ThreadPoolExecutor.java:635)
[2025-08-06T09:56:04.977+0000] {spark_submit.py:521} INFO - at java.base/java.lang.Thread.run(Thread.java:840)
[2025-08-06T09:56:04.977+0000] {spark_submit.py:521} INFO - Caused by: java.lang.RuntimeException: java.io.InvalidClassException: org.apache.spark.rpc.netty.RpcEndpointVerifier$CheckExistence; local class incompatible: stream classdesc serialVersionUID = 5378738997755484868, local class serialVersionUID = 7789290765573734431
[2025-08-06T09:56:04.978+0000] {spark_submit.py:521} INFO - at java.base/java.io.ObjectStreamClass.initNonProxy(ObjectStreamClass.java:597)
[2025-08-06T09:56:04.978+0000] {spark_submit.py:521} INFO - at java.base/java.io.ObjectInputStream.readNonProxyDesc(ObjectInputStream.java:2051)
[2025-08-06T09:56:04.978+0000] {spark_submit.py:521} INFO - at java.base/java.io.ObjectInputStream.readClassDesc(ObjectInputStream.java:1898)
[2025-08-06T09:56:04.978+0000] {spark_submit.py:521} INFO - at java.base/java.io.ObjectInputStream.readOrdinaryObject(ObjectInputStream.java:2224)
[2025-08-06T09:56:04.979+0000] {spark_submit.py:521} INFO - at java.base/java.io.ObjectInputStream.readObject0(ObjectInputStream.java:1733)
[2025-08-06T09:56:04.979+0000] {spark_submit.py:521} INFO - at java.base/java.io.ObjectInputStream.readObject(ObjectInputStream.java:509)
[2025-08-06T09:56:04.979+0000] {spark_submit.py:521} INFO - at java.base/java.io.ObjectInputStream.readObject(ObjectInputStream.java:467)
[2025-08-06T09:56:04.979+0000] {spark_submit.py:521} INFO - at org.apache.spark.serializer.JavaDeserializationStream.readObject(JavaSerializer.scala:87)
[2025-08-06T09:56:04.980+0000] {spark_submit.py:521} INFO - at org.apache.spark.serializer.JavaSerializerInstance.deserialize(JavaSerializer.scala:123)
[2025-08-06T09:56:04.980+0000] {spark_submit.py:521} INFO - at org.apache.spark.rpc.netty.NettyRpcEnv.$anonfun$deserialize$2(NettyRpcEnv.scala:299)
[2025-08-06T09:56:04.980+0000] {spark_submit.py:521} INFO - at scala.util.DynamicVariable.withValue(DynamicVariable.scala:62)
[2025-08-06T09:56:04.981+0000] {spark_submit.py:521} INFO - at org.apache.spark.rpc.netty.NettyRpcEnv.deserialize(NettyRpcEnv.scala:352)
[2025-08-06T09:56:04.981+0000] {spark_submit.py:521} INFO - at org.apache.spark.rpc.netty.NettyRpcEnv.$anonfun$deserialize$1(NettyRpcEnv.scala:298)
[2025-08-06T09:56:04.981+0000] {spark_submit.py:521} INFO - at scala.util.DynamicVariable.withValue(DynamicVariable.scala:62)
[2025-08-06T09:56:04.981+0000] {spark_submit.py:521} INFO - at org.apache.spark.rpc.netty.NettyRpcEnv.deserialize(NettyRpcEnv.scala:298)
[2025-08-06T09:56:04.982+0000] {spark_submit.py:521} INFO - at org.apache.spark.rpc.netty.RequestMessage$.apply(NettyRpcEnv.scala:646)
[2025-08-06T09:56:04.982+0000] {spark_submit.py:521} INFO - at org.apache.spark.rpc.netty.NettyRpcHandler.internalReceive(NettyRpcEnv.scala:697)
[2025-08-06T09:56:04.982+0000] {spark_submit.py:521} INFO - at org.apache.spark.rpc.netty.NettyRpcHandler.receive(NettyRpcEnv.scala:682)
[2025-08-06T09:56:04.983+0000] {spark_submit.py:521} INFO - at org.apache.spark.network.server.TransportRequestHandler.processRpcRequest(TransportRequestHandler.java:163)
[2025-08-06T09:56:04.983+0000] {spark_submit.py:521} INFO - at org.apache.spark.network.server.TransportRequestHandler.handle(TransportRequestHandler.java:109)
[2025-08-06T09:56:04.983+0000] {spark_submit.py:521} INFO - at org.apache.spark.network.server.TransportChannelHandler.channelRead0(TransportChannelHandler.java:140)
[2025-08-06T09:56:04.984+0000] {spark_submit.py:521} INFO - at org.apache.spark.network.server.TransportChannelHandler.channelRead0(TransportChannelHandler.java:53)
[2025-08-06T09:56:04.984+0000] {spark_submit.py:521} INFO - at io.netty.channel.SimpleChannelInboundHandler.channelRead(SimpleChannelInboundHandler.java:99)
[2025-08-06T09:56:04.984+0000] {spark_submit.py:521} INFO - at io.netty.channel.AbstractChannelHandlerContext.invokeChannelRead(AbstractChannelHandlerContext.java:444)
[2025-08-06T09:56:04.985+0000] {spark_submit.py:521} INFO - at io.netty.channel.AbstractChannelHandlerContext.invokeChannelRead(AbstractChannelHandlerContext.java:420)
[2025-08-06T09:56:04.985+0000] {spark_submit.py:521} INFO - at io.netty.channel.AbstractChannelHandlerContext.fireChannelRead(AbstractChannelHandlerContext.java:412)
[2025-08-06T09:56:04.985+0000] {spark_submit.py:521} INFO - at io.netty.handler.timeout.IdleStateHandler.channelRead(IdleStateHandler.java:286)
[2025-08-06T09:56:04.986+0000] {spark_submit.py:521} INFO - at io.netty.channel.AbstractChannelHandlerContext.invokeChannelRead(AbstractChannelHandlerContext.java:442)
[2025-08-06T09:56:04.986+0000] {spark_submit.py:521} INFO - at io.netty.channel.AbstractChannelHandlerContext.invokeChannelRead(AbstractChannelHandlerContext.java:420)
[2025-08-06T09:56:04.986+0000] {spark_submit.py:521} INFO - at io.netty.channel.AbstractChannelHandlerContext.fireChannelRead(AbstractChannelHandlerContext.java:412)
[2025-08-06T09:56:04.987+0000] {spark_submit.py:521} INFO - at io.netty.handler.codec.MessageToMessageDecoder.channelRead(MessageToMessageDecoder.java:103)
[2025-08-06T09:56:04.987+0000] {spark_submit.py:521} INFO - at io.netty.channel.AbstractChannelHandlerContext.invokeChannelRead(AbstractChannelHandlerContext.java:444)
[2025-08-06T09:56:04.987+0000] {spark_submit.py:521} INFO - at io.netty.channel.AbstractChannelHandlerContext.invokeChannelRead(AbstractChannelHandlerContext.java:420)
[2025-08-06T09:56:04.987+0000] {spark_submit.py:521} INFO - at io.netty.channel.AbstractChannelHandlerContext.fireChannelRead(AbstractChannelHandlerContext.java:412)
[2025-08-06T09:56:04.988+0000] {spark_submit.py:521} INFO - at org.apache.spark.network.util.TransportFrameDecoder.channelRead(TransportFrameDecoder.java:102)
[2025-08-06T09:56:04.988+0000] {spark_submit.py:521} INFO - at io.netty.channel.AbstractChannelHandlerContext.invokeChannelRead(AbstractChannelHandlerContext.java:444)
[2025-08-06T09:56:04.988+0000] {spark_submit.py:521} INFO - at io.netty.channel.AbstractChannelHandlerContext.invokeChannelRead(AbstractChannelHandlerContext.java:420)
[2025-08-06T09:56:04.989+0000] {spark_submit.py:521} INFO - at io.netty.channel.AbstractChannelHandlerContext.fireChannelRead(AbstractChannelHandlerContext.java:412)
[2025-08-06T09:56:04.989+0000] {spark_submit.py:521} INFO - at io.netty.channel.DefaultChannelPipeline$HeadContext.channelRead(DefaultChannelPipeline.java:1410)
[2025-08-06T09:56:04.989+0000] {spark_submit.py:521} INFO - at io.netty.channel.AbstractChannelHandlerContext.invokeChannelRead(AbstractChannelHandlerContext.java:440)
[2025-08-06T09:56:04.989+0000] {spark_submit.py:521} INFO - at io.netty.channel.AbstractChannelHandlerContext.invokeChannelRead(AbstractChannelHandlerContext.java:420)
[2025-08-06T09:56:04.990+0000] {spark_submit.py:521} INFO - at io.netty.channel.DefaultChannelPipeline.fireChannelRead(DefaultChannelPipeline.java:919)
[2025-08-06T09:56:04.990+0000] {spark_submit.py:521} INFO - at io.netty.channel.nio.AbstractNioByteChannel$NioByteUnsafe.read(AbstractNioByteChannel.java:166)
[2025-08-06T09:56:04.990+0000] {spark_submit.py:521} INFO - at io.netty.channel.nio.NioEventLoop.processSelectedKey(NioEventLoop.java:788)
[2025-08-06T09:56:04.990+0000] {spark_submit.py:521} INFO - at io.netty.channel.nio.NioEventLoop.processSelectedKeysOptimized(NioEventLoop.java:724)
[2025-08-06T09:56:04.991+0000] {spark_submit.py:521} INFO - at io.netty.channel.nio.NioEventLoop.processSelectedKeys(NioEventLoop.java:650)
[2025-08-06T09:56:04.991+0000] {spark_submit.py:521} INFO - at io.netty.channel.nio.NioEventLoop.run(NioEventLoop.java:562)
[2025-08-06T09:56:04.991+0000] {spark_submit.py:521} INFO - at io.netty.util.concurrent.SingleThreadEventExecutor$4.run(SingleThreadEventExecutor.java:997)
[2025-08-06T09:56:04.991+0000] {spark_submit.py:521} INFO - at io.netty.util.internal.ThreadExecutorMap$2.run(ThreadExecutorMap.java:74)
[2025-08-06T09:56:04.992+0000] {spark_submit.py:521} INFO - at io.netty.util.concurrent.FastThreadLocalRunnable.run(FastThreadLocalRunnable.java:30)
[2025-08-06T09:56:04.992+0000] {spark_submit.py:521} INFO - at java.base/java.lang.Thread.run(Thread.java:840)
[2025-08-06T09:56:04.992+0000] {spark_submit.py:521} INFO - 
[2025-08-06T09:56:04.992+0000] {spark_submit.py:521} INFO - at org.apache.spark.network.client.TransportResponseHandler.handle(TransportResponseHandler.java:217)
[2025-08-06T09:56:04.992+0000] {spark_submit.py:521} INFO - at org.apache.spark.network.server.TransportChannelHandler.channelRead0(TransportChannelHandler.java:145)
[2025-08-06T09:56:04.993+0000] {spark_submit.py:521} INFO - at org.apache.spark.network.server.TransportChannelHandler.channelRead0(TransportChannelHandler.java:55)
[2025-08-06T09:56:04.993+0000] {spark_submit.py:521} INFO - at io.netty.channel.SimpleChannelInboundHandler.channelRead(SimpleChannelInboundHandler.java:99)
[2025-08-06T09:56:04.993+0000] {spark_submit.py:521} INFO - at io.netty.channel.AbstractChannelHandlerContext.invokeChannelRead(AbstractChannelHandlerContext.java:444)
[2025-08-06T09:56:04.993+0000] {spark_submit.py:521} INFO - at io.netty.channel.AbstractChannelHandlerContext.invokeChannelRead(AbstractChannelHandlerContext.java:420)
[2025-08-06T09:56:04.993+0000] {spark_submit.py:521} INFO - at io.netty.channel.AbstractChannelHandlerContext.fireChannelRead(AbstractChannelHandlerContext.java:412)
[2025-08-06T09:56:04.994+0000] {spark_submit.py:521} INFO - at io.netty.handler.timeout.IdleStateHandler.channelRead(IdleStateHandler.java:289)
[2025-08-06T09:56:04.994+0000] {spark_submit.py:521} INFO - at io.netty.channel.AbstractChannelHandlerContext.invokeChannelRead(AbstractChannelHandlerContext.java:442)
[2025-08-06T09:56:04.994+0000] {spark_submit.py:521} INFO - at io.netty.channel.AbstractChannelHandlerContext.invokeChannelRead(AbstractChannelHandlerContext.java:420)
[2025-08-06T09:56:04.995+0000] {spark_submit.py:521} INFO - at io.netty.channel.AbstractChannelHandlerContext.fireChannelRead(AbstractChannelHandlerContext.java:412)
[2025-08-06T09:56:04.995+0000] {spark_submit.py:521} INFO - at io.netty.handler.codec.MessageToMessageDecoder.channelRead(MessageToMessageDecoder.java:107)
[2025-08-06T09:56:04.995+0000] {spark_submit.py:521} INFO - at io.netty.channel.AbstractChannelHandlerContext.invokeChannelRead(AbstractChannelHandlerContext.java:444)
[2025-08-06T09:56:04.995+0000] {spark_submit.py:521} INFO - at io.netty.channel.AbstractChannelHandlerContext.invokeChannelRead(AbstractChannelHandlerContext.java:420)
[2025-08-06T09:56:04.995+0000] {spark_submit.py:521} INFO - at io.netty.channel.AbstractChannelHandlerContext.fireChannelRead(AbstractChannelHandlerContext.java:412)
[2025-08-06T09:56:04.996+0000] {spark_submit.py:521} INFO - at org.apache.spark.network.util.TransportFrameDecoder.channelRead(TransportFrameDecoder.java:102)
[2025-08-06T09:56:04.996+0000] {spark_submit.py:521} INFO - at io.netty.channel.AbstractChannelHandlerContext.invokeChannelRead(AbstractChannelHandlerContext.java:444)
[2025-08-06T09:56:04.996+0000] {spark_submit.py:521} INFO - at io.netty.channel.AbstractChannelHandlerContext.invokeChannelRead(AbstractChannelHandlerContext.java:420)
[2025-08-06T09:56:04.996+0000] {spark_submit.py:521} INFO - at io.netty.channel.AbstractChannelHandlerContext.fireChannelRead(AbstractChannelHandlerContext.java:412)
[2025-08-06T09:56:04.997+0000] {spark_submit.py:521} INFO - at io.netty.channel.DefaultChannelPipeline$HeadContext.channelRead(DefaultChannelPipeline.java:1357)
[2025-08-06T09:56:04.997+0000] {spark_submit.py:521} INFO - at io.netty.channel.AbstractChannelHandlerContext.invokeChannelRead(AbstractChannelHandlerContext.java:440)
[2025-08-06T09:56:04.997+0000] {spark_submit.py:521} INFO - at io.netty.channel.AbstractChannelHandlerContext.invokeChannelRead(AbstractChannelHandlerContext.java:420)
[2025-08-06T09:56:04.997+0000] {spark_submit.py:521} INFO - at io.netty.channel.DefaultChannelPipeline.fireChannelRead(DefaultChannelPipeline.java:868)
[2025-08-06T09:56:04.998+0000] {spark_submit.py:521} INFO - at io.netty.channel.nio.AbstractNioByteChannel$NioByteUnsafe.read(AbstractNioByteChannel.java:166)
[2025-08-06T09:56:04.998+0000] {spark_submit.py:521} INFO - at io.netty.channel.nio.NioEventLoop.processSelectedKey(NioEventLoop.java:796)
[2025-08-06T09:56:04.998+0000] {spark_submit.py:521} INFO - at io.netty.channel.nio.NioEventLoop.processSelectedKeysOptimized(NioEventLoop.java:732)
[2025-08-06T09:56:04.998+0000] {spark_submit.py:521} INFO - at io.netty.channel.nio.NioEventLoop.processSelectedKeys(NioEventLoop.java:658)
[2025-08-06T09:56:04.999+0000] {spark_submit.py:521} INFO - at io.netty.channel.nio.NioEventLoop.run(NioEventLoop.java:562)
[2025-08-06T09:56:04.999+0000] {spark_submit.py:521} INFO - at io.netty.util.concurrent.SingleThreadEventExecutor$4.run(SingleThreadEventExecutor.java:998)
[2025-08-06T09:56:04.999+0000] {spark_submit.py:521} INFO - at io.netty.util.internal.ThreadExecutorMap$2.run(ThreadExecutorMap.java:74)
[2025-08-06T09:56:04.999+0000] {spark_submit.py:521} INFO - at io.netty.util.concurrent.FastThreadLocalRunnable.run(FastThreadLocalRunnable.java:30)
[2025-08-06T09:56:05.000+0000] {spark_submit.py:521} INFO - ... 1 more
[2025-08-06T09:56:24.823+0000] {spark_submit.py:521} INFO - 25/08/06 09:56:24 INFO StandaloneAppClient$ClientEndpoint: Connecting to master spark://spark-master:7077...
[2025-08-06T09:56:24.851+0000] {spark_submit.py:521} INFO - 25/08/06 09:56:24 WARN StandaloneAppClient$ClientEndpoint: Failed to connect to master spark-master:7077
[2025-08-06T09:56:24.853+0000] {spark_submit.py:521} INFO - org.apache.spark.SparkException: Exception thrown in awaitResult:
[2025-08-06T09:56:24.854+0000] {spark_submit.py:521} INFO - at org.apache.spark.util.SparkThreadUtils$.awaitResult(SparkThreadUtils.scala:53)
[2025-08-06T09:56:24.855+0000] {spark_submit.py:521} INFO - at org.apache.spark.util.ThreadUtils$.awaitResult(ThreadUtils.scala:342)
[2025-08-06T09:56:24.856+0000] {spark_submit.py:521} INFO - at org.apache.spark.rpc.RpcTimeout.awaitResult(RpcTimeout.scala:75)
[2025-08-06T09:56:24.856+0000] {spark_submit.py:521} INFO - at org.apache.spark.rpc.RpcEnv.setupEndpointRefByURI(RpcEnv.scala:102)
[2025-08-06T09:56:24.857+0000] {spark_submit.py:521} INFO - at org.apache.spark.rpc.RpcEnv.setupEndpointRef(RpcEnv.scala:110)
[2025-08-06T09:56:24.857+0000] {spark_submit.py:521} INFO - at org.apache.spark.deploy.client.StandaloneAppClient$ClientEndpoint$$anon$1.run(StandaloneAppClient.scala:110)
[2025-08-06T09:56:24.858+0000] {spark_submit.py:521} INFO - at java.base/java.util.concurrent.Executors$RunnableAdapter.call(Executors.java:539)
[2025-08-06T09:56:24.859+0000] {spark_submit.py:521} INFO - at java.base/java.util.concurrent.FutureTask.run(FutureTask.java:264)
[2025-08-06T09:56:24.859+0000] {spark_submit.py:521} INFO - at java.base/java.util.concurrent.ThreadPoolExecutor.runWorker(ThreadPoolExecutor.java:1136)
[2025-08-06T09:56:24.860+0000] {spark_submit.py:521} INFO - at java.base/java.util.concurrent.ThreadPoolExecutor$Worker.run(ThreadPoolExecutor.java:635)
[2025-08-06T09:56:24.860+0000] {spark_submit.py:521} INFO - at java.base/java.lang.Thread.run(Thread.java:840)
[2025-08-06T09:56:24.861+0000] {spark_submit.py:521} INFO - Caused by: java.lang.RuntimeException: java.io.InvalidClassException: org.apache.spark.rpc.netty.RpcEndpointVerifier$CheckExistence; local class incompatible: stream classdesc serialVersionUID = 5378738997755484868, local class serialVersionUID = 7789290765573734431
[2025-08-06T09:56:24.861+0000] {spark_submit.py:521} INFO - at java.base/java.io.ObjectStreamClass.initNonProxy(ObjectStreamClass.java:597)
[2025-08-06T09:56:24.862+0000] {spark_submit.py:521} INFO - at java.base/java.io.ObjectInputStream.readNonProxyDesc(ObjectInputStream.java:2051)
[2025-08-06T09:56:24.862+0000] {spark_submit.py:521} INFO - at java.base/java.io.ObjectInputStream.readClassDesc(ObjectInputStream.java:1898)
[2025-08-06T09:56:24.863+0000] {spark_submit.py:521} INFO - at java.base/java.io.ObjectInputStream.readOrdinaryObject(ObjectInputStream.java:2224)
[2025-08-06T09:56:24.863+0000] {spark_submit.py:521} INFO - at java.base/java.io.ObjectInputStream.readObject0(ObjectInputStream.java:1733)
[2025-08-06T09:56:24.863+0000] {spark_submit.py:521} INFO - at java.base/java.io.ObjectInputStream.readObject(ObjectInputStream.java:509)
[2025-08-06T09:56:24.864+0000] {spark_submit.py:521} INFO - at java.base/java.io.ObjectInputStream.readObject(ObjectInputStream.java:467)
[2025-08-06T09:56:24.864+0000] {spark_submit.py:521} INFO - at org.apache.spark.serializer.JavaDeserializationStream.readObject(JavaSerializer.scala:87)
[2025-08-06T09:56:24.864+0000] {spark_submit.py:521} INFO - at org.apache.spark.serializer.JavaSerializerInstance.deserialize(JavaSerializer.scala:123)
[2025-08-06T09:56:24.865+0000] {spark_submit.py:521} INFO - at org.apache.spark.rpc.netty.NettyRpcEnv.$anonfun$deserialize$2(NettyRpcEnv.scala:299)
[2025-08-06T09:56:24.865+0000] {spark_submit.py:521} INFO - at scala.util.DynamicVariable.withValue(DynamicVariable.scala:62)
[2025-08-06T09:56:24.865+0000] {spark_submit.py:521} INFO - at org.apache.spark.rpc.netty.NettyRpcEnv.deserialize(NettyRpcEnv.scala:352)
[2025-08-06T09:56:24.866+0000] {spark_submit.py:521} INFO - at org.apache.spark.rpc.netty.NettyRpcEnv.$anonfun$deserialize$1(NettyRpcEnv.scala:298)
[2025-08-06T09:56:24.866+0000] {spark_submit.py:521} INFO - at scala.util.DynamicVariable.withValue(DynamicVariable.scala:62)
[2025-08-06T09:56:24.866+0000] {spark_submit.py:521} INFO - at org.apache.spark.rpc.netty.NettyRpcEnv.deserialize(NettyRpcEnv.scala:298)
[2025-08-06T09:56:24.867+0000] {spark_submit.py:521} INFO - at org.apache.spark.rpc.netty.RequestMessage$.apply(NettyRpcEnv.scala:646)
[2025-08-06T09:56:24.867+0000] {spark_submit.py:521} INFO - at org.apache.spark.rpc.netty.NettyRpcHandler.internalReceive(NettyRpcEnv.scala:697)
[2025-08-06T09:56:24.867+0000] {spark_submit.py:521} INFO - at org.apache.spark.rpc.netty.NettyRpcHandler.receive(NettyRpcEnv.scala:682)
[2025-08-06T09:56:24.868+0000] {spark_submit.py:521} INFO - at org.apache.spark.network.server.TransportRequestHandler.processRpcRequest(TransportRequestHandler.java:163)
[2025-08-06T09:56:24.868+0000] {spark_submit.py:521} INFO - at org.apache.spark.network.server.TransportRequestHandler.handle(TransportRequestHandler.java:109)
[2025-08-06T09:56:24.868+0000] {spark_submit.py:521} INFO - at org.apache.spark.network.server.TransportChannelHandler.channelRead0(TransportChannelHandler.java:140)
[2025-08-06T09:56:24.869+0000] {spark_submit.py:521} INFO - at org.apache.spark.network.server.TransportChannelHandler.channelRead0(TransportChannelHandler.java:53)
[2025-08-06T09:56:24.869+0000] {spark_submit.py:521} INFO - at io.netty.channel.SimpleChannelInboundHandler.channelRead(SimpleChannelInboundHandler.java:99)
[2025-08-06T09:56:24.869+0000] {spark_submit.py:521} INFO - at io.netty.channel.AbstractChannelHandlerContext.invokeChannelRead(AbstractChannelHandlerContext.java:444)
[2025-08-06T09:56:24.870+0000] {spark_submit.py:521} INFO - at io.netty.channel.AbstractChannelHandlerContext.invokeChannelRead(AbstractChannelHandlerContext.java:420)
[2025-08-06T09:56:24.870+0000] {spark_submit.py:521} INFO - at io.netty.channel.AbstractChannelHandlerContext.fireChannelRead(AbstractChannelHandlerContext.java:412)
[2025-08-06T09:56:24.870+0000] {spark_submit.py:521} INFO - at io.netty.handler.timeout.IdleStateHandler.channelRead(IdleStateHandler.java:286)
[2025-08-06T09:56:24.870+0000] {spark_submit.py:521} INFO - at io.netty.channel.AbstractChannelHandlerContext.invokeChannelRead(AbstractChannelHandlerContext.java:442)
[2025-08-06T09:56:24.871+0000] {spark_submit.py:521} INFO - at io.netty.channel.AbstractChannelHandlerContext.invokeChannelRead(AbstractChannelHandlerContext.java:420)
[2025-08-06T09:56:24.871+0000] {spark_submit.py:521} INFO - at io.netty.channel.AbstractChannelHandlerContext.fireChannelRead(AbstractChannelHandlerContext.java:412)
[2025-08-06T09:56:24.871+0000] {spark_submit.py:521} INFO - at io.netty.handler.codec.MessageToMessageDecoder.channelRead(MessageToMessageDecoder.java:103)
[2025-08-06T09:56:24.872+0000] {spark_submit.py:521} INFO - at io.netty.channel.AbstractChannelHandlerContext.invokeChannelRead(AbstractChannelHandlerContext.java:444)
[2025-08-06T09:56:24.872+0000] {spark_submit.py:521} INFO - at io.netty.channel.AbstractChannelHandlerContext.invokeChannelRead(AbstractChannelHandlerContext.java:420)
[2025-08-06T09:56:24.872+0000] {spark_submit.py:521} INFO - at io.netty.channel.AbstractChannelHandlerContext.fireChannelRead(AbstractChannelHandlerContext.java:412)
[2025-08-06T09:56:24.872+0000] {spark_submit.py:521} INFO - at org.apache.spark.network.util.TransportFrameDecoder.channelRead(TransportFrameDecoder.java:102)
[2025-08-06T09:56:24.873+0000] {spark_submit.py:521} INFO - at io.netty.channel.AbstractChannelHandlerContext.invokeChannelRead(AbstractChannelHandlerContext.java:444)
[2025-08-06T09:56:24.873+0000] {spark_submit.py:521} INFO - at io.netty.channel.AbstractChannelHandlerContext.invokeChannelRead(AbstractChannelHandlerContext.java:420)
[2025-08-06T09:56:24.875+0000] {spark_submit.py:521} INFO - at io.netty.channel.AbstractChannelHandlerContext.fireChannelRead(AbstractChannelHandlerContext.java:412)
[2025-08-06T09:56:24.875+0000] {spark_submit.py:521} INFO - at io.netty.channel.DefaultChannelPipeline$HeadContext.channelRead(DefaultChannelPipeline.java:1410)
[2025-08-06T09:56:24.875+0000] {spark_submit.py:521} INFO - at io.netty.channel.AbstractChannelHandlerContext.invokeChannelRead(AbstractChannelHandlerContext.java:440)
[2025-08-06T09:56:24.876+0000] {spark_submit.py:521} INFO - at io.netty.channel.AbstractChannelHandlerContext.invokeChannelRead(AbstractChannelHandlerContext.java:420)
[2025-08-06T09:56:24.876+0000] {spark_submit.py:521} INFO - at io.netty.channel.DefaultChannelPipeline.fireChannelRead(DefaultChannelPipeline.java:919)
[2025-08-06T09:56:24.876+0000] {spark_submit.py:521} INFO - at io.netty.channel.nio.AbstractNioByteChannel$NioByteUnsafe.read(AbstractNioByteChannel.java:166)
[2025-08-06T09:56:24.876+0000] {spark_submit.py:521} INFO - at io.netty.channel.nio.NioEventLoop.processSelectedKey(NioEventLoop.java:788)
[2025-08-06T09:56:24.877+0000] {spark_submit.py:521} INFO - at io.netty.channel.nio.NioEventLoop.processSelectedKeysOptimized(NioEventLoop.java:724)
[2025-08-06T09:56:24.877+0000] {spark_submit.py:521} INFO - at io.netty.channel.nio.NioEventLoop.processSelectedKeys(NioEventLoop.java:650)
[2025-08-06T09:56:24.877+0000] {spark_submit.py:521} INFO - at io.netty.channel.nio.NioEventLoop.run(NioEventLoop.java:562)
[2025-08-06T09:56:24.877+0000] {spark_submit.py:521} INFO - at io.netty.util.concurrent.SingleThreadEventExecutor$4.run(SingleThreadEventExecutor.java:997)
[2025-08-06T09:56:24.878+0000] {spark_submit.py:521} INFO - at io.netty.util.internal.ThreadExecutorMap$2.run(ThreadExecutorMap.java:74)
[2025-08-06T09:56:24.878+0000] {spark_submit.py:521} INFO - at io.netty.util.concurrent.FastThreadLocalRunnable.run(FastThreadLocalRunnable.java:30)
[2025-08-06T09:56:24.878+0000] {spark_submit.py:521} INFO - at java.base/java.lang.Thread.run(Thread.java:840)
[2025-08-06T09:56:24.878+0000] {spark_submit.py:521} INFO - 
[2025-08-06T09:56:24.879+0000] {spark_submit.py:521} INFO - at org.apache.spark.network.client.TransportResponseHandler.handle(TransportResponseHandler.java:217)
[2025-08-06T09:56:24.879+0000] {spark_submit.py:521} INFO - at org.apache.spark.network.server.TransportChannelHandler.channelRead0(TransportChannelHandler.java:145)
[2025-08-06T09:56:24.879+0000] {spark_submit.py:521} INFO - at org.apache.spark.network.server.TransportChannelHandler.channelRead0(TransportChannelHandler.java:55)
[2025-08-06T09:56:24.879+0000] {spark_submit.py:521} INFO - at io.netty.channel.SimpleChannelInboundHandler.channelRead(SimpleChannelInboundHandler.java:99)
[2025-08-06T09:56:24.880+0000] {spark_submit.py:521} INFO - at io.netty.channel.AbstractChannelHandlerContext.invokeChannelRead(AbstractChannelHandlerContext.java:444)
[2025-08-06T09:56:24.880+0000] {spark_submit.py:521} INFO - at io.netty.channel.AbstractChannelHandlerContext.invokeChannelRead(AbstractChannelHandlerContext.java:420)
[2025-08-06T09:56:24.880+0000] {spark_submit.py:521} INFO - at io.netty.channel.AbstractChannelHandlerContext.fireChannelRead(AbstractChannelHandlerContext.java:412)
[2025-08-06T09:56:24.880+0000] {spark_submit.py:521} INFO - at io.netty.handler.timeout.IdleStateHandler.channelRead(IdleStateHandler.java:289)
[2025-08-06T09:56:24.881+0000] {spark_submit.py:521} INFO - at io.netty.channel.AbstractChannelHandlerContext.invokeChannelRead(AbstractChannelHandlerContext.java:442)
[2025-08-06T09:56:24.881+0000] {spark_submit.py:521} INFO - at io.netty.channel.AbstractChannelHandlerContext.invokeChannelRead(AbstractChannelHandlerContext.java:420)
[2025-08-06T09:56:24.881+0000] {spark_submit.py:521} INFO - at io.netty.channel.AbstractChannelHandlerContext.fireChannelRead(AbstractChannelHandlerContext.java:412)
[2025-08-06T09:56:24.882+0000] {spark_submit.py:521} INFO - at io.netty.handler.codec.MessageToMessageDecoder.channelRead(MessageToMessageDecoder.java:107)
[2025-08-06T09:56:24.882+0000] {spark_submit.py:521} INFO - at io.netty.channel.AbstractChannelHandlerContext.invokeChannelRead(AbstractChannelHandlerContext.java:444)
[2025-08-06T09:56:24.882+0000] {spark_submit.py:521} INFO - at io.netty.channel.AbstractChannelHandlerContext.invokeChannelRead(AbstractChannelHandlerContext.java:420)
[2025-08-06T09:56:24.882+0000] {spark_submit.py:521} INFO - at io.netty.channel.AbstractChannelHandlerContext.fireChannelRead(AbstractChannelHandlerContext.java:412)
[2025-08-06T09:56:24.883+0000] {spark_submit.py:521} INFO - at org.apache.spark.network.util.TransportFrameDecoder.channelRead(TransportFrameDecoder.java:102)
[2025-08-06T09:56:24.883+0000] {spark_submit.py:521} INFO - at io.netty.channel.AbstractChannelHandlerContext.invokeChannelRead(AbstractChannelHandlerContext.java:444)
[2025-08-06T09:56:24.883+0000] {spark_submit.py:521} INFO - at io.netty.channel.AbstractChannelHandlerContext.invokeChannelRead(AbstractChannelHandlerContext.java:420)
[2025-08-06T09:56:24.883+0000] {spark_submit.py:521} INFO - at io.netty.channel.AbstractChannelHandlerContext.fireChannelRead(AbstractChannelHandlerContext.java:412)
[2025-08-06T09:56:24.884+0000] {spark_submit.py:521} INFO - at io.netty.channel.DefaultChannelPipeline$HeadContext.channelRead(DefaultChannelPipeline.java:1357)
[2025-08-06T09:56:24.884+0000] {spark_submit.py:521} INFO - at io.netty.channel.AbstractChannelHandlerContext.invokeChannelRead(AbstractChannelHandlerContext.java:440)
[2025-08-06T09:56:24.885+0000] {spark_submit.py:521} INFO - at io.netty.channel.AbstractChannelHandlerContext.invokeChannelRead(AbstractChannelHandlerContext.java:420)
[2025-08-06T09:56:24.885+0000] {spark_submit.py:521} INFO - at io.netty.channel.DefaultChannelPipeline.fireChannelRead(DefaultChannelPipeline.java:868)
[2025-08-06T09:56:24.885+0000] {spark_submit.py:521} INFO - at io.netty.channel.nio.AbstractNioByteChannel$NioByteUnsafe.read(AbstractNioByteChannel.java:166)
[2025-08-06T09:56:24.885+0000] {spark_submit.py:521} INFO - at io.netty.channel.nio.NioEventLoop.processSelectedKey(NioEventLoop.java:796)
[2025-08-06T09:56:24.886+0000] {spark_submit.py:521} INFO - at io.netty.channel.nio.NioEventLoop.processSelectedKeysOptimized(NioEventLoop.java:732)
[2025-08-06T09:56:24.886+0000] {spark_submit.py:521} INFO - at io.netty.channel.nio.NioEventLoop.processSelectedKeys(NioEventLoop.java:658)
[2025-08-06T09:56:24.886+0000] {spark_submit.py:521} INFO - at io.netty.channel.nio.NioEventLoop.run(NioEventLoop.java:562)
[2025-08-06T09:56:24.886+0000] {spark_submit.py:521} INFO - at io.netty.util.concurrent.SingleThreadEventExecutor$4.run(SingleThreadEventExecutor.java:998)
[2025-08-06T09:56:24.887+0000] {spark_submit.py:521} INFO - at io.netty.util.internal.ThreadExecutorMap$2.run(ThreadExecutorMap.java:74)
[2025-08-06T09:56:24.887+0000] {spark_submit.py:521} INFO - at io.netty.util.concurrent.FastThreadLocalRunnable.run(FastThreadLocalRunnable.java:30)
[2025-08-06T09:56:24.887+0000] {spark_submit.py:521} INFO - ... 1 more
[2025-08-06T09:56:44.817+0000] {spark_submit.py:521} INFO - 25/08/06 09:56:44 INFO StandaloneAppClient$ClientEndpoint: Connecting to master spark://spark-master:7077...
[2025-08-06T09:56:44.830+0000] {spark_submit.py:521} INFO - 25/08/06 09:56:44 WARN StandaloneAppClient$ClientEndpoint: Failed to connect to master spark-master:7077
[2025-08-06T09:56:44.831+0000] {spark_submit.py:521} INFO - org.apache.spark.SparkException: Exception thrown in awaitResult:
[2025-08-06T09:56:44.832+0000] {spark_submit.py:521} INFO - at org.apache.spark.util.SparkThreadUtils$.awaitResult(SparkThreadUtils.scala:53)
[2025-08-06T09:56:44.832+0000] {spark_submit.py:521} INFO - at org.apache.spark.util.ThreadUtils$.awaitResult(ThreadUtils.scala:342)
[2025-08-06T09:56:44.832+0000] {spark_submit.py:521} INFO - at org.apache.spark.rpc.RpcTimeout.awaitResult(RpcTimeout.scala:75)
[2025-08-06T09:56:44.833+0000] {spark_submit.py:521} INFO - at org.apache.spark.rpc.RpcEnv.setupEndpointRefByURI(RpcEnv.scala:102)
[2025-08-06T09:56:44.834+0000] {spark_submit.py:521} INFO - at org.apache.spark.rpc.RpcEnv.setupEndpointRef(RpcEnv.scala:110)
[2025-08-06T09:56:44.834+0000] {spark_submit.py:521} INFO - at org.apache.spark.deploy.client.StandaloneAppClient$ClientEndpoint$$anon$1.run(StandaloneAppClient.scala:110)
[2025-08-06T09:56:44.834+0000] {spark_submit.py:521} INFO - at java.base/java.util.concurrent.Executors$RunnableAdapter.call(Executors.java:539)
[2025-08-06T09:56:44.834+0000] {spark_submit.py:521} INFO - at java.base/java.util.concurrent.FutureTask.run(FutureTask.java:264)
[2025-08-06T09:56:44.835+0000] {spark_submit.py:521} INFO - at java.base/java.util.concurrent.ThreadPoolExecutor.runWorker(ThreadPoolExecutor.java:1136)
[2025-08-06T09:56:44.835+0000] {spark_submit.py:521} INFO - at java.base/java.util.concurrent.ThreadPoolExecutor$Worker.run(ThreadPoolExecutor.java:635)
[2025-08-06T09:56:44.835+0000] {spark_submit.py:521} INFO - at java.base/java.lang.Thread.run(Thread.java:840)
[2025-08-06T09:56:44.835+0000] {spark_submit.py:521} INFO - Caused by: java.lang.RuntimeException: java.io.InvalidClassException: org.apache.spark.rpc.netty.RpcEndpointVerifier$CheckExistence; local class incompatible: stream classdesc serialVersionUID = 5378738997755484868, local class serialVersionUID = 7789290765573734431
[2025-08-06T09:56:44.836+0000] {spark_submit.py:521} INFO - at java.base/java.io.ObjectStreamClass.initNonProxy(ObjectStreamClass.java:597)
[2025-08-06T09:56:44.836+0000] {spark_submit.py:521} INFO - at java.base/java.io.ObjectInputStream.readNonProxyDesc(ObjectInputStream.java:2051)
[2025-08-06T09:56:44.836+0000] {spark_submit.py:521} INFO - at java.base/java.io.ObjectInputStream.readClassDesc(ObjectInputStream.java:1898)
[2025-08-06T09:56:44.837+0000] {spark_submit.py:521} INFO - at java.base/java.io.ObjectInputStream.readOrdinaryObject(ObjectInputStream.java:2224)
[2025-08-06T09:56:44.837+0000] {spark_submit.py:521} INFO - at java.base/java.io.ObjectInputStream.readObject0(ObjectInputStream.java:1733)
[2025-08-06T09:56:44.837+0000] {spark_submit.py:521} INFO - at java.base/java.io.ObjectInputStream.readObject(ObjectInputStream.java:509)
[2025-08-06T09:56:44.837+0000] {spark_submit.py:521} INFO - at java.base/java.io.ObjectInputStream.readObject(ObjectInputStream.java:467)
[2025-08-06T09:56:44.838+0000] {spark_submit.py:521} INFO - at org.apache.spark.serializer.JavaDeserializationStream.readObject(JavaSerializer.scala:87)
[2025-08-06T09:56:44.838+0000] {spark_submit.py:521} INFO - at org.apache.spark.serializer.JavaSerializerInstance.deserialize(JavaSerializer.scala:123)
[2025-08-06T09:56:44.838+0000] {spark_submit.py:521} INFO - at org.apache.spark.rpc.netty.NettyRpcEnv.$anonfun$deserialize$2(NettyRpcEnv.scala:299)
[2025-08-06T09:56:44.839+0000] {spark_submit.py:521} INFO - at scala.util.DynamicVariable.withValue(DynamicVariable.scala:62)
[2025-08-06T09:56:44.839+0000] {spark_submit.py:521} INFO - at org.apache.spark.rpc.netty.NettyRpcEnv.deserialize(NettyRpcEnv.scala:352)
[2025-08-06T09:56:44.839+0000] {spark_submit.py:521} INFO - at org.apache.spark.rpc.netty.NettyRpcEnv.$anonfun$deserialize$1(NettyRpcEnv.scala:298)
[2025-08-06T09:56:44.840+0000] {spark_submit.py:521} INFO - at scala.util.DynamicVariable.withValue(DynamicVariable.scala:62)
[2025-08-06T09:56:44.840+0000] {spark_submit.py:521} INFO - at org.apache.spark.rpc.netty.NettyRpcEnv.deserialize(NettyRpcEnv.scala:298)
[2025-08-06T09:56:44.840+0000] {spark_submit.py:521} INFO - at org.apache.spark.rpc.netty.RequestMessage$.apply(NettyRpcEnv.scala:646)
[2025-08-06T09:56:44.840+0000] {spark_submit.py:521} INFO - at org.apache.spark.rpc.netty.NettyRpcHandler.internalReceive(NettyRpcEnv.scala:697)
[2025-08-06T09:56:44.841+0000] {spark_submit.py:521} INFO - at org.apache.spark.rpc.netty.NettyRpcHandler.receive(NettyRpcEnv.scala:682)
[2025-08-06T09:56:44.841+0000] {spark_submit.py:521} INFO - at org.apache.spark.network.server.TransportRequestHandler.processRpcRequest(TransportRequestHandler.java:163)
[2025-08-06T09:56:44.841+0000] {spark_submit.py:521} INFO - at org.apache.spark.network.server.TransportRequestHandler.handle(TransportRequestHandler.java:109)
[2025-08-06T09:56:44.841+0000] {spark_submit.py:521} INFO - at org.apache.spark.network.server.TransportChannelHandler.channelRead0(TransportChannelHandler.java:140)
[2025-08-06T09:56:44.842+0000] {spark_submit.py:521} INFO - at org.apache.spark.network.server.TransportChannelHandler.channelRead0(TransportChannelHandler.java:53)
[2025-08-06T09:56:44.842+0000] {spark_submit.py:521} INFO - at io.netty.channel.SimpleChannelInboundHandler.channelRead(SimpleChannelInboundHandler.java:99)
[2025-08-06T09:56:44.842+0000] {spark_submit.py:521} INFO - at io.netty.channel.AbstractChannelHandlerContext.invokeChannelRead(AbstractChannelHandlerContext.java:444)
[2025-08-06T09:56:44.842+0000] {spark_submit.py:521} INFO - at io.netty.channel.AbstractChannelHandlerContext.invokeChannelRead(AbstractChannelHandlerContext.java:420)
[2025-08-06T09:56:44.843+0000] {spark_submit.py:521} INFO - at io.netty.channel.AbstractChannelHandlerContext.fireChannelRead(AbstractChannelHandlerContext.java:412)
[2025-08-06T09:56:44.843+0000] {spark_submit.py:521} INFO - at io.netty.handler.timeout.IdleStateHandler.channelRead(IdleStateHandler.java:286)
[2025-08-06T09:56:44.843+0000] {spark_submit.py:521} INFO - at io.netty.channel.AbstractChannelHandlerContext.invokeChannelRead(AbstractChannelHandlerContext.java:442)
[2025-08-06T09:56:44.844+0000] {spark_submit.py:521} INFO - at io.netty.channel.AbstractChannelHandlerContext.invokeChannelRead(AbstractChannelHandlerContext.java:420)
[2025-08-06T09:56:44.844+0000] {spark_submit.py:521} INFO - at io.netty.channel.AbstractChannelHandlerContext.fireChannelRead(AbstractChannelHandlerContext.java:412)
[2025-08-06T09:56:44.844+0000] {spark_submit.py:521} INFO - at io.netty.handler.codec.MessageToMessageDecoder.channelRead(MessageToMessageDecoder.java:103)
[2025-08-06T09:56:44.844+0000] {spark_submit.py:521} INFO - at io.netty.channel.AbstractChannelHandlerContext.invokeChannelRead(AbstractChannelHandlerContext.java:444)
[2025-08-06T09:56:44.845+0000] {spark_submit.py:521} INFO - at io.netty.channel.AbstractChannelHandlerContext.invokeChannelRead(AbstractChannelHandlerContext.java:420)
[2025-08-06T09:56:44.845+0000] {spark_submit.py:521} INFO - at io.netty.channel.AbstractChannelHandlerContext.fireChannelRead(AbstractChannelHandlerContext.java:412)
[2025-08-06T09:56:44.845+0000] {spark_submit.py:521} INFO - at org.apache.spark.network.util.TransportFrameDecoder.channelRead(TransportFrameDecoder.java:102)
[2025-08-06T09:56:44.846+0000] {spark_submit.py:521} INFO - at io.netty.channel.AbstractChannelHandlerContext.invokeChannelRead(AbstractChannelHandlerContext.java:444)
[2025-08-06T09:56:44.846+0000] {spark_submit.py:521} INFO - at io.netty.channel.AbstractChannelHandlerContext.invokeChannelRead(AbstractChannelHandlerContext.java:420)
[2025-08-06T09:56:44.846+0000] {spark_submit.py:521} INFO - at io.netty.channel.AbstractChannelHandlerContext.fireChannelRead(AbstractChannelHandlerContext.java:412)
[2025-08-06T09:56:44.846+0000] {spark_submit.py:521} INFO - at io.netty.channel.DefaultChannelPipeline$HeadContext.channelRead(DefaultChannelPipeline.java:1410)
[2025-08-06T09:56:44.846+0000] {spark_submit.py:521} INFO - at io.netty.channel.AbstractChannelHandlerContext.invokeChannelRead(AbstractChannelHandlerContext.java:440)
[2025-08-06T09:56:44.847+0000] {spark_submit.py:521} INFO - at io.netty.channel.AbstractChannelHandlerContext.invokeChannelRead(AbstractChannelHandlerContext.java:420)
[2025-08-06T09:56:44.847+0000] {spark_submit.py:521} INFO - at io.netty.channel.DefaultChannelPipeline.fireChannelRead(DefaultChannelPipeline.java:919)
[2025-08-06T09:56:44.847+0000] {spark_submit.py:521} INFO - at io.netty.channel.nio.AbstractNioByteChannel$NioByteUnsafe.read(AbstractNioByteChannel.java:166)
[2025-08-06T09:56:44.848+0000] {spark_submit.py:521} INFO - at io.netty.channel.nio.NioEventLoop.processSelectedKey(NioEventLoop.java:788)
[2025-08-06T09:56:44.848+0000] {spark_submit.py:521} INFO - at io.netty.channel.nio.NioEventLoop.processSelectedKeysOptimized(NioEventLoop.java:724)
[2025-08-06T09:56:44.849+0000] {spark_submit.py:521} INFO - at io.netty.channel.nio.NioEventLoop.processSelectedKeys(NioEventLoop.java:650)
[2025-08-06T09:56:44.849+0000] {spark_submit.py:521} INFO - at io.netty.channel.nio.NioEventLoop.run(NioEventLoop.java:562)
[2025-08-06T09:56:44.849+0000] {spark_submit.py:521} INFO - at io.netty.util.concurrent.SingleThreadEventExecutor$4.run(SingleThreadEventExecutor.java:997)
[2025-08-06T09:56:44.850+0000] {spark_submit.py:521} INFO - at io.netty.util.internal.ThreadExecutorMap$2.run(ThreadExecutorMap.java:74)
[2025-08-06T09:56:44.850+0000] {spark_submit.py:521} INFO - at io.netty.util.concurrent.FastThreadLocalRunnable.run(FastThreadLocalRunnable.java:30)
[2025-08-06T09:56:44.850+0000] {spark_submit.py:521} INFO - at java.base/java.lang.Thread.run(Thread.java:840)
[2025-08-06T09:56:44.851+0000] {spark_submit.py:521} INFO - 
[2025-08-06T09:56:44.851+0000] {spark_submit.py:521} INFO - at org.apache.spark.network.client.TransportResponseHandler.handle(TransportResponseHandler.java:217)
[2025-08-06T09:56:44.851+0000] {spark_submit.py:521} INFO - at org.apache.spark.network.server.TransportChannelHandler.channelRead0(TransportChannelHandler.java:145)
[2025-08-06T09:56:44.851+0000] {spark_submit.py:521} INFO - at org.apache.spark.network.server.TransportChannelHandler.channelRead0(TransportChannelHandler.java:55)
[2025-08-06T09:56:44.852+0000] {spark_submit.py:521} INFO - at io.netty.channel.SimpleChannelInboundHandler.channelRead(SimpleChannelInboundHandler.java:99)
[2025-08-06T09:56:44.852+0000] {spark_submit.py:521} INFO - at io.netty.channel.AbstractChannelHandlerContext.invokeChannelRead(AbstractChannelHandlerContext.java:444)
[2025-08-06T09:56:44.852+0000] {spark_submit.py:521} INFO - at io.netty.channel.AbstractChannelHandlerContext.invokeChannelRead(AbstractChannelHandlerContext.java:420)
[2025-08-06T09:56:44.852+0000] {spark_submit.py:521} INFO - at io.netty.channel.AbstractChannelHandlerContext.fireChannelRead(AbstractChannelHandlerContext.java:412)
[2025-08-06T09:56:44.853+0000] {spark_submit.py:521} INFO - at io.netty.handler.timeout.IdleStateHandler.channelRead(IdleStateHandler.java:289)
[2025-08-06T09:56:44.853+0000] {spark_submit.py:521} INFO - at io.netty.channel.AbstractChannelHandlerContext.invokeChannelRead(AbstractChannelHandlerContext.java:442)
[2025-08-06T09:56:44.853+0000] {spark_submit.py:521} INFO - at io.netty.channel.AbstractChannelHandlerContext.invokeChannelRead(AbstractChannelHandlerContext.java:420)
[2025-08-06T09:56:44.853+0000] {spark_submit.py:521} INFO - at io.netty.channel.AbstractChannelHandlerContext.fireChannelRead(AbstractChannelHandlerContext.java:412)
[2025-08-06T09:56:44.854+0000] {spark_submit.py:521} INFO - at io.netty.handler.codec.MessageToMessageDecoder.channelRead(MessageToMessageDecoder.java:107)
[2025-08-06T09:56:44.854+0000] {spark_submit.py:521} INFO - at io.netty.channel.AbstractChannelHandlerContext.invokeChannelRead(AbstractChannelHandlerContext.java:444)
[2025-08-06T09:56:44.854+0000] {spark_submit.py:521} INFO - at io.netty.channel.AbstractChannelHandlerContext.invokeChannelRead(AbstractChannelHandlerContext.java:420)
[2025-08-06T09:56:44.854+0000] {spark_submit.py:521} INFO - at io.netty.channel.AbstractChannelHandlerContext.fireChannelRead(AbstractChannelHandlerContext.java:412)
[2025-08-06T09:56:44.855+0000] {spark_submit.py:521} INFO - at org.apache.spark.network.util.TransportFrameDecoder.channelRead(TransportFrameDecoder.java:102)
[2025-08-06T09:56:44.855+0000] {spark_submit.py:521} INFO - at io.netty.channel.AbstractChannelHandlerContext.invokeChannelRead(AbstractChannelHandlerContext.java:444)
[2025-08-06T09:56:44.855+0000] {spark_submit.py:521} INFO - at io.netty.channel.AbstractChannelHandlerContext.invokeChannelRead(AbstractChannelHandlerContext.java:420)
[2025-08-06T09:56:44.855+0000] {spark_submit.py:521} INFO - at io.netty.channel.AbstractChannelHandlerContext.fireChannelRead(AbstractChannelHandlerContext.java:412)
[2025-08-06T09:56:44.856+0000] {spark_submit.py:521} INFO - at io.netty.channel.DefaultChannelPipeline$HeadContext.channelRead(DefaultChannelPipeline.java:1357)
[2025-08-06T09:56:44.856+0000] {spark_submit.py:521} INFO - at io.netty.channel.AbstractChannelHandlerContext.invokeChannelRead(AbstractChannelHandlerContext.java:440)
[2025-08-06T09:56:44.856+0000] {spark_submit.py:521} INFO - at io.netty.channel.AbstractChannelHandlerContext.invokeChannelRead(AbstractChannelHandlerContext.java:420)
[2025-08-06T09:56:44.856+0000] {spark_submit.py:521} INFO - at io.netty.channel.DefaultChannelPipeline.fireChannelRead(DefaultChannelPipeline.java:868)
[2025-08-06T09:56:44.857+0000] {spark_submit.py:521} INFO - at io.netty.channel.nio.AbstractNioByteChannel$NioByteUnsafe.read(AbstractNioByteChannel.java:166)
[2025-08-06T09:56:44.857+0000] {spark_submit.py:521} INFO - at io.netty.channel.nio.NioEventLoop.processSelectedKey(NioEventLoop.java:796)
[2025-08-06T09:56:44.857+0000] {spark_submit.py:521} INFO - at io.netty.channel.nio.NioEventLoop.processSelectedKeysOptimized(NioEventLoop.java:732)
[2025-08-06T09:56:44.858+0000] {spark_submit.py:521} INFO - at io.netty.channel.nio.NioEventLoop.processSelectedKeys(NioEventLoop.java:658)
[2025-08-06T09:56:44.858+0000] {spark_submit.py:521} INFO - at io.netty.channel.nio.NioEventLoop.run(NioEventLoop.java:562)
[2025-08-06T09:56:44.858+0000] {spark_submit.py:521} INFO - at io.netty.util.concurrent.SingleThreadEventExecutor$4.run(SingleThreadEventExecutor.java:998)
[2025-08-06T09:56:44.858+0000] {spark_submit.py:521} INFO - at io.netty.util.internal.ThreadExecutorMap$2.run(ThreadExecutorMap.java:74)
[2025-08-06T09:56:44.859+0000] {spark_submit.py:521} INFO - at io.netty.util.concurrent.FastThreadLocalRunnable.run(FastThreadLocalRunnable.java:30)
[2025-08-06T09:56:44.859+0000] {spark_submit.py:521} INFO - ... 1 more
[2025-08-06T09:57:04.818+0000] {spark_submit.py:521} INFO - 25/08/06 09:57:04 WARN StandaloneSchedulerBackend: Application ID is not initialized yet.
[2025-08-06T09:57:04.819+0000] {spark_submit.py:521} INFO - 25/08/06 09:57:04 ERROR StandaloneSchedulerBackend: Application has been killed. Reason: All masters are unresponsive! Giving up.
[2025-08-06T09:57:04.826+0000] {spark_submit.py:521} INFO - 25/08/06 09:57:04 INFO Utils: Successfully started service 'org.apache.spark.network.netty.NettyBlockTransferService' on port 42603.
[2025-08-06T09:57:04.827+0000] {spark_submit.py:521} INFO - 25/08/06 09:57:04 INFO NettyBlockTransferService: Server created on f6daf7b6d686:42603
[2025-08-06T09:57:04.828+0000] {spark_submit.py:521} INFO - 25/08/06 09:57:04 INFO BlockManager: Using org.apache.spark.storage.RandomBlockReplicationPolicy for block replication policy
[2025-08-06T09:57:04.843+0000] {spark_submit.py:521} INFO - 25/08/06 09:57:04 INFO BlockManagerMaster: Registering BlockManager BlockManagerId(driver, f6daf7b6d686, 42603, None)
[2025-08-06T09:57:04.850+0000] {spark_submit.py:521} INFO - 25/08/06 09:57:04 INFO BlockManagerMasterEndpoint: Registering block manager f6daf7b6d686:42603 with 434.4 MiB RAM, BlockManagerId(driver, f6daf7b6d686, 42603, None)
[2025-08-06T09:57:04.852+0000] {spark_submit.py:521} INFO - 25/08/06 09:57:04 INFO BlockManagerMaster: Registered BlockManager BlockManagerId(driver, f6daf7b6d686, 42603, None)
[2025-08-06T09:57:04.853+0000] {spark_submit.py:521} INFO - 25/08/06 09:57:04 INFO BlockManager: Initialized BlockManager: BlockManagerId(driver, f6daf7b6d686, 42603, None)
[2025-08-06T09:57:04.947+0000] {spark_submit.py:521} INFO - 25/08/06 09:57:04 INFO StandaloneSchedulerBackend: SchedulerBackend is ready for scheduling beginning after reached minRegisteredResourcesRatio: 0.0
[2025-08-06T09:57:05.117+0000] {spark_submit.py:521} INFO - 25/08/06 09:57:05 INFO SparkContext: SparkContext is stopping with exitCode 0 from run at <unknown>:0.
[2025-08-06T09:57:05.125+0000] {spark_submit.py:521} INFO - 25/08/06 09:57:05 INFO SparkUI: Stopped Spark web UI at http://f6daf7b6d686:4040
[2025-08-06T09:57:05.128+0000] {spark_submit.py:521} INFO - 25/08/06 09:57:05 INFO StandaloneSchedulerBackend: Shutting down all executors
[2025-08-06T09:57:05.130+0000] {spark_submit.py:521} INFO - 25/08/06 09:57:05 INFO StandaloneSchedulerBackend$StandaloneDriverEndpoint: Asking each executor to shut down
[2025-08-06T09:57:05.134+0000] {spark_submit.py:521} INFO - 25/08/06 09:57:05 WARN StandaloneAppClient$ClientEndpoint: Drop UnregisterApplication(null) because has not yet connected to master
[2025-08-06T09:57:05.140+0000] {spark_submit.py:521} INFO - 25/08/06 09:57:05 INFO MapOutputTrackerMasterEndpoint: MapOutputTrackerMasterEndpoint stopped!
[2025-08-06T09:57:05.158+0000] {spark_submit.py:521} INFO - 25/08/06 09:57:05 INFO MemoryStore: MemoryStore started with capacity 434.4 MiB
[2025-08-06T09:57:05.158+0000] {spark_submit.py:521} INFO - 25/08/06 09:57:05 INFO MemoryStore: MemoryStore cleared
[2025-08-06T09:57:05.159+0000] {spark_submit.py:521} INFO - 25/08/06 09:57:05 INFO BlockManager: BlockManager stopped
[2025-08-06T09:57:05.164+0000] {spark_submit.py:521} INFO - 25/08/06 09:57:05 INFO BlockManagerMaster: BlockManagerMaster stopped
[2025-08-06T09:57:05.171+0000] {spark_submit.py:521} INFO - 25/08/06 09:57:05 INFO OutputCommitCoordinator$OutputCommitCoordinatorEndpoint: OutputCommitCoordinator stopped!
[2025-08-06T09:57:05.185+0000] {spark_submit.py:521} INFO - 25/08/06 09:57:05 INFO SparkContext: Successfully stopped SparkContext
[2025-08-06T09:57:06.367+0000] {spark_submit.py:521} INFO - Traceback (most recent call last):
[2025-08-06T09:57:06.368+0000] {spark_submit.py:521} INFO - File "/opt/spark-jobs/gold_transform.py", line 8, in <module>
[2025-08-06T09:57:06.369+0000] {spark_submit.py:521} INFO - .getOrCreate()
[2025-08-06T09:57:06.369+0000] {spark_submit.py:521} INFO - File "/home/***/.local/lib/python3.10/site-packages/pyspark/python/lib/pyspark.zip/pyspark/sql/session.py", line 559, in getOrCreate
[2025-08-06T09:57:06.370+0000] {spark_submit.py:521} INFO - File "/home/***/.local/lib/python3.10/site-packages/pyspark/python/lib/pyspark.zip/pyspark/sql/session.py", line 641, in __init__
[2025-08-06T09:57:06.370+0000] {spark_submit.py:521} INFO - File "/home/***/.local/lib/python3.10/site-packages/pyspark/python/lib/py4j-0.10.9.9-src.zip/py4j/java_gateway.py", line 1627, in __call__
[2025-08-06T09:57:06.370+0000] {spark_submit.py:521} INFO - File "/home/***/.local/lib/python3.10/site-packages/pyspark/python/lib/py4j-0.10.9.9-src.zip/py4j/protocol.py", line 327, in get_return_value
[2025-08-06T09:57:06.370+0000] {spark_submit.py:521} INFO - py4j.protocol.Py4JJavaError: An error occurred while calling None.org.apache.spark.sql.classic.SparkSession.
[2025-08-06T09:57:06.371+0000] {spark_submit.py:521} INFO - : java.lang.IllegalStateException: Cannot call methods on a stopped SparkContext.
[2025-08-06T09:57:06.371+0000] {spark_submit.py:521} INFO - This stopped SparkContext was created at:
[2025-08-06T09:57:06.371+0000] {spark_submit.py:521} INFO - 
[2025-08-06T09:57:06.372+0000] {spark_submit.py:521} INFO - org.apache.spark.api.java.JavaSparkContext.<init>(JavaSparkContext.scala:59)
[2025-08-06T09:57:06.372+0000] {spark_submit.py:521} INFO - java.base/jdk.internal.reflect.NativeConstructorAccessorImpl.newInstance0(Native Method)
[2025-08-06T09:57:06.372+0000] {spark_submit.py:521} INFO - java.base/jdk.internal.reflect.NativeConstructorAccessorImpl.newInstance(NativeConstructorAccessorImpl.java:77)
[2025-08-06T09:57:06.372+0000] {spark_submit.py:521} INFO - java.base/jdk.internal.reflect.DelegatingConstructorAccessorImpl.newInstance(DelegatingConstructorAccessorImpl.java:45)
[2025-08-06T09:57:06.373+0000] {spark_submit.py:521} INFO - java.base/java.lang.reflect.Constructor.newInstanceWithCaller(Constructor.java:500)
[2025-08-06T09:57:06.373+0000] {spark_submit.py:521} INFO - java.base/java.lang.reflect.Constructor.newInstance(Constructor.java:481)
[2025-08-06T09:57:06.374+0000] {spark_submit.py:521} INFO - py4j.reflection.MethodInvoker.invoke(MethodInvoker.java:247)
[2025-08-06T09:57:06.374+0000] {spark_submit.py:521} INFO - py4j.reflection.ReflectionEngine.invoke(ReflectionEngine.java:374)
[2025-08-06T09:57:06.374+0000] {spark_submit.py:521} INFO - py4j.Gateway.invoke(Gateway.java:238)
[2025-08-06T09:57:06.374+0000] {spark_submit.py:521} INFO - py4j.commands.ConstructorCommand.invokeConstructor(ConstructorCommand.java:80)
[2025-08-06T09:57:06.375+0000] {spark_submit.py:521} INFO - py4j.commands.ConstructorCommand.execute(ConstructorCommand.java:69)
[2025-08-06T09:57:06.375+0000] {spark_submit.py:521} INFO - py4j.ClientServerConnection.waitForCommands(ClientServerConnection.java:184)
[2025-08-06T09:57:06.375+0000] {spark_submit.py:521} INFO - py4j.ClientServerConnection.run(ClientServerConnection.java:108)
[2025-08-06T09:57:06.375+0000] {spark_submit.py:521} INFO - java.base/java.lang.Thread.run(Thread.java:840)
[2025-08-06T09:57:06.375+0000] {spark_submit.py:521} INFO - 
[2025-08-06T09:57:06.376+0000] {spark_submit.py:521} INFO - And it was stopped at:
[2025-08-06T09:57:06.376+0000] {spark_submit.py:521} INFO - 
[2025-08-06T09:57:06.376+0000] {spark_submit.py:521} INFO - org.apache.spark.SparkContext$$anon$3.run(SparkContext.scala:2284)
[2025-08-06T09:57:06.376+0000] {spark_submit.py:521} INFO - 
[2025-08-06T09:57:06.376+0000] {spark_submit.py:521} INFO - The currently active SparkContext was created at:
[2025-08-06T09:57:06.377+0000] {spark_submit.py:521} INFO - 
[2025-08-06T09:57:06.377+0000] {spark_submit.py:521} INFO - (No active SparkContext.)
[2025-08-06T09:57:06.377+0000] {spark_submit.py:521} INFO - 
[2025-08-06T09:57:06.377+0000] {spark_submit.py:521} INFO - at org.apache.spark.SparkContext.assertNotStopped(SparkContext.scala:128)
[2025-08-06T09:57:06.378+0000] {spark_submit.py:521} INFO - at org.apache.spark.sql.classic.SparkSession.<init>(SparkSession.scala:124)
[2025-08-06T09:57:06.378+0000] {spark_submit.py:521} INFO - at org.apache.spark.sql.classic.SparkSession.<init>(SparkSession.scala:117)
[2025-08-06T09:57:06.378+0000] {spark_submit.py:521} INFO - at java.base/jdk.internal.reflect.NativeConstructorAccessorImpl.newInstance0(Native Method)
[2025-08-06T09:57:06.378+0000] {spark_submit.py:521} INFO - at java.base/jdk.internal.reflect.NativeConstructorAccessorImpl.newInstance(NativeConstructorAccessorImpl.java:77)
[2025-08-06T09:57:06.378+0000] {spark_submit.py:521} INFO - at java.base/jdk.internal.reflect.DelegatingConstructorAccessorImpl.newInstance(DelegatingConstructorAccessorImpl.java:45)
[2025-08-06T09:57:06.379+0000] {spark_submit.py:521} INFO - at java.base/java.lang.reflect.Constructor.newInstanceWithCaller(Constructor.java:500)
[2025-08-06T09:57:06.379+0000] {spark_submit.py:521} INFO - at java.base/java.lang.reflect.Constructor.newInstance(Constructor.java:481)
[2025-08-06T09:57:06.379+0000] {spark_submit.py:521} INFO - at py4j.reflection.MethodInvoker.invoke(MethodInvoker.java:247)
[2025-08-06T09:57:06.379+0000] {spark_submit.py:521} INFO - at py4j.reflection.ReflectionEngine.invoke(ReflectionEngine.java:374)
[2025-08-06T09:57:06.379+0000] {spark_submit.py:521} INFO - at py4j.Gateway.invoke(Gateway.java:238)
[2025-08-06T09:57:06.379+0000] {spark_submit.py:521} INFO - at py4j.commands.ConstructorCommand.invokeConstructor(ConstructorCommand.java:80)
[2025-08-06T09:57:06.380+0000] {spark_submit.py:521} INFO - at py4j.commands.ConstructorCommand.execute(ConstructorCommand.java:69)
[2025-08-06T09:57:06.380+0000] {spark_submit.py:521} INFO - at py4j.ClientServerConnection.waitForCommands(ClientServerConnection.java:184)
[2025-08-06T09:57:06.380+0000] {spark_submit.py:521} INFO - at py4j.ClientServerConnection.run(ClientServerConnection.java:108)
[2025-08-06T09:57:06.380+0000] {spark_submit.py:521} INFO - at java.base/java.lang.Thread.run(Thread.java:840)
[2025-08-06T09:57:06.380+0000] {spark_submit.py:521} INFO - 
[2025-08-06T09:57:06.488+0000] {spark_submit.py:521} INFO - 25/08/06 09:57:06 INFO ShutdownHookManager: Shutdown hook called
[2025-08-06T09:57:06.488+0000] {spark_submit.py:521} INFO - 25/08/06 09:57:06 INFO ShutdownHookManager: Deleting directory /tmp/spark-f6bbf0e2-0059-4124-a796-6cd54c7d362f
[2025-08-06T09:57:06.494+0000] {spark_submit.py:521} INFO - 25/08/06 09:57:06 INFO ShutdownHookManager: Deleting directory /tmp/spark-e8bebd72-ecca-4dea-b81a-e3e773072660
[2025-08-06T09:57:06.501+0000] {spark_submit.py:521} INFO - 25/08/06 09:57:06 INFO ShutdownHookManager: Deleting directory /tmp/spark-f6bbf0e2-0059-4124-a796-6cd54c7d362f/pyspark-0c99c70f-9636-49c2-9feb-6d179bac998d
[2025-08-06T09:57:06.547+0000] {taskinstance.py:441} INFO - ::group::Post task execution logs
[2025-08-06T09:57:06.558+0000] {taskinstance.py:2905} ERROR - Task failed with exception
Traceback (most recent call last):
  File "/home/airflow/.local/lib/python3.10/site-packages/airflow/models/taskinstance.py", line 465, in _execute_task
    result = _execute_callable(context=context, **execute_callable_kwargs)
  File "/home/airflow/.local/lib/python3.10/site-packages/airflow/models/taskinstance.py", line 432, in _execute_callable
    return execute_callable(context=context, **execute_callable_kwargs)
  File "/home/airflow/.local/lib/python3.10/site-packages/airflow/models/baseoperator.py", line 400, in wrapper
    return func(self, *args, **kwargs)
  File "/home/airflow/.local/lib/python3.10/site-packages/airflow/providers/apache/spark/operators/spark_submit.py", line 156, in execute
    self._hook.submit(self._application)
  File "/home/airflow/.local/lib/python3.10/site-packages/airflow/providers/apache/spark/hooks/spark_submit.py", line 452, in submit
    raise AirflowException(
airflow.exceptions.AirflowException: Cannot execute: spark-submit --master spark://spark-master:7077 --conf spark.master=spark://spark-master:7077 --conf spark.hadoop.fs.s3a.endpoint=http://minio:9000 --conf spark.hadoop.fs.s3a.access.key=minioadmin --conf spark.hadoop.fs.s3a.secret.key=****** --conf spark.hadoop.fs.s3a.path.style.access=true --conf spark.hadoop.fs.s3a.connection.ssl.enabled=false --jars /opt/custom-jars/hadoop-aws-3.3.6.jar,/opt/custom-jars/aws-java-sdk-bundle-1.12.367.jar --name arrow-spark --verbose /opt/spark-jobs/gold_transform.py. Error code is: 1.
[2025-08-06T09:57:06.565+0000] {taskinstance.py:1206} INFO - Marking task as FAILED. dag_id=spark_gold_transform_dag, task_id=submit_spark_job, run_id=manual__2025-08-06T09:55:51.345559+00:00, execution_date=20250806T095551, start_date=20250806T095557, end_date=20250806T095706
[2025-08-06T09:57:06.580+0000] {standard_task_runner.py:110} ERROR - Failed to execute job 13 for task submit_spark_job (Cannot execute: spark-submit --master spark://spark-master:7077 --conf spark.master=spark://spark-master:7077 --conf spark.hadoop.fs.s3a.endpoint=http://minio:9000 --conf spark.hadoop.fs.s3a.access.key=minioadmin --conf spark.hadoop.fs.s3a.secret.key=****** --conf spark.hadoop.fs.s3a.path.style.access=true --conf spark.hadoop.fs.s3a.connection.ssl.enabled=false --jars /opt/custom-jars/hadoop-aws-3.3.6.jar,/opt/custom-jars/aws-java-sdk-bundle-1.12.367.jar --name arrow-spark --verbose /opt/spark-jobs/gold_transform.py. Error code is: 1.; 474)
[2025-08-06T09:57:06.623+0000] {local_task_job_runner.py:240} INFO - Task exited with return code 1
[2025-08-06T09:57:06.637+0000] {taskinstance.py:3498} INFO - 0 downstream tasks scheduled from follow-on schedule check
[2025-08-06T09:57:06.639+0000] {local_task_job_runner.py:222} INFO - ::endgroup::
