[2025-08-15T06:36:54.949+0000] {local_task_job_runner.py:120} INFO - ::group::Pre task execution logs
[2025-08-15T06:36:54.978+0000] {taskinstance.py:2076} INFO - Dependencies all met for dep_context=non-requeueable deps ti=<TaskInstance: spark_transform_pipeline.load_jobs_to_motherduck manual__2025-08-15T06:32:48.751255+00:00 [queued]>
[2025-08-15T06:36:54.984+0000] {taskinstance.py:2076} INFO - Dependencies all met for dep_context=requeueable deps ti=<TaskInstance: spark_transform_pipeline.load_jobs_to_motherduck manual__2025-08-15T06:32:48.751255+00:00 [queued]>
[2025-08-15T06:36:54.985+0000] {taskinstance.py:2306} INFO - Starting attempt 1 of 1
[2025-08-15T06:36:55.001+0000] {taskinstance.py:2330} INFO - Executing <Task(SparkSubmitOperator): load_jobs_to_motherduck> on 2025-08-15 06:32:48.751255+00:00
[2025-08-15T06:36:55.013+0000] {standard_task_runner.py:63} INFO - Started process 1248 to run task
[2025-08-15T06:36:55.018+0000] {standard_task_runner.py:90} INFO - Running: ['***', 'tasks', 'run', 'spark_transform_pipeline', 'load_jobs_to_motherduck', 'manual__2025-08-15T06:32:48.751255+00:00', '--job-id', '211', '--raw', '--subdir', 'DAGS_FOLDER/etl_jobs_dag.py', '--cfg-path', '/tmp/tmptt11tta1']
[2025-08-15T06:36:55.028+0000] {standard_task_runner.py:91} INFO - Job 211: Subtask load_jobs_to_motherduck
[2025-08-15T06:36:55.085+0000] {task_command.py:426} INFO - Running <TaskInstance: spark_transform_pipeline.load_jobs_to_motherduck manual__2025-08-15T06:32:48.751255+00:00 [running]> on host 37fa492a6efe
[2025-08-15T06:36:55.191+0000] {taskinstance.py:2648} INFO - Exporting env vars: AIRFLOW_CTX_DAG_OWNER='***' AIRFLOW_CTX_DAG_ID='spark_transform_pipeline' AIRFLOW_CTX_TASK_ID='load_jobs_to_motherduck' AIRFLOW_CTX_EXECUTION_DATE='2025-08-15T06:32:48.751255+00:00' AIRFLOW_CTX_TRY_NUMBER='1' AIRFLOW_CTX_DAG_RUN_ID='manual__2025-08-15T06:32:48.751255+00:00'
[2025-08-15T06:36:55.192+0000] {taskinstance.py:430} INFO - ::endgroup::
[2025-08-15T06:36:55.216+0000] {base.py:84} INFO - Using connection ID 'spark_default' for task execution.
[2025-08-15T06:36:55.217+0000] {spark_submit.py:351} INFO - Spark-Submit cmd: spark-submit --master spark://spark-master:7077 --conf spark.master=spark://spark-master:7077 --conf spark.driver.extraClassPath=/opt/custom-jars/* --conf spark.executor.extraClassPath=/opt/custom-jars/* --conf spark.hadoop.fs.gs.impl=com.google.cloud.hadoop.fs.gcs.GoogleHadoopFileSystem --conf spark.hadoop.fs.AbstractFileSystem.gs.impl=com.google.cloud.hadoop.fs.gcs.GoogleHadoopFS --conf spark.hadoop.google.cloud.auth.service.account.enable=true --conf spark.hadoop.google.cloud.auth.service.account.json.keyfile=/opt/***/gcp-key.json --jars /opt/custom-jars/gcs-connector-hadoop3-2.2.14-shaded.jar --name arrow-spark --verbose /opt/spark-jobs/load/upload_jobs_to_dwh.py
[2025-08-15T06:36:55.947+0000] {spark_submit.py:521} INFO - WARNING: Using incubator modules: jdk.incubator.vector
[2025-08-15T06:36:57.549+0000] {spark_submit.py:521} INFO - Parsed arguments:
[2025-08-15T06:36:57.551+0000] {spark_submit.py:521} INFO - master                  spark://spark-master:7077
[2025-08-15T06:36:57.552+0000] {spark_submit.py:521} INFO - remote                  null
[2025-08-15T06:36:57.552+0000] {spark_submit.py:521} INFO - deployMode              null
[2025-08-15T06:36:57.553+0000] {spark_submit.py:521} INFO - executorMemory          null
[2025-08-15T06:36:57.553+0000] {spark_submit.py:521} INFO - executorCores           null
[2025-08-15T06:36:57.554+0000] {spark_submit.py:521} INFO - totalExecutorCores      null
[2025-08-15T06:36:57.555+0000] {spark_submit.py:521} INFO - propertiesFile          null
[2025-08-15T06:36:57.555+0000] {spark_submit.py:521} INFO - driverMemory            null
[2025-08-15T06:36:57.556+0000] {spark_submit.py:521} INFO - driverCores             null
[2025-08-15T06:36:57.556+0000] {spark_submit.py:521} INFO - driverExtraClassPath    /opt/custom-jars/*
[2025-08-15T06:36:57.556+0000] {spark_submit.py:521} INFO - driverExtraLibraryPath  null
[2025-08-15T06:36:57.557+0000] {spark_submit.py:521} INFO - driverExtraJavaOptions  null
[2025-08-15T06:36:57.558+0000] {spark_submit.py:521} INFO - supervise               false
[2025-08-15T06:36:57.558+0000] {spark_submit.py:521} INFO - queue                   null
[2025-08-15T06:36:57.558+0000] {spark_submit.py:521} INFO - numExecutors            null
[2025-08-15T06:36:57.559+0000] {spark_submit.py:521} INFO - files                   null
[2025-08-15T06:36:57.559+0000] {spark_submit.py:521} INFO - pyFiles                 null
[2025-08-15T06:36:57.559+0000] {spark_submit.py:521} INFO - archives                null
[2025-08-15T06:36:57.560+0000] {spark_submit.py:521} INFO - mainClass               null
[2025-08-15T06:36:57.560+0000] {spark_submit.py:521} INFO - primaryResource         file:/opt/spark-jobs/load/upload_jobs_to_dwh.py
[2025-08-15T06:36:57.560+0000] {spark_submit.py:521} INFO - name                    arrow-spark
[2025-08-15T06:36:57.561+0000] {spark_submit.py:521} INFO - childArgs               []
[2025-08-15T06:36:57.561+0000] {spark_submit.py:521} INFO - jars                    file:/opt/custom-jars/gcs-connector-hadoop3-2.2.14-shaded.jar
[2025-08-15T06:36:57.561+0000] {spark_submit.py:521} INFO - packages                null
[2025-08-15T06:36:57.562+0000] {spark_submit.py:521} INFO - packagesExclusions      null
[2025-08-15T06:36:57.562+0000] {spark_submit.py:521} INFO - repositories            null
[2025-08-15T06:36:57.562+0000] {spark_submit.py:521} INFO - verbose                 true
[2025-08-15T06:36:57.563+0000] {spark_submit.py:521} INFO - 
[2025-08-15T06:36:57.563+0000] {spark_submit.py:521} INFO - Spark properties used, including those specified through
[2025-08-15T06:36:57.563+0000] {spark_submit.py:521} INFO - --conf and those from the properties file null:
[2025-08-15T06:36:57.563+0000] {spark_submit.py:521} INFO - (spark.driver.extraClassPath,/opt/custom-jars/*)
[2025-08-15T06:36:57.564+0000] {spark_submit.py:521} INFO - (spark.executor.extraClassPath,/opt/custom-jars/*)
[2025-08-15T06:36:57.564+0000] {spark_submit.py:521} INFO - (spark.hadoop.fs.AbstractFileSystem.gs.impl,com.google.cloud.hadoop.fs.gcs.GoogleHadoopFS)
[2025-08-15T06:36:57.564+0000] {spark_submit.py:521} INFO - (spark.hadoop.fs.gs.impl,com.google.cloud.hadoop.fs.gcs.GoogleHadoopFileSystem)
[2025-08-15T06:36:57.565+0000] {spark_submit.py:521} INFO - (spark.hadoop.google.cloud.auth.service.account.enable,true)
[2025-08-15T06:36:57.566+0000] {spark_submit.py:521} INFO - (spark.hadoop.google.cloud.auth.service.account.json.keyfile,/opt/***/gcp-key.json)
[2025-08-15T06:36:57.566+0000] {spark_submit.py:521} INFO - (spark.master,spark://spark-master:7077)
[2025-08-15T06:36:57.567+0000] {spark_submit.py:521} INFO - 
[2025-08-15T06:36:57.567+0000] {spark_submit.py:521} INFO - 
[2025-08-15T06:36:57.997+0000] {spark_submit.py:521} INFO - 25/08/15 06:36:57 WARN NativeCodeLoader: Unable to load native-hadoop library for your platform... using builtin-java classes where applicable
[2025-08-15T06:36:58.681+0000] {spark_submit.py:521} INFO - Main class:
[2025-08-15T06:36:58.682+0000] {spark_submit.py:521} INFO - org.apache.spark.deploy.PythonRunner
[2025-08-15T06:36:58.683+0000] {spark_submit.py:521} INFO - Arguments:
[2025-08-15T06:36:58.683+0000] {spark_submit.py:521} INFO - file:/opt/spark-jobs/load/upload_jobs_to_dwh.py
[2025-08-15T06:36:58.683+0000] {spark_submit.py:521} INFO - null
[2025-08-15T06:36:58.685+0000] {spark_submit.py:521} INFO - Spark config:
[2025-08-15T06:36:58.685+0000] {spark_submit.py:521} INFO - (spark.app.name,arrow-spark)
[2025-08-15T06:36:58.686+0000] {spark_submit.py:521} INFO - (spark.app.submitTime,1755239818656)
[2025-08-15T06:36:58.686+0000] {spark_submit.py:521} INFO - (spark.driver.extraClassPath,/opt/custom-jars/*)
[2025-08-15T06:36:58.686+0000] {spark_submit.py:521} INFO - (spark.executor.extraClassPath,/opt/custom-jars/*)
[2025-08-15T06:36:58.687+0000] {spark_submit.py:521} INFO - (spark.hadoop.fs.AbstractFileSystem.gs.impl,com.google.cloud.hadoop.fs.gcs.GoogleHadoopFS)
[2025-08-15T06:36:58.687+0000] {spark_submit.py:521} INFO - (spark.hadoop.fs.gs.impl,com.google.cloud.hadoop.fs.gcs.GoogleHadoopFileSystem)
[2025-08-15T06:36:58.687+0000] {spark_submit.py:521} INFO - (spark.hadoop.google.cloud.auth.service.account.enable,true)
[2025-08-15T06:36:58.688+0000] {spark_submit.py:521} INFO - (spark.hadoop.google.cloud.auth.service.account.json.keyfile,/opt/***/gcp-key.json)
[2025-08-15T06:36:58.688+0000] {spark_submit.py:521} INFO - (spark.jars,file:///opt/custom-jars/gcs-connector-hadoop3-2.2.14-shaded.jar)
[2025-08-15T06:36:58.688+0000] {spark_submit.py:521} INFO - (spark.master,spark://spark-master:7077)
[2025-08-15T06:36:58.689+0000] {spark_submit.py:521} INFO - (spark.repl.local.jars,file:///opt/custom-jars/gcs-connector-hadoop3-2.2.14-shaded.jar)
[2025-08-15T06:36:58.689+0000] {spark_submit.py:521} INFO - (spark.submit.deployMode,client)
[2025-08-15T06:36:58.689+0000] {spark_submit.py:521} INFO - (spark.submit.pyFiles,)
[2025-08-15T06:36:58.689+0000] {spark_submit.py:521} INFO - Classpath elements:
[2025-08-15T06:36:58.690+0000] {spark_submit.py:521} INFO - file:///opt/custom-jars/gcs-connector-hadoop3-2.2.14-shaded.jar
[2025-08-15T06:36:58.690+0000] {spark_submit.py:521} INFO - 
[2025-08-15T06:36:58.690+0000] {spark_submit.py:521} INFO - 
[2025-08-15T06:37:00.247+0000] {spark_submit.py:521} INFO - Using Spark's default log4j profile: org/apache/spark/log4j2-defaults.properties
[2025-08-15T06:37:00.254+0000] {spark_submit.py:521} INFO - 25/08/15 06:37:00 INFO SparkContext: Running Spark version 4.0.0
[2025-08-15T06:37:00.257+0000] {spark_submit.py:521} INFO - 25/08/15 06:37:00 INFO SparkContext: OS info Linux, 5.15.167.4-microsoft-standard-WSL2, amd64
[2025-08-15T06:37:00.258+0000] {spark_submit.py:521} INFO - 25/08/15 06:37:00 INFO SparkContext: Java version 17.0.16
[2025-08-15T06:37:00.284+0000] {spark_submit.py:521} INFO - 25/08/15 06:37:00 INFO ResourceUtils: ==============================================================
[2025-08-15T06:37:00.285+0000] {spark_submit.py:521} INFO - 25/08/15 06:37:00 INFO ResourceUtils: No custom resources configured for spark.driver.
[2025-08-15T06:37:00.285+0000] {spark_submit.py:521} INFO - 25/08/15 06:37:00 INFO ResourceUtils: ==============================================================
[2025-08-15T06:37:00.286+0000] {spark_submit.py:521} INFO - 25/08/15 06:37:00 INFO SparkContext: Submitted application: load_to_bq_connector
[2025-08-15T06:37:00.317+0000] {spark_submit.py:521} INFO - 25/08/15 06:37:00 INFO ResourceProfile: Default ResourceProfile created, executor resources: Map(memory -> name: memory, amount: 1024, script: , vendor: , offHeap -> name: offHeap, amount: 0, script: , vendor: ), task resources: Map(cpus -> name: cpus, amount: 1.0)
[2025-08-15T06:37:00.320+0000] {spark_submit.py:521} INFO - 25/08/15 06:37:00 INFO ResourceProfile: Limiting resource is cpu
[2025-08-15T06:37:00.322+0000] {spark_submit.py:521} INFO - 25/08/15 06:37:00 INFO ResourceProfileManager: Added ResourceProfile id: 0
[2025-08-15T06:37:00.394+0000] {spark_submit.py:521} INFO - 25/08/15 06:37:00 INFO SecurityManager: Changing view acls to: ***
[2025-08-15T06:37:00.395+0000] {spark_submit.py:521} INFO - 25/08/15 06:37:00 INFO SecurityManager: Changing modify acls to: ***
[2025-08-15T06:37:00.396+0000] {spark_submit.py:521} INFO - 25/08/15 06:37:00 INFO SecurityManager: Changing view acls groups to: ***
[2025-08-15T06:37:00.396+0000] {spark_submit.py:521} INFO - 25/08/15 06:37:00 INFO SecurityManager: Changing modify acls groups to: ***
[2025-08-15T06:37:00.399+0000] {spark_submit.py:521} INFO - 25/08/15 06:37:00 INFO SecurityManager: SecurityManager: authentication disabled; ui acls disabled; users with view permissions: *** groups with view permissions: EMPTY; users with modify permissions: ***; groups with modify permissions: EMPTY; RPC SSL disabled
[2025-08-15T06:37:00.676+0000] {spark_submit.py:521} INFO - 25/08/15 06:37:00 INFO Utils: Successfully started service 'sparkDriver' on port 34105.
[2025-08-15T06:37:00.720+0000] {spark_submit.py:521} INFO - 25/08/15 06:37:00 INFO SparkEnv: Registering MapOutputTracker
[2025-08-15T06:37:00.735+0000] {spark_submit.py:521} INFO - 25/08/15 06:37:00 INFO SparkEnv: Registering BlockManagerMaster
[2025-08-15T06:37:00.754+0000] {spark_submit.py:521} INFO - 25/08/15 06:37:00 INFO BlockManagerMasterEndpoint: Using org.apache.spark.storage.DefaultTopologyMapper for getting topology information
[2025-08-15T06:37:00.755+0000] {spark_submit.py:521} INFO - 25/08/15 06:37:00 INFO BlockManagerMasterEndpoint: BlockManagerMasterEndpoint up
[2025-08-15T06:37:00.762+0000] {spark_submit.py:521} INFO - 25/08/15 06:37:00 INFO SparkEnv: Registering BlockManagerMasterHeartbeat
[2025-08-15T06:37:00.792+0000] {spark_submit.py:521} INFO - 25/08/15 06:37:00 INFO DiskBlockManager: Created local directory at /tmp/blockmgr-d9bd506c-3509-4c33-8627-bc814d7a97f3
[2025-08-15T06:37:00.820+0000] {spark_submit.py:521} INFO - 25/08/15 06:37:00 INFO SparkEnv: Registering OutputCommitCoordinator
[2025-08-15T06:37:01.014+0000] {spark_submit.py:521} INFO - 25/08/15 06:37:01 INFO JettyUtils: Start Jetty 0.0.0.0:4040 for SparkUI
[2025-08-15T06:37:01.122+0000] {spark_submit.py:521} INFO - 25/08/15 06:37:01 INFO Utils: Successfully started service 'SparkUI' on port 4040.
[2025-08-15T06:37:01.163+0000] {spark_submit.py:521} INFO - 25/08/15 06:37:01 INFO SparkContext: Added JAR file:///opt/custom-jars/gcs-connector-hadoop3-2.2.14-shaded.jar at spark://37fa492a6efe:34105/jars/gcs-connector-hadoop3-2.2.14-shaded.jar with timestamp 1755239820240
[2025-08-15T06:37:01.189+0000] {spark_submit.py:521} INFO - 25/08/15 06:37:01 INFO SecurityManager: Changing view acls to: ***
[2025-08-15T06:37:01.190+0000] {spark_submit.py:521} INFO - 25/08/15 06:37:01 INFO SecurityManager: Changing modify acls to: ***
[2025-08-15T06:37:01.190+0000] {spark_submit.py:521} INFO - 25/08/15 06:37:01 INFO SecurityManager: Changing view acls groups to: ***
[2025-08-15T06:37:01.191+0000] {spark_submit.py:521} INFO - 25/08/15 06:37:01 INFO SecurityManager: Changing modify acls groups to: ***
[2025-08-15T06:37:01.191+0000] {spark_submit.py:521} INFO - 25/08/15 06:37:01 INFO SecurityManager: SecurityManager: authentication disabled; ui acls disabled; users with view permissions: *** groups with view permissions: EMPTY; users with modify permissions: ***; groups with modify permissions: EMPTY; RPC SSL disabled
[2025-08-15T06:37:01.400+0000] {spark_submit.py:521} INFO - 25/08/15 06:37:01 INFO StandaloneAppClient$ClientEndpoint: Connecting to master spark://spark-master:7077...
[2025-08-15T06:37:01.454+0000] {spark_submit.py:521} INFO - 25/08/15 06:37:01 INFO TransportClientFactory: Successfully created connection to spark-master/172.18.0.5:7077 after 26 ms (0 ms spent in bootstraps)
[2025-08-15T06:37:01.594+0000] {spark_submit.py:521} INFO - 25/08/15 06:37:01 INFO StandaloneSchedulerBackend: Connected to Spark cluster with app ID app-20250815063701-0003
[2025-08-15T06:37:01.607+0000] {spark_submit.py:521} INFO - 25/08/15 06:37:01 INFO Utils: Successfully started service 'org.apache.spark.network.netty.NettyBlockTransferService' on port 42693.
[2025-08-15T06:37:01.609+0000] {spark_submit.py:521} INFO - 25/08/15 06:37:01 INFO NettyBlockTransferService: Server created on 37fa492a6efe:42693
[2025-08-15T06:37:01.613+0000] {spark_submit.py:521} INFO - 25/08/15 06:37:01 INFO BlockManager: Using org.apache.spark.storage.RandomBlockReplicationPolicy for block replication policy
[2025-08-15T06:37:01.622+0000] {spark_submit.py:521} INFO - 25/08/15 06:37:01 INFO StandaloneAppClient$ClientEndpoint: Executor added: app-20250815063701-0003/0 on worker-20250815021010-172.18.0.2-39495 (172.18.0.2:39495) with 2 core(s)
[2025-08-15T06:37:01.629+0000] {spark_submit.py:521} INFO - 25/08/15 06:37:01 INFO StandaloneSchedulerBackend: Granted executor ID app-20250815063701-0003/0 on hostPort 172.18.0.2:39495 with 2 core(s), 1024.0 MiB RAM
[2025-08-15T06:37:01.640+0000] {spark_submit.py:521} INFO - 25/08/15 06:37:01 INFO BlockManagerMaster: Registering BlockManager BlockManagerId(driver, 37fa492a6efe, 42693, None)
[2025-08-15T06:37:01.649+0000] {spark_submit.py:521} INFO - 25/08/15 06:37:01 INFO BlockManagerMasterEndpoint: Registering block manager 37fa492a6efe:42693 with 434.4 MiB RAM, BlockManagerId(driver, 37fa492a6efe, 42693, None)
[2025-08-15T06:37:01.653+0000] {spark_submit.py:521} INFO - 25/08/15 06:37:01 INFO BlockManagerMaster: Registered BlockManager BlockManagerId(driver, 37fa492a6efe, 42693, None)
[2025-08-15T06:37:01.656+0000] {spark_submit.py:521} INFO - 25/08/15 06:37:01 INFO BlockManager: Initialized BlockManager: BlockManagerId(driver, 37fa492a6efe, 42693, None)
[2025-08-15T06:37:01.953+0000] {spark_submit.py:521} INFO - 25/08/15 06:37:01 INFO StandaloneSchedulerBackend: SchedulerBackend is ready for scheduling beginning after reached minRegisteredResourcesRatio: 0.0
[2025-08-15T06:37:01.996+0000] {spark_submit.py:521} INFO - 25/08/15 06:37:01 INFO StandaloneAppClient$ClientEndpoint: Executor updated: app-20250815063701-0003/0 is now RUNNING
[2025-08-15T06:37:08.266+0000] {spark_submit.py:521} INFO - 25/08/15 06:37:08 INFO StandaloneSchedulerBackend$StandaloneDriverEndpoint: Registered executor NettyRpcEndpointRef(spark-client://Executor) (172.18.0.2:42080) with ID 0, ResourceProfileId 0
[2025-08-15T06:37:08.544+0000] {spark_submit.py:521} INFO - 25/08/15 06:37:08 INFO BlockManagerMasterEndpoint: Registering block manager 172.18.0.2:37741 with 434.4 MiB RAM, BlockManagerId(0, 172.18.0.2, 37741, None)
[2025-08-15T06:37:14.757+0000] {spark_submit.py:521} INFO - 25/08/15 06:37:14 INFO SharedState: Setting hive.metastore.warehouse.dir ('null') to the value of spark.sql.warehouse.dir.
[2025-08-15T06:37:14.760+0000] {spark_submit.py:521} INFO - 25/08/15 06:37:14 INFO SharedState: Warehouse path is 'file:/opt/***/spark-warehouse'.
[2025-08-15T06:37:17.619+0000] {spark_submit.py:521} INFO - 25/08/15 06:37:17 INFO InMemoryFileIndex: It took 129 ms to list leaf files for 1 paths.
[2025-08-15T06:37:17.868+0000] {spark_submit.py:521} INFO - 25/08/15 06:37:17 INFO SparkContext: Starting job: parquet at NativeMethodAccessorImpl.java:0
[2025-08-15T06:37:17.884+0000] {spark_submit.py:521} INFO - 25/08/15 06:37:17 INFO DAGScheduler: Got job 0 (parquet at NativeMethodAccessorImpl.java:0) with 1 output partitions
[2025-08-15T06:37:17.888+0000] {spark_submit.py:521} INFO - 25/08/15 06:37:17 INFO DAGScheduler: Final stage: ResultStage 0 (parquet at NativeMethodAccessorImpl.java:0)
[2025-08-15T06:37:17.889+0000] {spark_submit.py:521} INFO - 25/08/15 06:37:17 INFO DAGScheduler: Parents of final stage: List()
[2025-08-15T06:37:17.895+0000] {spark_submit.py:521} INFO - 25/08/15 06:37:17 INFO DAGScheduler: Missing parents: List()
[2025-08-15T06:37:17.900+0000] {spark_submit.py:521} INFO - 25/08/15 06:37:17 INFO DAGScheduler: Submitting ResultStage 0 (MapPartitionsRDD[1] at parquet at NativeMethodAccessorImpl.java:0), which has no missing parents
[2025-08-15T06:37:17.949+0000] {spark_submit.py:521} INFO - 25/08/15 06:37:17 INFO MemoryStore: MemoryStore started with capacity 434.4 MiB
[2025-08-15T06:37:17.965+0000] {spark_submit.py:521} INFO - 25/08/15 06:37:17 INFO MemoryStore: Block broadcast_0 stored as values in memory (estimated size 116.0 KiB, free 434.3 MiB)
[2025-08-15T06:37:18.010+0000] {spark_submit.py:521} INFO - 25/08/15 06:37:18 INFO MemoryStore: Block broadcast_0_piece0 stored as bytes in memory (estimated size 41.7 KiB, free 434.2 MiB)
[2025-08-15T06:37:18.025+0000] {spark_submit.py:521} INFO - 25/08/15 06:37:18 INFO SparkContext: Created broadcast 0 from broadcast at DAGScheduler.scala:1676
[2025-08-15T06:37:18.047+0000] {spark_submit.py:521} INFO - 25/08/15 06:37:18 INFO DAGScheduler: Submitting 1 missing tasks from ResultStage 0 (MapPartitionsRDD[1] at parquet at NativeMethodAccessorImpl.java:0) (first 15 tasks are for partitions Vector(0))
[2025-08-15T06:37:18.059+0000] {spark_submit.py:521} INFO - 25/08/15 06:37:18 INFO TaskSchedulerImpl: Adding task set 0.0 with 1 tasks resource profile 0
[2025-08-15T06:37:18.093+0000] {spark_submit.py:521} INFO - 25/08/15 06:37:18 INFO TaskSetManager: Starting task 0.0 in stage 0.0 (TID 0) (172.18.0.2,executor 0, partition 0, PROCESS_LOCAL, 10077 bytes)
[2025-08-15T06:37:21.187+0000] {spark_submit.py:521} INFO - 25/08/15 06:37:21 INFO TaskSetManager: Finished task 0.0 in stage 0.0 (TID 0) in 3108 ms on 172.18.0.2 (executor 0) (1/1)
[2025-08-15T06:37:21.189+0000] {spark_submit.py:521} INFO - 25/08/15 06:37:21 INFO TaskSchedulerImpl: Removed TaskSet 0.0 whose tasks have all completed, from pool
[2025-08-15T06:37:21.195+0000] {spark_submit.py:521} INFO - 25/08/15 06:37:21 INFO DAGScheduler: ResultStage 0 (parquet at NativeMethodAccessorImpl.java:0) finished in 3274 ms
[2025-08-15T06:37:21.199+0000] {spark_submit.py:521} INFO - 25/08/15 06:37:21 INFO DAGScheduler: Job 0 is finished. Cancelling potential speculative or zombie tasks for this job
[2025-08-15T06:37:21.200+0000] {spark_submit.py:521} INFO - 25/08/15 06:37:21 INFO TaskSchedulerImpl: Canceling stage 0
[2025-08-15T06:37:21.201+0000] {spark_submit.py:521} INFO - 25/08/15 06:37:21 INFO TaskSchedulerImpl: Killing all running tasks in stage 0: Stage finished
[2025-08-15T06:37:21.204+0000] {spark_submit.py:521} INFO - 25/08/15 06:37:21 INFO DAGScheduler: Job 0 finished: parquet at NativeMethodAccessorImpl.java:0, took 3335.695103 ms
[2025-08-15T06:37:22.160+0000] {spark_submit.py:521} INFO - 25/08/15 06:37:22 INFO FileSourceStrategy: Pushed Filters:
[2025-08-15T06:37:22.166+0000] {spark_submit.py:521} INFO - 25/08/15 06:37:22 INFO FileSourceStrategy: Post-Scan Filters: Set()
[2025-08-15T06:37:22.917+0000] {spark_submit.py:521} INFO - 25/08/15 06:37:22 INFO CodeGenerator: Code generated in 411.044006 ms
[2025-08-15T06:37:23.007+0000] {spark_submit.py:521} INFO - 25/08/15 06:37:23 INFO MemoryStore: Block broadcast_1 stored as values in memory (estimated size 217.8 KiB, free 434.2 MiB)
[2025-08-15T06:37:23.035+0000] {spark_submit.py:521} INFO - 25/08/15 06:37:23 INFO MemoryStore: Block broadcast_1_piece0 stored as bytes in memory (estimated size 39.8 KiB, free 434.1 MiB)
[2025-08-15T06:37:23.039+0000] {spark_submit.py:521} INFO - 25/08/15 06:37:23 INFO SparkContext: Created broadcast 1 from toPandas at /opt/spark-jobs/load/upload_jobs_to_dwh.py:35
[2025-08-15T06:37:23.141+0000] {spark_submit.py:521} INFO - 25/08/15 06:37:23 INFO FileSourceScanExec: Planning scan with bin packing, max size: 4194304 bytes, open cost is considered as scanning 4194304 bytes.
[2025-08-15T06:37:23.337+0000] {spark_submit.py:521} INFO - 25/08/15 06:37:23 INFO SparkContext: Starting job: toPandas at /opt/spark-jobs/load/upload_jobs_to_dwh.py:35
[2025-08-15T06:37:23.340+0000] {spark_submit.py:521} INFO - 25/08/15 06:37:23 INFO DAGScheduler: Got job 1 (toPandas at /opt/spark-jobs/load/upload_jobs_to_dwh.py:35) with 1 output partitions
[2025-08-15T06:37:23.345+0000] {spark_submit.py:521} INFO - 25/08/15 06:37:23 INFO DAGScheduler: Final stage: ResultStage 1 (toPandas at /opt/spark-jobs/load/upload_jobs_to_dwh.py:35)
[2025-08-15T06:37:23.347+0000] {spark_submit.py:521} INFO - 25/08/15 06:37:23 INFO DAGScheduler: Parents of final stage: List()
[2025-08-15T06:37:23.348+0000] {spark_submit.py:521} INFO - 25/08/15 06:37:23 INFO DAGScheduler: Missing parents: List()
[2025-08-15T06:37:23.348+0000] {spark_submit.py:521} INFO - 25/08/15 06:37:23 INFO DAGScheduler: Submitting ResultStage 1 (MapPartitionsRDD[5] at toPandas at /opt/spark-jobs/load/upload_jobs_to_dwh.py:35), which has no missing parents
[2025-08-15T06:37:23.352+0000] {spark_submit.py:521} INFO - 25/08/15 06:37:23 INFO MemoryStore: Block broadcast_2 stored as values in memory (estimated size 16.2 KiB, free 434.1 MiB)
[2025-08-15T06:37:23.370+0000] {spark_submit.py:521} INFO - 25/08/15 06:37:23 INFO MemoryStore: Block broadcast_2_piece0 stored as bytes in memory (estimated size 6.9 KiB, free 434.1 MiB)
[2025-08-15T06:37:23.379+0000] {spark_submit.py:521} INFO - 25/08/15 06:37:23 INFO SparkContext: Created broadcast 2 from broadcast at DAGScheduler.scala:1676
[2025-08-15T06:37:23.386+0000] {spark_submit.py:521} INFO - 25/08/15 06:37:23 INFO DAGScheduler: Submitting 1 missing tasks from ResultStage 1 (MapPartitionsRDD[5] at toPandas at /opt/spark-jobs/load/upload_jobs_to_dwh.py:35) (first 15 tasks are for partitions Vector(0))
[2025-08-15T06:37:23.388+0000] {spark_submit.py:521} INFO - 25/08/15 06:37:23 INFO TaskSchedulerImpl: Adding task set 1.0 with 1 tasks resource profile 0
[2025-08-15T06:37:23.395+0000] {spark_submit.py:521} INFO - 25/08/15 06:37:23 INFO TaskSetManager: Starting task 0.0 in stage 1.0 (TID 1) (172.18.0.2,executor 0, partition 0, PROCESS_LOCAL, 10518 bytes)
[2025-08-15T06:37:26.300+0000] {spark_submit.py:521} INFO - 25/08/15 06:37:26 INFO TaskSetManager: Finished task 0.0 in stage 1.0 (TID 1) in 2912 ms on 172.18.0.2 (executor 0) (1/1)
[2025-08-15T06:37:26.337+0000] {spark_submit.py:521} INFO - 25/08/15 06:37:26 INFO TaskSchedulerImpl: Removed TaskSet 1.0 whose tasks have all completed, from pool
[2025-08-15T06:37:26.346+0000] {spark_submit.py:521} INFO - 25/08/15 06:37:26 INFO DAGScheduler: ResultStage 1 (toPandas at /opt/spark-jobs/load/upload_jobs_to_dwh.py:35) finished in 2956 ms
[2025-08-15T06:37:26.348+0000] {spark_submit.py:521} INFO - 25/08/15 06:37:26 INFO DAGScheduler: Job 1 is finished. Cancelling potential speculative or zombie tasks for this job
[2025-08-15T06:37:26.349+0000] {spark_submit.py:521} INFO - 25/08/15 06:37:26 INFO TaskSchedulerImpl: Canceling stage 1
[2025-08-15T06:37:26.349+0000] {spark_submit.py:521} INFO - 25/08/15 06:37:26 INFO TaskSchedulerImpl: Killing all running tasks in stage 1: Stage finished
[2025-08-15T06:37:26.350+0000] {spark_submit.py:521} INFO - 25/08/15 06:37:26 INFO DAGScheduler: Job 1 finished: toPandas at /opt/spark-jobs/load/upload_jobs_to_dwh.py:35, took 2966.025788 ms
[2025-08-15T06:37:27.289+0000] {spark_submit.py:521} INFO - dim_company loaded successfully!
[2025-08-15T06:37:28.101+0000] {spark_submit.py:521} INFO - 25/08/15 06:37:28 INFO InMemoryFileIndex: It took 236 ms to list leaf files for 1 paths.
[2025-08-15T06:37:28.137+0000] {spark_submit.py:521} INFO - 25/08/15 06:37:28 INFO SparkContext: Starting job: parquet at NativeMethodAccessorImpl.java:0
[2025-08-15T06:37:28.140+0000] {spark_submit.py:521} INFO - 25/08/15 06:37:28 INFO DAGScheduler: Got job 2 (parquet at NativeMethodAccessorImpl.java:0) with 1 output partitions
[2025-08-15T06:37:28.141+0000] {spark_submit.py:521} INFO - 25/08/15 06:37:28 INFO DAGScheduler: Final stage: ResultStage 2 (parquet at NativeMethodAccessorImpl.java:0)
[2025-08-15T06:37:28.141+0000] {spark_submit.py:521} INFO - 25/08/15 06:37:28 INFO DAGScheduler: Parents of final stage: List()
[2025-08-15T06:37:28.142+0000] {spark_submit.py:521} INFO - 25/08/15 06:37:28 INFO DAGScheduler: Missing parents: List()
[2025-08-15T06:37:28.142+0000] {spark_submit.py:521} INFO - 25/08/15 06:37:28 INFO DAGScheduler: Submitting ResultStage 2 (MapPartitionsRDD[7] at parquet at NativeMethodAccessorImpl.java:0), which has no missing parents
[2025-08-15T06:37:28.153+0000] {spark_submit.py:521} INFO - 25/08/15 06:37:28 INFO MemoryStore: Block broadcast_3 stored as values in memory (estimated size 116.0 KiB, free 434.0 MiB)
[2025-08-15T06:37:28.166+0000] {spark_submit.py:521} INFO - 25/08/15 06:37:28 INFO MemoryStore: Block broadcast_3_piece0 stored as bytes in memory (estimated size 41.7 KiB, free 434.0 MiB)
[2025-08-15T06:37:28.167+0000] {spark_submit.py:521} INFO - 25/08/15 06:37:28 INFO SparkContext: Created broadcast 3 from broadcast at DAGScheduler.scala:1676
[2025-08-15T06:37:28.169+0000] {spark_submit.py:521} INFO - 25/08/15 06:37:28 INFO DAGScheduler: Submitting 1 missing tasks from ResultStage 2 (MapPartitionsRDD[7] at parquet at NativeMethodAccessorImpl.java:0) (first 15 tasks are for partitions Vector(0))
[2025-08-15T06:37:28.171+0000] {spark_submit.py:521} INFO - 25/08/15 06:37:28 INFO TaskSchedulerImpl: Adding task set 2.0 with 1 tasks resource profile 0
[2025-08-15T06:37:28.173+0000] {spark_submit.py:521} INFO - 25/08/15 06:37:28 INFO TaskSetManager: Starting task 0.0 in stage 2.0 (TID 2) (172.18.0.2,executor 0, partition 0, PROCESS_LOCAL, 10085 bytes)
[2025-08-15T06:37:28.609+0000] {spark_submit.py:521} INFO - 25/08/15 06:37:28 INFO TaskSetManager: Finished task 0.0 in stage 2.0 (TID 2) in 437 ms on 172.18.0.2 (executor 0) (1/1)
[2025-08-15T06:37:28.610+0000] {spark_submit.py:521} INFO - 25/08/15 06:37:28 INFO TaskSchedulerImpl: Removed TaskSet 2.0 whose tasks have all completed, from pool
[2025-08-15T06:37:28.610+0000] {spark_submit.py:521} INFO - 25/08/15 06:37:28 INFO DAGScheduler: ResultStage 2 (parquet at NativeMethodAccessorImpl.java:0) finished in 466 ms
[2025-08-15T06:37:28.611+0000] {spark_submit.py:521} INFO - 25/08/15 06:37:28 INFO DAGScheduler: Job 2 is finished. Cancelling potential speculative or zombie tasks for this job
[2025-08-15T06:37:28.611+0000] {spark_submit.py:521} INFO - 25/08/15 06:37:28 INFO TaskSchedulerImpl: Canceling stage 2
[2025-08-15T06:37:28.612+0000] {spark_submit.py:521} INFO - 25/08/15 06:37:28 INFO TaskSchedulerImpl: Killing all running tasks in stage 2: Stage finished
[2025-08-15T06:37:28.612+0000] {spark_submit.py:521} INFO - 25/08/15 06:37:28 INFO DAGScheduler: Job 2 finished: parquet at NativeMethodAccessorImpl.java:0, took 473.930167 ms
[2025-08-15T06:37:28.629+0000] {spark_submit.py:521} INFO - 25/08/15 06:37:28 INFO FileSourceStrategy: Pushed Filters:
[2025-08-15T06:37:28.630+0000] {spark_submit.py:521} INFO - 25/08/15 06:37:28 INFO FileSourceStrategy: Post-Scan Filters: Set()
[2025-08-15T06:37:28.666+0000] {spark_submit.py:521} INFO - 25/08/15 06:37:28 INFO CodeGenerator: Code generated in 18.088674 ms
[2025-08-15T06:37:28.672+0000] {spark_submit.py:521} INFO - 25/08/15 06:37:28 INFO MemoryStore: Block broadcast_4 stored as values in memory (estimated size 218.0 KiB, free 433.8 MiB)
[2025-08-15T06:37:28.686+0000] {spark_submit.py:521} INFO - 25/08/15 06:37:28 INFO MemoryStore: Block broadcast_4_piece0 stored as bytes in memory (estimated size 39.7 KiB, free 433.9 MiB)
[2025-08-15T06:37:28.900+0000] {spark_submit.py:521} INFO - 25/08/15 06:37:28 INFO SparkContext: Created broadcast 4 from toPandas at /opt/spark-jobs/load/upload_jobs_to_dwh.py:35
[2025-08-15T06:37:28.902+0000] {spark_submit.py:521} INFO - 25/08/15 06:37:28 INFO FileSourceScanExec: Planning scan with bin packing, max size: 4194304 bytes, open cost is considered as scanning 4194304 bytes.
[2025-08-15T06:37:28.913+0000] {spark_submit.py:521} INFO - 25/08/15 06:37:28 INFO SparkContext: Starting job: toPandas at /opt/spark-jobs/load/upload_jobs_to_dwh.py:35
[2025-08-15T06:37:28.914+0000] {spark_submit.py:521} INFO - 25/08/15 06:37:28 INFO DAGScheduler: Got job 3 (toPandas at /opt/spark-jobs/load/upload_jobs_to_dwh.py:35) with 1 output partitions
[2025-08-15T06:37:28.914+0000] {spark_submit.py:521} INFO - 25/08/15 06:37:28 INFO DAGScheduler: Final stage: ResultStage 3 (toPandas at /opt/spark-jobs/load/upload_jobs_to_dwh.py:35)
[2025-08-15T06:37:28.914+0000] {spark_submit.py:521} INFO - 25/08/15 06:37:28 INFO DAGScheduler: Parents of final stage: List()
[2025-08-15T06:37:28.915+0000] {spark_submit.py:521} INFO - 25/08/15 06:37:28 INFO DAGScheduler: Missing parents: List()
[2025-08-15T06:37:28.915+0000] {spark_submit.py:521} INFO - 25/08/15 06:37:28 INFO DAGScheduler: Submitting ResultStage 3 (MapPartitionsRDD[11] at toPandas at /opt/spark-jobs/load/upload_jobs_to_dwh.py:35), which has no missing parents
[2025-08-15T06:37:28.917+0000] {spark_submit.py:521} INFO - 25/08/15 06:37:28 INFO MemoryStore: Block broadcast_5 stored as values in memory (estimated size 18.2 KiB, free 433.9 MiB)
[2025-08-15T06:37:28.923+0000] {spark_submit.py:521} INFO - 25/08/15 06:37:28 INFO MemoryStore: Block broadcast_5_piece0 stored as bytes in memory (estimated size 7.4 KiB, free 433.9 MiB)
[2025-08-15T06:37:29.859+0000] {spark_submit.py:521} INFO - 25/08/15 06:37:29 INFO SparkContext: Created broadcast 5 from broadcast at DAGScheduler.scala:1676
[2025-08-15T06:37:29.864+0000] {spark_submit.py:521} INFO - 25/08/15 06:37:29 INFO DAGScheduler: Submitting 1 missing tasks from ResultStage 3 (MapPartitionsRDD[11] at toPandas at /opt/spark-jobs/load/upload_jobs_to_dwh.py:35) (first 15 tasks are for partitions Vector(0))
[2025-08-15T06:37:29.867+0000] {spark_submit.py:521} INFO - 25/08/15 06:37:29 INFO TaskSchedulerImpl: Adding task set 3.0 with 1 tasks resource profile 0
[2025-08-15T06:37:29.875+0000] {spark_submit.py:521} INFO - 25/08/15 06:37:29 INFO TaskSetManager: Starting task 0.0 in stage 3.0 (TID 3) (172.18.0.2,executor 0, partition 0, PROCESS_LOCAL, 10526 bytes)
[2025-08-15T06:37:31.474+0000] {spark_submit.py:521} INFO - 25/08/15 06:37:31 INFO TaskSetManager: Finished task 0.0 in stage 3.0 (TID 3) in 1604 ms on 172.18.0.2 (executor 0) (1/1)
[2025-08-15T06:37:31.475+0000] {spark_submit.py:521} INFO - 25/08/15 06:37:31 INFO TaskSchedulerImpl: Removed TaskSet 3.0 whose tasks have all completed, from pool
[2025-08-15T06:37:31.476+0000] {spark_submit.py:521} INFO - 25/08/15 06:37:31 INFO DAGScheduler: ResultStage 3 (toPandas at /opt/spark-jobs/load/upload_jobs_to_dwh.py:35) finished in 2560 ms
[2025-08-15T06:37:31.476+0000] {spark_submit.py:521} INFO - 25/08/15 06:37:31 INFO DAGScheduler: Job 3 is finished. Cancelling potential speculative or zombie tasks for this job
[2025-08-15T06:37:31.477+0000] {spark_submit.py:521} INFO - 25/08/15 06:37:31 INFO TaskSchedulerImpl: Canceling stage 3
[2025-08-15T06:37:31.477+0000] {spark_submit.py:521} INFO - 25/08/15 06:37:31 INFO TaskSchedulerImpl: Killing all running tasks in stage 3: Stage finished
[2025-08-15T06:37:31.477+0000] {spark_submit.py:521} INFO - 25/08/15 06:37:31 INFO DAGScheduler: Job 3 finished: toPandas at /opt/spark-jobs/load/upload_jobs_to_dwh.py:35, took 2562.533056 ms
[2025-08-15T06:37:32.258+0000] {spark_submit.py:521} INFO - dim_jobposition loaded successfully!
[2025-08-15T06:37:32.937+0000] {spark_submit.py:521} INFO - 25/08/15 06:37:32 INFO InMemoryFileIndex: It took 238 ms to list leaf files for 1 paths.
[2025-08-15T06:37:32.963+0000] {spark_submit.py:521} INFO - 25/08/15 06:37:32 INFO SparkContext: Starting job: parquet at NativeMethodAccessorImpl.java:0
[2025-08-15T06:37:32.965+0000] {spark_submit.py:521} INFO - 25/08/15 06:37:32 INFO DAGScheduler: Got job 4 (parquet at NativeMethodAccessorImpl.java:0) with 1 output partitions
[2025-08-15T06:37:32.965+0000] {spark_submit.py:521} INFO - 25/08/15 06:37:32 INFO DAGScheduler: Final stage: ResultStage 4 (parquet at NativeMethodAccessorImpl.java:0)
[2025-08-15T06:37:32.966+0000] {spark_submit.py:521} INFO - 25/08/15 06:37:32 INFO DAGScheduler: Parents of final stage: List()
[2025-08-15T06:37:32.966+0000] {spark_submit.py:521} INFO - 25/08/15 06:37:32 INFO DAGScheduler: Missing parents: List()
[2025-08-15T06:37:32.967+0000] {spark_submit.py:521} INFO - 25/08/15 06:37:32 INFO DAGScheduler: Submitting ResultStage 4 (MapPartitionsRDD[13] at parquet at NativeMethodAccessorImpl.java:0), which has no missing parents
[2025-08-15T06:37:32.973+0000] {spark_submit.py:521} INFO - 25/08/15 06:37:32 INFO MemoryStore: Block broadcast_6 stored as values in memory (estimated size 116.0 KiB, free 433.8 MiB)
[2025-08-15T06:37:32.981+0000] {spark_submit.py:521} INFO - 25/08/15 06:37:32 INFO MemoryStore: Block broadcast_6_piece0 stored as bytes in memory (estimated size 41.7 KiB, free 433.7 MiB)
[2025-08-15T06:37:32.984+0000] {spark_submit.py:521} INFO - 25/08/15 06:37:32 INFO SparkContext: Created broadcast 6 from broadcast at DAGScheduler.scala:1676
[2025-08-15T06:37:32.985+0000] {spark_submit.py:521} INFO - 25/08/15 06:37:32 INFO DAGScheduler: Submitting 1 missing tasks from ResultStage 4 (MapPartitionsRDD[13] at parquet at NativeMethodAccessorImpl.java:0) (first 15 tasks are for partitions Vector(0))
[2025-08-15T06:37:32.986+0000] {spark_submit.py:521} INFO - 25/08/15 06:37:32 INFO TaskSchedulerImpl: Adding task set 4.0 with 1 tasks resource profile 0
[2025-08-15T06:37:32.988+0000] {spark_submit.py:521} INFO - 25/08/15 06:37:32 INFO TaskSetManager: Starting task 0.0 in stage 4.0 (TID 4) (172.18.0.2,executor 0, partition 0, PROCESS_LOCAL, 10071 bytes)
[2025-08-15T06:37:33.389+0000] {spark_submit.py:521} INFO - 25/08/15 06:37:33 INFO TaskSetManager: Finished task 0.0 in stage 4.0 (TID 4) in 401 ms on 172.18.0.2 (executor 0) (1/1)
[2025-08-15T06:37:33.390+0000] {spark_submit.py:521} INFO - 25/08/15 06:37:33 INFO TaskSchedulerImpl: Removed TaskSet 4.0 whose tasks have all completed, from pool
[2025-08-15T06:37:33.391+0000] {spark_submit.py:521} INFO - 25/08/15 06:37:33 INFO DAGScheduler: ResultStage 4 (parquet at NativeMethodAccessorImpl.java:0) finished in 423 ms
[2025-08-15T06:37:33.391+0000] {spark_submit.py:521} INFO - 25/08/15 06:37:33 INFO DAGScheduler: Job 4 is finished. Cancelling potential speculative or zombie tasks for this job
[2025-08-15T06:37:33.391+0000] {spark_submit.py:521} INFO - 25/08/15 06:37:33 INFO TaskSchedulerImpl: Canceling stage 4
[2025-08-15T06:37:33.392+0000] {spark_submit.py:521} INFO - 25/08/15 06:37:33 INFO TaskSchedulerImpl: Killing all running tasks in stage 4: Stage finished
[2025-08-15T06:37:33.392+0000] {spark_submit.py:521} INFO - 25/08/15 06:37:33 INFO DAGScheduler: Job 4 finished: parquet at NativeMethodAccessorImpl.java:0, took 431.946389 ms
[2025-08-15T06:37:33.403+0000] {spark_submit.py:521} INFO - 25/08/15 06:37:33 INFO FileSourceStrategy: Pushed Filters:
[2025-08-15T06:37:33.404+0000] {spark_submit.py:521} INFO - 25/08/15 06:37:33 INFO FileSourceStrategy: Post-Scan Filters: Set()
[2025-08-15T06:37:33.424+0000] {spark_submit.py:521} INFO - 25/08/15 06:37:33 INFO CodeGenerator: Code generated in 13.9792 ms
[2025-08-15T06:37:33.428+0000] {spark_submit.py:521} INFO - 25/08/15 06:37:33 INFO MemoryStore: Block broadcast_7 stored as values in memory (estimated size 218.0 KiB, free 433.5 MiB)
[2025-08-15T06:37:33.443+0000] {spark_submit.py:521} INFO - 25/08/15 06:37:33 INFO MemoryStore: Block broadcast_7_piece0 stored as bytes in memory (estimated size 39.8 KiB, free 433.6 MiB)
[2025-08-15T06:37:33.446+0000] {spark_submit.py:521} INFO - 25/08/15 06:37:33 INFO SparkContext: Created broadcast 7 from toPandas at /opt/spark-jobs/load/upload_jobs_to_dwh.py:35
[2025-08-15T06:37:33.448+0000] {spark_submit.py:521} INFO - 25/08/15 06:37:33 INFO FileSourceScanExec: Planning scan with bin packing, max size: 4194304 bytes, open cost is considered as scanning 4194304 bytes.
[2025-08-15T06:37:33.471+0000] {spark_submit.py:521} INFO - 25/08/15 06:37:33 INFO SparkContext: Starting job: toPandas at /opt/spark-jobs/load/upload_jobs_to_dwh.py:35
[2025-08-15T06:37:33.473+0000] {spark_submit.py:521} INFO - 25/08/15 06:37:33 INFO DAGScheduler: Got job 5 (toPandas at /opt/spark-jobs/load/upload_jobs_to_dwh.py:35) with 1 output partitions
[2025-08-15T06:37:33.474+0000] {spark_submit.py:521} INFO - 25/08/15 06:37:33 INFO DAGScheduler: Final stage: ResultStage 5 (toPandas at /opt/spark-jobs/load/upload_jobs_to_dwh.py:35)
[2025-08-15T06:37:33.475+0000] {spark_submit.py:521} INFO - 25/08/15 06:37:33 INFO DAGScheduler: Parents of final stage: List()
[2025-08-15T06:37:33.476+0000] {spark_submit.py:521} INFO - 25/08/15 06:37:33 INFO DAGScheduler: Missing parents: List()
[2025-08-15T06:37:33.476+0000] {spark_submit.py:521} INFO - 25/08/15 06:37:33 INFO DAGScheduler: Submitting ResultStage 5 (MapPartitionsRDD[17] at toPandas at /opt/spark-jobs/load/upload_jobs_to_dwh.py:35), which has no missing parents
[2025-08-15T06:37:33.478+0000] {spark_submit.py:521} INFO - 25/08/15 06:37:33 INFO MemoryStore: Block broadcast_8 stored as values in memory (estimated size 17.2 KiB, free 433.6 MiB)
[2025-08-15T06:37:33.483+0000] {spark_submit.py:521} INFO - 25/08/15 06:37:33 INFO MemoryStore: Block broadcast_8_piece0 stored as bytes in memory (estimated size 6.9 KiB, free 433.6 MiB)
[2025-08-15T06:37:33.485+0000] {spark_submit.py:521} INFO - 25/08/15 06:37:33 INFO SparkContext: Created broadcast 8 from broadcast at DAGScheduler.scala:1676
[2025-08-15T06:37:33.487+0000] {spark_submit.py:521} INFO - 25/08/15 06:37:33 INFO DAGScheduler: Submitting 1 missing tasks from ResultStage 5 (MapPartitionsRDD[17] at toPandas at /opt/spark-jobs/load/upload_jobs_to_dwh.py:35) (first 15 tasks are for partitions Vector(0))
[2025-08-15T06:37:33.487+0000] {spark_submit.py:521} INFO - 25/08/15 06:37:33 INFO TaskSchedulerImpl: Adding task set 5.0 with 1 tasks resource profile 0
[2025-08-15T06:37:33.489+0000] {spark_submit.py:521} INFO - 25/08/15 06:37:33 INFO TaskSetManager: Starting task 0.0 in stage 5.0 (TID 5) (172.18.0.2,executor 0, partition 0, PROCESS_LOCAL, 10512 bytes)
[2025-08-15T06:37:34.431+0000] {spark_submit.py:521} INFO - 25/08/15 06:37:34 INFO TaskSetManager: Finished task 0.0 in stage 5.0 (TID 5) in 943 ms on 172.18.0.2 (executor 0) (1/1)
[2025-08-15T06:37:34.432+0000] {spark_submit.py:521} INFO - 25/08/15 06:37:34 INFO TaskSchedulerImpl: Removed TaskSet 5.0 whose tasks have all completed, from pool
[2025-08-15T06:37:34.433+0000] {spark_submit.py:521} INFO - 25/08/15 06:37:34 INFO DAGScheduler: ResultStage 5 (toPandas at /opt/spark-jobs/load/upload_jobs_to_dwh.py:35) finished in 957 ms
[2025-08-15T06:37:34.433+0000] {spark_submit.py:521} INFO - 25/08/15 06:37:34 INFO DAGScheduler: Job 5 is finished. Cancelling potential speculative or zombie tasks for this job
[2025-08-15T06:37:34.433+0000] {spark_submit.py:521} INFO - 25/08/15 06:37:34 INFO TaskSchedulerImpl: Canceling stage 5
[2025-08-15T06:37:34.434+0000] {spark_submit.py:521} INFO - 25/08/15 06:37:34 INFO TaskSchedulerImpl: Killing all running tasks in stage 5: Stage finished
[2025-08-15T06:37:34.434+0000] {spark_submit.py:521} INFO - 25/08/15 06:37:34 INFO DAGScheduler: Job 5 finished: toPandas at /opt/spark-jobs/load/upload_jobs_to_dwh.py:35, took 961.824378 ms
[2025-08-15T06:37:35.185+0000] {spark_submit.py:521} INFO - dim_date loaded successfully!
[2025-08-15T06:37:35.881+0000] {spark_submit.py:521} INFO - 25/08/15 06:37:35 INFO InMemoryFileIndex: It took 241 ms to list leaf files for 1 paths.
[2025-08-15T06:37:36.057+0000] {spark_submit.py:521} INFO - 25/08/15 06:37:36 INFO SparkContext: Starting job: parquet at NativeMethodAccessorImpl.java:0
[2025-08-15T06:37:36.060+0000] {spark_submit.py:521} INFO - 25/08/15 06:37:36 INFO DAGScheduler: Got job 6 (parquet at NativeMethodAccessorImpl.java:0) with 1 output partitions
[2025-08-15T06:37:36.061+0000] {spark_submit.py:521} INFO - 25/08/15 06:37:36 INFO DAGScheduler: Final stage: ResultStage 6 (parquet at NativeMethodAccessorImpl.java:0)
[2025-08-15T06:37:36.062+0000] {spark_submit.py:521} INFO - 25/08/15 06:37:36 INFO DAGScheduler: Parents of final stage: List()
[2025-08-15T06:37:36.063+0000] {spark_submit.py:521} INFO - 25/08/15 06:37:36 INFO DAGScheduler: Missing parents: List()
[2025-08-15T06:37:36.064+0000] {spark_submit.py:521} INFO - 25/08/15 06:37:36 INFO DAGScheduler: Submitting ResultStage 6 (MapPartitionsRDD[19] at parquet at NativeMethodAccessorImpl.java:0), which has no missing parents
[2025-08-15T06:37:36.075+0000] {spark_submit.py:521} INFO - 25/08/15 06:37:36 INFO MemoryStore: Block broadcast_9 stored as values in memory (estimated size 116.0 KiB, free 433.5 MiB)
[2025-08-15T06:37:36.087+0000] {spark_submit.py:521} INFO - 25/08/15 06:37:36 INFO MemoryStore: Block broadcast_9_piece0 stored as bytes in memory (estimated size 41.7 KiB, free 433.5 MiB)
[2025-08-15T06:37:36.093+0000] {spark_submit.py:521} INFO - 25/08/15 06:37:36 INFO SparkContext: Created broadcast 9 from broadcast at DAGScheduler.scala:1676
[2025-08-15T06:37:36.095+0000] {spark_submit.py:521} INFO - 25/08/15 06:37:36 INFO DAGScheduler: Submitting 1 missing tasks from ResultStage 6 (MapPartitionsRDD[19] at parquet at NativeMethodAccessorImpl.java:0) (first 15 tasks are for partitions Vector(0))
[2025-08-15T06:37:36.096+0000] {spark_submit.py:521} INFO - 25/08/15 06:37:36 INFO TaskSchedulerImpl: Adding task set 6.0 with 1 tasks resource profile 0
[2025-08-15T06:37:36.098+0000] {spark_submit.py:521} INFO - 25/08/15 06:37:36 INFO TaskSetManager: Starting task 0.0 in stage 6.0 (TID 6) (172.18.0.2,executor 0, partition 0, PROCESS_LOCAL, 10079 bytes)
[2025-08-15T06:37:36.518+0000] {spark_submit.py:521} INFO - 25/08/15 06:37:36 INFO TaskSetManager: Finished task 0.0 in stage 6.0 (TID 6) in 422 ms on 172.18.0.2 (executor 0) (1/1)
[2025-08-15T06:37:36.519+0000] {spark_submit.py:521} INFO - 25/08/15 06:37:36 INFO TaskSchedulerImpl: Removed TaskSet 6.0 whose tasks have all completed, from pool
[2025-08-15T06:37:36.520+0000] {spark_submit.py:521} INFO - 25/08/15 06:37:36 INFO DAGScheduler: ResultStage 6 (parquet at NativeMethodAccessorImpl.java:0) finished in 453 ms
[2025-08-15T06:37:36.520+0000] {spark_submit.py:521} INFO - 25/08/15 06:37:36 INFO DAGScheduler: Job 6 is finished. Cancelling potential speculative or zombie tasks for this job
[2025-08-15T06:37:36.520+0000] {spark_submit.py:521} INFO - 25/08/15 06:37:36 INFO TaskSchedulerImpl: Canceling stage 6
[2025-08-15T06:37:36.521+0000] {spark_submit.py:521} INFO - 25/08/15 06:37:36 INFO TaskSchedulerImpl: Killing all running tasks in stage 6: Stage finished
[2025-08-15T06:37:36.521+0000] {spark_submit.py:521} INFO - 25/08/15 06:37:36 INFO DAGScheduler: Job 6 finished: parquet at NativeMethodAccessorImpl.java:0, took 462.281879 ms
[2025-08-15T06:37:36.530+0000] {spark_submit.py:521} INFO - 25/08/15 06:37:36 INFO FileSourceStrategy: Pushed Filters:
[2025-08-15T06:37:36.531+0000] {spark_submit.py:521} INFO - 25/08/15 06:37:36 INFO FileSourceStrategy: Post-Scan Filters: Set()
[2025-08-15T06:37:36.554+0000] {spark_submit.py:521} INFO - 25/08/15 06:37:36 INFO CodeGenerator: Code generated in 17.272782 ms
[2025-08-15T06:37:36.558+0000] {spark_submit.py:521} INFO - 25/08/15 06:37:36 INFO MemoryStore: Block broadcast_10 stored as values in memory (estimated size 217.7 KiB, free 433.3 MiB)
[2025-08-15T06:37:36.572+0000] {spark_submit.py:521} INFO - 25/08/15 06:37:36 INFO MemoryStore: Block broadcast_10_piece0 stored as bytes in memory (estimated size 39.6 KiB, free 433.2 MiB)
[2025-08-15T06:37:36.574+0000] {spark_submit.py:521} INFO - 25/08/15 06:37:36 INFO SparkContext: Created broadcast 10 from toPandas at /opt/spark-jobs/load/upload_jobs_to_dwh.py:35
[2025-08-15T06:37:36.576+0000] {spark_submit.py:521} INFO - 25/08/15 06:37:36 INFO FileSourceScanExec: Planning scan with bin packing, max size: 4194304 bytes, open cost is considered as scanning 4194304 bytes.
[2025-08-15T06:37:36.596+0000] {spark_submit.py:521} INFO - 25/08/15 06:37:36 INFO SparkContext: Starting job: toPandas at /opt/spark-jobs/load/upload_jobs_to_dwh.py:35
[2025-08-15T06:37:36.597+0000] {spark_submit.py:521} INFO - 25/08/15 06:37:36 INFO DAGScheduler: Got job 7 (toPandas at /opt/spark-jobs/load/upload_jobs_to_dwh.py:35) with 1 output partitions
[2025-08-15T06:37:36.598+0000] {spark_submit.py:521} INFO - 25/08/15 06:37:36 INFO DAGScheduler: Final stage: ResultStage 7 (toPandas at /opt/spark-jobs/load/upload_jobs_to_dwh.py:35)
[2025-08-15T06:37:36.599+0000] {spark_submit.py:521} INFO - 25/08/15 06:37:36 INFO DAGScheduler: Parents of final stage: List()
[2025-08-15T06:37:36.599+0000] {spark_submit.py:521} INFO - 25/08/15 06:37:36 INFO DAGScheduler: Missing parents: List()
[2025-08-15T06:37:36.600+0000] {spark_submit.py:521} INFO - 25/08/15 06:37:36 INFO DAGScheduler: Submitting ResultStage 7 (MapPartitionsRDD[23] at toPandas at /opt/spark-jobs/load/upload_jobs_to_dwh.py:35), which has no missing parents
[2025-08-15T06:37:36.604+0000] {spark_submit.py:521} INFO - 25/08/15 06:37:36 INFO MemoryStore: Block broadcast_11 stored as values in memory (estimated size 15.6 KiB, free 433.4 MiB)
[2025-08-15T06:37:36.608+0000] {spark_submit.py:521} INFO - 25/08/15 06:37:36 INFO MemoryStore: Block broadcast_11_piece0 stored as bytes in memory (estimated size 6.8 KiB, free 433.4 MiB)
[2025-08-15T06:37:36.610+0000] {spark_submit.py:521} INFO - 25/08/15 06:37:36 INFO SparkContext: Created broadcast 11 from broadcast at DAGScheduler.scala:1676
[2025-08-15T06:37:36.611+0000] {spark_submit.py:521} INFO - 25/08/15 06:37:36 INFO DAGScheduler: Submitting 1 missing tasks from ResultStage 7 (MapPartitionsRDD[23] at toPandas at /opt/spark-jobs/load/upload_jobs_to_dwh.py:35) (first 15 tasks are for partitions Vector(0))
[2025-08-15T06:37:36.611+0000] {spark_submit.py:521} INFO - 25/08/15 06:37:36 INFO TaskSchedulerImpl: Adding task set 7.0 with 1 tasks resource profile 0
[2025-08-15T06:37:36.613+0000] {spark_submit.py:521} INFO - 25/08/15 06:37:36 INFO TaskSetManager: Starting task 0.0 in stage 7.0 (TID 7) (172.18.0.2,executor 0, partition 0, PROCESS_LOCAL, 10520 bytes)
[2025-08-15T06:37:37.681+0000] {spark_submit.py:521} INFO - 25/08/15 06:37:37 INFO TaskSetManager: Finished task 0.0 in stage 7.0 (TID 7) in 1068 ms on 172.18.0.2 (executor 0) (1/1)
[2025-08-15T06:37:37.683+0000] {spark_submit.py:521} INFO - 25/08/15 06:37:37 INFO TaskSchedulerImpl: Removed TaskSet 7.0 whose tasks have all completed, from pool
[2025-08-15T06:37:37.684+0000] {spark_submit.py:521} INFO - 25/08/15 06:37:37 INFO DAGScheduler: ResultStage 7 (toPandas at /opt/spark-jobs/load/upload_jobs_to_dwh.py:35) finished in 1082 ms
[2025-08-15T06:37:37.685+0000] {spark_submit.py:521} INFO - 25/08/15 06:37:37 INFO DAGScheduler: Job 7 is finished. Cancelling potential speculative or zombie tasks for this job
[2025-08-15T06:37:37.686+0000] {spark_submit.py:521} INFO - 25/08/15 06:37:37 INFO TaskSchedulerImpl: Canceling stage 7
[2025-08-15T06:37:37.687+0000] {spark_submit.py:521} INFO - 25/08/15 06:37:37 INFO TaskSchedulerImpl: Killing all running tasks in stage 7: Stage finished
[2025-08-15T06:37:37.689+0000] {spark_submit.py:521} INFO - 25/08/15 06:37:37 INFO DAGScheduler: Job 7 finished: toPandas at /opt/spark-jobs/load/upload_jobs_to_dwh.py:35, took 1087.456968 ms
[2025-08-15T06:37:38.446+0000] {spark_submit.py:521} INFO - dim_workform loaded successfully!
[2025-08-15T06:37:39.136+0000] {spark_submit.py:521} INFO - 25/08/15 06:37:39 INFO InMemoryFileIndex: It took 233 ms to list leaf files for 1 paths.
[2025-08-15T06:37:39.167+0000] {spark_submit.py:521} INFO - 25/08/15 06:37:39 INFO SparkContext: Starting job: parquet at NativeMethodAccessorImpl.java:0
[2025-08-15T06:37:39.169+0000] {spark_submit.py:521} INFO - 25/08/15 06:37:39 INFO DAGScheduler: Got job 8 (parquet at NativeMethodAccessorImpl.java:0) with 1 output partitions
[2025-08-15T06:37:39.170+0000] {spark_submit.py:521} INFO - 25/08/15 06:37:39 INFO DAGScheduler: Final stage: ResultStage 8 (parquet at NativeMethodAccessorImpl.java:0)
[2025-08-15T06:37:39.170+0000] {spark_submit.py:521} INFO - 25/08/15 06:37:39 INFO DAGScheduler: Parents of final stage: List()
[2025-08-15T06:37:39.171+0000] {spark_submit.py:521} INFO - 25/08/15 06:37:39 INFO DAGScheduler: Missing parents: List()
[2025-08-15T06:37:39.171+0000] {spark_submit.py:521} INFO - 25/08/15 06:37:39 INFO DAGScheduler: Submitting ResultStage 8 (MapPartitionsRDD[25] at parquet at NativeMethodAccessorImpl.java:0), which has no missing parents
[2025-08-15T06:37:39.178+0000] {spark_submit.py:521} INFO - 25/08/15 06:37:39 INFO MemoryStore: Block broadcast_12 stored as values in memory (estimated size 116.0 KiB, free 433.3 MiB)
[2025-08-15T06:37:39.188+0000] {spark_submit.py:521} INFO - 25/08/15 06:37:39 INFO MemoryStore: Block broadcast_12_piece0 stored as bytes in memory (estimated size 41.7 KiB, free 433.2 MiB)
[2025-08-15T06:37:39.194+0000] {spark_submit.py:521} INFO - 25/08/15 06:37:39 INFO SparkContext: Created broadcast 12 from broadcast at DAGScheduler.scala:1676
[2025-08-15T06:37:39.196+0000] {spark_submit.py:521} INFO - 25/08/15 06:37:39 INFO DAGScheduler: Submitting 1 missing tasks from ResultStage 8 (MapPartitionsRDD[25] at parquet at NativeMethodAccessorImpl.java:0) (first 15 tasks are for partitions Vector(0))
[2025-08-15T06:37:39.196+0000] {spark_submit.py:521} INFO - 25/08/15 06:37:39 INFO TaskSchedulerImpl: Adding task set 8.0 with 1 tasks resource profile 0
[2025-08-15T06:37:39.198+0000] {spark_submit.py:521} INFO - 25/08/15 06:37:39 INFO TaskSetManager: Starting task 0.0 in stage 8.0 (TID 8) (172.18.0.2,executor 0, partition 0, PROCESS_LOCAL, 10075 bytes)
[2025-08-15T06:37:39.677+0000] {spark_submit.py:521} INFO - 25/08/15 06:37:39 INFO TaskSetManager: Finished task 0.0 in stage 8.0 (TID 8) in 479 ms on 172.18.0.2 (executor 0) (1/1)
[2025-08-15T06:37:39.679+0000] {spark_submit.py:521} INFO - 25/08/15 06:37:39 INFO TaskSchedulerImpl: Removed TaskSet 8.0 whose tasks have all completed, from pool
[2025-08-15T06:37:39.680+0000] {spark_submit.py:521} INFO - 25/08/15 06:37:39 INFO DAGScheduler: ResultStage 8 (parquet at NativeMethodAccessorImpl.java:0) finished in 506 ms
[2025-08-15T06:37:39.680+0000] {spark_submit.py:521} INFO - 25/08/15 06:37:39 INFO DAGScheduler: Job 8 is finished. Cancelling potential speculative or zombie tasks for this job
[2025-08-15T06:37:39.680+0000] {spark_submit.py:521} INFO - 25/08/15 06:37:39 INFO TaskSchedulerImpl: Canceling stage 8
[2025-08-15T06:37:39.681+0000] {spark_submit.py:521} INFO - 25/08/15 06:37:39 INFO TaskSchedulerImpl: Killing all running tasks in stage 8: Stage finished
[2025-08-15T06:37:39.681+0000] {spark_submit.py:521} INFO - 25/08/15 06:37:39 INFO DAGScheduler: Job 8 finished: parquet at NativeMethodAccessorImpl.java:0, took 510.683213 ms
[2025-08-15T06:37:39.691+0000] {spark_submit.py:521} INFO - 25/08/15 06:37:39 INFO FileSourceStrategy: Pushed Filters:
[2025-08-15T06:37:39.691+0000] {spark_submit.py:521} INFO - 25/08/15 06:37:39 INFO FileSourceStrategy: Post-Scan Filters: Set()
[2025-08-15T06:37:39.699+0000] {spark_submit.py:521} INFO - 25/08/15 06:37:39 INFO MemoryStore: Block broadcast_13 stored as values in memory (estimated size 217.7 KiB, free 433.0 MiB)
[2025-08-15T06:37:39.714+0000] {spark_submit.py:521} INFO - 25/08/15 06:37:39 INFO MemoryStore: Block broadcast_13_piece0 stored as bytes in memory (estimated size 39.7 KiB, free 433.1 MiB)
[2025-08-15T06:37:39.719+0000] {spark_submit.py:521} INFO - 25/08/15 06:37:39 INFO SparkContext: Created broadcast 13 from toPandas at /opt/spark-jobs/load/upload_jobs_to_dwh.py:35
[2025-08-15T06:37:39.722+0000] {spark_submit.py:521} INFO - 25/08/15 06:37:39 INFO FileSourceScanExec: Planning scan with bin packing, max size: 4194304 bytes, open cost is considered as scanning 4194304 bytes.
[2025-08-15T06:37:39.744+0000] {spark_submit.py:521} INFO - 25/08/15 06:37:39 INFO SparkContext: Starting job: toPandas at /opt/spark-jobs/load/upload_jobs_to_dwh.py:35
[2025-08-15T06:37:39.745+0000] {spark_submit.py:521} INFO - 25/08/15 06:37:39 INFO DAGScheduler: Got job 9 (toPandas at /opt/spark-jobs/load/upload_jobs_to_dwh.py:35) with 1 output partitions
[2025-08-15T06:37:39.746+0000] {spark_submit.py:521} INFO - 25/08/15 06:37:39 INFO DAGScheduler: Final stage: ResultStage 9 (toPandas at /opt/spark-jobs/load/upload_jobs_to_dwh.py:35)
[2025-08-15T06:37:39.747+0000] {spark_submit.py:521} INFO - 25/08/15 06:37:39 INFO DAGScheduler: Parents of final stage: List()
[2025-08-15T06:37:39.747+0000] {spark_submit.py:521} INFO - 25/08/15 06:37:39 INFO DAGScheduler: Missing parents: List()
[2025-08-15T06:37:39.747+0000] {spark_submit.py:521} INFO - 25/08/15 06:37:39 INFO DAGScheduler: Submitting ResultStage 9 (MapPartitionsRDD[29] at toPandas at /opt/spark-jobs/load/upload_jobs_to_dwh.py:35), which has no missing parents
[2025-08-15T06:37:39.750+0000] {spark_submit.py:521} INFO - 25/08/15 06:37:39 INFO MemoryStore: Block broadcast_14 stored as values in memory (estimated size 15.6 KiB, free 433.1 MiB)
[2025-08-15T06:37:39.754+0000] {spark_submit.py:521} INFO - 25/08/15 06:37:39 INFO MemoryStore: Block broadcast_14_piece0 stored as bytes in memory (estimated size 6.8 KiB, free 433.1 MiB)
[2025-08-15T06:37:39.755+0000] {spark_submit.py:521} INFO - 25/08/15 06:37:39 INFO SparkContext: Created broadcast 14 from broadcast at DAGScheduler.scala:1676
[2025-08-15T06:37:39.756+0000] {spark_submit.py:521} INFO - 25/08/15 06:37:39 INFO DAGScheduler: Submitting 1 missing tasks from ResultStage 9 (MapPartitionsRDD[29] at toPandas at /opt/spark-jobs/load/upload_jobs_to_dwh.py:35) (first 15 tasks are for partitions Vector(0))
[2025-08-15T06:37:39.756+0000] {spark_submit.py:521} INFO - 25/08/15 06:37:39 INFO TaskSchedulerImpl: Adding task set 9.0 with 1 tasks resource profile 0
[2025-08-15T06:37:39.757+0000] {spark_submit.py:521} INFO - 25/08/15 06:37:39 INFO TaskSetManager: Starting task 0.0 in stage 9.0 (TID 9) (172.18.0.2,executor 0, partition 0, PROCESS_LOCAL, 10516 bytes)
[2025-08-15T06:37:40.880+0000] {spark_submit.py:521} INFO - 25/08/15 06:37:40 INFO TaskSetManager: Finished task 0.0 in stage 9.0 (TID 9) in 1123 ms on 172.18.0.2 (executor 0) (1/1)
[2025-08-15T06:37:40.882+0000] {spark_submit.py:521} INFO - 25/08/15 06:37:40 INFO TaskSchedulerImpl: Removed TaskSet 9.0 whose tasks have all completed, from pool
[2025-08-15T06:37:40.882+0000] {spark_submit.py:521} INFO - 25/08/15 06:37:40 INFO DAGScheduler: ResultStage 9 (toPandas at /opt/spark-jobs/load/upload_jobs_to_dwh.py:35) finished in 1134 ms
[2025-08-15T06:37:40.883+0000] {spark_submit.py:521} INFO - 25/08/15 06:37:40 INFO DAGScheduler: Job 9 is finished. Cancelling potential speculative or zombie tasks for this job
[2025-08-15T06:37:40.883+0000] {spark_submit.py:521} INFO - 25/08/15 06:37:40 INFO TaskSchedulerImpl: Canceling stage 9
[2025-08-15T06:37:40.883+0000] {spark_submit.py:521} INFO - 25/08/15 06:37:40 INFO TaskSchedulerImpl: Killing all running tasks in stage 9: Stage finished
[2025-08-15T06:37:40.884+0000] {spark_submit.py:521} INFO - 25/08/15 06:37:40 INFO DAGScheduler: Job 9 finished: toPandas at /opt/spark-jobs/load/upload_jobs_to_dwh.py:35, took 1137.662298 ms
[2025-08-15T06:37:41.736+0000] {spark_submit.py:521} INFO - dim_skills loaded successfully!
[2025-08-15T06:37:42.449+0000] {spark_submit.py:521} INFO - 25/08/15 06:37:42 INFO InMemoryFileIndex: It took 184 ms to list leaf files for 1 paths.
[2025-08-15T06:37:42.479+0000] {spark_submit.py:521} INFO - 25/08/15 06:37:42 INFO SparkContext: Starting job: parquet at NativeMethodAccessorImpl.java:0
[2025-08-15T06:37:42.480+0000] {spark_submit.py:521} INFO - 25/08/15 06:37:42 INFO DAGScheduler: Got job 10 (parquet at NativeMethodAccessorImpl.java:0) with 1 output partitions
[2025-08-15T06:37:42.481+0000] {spark_submit.py:521} INFO - 25/08/15 06:37:42 INFO DAGScheduler: Final stage: ResultStage 10 (parquet at NativeMethodAccessorImpl.java:0)
[2025-08-15T06:37:42.482+0000] {spark_submit.py:521} INFO - 25/08/15 06:37:42 INFO DAGScheduler: Parents of final stage: List()
[2025-08-15T06:37:42.482+0000] {spark_submit.py:521} INFO - 25/08/15 06:37:42 INFO DAGScheduler: Missing parents: List()
[2025-08-15T06:37:42.483+0000] {spark_submit.py:521} INFO - 25/08/15 06:37:42 INFO DAGScheduler: Submitting ResultStage 10 (MapPartitionsRDD[31] at parquet at NativeMethodAccessorImpl.java:0), which has no missing parents
[2025-08-15T06:37:42.491+0000] {spark_submit.py:521} INFO - 25/08/15 06:37:42 INFO MemoryStore: Block broadcast_15 stored as values in memory (estimated size 116.0 KiB, free 433.0 MiB)
[2025-08-15T06:37:42.500+0000] {spark_submit.py:521} INFO - 25/08/15 06:37:42 INFO MemoryStore: Block broadcast_15_piece0 stored as bytes in memory (estimated size 41.7 KiB, free 433.0 MiB)
[2025-08-15T06:37:42.501+0000] {spark_submit.py:521} INFO - 25/08/15 06:37:42 INFO SparkContext: Created broadcast 15 from broadcast at DAGScheduler.scala:1676
[2025-08-15T06:37:42.502+0000] {spark_submit.py:521} INFO - 25/08/15 06:37:42 INFO DAGScheduler: Submitting 1 missing tasks from ResultStage 10 (MapPartitionsRDD[31] at parquet at NativeMethodAccessorImpl.java:0) (first 15 tasks are for partitions Vector(0))
[2025-08-15T06:37:42.503+0000] {spark_submit.py:521} INFO - 25/08/15 06:37:42 INFO TaskSchedulerImpl: Adding task set 10.0 with 1 tasks resource profile 0
[2025-08-15T06:37:42.506+0000] {spark_submit.py:521} INFO - 25/08/15 06:37:42 INFO TaskSetManager: Starting task 0.0 in stage 10.0 (TID 10) (172.18.0.2,executor 0, partition 0, PROCESS_LOCAL, 10071 bytes)
[2025-08-15T06:37:42.952+0000] {spark_submit.py:521} INFO - 25/08/15 06:37:42 INFO TaskSetManager: Finished task 0.0 in stage 10.0 (TID 10) in 447 ms on 172.18.0.2 (executor 0) (1/1)
[2025-08-15T06:37:42.953+0000] {spark_submit.py:521} INFO - 25/08/15 06:37:42 INFO TaskSchedulerImpl: Removed TaskSet 10.0 whose tasks have all completed, from pool
[2025-08-15T06:37:42.956+0000] {spark_submit.py:521} INFO - 25/08/15 06:37:42 INFO DAGScheduler: ResultStage 10 (parquet at NativeMethodAccessorImpl.java:0) finished in 471 ms
[2025-08-15T06:37:42.956+0000] {spark_submit.py:521} INFO - 25/08/15 06:37:42 INFO DAGScheduler: Job 10 is finished. Cancelling potential speculative or zombie tasks for this job
[2025-08-15T06:37:42.957+0000] {spark_submit.py:521} INFO - 25/08/15 06:37:42 INFO TaskSchedulerImpl: Canceling stage 10
[2025-08-15T06:37:42.957+0000] {spark_submit.py:521} INFO - 25/08/15 06:37:42 INFO TaskSchedulerImpl: Killing all running tasks in stage 10: Stage finished
[2025-08-15T06:37:42.957+0000] {spark_submit.py:521} INFO - 25/08/15 06:37:42 INFO DAGScheduler: Job 10 finished: parquet at NativeMethodAccessorImpl.java:0, took 474.901025 ms
[2025-08-15T06:37:42.967+0000] {spark_submit.py:521} INFO - 25/08/15 06:37:42 INFO FileSourceStrategy: Pushed Filters:
[2025-08-15T06:37:42.968+0000] {spark_submit.py:521} INFO - 25/08/15 06:37:42 INFO FileSourceStrategy: Post-Scan Filters: Set()
[2025-08-15T06:37:42.993+0000] {spark_submit.py:521} INFO - 25/08/15 06:37:42 INFO CodeGenerator: Code generated in 18.336974 ms
[2025-08-15T06:37:42.996+0000] {spark_submit.py:521} INFO - 25/08/15 06:37:42 INFO MemoryStore: Block broadcast_16 stored as values in memory (estimated size 218.6 KiB, free 433.5 MiB)
[2025-08-15T06:37:43.011+0000] {spark_submit.py:521} INFO - 25/08/15 06:37:43 INFO MemoryStore: Block broadcast_16_piece0 stored as bytes in memory (estimated size 39.9 KiB, free 433.6 MiB)
[2025-08-15T06:37:43.014+0000] {spark_submit.py:521} INFO - 25/08/15 06:37:43 INFO SparkContext: Created broadcast 16 from toPandas at /opt/spark-jobs/load/upload_jobs_to_dwh.py:35
[2025-08-15T06:37:43.016+0000] {spark_submit.py:521} INFO - 25/08/15 06:37:43 INFO FileSourceScanExec: Planning scan with bin packing, max size: 4203556 bytes, open cost is considered as scanning 4194304 bytes.
[2025-08-15T06:37:43.030+0000] {spark_submit.py:521} INFO - 25/08/15 06:37:43 INFO SparkContext: Starting job: toPandas at /opt/spark-jobs/load/upload_jobs_to_dwh.py:35
[2025-08-15T06:37:43.031+0000] {spark_submit.py:521} INFO - 25/08/15 06:37:43 INFO DAGScheduler: Got job 11 (toPandas at /opt/spark-jobs/load/upload_jobs_to_dwh.py:35) with 2 output partitions
[2025-08-15T06:37:43.032+0000] {spark_submit.py:521} INFO - 25/08/15 06:37:43 INFO DAGScheduler: Final stage: ResultStage 11 (toPandas at /opt/spark-jobs/load/upload_jobs_to_dwh.py:35)
[2025-08-15T06:37:43.033+0000] {spark_submit.py:521} INFO - 25/08/15 06:37:43 INFO DAGScheduler: Parents of final stage: List()
[2025-08-15T06:37:43.033+0000] {spark_submit.py:521} INFO - 25/08/15 06:37:43 INFO DAGScheduler: Missing parents: List()
[2025-08-15T06:37:43.034+0000] {spark_submit.py:521} INFO - 25/08/15 06:37:43 INFO DAGScheduler: Submitting ResultStage 11 (MapPartitionsRDD[35] at toPandas at /opt/spark-jobs/load/upload_jobs_to_dwh.py:35), which has no missing parents
[2025-08-15T06:37:43.041+0000] {spark_submit.py:521} INFO - 25/08/15 06:37:43 INFO MemoryStore: Block broadcast_17 stored as values in memory (estimated size 19.7 KiB, free 433.6 MiB)
[2025-08-15T06:37:43.046+0000] {spark_submit.py:521} INFO - 25/08/15 06:37:43 INFO MemoryStore: Block broadcast_17_piece0 stored as bytes in memory (estimated size 7.3 KiB, free 433.6 MiB)
[2025-08-15T06:37:43.074+0000] {spark_submit.py:521} INFO - 25/08/15 06:37:43 INFO SparkContext: Created broadcast 17 from broadcast at DAGScheduler.scala:1676
[2025-08-15T06:37:43.074+0000] {spark_submit.py:521} INFO - 25/08/15 06:37:43 INFO DAGScheduler: Submitting 2 missing tasks from ResultStage 11 (MapPartitionsRDD[35] at toPandas at /opt/spark-jobs/load/upload_jobs_to_dwh.py:35) (first 15 tasks are for partitions Vector(0, 1))
[2025-08-15T06:37:43.075+0000] {spark_submit.py:521} INFO - 25/08/15 06:37:43 INFO TaskSchedulerImpl: Adding task set 11.0 with 2 tasks resource profile 0
[2025-08-15T06:37:43.075+0000] {spark_submit.py:521} INFO - 25/08/15 06:37:43 INFO TaskSetManager: Starting task 0.0 in stage 11.0 (TID 11) (172.18.0.2,executor 0, partition 0, PROCESS_LOCAL, 10512 bytes)
[2025-08-15T06:37:43.076+0000] {spark_submit.py:521} INFO - 25/08/15 06:37:43 INFO TaskSetManager: Starting task 1.0 in stage 11.0 (TID 12) (172.18.0.2,executor 0, partition 1, PROCESS_LOCAL, 10512 bytes)
[2025-08-15T06:37:44.017+0000] {spark_submit.py:521} INFO - 25/08/15 06:37:44 INFO TaskSetManager: Finished task 1.0 in stage 11.0 (TID 12) in 965 ms on 172.18.0.2 (executor 0) (1/2)
[2025-08-15T06:37:44.430+0000] {spark_submit.py:521} INFO - 25/08/15 06:37:44 INFO TaskSetManager: Finished task 0.0 in stage 11.0 (TID 11) in 1379 ms on 172.18.0.2 (executor 0) (2/2)
[2025-08-15T06:37:44.478+0000] {spark_submit.py:521} INFO - 25/08/15 06:37:44 INFO TaskSchedulerImpl: Removed TaskSet 11.0 whose tasks have all completed, from pool
[2025-08-15T06:37:44.478+0000] {spark_submit.py:521} INFO - 25/08/15 06:37:44 INFO DAGScheduler: ResultStage 11 (toPandas at /opt/spark-jobs/load/upload_jobs_to_dwh.py:35) finished in 1396 ms
[2025-08-15T06:37:44.479+0000] {spark_submit.py:521} INFO - 25/08/15 06:37:44 INFO DAGScheduler: Job 11 is finished. Cancelling potential speculative or zombie tasks for this job
[2025-08-15T06:37:44.479+0000] {spark_submit.py:521} INFO - 25/08/15 06:37:44 INFO TaskSchedulerImpl: Canceling stage 11
[2025-08-15T06:37:44.479+0000] {spark_submit.py:521} INFO - 25/08/15 06:37:44 INFO TaskSchedulerImpl: Killing all running tasks in stage 11: Stage finished
[2025-08-15T06:37:44.480+0000] {spark_submit.py:521} INFO - 25/08/15 06:37:44 INFO DAGScheduler: Job 11 finished: toPandas at /opt/spark-jobs/load/upload_jobs_to_dwh.py:35, took 1401.095777 ms
[2025-08-15T06:37:45.288+0000] {spark_submit.py:521} INFO - fact_job loaded successfully!
[2025-08-15T06:37:45.992+0000] {spark_submit.py:521} INFO - 25/08/15 06:37:45 INFO InMemoryFileIndex: It took 229 ms to list leaf files for 1 paths.
[2025-08-15T06:37:46.017+0000] {spark_submit.py:521} INFO - 25/08/15 06:37:46 INFO SparkContext: Starting job: parquet at NativeMethodAccessorImpl.java:0
[2025-08-15T06:37:46.019+0000] {spark_submit.py:521} INFO - 25/08/15 06:37:46 INFO DAGScheduler: Got job 12 (parquet at NativeMethodAccessorImpl.java:0) with 1 output partitions
[2025-08-15T06:37:46.020+0000] {spark_submit.py:521} INFO - 25/08/15 06:37:46 INFO DAGScheduler: Final stage: ResultStage 12 (parquet at NativeMethodAccessorImpl.java:0)
[2025-08-15T06:37:46.021+0000] {spark_submit.py:521} INFO - 25/08/15 06:37:46 INFO DAGScheduler: Parents of final stage: List()
[2025-08-15T06:37:46.023+0000] {spark_submit.py:521} INFO - 25/08/15 06:37:46 INFO DAGScheduler: Missing parents: List()
[2025-08-15T06:37:46.024+0000] {spark_submit.py:521} INFO - 25/08/15 06:37:46 INFO DAGScheduler: Submitting ResultStage 12 (MapPartitionsRDD[37] at parquet at NativeMethodAccessorImpl.java:0), which has no missing parents
[2025-08-15T06:37:46.029+0000] {spark_submit.py:521} INFO - 25/08/15 06:37:46 INFO MemoryStore: Block broadcast_18 stored as values in memory (estimated size 116.0 KiB, free 433.5 MiB)
[2025-08-15T06:37:46.041+0000] {spark_submit.py:521} INFO - 25/08/15 06:37:46 INFO MemoryStore: Block broadcast_18_piece0 stored as bytes in memory (estimated size 41.7 KiB, free 433.5 MiB)
[2025-08-15T06:37:46.043+0000] {spark_submit.py:521} INFO - 25/08/15 06:37:46 INFO SparkContext: Created broadcast 18 from broadcast at DAGScheduler.scala:1676
[2025-08-15T06:37:46.044+0000] {spark_submit.py:521} INFO - 25/08/15 06:37:46 INFO DAGScheduler: Submitting 1 missing tasks from ResultStage 12 (MapPartitionsRDD[37] at parquet at NativeMethodAccessorImpl.java:0) (first 15 tasks are for partitions Vector(0))
[2025-08-15T06:37:46.044+0000] {spark_submit.py:521} INFO - 25/08/15 06:37:46 INFO TaskSchedulerImpl: Adding task set 12.0 with 1 tasks resource profile 0
[2025-08-15T06:37:46.045+0000] {spark_submit.py:521} INFO - 25/08/15 06:37:46 INFO TaskSetManager: Starting task 0.0 in stage 12.0 (TID 13) (172.18.0.2,executor 0, partition 0, PROCESS_LOCAL, 10081 bytes)
[2025-08-15T06:37:46.303+0000] {spark_submit.py:521} INFO - 25/08/15 06:37:46 INFO TaskSetManager: Finished task 0.0 in stage 12.0 (TID 13) in 257 ms on 172.18.0.2 (executor 0) (1/1)
[2025-08-15T06:37:46.304+0000] {spark_submit.py:521} INFO - 25/08/15 06:37:46 INFO TaskSchedulerImpl: Removed TaskSet 12.0 whose tasks have all completed, from pool
[2025-08-15T06:37:46.304+0000] {spark_submit.py:521} INFO - 25/08/15 06:37:46 INFO DAGScheduler: ResultStage 12 (parquet at NativeMethodAccessorImpl.java:0) finished in 282 ms
[2025-08-15T06:37:46.304+0000] {spark_submit.py:521} INFO - 25/08/15 06:37:46 INFO DAGScheduler: Job 12 is finished. Cancelling potential speculative or zombie tasks for this job
[2025-08-15T06:37:46.305+0000] {spark_submit.py:521} INFO - 25/08/15 06:37:46 INFO TaskSchedulerImpl: Canceling stage 12
[2025-08-15T06:37:46.305+0000] {spark_submit.py:521} INFO - 25/08/15 06:37:46 INFO TaskSchedulerImpl: Killing all running tasks in stage 12: Stage finished
[2025-08-15T06:37:46.305+0000] {spark_submit.py:521} INFO - 25/08/15 06:37:46 INFO DAGScheduler: Job 12 finished: parquet at NativeMethodAccessorImpl.java:0, took 286.895184 ms
[2025-08-15T06:37:46.314+0000] {spark_submit.py:521} INFO - 25/08/15 06:37:46 INFO FileSourceStrategy: Pushed Filters:
[2025-08-15T06:37:46.314+0000] {spark_submit.py:521} INFO - 25/08/15 06:37:46 INFO FileSourceStrategy: Post-Scan Filters: Set()
[2025-08-15T06:37:46.326+0000] {spark_submit.py:521} INFO - 25/08/15 06:37:46 INFO CodeGenerator: Code generated in 8.366646 ms
[2025-08-15T06:37:46.329+0000] {spark_submit.py:521} INFO - 25/08/15 06:37:46 INFO MemoryStore: Block broadcast_19 stored as values in memory (estimated size 217.7 KiB, free 433.3 MiB)
[2025-08-15T06:37:46.343+0000] {spark_submit.py:521} INFO - 25/08/15 06:37:46 INFO MemoryStore: Block broadcast_19_piece0 stored as bytes in memory (estimated size 39.7 KiB, free 433.4 MiB)
[2025-08-15T06:37:46.349+0000] {spark_submit.py:521} INFO - 25/08/15 06:37:46 INFO SparkContext: Created broadcast 19 from toPandas at /opt/spark-jobs/load/upload_jobs_to_dwh.py:35
[2025-08-15T06:37:46.351+0000] {spark_submit.py:521} INFO - 25/08/15 06:37:46 INFO FileSourceScanExec: Planning scan with bin packing, max size: 4194304 bytes, open cost is considered as scanning 4194304 bytes.
[2025-08-15T06:37:46.362+0000] {spark_submit.py:521} INFO - 25/08/15 06:37:46 INFO SparkContext: Starting job: toPandas at /opt/spark-jobs/load/upload_jobs_to_dwh.py:35
[2025-08-15T06:37:46.363+0000] {spark_submit.py:521} INFO - 25/08/15 06:37:46 INFO DAGScheduler: Got job 13 (toPandas at /opt/spark-jobs/load/upload_jobs_to_dwh.py:35) with 1 output partitions
[2025-08-15T06:37:46.364+0000] {spark_submit.py:521} INFO - 25/08/15 06:37:46 INFO DAGScheduler: Final stage: ResultStage 13 (toPandas at /opt/spark-jobs/load/upload_jobs_to_dwh.py:35)
[2025-08-15T06:37:46.365+0000] {spark_submit.py:521} INFO - 25/08/15 06:37:46 INFO DAGScheduler: Parents of final stage: List()
[2025-08-15T06:37:46.365+0000] {spark_submit.py:521} INFO - 25/08/15 06:37:46 INFO DAGScheduler: Missing parents: List()
[2025-08-15T06:37:46.365+0000] {spark_submit.py:521} INFO - 25/08/15 06:37:46 INFO DAGScheduler: Submitting ResultStage 13 (MapPartitionsRDD[41] at toPandas at /opt/spark-jobs/load/upload_jobs_to_dwh.py:35), which has no missing parents
[2025-08-15T06:37:46.366+0000] {spark_submit.py:521} INFO - 25/08/15 06:37:46 INFO MemoryStore: Block broadcast_20 stored as values in memory (estimated size 15.5 KiB, free 433.4 MiB)
[2025-08-15T06:37:46.375+0000] {spark_submit.py:521} INFO - 25/08/15 06:37:46 INFO MemoryStore: Block broadcast_20_piece0 stored as bytes in memory (estimated size 6.7 KiB, free 433.4 MiB)
[2025-08-15T06:37:46.380+0000] {spark_submit.py:521} INFO - 25/08/15 06:37:46 INFO SparkContext: Created broadcast 20 from broadcast at DAGScheduler.scala:1676
[2025-08-15T06:37:46.381+0000] {spark_submit.py:521} INFO - 25/08/15 06:37:46 INFO DAGScheduler: Submitting 1 missing tasks from ResultStage 13 (MapPartitionsRDD[41] at toPandas at /opt/spark-jobs/load/upload_jobs_to_dwh.py:35) (first 15 tasks are for partitions Vector(0))
[2025-08-15T06:37:46.382+0000] {spark_submit.py:521} INFO - 25/08/15 06:37:46 INFO TaskSchedulerImpl: Adding task set 13.0 with 1 tasks resource profile 0
[2025-08-15T06:37:46.383+0000] {spark_submit.py:521} INFO - 25/08/15 06:37:46 INFO TaskSetManager: Starting task 0.0 in stage 13.0 (TID 14) (172.18.0.2,executor 0, partition 0, PROCESS_LOCAL, 10522 bytes)
[2025-08-15T06:37:47.537+0000] {spark_submit.py:521} INFO - 25/08/15 06:37:47 INFO TaskSetManager: Finished task 0.0 in stage 13.0 (TID 14) in 1155 ms on 172.18.0.2 (executor 0) (1/1)
[2025-08-15T06:37:47.539+0000] {spark_submit.py:521} INFO - 25/08/15 06:37:47 INFO TaskSchedulerImpl: Removed TaskSet 13.0 whose tasks have all completed, from pool
[2025-08-15T06:37:47.539+0000] {spark_submit.py:521} INFO - 25/08/15 06:37:47 INFO DAGScheduler: ResultStage 13 (toPandas at /opt/spark-jobs/load/upload_jobs_to_dwh.py:35) finished in 1173 ms
[2025-08-15T06:37:47.540+0000] {spark_submit.py:521} INFO - 25/08/15 06:37:47 INFO DAGScheduler: Job 13 is finished. Cancelling potential speculative or zombie tasks for this job
[2025-08-15T06:37:47.540+0000] {spark_submit.py:521} INFO - 25/08/15 06:37:47 INFO TaskSchedulerImpl: Canceling stage 13
[2025-08-15T06:37:47.541+0000] {spark_submit.py:521} INFO - 25/08/15 06:37:47 INFO TaskSchedulerImpl: Killing all running tasks in stage 13: Stage finished
[2025-08-15T06:37:47.541+0000] {spark_submit.py:521} INFO - 25/08/15 06:37:47 INFO DAGScheduler: Job 13 finished: toPandas at /opt/spark-jobs/load/upload_jobs_to_dwh.py:35, took 1176.668523 ms
[2025-08-15T06:37:48.313+0000] {spark_submit.py:521} INFO - fact_jobskill loaded successfully!
[2025-08-15T06:37:48.320+0000] {spark_submit.py:521} INFO - 25/08/15 06:37:48 INFO SparkContext: SparkContext is stopping with exitCode 0 from stop at NativeMethodAccessorImpl.java:0.
[2025-08-15T06:37:48.375+0000] {spark_submit.py:521} INFO - 25/08/15 06:37:48 INFO SparkUI: Stopped Spark web UI at http://37fa492a6efe:4040
[2025-08-15T06:37:48.383+0000] {spark_submit.py:521} INFO - 25/08/15 06:37:48 INFO StandaloneSchedulerBackend: Shutting down all executors
[2025-08-15T06:37:48.384+0000] {spark_submit.py:521} INFO - 25/08/15 06:37:48 INFO StandaloneSchedulerBackend$StandaloneDriverEndpoint: Asking each executor to shut down
[2025-08-15T06:37:48.444+0000] {spark_submit.py:521} INFO - 25/08/15 06:37:48 INFO MapOutputTrackerMasterEndpoint: MapOutputTrackerMasterEndpoint stopped!
[2025-08-15T06:37:48.553+0000] {spark_submit.py:521} INFO - 25/08/15 06:37:48 INFO MemoryStore: MemoryStore cleared
[2025-08-15T06:37:48.559+0000] {spark_submit.py:521} INFO - 25/08/15 06:37:48 INFO BlockManager: BlockManager stopped
[2025-08-15T06:37:48.566+0000] {spark_submit.py:521} INFO - 25/08/15 06:37:48 INFO BlockManagerMaster: BlockManagerMaster stopped
[2025-08-15T06:37:48.581+0000] {spark_submit.py:521} INFO - 25/08/15 06:37:48 INFO OutputCommitCoordinator$OutputCommitCoordinatorEndpoint: OutputCommitCoordinator stopped!
[2025-08-15T06:37:48.655+0000] {spark_submit.py:521} INFO - 25/08/15 06:37:48 INFO SparkContext: Successfully stopped SparkContext
[2025-08-15T06:37:50.079+0000] {spark_submit.py:521} INFO - 25/08/15 06:37:50 INFO ShutdownHookManager: Shutdown hook called
[2025-08-15T06:37:50.080+0000] {spark_submit.py:521} INFO - 25/08/15 06:37:50 INFO ShutdownHookManager: Deleting directory /tmp/spark-437dfc48-0345-44ae-a1db-5566d157bc39
[2025-08-15T06:37:50.091+0000] {spark_submit.py:521} INFO - 25/08/15 06:37:50 INFO ShutdownHookManager: Deleting directory /tmp/spark-d75fad6b-e9cc-4da0-ba23-961d259adc40
[2025-08-15T06:37:50.101+0000] {spark_submit.py:521} INFO - 25/08/15 06:37:50 INFO ShutdownHookManager: Deleting directory /tmp/spark-d75fad6b-e9cc-4da0-ba23-961d259adc40/pyspark-9d3a8ea2-a18e-4c6c-aeff-d0235688c011
[2025-08-15T06:37:50.108+0000] {spark_submit.py:521} INFO - 25/08/15 06:37:50 INFO ShutdownHookManager: Deleting directory /opt/***/artifacts/spark-44b23445-07f8-4133-baea-9330c91a8e0f
[2025-08-15T06:37:50.262+0000] {taskinstance.py:441} INFO - ::group::Post task execution logs
[2025-08-15T06:37:50.642+0000] {taskinstance.py:1206} INFO - Marking task as SUCCESS. dag_id=spark_transform_pipeline, task_id=load_jobs_to_motherduck, run_id=manual__2025-08-15T06:32:48.751255+00:00, execution_date=20250815T063248, start_date=20250815T063654, end_date=20250815T063750
[2025-08-15T06:37:50.827+0000] {local_task_job_runner.py:240} INFO - Task exited with return code 0
[2025-08-15T06:37:51.012+0000] {taskinstance.py:3498} INFO - 0 downstream tasks scheduled from follow-on schedule check
[2025-08-15T06:37:51.017+0000] {local_task_job_runner.py:222} INFO - ::endgroup::
