[2025-08-08T06:51:57.704+0000] {local_task_job_runner.py:120} INFO - ::group::Pre task execution logs
[2025-08-08T06:51:57.762+0000] {taskinstance.py:2076} INFO - Dependencies all met for dep_context=non-requeueable deps ti=<TaskInstance: spark_transform_topcv.submit_spark_job manual__2025-08-08T06:51:49.665641+00:00 [queued]>
[2025-08-08T06:51:57.770+0000] {taskinstance.py:2076} INFO - Dependencies all met for dep_context=requeueable deps ti=<TaskInstance: spark_transform_topcv.submit_spark_job manual__2025-08-08T06:51:49.665641+00:00 [queued]>
[2025-08-08T06:51:57.771+0000] {taskinstance.py:2306} INFO - Starting attempt 1 of 1
[2025-08-08T06:51:57.787+0000] {taskinstance.py:2330} INFO - Executing <Task(SparkSubmitOperator): submit_spark_job> on 2025-08-08 06:51:49.665641+00:00
[2025-08-08T06:51:57.810+0000] {standard_task_runner.py:63} INFO - Started process 2522 to run task
[2025-08-08T06:51:57.819+0000] {standard_task_runner.py:90} INFO - Running: ['***', 'tasks', 'run', 'spark_transform_topcv', 'submit_spark_job', 'manual__2025-08-08T06:51:49.665641+00:00', '--job-id', '134', '--raw', '--subdir', 'DAGS_FOLDER/etl_jobs_dag.py', '--cfg-path', '/tmp/tmp8ir0dc6h']
[2025-08-08T06:51:57.827+0000] {standard_task_runner.py:91} INFO - Job 134: Subtask submit_spark_job
[2025-08-08T06:51:57.942+0000] {task_command.py:426} INFO - Running <TaskInstance: spark_transform_topcv.submit_spark_job manual__2025-08-08T06:51:49.665641+00:00 [running]> on host 0d9cbc3d310d
[2025-08-08T06:51:58.079+0000] {taskinstance.py:2648} INFO - Exporting env vars: AIRFLOW_CTX_DAG_OWNER='***' AIRFLOW_CTX_DAG_ID='spark_transform_topcv' AIRFLOW_CTX_TASK_ID='submit_spark_job' AIRFLOW_CTX_EXECUTION_DATE='2025-08-08T06:51:49.665641+00:00' AIRFLOW_CTX_TRY_NUMBER='1' AIRFLOW_CTX_DAG_RUN_ID='manual__2025-08-08T06:51:49.665641+00:00'
[2025-08-08T06:51:58.081+0000] {taskinstance.py:430} INFO - ::endgroup::
[2025-08-08T06:51:58.123+0000] {base.py:84} INFO - Using connection ID 'spark_default' for task execution.
[2025-08-08T06:51:58.123+0000] {spark_submit.py:351} INFO - Spark-Submit cmd: spark-submit --master spark://spark-master:7077 --jars /opt/custom-jars/hadoop-aws-3.3.6.jar,/opt/custom-jars/aws-java-sdk-bundle-1.12.621.jar --name arrow-spark --verbose --deploy-mode client /opt/spark-jobs/gold_transform.py
[2025-08-08T06:51:59.231+0000] {spark_submit.py:521} INFO - WARNING: Using incubator modules: jdk.incubator.vector
[2025-08-08T06:52:00.521+0000] {spark_submit.py:521} INFO - Parsed arguments:
[2025-08-08T06:52:00.522+0000] {spark_submit.py:521} INFO - master                  spark://spark-master:7077
[2025-08-08T06:52:00.522+0000] {spark_submit.py:521} INFO - remote                  null
[2025-08-08T06:52:00.523+0000] {spark_submit.py:521} INFO - deployMode              client
[2025-08-08T06:52:00.523+0000] {spark_submit.py:521} INFO - executorMemory          null
[2025-08-08T06:52:00.524+0000] {spark_submit.py:521} INFO - executorCores           null
[2025-08-08T06:52:00.524+0000] {spark_submit.py:521} INFO - totalExecutorCores      null
[2025-08-08T06:52:00.524+0000] {spark_submit.py:521} INFO - propertiesFile          null
[2025-08-08T06:52:00.525+0000] {spark_submit.py:521} INFO - driverMemory            null
[2025-08-08T06:52:00.525+0000] {spark_submit.py:521} INFO - driverCores             null
[2025-08-08T06:52:00.525+0000] {spark_submit.py:521} INFO - driverExtraClassPath    null
[2025-08-08T06:52:00.525+0000] {spark_submit.py:521} INFO - driverExtraLibraryPath  null
[2025-08-08T06:52:00.525+0000] {spark_submit.py:521} INFO - driverExtraJavaOptions  null
[2025-08-08T06:52:00.526+0000] {spark_submit.py:521} INFO - supervise               false
[2025-08-08T06:52:00.526+0000] {spark_submit.py:521} INFO - queue                   null
[2025-08-08T06:52:00.526+0000] {spark_submit.py:521} INFO - numExecutors            null
[2025-08-08T06:52:00.526+0000] {spark_submit.py:521} INFO - files                   null
[2025-08-08T06:52:00.527+0000] {spark_submit.py:521} INFO - pyFiles                 null
[2025-08-08T06:52:00.527+0000] {spark_submit.py:521} INFO - archives                null
[2025-08-08T06:52:00.527+0000] {spark_submit.py:521} INFO - mainClass               null
[2025-08-08T06:52:00.527+0000] {spark_submit.py:521} INFO - primaryResource         file:/opt/spark-jobs/gold_transform.py
[2025-08-08T06:52:00.528+0000] {spark_submit.py:521} INFO - name                    arrow-spark
[2025-08-08T06:52:00.528+0000] {spark_submit.py:521} INFO - childArgs               []
[2025-08-08T06:52:00.528+0000] {spark_submit.py:521} INFO - jars                    file:/opt/custom-jars/hadoop-aws-3.3.6.jar,file:/opt/custom-jars/aws-java-sdk-bundle-1.12.621.jar
[2025-08-08T06:52:00.528+0000] {spark_submit.py:521} INFO - packages                null
[2025-08-08T06:52:00.529+0000] {spark_submit.py:521} INFO - packagesExclusions      null
[2025-08-08T06:52:00.529+0000] {spark_submit.py:521} INFO - repositories            null
[2025-08-08T06:52:00.529+0000] {spark_submit.py:521} INFO - verbose                 true
[2025-08-08T06:52:00.529+0000] {spark_submit.py:521} INFO - 
[2025-08-08T06:52:00.530+0000] {spark_submit.py:521} INFO - Spark properties used, including those specified through
[2025-08-08T06:52:00.530+0000] {spark_submit.py:521} INFO - --conf and those from the properties file null:
[2025-08-08T06:52:00.530+0000] {spark_submit.py:521} INFO - 
[2025-08-08T06:52:00.530+0000] {spark_submit.py:521} INFO - 
[2025-08-08T06:52:00.531+0000] {spark_submit.py:521} INFO - 
[2025-08-08T06:52:01.009+0000] {spark_submit.py:521} INFO - 25/08/08 06:52:01 WARN NativeCodeLoader: Unable to load native-hadoop library for your platform... using builtin-java classes where applicable
[2025-08-08T06:52:01.275+0000] {spark_submit.py:521} INFO - Main class:
[2025-08-08T06:52:01.276+0000] {spark_submit.py:521} INFO - org.apache.spark.deploy.PythonRunner
[2025-08-08T06:52:01.277+0000] {spark_submit.py:521} INFO - Arguments:
[2025-08-08T06:52:01.277+0000] {spark_submit.py:521} INFO - file:/opt/spark-jobs/gold_transform.py
[2025-08-08T06:52:01.277+0000] {spark_submit.py:521} INFO - null
[2025-08-08T06:52:01.287+0000] {spark_submit.py:521} INFO - Spark config:
[2025-08-08T06:52:01.288+0000] {spark_submit.py:521} INFO - (spark.app.name,arrow-spark)
[2025-08-08T06:52:01.290+0000] {spark_submit.py:521} INFO - (spark.app.submitTime,1754635921228)
[2025-08-08T06:52:01.290+0000] {spark_submit.py:521} INFO - (spark.jars,file:///opt/custom-jars/hadoop-aws-3.3.6.jar,file:///opt/custom-jars/aws-java-sdk-bundle-1.12.621.jar)
[2025-08-08T06:52:01.291+0000] {spark_submit.py:521} INFO - (spark.master,spark://spark-master:7077)
[2025-08-08T06:52:01.291+0000] {spark_submit.py:521} INFO - (spark.repl.local.jars,file:///opt/custom-jars/hadoop-aws-3.3.6.jar,file:///opt/custom-jars/aws-java-sdk-bundle-1.12.621.jar)
[2025-08-08T06:52:01.292+0000] {spark_submit.py:521} INFO - (spark.submit.deployMode,client)
[2025-08-08T06:52:01.292+0000] {spark_submit.py:521} INFO - (spark.submit.pyFiles,)
[2025-08-08T06:52:01.292+0000] {spark_submit.py:521} INFO - Classpath elements:
[2025-08-08T06:52:01.293+0000] {spark_submit.py:521} INFO - file:///opt/custom-jars/hadoop-aws-3.3.6.jar
[2025-08-08T06:52:01.293+0000] {spark_submit.py:521} INFO - file:///opt/custom-jars/aws-java-sdk-bundle-1.12.621.jar
[2025-08-08T06:52:01.293+0000] {spark_submit.py:521} INFO - 
[2025-08-08T06:52:01.294+0000] {spark_submit.py:521} INFO - 
[2025-08-08T06:52:04.704+0000] {spark_submit.py:521} INFO - Using Spark's default log4j profile: org/apache/spark/log4j2-defaults.properties
[2025-08-08T06:52:04.708+0000] {spark_submit.py:521} INFO - 25/08/08 06:52:04 INFO SparkContext: Running Spark version 4.0.0
[2025-08-08T06:52:04.710+0000] {spark_submit.py:521} INFO - 25/08/08 06:52:04 INFO SparkContext: OS info Linux, 5.15.167.4-microsoft-standard-WSL2, amd64
[2025-08-08T06:52:04.711+0000] {spark_submit.py:521} INFO - 25/08/08 06:52:04 INFO SparkContext: Java version 17.0.15
[2025-08-08T06:52:04.734+0000] {spark_submit.py:521} INFO - 25/08/08 06:52:04 INFO ResourceUtils: ==============================================================
[2025-08-08T06:52:04.735+0000] {spark_submit.py:521} INFO - 25/08/08 06:52:04 INFO ResourceUtils: No custom resources configured for spark.driver.
[2025-08-08T06:52:04.736+0000] {spark_submit.py:521} INFO - 25/08/08 06:52:04 INFO ResourceUtils: ==============================================================
[2025-08-08T06:52:04.736+0000] {spark_submit.py:521} INFO - 25/08/08 06:52:04 INFO SparkContext: Submitted application: arrow-spark
[2025-08-08T06:52:04.762+0000] {spark_submit.py:521} INFO - 25/08/08 06:52:04 INFO ResourceProfile: Default ResourceProfile created, executor resources: Map(memory -> name: memory, amount: 1024, script: , vendor: , offHeap -> name: offHeap, amount: 0, script: , vendor: ), task resources: Map(cpus -> name: cpus, amount: 1.0)
[2025-08-08T06:52:04.764+0000] {spark_submit.py:521} INFO - 25/08/08 06:52:04 INFO ResourceProfile: Limiting resource is cpu
[2025-08-08T06:52:04.765+0000] {spark_submit.py:521} INFO - 25/08/08 06:52:04 INFO ResourceProfileManager: Added ResourceProfile id: 0
[2025-08-08T06:52:04.810+0000] {spark_submit.py:521} INFO - 25/08/08 06:52:04 INFO SecurityManager: Changing view acls to: ***
[2025-08-08T06:52:04.811+0000] {spark_submit.py:521} INFO - 25/08/08 06:52:04 INFO SecurityManager: Changing modify acls to: ***
[2025-08-08T06:52:04.811+0000] {spark_submit.py:521} INFO - 25/08/08 06:52:04 INFO SecurityManager: Changing view acls groups to: ***
[2025-08-08T06:52:04.812+0000] {spark_submit.py:521} INFO - 25/08/08 06:52:04 INFO SecurityManager: Changing modify acls groups to: ***
[2025-08-08T06:52:04.814+0000] {spark_submit.py:521} INFO - 25/08/08 06:52:04 INFO SecurityManager: SecurityManager: authentication disabled; ui acls disabled; users with view permissions: *** groups with view permissions: EMPTY; users with modify permissions: ***; groups with modify permissions: EMPTY; RPC SSL disabled
[2025-08-08T06:52:05.041+0000] {spark_submit.py:521} INFO - 25/08/08 06:52:05 INFO Utils: Successfully started service 'sparkDriver' on port 45613.
[2025-08-08T06:52:05.075+0000] {spark_submit.py:521} INFO - 25/08/08 06:52:05 INFO SparkEnv: Registering MapOutputTracker
[2025-08-08T06:52:05.089+0000] {spark_submit.py:521} INFO - 25/08/08 06:52:05 INFO SparkEnv: Registering BlockManagerMaster
[2025-08-08T06:52:05.106+0000] {spark_submit.py:521} INFO - 25/08/08 06:52:05 INFO BlockManagerMasterEndpoint: Using org.apache.spark.storage.DefaultTopologyMapper for getting topology information
[2025-08-08T06:52:05.106+0000] {spark_submit.py:521} INFO - 25/08/08 06:52:05 INFO BlockManagerMasterEndpoint: BlockManagerMasterEndpoint up
[2025-08-08T06:52:05.110+0000] {spark_submit.py:521} INFO - 25/08/08 06:52:05 INFO SparkEnv: Registering BlockManagerMasterHeartbeat
[2025-08-08T06:52:05.162+0000] {spark_submit.py:521} INFO - 25/08/08 06:52:05 INFO DiskBlockManager: Created local directory at /tmp/blockmgr-f5ec710f-836c-4096-8af9-fbfd3f438652
[2025-08-08T06:52:05.199+0000] {spark_submit.py:521} INFO - 25/08/08 06:52:05 INFO SparkEnv: Registering OutputCommitCoordinator
[2025-08-08T06:52:05.326+0000] {spark_submit.py:521} INFO - 25/08/08 06:52:05 INFO JettyUtils: Start Jetty 0.0.0.0:4040 for SparkUI
[2025-08-08T06:52:05.394+0000] {spark_submit.py:521} INFO - 25/08/08 06:52:05 INFO Utils: Successfully started service 'SparkUI' on port 4040.
[2025-08-08T06:52:05.429+0000] {spark_submit.py:521} INFO - 25/08/08 06:52:05 INFO SparkContext: Added JAR file:///opt/custom-jars/hadoop-aws-3.3.6.jar at spark://0d9cbc3d310d:45613/jars/hadoop-aws-3.3.6.jar with timestamp 1754635924697
[2025-08-08T06:52:05.430+0000] {spark_submit.py:521} INFO - 25/08/08 06:52:05 INFO SparkContext: Added JAR file:///opt/custom-jars/aws-java-sdk-bundle-1.12.621.jar at spark://0d9cbc3d310d:45613/jars/aws-java-sdk-bundle-1.12.621.jar with timestamp 1754635924697
[2025-08-08T06:52:05.457+0000] {spark_submit.py:521} INFO - 25/08/08 06:52:05 INFO SecurityManager: Changing view acls to: ***
[2025-08-08T06:52:05.458+0000] {spark_submit.py:521} INFO - 25/08/08 06:52:05 INFO SecurityManager: Changing modify acls to: ***
[2025-08-08T06:52:05.458+0000] {spark_submit.py:521} INFO - 25/08/08 06:52:05 INFO SecurityManager: Changing view acls groups to: ***
[2025-08-08T06:52:05.459+0000] {spark_submit.py:521} INFO - 25/08/08 06:52:05 INFO SecurityManager: Changing modify acls groups to: ***
[2025-08-08T06:52:05.459+0000] {spark_submit.py:521} INFO - 25/08/08 06:52:05 INFO SecurityManager: SecurityManager: authentication disabled; ui acls disabled; users with view permissions: *** groups with view permissions: EMPTY; users with modify permissions: ***; groups with modify permissions: EMPTY; RPC SSL disabled
[2025-08-08T06:52:05.630+0000] {spark_submit.py:521} INFO - 25/08/08 06:52:05 INFO StandaloneAppClient$ClientEndpoint: Connecting to master spark://spark-master:7077...
[2025-08-08T06:52:05.674+0000] {spark_submit.py:521} INFO - 25/08/08 06:52:05 INFO TransportClientFactory: Successfully created connection to spark-master/172.19.0.3:7077 after 23 ms (0 ms spent in bootstraps)
[2025-08-08T06:52:06.544+0000] {spark_submit.py:521} INFO - 25/08/08 06:52:06 INFO StandaloneSchedulerBackend: Connected to Spark cluster with app ID app-20250808065206-0003
[2025-08-08T06:52:06.579+0000] {spark_submit.py:521} INFO - 25/08/08 06:52:06 INFO Utils: Successfully started service 'org.apache.spark.network.netty.NettyBlockTransferService' on port 38271.
[2025-08-08T06:52:06.580+0000] {spark_submit.py:521} INFO - 25/08/08 06:52:06 INFO NettyBlockTransferService: Server created on 0d9cbc3d310d:38271
[2025-08-08T06:52:06.584+0000] {spark_submit.py:521} INFO - 25/08/08 06:52:06 INFO BlockManager: Using org.apache.spark.storage.RandomBlockReplicationPolicy for block replication policy
[2025-08-08T06:52:06.610+0000] {spark_submit.py:521} INFO - 25/08/08 06:52:06 INFO StandaloneAppClient$ClientEndpoint: Executor added: app-20250808065206-0003/0 on worker-20250808020544-172.19.0.6-41849 (172.19.0.6:41849) with 2 core(s)
[2025-08-08T06:52:06.618+0000] {spark_submit.py:521} INFO - 25/08/08 06:52:06 INFO StandaloneSchedulerBackend: Granted executor ID app-20250808065206-0003/0 on hostPort 172.19.0.6:41849 with 2 core(s), 1024.0 MiB RAM
[2025-08-08T06:52:06.625+0000] {spark_submit.py:521} INFO - 25/08/08 06:52:06 INFO BlockManagerMaster: Registering BlockManager BlockManagerId(driver, 0d9cbc3d310d, 38271, None)
[2025-08-08T06:52:06.631+0000] {spark_submit.py:521} INFO - 25/08/08 06:52:06 INFO BlockManagerMasterEndpoint: Registering block manager 0d9cbc3d310d:38271 with 434.4 MiB RAM, BlockManagerId(driver, 0d9cbc3d310d, 38271, None)
[2025-08-08T06:52:06.635+0000] {spark_submit.py:521} INFO - 25/08/08 06:52:06 INFO BlockManagerMaster: Registered BlockManager BlockManagerId(driver, 0d9cbc3d310d, 38271, None)
[2025-08-08T06:52:06.636+0000] {spark_submit.py:521} INFO - 25/08/08 06:52:06 INFO BlockManager: Initialized BlockManager: BlockManagerId(driver, 0d9cbc3d310d, 38271, None)
[2025-08-08T06:52:07.026+0000] {spark_submit.py:521} INFO - 25/08/08 06:52:07 INFO StandaloneSchedulerBackend: SchedulerBackend is ready for scheduling beginning after reached minRegisteredResourcesRatio: 0.0
[2025-08-08T06:52:09.130+0000] {spark_submit.py:521} INFO - 25/08/08 06:52:09 INFO StandaloneAppClient$ClientEndpoint: Executor updated: app-20250808065206-0003/0 is now RUNNING
[2025-08-08T06:52:11.110+0000] {spark_submit.py:521} INFO - 25/08/08 06:52:11 INFO SharedState: Setting hive.metastore.warehouse.dir ('null') to the value of spark.sql.warehouse.dir.
[2025-08-08T06:52:11.111+0000] {spark_submit.py:521} INFO - 25/08/08 06:52:11 INFO SharedState: Warehouse path is 'file:/opt/***/spark-warehouse'.
[2025-08-08T06:52:12.213+0000] {spark_submit.py:521} INFO - 25/08/08 06:52:12 INFO InMemoryFileIndex: It took 59 ms to list leaf files for 1 paths.
[2025-08-08T06:52:12.462+0000] {spark_submit.py:521} INFO - 25/08/08 06:52:12 INFO SparkContext: Starting job: parquet at NativeMethodAccessorImpl.java:0
[2025-08-08T06:52:12.481+0000] {spark_submit.py:521} INFO - 25/08/08 06:52:12 INFO DAGScheduler: Got job 0 (parquet at NativeMethodAccessorImpl.java:0) with 1 output partitions
[2025-08-08T06:52:12.485+0000] {spark_submit.py:521} INFO - 25/08/08 06:52:12 INFO DAGScheduler: Final stage: ResultStage 0 (parquet at NativeMethodAccessorImpl.java:0)
[2025-08-08T06:52:12.486+0000] {spark_submit.py:521} INFO - 25/08/08 06:52:12 INFO DAGScheduler: Parents of final stage: List()
[2025-08-08T06:52:12.491+0000] {spark_submit.py:521} INFO - 25/08/08 06:52:12 INFO DAGScheduler: Missing parents: List()
[2025-08-08T06:52:12.496+0000] {spark_submit.py:521} INFO - 25/08/08 06:52:12 INFO DAGScheduler: Submitting ResultStage 0 (MapPartitionsRDD[1] at parquet at NativeMethodAccessorImpl.java:0), which has no missing parents
[2025-08-08T06:52:13.095+0000] {spark_submit.py:521} INFO - 25/08/08 06:52:13 INFO MemoryStore: MemoryStore started with capacity 434.4 MiB
[2025-08-08T06:52:13.110+0000] {spark_submit.py:521} INFO - 25/08/08 06:52:13 INFO MemoryStore: Block broadcast_0 stored as values in memory (estimated size 115.0 KiB, free 434.3 MiB)
[2025-08-08T06:52:13.181+0000] {spark_submit.py:521} INFO - 25/08/08 06:52:13 INFO MemoryStore: Block broadcast_0_piece0 stored as bytes in memory (estimated size 41.4 KiB, free 434.2 MiB)
[2025-08-08T06:52:13.192+0000] {spark_submit.py:521} INFO - 25/08/08 06:52:13 INFO SparkContext: Created broadcast 0 from broadcast at DAGScheduler.scala:1676
[2025-08-08T06:52:13.225+0000] {spark_submit.py:521} INFO - 25/08/08 06:52:13 INFO DAGScheduler: Submitting 1 missing tasks from ResultStage 0 (MapPartitionsRDD[1] at parquet at NativeMethodAccessorImpl.java:0) (first 15 tasks are for partitions Vector(0))
[2025-08-08T06:52:13.242+0000] {spark_submit.py:521} INFO - 25/08/08 06:52:13 INFO TaskSchedulerImpl: Adding task set 0.0 with 1 tasks resource profile 0
[2025-08-08T06:52:15.046+0000] {spark_submit.py:521} INFO - 25/08/08 06:52:15 INFO StandaloneSchedulerBackend$StandaloneDriverEndpoint: Registered executor NettyRpcEndpointRef(spark-client://Executor) (172.19.0.6:42438) with ID 0, ResourceProfileId 0
[2025-08-08T06:52:15.360+0000] {spark_submit.py:521} INFO - 25/08/08 06:52:15 INFO BlockManagerMasterEndpoint: Registering block manager 172.19.0.6:43581 with 434.4 MiB RAM, BlockManagerId(0, 172.19.0.6, 43581, None)
[2025-08-08T06:52:31.818+0000] {spark_submit.py:521} INFO - 25/08/08 06:52:31 INFO TaskSetManager: Starting task 0.0 in stage 0.0 (TID 0) (172.19.0.6,executor 0, partition 0, PROCESS_LOCAL, 10245 bytes)
[2025-08-08T06:52:33.474+0000] {spark_submit.py:521} INFO - 25/08/08 06:52:33 WARN TaskSetManager: Lost task 0.0 in stage 0.0 (TID 0) (172.19.0.6 executor 0): org.apache.spark.SparkException: Exception thrown in awaitResult:
[2025-08-08T06:52:33.475+0000] {spark_submit.py:521} INFO - at org.apache.spark.util.SparkThreadUtils$.awaitResult(SparkThreadUtils.scala:53)
[2025-08-08T06:52:33.475+0000] {spark_submit.py:521} INFO - at org.apache.spark.util.ThreadUtils$.awaitResult(ThreadUtils.scala:342)
[2025-08-08T06:52:33.475+0000] {spark_submit.py:521} INFO - at org.apache.spark.util.ThreadUtils$.parmap(ThreadUtils.scala:419)
[2025-08-08T06:52:33.475+0000] {spark_submit.py:521} INFO - at org.apache.spark.sql.execution.datasources.parquet.ParquetFileFormat$.readParquetFootersInParallel(ParquetFileFormat.scala:444)
[2025-08-08T06:52:33.476+0000] {spark_submit.py:521} INFO - at org.apache.spark.sql.execution.datasources.parquet.ParquetFileFormat$.$anonfun$mergeSchemasInParallel$1(ParquetFileFormat.scala:494)
[2025-08-08T06:52:33.476+0000] {spark_submit.py:521} INFO - at org.apache.spark.sql.execution.datasources.parquet.ParquetFileFormat$.$anonfun$mergeSchemasInParallel$1$adapted(ParquetFileFormat.scala:486)
[2025-08-08T06:52:33.476+0000] {spark_submit.py:521} INFO - at org.apache.spark.sql.execution.datasources.SchemaMergeUtils$.$anonfun$mergeSchemasInParallel$2(SchemaMergeUtils.scala:80)
[2025-08-08T06:52:33.476+0000] {spark_submit.py:521} INFO - at org.apache.spark.rdd.RDD.$anonfun$mapPartitions$2(RDD.scala:866)
[2025-08-08T06:52:33.476+0000] {spark_submit.py:521} INFO - at org.apache.spark.rdd.RDD.$anonfun$mapPartitions$2$adapted(RDD.scala:866)
[2025-08-08T06:52:33.477+0000] {spark_submit.py:521} INFO - at org.apache.spark.rdd.MapPartitionsRDD.compute(MapPartitionsRDD.scala:52)
[2025-08-08T06:52:33.477+0000] {spark_submit.py:521} INFO - at org.apache.spark.rdd.RDD.computeOrReadCheckpoint(RDD.scala:374)
[2025-08-08T06:52:33.477+0000] {spark_submit.py:521} INFO - at org.apache.spark.rdd.RDD.iterator(RDD.scala:338)
[2025-08-08T06:52:33.478+0000] {spark_submit.py:521} INFO - at org.apache.spark.scheduler.ResultTask.runTask(ResultTask.scala:93)
[2025-08-08T06:52:33.478+0000] {spark_submit.py:521} INFO - at org.apache.spark.TaskContext.runTaskWithListeners(TaskContext.scala:171)
[2025-08-08T06:52:33.478+0000] {spark_submit.py:521} INFO - at org.apache.spark.scheduler.Task.run(Task.scala:147)
[2025-08-08T06:52:33.478+0000] {spark_submit.py:521} INFO - at org.apache.spark.executor.Executor$TaskRunner.$anonfun$run$5(Executor.scala:647)
[2025-08-08T06:52:33.479+0000] {spark_submit.py:521} INFO - at org.apache.spark.util.SparkErrorUtils.tryWithSafeFinally(SparkErrorUtils.scala:80)
[2025-08-08T06:52:33.479+0000] {spark_submit.py:521} INFO - at org.apache.spark.util.SparkErrorUtils.tryWithSafeFinally$(SparkErrorUtils.scala:77)
[2025-08-08T06:52:33.479+0000] {spark_submit.py:521} INFO - at org.apache.spark.util.Utils$.tryWithSafeFinally(Utils.scala:99)
[2025-08-08T06:52:33.479+0000] {spark_submit.py:521} INFO - at org.apache.spark.executor.Executor$TaskRunner.run(Executor.scala:650)
[2025-08-08T06:52:33.480+0000] {spark_submit.py:521} INFO - at java.base/java.util.concurrent.ThreadPoolExecutor.runWorker(Unknown Source)
[2025-08-08T06:52:33.480+0000] {spark_submit.py:521} INFO - at java.base/java.util.concurrent.ThreadPoolExecutor$Worker.run(Unknown Source)
[2025-08-08T06:52:33.480+0000] {spark_submit.py:521} INFO - at java.base/java.lang.Thread.run(Unknown Source)
[2025-08-08T06:52:33.480+0000] {spark_submit.py:521} INFO - Caused by: java.io.FileNotFoundException: File file:/opt/data/bronze/topcv/topcv_jobs.parquet/xl.meta does not exist
[2025-08-08T06:52:33.481+0000] {spark_submit.py:521} INFO - at org.apache.hadoop.fs.RawLocalFileSystem.deprecatedGetFileStatus(RawLocalFileSystem.java:917)
[2025-08-08T06:52:33.481+0000] {spark_submit.py:521} INFO - at org.apache.hadoop.fs.RawLocalFileSystem.getFileLinkStatusInternal(RawLocalFileSystem.java:1238)
[2025-08-08T06:52:33.481+0000] {spark_submit.py:521} INFO - at org.apache.hadoop.fs.RawLocalFileSystem.getFileStatus(RawLocalFileSystem.java:907)
[2025-08-08T06:52:33.482+0000] {spark_submit.py:521} INFO - at org.apache.hadoop.fs.FilterFileSystem.getFileStatus(FilterFileSystem.java:462)
[2025-08-08T06:52:33.482+0000] {spark_submit.py:521} INFO - at org.apache.hadoop.fs.ChecksumFileSystem$ChecksumFSInputChecker.<init>(ChecksumFileSystem.java:189)
[2025-08-08T06:52:33.482+0000] {spark_submit.py:521} INFO - at org.apache.hadoop.fs.ChecksumFileSystem.open(ChecksumFileSystem.java:572)
[2025-08-08T06:52:33.482+0000] {spark_submit.py:521} INFO - at org.apache.hadoop.fs.FileSystem.open(FileSystem.java:997)
[2025-08-08T06:52:33.483+0000] {spark_submit.py:521} INFO - at org.apache.parquet.hadoop.util.HadoopInputFile.newStream(HadoopInputFile.java:75)
[2025-08-08T06:52:33.483+0000] {spark_submit.py:521} INFO - at org.apache.parquet.hadoop.ParquetFileReader.<init>(ParquetFileReader.java:925)
[2025-08-08T06:52:33.483+0000] {spark_submit.py:521} INFO - at org.apache.parquet.hadoop.ParquetFileReader.open(ParquetFileReader.java:710)
[2025-08-08T06:52:33.483+0000] {spark_submit.py:521} INFO - at org.apache.spark.sql.execution.datasources.parquet.ParquetFooterReader.readFooter(ParquetFooterReader.java:85)
[2025-08-08T06:52:33.484+0000] {spark_submit.py:521} INFO - at org.apache.spark.sql.execution.datasources.parquet.ParquetFooterReader.readFooter(ParquetFooterReader.java:76)
[2025-08-08T06:52:33.484+0000] {spark_submit.py:521} INFO - at org.apache.spark.sql.execution.datasources.parquet.ParquetFileFormat$.$anonfun$readParquetFootersInParallel$1(ParquetFileFormat.scala:451)
[2025-08-08T06:52:33.484+0000] {spark_submit.py:521} INFO - at org.apache.spark.util.ThreadUtils$.$anonfun$parmap$2(ThreadUtils.scala:416)
[2025-08-08T06:52:33.485+0000] {spark_submit.py:521} INFO - at scala.concurrent.Future$.$anonfun$apply$1(Future.scala:687)
[2025-08-08T06:52:33.485+0000] {spark_submit.py:521} INFO - at scala.concurrent.impl.Promise$Transformation.run(Promise.scala:467)
[2025-08-08T06:52:33.485+0000] {spark_submit.py:521} INFO - at java.base/java.util.concurrent.ForkJoinTask$RunnableExecuteAction.exec(Unknown Source)
[2025-08-08T06:52:33.486+0000] {spark_submit.py:521} INFO - at java.base/java.util.concurrent.ForkJoinTask.doExec(Unknown Source)
[2025-08-08T06:52:33.486+0000] {spark_submit.py:521} INFO - at java.base/java.util.concurrent.ForkJoinPool$WorkQueue.topLevelExec(Unknown Source)
[2025-08-08T06:52:33.486+0000] {spark_submit.py:521} INFO - at java.base/java.util.concurrent.ForkJoinPool.scan(Unknown Source)
[2025-08-08T06:52:33.486+0000] {spark_submit.py:521} INFO - at java.base/java.util.concurrent.ForkJoinPool.runWorker(Unknown Source)
[2025-08-08T06:52:33.487+0000] {spark_submit.py:521} INFO - at java.base/java.util.concurrent.ForkJoinWorkerThread.run(Unknown Source)
[2025-08-08T06:52:33.487+0000] {spark_submit.py:521} INFO - 
[2025-08-08T06:52:33.487+0000] {spark_submit.py:521} INFO - 25/08/08 06:52:33 INFO TaskSetManager: Starting task 0.1 in stage 0.0 (TID 1) (172.19.0.6,executor 0, partition 0, PROCESS_LOCAL, 10245 bytes)
[2025-08-08T06:52:33.508+0000] {spark_submit.py:521} INFO - 25/08/08 06:52:33 INFO TaskSetManager: Lost task 0.1 in stage 0.0 (TID 1) on 172.19.0.6, executor 0: org.apache.spark.SparkException (Exception thrown in awaitResult: ) [duplicate 1]
[2025-08-08T06:52:33.509+0000] {spark_submit.py:521} INFO - 25/08/08 06:52:33 INFO TaskSetManager: Starting task 0.2 in stage 0.0 (TID 2) (172.19.0.6,executor 0, partition 0, PROCESS_LOCAL, 10245 bytes)
[2025-08-08T06:52:33.527+0000] {spark_submit.py:521} INFO - 25/08/08 06:52:33 INFO TaskSetManager: Lost task 0.2 in stage 0.0 (TID 2) on 172.19.0.6, executor 0: org.apache.spark.SparkException (Exception thrown in awaitResult: ) [duplicate 2]
[2025-08-08T06:52:33.528+0000] {spark_submit.py:521} INFO - 25/08/08 06:52:33 INFO TaskSetManager: Starting task 0.3 in stage 0.0 (TID 3) (172.19.0.6,executor 0, partition 0, PROCESS_LOCAL, 10245 bytes)
[2025-08-08T06:52:33.548+0000] {spark_submit.py:521} INFO - 25/08/08 06:52:33 INFO TaskSetManager: Lost task 0.3 in stage 0.0 (TID 3) on 172.19.0.6, executor 0: org.apache.spark.SparkException (Exception thrown in awaitResult: ) [duplicate 3]
[2025-08-08T06:52:33.551+0000] {spark_submit.py:521} INFO - 25/08/08 06:52:33 ERROR TaskSetManager: Task 0 in stage 0.0 failed 4 times; aborting job
[2025-08-08T06:52:33.553+0000] {spark_submit.py:521} INFO - 25/08/08 06:52:33 INFO TaskSchedulerImpl: Removed TaskSet 0.0 whose tasks have all completed, from pool
[2025-08-08T06:52:33.556+0000] {spark_submit.py:521} INFO - 25/08/08 06:52:33 INFO TaskSchedulerImpl: Canceling stage 0
[2025-08-08T06:52:33.556+0000] {spark_submit.py:521} INFO - 25/08/08 06:52:33 INFO TaskSchedulerImpl: Killing all running tasks in stage 0: Job aborted due to stage failure: Task 0 in stage 0.0 failed 4 times, most recent failure: Lost task 0.3 in stage 0.0 (TID 3) (172.19.0.6 executor 0): org.apache.spark.SparkException: Exception thrown in awaitResult:
[2025-08-08T06:52:33.557+0000] {spark_submit.py:521} INFO - at org.apache.spark.util.SparkThreadUtils$.awaitResult(SparkThreadUtils.scala:53)
[2025-08-08T06:52:33.557+0000] {spark_submit.py:521} INFO - at org.apache.spark.util.ThreadUtils$.awaitResult(ThreadUtils.scala:342)
[2025-08-08T06:52:33.557+0000] {spark_submit.py:521} INFO - at org.apache.spark.util.ThreadUtils$.parmap(ThreadUtils.scala:419)
[2025-08-08T06:52:33.557+0000] {spark_submit.py:521} INFO - at org.apache.spark.sql.execution.datasources.parquet.ParquetFileFormat$.readParquetFootersInParallel(ParquetFileFormat.scala:444)
[2025-08-08T06:52:33.558+0000] {spark_submit.py:521} INFO - at org.apache.spark.sql.execution.datasources.parquet.ParquetFileFormat$.$anonfun$mergeSchemasInParallel$1(ParquetFileFormat.scala:494)
[2025-08-08T06:52:33.558+0000] {spark_submit.py:521} INFO - at org.apache.spark.sql.execution.datasources.parquet.ParquetFileFormat$.$anonfun$mergeSchemasInParallel$1$adapted(ParquetFileFormat.scala:486)
[2025-08-08T06:52:33.558+0000] {spark_submit.py:521} INFO - at org.apache.spark.sql.execution.datasources.SchemaMergeUtils$.$anonfun$mergeSchemasInParallel$2(SchemaMergeUtils.scala:80)
[2025-08-08T06:52:33.558+0000] {spark_submit.py:521} INFO - at org.apache.spark.rdd.RDD.$anonfun$mapPartitions$2(RDD.scala:866)
[2025-08-08T06:52:33.559+0000] {spark_submit.py:521} INFO - at org.apache.spark.rdd.RDD.$anonfun$mapPartitions$2$adapted(RDD.scala:866)
[2025-08-08T06:52:33.559+0000] {spark_submit.py:521} INFO - at org.apache.spark.rdd.MapPartitionsRDD.compute(MapPartitionsRDD.scala:52)
[2025-08-08T06:52:33.559+0000] {spark_submit.py:521} INFO - at org.apache.spark.rdd.RDD.computeOrReadCheckpoint(RDD.scala:374)
[2025-08-08T06:52:33.559+0000] {spark_submit.py:521} INFO - at org.apache.spark.rdd.RDD.iterator(RDD.scala:338)
[2025-08-08T06:52:33.560+0000] {spark_submit.py:521} INFO - at org.apache.spark.scheduler.ResultTask.runTask(ResultTask.scala:93)
[2025-08-08T06:52:33.560+0000] {spark_submit.py:521} INFO - at org.apache.spark.TaskContext.runTaskWithListeners(TaskContext.scala:171)
[2025-08-08T06:52:33.560+0000] {spark_submit.py:521} INFO - at org.apache.spark.scheduler.Task.run(Task.scala:147)
[2025-08-08T06:52:33.561+0000] {spark_submit.py:521} INFO - at org.apache.spark.executor.Executor$TaskRunner.$anonfun$run$5(Executor.scala:647)
[2025-08-08T06:52:33.561+0000] {spark_submit.py:521} INFO - at org.apache.spark.util.SparkErrorUtils.tryWithSafeFinally(SparkErrorUtils.scala:80)
[2025-08-08T06:52:33.561+0000] {spark_submit.py:521} INFO - at org.apache.spark.util.SparkErrorUtils.tryWithSafeFinally$(SparkErrorUtils.scala:77)
[2025-08-08T06:52:33.561+0000] {spark_submit.py:521} INFO - at org.apache.spark.util.Utils$.tryWithSafeFinally(Utils.scala:99)
[2025-08-08T06:52:33.561+0000] {spark_submit.py:521} INFO - at org.apache.spark.executor.Executor$TaskRunner.run(Executor.scala:650)
[2025-08-08T06:52:33.562+0000] {spark_submit.py:521} INFO - at java.base/java.util.concurrent.ThreadPoolExecutor.runWorker(Unknown Source)
[2025-08-08T06:52:33.562+0000] {spark_submit.py:521} INFO - at java.base/java.util.concurrent.ThreadPoolExecutor$Worker.run(Unknown Source)
[2025-08-08T06:52:33.562+0000] {spark_submit.py:521} INFO - at java.base/java.lang.Thread.run(Unknown Source)
[2025-08-08T06:52:33.563+0000] {spark_submit.py:521} INFO - Caused by: java.io.FileNotFoundException: File file:/opt/data/bronze/topcv/topcv_jobs.parquet/xl.meta does not exist
[2025-08-08T06:52:33.563+0000] {spark_submit.py:521} INFO - at org.apache.hadoop.fs.RawLocalFileSystem.deprecatedGetFileStatus(RawLocalFileSystem.java:917)
[2025-08-08T06:52:33.563+0000] {spark_submit.py:521} INFO - at org.apache.hadoop.fs.RawLocalFileSystem.getFileLinkStatusInternal(RawLocalFileSystem.java:1238)
[2025-08-08T06:52:33.563+0000] {spark_submit.py:521} INFO - at org.apache.hadoop.fs.RawLocalFileSystem.getFileStatus(RawLocalFileSystem.java:907)
[2025-08-08T06:52:33.564+0000] {spark_submit.py:521} INFO - at org.apache.hadoop.fs.FilterFileSystem.getFileStatus(FilterFileSystem.java:462)
[2025-08-08T06:52:33.564+0000] {spark_submit.py:521} INFO - at org.apache.hadoop.fs.ChecksumFileSystem$ChecksumFSInputChecker.<init>(ChecksumFileSystem.java:189)
[2025-08-08T06:52:33.564+0000] {spark_submit.py:521} INFO - at org.apache.hadoop.fs.ChecksumFileSystem.open(ChecksumFileSystem.java:572)
[2025-08-08T06:52:33.564+0000] {spark_submit.py:521} INFO - at org.apache.hadoop.fs.FileSystem.open(FileSystem.java:997)
[2025-08-08T06:52:33.564+0000] {spark_submit.py:521} INFO - at org.apache.parquet.hadoop.util.HadoopInputFile.newStream(HadoopInputFile.java:75)
[2025-08-08T06:52:33.564+0000] {spark_submit.py:521} INFO - at org.apache.parquet.hadoop.ParquetFileReader.<init>(ParquetFileReader.java:925)
[2025-08-08T06:52:33.564+0000] {spark_submit.py:521} INFO - at org.apache.parquet.hadoop.ParquetFileReader.open(ParquetFileReader.java:710)
[2025-08-08T06:52:33.565+0000] {spark_submit.py:521} INFO - at org.apache.spark.sql.execution.datasources.parquet.ParquetFooterReader.readFooter(ParquetFooterReader.java:85)
[2025-08-08T06:52:33.565+0000] {spark_submit.py:521} INFO - at org.apache.spark.sql.execution.datasources.parquet.ParquetFooterReader.readFooter(ParquetFooterReader.java:76)
[2025-08-08T06:52:33.565+0000] {spark_submit.py:521} INFO - at org.apache.spark.sql.execution.datasources.parquet.ParquetFileFormat$.$anonfun$readParquetFootersInParallel$1(ParquetFileFormat.scala:451)
[2025-08-08T06:52:33.565+0000] {spark_submit.py:521} INFO - at org.apache.spark.util.ThreadUtils$.$anonfun$parmap$2(ThreadUtils.scala:416)
[2025-08-08T06:52:33.565+0000] {spark_submit.py:521} INFO - at scala.concurrent.Future$.$anonfun$apply$1(Future.scala:687)
[2025-08-08T06:52:33.565+0000] {spark_submit.py:521} INFO - at scala.concurrent.impl.Promise$Transformation.run(Promise.scala:467)
[2025-08-08T06:52:33.565+0000] {spark_submit.py:521} INFO - at java.base/java.util.concurrent.ForkJoinTask$RunnableExecuteAction.exec(Unknown Source)
[2025-08-08T06:52:33.566+0000] {spark_submit.py:521} INFO - at java.base/java.util.concurrent.ForkJoinTask.doExec(Unknown Source)
[2025-08-08T06:52:33.566+0000] {spark_submit.py:521} INFO - at java.base/java.util.concurrent.ForkJoinPool$WorkQueue.topLevelExec(Unknown Source)
[2025-08-08T06:52:33.566+0000] {spark_submit.py:521} INFO - at java.base/java.util.concurrent.ForkJoinPool.scan(Unknown Source)
[2025-08-08T06:52:33.566+0000] {spark_submit.py:521} INFO - at java.base/java.util.concurrent.ForkJoinPool.runWorker(Unknown Source)
[2025-08-08T06:52:33.566+0000] {spark_submit.py:521} INFO - at java.base/java.util.concurrent.ForkJoinWorkerThread.run(Unknown Source)
[2025-08-08T06:52:33.566+0000] {spark_submit.py:521} INFO - 
[2025-08-08T06:52:33.566+0000] {spark_submit.py:521} INFO - Driver stacktrace:
[2025-08-08T06:52:33.567+0000] {spark_submit.py:521} INFO - 25/08/08 06:52:33 INFO DAGScheduler: ResultStage 0 (parquet at NativeMethodAccessorImpl.java:0) failed in 20502 ms due to Job aborted due to stage failure: Task 0 in stage 0.0 failed 4 times, most recent failure: Lost task 0.3 in stage 0.0 (TID 3) (172.19.0.6 executor 0): org.apache.spark.SparkException: Exception thrown in awaitResult:
[2025-08-08T06:52:33.567+0000] {spark_submit.py:521} INFO - at org.apache.spark.util.SparkThreadUtils$.awaitResult(SparkThreadUtils.scala:53)
[2025-08-08T06:52:33.567+0000] {spark_submit.py:521} INFO - at org.apache.spark.util.ThreadUtils$.awaitResult(ThreadUtils.scala:342)
[2025-08-08T06:52:33.567+0000] {spark_submit.py:521} INFO - at org.apache.spark.util.ThreadUtils$.parmap(ThreadUtils.scala:419)
[2025-08-08T06:52:33.568+0000] {spark_submit.py:521} INFO - at org.apache.spark.sql.execution.datasources.parquet.ParquetFileFormat$.readParquetFootersInParallel(ParquetFileFormat.scala:444)
[2025-08-08T06:52:33.568+0000] {spark_submit.py:521} INFO - at org.apache.spark.sql.execution.datasources.parquet.ParquetFileFormat$.$anonfun$mergeSchemasInParallel$1(ParquetFileFormat.scala:494)
[2025-08-08T06:52:33.568+0000] {spark_submit.py:521} INFO - at org.apache.spark.sql.execution.datasources.parquet.ParquetFileFormat$.$anonfun$mergeSchemasInParallel$1$adapted(ParquetFileFormat.scala:486)
[2025-08-08T06:52:33.569+0000] {spark_submit.py:521} INFO - at org.apache.spark.sql.execution.datasources.SchemaMergeUtils$.$anonfun$mergeSchemasInParallel$2(SchemaMergeUtils.scala:80)
[2025-08-08T06:52:33.569+0000] {spark_submit.py:521} INFO - at org.apache.spark.rdd.RDD.$anonfun$mapPartitions$2(RDD.scala:866)
[2025-08-08T06:52:33.569+0000] {spark_submit.py:521} INFO - at org.apache.spark.rdd.RDD.$anonfun$mapPartitions$2$adapted(RDD.scala:866)
[2025-08-08T06:52:33.570+0000] {spark_submit.py:521} INFO - at org.apache.spark.rdd.MapPartitionsRDD.compute(MapPartitionsRDD.scala:52)
[2025-08-08T06:52:33.570+0000] {spark_submit.py:521} INFO - at org.apache.spark.rdd.RDD.computeOrReadCheckpoint(RDD.scala:374)
[2025-08-08T06:52:33.570+0000] {spark_submit.py:521} INFO - at org.apache.spark.rdd.RDD.iterator(RDD.scala:338)
[2025-08-08T06:52:33.570+0000] {spark_submit.py:521} INFO - at org.apache.spark.scheduler.ResultTask.runTask(ResultTask.scala:93)
[2025-08-08T06:52:33.571+0000] {spark_submit.py:521} INFO - at org.apache.spark.TaskContext.runTaskWithListeners(TaskContext.scala:171)
[2025-08-08T06:52:33.571+0000] {spark_submit.py:521} INFO - at org.apache.spark.scheduler.Task.run(Task.scala:147)
[2025-08-08T06:52:33.571+0000] {spark_submit.py:521} INFO - at org.apache.spark.executor.Executor$TaskRunner.$anonfun$run$5(Executor.scala:647)
[2025-08-08T06:52:33.571+0000] {spark_submit.py:521} INFO - at org.apache.spark.util.SparkErrorUtils.tryWithSafeFinally(SparkErrorUtils.scala:80)
[2025-08-08T06:52:33.572+0000] {spark_submit.py:521} INFO - at org.apache.spark.util.SparkErrorUtils.tryWithSafeFinally$(SparkErrorUtils.scala:77)
[2025-08-08T06:52:33.572+0000] {spark_submit.py:521} INFO - at org.apache.spark.util.Utils$.tryWithSafeFinally(Utils.scala:99)
[2025-08-08T06:52:33.572+0000] {spark_submit.py:521} INFO - at org.apache.spark.executor.Executor$TaskRunner.run(Executor.scala:650)
[2025-08-08T06:52:33.572+0000] {spark_submit.py:521} INFO - at java.base/java.util.concurrent.ThreadPoolExecutor.runWorker(Unknown Source)
[2025-08-08T06:52:33.572+0000] {spark_submit.py:521} INFO - at java.base/java.util.concurrent.ThreadPoolExecutor$Worker.run(Unknown Source)
[2025-08-08T06:52:33.573+0000] {spark_submit.py:521} INFO - at java.base/java.lang.Thread.run(Unknown Source)
[2025-08-08T06:52:33.573+0000] {spark_submit.py:521} INFO - Caused by: java.io.FileNotFoundException: File file:/opt/data/bronze/topcv/topcv_jobs.parquet/xl.meta does not exist
[2025-08-08T06:52:33.573+0000] {spark_submit.py:521} INFO - at org.apache.hadoop.fs.RawLocalFileSystem.deprecatedGetFileStatus(RawLocalFileSystem.java:917)
[2025-08-08T06:52:33.573+0000] {spark_submit.py:521} INFO - at org.apache.hadoop.fs.RawLocalFileSystem.getFileLinkStatusInternal(RawLocalFileSystem.java:1238)
[2025-08-08T06:52:33.574+0000] {spark_submit.py:521} INFO - at org.apache.hadoop.fs.RawLocalFileSystem.getFileStatus(RawLocalFileSystem.java:907)
[2025-08-08T06:52:33.574+0000] {spark_submit.py:521} INFO - at org.apache.hadoop.fs.FilterFileSystem.getFileStatus(FilterFileSystem.java:462)
[2025-08-08T06:52:33.574+0000] {spark_submit.py:521} INFO - at org.apache.hadoop.fs.ChecksumFileSystem$ChecksumFSInputChecker.<init>(ChecksumFileSystem.java:189)
[2025-08-08T06:52:33.574+0000] {spark_submit.py:521} INFO - at org.apache.hadoop.fs.ChecksumFileSystem.open(ChecksumFileSystem.java:572)
[2025-08-08T06:52:33.574+0000] {spark_submit.py:521} INFO - at org.apache.hadoop.fs.FileSystem.open(FileSystem.java:997)
[2025-08-08T06:52:33.574+0000] {spark_submit.py:521} INFO - at org.apache.parquet.hadoop.util.HadoopInputFile.newStream(HadoopInputFile.java:75)
[2025-08-08T06:52:33.575+0000] {spark_submit.py:521} INFO - at org.apache.parquet.hadoop.ParquetFileReader.<init>(ParquetFileReader.java:925)
[2025-08-08T06:52:33.575+0000] {spark_submit.py:521} INFO - at org.apache.parquet.hadoop.ParquetFileReader.open(ParquetFileReader.java:710)
[2025-08-08T06:52:33.575+0000] {spark_submit.py:521} INFO - at org.apache.spark.sql.execution.datasources.parquet.ParquetFooterReader.readFooter(ParquetFooterReader.java:85)
[2025-08-08T06:52:33.575+0000] {spark_submit.py:521} INFO - at org.apache.spark.sql.execution.datasources.parquet.ParquetFooterReader.readFooter(ParquetFooterReader.java:76)
[2025-08-08T06:52:33.575+0000] {spark_submit.py:521} INFO - at org.apache.spark.sql.execution.datasources.parquet.ParquetFileFormat$.$anonfun$readParquetFootersInParallel$1(ParquetFileFormat.scala:451)
[2025-08-08T06:52:33.575+0000] {spark_submit.py:521} INFO - at org.apache.spark.util.ThreadUtils$.$anonfun$parmap$2(ThreadUtils.scala:416)
[2025-08-08T06:52:33.576+0000] {spark_submit.py:521} INFO - at scala.concurrent.Future$.$anonfun$apply$1(Future.scala:687)
[2025-08-08T06:52:33.576+0000] {spark_submit.py:521} INFO - at scala.concurrent.impl.Promise$Transformation.run(Promise.scala:467)
[2025-08-08T06:52:33.576+0000] {spark_submit.py:521} INFO - at java.base/java.util.concurrent.ForkJoinTask$RunnableExecuteAction.exec(Unknown Source)
[2025-08-08T06:52:33.576+0000] {spark_submit.py:521} INFO - at java.base/java.util.concurrent.ForkJoinTask.doExec(Unknown Source)
[2025-08-08T06:52:33.576+0000] {spark_submit.py:521} INFO - at java.base/java.util.concurrent.ForkJoinPool$WorkQueue.topLevelExec(Unknown Source)
[2025-08-08T06:52:33.577+0000] {spark_submit.py:521} INFO - at java.base/java.util.concurrent.ForkJoinPool.scan(Unknown Source)
[2025-08-08T06:52:33.577+0000] {spark_submit.py:521} INFO - at java.base/java.util.concurrent.ForkJoinPool.runWorker(Unknown Source)
[2025-08-08T06:52:33.577+0000] {spark_submit.py:521} INFO - at java.base/java.util.concurrent.ForkJoinWorkerThread.run(Unknown Source)
[2025-08-08T06:52:33.577+0000] {spark_submit.py:521} INFO - 
[2025-08-08T06:52:33.577+0000] {spark_submit.py:521} INFO - Driver stacktrace:
[2025-08-08T06:52:33.578+0000] {spark_submit.py:521} INFO - 25/08/08 06:52:33 INFO DAGScheduler: Job 0 failed: parquet at NativeMethodAccessorImpl.java:0, took 21097.935295 ms
[2025-08-08T06:52:33.678+0000] {spark_submit.py:521} INFO - Traceback (most recent call last):
[2025-08-08T06:52:33.680+0000] {spark_submit.py:521} INFO - File "/opt/spark-jobs/gold_transform.py", line 7, in <module>
[2025-08-08T06:52:33.686+0000] {spark_submit.py:521} INFO - df = spark.read.parquet(r"/opt/data/bronze/topcv/topcv_jobs.parquet")
[2025-08-08T06:52:33.688+0000] {spark_submit.py:521} INFO - ^^^^^^^^^^^^^^^^^^^^^^^^^^^^^^^^^^^^^^^^^^^^^^^^^^^^^^^^^^^^^^^^
[2025-08-08T06:52:33.688+0000] {spark_submit.py:521} INFO - File "/home/***/.local/lib/python3.11/site-packages/pyspark/python/lib/pyspark.zip/pyspark/sql/readwriter.py", line 642, in parquet
[2025-08-08T06:52:33.699+0000] {spark_submit.py:521} INFO - File "/home/***/.local/lib/python3.11/site-packages/pyspark/python/lib/py4j-0.10.9.9-src.zip/py4j/java_gateway.py", line 1362, in __call__
[2025-08-08T06:52:33.699+0000] {spark_submit.py:521} INFO - File "/home/***/.local/lib/python3.11/site-packages/pyspark/python/lib/pyspark.zip/pyspark/errors/exceptions/captured.py", line 282, in deco
[2025-08-08T06:52:33.701+0000] {spark_submit.py:521} INFO - File "/home/***/.local/lib/python3.11/site-packages/pyspark/python/lib/py4j-0.10.9.9-src.zip/py4j/protocol.py", line 327, in get_return_value
[2025-08-08T06:52:33.754+0000] {spark_submit.py:521} INFO - py4j.protocol.Py4JJavaError: An error occurred while calling o28.parquet.
[2025-08-08T06:52:33.754+0000] {spark_submit.py:521} INFO - : org.apache.spark.SparkException: Job aborted due to stage failure: Task 0 in stage 0.0 failed 4 times, most recent failure: Lost task 0.3 in stage 0.0 (TID 3) (172.19.0.6 executor 0): org.apache.spark.SparkException: Exception thrown in awaitResult:
[2025-08-08T06:52:33.755+0000] {spark_submit.py:521} INFO - at org.apache.spark.util.SparkThreadUtils$.awaitResult(SparkThreadUtils.scala:53)
[2025-08-08T06:52:33.755+0000] {spark_submit.py:521} INFO - at org.apache.spark.util.ThreadUtils$.awaitResult(ThreadUtils.scala:342)
[2025-08-08T06:52:33.755+0000] {spark_submit.py:521} INFO - at org.apache.spark.util.ThreadUtils$.parmap(ThreadUtils.scala:419)
[2025-08-08T06:52:33.756+0000] {spark_submit.py:521} INFO - at org.apache.spark.sql.execution.datasources.parquet.ParquetFileFormat$.readParquetFootersInParallel(ParquetFileFormat.scala:444)
[2025-08-08T06:52:33.756+0000] {spark_submit.py:521} INFO - at org.apache.spark.sql.execution.datasources.parquet.ParquetFileFormat$.$anonfun$mergeSchemasInParallel$1(ParquetFileFormat.scala:494)
[2025-08-08T06:52:33.756+0000] {spark_submit.py:521} INFO - at org.apache.spark.sql.execution.datasources.parquet.ParquetFileFormat$.$anonfun$mergeSchemasInParallel$1$adapted(ParquetFileFormat.scala:486)
[2025-08-08T06:52:33.756+0000] {spark_submit.py:521} INFO - at org.apache.spark.sql.execution.datasources.SchemaMergeUtils$.$anonfun$mergeSchemasInParallel$2(SchemaMergeUtils.scala:80)
[2025-08-08T06:52:33.757+0000] {spark_submit.py:521} INFO - at org.apache.spark.rdd.RDD.$anonfun$mapPartitions$2(RDD.scala:866)
[2025-08-08T06:52:33.757+0000] {spark_submit.py:521} INFO - at org.apache.spark.rdd.RDD.$anonfun$mapPartitions$2$adapted(RDD.scala:866)
[2025-08-08T06:52:33.757+0000] {spark_submit.py:521} INFO - at org.apache.spark.rdd.MapPartitionsRDD.compute(MapPartitionsRDD.scala:52)
[2025-08-08T06:52:33.757+0000] {spark_submit.py:521} INFO - at org.apache.spark.rdd.RDD.computeOrReadCheckpoint(RDD.scala:374)
[2025-08-08T06:52:33.757+0000] {spark_submit.py:521} INFO - at org.apache.spark.rdd.RDD.iterator(RDD.scala:338)
[2025-08-08T06:52:33.758+0000] {spark_submit.py:521} INFO - at org.apache.spark.scheduler.ResultTask.runTask(ResultTask.scala:93)
[2025-08-08T06:52:33.758+0000] {spark_submit.py:521} INFO - at org.apache.spark.TaskContext.runTaskWithListeners(TaskContext.scala:171)
[2025-08-08T06:52:33.758+0000] {spark_submit.py:521} INFO - at org.apache.spark.scheduler.Task.run(Task.scala:147)
[2025-08-08T06:52:33.758+0000] {spark_submit.py:521} INFO - at org.apache.spark.executor.Executor$TaskRunner.$anonfun$run$5(Executor.scala:647)
[2025-08-08T06:52:33.758+0000] {spark_submit.py:521} INFO - at org.apache.spark.util.SparkErrorUtils.tryWithSafeFinally(SparkErrorUtils.scala:80)
[2025-08-08T06:52:33.759+0000] {spark_submit.py:521} INFO - at org.apache.spark.util.SparkErrorUtils.tryWithSafeFinally$(SparkErrorUtils.scala:77)
[2025-08-08T06:52:33.759+0000] {spark_submit.py:521} INFO - at org.apache.spark.util.Utils$.tryWithSafeFinally(Utils.scala:99)
[2025-08-08T06:52:33.759+0000] {spark_submit.py:521} INFO - at org.apache.spark.executor.Executor$TaskRunner.run(Executor.scala:650)
[2025-08-08T06:52:33.759+0000] {spark_submit.py:521} INFO - at java.base/java.util.concurrent.ThreadPoolExecutor.runWorker(Unknown Source)
[2025-08-08T06:52:33.759+0000] {spark_submit.py:521} INFO - at java.base/java.util.concurrent.ThreadPoolExecutor$Worker.run(Unknown Source)
[2025-08-08T06:52:33.759+0000] {spark_submit.py:521} INFO - at java.base/java.lang.Thread.run(Unknown Source)
[2025-08-08T06:52:33.760+0000] {spark_submit.py:521} INFO - Caused by: java.io.FileNotFoundException: File file:/opt/data/bronze/topcv/topcv_jobs.parquet/xl.meta does not exist
[2025-08-08T06:52:33.760+0000] {spark_submit.py:521} INFO - at org.apache.hadoop.fs.RawLocalFileSystem.deprecatedGetFileStatus(RawLocalFileSystem.java:917)
[2025-08-08T06:52:33.760+0000] {spark_submit.py:521} INFO - at org.apache.hadoop.fs.RawLocalFileSystem.getFileLinkStatusInternal(RawLocalFileSystem.java:1238)
[2025-08-08T06:52:33.760+0000] {spark_submit.py:521} INFO - at org.apache.hadoop.fs.RawLocalFileSystem.getFileStatus(RawLocalFileSystem.java:907)
[2025-08-08T06:52:33.760+0000] {spark_submit.py:521} INFO - at org.apache.hadoop.fs.FilterFileSystem.getFileStatus(FilterFileSystem.java:462)
[2025-08-08T06:52:33.760+0000] {spark_submit.py:521} INFO - at org.apache.hadoop.fs.ChecksumFileSystem$ChecksumFSInputChecker.<init>(ChecksumFileSystem.java:189)
[2025-08-08T06:52:33.761+0000] {spark_submit.py:521} INFO - at org.apache.hadoop.fs.ChecksumFileSystem.open(ChecksumFileSystem.java:572)
[2025-08-08T06:52:33.761+0000] {spark_submit.py:521} INFO - at org.apache.hadoop.fs.FileSystem.open(FileSystem.java:997)
[2025-08-08T06:52:33.761+0000] {spark_submit.py:521} INFO - at org.apache.parquet.hadoop.util.HadoopInputFile.newStream(HadoopInputFile.java:75)
[2025-08-08T06:52:33.761+0000] {spark_submit.py:521} INFO - at org.apache.parquet.hadoop.ParquetFileReader.<init>(ParquetFileReader.java:925)
[2025-08-08T06:52:33.761+0000] {spark_submit.py:521} INFO - at org.apache.parquet.hadoop.ParquetFileReader.open(ParquetFileReader.java:710)
[2025-08-08T06:52:33.761+0000] {spark_submit.py:521} INFO - at org.apache.spark.sql.execution.datasources.parquet.ParquetFooterReader.readFooter(ParquetFooterReader.java:85)
[2025-08-08T06:52:33.762+0000] {spark_submit.py:521} INFO - at org.apache.spark.sql.execution.datasources.parquet.ParquetFooterReader.readFooter(ParquetFooterReader.java:76)
[2025-08-08T06:52:33.762+0000] {spark_submit.py:521} INFO - at org.apache.spark.sql.execution.datasources.parquet.ParquetFileFormat$.$anonfun$readParquetFootersInParallel$1(ParquetFileFormat.scala:451)
[2025-08-08T06:52:33.762+0000] {spark_submit.py:521} INFO - at org.apache.spark.util.ThreadUtils$.$anonfun$parmap$2(ThreadUtils.scala:416)
[2025-08-08T06:52:33.762+0000] {spark_submit.py:521} INFO - at scala.concurrent.Future$.$anonfun$apply$1(Future.scala:687)
[2025-08-08T06:52:33.762+0000] {spark_submit.py:521} INFO - at scala.concurrent.impl.Promise$Transformation.run(Promise.scala:467)
[2025-08-08T06:52:33.762+0000] {spark_submit.py:521} INFO - at java.base/java.util.concurrent.ForkJoinTask$RunnableExecuteAction.exec(Unknown Source)
[2025-08-08T06:52:33.763+0000] {spark_submit.py:521} INFO - at java.base/java.util.concurrent.ForkJoinTask.doExec(Unknown Source)
[2025-08-08T06:52:33.763+0000] {spark_submit.py:521} INFO - at java.base/java.util.concurrent.ForkJoinPool$WorkQueue.topLevelExec(Unknown Source)
[2025-08-08T06:52:33.763+0000] {spark_submit.py:521} INFO - at java.base/java.util.concurrent.ForkJoinPool.scan(Unknown Source)
[2025-08-08T06:52:33.763+0000] {spark_submit.py:521} INFO - at java.base/java.util.concurrent.ForkJoinPool.runWorker(Unknown Source)
[2025-08-08T06:52:33.763+0000] {spark_submit.py:521} INFO - at java.base/java.util.concurrent.ForkJoinWorkerThread.run(Unknown Source)
[2025-08-08T06:52:33.763+0000] {spark_submit.py:521} INFO - 
[2025-08-08T06:52:33.763+0000] {spark_submit.py:521} INFO - Driver stacktrace:
[2025-08-08T06:52:33.764+0000] {spark_submit.py:521} INFO - at org.apache.spark.scheduler.DAGScheduler.$anonfun$abortStage$3(DAGScheduler.scala:2935)
[2025-08-08T06:52:33.764+0000] {spark_submit.py:521} INFO - at scala.Option.getOrElse(Option.scala:201)
[2025-08-08T06:52:33.764+0000] {spark_submit.py:521} INFO - at org.apache.spark.scheduler.DAGScheduler.$anonfun$abortStage$2(DAGScheduler.scala:2935)
[2025-08-08T06:52:33.764+0000] {spark_submit.py:521} INFO - at org.apache.spark.scheduler.DAGScheduler.$anonfun$abortStage$2$adapted(DAGScheduler.scala:2927)
[2025-08-08T06:52:33.765+0000] {spark_submit.py:521} INFO - at scala.collection.immutable.List.foreach(List.scala:334)
[2025-08-08T06:52:33.765+0000] {spark_submit.py:521} INFO - at org.apache.spark.scheduler.DAGScheduler.abortStage(DAGScheduler.scala:2927)
[2025-08-08T06:52:33.765+0000] {spark_submit.py:521} INFO - at org.apache.spark.scheduler.DAGScheduler.$anonfun$handleTaskSetFailed$1(DAGScheduler.scala:1295)
[2025-08-08T06:52:33.765+0000] {spark_submit.py:521} INFO - at org.apache.spark.scheduler.DAGScheduler.$anonfun$handleTaskSetFailed$1$adapted(DAGScheduler.scala:1295)
[2025-08-08T06:52:33.765+0000] {spark_submit.py:521} INFO - at scala.Option.foreach(Option.scala:437)
[2025-08-08T06:52:33.765+0000] {spark_submit.py:521} INFO - at org.apache.spark.scheduler.DAGScheduler.handleTaskSetFailed(DAGScheduler.scala:1295)
[2025-08-08T06:52:33.766+0000] {spark_submit.py:521} INFO - at org.apache.spark.scheduler.DAGSchedulerEventProcessLoop.doOnReceive(DAGScheduler.scala:3207)
[2025-08-08T06:52:33.766+0000] {spark_submit.py:521} INFO - at org.apache.spark.scheduler.DAGSchedulerEventProcessLoop.onReceive(DAGScheduler.scala:3141)
[2025-08-08T06:52:33.766+0000] {spark_submit.py:521} INFO - at org.apache.spark.scheduler.DAGSchedulerEventProcessLoop.onReceive(DAGScheduler.scala:3130)
[2025-08-08T06:52:33.766+0000] {spark_submit.py:521} INFO - at org.apache.spark.util.EventLoop$$anon$1.run(EventLoop.scala:50)
[2025-08-08T06:52:33.766+0000] {spark_submit.py:521} INFO - at org.apache.spark.scheduler.DAGScheduler.runJob(DAGScheduler.scala:1009)
[2025-08-08T06:52:33.766+0000] {spark_submit.py:521} INFO - at org.apache.spark.SparkContext.runJob(SparkContext.scala:2484)
[2025-08-08T06:52:33.767+0000] {spark_submit.py:521} INFO - at org.apache.spark.SparkContext.runJob(SparkContext.scala:2505)
[2025-08-08T06:52:33.767+0000] {spark_submit.py:521} INFO - at org.apache.spark.SparkContext.runJob(SparkContext.scala:2524)
[2025-08-08T06:52:33.767+0000] {spark_submit.py:521} INFO - at org.apache.spark.SparkContext.runJob(SparkContext.scala:2549)
[2025-08-08T06:52:33.767+0000] {spark_submit.py:521} INFO - at org.apache.spark.rdd.RDD.$anonfun$collect$1(RDD.scala:1057)
[2025-08-08T06:52:33.768+0000] {spark_submit.py:521} INFO - at org.apache.spark.rdd.RDDOperationScope$.withScope(RDDOperationScope.scala:151)
[2025-08-08T06:52:33.768+0000] {spark_submit.py:521} INFO - at org.apache.spark.rdd.RDDOperationScope$.withScope(RDDOperationScope.scala:112)
[2025-08-08T06:52:33.768+0000] {spark_submit.py:521} INFO - at org.apache.spark.rdd.RDD.withScope(RDD.scala:417)
[2025-08-08T06:52:33.768+0000] {spark_submit.py:521} INFO - at org.apache.spark.rdd.RDD.collect(RDD.scala:1056)
[2025-08-08T06:52:33.768+0000] {spark_submit.py:521} INFO - at org.apache.spark.sql.execution.datasources.SchemaMergeUtils$.mergeSchemasInParallel(SchemaMergeUtils.scala:74)
[2025-08-08T06:52:33.769+0000] {spark_submit.py:521} INFO - at org.apache.spark.sql.execution.datasources.parquet.ParquetFileFormat$.mergeSchemasInParallel(ParquetFileFormat.scala:498)
[2025-08-08T06:52:33.769+0000] {spark_submit.py:521} INFO - at org.apache.spark.sql.execution.datasources.parquet.ParquetUtils$.inferSchema(ParquetUtils.scala:133)
[2025-08-08T06:52:33.769+0000] {spark_submit.py:521} INFO - at org.apache.spark.sql.execution.datasources.parquet.ParquetFileFormat.inferSchema(ParquetFileFormat.scala:80)
[2025-08-08T06:52:33.769+0000] {spark_submit.py:521} INFO - at org.apache.spark.sql.execution.datasources.DataSource.$anonfun$getOrInferFileFormatSchema$11(DataSource.scala:219)
[2025-08-08T06:52:33.769+0000] {spark_submit.py:521} INFO - at scala.Option.orElse(Option.scala:477)
[2025-08-08T06:52:33.769+0000] {spark_submit.py:521} INFO - at org.apache.spark.sql.execution.datasources.DataSource.getOrInferFileFormatSchema(DataSource.scala:216)
[2025-08-08T06:52:33.770+0000] {spark_submit.py:521} INFO - at org.apache.spark.sql.execution.datasources.DataSource.resolveRelation(DataSource.scala:422)
[2025-08-08T06:52:33.770+0000] {spark_submit.py:521} INFO - at org.apache.spark.sql.catalyst.analysis.ResolveDataSource.org$apache$spark$sql$catalyst$analysis$ResolveDataSource$$loadV1BatchSource(ResolveDataSource.scala:143)
[2025-08-08T06:52:33.770+0000] {spark_submit.py:521} INFO - at org.apache.spark.sql.catalyst.analysis.ResolveDataSource$$anonfun$apply$1.$anonfun$applyOrElse$2(ResolveDataSource.scala:61)
[2025-08-08T06:52:33.770+0000] {spark_submit.py:521} INFO - at scala.Option.getOrElse(Option.scala:201)
[2025-08-08T06:52:33.770+0000] {spark_submit.py:521} INFO - at org.apache.spark.sql.catalyst.analysis.ResolveDataSource$$anonfun$apply$1.applyOrElse(ResolveDataSource.scala:61)
[2025-08-08T06:52:33.771+0000] {spark_submit.py:521} INFO - at org.apache.spark.sql.catalyst.analysis.ResolveDataSource$$anonfun$apply$1.applyOrElse(ResolveDataSource.scala:45)
[2025-08-08T06:52:33.771+0000] {spark_submit.py:521} INFO - at org.apache.spark.sql.catalyst.plans.logical.AnalysisHelper.$anonfun$resolveOperatorsUpWithPruning$3(AnalysisHelper.scala:139)
[2025-08-08T06:52:33.771+0000] {spark_submit.py:521} INFO - at org.apache.spark.sql.catalyst.trees.CurrentOrigin$.withOrigin(origin.scala:86)
[2025-08-08T06:52:33.771+0000] {spark_submit.py:521} INFO - at org.apache.spark.sql.catalyst.plans.logical.AnalysisHelper.$anonfun$resolveOperatorsUpWithPruning$1(AnalysisHelper.scala:139)
[2025-08-08T06:52:33.771+0000] {spark_submit.py:521} INFO - at org.apache.spark.sql.catalyst.plans.logical.AnalysisHelper$.allowInvokingTransformsInAnalyzer(AnalysisHelper.scala:416)
[2025-08-08T06:52:33.771+0000] {spark_submit.py:521} INFO - at org.apache.spark.sql.catalyst.plans.logical.AnalysisHelper.resolveOperatorsUpWithPruning(AnalysisHelper.scala:135)
[2025-08-08T06:52:33.771+0000] {spark_submit.py:521} INFO - at org.apache.spark.sql.catalyst.plans.logical.AnalysisHelper.resolveOperatorsUpWithPruning$(AnalysisHelper.scala:131)
[2025-08-08T06:52:33.773+0000] {spark_submit.py:521} INFO - at org.apache.spark.sql.catalyst.plans.logical.LogicalPlan.resolveOperatorsUpWithPruning(LogicalPlan.scala:37)
[2025-08-08T06:52:33.773+0000] {spark_submit.py:521} INFO - at org.apache.spark.sql.catalyst.plans.logical.AnalysisHelper.resolveOperatorsUp(AnalysisHelper.scala:112)
[2025-08-08T06:52:33.774+0000] {spark_submit.py:521} INFO - at org.apache.spark.sql.catalyst.plans.logical.AnalysisHelper.resolveOperatorsUp$(AnalysisHelper.scala:111)
[2025-08-08T06:52:33.774+0000] {spark_submit.py:521} INFO - at org.apache.spark.sql.catalyst.plans.logical.LogicalPlan.resolveOperatorsUp(LogicalPlan.scala:37)
[2025-08-08T06:52:33.774+0000] {spark_submit.py:521} INFO - at org.apache.spark.sql.catalyst.analysis.ResolveDataSource.apply(ResolveDataSource.scala:45)
[2025-08-08T06:52:33.774+0000] {spark_submit.py:521} INFO - at org.apache.spark.sql.catalyst.analysis.ResolveDataSource.apply(ResolveDataSource.scala:43)
[2025-08-08T06:52:33.775+0000] {spark_submit.py:521} INFO - at org.apache.spark.sql.catalyst.rules.RuleExecutor.$anonfun$execute$2(RuleExecutor.scala:242)
[2025-08-08T06:52:33.775+0000] {spark_submit.py:521} INFO - at scala.collection.LinearSeqOps.foldLeft(LinearSeq.scala:183)
[2025-08-08T06:52:33.775+0000] {spark_submit.py:521} INFO - at scala.collection.LinearSeqOps.foldLeft$(LinearSeq.scala:179)
[2025-08-08T06:52:33.775+0000] {spark_submit.py:521} INFO - at scala.collection.immutable.List.foldLeft(List.scala:79)
[2025-08-08T06:52:33.775+0000] {spark_submit.py:521} INFO - at org.apache.spark.sql.catalyst.rules.RuleExecutor.$anonfun$execute$1(RuleExecutor.scala:239)
[2025-08-08T06:52:33.776+0000] {spark_submit.py:521} INFO - at org.apache.spark.sql.catalyst.rules.RuleExecutor.$anonfun$execute$1$adapted(RuleExecutor.scala:231)
[2025-08-08T06:52:33.776+0000] {spark_submit.py:521} INFO - at scala.collection.immutable.List.foreach(List.scala:334)
[2025-08-08T06:52:33.776+0000] {spark_submit.py:521} INFO - at org.apache.spark.sql.catalyst.rules.RuleExecutor.execute(RuleExecutor.scala:231)
[2025-08-08T06:52:33.776+0000] {spark_submit.py:521} INFO - at org.apache.spark.sql.catalyst.analysis.Analyzer.org$apache$spark$sql$catalyst$analysis$Analyzer$$executeSameContext(Analyzer.scala:290)
[2025-08-08T06:52:33.776+0000] {spark_submit.py:521} INFO - at org.apache.spark.sql.catalyst.analysis.Analyzer.$anonfun$execute$1(Analyzer.scala:286)
[2025-08-08T06:52:33.776+0000] {spark_submit.py:521} INFO - at org.apache.spark.sql.catalyst.analysis.AnalysisContext$.withNewAnalysisContext(Analyzer.scala:234)
[2025-08-08T06:52:33.777+0000] {spark_submit.py:521} INFO - at org.apache.spark.sql.catalyst.analysis.Analyzer.execute(Analyzer.scala:286)
[2025-08-08T06:52:33.777+0000] {spark_submit.py:521} INFO - at org.apache.spark.sql.catalyst.analysis.Analyzer.execute(Analyzer.scala:249)
[2025-08-08T06:52:33.777+0000] {spark_submit.py:521} INFO - at org.apache.spark.sql.catalyst.rules.RuleExecutor.$anonfun$executeAndTrack$1(RuleExecutor.scala:201)
[2025-08-08T06:52:33.777+0000] {spark_submit.py:521} INFO - at org.apache.spark.sql.catalyst.QueryPlanningTracker$.withTracker(QueryPlanningTracker.scala:89)
[2025-08-08T06:52:33.777+0000] {spark_submit.py:521} INFO - at org.apache.spark.sql.catalyst.rules.RuleExecutor.executeAndTrack(RuleExecutor.scala:201)
[2025-08-08T06:52:33.777+0000] {spark_submit.py:521} INFO - at org.apache.spark.sql.catalyst.analysis.resolver.HybridAnalyzer.resolveInFixedPoint(HybridAnalyzer.scala:190)
[2025-08-08T06:52:33.778+0000] {spark_submit.py:521} INFO - at org.apache.spark.sql.catalyst.analysis.resolver.HybridAnalyzer.$anonfun$apply$1(HybridAnalyzer.scala:76)
[2025-08-08T06:52:33.778+0000] {spark_submit.py:521} INFO - at org.apache.spark.sql.catalyst.analysis.resolver.HybridAnalyzer.withTrackedAnalyzerBridgeState(HybridAnalyzer.scala:111)
[2025-08-08T06:52:33.778+0000] {spark_submit.py:521} INFO - at org.apache.spark.sql.catalyst.analysis.resolver.HybridAnalyzer.apply(HybridAnalyzer.scala:71)
[2025-08-08T06:52:33.778+0000] {spark_submit.py:521} INFO - at org.apache.spark.sql.catalyst.analysis.Analyzer.$anonfun$executeAndCheck$1(Analyzer.scala:280)
[2025-08-08T06:52:33.778+0000] {spark_submit.py:521} INFO - at org.apache.spark.sql.catalyst.plans.logical.AnalysisHelper$.markInAnalyzer(AnalysisHelper.scala:423)
[2025-08-08T06:52:33.778+0000] {spark_submit.py:521} INFO - at org.apache.spark.sql.catalyst.analysis.Analyzer.executeAndCheck(Analyzer.scala:280)
[2025-08-08T06:52:33.779+0000] {spark_submit.py:521} INFO - at org.apache.spark.sql.execution.QueryExecution.$anonfun$lazyAnalyzed$2(QueryExecution.scala:110)
[2025-08-08T06:52:33.779+0000] {spark_submit.py:521} INFO - at org.apache.spark.sql.catalyst.QueryPlanningTracker.measurePhase(QueryPlanningTracker.scala:148)
[2025-08-08T06:52:33.779+0000] {spark_submit.py:521} INFO - at org.apache.spark.sql.execution.QueryExecution.$anonfun$executePhase$2(QueryExecution.scala:278)
[2025-08-08T06:52:33.779+0000] {spark_submit.py:521} INFO - at org.apache.spark.sql.execution.QueryExecution$.withInternalError(QueryExecution.scala:654)
[2025-08-08T06:52:33.779+0000] {spark_submit.py:521} INFO - at org.apache.spark.sql.execution.QueryExecution.$anonfun$executePhase$1(QueryExecution.scala:278)
[2025-08-08T06:52:33.779+0000] {spark_submit.py:521} INFO - at org.apache.spark.sql.SparkSession.withActive(SparkSession.scala:804)
[2025-08-08T06:52:33.780+0000] {spark_submit.py:521} INFO - at org.apache.spark.sql.execution.QueryExecution.executePhase(QueryExecution.scala:277)
[2025-08-08T06:52:33.780+0000] {spark_submit.py:521} INFO - at org.apache.spark.sql.execution.QueryExecution.$anonfun$lazyAnalyzed$1(QueryExecution.scala:110)
[2025-08-08T06:52:33.780+0000] {spark_submit.py:521} INFO - at scala.util.Try$.apply(Try.scala:217)
[2025-08-08T06:52:33.780+0000] {spark_submit.py:521} INFO - at org.apache.spark.util.Utils$.doTryWithCallerStacktrace(Utils.scala:1378)
[2025-08-08T06:52:33.780+0000] {spark_submit.py:521} INFO - at org.apache.spark.util.Utils$.getTryWithCallerStacktrace(Utils.scala:1439)
[2025-08-08T06:52:33.780+0000] {spark_submit.py:521} INFO - at org.apache.spark.util.LazyTry.get(LazyTry.scala:58)
[2025-08-08T06:52:33.780+0000] {spark_submit.py:521} INFO - at org.apache.spark.sql.execution.QueryExecution.analyzed(QueryExecution.scala:121)
[2025-08-08T06:52:33.781+0000] {spark_submit.py:521} INFO - at org.apache.spark.sql.execution.QueryExecution.assertAnalyzed(QueryExecution.scala:80)
[2025-08-08T06:52:33.781+0000] {spark_submit.py:521} INFO - at org.apache.spark.sql.classic.Dataset$.$anonfun$ofRows$1(Dataset.scala:115)
[2025-08-08T06:52:33.781+0000] {spark_submit.py:521} INFO - at org.apache.spark.sql.SparkSession.withActive(SparkSession.scala:804)
[2025-08-08T06:52:33.781+0000] {spark_submit.py:521} INFO - at org.apache.spark.sql.classic.Dataset$.ofRows(Dataset.scala:113)
[2025-08-08T06:52:33.781+0000] {spark_submit.py:521} INFO - at org.apache.spark.sql.classic.DataFrameReader.load(DataFrameReader.scala:109)
[2025-08-08T06:52:33.781+0000] {spark_submit.py:521} INFO - at org.apache.spark.sql.classic.DataFrameReader.load(DataFrameReader.scala:58)
[2025-08-08T06:52:33.782+0000] {spark_submit.py:521} INFO - at org.apache.spark.sql.DataFrameReader.parquet(DataFrameReader.scala:457)
[2025-08-08T06:52:33.782+0000] {spark_submit.py:521} INFO - at org.apache.spark.sql.classic.DataFrameReader.parquet(DataFrameReader.scala:306)
[2025-08-08T06:52:33.782+0000] {spark_submit.py:521} INFO - at org.apache.spark.sql.classic.DataFrameReader.parquet(DataFrameReader.scala:58)
[2025-08-08T06:52:33.782+0000] {spark_submit.py:521} INFO - at java.base/jdk.internal.reflect.NativeMethodAccessorImpl.invoke0(Native Method)
[2025-08-08T06:52:33.782+0000] {spark_submit.py:521} INFO - at java.base/jdk.internal.reflect.NativeMethodAccessorImpl.invoke(NativeMethodAccessorImpl.java:77)
[2025-08-08T06:52:33.782+0000] {spark_submit.py:521} INFO - at java.base/jdk.internal.reflect.DelegatingMethodAccessorImpl.invoke(DelegatingMethodAccessorImpl.java:43)
[2025-08-08T06:52:33.782+0000] {spark_submit.py:521} INFO - at java.base/java.lang.reflect.Method.invoke(Method.java:569)
[2025-08-08T06:52:33.783+0000] {spark_submit.py:521} INFO - at py4j.reflection.MethodInvoker.invoke(MethodInvoker.java:244)
[2025-08-08T06:52:33.783+0000] {spark_submit.py:521} INFO - at py4j.reflection.ReflectionEngine.invoke(ReflectionEngine.java:374)
[2025-08-08T06:52:33.783+0000] {spark_submit.py:521} INFO - at py4j.Gateway.invoke(Gateway.java:282)
[2025-08-08T06:52:33.783+0000] {spark_submit.py:521} INFO - at py4j.commands.AbstractCommand.invokeMethod(AbstractCommand.java:132)
[2025-08-08T06:52:33.783+0000] {spark_submit.py:521} INFO - at py4j.commands.CallCommand.execute(CallCommand.java:79)
[2025-08-08T06:52:33.784+0000] {spark_submit.py:521} INFO - at py4j.ClientServerConnection.waitForCommands(ClientServerConnection.java:184)
[2025-08-08T06:52:33.784+0000] {spark_submit.py:521} INFO - at py4j.ClientServerConnection.run(ClientServerConnection.java:108)
[2025-08-08T06:52:33.784+0000] {spark_submit.py:521} INFO - at java.base/java.lang.Thread.run(Thread.java:840)
[2025-08-08T06:52:33.784+0000] {spark_submit.py:521} INFO - Suppressed: org.apache.spark.util.Utils$OriginalTryStackTraceException: Full stacktrace of original doTryWithCallerStacktrace caller
[2025-08-08T06:52:33.785+0000] {spark_submit.py:521} INFO - at org.apache.spark.scheduler.DAGScheduler.$anonfun$abortStage$3(DAGScheduler.scala:2935)
[2025-08-08T06:52:33.785+0000] {spark_submit.py:521} INFO - at scala.Option.getOrElse(Option.scala:201)
[2025-08-08T06:52:33.785+0000] {spark_submit.py:521} INFO - at org.apache.spark.scheduler.DAGScheduler.$anonfun$abortStage$2(DAGScheduler.scala:2935)
[2025-08-08T06:52:33.785+0000] {spark_submit.py:521} INFO - at org.apache.spark.scheduler.DAGScheduler.$anonfun$abortStage$2$adapted(DAGScheduler.scala:2927)
[2025-08-08T06:52:33.785+0000] {spark_submit.py:521} INFO - at scala.collection.immutable.List.foreach(List.scala:334)
[2025-08-08T06:52:33.785+0000] {spark_submit.py:521} INFO - at org.apache.spark.scheduler.DAGScheduler.abortStage(DAGScheduler.scala:2927)
[2025-08-08T06:52:33.786+0000] {spark_submit.py:521} INFO - at org.apache.spark.scheduler.DAGScheduler.$anonfun$handleTaskSetFailed$1(DAGScheduler.scala:1295)
[2025-08-08T06:52:33.786+0000] {spark_submit.py:521} INFO - at org.apache.spark.scheduler.DAGScheduler.$anonfun$handleTaskSetFailed$1$adapted(DAGScheduler.scala:1295)
[2025-08-08T06:52:33.786+0000] {spark_submit.py:521} INFO - at scala.Option.foreach(Option.scala:437)
[2025-08-08T06:52:33.786+0000] {spark_submit.py:521} INFO - at org.apache.spark.scheduler.DAGScheduler.handleTaskSetFailed(DAGScheduler.scala:1295)
[2025-08-08T06:52:33.786+0000] {spark_submit.py:521} INFO - at org.apache.spark.scheduler.DAGSchedulerEventProcessLoop.doOnReceive(DAGScheduler.scala:3207)
[2025-08-08T06:52:33.786+0000] {spark_submit.py:521} INFO - at org.apache.spark.scheduler.DAGSchedulerEventProcessLoop.onReceive(DAGScheduler.scala:3141)
[2025-08-08T06:52:33.787+0000] {spark_submit.py:521} INFO - at org.apache.spark.scheduler.DAGSchedulerEventProcessLoop.onReceive(DAGScheduler.scala:3130)
[2025-08-08T06:52:33.787+0000] {spark_submit.py:521} INFO - at org.apache.spark.util.EventLoop$$anon$1.run(EventLoop.scala:50)
[2025-08-08T06:52:33.787+0000] {spark_submit.py:521} INFO - at org.apache.spark.scheduler.DAGScheduler.runJob(DAGScheduler.scala:1009)
[2025-08-08T06:52:33.787+0000] {spark_submit.py:521} INFO - at org.apache.spark.SparkContext.runJob(SparkContext.scala:2484)
[2025-08-08T06:52:33.787+0000] {spark_submit.py:521} INFO - at org.apache.spark.SparkContext.runJob(SparkContext.scala:2505)
[2025-08-08T06:52:33.787+0000] {spark_submit.py:521} INFO - at org.apache.spark.SparkContext.runJob(SparkContext.scala:2524)
[2025-08-08T06:52:33.788+0000] {spark_submit.py:521} INFO - at org.apache.spark.SparkContext.runJob(SparkContext.scala:2549)
[2025-08-08T06:52:33.788+0000] {spark_submit.py:521} INFO - at org.apache.spark.rdd.RDD.$anonfun$collect$1(RDD.scala:1057)
[2025-08-08T06:52:33.788+0000] {spark_submit.py:521} INFO - at org.apache.spark.rdd.RDDOperationScope$.withScope(RDDOperationScope.scala:151)
[2025-08-08T06:52:33.788+0000] {spark_submit.py:521} INFO - at org.apache.spark.rdd.RDDOperationScope$.withScope(RDDOperationScope.scala:112)
[2025-08-08T06:52:33.788+0000] {spark_submit.py:521} INFO - at org.apache.spark.rdd.RDD.withScope(RDD.scala:417)
[2025-08-08T06:52:33.788+0000] {spark_submit.py:521} INFO - at org.apache.spark.rdd.RDD.collect(RDD.scala:1056)
[2025-08-08T06:52:33.789+0000] {spark_submit.py:521} INFO - at org.apache.spark.sql.execution.datasources.SchemaMergeUtils$.mergeSchemasInParallel(SchemaMergeUtils.scala:74)
[2025-08-08T06:52:33.789+0000] {spark_submit.py:521} INFO - at org.apache.spark.sql.execution.datasources.parquet.ParquetFileFormat$.mergeSchemasInParallel(ParquetFileFormat.scala:498)
[2025-08-08T06:52:33.789+0000] {spark_submit.py:521} INFO - at org.apache.spark.sql.execution.datasources.parquet.ParquetUtils$.inferSchema(ParquetUtils.scala:133)
[2025-08-08T06:52:33.789+0000] {spark_submit.py:521} INFO - at org.apache.spark.sql.execution.datasources.parquet.ParquetFileFormat.inferSchema(ParquetFileFormat.scala:80)
[2025-08-08T06:52:33.789+0000] {spark_submit.py:521} INFO - at org.apache.spark.sql.execution.datasources.DataSource.$anonfun$getOrInferFileFormatSchema$11(DataSource.scala:219)
[2025-08-08T06:52:33.789+0000] {spark_submit.py:521} INFO - at scala.Option.orElse(Option.scala:477)
[2025-08-08T06:52:33.790+0000] {spark_submit.py:521} INFO - at org.apache.spark.sql.execution.datasources.DataSource.getOrInferFileFormatSchema(DataSource.scala:216)
[2025-08-08T06:52:33.790+0000] {spark_submit.py:521} INFO - at org.apache.spark.sql.execution.datasources.DataSource.resolveRelation(DataSource.scala:422)
[2025-08-08T06:52:33.790+0000] {spark_submit.py:521} INFO - at org.apache.spark.sql.catalyst.analysis.ResolveDataSource.org$apache$spark$sql$catalyst$analysis$ResolveDataSource$$loadV1BatchSource(ResolveDataSource.scala:143)
[2025-08-08T06:52:33.790+0000] {spark_submit.py:521} INFO - at org.apache.spark.sql.catalyst.analysis.ResolveDataSource$$anonfun$apply$1.$anonfun$applyOrElse$2(ResolveDataSource.scala:61)
[2025-08-08T06:52:33.790+0000] {spark_submit.py:521} INFO - at scala.Option.getOrElse(Option.scala:201)
[2025-08-08T06:52:33.790+0000] {spark_submit.py:521} INFO - at org.apache.spark.sql.catalyst.analysis.ResolveDataSource$$anonfun$apply$1.applyOrElse(ResolveDataSource.scala:61)
[2025-08-08T06:52:33.791+0000] {spark_submit.py:521} INFO - at org.apache.spark.sql.catalyst.analysis.ResolveDataSource$$anonfun$apply$1.applyOrElse(ResolveDataSource.scala:45)
[2025-08-08T06:52:33.791+0000] {spark_submit.py:521} INFO - at org.apache.spark.sql.catalyst.plans.logical.AnalysisHelper.$anonfun$resolveOperatorsUpWithPruning$3(AnalysisHelper.scala:139)
[2025-08-08T06:52:33.791+0000] {spark_submit.py:521} INFO - at org.apache.spark.sql.catalyst.trees.CurrentOrigin$.withOrigin(origin.scala:86)
[2025-08-08T06:52:33.791+0000] {spark_submit.py:521} INFO - at org.apache.spark.sql.catalyst.plans.logical.AnalysisHelper.$anonfun$resolveOperatorsUpWithPruning$1(AnalysisHelper.scala:139)
[2025-08-08T06:52:33.791+0000] {spark_submit.py:521} INFO - at org.apache.spark.sql.catalyst.plans.logical.AnalysisHelper$.allowInvokingTransformsInAnalyzer(AnalysisHelper.scala:416)
[2025-08-08T06:52:33.791+0000] {spark_submit.py:521} INFO - at org.apache.spark.sql.catalyst.plans.logical.AnalysisHelper.resolveOperatorsUpWithPruning(AnalysisHelper.scala:135)
[2025-08-08T06:52:33.792+0000] {spark_submit.py:521} INFO - at org.apache.spark.sql.catalyst.plans.logical.AnalysisHelper.resolveOperatorsUpWithPruning$(AnalysisHelper.scala:131)
[2025-08-08T06:52:33.792+0000] {spark_submit.py:521} INFO - at org.apache.spark.sql.catalyst.plans.logical.LogicalPlan.resolveOperatorsUpWithPruning(LogicalPlan.scala:37)
[2025-08-08T06:52:33.792+0000] {spark_submit.py:521} INFO - at org.apache.spark.sql.catalyst.plans.logical.AnalysisHelper.resolveOperatorsUp(AnalysisHelper.scala:112)
[2025-08-08T06:52:33.792+0000] {spark_submit.py:521} INFO - at org.apache.spark.sql.catalyst.plans.logical.AnalysisHelper.resolveOperatorsUp$(AnalysisHelper.scala:111)
[2025-08-08T06:52:33.792+0000] {spark_submit.py:521} INFO - at org.apache.spark.sql.catalyst.plans.logical.LogicalPlan.resolveOperatorsUp(LogicalPlan.scala:37)
[2025-08-08T06:52:33.792+0000] {spark_submit.py:521} INFO - at org.apache.spark.sql.catalyst.analysis.ResolveDataSource.apply(ResolveDataSource.scala:45)
[2025-08-08T06:52:33.792+0000] {spark_submit.py:521} INFO - at org.apache.spark.sql.catalyst.analysis.ResolveDataSource.apply(ResolveDataSource.scala:43)
[2025-08-08T06:52:33.793+0000] {spark_submit.py:521} INFO - at org.apache.spark.sql.catalyst.rules.RuleExecutor.$anonfun$execute$2(RuleExecutor.scala:242)
[2025-08-08T06:52:33.793+0000] {spark_submit.py:521} INFO - at scala.collection.LinearSeqOps.foldLeft(LinearSeq.scala:183)
[2025-08-08T06:52:33.793+0000] {spark_submit.py:521} INFO - at scala.collection.LinearSeqOps.foldLeft$(LinearSeq.scala:179)
[2025-08-08T06:52:33.793+0000] {spark_submit.py:521} INFO - at scala.collection.immutable.List.foldLeft(List.scala:79)
[2025-08-08T06:52:33.793+0000] {spark_submit.py:521} INFO - at org.apache.spark.sql.catalyst.rules.RuleExecutor.$anonfun$execute$1(RuleExecutor.scala:239)
[2025-08-08T06:52:33.793+0000] {spark_submit.py:521} INFO - at org.apache.spark.sql.catalyst.rules.RuleExecutor.$anonfun$execute$1$adapted(RuleExecutor.scala:231)
[2025-08-08T06:52:33.794+0000] {spark_submit.py:521} INFO - at scala.collection.immutable.List.foreach(List.scala:334)
[2025-08-08T06:52:33.794+0000] {spark_submit.py:521} INFO - at org.apache.spark.sql.catalyst.rules.RuleExecutor.execute(RuleExecutor.scala:231)
[2025-08-08T06:52:33.794+0000] {spark_submit.py:521} INFO - at org.apache.spark.sql.catalyst.analysis.Analyzer.org$apache$spark$sql$catalyst$analysis$Analyzer$$executeSameContext(Analyzer.scala:290)
[2025-08-08T06:52:33.794+0000] {spark_submit.py:521} INFO - at org.apache.spark.sql.catalyst.analysis.Analyzer.$anonfun$execute$1(Analyzer.scala:286)
[2025-08-08T06:52:33.794+0000] {spark_submit.py:521} INFO - at org.apache.spark.sql.catalyst.analysis.AnalysisContext$.withNewAnalysisContext(Analyzer.scala:234)
[2025-08-08T06:52:33.794+0000] {spark_submit.py:521} INFO - at org.apache.spark.sql.catalyst.analysis.Analyzer.execute(Analyzer.scala:286)
[2025-08-08T06:52:33.795+0000] {spark_submit.py:521} INFO - at org.apache.spark.sql.catalyst.analysis.Analyzer.execute(Analyzer.scala:249)
[2025-08-08T06:52:33.795+0000] {spark_submit.py:521} INFO - at org.apache.spark.sql.catalyst.rules.RuleExecutor.$anonfun$executeAndTrack$1(RuleExecutor.scala:201)
[2025-08-08T06:52:33.795+0000] {spark_submit.py:521} INFO - at org.apache.spark.sql.catalyst.QueryPlanningTracker$.withTracker(QueryPlanningTracker.scala:89)
[2025-08-08T06:52:33.795+0000] {spark_submit.py:521} INFO - at org.apache.spark.sql.catalyst.rules.RuleExecutor.executeAndTrack(RuleExecutor.scala:201)
[2025-08-08T06:52:33.795+0000] {spark_submit.py:521} INFO - at org.apache.spark.sql.catalyst.analysis.resolver.HybridAnalyzer.resolveInFixedPoint(HybridAnalyzer.scala:190)
[2025-08-08T06:52:33.795+0000] {spark_submit.py:521} INFO - at org.apache.spark.sql.catalyst.analysis.resolver.HybridAnalyzer.$anonfun$apply$1(HybridAnalyzer.scala:76)
[2025-08-08T06:52:33.795+0000] {spark_submit.py:521} INFO - at org.apache.spark.sql.catalyst.analysis.resolver.HybridAnalyzer.withTrackedAnalyzerBridgeState(HybridAnalyzer.scala:111)
[2025-08-08T06:52:33.796+0000] {spark_submit.py:521} INFO - at org.apache.spark.sql.catalyst.analysis.resolver.HybridAnalyzer.apply(HybridAnalyzer.scala:71)
[2025-08-08T06:52:33.796+0000] {spark_submit.py:521} INFO - at org.apache.spark.sql.catalyst.analysis.Analyzer.$anonfun$executeAndCheck$1(Analyzer.scala:280)
[2025-08-08T06:52:33.796+0000] {spark_submit.py:521} INFO - at org.apache.spark.sql.catalyst.plans.logical.AnalysisHelper$.markInAnalyzer(AnalysisHelper.scala:423)
[2025-08-08T06:52:33.796+0000] {spark_submit.py:521} INFO - at org.apache.spark.sql.catalyst.analysis.Analyzer.executeAndCheck(Analyzer.scala:280)
[2025-08-08T06:52:33.796+0000] {spark_submit.py:521} INFO - at org.apache.spark.sql.execution.QueryExecution.$anonfun$lazyAnalyzed$2(QueryExecution.scala:110)
[2025-08-08T06:52:33.796+0000] {spark_submit.py:521} INFO - at org.apache.spark.sql.catalyst.QueryPlanningTracker.measurePhase(QueryPlanningTracker.scala:148)
[2025-08-08T06:52:33.796+0000] {spark_submit.py:521} INFO - at org.apache.spark.sql.execution.QueryExecution.$anonfun$executePhase$2(QueryExecution.scala:278)
[2025-08-08T06:52:33.797+0000] {spark_submit.py:521} INFO - at org.apache.spark.sql.execution.QueryExecution$.withInternalError(QueryExecution.scala:654)
[2025-08-08T06:52:33.797+0000] {spark_submit.py:521} INFO - at org.apache.spark.sql.execution.QueryExecution.$anonfun$executePhase$1(QueryExecution.scala:278)
[2025-08-08T06:52:33.797+0000] {spark_submit.py:521} INFO - at org.apache.spark.sql.SparkSession.withActive(SparkSession.scala:804)
[2025-08-08T06:52:33.797+0000] {spark_submit.py:521} INFO - at org.apache.spark.sql.execution.QueryExecution.executePhase(QueryExecution.scala:277)
[2025-08-08T06:52:33.797+0000] {spark_submit.py:521} INFO - at org.apache.spark.sql.execution.QueryExecution.$anonfun$lazyAnalyzed$1(QueryExecution.scala:110)
[2025-08-08T06:52:33.797+0000] {spark_submit.py:521} INFO - at scala.util.Try$.apply(Try.scala:217)
[2025-08-08T06:52:33.798+0000] {spark_submit.py:521} INFO - at org.apache.spark.util.Utils$.doTryWithCallerStacktrace(Utils.scala:1378)
[2025-08-08T06:52:33.798+0000] {spark_submit.py:521} INFO - at org.apache.spark.util.LazyTry.tryT$lzycompute(LazyTry.scala:46)
[2025-08-08T06:52:33.798+0000] {spark_submit.py:521} INFO - at org.apache.spark.util.LazyTry.tryT(LazyTry.scala:46)
[2025-08-08T06:52:33.798+0000] {spark_submit.py:521} INFO - ... 23 more
[2025-08-08T06:52:33.798+0000] {spark_submit.py:521} INFO - Caused by: org.apache.spark.SparkException: Exception thrown in awaitResult:
[2025-08-08T06:52:33.799+0000] {spark_submit.py:521} INFO - at org.apache.spark.util.SparkThreadUtils$.awaitResult(SparkThreadUtils.scala:53)
[2025-08-08T06:52:33.799+0000] {spark_submit.py:521} INFO - at org.apache.spark.util.ThreadUtils$.awaitResult(ThreadUtils.scala:342)
[2025-08-08T06:52:33.799+0000] {spark_submit.py:521} INFO - at org.apache.spark.util.ThreadUtils$.parmap(ThreadUtils.scala:419)
[2025-08-08T06:52:33.799+0000] {spark_submit.py:521} INFO - at org.apache.spark.sql.execution.datasources.parquet.ParquetFileFormat$.readParquetFootersInParallel(ParquetFileFormat.scala:444)
[2025-08-08T06:52:33.799+0000] {spark_submit.py:521} INFO - at org.apache.spark.sql.execution.datasources.parquet.ParquetFileFormat$.$anonfun$mergeSchemasInParallel$1(ParquetFileFormat.scala:494)
[2025-08-08T06:52:33.799+0000] {spark_submit.py:521} INFO - at org.apache.spark.sql.execution.datasources.parquet.ParquetFileFormat$.$anonfun$mergeSchemasInParallel$1$adapted(ParquetFileFormat.scala:486)
[2025-08-08T06:52:33.800+0000] {spark_submit.py:521} INFO - at org.apache.spark.sql.execution.datasources.SchemaMergeUtils$.$anonfun$mergeSchemasInParallel$2(SchemaMergeUtils.scala:80)
[2025-08-08T06:52:33.800+0000] {spark_submit.py:521} INFO - at org.apache.spark.rdd.RDD.$anonfun$mapPartitions$2(RDD.scala:866)
[2025-08-08T06:52:33.800+0000] {spark_submit.py:521} INFO - at org.apache.spark.rdd.RDD.$anonfun$mapPartitions$2$adapted(RDD.scala:866)
[2025-08-08T06:52:33.800+0000] {spark_submit.py:521} INFO - at org.apache.spark.rdd.MapPartitionsRDD.compute(MapPartitionsRDD.scala:52)
[2025-08-08T06:52:33.800+0000] {spark_submit.py:521} INFO - at org.apache.spark.rdd.RDD.computeOrReadCheckpoint(RDD.scala:374)
[2025-08-08T06:52:33.801+0000] {spark_submit.py:521} INFO - at org.apache.spark.rdd.RDD.iterator(RDD.scala:338)
[2025-08-08T06:52:33.801+0000] {spark_submit.py:521} INFO - at org.apache.spark.scheduler.ResultTask.runTask(ResultTask.scala:93)
[2025-08-08T06:52:33.801+0000] {spark_submit.py:521} INFO - at org.apache.spark.TaskContext.runTaskWithListeners(TaskContext.scala:171)
[2025-08-08T06:52:33.801+0000] {spark_submit.py:521} INFO - at org.apache.spark.scheduler.Task.run(Task.scala:147)
[2025-08-08T06:52:33.801+0000] {spark_submit.py:521} INFO - at org.apache.spark.executor.Executor$TaskRunner.$anonfun$run$5(Executor.scala:647)
[2025-08-08T06:52:33.802+0000] {spark_submit.py:521} INFO - at org.apache.spark.util.SparkErrorUtils.tryWithSafeFinally(SparkErrorUtils.scala:80)
[2025-08-08T06:52:33.802+0000] {spark_submit.py:521} INFO - at org.apache.spark.util.SparkErrorUtils.tryWithSafeFinally$(SparkErrorUtils.scala:77)
[2025-08-08T06:52:33.802+0000] {spark_submit.py:521} INFO - at org.apache.spark.util.Utils$.tryWithSafeFinally(Utils.scala:99)
[2025-08-08T06:52:33.802+0000] {spark_submit.py:521} INFO - at org.apache.spark.executor.Executor$TaskRunner.run(Executor.scala:650)
[2025-08-08T06:52:33.802+0000] {spark_submit.py:521} INFO - at java.base/java.util.concurrent.ThreadPoolExecutor.runWorker(Unknown Source)
[2025-08-08T06:52:33.802+0000] {spark_submit.py:521} INFO - at java.base/java.util.concurrent.ThreadPoolExecutor$Worker.run(Unknown Source)
[2025-08-08T06:52:33.803+0000] {spark_submit.py:521} INFO - at java.base/java.lang.Thread.run(Unknown Source)
[2025-08-08T06:52:33.803+0000] {spark_submit.py:521} INFO - Caused by: java.io.FileNotFoundException: File file:/opt/data/bronze/topcv/topcv_jobs.parquet/xl.meta does not exist
[2025-08-08T06:52:33.803+0000] {spark_submit.py:521} INFO - at org.apache.hadoop.fs.RawLocalFileSystem.deprecatedGetFileStatus(RawLocalFileSystem.java:917)
[2025-08-08T06:52:33.803+0000] {spark_submit.py:521} INFO - at org.apache.hadoop.fs.RawLocalFileSystem.getFileLinkStatusInternal(RawLocalFileSystem.java:1238)
[2025-08-08T06:52:33.804+0000] {spark_submit.py:521} INFO - at org.apache.hadoop.fs.RawLocalFileSystem.getFileStatus(RawLocalFileSystem.java:907)
[2025-08-08T06:52:33.804+0000] {spark_submit.py:521} INFO - at org.apache.hadoop.fs.FilterFileSystem.getFileStatus(FilterFileSystem.java:462)
[2025-08-08T06:52:33.804+0000] {spark_submit.py:521} INFO - at org.apache.hadoop.fs.ChecksumFileSystem$ChecksumFSInputChecker.<init>(ChecksumFileSystem.java:189)
[2025-08-08T06:52:33.804+0000] {spark_submit.py:521} INFO - at org.apache.hadoop.fs.ChecksumFileSystem.open(ChecksumFileSystem.java:572)
[2025-08-08T06:52:33.804+0000] {spark_submit.py:521} INFO - at org.apache.hadoop.fs.FileSystem.open(FileSystem.java:997)
[2025-08-08T06:52:33.804+0000] {spark_submit.py:521} INFO - at org.apache.parquet.hadoop.util.HadoopInputFile.newStream(HadoopInputFile.java:75)
[2025-08-08T06:52:33.805+0000] {spark_submit.py:521} INFO - at org.apache.parquet.hadoop.ParquetFileReader.<init>(ParquetFileReader.java:925)
[2025-08-08T06:52:33.805+0000] {spark_submit.py:521} INFO - at org.apache.parquet.hadoop.ParquetFileReader.open(ParquetFileReader.java:710)
[2025-08-08T06:52:33.805+0000] {spark_submit.py:521} INFO - at org.apache.spark.sql.execution.datasources.parquet.ParquetFooterReader.readFooter(ParquetFooterReader.java:85)
[2025-08-08T06:52:33.805+0000] {spark_submit.py:521} INFO - at org.apache.spark.sql.execution.datasources.parquet.ParquetFooterReader.readFooter(ParquetFooterReader.java:76)
[2025-08-08T06:52:33.805+0000] {spark_submit.py:521} INFO - at org.apache.spark.sql.execution.datasources.parquet.ParquetFileFormat$.$anonfun$readParquetFootersInParallel$1(ParquetFileFormat.scala:451)
[2025-08-08T06:52:33.805+0000] {spark_submit.py:521} INFO - at org.apache.spark.util.ThreadUtils$.$anonfun$parmap$2(ThreadUtils.scala:416)
[2025-08-08T06:52:33.806+0000] {spark_submit.py:521} INFO - at scala.concurrent.Future$.$anonfun$apply$1(Future.scala:687)
[2025-08-08T06:52:33.806+0000] {spark_submit.py:521} INFO - at scala.concurrent.impl.Promise$Transformation.run(Promise.scala:467)
[2025-08-08T06:52:33.806+0000] {spark_submit.py:521} INFO - at java.base/java.util.concurrent.ForkJoinTask$RunnableExecuteAction.exec(Unknown Source)
[2025-08-08T06:52:33.806+0000] {spark_submit.py:521} INFO - at java.base/java.util.concurrent.ForkJoinTask.doExec(Unknown Source)
[2025-08-08T06:52:33.806+0000] {spark_submit.py:521} INFO - at java.base/java.util.concurrent.ForkJoinPool$WorkQueue.topLevelExec(Unknown Source)
[2025-08-08T06:52:33.806+0000] {spark_submit.py:521} INFO - at java.base/java.util.concurrent.ForkJoinPool.scan(Unknown Source)
[2025-08-08T06:52:33.806+0000] {spark_submit.py:521} INFO - at java.base/java.util.concurrent.ForkJoinPool.runWorker(Unknown Source)
[2025-08-08T06:52:33.807+0000] {spark_submit.py:521} INFO - at java.base/java.util.concurrent.ForkJoinWorkerThread.run(Unknown Source)
[2025-08-08T06:52:33.807+0000] {spark_submit.py:521} INFO - 
[2025-08-08T06:52:34.138+0000] {spark_submit.py:521} INFO - 25/08/08 06:52:34 INFO SparkContext: Invoking stop() from shutdown hook
[2025-08-08T06:52:34.140+0000] {spark_submit.py:521} INFO - 25/08/08 06:52:34 INFO SparkContext: SparkContext is stopping with exitCode 0 from run at Executors.java:539.
[2025-08-08T06:52:34.160+0000] {spark_submit.py:521} INFO - 25/08/08 06:52:34 INFO SparkUI: Stopped Spark web UI at http://0d9cbc3d310d:4040
[2025-08-08T06:52:34.163+0000] {spark_submit.py:521} INFO - 25/08/08 06:52:34 INFO StandaloneSchedulerBackend: Shutting down all executors
[2025-08-08T06:52:34.164+0000] {spark_submit.py:521} INFO - 25/08/08 06:52:34 INFO StandaloneSchedulerBackend$StandaloneDriverEndpoint: Asking each executor to shut down
[2025-08-08T06:52:34.212+0000] {spark_submit.py:521} INFO - 25/08/08 06:52:34 INFO MapOutputTrackerMasterEndpoint: MapOutputTrackerMasterEndpoint stopped!
[2025-08-08T06:52:34.315+0000] {spark_submit.py:521} INFO - 25/08/08 06:52:34 INFO MemoryStore: MemoryStore cleared
[2025-08-08T06:52:34.316+0000] {spark_submit.py:521} INFO - 25/08/08 06:52:34 INFO BlockManager: BlockManager stopped
[2025-08-08T06:52:34.327+0000] {spark_submit.py:521} INFO - 25/08/08 06:52:34 INFO BlockManagerMaster: BlockManagerMaster stopped
[2025-08-08T06:52:34.332+0000] {spark_submit.py:521} INFO - 25/08/08 06:52:34 INFO OutputCommitCoordinator$OutputCommitCoordinatorEndpoint: OutputCommitCoordinator stopped!
[2025-08-08T06:52:34.350+0000] {spark_submit.py:521} INFO - 25/08/08 06:52:34 INFO SparkContext: Successfully stopped SparkContext
[2025-08-08T06:52:34.351+0000] {spark_submit.py:521} INFO - 25/08/08 06:52:34 INFO ShutdownHookManager: Shutdown hook called
[2025-08-08T06:52:34.351+0000] {spark_submit.py:521} INFO - 25/08/08 06:52:34 INFO ShutdownHookManager: Deleting directory /tmp/spark-3e28e318-a2b7-4b07-905e-c844182044ef/pyspark-91415eb6-a145-4d86-8c33-4ef96f85e650
[2025-08-08T06:52:34.356+0000] {spark_submit.py:521} INFO - 25/08/08 06:52:34 INFO ShutdownHookManager: Deleting directory /tmp/spark-f57822a3-4fd1-4691-b7ab-06efc2bbcdf9
[2025-08-08T06:52:34.364+0000] {spark_submit.py:521} INFO - 25/08/08 06:52:34 INFO ShutdownHookManager: Deleting directory /tmp/spark-3e28e318-a2b7-4b07-905e-c844182044ef
[2025-08-08T06:52:34.426+0000] {taskinstance.py:441} INFO - ::group::Post task execution logs
[2025-08-08T06:52:34.460+0000] {taskinstance.py:2905} ERROR - Task failed with exception
Traceback (most recent call last):
  File "/home/airflow/.local/lib/python3.11/site-packages/airflow/models/taskinstance.py", line 465, in _execute_task
    result = _execute_callable(context=context, **execute_callable_kwargs)
             ^^^^^^^^^^^^^^^^^^^^^^^^^^^^^^^^^^^^^^^^^^^^^^^^^^^^^^^^^^^^^
  File "/home/airflow/.local/lib/python3.11/site-packages/airflow/models/taskinstance.py", line 432, in _execute_callable
    return execute_callable(context=context, **execute_callable_kwargs)
           ^^^^^^^^^^^^^^^^^^^^^^^^^^^^^^^^^^^^^^^^^^^^^^^^^^^^^^^^^^^^
  File "/home/airflow/.local/lib/python3.11/site-packages/airflow/models/baseoperator.py", line 400, in wrapper
    return func(self, *args, **kwargs)
           ^^^^^^^^^^^^^^^^^^^^^^^^^^^
  File "/home/airflow/.local/lib/python3.11/site-packages/airflow/providers/apache/spark/operators/spark_submit.py", line 156, in execute
    self._hook.submit(self._application)
  File "/home/airflow/.local/lib/python3.11/site-packages/airflow/providers/apache/spark/hooks/spark_submit.py", line 452, in submit
    raise AirflowException(
airflow.exceptions.AirflowException: Cannot execute: spark-submit --master spark://spark-master:7077 --jars /opt/custom-jars/hadoop-aws-3.3.6.jar,/opt/custom-jars/aws-java-sdk-bundle-1.12.621.jar --name arrow-spark --verbose --deploy-mode client /opt/spark-jobs/gold_transform.py. Error code is: 1.
[2025-08-08T06:52:34.475+0000] {taskinstance.py:1206} INFO - Marking task as FAILED. dag_id=spark_transform_topcv, task_id=submit_spark_job, run_id=manual__2025-08-08T06:51:49.665641+00:00, execution_date=20250808T065149, start_date=20250808T065157, end_date=20250808T065234
[2025-08-08T06:52:34.676+0000] {standard_task_runner.py:110} ERROR - Failed to execute job 134 for task submit_spark_job (Cannot execute: spark-submit --master spark://spark-master:7077 --jars /opt/custom-jars/hadoop-aws-3.3.6.jar,/opt/custom-jars/aws-java-sdk-bundle-1.12.621.jar --name arrow-spark --verbose --deploy-mode client /opt/spark-jobs/gold_transform.py. Error code is: 1.; 2522)
[2025-08-08T06:52:34.787+0000] {local_task_job_runner.py:240} INFO - Task exited with return code 1
[2025-08-08T06:52:34.813+0000] {taskinstance.py:3498} INFO - 0 downstream tasks scheduled from follow-on schedule check
[2025-08-08T06:52:34.817+0000] {local_task_job_runner.py:222} INFO - ::endgroup::
