[2025-09-09T16:03:53.384+0000] {local_task_job_runner.py:120} INFO - ::group::Pre task execution logs
[2025-09-09T16:03:53.437+0000] {taskinstance.py:2076} INFO - Dependencies all met for dep_context=non-requeueable deps ti=<TaskInstance: spark_transform_pipeline.silver_group.silver_vietnamworkcv_transform manual__2025-09-09T16:01:56.449781+00:00 [queued]>
[2025-09-09T16:03:53.446+0000] {taskinstance.py:2076} INFO - Dependencies all met for dep_context=requeueable deps ti=<TaskInstance: spark_transform_pipeline.silver_group.silver_vietnamworkcv_transform manual__2025-09-09T16:01:56.449781+00:00 [queued]>
[2025-09-09T16:03:53.447+0000] {taskinstance.py:2306} INFO - Starting attempt 1 of 1
[2025-09-09T16:03:53.462+0000] {taskinstance.py:2330} INFO - Executing <Task(SparkSubmitOperator): silver_group.silver_vietnamworkcv_transform> on 2025-09-09 16:01:56.449781+00:00
[2025-09-09T16:03:53.467+0000] {standard_task_runner.py:63} INFO - Started process 3599 to run task
[2025-09-09T16:03:53.473+0000] {standard_task_runner.py:90} INFO - Running: ['***', 'tasks', 'run', 'spark_transform_pipeline', 'silver_group.silver_vietnamworkcv_transform', 'manual__2025-09-09T16:01:56.449781+00:00', '--job-id', '127', '--raw', '--subdir', 'DAGS_FOLDER/etl_jobs_dag.py', '--cfg-path', '/tmp/tmp4i98t2fv']
[2025-09-09T16:03:53.477+0000] {standard_task_runner.py:91} INFO - Job 127: Subtask silver_group.silver_vietnamworkcv_transform
[2025-09-09T16:03:53.556+0000] {task_command.py:426} INFO - Running <TaskInstance: spark_transform_pipeline.silver_group.silver_vietnamworkcv_transform manual__2025-09-09T16:01:56.449781+00:00 [running]> on host 118acb478e13
[2025-09-09T16:03:53.806+0000] {taskinstance.py:2648} INFO - Exporting env vars: AIRFLOW_CTX_DAG_OWNER='***' AIRFLOW_CTX_DAG_ID='spark_transform_pipeline' AIRFLOW_CTX_TASK_ID='silver_group.silver_vietnamworkcv_transform' AIRFLOW_CTX_EXECUTION_DATE='2025-09-09T16:01:56.449781+00:00' AIRFLOW_CTX_TRY_NUMBER='1' AIRFLOW_CTX_DAG_RUN_ID='manual__2025-09-09T16:01:56.449781+00:00'
[2025-09-09T16:03:53.811+0000] {taskinstance.py:430} INFO - ::endgroup::
[2025-09-09T16:03:53.897+0000] {base.py:84} INFO - Using connection ID 'spark_default' for task execution.
[2025-09-09T16:03:53.898+0000] {spark_submit.py:351} INFO - Spark-Submit cmd: spark-submit --master spark://spark-master:7077 --conf spark.master=spark://spark-master:7077 --conf spark.hadoop.fs.s3a.impl=org.apache.hadoop.fs.s3a.S3AFileSystem --conf spark.hadoop.fs.s3a.endpoint=http://minio:9000 --conf spark.hadoop.fs.s3a.access.key=minio --conf spark.hadoop.fs.s3a.secret.key=****** --conf spark.hadoop.fs.s3a.path.style.access=true --conf spark.hadoop.fs.s3a.connection.ssl.enabled=false --packages org.apache.hadoop:hadoop-aws:3.4.1,software.amazon.awssdk:bundle:2.20.15 --name arrow-spark --verbose /opt/spark-jobs/elt/transform/silver_vietnamworkcv_transform.py
[2025-09-09T16:03:56.530+0000] {spark_submit.py:521} INFO - WARNING: Using incubator modules: jdk.incubator.vector
[2025-09-09T16:03:58.808+0000] {spark_submit.py:521} INFO - Parsed arguments:
[2025-09-09T16:03:58.808+0000] {spark_submit.py:521} INFO - master                  spark://spark-master:7077
[2025-09-09T16:03:58.809+0000] {spark_submit.py:521} INFO - remote                  null
[2025-09-09T16:03:58.809+0000] {spark_submit.py:521} INFO - deployMode              null
[2025-09-09T16:03:58.809+0000] {spark_submit.py:521} INFO - executorMemory          null
[2025-09-09T16:03:58.809+0000] {spark_submit.py:521} INFO - executorCores           null
[2025-09-09T16:03:58.809+0000] {spark_submit.py:521} INFO - totalExecutorCores      null
[2025-09-09T16:03:58.810+0000] {spark_submit.py:521} INFO - propertiesFile          null
[2025-09-09T16:03:58.810+0000] {spark_submit.py:521} INFO - driverMemory            null
[2025-09-09T16:03:58.810+0000] {spark_submit.py:521} INFO - driverCores             null
[2025-09-09T16:03:58.810+0000] {spark_submit.py:521} INFO - driverExtraClassPath    null
[2025-09-09T16:03:58.810+0000] {spark_submit.py:521} INFO - driverExtraLibraryPath  null
[2025-09-09T16:03:58.811+0000] {spark_submit.py:521} INFO - driverExtraJavaOptions  null
[2025-09-09T16:03:58.811+0000] {spark_submit.py:521} INFO - supervise               false
[2025-09-09T16:03:58.811+0000] {spark_submit.py:521} INFO - queue                   null
[2025-09-09T16:03:58.811+0000] {spark_submit.py:521} INFO - numExecutors            null
[2025-09-09T16:03:58.812+0000] {spark_submit.py:521} INFO - files                   null
[2025-09-09T16:03:58.812+0000] {spark_submit.py:521} INFO - pyFiles                 null
[2025-09-09T16:03:58.812+0000] {spark_submit.py:521} INFO - archives                null
[2025-09-09T16:03:58.812+0000] {spark_submit.py:521} INFO - mainClass               null
[2025-09-09T16:03:58.812+0000] {spark_submit.py:521} INFO - primaryResource         file:/opt/spark-jobs/elt/transform/silver_vietnamworkcv_transform.py
[2025-09-09T16:03:58.813+0000] {spark_submit.py:521} INFO - name                    arrow-spark
[2025-09-09T16:03:58.813+0000] {spark_submit.py:521} INFO - childArgs               []
[2025-09-09T16:03:58.813+0000] {spark_submit.py:521} INFO - jars                    null
[2025-09-09T16:03:58.813+0000] {spark_submit.py:521} INFO - packages                org.apache.hadoop:hadoop-aws:3.4.1,software.amazon.awssdk:bundle:2.20.15
[2025-09-09T16:03:58.813+0000] {spark_submit.py:521} INFO - packagesExclusions      null
[2025-09-09T16:03:58.813+0000] {spark_submit.py:521} INFO - repositories            null
[2025-09-09T16:03:58.813+0000] {spark_submit.py:521} INFO - verbose                 true
[2025-09-09T16:03:58.814+0000] {spark_submit.py:521} INFO - 
[2025-09-09T16:03:58.814+0000] {spark_submit.py:521} INFO - Spark properties used, including those specified through
[2025-09-09T16:03:58.814+0000] {spark_submit.py:521} INFO - --conf and those from the properties file null:
[2025-09-09T16:03:58.814+0000] {spark_submit.py:521} INFO - (spark.hadoop.fs.s3a.access.key,*********(redacted))
[2025-09-09T16:03:58.814+0000] {spark_submit.py:521} INFO - (spark.hadoop.fs.s3a.connection.ssl.enabled,false)
[2025-09-09T16:03:58.814+0000] {spark_submit.py:521} INFO - (spark.hadoop.fs.s3a.endpoint,http://minio:9000)
[2025-09-09T16:03:58.814+0000] {spark_submit.py:521} INFO - (spark.hadoop.fs.s3a.impl,org.apache.hadoop.fs.s3a.S3AFileSystem)
[2025-09-09T16:03:58.814+0000] {spark_submit.py:521} INFO - (spark.hadoop.fs.s3a.path.style.access,true)
[2025-09-09T16:03:58.815+0000] {spark_submit.py:521} INFO - (spark.hadoop.fs.s3a.secret.key,*********(redacted))
[2025-09-09T16:03:58.815+0000] {spark_submit.py:521} INFO - (spark.master,spark://spark-master:7077)
[2025-09-09T16:03:58.815+0000] {spark_submit.py:521} INFO - 
[2025-09-09T16:03:58.815+0000] {spark_submit.py:521} INFO - 
[2025-09-09T16:03:59.160+0000] {spark_submit.py:521} INFO - :: loading settings :: url = jar:file:/home/***/.local/lib/python3.11/site-packages/pyspark/jars/ivy-2.5.3.jar!/org/apache/ivy/core/settings/ivysettings.xml
[2025-09-09T16:03:59.279+0000] {spark_submit.py:521} INFO - Ivy Default Cache set to: /home/***/.ivy2.5.2/cache
[2025-09-09T16:03:59.279+0000] {spark_submit.py:521} INFO - The jars for the packages stored in: /home/***/.ivy2.5.2/jars
[2025-09-09T16:03:59.283+0000] {spark_submit.py:521} INFO - org.apache.hadoop#hadoop-aws added as a dependency
[2025-09-09T16:03:59.284+0000] {spark_submit.py:521} INFO - software.amazon.awssdk#bundle added as a dependency
[2025-09-09T16:03:59.285+0000] {spark_submit.py:521} INFO - :: resolving dependencies :: org.apache.spark#spark-submit-parent-374eb6d5-128c-4489-8c66-0e6d57c1b6af;1.0
[2025-09-09T16:03:59.285+0000] {spark_submit.py:521} INFO - confs: [default]
[2025-09-09T16:03:59.721+0000] {spark_submit.py:521} INFO - found org.apache.hadoop#hadoop-aws;3.4.1 in central
[2025-09-09T16:03:59.773+0000] {spark_submit.py:521} INFO - found software.amazon.awssdk#bundle;2.24.6 in central
[2025-09-09T16:03:59.787+0000] {spark_submit.py:521} INFO - found org.wildfly.openssl#wildfly-openssl;1.1.3.Final in central
[2025-09-09T16:03:59.857+0000] {spark_submit.py:521} INFO - :: resolution report :: resolve 557ms :: artifacts dl 14ms
[2025-09-09T16:03:59.861+0000] {spark_submit.py:521} INFO - :: modules in use:
[2025-09-09T16:03:59.879+0000] {spark_submit.py:521} INFO - org.apache.hadoop#hadoop-aws;3.4.1 from central in [default]
[2025-09-09T16:03:59.880+0000] {spark_submit.py:521} INFO - org.wildfly.openssl#wildfly-openssl;1.1.3.Final from central in [default]
[2025-09-09T16:03:59.880+0000] {spark_submit.py:521} INFO - software.amazon.awssdk#bundle;2.24.6 from central in [default]
[2025-09-09T16:03:59.880+0000] {spark_submit.py:521} INFO - :: evicted modules:
[2025-09-09T16:03:59.880+0000] {spark_submit.py:521} INFO - software.amazon.awssdk#bundle;2.20.15 by [software.amazon.awssdk#bundle;2.24.6] in [default]
[2025-09-09T16:03:59.881+0000] {spark_submit.py:521} INFO - ---------------------------------------------------------------------
[2025-09-09T16:03:59.881+0000] {spark_submit.py:521} INFO - |                  |            modules            ||   artifacts   |
[2025-09-09T16:03:59.881+0000] {spark_submit.py:521} INFO - |       conf       | number| search|dwnlded|evicted|| number|dwnlded|
[2025-09-09T16:03:59.881+0000] {spark_submit.py:521} INFO - ---------------------------------------------------------------------
[2025-09-09T16:03:59.881+0000] {spark_submit.py:521} INFO - |      default     |   4   |   0   |   0   |   1   ||   3   |   0   |
[2025-09-09T16:03:59.881+0000] {spark_submit.py:521} INFO - ---------------------------------------------------------------------
[2025-09-09T16:03:59.894+0000] {spark_submit.py:521} INFO - :: retrieving :: org.apache.spark#spark-submit-parent-374eb6d5-128c-4489-8c66-0e6d57c1b6af
[2025-09-09T16:03:59.895+0000] {spark_submit.py:521} INFO - confs: [default]
[2025-09-09T16:03:59.917+0000] {spark_submit.py:521} INFO - 0 artifacts copied, 3 already retrieved (0kB/23ms)
[2025-09-09T16:04:00.399+0000] {spark_submit.py:521} INFO - 25/09/09 16:04:00 WARN NativeCodeLoader: Unable to load native-hadoop library for your platform... using builtin-java classes where applicable
[2025-09-09T16:04:00.611+0000] {spark_submit.py:521} INFO - Main class:
[2025-09-09T16:04:00.613+0000] {spark_submit.py:521} INFO - org.apache.spark.deploy.PythonRunner
[2025-09-09T16:04:00.617+0000] {spark_submit.py:521} INFO - Arguments:
[2025-09-09T16:04:00.617+0000] {spark_submit.py:521} INFO - file:/opt/spark-jobs/elt/transform/silver_vietnamworkcv_transform.py
[2025-09-09T16:04:00.617+0000] {spark_submit.py:521} INFO - file:///home/***/.ivy2.5.2/jars/org.apache.hadoop_hadoop-aws-3.4.1.jar,file:///home/***/.ivy2.5.2/jars/software.amazon.awssdk_bundle-2.24.6.jar,file:///home/***/.ivy2.5.2/jars/org.wildfly.openssl_wildfly-openssl-1.1.3.Final.jar
[2025-09-09T16:04:00.619+0000] {spark_submit.py:521} INFO - Spark config:
[2025-09-09T16:04:00.620+0000] {spark_submit.py:521} INFO - (spark.app.name,arrow-spark)
[2025-09-09T16:04:00.623+0000] {spark_submit.py:521} INFO - (spark.app.submitTime,1757433840549)
[2025-09-09T16:04:00.628+0000] {spark_submit.py:521} INFO - (spark.files,file:///home/***/.ivy2.5.2/jars/org.apache.hadoop_hadoop-aws-3.4.1.jar,file:///home/***/.ivy2.5.2/jars/software.amazon.awssdk_bundle-2.24.6.jar,file:///home/***/.ivy2.5.2/jars/org.wildfly.openssl_wildfly-openssl-1.1.3.Final.jar)
[2025-09-09T16:04:00.639+0000] {spark_submit.py:521} INFO - (spark.hadoop.fs.s3a.access.key,*********(redacted))
[2025-09-09T16:04:00.641+0000] {spark_submit.py:521} INFO - (spark.hadoop.fs.s3a.connection.ssl.enabled,false)
[2025-09-09T16:04:00.642+0000] {spark_submit.py:521} INFO - (spark.hadoop.fs.s3a.endpoint,http://minio:9000)
[2025-09-09T16:04:00.643+0000] {spark_submit.py:521} INFO - (spark.hadoop.fs.s3a.impl,org.apache.hadoop.fs.s3a.S3AFileSystem)
[2025-09-09T16:04:00.643+0000] {spark_submit.py:521} INFO - (spark.hadoop.fs.s3a.path.style.access,true)
[2025-09-09T16:04:00.643+0000] {spark_submit.py:521} INFO - (spark.hadoop.fs.s3a.secret.key,*********(redacted))
[2025-09-09T16:04:00.644+0000] {spark_submit.py:521} INFO - (spark.jars,file:///home/***/.ivy2.5.2/jars/org.apache.hadoop_hadoop-aws-3.4.1.jar,file:///home/***/.ivy2.5.2/jars/software.amazon.awssdk_bundle-2.24.6.jar,file:///home/***/.ivy2.5.2/jars/org.wildfly.openssl_wildfly-openssl-1.1.3.Final.jar)
[2025-09-09T16:04:00.650+0000] {spark_submit.py:521} INFO - (spark.master,spark://spark-master:7077)
[2025-09-09T16:04:00.651+0000] {spark_submit.py:521} INFO - (spark.repl.local.jars,file:///home/***/.ivy2.5.2/jars/org.apache.hadoop_hadoop-aws-3.4.1.jar,file:///home/***/.ivy2.5.2/jars/software.amazon.awssdk_bundle-2.24.6.jar,file:///home/***/.ivy2.5.2/jars/org.wildfly.openssl_wildfly-openssl-1.1.3.Final.jar)
[2025-09-09T16:04:00.652+0000] {spark_submit.py:521} INFO - (spark.submit.deployMode,client)
[2025-09-09T16:04:00.653+0000] {spark_submit.py:521} INFO - (spark.submit.pyFiles,/home/***/.ivy2.5.2/jars/org.apache.hadoop_hadoop-aws-3.4.1.jar,/home/***/.ivy2.5.2/jars/software.amazon.awssdk_bundle-2.24.6.jar,/home/***/.ivy2.5.2/jars/org.wildfly.openssl_wildfly-openssl-1.1.3.Final.jar)
[2025-09-09T16:04:00.655+0000] {spark_submit.py:521} INFO - Classpath elements:
[2025-09-09T16:04:00.655+0000] {spark_submit.py:521} INFO - file:///home/***/.ivy2.5.2/jars/org.apache.hadoop_hadoop-aws-3.4.1.jar
[2025-09-09T16:04:00.656+0000] {spark_submit.py:521} INFO - file:///home/***/.ivy2.5.2/jars/software.amazon.awssdk_bundle-2.24.6.jar
[2025-09-09T16:04:00.657+0000] {spark_submit.py:521} INFO - file:///home/***/.ivy2.5.2/jars/org.wildfly.openssl_wildfly-openssl-1.1.3.Final.jar
[2025-09-09T16:04:00.658+0000] {spark_submit.py:521} INFO - 
[2025-09-09T16:04:00.658+0000] {spark_submit.py:521} INFO - 
[2025-09-09T16:04:02.758+0000] {spark_submit.py:521} INFO - Using Spark's default log4j profile: org/apache/spark/log4j2-defaults.properties
[2025-09-09T16:04:02.764+0000] {spark_submit.py:521} INFO - 25/09/09 16:04:02 INFO SparkContext: Running Spark version 4.0.1
[2025-09-09T16:04:02.766+0000] {spark_submit.py:521} INFO - 25/09/09 16:04:02 INFO SparkContext: OS info Linux, 5.15.167.4-microsoft-standard-WSL2, amd64
[2025-09-09T16:04:02.767+0000] {spark_submit.py:521} INFO - 25/09/09 16:04:02 INFO SparkContext: Java version 17.0.16
[2025-09-09T16:04:02.795+0000] {spark_submit.py:521} INFO - 25/09/09 16:04:02 INFO ResourceUtils: ==============================================================
[2025-09-09T16:04:02.796+0000] {spark_submit.py:521} INFO - 25/09/09 16:04:02 INFO ResourceUtils: No custom resources configured for spark.driver.
[2025-09-09T16:04:02.797+0000] {spark_submit.py:521} INFO - 25/09/09 16:04:02 INFO ResourceUtils: ==============================================================
[2025-09-09T16:04:02.797+0000] {spark_submit.py:521} INFO - 25/09/09 16:04:02 INFO SparkContext: Submitted application: TransformTest
[2025-09-09T16:04:02.824+0000] {spark_submit.py:521} INFO - 25/09/09 16:04:02 INFO ResourceProfile: Default ResourceProfile created, executor resources: Map(cores -> name: cores, amount: 1, script: , vendor: , memory -> name: memory, amount: 1024, script: , vendor: , offHeap -> name: offHeap, amount: 0, script: , vendor: ), task resources: Map(cpus -> name: cpus, amount: 1.0)
[2025-09-09T16:04:02.827+0000] {spark_submit.py:521} INFO - 25/09/09 16:04:02 INFO ResourceProfile: Limiting resource is cpu
[2025-09-09T16:04:02.828+0000] {spark_submit.py:521} INFO - 25/09/09 16:04:02 INFO ResourceProfileManager: Added ResourceProfile id: 0
[2025-09-09T16:04:02.883+0000] {spark_submit.py:521} INFO - 25/09/09 16:04:02 INFO SecurityManager: Changing view acls to: ***
[2025-09-09T16:04:02.884+0000] {spark_submit.py:521} INFO - 25/09/09 16:04:02 INFO SecurityManager: Changing modify acls to: ***
[2025-09-09T16:04:02.884+0000] {spark_submit.py:521} INFO - 25/09/09 16:04:02 INFO SecurityManager: Changing view acls groups to: ***
[2025-09-09T16:04:02.884+0000] {spark_submit.py:521} INFO - 25/09/09 16:04:02 INFO SecurityManager: Changing modify acls groups to: ***
[2025-09-09T16:04:02.887+0000] {spark_submit.py:521} INFO - 25/09/09 16:04:02 INFO SecurityManager: SecurityManager: authentication disabled; ui acls disabled; users with view permissions: *** groups with view permissions: EMPTY; users with modify permissions: ***; groups with modify permissions: EMPTY; RPC SSL disabled
[2025-09-09T16:04:03.129+0000] {spark_submit.py:521} INFO - 25/09/09 16:04:03 INFO Utils: Successfully started service 'sparkDriver' on port 38099.
[2025-09-09T16:04:03.158+0000] {spark_submit.py:521} INFO - 25/09/09 16:04:03 INFO SparkEnv: Registering MapOutputTracker
[2025-09-09T16:04:03.176+0000] {spark_submit.py:521} INFO - 25/09/09 16:04:03 INFO SparkEnv: Registering BlockManagerMaster
[2025-09-09T16:04:03.191+0000] {spark_submit.py:521} INFO - 25/09/09 16:04:03 INFO BlockManagerMasterEndpoint: Using org.apache.spark.storage.DefaultTopologyMapper for getting topology information
[2025-09-09T16:04:03.192+0000] {spark_submit.py:521} INFO - 25/09/09 16:04:03 INFO BlockManagerMasterEndpoint: BlockManagerMasterEndpoint up
[2025-09-09T16:04:03.196+0000] {spark_submit.py:521} INFO - 25/09/09 16:04:03 INFO SparkEnv: Registering BlockManagerMasterHeartbeat
[2025-09-09T16:04:03.221+0000] {spark_submit.py:521} INFO - 25/09/09 16:04:03 INFO DiskBlockManager: Created local directory at /tmp/blockmgr-896f27bb-a4b0-4de3-b8ea-08d9fe9c8d9b
[2025-09-09T16:04:03.243+0000] {spark_submit.py:521} INFO - 25/09/09 16:04:03 INFO SparkEnv: Registering OutputCommitCoordinator
[2025-09-09T16:04:03.404+0000] {spark_submit.py:521} INFO - 25/09/09 16:04:03 INFO JettyUtils: Start Jetty 0.0.0.0:4040 for SparkUI
[2025-09-09T16:04:03.497+0000] {spark_submit.py:521} INFO - 25/09/09 16:04:03 INFO Utils: Successfully started service 'SparkUI' on port 4040.
[2025-09-09T16:04:03.545+0000] {spark_submit.py:521} INFO - 25/09/09 16:04:03 INFO SparkContext: Added JAR file:///home/***/.ivy2.5.2/jars/org.apache.hadoop_hadoop-aws-3.4.1.jar at spark://118acb478e13:38099/jars/org.apache.hadoop_hadoop-aws-3.4.1.jar with timestamp 1757433842751
[2025-09-09T16:04:03.545+0000] {spark_submit.py:521} INFO - 25/09/09 16:04:03 INFO SparkContext: Added JAR file:///home/***/.ivy2.5.2/jars/software.amazon.awssdk_bundle-2.24.6.jar at spark://118acb478e13:38099/jars/software.amazon.awssdk_bundle-2.24.6.jar with timestamp 1757433842751
[2025-09-09T16:04:03.546+0000] {spark_submit.py:521} INFO - 25/09/09 16:04:03 INFO SparkContext: Added JAR file:///home/***/.ivy2.5.2/jars/org.wildfly.openssl_wildfly-openssl-1.1.3.Final.jar at spark://118acb478e13:38099/jars/org.wildfly.openssl_wildfly-openssl-1.1.3.Final.jar with timestamp 1757433842751
[2025-09-09T16:04:03.550+0000] {spark_submit.py:521} INFO - 25/09/09 16:04:03 INFO SparkContext: Added file file:///home/***/.ivy2.5.2/jars/org.apache.hadoop_hadoop-aws-3.4.1.jar at file:///home/***/.ivy2.5.2/jars/org.apache.hadoop_hadoop-aws-3.4.1.jar with timestamp 1757433842751
[2025-09-09T16:04:03.551+0000] {spark_submit.py:521} INFO - 25/09/09 16:04:03 INFO Utils: Copying /home/***/.ivy2.5.2/jars/org.apache.hadoop_hadoop-aws-3.4.1.jar to /tmp/spark-2ac9760d-8b27-467f-94d5-6e0ecd1488b3/userFiles-95d71e75-ad2e-4a15-b967-ef2f35bdfb1f/org.apache.hadoop_hadoop-aws-3.4.1.jar
[2025-09-09T16:04:03.581+0000] {spark_submit.py:521} INFO - 25/09/09 16:04:03 INFO SparkContext: Added file file:///home/***/.ivy2.5.2/jars/software.amazon.awssdk_bundle-2.24.6.jar at file:///home/***/.ivy2.5.2/jars/software.amazon.awssdk_bundle-2.24.6.jar with timestamp 1757433842751
[2025-09-09T16:04:03.585+0000] {spark_submit.py:521} INFO - 25/09/09 16:04:03 INFO Utils: Copying /home/***/.ivy2.5.2/jars/software.amazon.awssdk_bundle-2.24.6.jar to /tmp/spark-2ac9760d-8b27-467f-94d5-6e0ecd1488b3/userFiles-95d71e75-ad2e-4a15-b967-ef2f35bdfb1f/software.amazon.awssdk_bundle-2.24.6.jar
[2025-09-09T16:04:24.097+0000] {spark_submit.py:521} INFO - 25/09/09 16:04:24 INFO SparkContext: Added file file:///home/***/.ivy2.5.2/jars/org.wildfly.openssl_wildfly-openssl-1.1.3.Final.jar at file:///home/***/.ivy2.5.2/jars/org.wildfly.openssl_wildfly-openssl-1.1.3.Final.jar with timestamp 1757433842751
[2025-09-09T16:04:24.100+0000] {spark_submit.py:521} INFO - 25/09/09 16:04:24 INFO Utils: Copying /home/***/.ivy2.5.2/jars/org.wildfly.openssl_wildfly-openssl-1.1.3.Final.jar to /tmp/spark-2ac9760d-8b27-467f-94d5-6e0ecd1488b3/userFiles-95d71e75-ad2e-4a15-b967-ef2f35bdfb1f/org.wildfly.openssl_wildfly-openssl-1.1.3.Final.jar
[2025-09-09T16:04:24.217+0000] {spark_submit.py:521} INFO - 25/09/09 16:04:24 INFO SecurityManager: Changing view acls to: ***
[2025-09-09T16:04:24.218+0000] {spark_submit.py:521} INFO - 25/09/09 16:04:24 INFO SecurityManager: Changing modify acls to: ***
[2025-09-09T16:04:24.218+0000] {spark_submit.py:521} INFO - 25/09/09 16:04:24 INFO SecurityManager: Changing view acls groups to: ***
[2025-09-09T16:04:24.219+0000] {spark_submit.py:521} INFO - 25/09/09 16:04:24 INFO SecurityManager: Changing modify acls groups to: ***
[2025-09-09T16:04:24.219+0000] {spark_submit.py:521} INFO - 25/09/09 16:04:24 INFO SecurityManager: SecurityManager: authentication disabled; ui acls disabled; users with view permissions: *** groups with view permissions: EMPTY; users with modify permissions: ***; groups with modify permissions: EMPTY; RPC SSL disabled
[2025-09-09T16:04:24.657+0000] {spark_submit.py:521} INFO - 25/09/09 16:04:24 INFO Executor: Starting executor ID driver on host 118acb478e13
[2025-09-09T16:04:24.658+0000] {spark_submit.py:521} INFO - 25/09/09 16:04:24 INFO Executor: OS info Linux, 5.15.167.4-microsoft-standard-WSL2, amd64
[2025-09-09T16:04:24.658+0000] {spark_submit.py:521} INFO - 25/09/09 16:04:24 INFO Executor: Java version 17.0.16
[2025-09-09T16:04:24.711+0000] {spark_submit.py:521} INFO - 25/09/09 16:04:24 INFO Executor: Starting executor with user classpath (userClassPathFirst = false): ''
[2025-09-09T16:04:24.714+0000] {spark_submit.py:521} INFO - 25/09/09 16:04:24 INFO Executor: Created or updated repl class loader org.apache.spark.util.MutableURLClassLoader@51307d6d for default.
[2025-09-09T16:04:24.739+0000] {spark_submit.py:521} INFO - 25/09/09 16:04:24 INFO Executor: Fetching file:///home/***/.ivy2.5.2/jars/org.wildfly.openssl_wildfly-openssl-1.1.3.Final.jar with timestamp 1757433842751
[2025-09-09T16:04:24.805+0000] {spark_submit.py:521} INFO - 25/09/09 16:04:24 INFO Utils: /home/***/.ivy2.5.2/jars/org.wildfly.openssl_wildfly-openssl-1.1.3.Final.jar has been previously copied to /tmp/spark-2ac9760d-8b27-467f-94d5-6e0ecd1488b3/userFiles-95d71e75-ad2e-4a15-b967-ef2f35bdfb1f/org.wildfly.openssl_wildfly-openssl-1.1.3.Final.jar
[2025-09-09T16:04:24.847+0000] {spark_submit.py:521} INFO - 25/09/09 16:04:24 INFO Executor: Fetching file:///home/***/.ivy2.5.2/jars/org.apache.hadoop_hadoop-aws-3.4.1.jar with timestamp 1757433842751
[2025-09-09T16:04:24.849+0000] {spark_submit.py:521} INFO - 25/09/09 16:04:24 INFO Utils: /home/***/.ivy2.5.2/jars/org.apache.hadoop_hadoop-aws-3.4.1.jar has been previously copied to /tmp/spark-2ac9760d-8b27-467f-94d5-6e0ecd1488b3/userFiles-95d71e75-ad2e-4a15-b967-ef2f35bdfb1f/org.apache.hadoop_hadoop-aws-3.4.1.jar
[2025-09-09T16:04:24.864+0000] {spark_submit.py:521} INFO - 25/09/09 16:04:24 INFO Executor: Fetching file:///home/***/.ivy2.5.2/jars/software.amazon.awssdk_bundle-2.24.6.jar with timestamp 1757433842751
[2025-09-09T16:04:25.288+0000] {spark_submit.py:521} INFO - 25/09/09 16:04:25 INFO Utils: /home/***/.ivy2.5.2/jars/software.amazon.awssdk_bundle-2.24.6.jar has been previously copied to /tmp/spark-2ac9760d-8b27-467f-94d5-6e0ecd1488b3/userFiles-95d71e75-ad2e-4a15-b967-ef2f35bdfb1f/software.amazon.awssdk_bundle-2.24.6.jar
[2025-09-09T16:04:25.346+0000] {spark_submit.py:521} INFO - 25/09/09 16:04:25 INFO Executor: Fetching spark://118acb478e13:38099/jars/org.apache.hadoop_hadoop-aws-3.4.1.jar with timestamp 1757433842751
[2025-09-09T16:04:25.449+0000] {spark_submit.py:521} INFO - 25/09/09 16:04:25 INFO TransportClientFactory: Successfully created connection to 118acb478e13/172.18.0.9:38099 after 73 ms (0 ms spent in bootstraps)
[2025-09-09T16:04:25.458+0000] {spark_submit.py:521} INFO - 25/09/09 16:04:25 INFO Utils: Fetching spark://118acb478e13:38099/jars/org.apache.hadoop_hadoop-aws-3.4.1.jar to /tmp/spark-2ac9760d-8b27-467f-94d5-6e0ecd1488b3/userFiles-95d71e75-ad2e-4a15-b967-ef2f35bdfb1f/fetchFileTemp564438078177965671.tmp
[2025-09-09T16:04:25.505+0000] {spark_submit.py:521} INFO - 25/09/09 16:04:25 INFO Utils: /tmp/spark-2ac9760d-8b27-467f-94d5-6e0ecd1488b3/userFiles-95d71e75-ad2e-4a15-b967-ef2f35bdfb1f/fetchFileTemp564438078177965671.tmp has been previously copied to /tmp/spark-2ac9760d-8b27-467f-94d5-6e0ecd1488b3/userFiles-95d71e75-ad2e-4a15-b967-ef2f35bdfb1f/org.apache.hadoop_hadoop-aws-3.4.1.jar
[2025-09-09T16:04:25.527+0000] {spark_submit.py:521} INFO - 25/09/09 16:04:25 INFO Executor: Adding file:/tmp/spark-2ac9760d-8b27-467f-94d5-6e0ecd1488b3/userFiles-95d71e75-ad2e-4a15-b967-ef2f35bdfb1f/org.apache.hadoop_hadoop-aws-3.4.1.jar to class loader default
[2025-09-09T16:04:25.528+0000] {spark_submit.py:521} INFO - 25/09/09 16:04:25 INFO Executor: Fetching spark://118acb478e13:38099/jars/software.amazon.awssdk_bundle-2.24.6.jar with timestamp 1757433842751
[2025-09-09T16:04:25.529+0000] {spark_submit.py:521} INFO - 25/09/09 16:04:25 INFO Utils: Fetching spark://118acb478e13:38099/jars/software.amazon.awssdk_bundle-2.24.6.jar to /tmp/spark-2ac9760d-8b27-467f-94d5-6e0ecd1488b3/userFiles-95d71e75-ad2e-4a15-b967-ef2f35bdfb1f/fetchFileTemp13970701412496953898.tmp
[2025-09-09T16:04:32.389+0000] {spark_submit.py:521} INFO - 25/09/09 16:04:32 INFO Utils: /tmp/spark-2ac9760d-8b27-467f-94d5-6e0ecd1488b3/userFiles-95d71e75-ad2e-4a15-b967-ef2f35bdfb1f/fetchFileTemp13970701412496953898.tmp has been previously copied to /tmp/spark-2ac9760d-8b27-467f-94d5-6e0ecd1488b3/userFiles-95d71e75-ad2e-4a15-b967-ef2f35bdfb1f/software.amazon.awssdk_bundle-2.24.6.jar
[2025-09-09T16:04:36.387+0000] {spark_submit.py:521} INFO - 25/09/09 16:04:36 INFO Executor: Adding file:/tmp/spark-2ac9760d-8b27-467f-94d5-6e0ecd1488b3/userFiles-95d71e75-ad2e-4a15-b967-ef2f35bdfb1f/software.amazon.awssdk_bundle-2.24.6.jar to class loader default
[2025-09-09T16:04:36.391+0000] {spark_submit.py:521} INFO - 25/09/09 16:04:36 INFO Executor: Fetching spark://118acb478e13:38099/jars/org.wildfly.openssl_wildfly-openssl-1.1.3.Final.jar with timestamp 1757433842751
[2025-09-09T16:04:36.393+0000] {spark_submit.py:521} INFO - 25/09/09 16:04:36 INFO Utils: Fetching spark://118acb478e13:38099/jars/org.wildfly.openssl_wildfly-openssl-1.1.3.Final.jar to /tmp/spark-2ac9760d-8b27-467f-94d5-6e0ecd1488b3/userFiles-95d71e75-ad2e-4a15-b967-ef2f35bdfb1f/fetchFileTemp60442074957346202.tmp
[2025-09-09T16:04:36.396+0000] {spark_submit.py:521} INFO - 25/09/09 16:04:36 INFO Utils: /tmp/spark-2ac9760d-8b27-467f-94d5-6e0ecd1488b3/userFiles-95d71e75-ad2e-4a15-b967-ef2f35bdfb1f/fetchFileTemp60442074957346202.tmp has been previously copied to /tmp/spark-2ac9760d-8b27-467f-94d5-6e0ecd1488b3/userFiles-95d71e75-ad2e-4a15-b967-ef2f35bdfb1f/org.wildfly.openssl_wildfly-openssl-1.1.3.Final.jar
[2025-09-09T16:04:36.444+0000] {spark_submit.py:521} INFO - 25/09/09 16:04:36 INFO Executor: Adding file:/tmp/spark-2ac9760d-8b27-467f-94d5-6e0ecd1488b3/userFiles-95d71e75-ad2e-4a15-b967-ef2f35bdfb1f/org.wildfly.openssl_wildfly-openssl-1.1.3.Final.jar to class loader default
[2025-09-09T16:04:36.493+0000] {spark_submit.py:521} INFO - 25/09/09 16:04:36 INFO Utils: Successfully started service 'org.apache.spark.network.netty.NettyBlockTransferService' on port 43449.
[2025-09-09T16:04:36.493+0000] {spark_submit.py:521} INFO - 25/09/09 16:04:36 INFO NettyBlockTransferService: Server created on 118acb478e13:43449
[2025-09-09T16:04:36.497+0000] {spark_submit.py:521} INFO - 25/09/09 16:04:36 INFO BlockManager: Using org.apache.spark.storage.RandomBlockReplicationPolicy for block replication policy
[2025-09-09T16:04:36.534+0000] {spark_submit.py:521} INFO - 25/09/09 16:04:36 INFO BlockManagerMaster: Registering BlockManager BlockManagerId(driver, 118acb478e13, 43449, None)
[2025-09-09T16:04:36.542+0000] {spark_submit.py:521} INFO - 25/09/09 16:04:36 INFO BlockManagerMasterEndpoint: Registering block manager 118acb478e13:43449 with 434.4 MiB RAM, BlockManagerId(driver, 118acb478e13, 43449, None)
[2025-09-09T16:04:36.547+0000] {spark_submit.py:521} INFO - 25/09/09 16:04:36 INFO BlockManagerMaster: Registered BlockManager BlockManagerId(driver, 118acb478e13, 43449, None)
[2025-09-09T16:04:36.550+0000] {spark_submit.py:521} INFO - 25/09/09 16:04:36 INFO BlockManager: Initialized BlockManager: BlockManagerId(driver, 118acb478e13, 43449, None)
[2025-09-09T16:04:40.507+0000] {spark_submit.py:521} INFO - 25/09/09 16:04:40 INFO SharedState: Setting hive.metastore.warehouse.dir ('null') to the value of spark.sql.warehouse.dir.
[2025-09-09T16:04:40.510+0000] {spark_submit.py:521} INFO - 25/09/09 16:04:40 INFO SharedState: Warehouse path is 'file:/opt/***/spark-warehouse'.
[2025-09-09T16:04:41.704+0000] {spark_submit.py:521} INFO - 25/09/09 16:04:41 WARN MetricsConfig: Cannot locate configuration: tried hadoop-metrics2-s3a-file-system.properties,hadoop-metrics2.properties
[2025-09-09T16:04:41.716+0000] {spark_submit.py:521} INFO - 25/09/09 16:04:41 INFO MetricsSystemImpl: Scheduled Metric snapshot period at 10 second(s).
[2025-09-09T16:04:41.717+0000] {spark_submit.py:521} INFO - 25/09/09 16:04:41 INFO MetricsSystemImpl: s3a-file-system metrics system started
[2025-09-09T16:04:41.797+0000] {spark_submit.py:521} INFO - SLF4J: Failed to load class "org.slf4j.impl.StaticLoggerBinder".
[2025-09-09T16:04:41.798+0000] {spark_submit.py:521} INFO - SLF4J: Defaulting to no-operation (NOP) logger implementation
[2025-09-09T16:04:41.798+0000] {spark_submit.py:521} INFO - SLF4J: See http://www.slf4j.org/codes.html#StaticLoggerBinder for further details.
[2025-09-09T16:04:42.938+0000] {spark_submit.py:521} INFO - 25/09/09 16:04:42 INFO HadoopFSUtils: Listing s3a://job/bronze/vietnamworkcv/vietnamworkcv_jobs.parquet with listFiles API
[2025-09-09T16:04:43.092+0000] {spark_submit.py:521} INFO - 25/09/09 16:04:43 INFO InMemoryFileIndex: It took 166 ms to list leaf files for 1 paths.
[2025-09-09T16:04:43.468+0000] {spark_submit.py:521} INFO - 25/09/09 16:04:43 INFO SparkContext: Starting job: parquet at NativeMethodAccessorImpl.java:0
[2025-09-09T16:04:43.486+0000] {spark_submit.py:521} INFO - 25/09/09 16:04:43 INFO DAGScheduler: Got job 0 (parquet at NativeMethodAccessorImpl.java:0) with 1 output partitions
[2025-09-09T16:04:43.490+0000] {spark_submit.py:521} INFO - 25/09/09 16:04:43 INFO DAGScheduler: Final stage: ResultStage 0 (parquet at NativeMethodAccessorImpl.java:0)
[2025-09-09T16:04:43.490+0000] {spark_submit.py:521} INFO - 25/09/09 16:04:43 INFO DAGScheduler: Parents of final stage: List()
[2025-09-09T16:04:43.494+0000] {spark_submit.py:521} INFO - 25/09/09 16:04:43 INFO DAGScheduler: Missing parents: List()
[2025-09-09T16:04:43.505+0000] {spark_submit.py:521} INFO - 25/09/09 16:04:43 INFO DAGScheduler: Submitting ResultStage 0 (MapPartitionsRDD[1] at parquet at NativeMethodAccessorImpl.java:0), which has no missing parents
[2025-09-09T16:04:43.590+0000] {spark_submit.py:521} INFO - 25/09/09 16:04:43 INFO MemoryStore: MemoryStore started with capacity 434.4 MiB
[2025-09-09T16:04:43.607+0000] {spark_submit.py:521} INFO - 25/09/09 16:04:43 INFO MemoryStore: Block broadcast_0 stored as values in memory (estimated size 117.1 KiB, free 434.3 MiB)
[2025-09-09T16:04:43.681+0000] {spark_submit.py:521} INFO - 25/09/09 16:04:43 INFO MemoryStore: Block broadcast_0_piece0 stored as bytes in memory (estimated size 42.1 KiB, free 434.2 MiB)
[2025-09-09T16:04:43.697+0000] {spark_submit.py:521} INFO - 25/09/09 16:04:43 INFO SparkContext: Created broadcast 0 from broadcast at DAGScheduler.scala:1676
[2025-09-09T16:04:43.733+0000] {spark_submit.py:521} INFO - 25/09/09 16:04:43 INFO DAGScheduler: Submitting 1 missing tasks from ResultStage 0 (MapPartitionsRDD[1] at parquet at NativeMethodAccessorImpl.java:0) (first 15 tasks are for partitions Vector(0))
[2025-09-09T16:04:43.738+0000] {spark_submit.py:521} INFO - 25/09/09 16:04:43 INFO TaskSchedulerImpl: Adding task set 0.0 with 1 tasks resource profile 0
[2025-09-09T16:04:43.840+0000] {spark_submit.py:521} INFO - 25/09/09 16:04:43 INFO TaskSetManager: Starting task 0.0 in stage 0.0 (TID 0) (118acb478e13,executor driver, partition 0, PROCESS_LOCAL, 10759 bytes)
[2025-09-09T16:04:43.896+0000] {spark_submit.py:521} INFO - 25/09/09 16:04:43 INFO Executor: Running task 0.0 in stage 0.0 (TID 0)
[2025-09-09T16:04:44.907+0000] {spark_submit.py:521} INFO - 25/09/09 16:04:44 INFO Executor: Finished task 0.0 in stage 0.0 (TID 0). 7214 bytes result sent to driver
[2025-09-09T16:04:44.925+0000] {spark_submit.py:521} INFO - 25/09/09 16:04:44 INFO TaskSetManager: Finished task 0.0 in stage 0.0 (TID 0) in 1126 ms on 118acb478e13 (executor driver) (1/1)
[2025-09-09T16:04:44.929+0000] {spark_submit.py:521} INFO - 25/09/09 16:04:44 INFO TaskSchedulerImpl: Removed TaskSet 0.0 whose tasks have all completed, from pool
[2025-09-09T16:04:44.940+0000] {spark_submit.py:521} INFO - 25/09/09 16:04:44 INFO DAGScheduler: ResultStage 0 (parquet at NativeMethodAccessorImpl.java:0) finished in 1407 ms
[2025-09-09T16:04:44.943+0000] {spark_submit.py:521} INFO - 25/09/09 16:04:44 INFO DAGScheduler: Job 0 is finished. Cancelling potential speculative or zombie tasks for this job
[2025-09-09T16:04:44.944+0000] {spark_submit.py:521} INFO - 25/09/09 16:04:44 INFO TaskSchedulerImpl: Canceling stage 0
[2025-09-09T16:04:44.947+0000] {spark_submit.py:521} INFO - 25/09/09 16:04:44 INFO TaskSchedulerImpl: Killing all running tasks in stage 0: Stage finished
[2025-09-09T16:04:44.951+0000] {spark_submit.py:521} INFO - 25/09/09 16:04:44 INFO DAGScheduler: Job 0 finished: parquet at NativeMethodAccessorImpl.java:0, took 1482.448029 ms
[2025-09-09T16:04:46.550+0000] {spark_submit.py:521} INFO - 25/09/09 16:04:46 INFO FileSourceStrategy: Pushed Filters:
[2025-09-09T16:04:46.552+0000] {spark_submit.py:521} INFO - 25/09/09 16:04:46 INFO FileSourceStrategy: Post-Scan Filters: Set()
[2025-09-09T16:04:46.983+0000] {spark_submit.py:521} INFO - 25/09/09 16:04:46 INFO CodeGenerator: Code generated in 188.567117 ms
[2025-09-09T16:04:47.068+0000] {spark_submit.py:521} INFO - 25/09/09 16:04:47 INFO CodeGenerator: Code generated in 47.24241 ms
[2025-09-09T16:04:47.087+0000] {spark_submit.py:521} INFO - 25/09/09 16:04:47 INFO MemoryStore: Block broadcast_1 stored as values in memory (estimated size 222.7 KiB, free 434.2 MiB)
[2025-09-09T16:04:47.095+0000] {spark_submit.py:521} INFO - 25/09/09 16:04:47 INFO MemoryStore: Block broadcast_1_piece0 stored as bytes in memory (estimated size 40.6 KiB, free 434.1 MiB)
[2025-09-09T16:04:47.096+0000] {spark_submit.py:521} INFO - 25/09/09 16:04:47 INFO SparkContext: Created broadcast 1 from $anonfun$withThreadLocalCaptured$2 at CompletableFuture.java:1768
[2025-09-09T16:04:47.112+0000] {spark_submit.py:521} INFO - 25/09/09 16:04:47 INFO FileSourceScanExec: Planning scan with bin packing, max size: 4194304 bytes, open cost is considered as scanning 4194304 bytes.
[2025-09-09T16:04:47.259+0000] {spark_submit.py:521} INFO - 25/09/09 16:04:47 INFO DAGScheduler: Registering RDD 10 ($anonfun$withThreadLocalCaptured$2 at CompletableFuture.java:1768) as input to shuffle 0
[2025-09-09T16:04:47.273+0000] {spark_submit.py:521} INFO - 25/09/09 16:04:47 INFO DAGScheduler: Got map stage job 1 ($anonfun$withThreadLocalCaptured$2 at CompletableFuture.java:1768) with 1 output partitions
[2025-09-09T16:04:47.274+0000] {spark_submit.py:521} INFO - 25/09/09 16:04:47 INFO DAGScheduler: Final stage: ShuffleMapStage 1 ($anonfun$withThreadLocalCaptured$2 at CompletableFuture.java:1768)
[2025-09-09T16:04:47.275+0000] {spark_submit.py:521} INFO - 25/09/09 16:04:47 INFO DAGScheduler: Parents of final stage: List()
[2025-09-09T16:04:47.276+0000] {spark_submit.py:521} INFO - 25/09/09 16:04:47 INFO DAGScheduler: Missing parents: List()
[2025-09-09T16:04:47.281+0000] {spark_submit.py:521} INFO - 25/09/09 16:04:47 INFO DAGScheduler: Submitting ShuffleMapStage 1 (MapPartitionsRDD[10] at $anonfun$withThreadLocalCaptured$2 at CompletableFuture.java:1768), which has no missing parents
[2025-09-09T16:04:47.318+0000] {spark_submit.py:521} INFO - 25/09/09 16:04:47 INFO MemoryStore: Block broadcast_2 stored as values in memory (estimated size 66.3 KiB, free 434.1 MiB)
[2025-09-09T16:04:47.321+0000] {spark_submit.py:521} INFO - 25/09/09 16:04:47 INFO MemoryStore: Block broadcast_2_piece0 stored as bytes in memory (estimated size 25.3 KiB, free 434.1 MiB)
[2025-09-09T16:04:47.323+0000] {spark_submit.py:521} INFO - 25/09/09 16:04:47 INFO SparkContext: Created broadcast 2 from broadcast at DAGScheduler.scala:1676
[2025-09-09T16:04:47.326+0000] {spark_submit.py:521} INFO - 25/09/09 16:04:47 INFO DAGScheduler: Submitting 1 missing tasks from ShuffleMapStage 1 (MapPartitionsRDD[10] at $anonfun$withThreadLocalCaptured$2 at CompletableFuture.java:1768) (first 15 tasks are for partitions Vector(0))
[2025-09-09T16:04:47.326+0000] {spark_submit.py:521} INFO - 25/09/09 16:04:47 INFO TaskSchedulerImpl: Adding task set 1.0 with 1 tasks resource profile 0
[2025-09-09T16:04:47.331+0000] {spark_submit.py:521} INFO - 25/09/09 16:04:47 INFO TaskSetManager: Starting task 0.0 in stage 1.0 (TID 1) (118acb478e13,executor driver, partition 0, PROCESS_LOCAL, 11189 bytes)
[2025-09-09T16:04:47.332+0000] {spark_submit.py:521} INFO - 25/09/09 16:04:47 INFO Executor: Running task 0.0 in stage 1.0 (TID 1)
[2025-09-09T16:04:47.505+0000] {spark_submit.py:521} INFO - 25/09/09 16:04:47 INFO CodeGenerator: Code generated in 131.851271 ms
[2025-09-09T16:04:47.558+0000] {spark_submit.py:521} INFO - 25/09/09 16:04:47 INFO CodeGenerator: Code generated in 19.14311 ms
[2025-09-09T16:04:48.690+0000] {spark_submit.py:521} INFO - 25/09/09 16:04:48 INFO CodeGenerator: Code generated in 28.358754 ms
[2025-09-09T16:04:48.765+0000] {spark_submit.py:521} INFO - 25/09/09 16:04:48 INFO CodeGenerator: Code generated in 36.612687 ms
[2025-09-09T16:04:48.772+0000] {spark_submit.py:521} INFO - 25/09/09 16:04:48 INFO CodeGenerator: Code generated in 5.683498 ms
[2025-09-09T16:04:48.795+0000] {spark_submit.py:521} INFO - 25/09/09 16:04:48 INFO CodeGenerator: Code generated in 17.200628 ms
[2025-09-09T16:04:48.809+0000] {spark_submit.py:521} INFO - 25/09/09 16:04:48 INFO CodeGenerator: Code generated in 5.213543 ms
[2025-09-09T16:04:48.821+0000] {spark_submit.py:521} INFO - 25/09/09 16:04:48 INFO CodeGenerator: Code generated in 3.589649 ms
[2025-09-09T16:04:48.826+0000] {spark_submit.py:521} INFO - 25/09/09 16:04:48 INFO FileScanRDD: Reading File path: s3a://job/bronze/vietnamworkcv/vietnamworkcv_jobs.parquet, range: 0-808342, partition values: [empty row]
[2025-09-09T16:04:49.153+0000] {spark_submit.py:521} INFO - 25/09/09 16:04:49 INFO CodecPool: Got brand-new decompressor [.snappy]
[2025-09-09T16:04:49.476+0000] {spark_submit.py:521} INFO - 25/09/09 16:04:49 INFO PythonUDFWithNamedArgumentsRunner: Times: total = 1814, boot = 1053, init = 346, finish = 415
[2025-09-09T16:04:49.500+0000] {spark_submit.py:521} INFO - 25/09/09 16:04:49 INFO CodeGenerator: Code generated in 6.438022 ms
[2025-09-09T16:04:49.514+0000] {spark_submit.py:521} INFO - 25/09/09 16:04:49 INFO SecurityManager: Changing view acls to: ***
[2025-09-09T16:04:49.514+0000] {spark_submit.py:521} INFO - 25/09/09 16:04:49 INFO SecurityManager: Changing modify acls to: ***
[2025-09-09T16:04:49.515+0000] {spark_submit.py:521} INFO - 25/09/09 16:04:49 INFO SecurityManager: Changing view acls groups to: ***
[2025-09-09T16:04:49.516+0000] {spark_submit.py:521} INFO - 25/09/09 16:04:49 INFO SecurityManager: Changing modify acls groups to: ***
[2025-09-09T16:04:49.516+0000] {spark_submit.py:521} INFO - 25/09/09 16:04:49 INFO SecurityManager: SecurityManager: authentication disabled; ui acls disabled; users with view permissions: *** groups with view permissions: EMPTY; users with modify permissions: ***; groups with modify permissions: EMPTY; RPC SSL disabled
[2025-09-09T16:04:49.790+0000] {spark_submit.py:521} INFO - 25/09/09 16:04:49 INFO Executor: Finished task 0.0 in stage 1.0 (TID 1). 3724 bytes result sent to driver
[2025-09-09T16:04:49.793+0000] {spark_submit.py:521} INFO - 25/09/09 16:04:49 INFO TaskSetManager: Finished task 0.0 in stage 1.0 (TID 1) in 2466 ms on 118acb478e13 (executor driver) (1/1)
[2025-09-09T16:04:49.794+0000] {spark_submit.py:521} INFO - 25/09/09 16:04:49 INFO PythonAccumulatorV2: Connected to AccumulatorServer at host: 127.0.0.1 port: 50987
[2025-09-09T16:04:49.795+0000] {spark_submit.py:521} INFO - 25/09/09 16:04:49 INFO TaskSchedulerImpl: Removed TaskSet 1.0 whose tasks have all completed, from pool
[2025-09-09T16:04:49.796+0000] {spark_submit.py:521} INFO - 25/09/09 16:04:49 INFO DAGScheduler: ShuffleMapStage 1 ($anonfun$withThreadLocalCaptured$2 at CompletableFuture.java:1768) finished in 2511 ms
[2025-09-09T16:04:49.797+0000] {spark_submit.py:521} INFO - 25/09/09 16:04:49 INFO DAGScheduler: looking for newly runnable stages
[2025-09-09T16:04:49.797+0000] {spark_submit.py:521} INFO - 25/09/09 16:04:49 INFO DAGScheduler: running: HashSet()
[2025-09-09T16:04:49.798+0000] {spark_submit.py:521} INFO - 25/09/09 16:04:49 INFO DAGScheduler: waiting: HashSet()
[2025-09-09T16:04:49.798+0000] {spark_submit.py:521} INFO - 25/09/09 16:04:49 INFO DAGScheduler: failed: HashSet()
[2025-09-09T16:04:49.821+0000] {spark_submit.py:521} INFO - 25/09/09 16:04:49 INFO ShufflePartitionsUtil: For shuffle(0, advisory target size: 67108864, actual target size 1048576, minimum partition size: 1048576
[2025-09-09T16:04:49.920+0000] {spark_submit.py:521} INFO - 25/09/09 16:04:49 INFO ParquetUtils: Using default output committer for Parquet: org.apache.parquet.hadoop.ParquetOutputCommitter
[2025-09-09T16:04:49.931+0000] {spark_submit.py:521} INFO - 25/09/09 16:04:49 INFO FileOutputCommitter: File Output Committer Algorithm version is 1
[2025-09-09T16:04:49.932+0000] {spark_submit.py:521} INFO - 25/09/09 16:04:49 INFO FileOutputCommitter: FileOutputCommitter skip cleanup _temporary folders under output directory:false, ignore cleanup failures: false
[2025-09-09T16:04:49.932+0000] {spark_submit.py:521} INFO - 25/09/09 16:04:49 INFO SQLHadoopMapReduceCommitProtocol: Using user defined output committer class org.apache.parquet.hadoop.ParquetOutputCommitter
[2025-09-09T16:04:49.932+0000] {spark_submit.py:521} INFO - 25/09/09 16:04:49 INFO FileOutputCommitter: File Output Committer Algorithm version is 1
[2025-09-09T16:04:49.933+0000] {spark_submit.py:521} INFO - 25/09/09 16:04:49 INFO FileOutputCommitter: FileOutputCommitter skip cleanup _temporary folders under output directory:false, ignore cleanup failures: false
[2025-09-09T16:04:49.933+0000] {spark_submit.py:521} INFO - 25/09/09 16:04:49 INFO SQLHadoopMapReduceCommitProtocol: Using output committer class org.apache.parquet.hadoop.ParquetOutputCommitter
[2025-09-09T16:04:50.058+0000] {spark_submit.py:521} INFO - 25/09/09 16:04:50 INFO UploadContentProviders: Stream recreated: ByteArrayContentProvider{buffer with length=0, offset=0} BaseContentProvider{size=0, initiated at 2025-09-09T16:04:50.032703952, streamCreationCount=2, currentStream=null}
[2025-09-09T16:04:50.132+0000] {spark_submit.py:521} INFO - 25/09/09 16:04:50 INFO CodeGenerator: Code generated in 11.738986 ms
[2025-09-09T16:04:50.152+0000] {spark_submit.py:521} INFO - 25/09/09 16:04:50 INFO CodeGenerator: Code generated in 9.227301 ms
[2025-09-09T16:04:50.189+0000] {spark_submit.py:521} INFO - 25/09/09 16:04:50 INFO SparkContext: Starting job: $anonfun$withThreadLocalCaptured$2 at CompletableFuture.java:1768
[2025-09-09T16:04:50.191+0000] {spark_submit.py:521} INFO - 25/09/09 16:04:50 INFO DAGScheduler: Got job 2 ($anonfun$withThreadLocalCaptured$2 at CompletableFuture.java:1768) with 1 output partitions
[2025-09-09T16:04:50.194+0000] {spark_submit.py:521} INFO - 25/09/09 16:04:50 INFO DAGScheduler: Final stage: ResultStage 3 ($anonfun$withThreadLocalCaptured$2 at CompletableFuture.java:1768)
[2025-09-09T16:04:50.195+0000] {spark_submit.py:521} INFO - 25/09/09 16:04:50 INFO DAGScheduler: Parents of final stage: List(ShuffleMapStage 2)
[2025-09-09T16:04:50.195+0000] {spark_submit.py:521} INFO - 25/09/09 16:04:50 INFO DAGScheduler: Missing parents: List()
[2025-09-09T16:04:50.196+0000] {spark_submit.py:521} INFO - 25/09/09 16:04:50 INFO DAGScheduler: Submitting ResultStage 3 (MapPartitionsRDD[16] at $anonfun$withThreadLocalCaptured$2 at CompletableFuture.java:1768), which has no missing parents
[2025-09-09T16:04:50.223+0000] {spark_submit.py:521} INFO - 25/09/09 16:04:50 INFO MemoryStore: Block broadcast_3 stored as values in memory (estimated size 301.0 KiB, free 433.8 MiB)
[2025-09-09T16:04:50.227+0000] {spark_submit.py:521} INFO - 25/09/09 16:04:50 INFO MemoryStore: Block broadcast_3_piece0 stored as bytes in memory (estimated size 109.8 KiB, free 433.7 MiB)
[2025-09-09T16:04:50.228+0000] {spark_submit.py:521} INFO - 25/09/09 16:04:50 INFO SparkContext: Created broadcast 3 from broadcast at DAGScheduler.scala:1676
[2025-09-09T16:04:50.230+0000] {spark_submit.py:521} INFO - 25/09/09 16:04:50 INFO DAGScheduler: Submitting 1 missing tasks from ResultStage 3 (MapPartitionsRDD[16] at $anonfun$withThreadLocalCaptured$2 at CompletableFuture.java:1768) (first 15 tasks are for partitions Vector(0))
[2025-09-09T16:04:50.231+0000] {spark_submit.py:521} INFO - 25/09/09 16:04:50 INFO TaskSchedulerImpl: Adding task set 3.0 with 1 tasks resource profile 0
[2025-09-09T16:04:50.238+0000] {spark_submit.py:521} INFO - 25/09/09 16:04:50 INFO TaskSetManager: Starting task 0.0 in stage 3.0 (TID 2) (118acb478e13,executor driver, partition 0, NODE_LOCAL, 10580 bytes)
[2025-09-09T16:04:50.239+0000] {spark_submit.py:521} INFO - 25/09/09 16:04:50 INFO Executor: Running task 0.0 in stage 3.0 (TID 2)
[2025-09-09T16:04:50.322+0000] {spark_submit.py:521} INFO - 25/09/09 16:04:50 INFO ShuffleBlockFetcherIterator: Getting 1 (185.3 KiB) non-empty blocks including 1 (185.3 KiB) local and 0 (0.0 B) host-local and 0 (0.0 B) push-merged-local and 0 (0.0 B) remote blocks
[2025-09-09T16:04:50.323+0000] {spark_submit.py:521} INFO - 25/09/09 16:04:50 INFO ShuffleBlockFetcherIterator: Started 0 remote fetches in 26 ms
[2025-09-09T16:04:50.334+0000] {spark_submit.py:521} INFO - 25/09/09 16:04:50 INFO CodeGenerator: Code generated in 5.19596 ms
[2025-09-09T16:04:50.383+0000] {spark_submit.py:521} INFO - 25/09/09 16:04:50 INFO CodeGenerator: Code generated in 11.217657 ms
[2025-09-09T16:04:50.397+0000] {spark_submit.py:521} INFO - 25/09/09 16:04:50 INFO CodeGenerator: Code generated in 3.080329 ms
[2025-09-09T16:04:50.408+0000] {spark_submit.py:521} INFO - 25/09/09 16:04:50 INFO CodeGenerator: Code generated in 7.571205 ms
[2025-09-09T16:04:50.414+0000] {spark_submit.py:521} INFO - 25/09/09 16:04:50 INFO CodeGenerator: Code generated in 3.752499 ms
[2025-09-09T16:04:50.426+0000] {spark_submit.py:521} INFO - 25/09/09 16:04:50 INFO CodeGenerator: Code generated in 10.847884 ms
[2025-09-09T16:04:50.429+0000] {spark_submit.py:521} INFO - 25/09/09 16:04:50 INFO FileOutputCommitter: File Output Committer Algorithm version is 1
[2025-09-09T16:04:50.429+0000] {spark_submit.py:521} INFO - 25/09/09 16:04:50 INFO FileOutputCommitter: FileOutputCommitter skip cleanup _temporary folders under output directory:false, ignore cleanup failures: false
[2025-09-09T16:04:50.429+0000] {spark_submit.py:521} INFO - 25/09/09 16:04:50 INFO SQLHadoopMapReduceCommitProtocol: Using user defined output committer class org.apache.parquet.hadoop.ParquetOutputCommitter
[2025-09-09T16:04:50.429+0000] {spark_submit.py:521} INFO - 25/09/09 16:04:50 INFO FileOutputCommitter: File Output Committer Algorithm version is 1
[2025-09-09T16:04:50.430+0000] {spark_submit.py:521} INFO - 25/09/09 16:04:50 INFO FileOutputCommitter: FileOutputCommitter skip cleanup _temporary folders under output directory:false, ignore cleanup failures: false
[2025-09-09T16:04:50.430+0000] {spark_submit.py:521} INFO - 25/09/09 16:04:50 INFO SQLHadoopMapReduceCommitProtocol: Using output committer class org.apache.parquet.hadoop.ParquetOutputCommitter
[2025-09-09T16:04:50.435+0000] {spark_submit.py:521} INFO - 25/09/09 16:04:50 INFO CodecConfig: Compression: SNAPPY
[2025-09-09T16:04:50.438+0000] {spark_submit.py:521} INFO - 25/09/09 16:04:50 INFO CodecConfig: Compression: SNAPPY
[2025-09-09T16:04:50.464+0000] {spark_submit.py:521} INFO - 25/09/09 16:04:50 INFO ParquetOutputFormat: ParquetRecordWriter [block size: 134217728b, row group padding size: 8388608b, validating: false]
[2025-09-09T16:04:50.542+0000] {spark_submit.py:521} INFO - 25/09/09 16:04:50 INFO CodecPool: Got brand-new compressor [.snappy]
[2025-09-09T16:04:50.707+0000] {spark_submit.py:521} INFO - 25/09/09 16:04:50 WARN S3ABlockOutputStream: Application invoked the Syncable API against stream writing to silver/vietnamworkcv/vietnamworkcv_jobs.parquet/_temporary/0/_temporary/attempt_202509091604505328553419040255786_0003_m_000000_2/part-00000-00e41eb3-755b-4b67-ac7a-11bb2fd5954e-c000.snappy.parquet. This is Unsupported
[2025-09-09T16:04:50.711+0000] {spark_submit.py:521} INFO - 25/09/09 16:04:50 INFO UploadContentProviders: Stream recreated: FileWithOffsetContentProvider{file=/tmp/hadoop-***/s3a/s3ablock-0001-16859634979212722712.tmp, offset=0} BaseContentProvider{size=51324, initiated at 2025-09-09T16:04:50.708033542, streamCreationCount=2, currentStream=null}
[2025-09-09T16:04:51.223+0000] {spark_submit.py:521} INFO - 25/09/09 16:04:51 INFO UploadContentProviders: Stream recreated: ByteArrayContentProvider{buffer with length=0, offset=0} BaseContentProvider{size=0, initiated at 2025-09-09T16:04:51.221374655, streamCreationCount=2, currentStream=null}
[2025-09-09T16:04:51.265+0000] {spark_submit.py:521} INFO - 25/09/09 16:04:51 INFO FileOutputCommitter: Saved output of task 'attempt_202509091604505328553419040255786_0003_m_000000_2' to s3a://job/silver/vietnamworkcv/vietnamworkcv_jobs.parquet/_temporary/0/task_202509091604505328553419040255786_0003_m_000000
[2025-09-09T16:04:51.269+0000] {spark_submit.py:521} INFO - 25/09/09 16:04:51 INFO SparkHadoopMapRedUtil: attempt_202509091604505328553419040255786_0003_m_000000_2: Committed. Elapsed time: 436 ms.
[2025-09-09T16:04:51.277+0000] {spark_submit.py:521} INFO - 25/09/09 16:04:51 INFO Executor: Finished task 0.0 in stage 3.0 (TID 2). 7307 bytes result sent to driver
[2025-09-09T16:04:51.280+0000] {spark_submit.py:521} INFO - 25/09/09 16:04:51 INFO TaskSetManager: Finished task 0.0 in stage 3.0 (TID 2) in 1044 ms on 118acb478e13 (executor driver) (1/1)
[2025-09-09T16:04:51.281+0000] {spark_submit.py:521} INFO - 25/09/09 16:04:51 INFO TaskSchedulerImpl: Removed TaskSet 3.0 whose tasks have all completed, from pool
[2025-09-09T16:04:51.282+0000] {spark_submit.py:521} INFO - 25/09/09 16:04:51 INFO DAGScheduler: ResultStage 3 ($anonfun$withThreadLocalCaptured$2 at CompletableFuture.java:1768) finished in 1080 ms
[2025-09-09T16:04:51.283+0000] {spark_submit.py:521} INFO - 25/09/09 16:04:51 INFO DAGScheduler: Job 2 is finished. Cancelling potential speculative or zombie tasks for this job
[2025-09-09T16:04:51.283+0000] {spark_submit.py:521} INFO - 25/09/09 16:04:51 INFO TaskSchedulerImpl: Canceling stage 3
[2025-09-09T16:04:51.284+0000] {spark_submit.py:521} INFO - 25/09/09 16:04:51 INFO TaskSchedulerImpl: Killing all running tasks in stage 3: Stage finished
[2025-09-09T16:04:51.285+0000] {spark_submit.py:521} INFO - 25/09/09 16:04:51 INFO DAGScheduler: Job 2 finished: $anonfun$withThreadLocalCaptured$2 at CompletableFuture.java:1768, took 1094.92373 ms
[2025-09-09T16:04:51.286+0000] {spark_submit.py:521} INFO - 25/09/09 16:04:51 INFO FileFormatWriter: Start to commit write Job f1b24b0b-2862-465e-a778-1f03b1e5b2a6.
[2025-09-09T16:04:51.768+0000] {spark_submit.py:521} INFO - 25/09/09 16:04:51 INFO UploadContentProviders: Stream recreated: ByteArrayContentProvider{buffer with length=0, offset=0} BaseContentProvider{size=0, initiated at 2025-09-09T16:04:51.765999583, streamCreationCount=2, currentStream=null}
[2025-09-09T16:04:52.094+0000] {spark_submit.py:521} INFO - 25/09/09 16:04:52 INFO UploadContentProviders: Stream recreated: FileWithOffsetContentProvider{file=/tmp/hadoop-***/s3a/s3ablock-0001-1220573551450093660.tmp, offset=0} BaseContentProvider{size=0, initiated at 2025-09-09T16:04:52.092439325, streamCreationCount=2, currentStream=null}
[2025-09-09T16:04:52.150+0000] {spark_submit.py:521} INFO - 25/09/09 16:04:52 INFO FileFormatWriter: Write Job f1b24b0b-2862-465e-a778-1f03b1e5b2a6 committed. Elapsed time: 869 ms.
[2025-09-09T16:04:52.152+0000] {spark_submit.py:521} INFO - 25/09/09 16:04:52 INFO FileFormatWriter: Finished processing stats for write job f1b24b0b-2862-465e-a778-1f03b1e5b2a6.
[2025-09-09T16:04:52.165+0000] {spark_submit.py:521} INFO -  Uploaded Spark DataFrame to MinIO: s3a://job/silver/vietnamworkcv/vietnamworkcv_jobs.parquet
[2025-09-09T16:04:52.235+0000] {spark_submit.py:521} INFO - 25/09/09 16:04:52 INFO FileSourceStrategy: Pushed Filters:
[2025-09-09T16:04:52.236+0000] {spark_submit.py:521} INFO - 25/09/09 16:04:52 INFO FileSourceStrategy: Post-Scan Filters: Set()
[2025-09-09T16:04:52.352+0000] {spark_submit.py:521} INFO - 25/09/09 16:04:52 INFO MemoryStore: Block broadcast_4 stored as values in memory (estimated size 222.7 KiB, free 433.4 MiB)
[2025-09-09T16:04:52.362+0000] {spark_submit.py:521} INFO - 25/09/09 16:04:52 INFO MemoryStore: Block broadcast_4_piece0 stored as bytes in memory (estimated size 40.6 KiB, free 433.4 MiB)
[2025-09-09T16:04:52.363+0000] {spark_submit.py:521} INFO - 25/09/09 16:04:52 INFO SparkContext: Created broadcast 4 from $anonfun$withThreadLocalCaptured$2 at CompletableFuture.java:1768
[2025-09-09T16:04:52.364+0000] {spark_submit.py:521} INFO - 25/09/09 16:04:52 INFO FileSourceScanExec: Planning scan with bin packing, max size: 4194304 bytes, open cost is considered as scanning 4194304 bytes.
[2025-09-09T16:04:52.381+0000] {spark_submit.py:521} INFO - 25/09/09 16:04:52 INFO DAGScheduler: Registering RDD 25 ($anonfun$withThreadLocalCaptured$2 at CompletableFuture.java:1768) as input to shuffle 1
[2025-09-09T16:04:52.382+0000] {spark_submit.py:521} INFO - 25/09/09 16:04:52 INFO DAGScheduler: Got map stage job 3 ($anonfun$withThreadLocalCaptured$2 at CompletableFuture.java:1768) with 1 output partitions
[2025-09-09T16:04:52.382+0000] {spark_submit.py:521} INFO - 25/09/09 16:04:52 INFO DAGScheduler: Final stage: ShuffleMapStage 4 ($anonfun$withThreadLocalCaptured$2 at CompletableFuture.java:1768)
[2025-09-09T16:04:52.382+0000] {spark_submit.py:521} INFO - 25/09/09 16:04:52 INFO DAGScheduler: Parents of final stage: List()
[2025-09-09T16:04:52.383+0000] {spark_submit.py:521} INFO - 25/09/09 16:04:52 INFO DAGScheduler: Missing parents: List()
[2025-09-09T16:04:52.383+0000] {spark_submit.py:521} INFO - 25/09/09 16:04:52 INFO DAGScheduler: Submitting ShuffleMapStage 4 (MapPartitionsRDD[25] at $anonfun$withThreadLocalCaptured$2 at CompletableFuture.java:1768), which has no missing parents
[2025-09-09T16:04:52.385+0000] {spark_submit.py:521} INFO - 25/09/09 16:04:52 INFO MemoryStore: Block broadcast_5 stored as values in memory (estimated size 66.3 KiB, free 433.7 MiB)
[2025-09-09T16:04:52.387+0000] {spark_submit.py:521} INFO - 25/09/09 16:04:52 INFO MemoryStore: Block broadcast_5_piece0 stored as bytes in memory (estimated size 25.3 KiB, free 433.7 MiB)
[2025-09-09T16:04:52.388+0000] {spark_submit.py:521} INFO - 25/09/09 16:04:52 INFO SparkContext: Created broadcast 5 from broadcast at DAGScheduler.scala:1676
[2025-09-09T16:04:52.389+0000] {spark_submit.py:521} INFO - 25/09/09 16:04:52 INFO DAGScheduler: Submitting 1 missing tasks from ShuffleMapStage 4 (MapPartitionsRDD[25] at $anonfun$withThreadLocalCaptured$2 at CompletableFuture.java:1768) (first 15 tasks are for partitions Vector(0))
[2025-09-09T16:04:52.389+0000] {spark_submit.py:521} INFO - 25/09/09 16:04:52 INFO TaskSchedulerImpl: Adding task set 4.0 with 1 tasks resource profile 0
[2025-09-09T16:04:52.392+0000] {spark_submit.py:521} INFO - 25/09/09 16:04:52 INFO TaskSetManager: Starting task 0.0 in stage 4.0 (TID 3) (118acb478e13,executor driver, partition 0, PROCESS_LOCAL, 11189 bytes)
[2025-09-09T16:04:52.392+0000] {spark_submit.py:521} INFO - 25/09/09 16:04:52 INFO Executor: Running task 0.0 in stage 4.0 (TID 3)
[2025-09-09T16:04:52.439+0000] {spark_submit.py:521} INFO - 25/09/09 16:04:52 INFO FileScanRDD: Reading File path: s3a://job/bronze/vietnamworkcv/vietnamworkcv_jobs.parquet, range: 0-808342, partition values: [empty row]
[2025-09-09T16:04:52.733+0000] {spark_submit.py:521} INFO - 25/09/09 16:04:52 INFO PythonUDFWithNamedArgumentsRunner: Times: total = 317, boot = -2987, init = 3156, finish = 148
[2025-09-09T16:04:52.795+0000] {spark_submit.py:521} INFO - 25/09/09 16:04:52 INFO Executor: Finished task 0.0 in stage 4.0 (TID 3). 3681 bytes result sent to driver
[2025-09-09T16:04:52.798+0000] {spark_submit.py:521} INFO - 25/09/09 16:04:52 INFO TaskSetManager: Finished task 0.0 in stage 4.0 (TID 3) in 407 ms on 118acb478e13 (executor driver) (1/1)
[2025-09-09T16:04:52.798+0000] {spark_submit.py:521} INFO - 25/09/09 16:04:52 INFO TaskSchedulerImpl: Removed TaskSet 4.0 whose tasks have all completed, from pool
[2025-09-09T16:04:52.799+0000] {spark_submit.py:521} INFO - 25/09/09 16:04:52 INFO DAGScheduler: ShuffleMapStage 4 ($anonfun$withThreadLocalCaptured$2 at CompletableFuture.java:1768) finished in 416 ms
[2025-09-09T16:04:52.799+0000] {spark_submit.py:521} INFO - 25/09/09 16:04:52 INFO DAGScheduler: looking for newly runnable stages
[2025-09-09T16:04:52.799+0000] {spark_submit.py:521} INFO - 25/09/09 16:04:52 INFO DAGScheduler: running: HashSet()
[2025-09-09T16:04:52.800+0000] {spark_submit.py:521} INFO - 25/09/09 16:04:52 INFO DAGScheduler: waiting: HashSet()
[2025-09-09T16:04:52.800+0000] {spark_submit.py:521} INFO - 25/09/09 16:04:52 INFO DAGScheduler: failed: HashSet()
[2025-09-09T16:04:52.813+0000] {spark_submit.py:521} INFO - 25/09/09 16:04:52 INFO ShufflePartitionsUtil: For shuffle(1, advisory target size: 67108864, actual target size 1048576, minimum partition size: 1048576
[2025-09-09T16:04:52.848+0000] {spark_submit.py:521} INFO - 25/09/09 16:04:52 INFO CodeGenerator: Code generated in 16.527179 ms
[2025-09-09T16:04:52.873+0000] {spark_submit.py:521} INFO - 25/09/09 16:04:52 INFO SparkContext: Starting job: $anonfun$withThreadLocalCaptured$2 at CompletableFuture.java:1768
[2025-09-09T16:04:52.874+0000] {spark_submit.py:521} INFO - 25/09/09 16:04:52 INFO DAGScheduler: Got job 4 ($anonfun$withThreadLocalCaptured$2 at CompletableFuture.java:1768) with 1 output partitions
[2025-09-09T16:04:52.875+0000] {spark_submit.py:521} INFO - 25/09/09 16:04:52 INFO DAGScheduler: Final stage: ResultStage 6 ($anonfun$withThreadLocalCaptured$2 at CompletableFuture.java:1768)
[2025-09-09T16:04:52.876+0000] {spark_submit.py:521} INFO - 25/09/09 16:04:52 INFO DAGScheduler: Parents of final stage: List(ShuffleMapStage 5)
[2025-09-09T16:04:52.876+0000] {spark_submit.py:521} INFO - 25/09/09 16:04:52 INFO DAGScheduler: Missing parents: List()
[2025-09-09T16:04:52.876+0000] {spark_submit.py:521} INFO - 25/09/09 16:04:52 INFO DAGScheduler: Submitting ResultStage 6 (MapPartitionsRDD[31] at $anonfun$withThreadLocalCaptured$2 at CompletableFuture.java:1768), which has no missing parents
[2025-09-09T16:04:52.882+0000] {spark_submit.py:521} INFO - 25/09/09 16:04:52 INFO MemoryStore: Block broadcast_6 stored as values in memory (estimated size 73.6 KiB, free 433.7 MiB)
[2025-09-09T16:04:52.885+0000] {spark_submit.py:521} INFO - 25/09/09 16:04:52 INFO MemoryStore: Block broadcast_6_piece0 stored as bytes in memory (estimated size 29.2 KiB, free 433.7 MiB)
[2025-09-09T16:04:52.886+0000] {spark_submit.py:521} INFO - 25/09/09 16:04:52 INFO SparkContext: Created broadcast 6 from broadcast at DAGScheduler.scala:1676
[2025-09-09T16:04:52.888+0000] {spark_submit.py:521} INFO - 25/09/09 16:04:52 INFO DAGScheduler: Submitting 1 missing tasks from ResultStage 6 (MapPartitionsRDD[31] at $anonfun$withThreadLocalCaptured$2 at CompletableFuture.java:1768) (first 15 tasks are for partitions Vector(0))
[2025-09-09T16:04:52.888+0000] {spark_submit.py:521} INFO - 25/09/09 16:04:52 INFO TaskSchedulerImpl: Adding task set 6.0 with 1 tasks resource profile 0
[2025-09-09T16:04:52.890+0000] {spark_submit.py:521} INFO - 25/09/09 16:04:52 INFO TaskSetManager: Starting task 0.0 in stage 6.0 (TID 4) (118acb478e13,executor driver, partition 0, NODE_LOCAL, 10580 bytes)
[2025-09-09T16:04:52.891+0000] {spark_submit.py:521} INFO - 25/09/09 16:04:52 INFO Executor: Running task 0.0 in stage 6.0 (TID 4)
[2025-09-09T16:04:52.904+0000] {spark_submit.py:521} INFO - 25/09/09 16:04:52 INFO ShuffleBlockFetcherIterator: Getting 1 (185.3 KiB) non-empty blocks including 1 (185.3 KiB) local and 0 (0.0 B) host-local and 0 (0.0 B) push-merged-local and 0 (0.0 B) remote blocks
[2025-09-09T16:04:52.905+0000] {spark_submit.py:521} INFO - 25/09/09 16:04:52 INFO ShuffleBlockFetcherIterator: Started 0 remote fetches in 1 ms
[2025-09-09T16:04:52.932+0000] {spark_submit.py:521} INFO - 25/09/09 16:04:52 INFO CodeGenerator: Code generated in 13.766568 ms
[2025-09-09T16:04:52.941+0000] {spark_submit.py:521} INFO - 25/09/09 16:04:52 INFO Executor: Finished task 0.0 in stage 6.0 (TID 4). 11662 bytes result sent to driver
[2025-09-09T16:04:52.944+0000] {spark_submit.py:521} INFO - 25/09/09 16:04:52 INFO TaskSetManager: Finished task 0.0 in stage 6.0 (TID 4) in 53 ms on 118acb478e13 (executor driver) (1/1)
[2025-09-09T16:04:52.945+0000] {spark_submit.py:521} INFO - 25/09/09 16:04:52 INFO TaskSchedulerImpl: Removed TaskSet 6.0 whose tasks have all completed, from pool
[2025-09-09T16:04:52.947+0000] {spark_submit.py:521} INFO - 25/09/09 16:04:52 INFO DAGScheduler: ResultStage 6 ($anonfun$withThreadLocalCaptured$2 at CompletableFuture.java:1768) finished in 68 ms
[2025-09-09T16:04:52.948+0000] {spark_submit.py:521} INFO - 25/09/09 16:04:52 INFO DAGScheduler: Job 4 is finished. Cancelling potential speculative or zombie tasks for this job
[2025-09-09T16:04:52.949+0000] {spark_submit.py:521} INFO - 25/09/09 16:04:52 INFO TaskSchedulerImpl: Canceling stage 6
[2025-09-09T16:04:52.949+0000] {spark_submit.py:521} INFO - 25/09/09 16:04:52 INFO TaskSchedulerImpl: Killing all running tasks in stage 6: Stage finished
[2025-09-09T16:04:52.949+0000] {spark_submit.py:521} INFO - 25/09/09 16:04:52 INFO DAGScheduler: Job 4 finished: $anonfun$withThreadLocalCaptured$2 at CompletableFuture.java:1768, took 73.534226 ms
[2025-09-09T16:04:52.979+0000] {spark_submit.py:521} INFO - 25/09/09 16:04:52 INFO CodeGenerator: Code generated in 7.38368 ms
[2025-09-09T16:04:52.993+0000] {spark_submit.py:521} INFO - +--------------------+--------------------+---+----------------+------------+------------+----------------+----------------+--------------------+--------------+--------------+--------------+--------------------+--------------------+-----------+---------+------------+
[2025-09-09T16:04:52.994+0000] {spark_submit.py:521} INFO - |        job_position|        company_name|yoe|job_posting_date|  min_salary|  max_salary|company_size_min|company_size_max|         major_field|         level|num_of_recruit|     work_form|     relation_fields|    skills_extracted|       city| district|      source|
[2025-09-09T16:04:52.994+0000] {spark_submit.py:521} INFO - +--------------------+--------------------+---+----------------+------------+------------+----------------+----------------+--------------------+--------------+--------------+--------------+--------------------+--------------------+-----------+---------+------------+
[2025-09-09T16:04:52.995+0000] {spark_submit.py:521} INFO - | Chuyn Gia/ Chuy...|Ngn Hng TMCP Qu...|  3|      2025-07-17|        NULL|        NULL|            1000|            4999|Banking & Financi...|     Nhn vin|           1.0|Ton thi gian| [Compliance & Risk]|[Data Visualizati...|     H Ni|         |vietnamworks|
[2025-09-09T16:04:52.995+0000] {spark_submit.py:521} INFO - |(JP 156) K s M...|Cng Ty TNHH R Te...|  2|      2025-07-10|        NULL|        NULL|            NULL|            NULL|              Design|     Nhn vin|           2.0|Ton thi gian|[Industrial Desig...|[2D Drawing, Japa...|    Quc t|         |vietnamworks|
[2025-09-09T16:04:52.996+0000] {spark_submit.py:521} INFO - |(VN 157) K s M...|Cng Ty TNHH R Te...|  1|      2025-07-10|    16100000|    20700000|            NULL|            NULL|              Design|     Nhn vin|           2.0|Ton thi gian|[Industrial Desig...|[2D Drawing, Atte...|H Ch Minh|         |vietnamworks|
[2025-09-09T16:04:52.996+0000] {spark_submit.py:521} INFO - |03 Pre-Sales Engi...|      Navigos Search|  2|      2025-07-13|    33600000|    43200000|             100|             499|Information Techn...|     Nhn vin|          NULL|Ton thi gian|[Telecommunications]|[Pre-sales, Gii ...|     H Ni|         |vietnamworks|
[2025-09-09T16:04:52.996+0000] {spark_submit.py:521} INFO - |AI & Workflow Aut...|            PioneerX|  0|      2025-07-11|312000000000|432000000000|              10|              24|Information Techn...|Mi Tt Nghip|          NULL|Ton thi gian|[Data Engineer/Da...|[Python, JavaScri...|     H Ni|         |vietnamworks|
[2025-09-09T16:04:52.997+0000] {spark_submit.py:521} INFO - |AI Data Science M...|Cng Ty C Phn V...|  0|      2025-07-11|        NULL|        NULL|            NULL|            NULL|Information Techn...|  Trng phng|           2.0|Ton thi gian|[Data Engineer/Da...|[Machine Learning...|H Ch Minh|Ph Nhun|vietnamworks|
[2025-09-09T16:04:52.998+0000] {spark_submit.py:521} INFO - |AI Developer - Ll...|    AZPLAYS Co., LTD|  0|      2025-07-31|    45600000|    56400000|              25|              99|Information Techn...|Mi Tt Nghip|          NULL|Ton thi gian|[Data Engineer/Da...|[Python, Java, Ja...|H Ch Minh|         |vietnamworks|
[2025-09-09T16:04:52.998+0000] {spark_submit.py:521} INFO - |AI Engineer (Adap...|Cng Ty TNHH Geni...|  3|      2025-07-21|        NULL|        NULL|             100|             499|Information Techn...|     Nhn vin|           1.0|Ton thi gian|[Data Engineer/Da...|[Python, SQL, Fas...|H Ch Minh|         |vietnamworks|
[2025-09-09T16:04:52.998+0000] {spark_submit.py:521} INFO - |AI Engineer (From...|Toshiba Software ...|  2|      2025-07-23|        NULL|        NULL|             100|             499|Information Techn...|     Nhn vin|          NULL|Ton thi gian|[Data Engineer/Da...|[Application Solu...|     H Ni|         |vietnamworks|
[2025-09-09T16:04:52.999+0000] {spark_submit.py:521} INFO - |AI Engineer  H Ni|Ngn hng TMCP ...|  5|      2025-07-09|    25000000|    35000000|            NULL|            NULL|Information Techn...|  Trng phng|           1.0|Ton thi gian|[Data Engineer/Da...|[Machine Learning...|     H Ni|         |vietnamworks|
[2025-09-09T16:04:52.999+0000] {spark_submit.py:521} INFO - |ASIC Design Verif...|         FPT Telecom|  2|      2025-07-23|    48000000|    84000000|            5000|            9999|Information Techn...|     Nhn vin|          NULL|Ton thi gian|[Data Engineer/Da...|[Verilog, Unix, I...|H Ch Minh|         |vietnamworks|
[2025-09-09T16:04:52.999+0000] {spark_submit.py:521} INFO - |Account Manager/ ...|Avery Dennison Vi...|  5|      2025-07-21|    28800000|    48000000|            1000|            4999|               Sales|  Trng phng|           3.0|Ton thi gian|[Sales/Business D...|[Data Analytics, ...|    Long An|         |vietnamworks|
[2025-09-09T16:04:52.999+0000] {spark_submit.py:521} INFO - |Accounting Assist...|Tokio Marine Insu...|  1|      2025-07-30|        NULL|        NULL|             100|             499| Accounting/Auditing|     Nhn vin|          NULL|Ton thi gian|[Accounts Receiva...|[Accounting knowl...|     H Ni|         |vietnamworks|
[2025-09-09T16:04:52.999+0000] {spark_submit.py:521} INFO - |Air Procurement S...|      Navigos Search|  3|      2025-07-23|    24000000|    31200000|             100|             499|Logistics/Import ...|     Nhn vin|          NULL|Ton thi gian|[Supply Chain Man...|[Air Import, Logi...|     H Ni|         |vietnamworks|
[2025-09-09T16:04:53.000+0000] {spark_submit.py:521} INFO - |Analysis C&B Assi...|Japfa Comfeed Vie...|  5|      2025-07-23|        NULL|        NULL|            NULL|            NULL|Human Resources/R...|     Nhn vin|          NULL|Ton thi gian|[Compensation & B...|[Data Analysis, M...|  Vnh Phc|         |vietnamworks|
[2025-09-09T16:04:53.000+0000] {spark_submit.py:521} INFO - |Assistant HRBP (S...|Cng Ty TNHH Tech...|  3|      2025-07-16|        NULL|        NULL|            NULL|            NULL|Human Resources/R...|     Nhn vin|          NULL|Ton thi gian|        [General HR]|[English Fluency,...|H Ch Minh|         |vietnamworks|
[2025-09-09T16:04:53.000+0000] {spark_submit.py:521} INFO - |Assistant Manager...|       KPMG Vit Nam|  3|      2025-07-18|        NULL|        NULL|            1000|            4999|Banking & Financi...|     Nhn vin|          NULL|Ton thi gian|[Financial Analys...|[Credit Risk Mode...|     H Ni|         |vietnamworks|
[2025-09-09T16:04:53.000+0000] {spark_submit.py:521} INFO - |Assistant Manager...|FWD Vietnam Life ...|  5|      2025-07-10|        NULL|        NULL|            NULL|            NULL|Banking & Financi...|     Nhn vin|           1.0|Ton thi gian| [Compliance & Risk]|[Compliance Audit...|H Ch Minh|         |vietnamworks|
[2025-09-09T16:04:53.001+0000] {spark_submit.py:521} INFO - |Assistant Product...|Cng Ty TNHH Cuck...|  2|      2025-07-07|        NULL|        NULL|            NULL|            NULL|Information Techn...|     Nhn vin|          NULL|Ton thi gian|[Data Engineer/Da...|[Sales Forecast, ...|H Ch Minh|         |vietnamworks|
[2025-09-09T16:04:53.001+0000] {spark_submit.py:521} INFO - |Associate Analyst...|        HS Analytics|  1|      2025-07-15|        NULL|        NULL|              25|              99|Information Techn...|Mi Tt Nghip|          NULL|Ton thi gian|[Data Engineer/Da...|[Finance, Banking...|     H Ni|         |vietnamworks|
[2025-09-09T16:04:53.001+0000] {spark_submit.py:521} INFO - +--------------------+--------------------+---+----------------+------------+------------+----------------+----------------+--------------------+--------------+--------------+--------------+--------------------+--------------------+-----------+---------+------------+
[2025-09-09T16:04:53.002+0000] {spark_submit.py:521} INFO - only showing top 20 rows
[2025-09-09T16:04:53.002+0000] {spark_submit.py:521} INFO - 25/09/09 16:04:52 INFO SparkContext: SparkContext is stopping with exitCode 0 from stop at NativeMethodAccessorImpl.java:0.
[2025-09-09T16:04:53.018+0000] {spark_submit.py:521} INFO - 25/09/09 16:04:53 INFO SparkUI: Stopped Spark web UI at http://118acb478e13:4040
[2025-09-09T16:04:53.042+0000] {spark_submit.py:521} INFO - 25/09/09 16:04:53 INFO MapOutputTrackerMasterEndpoint: MapOutputTrackerMasterEndpoint stopped!
[2025-09-09T16:04:53.098+0000] {spark_submit.py:521} INFO - 25/09/09 16:04:53 INFO MemoryStore: MemoryStore cleared
[2025-09-09T16:04:53.100+0000] {spark_submit.py:521} INFO - 25/09/09 16:04:53 INFO BlockManager: BlockManager stopped
[2025-09-09T16:04:53.103+0000] {spark_submit.py:521} INFO - 25/09/09 16:04:53 INFO BlockManagerMaster: BlockManagerMaster stopped
[2025-09-09T16:04:53.108+0000] {spark_submit.py:521} INFO - 25/09/09 16:04:53 INFO OutputCommitCoordinator$OutputCommitCoordinatorEndpoint: OutputCommitCoordinator stopped!
[2025-09-09T16:04:53.143+0000] {spark_submit.py:521} INFO - 25/09/09 16:04:53 INFO SparkContext: Successfully stopped SparkContext
[2025-09-09T16:04:54.608+0000] {spark_submit.py:521} INFO - 25/09/09 16:04:54 INFO ShutdownHookManager: Shutdown hook called
[2025-09-09T16:04:54.609+0000] {spark_submit.py:521} INFO - 25/09/09 16:04:54 INFO ShutdownHookManager: Deleting directory /tmp/artifacts-baa79c91-d7ec-4eca-a922-d4f7c53fd5c9
[2025-09-09T16:04:54.618+0000] {spark_submit.py:521} INFO - 25/09/09 16:04:54 INFO ShutdownHookManager: Deleting directory /tmp/spark-2ac9760d-8b27-467f-94d5-6e0ecd1488b3/pyspark-bcb693cb-b140-4630-a78b-b9dbe713d5c0
[2025-09-09T16:04:54.628+0000] {spark_submit.py:521} INFO - 25/09/09 16:04:54 INFO ShutdownHookManager: Deleting directory /tmp/spark-54f86500-f9b7-421b-85f9-9feb5257c5ac
[2025-09-09T16:04:54.633+0000] {spark_submit.py:521} INFO - 25/09/09 16:04:54 INFO ShutdownHookManager: Deleting directory /tmp/spark-2ac9760d-8b27-467f-94d5-6e0ecd1488b3
[2025-09-09T16:04:54.650+0000] {spark_submit.py:521} INFO - 25/09/09 16:04:54 INFO MetricsSystemImpl: Stopping s3a-file-system metrics system...
[2025-09-09T16:04:54.651+0000] {spark_submit.py:521} INFO - 25/09/09 16:04:54 INFO MetricsSystemImpl: s3a-file-system metrics system stopped.
[2025-09-09T16:04:54.652+0000] {spark_submit.py:521} INFO - 25/09/09 16:04:54 INFO MetricsSystemImpl: s3a-file-system metrics system shutdown complete.
[2025-09-09T16:04:54.797+0000] {taskinstance.py:441} INFO - ::group::Post task execution logs
[2025-09-09T16:04:54.857+0000] {taskinstance.py:1206} INFO - Marking task as SUCCESS. dag_id=spark_transform_pipeline, task_id=silver_group.silver_vietnamworkcv_transform, run_id=manual__2025-09-09T16:01:56.449781+00:00, execution_date=20250909T160156, start_date=20250909T160353, end_date=20250909T160454
[2025-09-09T16:04:54.955+0000] {local_task_job_runner.py:240} INFO - Task exited with return code 0
[2025-09-09T16:04:55.004+0000] {taskinstance.py:3498} INFO - 0 downstream tasks scheduled from follow-on schedule check
[2025-09-09T16:04:55.009+0000] {local_task_job_runner.py:222} INFO - ::endgroup::
