[2025-08-13T08:51:37.801+0000] {local_task_job_runner.py:120} INFO - ::group::Pre task execution logs
[2025-08-13T08:51:37.853+0000] {taskinstance.py:2076} INFO - Dependencies all met for dep_context=non-requeueable deps ti=<TaskInstance: spark_transform_pipeline.silver_topcv_transform manual__2025-08-13T08:51:31.804238+00:00 [queued]>
[2025-08-13T08:51:37.862+0000] {taskinstance.py:2076} INFO - Dependencies all met for dep_context=requeueable deps ti=<TaskInstance: spark_transform_pipeline.silver_topcv_transform manual__2025-08-13T08:51:31.804238+00:00 [queued]>
[2025-08-13T08:51:37.863+0000] {taskinstance.py:2306} INFO - Starting attempt 1 of 1
[2025-08-13T08:51:37.877+0000] {taskinstance.py:2330} INFO - Executing <Task(SparkSubmitOperator): silver_topcv_transform> on 2025-08-13 08:51:31.804238+00:00
[2025-08-13T08:51:37.883+0000] {standard_task_runner.py:63} INFO - Started process 1418 to run task
[2025-08-13T08:51:37.887+0000] {standard_task_runner.py:90} INFO - Running: ['***', 'tasks', 'run', 'spark_transform_pipeline', 'silver_topcv_transform', 'manual__2025-08-13T08:51:31.804238+00:00', '--job-id', '96', '--raw', '--subdir', 'DAGS_FOLDER/etl_jobs_dag.py', '--cfg-path', '/tmp/tmpp5vs_yos']
[2025-08-13T08:51:37.890+0000] {standard_task_runner.py:91} INFO - Job 96: Subtask silver_topcv_transform
[2025-08-13T08:51:37.943+0000] {task_command.py:426} INFO - Running <TaskInstance: spark_transform_pipeline.silver_topcv_transform manual__2025-08-13T08:51:31.804238+00:00 [running]> on host 89a37f983b11
[2025-08-13T08:51:38.036+0000] {taskinstance.py:2648} INFO - Exporting env vars: AIRFLOW_CTX_DAG_OWNER='***' AIRFLOW_CTX_DAG_ID='spark_transform_pipeline' AIRFLOW_CTX_TASK_ID='silver_topcv_transform' AIRFLOW_CTX_EXECUTION_DATE='2025-08-13T08:51:31.804238+00:00' AIRFLOW_CTX_TRY_NUMBER='1' AIRFLOW_CTX_DAG_RUN_ID='manual__2025-08-13T08:51:31.804238+00:00'
[2025-08-13T08:51:38.036+0000] {taskinstance.py:430} INFO - ::endgroup::
[2025-08-13T08:51:38.069+0000] {base.py:84} INFO - Using connection ID 'spark_default' for task execution.
[2025-08-13T08:51:38.070+0000] {spark_submit.py:351} INFO - Spark-Submit cmd: spark-submit --master spark://spark-master:7077 --conf spark.master=spark://spark-master:7077 --conf spark.driver.extraClassPath=/opt/custom-jars/* --conf spark.executor.extraClassPath=/opt/custom-jars/* --conf spark.hadoop.fs.gs.impl=com.google.cloud.hadoop.fs.gcs.GoogleHadoopFileSystem --conf spark.hadoop.fs.AbstractFileSystem.gs.impl=com.google.cloud.hadoop.fs.gcs.GoogleHadoopFS --conf spark.hadoop.google.cloud.auth.service.account.enable=true --conf spark.hadoop.google.cloud.auth.service.account.json.keyfile=/opt/***/gcp-key.json --jars /opt/custom-jars/gcs-connector-hadoop3-2.2.14-shaded.jar --name arrow-spark --verbose /opt/spark-jobs/load/upload_jobs_to_dwh.py
[2025-08-13T08:51:39.290+0000] {spark_submit.py:521} INFO - WARNING: Using incubator modules: jdk.incubator.vector
[2025-08-13T08:51:41.196+0000] {spark_submit.py:521} INFO - Parsed arguments:
[2025-08-13T08:51:41.197+0000] {spark_submit.py:521} INFO - master                  spark://spark-master:7077
[2025-08-13T08:51:41.198+0000] {spark_submit.py:521} INFO - remote                  null
[2025-08-13T08:51:41.198+0000] {spark_submit.py:521} INFO - deployMode              null
[2025-08-13T08:51:41.198+0000] {spark_submit.py:521} INFO - executorMemory          null
[2025-08-13T08:51:41.198+0000] {spark_submit.py:521} INFO - executorCores           null
[2025-08-13T08:51:41.198+0000] {spark_submit.py:521} INFO - totalExecutorCores      null
[2025-08-13T08:51:41.199+0000] {spark_submit.py:521} INFO - propertiesFile          null
[2025-08-13T08:51:41.199+0000] {spark_submit.py:521} INFO - driverMemory            null
[2025-08-13T08:51:41.199+0000] {spark_submit.py:521} INFO - driverCores             null
[2025-08-13T08:51:41.199+0000] {spark_submit.py:521} INFO - driverExtraClassPath    /opt/custom-jars/*
[2025-08-13T08:51:41.199+0000] {spark_submit.py:521} INFO - driverExtraLibraryPath  null
[2025-08-13T08:51:41.200+0000] {spark_submit.py:521} INFO - driverExtraJavaOptions  null
[2025-08-13T08:51:41.200+0000] {spark_submit.py:521} INFO - supervise               false
[2025-08-13T08:51:41.200+0000] {spark_submit.py:521} INFO - queue                   null
[2025-08-13T08:51:41.200+0000] {spark_submit.py:521} INFO - numExecutors            null
[2025-08-13T08:51:41.200+0000] {spark_submit.py:521} INFO - files                   null
[2025-08-13T08:51:41.200+0000] {spark_submit.py:521} INFO - pyFiles                 null
[2025-08-13T08:51:41.201+0000] {spark_submit.py:521} INFO - archives                null
[2025-08-13T08:51:41.201+0000] {spark_submit.py:521} INFO - mainClass               null
[2025-08-13T08:51:41.201+0000] {spark_submit.py:521} INFO - primaryResource         file:/opt/spark-jobs/load/upload_jobs_to_dwh.py
[2025-08-13T08:51:41.201+0000] {spark_submit.py:521} INFO - name                    arrow-spark
[2025-08-13T08:51:41.201+0000] {spark_submit.py:521} INFO - childArgs               []
[2025-08-13T08:51:41.201+0000] {spark_submit.py:521} INFO - jars                    file:/opt/custom-jars/gcs-connector-hadoop3-2.2.14-shaded.jar
[2025-08-13T08:51:41.202+0000] {spark_submit.py:521} INFO - packages                null
[2025-08-13T08:51:41.202+0000] {spark_submit.py:521} INFO - packagesExclusions      null
[2025-08-13T08:51:41.202+0000] {spark_submit.py:521} INFO - repositories            null
[2025-08-13T08:51:41.202+0000] {spark_submit.py:521} INFO - verbose                 true
[2025-08-13T08:51:41.202+0000] {spark_submit.py:521} INFO - 
[2025-08-13T08:51:41.202+0000] {spark_submit.py:521} INFO - Spark properties used, including those specified through
[2025-08-13T08:51:41.203+0000] {spark_submit.py:521} INFO - --conf and those from the properties file null:
[2025-08-13T08:51:41.203+0000] {spark_submit.py:521} INFO - (spark.driver.extraClassPath,/opt/custom-jars/*)
[2025-08-13T08:51:41.203+0000] {spark_submit.py:521} INFO - (spark.executor.extraClassPath,/opt/custom-jars/*)
[2025-08-13T08:51:41.203+0000] {spark_submit.py:521} INFO - (spark.hadoop.fs.AbstractFileSystem.gs.impl,com.google.cloud.hadoop.fs.gcs.GoogleHadoopFS)
[2025-08-13T08:51:41.203+0000] {spark_submit.py:521} INFO - (spark.hadoop.fs.gs.impl,com.google.cloud.hadoop.fs.gcs.GoogleHadoopFileSystem)
[2025-08-13T08:51:41.204+0000] {spark_submit.py:521} INFO - (spark.hadoop.google.cloud.auth.service.account.enable,true)
[2025-08-13T08:51:41.204+0000] {spark_submit.py:521} INFO - (spark.hadoop.google.cloud.auth.service.account.json.keyfile,/opt/***/gcp-key.json)
[2025-08-13T08:51:41.205+0000] {spark_submit.py:521} INFO - (spark.master,spark://spark-master:7077)
[2025-08-13T08:51:41.205+0000] {spark_submit.py:521} INFO - 
[2025-08-13T08:51:41.205+0000] {spark_submit.py:521} INFO - 
[2025-08-13T08:51:41.627+0000] {spark_submit.py:521} INFO - 25/08/13 08:51:41 WARN NativeCodeLoader: Unable to load native-hadoop library for your platform... using builtin-java classes where applicable
[2025-08-13T08:51:42.199+0000] {spark_submit.py:521} INFO - Main class:
[2025-08-13T08:51:42.200+0000] {spark_submit.py:521} INFO - org.apache.spark.deploy.PythonRunner
[2025-08-13T08:51:42.200+0000] {spark_submit.py:521} INFO - Arguments:
[2025-08-13T08:51:42.200+0000] {spark_submit.py:521} INFO - file:/opt/spark-jobs/load/upload_jobs_to_dwh.py
[2025-08-13T08:51:42.201+0000] {spark_submit.py:521} INFO - null
[2025-08-13T08:51:42.201+0000] {spark_submit.py:521} INFO - Spark config:
[2025-08-13T08:51:42.202+0000] {spark_submit.py:521} INFO - (spark.app.name,arrow-spark)
[2025-08-13T08:51:42.202+0000] {spark_submit.py:521} INFO - (spark.app.submitTime,1755075102174)
[2025-08-13T08:51:42.202+0000] {spark_submit.py:521} INFO - (spark.driver.extraClassPath,/opt/custom-jars/*)
[2025-08-13T08:51:42.202+0000] {spark_submit.py:521} INFO - (spark.executor.extraClassPath,/opt/custom-jars/*)
[2025-08-13T08:51:42.202+0000] {spark_submit.py:521} INFO - (spark.hadoop.fs.AbstractFileSystem.gs.impl,com.google.cloud.hadoop.fs.gcs.GoogleHadoopFS)
[2025-08-13T08:51:42.203+0000] {spark_submit.py:521} INFO - (spark.hadoop.fs.gs.impl,com.google.cloud.hadoop.fs.gcs.GoogleHadoopFileSystem)
[2025-08-13T08:51:42.203+0000] {spark_submit.py:521} INFO - (spark.hadoop.google.cloud.auth.service.account.enable,true)
[2025-08-13T08:51:42.203+0000] {spark_submit.py:521} INFO - (spark.hadoop.google.cloud.auth.service.account.json.keyfile,/opt/***/gcp-key.json)
[2025-08-13T08:51:42.203+0000] {spark_submit.py:521} INFO - (spark.jars,file:///opt/custom-jars/gcs-connector-hadoop3-2.2.14-shaded.jar)
[2025-08-13T08:51:42.204+0000] {spark_submit.py:521} INFO - (spark.master,spark://spark-master:7077)
[2025-08-13T08:51:42.204+0000] {spark_submit.py:521} INFO - (spark.repl.local.jars,file:///opt/custom-jars/gcs-connector-hadoop3-2.2.14-shaded.jar)
[2025-08-13T08:51:42.204+0000] {spark_submit.py:521} INFO - (spark.submit.deployMode,client)
[2025-08-13T08:51:42.204+0000] {spark_submit.py:521} INFO - (spark.submit.pyFiles,)
[2025-08-13T08:51:42.205+0000] {spark_submit.py:521} INFO - Classpath elements:
[2025-08-13T08:51:42.205+0000] {spark_submit.py:521} INFO - file:///opt/custom-jars/gcs-connector-hadoop3-2.2.14-shaded.jar
[2025-08-13T08:51:42.205+0000] {spark_submit.py:521} INFO - 
[2025-08-13T08:51:42.206+0000] {spark_submit.py:521} INFO - 
[2025-08-13T08:51:43.321+0000] {spark_submit.py:521} INFO - Using Spark's default log4j profile: org/apache/spark/log4j2-defaults.properties
[2025-08-13T08:51:43.328+0000] {spark_submit.py:521} INFO - 25/08/13 08:51:43 INFO SparkContext: Running Spark version 4.0.0
[2025-08-13T08:51:43.330+0000] {spark_submit.py:521} INFO - 25/08/13 08:51:43 INFO SparkContext: OS info Linux, 5.15.167.4-microsoft-standard-WSL2, amd64
[2025-08-13T08:51:43.331+0000] {spark_submit.py:521} INFO - 25/08/13 08:51:43 INFO SparkContext: Java version 17.0.15
[2025-08-13T08:51:43.370+0000] {spark_submit.py:521} INFO - 25/08/13 08:51:43 INFO ResourceUtils: ==============================================================
[2025-08-13T08:51:43.371+0000] {spark_submit.py:521} INFO - 25/08/13 08:51:43 INFO ResourceUtils: No custom resources configured for spark.driver.
[2025-08-13T08:51:43.371+0000] {spark_submit.py:521} INFO - 25/08/13 08:51:43 INFO ResourceUtils: ==============================================================
[2025-08-13T08:51:43.372+0000] {spark_submit.py:521} INFO - 25/08/13 08:51:43 INFO SparkContext: Submitted application: load_to_bq
[2025-08-13T08:51:43.397+0000] {spark_submit.py:521} INFO - 25/08/13 08:51:43 INFO ResourceProfile: Default ResourceProfile created, executor resources: Map(memory -> name: memory, amount: 1024, script: , vendor: , offHeap -> name: offHeap, amount: 0, script: , vendor: ), task resources: Map(cpus -> name: cpus, amount: 1.0)
[2025-08-13T08:51:43.400+0000] {spark_submit.py:521} INFO - 25/08/13 08:51:43 INFO ResourceProfile: Limiting resource is cpu
[2025-08-13T08:51:43.401+0000] {spark_submit.py:521} INFO - 25/08/13 08:51:43 INFO ResourceProfileManager: Added ResourceProfile id: 0
[2025-08-13T08:51:43.460+0000] {spark_submit.py:521} INFO - 25/08/13 08:51:43 INFO SecurityManager: Changing view acls to: ***
[2025-08-13T08:51:43.461+0000] {spark_submit.py:521} INFO - 25/08/13 08:51:43 INFO SecurityManager: Changing modify acls to: ***
[2025-08-13T08:51:43.461+0000] {spark_submit.py:521} INFO - 25/08/13 08:51:43 INFO SecurityManager: Changing view acls groups to: ***
[2025-08-13T08:51:43.462+0000] {spark_submit.py:521} INFO - 25/08/13 08:51:43 INFO SecurityManager: Changing modify acls groups to: ***
[2025-08-13T08:51:43.464+0000] {spark_submit.py:521} INFO - 25/08/13 08:51:43 INFO SecurityManager: SecurityManager: authentication disabled; ui acls disabled; users with view permissions: *** groups with view permissions: EMPTY; users with modify permissions: ***; groups with modify permissions: EMPTY; RPC SSL disabled
[2025-08-13T08:51:43.709+0000] {spark_submit.py:521} INFO - 25/08/13 08:51:43 INFO Utils: Successfully started service 'sparkDriver' on port 41473.
[2025-08-13T08:51:43.737+0000] {spark_submit.py:521} INFO - 25/08/13 08:51:43 INFO SparkEnv: Registering MapOutputTracker
[2025-08-13T08:51:43.749+0000] {spark_submit.py:521} INFO - 25/08/13 08:51:43 INFO SparkEnv: Registering BlockManagerMaster
[2025-08-13T08:51:43.762+0000] {spark_submit.py:521} INFO - 25/08/13 08:51:43 INFO BlockManagerMasterEndpoint: Using org.apache.spark.storage.DefaultTopologyMapper for getting topology information
[2025-08-13T08:51:43.763+0000] {spark_submit.py:521} INFO - 25/08/13 08:51:43 INFO BlockManagerMasterEndpoint: BlockManagerMasterEndpoint up
[2025-08-13T08:51:43.767+0000] {spark_submit.py:521} INFO - 25/08/13 08:51:43 INFO SparkEnv: Registering BlockManagerMasterHeartbeat
[2025-08-13T08:51:43.799+0000] {spark_submit.py:521} INFO - 25/08/13 08:51:43 INFO DiskBlockManager: Created local directory at /tmp/blockmgr-8fafc3ee-0557-435f-9616-1fb7f851baef
[2025-08-13T08:51:43.825+0000] {spark_submit.py:521} INFO - 25/08/13 08:51:43 INFO SparkEnv: Registering OutputCommitCoordinator
[2025-08-13T08:51:43.958+0000] {spark_submit.py:521} INFO - 25/08/13 08:51:43 INFO JettyUtils: Start Jetty 0.0.0.0:4040 for SparkUI
[2025-08-13T08:51:44.031+0000] {spark_submit.py:521} INFO - 25/08/13 08:51:44 INFO Utils: Successfully started service 'SparkUI' on port 4040.
[2025-08-13T08:51:44.070+0000] {spark_submit.py:521} INFO - 25/08/13 08:51:44 INFO SparkContext: Added JAR file:///opt/custom-jars/gcs-connector-hadoop3-2.2.14-shaded.jar at spark://89a37f983b11:41473/jars/gcs-connector-hadoop3-2.2.14-shaded.jar with timestamp 1755075103315
[2025-08-13T08:51:44.108+0000] {spark_submit.py:521} INFO - 25/08/13 08:51:44 INFO SecurityManager: Changing view acls to: ***
[2025-08-13T08:51:44.110+0000] {spark_submit.py:521} INFO - 25/08/13 08:51:44 INFO SecurityManager: Changing modify acls to: ***
[2025-08-13T08:51:44.110+0000] {spark_submit.py:521} INFO - 25/08/13 08:51:44 INFO SecurityManager: Changing view acls groups to: ***
[2025-08-13T08:51:44.110+0000] {spark_submit.py:521} INFO - 25/08/13 08:51:44 INFO SecurityManager: Changing modify acls groups to: ***
[2025-08-13T08:51:44.111+0000] {spark_submit.py:521} INFO - 25/08/13 08:51:44 INFO SecurityManager: SecurityManager: authentication disabled; ui acls disabled; users with view permissions: *** groups with view permissions: EMPTY; users with modify permissions: ***; groups with modify permissions: EMPTY; RPC SSL disabled
[2025-08-13T08:51:44.295+0000] {spark_submit.py:521} INFO - 25/08/13 08:51:44 INFO StandaloneAppClient$ClientEndpoint: Connecting to master spark://spark-master:7077...
[2025-08-13T08:51:44.345+0000] {spark_submit.py:521} INFO - 25/08/13 08:51:44 INFO TransportClientFactory: Successfully created connection to spark-master/172.18.0.3:7077 after 25 ms (0 ms spent in bootstraps)
[2025-08-13T08:51:44.832+0000] {spark_submit.py:521} INFO - 25/08/13 08:51:44 INFO StandaloneSchedulerBackend: Connected to Spark cluster with app ID app-20250813085144-0004
[2025-08-13T08:51:44.842+0000] {spark_submit.py:521} INFO - 25/08/13 08:51:44 INFO Utils: Successfully started service 'org.apache.spark.network.netty.NettyBlockTransferService' on port 45529.
[2025-08-13T08:51:44.843+0000] {spark_submit.py:521} INFO - 25/08/13 08:51:44 INFO NettyBlockTransferService: Server created on 89a37f983b11:45529
[2025-08-13T08:51:44.846+0000] {spark_submit.py:521} INFO - 25/08/13 08:51:44 INFO BlockManager: Using org.apache.spark.storage.RandomBlockReplicationPolicy for block replication policy
[2025-08-13T08:51:44.864+0000] {spark_submit.py:521} INFO - 25/08/13 08:51:44 INFO BlockManagerMaster: Registering BlockManager BlockManagerId(driver, 89a37f983b11, 45529, None)
[2025-08-13T08:51:44.873+0000] {spark_submit.py:521} INFO - 25/08/13 08:51:44 INFO BlockManagerMasterEndpoint: Registering block manager 89a37f983b11:45529 with 434.4 MiB RAM, BlockManagerId(driver, 89a37f983b11, 45529, None)
[2025-08-13T08:51:44.876+0000] {spark_submit.py:521} INFO - 25/08/13 08:51:44 INFO BlockManagerMaster: Registered BlockManager BlockManagerId(driver, 89a37f983b11, 45529, None)
[2025-08-13T08:51:44.877+0000] {spark_submit.py:521} INFO - 25/08/13 08:51:44 INFO BlockManager: Initialized BlockManager: BlockManagerId(driver, 89a37f983b11, 45529, None)
[2025-08-13T08:51:44.910+0000] {spark_submit.py:521} INFO - 25/08/13 08:51:44 INFO StandaloneAppClient$ClientEndpoint: Executor added: app-20250813085144-0004/0 on worker-20250813083942-172.18.0.5-44267 (172.18.0.5:44267) with 2 core(s)
[2025-08-13T08:51:44.911+0000] {spark_submit.py:521} INFO - 25/08/13 08:51:44 INFO StandaloneSchedulerBackend: Granted executor ID app-20250813085144-0004/0 on hostPort 172.18.0.5:44267 with 2 core(s), 1024.0 MiB RAM
[2025-08-13T08:51:45.037+0000] {spark_submit.py:521} INFO - 25/08/13 08:51:45 INFO StandaloneSchedulerBackend: SchedulerBackend is ready for scheduling beginning after reached minRegisteredResourcesRatio: 0.0
[2025-08-13T08:51:46.020+0000] {spark_submit.py:521} INFO - 25/08/13 08:51:46 INFO StandaloneAppClient$ClientEndpoint: Executor updated: app-20250813085144-0004/0 is now RUNNING
[2025-08-13T08:51:47.544+0000] {spark_submit.py:521} INFO - 25/08/13 08:51:47 INFO SharedState: Setting hive.metastore.warehouse.dir ('null') to the value of spark.sql.warehouse.dir.
[2025-08-13T08:51:47.547+0000] {spark_submit.py:521} INFO - 25/08/13 08:51:47 INFO SharedState: Warehouse path is 'file:/opt/***/spark-warehouse'.
[2025-08-13T08:51:51.116+0000] {spark_submit.py:521} INFO - 25/08/13 08:51:51 INFO StandaloneSchedulerBackend$StandaloneDriverEndpoint: Registered executor NettyRpcEndpointRef(spark-client://Executor) (172.18.0.5:51410) with ID 0, ResourceProfileId 0
[2025-08-13T08:51:51.288+0000] {spark_submit.py:521} INFO - 25/08/13 08:51:51 INFO BlockManagerMasterEndpoint: Registering block manager 172.18.0.5:35461 with 434.4 MiB RAM, BlockManagerId(0, 172.18.0.5, 35461, None)
[2025-08-13T08:51:51.407+0000] {spark_submit.py:521} INFO - 25/08/13 08:51:51 INFO InMemoryFileIndex: It took 130 ms to list leaf files for 1 paths.
[2025-08-13T08:51:51.649+0000] {spark_submit.py:521} INFO - 25/08/13 08:51:51 INFO SparkContext: Starting job: parquet at NativeMethodAccessorImpl.java:0
[2025-08-13T08:51:51.664+0000] {spark_submit.py:521} INFO - 25/08/13 08:51:51 INFO DAGScheduler: Got job 0 (parquet at NativeMethodAccessorImpl.java:0) with 1 output partitions
[2025-08-13T08:51:51.666+0000] {spark_submit.py:521} INFO - 25/08/13 08:51:51 INFO DAGScheduler: Final stage: ResultStage 0 (parquet at NativeMethodAccessorImpl.java:0)
[2025-08-13T08:51:51.667+0000] {spark_submit.py:521} INFO - 25/08/13 08:51:51 INFO DAGScheduler: Parents of final stage: List()
[2025-08-13T08:51:51.672+0000] {spark_submit.py:521} INFO - 25/08/13 08:51:51 INFO DAGScheduler: Missing parents: List()
[2025-08-13T08:51:51.678+0000] {spark_submit.py:521} INFO - 25/08/13 08:51:51 INFO DAGScheduler: Submitting ResultStage 0 (MapPartitionsRDD[1] at parquet at NativeMethodAccessorImpl.java:0), which has no missing parents
[2025-08-13T08:51:51.754+0000] {spark_submit.py:521} INFO - 25/08/13 08:51:51 INFO MemoryStore: MemoryStore started with capacity 434.4 MiB
[2025-08-13T08:51:51.778+0000] {spark_submit.py:521} INFO - 25/08/13 08:51:51 INFO MemoryStore: Block broadcast_0 stored as values in memory (estimated size 116.0 KiB, free 434.3 MiB)
[2025-08-13T08:51:51.849+0000] {spark_submit.py:521} INFO - 25/08/13 08:51:51 INFO MemoryStore: Block broadcast_0_piece0 stored as bytes in memory (estimated size 41.8 KiB, free 434.2 MiB)
[2025-08-13T08:51:51.863+0000] {spark_submit.py:521} INFO - 25/08/13 08:51:51 INFO SparkContext: Created broadcast 0 from broadcast at DAGScheduler.scala:1676
[2025-08-13T08:51:51.891+0000] {spark_submit.py:521} INFO - 25/08/13 08:51:51 INFO DAGScheduler: Submitting 1 missing tasks from ResultStage 0 (MapPartitionsRDD[1] at parquet at NativeMethodAccessorImpl.java:0) (first 15 tasks are for partitions Vector(0))
[2025-08-13T08:51:51.904+0000] {spark_submit.py:521} INFO - 25/08/13 08:51:51 INFO TaskSchedulerImpl: Adding task set 0.0 with 1 tasks resource profile 0
[2025-08-13T08:51:52.224+0000] {spark_submit.py:521} INFO - 25/08/13 08:51:52 INFO TaskSetManager: Starting task 0.0 in stage 0.0 (TID 0) (172.18.0.5,executor 0, partition 0, PROCESS_LOCAL, 10077 bytes)
[2025-08-13T08:51:54.945+0000] {spark_submit.py:521} INFO - 25/08/13 08:51:54 INFO TaskSetManager: Finished task 0.0 in stage 0.0 (TID 0) in 2732 ms on 172.18.0.5 (executor 0) (1/1)
[2025-08-13T08:51:54.947+0000] {spark_submit.py:521} INFO - 25/08/13 08:51:54 INFO TaskSchedulerImpl: Removed TaskSet 0.0 whose tasks have all completed, from pool
[2025-08-13T08:51:54.951+0000] {spark_submit.py:521} INFO - 25/08/13 08:51:54 INFO DAGScheduler: ResultStage 0 (parquet at NativeMethodAccessorImpl.java:0) finished in 3250 ms
[2025-08-13T08:51:54.954+0000] {spark_submit.py:521} INFO - 25/08/13 08:51:54 INFO DAGScheduler: Job 0 is finished. Cancelling potential speculative or zombie tasks for this job
[2025-08-13T08:51:54.955+0000] {spark_submit.py:521} INFO - 25/08/13 08:51:54 INFO TaskSchedulerImpl: Canceling stage 0
[2025-08-13T08:51:54.956+0000] {spark_submit.py:521} INFO - 25/08/13 08:51:54 INFO TaskSchedulerImpl: Killing all running tasks in stage 0: Stage finished
[2025-08-13T08:51:54.958+0000] {spark_submit.py:521} INFO - 25/08/13 08:51:54 INFO DAGScheduler: Job 0 finished: parquet at NativeMethodAccessorImpl.java:0, took 3309.202014 ms
[2025-08-13T08:51:55.227+0000] {spark_submit.py:521} INFO - 25/08/13 08:51:55 INFO DataSourceManager: Loading static Python Data Sources.
[2025-08-13T08:51:56.251+0000] {spark_submit.py:521} INFO - Traceback (most recent call last):
[2025-08-13T08:51:56.252+0000] {spark_submit.py:521} INFO - File "/opt/spark-jobs/load/upload_jobs_to_dwh.py", line 42, in <module>
[2025-08-13T08:51:56.254+0000] {spark_submit.py:521} INFO - load_table_to_bq(table)
[2025-08-13T08:51:56.255+0000] {spark_submit.py:521} INFO - File "/opt/spark-jobs/load/upload_jobs_to_dwh.py", line 25, in load_table_to_bq
[2025-08-13T08:51:56.256+0000] {spark_submit.py:521} INFO - .save()
[2025-08-13T08:51:56.256+0000] {spark_submit.py:521} INFO - ^^^^^^
[2025-08-13T08:51:56.256+0000] {spark_submit.py:521} INFO - File "/home/***/.local/lib/python3.11/site-packages/pyspark/python/lib/pyspark.zip/pyspark/sql/readwriter.py", line 1743, in save
[2025-08-13T08:51:56.257+0000] {spark_submit.py:521} INFO - File "/home/***/.local/lib/python3.11/site-packages/pyspark/python/lib/py4j-0.10.9.9-src.zip/py4j/java_gateway.py", line 1362, in __call__
[2025-08-13T08:51:56.257+0000] {spark_submit.py:521} INFO - File "/home/***/.local/lib/python3.11/site-packages/pyspark/python/lib/pyspark.zip/pyspark/errors/exceptions/captured.py", line 282, in deco
[2025-08-13T08:51:56.259+0000] {spark_submit.py:521} INFO - File "/home/***/.local/lib/python3.11/site-packages/pyspark/python/lib/py4j-0.10.9.9-src.zip/py4j/protocol.py", line 327, in get_return_value
[2025-08-13T08:51:56.260+0000] {spark_submit.py:521} INFO - py4j.protocol.Py4JJavaError: An error occurred while calling o43.save.
[2025-08-13T08:51:56.260+0000] {spark_submit.py:521} INFO - : org.apache.spark.SparkClassNotFoundException: [DATA_SOURCE_NOT_FOUND] Failed to find the data source: bigquery. Make sure the provider name is correct and the package is properly registered and compatible with your Spark version. SQLSTATE: 42K02
[2025-08-13T08:51:56.260+0000] {spark_submit.py:521} INFO - at org.apache.spark.sql.errors.QueryExecutionErrors$.dataSourceNotFoundError(QueryExecutionErrors.scala:722)
[2025-08-13T08:51:56.261+0000] {spark_submit.py:521} INFO - at org.apache.spark.sql.execution.datasources.DataSource$.lookupDataSource(DataSource.scala:681)
[2025-08-13T08:51:56.261+0000] {spark_submit.py:521} INFO - at org.apache.spark.sql.execution.datasources.DataSource$.lookupDataSourceV2(DataSource.scala:740)
[2025-08-13T08:51:56.261+0000] {spark_submit.py:521} INFO - at org.apache.spark.sql.classic.DataFrameWriter.lookupV2Provider(DataFrameWriter.scala:626)
[2025-08-13T08:51:56.261+0000] {spark_submit.py:521} INFO - at org.apache.spark.sql.classic.DataFrameWriter.saveInternal(DataFrameWriter.scala:135)
[2025-08-13T08:51:56.261+0000] {spark_submit.py:521} INFO - at org.apache.spark.sql.classic.DataFrameWriter.save(DataFrameWriter.scala:126)
[2025-08-13T08:51:56.261+0000] {spark_submit.py:521} INFO - at java.base/jdk.internal.reflect.NativeMethodAccessorImpl.invoke0(Native Method)
[2025-08-13T08:51:56.262+0000] {spark_submit.py:521} INFO - at java.base/jdk.internal.reflect.NativeMethodAccessorImpl.invoke(NativeMethodAccessorImpl.java:77)
[2025-08-13T08:51:56.262+0000] {spark_submit.py:521} INFO - at java.base/jdk.internal.reflect.DelegatingMethodAccessorImpl.invoke(DelegatingMethodAccessorImpl.java:43)
[2025-08-13T08:51:56.263+0000] {spark_submit.py:521} INFO - at java.base/java.lang.reflect.Method.invoke(Method.java:569)
[2025-08-13T08:51:56.263+0000] {spark_submit.py:521} INFO - at py4j.reflection.MethodInvoker.invoke(MethodInvoker.java:244)
[2025-08-13T08:51:56.263+0000] {spark_submit.py:521} INFO - at py4j.reflection.ReflectionEngine.invoke(ReflectionEngine.java:374)
[2025-08-13T08:51:56.263+0000] {spark_submit.py:521} INFO - at py4j.Gateway.invoke(Gateway.java:282)
[2025-08-13T08:51:56.263+0000] {spark_submit.py:521} INFO - at py4j.commands.AbstractCommand.invokeMethod(AbstractCommand.java:132)
[2025-08-13T08:51:56.264+0000] {spark_submit.py:521} INFO - at py4j.commands.CallCommand.execute(CallCommand.java:79)
[2025-08-13T08:51:56.264+0000] {spark_submit.py:521} INFO - at py4j.ClientServerConnection.waitForCommands(ClientServerConnection.java:184)
[2025-08-13T08:51:56.264+0000] {spark_submit.py:521} INFO - at py4j.ClientServerConnection.run(ClientServerConnection.java:108)
[2025-08-13T08:51:56.264+0000] {spark_submit.py:521} INFO - at java.base/java.lang.Thread.run(Thread.java:840)
[2025-08-13T08:51:56.264+0000] {spark_submit.py:521} INFO - Caused by: java.lang.ClassNotFoundException: bigquery.DefaultSource
[2025-08-13T08:51:56.265+0000] {spark_submit.py:521} INFO - at java.base/java.net.URLClassLoader.findClass(URLClassLoader.java:445)
[2025-08-13T08:51:56.265+0000] {spark_submit.py:521} INFO - at java.base/java.lang.ClassLoader.loadClass(ClassLoader.java:592)
[2025-08-13T08:51:56.265+0000] {spark_submit.py:521} INFO - at java.base/java.lang.ClassLoader.loadClass(ClassLoader.java:525)
[2025-08-13T08:51:56.265+0000] {spark_submit.py:521} INFO - at org.apache.spark.sql.execution.datasources.DataSource$.$anonfun$lookupDataSource$6(DataSource.scala:665)
[2025-08-13T08:51:56.266+0000] {spark_submit.py:521} INFO - at scala.util.Try$.apply(Try.scala:217)
[2025-08-13T08:51:56.266+0000] {spark_submit.py:521} INFO - at org.apache.spark.sql.execution.datasources.DataSource$.$anonfun$lookupDataSource$5(DataSource.scala:665)
[2025-08-13T08:51:56.266+0000] {spark_submit.py:521} INFO - at scala.util.Failure.orElse(Try.scala:230)
[2025-08-13T08:51:56.266+0000] {spark_submit.py:521} INFO - at org.apache.spark.sql.execution.datasources.DataSource$.lookupDataSource(DataSource.scala:665)
[2025-08-13T08:51:56.267+0000] {spark_submit.py:521} INFO - ... 16 more
[2025-08-13T08:51:56.267+0000] {spark_submit.py:521} INFO - 
[2025-08-13T08:51:56.463+0000] {spark_submit.py:521} INFO - 25/08/13 08:51:56 INFO SparkContext: Invoking stop() from shutdown hook
[2025-08-13T08:51:56.464+0000] {spark_submit.py:521} INFO - 25/08/13 08:51:56 INFO SparkContext: SparkContext is stopping with exitCode 0 from run at Executors.java:539.
[2025-08-13T08:51:56.475+0000] {spark_submit.py:521} INFO - 25/08/13 08:51:56 INFO SparkUI: Stopped Spark web UI at http://89a37f983b11:4040
[2025-08-13T08:51:56.477+0000] {spark_submit.py:521} INFO - 25/08/13 08:51:56 INFO StandaloneSchedulerBackend: Shutting down all executors
[2025-08-13T08:51:56.478+0000] {spark_submit.py:521} INFO - 25/08/13 08:51:56 INFO StandaloneSchedulerBackend$StandaloneDriverEndpoint: Asking each executor to shut down
[2025-08-13T08:51:56.495+0000] {spark_submit.py:521} INFO - 25/08/13 08:51:56 INFO MapOutputTrackerMasterEndpoint: MapOutputTrackerMasterEndpoint stopped!
[2025-08-13T08:51:56.534+0000] {spark_submit.py:521} INFO - 25/08/13 08:51:56 INFO MemoryStore: MemoryStore cleared
[2025-08-13T08:51:56.536+0000] {spark_submit.py:521} INFO - 25/08/13 08:51:56 INFO BlockManager: BlockManager stopped
[2025-08-13T08:51:56.546+0000] {spark_submit.py:521} INFO - 25/08/13 08:51:56 INFO BlockManagerMaster: BlockManagerMaster stopped
[2025-08-13T08:51:56.550+0000] {spark_submit.py:521} INFO - 25/08/13 08:51:56 INFO OutputCommitCoordinator$OutputCommitCoordinatorEndpoint: OutputCommitCoordinator stopped!
[2025-08-13T08:51:56.565+0000] {spark_submit.py:521} INFO - 25/08/13 08:51:56 INFO SparkContext: Successfully stopped SparkContext
[2025-08-13T08:51:56.567+0000] {spark_submit.py:521} INFO - 25/08/13 08:51:56 INFO ShutdownHookManager: Shutdown hook called
[2025-08-13T08:51:56.567+0000] {spark_submit.py:521} INFO - 25/08/13 08:51:56 INFO ShutdownHookManager: Deleting directory /tmp/spark-569cf0a2-f2f4-46a1-ab46-68052bdfbf89
[2025-08-13T08:51:56.579+0000] {spark_submit.py:521} INFO - 25/08/13 08:51:56 INFO ShutdownHookManager: Deleting directory /tmp/spark-f8d4c9df-deb3-4350-abe5-fe101ccc7da9
[2025-08-13T08:51:56.595+0000] {spark_submit.py:521} INFO - 25/08/13 08:51:56 INFO ShutdownHookManager: Deleting directory /tmp/spark-f8d4c9df-deb3-4350-abe5-fe101ccc7da9/pyspark-aabd78d1-a8d1-4e91-b719-fec6ca3e19e6
[2025-08-13T08:51:56.644+0000] {taskinstance.py:441} INFO - ::group::Post task execution logs
[2025-08-13T08:51:56.694+0000] {taskinstance.py:2905} ERROR - Task failed with exception
Traceback (most recent call last):
  File "/home/airflow/.local/lib/python3.11/site-packages/airflow/models/taskinstance.py", line 465, in _execute_task
    result = _execute_callable(context=context, **execute_callable_kwargs)
             ^^^^^^^^^^^^^^^^^^^^^^^^^^^^^^^^^^^^^^^^^^^^^^^^^^^^^^^^^^^^^
  File "/home/airflow/.local/lib/python3.11/site-packages/airflow/models/taskinstance.py", line 432, in _execute_callable
    return execute_callable(context=context, **execute_callable_kwargs)
           ^^^^^^^^^^^^^^^^^^^^^^^^^^^^^^^^^^^^^^^^^^^^^^^^^^^^^^^^^^^^
  File "/home/airflow/.local/lib/python3.11/site-packages/airflow/models/baseoperator.py", line 400, in wrapper
    return func(self, *args, **kwargs)
           ^^^^^^^^^^^^^^^^^^^^^^^^^^^
  File "/home/airflow/.local/lib/python3.11/site-packages/airflow/providers/apache/spark/operators/spark_submit.py", line 156, in execute
    self._hook.submit(self._application)
  File "/home/airflow/.local/lib/python3.11/site-packages/airflow/providers/apache/spark/hooks/spark_submit.py", line 452, in submit
    raise AirflowException(
airflow.exceptions.AirflowException: Cannot execute: spark-submit --master spark://spark-master:7077 --conf spark.master=spark://spark-master:7077 --conf spark.driver.extraClassPath=/opt/custom-jars/* --conf spark.executor.extraClassPath=/opt/custom-jars/* --conf spark.hadoop.fs.gs.impl=com.google.cloud.hadoop.fs.gcs.GoogleHadoopFileSystem --conf spark.hadoop.fs.AbstractFileSystem.gs.impl=com.google.cloud.hadoop.fs.gcs.GoogleHadoopFS --conf spark.hadoop.google.cloud.auth.service.account.enable=true --conf spark.hadoop.google.cloud.auth.service.account.json.keyfile=/opt/***/gcp-key.json --jars /opt/custom-jars/gcs-connector-hadoop3-2.2.14-shaded.jar --name arrow-spark --verbose /opt/spark-jobs/load/upload_jobs_to_dwh.py. Error code is: 1.
[2025-08-13T08:51:56.710+0000] {taskinstance.py:1206} INFO - Marking task as FAILED. dag_id=spark_transform_pipeline, task_id=silver_topcv_transform, run_id=manual__2025-08-13T08:51:31.804238+00:00, execution_date=20250813T085131, start_date=20250813T085137, end_date=20250813T085156
[2025-08-13T08:51:56.755+0000] {standard_task_runner.py:110} ERROR - Failed to execute job 96 for task silver_topcv_transform (Cannot execute: spark-submit --master spark://spark-master:7077 --conf spark.master=spark://spark-master:7077 --conf spark.driver.extraClassPath=/opt/custom-jars/* --conf spark.executor.extraClassPath=/opt/custom-jars/* --conf spark.hadoop.fs.gs.impl=com.google.cloud.hadoop.fs.gcs.GoogleHadoopFileSystem --conf spark.hadoop.fs.AbstractFileSystem.gs.impl=com.google.cloud.hadoop.fs.gcs.GoogleHadoopFS --conf spark.hadoop.google.cloud.auth.service.account.enable=true --conf spark.hadoop.google.cloud.auth.service.account.json.keyfile=/opt/***/gcp-key.json --jars /opt/custom-jars/gcs-connector-hadoop3-2.2.14-shaded.jar --name arrow-spark --verbose /opt/spark-jobs/load/upload_jobs_to_dwh.py. Error code is: 1.; 1418)
[2025-08-13T08:51:56.786+0000] {local_task_job_runner.py:240} INFO - Task exited with return code 1
[2025-08-13T08:51:56.833+0000] {taskinstance.py:3498} INFO - 0 downstream tasks scheduled from follow-on schedule check
[2025-08-13T08:51:56.836+0000] {local_task_job_runner.py:222} INFO - ::endgroup::
