[2025-09-09T02:42:11.309+0000] {local_task_job_runner.py:120} INFO - ::group::Pre task execution logs
[2025-09-09T02:42:11.330+0000] {taskinstance.py:2076} INFO - Dependencies all met for dep_context=non-requeueable deps ti=<TaskInstance: jobs_crawler_dag.upload_jobs_to_gcs manual__2025-09-09T02:42:01.727678+00:00 [queued]>
[2025-09-09T02:42:11.336+0000] {taskinstance.py:2076} INFO - Dependencies all met for dep_context=requeueable deps ti=<TaskInstance: jobs_crawler_dag.upload_jobs_to_gcs manual__2025-09-09T02:42:01.727678+00:00 [queued]>
[2025-09-09T02:42:11.337+0000] {taskinstance.py:2306} INFO - Starting attempt 1 of 2
[2025-09-09T02:42:11.346+0000] {taskinstance.py:2330} INFO - Executing <Task(PythonOperator): upload_jobs_to_gcs> on 2025-09-09 02:42:01.727678+00:00
[2025-09-09T02:42:11.356+0000] {standard_task_runner.py:63} INFO - Started process 279 to run task
[2025-09-09T02:42:11.359+0000] {standard_task_runner.py:90} INFO - Running: ['***', 'tasks', 'run', 'jobs_crawler_dag', 'upload_jobs_to_gcs', 'manual__2025-09-09T02:42:01.727678+00:00', '--job-id', '20', '--raw', '--subdir', 'DAGS_FOLDER/crawl_jobs_dag.py', '--cfg-path', '/tmp/tmpoj8p_dh0']
[2025-09-09T02:42:11.360+0000] {standard_task_runner.py:91} INFO - Job 20: Subtask upload_jobs_to_gcs
[2025-09-09T02:42:11.408+0000] {task_command.py:426} INFO - Running <TaskInstance: jobs_crawler_dag.upload_jobs_to_gcs manual__2025-09-09T02:42:01.727678+00:00 [running]> on host c46b67be7e4e
[2025-09-09T02:42:11.475+0000] {taskinstance.py:2648} INFO - Exporting env vars: AIRFLOW_CTX_DAG_OWNER='***' AIRFLOW_CTX_DAG_ID='jobs_crawler_dag' AIRFLOW_CTX_TASK_ID='upload_jobs_to_gcs' AIRFLOW_CTX_EXECUTION_DATE='2025-09-09T02:42:01.727678+00:00' AIRFLOW_CTX_TRY_NUMBER='1' AIRFLOW_CTX_DAG_RUN_ID='manual__2025-09-09T02:42:01.727678+00:00'
[2025-09-09T02:42:11.476+0000] {taskinstance.py:430} INFO - ::endgroup::
[2025-09-09T02:42:11.556+0000] {logging_mixin.py:188} INFO - ✅ Bucket 'streamify' created.
[2025-09-09T02:42:11.716+0000] {logging_mixin.py:188} INFO - ✅ Uploaded Pandas DataFrame to MinIO: streamify/bronze/topcv/topcv_jobs.parquet
[2025-09-09T02:42:11.806+0000] {logging_mixin.py:188} INFO - ✅ Uploaded Pandas DataFrame to MinIO: streamify/bronze/vietnamworkcv/vietnamworkcv_jobs.parquet
[2025-09-09T02:42:11.809+0000] {python.py:237} INFO - Done. Returned value was: None
[2025-09-09T02:42:11.810+0000] {taskinstance.py:441} INFO - ::group::Post task execution logs
[2025-09-09T02:42:11.820+0000] {taskinstance.py:1206} INFO - Marking task as SUCCESS. dag_id=jobs_crawler_dag, task_id=upload_jobs_to_gcs, run_id=manual__2025-09-09T02:42:01.727678+00:00, execution_date=20250909T024201, start_date=20250909T024211, end_date=20250909T024211
[2025-09-09T02:42:11.852+0000] {local_task_job_runner.py:240} INFO - Task exited with return code 0
[2025-09-09T02:42:11.867+0000] {taskinstance.py:3498} INFO - 0 downstream tasks scheduled from follow-on schedule check
[2025-09-09T02:42:11.869+0000] {local_task_job_runner.py:222} INFO - ::endgroup::
