[2025-08-07T08:26:19.041+0000] {local_task_job_runner.py:120} INFO - ::group::Pre task execution logs
[2025-08-07T08:26:19.086+0000] {taskinstance.py:2076} INFO - Dependencies all met for dep_context=non-requeueable deps ti=<TaskInstance: spark_transform_topcv.submit_spark_job manual__2025-08-07T08:26:15.884044+00:00 [queued]>
[2025-08-07T08:26:19.111+0000] {taskinstance.py:2076} INFO - Dependencies all met for dep_context=requeueable deps ti=<TaskInstance: spark_transform_topcv.submit_spark_job manual__2025-08-07T08:26:15.884044+00:00 [queued]>
[2025-08-07T08:26:19.117+0000] {taskinstance.py:2306} INFO - Starting attempt 1 of 1
[2025-08-07T08:26:19.135+0000] {taskinstance.py:2330} INFO - Executing <Task(SparkSubmitOperator): submit_spark_job> on 2025-08-07 08:26:15.884044+00:00
[2025-08-07T08:26:19.140+0000] {standard_task_runner.py:63} INFO - Started process 229 to run task
[2025-08-07T08:26:19.145+0000] {standard_task_runner.py:90} INFO - Running: ['***', 'tasks', 'run', 'spark_transform_topcv', 'submit_spark_job', 'manual__2025-08-07T08:26:15.884044+00:00', '--job-id', '3', '--raw', '--subdir', 'DAGS_FOLDER/etl_jobs_dag.py', '--cfg-path', '/tmp/tmpcn7weete']
[2025-08-07T08:26:19.148+0000] {standard_task_runner.py:91} INFO - Job 3: Subtask submit_spark_job
[2025-08-07T08:26:19.206+0000] {task_command.py:426} INFO - Running <TaskInstance: spark_transform_topcv.submit_spark_job manual__2025-08-07T08:26:15.884044+00:00 [running]> on host 10361da68ad9
[2025-08-07T08:26:19.288+0000] {taskinstance.py:2648} INFO - Exporting env vars: AIRFLOW_CTX_DAG_OWNER='***' AIRFLOW_CTX_DAG_ID='spark_transform_topcv' AIRFLOW_CTX_TASK_ID='submit_spark_job' AIRFLOW_CTX_EXECUTION_DATE='2025-08-07T08:26:15.884044+00:00' AIRFLOW_CTX_TRY_NUMBER='1' AIRFLOW_CTX_DAG_RUN_ID='manual__2025-08-07T08:26:15.884044+00:00'
[2025-08-07T08:26:19.289+0000] {taskinstance.py:430} INFO - ::endgroup::
[2025-08-07T08:26:19.312+0000] {base.py:84} INFO - Using connection ID 'spark_default' for task execution.
[2025-08-07T08:26:19.313+0000] {spark_submit.py:351} INFO - Spark-Submit cmd: spark-submit --master spark://spark-master:7077 --conf spark.hadoop.fs.s3a.endpoint=http://minio:9000 --conf spark.hadoop.fs.s3a.access.key=minioadmin --conf spark.hadoop.fs.s3a.secret.key=****** --conf spark.hadoop.fs.s3a.path.style.access=true --conf spark.hadoop.fs.s3a.impl=org.apache.hadoop.fs.s3a.S3AFileSystem --jars /opt/custom-jars/hadoop-aws-3.3.2.jar,/opt/custom-jars/aws-java-sdk-bundle-1.12.367.jar --name arrow-spark --verbose /opt/spark-jobs/gold_transform.py
[2025-08-07T08:26:19.906+0000] {spark_submit.py:521} INFO - WARNING: Using incubator modules: jdk.incubator.vector
[2025-08-07T08:26:22.905+0000] {spark_submit.py:521} INFO - Parsed arguments:
[2025-08-07T08:26:22.906+0000] {spark_submit.py:521} INFO - master                  spark://spark-master:7077
[2025-08-07T08:26:22.907+0000] {spark_submit.py:521} INFO - remote                  null
[2025-08-07T08:26:22.907+0000] {spark_submit.py:521} INFO - deployMode              null
[2025-08-07T08:26:22.908+0000] {spark_submit.py:521} INFO - executorMemory          null
[2025-08-07T08:26:22.908+0000] {spark_submit.py:521} INFO - executorCores           null
[2025-08-07T08:26:22.909+0000] {spark_submit.py:521} INFO - totalExecutorCores      null
[2025-08-07T08:26:22.909+0000] {spark_submit.py:521} INFO - propertiesFile          null
[2025-08-07T08:26:22.909+0000] {spark_submit.py:521} INFO - driverMemory            null
[2025-08-07T08:26:22.909+0000] {spark_submit.py:521} INFO - driverCores             null
[2025-08-07T08:26:22.909+0000] {spark_submit.py:521} INFO - driverExtraClassPath    null
[2025-08-07T08:26:22.909+0000] {spark_submit.py:521} INFO - driverExtraLibraryPath  null
[2025-08-07T08:26:22.910+0000] {spark_submit.py:521} INFO - driverExtraJavaOptions  null
[2025-08-07T08:26:22.910+0000] {spark_submit.py:521} INFO - supervise               false
[2025-08-07T08:26:22.910+0000] {spark_submit.py:521} INFO - queue                   null
[2025-08-07T08:26:22.911+0000] {spark_submit.py:521} INFO - numExecutors            null
[2025-08-07T08:26:22.911+0000] {spark_submit.py:521} INFO - files                   null
[2025-08-07T08:26:22.911+0000] {spark_submit.py:521} INFO - pyFiles                 null
[2025-08-07T08:26:22.911+0000] {spark_submit.py:521} INFO - archives                null
[2025-08-07T08:26:22.912+0000] {spark_submit.py:521} INFO - mainClass               null
[2025-08-07T08:26:22.912+0000] {spark_submit.py:521} INFO - primaryResource         file:/opt/spark-jobs/gold_transform.py
[2025-08-07T08:26:22.912+0000] {spark_submit.py:521} INFO - name                    arrow-spark
[2025-08-07T08:26:22.912+0000] {spark_submit.py:521} INFO - childArgs               []
[2025-08-07T08:26:22.913+0000] {spark_submit.py:521} INFO - jars                    file:/opt/custom-jars/hadoop-aws-3.3.2.jar,file:/opt/custom-jars/aws-java-sdk-bundle-1.12.367.jar
[2025-08-07T08:26:22.913+0000] {spark_submit.py:521} INFO - packages                null
[2025-08-07T08:26:22.914+0000] {spark_submit.py:521} INFO - packagesExclusions      null
[2025-08-07T08:26:22.914+0000] {spark_submit.py:521} INFO - repositories            null
[2025-08-07T08:26:22.914+0000] {spark_submit.py:521} INFO - verbose                 true
[2025-08-07T08:26:22.915+0000] {spark_submit.py:521} INFO - 
[2025-08-07T08:26:22.916+0000] {spark_submit.py:521} INFO - Spark properties used, including those specified through
[2025-08-07T08:26:22.916+0000] {spark_submit.py:521} INFO - --conf and those from the properties file null:
[2025-08-07T08:26:22.916+0000] {spark_submit.py:521} INFO - (spark.hadoop.fs.s3a.access.key,*********(redacted))
[2025-08-07T08:26:22.917+0000] {spark_submit.py:521} INFO - (spark.hadoop.fs.s3a.endpoint,http://minio:9000)
[2025-08-07T08:26:22.917+0000] {spark_submit.py:521} INFO - (spark.hadoop.fs.s3a.impl,org.apache.hadoop.fs.s3a.S3AFileSystem)
[2025-08-07T08:26:22.918+0000] {spark_submit.py:521} INFO - (spark.hadoop.fs.s3a.path.style.access,true)
[2025-08-07T08:26:22.918+0000] {spark_submit.py:521} INFO - (spark.hadoop.fs.s3a.secret.key,*********(redacted))
[2025-08-07T08:26:22.918+0000] {spark_submit.py:521} INFO - 
[2025-08-07T08:26:22.919+0000] {spark_submit.py:521} INFO - 
[2025-08-07T08:26:23.750+0000] {spark_submit.py:521} INFO - 25/08/07 08:26:23 WARN NativeCodeLoader: Unable to load native-hadoop library for your platform... using builtin-java classes where applicable
[2025-08-07T08:26:24.103+0000] {spark_submit.py:521} INFO - Main class:
[2025-08-07T08:26:24.103+0000] {spark_submit.py:521} INFO - org.apache.spark.deploy.PythonRunner
[2025-08-07T08:26:24.105+0000] {spark_submit.py:521} INFO - Arguments:
[2025-08-07T08:26:24.105+0000] {spark_submit.py:521} INFO - file:/opt/spark-jobs/gold_transform.py
[2025-08-07T08:26:24.105+0000] {spark_submit.py:521} INFO - null
[2025-08-07T08:26:24.108+0000] {spark_submit.py:521} INFO - Spark config:
[2025-08-07T08:26:24.108+0000] {spark_submit.py:521} INFO - (spark.app.name,arrow-spark)
[2025-08-07T08:26:24.108+0000] {spark_submit.py:521} INFO - (spark.app.submitTime,1754555184049)
[2025-08-07T08:26:24.109+0000] {spark_submit.py:521} INFO - (spark.hadoop.fs.s3a.access.key,*********(redacted))
[2025-08-07T08:26:24.109+0000] {spark_submit.py:521} INFO - (spark.hadoop.fs.s3a.endpoint,http://minio:9000)
[2025-08-07T08:26:24.109+0000] {spark_submit.py:521} INFO - (spark.hadoop.fs.s3a.impl,org.apache.hadoop.fs.s3a.S3AFileSystem)
[2025-08-07T08:26:24.109+0000] {spark_submit.py:521} INFO - (spark.hadoop.fs.s3a.path.style.access,true)
[2025-08-07T08:26:24.109+0000] {spark_submit.py:521} INFO - (spark.hadoop.fs.s3a.secret.key,*********(redacted))
[2025-08-07T08:26:24.110+0000] {spark_submit.py:521} INFO - (spark.jars,file:/opt/custom-jars/hadoop-aws-3.3.2.jar,file:///opt/custom-jars/aws-java-sdk-bundle-1.12.367.jar)
[2025-08-07T08:26:24.110+0000] {spark_submit.py:521} INFO - (spark.master,spark://spark-master:7077)
[2025-08-07T08:26:24.110+0000] {spark_submit.py:521} INFO - (spark.repl.local.jars,file:/opt/custom-jars/hadoop-aws-3.3.2.jar,file:///opt/custom-jars/aws-java-sdk-bundle-1.12.367.jar)
[2025-08-07T08:26:24.110+0000] {spark_submit.py:521} INFO - (spark.submit.deployMode,client)
[2025-08-07T08:26:24.110+0000] {spark_submit.py:521} INFO - (spark.submit.pyFiles,)
[2025-08-07T08:26:24.111+0000] {spark_submit.py:521} INFO - Classpath elements:
[2025-08-07T08:26:24.111+0000] {spark_submit.py:521} INFO - file:/opt/custom-jars/hadoop-aws-3.3.2.jar
[2025-08-07T08:26:24.111+0000] {spark_submit.py:521} INFO - file:///opt/custom-jars/aws-java-sdk-bundle-1.12.367.jar
[2025-08-07T08:26:24.111+0000] {spark_submit.py:521} INFO - 
[2025-08-07T08:26:24.111+0000] {spark_submit.py:521} INFO - 
[2025-08-07T08:26:24.130+0000] {spark_submit.py:521} INFO - Using Spark's default log4j profile: org/apache/spark/log4j2-defaults.properties
[2025-08-07T08:26:24.134+0000] {spark_submit.py:521} INFO - 25/08/07 08:26:24 WARN DependencyUtils: Local jar /opt/custom-jars/hadoop-aws-3.3.2.jar does not exist, skipping.
[2025-08-07T08:26:29.457+0000] {spark_submit.py:521} INFO - 25/08/07 08:26:29 INFO SparkContext: Running Spark version 4.0.0
[2025-08-07T08:26:29.466+0000] {spark_submit.py:521} INFO - 25/08/07 08:26:29 INFO SparkContext: OS info Linux, 5.15.167.4-microsoft-standard-WSL2, amd64
[2025-08-07T08:26:29.468+0000] {spark_submit.py:521} INFO - 25/08/07 08:26:29 INFO SparkContext: Java version 17.0.15
[2025-08-07T08:26:29.539+0000] {spark_submit.py:521} INFO - 25/08/07 08:26:29 INFO ResourceUtils: ==============================================================
[2025-08-07T08:26:29.540+0000] {spark_submit.py:521} INFO - 25/08/07 08:26:29 INFO ResourceUtils: No custom resources configured for spark.driver.
[2025-08-07T08:26:29.540+0000] {spark_submit.py:521} INFO - 25/08/07 08:26:29 INFO ResourceUtils: ==============================================================
[2025-08-07T08:26:29.541+0000] {spark_submit.py:521} INFO - 25/08/07 08:26:29 INFO SparkContext: Submitted application: GoldTransform
[2025-08-07T08:26:29.593+0000] {spark_submit.py:521} INFO - 25/08/07 08:26:29 INFO ResourceProfile: Default ResourceProfile created, executor resources: Map(memory -> name: memory, amount: 1024, script: , vendor: , offHeap -> name: offHeap, amount: 0, script: , vendor: ), task resources: Map(cpus -> name: cpus, amount: 1.0)
[2025-08-07T08:26:29.598+0000] {spark_submit.py:521} INFO - 25/08/07 08:26:29 INFO ResourceProfile: Limiting resource is cpu
[2025-08-07T08:26:29.599+0000] {spark_submit.py:521} INFO - 25/08/07 08:26:29 INFO ResourceProfileManager: Added ResourceProfile id: 0
[2025-08-07T08:26:29.786+0000] {spark_submit.py:521} INFO - 25/08/07 08:26:29 INFO SecurityManager: Changing view acls to: ***
[2025-08-07T08:26:29.790+0000] {spark_submit.py:521} INFO - 25/08/07 08:26:29 INFO SecurityManager: Changing modify acls to: ***
[2025-08-07T08:26:29.792+0000] {spark_submit.py:521} INFO - 25/08/07 08:26:29 INFO SecurityManager: Changing view acls groups to: ***
[2025-08-07T08:26:29.796+0000] {spark_submit.py:521} INFO - 25/08/07 08:26:29 INFO SecurityManager: Changing modify acls groups to: ***
[2025-08-07T08:26:29.822+0000] {spark_submit.py:521} INFO - 25/08/07 08:26:29 INFO SecurityManager: SecurityManager: authentication disabled; ui acls disabled; users with view permissions: *** groups with view permissions: EMPTY; users with modify permissions: ***; groups with modify permissions: EMPTY; RPC SSL disabled
[2025-08-07T08:26:30.471+0000] {spark_submit.py:521} INFO - 25/08/07 08:26:30 INFO Utils: Successfully started service 'sparkDriver' on port 36999.
[2025-08-07T08:26:30.608+0000] {spark_submit.py:521} INFO - 25/08/07 08:26:30 INFO SparkEnv: Registering MapOutputTracker
[2025-08-07T08:26:30.639+0000] {spark_submit.py:521} INFO - 25/08/07 08:26:30 INFO SparkEnv: Registering BlockManagerMaster
[2025-08-07T08:26:30.685+0000] {spark_submit.py:521} INFO - 25/08/07 08:26:30 INFO BlockManagerMasterEndpoint: Using org.apache.spark.storage.DefaultTopologyMapper for getting topology information
[2025-08-07T08:26:30.686+0000] {spark_submit.py:521} INFO - 25/08/07 08:26:30 INFO BlockManagerMasterEndpoint: BlockManagerMasterEndpoint up
[2025-08-07T08:26:31.010+0000] {spark_submit.py:521} INFO - 25/08/07 08:26:31 INFO SparkEnv: Registering BlockManagerMasterHeartbeat
[2025-08-07T08:26:31.145+0000] {spark_submit.py:521} INFO - 25/08/07 08:26:31 INFO DiskBlockManager: Created local directory at /tmp/blockmgr-d4142af0-03ca-4e7b-9a96-c4faccb69aca
[2025-08-07T08:26:31.181+0000] {spark_submit.py:521} INFO - 25/08/07 08:26:31 INFO SparkEnv: Registering OutputCommitCoordinator
[2025-08-07T08:26:31.851+0000] {spark_submit.py:521} INFO - 25/08/07 08:26:31 INFO JettyUtils: Start Jetty 0.0.0.0:4040 for SparkUI
[2025-08-07T08:26:32.235+0000] {spark_submit.py:521} INFO - 25/08/07 08:26:32 INFO Utils: Successfully started service 'SparkUI' on port 4040.
[2025-08-07T08:26:32.370+0000] {spark_submit.py:521} INFO - 25/08/07 08:26:32 ERROR SparkContext: Failed to add file:/opt/custom-jars/hadoop-aws-3.3.2.jar to Spark environment
[2025-08-07T08:26:32.372+0000] {spark_submit.py:521} INFO - java.io.FileNotFoundException: Jar /opt/custom-jars/hadoop-aws-3.3.2.jar not found
[2025-08-07T08:26:32.372+0000] {spark_submit.py:521} INFO - at org.apache.spark.SparkContext.addLocalJarFile$1(SparkContext.scala:2174)
[2025-08-07T08:26:32.373+0000] {spark_submit.py:521} INFO - at org.apache.spark.SparkContext.addJar(SparkContext.scala:2230)
[2025-08-07T08:26:32.373+0000] {spark_submit.py:521} INFO - at org.apache.spark.SparkContext.$anonfun$new$15(SparkContext.scala:538)
[2025-08-07T08:26:32.374+0000] {spark_submit.py:521} INFO - at org.apache.spark.SparkContext.$anonfun$new$15$adapted(SparkContext.scala:538)
[2025-08-07T08:26:32.374+0000] {spark_submit.py:521} INFO - at scala.collection.IterableOnceOps.foreach(IterableOnce.scala:619)
[2025-08-07T08:26:32.375+0000] {spark_submit.py:521} INFO - at scala.collection.IterableOnceOps.foreach$(IterableOnce.scala:617)
[2025-08-07T08:26:32.375+0000] {spark_submit.py:521} INFO - at scala.collection.AbstractIterable.foreach(Iterable.scala:935)
[2025-08-07T08:26:32.375+0000] {spark_submit.py:521} INFO - at org.apache.spark.SparkContext.<init>(SparkContext.scala:538)
[2025-08-07T08:26:32.375+0000] {spark_submit.py:521} INFO - at org.apache.spark.api.java.JavaSparkContext.<init>(JavaSparkContext.scala:59)
[2025-08-07T08:26:32.376+0000] {spark_submit.py:521} INFO - at java.base/jdk.internal.reflect.NativeConstructorAccessorImpl.newInstance0(Native Method)
[2025-08-07T08:26:32.376+0000] {spark_submit.py:521} INFO - at java.base/jdk.internal.reflect.NativeConstructorAccessorImpl.newInstance(NativeConstructorAccessorImpl.java:77)
[2025-08-07T08:26:32.376+0000] {spark_submit.py:521} INFO - at java.base/jdk.internal.reflect.DelegatingConstructorAccessorImpl.newInstance(DelegatingConstructorAccessorImpl.java:45)
[2025-08-07T08:26:32.377+0000] {spark_submit.py:521} INFO - at java.base/java.lang.reflect.Constructor.newInstanceWithCaller(Constructor.java:500)
[2025-08-07T08:26:32.377+0000] {spark_submit.py:521} INFO - at java.base/java.lang.reflect.Constructor.newInstance(Constructor.java:481)
[2025-08-07T08:26:32.377+0000] {spark_submit.py:521} INFO - at py4j.reflection.MethodInvoker.invoke(MethodInvoker.java:247)
[2025-08-07T08:26:32.377+0000] {spark_submit.py:521} INFO - at py4j.reflection.ReflectionEngine.invoke(ReflectionEngine.java:374)
[2025-08-07T08:26:32.378+0000] {spark_submit.py:521} INFO - at py4j.Gateway.invoke(Gateway.java:238)
[2025-08-07T08:26:32.378+0000] {spark_submit.py:521} INFO - at py4j.commands.ConstructorCommand.invokeConstructor(ConstructorCommand.java:80)
[2025-08-07T08:26:32.378+0000] {spark_submit.py:521} INFO - at py4j.commands.ConstructorCommand.execute(ConstructorCommand.java:69)
[2025-08-07T08:26:32.378+0000] {spark_submit.py:521} INFO - at py4j.ClientServerConnection.waitForCommands(ClientServerConnection.java:184)
[2025-08-07T08:26:32.379+0000] {spark_submit.py:521} INFO - at py4j.ClientServerConnection.run(ClientServerConnection.java:108)
[2025-08-07T08:26:32.379+0000] {spark_submit.py:521} INFO - at java.base/java.lang.Thread.run(Thread.java:840)
[2025-08-07T08:26:32.392+0000] {spark_submit.py:521} INFO - 25/08/07 08:26:32 INFO SparkContext: Added JAR file:///opt/custom-jars/aws-java-sdk-bundle-1.12.367.jar at spark://10361da68ad9:36999/jars/aws-java-sdk-bundle-1.12.367.jar with timestamp 1754555189439
[2025-08-07T08:26:32.540+0000] {spark_submit.py:521} INFO - 25/08/07 08:26:32 INFO SecurityManager: Changing view acls to: ***
[2025-08-07T08:26:32.541+0000] {spark_submit.py:521} INFO - 25/08/07 08:26:32 INFO SecurityManager: Changing modify acls to: ***
[2025-08-07T08:26:32.542+0000] {spark_submit.py:521} INFO - 25/08/07 08:26:32 INFO SecurityManager: Changing view acls groups to: ***
[2025-08-07T08:26:32.542+0000] {spark_submit.py:521} INFO - 25/08/07 08:26:32 INFO SecurityManager: Changing modify acls groups to: ***
[2025-08-07T08:26:32.542+0000] {spark_submit.py:521} INFO - 25/08/07 08:26:32 INFO SecurityManager: SecurityManager: authentication disabled; ui acls disabled; users with view permissions: *** groups with view permissions: EMPTY; users with modify permissions: ***; groups with modify permissions: EMPTY; RPC SSL disabled
[2025-08-07T08:26:33.263+0000] {spark_submit.py:521} INFO - 25/08/07 08:26:33 INFO StandaloneAppClient$ClientEndpoint: Connecting to master spark://spark-master:7077...
[2025-08-07T08:26:33.373+0000] {spark_submit.py:521} INFO - 25/08/07 08:26:33 INFO TransportClientFactory: Successfully created connection to spark-master/172.18.0.4:7077 after 54 ms (0 ms spent in bootstraps)
[2025-08-07T08:26:36.532+0000] {spark_submit.py:521} INFO - 25/08/07 08:26:36 INFO StandaloneSchedulerBackend: Connected to Spark cluster with app ID app-20250807082636-0000
[2025-08-07T08:26:36.550+0000] {spark_submit.py:521} INFO - 25/08/07 08:26:36 INFO Utils: Successfully started service 'org.apache.spark.network.netty.NettyBlockTransferService' on port 36467.
[2025-08-07T08:26:36.552+0000] {spark_submit.py:521} INFO - 25/08/07 08:26:36 INFO NettyBlockTransferService: Server created on 10361da68ad9:36467
[2025-08-07T08:26:36.556+0000] {spark_submit.py:521} INFO - 25/08/07 08:26:36 INFO BlockManager: Using org.apache.spark.storage.RandomBlockReplicationPolicy for block replication policy
[2025-08-07T08:26:36.582+0000] {spark_submit.py:521} INFO - 25/08/07 08:26:36 INFO BlockManagerMaster: Registering BlockManager BlockManagerId(driver, 10361da68ad9, 36467, None)
[2025-08-07T08:26:36.594+0000] {spark_submit.py:521} INFO - 25/08/07 08:26:36 INFO BlockManagerMasterEndpoint: Registering block manager 10361da68ad9:36467 with 434.4 MiB RAM, BlockManagerId(driver, 10361da68ad9, 36467, None)
[2025-08-07T08:26:36.600+0000] {spark_submit.py:521} INFO - 25/08/07 08:26:36 INFO BlockManagerMaster: Registered BlockManager BlockManagerId(driver, 10361da68ad9, 36467, None)
[2025-08-07T08:26:36.603+0000] {spark_submit.py:521} INFO - 25/08/07 08:26:36 INFO BlockManager: Initialized BlockManager: BlockManagerId(driver, 10361da68ad9, 36467, None)
[2025-08-07T08:26:37.000+0000] {spark_submit.py:521} INFO - 25/08/07 08:26:36 INFO StandaloneSchedulerBackend: SchedulerBackend is ready for scheduling beginning after reached minRegisteredResourcesRatio: 0.0
[2025-08-07T08:26:41.100+0000] {spark_submit.py:521} INFO - 25/08/07 08:26:41 INFO SharedState: Setting hive.metastore.warehouse.dir ('null') to the value of spark.sql.warehouse.dir.
[2025-08-07T08:26:41.120+0000] {spark_submit.py:521} INFO - 25/08/07 08:26:41 INFO SharedState: Warehouse path is 'file:/opt/***/spark-warehouse'.
[2025-08-07T08:26:48.001+0000] {spark_submit.py:521} INFO - 25/08/07 08:26:48 INFO CodeGenerator: Code generated in 628.726533 ms
[2025-08-07T08:26:48.039+0000] {spark_submit.py:521} INFO - 25/08/07 08:26:48 INFO SparkContext: Starting job: showString at NativeMethodAccessorImpl.java:0
[2025-08-07T08:26:48.058+0000] {spark_submit.py:521} INFO - 25/08/07 08:26:48 INFO DAGScheduler: Got job 0 (showString at NativeMethodAccessorImpl.java:0) with 1 output partitions
[2025-08-07T08:26:48.060+0000] {spark_submit.py:521} INFO - 25/08/07 08:26:48 INFO DAGScheduler: Final stage: ResultStage 0 (showString at NativeMethodAccessorImpl.java:0)
[2025-08-07T08:26:48.061+0000] {spark_submit.py:521} INFO - 25/08/07 08:26:48 INFO DAGScheduler: Parents of final stage: List()
[2025-08-07T08:26:48.063+0000] {spark_submit.py:521} INFO - 25/08/07 08:26:48 INFO DAGScheduler: Missing parents: List()
[2025-08-07T08:26:48.066+0000] {spark_submit.py:521} INFO - 25/08/07 08:26:48 INFO DAGScheduler: Submitting ResultStage 0 (MapPartitionsRDD[6] at showString at NativeMethodAccessorImpl.java:0), which has no missing parents
[2025-08-07T08:26:48.151+0000] {spark_submit.py:521} INFO - 25/08/07 08:26:48 INFO MemoryStore: MemoryStore started with capacity 434.4 MiB
[2025-08-07T08:26:48.225+0000] {spark_submit.py:521} INFO - 25/08/07 08:26:48 INFO MemoryStore: Block broadcast_0 stored as values in memory (estimated size 13.8 KiB, free 434.4 MiB)
[2025-08-07T08:26:48.286+0000] {spark_submit.py:521} INFO - 25/08/07 08:26:48 INFO MemoryStore: Block broadcast_0_piece0 stored as bytes in memory (estimated size 7.2 KiB, free 434.4 MiB)
[2025-08-07T08:26:48.302+0000] {spark_submit.py:521} INFO - 25/08/07 08:26:48 INFO SparkContext: Created broadcast 0 from broadcast at DAGScheduler.scala:1676
[2025-08-07T08:26:48.325+0000] {spark_submit.py:521} INFO - 25/08/07 08:26:48 INFO DAGScheduler: Submitting 1 missing tasks from ResultStage 0 (MapPartitionsRDD[6] at showString at NativeMethodAccessorImpl.java:0) (first 15 tasks are for partitions Vector(0))
[2025-08-07T08:26:48.337+0000] {spark_submit.py:521} INFO - 25/08/07 08:26:48 INFO TaskSchedulerImpl: Adding task set 0.0 with 1 tasks resource profile 0
[2025-08-07T08:27:03.347+0000] {spark_submit.py:521} INFO - 25/08/07 08:27:03 WARN TaskSchedulerImpl: Initial job has not accepted any resources; check your cluster UI to ensure that workers are registered and have sufficient resources
[2025-08-07T08:27:18.344+0000] {spark_submit.py:521} INFO - 25/08/07 08:27:18 WARN TaskSchedulerImpl: Initial job has not accepted any resources; check your cluster UI to ensure that workers are registered and have sufficient resources
[2025-08-07T08:27:33.347+0000] {spark_submit.py:521} INFO - 25/08/07 08:27:33 WARN TaskSchedulerImpl: Initial job has not accepted any resources; check your cluster UI to ensure that workers are registered and have sufficient resources
[2025-08-07T08:27:48.342+0000] {spark_submit.py:521} INFO - 25/08/07 08:27:48 WARN TaskSchedulerImpl: Initial job has not accepted any resources; check your cluster UI to ensure that workers are registered and have sufficient resources
[2025-08-07T08:28:03.341+0000] {spark_submit.py:521} INFO - 25/08/07 08:28:03 WARN TaskSchedulerImpl: Initial job has not accepted any resources; check your cluster UI to ensure that workers are registered and have sufficient resources
[2025-08-07T08:28:18.339+0000] {spark_submit.py:521} INFO - 25/08/07 08:28:18 WARN TaskSchedulerImpl: Initial job has not accepted any resources; check your cluster UI to ensure that workers are registered and have sufficient resources
[2025-08-07T08:28:33.339+0000] {spark_submit.py:521} INFO - 25/08/07 08:28:33 WARN TaskSchedulerImpl: Initial job has not accepted any resources; check your cluster UI to ensure that workers are registered and have sufficient resources
[2025-08-07T08:28:48.334+0000] {spark_submit.py:521} INFO - 25/08/07 08:28:48 WARN TaskSchedulerImpl: Initial job has not accepted any resources; check your cluster UI to ensure that workers are registered and have sufficient resources
[2025-08-07T08:29:03.337+0000] {spark_submit.py:521} INFO - 25/08/07 08:29:03 WARN TaskSchedulerImpl: Initial job has not accepted any resources; check your cluster UI to ensure that workers are registered and have sufficient resources
[2025-08-07T08:29:18.328+0000] {spark_submit.py:521} INFO - 25/08/07 08:29:18 WARN TaskSchedulerImpl: Initial job has not accepted any resources; check your cluster UI to ensure that workers are registered and have sufficient resources
[2025-08-07T08:29:33.329+0000] {spark_submit.py:521} INFO - 25/08/07 08:29:33 WARN TaskSchedulerImpl: Initial job has not accepted any resources; check your cluster UI to ensure that workers are registered and have sufficient resources
[2025-08-07T08:29:48.332+0000] {spark_submit.py:521} INFO - 25/08/07 08:29:48 WARN TaskSchedulerImpl: Initial job has not accepted any resources; check your cluster UI to ensure that workers are registered and have sufficient resources
[2025-08-07T08:30:03.330+0000] {spark_submit.py:521} INFO - 25/08/07 08:30:03 WARN TaskSchedulerImpl: Initial job has not accepted any resources; check your cluster UI to ensure that workers are registered and have sufficient resources
[2025-08-07T08:30:18.328+0000] {spark_submit.py:521} INFO - 25/08/07 08:30:18 WARN TaskSchedulerImpl: Initial job has not accepted any resources; check your cluster UI to ensure that workers are registered and have sufficient resources
[2025-08-07T08:30:33.326+0000] {spark_submit.py:521} INFO - 25/08/07 08:30:33 WARN TaskSchedulerImpl: Initial job has not accepted any resources; check your cluster UI to ensure that workers are registered and have sufficient resources
[2025-08-07T08:30:48.324+0000] {spark_submit.py:521} INFO - 25/08/07 08:30:48 WARN TaskSchedulerImpl: Initial job has not accepted any resources; check your cluster UI to ensure that workers are registered and have sufficient resources
[2025-08-07T08:31:03.324+0000] {spark_submit.py:521} INFO - 25/08/07 08:31:03 WARN TaskSchedulerImpl: Initial job has not accepted any resources; check your cluster UI to ensure that workers are registered and have sufficient resources
[2025-08-07T08:31:18.323+0000] {spark_submit.py:521} INFO - 25/08/07 08:31:18 WARN TaskSchedulerImpl: Initial job has not accepted any resources; check your cluster UI to ensure that workers are registered and have sufficient resources
[2025-08-07T08:31:33.321+0000] {spark_submit.py:521} INFO - 25/08/07 08:31:33 WARN TaskSchedulerImpl: Initial job has not accepted any resources; check your cluster UI to ensure that workers are registered and have sufficient resources
[2025-08-07T08:31:48.317+0000] {spark_submit.py:521} INFO - 25/08/07 08:31:48 WARN TaskSchedulerImpl: Initial job has not accepted any resources; check your cluster UI to ensure that workers are registered and have sufficient resources
[2025-08-07T08:32:03.318+0000] {spark_submit.py:521} INFO - 25/08/07 08:32:03 WARN TaskSchedulerImpl: Initial job has not accepted any resources; check your cluster UI to ensure that workers are registered and have sufficient resources
[2025-08-07T08:32:18.315+0000] {spark_submit.py:521} INFO - 25/08/07 08:32:18 WARN TaskSchedulerImpl: Initial job has not accepted any resources; check your cluster UI to ensure that workers are registered and have sufficient resources
[2025-08-07T08:32:33.316+0000] {spark_submit.py:521} INFO - 25/08/07 08:32:33 WARN TaskSchedulerImpl: Initial job has not accepted any resources; check your cluster UI to ensure that workers are registered and have sufficient resources
[2025-08-07T08:32:48.312+0000] {spark_submit.py:521} INFO - 25/08/07 08:32:48 WARN TaskSchedulerImpl: Initial job has not accepted any resources; check your cluster UI to ensure that workers are registered and have sufficient resources
[2025-08-07T08:32:54.724+0000] {local_task_job_runner.py:124} ERROR - Received SIGTERM. Terminating subprocesses
[2025-08-07T08:32:54.843+0000] {process_utils.py:132} INFO - Sending 15 to group 229. PIDs of all processes in the group: [230, 291, 229]
[2025-08-07T08:32:54.852+0000] {process_utils.py:87} INFO - Sending the signal 15 to group 229
[2025-08-07T08:32:54.867+0000] {taskinstance.py:2611} ERROR - Received SIGTERM. Terminating subprocesses.
[2025-08-07T08:32:54.889+0000] {spark_submit.py:647} INFO - Sending kill signal to spark-submit
[2025-08-07T08:32:54.915+0000] {taskinstance.py:441} INFO - ::group::Post task execution logs
[2025-08-07T08:32:55.527+0000] {process_utils.py:80} INFO - Process psutil.Process(pid=291, status='terminated', started='08:26:23') (291) terminated with exit code None
[2025-08-07T08:32:55.421+0000] {taskinstance.py:2905} ERROR - Task failed with exception
Traceback (most recent call last):
  File "/home/airflow/.local/lib/python3.11/site-packages/airflow/models/taskinstance.py", line 465, in _execute_task
    result = _execute_callable(context=context, **execute_callable_kwargs)
             ^^^^^^^^^^^^^^^^^^^^^^^^^^^^^^^^^^^^^^^^^^^^^^^^^^^^^^^^^^^^^
  File "/home/airflow/.local/lib/python3.11/site-packages/airflow/models/taskinstance.py", line 432, in _execute_callable
    return execute_callable(context=context, **execute_callable_kwargs)
           ^^^^^^^^^^^^^^^^^^^^^^^^^^^^^^^^^^^^^^^^^^^^^^^^^^^^^^^^^^^^
  File "/home/airflow/.local/lib/python3.11/site-packages/airflow/models/baseoperator.py", line 400, in wrapper
    return func(self, *args, **kwargs)
           ^^^^^^^^^^^^^^^^^^^^^^^^^^^
  File "/home/airflow/.local/lib/python3.11/site-packages/airflow/providers/apache/spark/operators/spark_submit.py", line 156, in execute
    self._hook.submit(self._application)
  File "/home/airflow/.local/lib/python3.11/site-packages/airflow/providers/apache/spark/hooks/spark_submit.py", line 440, in submit
    self._process_spark_submit_log(iter(self._submit_sp.stdout))  # type: ignore
    ^^^^^^^^^^^^^^^^^^^^^^^^^^^^^^^^^^^^^^^^^^^^^^^^^^^^^^^^^^^^
  File "/home/airflow/.local/lib/python3.11/site-packages/airflow/providers/apache/spark/hooks/spark_submit.py", line 489, in _process_spark_submit_log
    for line in itr:
  File "/home/airflow/.local/lib/python3.11/site-packages/airflow/models/taskinstance.py", line 2613, in signal_handler
    raise AirflowTaskTerminated("Task received SIGTERM signal")
airflow.exceptions.AirflowTaskTerminated: Task received SIGTERM signal
[2025-08-07T08:32:55.589+0000] {taskinstance.py:1206} INFO - Marking task as FAILED. dag_id=spark_transform_topcv, task_id=submit_spark_job, run_id=manual__2025-08-07T08:26:15.884044+00:00, execution_date=20250807T082615, start_date=20250807T082619, end_date=20250807T083255
[2025-08-07T08:32:55.825+0000] {process_utils.py:80} INFO - Process psutil.Process(pid=229, status='terminated', exitcode=2, started='08:26:18') (229) terminated with exit code 2
[2025-08-07T08:32:55.826+0000] {process_utils.py:80} INFO - Process psutil.Process(pid=230, status='terminated', started='08:26:18') (230) terminated with exit code None
[2025-08-07T08:32:55.833+0000] {local_task_job_runner.py:240} INFO - Task exited with return code 143
[2025-08-07T08:32:56.058+0000] {taskinstance.py:3498} INFO - 0 downstream tasks scheduled from follow-on schedule check
