[2025-08-14T06:57:09.894+0000] {local_task_job_runner.py:120} INFO - ::group::Pre task execution logs
[2025-08-14T06:57:09.953+0000] {taskinstance.py:2076} INFO - Dependencies all met for dep_context=non-requeueable deps ti=<TaskInstance: spark_transform_pipeline.silver_topcv_transform manual__2025-08-14T06:57:03.217562+00:00 [queued]>
[2025-08-14T06:57:09.964+0000] {taskinstance.py:2076} INFO - Dependencies all met for dep_context=requeueable deps ti=<TaskInstance: spark_transform_pipeline.silver_topcv_transform manual__2025-08-14T06:57:03.217562+00:00 [queued]>
[2025-08-14T06:57:09.964+0000] {taskinstance.py:2306} INFO - Starting attempt 1 of 1
[2025-08-14T06:57:09.977+0000] {taskinstance.py:2330} INFO - Executing <Task(SparkSubmitOperator): silver_topcv_transform> on 2025-08-14 06:57:03.217562+00:00
[2025-08-14T06:57:10.013+0000] {standard_task_runner.py:63} INFO - Started process 362 to run task
[2025-08-14T06:57:10.017+0000] {standard_task_runner.py:90} INFO - Running: ['***', 'tasks', 'run', 'spark_transform_pipeline', 'silver_topcv_transform', 'manual__2025-08-14T06:57:03.217562+00:00', '--job-id', '160', '--raw', '--subdir', 'DAGS_FOLDER/etl_jobs_dag.py', '--cfg-path', '/tmp/tmp57hy8qna']
[2025-08-14T06:57:10.021+0000] {standard_task_runner.py:91} INFO - Job 160: Subtask silver_topcv_transform
[2025-08-14T06:57:10.089+0000] {task_command.py:426} INFO - Running <TaskInstance: spark_transform_pipeline.silver_topcv_transform manual__2025-08-14T06:57:03.217562+00:00 [running]> on host ddcaa82da13c
[2025-08-14T06:57:10.230+0000] {taskinstance.py:2648} INFO - Exporting env vars: AIRFLOW_CTX_DAG_OWNER='***' AIRFLOW_CTX_DAG_ID='spark_transform_pipeline' AIRFLOW_CTX_TASK_ID='silver_topcv_transform' AIRFLOW_CTX_EXECUTION_DATE='2025-08-14T06:57:03.217562+00:00' AIRFLOW_CTX_TRY_NUMBER='1' AIRFLOW_CTX_DAG_RUN_ID='manual__2025-08-14T06:57:03.217562+00:00'
[2025-08-14T06:57:10.232+0000] {taskinstance.py:430} INFO - ::endgroup::
[2025-08-14T06:57:10.270+0000] {base.py:84} INFO - Using connection ID 'spark_default' for task execution.
[2025-08-14T06:57:10.272+0000] {spark_submit.py:351} INFO - Spark-Submit cmd: spark-submit --master spark://spark-master:7077 --conf spark.master=spark://spark-master:7077 --conf spark.driver.extraClassPath=/opt/custom-jars/* --conf spark.executor.extraClassPath=/opt/custom-jars/* --conf spark.hadoop.fs.gs.impl=com.google.cloud.hadoop.fs.gcs.GoogleHadoopFileSystem --conf spark.hadoop.fs.AbstractFileSystem.gs.impl=com.google.cloud.hadoop.fs.gcs.GoogleHadoopFS --conf spark.hadoop.google.cloud.auth.service.account.enable=true --conf spark.hadoop.google.cloud.auth.service.account.json.keyfile=/opt/***/gcp-key.json --jars /opt/custom-jars/spark-bigquery-with-dependencies_2.13-0.30.0.jar,/opt/custom-jars/javax.inject-1.jar --name arrow-spark --verbose /opt/spark-jobs/transform/gold_transfrom.py
[2025-08-14T06:57:11.364+0000] {spark_submit.py:521} INFO - WARNING: Using incubator modules: jdk.incubator.vector
[2025-08-14T06:57:13.508+0000] {spark_submit.py:521} INFO - Parsed arguments:
[2025-08-14T06:57:13.510+0000] {spark_submit.py:521} INFO - master                  spark://spark-master:7077
[2025-08-14T06:57:13.510+0000] {spark_submit.py:521} INFO - remote                  null
[2025-08-14T06:57:13.510+0000] {spark_submit.py:521} INFO - deployMode              null
[2025-08-14T06:57:13.511+0000] {spark_submit.py:521} INFO - executorMemory          null
[2025-08-14T06:57:13.511+0000] {spark_submit.py:521} INFO - executorCores           null
[2025-08-14T06:57:13.511+0000] {spark_submit.py:521} INFO - totalExecutorCores      null
[2025-08-14T06:57:13.512+0000] {spark_submit.py:521} INFO - propertiesFile          null
[2025-08-14T06:57:13.512+0000] {spark_submit.py:521} INFO - driverMemory            null
[2025-08-14T06:57:13.512+0000] {spark_submit.py:521} INFO - driverCores             null
[2025-08-14T06:57:13.512+0000] {spark_submit.py:521} INFO - driverExtraClassPath    /opt/custom-jars/*
[2025-08-14T06:57:13.515+0000] {spark_submit.py:521} INFO - driverExtraLibraryPath  null
[2025-08-14T06:57:13.516+0000] {spark_submit.py:521} INFO - driverExtraJavaOptions  null
[2025-08-14T06:57:13.516+0000] {spark_submit.py:521} INFO - supervise               false
[2025-08-14T06:57:13.516+0000] {spark_submit.py:521} INFO - queue                   null
[2025-08-14T06:57:13.517+0000] {spark_submit.py:521} INFO - numExecutors            null
[2025-08-14T06:57:13.517+0000] {spark_submit.py:521} INFO - files                   null
[2025-08-14T06:57:13.517+0000] {spark_submit.py:521} INFO - pyFiles                 null
[2025-08-14T06:57:13.518+0000] {spark_submit.py:521} INFO - archives                null
[2025-08-14T06:57:13.518+0000] {spark_submit.py:521} INFO - mainClass               null
[2025-08-14T06:57:13.518+0000] {spark_submit.py:521} INFO - primaryResource         file:/opt/spark-jobs/transform/gold_transfrom.py
[2025-08-14T06:57:13.518+0000] {spark_submit.py:521} INFO - name                    arrow-spark
[2025-08-14T06:57:13.518+0000] {spark_submit.py:521} INFO - childArgs               []
[2025-08-14T06:57:13.519+0000] {spark_submit.py:521} INFO - jars                    file:/opt/custom-jars/spark-bigquery-with-dependencies_2.13-0.30.0.jar,file:/opt/custom-jars/javax.inject-1.jar
[2025-08-14T06:57:13.519+0000] {spark_submit.py:521} INFO - packages                null
[2025-08-14T06:57:13.519+0000] {spark_submit.py:521} INFO - packagesExclusions      null
[2025-08-14T06:57:13.519+0000] {spark_submit.py:521} INFO - repositories            null
[2025-08-14T06:57:13.520+0000] {spark_submit.py:521} INFO - verbose                 true
[2025-08-14T06:57:13.520+0000] {spark_submit.py:521} INFO - 
[2025-08-14T06:57:13.520+0000] {spark_submit.py:521} INFO - Spark properties used, including those specified through
[2025-08-14T06:57:13.520+0000] {spark_submit.py:521} INFO - --conf and those from the properties file null:
[2025-08-14T06:57:13.520+0000] {spark_submit.py:521} INFO - (spark.driver.extraClassPath,/opt/custom-jars/*)
[2025-08-14T06:57:13.521+0000] {spark_submit.py:521} INFO - (spark.executor.extraClassPath,/opt/custom-jars/*)
[2025-08-14T06:57:13.521+0000] {spark_submit.py:521} INFO - (spark.hadoop.fs.AbstractFileSystem.gs.impl,com.google.cloud.hadoop.fs.gcs.GoogleHadoopFS)
[2025-08-14T06:57:13.521+0000] {spark_submit.py:521} INFO - (spark.hadoop.fs.gs.impl,com.google.cloud.hadoop.fs.gcs.GoogleHadoopFileSystem)
[2025-08-14T06:57:13.521+0000] {spark_submit.py:521} INFO - (spark.hadoop.google.cloud.auth.service.account.enable,true)
[2025-08-14T06:57:13.521+0000] {spark_submit.py:521} INFO - (spark.hadoop.google.cloud.auth.service.account.json.keyfile,/opt/***/gcp-key.json)
[2025-08-14T06:57:13.522+0000] {spark_submit.py:521} INFO - (spark.master,spark://spark-master:7077)
[2025-08-14T06:57:13.522+0000] {spark_submit.py:521} INFO - 
[2025-08-14T06:57:13.522+0000] {spark_submit.py:521} INFO - 
[2025-08-14T06:57:14.285+0000] {spark_submit.py:521} INFO - 25/08/14 06:57:14 WARN NativeCodeLoader: Unable to load native-hadoop library for your platform... using builtin-java classes where applicable
[2025-08-14T06:57:15.152+0000] {spark_submit.py:521} INFO - Main class:
[2025-08-14T06:57:15.152+0000] {spark_submit.py:521} INFO - org.apache.spark.deploy.PythonRunner
[2025-08-14T06:57:15.153+0000] {spark_submit.py:521} INFO - Arguments:
[2025-08-14T06:57:15.153+0000] {spark_submit.py:521} INFO - file:/opt/spark-jobs/transform/gold_transfrom.py
[2025-08-14T06:57:15.153+0000] {spark_submit.py:521} INFO - null
[2025-08-14T06:57:15.154+0000] {spark_submit.py:521} INFO - Spark config:
[2025-08-14T06:57:15.155+0000] {spark_submit.py:521} INFO - (spark.app.name,arrow-spark)
[2025-08-14T06:57:15.155+0000] {spark_submit.py:521} INFO - (spark.app.submitTime,1755154635134)
[2025-08-14T06:57:15.155+0000] {spark_submit.py:521} INFO - (spark.driver.extraClassPath,/opt/custom-jars/*)
[2025-08-14T06:57:15.156+0000] {spark_submit.py:521} INFO - (spark.executor.extraClassPath,/opt/custom-jars/*)
[2025-08-14T06:57:15.156+0000] {spark_submit.py:521} INFO - (spark.hadoop.fs.AbstractFileSystem.gs.impl,com.google.cloud.hadoop.fs.gcs.GoogleHadoopFS)
[2025-08-14T06:57:15.156+0000] {spark_submit.py:521} INFO - (spark.hadoop.fs.gs.impl,com.google.cloud.hadoop.fs.gcs.GoogleHadoopFileSystem)
[2025-08-14T06:57:15.156+0000] {spark_submit.py:521} INFO - (spark.hadoop.google.cloud.auth.service.account.enable,true)
[2025-08-14T06:57:15.157+0000] {spark_submit.py:521} INFO - (spark.hadoop.google.cloud.auth.service.account.json.keyfile,/opt/***/gcp-key.json)
[2025-08-14T06:57:15.157+0000] {spark_submit.py:521} INFO - (spark.jars,file:///opt/custom-jars/spark-bigquery-with-dependencies_2.13-0.30.0.jar,file:///opt/custom-jars/javax.inject-1.jar)
[2025-08-14T06:57:15.158+0000] {spark_submit.py:521} INFO - (spark.master,spark://spark-master:7077)
[2025-08-14T06:57:15.158+0000] {spark_submit.py:521} INFO - (spark.repl.local.jars,file:///opt/custom-jars/spark-bigquery-with-dependencies_2.13-0.30.0.jar,file:///opt/custom-jars/javax.inject-1.jar)
[2025-08-14T06:57:15.158+0000] {spark_submit.py:521} INFO - (spark.submit.deployMode,client)
[2025-08-14T06:57:15.158+0000] {spark_submit.py:521} INFO - (spark.submit.pyFiles,)
[2025-08-14T06:57:15.159+0000] {spark_submit.py:521} INFO - Classpath elements:
[2025-08-14T06:57:15.159+0000] {spark_submit.py:521} INFO - file:///opt/custom-jars/spark-bigquery-with-dependencies_2.13-0.30.0.jar
[2025-08-14T06:57:15.159+0000] {spark_submit.py:521} INFO - file:///opt/custom-jars/javax.inject-1.jar
[2025-08-14T06:57:15.159+0000] {spark_submit.py:521} INFO - 
[2025-08-14T06:57:15.160+0000] {spark_submit.py:521} INFO - 
[2025-08-14T06:57:17.084+0000] {spark_submit.py:521} INFO - Using Spark's default log4j profile: org/apache/spark/log4j2-defaults.properties
[2025-08-14T06:57:17.088+0000] {spark_submit.py:521} INFO - 25/08/14 06:57:17 INFO SparkContext: Running Spark version 4.0.0
[2025-08-14T06:57:17.090+0000] {spark_submit.py:521} INFO - 25/08/14 06:57:17 INFO SparkContext: OS info Linux, 5.15.167.4-microsoft-standard-WSL2, amd64
[2025-08-14T06:57:17.092+0000] {spark_submit.py:521} INFO - 25/08/14 06:57:17 INFO SparkContext: Java version 17.0.16
[2025-08-14T06:57:17.117+0000] {spark_submit.py:521} INFO - 25/08/14 06:57:17 INFO ResourceUtils: ==============================================================
[2025-08-14T06:57:17.119+0000] {spark_submit.py:521} INFO - 25/08/14 06:57:17 INFO ResourceUtils: No custom resources configured for spark.driver.
[2025-08-14T06:57:17.119+0000] {spark_submit.py:521} INFO - 25/08/14 06:57:17 INFO ResourceUtils: ==============================================================
[2025-08-14T06:57:17.120+0000] {spark_submit.py:521} INFO - 25/08/14 06:57:17 INFO SparkContext: Submitted application: gold_transform
[2025-08-14T06:57:17.155+0000] {spark_submit.py:521} INFO - 25/08/14 06:57:17 INFO ResourceProfile: Default ResourceProfile created, executor resources: Map(memory -> name: memory, amount: 1024, script: , vendor: , offHeap -> name: offHeap, amount: 0, script: , vendor: ), task resources: Map(cpus -> name: cpus, amount: 1.0)
[2025-08-14T06:57:17.157+0000] {spark_submit.py:521} INFO - 25/08/14 06:57:17 INFO ResourceProfile: Limiting resource is cpu
[2025-08-14T06:57:17.158+0000] {spark_submit.py:521} INFO - 25/08/14 06:57:17 INFO ResourceProfileManager: Added ResourceProfile id: 0
[2025-08-14T06:57:17.225+0000] {spark_submit.py:521} INFO - 25/08/14 06:57:17 INFO SecurityManager: Changing view acls to: ***
[2025-08-14T06:57:17.226+0000] {spark_submit.py:521} INFO - 25/08/14 06:57:17 INFO SecurityManager: Changing modify acls to: ***
[2025-08-14T06:57:17.227+0000] {spark_submit.py:521} INFO - 25/08/14 06:57:17 INFO SecurityManager: Changing view acls groups to: ***
[2025-08-14T06:57:17.228+0000] {spark_submit.py:521} INFO - 25/08/14 06:57:17 INFO SecurityManager: Changing modify acls groups to: ***
[2025-08-14T06:57:17.233+0000] {spark_submit.py:521} INFO - 25/08/14 06:57:17 INFO SecurityManager: SecurityManager: authentication disabled; ui acls disabled; users with view permissions: *** groups with view permissions: EMPTY; users with modify permissions: ***; groups with modify permissions: EMPTY; RPC SSL disabled
[2025-08-14T06:57:17.673+0000] {spark_submit.py:521} INFO - 25/08/14 06:57:17 INFO Utils: Successfully started service 'sparkDriver' on port 39961.
[2025-08-14T06:57:17.750+0000] {spark_submit.py:521} INFO - 25/08/14 06:57:17 INFO SparkEnv: Registering MapOutputTracker
[2025-08-14T06:57:17.763+0000] {spark_submit.py:521} INFO - 25/08/14 06:57:17 INFO SparkEnv: Registering BlockManagerMaster
[2025-08-14T06:57:17.779+0000] {spark_submit.py:521} INFO - 25/08/14 06:57:17 INFO BlockManagerMasterEndpoint: Using org.apache.spark.storage.DefaultTopologyMapper for getting topology information
[2025-08-14T06:57:17.780+0000] {spark_submit.py:521} INFO - 25/08/14 06:57:17 INFO BlockManagerMasterEndpoint: BlockManagerMasterEndpoint up
[2025-08-14T06:57:17.786+0000] {spark_submit.py:521} INFO - 25/08/14 06:57:17 INFO SparkEnv: Registering BlockManagerMasterHeartbeat
[2025-08-14T06:57:17.816+0000] {spark_submit.py:521} INFO - 25/08/14 06:57:17 INFO DiskBlockManager: Created local directory at /tmp/blockmgr-af8820b9-749a-49e7-8489-af343bc5b2ba
[2025-08-14T06:57:17.838+0000] {spark_submit.py:521} INFO - 25/08/14 06:57:17 INFO SparkEnv: Registering OutputCommitCoordinator
[2025-08-14T06:57:18.045+0000] {spark_submit.py:521} INFO - 25/08/14 06:57:18 INFO JettyUtils: Start Jetty 0.0.0.0:4040 for SparkUI
[2025-08-14T06:57:18.174+0000] {spark_submit.py:521} INFO - 25/08/14 06:57:18 INFO Utils: Successfully started service 'SparkUI' on port 4040.
[2025-08-14T06:57:18.219+0000] {spark_submit.py:521} INFO - 25/08/14 06:57:18 INFO SparkContext: Added JAR file:///opt/custom-jars/spark-bigquery-with-dependencies_2.13-0.30.0.jar at spark://ddcaa82da13c:39961/jars/spark-bigquery-with-dependencies_2.13-0.30.0.jar with timestamp 1755154637075
[2025-08-14T06:57:18.220+0000] {spark_submit.py:521} INFO - 25/08/14 06:57:18 INFO SparkContext: Added JAR file:///opt/custom-jars/javax.inject-1.jar at spark://ddcaa82da13c:39961/jars/javax.inject-1.jar with timestamp 1755154637075
[2025-08-14T06:57:18.247+0000] {spark_submit.py:521} INFO - 25/08/14 06:57:18 INFO SecurityManager: Changing view acls to: ***
[2025-08-14T06:57:18.248+0000] {spark_submit.py:521} INFO - 25/08/14 06:57:18 INFO SecurityManager: Changing modify acls to: ***
[2025-08-14T06:57:18.249+0000] {spark_submit.py:521} INFO - 25/08/14 06:57:18 INFO SecurityManager: Changing view acls groups to: ***
[2025-08-14T06:57:18.249+0000] {spark_submit.py:521} INFO - 25/08/14 06:57:18 INFO SecurityManager: Changing modify acls groups to: ***
[2025-08-14T06:57:18.250+0000] {spark_submit.py:521} INFO - 25/08/14 06:57:18 INFO SecurityManager: SecurityManager: authentication disabled; ui acls disabled; users with view permissions: *** groups with view permissions: EMPTY; users with modify permissions: ***; groups with modify permissions: EMPTY; RPC SSL disabled
[2025-08-14T06:57:18.421+0000] {spark_submit.py:521} INFO - 25/08/14 06:57:18 INFO StandaloneAppClient$ClientEndpoint: Connecting to master spark://spark-master:7077...
[2025-08-14T06:57:18.488+0000] {spark_submit.py:521} INFO - 25/08/14 06:57:18 INFO TransportClientFactory: Successfully created connection to spark-master/172.18.0.3:7077 after 29 ms (0 ms spent in bootstraps)
[2025-08-14T06:57:18.718+0000] {spark_submit.py:521} INFO - 25/08/14 06:57:18 WARN StandaloneAppClient$ClientEndpoint: Failed to connect to master spark-master:7077
[2025-08-14T06:57:18.719+0000] {spark_submit.py:521} INFO - org.apache.spark.SparkException: Exception thrown in awaitResult:
[2025-08-14T06:57:18.719+0000] {spark_submit.py:521} INFO - at org.apache.spark.util.SparkThreadUtils$.awaitResult(SparkThreadUtils.scala:53)
[2025-08-14T06:57:18.720+0000] {spark_submit.py:521} INFO - at org.apache.spark.util.ThreadUtils$.awaitResult(ThreadUtils.scala:342)
[2025-08-14T06:57:18.720+0000] {spark_submit.py:521} INFO - at org.apache.spark.rpc.RpcTimeout.awaitResult(RpcTimeout.scala:75)
[2025-08-14T06:57:18.720+0000] {spark_submit.py:521} INFO - at org.apache.spark.rpc.RpcEnv.setupEndpointRefByURI(RpcEnv.scala:102)
[2025-08-14T06:57:18.720+0000] {spark_submit.py:521} INFO - at org.apache.spark.rpc.RpcEnv.setupEndpointRef(RpcEnv.scala:110)
[2025-08-14T06:57:18.721+0000] {spark_submit.py:521} INFO - at org.apache.spark.deploy.client.StandaloneAppClient$ClientEndpoint$$anon$1.run(StandaloneAppClient.scala:110)
[2025-08-14T06:57:18.721+0000] {spark_submit.py:521} INFO - at java.base/java.util.concurrent.Executors$RunnableAdapter.call(Executors.java:539)
[2025-08-14T06:57:18.721+0000] {spark_submit.py:521} INFO - at java.base/java.util.concurrent.FutureTask.run(FutureTask.java:264)
[2025-08-14T06:57:18.721+0000] {spark_submit.py:521} INFO - at java.base/java.util.concurrent.ThreadPoolExecutor.runWorker(ThreadPoolExecutor.java:1136)
[2025-08-14T06:57:18.722+0000] {spark_submit.py:521} INFO - at java.base/java.util.concurrent.ThreadPoolExecutor$Worker.run(ThreadPoolExecutor.java:635)
[2025-08-14T06:57:18.722+0000] {spark_submit.py:521} INFO - at java.base/java.lang.Thread.run(Thread.java:840)
[2025-08-14T06:57:18.722+0000] {spark_submit.py:521} INFO - Caused by: java.lang.RuntimeException: java.io.InvalidClassException: org.apache.spark.rpc.netty.RpcEndpointVerifier$CheckExistence; local class incompatible: stream classdesc serialVersionUID = 5378738997755484868, local class serialVersionUID = 7789290765573734431
[2025-08-14T06:57:18.722+0000] {spark_submit.py:521} INFO - at java.base/java.io.ObjectStreamClass.initNonProxy(ObjectStreamClass.java:597)
[2025-08-14T06:57:18.723+0000] {spark_submit.py:521} INFO - at java.base/java.io.ObjectInputStream.readNonProxyDesc(ObjectInputStream.java:2051)
[2025-08-14T06:57:18.723+0000] {spark_submit.py:521} INFO - at java.base/java.io.ObjectInputStream.readClassDesc(ObjectInputStream.java:1898)
[2025-08-14T06:57:18.723+0000] {spark_submit.py:521} INFO - at java.base/java.io.ObjectInputStream.readOrdinaryObject(ObjectInputStream.java:2224)
[2025-08-14T06:57:18.723+0000] {spark_submit.py:521} INFO - at java.base/java.io.ObjectInputStream.readObject0(ObjectInputStream.java:1733)
[2025-08-14T06:57:18.723+0000] {spark_submit.py:521} INFO - at java.base/java.io.ObjectInputStream.readObject(ObjectInputStream.java:509)
[2025-08-14T06:57:18.724+0000] {spark_submit.py:521} INFO - at java.base/java.io.ObjectInputStream.readObject(ObjectInputStream.java:467)
[2025-08-14T06:57:18.724+0000] {spark_submit.py:521} INFO - at org.apache.spark.serializer.JavaDeserializationStream.readObject(JavaSerializer.scala:87)
[2025-08-14T06:57:18.724+0000] {spark_submit.py:521} INFO - at org.apache.spark.serializer.JavaSerializerInstance.deserialize(JavaSerializer.scala:123)
[2025-08-14T06:57:18.724+0000] {spark_submit.py:521} INFO - at org.apache.spark.rpc.netty.NettyRpcEnv.$anonfun$deserialize$2(NettyRpcEnv.scala:299)
[2025-08-14T06:57:18.724+0000] {spark_submit.py:521} INFO - at scala.util.DynamicVariable.withValue(DynamicVariable.scala:62)
[2025-08-14T06:57:18.724+0000] {spark_submit.py:521} INFO - at org.apache.spark.rpc.netty.NettyRpcEnv.deserialize(NettyRpcEnv.scala:352)
[2025-08-14T06:57:18.725+0000] {spark_submit.py:521} INFO - at org.apache.spark.rpc.netty.NettyRpcEnv.$anonfun$deserialize$1(NettyRpcEnv.scala:298)
[2025-08-14T06:57:18.725+0000] {spark_submit.py:521} INFO - at scala.util.DynamicVariable.withValue(DynamicVariable.scala:62)
[2025-08-14T06:57:18.725+0000] {spark_submit.py:521} INFO - at org.apache.spark.rpc.netty.NettyRpcEnv.deserialize(NettyRpcEnv.scala:298)
[2025-08-14T06:57:18.725+0000] {spark_submit.py:521} INFO - at org.apache.spark.rpc.netty.RequestMessage$.apply(NettyRpcEnv.scala:646)
[2025-08-14T06:57:18.725+0000] {spark_submit.py:521} INFO - at org.apache.spark.rpc.netty.NettyRpcHandler.internalReceive(NettyRpcEnv.scala:697)
[2025-08-14T06:57:18.726+0000] {spark_submit.py:521} INFO - at org.apache.spark.rpc.netty.NettyRpcHandler.receive(NettyRpcEnv.scala:682)
[2025-08-14T06:57:18.726+0000] {spark_submit.py:521} INFO - at org.apache.spark.network.server.TransportRequestHandler.processRpcRequest(TransportRequestHandler.java:163)
[2025-08-14T06:57:18.726+0000] {spark_submit.py:521} INFO - at org.apache.spark.network.server.TransportRequestHandler.handle(TransportRequestHandler.java:109)
[2025-08-14T06:57:18.726+0000] {spark_submit.py:521} INFO - at org.apache.spark.network.server.TransportChannelHandler.channelRead0(TransportChannelHandler.java:140)
[2025-08-14T06:57:18.726+0000] {spark_submit.py:521} INFO - at org.apache.spark.network.server.TransportChannelHandler.channelRead0(TransportChannelHandler.java:53)
[2025-08-14T06:57:18.727+0000] {spark_submit.py:521} INFO - at io.netty.channel.SimpleChannelInboundHandler.channelRead(SimpleChannelInboundHandler.java:99)
[2025-08-14T06:57:18.727+0000] {spark_submit.py:521} INFO - at io.netty.channel.AbstractChannelHandlerContext.invokeChannelRead(AbstractChannelHandlerContext.java:444)
[2025-08-14T06:57:18.727+0000] {spark_submit.py:521} INFO - at io.netty.channel.AbstractChannelHandlerContext.invokeChannelRead(AbstractChannelHandlerContext.java:420)
[2025-08-14T06:57:18.727+0000] {spark_submit.py:521} INFO - at io.netty.channel.AbstractChannelHandlerContext.fireChannelRead(AbstractChannelHandlerContext.java:412)
[2025-08-14T06:57:18.727+0000] {spark_submit.py:521} INFO - at io.netty.handler.timeout.IdleStateHandler.channelRead(IdleStateHandler.java:286)
[2025-08-14T06:57:18.727+0000] {spark_submit.py:521} INFO - at io.netty.channel.AbstractChannelHandlerContext.invokeChannelRead(AbstractChannelHandlerContext.java:442)
[2025-08-14T06:57:18.728+0000] {spark_submit.py:521} INFO - at io.netty.channel.AbstractChannelHandlerContext.invokeChannelRead(AbstractChannelHandlerContext.java:420)
[2025-08-14T06:57:18.728+0000] {spark_submit.py:521} INFO - at io.netty.channel.AbstractChannelHandlerContext.fireChannelRead(AbstractChannelHandlerContext.java:412)
[2025-08-14T06:57:18.728+0000] {spark_submit.py:521} INFO - at io.netty.handler.codec.MessageToMessageDecoder.channelRead(MessageToMessageDecoder.java:103)
[2025-08-14T06:57:18.728+0000] {spark_submit.py:521} INFO - at io.netty.channel.AbstractChannelHandlerContext.invokeChannelRead(AbstractChannelHandlerContext.java:444)
[2025-08-14T06:57:18.728+0000] {spark_submit.py:521} INFO - at io.netty.channel.AbstractChannelHandlerContext.invokeChannelRead(AbstractChannelHandlerContext.java:420)
[2025-08-14T06:57:18.729+0000] {spark_submit.py:521} INFO - at io.netty.channel.AbstractChannelHandlerContext.fireChannelRead(AbstractChannelHandlerContext.java:412)
[2025-08-14T06:57:18.729+0000] {spark_submit.py:521} INFO - at org.apache.spark.network.util.TransportFrameDecoder.channelRead(TransportFrameDecoder.java:102)
[2025-08-14T06:57:18.729+0000] {spark_submit.py:521} INFO - at io.netty.channel.AbstractChannelHandlerContext.invokeChannelRead(AbstractChannelHandlerContext.java:444)
[2025-08-14T06:57:18.729+0000] {spark_submit.py:521} INFO - at io.netty.channel.AbstractChannelHandlerContext.invokeChannelRead(AbstractChannelHandlerContext.java:420)
[2025-08-14T06:57:18.729+0000] {spark_submit.py:521} INFO - at io.netty.channel.AbstractChannelHandlerContext.fireChannelRead(AbstractChannelHandlerContext.java:412)
[2025-08-14T06:57:18.730+0000] {spark_submit.py:521} INFO - at io.netty.channel.DefaultChannelPipeline$HeadContext.channelRead(DefaultChannelPipeline.java:1410)
[2025-08-14T06:57:18.730+0000] {spark_submit.py:521} INFO - at io.netty.channel.AbstractChannelHandlerContext.invokeChannelRead(AbstractChannelHandlerContext.java:440)
[2025-08-14T06:57:18.730+0000] {spark_submit.py:521} INFO - at io.netty.channel.AbstractChannelHandlerContext.invokeChannelRead(AbstractChannelHandlerContext.java:420)
[2025-08-14T06:57:18.731+0000] {spark_submit.py:521} INFO - at io.netty.channel.DefaultChannelPipeline.fireChannelRead(DefaultChannelPipeline.java:919)
[2025-08-14T06:57:18.731+0000] {spark_submit.py:521} INFO - at io.netty.channel.nio.AbstractNioByteChannel$NioByteUnsafe.read(AbstractNioByteChannel.java:166)
[2025-08-14T06:57:18.731+0000] {spark_submit.py:521} INFO - at io.netty.channel.nio.NioEventLoop.processSelectedKey(NioEventLoop.java:788)
[2025-08-14T06:57:18.731+0000] {spark_submit.py:521} INFO - at io.netty.channel.nio.NioEventLoop.processSelectedKeysOptimized(NioEventLoop.java:724)
[2025-08-14T06:57:18.731+0000] {spark_submit.py:521} INFO - at io.netty.channel.nio.NioEventLoop.processSelectedKeys(NioEventLoop.java:650)
[2025-08-14T06:57:18.732+0000] {spark_submit.py:521} INFO - at io.netty.channel.nio.NioEventLoop.run(NioEventLoop.java:562)
[2025-08-14T06:57:18.732+0000] {spark_submit.py:521} INFO - at io.netty.util.concurrent.SingleThreadEventExecutor$4.run(SingleThreadEventExecutor.java:997)
[2025-08-14T06:57:18.732+0000] {spark_submit.py:521} INFO - at io.netty.util.internal.ThreadExecutorMap$2.run(ThreadExecutorMap.java:74)
[2025-08-14T06:57:18.732+0000] {spark_submit.py:521} INFO - at io.netty.util.concurrent.FastThreadLocalRunnable.run(FastThreadLocalRunnable.java:30)
[2025-08-14T06:57:18.732+0000] {spark_submit.py:521} INFO - at java.base/java.lang.Thread.run(Thread.java:840)
[2025-08-14T06:57:18.732+0000] {spark_submit.py:521} INFO - 
[2025-08-14T06:57:18.733+0000] {spark_submit.py:521} INFO - at org.apache.spark.network.client.TransportResponseHandler.handle(TransportResponseHandler.java:217)
[2025-08-14T06:57:18.733+0000] {spark_submit.py:521} INFO - at org.apache.spark.network.server.TransportChannelHandler.channelRead0(TransportChannelHandler.java:145)
[2025-08-14T06:57:18.733+0000] {spark_submit.py:521} INFO - at org.apache.spark.network.server.TransportChannelHandler.channelRead0(TransportChannelHandler.java:55)
[2025-08-14T06:57:18.733+0000] {spark_submit.py:521} INFO - at io.netty.channel.SimpleChannelInboundHandler.channelRead(SimpleChannelInboundHandler.java:99)
[2025-08-14T06:57:18.733+0000] {spark_submit.py:521} INFO - at io.netty.channel.AbstractChannelHandlerContext.invokeChannelRead(AbstractChannelHandlerContext.java:444)
[2025-08-14T06:57:18.733+0000] {spark_submit.py:521} INFO - at io.netty.channel.AbstractChannelHandlerContext.invokeChannelRead(AbstractChannelHandlerContext.java:420)
[2025-08-14T06:57:18.734+0000] {spark_submit.py:521} INFO - at io.netty.channel.AbstractChannelHandlerContext.fireChannelRead(AbstractChannelHandlerContext.java:412)
[2025-08-14T06:57:18.734+0000] {spark_submit.py:521} INFO - at io.netty.handler.timeout.IdleStateHandler.channelRead(IdleStateHandler.java:289)
[2025-08-14T06:57:18.734+0000] {spark_submit.py:521} INFO - at io.netty.channel.AbstractChannelHandlerContext.invokeChannelRead(AbstractChannelHandlerContext.java:442)
[2025-08-14T06:57:18.735+0000] {spark_submit.py:521} INFO - at io.netty.channel.AbstractChannelHandlerContext.invokeChannelRead(AbstractChannelHandlerContext.java:420)
[2025-08-14T06:57:18.735+0000] {spark_submit.py:521} INFO - at io.netty.channel.AbstractChannelHandlerContext.fireChannelRead(AbstractChannelHandlerContext.java:412)
[2025-08-14T06:57:18.735+0000] {spark_submit.py:521} INFO - at io.netty.handler.codec.MessageToMessageDecoder.channelRead(MessageToMessageDecoder.java:107)
[2025-08-14T06:57:18.735+0000] {spark_submit.py:521} INFO - at io.netty.channel.AbstractChannelHandlerContext.invokeChannelRead(AbstractChannelHandlerContext.java:444)
[2025-08-14T06:57:18.735+0000] {spark_submit.py:521} INFO - at io.netty.channel.AbstractChannelHandlerContext.invokeChannelRead(AbstractChannelHandlerContext.java:420)
[2025-08-14T06:57:18.736+0000] {spark_submit.py:521} INFO - at io.netty.channel.AbstractChannelHandlerContext.fireChannelRead(AbstractChannelHandlerContext.java:412)
[2025-08-14T06:57:18.736+0000] {spark_submit.py:521} INFO - at org.apache.spark.network.util.TransportFrameDecoder.channelRead(TransportFrameDecoder.java:102)
[2025-08-14T06:57:18.736+0000] {spark_submit.py:521} INFO - at io.netty.channel.AbstractChannelHandlerContext.invokeChannelRead(AbstractChannelHandlerContext.java:444)
[2025-08-14T06:57:18.736+0000] {spark_submit.py:521} INFO - at io.netty.channel.AbstractChannelHandlerContext.invokeChannelRead(AbstractChannelHandlerContext.java:420)
[2025-08-14T06:57:18.736+0000] {spark_submit.py:521} INFO - at io.netty.channel.AbstractChannelHandlerContext.fireChannelRead(AbstractChannelHandlerContext.java:412)
[2025-08-14T06:57:18.737+0000] {spark_submit.py:521} INFO - at io.netty.channel.DefaultChannelPipeline$HeadContext.channelRead(DefaultChannelPipeline.java:1357)
[2025-08-14T06:57:18.737+0000] {spark_submit.py:521} INFO - at io.netty.channel.AbstractChannelHandlerContext.invokeChannelRead(AbstractChannelHandlerContext.java:440)
[2025-08-14T06:57:18.737+0000] {spark_submit.py:521} INFO - at io.netty.channel.AbstractChannelHandlerContext.invokeChannelRead(AbstractChannelHandlerContext.java:420)
[2025-08-14T06:57:18.738+0000] {spark_submit.py:521} INFO - at io.netty.channel.DefaultChannelPipeline.fireChannelRead(DefaultChannelPipeline.java:868)
[2025-08-14T06:57:18.738+0000] {spark_submit.py:521} INFO - at io.netty.channel.nio.AbstractNioByteChannel$NioByteUnsafe.read(AbstractNioByteChannel.java:166)
[2025-08-14T06:57:18.738+0000] {spark_submit.py:521} INFO - at io.netty.channel.nio.NioEventLoop.processSelectedKey(NioEventLoop.java:796)
[2025-08-14T06:57:18.738+0000] {spark_submit.py:521} INFO - at io.netty.channel.nio.NioEventLoop.processSelectedKeysOptimized(NioEventLoop.java:732)
[2025-08-14T06:57:18.739+0000] {spark_submit.py:521} INFO - at io.netty.channel.nio.NioEventLoop.processSelectedKeys(NioEventLoop.java:658)
[2025-08-14T06:57:18.739+0000] {spark_submit.py:521} INFO - at io.netty.channel.nio.NioEventLoop.run(NioEventLoop.java:562)
[2025-08-14T06:57:18.739+0000] {spark_submit.py:521} INFO - at io.netty.util.concurrent.SingleThreadEventExecutor$4.run(SingleThreadEventExecutor.java:998)
[2025-08-14T06:57:18.739+0000] {spark_submit.py:521} INFO - at io.netty.util.internal.ThreadExecutorMap$2.run(ThreadExecutorMap.java:74)
[2025-08-14T06:57:18.739+0000] {spark_submit.py:521} INFO - at io.netty.util.concurrent.FastThreadLocalRunnable.run(FastThreadLocalRunnable.java:30)
[2025-08-14T06:57:18.740+0000] {spark_submit.py:521} INFO - ... 1 more
[2025-08-14T06:57:38.429+0000] {spark_submit.py:521} INFO - 25/08/14 06:57:38 INFO StandaloneAppClient$ClientEndpoint: Connecting to master spark://spark-master:7077...
[2025-08-14T06:57:38.525+0000] {spark_submit.py:521} INFO - 25/08/14 06:57:38 WARN StandaloneAppClient$ClientEndpoint: Failed to connect to master spark-master:7077
[2025-08-14T06:57:38.526+0000] {spark_submit.py:521} INFO - org.apache.spark.SparkException: Exception thrown in awaitResult:
[2025-08-14T06:57:38.527+0000] {spark_submit.py:521} INFO - at org.apache.spark.util.SparkThreadUtils$.awaitResult(SparkThreadUtils.scala:53)
[2025-08-14T06:57:38.527+0000] {spark_submit.py:521} INFO - at org.apache.spark.util.ThreadUtils$.awaitResult(ThreadUtils.scala:342)
[2025-08-14T06:57:38.529+0000] {spark_submit.py:521} INFO - at org.apache.spark.rpc.RpcTimeout.awaitResult(RpcTimeout.scala:75)
[2025-08-14T06:57:38.531+0000] {spark_submit.py:521} INFO - at org.apache.spark.rpc.RpcEnv.setupEndpointRefByURI(RpcEnv.scala:102)
[2025-08-14T06:57:38.568+0000] {spark_submit.py:521} INFO - at org.apache.spark.rpc.RpcEnv.setupEndpointRef(RpcEnv.scala:110)
[2025-08-14T06:57:38.569+0000] {spark_submit.py:521} INFO - at org.apache.spark.deploy.client.StandaloneAppClient$ClientEndpoint$$anon$1.run(StandaloneAppClient.scala:110)
[2025-08-14T06:57:38.569+0000] {spark_submit.py:521} INFO - at java.base/java.util.concurrent.Executors$RunnableAdapter.call(Executors.java:539)
[2025-08-14T06:57:38.571+0000] {spark_submit.py:521} INFO - at java.base/java.util.concurrent.FutureTask.run(FutureTask.java:264)
[2025-08-14T06:57:38.572+0000] {spark_submit.py:521} INFO - at java.base/java.util.concurrent.ThreadPoolExecutor.runWorker(ThreadPoolExecutor.java:1136)
[2025-08-14T06:57:38.572+0000] {spark_submit.py:521} INFO - at java.base/java.util.concurrent.ThreadPoolExecutor$Worker.run(ThreadPoolExecutor.java:635)
[2025-08-14T06:57:38.572+0000] {spark_submit.py:521} INFO - at java.base/java.lang.Thread.run(Thread.java:840)
[2025-08-14T06:57:38.572+0000] {spark_submit.py:521} INFO - Caused by: java.lang.RuntimeException: java.io.InvalidClassException: org.apache.spark.rpc.netty.RpcEndpointVerifier$CheckExistence; local class incompatible: stream classdesc serialVersionUID = 5378738997755484868, local class serialVersionUID = 7789290765573734431
[2025-08-14T06:57:38.573+0000] {spark_submit.py:521} INFO - at java.base/java.io.ObjectStreamClass.initNonProxy(ObjectStreamClass.java:597)
[2025-08-14T06:57:38.575+0000] {spark_submit.py:521} INFO - at java.base/java.io.ObjectInputStream.readNonProxyDesc(ObjectInputStream.java:2051)
[2025-08-14T06:57:38.575+0000] {spark_submit.py:521} INFO - at java.base/java.io.ObjectInputStream.readClassDesc(ObjectInputStream.java:1898)
[2025-08-14T06:57:38.575+0000] {spark_submit.py:521} INFO - at java.base/java.io.ObjectInputStream.readOrdinaryObject(ObjectInputStream.java:2224)
[2025-08-14T06:57:38.575+0000] {spark_submit.py:521} INFO - at java.base/java.io.ObjectInputStream.readObject0(ObjectInputStream.java:1733)
[2025-08-14T06:57:38.576+0000] {spark_submit.py:521} INFO - at java.base/java.io.ObjectInputStream.readObject(ObjectInputStream.java:509)
[2025-08-14T06:57:38.576+0000] {spark_submit.py:521} INFO - at java.base/java.io.ObjectInputStream.readObject(ObjectInputStream.java:467)
[2025-08-14T06:57:38.576+0000] {spark_submit.py:521} INFO - at org.apache.spark.serializer.JavaDeserializationStream.readObject(JavaSerializer.scala:87)
[2025-08-14T06:57:38.576+0000] {spark_submit.py:521} INFO - at org.apache.spark.serializer.JavaSerializerInstance.deserialize(JavaSerializer.scala:123)
[2025-08-14T06:57:38.577+0000] {spark_submit.py:521} INFO - at org.apache.spark.rpc.netty.NettyRpcEnv.$anonfun$deserialize$2(NettyRpcEnv.scala:299)
[2025-08-14T06:57:38.577+0000] {spark_submit.py:521} INFO - at scala.util.DynamicVariable.withValue(DynamicVariable.scala:62)
[2025-08-14T06:57:38.578+0000] {spark_submit.py:521} INFO - at org.apache.spark.rpc.netty.NettyRpcEnv.deserialize(NettyRpcEnv.scala:352)
[2025-08-14T06:57:38.578+0000] {spark_submit.py:521} INFO - at org.apache.spark.rpc.netty.NettyRpcEnv.$anonfun$deserialize$1(NettyRpcEnv.scala:298)
[2025-08-14T06:57:38.579+0000] {spark_submit.py:521} INFO - at scala.util.DynamicVariable.withValue(DynamicVariable.scala:62)
[2025-08-14T06:57:38.579+0000] {spark_submit.py:521} INFO - at org.apache.spark.rpc.netty.NettyRpcEnv.deserialize(NettyRpcEnv.scala:298)
[2025-08-14T06:57:38.581+0000] {spark_submit.py:521} INFO - at org.apache.spark.rpc.netty.RequestMessage$.apply(NettyRpcEnv.scala:646)
[2025-08-14T06:57:38.582+0000] {spark_submit.py:521} INFO - at org.apache.spark.rpc.netty.NettyRpcHandler.internalReceive(NettyRpcEnv.scala:697)
[2025-08-14T06:57:38.583+0000] {spark_submit.py:521} INFO - at org.apache.spark.rpc.netty.NettyRpcHandler.receive(NettyRpcEnv.scala:682)
[2025-08-14T06:57:38.583+0000] {spark_submit.py:521} INFO - at org.apache.spark.network.server.TransportRequestHandler.processRpcRequest(TransportRequestHandler.java:163)
[2025-08-14T06:57:38.584+0000] {spark_submit.py:521} INFO - at org.apache.spark.network.server.TransportRequestHandler.handle(TransportRequestHandler.java:109)
[2025-08-14T06:57:38.584+0000] {spark_submit.py:521} INFO - at org.apache.spark.network.server.TransportChannelHandler.channelRead0(TransportChannelHandler.java:140)
[2025-08-14T06:57:38.584+0000] {spark_submit.py:521} INFO - at org.apache.spark.network.server.TransportChannelHandler.channelRead0(TransportChannelHandler.java:53)
[2025-08-14T06:57:38.585+0000] {spark_submit.py:521} INFO - at io.netty.channel.SimpleChannelInboundHandler.channelRead(SimpleChannelInboundHandler.java:99)
[2025-08-14T06:57:38.585+0000] {spark_submit.py:521} INFO - at io.netty.channel.AbstractChannelHandlerContext.invokeChannelRead(AbstractChannelHandlerContext.java:444)
[2025-08-14T06:57:38.585+0000] {spark_submit.py:521} INFO - at io.netty.channel.AbstractChannelHandlerContext.invokeChannelRead(AbstractChannelHandlerContext.java:420)
[2025-08-14T06:57:38.585+0000] {spark_submit.py:521} INFO - at io.netty.channel.AbstractChannelHandlerContext.fireChannelRead(AbstractChannelHandlerContext.java:412)
[2025-08-14T06:57:38.586+0000] {spark_submit.py:521} INFO - at io.netty.handler.timeout.IdleStateHandler.channelRead(IdleStateHandler.java:286)
[2025-08-14T06:57:38.586+0000] {spark_submit.py:521} INFO - at io.netty.channel.AbstractChannelHandlerContext.invokeChannelRead(AbstractChannelHandlerContext.java:442)
[2025-08-14T06:57:38.586+0000] {spark_submit.py:521} INFO - at io.netty.channel.AbstractChannelHandlerContext.invokeChannelRead(AbstractChannelHandlerContext.java:420)
[2025-08-14T06:57:38.587+0000] {spark_submit.py:521} INFO - at io.netty.channel.AbstractChannelHandlerContext.fireChannelRead(AbstractChannelHandlerContext.java:412)
[2025-08-14T06:57:38.587+0000] {spark_submit.py:521} INFO - at io.netty.handler.codec.MessageToMessageDecoder.channelRead(MessageToMessageDecoder.java:103)
[2025-08-14T06:57:38.587+0000] {spark_submit.py:521} INFO - at io.netty.channel.AbstractChannelHandlerContext.invokeChannelRead(AbstractChannelHandlerContext.java:444)
[2025-08-14T06:57:38.588+0000] {spark_submit.py:521} INFO - at io.netty.channel.AbstractChannelHandlerContext.invokeChannelRead(AbstractChannelHandlerContext.java:420)
[2025-08-14T06:57:38.588+0000] {spark_submit.py:521} INFO - at io.netty.channel.AbstractChannelHandlerContext.fireChannelRead(AbstractChannelHandlerContext.java:412)
[2025-08-14T06:57:38.588+0000] {spark_submit.py:521} INFO - at org.apache.spark.network.util.TransportFrameDecoder.channelRead(TransportFrameDecoder.java:102)
[2025-08-14T06:57:38.589+0000] {spark_submit.py:521} INFO - at io.netty.channel.AbstractChannelHandlerContext.invokeChannelRead(AbstractChannelHandlerContext.java:444)
[2025-08-14T06:57:38.589+0000] {spark_submit.py:521} INFO - at io.netty.channel.AbstractChannelHandlerContext.invokeChannelRead(AbstractChannelHandlerContext.java:420)
[2025-08-14T06:57:38.589+0000] {spark_submit.py:521} INFO - at io.netty.channel.AbstractChannelHandlerContext.fireChannelRead(AbstractChannelHandlerContext.java:412)
[2025-08-14T06:57:38.589+0000] {spark_submit.py:521} INFO - at io.netty.channel.DefaultChannelPipeline$HeadContext.channelRead(DefaultChannelPipeline.java:1410)
[2025-08-14T06:57:38.590+0000] {spark_submit.py:521} INFO - at io.netty.channel.AbstractChannelHandlerContext.invokeChannelRead(AbstractChannelHandlerContext.java:440)
[2025-08-14T06:57:38.590+0000] {spark_submit.py:521} INFO - at io.netty.channel.AbstractChannelHandlerContext.invokeChannelRead(AbstractChannelHandlerContext.java:420)
[2025-08-14T06:57:38.590+0000] {spark_submit.py:521} INFO - at io.netty.channel.DefaultChannelPipeline.fireChannelRead(DefaultChannelPipeline.java:919)
[2025-08-14T06:57:38.592+0000] {spark_submit.py:521} INFO - at io.netty.channel.nio.AbstractNioByteChannel$NioByteUnsafe.read(AbstractNioByteChannel.java:166)
[2025-08-14T06:57:38.592+0000] {spark_submit.py:521} INFO - at io.netty.channel.nio.NioEventLoop.processSelectedKey(NioEventLoop.java:788)
[2025-08-14T06:57:38.593+0000] {spark_submit.py:521} INFO - at io.netty.channel.nio.NioEventLoop.processSelectedKeysOptimized(NioEventLoop.java:724)
[2025-08-14T06:57:38.593+0000] {spark_submit.py:521} INFO - at io.netty.channel.nio.NioEventLoop.processSelectedKeys(NioEventLoop.java:650)
[2025-08-14T06:57:38.593+0000] {spark_submit.py:521} INFO - at io.netty.channel.nio.NioEventLoop.run(NioEventLoop.java:562)
[2025-08-14T06:57:38.594+0000] {spark_submit.py:521} INFO - at io.netty.util.concurrent.SingleThreadEventExecutor$4.run(SingleThreadEventExecutor.java:997)
[2025-08-14T06:57:38.594+0000] {spark_submit.py:521} INFO - at io.netty.util.internal.ThreadExecutorMap$2.run(ThreadExecutorMap.java:74)
[2025-08-14T06:57:38.595+0000] {spark_submit.py:521} INFO - at io.netty.util.concurrent.FastThreadLocalRunnable.run(FastThreadLocalRunnable.java:30)
[2025-08-14T06:57:38.598+0000] {spark_submit.py:521} INFO - at java.base/java.lang.Thread.run(Thread.java:840)
[2025-08-14T06:57:38.598+0000] {spark_submit.py:521} INFO - 
[2025-08-14T06:57:38.599+0000] {spark_submit.py:521} INFO - at org.apache.spark.network.client.TransportResponseHandler.handle(TransportResponseHandler.java:217)
[2025-08-14T06:57:38.599+0000] {spark_submit.py:521} INFO - at org.apache.spark.network.server.TransportChannelHandler.channelRead0(TransportChannelHandler.java:145)
[2025-08-14T06:57:38.600+0000] {spark_submit.py:521} INFO - at org.apache.spark.network.server.TransportChannelHandler.channelRead0(TransportChannelHandler.java:55)
[2025-08-14T06:57:38.600+0000] {spark_submit.py:521} INFO - at io.netty.channel.SimpleChannelInboundHandler.channelRead(SimpleChannelInboundHandler.java:99)
[2025-08-14T06:57:38.601+0000] {spark_submit.py:521} INFO - at io.netty.channel.AbstractChannelHandlerContext.invokeChannelRead(AbstractChannelHandlerContext.java:444)
[2025-08-14T06:57:38.601+0000] {spark_submit.py:521} INFO - at io.netty.channel.AbstractChannelHandlerContext.invokeChannelRead(AbstractChannelHandlerContext.java:420)
[2025-08-14T06:57:38.601+0000] {spark_submit.py:521} INFO - at io.netty.channel.AbstractChannelHandlerContext.fireChannelRead(AbstractChannelHandlerContext.java:412)
[2025-08-14T06:57:38.602+0000] {spark_submit.py:521} INFO - at io.netty.handler.timeout.IdleStateHandler.channelRead(IdleStateHandler.java:289)
[2025-08-14T06:57:38.602+0000] {spark_submit.py:521} INFO - at io.netty.channel.AbstractChannelHandlerContext.invokeChannelRead(AbstractChannelHandlerContext.java:442)
[2025-08-14T06:57:38.602+0000] {spark_submit.py:521} INFO - at io.netty.channel.AbstractChannelHandlerContext.invokeChannelRead(AbstractChannelHandlerContext.java:420)
[2025-08-14T06:57:38.602+0000] {spark_submit.py:521} INFO - at io.netty.channel.AbstractChannelHandlerContext.fireChannelRead(AbstractChannelHandlerContext.java:412)
[2025-08-14T06:57:38.603+0000] {spark_submit.py:521} INFO - at io.netty.handler.codec.MessageToMessageDecoder.channelRead(MessageToMessageDecoder.java:107)
[2025-08-14T06:57:38.603+0000] {spark_submit.py:521} INFO - at io.netty.channel.AbstractChannelHandlerContext.invokeChannelRead(AbstractChannelHandlerContext.java:444)
[2025-08-14T06:57:38.603+0000] {spark_submit.py:521} INFO - at io.netty.channel.AbstractChannelHandlerContext.invokeChannelRead(AbstractChannelHandlerContext.java:420)
[2025-08-14T06:57:38.605+0000] {spark_submit.py:521} INFO - at io.netty.channel.AbstractChannelHandlerContext.fireChannelRead(AbstractChannelHandlerContext.java:412)
[2025-08-14T06:57:38.605+0000] {spark_submit.py:521} INFO - at org.apache.spark.network.util.TransportFrameDecoder.channelRead(TransportFrameDecoder.java:102)
[2025-08-14T06:57:38.605+0000] {spark_submit.py:521} INFO - at io.netty.channel.AbstractChannelHandlerContext.invokeChannelRead(AbstractChannelHandlerContext.java:444)
[2025-08-14T06:57:38.606+0000] {spark_submit.py:521} INFO - at io.netty.channel.AbstractChannelHandlerContext.invokeChannelRead(AbstractChannelHandlerContext.java:420)
[2025-08-14T06:57:38.606+0000] {spark_submit.py:521} INFO - at io.netty.channel.AbstractChannelHandlerContext.fireChannelRead(AbstractChannelHandlerContext.java:412)
[2025-08-14T06:57:38.606+0000] {spark_submit.py:521} INFO - at io.netty.channel.DefaultChannelPipeline$HeadContext.channelRead(DefaultChannelPipeline.java:1357)
[2025-08-14T06:57:38.606+0000] {spark_submit.py:521} INFO - at io.netty.channel.AbstractChannelHandlerContext.invokeChannelRead(AbstractChannelHandlerContext.java:440)
[2025-08-14T06:57:38.606+0000] {spark_submit.py:521} INFO - at io.netty.channel.AbstractChannelHandlerContext.invokeChannelRead(AbstractChannelHandlerContext.java:420)
[2025-08-14T06:57:38.607+0000] {spark_submit.py:521} INFO - at io.netty.channel.DefaultChannelPipeline.fireChannelRead(DefaultChannelPipeline.java:868)
[2025-08-14T06:57:38.607+0000] {spark_submit.py:521} INFO - at io.netty.channel.nio.AbstractNioByteChannel$NioByteUnsafe.read(AbstractNioByteChannel.java:166)
[2025-08-14T06:57:38.607+0000] {spark_submit.py:521} INFO - at io.netty.channel.nio.NioEventLoop.processSelectedKey(NioEventLoop.java:796)
[2025-08-14T06:57:38.607+0000] {spark_submit.py:521} INFO - at io.netty.channel.nio.NioEventLoop.processSelectedKeysOptimized(NioEventLoop.java:732)
[2025-08-14T06:57:38.607+0000] {spark_submit.py:521} INFO - at io.netty.channel.nio.NioEventLoop.processSelectedKeys(NioEventLoop.java:658)
[2025-08-14T06:57:38.607+0000] {spark_submit.py:521} INFO - at io.netty.channel.nio.NioEventLoop.run(NioEventLoop.java:562)
[2025-08-14T06:57:38.608+0000] {spark_submit.py:521} INFO - at io.netty.util.concurrent.SingleThreadEventExecutor$4.run(SingleThreadEventExecutor.java:998)
[2025-08-14T06:57:38.608+0000] {spark_submit.py:521} INFO - at io.netty.util.internal.ThreadExecutorMap$2.run(ThreadExecutorMap.java:74)
[2025-08-14T06:57:38.608+0000] {spark_submit.py:521} INFO - at io.netty.util.concurrent.FastThreadLocalRunnable.run(FastThreadLocalRunnable.java:30)
[2025-08-14T06:57:38.608+0000] {spark_submit.py:521} INFO - ... 1 more
[2025-08-14T06:57:58.422+0000] {spark_submit.py:521} INFO - 25/08/14 06:57:58 INFO StandaloneAppClient$ClientEndpoint: Connecting to master spark://spark-master:7077...
[2025-08-14T06:57:58.430+0000] {spark_submit.py:521} INFO - 25/08/14 06:57:58 WARN StandaloneAppClient$ClientEndpoint: Failed to connect to master spark-master:7077
[2025-08-14T06:57:58.430+0000] {spark_submit.py:521} INFO - org.apache.spark.SparkException: Exception thrown in awaitResult:
[2025-08-14T06:57:58.431+0000] {spark_submit.py:521} INFO - at org.apache.spark.util.SparkThreadUtils$.awaitResult(SparkThreadUtils.scala:53)
[2025-08-14T06:57:58.431+0000] {spark_submit.py:521} INFO - at org.apache.spark.util.ThreadUtils$.awaitResult(ThreadUtils.scala:342)
[2025-08-14T06:57:58.431+0000] {spark_submit.py:521} INFO - at org.apache.spark.rpc.RpcTimeout.awaitResult(RpcTimeout.scala:75)
[2025-08-14T06:57:58.432+0000] {spark_submit.py:521} INFO - at org.apache.spark.rpc.RpcEnv.setupEndpointRefByURI(RpcEnv.scala:102)
[2025-08-14T06:57:58.432+0000] {spark_submit.py:521} INFO - at org.apache.spark.rpc.RpcEnv.setupEndpointRef(RpcEnv.scala:110)
[2025-08-14T06:57:58.432+0000] {spark_submit.py:521} INFO - at org.apache.spark.deploy.client.StandaloneAppClient$ClientEndpoint$$anon$1.run(StandaloneAppClient.scala:110)
[2025-08-14T06:57:58.433+0000] {spark_submit.py:521} INFO - at java.base/java.util.concurrent.Executors$RunnableAdapter.call(Executors.java:539)
[2025-08-14T06:57:58.433+0000] {spark_submit.py:521} INFO - at java.base/java.util.concurrent.FutureTask.run(FutureTask.java:264)
[2025-08-14T06:57:58.433+0000] {spark_submit.py:521} INFO - at java.base/java.util.concurrent.ThreadPoolExecutor.runWorker(ThreadPoolExecutor.java:1136)
[2025-08-14T06:57:58.434+0000] {spark_submit.py:521} INFO - at java.base/java.util.concurrent.ThreadPoolExecutor$Worker.run(ThreadPoolExecutor.java:635)
[2025-08-14T06:57:58.434+0000] {spark_submit.py:521} INFO - at java.base/java.lang.Thread.run(Thread.java:840)
[2025-08-14T06:57:58.434+0000] {spark_submit.py:521} INFO - Caused by: java.lang.RuntimeException: java.io.InvalidClassException: org.apache.spark.rpc.netty.RpcEndpointVerifier$CheckExistence; local class incompatible: stream classdesc serialVersionUID = 5378738997755484868, local class serialVersionUID = 7789290765573734431
[2025-08-14T06:57:58.435+0000] {spark_submit.py:521} INFO - at java.base/java.io.ObjectStreamClass.initNonProxy(ObjectStreamClass.java:597)
[2025-08-14T06:57:58.435+0000] {spark_submit.py:521} INFO - at java.base/java.io.ObjectInputStream.readNonProxyDesc(ObjectInputStream.java:2051)
[2025-08-14T06:57:58.435+0000] {spark_submit.py:521} INFO - at java.base/java.io.ObjectInputStream.readClassDesc(ObjectInputStream.java:1898)
[2025-08-14T06:57:58.436+0000] {spark_submit.py:521} INFO - at java.base/java.io.ObjectInputStream.readOrdinaryObject(ObjectInputStream.java:2224)
[2025-08-14T06:57:58.436+0000] {spark_submit.py:521} INFO - at java.base/java.io.ObjectInputStream.readObject0(ObjectInputStream.java:1733)
[2025-08-14T06:57:58.436+0000] {spark_submit.py:521} INFO - at java.base/java.io.ObjectInputStream.readObject(ObjectInputStream.java:509)
[2025-08-14T06:57:58.436+0000] {spark_submit.py:521} INFO - at java.base/java.io.ObjectInputStream.readObject(ObjectInputStream.java:467)
[2025-08-14T06:57:58.437+0000] {spark_submit.py:521} INFO - at org.apache.spark.serializer.JavaDeserializationStream.readObject(JavaSerializer.scala:87)
[2025-08-14T06:57:58.437+0000] {spark_submit.py:521} INFO - at org.apache.spark.serializer.JavaSerializerInstance.deserialize(JavaSerializer.scala:123)
[2025-08-14T06:57:58.437+0000] {spark_submit.py:521} INFO - at org.apache.spark.rpc.netty.NettyRpcEnv.$anonfun$deserialize$2(NettyRpcEnv.scala:299)
[2025-08-14T06:57:58.438+0000] {spark_submit.py:521} INFO - at scala.util.DynamicVariable.withValue(DynamicVariable.scala:62)
[2025-08-14T06:57:58.438+0000] {spark_submit.py:521} INFO - at org.apache.spark.rpc.netty.NettyRpcEnv.deserialize(NettyRpcEnv.scala:352)
[2025-08-14T06:57:58.438+0000] {spark_submit.py:521} INFO - at org.apache.spark.rpc.netty.NettyRpcEnv.$anonfun$deserialize$1(NettyRpcEnv.scala:298)
[2025-08-14T06:57:58.438+0000] {spark_submit.py:521} INFO - at scala.util.DynamicVariable.withValue(DynamicVariable.scala:62)
[2025-08-14T06:57:58.439+0000] {spark_submit.py:521} INFO - at org.apache.spark.rpc.netty.NettyRpcEnv.deserialize(NettyRpcEnv.scala:298)
[2025-08-14T06:57:58.439+0000] {spark_submit.py:521} INFO - at org.apache.spark.rpc.netty.RequestMessage$.apply(NettyRpcEnv.scala:646)
[2025-08-14T06:57:58.439+0000] {spark_submit.py:521} INFO - at org.apache.spark.rpc.netty.NettyRpcHandler.internalReceive(NettyRpcEnv.scala:697)
[2025-08-14T06:57:58.440+0000] {spark_submit.py:521} INFO - at org.apache.spark.rpc.netty.NettyRpcHandler.receive(NettyRpcEnv.scala:682)
[2025-08-14T06:57:58.440+0000] {spark_submit.py:521} INFO - at org.apache.spark.network.server.TransportRequestHandler.processRpcRequest(TransportRequestHandler.java:163)
[2025-08-14T06:57:58.440+0000] {spark_submit.py:521} INFO - at org.apache.spark.network.server.TransportRequestHandler.handle(TransportRequestHandler.java:109)
[2025-08-14T06:57:58.440+0000] {spark_submit.py:521} INFO - at org.apache.spark.network.server.TransportChannelHandler.channelRead0(TransportChannelHandler.java:140)
[2025-08-14T06:57:58.441+0000] {spark_submit.py:521} INFO - at org.apache.spark.network.server.TransportChannelHandler.channelRead0(TransportChannelHandler.java:53)
[2025-08-14T06:57:58.441+0000] {spark_submit.py:521} INFO - at io.netty.channel.SimpleChannelInboundHandler.channelRead(SimpleChannelInboundHandler.java:99)
[2025-08-14T06:57:58.441+0000] {spark_submit.py:521} INFO - at io.netty.channel.AbstractChannelHandlerContext.invokeChannelRead(AbstractChannelHandlerContext.java:444)
[2025-08-14T06:57:58.442+0000] {spark_submit.py:521} INFO - at io.netty.channel.AbstractChannelHandlerContext.invokeChannelRead(AbstractChannelHandlerContext.java:420)
[2025-08-14T06:57:58.442+0000] {spark_submit.py:521} INFO - at io.netty.channel.AbstractChannelHandlerContext.fireChannelRead(AbstractChannelHandlerContext.java:412)
[2025-08-14T06:57:58.442+0000] {spark_submit.py:521} INFO - at io.netty.handler.timeout.IdleStateHandler.channelRead(IdleStateHandler.java:286)
[2025-08-14T06:57:58.442+0000] {spark_submit.py:521} INFO - at io.netty.channel.AbstractChannelHandlerContext.invokeChannelRead(AbstractChannelHandlerContext.java:442)
[2025-08-14T06:57:58.443+0000] {spark_submit.py:521} INFO - at io.netty.channel.AbstractChannelHandlerContext.invokeChannelRead(AbstractChannelHandlerContext.java:420)
[2025-08-14T06:57:58.443+0000] {spark_submit.py:521} INFO - at io.netty.channel.AbstractChannelHandlerContext.fireChannelRead(AbstractChannelHandlerContext.java:412)
[2025-08-14T06:57:58.443+0000] {spark_submit.py:521} INFO - at io.netty.handler.codec.MessageToMessageDecoder.channelRead(MessageToMessageDecoder.java:103)
[2025-08-14T06:57:58.444+0000] {spark_submit.py:521} INFO - at io.netty.channel.AbstractChannelHandlerContext.invokeChannelRead(AbstractChannelHandlerContext.java:444)
[2025-08-14T06:57:58.444+0000] {spark_submit.py:521} INFO - at io.netty.channel.AbstractChannelHandlerContext.invokeChannelRead(AbstractChannelHandlerContext.java:420)
[2025-08-14T06:57:58.444+0000] {spark_submit.py:521} INFO - at io.netty.channel.AbstractChannelHandlerContext.fireChannelRead(AbstractChannelHandlerContext.java:412)
[2025-08-14T06:57:58.444+0000] {spark_submit.py:521} INFO - at org.apache.spark.network.util.TransportFrameDecoder.channelRead(TransportFrameDecoder.java:102)
[2025-08-14T06:57:58.445+0000] {spark_submit.py:521} INFO - at io.netty.channel.AbstractChannelHandlerContext.invokeChannelRead(AbstractChannelHandlerContext.java:444)
[2025-08-14T06:57:58.445+0000] {spark_submit.py:521} INFO - at io.netty.channel.AbstractChannelHandlerContext.invokeChannelRead(AbstractChannelHandlerContext.java:420)
[2025-08-14T06:57:58.446+0000] {spark_submit.py:521} INFO - at io.netty.channel.AbstractChannelHandlerContext.fireChannelRead(AbstractChannelHandlerContext.java:412)
[2025-08-14T06:57:58.446+0000] {spark_submit.py:521} INFO - at io.netty.channel.DefaultChannelPipeline$HeadContext.channelRead(DefaultChannelPipeline.java:1410)
[2025-08-14T06:57:58.446+0000] {spark_submit.py:521} INFO - at io.netty.channel.AbstractChannelHandlerContext.invokeChannelRead(AbstractChannelHandlerContext.java:440)
[2025-08-14T06:57:58.446+0000] {spark_submit.py:521} INFO - at io.netty.channel.AbstractChannelHandlerContext.invokeChannelRead(AbstractChannelHandlerContext.java:420)
[2025-08-14T06:57:58.447+0000] {spark_submit.py:521} INFO - at io.netty.channel.DefaultChannelPipeline.fireChannelRead(DefaultChannelPipeline.java:919)
[2025-08-14T06:57:58.447+0000] {spark_submit.py:521} INFO - at io.netty.channel.nio.AbstractNioByteChannel$NioByteUnsafe.read(AbstractNioByteChannel.java:166)
[2025-08-14T06:57:58.447+0000] {spark_submit.py:521} INFO - at io.netty.channel.nio.NioEventLoop.processSelectedKey(NioEventLoop.java:788)
[2025-08-14T06:57:58.447+0000] {spark_submit.py:521} INFO - at io.netty.channel.nio.NioEventLoop.processSelectedKeysOptimized(NioEventLoop.java:724)
[2025-08-14T06:57:58.448+0000] {spark_submit.py:521} INFO - at io.netty.channel.nio.NioEventLoop.processSelectedKeys(NioEventLoop.java:650)
[2025-08-14T06:57:58.448+0000] {spark_submit.py:521} INFO - at io.netty.channel.nio.NioEventLoop.run(NioEventLoop.java:562)
[2025-08-14T06:57:58.448+0000] {spark_submit.py:521} INFO - at io.netty.util.concurrent.SingleThreadEventExecutor$4.run(SingleThreadEventExecutor.java:997)
[2025-08-14T06:57:58.449+0000] {spark_submit.py:521} INFO - at io.netty.util.internal.ThreadExecutorMap$2.run(ThreadExecutorMap.java:74)
[2025-08-14T06:57:58.449+0000] {spark_submit.py:521} INFO - at io.netty.util.concurrent.FastThreadLocalRunnable.run(FastThreadLocalRunnable.java:30)
[2025-08-14T06:57:58.449+0000] {spark_submit.py:521} INFO - at java.base/java.lang.Thread.run(Thread.java:840)
[2025-08-14T06:57:58.449+0000] {spark_submit.py:521} INFO - 
[2025-08-14T06:57:58.450+0000] {spark_submit.py:521} INFO - at org.apache.spark.network.client.TransportResponseHandler.handle(TransportResponseHandler.java:217)
[2025-08-14T06:57:58.450+0000] {spark_submit.py:521} INFO - at org.apache.spark.network.server.TransportChannelHandler.channelRead0(TransportChannelHandler.java:145)
[2025-08-14T06:57:58.450+0000] {spark_submit.py:521} INFO - at org.apache.spark.network.server.TransportChannelHandler.channelRead0(TransportChannelHandler.java:55)
[2025-08-14T06:57:58.450+0000] {spark_submit.py:521} INFO - at io.netty.channel.SimpleChannelInboundHandler.channelRead(SimpleChannelInboundHandler.java:99)
[2025-08-14T06:57:58.451+0000] {spark_submit.py:521} INFO - at io.netty.channel.AbstractChannelHandlerContext.invokeChannelRead(AbstractChannelHandlerContext.java:444)
[2025-08-14T06:57:58.451+0000] {spark_submit.py:521} INFO - at io.netty.channel.AbstractChannelHandlerContext.invokeChannelRead(AbstractChannelHandlerContext.java:420)
[2025-08-14T06:57:58.451+0000] {spark_submit.py:521} INFO - at io.netty.channel.AbstractChannelHandlerContext.fireChannelRead(AbstractChannelHandlerContext.java:412)
[2025-08-14T06:57:58.452+0000] {spark_submit.py:521} INFO - at io.netty.handler.timeout.IdleStateHandler.channelRead(IdleStateHandler.java:289)
[2025-08-14T06:57:58.452+0000] {spark_submit.py:521} INFO - at io.netty.channel.AbstractChannelHandlerContext.invokeChannelRead(AbstractChannelHandlerContext.java:442)
[2025-08-14T06:57:58.452+0000] {spark_submit.py:521} INFO - at io.netty.channel.AbstractChannelHandlerContext.invokeChannelRead(AbstractChannelHandlerContext.java:420)
[2025-08-14T06:57:58.452+0000] {spark_submit.py:521} INFO - at io.netty.channel.AbstractChannelHandlerContext.fireChannelRead(AbstractChannelHandlerContext.java:412)
[2025-08-14T06:57:58.453+0000] {spark_submit.py:521} INFO - at io.netty.handler.codec.MessageToMessageDecoder.channelRead(MessageToMessageDecoder.java:107)
[2025-08-14T06:57:58.453+0000] {spark_submit.py:521} INFO - at io.netty.channel.AbstractChannelHandlerContext.invokeChannelRead(AbstractChannelHandlerContext.java:444)
[2025-08-14T06:57:58.453+0000] {spark_submit.py:521} INFO - at io.netty.channel.AbstractChannelHandlerContext.invokeChannelRead(AbstractChannelHandlerContext.java:420)
[2025-08-14T06:57:58.453+0000] {spark_submit.py:521} INFO - at io.netty.channel.AbstractChannelHandlerContext.fireChannelRead(AbstractChannelHandlerContext.java:412)
[2025-08-14T06:57:58.454+0000] {spark_submit.py:521} INFO - at org.apache.spark.network.util.TransportFrameDecoder.channelRead(TransportFrameDecoder.java:102)
[2025-08-14T06:57:58.454+0000] {spark_submit.py:521} INFO - at io.netty.channel.AbstractChannelHandlerContext.invokeChannelRead(AbstractChannelHandlerContext.java:444)
[2025-08-14T06:57:58.454+0000] {spark_submit.py:521} INFO - at io.netty.channel.AbstractChannelHandlerContext.invokeChannelRead(AbstractChannelHandlerContext.java:420)
[2025-08-14T06:57:58.454+0000] {spark_submit.py:521} INFO - at io.netty.channel.AbstractChannelHandlerContext.fireChannelRead(AbstractChannelHandlerContext.java:412)
[2025-08-14T06:57:58.455+0000] {spark_submit.py:521} INFO - at io.netty.channel.DefaultChannelPipeline$HeadContext.channelRead(DefaultChannelPipeline.java:1357)
[2025-08-14T06:57:58.455+0000] {spark_submit.py:521} INFO - at io.netty.channel.AbstractChannelHandlerContext.invokeChannelRead(AbstractChannelHandlerContext.java:440)
[2025-08-14T06:57:58.455+0000] {spark_submit.py:521} INFO - at io.netty.channel.AbstractChannelHandlerContext.invokeChannelRead(AbstractChannelHandlerContext.java:420)
[2025-08-14T06:57:58.455+0000] {spark_submit.py:521} INFO - at io.netty.channel.DefaultChannelPipeline.fireChannelRead(DefaultChannelPipeline.java:868)
[2025-08-14T06:57:58.456+0000] {spark_submit.py:521} INFO - at io.netty.channel.nio.AbstractNioByteChannel$NioByteUnsafe.read(AbstractNioByteChannel.java:166)
[2025-08-14T06:57:58.456+0000] {spark_submit.py:521} INFO - at io.netty.channel.nio.NioEventLoop.processSelectedKey(NioEventLoop.java:796)
[2025-08-14T06:57:58.456+0000] {spark_submit.py:521} INFO - at io.netty.channel.nio.NioEventLoop.processSelectedKeysOptimized(NioEventLoop.java:732)
[2025-08-14T06:57:58.456+0000] {spark_submit.py:521} INFO - at io.netty.channel.nio.NioEventLoop.processSelectedKeys(NioEventLoop.java:658)
[2025-08-14T06:57:58.457+0000] {spark_submit.py:521} INFO - at io.netty.channel.nio.NioEventLoop.run(NioEventLoop.java:562)
[2025-08-14T06:57:58.457+0000] {spark_submit.py:521} INFO - at io.netty.util.concurrent.SingleThreadEventExecutor$4.run(SingleThreadEventExecutor.java:998)
[2025-08-14T06:57:58.458+0000] {spark_submit.py:521} INFO - at io.netty.util.internal.ThreadExecutorMap$2.run(ThreadExecutorMap.java:74)
[2025-08-14T06:57:58.458+0000] {spark_submit.py:521} INFO - at io.netty.util.concurrent.FastThreadLocalRunnable.run(FastThreadLocalRunnable.java:30)
[2025-08-14T06:57:58.458+0000] {spark_submit.py:521} INFO - ... 1 more
[2025-08-14T06:58:18.423+0000] {spark_submit.py:521} INFO - 25/08/14 06:58:18 WARN StandaloneSchedulerBackend: Application ID is not initialized yet.
[2025-08-14T06:58:18.426+0000] {spark_submit.py:521} INFO - 25/08/14 06:58:18 ERROR StandaloneSchedulerBackend: Application has been killed. Reason: All masters are unresponsive! Giving up.
[2025-08-14T06:58:18.436+0000] {spark_submit.py:521} INFO - 25/08/14 06:58:18 INFO Utils: Successfully started service 'org.apache.spark.network.netty.NettyBlockTransferService' on port 41759.
[2025-08-14T06:58:18.437+0000] {spark_submit.py:521} INFO - 25/08/14 06:58:18 INFO NettyBlockTransferService: Server created on ddcaa82da13c:41759
[2025-08-14T06:58:18.438+0000] {spark_submit.py:521} INFO - 25/08/14 06:58:18 INFO BlockManager: Using org.apache.spark.storage.RandomBlockReplicationPolicy for block replication policy
[2025-08-14T06:58:18.454+0000] {spark_submit.py:521} INFO - 25/08/14 06:58:18 INFO BlockManagerMaster: Registering BlockManager BlockManagerId(driver, ddcaa82da13c, 41759, None)
[2025-08-14T06:58:18.461+0000] {spark_submit.py:521} INFO - 25/08/14 06:58:18 INFO BlockManagerMasterEndpoint: Registering block manager ddcaa82da13c:41759 with 434.4 MiB RAM, BlockManagerId(driver, ddcaa82da13c, 41759, None)
[2025-08-14T06:58:18.463+0000] {spark_submit.py:521} INFO - 25/08/14 06:58:18 INFO BlockManagerMaster: Registered BlockManager BlockManagerId(driver, ddcaa82da13c, 41759, None)
[2025-08-14T06:58:18.465+0000] {spark_submit.py:521} INFO - 25/08/14 06:58:18 INFO BlockManager: Initialized BlockManager: BlockManagerId(driver, ddcaa82da13c, 41759, None)
[2025-08-14T06:58:18.563+0000] {spark_submit.py:521} INFO - 25/08/14 06:58:18 INFO StandaloneSchedulerBackend: SchedulerBackend is ready for scheduling beginning after reached minRegisteredResourcesRatio: 0.0
[2025-08-14T06:58:18.746+0000] {spark_submit.py:521} INFO - 25/08/14 06:58:18 INFO SparkContext: SparkContext is stopping with exitCode 0 from run at <unknown>:0.
[2025-08-14T06:58:18.756+0000] {spark_submit.py:521} INFO - 25/08/14 06:58:18 INFO SparkUI: Stopped Spark web UI at http://ddcaa82da13c:4040
[2025-08-14T06:58:18.758+0000] {spark_submit.py:521} INFO - 25/08/14 06:58:18 INFO StandaloneSchedulerBackend: Shutting down all executors
[2025-08-14T06:58:18.761+0000] {spark_submit.py:521} INFO - 25/08/14 06:58:18 INFO StandaloneSchedulerBackend$StandaloneDriverEndpoint: Asking each executor to shut down
[2025-08-14T06:58:18.768+0000] {spark_submit.py:521} INFO - 25/08/14 06:58:18 WARN StandaloneAppClient$ClientEndpoint: Drop UnregisterApplication(null) because has not yet connected to master
[2025-08-14T06:58:18.774+0000] {spark_submit.py:521} INFO - 25/08/14 06:58:18 INFO MapOutputTrackerMasterEndpoint: MapOutputTrackerMasterEndpoint stopped!
[2025-08-14T06:58:18.806+0000] {spark_submit.py:521} INFO - 25/08/14 06:58:18 INFO MemoryStore: MemoryStore started with capacity 434.4 MiB
[2025-08-14T06:58:18.807+0000] {spark_submit.py:521} INFO - 25/08/14 06:58:18 INFO MemoryStore: MemoryStore cleared
[2025-08-14T06:58:18.807+0000] {spark_submit.py:521} INFO - 25/08/14 06:58:18 INFO BlockManager: BlockManager stopped
[2025-08-14T06:58:18.813+0000] {spark_submit.py:521} INFO - 25/08/14 06:58:18 INFO BlockManagerMaster: BlockManagerMaster stopped
[2025-08-14T06:58:18.823+0000] {spark_submit.py:521} INFO - 25/08/14 06:58:18 INFO OutputCommitCoordinator$OutputCommitCoordinatorEndpoint: OutputCommitCoordinator stopped!
[2025-08-14T06:58:18.852+0000] {spark_submit.py:521} INFO - 25/08/14 06:58:18 INFO SparkContext: Successfully stopped SparkContext
[2025-08-14T06:58:20.179+0000] {spark_submit.py:521} INFO - Traceback (most recent call last):
[2025-08-14T06:58:20.179+0000] {spark_submit.py:521} INFO - File "/opt/spark-jobs/transform/gold_transfrom.py", line 18, in <module>
[2025-08-14T06:58:20.182+0000] {spark_submit.py:521} INFO - spark = SparkSession.builder.appName("gold_transform").getOrCreate()
[2025-08-14T06:58:20.182+0000] {spark_submit.py:521} INFO - ^^^^^^^^^^^^^^^^^^^^^^^^^^^^^^^^^^^^^^^^^^^^^^^^^^^^^^^^^^^^
[2025-08-14T06:58:20.183+0000] {spark_submit.py:521} INFO - File "/home/***/.local/lib/python3.11/site-packages/pyspark/python/lib/pyspark.zip/pyspark/sql/session.py", line 559, in getOrCreate
[2025-08-14T06:58:20.183+0000] {spark_submit.py:521} INFO - File "/home/***/.local/lib/python3.11/site-packages/pyspark/python/lib/pyspark.zip/pyspark/sql/session.py", line 641, in __init__
[2025-08-14T06:58:20.184+0000] {spark_submit.py:521} INFO - File "/home/***/.local/lib/python3.11/site-packages/pyspark/python/lib/py4j-0.10.9.9-src.zip/py4j/java_gateway.py", line 1627, in __call__
[2025-08-14T06:58:20.185+0000] {spark_submit.py:521} INFO - File "/home/***/.local/lib/python3.11/site-packages/pyspark/python/lib/py4j-0.10.9.9-src.zip/py4j/protocol.py", line 327, in get_return_value
[2025-08-14T06:58:20.186+0000] {spark_submit.py:521} INFO - py4j.protocol.Py4JJavaError: An error occurred while calling None.org.apache.spark.sql.classic.SparkSession.
[2025-08-14T06:58:20.187+0000] {spark_submit.py:521} INFO - : java.lang.IllegalStateException: Cannot call methods on a stopped SparkContext.
[2025-08-14T06:58:20.187+0000] {spark_submit.py:521} INFO - This stopped SparkContext was created at:
[2025-08-14T06:58:20.187+0000] {spark_submit.py:521} INFO - 
[2025-08-14T06:58:20.188+0000] {spark_submit.py:521} INFO - org.apache.spark.api.java.JavaSparkContext.<init>(JavaSparkContext.scala:59)
[2025-08-14T06:58:20.188+0000] {spark_submit.py:521} INFO - java.base/jdk.internal.reflect.NativeConstructorAccessorImpl.newInstance0(Native Method)
[2025-08-14T06:58:20.188+0000] {spark_submit.py:521} INFO - java.base/jdk.internal.reflect.NativeConstructorAccessorImpl.newInstance(NativeConstructorAccessorImpl.java:77)
[2025-08-14T06:58:20.188+0000] {spark_submit.py:521} INFO - java.base/jdk.internal.reflect.DelegatingConstructorAccessorImpl.newInstance(DelegatingConstructorAccessorImpl.java:45)
[2025-08-14T06:58:20.189+0000] {spark_submit.py:521} INFO - java.base/java.lang.reflect.Constructor.newInstanceWithCaller(Constructor.java:500)
[2025-08-14T06:58:20.189+0000] {spark_submit.py:521} INFO - java.base/java.lang.reflect.Constructor.newInstance(Constructor.java:481)
[2025-08-14T06:58:20.189+0000] {spark_submit.py:521} INFO - py4j.reflection.MethodInvoker.invoke(MethodInvoker.java:247)
[2025-08-14T06:58:20.190+0000] {spark_submit.py:521} INFO - py4j.reflection.ReflectionEngine.invoke(ReflectionEngine.java:374)
[2025-08-14T06:58:20.190+0000] {spark_submit.py:521} INFO - py4j.Gateway.invoke(Gateway.java:238)
[2025-08-14T06:58:20.190+0000] {spark_submit.py:521} INFO - py4j.commands.ConstructorCommand.invokeConstructor(ConstructorCommand.java:80)
[2025-08-14T06:58:20.190+0000] {spark_submit.py:521} INFO - py4j.commands.ConstructorCommand.execute(ConstructorCommand.java:69)
[2025-08-14T06:58:20.191+0000] {spark_submit.py:521} INFO - py4j.ClientServerConnection.waitForCommands(ClientServerConnection.java:184)
[2025-08-14T06:58:20.191+0000] {spark_submit.py:521} INFO - py4j.ClientServerConnection.run(ClientServerConnection.java:108)
[2025-08-14T06:58:20.191+0000] {spark_submit.py:521} INFO - java.base/java.lang.Thread.run(Thread.java:840)
[2025-08-14T06:58:20.191+0000] {spark_submit.py:521} INFO - 
[2025-08-14T06:58:20.192+0000] {spark_submit.py:521} INFO - And it was stopped at:
[2025-08-14T06:58:20.192+0000] {spark_submit.py:521} INFO - 
[2025-08-14T06:58:20.192+0000] {spark_submit.py:521} INFO - org.apache.spark.SparkContext$$anon$3.run(SparkContext.scala:2284)
[2025-08-14T06:58:20.192+0000] {spark_submit.py:521} INFO - 
[2025-08-14T06:58:20.193+0000] {spark_submit.py:521} INFO - The currently active SparkContext was created at:
[2025-08-14T06:58:20.193+0000] {spark_submit.py:521} INFO - 
[2025-08-14T06:58:20.194+0000] {spark_submit.py:521} INFO - (No active SparkContext.)
[2025-08-14T06:58:20.194+0000] {spark_submit.py:521} INFO - 
[2025-08-14T06:58:20.194+0000] {spark_submit.py:521} INFO - at org.apache.spark.SparkContext.assertNotStopped(SparkContext.scala:128)
[2025-08-14T06:58:20.194+0000] {spark_submit.py:521} INFO - at org.apache.spark.sql.classic.SparkSession.<init>(SparkSession.scala:124)
[2025-08-14T06:58:20.194+0000] {spark_submit.py:521} INFO - at org.apache.spark.sql.classic.SparkSession.<init>(SparkSession.scala:117)
[2025-08-14T06:58:20.195+0000] {spark_submit.py:521} INFO - at java.base/jdk.internal.reflect.NativeConstructorAccessorImpl.newInstance0(Native Method)
[2025-08-14T06:58:20.195+0000] {spark_submit.py:521} INFO - at java.base/jdk.internal.reflect.NativeConstructorAccessorImpl.newInstance(NativeConstructorAccessorImpl.java:77)
[2025-08-14T06:58:20.195+0000] {spark_submit.py:521} INFO - at java.base/jdk.internal.reflect.DelegatingConstructorAccessorImpl.newInstance(DelegatingConstructorAccessorImpl.java:45)
[2025-08-14T06:58:20.195+0000] {spark_submit.py:521} INFO - at java.base/java.lang.reflect.Constructor.newInstanceWithCaller(Constructor.java:500)
[2025-08-14T06:58:20.195+0000] {spark_submit.py:521} INFO - at java.base/java.lang.reflect.Constructor.newInstance(Constructor.java:481)
[2025-08-14T06:58:20.196+0000] {spark_submit.py:521} INFO - at py4j.reflection.MethodInvoker.invoke(MethodInvoker.java:247)
[2025-08-14T06:58:20.196+0000] {spark_submit.py:521} INFO - at py4j.reflection.ReflectionEngine.invoke(ReflectionEngine.java:374)
[2025-08-14T06:58:20.196+0000] {spark_submit.py:521} INFO - at py4j.Gateway.invoke(Gateway.java:238)
[2025-08-14T06:58:20.196+0000] {spark_submit.py:521} INFO - at py4j.commands.ConstructorCommand.invokeConstructor(ConstructorCommand.java:80)
[2025-08-14T06:58:20.197+0000] {spark_submit.py:521} INFO - at py4j.commands.ConstructorCommand.execute(ConstructorCommand.java:69)
[2025-08-14T06:58:20.197+0000] {spark_submit.py:521} INFO - at py4j.ClientServerConnection.waitForCommands(ClientServerConnection.java:184)
[2025-08-14T06:58:20.197+0000] {spark_submit.py:521} INFO - at py4j.ClientServerConnection.run(ClientServerConnection.java:108)
[2025-08-14T06:58:20.197+0000] {spark_submit.py:521} INFO - at java.base/java.lang.Thread.run(Thread.java:840)
[2025-08-14T06:58:20.198+0000] {spark_submit.py:521} INFO - 
[2025-08-14T06:58:20.449+0000] {spark_submit.py:521} INFO - 25/08/14 06:58:20 INFO ShutdownHookManager: Shutdown hook called
[2025-08-14T06:58:20.450+0000] {spark_submit.py:521} INFO - 25/08/14 06:58:20 INFO ShutdownHookManager: Deleting directory /tmp/spark-4cf241b0-a865-473e-b3dd-51947213f8b0
[2025-08-14T06:58:20.465+0000] {spark_submit.py:521} INFO - 25/08/14 06:58:20 INFO ShutdownHookManager: Deleting directory /tmp/spark-4cf241b0-a865-473e-b3dd-51947213f8b0/pyspark-6161afde-8c9e-4c5a-a64c-a82186a67cab
[2025-08-14T06:58:20.480+0000] {spark_submit.py:521} INFO - 25/08/14 06:58:20 INFO ShutdownHookManager: Deleting directory /tmp/spark-b0a84d93-7702-471b-9663-1dc5f71528ad
[2025-08-14T06:58:20.536+0000] {taskinstance.py:441} INFO - ::group::Post task execution logs
[2025-08-14T06:58:20.585+0000] {taskinstance.py:2905} ERROR - Task failed with exception
Traceback (most recent call last):
  File "/home/airflow/.local/lib/python3.11/site-packages/airflow/models/taskinstance.py", line 465, in _execute_task
    result = _execute_callable(context=context, **execute_callable_kwargs)
             ^^^^^^^^^^^^^^^^^^^^^^^^^^^^^^^^^^^^^^^^^^^^^^^^^^^^^^^^^^^^^
  File "/home/airflow/.local/lib/python3.11/site-packages/airflow/models/taskinstance.py", line 432, in _execute_callable
    return execute_callable(context=context, **execute_callable_kwargs)
           ^^^^^^^^^^^^^^^^^^^^^^^^^^^^^^^^^^^^^^^^^^^^^^^^^^^^^^^^^^^^
  File "/home/airflow/.local/lib/python3.11/site-packages/airflow/models/baseoperator.py", line 400, in wrapper
    return func(self, *args, **kwargs)
           ^^^^^^^^^^^^^^^^^^^^^^^^^^^
  File "/home/airflow/.local/lib/python3.11/site-packages/airflow/providers/apache/spark/operators/spark_submit.py", line 156, in execute
    self._hook.submit(self._application)
  File "/home/airflow/.local/lib/python3.11/site-packages/airflow/providers/apache/spark/hooks/spark_submit.py", line 452, in submit
    raise AirflowException(
airflow.exceptions.AirflowException: Cannot execute: spark-submit --master spark://spark-master:7077 --conf spark.master=spark://spark-master:7077 --conf spark.driver.extraClassPath=/opt/custom-jars/* --conf spark.executor.extraClassPath=/opt/custom-jars/* --conf spark.hadoop.fs.gs.impl=com.google.cloud.hadoop.fs.gcs.GoogleHadoopFileSystem --conf spark.hadoop.fs.AbstractFileSystem.gs.impl=com.google.cloud.hadoop.fs.gcs.GoogleHadoopFS --conf spark.hadoop.google.cloud.auth.service.account.enable=true --conf spark.hadoop.google.cloud.auth.service.account.json.keyfile=/opt/***/gcp-key.json --jars /opt/custom-jars/spark-bigquery-with-dependencies_2.13-0.30.0.jar,/opt/custom-jars/javax.inject-1.jar --name arrow-spark --verbose /opt/spark-jobs/transform/gold_transfrom.py. Error code is: 1.
[2025-08-14T06:58:20.603+0000] {taskinstance.py:1206} INFO - Marking task as FAILED. dag_id=spark_transform_pipeline, task_id=silver_topcv_transform, run_id=manual__2025-08-14T06:57:03.217562+00:00, execution_date=20250814T065703, start_date=20250814T065709, end_date=20250814T065820
[2025-08-14T06:58:20.645+0000] {standard_task_runner.py:110} ERROR - Failed to execute job 160 for task silver_topcv_transform (Cannot execute: spark-submit --master spark://spark-master:7077 --conf spark.master=spark://spark-master:7077 --conf spark.driver.extraClassPath=/opt/custom-jars/* --conf spark.executor.extraClassPath=/opt/custom-jars/* --conf spark.hadoop.fs.gs.impl=com.google.cloud.hadoop.fs.gcs.GoogleHadoopFileSystem --conf spark.hadoop.fs.AbstractFileSystem.gs.impl=com.google.cloud.hadoop.fs.gcs.GoogleHadoopFS --conf spark.hadoop.google.cloud.auth.service.account.enable=true --conf spark.hadoop.google.cloud.auth.service.account.json.keyfile=/opt/***/gcp-key.json --jars /opt/custom-jars/spark-bigquery-with-dependencies_2.13-0.30.0.jar,/opt/custom-jars/javax.inject-1.jar --name arrow-spark --verbose /opt/spark-jobs/transform/gold_transfrom.py. Error code is: 1.; 362)
[2025-08-14T06:58:20.689+0000] {local_task_job_runner.py:240} INFO - Task exited with return code 1
[2025-08-14T06:58:20.736+0000] {taskinstance.py:3498} INFO - 0 downstream tasks scheduled from follow-on schedule check
[2025-08-14T06:58:20.739+0000] {local_task_job_runner.py:222} INFO - ::endgroup::
