[2025-08-10T07:29:03.382+0000] {local_task_job_runner.py:120} INFO - ::group::Pre task execution logs
[2025-08-10T07:29:03.421+0000] {taskinstance.py:2076} INFO - Dependencies all met for dep_context=non-requeueable deps ti=<TaskInstance: spark_transform_topcv.submit_spark_job manual__2025-08-10T07:28:58.632139+00:00 [queued]>
[2025-08-10T07:29:03.427+0000] {taskinstance.py:2076} INFO - Dependencies all met for dep_context=requeueable deps ti=<TaskInstance: spark_transform_topcv.submit_spark_job manual__2025-08-10T07:28:58.632139+00:00 [queued]>
[2025-08-10T07:29:03.428+0000] {taskinstance.py:2306} INFO - Starting attempt 1 of 1
[2025-08-10T07:29:03.438+0000] {taskinstance.py:2330} INFO - Executing <Task(SparkSubmitOperator): submit_spark_job> on 2025-08-10 07:28:58.632139+00:00
[2025-08-10T07:29:03.449+0000] {standard_task_runner.py:63} INFO - Started process 280 to run task
[2025-08-10T07:29:03.452+0000] {standard_task_runner.py:90} INFO - Running: ['***', 'tasks', 'run', 'spark_transform_topcv', 'submit_spark_job', 'manual__2025-08-10T07:28:58.632139+00:00', '--job-id', '107', '--raw', '--subdir', 'DAGS_FOLDER/etl_jobs_dag.py', '--cfg-path', '/tmp/tmpjnms4_bo']
[2025-08-10T07:29:03.455+0000] {standard_task_runner.py:91} INFO - Job 107: Subtask submit_spark_job
[2025-08-10T07:29:03.506+0000] {task_command.py:426} INFO - Running <TaskInstance: spark_transform_topcv.submit_spark_job manual__2025-08-10T07:28:58.632139+00:00 [running]> on host 12ff19608307
[2025-08-10T07:29:03.593+0000] {taskinstance.py:2648} INFO - Exporting env vars: AIRFLOW_CTX_DAG_OWNER='***' AIRFLOW_CTX_DAG_ID='spark_transform_topcv' AIRFLOW_CTX_TASK_ID='submit_spark_job' AIRFLOW_CTX_EXECUTION_DATE='2025-08-10T07:28:58.632139+00:00' AIRFLOW_CTX_TRY_NUMBER='1' AIRFLOW_CTX_DAG_RUN_ID='manual__2025-08-10T07:28:58.632139+00:00'
[2025-08-10T07:29:03.594+0000] {taskinstance.py:430} INFO - ::endgroup::
[2025-08-10T07:29:03.625+0000] {base.py:84} INFO - Using connection ID 'spark_default' for task execution.
[2025-08-10T07:29:03.626+0000] {spark_submit.py:351} INFO - Spark-Submit cmd: spark-submit --master spark://spark-master:7077 --conf spark.master=spark://spark-master:7077 --conf spark.driver.extraClassPath=/opt/custom-jars/* --conf spark.executor.extraClassPath=/opt/custom-jars/* --conf spark.hadoop.fs.gs.impl=com.google.cloud.hadoop.fs.gcs.GoogleHadoopFileSystem --conf spark.hadoop.fs.AbstractFileSystem.gs.impl=com.google.cloud.hadoop.fs.gcs.GoogleHadoopFS --conf spark.hadoop.google.cloud.auth.service.account.enable=true --conf spark.hadoop.google.cloud.auth.service.account.json.keyfile=/opt/***/gcp-key.json --jars /opt/custom-jars/gcs-connector-hadoop3-2.2.14-shaded.jar --name arrow-spark --verbose /opt/spark-jobs/gold_transform.py
[2025-08-10T07:29:04.787+0000] {spark_submit.py:521} INFO - WARNING: Using incubator modules: jdk.incubator.vector
[2025-08-10T07:29:07.420+0000] {spark_submit.py:521} INFO - Parsed arguments:
[2025-08-10T07:29:07.421+0000] {spark_submit.py:521} INFO - master                  spark://spark-master:7077
[2025-08-10T07:29:07.422+0000] {spark_submit.py:521} INFO - remote                  null
[2025-08-10T07:29:07.423+0000] {spark_submit.py:521} INFO - deployMode              null
[2025-08-10T07:29:07.423+0000] {spark_submit.py:521} INFO - executorMemory          null
[2025-08-10T07:29:07.423+0000] {spark_submit.py:521} INFO - executorCores           null
[2025-08-10T07:29:07.424+0000] {spark_submit.py:521} INFO - totalExecutorCores      null
[2025-08-10T07:29:07.424+0000] {spark_submit.py:521} INFO - propertiesFile          null
[2025-08-10T07:29:07.424+0000] {spark_submit.py:521} INFO - driverMemory            null
[2025-08-10T07:29:07.425+0000] {spark_submit.py:521} INFO - driverCores             null
[2025-08-10T07:29:07.425+0000] {spark_submit.py:521} INFO - driverExtraClassPath    /opt/custom-jars/*
[2025-08-10T07:29:07.425+0000] {spark_submit.py:521} INFO - driverExtraLibraryPath  null
[2025-08-10T07:29:07.425+0000] {spark_submit.py:521} INFO - driverExtraJavaOptions  null
[2025-08-10T07:29:07.426+0000] {spark_submit.py:521} INFO - supervise               false
[2025-08-10T07:29:07.426+0000] {spark_submit.py:521} INFO - queue                   null
[2025-08-10T07:29:07.426+0000] {spark_submit.py:521} INFO - numExecutors            null
[2025-08-10T07:29:07.427+0000] {spark_submit.py:521} INFO - files                   null
[2025-08-10T07:29:07.427+0000] {spark_submit.py:521} INFO - pyFiles                 null
[2025-08-10T07:29:07.428+0000] {spark_submit.py:521} INFO - archives                null
[2025-08-10T07:29:07.428+0000] {spark_submit.py:521} INFO - mainClass               null
[2025-08-10T07:29:07.428+0000] {spark_submit.py:521} INFO - primaryResource         file:/opt/spark-jobs/gold_transform.py
[2025-08-10T07:29:07.428+0000] {spark_submit.py:521} INFO - name                    arrow-spark
[2025-08-10T07:29:07.429+0000] {spark_submit.py:521} INFO - childArgs               []
[2025-08-10T07:29:07.429+0000] {spark_submit.py:521} INFO - jars                    file:/opt/custom-jars/gcs-connector-hadoop3-2.2.14-shaded.jar
[2025-08-10T07:29:07.430+0000] {spark_submit.py:521} INFO - packages                null
[2025-08-10T07:29:07.430+0000] {spark_submit.py:521} INFO - packagesExclusions      null
[2025-08-10T07:29:07.430+0000] {spark_submit.py:521} INFO - repositories            null
[2025-08-10T07:29:07.431+0000] {spark_submit.py:521} INFO - verbose                 true
[2025-08-10T07:29:07.431+0000] {spark_submit.py:521} INFO - 
[2025-08-10T07:29:07.431+0000] {spark_submit.py:521} INFO - Spark properties used, including those specified through
[2025-08-10T07:29:07.431+0000] {spark_submit.py:521} INFO - --conf and those from the properties file null:
[2025-08-10T07:29:07.432+0000] {spark_submit.py:521} INFO - (spark.driver.extraClassPath,/opt/custom-jars/*)
[2025-08-10T07:29:07.432+0000] {spark_submit.py:521} INFO - (spark.executor.extraClassPath,/opt/custom-jars/*)
[2025-08-10T07:29:07.432+0000] {spark_submit.py:521} INFO - (spark.hadoop.fs.AbstractFileSystem.gs.impl,com.google.cloud.hadoop.fs.gcs.GoogleHadoopFS)
[2025-08-10T07:29:07.432+0000] {spark_submit.py:521} INFO - (spark.hadoop.fs.gs.impl,com.google.cloud.hadoop.fs.gcs.GoogleHadoopFileSystem)
[2025-08-10T07:29:07.433+0000] {spark_submit.py:521} INFO - (spark.hadoop.google.cloud.auth.service.account.enable,true)
[2025-08-10T07:29:07.433+0000] {spark_submit.py:521} INFO - (spark.hadoop.google.cloud.auth.service.account.json.keyfile,/opt/***/gcp-key.json)
[2025-08-10T07:29:07.433+0000] {spark_submit.py:521} INFO - (spark.master,spark://spark-master:7077)
[2025-08-10T07:29:07.434+0000] {spark_submit.py:521} INFO - 
[2025-08-10T07:29:07.434+0000] {spark_submit.py:521} INFO - 
[2025-08-10T07:29:07.943+0000] {spark_submit.py:521} INFO - 25/08/10 07:29:07 WARN NativeCodeLoader: Unable to load native-hadoop library for your platform... using builtin-java classes where applicable
[2025-08-10T07:29:08.496+0000] {spark_submit.py:521} INFO - Main class:
[2025-08-10T07:29:08.497+0000] {spark_submit.py:521} INFO - org.apache.spark.deploy.PythonRunner
[2025-08-10T07:29:08.498+0000] {spark_submit.py:521} INFO - Arguments:
[2025-08-10T07:29:08.498+0000] {spark_submit.py:521} INFO - file:/opt/spark-jobs/gold_transform.py
[2025-08-10T07:29:08.499+0000] {spark_submit.py:521} INFO - null
[2025-08-10T07:29:08.500+0000] {spark_submit.py:521} INFO - Spark config:
[2025-08-10T07:29:08.500+0000] {spark_submit.py:521} INFO - (spark.app.name,arrow-spark)
[2025-08-10T07:29:08.501+0000] {spark_submit.py:521} INFO - (spark.app.submitTime,1754810948473)
[2025-08-10T07:29:08.501+0000] {spark_submit.py:521} INFO - (spark.driver.extraClassPath,/opt/custom-jars/*)
[2025-08-10T07:29:08.501+0000] {spark_submit.py:521} INFO - (spark.executor.extraClassPath,/opt/custom-jars/*)
[2025-08-10T07:29:08.502+0000] {spark_submit.py:521} INFO - (spark.hadoop.fs.AbstractFileSystem.gs.impl,com.google.cloud.hadoop.fs.gcs.GoogleHadoopFS)
[2025-08-10T07:29:08.502+0000] {spark_submit.py:521} INFO - (spark.hadoop.fs.gs.impl,com.google.cloud.hadoop.fs.gcs.GoogleHadoopFileSystem)
[2025-08-10T07:29:08.503+0000] {spark_submit.py:521} INFO - (spark.hadoop.google.cloud.auth.service.account.enable,true)
[2025-08-10T07:29:08.503+0000] {spark_submit.py:521} INFO - (spark.hadoop.google.cloud.auth.service.account.json.keyfile,/opt/***/gcp-key.json)
[2025-08-10T07:29:08.503+0000] {spark_submit.py:521} INFO - (spark.jars,file:///opt/custom-jars/gcs-connector-hadoop3-2.2.14-shaded.jar)
[2025-08-10T07:29:08.504+0000] {spark_submit.py:521} INFO - (spark.master,spark://spark-master:7077)
[2025-08-10T07:29:08.504+0000] {spark_submit.py:521} INFO - (spark.repl.local.jars,file:///opt/custom-jars/gcs-connector-hadoop3-2.2.14-shaded.jar)
[2025-08-10T07:29:08.504+0000] {spark_submit.py:521} INFO - (spark.submit.deployMode,client)
[2025-08-10T07:29:08.505+0000] {spark_submit.py:521} INFO - (spark.submit.pyFiles,)
[2025-08-10T07:29:08.505+0000] {spark_submit.py:521} INFO - Classpath elements:
[2025-08-10T07:29:08.505+0000] {spark_submit.py:521} INFO - file:///opt/custom-jars/gcs-connector-hadoop3-2.2.14-shaded.jar
[2025-08-10T07:29:08.506+0000] {spark_submit.py:521} INFO - 
[2025-08-10T07:29:08.506+0000] {spark_submit.py:521} INFO - 
[2025-08-10T07:29:09.608+0000] {spark_submit.py:521} INFO - Using Spark's default log4j profile: org/apache/spark/log4j2-defaults.properties
[2025-08-10T07:29:09.613+0000] {spark_submit.py:521} INFO - 25/08/10 07:29:09 INFO SparkContext: Running Spark version 4.0.0
[2025-08-10T07:29:09.616+0000] {spark_submit.py:521} INFO - 25/08/10 07:29:09 INFO SparkContext: OS info Linux, 5.15.167.4-microsoft-standard-WSL2, amd64
[2025-08-10T07:29:09.617+0000] {spark_submit.py:521} INFO - 25/08/10 07:29:09 INFO SparkContext: Java version 17.0.15
[2025-08-10T07:29:09.641+0000] {spark_submit.py:521} INFO - 25/08/10 07:29:09 INFO ResourceUtils: ==============================================================
[2025-08-10T07:29:09.641+0000] {spark_submit.py:521} INFO - 25/08/10 07:29:09 INFO ResourceUtils: No custom resources configured for spark.driver.
[2025-08-10T07:29:09.641+0000] {spark_submit.py:521} INFO - 25/08/10 07:29:09 INFO ResourceUtils: ==============================================================
[2025-08-10T07:29:09.642+0000] {spark_submit.py:521} INFO - 25/08/10 07:29:09 INFO SparkContext: Submitted application: gold_transform
[2025-08-10T07:29:09.665+0000] {spark_submit.py:521} INFO - 25/08/10 07:29:09 INFO ResourceProfile: Default ResourceProfile created, executor resources: Map(memory -> name: memory, amount: 1024, script: , vendor: , offHeap -> name: offHeap, amount: 0, script: , vendor: ), task resources: Map(cpus -> name: cpus, amount: 1.0)
[2025-08-10T07:29:09.667+0000] {spark_submit.py:521} INFO - 25/08/10 07:29:09 INFO ResourceProfile: Limiting resource is cpu
[2025-08-10T07:29:09.669+0000] {spark_submit.py:521} INFO - 25/08/10 07:29:09 INFO ResourceProfileManager: Added ResourceProfile id: 0
[2025-08-10T07:29:09.725+0000] {spark_submit.py:521} INFO - 25/08/10 07:29:09 INFO SecurityManager: Changing view acls to: ***
[2025-08-10T07:29:09.726+0000] {spark_submit.py:521} INFO - 25/08/10 07:29:09 INFO SecurityManager: Changing modify acls to: ***
[2025-08-10T07:29:09.726+0000] {spark_submit.py:521} INFO - 25/08/10 07:29:09 INFO SecurityManager: Changing view acls groups to: ***
[2025-08-10T07:29:09.727+0000] {spark_submit.py:521} INFO - 25/08/10 07:29:09 INFO SecurityManager: Changing modify acls groups to: ***
[2025-08-10T07:29:09.730+0000] {spark_submit.py:521} INFO - 25/08/10 07:29:09 INFO SecurityManager: SecurityManager: authentication disabled; ui acls disabled; users with view permissions: *** groups with view permissions: EMPTY; users with modify permissions: ***; groups with modify permissions: EMPTY; RPC SSL disabled
[2025-08-10T07:29:09.975+0000] {spark_submit.py:521} INFO - 25/08/10 07:29:09 INFO Utils: Successfully started service 'sparkDriver' on port 41095.
[2025-08-10T07:29:10.006+0000] {spark_submit.py:521} INFO - 25/08/10 07:29:10 INFO SparkEnv: Registering MapOutputTracker
[2025-08-10T07:29:10.023+0000] {spark_submit.py:521} INFO - 25/08/10 07:29:10 INFO SparkEnv: Registering BlockManagerMaster
[2025-08-10T07:29:10.039+0000] {spark_submit.py:521} INFO - 25/08/10 07:29:10 INFO BlockManagerMasterEndpoint: Using org.apache.spark.storage.DefaultTopologyMapper for getting topology information
[2025-08-10T07:29:10.039+0000] {spark_submit.py:521} INFO - 25/08/10 07:29:10 INFO BlockManagerMasterEndpoint: BlockManagerMasterEndpoint up
[2025-08-10T07:29:10.043+0000] {spark_submit.py:521} INFO - 25/08/10 07:29:10 INFO SparkEnv: Registering BlockManagerMasterHeartbeat
[2025-08-10T07:29:10.070+0000] {spark_submit.py:521} INFO - 25/08/10 07:29:10 INFO DiskBlockManager: Created local directory at /tmp/blockmgr-4879223f-26e5-4da8-ba6c-57f077664933
[2025-08-10T07:29:10.092+0000] {spark_submit.py:521} INFO - 25/08/10 07:29:10 INFO SparkEnv: Registering OutputCommitCoordinator
[2025-08-10T07:29:10.242+0000] {spark_submit.py:521} INFO - 25/08/10 07:29:10 INFO JettyUtils: Start Jetty 0.0.0.0:4040 for SparkUI
[2025-08-10T07:29:10.316+0000] {spark_submit.py:521} INFO - 25/08/10 07:29:10 INFO Utils: Successfully started service 'SparkUI' on port 4040.
[2025-08-10T07:29:10.354+0000] {spark_submit.py:521} INFO - 25/08/10 07:29:10 INFO SparkContext: Added JAR file:///opt/custom-jars/gcs-connector-hadoop3-2.2.14-shaded.jar at spark://12ff19608307:41095/jars/gcs-connector-hadoop3-2.2.14-shaded.jar with timestamp 1754810949602
[2025-08-10T07:29:10.378+0000] {spark_submit.py:521} INFO - 25/08/10 07:29:10 INFO SecurityManager: Changing view acls to: ***
[2025-08-10T07:29:10.379+0000] {spark_submit.py:521} INFO - 25/08/10 07:29:10 INFO SecurityManager: Changing modify acls to: ***
[2025-08-10T07:29:10.379+0000] {spark_submit.py:521} INFO - 25/08/10 07:29:10 INFO SecurityManager: Changing view acls groups to: ***
[2025-08-10T07:29:10.380+0000] {spark_submit.py:521} INFO - 25/08/10 07:29:10 INFO SecurityManager: Changing modify acls groups to: ***
[2025-08-10T07:29:10.380+0000] {spark_submit.py:521} INFO - 25/08/10 07:29:10 INFO SecurityManager: SecurityManager: authentication disabled; ui acls disabled; users with view permissions: *** groups with view permissions: EMPTY; users with modify permissions: ***; groups with modify permissions: EMPTY; RPC SSL disabled
[2025-08-10T07:29:10.559+0000] {spark_submit.py:521} INFO - 25/08/10 07:29:10 INFO StandaloneAppClient$ClientEndpoint: Connecting to master spark://spark-master:7077...
[2025-08-10T07:29:10.610+0000] {spark_submit.py:521} INFO - 25/08/10 07:29:10 INFO TransportClientFactory: Successfully created connection to spark-master/172.18.0.4:7077 after 26 ms (0 ms spent in bootstraps)
[2025-08-10T07:29:11.089+0000] {spark_submit.py:521} INFO - 25/08/10 07:29:11 INFO StandaloneSchedulerBackend: Connected to Spark cluster with app ID app-20250810072911-0001
[2025-08-10T07:29:11.099+0000] {spark_submit.py:521} INFO - 25/08/10 07:29:11 INFO Utils: Successfully started service 'org.apache.spark.network.netty.NettyBlockTransferService' on port 45581.
[2025-08-10T07:29:11.100+0000] {spark_submit.py:521} INFO - 25/08/10 07:29:11 INFO NettyBlockTransferService: Server created on 12ff19608307:45581
[2025-08-10T07:29:11.103+0000] {spark_submit.py:521} INFO - 25/08/10 07:29:11 INFO BlockManager: Using org.apache.spark.storage.RandomBlockReplicationPolicy for block replication policy
[2025-08-10T07:29:11.122+0000] {spark_submit.py:521} INFO - 25/08/10 07:29:11 INFO BlockManagerMaster: Registering BlockManager BlockManagerId(driver, 12ff19608307, 45581, None)
[2025-08-10T07:29:11.132+0000] {spark_submit.py:521} INFO - 25/08/10 07:29:11 INFO BlockManagerMasterEndpoint: Registering block manager 12ff19608307:45581 with 434.4 MiB RAM, BlockManagerId(driver, 12ff19608307, 45581, None)
[2025-08-10T07:29:11.135+0000] {spark_submit.py:521} INFO - 25/08/10 07:29:11 INFO BlockManagerMaster: Registered BlockManager BlockManagerId(driver, 12ff19608307, 45581, None)
[2025-08-10T07:29:11.137+0000] {spark_submit.py:521} INFO - 25/08/10 07:29:11 INFO BlockManager: Initialized BlockManager: BlockManagerId(driver, 12ff19608307, 45581, None)
[2025-08-10T07:29:11.141+0000] {spark_submit.py:521} INFO - 25/08/10 07:29:11 INFO StandaloneAppClient$ClientEndpoint: Executor added: app-20250810072911-0001/0 on worker-20250810072400-172.18.0.3-33153 (172.18.0.3:33153) with 2 core(s)
[2025-08-10T07:29:11.143+0000] {spark_submit.py:521} INFO - 25/08/10 07:29:11 INFO StandaloneSchedulerBackend: Granted executor ID app-20250810072911-0001/0 on hostPort 172.18.0.3:33153 with 2 core(s), 1024.0 MiB RAM
[2025-08-10T07:29:11.268+0000] {spark_submit.py:521} INFO - 25/08/10 07:29:11 INFO StandaloneSchedulerBackend: SchedulerBackend is ready for scheduling beginning after reached minRegisteredResourcesRatio: 0.0
[2025-08-10T07:29:11.900+0000] {spark_submit.py:521} INFO - 25/08/10 07:29:11 INFO StandaloneAppClient$ClientEndpoint: Executor updated: app-20250810072911-0001/0 is now RUNNING
[2025-08-10T07:29:13.579+0000] {spark_submit.py:521} INFO - 25/08/10 07:29:13 INFO SharedState: Setting hive.metastore.warehouse.dir ('null') to the value of spark.sql.warehouse.dir.
[2025-08-10T07:29:13.581+0000] {spark_submit.py:521} INFO - 25/08/10 07:29:13 INFO SharedState: Warehouse path is 'file:/opt/***/spark-warehouse'.
[2025-08-10T07:29:18.337+0000] {spark_submit.py:521} INFO - 25/08/10 07:29:18 INFO StandaloneSchedulerBackend$StandaloneDriverEndpoint: Registered executor NettyRpcEndpointRef(spark-client://Executor) (172.18.0.3:49870) with ID 0, ResourceProfileId 0
[2025-08-10T07:29:18.568+0000] {spark_submit.py:521} INFO - 25/08/10 07:29:18 INFO BlockManagerMasterEndpoint: Registering block manager 172.18.0.3:40165 with 434.4 MiB RAM, BlockManagerId(0, 172.18.0.3, 40165, None)
[2025-08-10T07:29:20.550+0000] {spark_submit.py:521} INFO - 25/08/10 07:29:20 INFO InMemoryFileIndex: It took 228 ms to list leaf files for 1 paths.
[2025-08-10T07:29:20.940+0000] {spark_submit.py:521} INFO - 25/08/10 07:29:20 INFO SparkContext: Starting job: parquet at NativeMethodAccessorImpl.java:0
[2025-08-10T07:29:20.956+0000] {spark_submit.py:521} INFO - 25/08/10 07:29:20 INFO DAGScheduler: Got job 0 (parquet at NativeMethodAccessorImpl.java:0) with 1 output partitions
[2025-08-10T07:29:20.959+0000] {spark_submit.py:521} INFO - 25/08/10 07:29:20 INFO DAGScheduler: Final stage: ResultStage 0 (parquet at NativeMethodAccessorImpl.java:0)
[2025-08-10T07:29:20.959+0000] {spark_submit.py:521} INFO - 25/08/10 07:29:20 INFO DAGScheduler: Parents of final stage: List()
[2025-08-10T07:29:20.962+0000] {spark_submit.py:521} INFO - 25/08/10 07:29:20 INFO DAGScheduler: Missing parents: List()
[2025-08-10T07:29:20.966+0000] {spark_submit.py:521} INFO - 25/08/10 07:29:20 INFO DAGScheduler: Submitting ResultStage 0 (MapPartitionsRDD[1] at parquet at NativeMethodAccessorImpl.java:0), which has no missing parents
[2025-08-10T07:29:21.017+0000] {spark_submit.py:521} INFO - 25/08/10 07:29:21 INFO MemoryStore: MemoryStore started with capacity 434.4 MiB
[2025-08-10T07:29:21.029+0000] {spark_submit.py:521} INFO - 25/08/10 07:29:21 INFO MemoryStore: Block broadcast_0 stored as values in memory (estimated size 116.0 KiB, free 434.3 MiB)
[2025-08-10T07:29:21.074+0000] {spark_submit.py:521} INFO - 25/08/10 07:29:21 INFO MemoryStore: Block broadcast_0_piece0 stored as bytes in memory (estimated size 41.8 KiB, free 434.2 MiB)
[2025-08-10T07:29:21.082+0000] {spark_submit.py:521} INFO - 25/08/10 07:29:21 INFO SparkContext: Created broadcast 0 from broadcast at DAGScheduler.scala:1676
[2025-08-10T07:29:21.098+0000] {spark_submit.py:521} INFO - 25/08/10 07:29:21 INFO DAGScheduler: Submitting 1 missing tasks from ResultStage 0 (MapPartitionsRDD[1] at parquet at NativeMethodAccessorImpl.java:0) (first 15 tasks are for partitions Vector(0))
[2025-08-10T07:29:21.108+0000] {spark_submit.py:521} INFO - 25/08/10 07:29:21 INFO TaskSchedulerImpl: Adding task set 0.0 with 1 tasks resource profile 0
[2025-08-10T07:29:21.137+0000] {spark_submit.py:521} INFO - 25/08/10 07:29:21 INFO TaskSetManager: Starting task 0.0 in stage 0.0 (TID 0) (172.18.0.3,executor 0, partition 0, PROCESS_LOCAL, 9992 bytes)
[2025-08-10T07:29:25.453+0000] {spark_submit.py:521} INFO - 25/08/10 07:29:25 INFO TaskSetManager: Finished task 0.0 in stage 0.0 (TID 0) in 4321 ms on 172.18.0.3 (executor 0) (1/1)
[2025-08-10T07:29:25.457+0000] {spark_submit.py:521} INFO - 25/08/10 07:29:25 INFO TaskSchedulerImpl: Removed TaskSet 0.0 whose tasks have all completed, from pool
[2025-08-10T07:29:25.468+0000] {spark_submit.py:521} INFO - 25/08/10 07:29:25 INFO DAGScheduler: ResultStage 0 (parquet at NativeMethodAccessorImpl.java:0) finished in 4486 ms
[2025-08-10T07:29:25.470+0000] {spark_submit.py:521} INFO - 25/08/10 07:29:25 INFO DAGScheduler: Job 0 is finished. Cancelling potential speculative or zombie tasks for this job
[2025-08-10T07:29:25.471+0000] {spark_submit.py:521} INFO - 25/08/10 07:29:25 INFO TaskSchedulerImpl: Canceling stage 0
[2025-08-10T07:29:25.472+0000] {spark_submit.py:521} INFO - 25/08/10 07:29:25 INFO TaskSchedulerImpl: Killing all running tasks in stage 0: Stage finished
[2025-08-10T07:29:25.474+0000] {spark_submit.py:521} INFO - 25/08/10 07:29:25 INFO DAGScheduler: Job 0 finished: parquet at NativeMethodAccessorImpl.java:0, took 4534.084842 ms
[2025-08-10T07:29:26.258+0000] {spark_submit.py:521} INFO - 25/08/10 07:29:26 INFO MemoryStore: Block broadcast_1 stored as values in memory (estimated size 208.0 B, free 434.2 MiB)
[2025-08-10T07:29:26.269+0000] {spark_submit.py:521} INFO - 25/08/10 07:29:26 INFO MemoryStore: Block broadcast_1_piece0 stored as bytes in memory (estimated size 396.0 B, free 434.2 MiB)
[2025-08-10T07:29:26.270+0000] {spark_submit.py:521} INFO - 25/08/10 07:29:26 INFO SparkContext: Created broadcast 1 from broadcast at NativeMethodAccessorImpl.java:0
[2025-08-10T07:29:27.090+0000] {spark_submit.py:521} INFO - 25/08/10 07:29:27 INFO FileSourceStrategy: Pushed Filters:
[2025-08-10T07:29:27.103+0000] {spark_submit.py:521} INFO - 25/08/10 07:29:27 INFO FileSourceStrategy: Post-Scan Filters: Set()
[2025-08-10T07:29:27.922+0000] {spark_submit.py:521} INFO - 25/08/10 07:29:27 INFO CodeGenerator: Code generated in 446.462217 ms
[2025-08-10T07:29:28.050+0000] {spark_submit.py:521} INFO - 25/08/10 07:29:28 INFO CodeGenerator: Code generated in 47.577701 ms
[2025-08-10T07:29:28.081+0000] {spark_submit.py:521} INFO - 25/08/10 07:29:28 INFO MemoryStore: Block broadcast_2 stored as values in memory (estimated size 219.3 KiB, free 434.2 MiB)
[2025-08-10T07:29:28.092+0000] {spark_submit.py:521} INFO - 25/08/10 07:29:28 INFO MemoryStore: Block broadcast_2_piece0 stored as bytes in memory (estimated size 39.9 KiB, free 434.1 MiB)
[2025-08-10T07:29:28.095+0000] {spark_submit.py:521} INFO - 25/08/10 07:29:28 INFO SparkContext: Created broadcast 2 from showString at NativeMethodAccessorImpl.java:0
[2025-08-10T07:29:28.119+0000] {spark_submit.py:521} INFO - 25/08/10 07:29:28 INFO FileSourceScanExec: Planning scan with bin packing, max size: 4194304 bytes, open cost is considered as scanning 4194304 bytes.
[2025-08-10T07:29:28.191+0000] {spark_submit.py:521} INFO - 25/08/10 07:29:28 INFO SparkContext: Starting job: showString at NativeMethodAccessorImpl.java:0
[2025-08-10T07:29:28.193+0000] {spark_submit.py:521} INFO - 25/08/10 07:29:28 INFO DAGScheduler: Got job 1 (showString at NativeMethodAccessorImpl.java:0) with 1 output partitions
[2025-08-10T07:29:28.193+0000] {spark_submit.py:521} INFO - 25/08/10 07:29:28 INFO DAGScheduler: Final stage: ResultStage 1 (showString at NativeMethodAccessorImpl.java:0)
[2025-08-10T07:29:28.194+0000] {spark_submit.py:521} INFO - 25/08/10 07:29:28 INFO DAGScheduler: Parents of final stage: List()
[2025-08-10T07:29:28.194+0000] {spark_submit.py:521} INFO - 25/08/10 07:29:28 INFO DAGScheduler: Missing parents: List()
[2025-08-10T07:29:28.194+0000] {spark_submit.py:521} INFO - 25/08/10 07:29:28 INFO DAGScheduler: Submitting ResultStage 1 (MapPartitionsRDD[8] at showString at NativeMethodAccessorImpl.java:0), which has no missing parents
[2025-08-10T07:29:28.249+0000] {spark_submit.py:521} INFO - 25/08/10 07:29:28 INFO MemoryStore: Block broadcast_3 stored as values in memory (estimated size 76.5 KiB, free 434.1 MiB)
[2025-08-10T07:29:28.252+0000] {spark_submit.py:521} INFO - 25/08/10 07:29:28 INFO MemoryStore: Block broadcast_3_piece0 stored as bytes in memory (estimated size 27.4 KiB, free 434.0 MiB)
[2025-08-10T07:29:28.254+0000] {spark_submit.py:521} INFO - 25/08/10 07:29:28 INFO SparkContext: Created broadcast 3 from broadcast at DAGScheduler.scala:1676
[2025-08-10T07:29:28.254+0000] {spark_submit.py:521} INFO - 25/08/10 07:29:28 INFO DAGScheduler: Submitting 1 missing tasks from ResultStage 1 (MapPartitionsRDD[8] at showString at NativeMethodAccessorImpl.java:0) (first 15 tasks are for partitions Vector(0))
[2025-08-10T07:29:28.254+0000] {spark_submit.py:521} INFO - 25/08/10 07:29:28 INFO TaskSchedulerImpl: Adding task set 1.0 with 1 tasks resource profile 0
[2025-08-10T07:29:28.257+0000] {spark_submit.py:521} INFO - 25/08/10 07:29:28 INFO TaskSetManager: Starting task 0.0 in stage 1.0 (TID 1) (172.18.0.3,executor 0, partition 0, PROCESS_LOCAL, 10433 bytes)
[2025-08-10T07:29:36.830+0000] {spark_submit.py:521} INFO - 25/08/10 07:29:36 WARN TaskSetManager: Lost task 0.0 in stage 1.0 (TID 1) (172.18.0.3 executor 0): org.apache.spark.SparkArrayIndexOutOfBoundsException: [INVALID_ARRAY_INDEX] The index 1 is out of bounds. The array has 1 elements. Use the SQL function `get()` to tolerate accessing element at invalid index and return NULL instead. SQLSTATE: 22003
[2025-08-10T07:29:36.831+0000] {spark_submit.py:521} INFO - == DataFrame ==
[2025-08-10T07:29:36.832+0000] {spark_submit.py:521} INFO - "__getitem__" was called from
[2025-08-10T07:29:36.832+0000] {spark_submit.py:521} INFO - /opt/spark-jobs/gold_transform.py:28
[2025-08-10T07:29:36.833+0000] {spark_submit.py:521} INFO - 
[2025-08-10T07:29:36.833+0000] {spark_submit.py:521} INFO - at org.apache.spark.sql.errors.QueryExecutionErrors$.invalidArrayIndexError(QueryExecutionErrors.scala:233)
[2025-08-10T07:29:36.833+0000] {spark_submit.py:521} INFO - at org.apache.spark.sql.errors.QueryExecutionErrors.invalidArrayIndexError(QueryExecutionErrors.scala)
[2025-08-10T07:29:36.834+0000] {spark_submit.py:521} INFO - at org.apache.spark.sql.catalyst.expressions.GeneratedClass$GeneratedIteratorForCodegenStage1.processNext(Unknown Source)
[2025-08-10T07:29:36.834+0000] {spark_submit.py:521} INFO - at org.apache.spark.sql.execution.BufferedRowIterator.hasNext(BufferedRowIterator.java:43)
[2025-08-10T07:29:36.834+0000] {spark_submit.py:521} INFO - at org.apache.spark.sql.execution.WholeStageCodegenEvaluatorFactory$WholeStageCodegenPartitionEvaluator$$anon$1.hasNext(WholeStageCodegenEvaluatorFactory.scala:50)
[2025-08-10T07:29:36.834+0000] {spark_submit.py:521} INFO - at scala.collection.Iterator$$anon$9.hasNext(Iterator.scala:583)
[2025-08-10T07:29:36.835+0000] {spark_submit.py:521} INFO - at scala.collection.Iterator$$anon$9.hasNext(Iterator.scala:583)
[2025-08-10T07:29:36.835+0000] {spark_submit.py:521} INFO - at scala.collection.Iterator$$anon$9.hasNext(Iterator.scala:583)
[2025-08-10T07:29:36.835+0000] {spark_submit.py:521} INFO - at scala.collection.Iterator$GroupedIterator.fill(Iterator.scala:263)
[2025-08-10T07:29:36.835+0000] {spark_submit.py:521} INFO - at scala.collection.Iterator$GroupedIterator.hasNext(Iterator.scala:265)
[2025-08-10T07:29:36.835+0000] {spark_submit.py:521} INFO - at scala.collection.Iterator$$anon$9.hasNext(Iterator.scala:583)
[2025-08-10T07:29:36.836+0000] {spark_submit.py:521} INFO - at org.apache.spark.api.python.PythonRDD$.writeNextElementToStream(PythonRDD.scala:333)
[2025-08-10T07:29:36.836+0000] {spark_submit.py:521} INFO - at org.apache.spark.sql.execution.python.BasePythonUDFRunner$$anon$1.writeNextInputToStream(PythonUDFRunner.scala:69)
[2025-08-10T07:29:36.836+0000] {spark_submit.py:521} INFO - at org.apache.spark.api.python.BasePythonRunner$ReaderInputStream.writeAdditionalInputToPythonWorker(PythonRunner.scala:844)
[2025-08-10T07:29:36.836+0000] {spark_submit.py:521} INFO - at org.apache.spark.api.python.BasePythonRunner$ReaderInputStream.read(PythonRunner.scala:767)
[2025-08-10T07:29:36.836+0000] {spark_submit.py:521} INFO - at java.base/java.io.BufferedInputStream.fill(Unknown Source)
[2025-08-10T07:29:36.837+0000] {spark_submit.py:521} INFO - at java.base/java.io.BufferedInputStream.read(Unknown Source)
[2025-08-10T07:29:36.837+0000] {spark_submit.py:521} INFO - at java.base/java.io.DataInputStream.readInt(Unknown Source)
[2025-08-10T07:29:36.837+0000] {spark_submit.py:521} INFO - at org.apache.spark.sql.execution.python.BasePythonUDFRunner$$anon$2.read(PythonUDFRunner.scala:98)
[2025-08-10T07:29:36.838+0000] {spark_submit.py:521} INFO - at org.apache.spark.sql.execution.python.BasePythonUDFRunner$$anon$2.read(PythonUDFRunner.scala:90)
[2025-08-10T07:29:36.838+0000] {spark_submit.py:521} INFO - at org.apache.spark.api.python.BasePythonRunner$ReaderIterator.hasNext(PythonRunner.scala:532)
[2025-08-10T07:29:36.838+0000] {spark_submit.py:521} INFO - at org.apache.spark.InterruptibleIterator.hasNext(InterruptibleIterator.scala:37)
[2025-08-10T07:29:36.838+0000] {spark_submit.py:521} INFO - at scala.collection.Iterator$$anon$10.hasNext(Iterator.scala:601)
[2025-08-10T07:29:36.839+0000] {spark_submit.py:521} INFO - at scala.collection.Iterator$$anon$9.hasNext(Iterator.scala:583)
[2025-08-10T07:29:36.839+0000] {spark_submit.py:521} INFO - at scala.collection.Iterator$$anon$9.hasNext(Iterator.scala:583)
[2025-08-10T07:29:36.839+0000] {spark_submit.py:521} INFO - at org.apache.spark.sql.catalyst.expressions.GeneratedClass$GeneratedIteratorForCodegenStage2.processNext(Unknown Source)
[2025-08-10T07:29:36.839+0000] {spark_submit.py:521} INFO - at org.apache.spark.sql.execution.BufferedRowIterator.hasNext(BufferedRowIterator.java:43)
[2025-08-10T07:29:36.840+0000] {spark_submit.py:521} INFO - at org.apache.spark.sql.execution.WholeStageCodegenEvaluatorFactory$WholeStageCodegenPartitionEvaluator$$anon$1.hasNext(WholeStageCodegenEvaluatorFactory.scala:50)
[2025-08-10T07:29:36.840+0000] {spark_submit.py:521} INFO - at org.apache.spark.sql.execution.SparkPlan.$anonfun$getByteArrayRdd$1(SparkPlan.scala:402)
[2025-08-10T07:29:36.840+0000] {spark_submit.py:521} INFO - at org.apache.spark.rdd.RDD.$anonfun$mapPartitionsInternal$2(RDD.scala:901)
[2025-08-10T07:29:36.841+0000] {spark_submit.py:521} INFO - at org.apache.spark.rdd.RDD.$anonfun$mapPartitionsInternal$2$adapted(RDD.scala:901)
[2025-08-10T07:29:36.841+0000] {spark_submit.py:521} INFO - at org.apache.spark.rdd.MapPartitionsRDD.compute(MapPartitionsRDD.scala:52)
[2025-08-10T07:29:36.841+0000] {spark_submit.py:521} INFO - at org.apache.spark.rdd.RDD.computeOrReadCheckpoint(RDD.scala:374)
[2025-08-10T07:29:36.842+0000] {spark_submit.py:521} INFO - at org.apache.spark.rdd.RDD.iterator(RDD.scala:338)
[2025-08-10T07:29:36.842+0000] {spark_submit.py:521} INFO - at org.apache.spark.scheduler.ResultTask.runTask(ResultTask.scala:93)
[2025-08-10T07:29:36.842+0000] {spark_submit.py:521} INFO - at org.apache.spark.TaskContext.runTaskWithListeners(TaskContext.scala:171)
[2025-08-10T07:29:36.842+0000] {spark_submit.py:521} INFO - at org.apache.spark.scheduler.Task.run(Task.scala:147)
[2025-08-10T07:29:36.843+0000] {spark_submit.py:521} INFO - at org.apache.spark.executor.Executor$TaskRunner.$anonfun$run$5(Executor.scala:647)
[2025-08-10T07:29:36.843+0000] {spark_submit.py:521} INFO - at org.apache.spark.util.SparkErrorUtils.tryWithSafeFinally(SparkErrorUtils.scala:80)
[2025-08-10T07:29:36.843+0000] {spark_submit.py:521} INFO - at org.apache.spark.util.SparkErrorUtils.tryWithSafeFinally$(SparkErrorUtils.scala:77)
[2025-08-10T07:29:36.844+0000] {spark_submit.py:521} INFO - at org.apache.spark.util.Utils$.tryWithSafeFinally(Utils.scala:99)
[2025-08-10T07:29:36.844+0000] {spark_submit.py:521} INFO - at org.apache.spark.executor.Executor$TaskRunner.run(Executor.scala:650)
[2025-08-10T07:29:36.844+0000] {spark_submit.py:521} INFO - at java.base/java.util.concurrent.ThreadPoolExecutor.runWorker(Unknown Source)
[2025-08-10T07:29:36.844+0000] {spark_submit.py:521} INFO - at java.base/java.util.concurrent.ThreadPoolExecutor$Worker.run(Unknown Source)
[2025-08-10T07:29:36.845+0000] {spark_submit.py:521} INFO - at java.base/java.lang.Thread.run(Unknown Source)
[2025-08-10T07:29:36.845+0000] {spark_submit.py:521} INFO - 
[2025-08-10T07:29:36.845+0000] {spark_submit.py:521} INFO - 25/08/10 07:29:36 INFO TaskSetManager: Starting task 0.1 in stage 1.0 (TID 2) (172.18.0.3,executor 0, partition 0, PROCESS_LOCAL, 10433 bytes)
[2025-08-10T07:29:38.002+0000] {spark_submit.py:521} INFO - 25/08/10 07:29:38 INFO TaskSetManager: Lost task 0.1 in stage 1.0 (TID 2) on 172.18.0.3, executor 0: org.apache.spark.SparkArrayIndexOutOfBoundsException ([INVALID_ARRAY_INDEX] The index 1 is out of bounds. The array has 1 elements. Use the SQL function `get()` to tolerate accessing element at invalid index and return NULL instead. SQLSTATE: 22003
[2025-08-10T07:29:38.003+0000] {spark_submit.py:521} INFO - == DataFrame ==
[2025-08-10T07:29:38.004+0000] {spark_submit.py:521} INFO - "__getitem__" was called from
[2025-08-10T07:29:38.004+0000] {spark_submit.py:521} INFO - /opt/spark-jobs/gold_transform.py:28
[2025-08-10T07:29:38.004+0000] {spark_submit.py:521} INFO - ) [duplicate 1]
[2025-08-10T07:29:38.005+0000] {spark_submit.py:521} INFO - 25/08/10 07:29:38 INFO TaskSetManager: Starting task 0.2 in stage 1.0 (TID 3) (172.18.0.3,executor 0, partition 0, PROCESS_LOCAL, 10433 bytes)
[2025-08-10T07:29:39.145+0000] {spark_submit.py:521} INFO - 25/08/10 07:29:39 INFO TaskSetManager: Lost task 0.2 in stage 1.0 (TID 3) on 172.18.0.3, executor 0: org.apache.spark.SparkArrayIndexOutOfBoundsException ([INVALID_ARRAY_INDEX] The index 1 is out of bounds. The array has 1 elements. Use the SQL function `get()` to tolerate accessing element at invalid index and return NULL instead. SQLSTATE: 22003
[2025-08-10T07:29:39.146+0000] {spark_submit.py:521} INFO - == DataFrame ==
[2025-08-10T07:29:39.147+0000] {spark_submit.py:521} INFO - "__getitem__" was called from
[2025-08-10T07:29:39.147+0000] {spark_submit.py:521} INFO - /opt/spark-jobs/gold_transform.py:28
[2025-08-10T07:29:39.147+0000] {spark_submit.py:521} INFO - ) [duplicate 2]
[2025-08-10T07:29:39.148+0000] {spark_submit.py:521} INFO - 25/08/10 07:29:39 INFO TaskSetManager: Starting task 0.3 in stage 1.0 (TID 4) (172.18.0.3,executor 0, partition 0, PROCESS_LOCAL, 10433 bytes)
[2025-08-10T07:29:40.288+0000] {spark_submit.py:521} INFO - 25/08/10 07:29:40 INFO TaskSetManager: Lost task 0.3 in stage 1.0 (TID 4) on 172.18.0.3, executor 0: org.apache.spark.SparkArrayIndexOutOfBoundsException ([INVALID_ARRAY_INDEX] The index 1 is out of bounds. The array has 1 elements. Use the SQL function `get()` to tolerate accessing element at invalid index and return NULL instead. SQLSTATE: 22003
[2025-08-10T07:29:40.288+0000] {spark_submit.py:521} INFO - == DataFrame ==
[2025-08-10T07:29:40.289+0000] {spark_submit.py:521} INFO - "__getitem__" was called from
[2025-08-10T07:29:40.289+0000] {spark_submit.py:521} INFO - /opt/spark-jobs/gold_transform.py:28
[2025-08-10T07:29:40.289+0000] {spark_submit.py:521} INFO - ) [duplicate 3]
[2025-08-10T07:29:40.290+0000] {spark_submit.py:521} INFO - 25/08/10 07:29:40 ERROR TaskSetManager: Task 0 in stage 1.0 failed 4 times; aborting job
[2025-08-10T07:29:40.291+0000] {spark_submit.py:521} INFO - 25/08/10 07:29:40 INFO TaskSchedulerImpl: Removed TaskSet 1.0 whose tasks have all completed, from pool
[2025-08-10T07:29:40.294+0000] {spark_submit.py:521} INFO - 25/08/10 07:29:40 INFO TaskSchedulerImpl: Canceling stage 1
[2025-08-10T07:29:40.295+0000] {spark_submit.py:521} INFO - 25/08/10 07:29:40 INFO TaskSchedulerImpl: Killing all running tasks in stage 1: [INVALID_ARRAY_INDEX] The index 1 is out of bounds. The array has 1 elements. Use the SQL function `get()` to tolerate accessing element at invalid index and return NULL instead. SQLSTATE: 22003
[2025-08-10T07:29:40.295+0000] {spark_submit.py:521} INFO - == DataFrame ==
[2025-08-10T07:29:40.296+0000] {spark_submit.py:521} INFO - "__getitem__" was called from
[2025-08-10T07:29:40.296+0000] {spark_submit.py:521} INFO - /opt/spark-jobs/gold_transform.py:28
[2025-08-10T07:29:40.296+0000] {spark_submit.py:521} INFO - 
[2025-08-10T07:29:40.296+0000] {spark_submit.py:521} INFO - 25/08/10 07:29:40 INFO DAGScheduler: ResultStage 1 (showString at NativeMethodAccessorImpl.java:0) failed in 12099 ms due to [INVALID_ARRAY_INDEX] The index 1 is out of bounds. The array has 1 elements. Use the SQL function `get()` to tolerate accessing element at invalid index and return NULL instead. SQLSTATE: 22003
[2025-08-10T07:29:40.297+0000] {spark_submit.py:521} INFO - == DataFrame ==
[2025-08-10T07:29:40.297+0000] {spark_submit.py:521} INFO - "__getitem__" was called from
[2025-08-10T07:29:40.297+0000] {spark_submit.py:521} INFO - /opt/spark-jobs/gold_transform.py:28
[2025-08-10T07:29:40.298+0000] {spark_submit.py:521} INFO - 
[2025-08-10T07:29:40.299+0000] {spark_submit.py:521} INFO - 25/08/10 07:29:40 INFO DAGScheduler: Job 1 failed: showString at NativeMethodAccessorImpl.java:0, took 12104.64503 ms
[2025-08-10T07:29:40.335+0000] {spark_submit.py:521} INFO - {"ts": "2025-08-10 07:29:40.328", "level": "ERROR", "logger": "DataFrameQueryContextLogger", "msg": "[INVALID_ARRAY_INDEX] The index 1 is out of bounds. The array has 1 elements. Use the SQL function `get()` to tolerate accessing element at invalid index and return NULL instead. SQLSTATE: 22003", "context": {"file": "/opt/spark-jobs/gold_transform.py", "line": "28", "fragment": "__getitem__", "errorClass": "INVALID_ARRAY_INDEX"}, "exception": {"class": "Py4JJavaError", "msg": "An error occurred while calling o218.showString.\n: org.apache.spark.SparkArrayIndexOutOfBoundsException: [INVALID_ARRAY_INDEX] The index 1 is out of bounds. The array has 1 elements. Use the SQL function `get()` to tolerate accessing element at invalid index and return NULL instead. SQLSTATE: 22003\n== DataFrame ==\n\"__getitem__\" was called from\n/opt/spark-jobs/gold_transform.py:28\n\n\tat org.apache.spark.sql.errors.QueryExecutionErrors$.invalidArrayIndexError(QueryExecutionErrors.scala:233)\n\tat org.apache.spark.sql.errors.QueryExecutionErrors.invalidArrayIndexError(QueryExecutionErrors.scala)\n\tat org.apache.spark.sql.catalyst.expressions.GeneratedClass$GeneratedIteratorForCodegenStage1.processNext(Unknown Source)\n\tat org.apache.spark.sql.execution.BufferedRowIterator.hasNext(BufferedRowIterator.java:43)\n\tat org.apache.spark.sql.execution.WholeStageCodegenEvaluatorFactory$WholeStageCodegenPartitionEvaluator$$anon$1.hasNext(WholeStageCodegenEvaluatorFactory.scala:50)\n\tat scala.collection.Iterator$$anon$9.hasNext(Iterator.scala:583)\n\tat scala.collection.Iterator$$anon$9.hasNext(Iterator.scala:583)\n\tat scala.collection.Iterator$$anon$9.hasNext(Iterator.scala:583)\n\tat scala.collection.Iterator$GroupedIterator.fill(Iterator.scala:263)\n\tat scala.collection.Iterator$GroupedIterator.hasNext(Iterator.scala:265)\n\tat scala.collection.Iterator$$anon$9.hasNext(Iterator.scala:583)\n\tat org.apache.spark.api.python.PythonRDD$.writeNextElementToStream(PythonRDD.scala:333)\n\tat org.apache.spark.sql.execution.python.BasePythonUDFRunner$$anon$1.writeNextInputToStream(PythonUDFRunner.scala:69)\n\tat org.apache.spark.api.python.BasePythonRunner$ReaderInputStream.writeAdditionalInputToPythonWorker(PythonRunner.scala:844)\n\tat org.apache.spark.api.python.BasePythonRunner$ReaderInputStream.read(PythonRunner.scala:767)\n\tat java.base/java.io.BufferedInputStream.fill(Unknown Source)\n\tat java.base/java.io.BufferedInputStream.read(Unknown Source)\n\tat java.base/java.io.DataInputStream.readInt(Unknown Source)\n\tat org.apache.spark.sql.execution.python.BasePythonUDFRunner$$anon$2.read(PythonUDFRunner.scala:98)\n\tat org.apache.spark.sql.execution.python.BasePythonUDFRunner$$anon$2.read(PythonUDFRunner.scala:90)\n\tat org.apache.spark.api.python.BasePythonRunner$ReaderIterator.hasNext(PythonRunner.scala:532)\n\tat org.apache.spark.InterruptibleIterator.hasNext(InterruptibleIterator.scala:37)\n\tat scala.collection.Iterator$$anon$10.hasNext(Iterator.scala:601)\n\tat scala.collection.Iterator$$anon$9.hasNext(Iterator.scala:583)\n\tat scala.collection.Iterator$$anon$9.hasNext(Iterator.scala:583)\n\tat org.apache.spark.sql.catalyst.expressions.GeneratedClass$GeneratedIteratorForCodegenStage2.processNext(Unknown Source)\n\tat org.apache.spark.sql.execution.BufferedRowIterator.hasNext(BufferedRowIterator.java:43)\n\tat org.apache.spark.sql.execution.WholeStageCodegenEvaluatorFactory$WholeStageCodegenPartitionEvaluator$$anon$1.hasNext(WholeStageCodegenEvaluatorFactory.scala:50)\n\tat org.apache.spark.sql.execution.SparkPlan.$anonfun$getByteArrayRdd$1(SparkPlan.scala:402)\n\tat org.apache.spark.rdd.RDD.$anonfun$mapPartitionsInternal$2(RDD.scala:901)\n\tat org.apache.spark.rdd.RDD.$anonfun$mapPartitionsInternal$2$adapted(RDD.scala:901)\n\tat org.apache.spark.rdd.MapPartitionsRDD.compute(MapPartitionsRDD.scala:52)\n\tat org.apache.spark.rdd.RDD.computeOrReadCheckpoint(RDD.scala:374)\n\tat org.apache.spark.rdd.RDD.iterator(RDD.scala:338)\n\tat org.apache.spark.scheduler.ResultTask.runTask(ResultTask.scala:93)\n\tat org.apache.spark.TaskContext.runTaskWithListeners(TaskContext.scala:171)\n\tat org.apache.spark.scheduler.Task.run(Task.scala:147)\n\tat org.apache.spark.executor.Executor$TaskRunner.$anonfun$run$5(Executor.scala:647)\n\tat org.apache.spark.util.SparkErrorUtils.tryWithSafeFinally(SparkErrorUtils.scala:80)\n\tat org.apache.spark.util.SparkErrorUtils.tryWithSafeFinally$(SparkErrorUtils.scala:77)\n\tat org.apache.spark.util.Utils$.tryWithSafeFinally(Utils.scala:99)\n\tat org.apache.spark.executor.Executor$TaskRunner.run(Executor.scala:650)\n\tat java.base/java.util.concurrent.ThreadPoolExecutor.runWorker(Unknown Source)\n\tat java.base/java.util.concurrent.ThreadPoolExecutor$Worker.run(Unknown Source)\n\tat java.base/java.lang.Thread.run(Unknown Source)\n\tat org.apache.spark.scheduler.DAGScheduler.runJob(DAGScheduler.scala:1009)\n\tat org.apache.spark.SparkContext.runJob(SparkContext.scala:2484)\n\tat org.apache.spark.SparkContext.runJob(SparkContext.scala:2505)\n\tat org.apache.spark.SparkContext.runJob(SparkContext.scala:2524)\n\tat org.apache.spark.sql.execution.SparkPlan.executeTake(SparkPlan.scala:544)\n\tat org.apache.spark.sql.execution.SparkPlan.executeTake(SparkPlan.scala:497)\n\tat org.apache.spark.sql.execution.CollectLimitExec.executeCollect(limit.scala:58)\n\tat org.apache.spark.sql.classic.Dataset.collectFromPlan(Dataset.scala:2244)\n\tat org.apache.spark.sql.classic.Dataset.$anonfun$head$1(Dataset.scala:1379)\n\tat org.apache.spark.sql.classic.Dataset.$anonfun$withAction$2(Dataset.scala:2234)\n\tat org.apache.spark.sql.execution.QueryExecution$.withInternalError(QueryExecution.scala:654)\n\tat org.apache.spark.sql.classic.Dataset.$anonfun$withAction$1(Dataset.scala:2232)\n\tat org.apache.spark.sql.execution.SQLExecution$.$anonfun$withNewExecutionId0$8(SQLExecution.scala:162)\n\tat org.apache.spark.sql.execution.SQLExecution$.withSessionTagsApplied(SQLExecution.scala:268)\n\tat org.apache.spark.sql.execution.SQLExecution$.$anonfun$withNewExecutionId0$7(SQLExecution.scala:124)\n\tat org.apache.spark.JobArtifactSet$.withActiveJobArtifactState(JobArtifactSet.scala:94)\n\tat org.apache.spark.sql.artifact.ArtifactManager.$anonfun$withResources$1(ArtifactManager.scala:112)\n\tat org.apache.spark.sql.artifact.ArtifactManager.withClassLoaderIfNeeded(ArtifactManager.scala:106)\n\tat org.apache.spark.sql.artifact.ArtifactManager.withResources(ArtifactManager.scala:111)\n\tat org.apache.spark.sql.execution.SQLExecution$.$anonfun$withNewExecutionId0$6(SQLExecution.scala:124)\n\tat org.apache.spark.sql.execution.SQLExecution$.withSQLConfPropagated(SQLExecution.scala:291)\n\tat org.apache.spark.sql.execution.SQLExecution$.$anonfun$withNewExecutionId0$1(SQLExecution.scala:123)\n\tat org.apache.spark.sql.SparkSession.withActive(SparkSession.scala:804)\n\tat org.apache.spark.sql.execution.SQLExecution$.withNewExecutionId0(SQLExecution.scala:77)\n\tat org.apache.spark.sql.execution.SQLExecution$.withNewExecutionId(SQLExecution.scala:233)\n\tat org.apache.spark.sql.classic.Dataset.withAction(Dataset.scala:2232)\n\tat org.apache.spark.sql.classic.Dataset.head(Dataset.scala:1379)\n\tat org.apache.spark.sql.Dataset.take(Dataset.scala:2810)\n\tat org.apache.spark.sql.classic.Dataset.getRows(Dataset.scala:339)\n\tat org.apache.spark.sql.classic.Dataset.showString(Dataset.scala:375)\n\tat java.base/jdk.internal.reflect.NativeMethodAccessorImpl.invoke0(Native Method)\n\tat java.base/jdk.internal.reflect.NativeMethodAccessorImpl.invoke(NativeMethodAccessorImpl.java:77)\n\tat java.base/jdk.internal.reflect.DelegatingMethodAccessorImpl.invoke(DelegatingMethodAccessorImpl.java:43)\n\tat java.base/java.lang.reflect.Method.invoke(Method.java:569)\n\tat py4j.reflection.MethodInvoker.invoke(MethodInvoker.java:244)\n\tat py4j.reflection.ReflectionEngine.invoke(ReflectionEngine.java:374)\n\tat py4j.Gateway.invoke(Gateway.java:282)\n\tat py4j.commands.AbstractCommand.invokeMethod(AbstractCommand.java:132)\n\tat py4j.commands.CallCommand.execute(CallCommand.java:79)\n\tat py4j.ClientServerConnection.waitForCommands(ClientServerConnection.java:184)\n\tat py4j.ClientServerConnection.run(ClientServerConnection.java:108)\n\tat java.base/java.lang.Thread.run(Thread.java:840)\n", "stacktrace": [{"class": null, "method": "deco", "file": "/home/***/.local/lib/python3.11/site-packages/pyspark/python/lib/pyspark.zip/pyspark/errors/exceptions/captured.py", "line": "282"}, {"class": null, "method": "get_return_value", "file": "/home/***/.local/lib/python3.11/site-packages/pyspark/python/lib/py4j-0.10.9.9-src.zip/py4j/protocol.py", "line": "327"}]}}
[2025-08-10T07:29:40.336+0000] {spark_submit.py:521} INFO - Traceback (most recent call last):
[2025-08-10T07:29:40.336+0000] {spark_submit.py:521} INFO - File "/opt/spark-jobs/gold_transform.py", line 90, in <module>
[2025-08-10T07:29:40.338+0000] {spark_submit.py:521} INFO - df_silver.show()
[2025-08-10T07:29:40.338+0000] {spark_submit.py:521} INFO - File "/home/***/.local/lib/python3.11/site-packages/pyspark/python/lib/pyspark.zip/pyspark/sql/classic/dataframe.py", line 285, in show
[2025-08-10T07:29:40.342+0000] {spark_submit.py:521} INFO - File "/home/***/.local/lib/python3.11/site-packages/pyspark/python/lib/pyspark.zip/pyspark/sql/classic/dataframe.py", line 303, in _show_string
[2025-08-10T07:29:40.342+0000] {spark_submit.py:521} INFO - File "/home/***/.local/lib/python3.11/site-packages/pyspark/python/lib/py4j-0.10.9.9-src.zip/py4j/java_gateway.py", line 1362, in __call__
[2025-08-10T07:29:40.343+0000] {spark_submit.py:521} INFO - File "/home/***/.local/lib/python3.11/site-packages/pyspark/python/lib/pyspark.zip/pyspark/errors/exceptions/captured.py", line 288, in deco
[2025-08-10T07:29:40.347+0000] {spark_submit.py:521} INFO - pyspark.errors.exceptions.captured.ArrayIndexOutOfBoundsException: [INVALID_ARRAY_INDEX] The index 1 is out of bounds. The array has 1 elements. Use the SQL function `get()` to tolerate accessing element at invalid index and return NULL instead. SQLSTATE: 22003
[2025-08-10T07:29:40.348+0000] {spark_submit.py:521} INFO - == DataFrame ==
[2025-08-10T07:29:40.348+0000] {spark_submit.py:521} INFO - "__getitem__" was called from
[2025-08-10T07:29:40.348+0000] {spark_submit.py:521} INFO - /opt/spark-jobs/gold_transform.py:28
[2025-08-10T07:29:40.348+0000] {spark_submit.py:521} INFO - 
[2025-08-10T07:29:40.755+0000] {spark_submit.py:521} INFO - 25/08/10 07:29:40 INFO SparkContext: Invoking stop() from shutdown hook
[2025-08-10T07:29:40.758+0000] {spark_submit.py:521} INFO - 25/08/10 07:29:40 INFO SparkContext: SparkContext is stopping with exitCode 0 from run at Executors.java:539.
[2025-08-10T07:29:40.773+0000] {spark_submit.py:521} INFO - 25/08/10 07:29:40 INFO SparkUI: Stopped Spark web UI at http://12ff19608307:4040
[2025-08-10T07:29:40.777+0000] {spark_submit.py:521} INFO - 25/08/10 07:29:40 INFO StandaloneSchedulerBackend: Shutting down all executors
[2025-08-10T07:29:40.777+0000] {spark_submit.py:521} INFO - 25/08/10 07:29:40 INFO StandaloneSchedulerBackend$StandaloneDriverEndpoint: Asking each executor to shut down
[2025-08-10T07:29:40.802+0000] {spark_submit.py:521} INFO - 25/08/10 07:29:40 INFO MapOutputTrackerMasterEndpoint: MapOutputTrackerMasterEndpoint stopped!
[2025-08-10T07:29:40.861+0000] {spark_submit.py:521} INFO - 25/08/10 07:29:40 INFO MemoryStore: MemoryStore cleared
[2025-08-10T07:29:40.862+0000] {spark_submit.py:521} INFO - 25/08/10 07:29:40 INFO BlockManager: BlockManager stopped
[2025-08-10T07:29:40.869+0000] {spark_submit.py:521} INFO - 25/08/10 07:29:40 INFO BlockManagerMaster: BlockManagerMaster stopped
[2025-08-10T07:29:40.876+0000] {spark_submit.py:521} INFO - 25/08/10 07:29:40 INFO OutputCommitCoordinator$OutputCommitCoordinatorEndpoint: OutputCommitCoordinator stopped!
[2025-08-10T07:29:40.895+0000] {spark_submit.py:521} INFO - 25/08/10 07:29:40 INFO SparkContext: Successfully stopped SparkContext
[2025-08-10T07:29:40.896+0000] {spark_submit.py:521} INFO - 25/08/10 07:29:40 INFO ShutdownHookManager: Shutdown hook called
[2025-08-10T07:29:40.897+0000] {spark_submit.py:521} INFO - 25/08/10 07:29:40 INFO ShutdownHookManager: Deleting directory /opt/***/artifacts/spark-13e7e00c-be74-4505-a50d-c051e470a39f
[2025-08-10T07:29:40.906+0000] {spark_submit.py:521} INFO - 25/08/10 07:29:40 INFO ShutdownHookManager: Deleting directory /tmp/spark-fd5c8f0b-5aac-430f-88d4-567ad15ff591
[2025-08-10T07:29:40.919+0000] {spark_submit.py:521} INFO - 25/08/10 07:29:40 INFO ShutdownHookManager: Deleting directory /tmp/spark-fd9ee9cb-2fc3-46da-abac-f91f69ee9991
[2025-08-10T07:29:40.938+0000] {spark_submit.py:521} INFO - 25/08/10 07:29:40 INFO ShutdownHookManager: Deleting directory /tmp/spark-fd5c8f0b-5aac-430f-88d4-567ad15ff591/pyspark-6f30827b-ecdf-4a49-a361-cca037bd8242
[2025-08-10T07:29:41.053+0000] {taskinstance.py:441} INFO - ::group::Post task execution logs
[2025-08-10T07:29:41.174+0000] {taskinstance.py:2905} ERROR - Task failed with exception
Traceback (most recent call last):
  File "/home/airflow/.local/lib/python3.11/site-packages/airflow/models/taskinstance.py", line 465, in _execute_task
    result = _execute_callable(context=context, **execute_callable_kwargs)
             ^^^^^^^^^^^^^^^^^^^^^^^^^^^^^^^^^^^^^^^^^^^^^^^^^^^^^^^^^^^^^
  File "/home/airflow/.local/lib/python3.11/site-packages/airflow/models/taskinstance.py", line 432, in _execute_callable
    return execute_callable(context=context, **execute_callable_kwargs)
           ^^^^^^^^^^^^^^^^^^^^^^^^^^^^^^^^^^^^^^^^^^^^^^^^^^^^^^^^^^^^
  File "/home/airflow/.local/lib/python3.11/site-packages/airflow/models/baseoperator.py", line 400, in wrapper
    return func(self, *args, **kwargs)
           ^^^^^^^^^^^^^^^^^^^^^^^^^^^
  File "/home/airflow/.local/lib/python3.11/site-packages/airflow/providers/apache/spark/operators/spark_submit.py", line 156, in execute
    self._hook.submit(self._application)
  File "/home/airflow/.local/lib/python3.11/site-packages/airflow/providers/apache/spark/hooks/spark_submit.py", line 452, in submit
    raise AirflowException(
airflow.exceptions.AirflowException: Cannot execute: spark-submit --master spark://spark-master:7077 --conf spark.master=spark://spark-master:7077 --conf spark.driver.extraClassPath=/opt/custom-jars/* --conf spark.executor.extraClassPath=/opt/custom-jars/* --conf spark.hadoop.fs.gs.impl=com.google.cloud.hadoop.fs.gcs.GoogleHadoopFileSystem --conf spark.hadoop.fs.AbstractFileSystem.gs.impl=com.google.cloud.hadoop.fs.gcs.GoogleHadoopFS --conf spark.hadoop.google.cloud.auth.service.account.enable=true --conf spark.hadoop.google.cloud.auth.service.account.json.keyfile=/opt/***/gcp-key.json --jars /opt/custom-jars/gcs-connector-hadoop3-2.2.14-shaded.jar --name arrow-spark --verbose /opt/spark-jobs/gold_transform.py. Error code is: 1.
[2025-08-10T07:29:41.210+0000] {taskinstance.py:1206} INFO - Marking task as FAILED. dag_id=spark_transform_topcv, task_id=submit_spark_job, run_id=manual__2025-08-10T07:28:58.632139+00:00, execution_date=20250810T072858, start_date=20250810T072903, end_date=20250810T072941
[2025-08-10T07:29:41.296+0000] {standard_task_runner.py:110} ERROR - Failed to execute job 107 for task submit_spark_job (Cannot execute: spark-submit --master spark://spark-master:7077 --conf spark.master=spark://spark-master:7077 --conf spark.driver.extraClassPath=/opt/custom-jars/* --conf spark.executor.extraClassPath=/opt/custom-jars/* --conf spark.hadoop.fs.gs.impl=com.google.cloud.hadoop.fs.gcs.GoogleHadoopFileSystem --conf spark.hadoop.fs.AbstractFileSystem.gs.impl=com.google.cloud.hadoop.fs.gcs.GoogleHadoopFS --conf spark.hadoop.google.cloud.auth.service.account.enable=true --conf spark.hadoop.google.cloud.auth.service.account.json.keyfile=/opt/***/gcp-key.json --jars /opt/custom-jars/gcs-connector-hadoop3-2.2.14-shaded.jar --name arrow-spark --verbose /opt/spark-jobs/gold_transform.py. Error code is: 1.; 280)
[2025-08-10T07:29:41.332+0000] {local_task_job_runner.py:240} INFO - Task exited with return code 1
[2025-08-10T07:29:41.430+0000] {taskinstance.py:3498} INFO - 0 downstream tasks scheduled from follow-on schedule check
[2025-08-10T07:29:41.433+0000] {local_task_job_runner.py:222} INFO - ::endgroup::
