[2025-08-06T10:43:22.031+0000] {local_task_job_runner.py:120} INFO - ::group::Pre task execution logs
[2025-08-06T10:43:22.070+0000] {taskinstance.py:2076} INFO - Dependencies all met for dep_context=non-requeueable deps ti=<TaskInstance: spark_gold_transform_dag.submit_spark_job manual__2025-08-06T10:43:18.121899+00:00 [queued]>
[2025-08-06T10:43:22.077+0000] {taskinstance.py:2076} INFO - Dependencies all met for dep_context=requeueable deps ti=<TaskInstance: spark_gold_transform_dag.submit_spark_job manual__2025-08-06T10:43:18.121899+00:00 [queued]>
[2025-08-06T10:43:22.077+0000] {taskinstance.py:2306} INFO - Starting attempt 1 of 1
[2025-08-06T10:43:22.089+0000] {taskinstance.py:2330} INFO - Executing <Task(SparkSubmitOperator): submit_spark_job> on 2025-08-06 10:43:18.121899+00:00
[2025-08-06T10:43:22.094+0000] {standard_task_runner.py:63} INFO - Started process 44 to run task
[2025-08-06T10:43:22.100+0000] {standard_task_runner.py:90} INFO - Running: ['***', 'tasks', 'run', 'spark_gold_transform_dag', 'submit_spark_job', 'manual__2025-08-06T10:43:18.121899+00:00', '--job-id', '19', '--raw', '--subdir', 'DAGS_FOLDER/etl_jobs_dag.py', '--cfg-path', '/tmp/tmp5sj11lg2']
[2025-08-06T10:43:22.107+0000] {standard_task_runner.py:91} INFO - Job 19: Subtask submit_spark_job
[2025-08-06T10:43:22.271+0000] {task_command.py:426} INFO - Running <TaskInstance: spark_gold_transform_dag.submit_spark_job manual__2025-08-06T10:43:18.121899+00:00 [running]> on host f6daf7b6d686
[2025-08-06T10:43:22.435+0000] {taskinstance.py:2648} INFO - Exporting env vars: AIRFLOW_CTX_DAG_OWNER='***' AIRFLOW_CTX_DAG_ID='spark_gold_transform_dag' AIRFLOW_CTX_TASK_ID='submit_spark_job' AIRFLOW_CTX_EXECUTION_DATE='2025-08-06T10:43:18.121899+00:00' AIRFLOW_CTX_TRY_NUMBER='1' AIRFLOW_CTX_DAG_RUN_ID='manual__2025-08-06T10:43:18.121899+00:00'
[2025-08-06T10:43:22.451+0000] {taskinstance.py:430} INFO - ::endgroup::
[2025-08-06T10:43:22.501+0000] {base.py:84} INFO - Using connection ID 'spark_default' for task execution.
[2025-08-06T10:43:22.503+0000] {spark_submit.py:351} INFO - Spark-Submit cmd: spark-submit --master spark://spark-master:7077 --conf spark.master=spark://spark-master:7077 --conf spark.submit.deployMode=client --conf spark.hadoop.fs.s3a.endpoint=http://minio:9000 --conf spark.hadoop.fs.s3a.access.key=minioadmin --conf spark.hadoop.fs.s3a.secret.key=****** --conf spark.hadoop.fs.s3a.path.style.access=true --conf spark.hadoop.fs.s3a.connection.ssl.enabled=false --jars /opt/custom-jars/hadoop-aws-3.3.6.jar,/opt/custom-jars/aws-java-sdk-bundle-1.12.367.jar --name arrow-spark --verbose /opt/spark-jobs/gold_transform.py
[2025-08-06T10:43:23.517+0000] {spark_submit.py:521} INFO - WARNING: Using incubator modules: jdk.incubator.vector
[2025-08-06T10:43:25.439+0000] {spark_submit.py:521} INFO - Parsed arguments:
[2025-08-06T10:43:25.440+0000] {spark_submit.py:521} INFO - master                  spark://spark-master:7077
[2025-08-06T10:43:25.440+0000] {spark_submit.py:521} INFO - remote                  null
[2025-08-06T10:43:25.440+0000] {spark_submit.py:521} INFO - deployMode              client
[2025-08-06T10:43:25.441+0000] {spark_submit.py:521} INFO - executorMemory          null
[2025-08-06T10:43:25.441+0000] {spark_submit.py:521} INFO - executorCores           null
[2025-08-06T10:43:25.441+0000] {spark_submit.py:521} INFO - totalExecutorCores      null
[2025-08-06T10:43:25.442+0000] {spark_submit.py:521} INFO - propertiesFile          null
[2025-08-06T10:43:25.442+0000] {spark_submit.py:521} INFO - driverMemory            null
[2025-08-06T10:43:25.442+0000] {spark_submit.py:521} INFO - driverCores             null
[2025-08-06T10:43:25.442+0000] {spark_submit.py:521} INFO - driverExtraClassPath    null
[2025-08-06T10:43:25.442+0000] {spark_submit.py:521} INFO - driverExtraLibraryPath  null
[2025-08-06T10:43:25.443+0000] {spark_submit.py:521} INFO - driverExtraJavaOptions  null
[2025-08-06T10:43:25.443+0000] {spark_submit.py:521} INFO - supervise               false
[2025-08-06T10:43:25.443+0000] {spark_submit.py:521} INFO - queue                   null
[2025-08-06T10:43:25.443+0000] {spark_submit.py:521} INFO - numExecutors            null
[2025-08-06T10:43:25.444+0000] {spark_submit.py:521} INFO - files                   null
[2025-08-06T10:43:25.444+0000] {spark_submit.py:521} INFO - pyFiles                 null
[2025-08-06T10:43:25.444+0000] {spark_submit.py:521} INFO - archives                null
[2025-08-06T10:43:25.444+0000] {spark_submit.py:521} INFO - mainClass               null
[2025-08-06T10:43:25.445+0000] {spark_submit.py:521} INFO - primaryResource         file:/opt/spark-jobs/gold_transform.py
[2025-08-06T10:43:25.445+0000] {spark_submit.py:521} INFO - name                    arrow-spark
[2025-08-06T10:43:25.445+0000] {spark_submit.py:521} INFO - childArgs               []
[2025-08-06T10:43:25.445+0000] {spark_submit.py:521} INFO - jars                    file:/opt/custom-jars/hadoop-aws-3.3.6.jar,file:/opt/custom-jars/aws-java-sdk-bundle-1.12.367.jar
[2025-08-06T10:43:25.445+0000] {spark_submit.py:521} INFO - packages                null
[2025-08-06T10:43:25.446+0000] {spark_submit.py:521} INFO - packagesExclusions      null
[2025-08-06T10:43:25.446+0000] {spark_submit.py:521} INFO - repositories            null
[2025-08-06T10:43:25.446+0000] {spark_submit.py:521} INFO - verbose                 true
[2025-08-06T10:43:25.446+0000] {spark_submit.py:521} INFO - 
[2025-08-06T10:43:25.447+0000] {spark_submit.py:521} INFO - Spark properties used, including those specified through
[2025-08-06T10:43:25.447+0000] {spark_submit.py:521} INFO - --conf and those from the properties file null:
[2025-08-06T10:43:25.447+0000] {spark_submit.py:521} INFO - (spark.hadoop.fs.s3a.access.key,*********(redacted))
[2025-08-06T10:43:25.448+0000] {spark_submit.py:521} INFO - (spark.hadoop.fs.s3a.connection.ssl.enabled,false)
[2025-08-06T10:43:25.448+0000] {spark_submit.py:521} INFO - (spark.hadoop.fs.s3a.endpoint,http://minio:9000)
[2025-08-06T10:43:25.448+0000] {spark_submit.py:521} INFO - (spark.hadoop.fs.s3a.path.style.access,true)
[2025-08-06T10:43:25.449+0000] {spark_submit.py:521} INFO - (spark.hadoop.fs.s3a.secret.key,*********(redacted))
[2025-08-06T10:43:25.449+0000] {spark_submit.py:521} INFO - (spark.master,spark://spark-master:7077)
[2025-08-06T10:43:25.449+0000] {spark_submit.py:521} INFO - (spark.submit.deployMode,client)
[2025-08-06T10:43:25.449+0000] {spark_submit.py:521} INFO - 
[2025-08-06T10:43:25.449+0000] {spark_submit.py:521} INFO - 
[2025-08-06T10:43:26.272+0000] {spark_submit.py:521} INFO - 25/08/06 10:43:26 WARN NativeCodeLoader: Unable to load native-hadoop library for your platform... using builtin-java classes where applicable
[2025-08-06T10:43:26.503+0000] {spark_submit.py:521} INFO - Main class:
[2025-08-06T10:43:26.504+0000] {spark_submit.py:521} INFO - org.apache.spark.deploy.PythonRunner
[2025-08-06T10:43:26.504+0000] {spark_submit.py:521} INFO - Arguments:
[2025-08-06T10:43:26.505+0000] {spark_submit.py:521} INFO - file:/opt/spark-jobs/gold_transform.py
[2025-08-06T10:43:26.505+0000] {spark_submit.py:521} INFO - null
[2025-08-06T10:43:26.506+0000] {spark_submit.py:521} INFO - Spark config:
[2025-08-06T10:43:26.507+0000] {spark_submit.py:521} INFO - (spark.app.name,arrow-spark)
[2025-08-06T10:43:26.507+0000] {spark_submit.py:521} INFO - (spark.app.submitTime,1754477006482)
[2025-08-06T10:43:26.507+0000] {spark_submit.py:521} INFO - (spark.hadoop.fs.s3a.access.key,*********(redacted))
[2025-08-06T10:43:26.507+0000] {spark_submit.py:521} INFO - (spark.hadoop.fs.s3a.connection.ssl.enabled,false)
[2025-08-06T10:43:26.508+0000] {spark_submit.py:521} INFO - (spark.hadoop.fs.s3a.endpoint,http://minio:9000)
[2025-08-06T10:43:26.508+0000] {spark_submit.py:521} INFO - (spark.hadoop.fs.s3a.path.style.access,true)
[2025-08-06T10:43:26.508+0000] {spark_submit.py:521} INFO - (spark.hadoop.fs.s3a.secret.key,*********(redacted))
[2025-08-06T10:43:26.508+0000] {spark_submit.py:521} INFO - (spark.jars,file:///opt/custom-jars/hadoop-aws-3.3.6.jar,file:///opt/custom-jars/aws-java-sdk-bundle-1.12.367.jar)
[2025-08-06T10:43:26.509+0000] {spark_submit.py:521} INFO - (spark.master,spark://spark-master:7077)
[2025-08-06T10:43:26.509+0000] {spark_submit.py:521} INFO - (spark.repl.local.jars,file:///opt/custom-jars/hadoop-aws-3.3.6.jar,file:///opt/custom-jars/aws-java-sdk-bundle-1.12.367.jar)
[2025-08-06T10:43:26.509+0000] {spark_submit.py:521} INFO - (spark.submit.deployMode,client)
[2025-08-06T10:43:26.509+0000] {spark_submit.py:521} INFO - (spark.submit.pyFiles,)
[2025-08-06T10:43:26.510+0000] {spark_submit.py:521} INFO - Classpath elements:
[2025-08-06T10:43:26.510+0000] {spark_submit.py:521} INFO - file:///opt/custom-jars/hadoop-aws-3.3.6.jar
[2025-08-06T10:43:26.510+0000] {spark_submit.py:521} INFO - file:///opt/custom-jars/aws-java-sdk-bundle-1.12.367.jar
[2025-08-06T10:43:26.510+0000] {spark_submit.py:521} INFO - 
[2025-08-06T10:43:26.511+0000] {spark_submit.py:521} INFO - 
[2025-08-06T10:43:29.783+0000] {spark_submit.py:521} INFO - Using Spark's default log4j profile: org/apache/spark/log4j2-defaults.properties
[2025-08-06T10:43:29.789+0000] {spark_submit.py:521} INFO - 25/08/06 10:43:29 INFO SparkContext: Running Spark version 4.0.0
[2025-08-06T10:43:29.794+0000] {spark_submit.py:521} INFO - 25/08/06 10:43:29 INFO SparkContext: OS info Linux, 5.15.167.4-microsoft-standard-WSL2, amd64
[2025-08-06T10:43:29.795+0000] {spark_submit.py:521} INFO - 25/08/06 10:43:29 INFO SparkContext: Java version 17.0.15
[2025-08-06T10:43:29.842+0000] {spark_submit.py:521} INFO - 25/08/06 10:43:29 INFO ResourceUtils: ==============================================================
[2025-08-06T10:43:29.843+0000] {spark_submit.py:521} INFO - 25/08/06 10:43:29 INFO ResourceUtils: No custom resources configured for spark.driver.
[2025-08-06T10:43:29.843+0000] {spark_submit.py:521} INFO - 25/08/06 10:43:29 INFO ResourceUtils: ==============================================================
[2025-08-06T10:43:29.850+0000] {spark_submit.py:521} INFO - 25/08/06 10:43:29 INFO SparkContext: Submitted application: GoldTransform
[2025-08-06T10:43:29.917+0000] {spark_submit.py:521} INFO - 25/08/06 10:43:29 INFO ResourceProfile: Default ResourceProfile created, executor resources: Map(memory -> name: memory, amount: 1024, script: , vendor: , offHeap -> name: offHeap, amount: 0, script: , vendor: ), task resources: Map(cpus -> name: cpus, amount: 1.0)
[2025-08-06T10:43:29.919+0000] {spark_submit.py:521} INFO - 25/08/06 10:43:29 INFO ResourceProfile: Limiting resource is cpu
[2025-08-06T10:43:29.920+0000] {spark_submit.py:521} INFO - 25/08/06 10:43:29 INFO ResourceProfileManager: Added ResourceProfile id: 0
[2025-08-06T10:43:30.030+0000] {spark_submit.py:521} INFO - 25/08/06 10:43:30 INFO SecurityManager: Changing view acls to: ***
[2025-08-06T10:43:30.031+0000] {spark_submit.py:521} INFO - 25/08/06 10:43:30 INFO SecurityManager: Changing modify acls to: ***
[2025-08-06T10:43:30.032+0000] {spark_submit.py:521} INFO - 25/08/06 10:43:30 INFO SecurityManager: Changing view acls groups to: ***
[2025-08-06T10:43:30.032+0000] {spark_submit.py:521} INFO - 25/08/06 10:43:30 INFO SecurityManager: Changing modify acls groups to: ***
[2025-08-06T10:43:30.042+0000] {spark_submit.py:521} INFO - 25/08/06 10:43:30 INFO SecurityManager: SecurityManager: authentication disabled; ui acls disabled; users with view permissions: *** groups with view permissions: EMPTY; users with modify permissions: ***; groups with modify permissions: EMPTY; RPC SSL disabled
[2025-08-06T10:43:30.903+0000] {spark_submit.py:521} INFO - 25/08/06 10:43:30 INFO Utils: Successfully started service 'sparkDriver' on port 42227.
[2025-08-06T10:43:30.972+0000] {spark_submit.py:521} INFO - 25/08/06 10:43:30 INFO SparkEnv: Registering MapOutputTracker
[2025-08-06T10:43:30.999+0000] {spark_submit.py:521} INFO - 25/08/06 10:43:30 INFO SparkEnv: Registering BlockManagerMaster
[2025-08-06T10:43:31.044+0000] {spark_submit.py:521} INFO - 25/08/06 10:43:31 INFO BlockManagerMasterEndpoint: Using org.apache.spark.storage.DefaultTopologyMapper for getting topology information
[2025-08-06T10:43:31.045+0000] {spark_submit.py:521} INFO - 25/08/06 10:43:31 INFO BlockManagerMasterEndpoint: BlockManagerMasterEndpoint up
[2025-08-06T10:43:31.049+0000] {spark_submit.py:521} INFO - 25/08/06 10:43:31 INFO SparkEnv: Registering BlockManagerMasterHeartbeat
[2025-08-06T10:43:31.083+0000] {spark_submit.py:521} INFO - 25/08/06 10:43:31 INFO DiskBlockManager: Created local directory at /tmp/blockmgr-35ed9569-822d-435a-a914-ded6f7ee28ac
[2025-08-06T10:43:31.119+0000] {spark_submit.py:521} INFO - 25/08/06 10:43:31 INFO SparkEnv: Registering OutputCommitCoordinator
[2025-08-06T10:43:31.432+0000] {spark_submit.py:521} INFO - 25/08/06 10:43:31 INFO JettyUtils: Start Jetty 0.0.0.0:4040 for SparkUI
[2025-08-06T10:43:31.803+0000] {spark_submit.py:521} INFO - 25/08/06 10:43:31 INFO Utils: Successfully started service 'SparkUI' on port 4040.
[2025-08-06T10:43:31.844+0000] {spark_submit.py:521} INFO - 25/08/06 10:43:31 INFO SparkContext: Added JAR file:///opt/custom-jars/hadoop-aws-3.3.6.jar at spark://f6daf7b6d686:42227/jars/hadoop-aws-3.3.6.jar with timestamp 1754477009775
[2025-08-06T10:43:31.845+0000] {spark_submit.py:521} INFO - 25/08/06 10:43:31 INFO SparkContext: Added JAR file:///opt/custom-jars/aws-java-sdk-bundle-1.12.367.jar at spark://f6daf7b6d686:42227/jars/aws-java-sdk-bundle-1.12.367.jar with timestamp 1754477009775
[2025-08-06T10:43:31.879+0000] {spark_submit.py:521} INFO - 25/08/06 10:43:31 INFO SecurityManager: Changing view acls to: ***
[2025-08-06T10:43:31.882+0000] {spark_submit.py:521} INFO - 25/08/06 10:43:31 INFO SecurityManager: Changing modify acls to: ***
[2025-08-06T10:43:31.884+0000] {spark_submit.py:521} INFO - 25/08/06 10:43:31 INFO SecurityManager: Changing view acls groups to: ***
[2025-08-06T10:43:31.885+0000] {spark_submit.py:521} INFO - 25/08/06 10:43:31 INFO SecurityManager: Changing modify acls groups to: ***
[2025-08-06T10:43:31.886+0000] {spark_submit.py:521} INFO - 25/08/06 10:43:31 INFO SecurityManager: SecurityManager: authentication disabled; ui acls disabled; users with view permissions: *** groups with view permissions: EMPTY; users with modify permissions: ***; groups with modify permissions: EMPTY; RPC SSL disabled
[2025-08-06T10:43:32.132+0000] {spark_submit.py:521} INFO - 25/08/06 10:43:32 INFO StandaloneAppClient$ClientEndpoint: Connecting to master spark://spark-master:7077...
[2025-08-06T10:43:32.250+0000] {spark_submit.py:521} INFO - 25/08/06 10:43:32 INFO TransportClientFactory: Successfully created connection to spark-master/172.18.0.3:7077 after 78 ms (0 ms spent in bootstraps)
[2025-08-06T10:43:32.314+0000] {spark_submit.py:521} INFO - 25/08/06 10:43:32 WARN StandaloneAppClient$ClientEndpoint: Failed to connect to master spark-master:7077
[2025-08-06T10:43:32.317+0000] {spark_submit.py:521} INFO - org.apache.spark.SparkException: Exception thrown in awaitResult:
[2025-08-06T10:43:32.319+0000] {spark_submit.py:521} INFO - at org.apache.spark.util.SparkThreadUtils$.awaitResult(SparkThreadUtils.scala:53)
[2025-08-06T10:43:32.319+0000] {spark_submit.py:521} INFO - at org.apache.spark.util.ThreadUtils$.awaitResult(ThreadUtils.scala:342)
[2025-08-06T10:43:32.320+0000] {spark_submit.py:521} INFO - at org.apache.spark.rpc.RpcTimeout.awaitResult(RpcTimeout.scala:75)
[2025-08-06T10:43:32.320+0000] {spark_submit.py:521} INFO - at org.apache.spark.rpc.RpcEnv.setupEndpointRefByURI(RpcEnv.scala:102)
[2025-08-06T10:43:32.321+0000] {spark_submit.py:521} INFO - at org.apache.spark.rpc.RpcEnv.setupEndpointRef(RpcEnv.scala:110)
[2025-08-06T10:43:32.321+0000] {spark_submit.py:521} INFO - at org.apache.spark.deploy.client.StandaloneAppClient$ClientEndpoint$$anon$1.run(StandaloneAppClient.scala:110)
[2025-08-06T10:43:32.322+0000] {spark_submit.py:521} INFO - at java.base/java.util.concurrent.Executors$RunnableAdapter.call(Executors.java:539)
[2025-08-06T10:43:32.322+0000] {spark_submit.py:521} INFO - at java.base/java.util.concurrent.FutureTask.run(FutureTask.java:264)
[2025-08-06T10:43:32.322+0000] {spark_submit.py:521} INFO - at java.base/java.util.concurrent.ThreadPoolExecutor.runWorker(ThreadPoolExecutor.java:1136)
[2025-08-06T10:43:32.322+0000] {spark_submit.py:521} INFO - at java.base/java.util.concurrent.ThreadPoolExecutor$Worker.run(ThreadPoolExecutor.java:635)
[2025-08-06T10:43:32.323+0000] {spark_submit.py:521} INFO - at java.base/java.lang.Thread.run(Thread.java:840)
[2025-08-06T10:43:32.323+0000] {spark_submit.py:521} INFO - Caused by: java.lang.RuntimeException: java.io.InvalidClassException: org.apache.spark.rpc.netty.RpcEndpointVerifier$CheckExistence; local class incompatible: stream classdesc serialVersionUID = 5378738997755484868, local class serialVersionUID = 7789290765573734431
[2025-08-06T10:43:32.323+0000] {spark_submit.py:521} INFO - at java.base/java.io.ObjectStreamClass.initNonProxy(ObjectStreamClass.java:597)
[2025-08-06T10:43:32.324+0000] {spark_submit.py:521} INFO - at java.base/java.io.ObjectInputStream.readNonProxyDesc(ObjectInputStream.java:2051)
[2025-08-06T10:43:32.324+0000] {spark_submit.py:521} INFO - at java.base/java.io.ObjectInputStream.readClassDesc(ObjectInputStream.java:1898)
[2025-08-06T10:43:32.324+0000] {spark_submit.py:521} INFO - at java.base/java.io.ObjectInputStream.readOrdinaryObject(ObjectInputStream.java:2224)
[2025-08-06T10:43:32.325+0000] {spark_submit.py:521} INFO - at java.base/java.io.ObjectInputStream.readObject0(ObjectInputStream.java:1733)
[2025-08-06T10:43:32.325+0000] {spark_submit.py:521} INFO - at java.base/java.io.ObjectInputStream.readObject(ObjectInputStream.java:509)
[2025-08-06T10:43:32.326+0000] {spark_submit.py:521} INFO - at java.base/java.io.ObjectInputStream.readObject(ObjectInputStream.java:467)
[2025-08-06T10:43:32.326+0000] {spark_submit.py:521} INFO - at org.apache.spark.serializer.JavaDeserializationStream.readObject(JavaSerializer.scala:87)
[2025-08-06T10:43:32.326+0000] {spark_submit.py:521} INFO - at org.apache.spark.serializer.JavaSerializerInstance.deserialize(JavaSerializer.scala:123)
[2025-08-06T10:43:32.327+0000] {spark_submit.py:521} INFO - at org.apache.spark.rpc.netty.NettyRpcEnv.$anonfun$deserialize$2(NettyRpcEnv.scala:299)
[2025-08-06T10:43:32.327+0000] {spark_submit.py:521} INFO - at scala.util.DynamicVariable.withValue(DynamicVariable.scala:62)
[2025-08-06T10:43:32.327+0000] {spark_submit.py:521} INFO - at org.apache.spark.rpc.netty.NettyRpcEnv.deserialize(NettyRpcEnv.scala:352)
[2025-08-06T10:43:32.328+0000] {spark_submit.py:521} INFO - at org.apache.spark.rpc.netty.NettyRpcEnv.$anonfun$deserialize$1(NettyRpcEnv.scala:298)
[2025-08-06T10:43:32.328+0000] {spark_submit.py:521} INFO - at scala.util.DynamicVariable.withValue(DynamicVariable.scala:62)
[2025-08-06T10:43:32.328+0000] {spark_submit.py:521} INFO - at org.apache.spark.rpc.netty.NettyRpcEnv.deserialize(NettyRpcEnv.scala:298)
[2025-08-06T10:43:32.328+0000] {spark_submit.py:521} INFO - at org.apache.spark.rpc.netty.RequestMessage$.apply(NettyRpcEnv.scala:646)
[2025-08-06T10:43:32.329+0000] {spark_submit.py:521} INFO - at org.apache.spark.rpc.netty.NettyRpcHandler.internalReceive(NettyRpcEnv.scala:697)
[2025-08-06T10:43:32.329+0000] {spark_submit.py:521} INFO - at org.apache.spark.rpc.netty.NettyRpcHandler.receive(NettyRpcEnv.scala:682)
[2025-08-06T10:43:32.329+0000] {spark_submit.py:521} INFO - at org.apache.spark.network.server.TransportRequestHandler.processRpcRequest(TransportRequestHandler.java:163)
[2025-08-06T10:43:32.329+0000] {spark_submit.py:521} INFO - at org.apache.spark.network.server.TransportRequestHandler.handle(TransportRequestHandler.java:109)
[2025-08-06T10:43:32.330+0000] {spark_submit.py:521} INFO - at org.apache.spark.network.server.TransportChannelHandler.channelRead0(TransportChannelHandler.java:140)
[2025-08-06T10:43:32.330+0000] {spark_submit.py:521} INFO - at org.apache.spark.network.server.TransportChannelHandler.channelRead0(TransportChannelHandler.java:53)
[2025-08-06T10:43:32.330+0000] {spark_submit.py:521} INFO - at io.netty.channel.SimpleChannelInboundHandler.channelRead(SimpleChannelInboundHandler.java:99)
[2025-08-06T10:43:32.330+0000] {spark_submit.py:521} INFO - at io.netty.channel.AbstractChannelHandlerContext.invokeChannelRead(AbstractChannelHandlerContext.java:444)
[2025-08-06T10:43:32.331+0000] {spark_submit.py:521} INFO - at io.netty.channel.AbstractChannelHandlerContext.invokeChannelRead(AbstractChannelHandlerContext.java:420)
[2025-08-06T10:43:32.331+0000] {spark_submit.py:521} INFO - at io.netty.channel.AbstractChannelHandlerContext.fireChannelRead(AbstractChannelHandlerContext.java:412)
[2025-08-06T10:43:32.331+0000] {spark_submit.py:521} INFO - at io.netty.handler.timeout.IdleStateHandler.channelRead(IdleStateHandler.java:286)
[2025-08-06T10:43:32.332+0000] {spark_submit.py:521} INFO - at io.netty.channel.AbstractChannelHandlerContext.invokeChannelRead(AbstractChannelHandlerContext.java:442)
[2025-08-06T10:43:32.332+0000] {spark_submit.py:521} INFO - at io.netty.channel.AbstractChannelHandlerContext.invokeChannelRead(AbstractChannelHandlerContext.java:420)
[2025-08-06T10:43:32.332+0000] {spark_submit.py:521} INFO - at io.netty.channel.AbstractChannelHandlerContext.fireChannelRead(AbstractChannelHandlerContext.java:412)
[2025-08-06T10:43:32.333+0000] {spark_submit.py:521} INFO - at io.netty.handler.codec.MessageToMessageDecoder.channelRead(MessageToMessageDecoder.java:103)
[2025-08-06T10:43:32.333+0000] {spark_submit.py:521} INFO - at io.netty.channel.AbstractChannelHandlerContext.invokeChannelRead(AbstractChannelHandlerContext.java:444)
[2025-08-06T10:43:32.333+0000] {spark_submit.py:521} INFO - at io.netty.channel.AbstractChannelHandlerContext.invokeChannelRead(AbstractChannelHandlerContext.java:420)
[2025-08-06T10:43:32.333+0000] {spark_submit.py:521} INFO - at io.netty.channel.AbstractChannelHandlerContext.fireChannelRead(AbstractChannelHandlerContext.java:412)
[2025-08-06T10:43:32.334+0000] {spark_submit.py:521} INFO - at org.apache.spark.network.util.TransportFrameDecoder.channelRead(TransportFrameDecoder.java:102)
[2025-08-06T10:43:32.334+0000] {spark_submit.py:521} INFO - at io.netty.channel.AbstractChannelHandlerContext.invokeChannelRead(AbstractChannelHandlerContext.java:444)
[2025-08-06T10:43:32.334+0000] {spark_submit.py:521} INFO - at io.netty.channel.AbstractChannelHandlerContext.invokeChannelRead(AbstractChannelHandlerContext.java:420)
[2025-08-06T10:43:32.335+0000] {spark_submit.py:521} INFO - at io.netty.channel.AbstractChannelHandlerContext.fireChannelRead(AbstractChannelHandlerContext.java:412)
[2025-08-06T10:43:32.335+0000] {spark_submit.py:521} INFO - at io.netty.channel.DefaultChannelPipeline$HeadContext.channelRead(DefaultChannelPipeline.java:1410)
[2025-08-06T10:43:32.335+0000] {spark_submit.py:521} INFO - at io.netty.channel.AbstractChannelHandlerContext.invokeChannelRead(AbstractChannelHandlerContext.java:440)
[2025-08-06T10:43:32.336+0000] {spark_submit.py:521} INFO - at io.netty.channel.AbstractChannelHandlerContext.invokeChannelRead(AbstractChannelHandlerContext.java:420)
[2025-08-06T10:43:32.336+0000] {spark_submit.py:521} INFO - at io.netty.channel.DefaultChannelPipeline.fireChannelRead(DefaultChannelPipeline.java:919)
[2025-08-06T10:43:32.336+0000] {spark_submit.py:521} INFO - at io.netty.channel.nio.AbstractNioByteChannel$NioByteUnsafe.read(AbstractNioByteChannel.java:166)
[2025-08-06T10:43:32.337+0000] {spark_submit.py:521} INFO - at io.netty.channel.nio.NioEventLoop.processSelectedKey(NioEventLoop.java:788)
[2025-08-06T10:43:32.337+0000] {spark_submit.py:521} INFO - at io.netty.channel.nio.NioEventLoop.processSelectedKeysOptimized(NioEventLoop.java:724)
[2025-08-06T10:43:32.337+0000] {spark_submit.py:521} INFO - at io.netty.channel.nio.NioEventLoop.processSelectedKeys(NioEventLoop.java:650)
[2025-08-06T10:43:32.337+0000] {spark_submit.py:521} INFO - at io.netty.channel.nio.NioEventLoop.run(NioEventLoop.java:562)
[2025-08-06T10:43:32.338+0000] {spark_submit.py:521} INFO - at io.netty.util.concurrent.SingleThreadEventExecutor$4.run(SingleThreadEventExecutor.java:997)
[2025-08-06T10:43:32.338+0000] {spark_submit.py:521} INFO - at io.netty.util.internal.ThreadExecutorMap$2.run(ThreadExecutorMap.java:74)
[2025-08-06T10:43:32.338+0000] {spark_submit.py:521} INFO - at io.netty.util.concurrent.FastThreadLocalRunnable.run(FastThreadLocalRunnable.java:30)
[2025-08-06T10:43:32.339+0000] {spark_submit.py:521} INFO - at java.base/java.lang.Thread.run(Thread.java:840)
[2025-08-06T10:43:32.339+0000] {spark_submit.py:521} INFO - 
[2025-08-06T10:43:32.339+0000] {spark_submit.py:521} INFO - at org.apache.spark.network.client.TransportResponseHandler.handle(TransportResponseHandler.java:217)
[2025-08-06T10:43:32.339+0000] {spark_submit.py:521} INFO - at org.apache.spark.network.server.TransportChannelHandler.channelRead0(TransportChannelHandler.java:145)
[2025-08-06T10:43:32.340+0000] {spark_submit.py:521} INFO - at org.apache.spark.network.server.TransportChannelHandler.channelRead0(TransportChannelHandler.java:55)
[2025-08-06T10:43:32.340+0000] {spark_submit.py:521} INFO - at io.netty.channel.SimpleChannelInboundHandler.channelRead(SimpleChannelInboundHandler.java:99)
[2025-08-06T10:43:32.340+0000] {spark_submit.py:521} INFO - at io.netty.channel.AbstractChannelHandlerContext.invokeChannelRead(AbstractChannelHandlerContext.java:444)
[2025-08-06T10:43:32.341+0000] {spark_submit.py:521} INFO - at io.netty.channel.AbstractChannelHandlerContext.invokeChannelRead(AbstractChannelHandlerContext.java:420)
[2025-08-06T10:43:32.341+0000] {spark_submit.py:521} INFO - at io.netty.channel.AbstractChannelHandlerContext.fireChannelRead(AbstractChannelHandlerContext.java:412)
[2025-08-06T10:43:32.341+0000] {spark_submit.py:521} INFO - at io.netty.handler.timeout.IdleStateHandler.channelRead(IdleStateHandler.java:289)
[2025-08-06T10:43:32.342+0000] {spark_submit.py:521} INFO - at io.netty.channel.AbstractChannelHandlerContext.invokeChannelRead(AbstractChannelHandlerContext.java:442)
[2025-08-06T10:43:32.342+0000] {spark_submit.py:521} INFO - at io.netty.channel.AbstractChannelHandlerContext.invokeChannelRead(AbstractChannelHandlerContext.java:420)
[2025-08-06T10:43:32.342+0000] {spark_submit.py:521} INFO - at io.netty.channel.AbstractChannelHandlerContext.fireChannelRead(AbstractChannelHandlerContext.java:412)
[2025-08-06T10:43:32.342+0000] {spark_submit.py:521} INFO - at io.netty.handler.codec.MessageToMessageDecoder.channelRead(MessageToMessageDecoder.java:107)
[2025-08-06T10:43:32.343+0000] {spark_submit.py:521} INFO - at io.netty.channel.AbstractChannelHandlerContext.invokeChannelRead(AbstractChannelHandlerContext.java:444)
[2025-08-06T10:43:32.343+0000] {spark_submit.py:521} INFO - at io.netty.channel.AbstractChannelHandlerContext.invokeChannelRead(AbstractChannelHandlerContext.java:420)
[2025-08-06T10:43:32.343+0000] {spark_submit.py:521} INFO - at io.netty.channel.AbstractChannelHandlerContext.fireChannelRead(AbstractChannelHandlerContext.java:412)
[2025-08-06T10:43:32.344+0000] {spark_submit.py:521} INFO - at org.apache.spark.network.util.TransportFrameDecoder.channelRead(TransportFrameDecoder.java:102)
[2025-08-06T10:43:32.344+0000] {spark_submit.py:521} INFO - at io.netty.channel.AbstractChannelHandlerContext.invokeChannelRead(AbstractChannelHandlerContext.java:444)
[2025-08-06T10:43:32.344+0000] {spark_submit.py:521} INFO - at io.netty.channel.AbstractChannelHandlerContext.invokeChannelRead(AbstractChannelHandlerContext.java:420)
[2025-08-06T10:43:32.344+0000] {spark_submit.py:521} INFO - at io.netty.channel.AbstractChannelHandlerContext.fireChannelRead(AbstractChannelHandlerContext.java:412)
[2025-08-06T10:43:32.344+0000] {spark_submit.py:521} INFO - at io.netty.channel.DefaultChannelPipeline$HeadContext.channelRead(DefaultChannelPipeline.java:1357)
[2025-08-06T10:43:32.345+0000] {spark_submit.py:521} INFO - at io.netty.channel.AbstractChannelHandlerContext.invokeChannelRead(AbstractChannelHandlerContext.java:440)
[2025-08-06T10:43:32.345+0000] {spark_submit.py:521} INFO - at io.netty.channel.AbstractChannelHandlerContext.invokeChannelRead(AbstractChannelHandlerContext.java:420)
[2025-08-06T10:43:32.345+0000] {spark_submit.py:521} INFO - at io.netty.channel.DefaultChannelPipeline.fireChannelRead(DefaultChannelPipeline.java:868)
[2025-08-06T10:43:32.346+0000] {spark_submit.py:521} INFO - at io.netty.channel.nio.AbstractNioByteChannel$NioByteUnsafe.read(AbstractNioByteChannel.java:166)
[2025-08-06T10:43:32.346+0000] {spark_submit.py:521} INFO - at io.netty.channel.nio.NioEventLoop.processSelectedKey(NioEventLoop.java:796)
[2025-08-06T10:43:32.346+0000] {spark_submit.py:521} INFO - at io.netty.channel.nio.NioEventLoop.processSelectedKeysOptimized(NioEventLoop.java:732)
[2025-08-06T10:43:32.346+0000] {spark_submit.py:521} INFO - at io.netty.channel.nio.NioEventLoop.processSelectedKeys(NioEventLoop.java:658)
[2025-08-06T10:43:32.347+0000] {spark_submit.py:521} INFO - at io.netty.channel.nio.NioEventLoop.run(NioEventLoop.java:562)
[2025-08-06T10:43:32.347+0000] {spark_submit.py:521} INFO - at io.netty.util.concurrent.SingleThreadEventExecutor$4.run(SingleThreadEventExecutor.java:998)
[2025-08-06T10:43:32.347+0000] {spark_submit.py:521} INFO - at io.netty.util.internal.ThreadExecutorMap$2.run(ThreadExecutorMap.java:74)
[2025-08-06T10:43:32.347+0000] {spark_submit.py:521} INFO - at io.netty.util.concurrent.FastThreadLocalRunnable.run(FastThreadLocalRunnable.java:30)
[2025-08-06T10:43:32.348+0000] {spark_submit.py:521} INFO - ... 1 more
[2025-08-06T10:43:52.133+0000] {spark_submit.py:521} INFO - 25/08/06 10:43:52 INFO StandaloneAppClient$ClientEndpoint: Connecting to master spark://spark-master:7077...
[2025-08-06T10:43:52.142+0000] {spark_submit.py:521} INFO - 25/08/06 10:43:52 WARN StandaloneAppClient$ClientEndpoint: Failed to connect to master spark-master:7077
[2025-08-06T10:43:52.142+0000] {spark_submit.py:521} INFO - org.apache.spark.SparkException: Exception thrown in awaitResult:
[2025-08-06T10:43:52.143+0000] {spark_submit.py:521} INFO - at org.apache.spark.util.SparkThreadUtils$.awaitResult(SparkThreadUtils.scala:53)
[2025-08-06T10:43:52.143+0000] {spark_submit.py:521} INFO - at org.apache.spark.util.ThreadUtils$.awaitResult(ThreadUtils.scala:342)
[2025-08-06T10:43:52.144+0000] {spark_submit.py:521} INFO - at org.apache.spark.rpc.RpcTimeout.awaitResult(RpcTimeout.scala:75)
[2025-08-06T10:43:52.144+0000] {spark_submit.py:521} INFO - at org.apache.spark.rpc.RpcEnv.setupEndpointRefByURI(RpcEnv.scala:102)
[2025-08-06T10:43:52.144+0000] {spark_submit.py:521} INFO - at org.apache.spark.rpc.RpcEnv.setupEndpointRef(RpcEnv.scala:110)
[2025-08-06T10:43:52.145+0000] {spark_submit.py:521} INFO - at org.apache.spark.deploy.client.StandaloneAppClient$ClientEndpoint$$anon$1.run(StandaloneAppClient.scala:110)
[2025-08-06T10:43:52.145+0000] {spark_submit.py:521} INFO - at java.base/java.util.concurrent.Executors$RunnableAdapter.call(Executors.java:539)
[2025-08-06T10:43:52.146+0000] {spark_submit.py:521} INFO - at java.base/java.util.concurrent.FutureTask.run(FutureTask.java:264)
[2025-08-06T10:43:52.146+0000] {spark_submit.py:521} INFO - at java.base/java.util.concurrent.ThreadPoolExecutor.runWorker(ThreadPoolExecutor.java:1136)
[2025-08-06T10:43:52.146+0000] {spark_submit.py:521} INFO - at java.base/java.util.concurrent.ThreadPoolExecutor$Worker.run(ThreadPoolExecutor.java:635)
[2025-08-06T10:43:52.146+0000] {spark_submit.py:521} INFO - at java.base/java.lang.Thread.run(Thread.java:840)
[2025-08-06T10:43:52.147+0000] {spark_submit.py:521} INFO - Caused by: java.lang.RuntimeException: java.io.InvalidClassException: org.apache.spark.rpc.netty.RpcEndpointVerifier$CheckExistence; local class incompatible: stream classdesc serialVersionUID = 5378738997755484868, local class serialVersionUID = 7789290765573734431
[2025-08-06T10:43:52.147+0000] {spark_submit.py:521} INFO - at java.base/java.io.ObjectStreamClass.initNonProxy(ObjectStreamClass.java:597)
[2025-08-06T10:43:52.147+0000] {spark_submit.py:521} INFO - at java.base/java.io.ObjectInputStream.readNonProxyDesc(ObjectInputStream.java:2051)
[2025-08-06T10:43:52.148+0000] {spark_submit.py:521} INFO - at java.base/java.io.ObjectInputStream.readClassDesc(ObjectInputStream.java:1898)
[2025-08-06T10:43:52.148+0000] {spark_submit.py:521} INFO - at java.base/java.io.ObjectInputStream.readOrdinaryObject(ObjectInputStream.java:2224)
[2025-08-06T10:43:52.148+0000] {spark_submit.py:521} INFO - at java.base/java.io.ObjectInputStream.readObject0(ObjectInputStream.java:1733)
[2025-08-06T10:43:52.149+0000] {spark_submit.py:521} INFO - at java.base/java.io.ObjectInputStream.readObject(ObjectInputStream.java:509)
[2025-08-06T10:43:52.154+0000] {spark_submit.py:521} INFO - at java.base/java.io.ObjectInputStream.readObject(ObjectInputStream.java:467)
[2025-08-06T10:43:52.154+0000] {spark_submit.py:521} INFO - at org.apache.spark.serializer.JavaDeserializationStream.readObject(JavaSerializer.scala:87)
[2025-08-06T10:43:52.154+0000] {spark_submit.py:521} INFO - at org.apache.spark.serializer.JavaSerializerInstance.deserialize(JavaSerializer.scala:123)
[2025-08-06T10:43:52.155+0000] {spark_submit.py:521} INFO - at org.apache.spark.rpc.netty.NettyRpcEnv.$anonfun$deserialize$2(NettyRpcEnv.scala:299)
[2025-08-06T10:43:52.155+0000] {spark_submit.py:521} INFO - at scala.util.DynamicVariable.withValue(DynamicVariable.scala:62)
[2025-08-06T10:43:52.155+0000] {spark_submit.py:521} INFO - at org.apache.spark.rpc.netty.NettyRpcEnv.deserialize(NettyRpcEnv.scala:352)
[2025-08-06T10:43:52.156+0000] {spark_submit.py:521} INFO - at org.apache.spark.rpc.netty.NettyRpcEnv.$anonfun$deserialize$1(NettyRpcEnv.scala:298)
[2025-08-06T10:43:52.156+0000] {spark_submit.py:521} INFO - at scala.util.DynamicVariable.withValue(DynamicVariable.scala:62)
[2025-08-06T10:43:52.156+0000] {spark_submit.py:521} INFO - at org.apache.spark.rpc.netty.NettyRpcEnv.deserialize(NettyRpcEnv.scala:298)
[2025-08-06T10:43:52.157+0000] {spark_submit.py:521} INFO - at org.apache.spark.rpc.netty.RequestMessage$.apply(NettyRpcEnv.scala:646)
[2025-08-06T10:43:52.157+0000] {spark_submit.py:521} INFO - at org.apache.spark.rpc.netty.NettyRpcHandler.internalReceive(NettyRpcEnv.scala:697)
[2025-08-06T10:43:52.157+0000] {spark_submit.py:521} INFO - at org.apache.spark.rpc.netty.NettyRpcHandler.receive(NettyRpcEnv.scala:682)
[2025-08-06T10:43:52.158+0000] {spark_submit.py:521} INFO - at org.apache.spark.network.server.TransportRequestHandler.processRpcRequest(TransportRequestHandler.java:163)
[2025-08-06T10:43:52.158+0000] {spark_submit.py:521} INFO - at org.apache.spark.network.server.TransportRequestHandler.handle(TransportRequestHandler.java:109)
[2025-08-06T10:43:52.158+0000] {spark_submit.py:521} INFO - at org.apache.spark.network.server.TransportChannelHandler.channelRead0(TransportChannelHandler.java:140)
[2025-08-06T10:43:52.158+0000] {spark_submit.py:521} INFO - at org.apache.spark.network.server.TransportChannelHandler.channelRead0(TransportChannelHandler.java:53)
[2025-08-06T10:43:52.159+0000] {spark_submit.py:521} INFO - at io.netty.channel.SimpleChannelInboundHandler.channelRead(SimpleChannelInboundHandler.java:99)
[2025-08-06T10:43:52.159+0000] {spark_submit.py:521} INFO - at io.netty.channel.AbstractChannelHandlerContext.invokeChannelRead(AbstractChannelHandlerContext.java:444)
[2025-08-06T10:43:52.159+0000] {spark_submit.py:521} INFO - at io.netty.channel.AbstractChannelHandlerContext.invokeChannelRead(AbstractChannelHandlerContext.java:420)
[2025-08-06T10:43:52.160+0000] {spark_submit.py:521} INFO - at io.netty.channel.AbstractChannelHandlerContext.fireChannelRead(AbstractChannelHandlerContext.java:412)
[2025-08-06T10:43:52.160+0000] {spark_submit.py:521} INFO - at io.netty.handler.timeout.IdleStateHandler.channelRead(IdleStateHandler.java:286)
[2025-08-06T10:43:52.160+0000] {spark_submit.py:521} INFO - at io.netty.channel.AbstractChannelHandlerContext.invokeChannelRead(AbstractChannelHandlerContext.java:442)
[2025-08-06T10:43:52.161+0000] {spark_submit.py:521} INFO - at io.netty.channel.AbstractChannelHandlerContext.invokeChannelRead(AbstractChannelHandlerContext.java:420)
[2025-08-06T10:43:52.161+0000] {spark_submit.py:521} INFO - at io.netty.channel.AbstractChannelHandlerContext.fireChannelRead(AbstractChannelHandlerContext.java:412)
[2025-08-06T10:43:52.161+0000] {spark_submit.py:521} INFO - at io.netty.handler.codec.MessageToMessageDecoder.channelRead(MessageToMessageDecoder.java:103)
[2025-08-06T10:43:52.162+0000] {spark_submit.py:521} INFO - at io.netty.channel.AbstractChannelHandlerContext.invokeChannelRead(AbstractChannelHandlerContext.java:444)
[2025-08-06T10:43:52.162+0000] {spark_submit.py:521} INFO - at io.netty.channel.AbstractChannelHandlerContext.invokeChannelRead(AbstractChannelHandlerContext.java:420)
[2025-08-06T10:43:52.162+0000] {spark_submit.py:521} INFO - at io.netty.channel.AbstractChannelHandlerContext.fireChannelRead(AbstractChannelHandlerContext.java:412)
[2025-08-06T10:43:52.163+0000] {spark_submit.py:521} INFO - at org.apache.spark.network.util.TransportFrameDecoder.channelRead(TransportFrameDecoder.java:102)
[2025-08-06T10:43:52.163+0000] {spark_submit.py:521} INFO - at io.netty.channel.AbstractChannelHandlerContext.invokeChannelRead(AbstractChannelHandlerContext.java:444)
[2025-08-06T10:43:52.163+0000] {spark_submit.py:521} INFO - at io.netty.channel.AbstractChannelHandlerContext.invokeChannelRead(AbstractChannelHandlerContext.java:420)
[2025-08-06T10:43:52.163+0000] {spark_submit.py:521} INFO - at io.netty.channel.AbstractChannelHandlerContext.fireChannelRead(AbstractChannelHandlerContext.java:412)
[2025-08-06T10:43:52.164+0000] {spark_submit.py:521} INFO - at io.netty.channel.DefaultChannelPipeline$HeadContext.channelRead(DefaultChannelPipeline.java:1410)
[2025-08-06T10:43:52.164+0000] {spark_submit.py:521} INFO - at io.netty.channel.AbstractChannelHandlerContext.invokeChannelRead(AbstractChannelHandlerContext.java:440)
[2025-08-06T10:43:52.164+0000] {spark_submit.py:521} INFO - at io.netty.channel.AbstractChannelHandlerContext.invokeChannelRead(AbstractChannelHandlerContext.java:420)
[2025-08-06T10:43:52.164+0000] {spark_submit.py:521} INFO - at io.netty.channel.DefaultChannelPipeline.fireChannelRead(DefaultChannelPipeline.java:919)
[2025-08-06T10:43:52.165+0000] {spark_submit.py:521} INFO - at io.netty.channel.nio.AbstractNioByteChannel$NioByteUnsafe.read(AbstractNioByteChannel.java:166)
[2025-08-06T10:43:52.165+0000] {spark_submit.py:521} INFO - at io.netty.channel.nio.NioEventLoop.processSelectedKey(NioEventLoop.java:788)
[2025-08-06T10:43:52.165+0000] {spark_submit.py:521} INFO - at io.netty.channel.nio.NioEventLoop.processSelectedKeysOptimized(NioEventLoop.java:724)
[2025-08-06T10:43:52.165+0000] {spark_submit.py:521} INFO - at io.netty.channel.nio.NioEventLoop.processSelectedKeys(NioEventLoop.java:650)
[2025-08-06T10:43:52.166+0000] {spark_submit.py:521} INFO - at io.netty.channel.nio.NioEventLoop.run(NioEventLoop.java:562)
[2025-08-06T10:43:52.166+0000] {spark_submit.py:521} INFO - at io.netty.util.concurrent.SingleThreadEventExecutor$4.run(SingleThreadEventExecutor.java:997)
[2025-08-06T10:43:52.166+0000] {spark_submit.py:521} INFO - at io.netty.util.internal.ThreadExecutorMap$2.run(ThreadExecutorMap.java:74)
[2025-08-06T10:43:52.167+0000] {spark_submit.py:521} INFO - at io.netty.util.concurrent.FastThreadLocalRunnable.run(FastThreadLocalRunnable.java:30)
[2025-08-06T10:43:52.167+0000] {spark_submit.py:521} INFO - at java.base/java.lang.Thread.run(Thread.java:840)
[2025-08-06T10:43:52.167+0000] {spark_submit.py:521} INFO - 
[2025-08-06T10:43:52.168+0000] {spark_submit.py:521} INFO - at org.apache.spark.network.client.TransportResponseHandler.handle(TransportResponseHandler.java:217)
[2025-08-06T10:43:52.168+0000] {spark_submit.py:521} INFO - at org.apache.spark.network.server.TransportChannelHandler.channelRead0(TransportChannelHandler.java:145)
[2025-08-06T10:43:52.168+0000] {spark_submit.py:521} INFO - at org.apache.spark.network.server.TransportChannelHandler.channelRead0(TransportChannelHandler.java:55)
[2025-08-06T10:43:52.168+0000] {spark_submit.py:521} INFO - at io.netty.channel.SimpleChannelInboundHandler.channelRead(SimpleChannelInboundHandler.java:99)
[2025-08-06T10:43:52.169+0000] {spark_submit.py:521} INFO - at io.netty.channel.AbstractChannelHandlerContext.invokeChannelRead(AbstractChannelHandlerContext.java:444)
[2025-08-06T10:43:52.169+0000] {spark_submit.py:521} INFO - at io.netty.channel.AbstractChannelHandlerContext.invokeChannelRead(AbstractChannelHandlerContext.java:420)
[2025-08-06T10:43:52.169+0000] {spark_submit.py:521} INFO - at io.netty.channel.AbstractChannelHandlerContext.fireChannelRead(AbstractChannelHandlerContext.java:412)
[2025-08-06T10:43:52.169+0000] {spark_submit.py:521} INFO - at io.netty.handler.timeout.IdleStateHandler.channelRead(IdleStateHandler.java:289)
[2025-08-06T10:43:52.170+0000] {spark_submit.py:521} INFO - at io.netty.channel.AbstractChannelHandlerContext.invokeChannelRead(AbstractChannelHandlerContext.java:442)
[2025-08-06T10:43:52.170+0000] {spark_submit.py:521} INFO - at io.netty.channel.AbstractChannelHandlerContext.invokeChannelRead(AbstractChannelHandlerContext.java:420)
[2025-08-06T10:43:52.170+0000] {spark_submit.py:521} INFO - at io.netty.channel.AbstractChannelHandlerContext.fireChannelRead(AbstractChannelHandlerContext.java:412)
[2025-08-06T10:43:52.170+0000] {spark_submit.py:521} INFO - at io.netty.handler.codec.MessageToMessageDecoder.channelRead(MessageToMessageDecoder.java:107)
[2025-08-06T10:43:52.171+0000] {spark_submit.py:521} INFO - at io.netty.channel.AbstractChannelHandlerContext.invokeChannelRead(AbstractChannelHandlerContext.java:444)
[2025-08-06T10:43:52.171+0000] {spark_submit.py:521} INFO - at io.netty.channel.AbstractChannelHandlerContext.invokeChannelRead(AbstractChannelHandlerContext.java:420)
[2025-08-06T10:43:52.171+0000] {spark_submit.py:521} INFO - at io.netty.channel.AbstractChannelHandlerContext.fireChannelRead(AbstractChannelHandlerContext.java:412)
[2025-08-06T10:43:52.171+0000] {spark_submit.py:521} INFO - at org.apache.spark.network.util.TransportFrameDecoder.channelRead(TransportFrameDecoder.java:102)
[2025-08-06T10:43:52.172+0000] {spark_submit.py:521} INFO - at io.netty.channel.AbstractChannelHandlerContext.invokeChannelRead(AbstractChannelHandlerContext.java:444)
[2025-08-06T10:43:52.172+0000] {spark_submit.py:521} INFO - at io.netty.channel.AbstractChannelHandlerContext.invokeChannelRead(AbstractChannelHandlerContext.java:420)
[2025-08-06T10:43:52.172+0000] {spark_submit.py:521} INFO - at io.netty.channel.AbstractChannelHandlerContext.fireChannelRead(AbstractChannelHandlerContext.java:412)
[2025-08-06T10:43:52.172+0000] {spark_submit.py:521} INFO - at io.netty.channel.DefaultChannelPipeline$HeadContext.channelRead(DefaultChannelPipeline.java:1357)
[2025-08-06T10:43:52.172+0000] {spark_submit.py:521} INFO - at io.netty.channel.AbstractChannelHandlerContext.invokeChannelRead(AbstractChannelHandlerContext.java:440)
[2025-08-06T10:43:52.173+0000] {spark_submit.py:521} INFO - at io.netty.channel.AbstractChannelHandlerContext.invokeChannelRead(AbstractChannelHandlerContext.java:420)
[2025-08-06T10:43:52.173+0000] {spark_submit.py:521} INFO - at io.netty.channel.DefaultChannelPipeline.fireChannelRead(DefaultChannelPipeline.java:868)
[2025-08-06T10:43:52.173+0000] {spark_submit.py:521} INFO - at io.netty.channel.nio.AbstractNioByteChannel$NioByteUnsafe.read(AbstractNioByteChannel.java:166)
[2025-08-06T10:43:52.173+0000] {spark_submit.py:521} INFO - at io.netty.channel.nio.NioEventLoop.processSelectedKey(NioEventLoop.java:796)
[2025-08-06T10:43:52.173+0000] {spark_submit.py:521} INFO - at io.netty.channel.nio.NioEventLoop.processSelectedKeysOptimized(NioEventLoop.java:732)
[2025-08-06T10:43:52.174+0000] {spark_submit.py:521} INFO - at io.netty.channel.nio.NioEventLoop.processSelectedKeys(NioEventLoop.java:658)
[2025-08-06T10:43:52.174+0000] {spark_submit.py:521} INFO - at io.netty.channel.nio.NioEventLoop.run(NioEventLoop.java:562)
[2025-08-06T10:43:52.174+0000] {spark_submit.py:521} INFO - at io.netty.util.concurrent.SingleThreadEventExecutor$4.run(SingleThreadEventExecutor.java:998)
[2025-08-06T10:43:52.174+0000] {spark_submit.py:521} INFO - at io.netty.util.internal.ThreadExecutorMap$2.run(ThreadExecutorMap.java:74)
[2025-08-06T10:43:52.174+0000] {spark_submit.py:521} INFO - at io.netty.util.concurrent.FastThreadLocalRunnable.run(FastThreadLocalRunnable.java:30)
[2025-08-06T10:43:52.175+0000] {spark_submit.py:521} INFO - ... 1 more
[2025-08-06T10:44:12.125+0000] {spark_submit.py:521} INFO - 25/08/06 10:44:12 INFO StandaloneAppClient$ClientEndpoint: Connecting to master spark://spark-master:7077...
[2025-08-06T10:44:12.137+0000] {spark_submit.py:521} INFO - 25/08/06 10:44:12 WARN StandaloneAppClient$ClientEndpoint: Failed to connect to master spark-master:7077
[2025-08-06T10:44:12.137+0000] {spark_submit.py:521} INFO - org.apache.spark.SparkException: Exception thrown in awaitResult:
[2025-08-06T10:44:12.138+0000] {spark_submit.py:521} INFO - at org.apache.spark.util.SparkThreadUtils$.awaitResult(SparkThreadUtils.scala:53)
[2025-08-06T10:44:12.138+0000] {spark_submit.py:521} INFO - at org.apache.spark.util.ThreadUtils$.awaitResult(ThreadUtils.scala:342)
[2025-08-06T10:44:12.138+0000] {spark_submit.py:521} INFO - at org.apache.spark.rpc.RpcTimeout.awaitResult(RpcTimeout.scala:75)
[2025-08-06T10:44:12.139+0000] {spark_submit.py:521} INFO - at org.apache.spark.rpc.RpcEnv.setupEndpointRefByURI(RpcEnv.scala:102)
[2025-08-06T10:44:12.139+0000] {spark_submit.py:521} INFO - at org.apache.spark.rpc.RpcEnv.setupEndpointRef(RpcEnv.scala:110)
[2025-08-06T10:44:12.139+0000] {spark_submit.py:521} INFO - at org.apache.spark.deploy.client.StandaloneAppClient$ClientEndpoint$$anon$1.run(StandaloneAppClient.scala:110)
[2025-08-06T10:44:12.140+0000] {spark_submit.py:521} INFO - at java.base/java.util.concurrent.Executors$RunnableAdapter.call(Executors.java:539)
[2025-08-06T10:44:12.140+0000] {spark_submit.py:521} INFO - at java.base/java.util.concurrent.FutureTask.run(FutureTask.java:264)
[2025-08-06T10:44:12.140+0000] {spark_submit.py:521} INFO - at java.base/java.util.concurrent.ThreadPoolExecutor.runWorker(ThreadPoolExecutor.java:1136)
[2025-08-06T10:44:12.140+0000] {spark_submit.py:521} INFO - at java.base/java.util.concurrent.ThreadPoolExecutor$Worker.run(ThreadPoolExecutor.java:635)
[2025-08-06T10:44:12.141+0000] {spark_submit.py:521} INFO - at java.base/java.lang.Thread.run(Thread.java:840)
[2025-08-06T10:44:12.141+0000] {spark_submit.py:521} INFO - Caused by: java.lang.RuntimeException: java.io.InvalidClassException: org.apache.spark.rpc.netty.RpcEndpointVerifier$CheckExistence; local class incompatible: stream classdesc serialVersionUID = 5378738997755484868, local class serialVersionUID = 7789290765573734431
[2025-08-06T10:44:12.141+0000] {spark_submit.py:521} INFO - at java.base/java.io.ObjectStreamClass.initNonProxy(ObjectStreamClass.java:597)
[2025-08-06T10:44:12.142+0000] {spark_submit.py:521} INFO - at java.base/java.io.ObjectInputStream.readNonProxyDesc(ObjectInputStream.java:2051)
[2025-08-06T10:44:12.142+0000] {spark_submit.py:521} INFO - at java.base/java.io.ObjectInputStream.readClassDesc(ObjectInputStream.java:1898)
[2025-08-06T10:44:12.142+0000] {spark_submit.py:521} INFO - at java.base/java.io.ObjectInputStream.readOrdinaryObject(ObjectInputStream.java:2224)
[2025-08-06T10:44:12.143+0000] {spark_submit.py:521} INFO - at java.base/java.io.ObjectInputStream.readObject0(ObjectInputStream.java:1733)
[2025-08-06T10:44:12.143+0000] {spark_submit.py:521} INFO - at java.base/java.io.ObjectInputStream.readObject(ObjectInputStream.java:509)
[2025-08-06T10:44:12.143+0000] {spark_submit.py:521} INFO - at java.base/java.io.ObjectInputStream.readObject(ObjectInputStream.java:467)
[2025-08-06T10:44:12.144+0000] {spark_submit.py:521} INFO - at org.apache.spark.serializer.JavaDeserializationStream.readObject(JavaSerializer.scala:87)
[2025-08-06T10:44:12.144+0000] {spark_submit.py:521} INFO - at org.apache.spark.serializer.JavaSerializerInstance.deserialize(JavaSerializer.scala:123)
[2025-08-06T10:44:12.144+0000] {spark_submit.py:521} INFO - at org.apache.spark.rpc.netty.NettyRpcEnv.$anonfun$deserialize$2(NettyRpcEnv.scala:299)
[2025-08-06T10:44:12.144+0000] {spark_submit.py:521} INFO - at scala.util.DynamicVariable.withValue(DynamicVariable.scala:62)
[2025-08-06T10:44:12.145+0000] {spark_submit.py:521} INFO - at org.apache.spark.rpc.netty.NettyRpcEnv.deserialize(NettyRpcEnv.scala:352)
[2025-08-06T10:44:12.145+0000] {spark_submit.py:521} INFO - at org.apache.spark.rpc.netty.NettyRpcEnv.$anonfun$deserialize$1(NettyRpcEnv.scala:298)
[2025-08-06T10:44:12.145+0000] {spark_submit.py:521} INFO - at scala.util.DynamicVariable.withValue(DynamicVariable.scala:62)
[2025-08-06T10:44:12.145+0000] {spark_submit.py:521} INFO - at org.apache.spark.rpc.netty.NettyRpcEnv.deserialize(NettyRpcEnv.scala:298)
[2025-08-06T10:44:12.146+0000] {spark_submit.py:521} INFO - at org.apache.spark.rpc.netty.RequestMessage$.apply(NettyRpcEnv.scala:646)
[2025-08-06T10:44:12.146+0000] {spark_submit.py:521} INFO - at org.apache.spark.rpc.netty.NettyRpcHandler.internalReceive(NettyRpcEnv.scala:697)
[2025-08-06T10:44:12.146+0000] {spark_submit.py:521} INFO - at org.apache.spark.rpc.netty.NettyRpcHandler.receive(NettyRpcEnv.scala:682)
[2025-08-06T10:44:12.146+0000] {spark_submit.py:521} INFO - at org.apache.spark.network.server.TransportRequestHandler.processRpcRequest(TransportRequestHandler.java:163)
[2025-08-06T10:44:12.147+0000] {spark_submit.py:521} INFO - at org.apache.spark.network.server.TransportRequestHandler.handle(TransportRequestHandler.java:109)
[2025-08-06T10:44:12.147+0000] {spark_submit.py:521} INFO - at org.apache.spark.network.server.TransportChannelHandler.channelRead0(TransportChannelHandler.java:140)
[2025-08-06T10:44:12.147+0000] {spark_submit.py:521} INFO - at org.apache.spark.network.server.TransportChannelHandler.channelRead0(TransportChannelHandler.java:53)
[2025-08-06T10:44:12.147+0000] {spark_submit.py:521} INFO - at io.netty.channel.SimpleChannelInboundHandler.channelRead(SimpleChannelInboundHandler.java:99)
[2025-08-06T10:44:12.148+0000] {spark_submit.py:521} INFO - at io.netty.channel.AbstractChannelHandlerContext.invokeChannelRead(AbstractChannelHandlerContext.java:444)
[2025-08-06T10:44:12.148+0000] {spark_submit.py:521} INFO - at io.netty.channel.AbstractChannelHandlerContext.invokeChannelRead(AbstractChannelHandlerContext.java:420)
[2025-08-06T10:44:12.148+0000] {spark_submit.py:521} INFO - at io.netty.channel.AbstractChannelHandlerContext.fireChannelRead(AbstractChannelHandlerContext.java:412)
[2025-08-06T10:44:12.148+0000] {spark_submit.py:521} INFO - at io.netty.handler.timeout.IdleStateHandler.channelRead(IdleStateHandler.java:286)
[2025-08-06T10:44:12.149+0000] {spark_submit.py:521} INFO - at io.netty.channel.AbstractChannelHandlerContext.invokeChannelRead(AbstractChannelHandlerContext.java:442)
[2025-08-06T10:44:12.149+0000] {spark_submit.py:521} INFO - at io.netty.channel.AbstractChannelHandlerContext.invokeChannelRead(AbstractChannelHandlerContext.java:420)
[2025-08-06T10:44:12.149+0000] {spark_submit.py:521} INFO - at io.netty.channel.AbstractChannelHandlerContext.fireChannelRead(AbstractChannelHandlerContext.java:412)
[2025-08-06T10:44:12.149+0000] {spark_submit.py:521} INFO - at io.netty.handler.codec.MessageToMessageDecoder.channelRead(MessageToMessageDecoder.java:103)
[2025-08-06T10:44:12.149+0000] {spark_submit.py:521} INFO - at io.netty.channel.AbstractChannelHandlerContext.invokeChannelRead(AbstractChannelHandlerContext.java:444)
[2025-08-06T10:44:12.150+0000] {spark_submit.py:521} INFO - at io.netty.channel.AbstractChannelHandlerContext.invokeChannelRead(AbstractChannelHandlerContext.java:420)
[2025-08-06T10:44:12.150+0000] {spark_submit.py:521} INFO - at io.netty.channel.AbstractChannelHandlerContext.fireChannelRead(AbstractChannelHandlerContext.java:412)
[2025-08-06T10:44:12.150+0000] {spark_submit.py:521} INFO - at org.apache.spark.network.util.TransportFrameDecoder.channelRead(TransportFrameDecoder.java:102)
[2025-08-06T10:44:12.150+0000] {spark_submit.py:521} INFO - at io.netty.channel.AbstractChannelHandlerContext.invokeChannelRead(AbstractChannelHandlerContext.java:444)
[2025-08-06T10:44:12.151+0000] {spark_submit.py:521} INFO - at io.netty.channel.AbstractChannelHandlerContext.invokeChannelRead(AbstractChannelHandlerContext.java:420)
[2025-08-06T10:44:12.151+0000] {spark_submit.py:521} INFO - at io.netty.channel.AbstractChannelHandlerContext.fireChannelRead(AbstractChannelHandlerContext.java:412)
[2025-08-06T10:44:12.151+0000] {spark_submit.py:521} INFO - at io.netty.channel.DefaultChannelPipeline$HeadContext.channelRead(DefaultChannelPipeline.java:1410)
[2025-08-06T10:44:12.151+0000] {spark_submit.py:521} INFO - at io.netty.channel.AbstractChannelHandlerContext.invokeChannelRead(AbstractChannelHandlerContext.java:440)
[2025-08-06T10:44:12.152+0000] {spark_submit.py:521} INFO - at io.netty.channel.AbstractChannelHandlerContext.invokeChannelRead(AbstractChannelHandlerContext.java:420)
[2025-08-06T10:44:12.152+0000] {spark_submit.py:521} INFO - at io.netty.channel.DefaultChannelPipeline.fireChannelRead(DefaultChannelPipeline.java:919)
[2025-08-06T10:44:12.152+0000] {spark_submit.py:521} INFO - at io.netty.channel.nio.AbstractNioByteChannel$NioByteUnsafe.read(AbstractNioByteChannel.java:166)
[2025-08-06T10:44:12.152+0000] {spark_submit.py:521} INFO - at io.netty.channel.nio.NioEventLoop.processSelectedKey(NioEventLoop.java:788)
[2025-08-06T10:44:12.153+0000] {spark_submit.py:521} INFO - at io.netty.channel.nio.NioEventLoop.processSelectedKeysOptimized(NioEventLoop.java:724)
[2025-08-06T10:44:12.153+0000] {spark_submit.py:521} INFO - at io.netty.channel.nio.NioEventLoop.processSelectedKeys(NioEventLoop.java:650)
[2025-08-06T10:44:12.153+0000] {spark_submit.py:521} INFO - at io.netty.channel.nio.NioEventLoop.run(NioEventLoop.java:562)
[2025-08-06T10:44:12.153+0000] {spark_submit.py:521} INFO - at io.netty.util.concurrent.SingleThreadEventExecutor$4.run(SingleThreadEventExecutor.java:997)
[2025-08-06T10:44:12.153+0000] {spark_submit.py:521} INFO - at io.netty.util.internal.ThreadExecutorMap$2.run(ThreadExecutorMap.java:74)
[2025-08-06T10:44:12.154+0000] {spark_submit.py:521} INFO - at io.netty.util.concurrent.FastThreadLocalRunnable.run(FastThreadLocalRunnable.java:30)
[2025-08-06T10:44:12.154+0000] {spark_submit.py:521} INFO - at java.base/java.lang.Thread.run(Thread.java:840)
[2025-08-06T10:44:12.154+0000] {spark_submit.py:521} INFO - 
[2025-08-06T10:44:12.154+0000] {spark_submit.py:521} INFO - at org.apache.spark.network.client.TransportResponseHandler.handle(TransportResponseHandler.java:217)
[2025-08-06T10:44:12.155+0000] {spark_submit.py:521} INFO - at org.apache.spark.network.server.TransportChannelHandler.channelRead0(TransportChannelHandler.java:145)
[2025-08-06T10:44:12.155+0000] {spark_submit.py:521} INFO - at org.apache.spark.network.server.TransportChannelHandler.channelRead0(TransportChannelHandler.java:55)
[2025-08-06T10:44:12.155+0000] {spark_submit.py:521} INFO - at io.netty.channel.SimpleChannelInboundHandler.channelRead(SimpleChannelInboundHandler.java:99)
[2025-08-06T10:44:12.155+0000] {spark_submit.py:521} INFO - at io.netty.channel.AbstractChannelHandlerContext.invokeChannelRead(AbstractChannelHandlerContext.java:444)
[2025-08-06T10:44:12.155+0000] {spark_submit.py:521} INFO - at io.netty.channel.AbstractChannelHandlerContext.invokeChannelRead(AbstractChannelHandlerContext.java:420)
[2025-08-06T10:44:12.156+0000] {spark_submit.py:521} INFO - at io.netty.channel.AbstractChannelHandlerContext.fireChannelRead(AbstractChannelHandlerContext.java:412)
[2025-08-06T10:44:12.156+0000] {spark_submit.py:521} INFO - at io.netty.handler.timeout.IdleStateHandler.channelRead(IdleStateHandler.java:289)
[2025-08-06T10:44:12.156+0000] {spark_submit.py:521} INFO - at io.netty.channel.AbstractChannelHandlerContext.invokeChannelRead(AbstractChannelHandlerContext.java:442)
[2025-08-06T10:44:12.156+0000] {spark_submit.py:521} INFO - at io.netty.channel.AbstractChannelHandlerContext.invokeChannelRead(AbstractChannelHandlerContext.java:420)
[2025-08-06T10:44:12.157+0000] {spark_submit.py:521} INFO - at io.netty.channel.AbstractChannelHandlerContext.fireChannelRead(AbstractChannelHandlerContext.java:412)
[2025-08-06T10:44:12.157+0000] {spark_submit.py:521} INFO - at io.netty.handler.codec.MessageToMessageDecoder.channelRead(MessageToMessageDecoder.java:107)
[2025-08-06T10:44:12.157+0000] {spark_submit.py:521} INFO - at io.netty.channel.AbstractChannelHandlerContext.invokeChannelRead(AbstractChannelHandlerContext.java:444)
[2025-08-06T10:44:12.157+0000] {spark_submit.py:521} INFO - at io.netty.channel.AbstractChannelHandlerContext.invokeChannelRead(AbstractChannelHandlerContext.java:420)
[2025-08-06T10:44:12.157+0000] {spark_submit.py:521} INFO - at io.netty.channel.AbstractChannelHandlerContext.fireChannelRead(AbstractChannelHandlerContext.java:412)
[2025-08-06T10:44:12.158+0000] {spark_submit.py:521} INFO - at org.apache.spark.network.util.TransportFrameDecoder.channelRead(TransportFrameDecoder.java:102)
[2025-08-06T10:44:12.158+0000] {spark_submit.py:521} INFO - at io.netty.channel.AbstractChannelHandlerContext.invokeChannelRead(AbstractChannelHandlerContext.java:444)
[2025-08-06T10:44:12.158+0000] {spark_submit.py:521} INFO - at io.netty.channel.AbstractChannelHandlerContext.invokeChannelRead(AbstractChannelHandlerContext.java:420)
[2025-08-06T10:44:12.158+0000] {spark_submit.py:521} INFO - at io.netty.channel.AbstractChannelHandlerContext.fireChannelRead(AbstractChannelHandlerContext.java:412)
[2025-08-06T10:44:12.159+0000] {spark_submit.py:521} INFO - at io.netty.channel.DefaultChannelPipeline$HeadContext.channelRead(DefaultChannelPipeline.java:1357)
[2025-08-06T10:44:12.159+0000] {spark_submit.py:521} INFO - at io.netty.channel.AbstractChannelHandlerContext.invokeChannelRead(AbstractChannelHandlerContext.java:440)
[2025-08-06T10:44:12.160+0000] {spark_submit.py:521} INFO - at io.netty.channel.AbstractChannelHandlerContext.invokeChannelRead(AbstractChannelHandlerContext.java:420)
[2025-08-06T10:44:12.160+0000] {spark_submit.py:521} INFO - at io.netty.channel.DefaultChannelPipeline.fireChannelRead(DefaultChannelPipeline.java:868)
[2025-08-06T10:44:12.160+0000] {spark_submit.py:521} INFO - at io.netty.channel.nio.AbstractNioByteChannel$NioByteUnsafe.read(AbstractNioByteChannel.java:166)
[2025-08-06T10:44:12.161+0000] {spark_submit.py:521} INFO - at io.netty.channel.nio.NioEventLoop.processSelectedKey(NioEventLoop.java:796)
[2025-08-06T10:44:12.161+0000] {spark_submit.py:521} INFO - at io.netty.channel.nio.NioEventLoop.processSelectedKeysOptimized(NioEventLoop.java:732)
[2025-08-06T10:44:12.161+0000] {spark_submit.py:521} INFO - at io.netty.channel.nio.NioEventLoop.processSelectedKeys(NioEventLoop.java:658)
[2025-08-06T10:44:12.161+0000] {spark_submit.py:521} INFO - at io.netty.channel.nio.NioEventLoop.run(NioEventLoop.java:562)
[2025-08-06T10:44:12.161+0000] {spark_submit.py:521} INFO - at io.netty.util.concurrent.SingleThreadEventExecutor$4.run(SingleThreadEventExecutor.java:998)
[2025-08-06T10:44:12.162+0000] {spark_submit.py:521} INFO - at io.netty.util.internal.ThreadExecutorMap$2.run(ThreadExecutorMap.java:74)
[2025-08-06T10:44:12.162+0000] {spark_submit.py:521} INFO - at io.netty.util.concurrent.FastThreadLocalRunnable.run(FastThreadLocalRunnable.java:30)
[2025-08-06T10:44:12.162+0000] {spark_submit.py:521} INFO - ... 1 more
[2025-08-06T10:44:32.125+0000] {spark_submit.py:521} INFO - 25/08/06 10:44:32 WARN StandaloneSchedulerBackend: Application ID is not initialized yet.
[2025-08-06T10:44:32.128+0000] {spark_submit.py:521} INFO - 25/08/06 10:44:32 ERROR StandaloneSchedulerBackend: Application has been killed. Reason: All masters are unresponsive! Giving up.
[2025-08-06T10:44:32.172+0000] {spark_submit.py:521} INFO - 25/08/06 10:44:32 INFO Utils: Successfully started service 'org.apache.spark.network.netty.NettyBlockTransferService' on port 35429.
[2025-08-06T10:44:32.173+0000] {spark_submit.py:521} INFO - 25/08/06 10:44:32 INFO NettyBlockTransferService: Server created on f6daf7b6d686:35429
[2025-08-06T10:44:32.176+0000] {spark_submit.py:521} INFO - 25/08/06 10:44:32 INFO BlockManager: Using org.apache.spark.storage.RandomBlockReplicationPolicy for block replication policy
[2025-08-06T10:44:32.206+0000] {spark_submit.py:521} INFO - 25/08/06 10:44:32 INFO BlockManagerMaster: Registering BlockManager BlockManagerId(driver, f6daf7b6d686, 35429, None)
[2025-08-06T10:44:32.217+0000] {spark_submit.py:521} INFO - 25/08/06 10:44:32 INFO BlockManagerMasterEndpoint: Registering block manager f6daf7b6d686:35429 with 434.4 MiB RAM, BlockManagerId(driver, f6daf7b6d686, 35429, None)
[2025-08-06T10:44:32.220+0000] {spark_submit.py:521} INFO - 25/08/06 10:44:32 INFO BlockManagerMaster: Registered BlockManager BlockManagerId(driver, f6daf7b6d686, 35429, None)
[2025-08-06T10:44:32.223+0000] {spark_submit.py:521} INFO - 25/08/06 10:44:32 INFO BlockManager: Initialized BlockManager: BlockManagerId(driver, f6daf7b6d686, 35429, None)
[2025-08-06T10:44:32.361+0000] {spark_submit.py:521} INFO - 25/08/06 10:44:32 INFO StandaloneSchedulerBackend: SchedulerBackend is ready for scheduling beginning after reached minRegisteredResourcesRatio: 0.0
[2025-08-06T10:44:32.583+0000] {spark_submit.py:521} INFO - 25/08/06 10:44:32 INFO SparkContext: SparkContext is stopping with exitCode 0 from run at <unknown>:0.
[2025-08-06T10:44:32.593+0000] {spark_submit.py:521} INFO - 25/08/06 10:44:32 INFO SparkUI: Stopped Spark web UI at http://f6daf7b6d686:4040
[2025-08-06T10:44:32.596+0000] {spark_submit.py:521} INFO - 25/08/06 10:44:32 INFO StandaloneSchedulerBackend: Shutting down all executors
[2025-08-06T10:44:32.600+0000] {spark_submit.py:521} INFO - 25/08/06 10:44:32 INFO StandaloneSchedulerBackend$StandaloneDriverEndpoint: Asking each executor to shut down
[2025-08-06T10:44:32.607+0000] {spark_submit.py:521} INFO - 25/08/06 10:44:32 WARN StandaloneAppClient$ClientEndpoint: Drop UnregisterApplication(null) because has not yet connected to master
[2025-08-06T10:44:32.614+0000] {spark_submit.py:521} INFO - 25/08/06 10:44:32 INFO MapOutputTrackerMasterEndpoint: MapOutputTrackerMasterEndpoint stopped!
[2025-08-06T10:44:32.636+0000] {spark_submit.py:521} INFO - 25/08/06 10:44:32 INFO MemoryStore: MemoryStore started with capacity 434.4 MiB
[2025-08-06T10:44:32.637+0000] {spark_submit.py:521} INFO - 25/08/06 10:44:32 INFO MemoryStore: MemoryStore cleared
[2025-08-06T10:44:32.638+0000] {spark_submit.py:521} INFO - 25/08/06 10:44:32 INFO BlockManager: BlockManager stopped
[2025-08-06T10:44:32.642+0000] {spark_submit.py:521} INFO - 25/08/06 10:44:32 INFO BlockManagerMaster: BlockManagerMaster stopped
[2025-08-06T10:44:32.644+0000] {spark_submit.py:521} INFO - 25/08/06 10:44:32 INFO OutputCommitCoordinator$OutputCommitCoordinatorEndpoint: OutputCommitCoordinator stopped!
[2025-08-06T10:44:32.656+0000] {spark_submit.py:521} INFO - 25/08/06 10:44:32 INFO SparkContext: Successfully stopped SparkContext
[2025-08-06T10:44:34.512+0000] {spark_submit.py:521} INFO - Traceback (most recent call last):
[2025-08-06T10:44:34.512+0000] {spark_submit.py:521} INFO - File "/opt/spark-jobs/gold_transform.py", line 13, in <module>
[2025-08-06T10:44:34.516+0000] {spark_submit.py:521} INFO - .getOrCreate()
[2025-08-06T10:44:34.516+0000] {spark_submit.py:521} INFO - File "/home/***/.local/lib/python3.10/site-packages/pyspark/python/lib/pyspark.zip/pyspark/sql/session.py", line 559, in getOrCreate
[2025-08-06T10:44:34.518+0000] {spark_submit.py:521} INFO - File "/home/***/.local/lib/python3.10/site-packages/pyspark/python/lib/pyspark.zip/pyspark/sql/session.py", line 641, in __init__
[2025-08-06T10:44:34.518+0000] {spark_submit.py:521} INFO - File "/home/***/.local/lib/python3.10/site-packages/pyspark/python/lib/py4j-0.10.9.9-src.zip/py4j/java_gateway.py", line 1627, in __call__
[2025-08-06T10:44:34.518+0000] {spark_submit.py:521} INFO - File "/home/***/.local/lib/python3.10/site-packages/pyspark/python/lib/py4j-0.10.9.9-src.zip/py4j/protocol.py", line 327, in get_return_value
[2025-08-06T10:44:34.519+0000] {spark_submit.py:521} INFO - py4j.protocol.Py4JJavaError: An error occurred while calling None.org.apache.spark.sql.classic.SparkSession.
[2025-08-06T10:44:34.520+0000] {spark_submit.py:521} INFO - : java.lang.IllegalStateException: Cannot call methods on a stopped SparkContext.
[2025-08-06T10:44:34.520+0000] {spark_submit.py:521} INFO - This stopped SparkContext was created at:
[2025-08-06T10:44:34.520+0000] {spark_submit.py:521} INFO - 
[2025-08-06T10:44:34.520+0000] {spark_submit.py:521} INFO - org.apache.spark.api.java.JavaSparkContext.<init>(JavaSparkContext.scala:59)
[2025-08-06T10:44:34.520+0000] {spark_submit.py:521} INFO - java.base/jdk.internal.reflect.NativeConstructorAccessorImpl.newInstance0(Native Method)
[2025-08-06T10:44:34.521+0000] {spark_submit.py:521} INFO - java.base/jdk.internal.reflect.NativeConstructorAccessorImpl.newInstance(NativeConstructorAccessorImpl.java:77)
[2025-08-06T10:44:34.521+0000] {spark_submit.py:521} INFO - java.base/jdk.internal.reflect.DelegatingConstructorAccessorImpl.newInstance(DelegatingConstructorAccessorImpl.java:45)
[2025-08-06T10:44:34.521+0000] {spark_submit.py:521} INFO - java.base/java.lang.reflect.Constructor.newInstanceWithCaller(Constructor.java:500)
[2025-08-06T10:44:34.521+0000] {spark_submit.py:521} INFO - java.base/java.lang.reflect.Constructor.newInstance(Constructor.java:481)
[2025-08-06T10:44:34.522+0000] {spark_submit.py:521} INFO - py4j.reflection.MethodInvoker.invoke(MethodInvoker.java:247)
[2025-08-06T10:44:34.522+0000] {spark_submit.py:521} INFO - py4j.reflection.ReflectionEngine.invoke(ReflectionEngine.java:374)
[2025-08-06T10:44:34.522+0000] {spark_submit.py:521} INFO - py4j.Gateway.invoke(Gateway.java:238)
[2025-08-06T10:44:34.522+0000] {spark_submit.py:521} INFO - py4j.commands.ConstructorCommand.invokeConstructor(ConstructorCommand.java:80)
[2025-08-06T10:44:34.523+0000] {spark_submit.py:521} INFO - py4j.commands.ConstructorCommand.execute(ConstructorCommand.java:69)
[2025-08-06T10:44:34.523+0000] {spark_submit.py:521} INFO - py4j.ClientServerConnection.waitForCommands(ClientServerConnection.java:184)
[2025-08-06T10:44:34.523+0000] {spark_submit.py:521} INFO - py4j.ClientServerConnection.run(ClientServerConnection.java:108)
[2025-08-06T10:44:34.523+0000] {spark_submit.py:521} INFO - java.base/java.lang.Thread.run(Thread.java:840)
[2025-08-06T10:44:34.524+0000] {spark_submit.py:521} INFO - 
[2025-08-06T10:44:34.524+0000] {spark_submit.py:521} INFO - And it was stopped at:
[2025-08-06T10:44:34.525+0000] {spark_submit.py:521} INFO - 
[2025-08-06T10:44:34.525+0000] {spark_submit.py:521} INFO - org.apache.spark.SparkContext$$anon$3.run(SparkContext.scala:2284)
[2025-08-06T10:44:34.525+0000] {spark_submit.py:521} INFO - 
[2025-08-06T10:44:34.525+0000] {spark_submit.py:521} INFO - The currently active SparkContext was created at:
[2025-08-06T10:44:34.526+0000] {spark_submit.py:521} INFO - 
[2025-08-06T10:44:34.526+0000] {spark_submit.py:521} INFO - (No active SparkContext.)
[2025-08-06T10:44:34.526+0000] {spark_submit.py:521} INFO - 
[2025-08-06T10:44:34.527+0000] {spark_submit.py:521} INFO - at org.apache.spark.SparkContext.assertNotStopped(SparkContext.scala:128)
[2025-08-06T10:44:34.527+0000] {spark_submit.py:521} INFO - at org.apache.spark.sql.classic.SparkSession.<init>(SparkSession.scala:124)
[2025-08-06T10:44:34.527+0000] {spark_submit.py:521} INFO - at org.apache.spark.sql.classic.SparkSession.<init>(SparkSession.scala:117)
[2025-08-06T10:44:34.527+0000] {spark_submit.py:521} INFO - at java.base/jdk.internal.reflect.NativeConstructorAccessorImpl.newInstance0(Native Method)
[2025-08-06T10:44:34.528+0000] {spark_submit.py:521} INFO - at java.base/jdk.internal.reflect.NativeConstructorAccessorImpl.newInstance(NativeConstructorAccessorImpl.java:77)
[2025-08-06T10:44:34.528+0000] {spark_submit.py:521} INFO - at java.base/jdk.internal.reflect.DelegatingConstructorAccessorImpl.newInstance(DelegatingConstructorAccessorImpl.java:45)
[2025-08-06T10:44:34.528+0000] {spark_submit.py:521} INFO - at java.base/java.lang.reflect.Constructor.newInstanceWithCaller(Constructor.java:500)
[2025-08-06T10:44:34.528+0000] {spark_submit.py:521} INFO - at java.base/java.lang.reflect.Constructor.newInstance(Constructor.java:481)
[2025-08-06T10:44:34.529+0000] {spark_submit.py:521} INFO - at py4j.reflection.MethodInvoker.invoke(MethodInvoker.java:247)
[2025-08-06T10:44:34.529+0000] {spark_submit.py:521} INFO - at py4j.reflection.ReflectionEngine.invoke(ReflectionEngine.java:374)
[2025-08-06T10:44:34.529+0000] {spark_submit.py:521} INFO - at py4j.Gateway.invoke(Gateway.java:238)
[2025-08-06T10:44:34.529+0000] {spark_submit.py:521} INFO - at py4j.commands.ConstructorCommand.invokeConstructor(ConstructorCommand.java:80)
[2025-08-06T10:44:34.530+0000] {spark_submit.py:521} INFO - at py4j.commands.ConstructorCommand.execute(ConstructorCommand.java:69)
[2025-08-06T10:44:34.530+0000] {spark_submit.py:521} INFO - at py4j.ClientServerConnection.waitForCommands(ClientServerConnection.java:184)
[2025-08-06T10:44:34.530+0000] {spark_submit.py:521} INFO - at py4j.ClientServerConnection.run(ClientServerConnection.java:108)
[2025-08-06T10:44:34.530+0000] {spark_submit.py:521} INFO - at java.base/java.lang.Thread.run(Thread.java:840)
[2025-08-06T10:44:34.531+0000] {spark_submit.py:521} INFO - 
[2025-08-06T10:44:36.107+0000] {spark_submit.py:521} INFO - 25/08/06 10:44:36 INFO ShutdownHookManager: Shutdown hook called
[2025-08-06T10:44:36.108+0000] {spark_submit.py:521} INFO - 25/08/06 10:44:36 INFO ShutdownHookManager: Deleting directory /tmp/spark-629535af-d0ee-4f1b-969d-ba7513cc084f
[2025-08-06T10:44:36.121+0000] {spark_submit.py:521} INFO - 25/08/06 10:44:36 INFO ShutdownHookManager: Deleting directory /tmp/spark-a0828690-8e62-4a9d-9aa2-540b70098161
[2025-08-06T10:44:36.140+0000] {spark_submit.py:521} INFO - 25/08/06 10:44:36 INFO ShutdownHookManager: Deleting directory /tmp/spark-a0828690-8e62-4a9d-9aa2-540b70098161/pyspark-d1a10258-2d35-42f8-b672-df11d5d1d761
[2025-08-06T10:44:36.258+0000] {taskinstance.py:441} INFO - ::group::Post task execution logs
[2025-08-06T10:44:36.310+0000] {taskinstance.py:2905} ERROR - Task failed with exception
Traceback (most recent call last):
  File "/home/airflow/.local/lib/python3.10/site-packages/airflow/models/taskinstance.py", line 465, in _execute_task
    result = _execute_callable(context=context, **execute_callable_kwargs)
  File "/home/airflow/.local/lib/python3.10/site-packages/airflow/models/taskinstance.py", line 432, in _execute_callable
    return execute_callable(context=context, **execute_callable_kwargs)
  File "/home/airflow/.local/lib/python3.10/site-packages/airflow/models/baseoperator.py", line 400, in wrapper
    return func(self, *args, **kwargs)
  File "/home/airflow/.local/lib/python3.10/site-packages/airflow/providers/apache/spark/operators/spark_submit.py", line 156, in execute
    self._hook.submit(self._application)
  File "/home/airflow/.local/lib/python3.10/site-packages/airflow/providers/apache/spark/hooks/spark_submit.py", line 452, in submit
    raise AirflowException(
airflow.exceptions.AirflowException: Cannot execute: spark-submit --master spark://spark-master:7077 --conf spark.master=spark://spark-master:7077 --conf spark.submit.deployMode=client --conf spark.hadoop.fs.s3a.endpoint=http://minio:9000 --conf spark.hadoop.fs.s3a.access.key=minioadmin --conf spark.hadoop.fs.s3a.secret.key=****** --conf spark.hadoop.fs.s3a.path.style.access=true --conf spark.hadoop.fs.s3a.connection.ssl.enabled=false --jars /opt/custom-jars/hadoop-aws-3.3.6.jar,/opt/custom-jars/aws-java-sdk-bundle-1.12.367.jar --name arrow-spark --verbose /opt/spark-jobs/gold_transform.py. Error code is: 1.
[2025-08-06T10:44:36.336+0000] {taskinstance.py:1206} INFO - Marking task as FAILED. dag_id=spark_gold_transform_dag, task_id=submit_spark_job, run_id=manual__2025-08-06T10:43:18.121899+00:00, execution_date=20250806T104318, start_date=20250806T104322, end_date=20250806T104436
[2025-08-06T10:44:36.491+0000] {standard_task_runner.py:110} ERROR - Failed to execute job 19 for task submit_spark_job (Cannot execute: spark-submit --master spark://spark-master:7077 --conf spark.master=spark://spark-master:7077 --conf spark.submit.deployMode=client --conf spark.hadoop.fs.s3a.endpoint=http://minio:9000 --conf spark.hadoop.fs.s3a.access.key=minioadmin --conf spark.hadoop.fs.s3a.secret.key=****** --conf spark.hadoop.fs.s3a.path.style.access=true --conf spark.hadoop.fs.s3a.connection.ssl.enabled=false --jars /opt/custom-jars/hadoop-aws-3.3.6.jar,/opt/custom-jars/aws-java-sdk-bundle-1.12.367.jar --name arrow-spark --verbose /opt/spark-jobs/gold_transform.py. Error code is: 1.; 44)
[2025-08-06T10:44:36.542+0000] {local_task_job_runner.py:240} INFO - Task exited with return code 1
[2025-08-06T10:44:36.698+0000] {taskinstance.py:3498} INFO - 0 downstream tasks scheduled from follow-on schedule check
[2025-08-06T10:44:36.706+0000] {local_task_job_runner.py:222} INFO - ::endgroup::
