[2025-08-14T11:04:48.393+0000] {local_task_job_runner.py:120} INFO - ::group::Pre task execution logs
[2025-08-14T11:04:48.449+0000] {taskinstance.py:2076} INFO - Dependencies all met for dep_context=non-requeueable deps ti=<TaskInstance: spark_transform_pipeline.silver_vietnamworkcv_transform manual__2025-08-14T11:03:52.335417+00:00 [queued]>
[2025-08-14T11:04:48.456+0000] {taskinstance.py:2076} INFO - Dependencies all met for dep_context=requeueable deps ti=<TaskInstance: spark_transform_pipeline.silver_vietnamworkcv_transform manual__2025-08-14T11:03:52.335417+00:00 [queued]>
[2025-08-14T11:04:48.480+0000] {taskinstance.py:2306} INFO - Starting attempt 1 of 1
[2025-08-14T11:04:48.569+0000] {taskinstance.py:2330} INFO - Executing <Task(SparkSubmitOperator): silver_vietnamworkcv_transform> on 2025-08-14 11:03:52.335417+00:00
[2025-08-14T11:04:48.575+0000] {standard_task_runner.py:63} INFO - Started process 4629 to run task
[2025-08-14T11:04:48.582+0000] {standard_task_runner.py:90} INFO - Running: ['***', 'tasks', 'run', 'spark_transform_pipeline', 'silver_vietnamworkcv_transform', 'manual__2025-08-14T11:03:52.335417+00:00', '--job-id', '188', '--raw', '--subdir', 'DAGS_FOLDER/etl_jobs_dag.py', '--cfg-path', '/tmp/tmp8ix9o5qf']
[2025-08-14T11:04:48.586+0000] {standard_task_runner.py:91} INFO - Job 188: Subtask silver_vietnamworkcv_transform
[2025-08-14T11:04:48.704+0000] {task_command.py:426} INFO - Running <TaskInstance: spark_transform_pipeline.silver_vietnamworkcv_transform manual__2025-08-14T11:03:52.335417+00:00 [running]> on host 20bdaa41dd93
[2025-08-14T11:04:48.871+0000] {taskinstance.py:2648} INFO - Exporting env vars: AIRFLOW_CTX_DAG_OWNER='***' AIRFLOW_CTX_DAG_ID='spark_transform_pipeline' AIRFLOW_CTX_TASK_ID='silver_vietnamworkcv_transform' AIRFLOW_CTX_EXECUTION_DATE='2025-08-14T11:03:52.335417+00:00' AIRFLOW_CTX_TRY_NUMBER='1' AIRFLOW_CTX_DAG_RUN_ID='manual__2025-08-14T11:03:52.335417+00:00'
[2025-08-14T11:04:48.873+0000] {taskinstance.py:430} INFO - ::endgroup::
[2025-08-14T11:04:48.923+0000] {base.py:84} INFO - Using connection ID 'spark_default' for task execution.
[2025-08-14T11:04:48.925+0000] {spark_submit.py:351} INFO - Spark-Submit cmd: spark-submit --master spark://spark-master:7077 --conf spark.master=spark://spark-master:7077 --conf spark.driver.extraClassPath=/opt/custom-jars/* --conf spark.executor.extraClassPath=/opt/custom-jars/* --conf spark.hadoop.fs.gs.impl=com.google.cloud.hadoop.fs.gcs.GoogleHadoopFileSystem --conf spark.hadoop.fs.AbstractFileSystem.gs.impl=com.google.cloud.hadoop.fs.gcs.GoogleHadoopFS --conf spark.hadoop.google.cloud.auth.service.account.enable=true --conf spark.hadoop.google.cloud.auth.service.account.json.keyfile=/opt/***/gcp-key.json --jars /opt/custom-jars/gcs-connector-hadoop3-2.2.14-shaded.jar --name arrow-spark --verbose /opt/spark-jobs/transform/silver_vietnamworkcv_transform.py
[2025-08-14T11:04:50.042+0000] {spark_submit.py:521} INFO - WARNING: Using incubator modules: jdk.incubator.vector
[2025-08-14T11:04:51.942+0000] {spark_submit.py:521} INFO - Parsed arguments:
[2025-08-14T11:04:51.943+0000] {spark_submit.py:521} INFO - master                  spark://spark-master:7077
[2025-08-14T11:04:51.943+0000] {spark_submit.py:521} INFO - remote                  null
[2025-08-14T11:04:51.943+0000] {spark_submit.py:521} INFO - deployMode              null
[2025-08-14T11:04:51.944+0000] {spark_submit.py:521} INFO - executorMemory          null
[2025-08-14T11:04:51.944+0000] {spark_submit.py:521} INFO - executorCores           null
[2025-08-14T11:04:51.944+0000] {spark_submit.py:521} INFO - totalExecutorCores      null
[2025-08-14T11:04:51.945+0000] {spark_submit.py:521} INFO - propertiesFile          null
[2025-08-14T11:04:51.945+0000] {spark_submit.py:521} INFO - driverMemory            null
[2025-08-14T11:04:51.945+0000] {spark_submit.py:521} INFO - driverCores             null
[2025-08-14T11:04:51.946+0000] {spark_submit.py:521} INFO - driverExtraClassPath    /opt/custom-jars/*
[2025-08-14T11:04:51.946+0000] {spark_submit.py:521} INFO - driverExtraLibraryPath  null
[2025-08-14T11:04:51.946+0000] {spark_submit.py:521} INFO - driverExtraJavaOptions  null
[2025-08-14T11:04:51.947+0000] {spark_submit.py:521} INFO - supervise               false
[2025-08-14T11:04:51.947+0000] {spark_submit.py:521} INFO - queue                   null
[2025-08-14T11:04:51.947+0000] {spark_submit.py:521} INFO - numExecutors            null
[2025-08-14T11:04:51.947+0000] {spark_submit.py:521} INFO - files                   null
[2025-08-14T11:04:51.948+0000] {spark_submit.py:521} INFO - pyFiles                 null
[2025-08-14T11:04:51.948+0000] {spark_submit.py:521} INFO - archives                null
[2025-08-14T11:04:51.948+0000] {spark_submit.py:521} INFO - mainClass               null
[2025-08-14T11:04:51.948+0000] {spark_submit.py:521} INFO - primaryResource         file:/opt/spark-jobs/transform/silver_vietnamworkcv_transform.py
[2025-08-14T11:04:51.949+0000] {spark_submit.py:521} INFO - name                    arrow-spark
[2025-08-14T11:04:51.949+0000] {spark_submit.py:521} INFO - childArgs               []
[2025-08-14T11:04:51.949+0000] {spark_submit.py:521} INFO - jars                    file:/opt/custom-jars/gcs-connector-hadoop3-2.2.14-shaded.jar
[2025-08-14T11:04:51.949+0000] {spark_submit.py:521} INFO - packages                null
[2025-08-14T11:04:51.950+0000] {spark_submit.py:521} INFO - packagesExclusions      null
[2025-08-14T11:04:51.950+0000] {spark_submit.py:521} INFO - repositories            null
[2025-08-14T11:04:51.950+0000] {spark_submit.py:521} INFO - verbose                 true
[2025-08-14T11:04:51.950+0000] {spark_submit.py:521} INFO - 
[2025-08-14T11:04:51.951+0000] {spark_submit.py:521} INFO - Spark properties used, including those specified through
[2025-08-14T11:04:51.951+0000] {spark_submit.py:521} INFO - --conf and those from the properties file null:
[2025-08-14T11:04:51.951+0000] {spark_submit.py:521} INFO - (spark.driver.extraClassPath,/opt/custom-jars/*)
[2025-08-14T11:04:51.952+0000] {spark_submit.py:521} INFO - (spark.executor.extraClassPath,/opt/custom-jars/*)
[2025-08-14T11:04:51.952+0000] {spark_submit.py:521} INFO - (spark.hadoop.fs.AbstractFileSystem.gs.impl,com.google.cloud.hadoop.fs.gcs.GoogleHadoopFS)
[2025-08-14T11:04:51.952+0000] {spark_submit.py:521} INFO - (spark.hadoop.fs.gs.impl,com.google.cloud.hadoop.fs.gcs.GoogleHadoopFileSystem)
[2025-08-14T11:04:51.952+0000] {spark_submit.py:521} INFO - (spark.hadoop.google.cloud.auth.service.account.enable,true)
[2025-08-14T11:04:51.953+0000] {spark_submit.py:521} INFO - (spark.hadoop.google.cloud.auth.service.account.json.keyfile,/opt/***/gcp-key.json)
[2025-08-14T11:04:51.953+0000] {spark_submit.py:521} INFO - (spark.master,spark://spark-master:7077)
[2025-08-14T11:04:51.954+0000] {spark_submit.py:521} INFO - 
[2025-08-14T11:04:51.954+0000] {spark_submit.py:521} INFO - 
[2025-08-14T11:04:52.312+0000] {spark_submit.py:521} INFO - 25/08/14 11:04:52 WARN NativeCodeLoader: Unable to load native-hadoop library for your platform... using builtin-java classes where applicable
[2025-08-14T11:04:53.001+0000] {spark_submit.py:521} INFO - Main class:
[2025-08-14T11:04:53.001+0000] {spark_submit.py:521} INFO - org.apache.spark.deploy.PythonRunner
[2025-08-14T11:04:53.002+0000] {spark_submit.py:521} INFO - Arguments:
[2025-08-14T11:04:53.002+0000] {spark_submit.py:521} INFO - file:/opt/spark-jobs/transform/silver_vietnamworkcv_transform.py
[2025-08-14T11:04:53.002+0000] {spark_submit.py:521} INFO - null
[2025-08-14T11:04:53.003+0000] {spark_submit.py:521} INFO - Spark config:
[2025-08-14T11:04:53.004+0000] {spark_submit.py:521} INFO - (spark.app.name,arrow-spark)
[2025-08-14T11:04:53.004+0000] {spark_submit.py:521} INFO - (spark.app.submitTime,1755169492965)
[2025-08-14T11:04:53.004+0000] {spark_submit.py:521} INFO - (spark.driver.extraClassPath,/opt/custom-jars/*)
[2025-08-14T11:04:53.005+0000] {spark_submit.py:521} INFO - (spark.executor.extraClassPath,/opt/custom-jars/*)
[2025-08-14T11:04:53.005+0000] {spark_submit.py:521} INFO - (spark.hadoop.fs.AbstractFileSystem.gs.impl,com.google.cloud.hadoop.fs.gcs.GoogleHadoopFS)
[2025-08-14T11:04:53.005+0000] {spark_submit.py:521} INFO - (spark.hadoop.fs.gs.impl,com.google.cloud.hadoop.fs.gcs.GoogleHadoopFileSystem)
[2025-08-14T11:04:53.005+0000] {spark_submit.py:521} INFO - (spark.hadoop.google.cloud.auth.service.account.enable,true)
[2025-08-14T11:04:53.006+0000] {spark_submit.py:521} INFO - (spark.hadoop.google.cloud.auth.service.account.json.keyfile,/opt/***/gcp-key.json)
[2025-08-14T11:04:53.006+0000] {spark_submit.py:521} INFO - (spark.jars,file:///opt/custom-jars/gcs-connector-hadoop3-2.2.14-shaded.jar)
[2025-08-14T11:04:53.006+0000] {spark_submit.py:521} INFO - (spark.master,spark://spark-master:7077)
[2025-08-14T11:04:53.006+0000] {spark_submit.py:521} INFO - (spark.repl.local.jars,file:///opt/custom-jars/gcs-connector-hadoop3-2.2.14-shaded.jar)
[2025-08-14T11:04:53.007+0000] {spark_submit.py:521} INFO - (spark.submit.deployMode,client)
[2025-08-14T11:04:53.007+0000] {spark_submit.py:521} INFO - (spark.submit.pyFiles,)
[2025-08-14T11:04:53.007+0000] {spark_submit.py:521} INFO - Classpath elements:
[2025-08-14T11:04:53.008+0000] {spark_submit.py:521} INFO - file:///opt/custom-jars/gcs-connector-hadoop3-2.2.14-shaded.jar
[2025-08-14T11:04:53.008+0000] {spark_submit.py:521} INFO - 
[2025-08-14T11:04:53.008+0000] {spark_submit.py:521} INFO - 
[2025-08-14T11:04:55.351+0000] {spark_submit.py:521} INFO - Using Spark's default log4j profile: org/apache/spark/log4j2-defaults.properties
[2025-08-14T11:04:55.363+0000] {spark_submit.py:521} INFO - 25/08/14 11:04:55 INFO SparkContext: Running Spark version 4.0.0
[2025-08-14T11:04:55.367+0000] {spark_submit.py:521} INFO - 25/08/14 11:04:55 INFO SparkContext: OS info Linux, 5.15.167.4-microsoft-standard-WSL2, amd64
[2025-08-14T11:04:55.368+0000] {spark_submit.py:521} INFO - 25/08/14 11:04:55 INFO SparkContext: Java version 17.0.16
[2025-08-14T11:04:55.406+0000] {spark_submit.py:521} INFO - 25/08/14 11:04:55 INFO ResourceUtils: ==============================================================
[2025-08-14T11:04:55.407+0000] {spark_submit.py:521} INFO - 25/08/14 11:04:55 INFO ResourceUtils: No custom resources configured for spark.driver.
[2025-08-14T11:04:55.408+0000] {spark_submit.py:521} INFO - 25/08/14 11:04:55 INFO ResourceUtils: ==============================================================
[2025-08-14T11:04:55.408+0000] {spark_submit.py:521} INFO - 25/08/14 11:04:55 INFO SparkContext: Submitted application: silver_vietnamworkcv_transform
[2025-08-14T11:04:55.446+0000] {spark_submit.py:521} INFO - 25/08/14 11:04:55 INFO ResourceProfile: Default ResourceProfile created, executor resources: Map(memory -> name: memory, amount: 1024, script: , vendor: , offHeap -> name: offHeap, amount: 0, script: , vendor: ), task resources: Map(cpus -> name: cpus, amount: 1.0)
[2025-08-14T11:04:55.451+0000] {spark_submit.py:521} INFO - 25/08/14 11:04:55 INFO ResourceProfile: Limiting resource is cpu
[2025-08-14T11:04:55.453+0000] {spark_submit.py:521} INFO - 25/08/14 11:04:55 INFO ResourceProfileManager: Added ResourceProfile id: 0
[2025-08-14T11:04:55.552+0000] {spark_submit.py:521} INFO - 25/08/14 11:04:55 INFO SecurityManager: Changing view acls to: ***
[2025-08-14T11:04:55.554+0000] {spark_submit.py:521} INFO - 25/08/14 11:04:55 INFO SecurityManager: Changing modify acls to: ***
[2025-08-14T11:04:55.556+0000] {spark_submit.py:521} INFO - 25/08/14 11:04:55 INFO SecurityManager: Changing view acls groups to: ***
[2025-08-14T11:04:55.557+0000] {spark_submit.py:521} INFO - 25/08/14 11:04:55 INFO SecurityManager: Changing modify acls groups to: ***
[2025-08-14T11:04:55.569+0000] {spark_submit.py:521} INFO - 25/08/14 11:04:55 INFO SecurityManager: SecurityManager: authentication disabled; ui acls disabled; users with view permissions: *** groups with view permissions: EMPTY; users with modify permissions: ***; groups with modify permissions: EMPTY; RPC SSL disabled
[2025-08-14T11:04:55.885+0000] {spark_submit.py:521} INFO - 25/08/14 11:04:55 INFO Utils: Successfully started service 'sparkDriver' on port 41827.
[2025-08-14T11:04:55.945+0000] {spark_submit.py:521} INFO - 25/08/14 11:04:55 INFO SparkEnv: Registering MapOutputTracker
[2025-08-14T11:04:55.964+0000] {spark_submit.py:521} INFO - 25/08/14 11:04:55 INFO SparkEnv: Registering BlockManagerMaster
[2025-08-14T11:04:55.987+0000] {spark_submit.py:521} INFO - 25/08/14 11:04:55 INFO BlockManagerMasterEndpoint: Using org.apache.spark.storage.DefaultTopologyMapper for getting topology information
[2025-08-14T11:04:55.988+0000] {spark_submit.py:521} INFO - 25/08/14 11:04:55 INFO BlockManagerMasterEndpoint: BlockManagerMasterEndpoint up
[2025-08-14T11:04:55.999+0000] {spark_submit.py:521} INFO - 25/08/14 11:04:55 INFO SparkEnv: Registering BlockManagerMasterHeartbeat
[2025-08-14T11:04:56.031+0000] {spark_submit.py:521} INFO - 25/08/14 11:04:56 INFO DiskBlockManager: Created local directory at /tmp/blockmgr-062fa3ad-9fd7-46b9-a7dd-db21807279fe
[2025-08-14T11:04:56.056+0000] {spark_submit.py:521} INFO - 25/08/14 11:04:56 INFO SparkEnv: Registering OutputCommitCoordinator
[2025-08-14T11:04:56.241+0000] {spark_submit.py:521} INFO - 25/08/14 11:04:56 INFO JettyUtils: Start Jetty 0.0.0.0:4040 for SparkUI
[2025-08-14T11:04:56.338+0000] {spark_submit.py:521} INFO - 25/08/14 11:04:56 INFO Utils: Successfully started service 'SparkUI' on port 4040.
[2025-08-14T11:04:56.396+0000] {spark_submit.py:521} INFO - 25/08/14 11:04:56 INFO SparkContext: Added JAR file:///opt/custom-jars/gcs-connector-hadoop3-2.2.14-shaded.jar at spark://20bdaa41dd93:41827/jars/gcs-connector-hadoop3-2.2.14-shaded.jar with timestamp 1755169495328
[2025-08-14T11:04:56.422+0000] {spark_submit.py:521} INFO - 25/08/14 11:04:56 INFO SecurityManager: Changing view acls to: ***
[2025-08-14T11:04:56.423+0000] {spark_submit.py:521} INFO - 25/08/14 11:04:56 INFO SecurityManager: Changing modify acls to: ***
[2025-08-14T11:04:56.423+0000] {spark_submit.py:521} INFO - 25/08/14 11:04:56 INFO SecurityManager: Changing view acls groups to: ***
[2025-08-14T11:04:56.424+0000] {spark_submit.py:521} INFO - 25/08/14 11:04:56 INFO SecurityManager: Changing modify acls groups to: ***
[2025-08-14T11:04:56.424+0000] {spark_submit.py:521} INFO - 25/08/14 11:04:56 INFO SecurityManager: SecurityManager: authentication disabled; ui acls disabled; users with view permissions: *** groups with view permissions: EMPTY; users with modify permissions: ***; groups with modify permissions: EMPTY; RPC SSL disabled
[2025-08-14T11:04:56.689+0000] {spark_submit.py:521} INFO - 25/08/14 11:04:56 INFO StandaloneAppClient$ClientEndpoint: Connecting to master spark://spark-master:7077...
[2025-08-14T11:04:56.739+0000] {spark_submit.py:521} INFO - 25/08/14 11:04:56 INFO TransportClientFactory: Successfully created connection to spark-master/172.18.0.4:7077 after 24 ms (0 ms spent in bootstraps)
[2025-08-14T11:04:56.927+0000] {spark_submit.py:521} INFO - 25/08/14 11:04:56 INFO StandaloneSchedulerBackend: Connected to Spark cluster with app ID app-20250814110456-0012
[2025-08-14T11:04:56.935+0000] {spark_submit.py:521} INFO - 25/08/14 11:04:56 INFO StandaloneAppClient$ClientEndpoint: Executor added: app-20250814110456-0012/0 on worker-20250814083233-172.18.0.5-37435 (172.18.0.5:37435) with 2 core(s)
[2025-08-14T11:04:56.940+0000] {spark_submit.py:521} INFO - 25/08/14 11:04:56 INFO StandaloneSchedulerBackend: Granted executor ID app-20250814110456-0012/0 on hostPort 172.18.0.5:37435 with 2 core(s), 1024.0 MiB RAM
[2025-08-14T11:04:56.942+0000] {spark_submit.py:521} INFO - 25/08/14 11:04:56 INFO Utils: Successfully started service 'org.apache.spark.network.netty.NettyBlockTransferService' on port 38113.
[2025-08-14T11:04:56.945+0000] {spark_submit.py:521} INFO - 25/08/14 11:04:56 INFO NettyBlockTransferService: Server created on 20bdaa41dd93:38113
[2025-08-14T11:04:56.947+0000] {spark_submit.py:521} INFO - 25/08/14 11:04:56 INFO BlockManager: Using org.apache.spark.storage.RandomBlockReplicationPolicy for block replication policy
[2025-08-14T11:04:56.972+0000] {spark_submit.py:521} INFO - 25/08/14 11:04:56 INFO BlockManagerMaster: Registering BlockManager BlockManagerId(driver, 20bdaa41dd93, 38113, None)
[2025-08-14T11:04:56.978+0000] {spark_submit.py:521} INFO - 25/08/14 11:04:56 INFO BlockManagerMasterEndpoint: Registering block manager 20bdaa41dd93:38113 with 434.4 MiB RAM, BlockManagerId(driver, 20bdaa41dd93, 38113, None)
[2025-08-14T11:04:56.982+0000] {spark_submit.py:521} INFO - 25/08/14 11:04:56 INFO BlockManagerMaster: Registered BlockManager BlockManagerId(driver, 20bdaa41dd93, 38113, None)
[2025-08-14T11:04:56.984+0000] {spark_submit.py:521} INFO - 25/08/14 11:04:56 INFO BlockManager: Initialized BlockManager: BlockManagerId(driver, 20bdaa41dd93, 38113, None)
[2025-08-14T11:04:57.085+0000] {spark_submit.py:521} INFO - 25/08/14 11:04:57 INFO StandaloneAppClient$ClientEndpoint: Executor updated: app-20250814110456-0012/0 is now RUNNING
[2025-08-14T11:04:57.410+0000] {spark_submit.py:521} INFO - 25/08/14 11:04:57 INFO StandaloneSchedulerBackend: SchedulerBackend is ready for scheduling beginning after reached minRegisteredResourcesRatio: 0.0
[2025-08-14T11:05:02.024+0000] {spark_submit.py:521} INFO - 25/08/14 11:05:02 INFO SharedState: Setting hive.metastore.warehouse.dir ('null') to the value of spark.sql.warehouse.dir.
[2025-08-14T11:05:02.028+0000] {spark_submit.py:521} INFO - 25/08/14 11:05:02 INFO SharedState: Warehouse path is 'file:/opt/***/spark-warehouse'.
[2025-08-14T11:05:02.580+0000] {spark_submit.py:521} INFO - 25/08/14 11:05:02 INFO StandaloneSchedulerBackend$StandaloneDriverEndpoint: Registered executor NettyRpcEndpointRef(spark-client://Executor) (172.18.0.5:46788) with ID 0, ResourceProfileId 0
[2025-08-14T11:05:02.772+0000] {spark_submit.py:521} INFO - 25/08/14 11:05:02 INFO BlockManagerMasterEndpoint: Registering block manager 172.18.0.5:44175 with 434.4 MiB RAM, BlockManagerId(0, 172.18.0.5, 44175, None)
[2025-08-14T11:05:05.851+0000] {spark_submit.py:521} INFO - 25/08/14 11:05:05 INFO InMemoryFileIndex: It took 196 ms to list leaf files for 1 paths.
[2025-08-14T11:05:06.297+0000] {spark_submit.py:521} INFO - 25/08/14 11:05:06 INFO SparkContext: Starting job: parquet at NativeMethodAccessorImpl.java:0
[2025-08-14T11:05:06.328+0000] {spark_submit.py:521} INFO - 25/08/14 11:05:06 INFO DAGScheduler: Got job 0 (parquet at NativeMethodAccessorImpl.java:0) with 1 output partitions
[2025-08-14T11:05:06.333+0000] {spark_submit.py:521} INFO - 25/08/14 11:05:06 INFO DAGScheduler: Final stage: ResultStage 0 (parquet at NativeMethodAccessorImpl.java:0)
[2025-08-14T11:05:06.335+0000] {spark_submit.py:521} INFO - 25/08/14 11:05:06 INFO DAGScheduler: Parents of final stage: List()
[2025-08-14T11:05:06.339+0000] {spark_submit.py:521} INFO - 25/08/14 11:05:06 INFO DAGScheduler: Missing parents: List()
[2025-08-14T11:05:06.345+0000] {spark_submit.py:521} INFO - 25/08/14 11:05:06 INFO DAGScheduler: Submitting ResultStage 0 (MapPartitionsRDD[1] at parquet at NativeMethodAccessorImpl.java:0), which has no missing parents
[2025-08-14T11:05:06.427+0000] {spark_submit.py:521} INFO - 25/08/14 11:05:06 INFO MemoryStore: MemoryStore started with capacity 434.4 MiB
[2025-08-14T11:05:06.447+0000] {spark_submit.py:521} INFO - 25/08/14 11:05:06 INFO MemoryStore: Block broadcast_0 stored as values in memory (estimated size 116.0 KiB, free 434.3 MiB)
[2025-08-14T11:05:06.521+0000] {spark_submit.py:521} INFO - 25/08/14 11:05:06 INFO MemoryStore: Block broadcast_0_piece0 stored as bytes in memory (estimated size 41.8 KiB, free 434.2 MiB)
[2025-08-14T11:05:06.547+0000] {spark_submit.py:521} INFO - 25/08/14 11:05:06 INFO SparkContext: Created broadcast 0 from broadcast at DAGScheduler.scala:1676
[2025-08-14T11:05:06.582+0000] {spark_submit.py:521} INFO - 25/08/14 11:05:06 INFO DAGScheduler: Submitting 1 missing tasks from ResultStage 0 (MapPartitionsRDD[1] at parquet at NativeMethodAccessorImpl.java:0) (first 15 tasks are for partitions Vector(0))
[2025-08-14T11:05:06.598+0000] {spark_submit.py:521} INFO - 25/08/14 11:05:06 INFO TaskSchedulerImpl: Adding task set 0.0 with 1 tasks resource profile 0
[2025-08-14T11:05:06.640+0000] {spark_submit.py:521} INFO - 25/08/14 11:05:06 INFO TaskSetManager: Starting task 0.0 in stage 0.0 (TID 0) (172.18.0.5,executor 0, partition 0, PROCESS_LOCAL, 10015 bytes)
[2025-08-14T11:05:10.822+0000] {spark_submit.py:521} INFO - 25/08/14 11:05:10 INFO TaskSetManager: Finished task 0.0 in stage 0.0 (TID 0) in 4200 ms on 172.18.0.5 (executor 0) (1/1)
[2025-08-14T11:05:10.825+0000] {spark_submit.py:521} INFO - 25/08/14 11:05:10 INFO TaskSchedulerImpl: Removed TaskSet 0.0 whose tasks have all completed, from pool
[2025-08-14T11:05:10.829+0000] {spark_submit.py:521} INFO - 25/08/14 11:05:10 INFO DAGScheduler: ResultStage 0 (parquet at NativeMethodAccessorImpl.java:0) finished in 4453 ms
[2025-08-14T11:05:10.833+0000] {spark_submit.py:521} INFO - 25/08/14 11:05:10 INFO DAGScheduler: Job 0 is finished. Cancelling potential speculative or zombie tasks for this job
[2025-08-14T11:05:10.833+0000] {spark_submit.py:521} INFO - 25/08/14 11:05:10 INFO TaskSchedulerImpl: Canceling stage 0
[2025-08-14T11:05:10.837+0000] {spark_submit.py:521} INFO - 25/08/14 11:05:10 INFO TaskSchedulerImpl: Killing all running tasks in stage 0: Stage finished
[2025-08-14T11:05:10.842+0000] {spark_submit.py:521} INFO - 25/08/14 11:05:10 INFO DAGScheduler: Job 0 finished: parquet at NativeMethodAccessorImpl.java:0, took 4544.034739 ms
[2025-08-14T11:05:12.424+0000] {spark_submit.py:521} INFO - 25/08/14 11:05:12 INFO FileSourceStrategy: Pushed Filters:
[2025-08-14T11:05:12.426+0000] {spark_submit.py:521} INFO - 25/08/14 11:05:12 INFO FileSourceStrategy: Post-Scan Filters: Set()
[2025-08-14T11:05:12.891+0000] {spark_submit.py:521} INFO - 25/08/14 11:05:12 INFO CodeGenerator: Code generated in 197.801532 ms
[2025-08-14T11:05:13.037+0000] {spark_submit.py:521} INFO - 25/08/14 11:05:13 INFO CodeGenerator: Code generated in 62.996972 ms
[2025-08-14T11:05:13.077+0000] {spark_submit.py:521} INFO - 25/08/14 11:05:13 INFO MemoryStore: Block broadcast_1 stored as values in memory (estimated size 221.0 KiB, free 434.2 MiB)
[2025-08-14T11:05:13.096+0000] {spark_submit.py:521} INFO - 25/08/14 11:05:13 INFO MemoryStore: Block broadcast_1_piece0 stored as bytes in memory (estimated size 40.2 KiB, free 434.1 MiB)
[2025-08-14T11:05:13.101+0000] {spark_submit.py:521} INFO - 25/08/14 11:05:13 INFO SparkContext: Created broadcast 1 from $anonfun$withThreadLocalCaptured$2 at CompletableFuture.java:1768
[2025-08-14T11:05:13.127+0000] {spark_submit.py:521} INFO - 25/08/14 11:05:13 INFO FileSourceScanExec: Planning scan with bin packing, max size: 4194304 bytes, open cost is considered as scanning 4194304 bytes.
[2025-08-14T11:05:13.347+0000] {spark_submit.py:521} INFO - 25/08/14 11:05:13 INFO DAGScheduler: Registering RDD 10 ($anonfun$withThreadLocalCaptured$2 at CompletableFuture.java:1768) as input to shuffle 0
[2025-08-14T11:05:13.358+0000] {spark_submit.py:521} INFO - 25/08/14 11:05:13 INFO DAGScheduler: Got map stage job 1 ($anonfun$withThreadLocalCaptured$2 at CompletableFuture.java:1768) with 1 output partitions
[2025-08-14T11:05:13.359+0000] {spark_submit.py:521} INFO - 25/08/14 11:05:13 INFO DAGScheduler: Final stage: ShuffleMapStage 1 ($anonfun$withThreadLocalCaptured$2 at CompletableFuture.java:1768)
[2025-08-14T11:05:13.360+0000] {spark_submit.py:521} INFO - 25/08/14 11:05:13 INFO DAGScheduler: Parents of final stage: List()
[2025-08-14T11:05:13.361+0000] {spark_submit.py:521} INFO - 25/08/14 11:05:13 INFO DAGScheduler: Missing parents: List()
[2025-08-14T11:05:13.363+0000] {spark_submit.py:521} INFO - 25/08/14 11:05:13 INFO DAGScheduler: Submitting ShuffleMapStage 1 (MapPartitionsRDD[10] at $anonfun$withThreadLocalCaptured$2 at CompletableFuture.java:1768), which has no missing parents
[2025-08-14T11:05:13.391+0000] {spark_submit.py:521} INFO - 25/08/14 11:05:13 INFO MemoryStore: Block broadcast_2 stored as values in memory (estimated size 66.2 KiB, free 434.1 MiB)
[2025-08-14T11:05:13.402+0000] {spark_submit.py:521} INFO - 25/08/14 11:05:13 INFO MemoryStore: Block broadcast_2_piece0 stored as bytes in memory (estimated size 25.1 KiB, free 434.1 MiB)
[2025-08-14T11:05:13.405+0000] {spark_submit.py:521} INFO - 25/08/14 11:05:13 INFO SparkContext: Created broadcast 2 from broadcast at DAGScheduler.scala:1676
[2025-08-14T11:05:13.409+0000] {spark_submit.py:521} INFO - 25/08/14 11:05:13 INFO DAGScheduler: Submitting 1 missing tasks from ShuffleMapStage 1 (MapPartitionsRDD[10] at $anonfun$withThreadLocalCaptured$2 at CompletableFuture.java:1768) (first 15 tasks are for partitions Vector(0))
[2025-08-14T11:05:13.410+0000] {spark_submit.py:521} INFO - 25/08/14 11:05:13 INFO TaskSchedulerImpl: Adding task set 1.0 with 1 tasks resource profile 0
[2025-08-14T11:05:13.417+0000] {spark_submit.py:521} INFO - 25/08/14 11:05:13 INFO TaskSetManager: Starting task 0.0 in stage 1.0 (TID 1) (172.18.0.5,executor 0, partition 0, PROCESS_LOCAL, 10445 bytes)
[2025-08-14T11:05:18.561+0000] {spark_submit.py:521} INFO - 25/08/14 11:05:18 INFO TaskSetManager: Finished task 0.0 in stage 1.0 (TID 1) in 5148 ms on 172.18.0.5 (executor 0) (1/1)
[2025-08-14T11:05:18.562+0000] {spark_submit.py:521} INFO - 25/08/14 11:05:18 INFO TaskSchedulerImpl: Removed TaskSet 1.0 whose tasks have all completed, from pool
[2025-08-14T11:05:18.564+0000] {spark_submit.py:521} INFO - 25/08/14 11:05:18 INFO PythonAccumulatorV2: Connected to AccumulatorServer at host: 127.0.0.1 port: 42229
[2025-08-14T11:05:18.567+0000] {spark_submit.py:521} INFO - 25/08/14 11:05:18 INFO DAGScheduler: ShuffleMapStage 1 ($anonfun$withThreadLocalCaptured$2 at CompletableFuture.java:1768) finished in 5199 ms
[2025-08-14T11:05:18.568+0000] {spark_submit.py:521} INFO - 25/08/14 11:05:18 INFO DAGScheduler: looking for newly runnable stages
[2025-08-14T11:05:18.568+0000] {spark_submit.py:521} INFO - 25/08/14 11:05:18 INFO DAGScheduler: running: HashSet()
[2025-08-14T11:05:18.569+0000] {spark_submit.py:521} INFO - 25/08/14 11:05:18 INFO DAGScheduler: waiting: HashSet()
[2025-08-14T11:05:18.569+0000] {spark_submit.py:521} INFO - 25/08/14 11:05:18 INFO DAGScheduler: failed: HashSet()
[2025-08-14T11:05:18.602+0000] {spark_submit.py:521} INFO - 25/08/14 11:05:18 INFO ShufflePartitionsUtil: For shuffle(0, advisory target size: 67108864, actual target size 1048576, minimum partition size: 1048576
[2025-08-14T11:05:20.057+0000] {spark_submit.py:521} INFO - 25/08/14 11:05:20 INFO ParquetUtils: Using default output committer for Parquet: org.apache.parquet.hadoop.ParquetOutputCommitter
[2025-08-14T11:05:20.088+0000] {spark_submit.py:521} INFO - 25/08/14 11:05:20 INFO FileOutputCommitter: File Output Committer Algorithm version is 1
[2025-08-14T11:05:20.089+0000] {spark_submit.py:521} INFO - 25/08/14 11:05:20 INFO FileOutputCommitter: FileOutputCommitter skip cleanup _temporary folders under output directory:false, ignore cleanup failures: false
[2025-08-14T11:05:20.089+0000] {spark_submit.py:521} INFO - 25/08/14 11:05:20 INFO SQLHadoopMapReduceCommitProtocol: Using user defined output committer class org.apache.parquet.hadoop.ParquetOutputCommitter
[2025-08-14T11:05:20.090+0000] {spark_submit.py:521} INFO - 25/08/14 11:05:20 INFO FileOutputCommitter: File Output Committer Algorithm version is 1
[2025-08-14T11:05:20.090+0000] {spark_submit.py:521} INFO - 25/08/14 11:05:20 INFO FileOutputCommitter: FileOutputCommitter skip cleanup _temporary folders under output directory:false, ignore cleanup failures: false
[2025-08-14T11:05:20.091+0000] {spark_submit.py:521} INFO - 25/08/14 11:05:20 INFO SQLHadoopMapReduceCommitProtocol: Using output committer class org.apache.parquet.hadoop.ParquetOutputCommitter
[2025-08-14T11:05:20.967+0000] {spark_submit.py:521} INFO - 25/08/14 11:05:20 INFO CodeGenerator: Code generated in 17.699872 ms
[2025-08-14T11:05:20.983+0000] {spark_submit.py:521} INFO - 25/08/14 11:05:20 INFO CodeGenerator: Code generated in 7.60079 ms
[2025-08-14T11:05:21.015+0000] {spark_submit.py:521} INFO - 25/08/14 11:05:21 INFO SparkContext: Starting job: $anonfun$withThreadLocalCaptured$2 at CompletableFuture.java:1768
[2025-08-14T11:05:21.016+0000] {spark_submit.py:521} INFO - 25/08/14 11:05:21 INFO DAGScheduler: Got job 2 ($anonfun$withThreadLocalCaptured$2 at CompletableFuture.java:1768) with 1 output partitions
[2025-08-14T11:05:21.017+0000] {spark_submit.py:521} INFO - 25/08/14 11:05:21 INFO DAGScheduler: Final stage: ResultStage 3 ($anonfun$withThreadLocalCaptured$2 at CompletableFuture.java:1768)
[2025-08-14T11:05:21.017+0000] {spark_submit.py:521} INFO - 25/08/14 11:05:21 INFO DAGScheduler: Parents of final stage: List(ShuffleMapStage 2)
[2025-08-14T11:05:21.017+0000] {spark_submit.py:521} INFO - 25/08/14 11:05:21 INFO DAGScheduler: Missing parents: List()
[2025-08-14T11:05:21.017+0000] {spark_submit.py:521} INFO - 25/08/14 11:05:21 INFO DAGScheduler: Submitting ResultStage 3 (MapPartitionsRDD[16] at $anonfun$withThreadLocalCaptured$2 at CompletableFuture.java:1768), which has no missing parents
[2025-08-14T11:05:21.053+0000] {spark_submit.py:521} INFO - 25/08/14 11:05:21 INFO MemoryStore: Block broadcast_3 stored as values in memory (estimated size 298.6 KiB, free 433.9 MiB)
[2025-08-14T11:05:21.061+0000] {spark_submit.py:521} INFO - 25/08/14 11:05:21 INFO MemoryStore: Block broadcast_3_piece0 stored as bytes in memory (estimated size 108.9 KiB, free 433.7 MiB)
[2025-08-14T11:05:21.062+0000] {spark_submit.py:521} INFO - 25/08/14 11:05:21 INFO SparkContext: Created broadcast 3 from broadcast at DAGScheduler.scala:1676
[2025-08-14T11:05:21.063+0000] {spark_submit.py:521} INFO - 25/08/14 11:05:21 INFO DAGScheduler: Submitting 1 missing tasks from ResultStage 3 (MapPartitionsRDD[16] at $anonfun$withThreadLocalCaptured$2 at CompletableFuture.java:1768) (first 15 tasks are for partitions Vector(0))
[2025-08-14T11:05:21.064+0000] {spark_submit.py:521} INFO - 25/08/14 11:05:21 INFO TaskSchedulerImpl: Adding task set 3.0 with 1 tasks resource profile 0
[2025-08-14T11:05:21.073+0000] {spark_submit.py:521} INFO - 25/08/14 11:05:21 INFO TaskSetManager: Starting task 0.0 in stage 3.0 (TID 2) (172.18.0.5,executor 0, partition 0, NODE_LOCAL, 9833 bytes)
[2025-08-14T11:05:21.351+0000] {spark_submit.py:521} INFO - 25/08/14 11:05:21 INFO MapOutputTrackerMasterEndpoint: Asked to send map output locations for shuffle 0 to 172.18.0.5:46788
[2025-08-14T11:05:24.898+0000] {spark_submit.py:521} INFO - 25/08/14 11:05:24 INFO TaskSetManager: Finished task 0.0 in stage 3.0 (TID 2) in 3827 ms on 172.18.0.5 (executor 0) (1/1)
[2025-08-14T11:05:24.898+0000] {spark_submit.py:521} INFO - 25/08/14 11:05:24 INFO TaskSchedulerImpl: Removed TaskSet 3.0 whose tasks have all completed, from pool
[2025-08-14T11:05:24.899+0000] {spark_submit.py:521} INFO - 25/08/14 11:05:24 INFO DAGScheduler: ResultStage 3 ($anonfun$withThreadLocalCaptured$2 at CompletableFuture.java:1768) finished in 3875 ms
[2025-08-14T11:05:24.900+0000] {spark_submit.py:521} INFO - 25/08/14 11:05:24 INFO DAGScheduler: Job 2 is finished. Cancelling potential speculative or zombie tasks for this job
[2025-08-14T11:05:24.900+0000] {spark_submit.py:521} INFO - 25/08/14 11:05:24 INFO TaskSchedulerImpl: Canceling stage 3
[2025-08-14T11:05:24.900+0000] {spark_submit.py:521} INFO - 25/08/14 11:05:24 INFO TaskSchedulerImpl: Killing all running tasks in stage 3: Stage finished
[2025-08-14T11:05:24.901+0000] {spark_submit.py:521} INFO - 25/08/14 11:05:24 INFO DAGScheduler: Job 2 finished: $anonfun$withThreadLocalCaptured$2 at CompletableFuture.java:1768, took 3885.355199 ms
[2025-08-14T11:05:24.904+0000] {spark_submit.py:521} INFO - 25/08/14 11:05:24 INFO FileFormatWriter: Start to commit write Job 204e0363-d7e4-44f0-a7c7-e97e644d80a2.
[2025-08-14T11:05:26.776+0000] {spark_submit.py:521} INFO - 25/08/14 11:05:26 INFO GoogleCloudStorageFileSystem: Successfully repaired 'gs://job_gcp/silver/vietnamworkcv/vietnamworkcv_jobs.parquet/_temporary/0/task_202508141105217608910887933403690_0003_m_000000/' directory.
[2025-08-14T11:05:27.598+0000] {spark_submit.py:521} INFO - 25/08/14 11:05:27 INFO GoogleCloudStorageFileSystem: Successfully repaired 'gs://job_gcp/silver/vietnamworkcv/vietnamworkcv_jobs.parquet/' directory.
[2025-08-14T11:05:28.456+0000] {spark_submit.py:521} INFO - 25/08/14 11:05:28 INFO FileFormatWriter: Write Job 204e0363-d7e4-44f0-a7c7-e97e644d80a2 committed. Elapsed time: 3550 ms.
[2025-08-14T11:05:28.460+0000] {spark_submit.py:521} INFO - 25/08/14 11:05:28 INFO FileFormatWriter: Finished processing stats for write job 204e0363-d7e4-44f0-a7c7-e97e644d80a2.
[2025-08-14T11:05:28.478+0000] {spark_submit.py:521} INFO - ✅ Uploaded Spark DataFrame to GCS: gs://job_gcp/silver/vietnamworkcv/vietnamworkcv_jobs.parquet
[2025-08-14T11:05:28.481+0000] {spark_submit.py:521} INFO - 25/08/14 11:05:28 INFO SparkContext: SparkContext is stopping with exitCode 0 from stop at NativeMethodAccessorImpl.java:0.
[2025-08-14T11:05:28.497+0000] {spark_submit.py:521} INFO - 25/08/14 11:05:28 INFO SparkUI: Stopped Spark web UI at http://20bdaa41dd93:4040
[2025-08-14T11:05:28.499+0000] {spark_submit.py:521} INFO - 25/08/14 11:05:28 INFO StandaloneSchedulerBackend: Shutting down all executors
[2025-08-14T11:05:28.500+0000] {spark_submit.py:521} INFO - 25/08/14 11:05:28 INFO StandaloneSchedulerBackend$StandaloneDriverEndpoint: Asking each executor to shut down
[2025-08-14T11:05:28.522+0000] {spark_submit.py:521} INFO - 25/08/14 11:05:28 INFO MapOutputTrackerMasterEndpoint: MapOutputTrackerMasterEndpoint stopped!
[2025-08-14T11:05:28.555+0000] {spark_submit.py:521} INFO - 25/08/14 11:05:28 INFO MemoryStore: MemoryStore cleared
[2025-08-14T11:05:28.556+0000] {spark_submit.py:521} INFO - 25/08/14 11:05:28 INFO BlockManager: BlockManager stopped
[2025-08-14T11:05:28.560+0000] {spark_submit.py:521} INFO - 25/08/14 11:05:28 INFO BlockManagerMaster: BlockManagerMaster stopped
[2025-08-14T11:05:28.564+0000] {spark_submit.py:521} INFO - 25/08/14 11:05:28 INFO OutputCommitCoordinator$OutputCommitCoordinatorEndpoint: OutputCommitCoordinator stopped!
[2025-08-14T11:05:28.577+0000] {spark_submit.py:521} INFO - 25/08/14 11:05:28 INFO SparkContext: Successfully stopped SparkContext
[2025-08-14T11:05:29.359+0000] {spark_submit.py:521} INFO - 25/08/14 11:05:29 INFO ShutdownHookManager: Shutdown hook called
[2025-08-14T11:05:29.360+0000] {spark_submit.py:521} INFO - 25/08/14 11:05:29 INFO ShutdownHookManager: Deleting directory /tmp/spark-e2f72cc5-3053-4fc6-8e29-f981fe15e941
[2025-08-14T11:05:29.364+0000] {spark_submit.py:521} INFO - 25/08/14 11:05:29 INFO ShutdownHookManager: Deleting directory /tmp/spark-463ff303-7d49-4940-8a45-ffbf0f15ae33
[2025-08-14T11:05:29.369+0000] {spark_submit.py:521} INFO - 25/08/14 11:05:29 INFO ShutdownHookManager: Deleting directory /tmp/spark-e2f72cc5-3053-4fc6-8e29-f981fe15e941/pyspark-8e27c190-25e4-40a5-a34a-623d24212437
[2025-08-14T11:05:29.374+0000] {spark_submit.py:521} INFO - 25/08/14 11:05:29 INFO ShutdownHookManager: Deleting directory /opt/***/artifacts/spark-8da07734-bf05-4fd9-83fb-246d5ab550b3
[2025-08-14T11:05:29.426+0000] {taskinstance.py:441} INFO - ::group::Post task execution logs
[2025-08-14T11:05:29.482+0000] {taskinstance.py:1206} INFO - Marking task as SUCCESS. dag_id=spark_transform_pipeline, task_id=silver_vietnamworkcv_transform, run_id=manual__2025-08-14T11:03:52.335417+00:00, execution_date=20250814T110352, start_date=20250814T110448, end_date=20250814T110529
[2025-08-14T11:05:29.562+0000] {local_task_job_runner.py:240} INFO - Task exited with return code 0
[2025-08-14T11:05:29.624+0000] {taskinstance.py:3498} INFO - 1 downstream tasks scheduled from follow-on schedule check
[2025-08-14T11:05:29.627+0000] {local_task_job_runner.py:222} INFO - ::endgroup::
