[2025-08-07T10:59:05.771+0000] {local_task_job_runner.py:120} INFO - ::group::Pre task execution logs
[2025-08-07T10:59:05.823+0000] {taskinstance.py:2076} INFO - Dependencies all met for dep_context=non-requeueable deps ti=<TaskInstance: spark_transform_topcv.submit_spark_job manual__2025-08-07T10:59:01.373888+00:00 [queued]>
[2025-08-07T10:59:05.833+0000] {taskinstance.py:2076} INFO - Dependencies all met for dep_context=requeueable deps ti=<TaskInstance: spark_transform_topcv.submit_spark_job manual__2025-08-07T10:59:01.373888+00:00 [queued]>
[2025-08-07T10:59:05.834+0000] {taskinstance.py:2306} INFO - Starting attempt 1 of 1
[2025-08-07T10:59:05.846+0000] {taskinstance.py:2330} INFO - Executing <Task(SparkSubmitOperator): submit_spark_job> on 2025-08-07 10:59:01.373888+00:00
[2025-08-07T10:59:05.853+0000] {standard_task_runner.py:63} INFO - Started process 48 to run task
[2025-08-07T10:59:05.856+0000] {standard_task_runner.py:90} INFO - Running: ['***', 'tasks', 'run', 'spark_transform_topcv', 'submit_spark_job', 'manual__2025-08-07T10:59:01.373888+00:00', '--job-id', '35', '--raw', '--subdir', 'DAGS_FOLDER/etl_jobs_dag.py', '--cfg-path', '/tmp/tmp_h32nfx7']
[2025-08-07T10:59:05.861+0000] {standard_task_runner.py:91} INFO - Job 35: Subtask submit_spark_job
[2025-08-07T10:59:06.007+0000] {task_command.py:426} INFO - Running <TaskInstance: spark_transform_topcv.submit_spark_job manual__2025-08-07T10:59:01.373888+00:00 [running]> on host 0d9cbc3d310d
[2025-08-07T10:59:06.244+0000] {taskinstance.py:2648} INFO - Exporting env vars: AIRFLOW_CTX_DAG_OWNER='***' AIRFLOW_CTX_DAG_ID='spark_transform_topcv' AIRFLOW_CTX_TASK_ID='submit_spark_job' AIRFLOW_CTX_EXECUTION_DATE='2025-08-07T10:59:01.373888+00:00' AIRFLOW_CTX_TRY_NUMBER='1' AIRFLOW_CTX_DAG_RUN_ID='manual__2025-08-07T10:59:01.373888+00:00'
[2025-08-07T10:59:06.246+0000] {taskinstance.py:430} INFO - ::endgroup::
[2025-08-07T10:59:06.305+0000] {base.py:84} INFO - Using connection ID 'spark_default' for task execution.
[2025-08-07T10:59:06.306+0000] {spark_submit.py:351} INFO - Spark-Submit cmd: spark-submit --master spark://spark-master:7077 --conf spark.hadoop.fs.s3a.endpoint=http://minio:9000 --conf spark.hadoop.fs.s3a.access.key=minioadmin --conf spark.hadoop.fs.s3a.secret.key=****** --conf spark.hadoop.fs.s3a.path.style.access=true --conf spark.hadoop.fs.s3a.impl=org.apache.hadoop.fs.s3a.S3AFileSystem --jars /opt/custom-jars/hadoop-aws-3.3.2.jar,/opt/custom-jars/aws-java-sdk-bundle-1.12.367.jar --name arrow-spark --verbose /opt/spark-jobs/gold_transform.py
[2025-08-07T10:59:07.650+0000] {spark_submit.py:521} INFO - WARNING: Using incubator modules: jdk.incubator.vector
[2025-08-07T10:59:09.779+0000] {spark_submit.py:521} INFO - Parsed arguments:
[2025-08-07T10:59:09.781+0000] {spark_submit.py:521} INFO - master                  spark://spark-master:7077
[2025-08-07T10:59:09.781+0000] {spark_submit.py:521} INFO - remote                  null
[2025-08-07T10:59:09.782+0000] {spark_submit.py:521} INFO - deployMode              null
[2025-08-07T10:59:09.783+0000] {spark_submit.py:521} INFO - executorMemory          null
[2025-08-07T10:59:09.783+0000] {spark_submit.py:521} INFO - executorCores           null
[2025-08-07T10:59:09.783+0000] {spark_submit.py:521} INFO - totalExecutorCores      null
[2025-08-07T10:59:09.784+0000] {spark_submit.py:521} INFO - propertiesFile          null
[2025-08-07T10:59:09.784+0000] {spark_submit.py:521} INFO - driverMemory            null
[2025-08-07T10:59:09.784+0000] {spark_submit.py:521} INFO - driverCores             null
[2025-08-07T10:59:09.785+0000] {spark_submit.py:521} INFO - driverExtraClassPath    null
[2025-08-07T10:59:09.785+0000] {spark_submit.py:521} INFO - driverExtraLibraryPath  null
[2025-08-07T10:59:09.785+0000] {spark_submit.py:521} INFO - driverExtraJavaOptions  null
[2025-08-07T10:59:09.786+0000] {spark_submit.py:521} INFO - supervise               false
[2025-08-07T10:59:09.786+0000] {spark_submit.py:521} INFO - queue                   null
[2025-08-07T10:59:09.786+0000] {spark_submit.py:521} INFO - numExecutors            null
[2025-08-07T10:59:09.787+0000] {spark_submit.py:521} INFO - files                   null
[2025-08-07T10:59:09.787+0000] {spark_submit.py:521} INFO - pyFiles                 null
[2025-08-07T10:59:09.787+0000] {spark_submit.py:521} INFO - archives                null
[2025-08-07T10:59:09.788+0000] {spark_submit.py:521} INFO - mainClass               null
[2025-08-07T10:59:09.788+0000] {spark_submit.py:521} INFO - primaryResource         file:/opt/spark-jobs/gold_transform.py
[2025-08-07T10:59:09.788+0000] {spark_submit.py:521} INFO - name                    arrow-spark
[2025-08-07T10:59:09.788+0000] {spark_submit.py:521} INFO - childArgs               []
[2025-08-07T10:59:09.789+0000] {spark_submit.py:521} INFO - jars                    file:/opt/custom-jars/hadoop-aws-3.3.2.jar,file:/opt/custom-jars/aws-java-sdk-bundle-1.12.367.jar
[2025-08-07T10:59:09.789+0000] {spark_submit.py:521} INFO - packages                null
[2025-08-07T10:59:09.789+0000] {spark_submit.py:521} INFO - packagesExclusions      null
[2025-08-07T10:59:09.790+0000] {spark_submit.py:521} INFO - repositories            null
[2025-08-07T10:59:09.790+0000] {spark_submit.py:521} INFO - verbose                 true
[2025-08-07T10:59:09.790+0000] {spark_submit.py:521} INFO - 
[2025-08-07T10:59:09.791+0000] {spark_submit.py:521} INFO - Spark properties used, including those specified through
[2025-08-07T10:59:09.791+0000] {spark_submit.py:521} INFO - --conf and those from the properties file null:
[2025-08-07T10:59:09.791+0000] {spark_submit.py:521} INFO - (spark.hadoop.fs.s3a.access.key,*********(redacted))
[2025-08-07T10:59:09.791+0000] {spark_submit.py:521} INFO - (spark.hadoop.fs.s3a.endpoint,http://minio:9000)
[2025-08-07T10:59:09.792+0000] {spark_submit.py:521} INFO - (spark.hadoop.fs.s3a.impl,org.apache.hadoop.fs.s3a.S3AFileSystem)
[2025-08-07T10:59:09.792+0000] {spark_submit.py:521} INFO - (spark.hadoop.fs.s3a.path.style.access,true)
[2025-08-07T10:59:09.792+0000] {spark_submit.py:521} INFO - (spark.hadoop.fs.s3a.secret.key,*********(redacted))
[2025-08-07T10:59:09.793+0000] {spark_submit.py:521} INFO - 
[2025-08-07T10:59:09.793+0000] {spark_submit.py:521} INFO - 
[2025-08-07T10:59:10.177+0000] {spark_submit.py:521} INFO - 25/08/07 10:59:10 WARN NativeCodeLoader: Unable to load native-hadoop library for your platform... using builtin-java classes where applicable
[2025-08-07T10:59:10.333+0000] {spark_submit.py:521} INFO - Main class:
[2025-08-07T10:59:10.333+0000] {spark_submit.py:521} INFO - org.apache.spark.deploy.PythonRunner
[2025-08-07T10:59:10.333+0000] {spark_submit.py:521} INFO - Arguments:
[2025-08-07T10:59:10.334+0000] {spark_submit.py:521} INFO - file:/opt/spark-jobs/gold_transform.py
[2025-08-07T10:59:10.334+0000] {spark_submit.py:521} INFO - null
[2025-08-07T10:59:10.335+0000] {spark_submit.py:521} INFO - Spark config:
[2025-08-07T10:59:10.335+0000] {spark_submit.py:521} INFO - (spark.app.name,arrow-spark)
[2025-08-07T10:59:10.335+0000] {spark_submit.py:521} INFO - (spark.app.submitTime,1754564350313)
[2025-08-07T10:59:10.335+0000] {spark_submit.py:521} INFO - (spark.hadoop.fs.s3a.access.key,*********(redacted))
[2025-08-07T10:59:10.336+0000] {spark_submit.py:521} INFO - (spark.hadoop.fs.s3a.endpoint,http://minio:9000)
[2025-08-07T10:59:10.336+0000] {spark_submit.py:521} INFO - (spark.hadoop.fs.s3a.impl,org.apache.hadoop.fs.s3a.S3AFileSystem)
[2025-08-07T10:59:10.336+0000] {spark_submit.py:521} INFO - (spark.hadoop.fs.s3a.path.style.access,true)
[2025-08-07T10:59:10.336+0000] {spark_submit.py:521} INFO - (spark.hadoop.fs.s3a.secret.key,*********(redacted))
[2025-08-07T10:59:10.336+0000] {spark_submit.py:521} INFO - (spark.jars,file:/opt/custom-jars/hadoop-aws-3.3.2.jar,file:///opt/custom-jars/aws-java-sdk-bundle-1.12.367.jar)
[2025-08-07T10:59:10.336+0000] {spark_submit.py:521} INFO - (spark.master,spark://spark-master:7077)
[2025-08-07T10:59:10.337+0000] {spark_submit.py:521} INFO - (spark.repl.local.jars,file:/opt/custom-jars/hadoop-aws-3.3.2.jar,file:///opt/custom-jars/aws-java-sdk-bundle-1.12.367.jar)
[2025-08-07T10:59:10.337+0000] {spark_submit.py:521} INFO - (spark.submit.deployMode,client)
[2025-08-07T10:59:10.337+0000] {spark_submit.py:521} INFO - (spark.submit.pyFiles,)
[2025-08-07T10:59:10.337+0000] {spark_submit.py:521} INFO - Classpath elements:
[2025-08-07T10:59:10.338+0000] {spark_submit.py:521} INFO - file:/opt/custom-jars/hadoop-aws-3.3.2.jar
[2025-08-07T10:59:10.338+0000] {spark_submit.py:521} INFO - file:///opt/custom-jars/aws-java-sdk-bundle-1.12.367.jar
[2025-08-07T10:59:10.338+0000] {spark_submit.py:521} INFO - 
[2025-08-07T10:59:10.338+0000] {spark_submit.py:521} INFO - 
[2025-08-07T10:59:10.343+0000] {spark_submit.py:521} INFO - Using Spark's default log4j profile: org/apache/spark/log4j2-defaults.properties
[2025-08-07T10:59:10.344+0000] {spark_submit.py:521} INFO - 25/08/07 10:59:10 WARN DependencyUtils: Local jar /opt/custom-jars/hadoop-aws-3.3.2.jar does not exist, skipping.
[2025-08-07T10:59:12.359+0000] {spark_submit.py:521} INFO - 25/08/07 10:59:12 INFO SparkContext: Running Spark version 4.0.0
[2025-08-07T10:59:12.363+0000] {spark_submit.py:521} INFO - 25/08/07 10:59:12 INFO SparkContext: OS info Linux, 5.15.167.4-microsoft-standard-WSL2, amd64
[2025-08-07T10:59:12.364+0000] {spark_submit.py:521} INFO - 25/08/07 10:59:12 INFO SparkContext: Java version 17.0.15
[2025-08-07T10:59:12.396+0000] {spark_submit.py:521} INFO - 25/08/07 10:59:12 INFO ResourceUtils: ==============================================================
[2025-08-07T10:59:12.396+0000] {spark_submit.py:521} INFO - 25/08/07 10:59:12 INFO ResourceUtils: No custom resources configured for spark.driver.
[2025-08-07T10:59:12.397+0000] {spark_submit.py:521} INFO - 25/08/07 10:59:12 INFO ResourceUtils: ==============================================================
[2025-08-07T10:59:12.397+0000] {spark_submit.py:521} INFO - 25/08/07 10:59:12 INFO SparkContext: Submitted application: GoldTransform
[2025-08-07T10:59:12.423+0000] {spark_submit.py:521} INFO - 25/08/07 10:59:12 INFO ResourceProfile: Default ResourceProfile created, executor resources: Map(memory -> name: memory, amount: 1024, script: , vendor: , offHeap -> name: offHeap, amount: 0, script: , vendor: ), task resources: Map(cpus -> name: cpus, amount: 1.0)
[2025-08-07T10:59:12.425+0000] {spark_submit.py:521} INFO - 25/08/07 10:59:12 INFO ResourceProfile: Limiting resource is cpu
[2025-08-07T10:59:12.426+0000] {spark_submit.py:521} INFO - 25/08/07 10:59:12 INFO ResourceProfileManager: Added ResourceProfile id: 0
[2025-08-07T10:59:12.521+0000] {spark_submit.py:521} INFO - 25/08/07 10:59:12 INFO SecurityManager: Changing view acls to: ***
[2025-08-07T10:59:12.522+0000] {spark_submit.py:521} INFO - 25/08/07 10:59:12 INFO SecurityManager: Changing modify acls to: ***
[2025-08-07T10:59:12.522+0000] {spark_submit.py:521} INFO - 25/08/07 10:59:12 INFO SecurityManager: Changing view acls groups to: ***
[2025-08-07T10:59:12.522+0000] {spark_submit.py:521} INFO - 25/08/07 10:59:12 INFO SecurityManager: Changing modify acls groups to: ***
[2025-08-07T10:59:12.528+0000] {spark_submit.py:521} INFO - 25/08/07 10:59:12 INFO SecurityManager: SecurityManager: authentication disabled; ui acls disabled; users with view permissions: *** groups with view permissions: EMPTY; users with modify permissions: ***; groups with modify permissions: EMPTY; RPC SSL disabled
[2025-08-07T10:59:12.916+0000] {spark_submit.py:521} INFO - 25/08/07 10:59:12 INFO Utils: Successfully started service 'sparkDriver' on port 42015.
[2025-08-07T10:59:12.981+0000] {spark_submit.py:521} INFO - 25/08/07 10:59:12 INFO SparkEnv: Registering MapOutputTracker
[2025-08-07T10:59:13.015+0000] {spark_submit.py:521} INFO - 25/08/07 10:59:13 INFO SparkEnv: Registering BlockManagerMaster
[2025-08-07T10:59:13.049+0000] {spark_submit.py:521} INFO - 25/08/07 10:59:13 INFO BlockManagerMasterEndpoint: Using org.apache.spark.storage.DefaultTopologyMapper for getting topology information
[2025-08-07T10:59:13.050+0000] {spark_submit.py:521} INFO - 25/08/07 10:59:13 INFO BlockManagerMasterEndpoint: BlockManagerMasterEndpoint up
[2025-08-07T10:59:13.058+0000] {spark_submit.py:521} INFO - 25/08/07 10:59:13 INFO SparkEnv: Registering BlockManagerMasterHeartbeat
[2025-08-07T10:59:13.095+0000] {spark_submit.py:521} INFO - 25/08/07 10:59:13 INFO DiskBlockManager: Created local directory at /tmp/blockmgr-15164351-2f79-4791-82ce-3f76df81b18e
[2025-08-07T10:59:13.175+0000] {spark_submit.py:521} INFO - 25/08/07 10:59:13 INFO SparkEnv: Registering OutputCommitCoordinator
[2025-08-07T10:59:13.376+0000] {spark_submit.py:521} INFO - 25/08/07 10:59:13 INFO JettyUtils: Start Jetty 0.0.0.0:4040 for SparkUI
[2025-08-07T10:59:13.517+0000] {spark_submit.py:521} INFO - 25/08/07 10:59:13 INFO Utils: Successfully started service 'SparkUI' on port 4040.
[2025-08-07T10:59:13.630+0000] {spark_submit.py:521} INFO - 25/08/07 10:59:13 ERROR SparkContext: Failed to add file:/opt/custom-jars/hadoop-aws-3.3.2.jar to Spark environment
[2025-08-07T10:59:13.630+0000] {spark_submit.py:521} INFO - java.io.FileNotFoundException: Jar /opt/custom-jars/hadoop-aws-3.3.2.jar not found
[2025-08-07T10:59:13.631+0000] {spark_submit.py:521} INFO - at org.apache.spark.SparkContext.addLocalJarFile$1(SparkContext.scala:2174)
[2025-08-07T10:59:13.631+0000] {spark_submit.py:521} INFO - at org.apache.spark.SparkContext.addJar(SparkContext.scala:2230)
[2025-08-07T10:59:13.632+0000] {spark_submit.py:521} INFO - at org.apache.spark.SparkContext.$anonfun$new$15(SparkContext.scala:538)
[2025-08-07T10:59:13.632+0000] {spark_submit.py:521} INFO - at org.apache.spark.SparkContext.$anonfun$new$15$adapted(SparkContext.scala:538)
[2025-08-07T10:59:13.632+0000] {spark_submit.py:521} INFO - at scala.collection.IterableOnceOps.foreach(IterableOnce.scala:619)
[2025-08-07T10:59:13.633+0000] {spark_submit.py:521} INFO - at scala.collection.IterableOnceOps.foreach$(IterableOnce.scala:617)
[2025-08-07T10:59:13.633+0000] {spark_submit.py:521} INFO - at scala.collection.AbstractIterable.foreach(Iterable.scala:935)
[2025-08-07T10:59:13.633+0000] {spark_submit.py:521} INFO - at org.apache.spark.SparkContext.<init>(SparkContext.scala:538)
[2025-08-07T10:59:13.634+0000] {spark_submit.py:521} INFO - at org.apache.spark.api.java.JavaSparkContext.<init>(JavaSparkContext.scala:59)
[2025-08-07T10:59:13.634+0000] {spark_submit.py:521} INFO - at java.base/jdk.internal.reflect.NativeConstructorAccessorImpl.newInstance0(Native Method)
[2025-08-07T10:59:13.634+0000] {spark_submit.py:521} INFO - at java.base/jdk.internal.reflect.NativeConstructorAccessorImpl.newInstance(NativeConstructorAccessorImpl.java:77)
[2025-08-07T10:59:13.634+0000] {spark_submit.py:521} INFO - at java.base/jdk.internal.reflect.DelegatingConstructorAccessorImpl.newInstance(DelegatingConstructorAccessorImpl.java:45)
[2025-08-07T10:59:13.635+0000] {spark_submit.py:521} INFO - at java.base/java.lang.reflect.Constructor.newInstanceWithCaller(Constructor.java:500)
[2025-08-07T10:59:13.635+0000] {spark_submit.py:521} INFO - at java.base/java.lang.reflect.Constructor.newInstance(Constructor.java:481)
[2025-08-07T10:59:13.635+0000] {spark_submit.py:521} INFO - at py4j.reflection.MethodInvoker.invoke(MethodInvoker.java:247)
[2025-08-07T10:59:13.635+0000] {spark_submit.py:521} INFO - at py4j.reflection.ReflectionEngine.invoke(ReflectionEngine.java:374)
[2025-08-07T10:59:13.636+0000] {spark_submit.py:521} INFO - at py4j.Gateway.invoke(Gateway.java:238)
[2025-08-07T10:59:13.636+0000] {spark_submit.py:521} INFO - at py4j.commands.ConstructorCommand.invokeConstructor(ConstructorCommand.java:80)
[2025-08-07T10:59:13.636+0000] {spark_submit.py:521} INFO - at py4j.commands.ConstructorCommand.execute(ConstructorCommand.java:69)
[2025-08-07T10:59:13.636+0000] {spark_submit.py:521} INFO - at py4j.ClientServerConnection.waitForCommands(ClientServerConnection.java:184)
[2025-08-07T10:59:13.636+0000] {spark_submit.py:521} INFO - at py4j.ClientServerConnection.run(ClientServerConnection.java:108)
[2025-08-07T10:59:13.637+0000] {spark_submit.py:521} INFO - at java.base/java.lang.Thread.run(Thread.java:840)
[2025-08-07T10:59:13.645+0000] {spark_submit.py:521} INFO - 25/08/07 10:59:13 INFO SparkContext: Added JAR file:///opt/custom-jars/aws-java-sdk-bundle-1.12.367.jar at spark://0d9cbc3d310d:42015/jars/aws-java-sdk-bundle-1.12.367.jar with timestamp 1754564352349
[2025-08-07T10:59:13.686+0000] {spark_submit.py:521} INFO - 25/08/07 10:59:13 INFO SecurityManager: Changing view acls to: ***
[2025-08-07T10:59:13.687+0000] {spark_submit.py:521} INFO - 25/08/07 10:59:13 INFO SecurityManager: Changing modify acls to: ***
[2025-08-07T10:59:13.687+0000] {spark_submit.py:521} INFO - 25/08/07 10:59:13 INFO SecurityManager: Changing view acls groups to: ***
[2025-08-07T10:59:13.687+0000] {spark_submit.py:521} INFO - 25/08/07 10:59:13 INFO SecurityManager: Changing modify acls groups to: ***
[2025-08-07T10:59:13.688+0000] {spark_submit.py:521} INFO - 25/08/07 10:59:13 INFO SecurityManager: SecurityManager: authentication disabled; ui acls disabled; users with view permissions: *** groups with view permissions: EMPTY; users with modify permissions: ***; groups with modify permissions: EMPTY; RPC SSL disabled
[2025-08-07T10:59:13.908+0000] {spark_submit.py:521} INFO - 25/08/07 10:59:13 INFO StandaloneAppClient$ClientEndpoint: Connecting to master spark://spark-master:7077...
[2025-08-07T10:59:13.977+0000] {spark_submit.py:521} INFO - 25/08/07 10:59:13 INFO TransportClientFactory: Successfully created connection to spark-master/172.19.0.2:7077 after 36 ms (0 ms spent in bootstraps)
[2025-08-07T10:59:14.533+0000] {spark_submit.py:521} INFO - 25/08/07 10:59:14 INFO StandaloneSchedulerBackend: Connected to Spark cluster with app ID app-20250807105914-0000
[2025-08-07T10:59:14.556+0000] {spark_submit.py:521} INFO - 25/08/07 10:59:14 INFO Utils: Successfully started service 'org.apache.spark.network.netty.NettyBlockTransferService' on port 44869.
[2025-08-07T10:59:14.556+0000] {spark_submit.py:521} INFO - 25/08/07 10:59:14 INFO NettyBlockTransferService: Server created on 0d9cbc3d310d:44869
[2025-08-07T10:59:14.559+0000] {spark_submit.py:521} INFO - 25/08/07 10:59:14 INFO BlockManager: Using org.apache.spark.storage.RandomBlockReplicationPolicy for block replication policy
[2025-08-07T10:59:14.574+0000] {spark_submit.py:521} INFO - 25/08/07 10:59:14 INFO BlockManagerMaster: Registering BlockManager BlockManagerId(driver, 0d9cbc3d310d, 44869, None)
[2025-08-07T10:59:14.585+0000] {spark_submit.py:521} INFO - 25/08/07 10:59:14 INFO BlockManagerMasterEndpoint: Registering block manager 0d9cbc3d310d:44869 with 434.4 MiB RAM, BlockManagerId(driver, 0d9cbc3d310d, 44869, None)
[2025-08-07T10:59:14.589+0000] {spark_submit.py:521} INFO - 25/08/07 10:59:14 INFO BlockManagerMaster: Registered BlockManager BlockManagerId(driver, 0d9cbc3d310d, 44869, None)
[2025-08-07T10:59:14.591+0000] {spark_submit.py:521} INFO - 25/08/07 10:59:14 INFO BlockManager: Initialized BlockManager: BlockManagerId(driver, 0d9cbc3d310d, 44869, None)
[2025-08-07T10:59:14.716+0000] {spark_submit.py:521} INFO - 25/08/07 10:59:14 INFO StandaloneAppClient$ClientEndpoint: Executor added: app-20250807105914-0000/0 on worker-20250807105757-172.19.0.5-41585 (172.19.0.5:41585) with 2 core(s)
[2025-08-07T10:59:14.719+0000] {spark_submit.py:521} INFO - 25/08/07 10:59:14 INFO StandaloneSchedulerBackend: Granted executor ID app-20250807105914-0000/0 on hostPort 172.19.0.5:41585 with 2 core(s), 1024.0 MiB RAM
[2025-08-07T10:59:14.768+0000] {spark_submit.py:521} INFO - 25/08/07 10:59:14 INFO StandaloneSchedulerBackend: SchedulerBackend is ready for scheduling beginning after reached minRegisteredResourcesRatio: 0.0
[2025-08-07T10:59:15.460+0000] {spark_submit.py:521} INFO - 25/08/07 10:59:15 INFO StandaloneAppClient$ClientEndpoint: Executor updated: app-20250807105914-0000/0 is now RUNNING
[2025-08-07T10:59:17.611+0000] {spark_submit.py:521} INFO - 25/08/07 10:59:17 INFO SharedState: Setting hive.metastore.warehouse.dir ('null') to the value of spark.sql.warehouse.dir.
[2025-08-07T10:59:17.613+0000] {spark_submit.py:521} INFO - 25/08/07 10:59:17 INFO SharedState: Warehouse path is 'file:/opt/***/spark-warehouse'.
[2025-08-07T10:59:19.239+0000] {spark_submit.py:521} INFO - 25/08/07 10:59:19 INFO StandaloneSchedulerBackend$StandaloneDriverEndpoint: Registered executor NettyRpcEndpointRef(spark-client://Executor) (172.19.0.5:46300) with ID 0, ResourceProfileId 0
[2025-08-07T10:59:19.412+0000] {spark_submit.py:521} INFO - 25/08/07 10:59:19 INFO BlockManagerMasterEndpoint: Registering block manager 172.19.0.5:36659 with 434.4 MiB RAM, BlockManagerId(0, 172.19.0.5, 36659, None)
[2025-08-07T10:59:20.019+0000] {spark_submit.py:521} INFO - 25/08/07 10:59:20 INFO CodeGenerator: Code generated in 220.742305 ms
[2025-08-07T10:59:20.054+0000] {spark_submit.py:521} INFO - 25/08/07 10:59:20 INFO SparkContext: Starting job: showString at NativeMethodAccessorImpl.java:0
[2025-08-07T10:59:20.069+0000] {spark_submit.py:521} INFO - 25/08/07 10:59:20 INFO DAGScheduler: Got job 0 (showString at NativeMethodAccessorImpl.java:0) with 1 output partitions
[2025-08-07T10:59:20.071+0000] {spark_submit.py:521} INFO - 25/08/07 10:59:20 INFO DAGScheduler: Final stage: ResultStage 0 (showString at NativeMethodAccessorImpl.java:0)
[2025-08-07T10:59:20.072+0000] {spark_submit.py:521} INFO - 25/08/07 10:59:20 INFO DAGScheduler: Parents of final stage: List()
[2025-08-07T10:59:20.074+0000] {spark_submit.py:521} INFO - 25/08/07 10:59:20 INFO DAGScheduler: Missing parents: List()
[2025-08-07T10:59:20.077+0000] {spark_submit.py:521} INFO - 25/08/07 10:59:20 INFO DAGScheduler: Submitting ResultStage 0 (MapPartitionsRDD[6] at showString at NativeMethodAccessorImpl.java:0), which has no missing parents
[2025-08-07T10:59:20.160+0000] {spark_submit.py:521} INFO - 25/08/07 10:59:20 INFO MemoryStore: MemoryStore started with capacity 434.4 MiB
[2025-08-07T10:59:20.213+0000] {spark_submit.py:521} INFO - 25/08/07 10:59:20 INFO MemoryStore: Block broadcast_0 stored as values in memory (estimated size 13.8 KiB, free 434.4 MiB)
[2025-08-07T10:59:20.258+0000] {spark_submit.py:521} INFO - 25/08/07 10:59:20 INFO MemoryStore: Block broadcast_0_piece0 stored as bytes in memory (estimated size 7.2 KiB, free 434.4 MiB)
[2025-08-07T10:59:20.275+0000] {spark_submit.py:521} INFO - 25/08/07 10:59:20 INFO SparkContext: Created broadcast 0 from broadcast at DAGScheduler.scala:1676
[2025-08-07T10:59:20.338+0000] {spark_submit.py:521} INFO - 25/08/07 10:59:20 INFO DAGScheduler: Submitting 1 missing tasks from ResultStage 0 (MapPartitionsRDD[6] at showString at NativeMethodAccessorImpl.java:0) (first 15 tasks are for partitions Vector(0))
[2025-08-07T10:59:20.351+0000] {spark_submit.py:521} INFO - 25/08/07 10:59:20 INFO TaskSchedulerImpl: Adding task set 0.0 with 1 tasks resource profile 0
[2025-08-07T10:59:28.956+0000] {spark_submit.py:521} INFO - 25/08/07 10:59:28 INFO TaskSetManager: Starting task 0.0 in stage 0.0 (TID 0) (172.19.0.5,executor 0, partition 0, PROCESS_LOCAL, 9907 bytes)
[2025-08-07T10:59:31.136+0000] {spark_submit.py:521} INFO - 25/08/07 10:59:31 INFO TaskSetManager: Finished task 0.0 in stage 0.0 (TID 0) in 2206 ms on 172.19.0.5 (executor 0) (1/1)
[2025-08-07T10:59:31.138+0000] {spark_submit.py:521} INFO - 25/08/07 10:59:31 INFO TaskSchedulerImpl: Removed TaskSet 0.0 whose tasks have all completed, from pool
[2025-08-07T10:59:31.145+0000] {spark_submit.py:521} INFO - 25/08/07 10:59:31 INFO PythonAccumulatorV2: Connected to AccumulatorServer at host: 127.0.0.1 port: 54015
[2025-08-07T10:59:31.148+0000] {spark_submit.py:521} INFO - 25/08/07 10:59:31 INFO DAGScheduler: ResultStage 0 (showString at NativeMethodAccessorImpl.java:0) finished in 11055 ms
[2025-08-07T10:59:31.151+0000] {spark_submit.py:521} INFO - 25/08/07 10:59:31 INFO DAGScheduler: Job 0 is finished. Cancelling potential speculative or zombie tasks for this job
[2025-08-07T10:59:31.152+0000] {spark_submit.py:521} INFO - 25/08/07 10:59:31 INFO TaskSchedulerImpl: Canceling stage 0
[2025-08-07T10:59:31.154+0000] {spark_submit.py:521} INFO - 25/08/07 10:59:31 INFO TaskSchedulerImpl: Killing all running tasks in stage 0: Stage finished
[2025-08-07T10:59:31.158+0000] {spark_submit.py:521} INFO - 25/08/07 10:59:31 INFO DAGScheduler: Job 0 finished: showString at NativeMethodAccessorImpl.java:0, took 11103.111542 ms
[2025-08-07T10:59:31.169+0000] {spark_submit.py:521} INFO - 25/08/07 10:59:31 INFO SparkContext: Starting job: showString at NativeMethodAccessorImpl.java:0
[2025-08-07T10:59:31.170+0000] {spark_submit.py:521} INFO - 25/08/07 10:59:31 INFO DAGScheduler: Got job 1 (showString at NativeMethodAccessorImpl.java:0) with 1 output partitions
[2025-08-07T10:59:31.170+0000] {spark_submit.py:521} INFO - 25/08/07 10:59:31 INFO DAGScheduler: Final stage: ResultStage 1 (showString at NativeMethodAccessorImpl.java:0)
[2025-08-07T10:59:31.171+0000] {spark_submit.py:521} INFO - 25/08/07 10:59:31 INFO DAGScheduler: Parents of final stage: List()
[2025-08-07T10:59:31.171+0000] {spark_submit.py:521} INFO - 25/08/07 10:59:31 INFO DAGScheduler: Missing parents: List()
[2025-08-07T10:59:31.171+0000] {spark_submit.py:521} INFO - 25/08/07 10:59:31 INFO DAGScheduler: Submitting ResultStage 1 (MapPartitionsRDD[6] at showString at NativeMethodAccessorImpl.java:0), which has no missing parents
[2025-08-07T10:59:31.174+0000] {spark_submit.py:521} INFO - 25/08/07 10:59:31 INFO MemoryStore: Block broadcast_1 stored as values in memory (estimated size 13.8 KiB, free 434.4 MiB)
[2025-08-07T10:59:31.187+0000] {spark_submit.py:521} INFO - 25/08/07 10:59:31 INFO MemoryStore: Block broadcast_1_piece0 stored as bytes in memory (estimated size 7.2 KiB, free 434.4 MiB)
[2025-08-07T10:59:31.189+0000] {spark_submit.py:521} INFO - 25/08/07 10:59:31 INFO SparkContext: Created broadcast 1 from broadcast at DAGScheduler.scala:1676
[2025-08-07T10:59:31.190+0000] {spark_submit.py:521} INFO - 25/08/07 10:59:31 INFO DAGScheduler: Submitting 1 missing tasks from ResultStage 1 (MapPartitionsRDD[6] at showString at NativeMethodAccessorImpl.java:0) (first 15 tasks are for partitions Vector(1))
[2025-08-07T10:59:31.191+0000] {spark_submit.py:521} INFO - 25/08/07 10:59:31 INFO TaskSchedulerImpl: Adding task set 1.0 with 1 tasks resource profile 0
[2025-08-07T10:59:31.193+0000] {spark_submit.py:521} INFO - 25/08/07 10:59:31 INFO TaskSetManager: Starting task 0.0 in stage 1.0 (TID 1) (172.19.0.5,executor 0, partition 1, PROCESS_LOCAL, 9944 bytes)
[2025-08-07T10:59:31.355+0000] {spark_submit.py:521} INFO - 25/08/07 10:59:31 INFO TaskSetManager: Finished task 0.0 in stage 1.0 (TID 1) in 163 ms on 172.19.0.5 (executor 0) (1/1)
[2025-08-07T10:59:31.356+0000] {spark_submit.py:521} INFO - 25/08/07 10:59:31 INFO TaskSchedulerImpl: Removed TaskSet 1.0 whose tasks have all completed, from pool
[2025-08-07T10:59:31.356+0000] {spark_submit.py:521} INFO - 25/08/07 10:59:31 INFO DAGScheduler: ResultStage 1 (showString at NativeMethodAccessorImpl.java:0) finished in 184 ms
[2025-08-07T10:59:31.357+0000] {spark_submit.py:521} INFO - 25/08/07 10:59:31 INFO DAGScheduler: Job 1 is finished. Cancelling potential speculative or zombie tasks for this job
[2025-08-07T10:59:31.357+0000] {spark_submit.py:521} INFO - 25/08/07 10:59:31 INFO TaskSchedulerImpl: Canceling stage 1
[2025-08-07T10:59:31.357+0000] {spark_submit.py:521} INFO - 25/08/07 10:59:31 INFO TaskSchedulerImpl: Killing all running tasks in stage 1: Stage finished
[2025-08-07T10:59:31.357+0000] {spark_submit.py:521} INFO - 25/08/07 10:59:31 INFO DAGScheduler: Job 1 finished: showString at NativeMethodAccessorImpl.java:0, took 187.97955 ms
[2025-08-07T10:59:31.391+0000] {spark_submit.py:521} INFO - 25/08/07 10:59:31 INFO CodeGenerator: Code generated in 12.972619 ms
[2025-08-07T10:59:31.404+0000] {spark_submit.py:521} INFO - +-------+---+
[2025-08-07T10:59:31.404+0000] {spark_submit.py:521} INFO - |   name|age|
[2025-08-07T10:59:31.405+0000] {spark_submit.py:521} INFO - +-------+---+
[2025-08-07T10:59:31.405+0000] {spark_submit.py:521} INFO - |  Alice| 25|
[2025-08-07T10:59:31.405+0000] {spark_submit.py:521} INFO - |    Bob| 30|
[2025-08-07T10:59:31.406+0000] {spark_submit.py:521} INFO - |Charlie| 35|
[2025-08-07T10:59:31.406+0000] {spark_submit.py:521} INFO - +-------+---+
[2025-08-07T10:59:31.406+0000] {spark_submit.py:521} INFO - 
[2025-08-07T10:59:31.407+0000] {spark_submit.py:521} INFO - 25/08/07 10:59:31 INFO SparkContext: SparkContext is stopping with exitCode 0 from stop at NativeMethodAccessorImpl.java:0.
[2025-08-07T10:59:31.415+0000] {spark_submit.py:521} INFO - 25/08/07 10:59:31 INFO SparkUI: Stopped Spark web UI at http://0d9cbc3d310d:4040
[2025-08-07T10:59:31.418+0000] {spark_submit.py:521} INFO - 25/08/07 10:59:31 INFO StandaloneSchedulerBackend: Shutting down all executors
[2025-08-07T10:59:31.419+0000] {spark_submit.py:521} INFO - 25/08/07 10:59:31 INFO StandaloneSchedulerBackend$StandaloneDriverEndpoint: Asking each executor to shut down
[2025-08-07T10:59:31.441+0000] {spark_submit.py:521} INFO - 25/08/07 10:59:31 INFO MapOutputTrackerMasterEndpoint: MapOutputTrackerMasterEndpoint stopped!
[2025-08-07T10:59:31.478+0000] {spark_submit.py:521} INFO - 25/08/07 10:59:31 INFO MemoryStore: MemoryStore cleared
[2025-08-07T10:59:31.479+0000] {spark_submit.py:521} INFO - 25/08/07 10:59:31 INFO BlockManager: BlockManager stopped
[2025-08-07T10:59:31.484+0000] {spark_submit.py:521} INFO - 25/08/07 10:59:31 INFO BlockManagerMaster: BlockManagerMaster stopped
[2025-08-07T10:59:31.489+0000] {spark_submit.py:521} INFO - 25/08/07 10:59:31 INFO OutputCommitCoordinator$OutputCommitCoordinatorEndpoint: OutputCommitCoordinator stopped!
[2025-08-07T10:59:31.506+0000] {spark_submit.py:521} INFO - 25/08/07 10:59:31 INFO SparkContext: Successfully stopped SparkContext
[2025-08-07T10:59:32.567+0000] {spark_submit.py:521} INFO - 25/08/07 10:59:32 INFO ShutdownHookManager: Shutdown hook called
[2025-08-07T10:59:32.568+0000] {spark_submit.py:521} INFO - 25/08/07 10:59:32 INFO ShutdownHookManager: Deleting directory /tmp/spark-ffea8e40-3a0d-4607-bbcd-3128a6be20e9
[2025-08-07T10:59:32.572+0000] {spark_submit.py:521} INFO - 25/08/07 10:59:32 INFO ShutdownHookManager: Deleting directory /opt/***/artifacts/spark-44185525-bba5-42dc-9710-c34674ee1349
[2025-08-07T10:59:32.575+0000] {spark_submit.py:521} INFO - 25/08/07 10:59:32 INFO ShutdownHookManager: Deleting directory /tmp/spark-ffea8e40-3a0d-4607-bbcd-3128a6be20e9/pyspark-bab8b28c-2a3b-4e9c-a73f-cee9485bf2dc
[2025-08-07T10:59:32.579+0000] {spark_submit.py:521} INFO - 25/08/07 10:59:32 INFO ShutdownHookManager: Deleting directory /tmp/spark-2232df17-a3b4-445a-970f-a32ff2c24c15
[2025-08-07T10:59:32.624+0000] {taskinstance.py:441} INFO - ::group::Post task execution logs
[2025-08-07T10:59:32.638+0000] {taskinstance.py:1206} INFO - Marking task as SUCCESS. dag_id=spark_transform_topcv, task_id=submit_spark_job, run_id=manual__2025-08-07T10:59:01.373888+00:00, execution_date=20250807T105901, start_date=20250807T105905, end_date=20250807T105932
[2025-08-07T10:59:32.666+0000] {local_task_job_runner.py:240} INFO - Task exited with return code 0
[2025-08-07T10:59:32.684+0000] {taskinstance.py:3498} INFO - 0 downstream tasks scheduled from follow-on schedule check
[2025-08-07T10:59:32.686+0000] {local_task_job_runner.py:222} INFO - ::endgroup::
