[2025-08-10T15:44:00.657+0000] {local_task_job_runner.py:120} INFO - ::group::Pre task execution logs
[2025-08-10T15:44:00.704+0000] {taskinstance.py:2076} INFO - Dependencies all met for dep_context=non-requeueable deps ti=<TaskInstance: spark_transform_topcv.submit_spark_job manual__2025-08-10T15:43:55.229325+00:00 [queued]>
[2025-08-10T15:44:00.711+0000] {taskinstance.py:2076} INFO - Dependencies all met for dep_context=requeueable deps ti=<TaskInstance: spark_transform_topcv.submit_spark_job manual__2025-08-10T15:43:55.229325+00:00 [queued]>
[2025-08-10T15:44:00.712+0000] {taskinstance.py:2306} INFO - Starting attempt 1 of 1
[2025-08-10T15:44:00.724+0000] {taskinstance.py:2330} INFO - Executing <Task(SparkSubmitOperator): submit_spark_job> on 2025-08-10 15:43:55.229325+00:00
[2025-08-10T15:44:00.730+0000] {standard_task_runner.py:63} INFO - Started process 1614 to run task
[2025-08-10T15:44:00.735+0000] {standard_task_runner.py:90} INFO - Running: ['***', 'tasks', 'run', 'spark_transform_topcv', 'submit_spark_job', 'manual__2025-08-10T15:43:55.229325+00:00', '--job-id', '13', '--raw', '--subdir', 'DAGS_FOLDER/etl_jobs_dag.py', '--cfg-path', '/tmp/tmpqmt7zuq8']
[2025-08-10T15:44:00.737+0000] {standard_task_runner.py:91} INFO - Job 13: Subtask submit_spark_job
[2025-08-10T15:44:00.809+0000] {task_command.py:426} INFO - Running <TaskInstance: spark_transform_topcv.submit_spark_job manual__2025-08-10T15:43:55.229325+00:00 [running]> on host d64d9d97170e
[2025-08-10T15:44:00.960+0000] {taskinstance.py:2648} INFO - Exporting env vars: AIRFLOW_CTX_DAG_OWNER='***' AIRFLOW_CTX_DAG_ID='spark_transform_topcv' AIRFLOW_CTX_TASK_ID='submit_spark_job' AIRFLOW_CTX_EXECUTION_DATE='2025-08-10T15:43:55.229325+00:00' AIRFLOW_CTX_TRY_NUMBER='1' AIRFLOW_CTX_DAG_RUN_ID='manual__2025-08-10T15:43:55.229325+00:00'
[2025-08-10T15:44:00.962+0000] {taskinstance.py:430} INFO - ::endgroup::
[2025-08-10T15:44:01.003+0000] {base.py:84} INFO - Using connection ID 'spark_default' for task execution.
[2025-08-10T15:44:01.005+0000] {spark_submit.py:351} INFO - Spark-Submit cmd: spark-submit --master spark://spark-master:7077 --conf spark.master=spark://spark-master:7077 --conf spark.driver.extraClassPath=/opt/custom-jars/* --conf spark.executor.extraClassPath=/opt/custom-jars/* --conf spark.hadoop.fs.gs.impl=com.google.cloud.hadoop.fs.gcs.GoogleHadoopFileSystem --conf spark.hadoop.fs.AbstractFileSystem.gs.impl=com.google.cloud.hadoop.fs.gcs.GoogleHadoopFS --conf spark.hadoop.google.cloud.auth.service.account.enable=true --conf spark.hadoop.google.cloud.auth.service.account.json.keyfile=/opt/***/gcp-key.json --jars /opt/custom-jars/gcs-connector-hadoop3-2.2.14-shaded.jar --name arrow-spark --verbose /opt/spark-jobs/gold_transform.py
[2025-08-10T15:44:02.542+0000] {spark_submit.py:521} INFO - WARNING: Using incubator modules: jdk.incubator.vector
[2025-08-10T15:44:04.819+0000] {spark_submit.py:521} INFO - Parsed arguments:
[2025-08-10T15:44:04.820+0000] {spark_submit.py:521} INFO - master                  spark://spark-master:7077
[2025-08-10T15:44:04.821+0000] {spark_submit.py:521} INFO - remote                  null
[2025-08-10T15:44:04.822+0000] {spark_submit.py:521} INFO - deployMode              null
[2025-08-10T15:44:04.822+0000] {spark_submit.py:521} INFO - executorMemory          null
[2025-08-10T15:44:04.822+0000] {spark_submit.py:521} INFO - executorCores           null
[2025-08-10T15:44:04.823+0000] {spark_submit.py:521} INFO - totalExecutorCores      null
[2025-08-10T15:44:04.823+0000] {spark_submit.py:521} INFO - propertiesFile          null
[2025-08-10T15:44:04.823+0000] {spark_submit.py:521} INFO - driverMemory            null
[2025-08-10T15:44:04.823+0000] {spark_submit.py:521} INFO - driverCores             null
[2025-08-10T15:44:04.824+0000] {spark_submit.py:521} INFO - driverExtraClassPath    /opt/custom-jars/*
[2025-08-10T15:44:04.824+0000] {spark_submit.py:521} INFO - driverExtraLibraryPath  null
[2025-08-10T15:44:04.825+0000] {spark_submit.py:521} INFO - driverExtraJavaOptions  null
[2025-08-10T15:44:04.825+0000] {spark_submit.py:521} INFO - supervise               false
[2025-08-10T15:44:04.825+0000] {spark_submit.py:521} INFO - queue                   null
[2025-08-10T15:44:04.826+0000] {spark_submit.py:521} INFO - numExecutors            null
[2025-08-10T15:44:04.826+0000] {spark_submit.py:521} INFO - files                   null
[2025-08-10T15:44:04.826+0000] {spark_submit.py:521} INFO - pyFiles                 null
[2025-08-10T15:44:04.827+0000] {spark_submit.py:521} INFO - archives                null
[2025-08-10T15:44:04.827+0000] {spark_submit.py:521} INFO - mainClass               null
[2025-08-10T15:44:04.827+0000] {spark_submit.py:521} INFO - primaryResource         file:/opt/spark-jobs/gold_transform.py
[2025-08-10T15:44:04.827+0000] {spark_submit.py:521} INFO - name                    arrow-spark
[2025-08-10T15:44:04.828+0000] {spark_submit.py:521} INFO - childArgs               []
[2025-08-10T15:44:04.828+0000] {spark_submit.py:521} INFO - jars                    file:/opt/custom-jars/gcs-connector-hadoop3-2.2.14-shaded.jar
[2025-08-10T15:44:04.828+0000] {spark_submit.py:521} INFO - packages                null
[2025-08-10T15:44:04.829+0000] {spark_submit.py:521} INFO - packagesExclusions      null
[2025-08-10T15:44:04.829+0000] {spark_submit.py:521} INFO - repositories            null
[2025-08-10T15:44:04.829+0000] {spark_submit.py:521} INFO - verbose                 true
[2025-08-10T15:44:04.830+0000] {spark_submit.py:521} INFO - 
[2025-08-10T15:44:04.830+0000] {spark_submit.py:521} INFO - Spark properties used, including those specified through
[2025-08-10T15:44:04.830+0000] {spark_submit.py:521} INFO - --conf and those from the properties file null:
[2025-08-10T15:44:04.831+0000] {spark_submit.py:521} INFO - (spark.driver.extraClassPath,/opt/custom-jars/*)
[2025-08-10T15:44:04.831+0000] {spark_submit.py:521} INFO - (spark.executor.extraClassPath,/opt/custom-jars/*)
[2025-08-10T15:44:04.832+0000] {spark_submit.py:521} INFO - (spark.hadoop.fs.AbstractFileSystem.gs.impl,com.google.cloud.hadoop.fs.gcs.GoogleHadoopFS)
[2025-08-10T15:44:04.832+0000] {spark_submit.py:521} INFO - (spark.hadoop.fs.gs.impl,com.google.cloud.hadoop.fs.gcs.GoogleHadoopFileSystem)
[2025-08-10T15:44:04.832+0000] {spark_submit.py:521} INFO - (spark.hadoop.google.cloud.auth.service.account.enable,true)
[2025-08-10T15:44:04.832+0000] {spark_submit.py:521} INFO - (spark.hadoop.google.cloud.auth.service.account.json.keyfile,/opt/***/gcp-key.json)
[2025-08-10T15:44:04.833+0000] {spark_submit.py:521} INFO - (spark.master,spark://spark-master:7077)
[2025-08-10T15:44:04.833+0000] {spark_submit.py:521} INFO - 
[2025-08-10T15:44:04.833+0000] {spark_submit.py:521} INFO - 
[2025-08-10T15:44:05.205+0000] {spark_submit.py:521} INFO - 25/08/10 15:44:05 WARN NativeCodeLoader: Unable to load native-hadoop library for your platform... using builtin-java classes where applicable
[2025-08-10T15:44:05.855+0000] {spark_submit.py:521} INFO - Main class:
[2025-08-10T15:44:05.856+0000] {spark_submit.py:521} INFO - org.apache.spark.deploy.PythonRunner
[2025-08-10T15:44:05.856+0000] {spark_submit.py:521} INFO - Arguments:
[2025-08-10T15:44:05.857+0000] {spark_submit.py:521} INFO - file:/opt/spark-jobs/gold_transform.py
[2025-08-10T15:44:05.857+0000] {spark_submit.py:521} INFO - null
[2025-08-10T15:44:05.857+0000] {spark_submit.py:521} INFO - Spark config:
[2025-08-10T15:44:05.858+0000] {spark_submit.py:521} INFO - (spark.app.name,arrow-spark)
[2025-08-10T15:44:05.858+0000] {spark_submit.py:521} INFO - (spark.app.submitTime,1754840645834)
[2025-08-10T15:44:05.858+0000] {spark_submit.py:521} INFO - (spark.driver.extraClassPath,/opt/custom-jars/*)
[2025-08-10T15:44:05.858+0000] {spark_submit.py:521} INFO - (spark.executor.extraClassPath,/opt/custom-jars/*)
[2025-08-10T15:44:05.859+0000] {spark_submit.py:521} INFO - (spark.hadoop.fs.AbstractFileSystem.gs.impl,com.google.cloud.hadoop.fs.gcs.GoogleHadoopFS)
[2025-08-10T15:44:05.859+0000] {spark_submit.py:521} INFO - (spark.hadoop.fs.gs.impl,com.google.cloud.hadoop.fs.gcs.GoogleHadoopFileSystem)
[2025-08-10T15:44:05.859+0000] {spark_submit.py:521} INFO - (spark.hadoop.google.cloud.auth.service.account.enable,true)
[2025-08-10T15:44:05.859+0000] {spark_submit.py:521} INFO - (spark.hadoop.google.cloud.auth.service.account.json.keyfile,/opt/***/gcp-key.json)
[2025-08-10T15:44:05.860+0000] {spark_submit.py:521} INFO - (spark.jars,file:///opt/custom-jars/gcs-connector-hadoop3-2.2.14-shaded.jar)
[2025-08-10T15:44:05.860+0000] {spark_submit.py:521} INFO - (spark.master,spark://spark-master:7077)
[2025-08-10T15:44:05.861+0000] {spark_submit.py:521} INFO - (spark.repl.local.jars,file:///opt/custom-jars/gcs-connector-hadoop3-2.2.14-shaded.jar)
[2025-08-10T15:44:05.861+0000] {spark_submit.py:521} INFO - (spark.submit.deployMode,client)
[2025-08-10T15:44:05.861+0000] {spark_submit.py:521} INFO - (spark.submit.pyFiles,)
[2025-08-10T15:44:05.862+0000] {spark_submit.py:521} INFO - Classpath elements:
[2025-08-10T15:44:05.862+0000] {spark_submit.py:521} INFO - file:///opt/custom-jars/gcs-connector-hadoop3-2.2.14-shaded.jar
[2025-08-10T15:44:05.862+0000] {spark_submit.py:521} INFO - 
[2025-08-10T15:44:05.863+0000] {spark_submit.py:521} INFO - 
[2025-08-10T15:44:07.103+0000] {spark_submit.py:521} INFO - Using Spark's default log4j profile: org/apache/spark/log4j2-defaults.properties
[2025-08-10T15:44:07.108+0000] {spark_submit.py:521} INFO - 25/08/10 15:44:07 INFO SparkContext: Running Spark version 4.0.0
[2025-08-10T15:44:07.111+0000] {spark_submit.py:521} INFO - 25/08/10 15:44:07 INFO SparkContext: OS info Linux, 5.15.167.4-microsoft-standard-WSL2, amd64
[2025-08-10T15:44:07.111+0000] {spark_submit.py:521} INFO - 25/08/10 15:44:07 INFO SparkContext: Java version 17.0.15
[2025-08-10T15:44:07.136+0000] {spark_submit.py:521} INFO - 25/08/10 15:44:07 INFO ResourceUtils: ==============================================================
[2025-08-10T15:44:07.137+0000] {spark_submit.py:521} INFO - 25/08/10 15:44:07 INFO ResourceUtils: No custom resources configured for spark.driver.
[2025-08-10T15:44:07.137+0000] {spark_submit.py:521} INFO - 25/08/10 15:44:07 INFO ResourceUtils: ==============================================================
[2025-08-10T15:44:07.137+0000] {spark_submit.py:521} INFO - 25/08/10 15:44:07 INFO SparkContext: Submitted application: gold_transform
[2025-08-10T15:44:07.164+0000] {spark_submit.py:521} INFO - 25/08/10 15:44:07 INFO ResourceProfile: Default ResourceProfile created, executor resources: Map(memory -> name: memory, amount: 1024, script: , vendor: , offHeap -> name: offHeap, amount: 0, script: , vendor: ), task resources: Map(cpus -> name: cpus, amount: 1.0)
[2025-08-10T15:44:07.167+0000] {spark_submit.py:521} INFO - 25/08/10 15:44:07 INFO ResourceProfile: Limiting resource is cpu
[2025-08-10T15:44:07.168+0000] {spark_submit.py:521} INFO - 25/08/10 15:44:07 INFO ResourceProfileManager: Added ResourceProfile id: 0
[2025-08-10T15:44:07.228+0000] {spark_submit.py:521} INFO - 25/08/10 15:44:07 INFO SecurityManager: Changing view acls to: ***
[2025-08-10T15:44:07.228+0000] {spark_submit.py:521} INFO - 25/08/10 15:44:07 INFO SecurityManager: Changing modify acls to: ***
[2025-08-10T15:44:07.229+0000] {spark_submit.py:521} INFO - 25/08/10 15:44:07 INFO SecurityManager: Changing view acls groups to: ***
[2025-08-10T15:44:07.229+0000] {spark_submit.py:521} INFO - 25/08/10 15:44:07 INFO SecurityManager: Changing modify acls groups to: ***
[2025-08-10T15:44:07.231+0000] {spark_submit.py:521} INFO - 25/08/10 15:44:07 INFO SecurityManager: SecurityManager: authentication disabled; ui acls disabled; users with view permissions: *** groups with view permissions: EMPTY; users with modify permissions: ***; groups with modify permissions: EMPTY; RPC SSL disabled
[2025-08-10T15:44:07.483+0000] {spark_submit.py:521} INFO - 25/08/10 15:44:07 INFO Utils: Successfully started service 'sparkDriver' on port 37499.
[2025-08-10T15:44:07.521+0000] {spark_submit.py:521} INFO - 25/08/10 15:44:07 INFO SparkEnv: Registering MapOutputTracker
[2025-08-10T15:44:07.534+0000] {spark_submit.py:521} INFO - 25/08/10 15:44:07 INFO SparkEnv: Registering BlockManagerMaster
[2025-08-10T15:44:07.549+0000] {spark_submit.py:521} INFO - 25/08/10 15:44:07 INFO BlockManagerMasterEndpoint: Using org.apache.spark.storage.DefaultTopologyMapper for getting topology information
[2025-08-10T15:44:07.549+0000] {spark_submit.py:521} INFO - 25/08/10 15:44:07 INFO BlockManagerMasterEndpoint: BlockManagerMasterEndpoint up
[2025-08-10T15:44:07.553+0000] {spark_submit.py:521} INFO - 25/08/10 15:44:07 INFO SparkEnv: Registering BlockManagerMasterHeartbeat
[2025-08-10T15:44:07.582+0000] {spark_submit.py:521} INFO - 25/08/10 15:44:07 INFO DiskBlockManager: Created local directory at /tmp/blockmgr-32bc3056-7897-44d9-8d4d-9d32ab2e3f08
[2025-08-10T15:44:07.602+0000] {spark_submit.py:521} INFO - 25/08/10 15:44:07 INFO SparkEnv: Registering OutputCommitCoordinator
[2025-08-10T15:44:07.748+0000] {spark_submit.py:521} INFO - 25/08/10 15:44:07 INFO JettyUtils: Start Jetty 0.0.0.0:4040 for SparkUI
[2025-08-10T15:44:07.829+0000] {spark_submit.py:521} INFO - 25/08/10 15:44:07 INFO Utils: Successfully started service 'SparkUI' on port 4040.
[2025-08-10T15:44:07.863+0000] {spark_submit.py:521} INFO - 25/08/10 15:44:07 INFO SparkContext: Added JAR file:///opt/custom-jars/gcs-connector-hadoop3-2.2.14-shaded.jar at spark://d64d9d97170e:37499/jars/gcs-connector-hadoop3-2.2.14-shaded.jar with timestamp 1754840647095
[2025-08-10T15:44:07.887+0000] {spark_submit.py:521} INFO - 25/08/10 15:44:07 INFO SecurityManager: Changing view acls to: ***
[2025-08-10T15:44:07.888+0000] {spark_submit.py:521} INFO - 25/08/10 15:44:07 INFO SecurityManager: Changing modify acls to: ***
[2025-08-10T15:44:07.888+0000] {spark_submit.py:521} INFO - 25/08/10 15:44:07 INFO SecurityManager: Changing view acls groups to: ***
[2025-08-10T15:44:07.888+0000] {spark_submit.py:521} INFO - 25/08/10 15:44:07 INFO SecurityManager: Changing modify acls groups to: ***
[2025-08-10T15:44:07.889+0000] {spark_submit.py:521} INFO - 25/08/10 15:44:07 INFO SecurityManager: SecurityManager: authentication disabled; ui acls disabled; users with view permissions: *** groups with view permissions: EMPTY; users with modify permissions: ***; groups with modify permissions: EMPTY; RPC SSL disabled
[2025-08-10T15:44:08.068+0000] {spark_submit.py:521} INFO - 25/08/10 15:44:08 INFO StandaloneAppClient$ClientEndpoint: Connecting to master spark://spark-master:7077...
[2025-08-10T15:44:08.124+0000] {spark_submit.py:521} INFO - 25/08/10 15:44:08 INFO TransportClientFactory: Successfully created connection to spark-master/172.18.0.3:7077 after 30 ms (0 ms spent in bootstraps)
[2025-08-10T15:44:08.986+0000] {spark_submit.py:521} INFO - 25/08/10 15:44:08 INFO StandaloneSchedulerBackend: Connected to Spark cluster with app ID app-20250810154408-0003
[2025-08-10T15:44:09.003+0000] {spark_submit.py:521} INFO - 25/08/10 15:44:09 INFO Utils: Successfully started service 'org.apache.spark.network.netty.NettyBlockTransferService' on port 32783.
[2025-08-10T15:44:09.003+0000] {spark_submit.py:521} INFO - 25/08/10 15:44:09 INFO NettyBlockTransferService: Server created on d64d9d97170e:32783
[2025-08-10T15:44:09.005+0000] {spark_submit.py:521} INFO - 25/08/10 15:44:09 INFO BlockManager: Using org.apache.spark.storage.RandomBlockReplicationPolicy for block replication policy
[2025-08-10T15:44:09.036+0000] {spark_submit.py:521} INFO - 25/08/10 15:44:09 INFO BlockManagerMaster: Registering BlockManager BlockManagerId(driver, d64d9d97170e, 32783, None)
[2025-08-10T15:44:09.065+0000] {spark_submit.py:521} INFO - 25/08/10 15:44:09 INFO BlockManagerMasterEndpoint: Registering block manager d64d9d97170e:32783 with 434.4 MiB RAM, BlockManagerId(driver, d64d9d97170e, 32783, None)
[2025-08-10T15:44:09.065+0000] {spark_submit.py:521} INFO - 25/08/10 15:44:09 INFO BlockManagerMaster: Registered BlockManager BlockManagerId(driver, d64d9d97170e, 32783, None)
[2025-08-10T15:44:09.066+0000] {spark_submit.py:521} INFO - 25/08/10 15:44:09 INFO BlockManager: Initialized BlockManager: BlockManagerId(driver, d64d9d97170e, 32783, None)
[2025-08-10T15:44:09.135+0000] {spark_submit.py:521} INFO - 25/08/10 15:44:09 INFO StandaloneAppClient$ClientEndpoint: Executor added: app-20250810154408-0003/0 on worker-20250810130435-172.18.0.2-34531 (172.18.0.2:34531) with 2 core(s)
[2025-08-10T15:44:09.136+0000] {spark_submit.py:521} INFO - 25/08/10 15:44:09 INFO StandaloneSchedulerBackend: Granted executor ID app-20250810154408-0003/0 on hostPort 172.18.0.2:34531 with 2 core(s), 1024.0 MiB RAM
[2025-08-10T15:44:09.258+0000] {spark_submit.py:521} INFO - 25/08/10 15:44:09 INFO StandaloneSchedulerBackend: SchedulerBackend is ready for scheduling beginning after reached minRegisteredResourcesRatio: 0.0
[2025-08-10T15:44:11.968+0000] {spark_submit.py:521} INFO - 25/08/10 15:44:11 INFO StandaloneAppClient$ClientEndpoint: Executor updated: app-20250810154408-0003/0 is now RUNNING
[2025-08-10T15:44:13.085+0000] {spark_submit.py:521} INFO - 25/08/10 15:44:13 INFO SharedState: Setting hive.metastore.warehouse.dir ('null') to the value of spark.sql.warehouse.dir.
[2025-08-10T15:44:13.087+0000] {spark_submit.py:521} INFO - 25/08/10 15:44:13 INFO SharedState: Warehouse path is 'file:/opt/***/spark-warehouse'.
[2025-08-10T15:44:17.961+0000] {spark_submit.py:521} INFO - 25/08/10 15:44:17 INFO InMemoryFileIndex: It took 196 ms to list leaf files for 1 paths.
[2025-08-10T15:44:18.436+0000] {spark_submit.py:521} INFO - 25/08/10 15:44:18 INFO SparkContext: Starting job: parquet at NativeMethodAccessorImpl.java:0
[2025-08-10T15:44:18.461+0000] {spark_submit.py:521} INFO - 25/08/10 15:44:18 INFO DAGScheduler: Got job 0 (parquet at NativeMethodAccessorImpl.java:0) with 1 output partitions
[2025-08-10T15:44:18.463+0000] {spark_submit.py:521} INFO - 25/08/10 15:44:18 INFO DAGScheduler: Final stage: ResultStage 0 (parquet at NativeMethodAccessorImpl.java:0)
[2025-08-10T15:44:18.465+0000] {spark_submit.py:521} INFO - 25/08/10 15:44:18 INFO DAGScheduler: Parents of final stage: List()
[2025-08-10T15:44:18.470+0000] {spark_submit.py:521} INFO - 25/08/10 15:44:18 INFO DAGScheduler: Missing parents: List()
[2025-08-10T15:44:18.475+0000] {spark_submit.py:521} INFO - 25/08/10 15:44:18 INFO DAGScheduler: Submitting ResultStage 0 (MapPartitionsRDD[1] at parquet at NativeMethodAccessorImpl.java:0), which has no missing parents
[2025-08-10T15:44:18.543+0000] {spark_submit.py:521} INFO - 25/08/10 15:44:18 INFO MemoryStore: MemoryStore started with capacity 434.4 MiB
[2025-08-10T15:44:18.564+0000] {spark_submit.py:521} INFO - 25/08/10 15:44:18 INFO MemoryStore: Block broadcast_0 stored as values in memory (estimated size 116.0 KiB, free 434.3 MiB)
[2025-08-10T15:44:18.633+0000] {spark_submit.py:521} INFO - 25/08/10 15:44:18 INFO MemoryStore: Block broadcast_0_piece0 stored as bytes in memory (estimated size 41.8 KiB, free 434.2 MiB)
[2025-08-10T15:44:18.645+0000] {spark_submit.py:521} INFO - 25/08/10 15:44:18 INFO SparkContext: Created broadcast 0 from broadcast at DAGScheduler.scala:1676
[2025-08-10T15:44:18.672+0000] {spark_submit.py:521} INFO - 25/08/10 15:44:18 INFO DAGScheduler: Submitting 1 missing tasks from ResultStage 0 (MapPartitionsRDD[1] at parquet at NativeMethodAccessorImpl.java:0) (first 15 tasks are for partitions Vector(0))
[2025-08-10T15:44:18.683+0000] {spark_submit.py:521} INFO - 25/08/10 15:44:18 INFO TaskSchedulerImpl: Adding task set 0.0 with 1 tasks resource profile 0
[2025-08-10T15:44:19.865+0000] {spark_submit.py:521} INFO - 25/08/10 15:44:19 INFO StandaloneSchedulerBackend$StandaloneDriverEndpoint: Registered executor NettyRpcEndpointRef(spark-client://Executor) (172.18.0.2:55114) with ID 0, ResourceProfileId 0
[2025-08-10T15:44:20.297+0000] {spark_submit.py:521} INFO - 25/08/10 15:44:20 INFO BlockManagerMasterEndpoint: Registering block manager 172.18.0.2:44341 with 434.4 MiB RAM, BlockManagerId(0, 172.18.0.2, 44341, None)
[2025-08-10T15:44:21.586+0000] {spark_submit.py:521} INFO - 25/08/10 15:44:21 INFO TaskSetManager: Starting task 0.0 in stage 0.0 (TID 0) (172.18.0.2,executor 0, partition 0, PROCESS_LOCAL, 9992 bytes)
[2025-08-10T15:44:27.014+0000] {spark_submit.py:521} INFO - 25/08/10 15:44:27 INFO TaskSetManager: Finished task 0.0 in stage 0.0 (TID 0) in 5446 ms on 172.18.0.2 (executor 0) (1/1)
[2025-08-10T15:44:27.016+0000] {spark_submit.py:521} INFO - 25/08/10 15:44:27 INFO TaskSchedulerImpl: Removed TaskSet 0.0 whose tasks have all completed, from pool
[2025-08-10T15:44:27.021+0000] {spark_submit.py:521} INFO - 25/08/10 15:44:27 INFO DAGScheduler: ResultStage 0 (parquet at NativeMethodAccessorImpl.java:0) finished in 8521 ms
[2025-08-10T15:44:27.025+0000] {spark_submit.py:521} INFO - 25/08/10 15:44:27 INFO DAGScheduler: Job 0 is finished. Cancelling potential speculative or zombie tasks for this job
[2025-08-10T15:44:27.026+0000] {spark_submit.py:521} INFO - 25/08/10 15:44:27 INFO TaskSchedulerImpl: Canceling stage 0
[2025-08-10T15:44:27.028+0000] {spark_submit.py:521} INFO - 25/08/10 15:44:27 INFO TaskSchedulerImpl: Killing all running tasks in stage 0: Stage finished
[2025-08-10T15:44:27.031+0000] {spark_submit.py:521} INFO - 25/08/10 15:44:27 INFO DAGScheduler: Job 0 finished: parquet at NativeMethodAccessorImpl.java:0, took 8594.730484 ms
[2025-08-10T15:44:27.814+0000] {spark_submit.py:521} INFO - 25/08/10 15:44:27 INFO MemoryStore: Block broadcast_1 stored as values in memory (estimated size 208.0 B, free 434.2 MiB)
[2025-08-10T15:44:27.833+0000] {spark_submit.py:521} INFO - 25/08/10 15:44:27 INFO MemoryStore: Block broadcast_1_piece0 stored as bytes in memory (estimated size 396.0 B, free 434.2 MiB)
[2025-08-10T15:44:27.834+0000] {spark_submit.py:521} INFO - 25/08/10 15:44:27 INFO SparkContext: Created broadcast 1 from broadcast at NativeMethodAccessorImpl.java:0
[2025-08-10T15:44:28.683+0000] {spark_submit.py:521} INFO - 25/08/10 15:44:28 INFO FileSourceStrategy: Pushed Filters:
[2025-08-10T15:44:28.689+0000] {spark_submit.py:521} INFO - 25/08/10 15:44:28 INFO FileSourceStrategy: Post-Scan Filters: Set()
[2025-08-10T15:44:29.834+0000] {spark_submit.py:521} INFO - 25/08/10 15:44:29 INFO CodeGenerator: Code generated in 412.418414 ms
[2025-08-10T15:44:30.004+0000] {spark_submit.py:521} INFO - 25/08/10 15:44:30 INFO CodeGenerator: Code generated in 75.576222 ms
[2025-08-10T15:44:30.046+0000] {spark_submit.py:521} INFO - 25/08/10 15:44:30 INFO MemoryStore: Block broadcast_2 stored as values in memory (estimated size 219.1 KiB, free 434.2 MiB)
[2025-08-10T15:44:30.074+0000] {spark_submit.py:521} INFO - 25/08/10 15:44:30 INFO MemoryStore: Block broadcast_2_piece0 stored as bytes in memory (estimated size 39.9 KiB, free 434.1 MiB)
[2025-08-10T15:44:30.078+0000] {spark_submit.py:521} INFO - 25/08/10 15:44:30 INFO SparkContext: Created broadcast 2 from showString at NativeMethodAccessorImpl.java:0
[2025-08-10T15:44:30.116+0000] {spark_submit.py:521} INFO - 25/08/10 15:44:30 INFO FileSourceScanExec: Planning scan with bin packing, max size: 4194304 bytes, open cost is considered as scanning 4194304 bytes.
[2025-08-10T15:44:30.236+0000] {spark_submit.py:521} INFO - 25/08/10 15:44:30 INFO SparkContext: Starting job: showString at NativeMethodAccessorImpl.java:0
[2025-08-10T15:44:30.237+0000] {spark_submit.py:521} INFO - 25/08/10 15:44:30 INFO DAGScheduler: Got job 1 (showString at NativeMethodAccessorImpl.java:0) with 1 output partitions
[2025-08-10T15:44:30.237+0000] {spark_submit.py:521} INFO - 25/08/10 15:44:30 INFO DAGScheduler: Final stage: ResultStage 1 (showString at NativeMethodAccessorImpl.java:0)
[2025-08-10T15:44:30.238+0000] {spark_submit.py:521} INFO - 25/08/10 15:44:30 INFO DAGScheduler: Parents of final stage: List()
[2025-08-10T15:44:30.238+0000] {spark_submit.py:521} INFO - 25/08/10 15:44:30 INFO DAGScheduler: Missing parents: List()
[2025-08-10T15:44:30.239+0000] {spark_submit.py:521} INFO - 25/08/10 15:44:30 INFO DAGScheduler: Submitting ResultStage 1 (MapPartitionsRDD[8] at showString at NativeMethodAccessorImpl.java:0), which has no missing parents
[2025-08-10T15:44:30.302+0000] {spark_submit.py:521} INFO - 25/08/10 15:44:30 INFO MemoryStore: Block broadcast_3 stored as values in memory (estimated size 72.5 KiB, free 434.1 MiB)
[2025-08-10T15:44:30.317+0000] {spark_submit.py:521} INFO - 25/08/10 15:44:30 INFO MemoryStore: Block broadcast_3_piece0 stored as bytes in memory (estimated size 26.1 KiB, free 434.1 MiB)
[2025-08-10T15:44:30.318+0000] {spark_submit.py:521} INFO - 25/08/10 15:44:30 INFO SparkContext: Created broadcast 3 from broadcast at DAGScheduler.scala:1676
[2025-08-10T15:44:30.319+0000] {spark_submit.py:521} INFO - 25/08/10 15:44:30 INFO DAGScheduler: Submitting 1 missing tasks from ResultStage 1 (MapPartitionsRDD[8] at showString at NativeMethodAccessorImpl.java:0) (first 15 tasks are for partitions Vector(0))
[2025-08-10T15:44:30.319+0000] {spark_submit.py:521} INFO - 25/08/10 15:44:30 INFO TaskSchedulerImpl: Adding task set 1.0 with 1 tasks resource profile 0
[2025-08-10T15:44:30.324+0000] {spark_submit.py:521} INFO - 25/08/10 15:44:30 INFO TaskSetManager: Starting task 0.0 in stage 1.0 (TID 1) (172.18.0.2,executor 0, partition 0, PROCESS_LOCAL, 10433 bytes)
[2025-08-10T15:44:39.211+0000] {spark_submit.py:521} INFO - 25/08/10 15:44:39 INFO TaskSetManager: Finished task 0.0 in stage 1.0 (TID 1) in 8890 ms on 172.18.0.2 (executor 0) (1/1)
[2025-08-10T15:44:39.215+0000] {spark_submit.py:521} INFO - 25/08/10 15:44:39 INFO TaskSchedulerImpl: Removed TaskSet 1.0 whose tasks have all completed, from pool
[2025-08-10T15:44:39.215+0000] {spark_submit.py:521} INFO - 25/08/10 15:44:39 INFO PythonAccumulatorV2: Connected to AccumulatorServer at host: 127.0.0.1 port: 33675
[2025-08-10T15:44:39.224+0000] {spark_submit.py:521} INFO - 25/08/10 15:44:39 INFO DAGScheduler: ResultStage 1 (showString at NativeMethodAccessorImpl.java:0) finished in 8978 ms
[2025-08-10T15:44:39.225+0000] {spark_submit.py:521} INFO - 25/08/10 15:44:39 INFO DAGScheduler: Job 1 is finished. Cancelling potential speculative or zombie tasks for this job
[2025-08-10T15:44:39.226+0000] {spark_submit.py:521} INFO - 25/08/10 15:44:39 INFO TaskSchedulerImpl: Canceling stage 1
[2025-08-10T15:44:39.226+0000] {spark_submit.py:521} INFO - 25/08/10 15:44:39 INFO TaskSchedulerImpl: Killing all running tasks in stage 1: Stage finished
[2025-08-10T15:44:39.227+0000] {spark_submit.py:521} INFO - 25/08/10 15:44:39 INFO DAGScheduler: Job 1 finished: showString at NativeMethodAccessorImpl.java:0, took 8989.317581 ms
[2025-08-10T15:44:39.320+0000] {spark_submit.py:521} INFO - 25/08/10 15:44:39 INFO CodeGenerator: Code generated in 23.60045 ms
[2025-08-10T15:44:39.367+0000] {spark_submit.py:521} INFO - +--------------------+--------------------+----+----------------+----------+----------+----------------+----------------+-------------+-----------+--------------+--------------+--------------------+--------------------+------+
[2025-08-10T15:44:39.367+0000] {spark_submit.py:521} INFO - |        job_position|        company_name| yoe|job_posting_date|min_salary|max_salary|company_size_min|company_size_max|  major_field|      level|num_of_recruit|     work_form|     relation_fields|    skills_extracted|source|
[2025-08-10T15:44:39.368+0000] {spark_submit.py:521} INFO - +--------------------+--------------------+----+----------------+----------+----------+----------------+----------------+-------------+-----------+--------------+--------------+--------------------+--------------------+------+
[2025-08-10T15:44:39.368+0000] {spark_submit.py:521} INFO - |senior data engin...|Ngân hàng TMCP Hà...| 5.0|      2025-08-27|  30000000|  50000000|            5000|            NULL|    Ngân hàng|  Nhân viên|             1|Toàn thời gian|[Công nghệ Thông ...| [python, java, sql]| topcv|
[2025-08-10T15:44:39.371+0000] {spark_submit.py:521} INFO - |on job training d...|        FPT Software| 0.0|      2025-10-01|      NULL|      NULL|           10000|            NULL|    Tài chính|  Nhân viên|            15|Toàn thời gian|[Công nghệ Thông ...|            [python]| topcv|
[2025-08-10T15:44:39.372+0000] {spark_submit.py:521} INFO - |kỹ sư dữ liệu lớn...|TẬP ĐOÀN CÔNG NGH...| 2.0|      2025-08-25| 800000000|   3000000|            5000|            NULL|   Viễn thông|  Nhân viên|             5|Toàn thời gian|[Công nghệ Thông ...|         [java, sql]| topcv|
[2025-08-10T15:44:39.375+0000] {spark_submit.py:521} INFO - |       data engineer|Công Ty Tài Chính...| 3.0|      2025-08-21|      NULL|      NULL|            5000|            NULL|    Tài chính|  Nhân viên|             1|Toàn thời gian|[Công nghệ Thông ...| [python, java, sql]| topcv|
[2025-08-10T15:44:39.378+0000] {spark_submit.py:521} INFO - |data engineer - k...|NGÂN HÀNG THƯƠNG ...|NULL|            NULL|      NULL|      NULL|            NULL|            NULL|         NULL|       NULL|          NULL|          NULL|                  []|                  []| topcv|
[2025-08-10T15:44:39.379+0000] {spark_submit.py:521} INFO - |       data engineer|Công ty Cổ phần H...| 2.0|      2025-08-31|      NULL|      NULL|             500|            1000|IT - Phần mềm|  Nhân viên|             5|Toàn thời gian|[Công nghệ Thông ...|        [aws, azure]| topcv|
[2025-08-10T15:44:39.380+0000] {spark_submit.py:521} INFO - |kỹ sư dữ liệu/ da...|              EDUPIA|NULL|            NULL|      NULL|      NULL|            NULL|            NULL|         NULL|       NULL|          NULL|          NULL|                  []|                  []| topcv|
[2025-08-10T15:44:39.380+0000] {spark_submit.py:521} INFO - |       data engineer|CÔNG TY CỔ PHẦN I...| 1.0|      2025-09-30|   1000000|      NULL|             100|             499|IT - Phần mềm|  Nhân viên|             1|Toàn thời gian|[Công nghệ Thông ...|[python, java, sq...| topcv|
[2025-08-10T15:44:39.381+0000] {spark_submit.py:521} INFO - |  data engineer (da)|Công Ty TNHH LG C...| 3.0|      2025-08-31|      NULL|      NULL|             100|             499|IT - Phần mềm|  Nhân viên|             1|Toàn thời gian|[Công nghệ Thông ...|     [sql, aws, git]| topcv|
[2025-08-10T15:44:39.381+0000] {spark_submit.py:521} INFO - |data engineer (bi...|CÔNG TY CỔ PHẦN P...| 2.0|      2025-10-31|  18000000|  30000000|             100|             499|IT - Phần mềm|  Nhân viên|             6|Toàn thời gian|[Công nghệ Thông ...|               [sql]| topcv|
[2025-08-10T15:44:39.381+0000] {spark_submit.py:521} INFO - |data engineer (py...|Công ty CP Kinh d...| 3.0|      2025-08-31|  20000000|  55000000|            5000|            NULL|    Tài chính|Trưởng nhóm|             2|Toàn thời gian|[Công nghệ Thông ...|            [python]| topcv|
[2025-08-10T15:44:39.381+0000] {spark_submit.py:521} INFO - |       data engineer|        FPT Software| 4.0|      2025-09-30|      NULL|      NULL|           10000|            NULL|    Tài chính|  Nhân viên|             1|Toàn thời gian|[Công nghệ Thông ...|[python, sql, azu...| topcv|
[2025-08-10T15:44:39.382+0000] {spark_submit.py:521} INFO - |data engineer các...|công ty cổ phần D...| 1.0|      2025-08-16|      NULL|      NULL|              25|              99|IT - Phần mềm|  Nhân viên|             3|Toàn thời gian|[Công nghệ Thông ...|[python, java, sq...| topcv|
[2025-08-10T15:44:39.382+0000] {spark_submit.py:521} INFO - |       data engineer|CÔNG TY CỔ PHẦN C...| 2.0|      2025-08-30|  20000000|  35000000|             500|            1000|IT - Phần mềm|Trưởng nhóm|             4|Toàn thời gian|[Công nghệ Thông ...| [python, java, sql]| topcv|
[2025-08-10T15:44:39.382+0000] {spark_submit.py:521} INFO - |       data engineer|CÔNG TY TNHH GIẢI...| 2.0|      2025-08-13|      NULL|      NULL|              25|              99|IT - Phần mềm|  Nhân viên|             3|Toàn thời gian|[Công nghệ Thông ...|[python, sql, doc...| topcv|
[2025-08-10T15:44:39.382+0000] {spark_submit.py:521} INFO - |data engineer (ba...|Công ty Cổ phần C...| 2.0|      2025-08-24|  25000000|  35000000|             100|             499|IT - Phần mềm|Trưởng nhóm|             2|Toàn thời gian|[Công nghệ Thông ...|       [python, aws]| topcv|
[2025-08-10T15:44:39.383+0000] {spark_submit.py:521} INFO - |       data engineer|CÔNG TY CỔ PHẦN C...| 2.0|      2025-08-24|  20000000|  36000000|             500|            1000|IT - Phần mềm|Trưởng nhóm|             5|Toàn thời gian|[Công nghệ Thông ...| [python, java, sql]| topcv|
[2025-08-10T15:44:39.384+0000] {spark_submit.py:521} INFO - |data engineer (cl...|Công ty TNHH Horu...| 1.0|      2025-08-23|  15000000|  25000000|             100|             499|IT - Phần mềm|Trưởng nhóm|             1|Toàn thời gian|[Công nghệ Thông ...|[python, java, sq...| topcv|
[2025-08-10T15:44:39.385+0000] {spark_submit.py:521} INFO - |data engineer - t...|CÔNG TY CỔ PHẦN A...| 3.0|      2025-08-09|      NULL|      NULL|             100|             499|IT - Phần mềm|  Nhân viên|             1|Toàn thời gian|[Công nghệ Thông ...|          [sql, git]| topcv|
[2025-08-10T15:44:39.385+0000] {spark_submit.py:521} INFO - |data engineer (có...|CÔNG TY CỔ PHẦN C...| 1.0|      2025-08-09|   9000000|  15000000|             100|             499|IT - Phần mềm|  Nhân viên|             1|Toàn thời gian|[Công nghệ Thông ...|       [python, sql]| topcv|
[2025-08-10T15:44:39.385+0000] {spark_submit.py:521} INFO - +--------------------+--------------------+----+----------------+----------+----------+----------------+----------------+-------------+-----------+--------------+--------------+--------------------+--------------------+------+
[2025-08-10T15:44:39.385+0000] {spark_submit.py:521} INFO - only showing top 20 rows
[2025-08-10T15:44:39.386+0000] {spark_submit.py:521} INFO - 25/08/10 15:44:39 INFO SparkContext: SparkContext is stopping with exitCode 0 from stop at NativeMethodAccessorImpl.java:0.
[2025-08-10T15:44:39.421+0000] {spark_submit.py:521} INFO - 25/08/10 15:44:39 INFO SparkUI: Stopped Spark web UI at http://d64d9d97170e:4040
[2025-08-10T15:44:39.426+0000] {spark_submit.py:521} INFO - 25/08/10 15:44:39 INFO StandaloneSchedulerBackend: Shutting down all executors
[2025-08-10T15:44:39.427+0000] {spark_submit.py:521} INFO - 25/08/10 15:44:39 INFO StandaloneSchedulerBackend$StandaloneDriverEndpoint: Asking each executor to shut down
[2025-08-10T15:44:39.471+0000] {spark_submit.py:521} INFO - 25/08/10 15:44:39 INFO MapOutputTrackerMasterEndpoint: MapOutputTrackerMasterEndpoint stopped!
[2025-08-10T15:44:39.595+0000] {spark_submit.py:521} INFO - 25/08/10 15:44:39 INFO MemoryStore: MemoryStore cleared
[2025-08-10T15:44:39.596+0000] {spark_submit.py:521} INFO - 25/08/10 15:44:39 INFO BlockManager: BlockManager stopped
[2025-08-10T15:44:39.604+0000] {spark_submit.py:521} INFO - 25/08/10 15:44:39 INFO BlockManagerMaster: BlockManagerMaster stopped
[2025-08-10T15:44:39.612+0000] {spark_submit.py:521} INFO - 25/08/10 15:44:39 INFO OutputCommitCoordinator$OutputCommitCoordinatorEndpoint: OutputCommitCoordinator stopped!
[2025-08-10T15:44:39.642+0000] {spark_submit.py:521} INFO - 25/08/10 15:44:39 INFO SparkContext: Successfully stopped SparkContext
[2025-08-10T15:44:40.722+0000] {spark_submit.py:521} INFO - 25/08/10 15:44:40 INFO ShutdownHookManager: Shutdown hook called
[2025-08-10T15:44:40.723+0000] {spark_submit.py:521} INFO - 25/08/10 15:44:40 INFO ShutdownHookManager: Deleting directory /tmp/spark-dfe7abfd-290f-47d3-bbc1-6c504c1bea45/pyspark-b36bf747-21fe-4624-9742-eab2e802c6ed
[2025-08-10T15:44:40.731+0000] {spark_submit.py:521} INFO - 25/08/10 15:44:40 INFO ShutdownHookManager: Deleting directory /tmp/spark-7c9c66d1-05fe-413e-b863-978df5bbd4b1
[2025-08-10T15:44:40.738+0000] {spark_submit.py:521} INFO - 25/08/10 15:44:40 INFO ShutdownHookManager: Deleting directory /opt/***/artifacts/spark-84cca0ba-d9ee-4f2c-ae8f-37b20936b731
[2025-08-10T15:44:40.744+0000] {spark_submit.py:521} INFO - 25/08/10 15:44:40 INFO ShutdownHookManager: Deleting directory /tmp/spark-dfe7abfd-290f-47d3-bbc1-6c504c1bea45
[2025-08-10T15:44:40.814+0000] {taskinstance.py:441} INFO - ::group::Post task execution logs
[2025-08-10T15:44:40.908+0000] {taskinstance.py:1206} INFO - Marking task as SUCCESS. dag_id=spark_transform_topcv, task_id=submit_spark_job, run_id=manual__2025-08-10T15:43:55.229325+00:00, execution_date=20250810T154355, start_date=20250810T154400, end_date=20250810T154440
[2025-08-10T15:44:40.969+0000] {local_task_job_runner.py:240} INFO - Task exited with return code 0
[2025-08-10T15:44:41.030+0000] {taskinstance.py:3498} INFO - 0 downstream tasks scheduled from follow-on schedule check
[2025-08-10T15:44:41.033+0000] {local_task_job_runner.py:222} INFO - ::endgroup::
