[2025-08-10T15:38:04.196+0000] {local_task_job_runner.py:120} INFO - ::group::Pre task execution logs
[2025-08-10T15:38:04.246+0000] {taskinstance.py:2076} INFO - Dependencies all met for dep_context=non-requeueable deps ti=<TaskInstance: spark_transform_topcv.submit_spark_job manual__2025-08-10T15:38:00.945449+00:00 [queued]>
[2025-08-10T15:38:04.254+0000] {taskinstance.py:2076} INFO - Dependencies all met for dep_context=requeueable deps ti=<TaskInstance: spark_transform_topcv.submit_spark_job manual__2025-08-10T15:38:00.945449+00:00 [queued]>
[2025-08-10T15:38:04.255+0000] {taskinstance.py:2306} INFO - Starting attempt 1 of 1
[2025-08-10T15:38:04.268+0000] {taskinstance.py:2330} INFO - Executing <Task(SparkSubmitOperator): submit_spark_job> on 2025-08-10 15:38:00.945449+00:00
[2025-08-10T15:38:04.275+0000] {standard_task_runner.py:63} INFO - Started process 1360 to run task
[2025-08-10T15:38:04.278+0000] {standard_task_runner.py:90} INFO - Running: ['***', 'tasks', 'run', 'spark_transform_topcv', 'submit_spark_job', 'manual__2025-08-10T15:38:00.945449+00:00', '--job-id', '12', '--raw', '--subdir', 'DAGS_FOLDER/etl_jobs_dag.py', '--cfg-path', '/tmp/tmpdapynzvb']
[2025-08-10T15:38:04.280+0000] {standard_task_runner.py:91} INFO - Job 12: Subtask submit_spark_job
[2025-08-10T15:38:04.342+0000] {task_command.py:426} INFO - Running <TaskInstance: spark_transform_topcv.submit_spark_job manual__2025-08-10T15:38:00.945449+00:00 [running]> on host d64d9d97170e
[2025-08-10T15:38:04.448+0000] {taskinstance.py:2648} INFO - Exporting env vars: AIRFLOW_CTX_DAG_OWNER='***' AIRFLOW_CTX_DAG_ID='spark_transform_topcv' AIRFLOW_CTX_TASK_ID='submit_spark_job' AIRFLOW_CTX_EXECUTION_DATE='2025-08-10T15:38:00.945449+00:00' AIRFLOW_CTX_TRY_NUMBER='1' AIRFLOW_CTX_DAG_RUN_ID='manual__2025-08-10T15:38:00.945449+00:00'
[2025-08-10T15:38:04.449+0000] {taskinstance.py:430} INFO - ::endgroup::
[2025-08-10T15:38:04.481+0000] {base.py:84} INFO - Using connection ID 'spark_default' for task execution.
[2025-08-10T15:38:04.483+0000] {spark_submit.py:351} INFO - Spark-Submit cmd: spark-submit --master spark://spark-master:7077 --conf spark.master=spark://spark-master:7077 --conf spark.driver.extraClassPath=/opt/custom-jars/* --conf spark.executor.extraClassPath=/opt/custom-jars/* --conf spark.hadoop.fs.gs.impl=com.google.cloud.hadoop.fs.gcs.GoogleHadoopFileSystem --conf spark.hadoop.fs.AbstractFileSystem.gs.impl=com.google.cloud.hadoop.fs.gcs.GoogleHadoopFS --conf spark.hadoop.google.cloud.auth.service.account.enable=true --conf spark.hadoop.google.cloud.auth.service.account.json.keyfile=/opt/***/gcp-key.json --jars /opt/custom-jars/gcs-connector-hadoop3-2.2.14-shaded.jar --name arrow-spark --verbose /opt/spark-jobs/silver.transform.py
[2025-08-10T15:38:05.240+0000] {spark_submit.py:521} INFO - WARNING: Using incubator modules: jdk.incubator.vector
[2025-08-10T15:38:07.224+0000] {spark_submit.py:521} INFO - Parsed arguments:
[2025-08-10T15:38:07.224+0000] {spark_submit.py:521} INFO - master                  spark://spark-master:7077
[2025-08-10T15:38:07.225+0000] {spark_submit.py:521} INFO - remote                  null
[2025-08-10T15:38:07.225+0000] {spark_submit.py:521} INFO - deployMode              null
[2025-08-10T15:38:07.225+0000] {spark_submit.py:521} INFO - executorMemory          null
[2025-08-10T15:38:07.225+0000] {spark_submit.py:521} INFO - executorCores           null
[2025-08-10T15:38:07.226+0000] {spark_submit.py:521} INFO - totalExecutorCores      null
[2025-08-10T15:38:07.226+0000] {spark_submit.py:521} INFO - propertiesFile          null
[2025-08-10T15:38:07.226+0000] {spark_submit.py:521} INFO - driverMemory            null
[2025-08-10T15:38:07.226+0000] {spark_submit.py:521} INFO - driverCores             null
[2025-08-10T15:38:07.226+0000] {spark_submit.py:521} INFO - driverExtraClassPath    /opt/custom-jars/*
[2025-08-10T15:38:07.228+0000] {spark_submit.py:521} INFO - driverExtraLibraryPath  null
[2025-08-10T15:38:07.228+0000] {spark_submit.py:521} INFO - driverExtraJavaOptions  null
[2025-08-10T15:38:07.228+0000] {spark_submit.py:521} INFO - supervise               false
[2025-08-10T15:38:07.229+0000] {spark_submit.py:521} INFO - queue                   null
[2025-08-10T15:38:07.229+0000] {spark_submit.py:521} INFO - numExecutors            null
[2025-08-10T15:38:07.229+0000] {spark_submit.py:521} INFO - files                   null
[2025-08-10T15:38:07.229+0000] {spark_submit.py:521} INFO - pyFiles                 null
[2025-08-10T15:38:07.229+0000] {spark_submit.py:521} INFO - archives                null
[2025-08-10T15:38:07.230+0000] {spark_submit.py:521} INFO - mainClass               null
[2025-08-10T15:38:07.230+0000] {spark_submit.py:521} INFO - primaryResource         file:/opt/spark-jobs/silver.transform.py
[2025-08-10T15:38:07.230+0000] {spark_submit.py:521} INFO - name                    arrow-spark
[2025-08-10T15:38:07.230+0000] {spark_submit.py:521} INFO - childArgs               []
[2025-08-10T15:38:07.230+0000] {spark_submit.py:521} INFO - jars                    file:/opt/custom-jars/gcs-connector-hadoop3-2.2.14-shaded.jar
[2025-08-10T15:38:07.231+0000] {spark_submit.py:521} INFO - packages                null
[2025-08-10T15:38:07.231+0000] {spark_submit.py:521} INFO - packagesExclusions      null
[2025-08-10T15:38:07.231+0000] {spark_submit.py:521} INFO - repositories            null
[2025-08-10T15:38:07.231+0000] {spark_submit.py:521} INFO - verbose                 true
[2025-08-10T15:38:07.231+0000] {spark_submit.py:521} INFO - 
[2025-08-10T15:38:07.232+0000] {spark_submit.py:521} INFO - Spark properties used, including those specified through
[2025-08-10T15:38:07.232+0000] {spark_submit.py:521} INFO - --conf and those from the properties file null:
[2025-08-10T15:38:07.232+0000] {spark_submit.py:521} INFO - (spark.driver.extraClassPath,/opt/custom-jars/*)
[2025-08-10T15:38:07.232+0000] {spark_submit.py:521} INFO - (spark.executor.extraClassPath,/opt/custom-jars/*)
[2025-08-10T15:38:07.232+0000] {spark_submit.py:521} INFO - (spark.hadoop.fs.AbstractFileSystem.gs.impl,com.google.cloud.hadoop.fs.gcs.GoogleHadoopFS)
[2025-08-10T15:38:07.232+0000] {spark_submit.py:521} INFO - (spark.hadoop.fs.gs.impl,com.google.cloud.hadoop.fs.gcs.GoogleHadoopFileSystem)
[2025-08-10T15:38:07.233+0000] {spark_submit.py:521} INFO - (spark.hadoop.google.cloud.auth.service.account.enable,true)
[2025-08-10T15:38:07.233+0000] {spark_submit.py:521} INFO - (spark.hadoop.google.cloud.auth.service.account.json.keyfile,/opt/***/gcp-key.json)
[2025-08-10T15:38:07.233+0000] {spark_submit.py:521} INFO - (spark.master,spark://spark-master:7077)
[2025-08-10T15:38:07.233+0000] {spark_submit.py:521} INFO - 
[2025-08-10T15:38:07.233+0000] {spark_submit.py:521} INFO - 
[2025-08-10T15:38:07.497+0000] {spark_submit.py:521} INFO - 25/08/10 15:38:07 WARN NativeCodeLoader: Unable to load native-hadoop library for your platform... using builtin-java classes where applicable
[2025-08-10T15:38:08.040+0000] {spark_submit.py:521} INFO - Main class:
[2025-08-10T15:38:08.041+0000] {spark_submit.py:521} INFO - org.apache.spark.deploy.PythonRunner
[2025-08-10T15:38:08.042+0000] {spark_submit.py:521} INFO - Arguments:
[2025-08-10T15:38:08.042+0000] {spark_submit.py:521} INFO - file:/opt/spark-jobs/silver.transform.py
[2025-08-10T15:38:08.042+0000] {spark_submit.py:521} INFO - null
[2025-08-10T15:38:08.043+0000] {spark_submit.py:521} INFO - Spark config:
[2025-08-10T15:38:08.043+0000] {spark_submit.py:521} INFO - (spark.app.name,arrow-spark)
[2025-08-10T15:38:08.043+0000] {spark_submit.py:521} INFO - (spark.app.submitTime,1754840288026)
[2025-08-10T15:38:08.044+0000] {spark_submit.py:521} INFO - (spark.driver.extraClassPath,/opt/custom-jars/*)
[2025-08-10T15:38:08.044+0000] {spark_submit.py:521} INFO - (spark.executor.extraClassPath,/opt/custom-jars/*)
[2025-08-10T15:38:08.044+0000] {spark_submit.py:521} INFO - (spark.hadoop.fs.AbstractFileSystem.gs.impl,com.google.cloud.hadoop.fs.gcs.GoogleHadoopFS)
[2025-08-10T15:38:08.044+0000] {spark_submit.py:521} INFO - (spark.hadoop.fs.gs.impl,com.google.cloud.hadoop.fs.gcs.GoogleHadoopFileSystem)
[2025-08-10T15:38:08.044+0000] {spark_submit.py:521} INFO - (spark.hadoop.google.cloud.auth.service.account.enable,true)
[2025-08-10T15:38:08.045+0000] {spark_submit.py:521} INFO - (spark.hadoop.google.cloud.auth.service.account.json.keyfile,/opt/***/gcp-key.json)
[2025-08-10T15:38:08.045+0000] {spark_submit.py:521} INFO - (spark.jars,file:///opt/custom-jars/gcs-connector-hadoop3-2.2.14-shaded.jar)
[2025-08-10T15:38:08.045+0000] {spark_submit.py:521} INFO - (spark.master,spark://spark-master:7077)
[2025-08-10T15:38:08.045+0000] {spark_submit.py:521} INFO - (spark.repl.local.jars,file:///opt/custom-jars/gcs-connector-hadoop3-2.2.14-shaded.jar)
[2025-08-10T15:38:08.046+0000] {spark_submit.py:521} INFO - (spark.submit.deployMode,client)
[2025-08-10T15:38:08.046+0000] {spark_submit.py:521} INFO - (spark.submit.pyFiles,)
[2025-08-10T15:38:08.046+0000] {spark_submit.py:521} INFO - Classpath elements:
[2025-08-10T15:38:08.046+0000] {spark_submit.py:521} INFO - file:///opt/custom-jars/gcs-connector-hadoop3-2.2.14-shaded.jar
[2025-08-10T15:38:08.046+0000] {spark_submit.py:521} INFO - 
[2025-08-10T15:38:08.047+0000] {spark_submit.py:521} INFO - 
[2025-08-10T15:38:09.049+0000] {spark_submit.py:521} INFO - Using Spark's default log4j profile: org/apache/spark/log4j2-defaults.properties
[2025-08-10T15:38:09.053+0000] {spark_submit.py:521} INFO - 25/08/10 15:38:09 INFO SparkContext: Running Spark version 4.0.0
[2025-08-10T15:38:09.054+0000] {spark_submit.py:521} INFO - 25/08/10 15:38:09 INFO SparkContext: OS info Linux, 5.15.167.4-microsoft-standard-WSL2, amd64
[2025-08-10T15:38:09.055+0000] {spark_submit.py:521} INFO - 25/08/10 15:38:09 INFO SparkContext: Java version 17.0.15
[2025-08-10T15:38:09.082+0000] {spark_submit.py:521} INFO - 25/08/10 15:38:09 INFO ResourceUtils: ==============================================================
[2025-08-10T15:38:09.083+0000] {spark_submit.py:521} INFO - 25/08/10 15:38:09 INFO ResourceUtils: No custom resources configured for spark.driver.
[2025-08-10T15:38:09.083+0000] {spark_submit.py:521} INFO - 25/08/10 15:38:09 INFO ResourceUtils: ==============================================================
[2025-08-10T15:38:09.083+0000] {spark_submit.py:521} INFO - 25/08/10 15:38:09 INFO SparkContext: Submitted application: gold_transform
[2025-08-10T15:38:09.104+0000] {spark_submit.py:521} INFO - 25/08/10 15:38:09 INFO ResourceProfile: Default ResourceProfile created, executor resources: Map(memory -> name: memory, amount: 1024, script: , vendor: , offHeap -> name: offHeap, amount: 0, script: , vendor: ), task resources: Map(cpus -> name: cpus, amount: 1.0)
[2025-08-10T15:38:09.107+0000] {spark_submit.py:521} INFO - 25/08/10 15:38:09 INFO ResourceProfile: Limiting resource is cpu
[2025-08-10T15:38:09.108+0000] {spark_submit.py:521} INFO - 25/08/10 15:38:09 INFO ResourceProfileManager: Added ResourceProfile id: 0
[2025-08-10T15:38:09.147+0000] {spark_submit.py:521} INFO - 25/08/10 15:38:09 INFO SecurityManager: Changing view acls to: ***
[2025-08-10T15:38:09.148+0000] {spark_submit.py:521} INFO - 25/08/10 15:38:09 INFO SecurityManager: Changing modify acls to: ***
[2025-08-10T15:38:09.148+0000] {spark_submit.py:521} INFO - 25/08/10 15:38:09 INFO SecurityManager: Changing view acls groups to: ***
[2025-08-10T15:38:09.149+0000] {spark_submit.py:521} INFO - 25/08/10 15:38:09 INFO SecurityManager: Changing modify acls groups to: ***
[2025-08-10T15:38:09.150+0000] {spark_submit.py:521} INFO - 25/08/10 15:38:09 INFO SecurityManager: SecurityManager: authentication disabled; ui acls disabled; users with view permissions: *** groups with view permissions: EMPTY; users with modify permissions: ***; groups with modify permissions: EMPTY; RPC SSL disabled
[2025-08-10T15:38:09.333+0000] {spark_submit.py:521} INFO - 25/08/10 15:38:09 INFO Utils: Successfully started service 'sparkDriver' on port 40477.
[2025-08-10T15:38:09.354+0000] {spark_submit.py:521} INFO - 25/08/10 15:38:09 INFO SparkEnv: Registering MapOutputTracker
[2025-08-10T15:38:09.366+0000] {spark_submit.py:521} INFO - 25/08/10 15:38:09 INFO SparkEnv: Registering BlockManagerMaster
[2025-08-10T15:38:09.379+0000] {spark_submit.py:521} INFO - 25/08/10 15:38:09 INFO BlockManagerMasterEndpoint: Using org.apache.spark.storage.DefaultTopologyMapper for getting topology information
[2025-08-10T15:38:09.380+0000] {spark_submit.py:521} INFO - 25/08/10 15:38:09 INFO BlockManagerMasterEndpoint: BlockManagerMasterEndpoint up
[2025-08-10T15:38:09.384+0000] {spark_submit.py:521} INFO - 25/08/10 15:38:09 INFO SparkEnv: Registering BlockManagerMasterHeartbeat
[2025-08-10T15:38:09.411+0000] {spark_submit.py:521} INFO - 25/08/10 15:38:09 INFO DiskBlockManager: Created local directory at /tmp/blockmgr-635d80e7-3fce-40b8-84e4-7db8e7bbdda8
[2025-08-10T15:38:09.432+0000] {spark_submit.py:521} INFO - 25/08/10 15:38:09 INFO SparkEnv: Registering OutputCommitCoordinator
[2025-08-10T15:38:09.564+0000] {spark_submit.py:521} INFO - 25/08/10 15:38:09 INFO JettyUtils: Start Jetty 0.0.0.0:4040 for SparkUI
[2025-08-10T15:38:09.632+0000] {spark_submit.py:521} INFO - 25/08/10 15:38:09 INFO Utils: Successfully started service 'SparkUI' on port 4040.
[2025-08-10T15:38:09.669+0000] {spark_submit.py:521} INFO - 25/08/10 15:38:09 INFO SparkContext: Added JAR file:///opt/custom-jars/gcs-connector-hadoop3-2.2.14-shaded.jar at spark://d64d9d97170e:40477/jars/gcs-connector-hadoop3-2.2.14-shaded.jar with timestamp 1754840289040
[2025-08-10T15:38:09.688+0000] {spark_submit.py:521} INFO - 25/08/10 15:38:09 INFO SecurityManager: Changing view acls to: ***
[2025-08-10T15:38:09.690+0000] {spark_submit.py:521} INFO - 25/08/10 15:38:09 INFO SecurityManager: Changing modify acls to: ***
[2025-08-10T15:38:09.690+0000] {spark_submit.py:521} INFO - 25/08/10 15:38:09 INFO SecurityManager: Changing view acls groups to: ***
[2025-08-10T15:38:09.691+0000] {spark_submit.py:521} INFO - 25/08/10 15:38:09 INFO SecurityManager: Changing modify acls groups to: ***
[2025-08-10T15:38:09.691+0000] {spark_submit.py:521} INFO - 25/08/10 15:38:09 INFO SecurityManager: SecurityManager: authentication disabled; ui acls disabled; users with view permissions: *** groups with view permissions: EMPTY; users with modify permissions: ***; groups with modify permissions: EMPTY; RPC SSL disabled
[2025-08-10T15:38:09.827+0000] {spark_submit.py:521} INFO - 25/08/10 15:38:09 INFO StandaloneAppClient$ClientEndpoint: Connecting to master spark://spark-master:7077...
[2025-08-10T15:38:09.866+0000] {spark_submit.py:521} INFO - 25/08/10 15:38:09 INFO TransportClientFactory: Successfully created connection to spark-master/172.18.0.3:7077 after 19 ms (0 ms spent in bootstraps)
[2025-08-10T15:38:10.014+0000] {spark_submit.py:521} INFO - 25/08/10 15:38:10 INFO StandaloneSchedulerBackend: Connected to Spark cluster with app ID app-20250810153809-0002
[2025-08-10T15:38:10.027+0000] {spark_submit.py:521} INFO - 25/08/10 15:38:10 INFO Utils: Successfully started service 'org.apache.spark.network.netty.NettyBlockTransferService' on port 39443.
[2025-08-10T15:38:10.029+0000] {spark_submit.py:521} INFO - 25/08/10 15:38:10 INFO NettyBlockTransferService: Server created on d64d9d97170e:39443
[2025-08-10T15:38:10.031+0000] {spark_submit.py:521} INFO - 25/08/10 15:38:10 INFO BlockManager: Using org.apache.spark.storage.RandomBlockReplicationPolicy for block replication policy
[2025-08-10T15:38:10.040+0000] {spark_submit.py:521} INFO - 25/08/10 15:38:10 INFO StandaloneAppClient$ClientEndpoint: Executor added: app-20250810153809-0002/0 on worker-20250810130435-172.18.0.2-34531 (172.18.0.2:34531) with 2 core(s)
[2025-08-10T15:38:10.043+0000] {spark_submit.py:521} INFO - 25/08/10 15:38:10 INFO StandaloneSchedulerBackend: Granted executor ID app-20250810153809-0002/0 on hostPort 172.18.0.2:34531 with 2 core(s), 1024.0 MiB RAM
[2025-08-10T15:38:10.049+0000] {spark_submit.py:521} INFO - 25/08/10 15:38:10 INFO BlockManagerMaster: Registering BlockManager BlockManagerId(driver, d64d9d97170e, 39443, None)
[2025-08-10T15:38:10.055+0000] {spark_submit.py:521} INFO - 25/08/10 15:38:10 INFO BlockManagerMasterEndpoint: Registering block manager d64d9d97170e:39443 with 434.4 MiB RAM, BlockManagerId(driver, d64d9d97170e, 39443, None)
[2025-08-10T15:38:10.060+0000] {spark_submit.py:521} INFO - 25/08/10 15:38:10 INFO BlockManagerMaster: Registered BlockManager BlockManagerId(driver, d64d9d97170e, 39443, None)
[2025-08-10T15:38:10.063+0000] {spark_submit.py:521} INFO - 25/08/10 15:38:10 INFO BlockManager: Initialized BlockManager: BlockManagerId(driver, d64d9d97170e, 39443, None)
[2025-08-10T15:38:10.227+0000] {spark_submit.py:521} INFO - 25/08/10 15:38:10 INFO StandaloneSchedulerBackend: SchedulerBackend is ready for scheduling beginning after reached minRegisteredResourcesRatio: 0.0
[2025-08-10T15:38:10.305+0000] {spark_submit.py:521} INFO - 25/08/10 15:38:10 INFO StandaloneAppClient$ClientEndpoint: Executor updated: app-20250810153809-0002/0 is now RUNNING
[2025-08-10T15:38:14.404+0000] {spark_submit.py:521} INFO - 25/08/10 15:38:14 INFO SharedState: Setting hive.metastore.warehouse.dir ('null') to the value of spark.sql.warehouse.dir.
[2025-08-10T15:38:14.411+0000] {spark_submit.py:521} INFO - 25/08/10 15:38:14 INFO SharedState: Warehouse path is 'file:/opt/***/spark-warehouse'.
[2025-08-10T15:38:16.788+0000] {spark_submit.py:521} INFO - 25/08/10 15:38:16 INFO StandaloneSchedulerBackend$StandaloneDriverEndpoint: Registered executor NettyRpcEndpointRef(spark-client://Executor) (172.18.0.2:50762) with ID 0, ResourceProfileId 0
[2025-08-10T15:38:17.262+0000] {spark_submit.py:521} INFO - 25/08/10 15:38:17 INFO BlockManagerMasterEndpoint: Registering block manager 172.18.0.2:34673 with 434.4 MiB RAM, BlockManagerId(0, 172.18.0.2, 34673, None)
[2025-08-10T15:38:19.421+0000] {spark_submit.py:521} INFO - 25/08/10 15:38:19 INFO InMemoryFileIndex: It took 236 ms to list leaf files for 1 paths.
[2025-08-10T15:38:19.678+0000] {spark_submit.py:521} INFO - 25/08/10 15:38:19 INFO SparkContext: Starting job: parquet at NativeMethodAccessorImpl.java:0
[2025-08-10T15:38:19.704+0000] {spark_submit.py:521} INFO - 25/08/10 15:38:19 INFO DAGScheduler: Got job 0 (parquet at NativeMethodAccessorImpl.java:0) with 1 output partitions
[2025-08-10T15:38:19.708+0000] {spark_submit.py:521} INFO - 25/08/10 15:38:19 INFO DAGScheduler: Final stage: ResultStage 0 (parquet at NativeMethodAccessorImpl.java:0)
[2025-08-10T15:38:19.710+0000] {spark_submit.py:521} INFO - 25/08/10 15:38:19 INFO DAGScheduler: Parents of final stage: List()
[2025-08-10T15:38:19.714+0000] {spark_submit.py:521} INFO - 25/08/10 15:38:19 INFO DAGScheduler: Missing parents: List()
[2025-08-10T15:38:19.720+0000] {spark_submit.py:521} INFO - 25/08/10 15:38:19 INFO DAGScheduler: Submitting ResultStage 0 (MapPartitionsRDD[1] at parquet at NativeMethodAccessorImpl.java:0), which has no missing parents
[2025-08-10T15:38:19.792+0000] {spark_submit.py:521} INFO - 25/08/10 15:38:19 INFO MemoryStore: MemoryStore started with capacity 434.4 MiB
[2025-08-10T15:38:19.870+0000] {spark_submit.py:521} INFO - 25/08/10 15:38:19 INFO MemoryStore: Block broadcast_0 stored as values in memory (estimated size 116.0 KiB, free 434.3 MiB)
[2025-08-10T15:38:19.991+0000] {spark_submit.py:521} INFO - 25/08/10 15:38:19 INFO MemoryStore: Block broadcast_0_piece0 stored as bytes in memory (estimated size 41.8 KiB, free 434.2 MiB)
[2025-08-10T15:38:20.008+0000] {spark_submit.py:521} INFO - 25/08/10 15:38:20 INFO SparkContext: Created broadcast 0 from broadcast at DAGScheduler.scala:1676
[2025-08-10T15:38:20.087+0000] {spark_submit.py:521} INFO - 25/08/10 15:38:20 INFO DAGScheduler: Submitting 1 missing tasks from ResultStage 0 (MapPartitionsRDD[1] at parquet at NativeMethodAccessorImpl.java:0) (first 15 tasks are for partitions Vector(0))
[2025-08-10T15:38:20.131+0000] {spark_submit.py:521} INFO - 25/08/10 15:38:20 INFO TaskSchedulerImpl: Adding task set 0.0 with 1 tasks resource profile 0
[2025-08-10T15:38:20.194+0000] {spark_submit.py:521} INFO - 25/08/10 15:38:20 INFO TaskSetManager: Starting task 0.0 in stage 0.0 (TID 0) (172.18.0.2,executor 0, partition 0, PROCESS_LOCAL, 10008 bytes)
[2025-08-10T15:38:24.811+0000] {spark_submit.py:521} INFO - 25/08/10 15:38:24 INFO TaskSetManager: Finished task 0.0 in stage 0.0 (TID 0) in 4640 ms on 172.18.0.2 (executor 0) (1/1)
[2025-08-10T15:38:24.815+0000] {spark_submit.py:521} INFO - 25/08/10 15:38:24 INFO TaskSchedulerImpl: Removed TaskSet 0.0 whose tasks have all completed, from pool
[2025-08-10T15:38:24.820+0000] {spark_submit.py:521} INFO - 25/08/10 15:38:24 INFO DAGScheduler: ResultStage 0 (parquet at NativeMethodAccessorImpl.java:0) finished in 5074 ms
[2025-08-10T15:38:24.823+0000] {spark_submit.py:521} INFO - 25/08/10 15:38:24 INFO DAGScheduler: Job 0 is finished. Cancelling potential speculative or zombie tasks for this job
[2025-08-10T15:38:24.824+0000] {spark_submit.py:521} INFO - 25/08/10 15:38:24 INFO TaskSchedulerImpl: Canceling stage 0
[2025-08-10T15:38:24.825+0000] {spark_submit.py:521} INFO - 25/08/10 15:38:24 INFO TaskSchedulerImpl: Killing all running tasks in stage 0: Stage finished
[2025-08-10T15:38:24.830+0000] {spark_submit.py:521} INFO - 25/08/10 15:38:24 INFO DAGScheduler: Job 0 finished: parquet at NativeMethodAccessorImpl.java:0, took 5150.649954 ms
[2025-08-10T15:38:26.232+0000] {spark_submit.py:521} INFO - 25/08/10 15:38:26 INFO FileSourceStrategy: Pushed Filters:
[2025-08-10T15:38:26.236+0000] {spark_submit.py:521} INFO - 25/08/10 15:38:26 INFO FileSourceStrategy: Post-Scan Filters: Set()
[2025-08-10T15:38:26.746+0000] {spark_submit.py:521} INFO - 25/08/10 15:38:26 INFO CodeGenerator: Code generated in 209.994941 ms
[2025-08-10T15:38:26.815+0000] {spark_submit.py:521} INFO - 25/08/10 15:38:26 INFO CodeGenerator: Code generated in 37.846651 ms
[2025-08-10T15:38:26.839+0000] {spark_submit.py:521} INFO - 25/08/10 15:38:26 INFO MemoryStore: Block broadcast_1 stored as values in memory (estimated size 221.3 KiB, free 434.2 MiB)
[2025-08-10T15:38:26.849+0000] {spark_submit.py:521} INFO - 25/08/10 15:38:26 INFO MemoryStore: Block broadcast_1_piece0 stored as bytes in memory (estimated size 40.3 KiB, free 434.1 MiB)
[2025-08-10T15:38:26.850+0000] {spark_submit.py:521} INFO - 25/08/10 15:38:26 INFO SparkContext: Created broadcast 1 from showString at NativeMethodAccessorImpl.java:0
[2025-08-10T15:38:26.865+0000] {spark_submit.py:521} INFO - 25/08/10 15:38:26 INFO FileSourceScanExec: Planning scan with bin packing, max size: 4194304 bytes, open cost is considered as scanning 4194304 bytes.
[2025-08-10T15:38:26.914+0000] {spark_submit.py:521} INFO - 25/08/10 15:38:26 INFO SparkContext: Starting job: showString at NativeMethodAccessorImpl.java:0
[2025-08-10T15:38:26.915+0000] {spark_submit.py:521} INFO - 25/08/10 15:38:26 INFO DAGScheduler: Got job 1 (showString at NativeMethodAccessorImpl.java:0) with 1 output partitions
[2025-08-10T15:38:26.915+0000] {spark_submit.py:521} INFO - 25/08/10 15:38:26 INFO DAGScheduler: Final stage: ResultStage 1 (showString at NativeMethodAccessorImpl.java:0)
[2025-08-10T15:38:26.915+0000] {spark_submit.py:521} INFO - 25/08/10 15:38:26 INFO DAGScheduler: Parents of final stage: List()
[2025-08-10T15:38:26.916+0000] {spark_submit.py:521} INFO - 25/08/10 15:38:26 INFO DAGScheduler: Missing parents: List()
[2025-08-10T15:38:26.916+0000] {spark_submit.py:521} INFO - 25/08/10 15:38:26 INFO DAGScheduler: Submitting ResultStage 1 (MapPartitionsRDD[8] at showString at NativeMethodAccessorImpl.java:0), which has no missing parents
[2025-08-10T15:38:26.950+0000] {spark_submit.py:521} INFO - 25/08/10 15:38:26 INFO MemoryStore: Block broadcast_2 stored as values in memory (estimated size 72.5 KiB, free 434.1 MiB)
[2025-08-10T15:38:26.961+0000] {spark_submit.py:521} INFO - 25/08/10 15:38:26 INFO MemoryStore: Block broadcast_2_piece0 stored as bytes in memory (estimated size 25.4 KiB, free 434.0 MiB)
[2025-08-10T15:38:26.963+0000] {spark_submit.py:521} INFO - 25/08/10 15:38:26 INFO SparkContext: Created broadcast 2 from broadcast at DAGScheduler.scala:1676
[2025-08-10T15:38:26.965+0000] {spark_submit.py:521} INFO - 25/08/10 15:38:26 INFO DAGScheduler: Submitting 1 missing tasks from ResultStage 1 (MapPartitionsRDD[8] at showString at NativeMethodAccessorImpl.java:0) (first 15 tasks are for partitions Vector(0))
[2025-08-10T15:38:26.965+0000] {spark_submit.py:521} INFO - 25/08/10 15:38:26 INFO TaskSchedulerImpl: Adding task set 1.0 with 1 tasks resource profile 0
[2025-08-10T15:38:26.969+0000] {spark_submit.py:521} INFO - 25/08/10 15:38:26 INFO TaskSetManager: Starting task 0.0 in stage 1.0 (TID 1) (172.18.0.2,executor 0, partition 0, PROCESS_LOCAL, 10449 bytes)
[2025-08-10T15:38:31.694+0000] {spark_submit.py:521} INFO - 25/08/10 15:38:31 INFO TaskSetManager: Finished task 0.0 in stage 1.0 (TID 1) in 4727 ms on 172.18.0.2 (executor 0) (1/1)
[2025-08-10T15:38:31.694+0000] {spark_submit.py:521} INFO - 25/08/10 15:38:31 INFO TaskSchedulerImpl: Removed TaskSet 1.0 whose tasks have all completed, from pool
[2025-08-10T15:38:31.696+0000] {spark_submit.py:521} INFO - 25/08/10 15:38:31 INFO PythonAccumulatorV2: Connected to AccumulatorServer at host: 127.0.0.1 port: 60413
[2025-08-10T15:38:31.697+0000] {spark_submit.py:521} INFO - 25/08/10 15:38:31 INFO DAGScheduler: ResultStage 1 (showString at NativeMethodAccessorImpl.java:0) finished in 4780 ms
[2025-08-10T15:38:31.698+0000] {spark_submit.py:521} INFO - 25/08/10 15:38:31 INFO DAGScheduler: Job 1 is finished. Cancelling potential speculative or zombie tasks for this job
[2025-08-10T15:38:31.698+0000] {spark_submit.py:521} INFO - 25/08/10 15:38:31 INFO TaskSchedulerImpl: Canceling stage 1
[2025-08-10T15:38:31.698+0000] {spark_submit.py:521} INFO - 25/08/10 15:38:31 INFO TaskSchedulerImpl: Killing all running tasks in stage 1: Stage finished
[2025-08-10T15:38:31.699+0000] {spark_submit.py:521} INFO - 25/08/10 15:38:31 INFO DAGScheduler: Job 1 finished: showString at NativeMethodAccessorImpl.java:0, took 4783.866571 ms
[2025-08-10T15:38:31.746+0000] {spark_submit.py:521} INFO - 25/08/10 15:38:31 INFO CodeGenerator: Code generated in 23.513018 ms
[2025-08-10T15:38:31.807+0000] {spark_submit.py:521} INFO - +--------------------+--------------------+---+----------------+----------+----------+----------------+----------------+--------------------+--------------------+--------------+--------------+---------------+----------------+-----------+--------+------------+
[2025-08-10T15:38:31.809+0000] {spark_submit.py:521} INFO - |        job_position|        company_name|yoe|job_posting_date|min_salary|max_salary|company_size_min|company_size_max|         major_field|               level|num_of_recruit|     work_form|relation_fields|skills_extracted|       city|district|      source|
[2025-08-10T15:38:31.810+0000] {spark_submit.py:521} INFO - +--------------------+--------------------+---+----------------+----------+----------+----------------+----------------+--------------------+--------------------+--------------+--------------+---------------+----------------+-----------+--------+------------+
[2025-08-10T15:38:31.812+0000] {spark_submit.py:521} INFO - |[Hưng Yên] Trưởng...|Mektec Manufactur...|  5|      2025-07-11|  17000000|  23000000|            1000|            4999|       Manufacturing|        Trưởng phòng|          NULL|Toàn thời gian|             []|              []|   Hưng Yên|        |vietnamworks|
[2025-08-10T15:38:31.816+0000] {spark_submit.py:521} INFO - |Senior AI Enginee...|Bosch Global Soft...|  5|      2025-07-28|         0|         0|            1000|            4999|Information Techn...|           Nhân viên|          NULL|Toàn thời gian|             []|              []|Hồ Chí Minh|        |vietnamworks|
[2025-08-10T15:38:31.823+0000] {spark_submit.py:521} INFO - |Nhân Viên Kiểm So...|Công Ty TNHH Hyun...|  1|      2025-07-21|         0|         0|             100|             499|Textiles, Garment...|           Nhân viên|          NULL|Toàn thời gian|             []|              []| Bình Dương|        |vietnamworks|
[2025-08-10T15:38:31.824+0000] {spark_submit.py:521} INFO - |Head of Database ...|Ngân Hàng TNHH In...|  5|      2025-07-28|         0|         0|            1000|            4999|Information Techn...|           Nhân viên|          NULL|Toàn thời gian|             []|              []|Hồ Chí Minh|        |vietnamworks|
[2025-08-10T15:38:31.825+0000] {spark_submit.py:521} INFO - |Trade Marketing M...|Công Ty Cổ Phần C...|  2|      2025-07-21|         0|         0|             500|             999|Marketing, Advert...|        Trưởng phòng|           1.0|Toàn thời gian|             []|              []|Hồ Chí Minh|        |vietnamworks|
[2025-08-10T15:38:31.825+0000] {spark_submit.py:521} INFO - |Chuyên Viên Phân ...|Công Ty Tài Chính...|  1|      2025-08-04|         0|         0|            5000|            9999|Banking & Financi...|           Nhân viên|          NULL|Toàn thời gian|             []|              []|     Hà Nội|        |vietnamworks|
[2025-08-10T15:38:31.826+0000] {spark_submit.py:521} INFO - |Junior Analyst (S...|Profectus Vietnam...|  0|      2025-07-10|         0|         0|            NULL|            NULL|Banking & Financi...|           Nhân viên|          NULL|Toàn thời gian|             []|              []|Hồ Chí Minh|        |vietnamworks|
[2025-08-10T15:38:31.826+0000] {spark_submit.py:521} INFO - |Nhân Viên Trợ Lý ...|Santomas Vietnam ...|  0|      2025-07-14|   9120000|  14400000|             500|             999|Administration/Of...|           Nhân viên|          NULL|Toàn thời gian|             []|              []|   Bắc Ninh|        |vietnamworks|
[2025-08-10T15:38:31.827+0000] {spark_submit.py:521} INFO - |Sale Admin - Trợ ...|      Chicilon Media|  0|      2025-08-01|         0|         0|            NULL|            NULL|Administration/Of...|      Mới Tốt Nghiệp|          NULL|Toàn thời gian|             []|              []|Hồ Chí Minh|        |vietnamworks|
[2025-08-10T15:38:31.827+0000] {spark_submit.py:521} INFO - |Lead/Senior Autom...|       Zeder Vietnam|  3|      2025-07-28|         0|         0|             100|             499|Information Techn...|           Nhân viên|          NULL|Toàn thời gian|             []|              []|     Hà Nội| Hà Đông|vietnamworks|
[2025-08-10T15:38:31.828+0000] {spark_submit.py:521} INFO - |      Kế Toán Trưởng|CÔNG TY TNHH CG G...|  5|      2025-08-04|  35000000|  45000000|            NULL|            NULL| Accounting/Auditing|        Trưởng phòng|           1.0|Toàn thời gian|             []|              []|     Hà Nội|        |vietnamworks|
[2025-08-10T15:38:31.828+0000] {spark_submit.py:521} INFO - |Chuyên Viên Công ...|Công Ty Cổ Phần A...|  1|      2025-08-04|  12000000|  25000000|            NULL|            NULL|Information Techn...|           Nhân viên|           5.0|Toàn thời gian|             []|              []|     Hà Nội|  Tây Hồ|vietnamworks|
[2025-08-10T15:38:31.829+0000] {spark_submit.py:521} INFO - |Supply Chain Oper...|   Crossian Việt Nam|  3|      2025-07-21|1000000000|1500000000|            NULL|            NULL|Logistics/Import ...|           Nhân viên|           1.0|Toàn thời gian|             []|              []|     Hà Nội|        |vietnamworks|
[2025-08-10T15:38:31.829+0000] {spark_submit.py:521} INFO - |   Sales Coordinator|Công Ty TNHH Công...|  3|      2025-07-14|         0|         0|            NULL|            NULL|Administration/Of...|           Nhân viên|          NULL|Toàn thời gian|             []|              []|Hồ Chí Minh|        |vietnamworks|
[2025-08-10T15:38:31.829+0000] {spark_submit.py:521} INFO - |Quality Assurance...|     Ferguson Global|  6|      2025-07-14|  32000000|         0|            NULL|            NULL|       Manufacturing|           Nhân viên|          NULL|Toàn thời gian|             []|              []|Hồ Chí Minh|        |vietnamworks|
[2025-08-10T15:38:31.830+0000] {spark_submit.py:521} INFO - |Senior Manager, C...|Công Ty Cổ Phần Đ...| 10|      2025-07-29|         0|         0|             500|             999|Human Resources/R...|Giám Đốc và Cấp C...|           1.0|Toàn thời gian|             []|              []|Hồ Chí Minh|        |vietnamworks|
[2025-08-10T15:38:31.830+0000] {spark_submit.py:521} INFO - |Collections Proje...|           FE CREDIT|  3|      2025-07-21|         0|         0|           10000|           19999|Information Techn...|           Nhân viên|          NULL|Toàn thời gian|             []|              []|Hồ Chí Minh|Tân Bình|vietnamworks|
[2025-08-10T15:38:31.831+0000] {spark_submit.py:521} INFO - |ASIC Design Verif...|         FPT Telecom|  2|      2025-07-23|  48000000|  84000000|            5000|            9999|Information Techn...|           Nhân viên|          NULL|Toàn thời gian|             []|              []|Hồ Chí Minh|        |vietnamworks|
[2025-08-10T15:38:31.831+0000] {spark_submit.py:521} INFO - |Senior Expert, Da...|         Techcombank| 12|      2025-07-29|         0|         0|            NULL|            NULL|Information Techn...|           Nhân viên|           1.0|Toàn thời gian|             []|              []|     Hà Nội|        |vietnamworks|
[2025-08-10T15:38:31.831+0000] {spark_submit.py:521} INFO - |Chuyên Viên Tư Vấ...|Tập Đoàn Giáo Dục...|  1|      2025-07-22|  12000000|  25000000|             100|             499|               Sales|           Nhân viên|          20.0|Toàn thời gian|             []|              []|     Hà Nội|        |vietnamworks|
[2025-08-10T15:38:31.832+0000] {spark_submit.py:521} INFO - +--------------------+--------------------+---+----------------+----------+----------+----------------+----------------+--------------------+--------------------+--------------+--------------+---------------+----------------+-----------+--------+------------+
[2025-08-10T15:38:31.832+0000] {spark_submit.py:521} INFO - only showing top 20 rows
[2025-08-10T15:38:31.914+0000] {spark_submit.py:521} INFO - 25/08/10 15:38:31 INFO FileSourceStrategy: Pushed Filters:
[2025-08-10T15:38:31.915+0000] {spark_submit.py:521} INFO - 25/08/10 15:38:31 INFO FileSourceStrategy: Post-Scan Filters: Set()
[2025-08-10T15:38:31.983+0000] {spark_submit.py:521} INFO - 25/08/10 15:38:31 INFO CodeGenerator: Code generated in 29.904342 ms
[2025-08-10T15:38:32.020+0000] {spark_submit.py:521} INFO - 25/08/10 15:38:32 INFO CodeGenerator: Code generated in 27.873007 ms
[2025-08-10T15:38:32.027+0000] {spark_submit.py:521} INFO - 25/08/10 15:38:32 INFO MemoryStore: Block broadcast_3 stored as values in memory (estimated size 221.3 KiB, free 433.9 MiB)
[2025-08-10T15:38:32.039+0000] {spark_submit.py:521} INFO - 25/08/10 15:38:32 INFO MemoryStore: Block broadcast_3_piece0 stored as bytes in memory (estimated size 40.3 KiB, free 433.9 MiB)
[2025-08-10T15:38:32.041+0000] {spark_submit.py:521} INFO - 25/08/10 15:38:32 INFO SparkContext: Created broadcast 3 from toPandas at /opt/spark-jobs/silver.transform.py:121
[2025-08-10T15:38:32.043+0000] {spark_submit.py:521} INFO - 25/08/10 15:38:32 INFO FileSourceScanExec: Planning scan with bin packing, max size: 4194304 bytes, open cost is considered as scanning 4194304 bytes.
[2025-08-10T15:38:32.061+0000] {spark_submit.py:521} INFO - 25/08/10 15:38:32 INFO SparkContext: Starting job: toPandas at /opt/spark-jobs/silver.transform.py:121
[2025-08-10T15:38:32.062+0000] {spark_submit.py:521} INFO - 25/08/10 15:38:32 INFO DAGScheduler: Got job 2 (toPandas at /opt/spark-jobs/silver.transform.py:121) with 1 output partitions
[2025-08-10T15:38:32.063+0000] {spark_submit.py:521} INFO - 25/08/10 15:38:32 INFO DAGScheduler: Final stage: ResultStage 2 (toPandas at /opt/spark-jobs/silver.transform.py:121)
[2025-08-10T15:38:32.064+0000] {spark_submit.py:521} INFO - 25/08/10 15:38:32 INFO DAGScheduler: Parents of final stage: List()
[2025-08-10T15:38:32.064+0000] {spark_submit.py:521} INFO - 25/08/10 15:38:32 INFO DAGScheduler: Missing parents: List()
[2025-08-10T15:38:32.064+0000] {spark_submit.py:521} INFO - 25/08/10 15:38:32 INFO DAGScheduler: Submitting ResultStage 2 (MapPartitionsRDD[15] at toPandas at /opt/spark-jobs/silver.transform.py:121), which has no missing parents
[2025-08-10T15:38:32.072+0000] {spark_submit.py:521} INFO - 25/08/10 15:38:32 INFO MemoryStore: Block broadcast_4 stored as values in memory (estimated size 69.9 KiB, free 433.8 MiB)
[2025-08-10T15:38:32.075+0000] {spark_submit.py:521} INFO - 25/08/10 15:38:32 INFO MemoryStore: Block broadcast_4_piece0 stored as bytes in memory (estimated size 24.6 KiB, free 433.8 MiB)
[2025-08-10T15:38:32.077+0000] {spark_submit.py:521} INFO - 25/08/10 15:38:32 INFO SparkContext: Created broadcast 4 from broadcast at DAGScheduler.scala:1676
[2025-08-10T15:38:32.078+0000] {spark_submit.py:521} INFO - 25/08/10 15:38:32 INFO DAGScheduler: Submitting 1 missing tasks from ResultStage 2 (MapPartitionsRDD[15] at toPandas at /opt/spark-jobs/silver.transform.py:121) (first 15 tasks are for partitions Vector(0))
[2025-08-10T15:38:32.079+0000] {spark_submit.py:521} INFO - 25/08/10 15:38:32 INFO TaskSchedulerImpl: Adding task set 2.0 with 1 tasks resource profile 0
[2025-08-10T15:38:32.080+0000] {spark_submit.py:521} INFO - 25/08/10 15:38:32 INFO TaskSetManager: Starting task 0.0 in stage 2.0 (TID 2) (172.18.0.2,executor 0, partition 0, PROCESS_LOCAL, 10449 bytes)
[2025-08-10T15:38:34.103+0000] {spark_submit.py:521} INFO - 25/08/10 15:38:34 INFO TaskSetManager: Finished task 0.0 in stage 2.0 (TID 2) in 2022 ms on 172.18.0.2 (executor 0) (1/1)
[2025-08-10T15:38:34.106+0000] {spark_submit.py:521} INFO - 25/08/10 15:38:34 INFO TaskSchedulerImpl: Removed TaskSet 2.0 whose tasks have all completed, from pool
[2025-08-10T15:38:34.107+0000] {spark_submit.py:521} INFO - 25/08/10 15:38:34 INFO DAGScheduler: ResultStage 2 (toPandas at /opt/spark-jobs/silver.transform.py:121) finished in 2039 ms
[2025-08-10T15:38:34.107+0000] {spark_submit.py:521} INFO - 25/08/10 15:38:34 INFO DAGScheduler: Job 2 is finished. Cancelling potential speculative or zombie tasks for this job
[2025-08-10T15:38:34.107+0000] {spark_submit.py:521} INFO - 25/08/10 15:38:34 INFO TaskSchedulerImpl: Canceling stage 2
[2025-08-10T15:38:34.108+0000] {spark_submit.py:521} INFO - 25/08/10 15:38:34 INFO TaskSchedulerImpl: Killing all running tasks in stage 2: Stage finished
[2025-08-10T15:38:34.108+0000] {spark_submit.py:521} INFO - 25/08/10 15:38:34 INFO DAGScheduler: Job 2 finished: toPandas at /opt/spark-jobs/silver.transform.py:121, took 2045.210856 ms
[2025-08-10T15:38:34.244+0000] {spark_submit.py:521} INFO - Traceback (most recent call last):
[2025-08-10T15:38:34.244+0000] {spark_submit.py:521} INFO - File "/opt/spark-jobs/silver.transform.py", line 122, in <module>
[2025-08-10T15:38:34.247+0000] {spark_submit.py:521} INFO - pdf.to_excel("df_silver.xlsx", index=False)
[2025-08-10T15:38:34.247+0000] {spark_submit.py:521} INFO - File "/home/***/.local/lib/python3.11/site-packages/pandas/core/generic.py", line 2345, in to_excel
[2025-08-10T15:38:34.248+0000] {spark_submit.py:521} INFO - formatter.write(
[2025-08-10T15:38:34.248+0000] {spark_submit.py:521} INFO - File "/home/***/.local/lib/python3.11/site-packages/pandas/io/formats/excel.py", line 946, in write
[2025-08-10T15:38:34.249+0000] {spark_submit.py:521} INFO - writer = ExcelWriter(  # type: ignore[abstract]
[2025-08-10T15:38:34.249+0000] {spark_submit.py:521} INFO - ^^^^^^^^^^^^^^^^^^^^^^^^^^^^^^^^^^^^^^
[2025-08-10T15:38:34.249+0000] {spark_submit.py:521} INFO - File "/home/***/.local/lib/python3.11/site-packages/pandas/io/excel/_openpyxl.py", line 57, in __init__
[2025-08-10T15:38:34.250+0000] {spark_submit.py:521} INFO - from openpyxl.workbook import Workbook
[2025-08-10T15:38:34.250+0000] {spark_submit.py:521} INFO - ModuleNotFoundError: No module named 'openpyxl'
[2025-08-10T15:38:34.567+0000] {spark_submit.py:521} INFO - 25/08/10 15:38:34 INFO SparkContext: Invoking stop() from shutdown hook
[2025-08-10T15:38:34.570+0000] {spark_submit.py:521} INFO - 25/08/10 15:38:34 INFO SparkContext: SparkContext is stopping with exitCode 0 from run at Executors.java:539.
[2025-08-10T15:38:34.588+0000] {spark_submit.py:521} INFO - 25/08/10 15:38:34 INFO SparkUI: Stopped Spark web UI at http://d64d9d97170e:4040
[2025-08-10T15:38:34.591+0000] {spark_submit.py:521} INFO - 25/08/10 15:38:34 INFO StandaloneSchedulerBackend: Shutting down all executors
[2025-08-10T15:38:34.592+0000] {spark_submit.py:521} INFO - 25/08/10 15:38:34 INFO StandaloneSchedulerBackend$StandaloneDriverEndpoint: Asking each executor to shut down
[2025-08-10T15:38:34.622+0000] {spark_submit.py:521} INFO - 25/08/10 15:38:34 INFO MapOutputTrackerMasterEndpoint: MapOutputTrackerMasterEndpoint stopped!
[2025-08-10T15:38:34.673+0000] {spark_submit.py:521} INFO - 25/08/10 15:38:34 INFO MemoryStore: MemoryStore cleared
[2025-08-10T15:38:34.675+0000] {spark_submit.py:521} INFO - 25/08/10 15:38:34 INFO BlockManager: BlockManager stopped
[2025-08-10T15:38:34.682+0000] {spark_submit.py:521} INFO - 25/08/10 15:38:34 INFO BlockManagerMaster: BlockManagerMaster stopped
[2025-08-10T15:38:34.688+0000] {spark_submit.py:521} INFO - 25/08/10 15:38:34 INFO OutputCommitCoordinator$OutputCommitCoordinatorEndpoint: OutputCommitCoordinator stopped!
[2025-08-10T15:38:34.706+0000] {spark_submit.py:521} INFO - 25/08/10 15:38:34 INFO SparkContext: Successfully stopped SparkContext
[2025-08-10T15:38:34.707+0000] {spark_submit.py:521} INFO - 25/08/10 15:38:34 INFO ShutdownHookManager: Shutdown hook called
[2025-08-10T15:38:34.707+0000] {spark_submit.py:521} INFO - 25/08/10 15:38:34 INFO ShutdownHookManager: Deleting directory /opt/***/artifacts/spark-3ce280a4-8b6d-4e74-9606-d03f6a4902ac
[2025-08-10T15:38:34.716+0000] {spark_submit.py:521} INFO - 25/08/10 15:38:34 INFO ShutdownHookManager: Deleting directory /tmp/spark-54b6a20f-1307-4dee-91a7-81886ad247f9
[2025-08-10T15:38:34.723+0000] {spark_submit.py:521} INFO - 25/08/10 15:38:34 INFO ShutdownHookManager: Deleting directory /tmp/spark-5e8e568e-ff51-48c6-a092-52c7b270d1b3/pyspark-274148a8-e32f-4ae1-bb35-63e7e1eb1181
[2025-08-10T15:38:34.729+0000] {spark_submit.py:521} INFO - 25/08/10 15:38:34 INFO ShutdownHookManager: Deleting directory /tmp/spark-5e8e568e-ff51-48c6-a092-52c7b270d1b3
[2025-08-10T15:38:34.832+0000] {taskinstance.py:441} INFO - ::group::Post task execution logs
[2025-08-10T15:38:34.961+0000] {taskinstance.py:2905} ERROR - Task failed with exception
Traceback (most recent call last):
  File "/home/airflow/.local/lib/python3.11/site-packages/airflow/models/taskinstance.py", line 465, in _execute_task
    result = _execute_callable(context=context, **execute_callable_kwargs)
             ^^^^^^^^^^^^^^^^^^^^^^^^^^^^^^^^^^^^^^^^^^^^^^^^^^^^^^^^^^^^^
  File "/home/airflow/.local/lib/python3.11/site-packages/airflow/models/taskinstance.py", line 432, in _execute_callable
    return execute_callable(context=context, **execute_callable_kwargs)
           ^^^^^^^^^^^^^^^^^^^^^^^^^^^^^^^^^^^^^^^^^^^^^^^^^^^^^^^^^^^^
  File "/home/airflow/.local/lib/python3.11/site-packages/airflow/models/baseoperator.py", line 400, in wrapper
    return func(self, *args, **kwargs)
           ^^^^^^^^^^^^^^^^^^^^^^^^^^^
  File "/home/airflow/.local/lib/python3.11/site-packages/airflow/providers/apache/spark/operators/spark_submit.py", line 156, in execute
    self._hook.submit(self._application)
  File "/home/airflow/.local/lib/python3.11/site-packages/airflow/providers/apache/spark/hooks/spark_submit.py", line 452, in submit
    raise AirflowException(
airflow.exceptions.AirflowException: Cannot execute: spark-submit --master spark://spark-master:7077 --conf spark.master=spark://spark-master:7077 --conf spark.driver.extraClassPath=/opt/custom-jars/* --conf spark.executor.extraClassPath=/opt/custom-jars/* --conf spark.hadoop.fs.gs.impl=com.google.cloud.hadoop.fs.gcs.GoogleHadoopFileSystem --conf spark.hadoop.fs.AbstractFileSystem.gs.impl=com.google.cloud.hadoop.fs.gcs.GoogleHadoopFS --conf spark.hadoop.google.cloud.auth.service.account.enable=true --conf spark.hadoop.google.cloud.auth.service.account.json.keyfile=/opt/***/gcp-key.json --jars /opt/custom-jars/gcs-connector-hadoop3-2.2.14-shaded.jar --name arrow-spark --verbose /opt/spark-jobs/silver.transform.py. Error code is: 1.
[2025-08-10T15:38:35.049+0000] {taskinstance.py:1206} INFO - Marking task as FAILED. dag_id=spark_transform_topcv, task_id=submit_spark_job, run_id=manual__2025-08-10T15:38:00.945449+00:00, execution_date=20250810T153800, start_date=20250810T153804, end_date=20250810T153835
[2025-08-10T15:38:35.170+0000] {standard_task_runner.py:110} ERROR - Failed to execute job 12 for task submit_spark_job (Cannot execute: spark-submit --master spark://spark-master:7077 --conf spark.master=spark://spark-master:7077 --conf spark.driver.extraClassPath=/opt/custom-jars/* --conf spark.executor.extraClassPath=/opt/custom-jars/* --conf spark.hadoop.fs.gs.impl=com.google.cloud.hadoop.fs.gcs.GoogleHadoopFileSystem --conf spark.hadoop.fs.AbstractFileSystem.gs.impl=com.google.cloud.hadoop.fs.gcs.GoogleHadoopFS --conf spark.hadoop.google.cloud.auth.service.account.enable=true --conf spark.hadoop.google.cloud.auth.service.account.json.keyfile=/opt/***/gcp-key.json --jars /opt/custom-jars/gcs-connector-hadoop3-2.2.14-shaded.jar --name arrow-spark --verbose /opt/spark-jobs/silver.transform.py. Error code is: 1.; 1360)
[2025-08-10T15:38:35.222+0000] {local_task_job_runner.py:240} INFO - Task exited with return code 1
[2025-08-10T15:38:35.334+0000] {taskinstance.py:3498} INFO - 0 downstream tasks scheduled from follow-on schedule check
[2025-08-10T15:38:35.338+0000] {local_task_job_runner.py:222} INFO - ::endgroup::
