[2025-08-14T06:36:31.849+0000] {local_task_job_runner.py:120} INFO - ::group::Pre task execution logs
[2025-08-14T06:36:31.890+0000] {taskinstance.py:2076} INFO - Dependencies all met for dep_context=non-requeueable deps ti=<TaskInstance: spark_transform_pipeline.silver_topcv_transform manual__2025-08-14T06:36:21.322759+00:00 [queued]>
[2025-08-14T06:36:31.898+0000] {taskinstance.py:2076} INFO - Dependencies all met for dep_context=requeueable deps ti=<TaskInstance: spark_transform_pipeline.silver_topcv_transform manual__2025-08-14T06:36:21.322759+00:00 [queued]>
[2025-08-14T06:36:31.898+0000] {taskinstance.py:2306} INFO - Starting attempt 1 of 1
[2025-08-14T06:36:31.910+0000] {taskinstance.py:2330} INFO - Executing <Task(SparkSubmitOperator): silver_topcv_transform> on 2025-08-14 06:36:21.322759+00:00
[2025-08-14T06:36:31.925+0000] {standard_task_runner.py:63} INFO - Started process 58 to run task
[2025-08-14T06:36:31.937+0000] {standard_task_runner.py:90} INFO - Running: ['***', 'tasks', 'run', 'spark_transform_pipeline', 'silver_topcv_transform', 'manual__2025-08-14T06:36:21.322759+00:00', '--job-id', '159', '--raw', '--subdir', 'DAGS_FOLDER/etl_jobs_dag.py', '--cfg-path', '/tmp/tmp5iml64ma']
[2025-08-14T06:36:31.991+0000] {standard_task_runner.py:91} INFO - Job 159: Subtask silver_topcv_transform
[2025-08-14T06:36:32.258+0000] {task_command.py:426} INFO - Running <TaskInstance: spark_transform_pipeline.silver_topcv_transform manual__2025-08-14T06:36:21.322759+00:00 [running]> on host ddcaa82da13c
[2025-08-14T06:36:32.912+0000] {taskinstance.py:2648} INFO - Exporting env vars: AIRFLOW_CTX_DAG_OWNER='***' AIRFLOW_CTX_DAG_ID='spark_transform_pipeline' AIRFLOW_CTX_TASK_ID='silver_topcv_transform' AIRFLOW_CTX_EXECUTION_DATE='2025-08-14T06:36:21.322759+00:00' AIRFLOW_CTX_TRY_NUMBER='1' AIRFLOW_CTX_DAG_RUN_ID='manual__2025-08-14T06:36:21.322759+00:00'
[2025-08-14T06:36:32.913+0000] {taskinstance.py:430} INFO - ::endgroup::
[2025-08-14T06:36:32.971+0000] {base.py:84} INFO - Using connection ID 'spark_default' for task execution.
[2025-08-14T06:36:32.974+0000] {spark_submit.py:351} INFO - Spark-Submit cmd: spark-submit --master spark://spark-master:7077 --conf spark.master=spark://spark-master:7077 --conf spark.driver.extraClassPath=/opt/custom-jars/* --conf spark.executor.extraClassPath=/opt/custom-jars/* --conf spark.hadoop.fs.gs.impl=com.google.cloud.hadoop.fs.gcs.GoogleHadoopFileSystem --conf spark.hadoop.fs.AbstractFileSystem.gs.impl=com.google.cloud.hadoop.fs.gcs.GoogleHadoopFS --conf spark.hadoop.google.cloud.auth.service.account.enable=true --conf spark.hadoop.google.cloud.auth.service.account.json.keyfile=/opt/***/gcp-key.json --jars /opt/custom-jars/spark-bigquery-with-dependencies_2.13-0.30.0.jar,/opt/custom-jars/javax.inject-1.jar --name arrow-spark --verbose /opt/spark-jobs/transform/gold_transfrom.py
[2025-08-14T06:36:37.185+0000] {spark_submit.py:521} INFO - WARNING: Using incubator modules: jdk.incubator.vector
[2025-08-14T06:36:41.044+0000] {spark_submit.py:521} INFO - Parsed arguments:
[2025-08-14T06:36:41.045+0000] {spark_submit.py:521} INFO - master                  spark://spark-master:7077
[2025-08-14T06:36:41.045+0000] {spark_submit.py:521} INFO - remote                  null
[2025-08-14T06:36:41.045+0000] {spark_submit.py:521} INFO - deployMode              null
[2025-08-14T06:36:41.046+0000] {spark_submit.py:521} INFO - executorMemory          null
[2025-08-14T06:36:41.046+0000] {spark_submit.py:521} INFO - executorCores           null
[2025-08-14T06:36:41.047+0000] {spark_submit.py:521} INFO - totalExecutorCores      null
[2025-08-14T06:36:41.047+0000] {spark_submit.py:521} INFO - propertiesFile          null
[2025-08-14T06:36:41.047+0000] {spark_submit.py:521} INFO - driverMemory            null
[2025-08-14T06:36:41.047+0000] {spark_submit.py:521} INFO - driverCores             null
[2025-08-14T06:36:41.047+0000] {spark_submit.py:521} INFO - driverExtraClassPath    /opt/custom-jars/*
[2025-08-14T06:36:41.048+0000] {spark_submit.py:521} INFO - driverExtraLibraryPath  null
[2025-08-14T06:36:41.048+0000] {spark_submit.py:521} INFO - driverExtraJavaOptions  null
[2025-08-14T06:36:41.048+0000] {spark_submit.py:521} INFO - supervise               false
[2025-08-14T06:36:41.049+0000] {spark_submit.py:521} INFO - queue                   null
[2025-08-14T06:36:41.049+0000] {spark_submit.py:521} INFO - numExecutors            null
[2025-08-14T06:36:41.049+0000] {spark_submit.py:521} INFO - files                   null
[2025-08-14T06:36:41.049+0000] {spark_submit.py:521} INFO - pyFiles                 null
[2025-08-14T06:36:41.049+0000] {spark_submit.py:521} INFO - archives                null
[2025-08-14T06:36:41.049+0000] {spark_submit.py:521} INFO - mainClass               null
[2025-08-14T06:36:41.050+0000] {spark_submit.py:521} INFO - primaryResource         file:/opt/spark-jobs/transform/gold_transfrom.py
[2025-08-14T06:36:41.050+0000] {spark_submit.py:521} INFO - name                    arrow-spark
[2025-08-14T06:36:41.050+0000] {spark_submit.py:521} INFO - childArgs               []
[2025-08-14T06:36:41.050+0000] {spark_submit.py:521} INFO - jars                    file:/opt/custom-jars/spark-bigquery-with-dependencies_2.13-0.30.0.jar,file:/opt/custom-jars/javax.inject-1.jar
[2025-08-14T06:36:41.050+0000] {spark_submit.py:521} INFO - packages                null
[2025-08-14T06:36:41.050+0000] {spark_submit.py:521} INFO - packagesExclusions      null
[2025-08-14T06:36:41.051+0000] {spark_submit.py:521} INFO - repositories            null
[2025-08-14T06:36:41.051+0000] {spark_submit.py:521} INFO - verbose                 true
[2025-08-14T06:36:41.051+0000] {spark_submit.py:521} INFO - 
[2025-08-14T06:36:41.051+0000] {spark_submit.py:521} INFO - Spark properties used, including those specified through
[2025-08-14T06:36:41.051+0000] {spark_submit.py:521} INFO - --conf and those from the properties file null:
[2025-08-14T06:36:41.052+0000] {spark_submit.py:521} INFO - (spark.driver.extraClassPath,/opt/custom-jars/*)
[2025-08-14T06:36:41.052+0000] {spark_submit.py:521} INFO - (spark.executor.extraClassPath,/opt/custom-jars/*)
[2025-08-14T06:36:41.052+0000] {spark_submit.py:521} INFO - (spark.hadoop.fs.AbstractFileSystem.gs.impl,com.google.cloud.hadoop.fs.gcs.GoogleHadoopFS)
[2025-08-14T06:36:41.052+0000] {spark_submit.py:521} INFO - (spark.hadoop.fs.gs.impl,com.google.cloud.hadoop.fs.gcs.GoogleHadoopFileSystem)
[2025-08-14T06:36:41.053+0000] {spark_submit.py:521} INFO - (spark.hadoop.google.cloud.auth.service.account.enable,true)
[2025-08-14T06:36:41.053+0000] {spark_submit.py:521} INFO - (spark.hadoop.google.cloud.auth.service.account.json.keyfile,/opt/***/gcp-key.json)
[2025-08-14T06:36:41.053+0000] {spark_submit.py:521} INFO - (spark.master,spark://spark-master:7077)
[2025-08-14T06:36:41.053+0000] {spark_submit.py:521} INFO - 
[2025-08-14T06:36:41.053+0000] {spark_submit.py:521} INFO - 
[2025-08-14T06:36:41.851+0000] {spark_submit.py:521} INFO - 25/08/14 06:36:41 WARN NativeCodeLoader: Unable to load native-hadoop library for your platform... using builtin-java classes where applicable
[2025-08-14T06:36:42.779+0000] {spark_submit.py:521} INFO - Main class:
[2025-08-14T06:36:42.779+0000] {spark_submit.py:521} INFO - org.apache.spark.deploy.PythonRunner
[2025-08-14T06:36:42.780+0000] {spark_submit.py:521} INFO - Arguments:
[2025-08-14T06:36:42.781+0000] {spark_submit.py:521} INFO - file:/opt/spark-jobs/transform/gold_transfrom.py
[2025-08-14T06:36:42.781+0000] {spark_submit.py:521} INFO - null
[2025-08-14T06:36:42.783+0000] {spark_submit.py:521} INFO - Spark config:
[2025-08-14T06:36:42.783+0000] {spark_submit.py:521} INFO - (spark.app.name,arrow-spark)
[2025-08-14T06:36:42.783+0000] {spark_submit.py:521} INFO - (spark.app.submitTime,1755153402758)
[2025-08-14T06:36:42.784+0000] {spark_submit.py:521} INFO - (spark.driver.extraClassPath,/opt/custom-jars/*)
[2025-08-14T06:36:42.784+0000] {spark_submit.py:521} INFO - (spark.executor.extraClassPath,/opt/custom-jars/*)
[2025-08-14T06:36:42.784+0000] {spark_submit.py:521} INFO - (spark.hadoop.fs.AbstractFileSystem.gs.impl,com.google.cloud.hadoop.fs.gcs.GoogleHadoopFS)
[2025-08-14T06:36:42.784+0000] {spark_submit.py:521} INFO - (spark.hadoop.fs.gs.impl,com.google.cloud.hadoop.fs.gcs.GoogleHadoopFileSystem)
[2025-08-14T06:36:42.785+0000] {spark_submit.py:521} INFO - (spark.hadoop.google.cloud.auth.service.account.enable,true)
[2025-08-14T06:36:42.785+0000] {spark_submit.py:521} INFO - (spark.hadoop.google.cloud.auth.service.account.json.keyfile,/opt/***/gcp-key.json)
[2025-08-14T06:36:42.785+0000] {spark_submit.py:521} INFO - (spark.jars,file:///opt/custom-jars/spark-bigquery-with-dependencies_2.13-0.30.0.jar,file:///opt/custom-jars/javax.inject-1.jar)
[2025-08-14T06:36:42.786+0000] {spark_submit.py:521} INFO - (spark.master,spark://spark-master:7077)
[2025-08-14T06:36:42.786+0000] {spark_submit.py:521} INFO - (spark.repl.local.jars,file:///opt/custom-jars/spark-bigquery-with-dependencies_2.13-0.30.0.jar,file:///opt/custom-jars/javax.inject-1.jar)
[2025-08-14T06:36:42.786+0000] {spark_submit.py:521} INFO - (spark.submit.deployMode,client)
[2025-08-14T06:36:42.787+0000] {spark_submit.py:521} INFO - (spark.submit.pyFiles,)
[2025-08-14T06:36:42.787+0000] {spark_submit.py:521} INFO - Classpath elements:
[2025-08-14T06:36:42.787+0000] {spark_submit.py:521} INFO - file:///opt/custom-jars/spark-bigquery-with-dependencies_2.13-0.30.0.jar
[2025-08-14T06:36:42.787+0000] {spark_submit.py:521} INFO - file:///opt/custom-jars/javax.inject-1.jar
[2025-08-14T06:36:42.788+0000] {spark_submit.py:521} INFO - 
[2025-08-14T06:36:42.788+0000] {spark_submit.py:521} INFO - 
[2025-08-14T06:36:46.834+0000] {spark_submit.py:521} INFO - Using Spark's default log4j profile: org/apache/spark/log4j2-defaults.properties
[2025-08-14T06:36:46.863+0000] {spark_submit.py:521} INFO - 25/08/14 06:36:46 INFO SparkContext: Running Spark version 4.0.0
[2025-08-14T06:36:46.872+0000] {spark_submit.py:521} INFO - 25/08/14 06:36:46 INFO SparkContext: OS info Linux, 5.15.167.4-microsoft-standard-WSL2, amd64
[2025-08-14T06:36:46.876+0000] {spark_submit.py:521} INFO - 25/08/14 06:36:46 INFO SparkContext: Java version 17.0.16
[2025-08-14T06:36:47.072+0000] {spark_submit.py:521} INFO - 25/08/14 06:36:47 INFO ResourceUtils: ==============================================================
[2025-08-14T06:36:47.073+0000] {spark_submit.py:521} INFO - 25/08/14 06:36:47 INFO ResourceUtils: No custom resources configured for spark.driver.
[2025-08-14T06:36:47.074+0000] {spark_submit.py:521} INFO - 25/08/14 06:36:47 INFO ResourceUtils: ==============================================================
[2025-08-14T06:36:47.079+0000] {spark_submit.py:521} INFO - 25/08/14 06:36:47 INFO SparkContext: Submitted application: gold_transform
[2025-08-14T06:36:47.285+0000] {spark_submit.py:521} INFO - 25/08/14 06:36:47 INFO ResourceProfile: Default ResourceProfile created, executor resources: Map(memory -> name: memory, amount: 1024, script: , vendor: , offHeap -> name: offHeap, amount: 0, script: , vendor: ), task resources: Map(cpus -> name: cpus, amount: 1.0)
[2025-08-14T06:36:47.302+0000] {spark_submit.py:521} INFO - 25/08/14 06:36:47 INFO ResourceProfile: Limiting resource is cpu
[2025-08-14T06:36:47.310+0000] {spark_submit.py:521} INFO - 25/08/14 06:36:47 INFO ResourceProfileManager: Added ResourceProfile id: 0
[2025-08-14T06:36:47.592+0000] {spark_submit.py:521} INFO - 25/08/14 06:36:47 INFO SecurityManager: Changing view acls to: ***
[2025-08-14T06:36:47.594+0000] {spark_submit.py:521} INFO - 25/08/14 06:36:47 INFO SecurityManager: Changing modify acls to: ***
[2025-08-14T06:36:47.595+0000] {spark_submit.py:521} INFO - 25/08/14 06:36:47 INFO SecurityManager: Changing view acls groups to: ***
[2025-08-14T06:36:47.596+0000] {spark_submit.py:521} INFO - 25/08/14 06:36:47 INFO SecurityManager: Changing modify acls groups to: ***
[2025-08-14T06:36:47.607+0000] {spark_submit.py:521} INFO - 25/08/14 06:36:47 INFO SecurityManager: SecurityManager: authentication disabled; ui acls disabled; users with view permissions: *** groups with view permissions: EMPTY; users with modify permissions: ***; groups with modify permissions: EMPTY; RPC SSL disabled
[2025-08-14T06:36:48.234+0000] {spark_submit.py:521} INFO - 25/08/14 06:36:48 INFO Utils: Successfully started service 'sparkDriver' on port 42281.
[2025-08-14T06:36:48.341+0000] {spark_submit.py:521} INFO - 25/08/14 06:36:48 INFO SparkEnv: Registering MapOutputTracker
[2025-08-14T06:36:48.376+0000] {spark_submit.py:521} INFO - 25/08/14 06:36:48 INFO SparkEnv: Registering BlockManagerMaster
[2025-08-14T06:36:48.420+0000] {spark_submit.py:521} INFO - 25/08/14 06:36:48 INFO BlockManagerMasterEndpoint: Using org.apache.spark.storage.DefaultTopologyMapper for getting topology information
[2025-08-14T06:36:48.421+0000] {spark_submit.py:521} INFO - 25/08/14 06:36:48 INFO BlockManagerMasterEndpoint: BlockManagerMasterEndpoint up
[2025-08-14T06:36:48.429+0000] {spark_submit.py:521} INFO - 25/08/14 06:36:48 INFO SparkEnv: Registering BlockManagerMasterHeartbeat
[2025-08-14T06:36:48.500+0000] {spark_submit.py:521} INFO - 25/08/14 06:36:48 INFO DiskBlockManager: Created local directory at /tmp/blockmgr-bbfcd551-8cea-4569-b9fe-240aac53f15b
[2025-08-14T06:36:48.544+0000] {spark_submit.py:521} INFO - 25/08/14 06:36:48 INFO SparkEnv: Registering OutputCommitCoordinator
[2025-08-14T06:36:48.817+0000] {spark_submit.py:521} INFO - 25/08/14 06:36:48 INFO JettyUtils: Start Jetty 0.0.0.0:4040 for SparkUI
[2025-08-14T06:36:48.937+0000] {spark_submit.py:521} INFO - 25/08/14 06:36:48 INFO Utils: Successfully started service 'SparkUI' on port 4040.
[2025-08-14T06:36:48.982+0000] {spark_submit.py:521} INFO - 25/08/14 06:36:48 INFO SparkContext: Added JAR file:///opt/custom-jars/spark-bigquery-with-dependencies_2.13-0.30.0.jar at spark://ddcaa82da13c:42281/jars/spark-bigquery-with-dependencies_2.13-0.30.0.jar with timestamp 1755153406817
[2025-08-14T06:36:48.983+0000] {spark_submit.py:521} INFO - 25/08/14 06:36:48 INFO SparkContext: Added JAR file:///opt/custom-jars/javax.inject-1.jar at spark://ddcaa82da13c:42281/jars/javax.inject-1.jar with timestamp 1755153406817
[2025-08-14T06:36:49.023+0000] {spark_submit.py:521} INFO - 25/08/14 06:36:49 INFO SecurityManager: Changing view acls to: ***
[2025-08-14T06:36:49.023+0000] {spark_submit.py:521} INFO - 25/08/14 06:36:49 INFO SecurityManager: Changing modify acls to: ***
[2025-08-14T06:36:49.024+0000] {spark_submit.py:521} INFO - 25/08/14 06:36:49 INFO SecurityManager: Changing view acls groups to: ***
[2025-08-14T06:36:49.024+0000] {spark_submit.py:521} INFO - 25/08/14 06:36:49 INFO SecurityManager: Changing modify acls groups to: ***
[2025-08-14T06:36:49.024+0000] {spark_submit.py:521} INFO - 25/08/14 06:36:49 INFO SecurityManager: SecurityManager: authentication disabled; ui acls disabled; users with view permissions: *** groups with view permissions: EMPTY; users with modify permissions: ***; groups with modify permissions: EMPTY; RPC SSL disabled
[2025-08-14T06:36:49.836+0000] {spark_submit.py:521} INFO - 25/08/14 06:36:49 INFO StandaloneAppClient$ClientEndpoint: Connecting to master spark://spark-master:7077...
[2025-08-14T06:36:49.944+0000] {spark_submit.py:521} INFO - 25/08/14 06:36:49 INFO TransportClientFactory: Successfully created connection to spark-master/172.18.0.3:7077 after 56 ms (0 ms spent in bootstraps)
[2025-08-14T06:36:50.759+0000] {spark_submit.py:521} INFO - 25/08/14 06:36:50 WARN StandaloneAppClient$ClientEndpoint: Failed to connect to master spark-master:7077
[2025-08-14T06:36:50.759+0000] {spark_submit.py:521} INFO - org.apache.spark.SparkException: Exception thrown in awaitResult:
[2025-08-14T06:36:50.760+0000] {spark_submit.py:521} INFO - at org.apache.spark.util.SparkThreadUtils$.awaitResult(SparkThreadUtils.scala:53)
[2025-08-14T06:36:50.760+0000] {spark_submit.py:521} INFO - at org.apache.spark.util.ThreadUtils$.awaitResult(ThreadUtils.scala:342)
[2025-08-14T06:36:50.761+0000] {spark_submit.py:521} INFO - at org.apache.spark.rpc.RpcTimeout.awaitResult(RpcTimeout.scala:75)
[2025-08-14T06:36:50.761+0000] {spark_submit.py:521} INFO - at org.apache.spark.rpc.RpcEnv.setupEndpointRefByURI(RpcEnv.scala:102)
[2025-08-14T06:36:50.761+0000] {spark_submit.py:521} INFO - at org.apache.spark.rpc.RpcEnv.setupEndpointRef(RpcEnv.scala:110)
[2025-08-14T06:36:50.761+0000] {spark_submit.py:521} INFO - at org.apache.spark.deploy.client.StandaloneAppClient$ClientEndpoint$$anon$1.run(StandaloneAppClient.scala:110)
[2025-08-14T06:36:50.762+0000] {spark_submit.py:521} INFO - at java.base/java.util.concurrent.Executors$RunnableAdapter.call(Executors.java:539)
[2025-08-14T06:36:50.762+0000] {spark_submit.py:521} INFO - at java.base/java.util.concurrent.FutureTask.run(FutureTask.java:264)
[2025-08-14T06:36:50.762+0000] {spark_submit.py:521} INFO - at java.base/java.util.concurrent.ThreadPoolExecutor.runWorker(ThreadPoolExecutor.java:1136)
[2025-08-14T06:36:50.762+0000] {spark_submit.py:521} INFO - at java.base/java.util.concurrent.ThreadPoolExecutor$Worker.run(ThreadPoolExecutor.java:635)
[2025-08-14T06:36:50.763+0000] {spark_submit.py:521} INFO - at java.base/java.lang.Thread.run(Thread.java:840)
[2025-08-14T06:36:50.763+0000] {spark_submit.py:521} INFO - Caused by: java.lang.RuntimeException: java.io.InvalidClassException: org.apache.spark.rpc.netty.RpcEndpointVerifier$CheckExistence; local class incompatible: stream classdesc serialVersionUID = 5378738997755484868, local class serialVersionUID = 7789290765573734431
[2025-08-14T06:36:50.763+0000] {spark_submit.py:521} INFO - at java.base/java.io.ObjectStreamClass.initNonProxy(ObjectStreamClass.java:597)
[2025-08-14T06:36:50.763+0000] {spark_submit.py:521} INFO - at java.base/java.io.ObjectInputStream.readNonProxyDesc(ObjectInputStream.java:2051)
[2025-08-14T06:36:50.763+0000] {spark_submit.py:521} INFO - at java.base/java.io.ObjectInputStream.readClassDesc(ObjectInputStream.java:1898)
[2025-08-14T06:36:50.764+0000] {spark_submit.py:521} INFO - at java.base/java.io.ObjectInputStream.readOrdinaryObject(ObjectInputStream.java:2224)
[2025-08-14T06:36:50.764+0000] {spark_submit.py:521} INFO - at java.base/java.io.ObjectInputStream.readObject0(ObjectInputStream.java:1733)
[2025-08-14T06:36:50.764+0000] {spark_submit.py:521} INFO - at java.base/java.io.ObjectInputStream.readObject(ObjectInputStream.java:509)
[2025-08-14T06:36:50.764+0000] {spark_submit.py:521} INFO - at java.base/java.io.ObjectInputStream.readObject(ObjectInputStream.java:467)
[2025-08-14T06:36:50.765+0000] {spark_submit.py:521} INFO - at org.apache.spark.serializer.JavaDeserializationStream.readObject(JavaSerializer.scala:87)
[2025-08-14T06:36:50.765+0000] {spark_submit.py:521} INFO - at org.apache.spark.serializer.JavaSerializerInstance.deserialize(JavaSerializer.scala:123)
[2025-08-14T06:36:50.765+0000] {spark_submit.py:521} INFO - at org.apache.spark.rpc.netty.NettyRpcEnv.$anonfun$deserialize$2(NettyRpcEnv.scala:299)
[2025-08-14T06:36:50.765+0000] {spark_submit.py:521} INFO - at scala.util.DynamicVariable.withValue(DynamicVariable.scala:62)
[2025-08-14T06:36:50.766+0000] {spark_submit.py:521} INFO - at org.apache.spark.rpc.netty.NettyRpcEnv.deserialize(NettyRpcEnv.scala:352)
[2025-08-14T06:36:50.766+0000] {spark_submit.py:521} INFO - at org.apache.spark.rpc.netty.NettyRpcEnv.$anonfun$deserialize$1(NettyRpcEnv.scala:298)
[2025-08-14T06:36:50.766+0000] {spark_submit.py:521} INFO - at scala.util.DynamicVariable.withValue(DynamicVariable.scala:62)
[2025-08-14T06:36:50.766+0000] {spark_submit.py:521} INFO - at org.apache.spark.rpc.netty.NettyRpcEnv.deserialize(NettyRpcEnv.scala:298)
[2025-08-14T06:36:50.766+0000] {spark_submit.py:521} INFO - at org.apache.spark.rpc.netty.RequestMessage$.apply(NettyRpcEnv.scala:646)
[2025-08-14T06:36:50.767+0000] {spark_submit.py:521} INFO - at org.apache.spark.rpc.netty.NettyRpcHandler.internalReceive(NettyRpcEnv.scala:697)
[2025-08-14T06:36:50.767+0000] {spark_submit.py:521} INFO - at org.apache.spark.rpc.netty.NettyRpcHandler.receive(NettyRpcEnv.scala:682)
[2025-08-14T06:36:50.767+0000] {spark_submit.py:521} INFO - at org.apache.spark.network.server.TransportRequestHandler.processRpcRequest(TransportRequestHandler.java:163)
[2025-08-14T06:36:50.767+0000] {spark_submit.py:521} INFO - at org.apache.spark.network.server.TransportRequestHandler.handle(TransportRequestHandler.java:109)
[2025-08-14T06:36:50.767+0000] {spark_submit.py:521} INFO - at org.apache.spark.network.server.TransportChannelHandler.channelRead0(TransportChannelHandler.java:140)
[2025-08-14T06:36:50.768+0000] {spark_submit.py:521} INFO - at org.apache.spark.network.server.TransportChannelHandler.channelRead0(TransportChannelHandler.java:53)
[2025-08-14T06:36:50.768+0000] {spark_submit.py:521} INFO - at io.netty.channel.SimpleChannelInboundHandler.channelRead(SimpleChannelInboundHandler.java:99)
[2025-08-14T06:36:50.768+0000] {spark_submit.py:521} INFO - at io.netty.channel.AbstractChannelHandlerContext.invokeChannelRead(AbstractChannelHandlerContext.java:444)
[2025-08-14T06:36:50.768+0000] {spark_submit.py:521} INFO - at io.netty.channel.AbstractChannelHandlerContext.invokeChannelRead(AbstractChannelHandlerContext.java:420)
[2025-08-14T06:36:50.768+0000] {spark_submit.py:521} INFO - at io.netty.channel.AbstractChannelHandlerContext.fireChannelRead(AbstractChannelHandlerContext.java:412)
[2025-08-14T06:36:50.769+0000] {spark_submit.py:521} INFO - at io.netty.handler.timeout.IdleStateHandler.channelRead(IdleStateHandler.java:286)
[2025-08-14T06:36:50.769+0000] {spark_submit.py:521} INFO - at io.netty.channel.AbstractChannelHandlerContext.invokeChannelRead(AbstractChannelHandlerContext.java:442)
[2025-08-14T06:36:50.769+0000] {spark_submit.py:521} INFO - at io.netty.channel.AbstractChannelHandlerContext.invokeChannelRead(AbstractChannelHandlerContext.java:420)
[2025-08-14T06:36:50.769+0000] {spark_submit.py:521} INFO - at io.netty.channel.AbstractChannelHandlerContext.fireChannelRead(AbstractChannelHandlerContext.java:412)
[2025-08-14T06:36:50.770+0000] {spark_submit.py:521} INFO - at io.netty.handler.codec.MessageToMessageDecoder.channelRead(MessageToMessageDecoder.java:103)
[2025-08-14T06:36:50.770+0000] {spark_submit.py:521} INFO - at io.netty.channel.AbstractChannelHandlerContext.invokeChannelRead(AbstractChannelHandlerContext.java:444)
[2025-08-14T06:36:50.770+0000] {spark_submit.py:521} INFO - at io.netty.channel.AbstractChannelHandlerContext.invokeChannelRead(AbstractChannelHandlerContext.java:420)
[2025-08-14T06:36:50.770+0000] {spark_submit.py:521} INFO - at io.netty.channel.AbstractChannelHandlerContext.fireChannelRead(AbstractChannelHandlerContext.java:412)
[2025-08-14T06:36:50.770+0000] {spark_submit.py:521} INFO - at org.apache.spark.network.util.TransportFrameDecoder.channelRead(TransportFrameDecoder.java:102)
[2025-08-14T06:36:50.771+0000] {spark_submit.py:521} INFO - at io.netty.channel.AbstractChannelHandlerContext.invokeChannelRead(AbstractChannelHandlerContext.java:444)
[2025-08-14T06:36:50.771+0000] {spark_submit.py:521} INFO - at io.netty.channel.AbstractChannelHandlerContext.invokeChannelRead(AbstractChannelHandlerContext.java:420)
[2025-08-14T06:36:50.771+0000] {spark_submit.py:521} INFO - at io.netty.channel.AbstractChannelHandlerContext.fireChannelRead(AbstractChannelHandlerContext.java:412)
[2025-08-14T06:36:50.771+0000] {spark_submit.py:521} INFO - at io.netty.channel.DefaultChannelPipeline$HeadContext.channelRead(DefaultChannelPipeline.java:1410)
[2025-08-14T06:36:50.771+0000] {spark_submit.py:521} INFO - at io.netty.channel.AbstractChannelHandlerContext.invokeChannelRead(AbstractChannelHandlerContext.java:440)
[2025-08-14T06:36:50.771+0000] {spark_submit.py:521} INFO - at io.netty.channel.AbstractChannelHandlerContext.invokeChannelRead(AbstractChannelHandlerContext.java:420)
[2025-08-14T06:36:50.772+0000] {spark_submit.py:521} INFO - at io.netty.channel.DefaultChannelPipeline.fireChannelRead(DefaultChannelPipeline.java:919)
[2025-08-14T06:36:50.772+0000] {spark_submit.py:521} INFO - at io.netty.channel.nio.AbstractNioByteChannel$NioByteUnsafe.read(AbstractNioByteChannel.java:166)
[2025-08-14T06:36:50.772+0000] {spark_submit.py:521} INFO - at io.netty.channel.nio.NioEventLoop.processSelectedKey(NioEventLoop.java:788)
[2025-08-14T06:36:50.772+0000] {spark_submit.py:521} INFO - at io.netty.channel.nio.NioEventLoop.processSelectedKeysOptimized(NioEventLoop.java:724)
[2025-08-14T06:36:50.773+0000] {spark_submit.py:521} INFO - at io.netty.channel.nio.NioEventLoop.processSelectedKeys(NioEventLoop.java:650)
[2025-08-14T06:36:50.773+0000] {spark_submit.py:521} INFO - at io.netty.channel.nio.NioEventLoop.run(NioEventLoop.java:562)
[2025-08-14T06:36:50.773+0000] {spark_submit.py:521} INFO - at io.netty.util.concurrent.SingleThreadEventExecutor$4.run(SingleThreadEventExecutor.java:997)
[2025-08-14T06:36:50.773+0000] {spark_submit.py:521} INFO - at io.netty.util.internal.ThreadExecutorMap$2.run(ThreadExecutorMap.java:74)
[2025-08-14T06:36:50.774+0000] {spark_submit.py:521} INFO - at io.netty.util.concurrent.FastThreadLocalRunnable.run(FastThreadLocalRunnable.java:30)
[2025-08-14T06:36:50.774+0000] {spark_submit.py:521} INFO - at java.base/java.lang.Thread.run(Thread.java:840)
[2025-08-14T06:36:50.774+0000] {spark_submit.py:521} INFO - 
[2025-08-14T06:36:50.774+0000] {spark_submit.py:521} INFO - at org.apache.spark.network.client.TransportResponseHandler.handle(TransportResponseHandler.java:217)
[2025-08-14T06:36:50.774+0000] {spark_submit.py:521} INFO - at org.apache.spark.network.server.TransportChannelHandler.channelRead0(TransportChannelHandler.java:145)
[2025-08-14T06:36:50.775+0000] {spark_submit.py:521} INFO - at org.apache.spark.network.server.TransportChannelHandler.channelRead0(TransportChannelHandler.java:55)
[2025-08-14T06:36:50.775+0000] {spark_submit.py:521} INFO - at io.netty.channel.SimpleChannelInboundHandler.channelRead(SimpleChannelInboundHandler.java:99)
[2025-08-14T06:36:50.775+0000] {spark_submit.py:521} INFO - at io.netty.channel.AbstractChannelHandlerContext.invokeChannelRead(AbstractChannelHandlerContext.java:444)
[2025-08-14T06:36:50.775+0000] {spark_submit.py:521} INFO - at io.netty.channel.AbstractChannelHandlerContext.invokeChannelRead(AbstractChannelHandlerContext.java:420)
[2025-08-14T06:36:50.775+0000] {spark_submit.py:521} INFO - at io.netty.channel.AbstractChannelHandlerContext.fireChannelRead(AbstractChannelHandlerContext.java:412)
[2025-08-14T06:36:50.776+0000] {spark_submit.py:521} INFO - at io.netty.handler.timeout.IdleStateHandler.channelRead(IdleStateHandler.java:289)
[2025-08-14T06:36:50.776+0000] {spark_submit.py:521} INFO - at io.netty.channel.AbstractChannelHandlerContext.invokeChannelRead(AbstractChannelHandlerContext.java:442)
[2025-08-14T06:36:50.776+0000] {spark_submit.py:521} INFO - at io.netty.channel.AbstractChannelHandlerContext.invokeChannelRead(AbstractChannelHandlerContext.java:420)
[2025-08-14T06:36:50.776+0000] {spark_submit.py:521} INFO - at io.netty.channel.AbstractChannelHandlerContext.fireChannelRead(AbstractChannelHandlerContext.java:412)
[2025-08-14T06:36:50.776+0000] {spark_submit.py:521} INFO - at io.netty.handler.codec.MessageToMessageDecoder.channelRead(MessageToMessageDecoder.java:107)
[2025-08-14T06:36:50.777+0000] {spark_submit.py:521} INFO - at io.netty.channel.AbstractChannelHandlerContext.invokeChannelRead(AbstractChannelHandlerContext.java:444)
[2025-08-14T06:36:50.777+0000] {spark_submit.py:521} INFO - at io.netty.channel.AbstractChannelHandlerContext.invokeChannelRead(AbstractChannelHandlerContext.java:420)
[2025-08-14T06:36:50.777+0000] {spark_submit.py:521} INFO - at io.netty.channel.AbstractChannelHandlerContext.fireChannelRead(AbstractChannelHandlerContext.java:412)
[2025-08-14T06:36:50.777+0000] {spark_submit.py:521} INFO - at org.apache.spark.network.util.TransportFrameDecoder.channelRead(TransportFrameDecoder.java:102)
[2025-08-14T06:36:50.778+0000] {spark_submit.py:521} INFO - at io.netty.channel.AbstractChannelHandlerContext.invokeChannelRead(AbstractChannelHandlerContext.java:444)
[2025-08-14T06:36:50.778+0000] {spark_submit.py:521} INFO - at io.netty.channel.AbstractChannelHandlerContext.invokeChannelRead(AbstractChannelHandlerContext.java:420)
[2025-08-14T06:36:50.778+0000] {spark_submit.py:521} INFO - at io.netty.channel.AbstractChannelHandlerContext.fireChannelRead(AbstractChannelHandlerContext.java:412)
[2025-08-14T06:36:50.778+0000] {spark_submit.py:521} INFO - at io.netty.channel.DefaultChannelPipeline$HeadContext.channelRead(DefaultChannelPipeline.java:1357)
[2025-08-14T06:36:50.779+0000] {spark_submit.py:521} INFO - at io.netty.channel.AbstractChannelHandlerContext.invokeChannelRead(AbstractChannelHandlerContext.java:440)
[2025-08-14T06:36:50.779+0000] {spark_submit.py:521} INFO - at io.netty.channel.AbstractChannelHandlerContext.invokeChannelRead(AbstractChannelHandlerContext.java:420)
[2025-08-14T06:36:50.779+0000] {spark_submit.py:521} INFO - at io.netty.channel.DefaultChannelPipeline.fireChannelRead(DefaultChannelPipeline.java:868)
[2025-08-14T06:36:50.779+0000] {spark_submit.py:521} INFO - at io.netty.channel.nio.AbstractNioByteChannel$NioByteUnsafe.read(AbstractNioByteChannel.java:166)
[2025-08-14T06:36:50.780+0000] {spark_submit.py:521} INFO - at io.netty.channel.nio.NioEventLoop.processSelectedKey(NioEventLoop.java:796)
[2025-08-14T06:36:50.780+0000] {spark_submit.py:521} INFO - at io.netty.channel.nio.NioEventLoop.processSelectedKeysOptimized(NioEventLoop.java:732)
[2025-08-14T06:36:50.780+0000] {spark_submit.py:521} INFO - at io.netty.channel.nio.NioEventLoop.processSelectedKeys(NioEventLoop.java:658)
[2025-08-14T06:36:50.780+0000] {spark_submit.py:521} INFO - at io.netty.channel.nio.NioEventLoop.run(NioEventLoop.java:562)
[2025-08-14T06:36:50.780+0000] {spark_submit.py:521} INFO - at io.netty.util.concurrent.SingleThreadEventExecutor$4.run(SingleThreadEventExecutor.java:998)
[2025-08-14T06:36:50.780+0000] {spark_submit.py:521} INFO - at io.netty.util.internal.ThreadExecutorMap$2.run(ThreadExecutorMap.java:74)
[2025-08-14T06:36:50.781+0000] {spark_submit.py:521} INFO - at io.netty.util.concurrent.FastThreadLocalRunnable.run(FastThreadLocalRunnable.java:30)
[2025-08-14T06:36:50.781+0000] {spark_submit.py:521} INFO - ... 1 more
[2025-08-14T06:37:09.836+0000] {spark_submit.py:521} INFO - 25/08/14 06:37:09 INFO StandaloneAppClient$ClientEndpoint: Connecting to master spark://spark-master:7077...
[2025-08-14T06:37:09.866+0000] {spark_submit.py:521} INFO - 25/08/14 06:37:09 WARN StandaloneAppClient$ClientEndpoint: Failed to connect to master spark-master:7077
[2025-08-14T06:37:09.867+0000] {spark_submit.py:521} INFO - org.apache.spark.SparkException: Exception thrown in awaitResult:
[2025-08-14T06:37:09.867+0000] {spark_submit.py:521} INFO - at org.apache.spark.util.SparkThreadUtils$.awaitResult(SparkThreadUtils.scala:53)
[2025-08-14T06:37:09.868+0000] {spark_submit.py:521} INFO - at org.apache.spark.util.ThreadUtils$.awaitResult(ThreadUtils.scala:342)
[2025-08-14T06:37:09.868+0000] {spark_submit.py:521} INFO - at org.apache.spark.rpc.RpcTimeout.awaitResult(RpcTimeout.scala:75)
[2025-08-14T06:37:09.868+0000] {spark_submit.py:521} INFO - at org.apache.spark.rpc.RpcEnv.setupEndpointRefByURI(RpcEnv.scala:102)
[2025-08-14T06:37:09.869+0000] {spark_submit.py:521} INFO - at org.apache.spark.rpc.RpcEnv.setupEndpointRef(RpcEnv.scala:110)
[2025-08-14T06:37:09.869+0000] {spark_submit.py:521} INFO - at org.apache.spark.deploy.client.StandaloneAppClient$ClientEndpoint$$anon$1.run(StandaloneAppClient.scala:110)
[2025-08-14T06:37:09.869+0000] {spark_submit.py:521} INFO - at java.base/java.util.concurrent.Executors$RunnableAdapter.call(Executors.java:539)
[2025-08-14T06:37:09.869+0000] {spark_submit.py:521} INFO - at java.base/java.util.concurrent.FutureTask.run(FutureTask.java:264)
[2025-08-14T06:37:09.869+0000] {spark_submit.py:521} INFO - at java.base/java.util.concurrent.ThreadPoolExecutor.runWorker(ThreadPoolExecutor.java:1136)
[2025-08-14T06:37:09.870+0000] {spark_submit.py:521} INFO - at java.base/java.util.concurrent.ThreadPoolExecutor$Worker.run(ThreadPoolExecutor.java:635)
[2025-08-14T06:37:09.870+0000] {spark_submit.py:521} INFO - at java.base/java.lang.Thread.run(Thread.java:840)
[2025-08-14T06:37:09.870+0000] {spark_submit.py:521} INFO - Caused by: java.lang.RuntimeException: java.io.InvalidClassException: org.apache.spark.rpc.netty.RpcEndpointVerifier$CheckExistence; local class incompatible: stream classdesc serialVersionUID = 5378738997755484868, local class serialVersionUID = 7789290765573734431
[2025-08-14T06:37:09.870+0000] {spark_submit.py:521} INFO - at java.base/java.io.ObjectStreamClass.initNonProxy(ObjectStreamClass.java:597)
[2025-08-14T06:37:09.871+0000] {spark_submit.py:521} INFO - at java.base/java.io.ObjectInputStream.readNonProxyDesc(ObjectInputStream.java:2051)
[2025-08-14T06:37:09.871+0000] {spark_submit.py:521} INFO - at java.base/java.io.ObjectInputStream.readClassDesc(ObjectInputStream.java:1898)
[2025-08-14T06:37:09.871+0000] {spark_submit.py:521} INFO - at java.base/java.io.ObjectInputStream.readOrdinaryObject(ObjectInputStream.java:2224)
[2025-08-14T06:37:09.871+0000] {spark_submit.py:521} INFO - at java.base/java.io.ObjectInputStream.readObject0(ObjectInputStream.java:1733)
[2025-08-14T06:37:09.871+0000] {spark_submit.py:521} INFO - at java.base/java.io.ObjectInputStream.readObject(ObjectInputStream.java:509)
[2025-08-14T06:37:09.872+0000] {spark_submit.py:521} INFO - at java.base/java.io.ObjectInputStream.readObject(ObjectInputStream.java:467)
[2025-08-14T06:37:09.872+0000] {spark_submit.py:521} INFO - at org.apache.spark.serializer.JavaDeserializationStream.readObject(JavaSerializer.scala:87)
[2025-08-14T06:37:09.872+0000] {spark_submit.py:521} INFO - at org.apache.spark.serializer.JavaSerializerInstance.deserialize(JavaSerializer.scala:123)
[2025-08-14T06:37:09.872+0000] {spark_submit.py:521} INFO - at org.apache.spark.rpc.netty.NettyRpcEnv.$anonfun$deserialize$2(NettyRpcEnv.scala:299)
[2025-08-14T06:37:09.872+0000] {spark_submit.py:521} INFO - at scala.util.DynamicVariable.withValue(DynamicVariable.scala:62)
[2025-08-14T06:37:09.872+0000] {spark_submit.py:521} INFO - at org.apache.spark.rpc.netty.NettyRpcEnv.deserialize(NettyRpcEnv.scala:352)
[2025-08-14T06:37:09.872+0000] {spark_submit.py:521} INFO - at org.apache.spark.rpc.netty.NettyRpcEnv.$anonfun$deserialize$1(NettyRpcEnv.scala:298)
[2025-08-14T06:37:09.873+0000] {spark_submit.py:521} INFO - at scala.util.DynamicVariable.withValue(DynamicVariable.scala:62)
[2025-08-14T06:37:09.873+0000] {spark_submit.py:521} INFO - at org.apache.spark.rpc.netty.NettyRpcEnv.deserialize(NettyRpcEnv.scala:298)
[2025-08-14T06:37:09.873+0000] {spark_submit.py:521} INFO - at org.apache.spark.rpc.netty.RequestMessage$.apply(NettyRpcEnv.scala:646)
[2025-08-14T06:37:09.873+0000] {spark_submit.py:521} INFO - at org.apache.spark.rpc.netty.NettyRpcHandler.internalReceive(NettyRpcEnv.scala:697)
[2025-08-14T06:37:09.874+0000] {spark_submit.py:521} INFO - at org.apache.spark.rpc.netty.NettyRpcHandler.receive(NettyRpcEnv.scala:682)
[2025-08-14T06:37:09.874+0000] {spark_submit.py:521} INFO - at org.apache.spark.network.server.TransportRequestHandler.processRpcRequest(TransportRequestHandler.java:163)
[2025-08-14T06:37:09.874+0000] {spark_submit.py:521} INFO - at org.apache.spark.network.server.TransportRequestHandler.handle(TransportRequestHandler.java:109)
[2025-08-14T06:37:09.874+0000] {spark_submit.py:521} INFO - at org.apache.spark.network.server.TransportChannelHandler.channelRead0(TransportChannelHandler.java:140)
[2025-08-14T06:37:09.874+0000] {spark_submit.py:521} INFO - at org.apache.spark.network.server.TransportChannelHandler.channelRead0(TransportChannelHandler.java:53)
[2025-08-14T06:37:09.875+0000] {spark_submit.py:521} INFO - at io.netty.channel.SimpleChannelInboundHandler.channelRead(SimpleChannelInboundHandler.java:99)
[2025-08-14T06:37:09.875+0000] {spark_submit.py:521} INFO - at io.netty.channel.AbstractChannelHandlerContext.invokeChannelRead(AbstractChannelHandlerContext.java:444)
[2025-08-14T06:37:09.875+0000] {spark_submit.py:521} INFO - at io.netty.channel.AbstractChannelHandlerContext.invokeChannelRead(AbstractChannelHandlerContext.java:420)
[2025-08-14T06:37:09.875+0000] {spark_submit.py:521} INFO - at io.netty.channel.AbstractChannelHandlerContext.fireChannelRead(AbstractChannelHandlerContext.java:412)
[2025-08-14T06:37:09.875+0000] {spark_submit.py:521} INFO - at io.netty.handler.timeout.IdleStateHandler.channelRead(IdleStateHandler.java:286)
[2025-08-14T06:37:09.876+0000] {spark_submit.py:521} INFO - at io.netty.channel.AbstractChannelHandlerContext.invokeChannelRead(AbstractChannelHandlerContext.java:442)
[2025-08-14T06:37:09.876+0000] {spark_submit.py:521} INFO - at io.netty.channel.AbstractChannelHandlerContext.invokeChannelRead(AbstractChannelHandlerContext.java:420)
[2025-08-14T06:37:09.876+0000] {spark_submit.py:521} INFO - at io.netty.channel.AbstractChannelHandlerContext.fireChannelRead(AbstractChannelHandlerContext.java:412)
[2025-08-14T06:37:09.876+0000] {spark_submit.py:521} INFO - at io.netty.handler.codec.MessageToMessageDecoder.channelRead(MessageToMessageDecoder.java:103)
[2025-08-14T06:37:09.877+0000] {spark_submit.py:521} INFO - at io.netty.channel.AbstractChannelHandlerContext.invokeChannelRead(AbstractChannelHandlerContext.java:444)
[2025-08-14T06:37:09.877+0000] {spark_submit.py:521} INFO - at io.netty.channel.AbstractChannelHandlerContext.invokeChannelRead(AbstractChannelHandlerContext.java:420)
[2025-08-14T06:37:09.877+0000] {spark_submit.py:521} INFO - at io.netty.channel.AbstractChannelHandlerContext.fireChannelRead(AbstractChannelHandlerContext.java:412)
[2025-08-14T06:37:09.877+0000] {spark_submit.py:521} INFO - at org.apache.spark.network.util.TransportFrameDecoder.channelRead(TransportFrameDecoder.java:102)
[2025-08-14T06:37:09.877+0000] {spark_submit.py:521} INFO - at io.netty.channel.AbstractChannelHandlerContext.invokeChannelRead(AbstractChannelHandlerContext.java:444)
[2025-08-14T06:37:09.878+0000] {spark_submit.py:521} INFO - at io.netty.channel.AbstractChannelHandlerContext.invokeChannelRead(AbstractChannelHandlerContext.java:420)
[2025-08-14T06:37:09.878+0000] {spark_submit.py:521} INFO - at io.netty.channel.AbstractChannelHandlerContext.fireChannelRead(AbstractChannelHandlerContext.java:412)
[2025-08-14T06:37:09.878+0000] {spark_submit.py:521} INFO - at io.netty.channel.DefaultChannelPipeline$HeadContext.channelRead(DefaultChannelPipeline.java:1410)
[2025-08-14T06:37:09.878+0000] {spark_submit.py:521} INFO - at io.netty.channel.AbstractChannelHandlerContext.invokeChannelRead(AbstractChannelHandlerContext.java:440)
[2025-08-14T06:37:09.879+0000] {spark_submit.py:521} INFO - at io.netty.channel.AbstractChannelHandlerContext.invokeChannelRead(AbstractChannelHandlerContext.java:420)
[2025-08-14T06:37:09.879+0000] {spark_submit.py:521} INFO - at io.netty.channel.DefaultChannelPipeline.fireChannelRead(DefaultChannelPipeline.java:919)
[2025-08-14T06:37:09.879+0000] {spark_submit.py:521} INFO - at io.netty.channel.nio.AbstractNioByteChannel$NioByteUnsafe.read(AbstractNioByteChannel.java:166)
[2025-08-14T06:37:09.879+0000] {spark_submit.py:521} INFO - at io.netty.channel.nio.NioEventLoop.processSelectedKey(NioEventLoop.java:788)
[2025-08-14T06:37:09.879+0000] {spark_submit.py:521} INFO - at io.netty.channel.nio.NioEventLoop.processSelectedKeysOptimized(NioEventLoop.java:724)
[2025-08-14T06:37:09.880+0000] {spark_submit.py:521} INFO - at io.netty.channel.nio.NioEventLoop.processSelectedKeys(NioEventLoop.java:650)
[2025-08-14T06:37:09.880+0000] {spark_submit.py:521} INFO - at io.netty.channel.nio.NioEventLoop.run(NioEventLoop.java:562)
[2025-08-14T06:37:09.880+0000] {spark_submit.py:521} INFO - at io.netty.util.concurrent.SingleThreadEventExecutor$4.run(SingleThreadEventExecutor.java:997)
[2025-08-14T06:37:09.880+0000] {spark_submit.py:521} INFO - at io.netty.util.internal.ThreadExecutorMap$2.run(ThreadExecutorMap.java:74)
[2025-08-14T06:37:09.880+0000] {spark_submit.py:521} INFO - at io.netty.util.concurrent.FastThreadLocalRunnable.run(FastThreadLocalRunnable.java:30)
[2025-08-14T06:37:09.881+0000] {spark_submit.py:521} INFO - at java.base/java.lang.Thread.run(Thread.java:840)
[2025-08-14T06:37:09.881+0000] {spark_submit.py:521} INFO - 
[2025-08-14T06:37:09.881+0000] {spark_submit.py:521} INFO - at org.apache.spark.network.client.TransportResponseHandler.handle(TransportResponseHandler.java:217)
[2025-08-14T06:37:09.881+0000] {spark_submit.py:521} INFO - at org.apache.spark.network.server.TransportChannelHandler.channelRead0(TransportChannelHandler.java:145)
[2025-08-14T06:37:09.881+0000] {spark_submit.py:521} INFO - at org.apache.spark.network.server.TransportChannelHandler.channelRead0(TransportChannelHandler.java:55)
[2025-08-14T06:37:09.882+0000] {spark_submit.py:521} INFO - at io.netty.channel.SimpleChannelInboundHandler.channelRead(SimpleChannelInboundHandler.java:99)
[2025-08-14T06:37:09.882+0000] {spark_submit.py:521} INFO - at io.netty.channel.AbstractChannelHandlerContext.invokeChannelRead(AbstractChannelHandlerContext.java:444)
[2025-08-14T06:37:09.882+0000] {spark_submit.py:521} INFO - at io.netty.channel.AbstractChannelHandlerContext.invokeChannelRead(AbstractChannelHandlerContext.java:420)
[2025-08-14T06:37:09.882+0000] {spark_submit.py:521} INFO - at io.netty.channel.AbstractChannelHandlerContext.fireChannelRead(AbstractChannelHandlerContext.java:412)
[2025-08-14T06:37:09.882+0000] {spark_submit.py:521} INFO - at io.netty.handler.timeout.IdleStateHandler.channelRead(IdleStateHandler.java:289)
[2025-08-14T06:37:09.883+0000] {spark_submit.py:521} INFO - at io.netty.channel.AbstractChannelHandlerContext.invokeChannelRead(AbstractChannelHandlerContext.java:442)
[2025-08-14T06:37:09.883+0000] {spark_submit.py:521} INFO - at io.netty.channel.AbstractChannelHandlerContext.invokeChannelRead(AbstractChannelHandlerContext.java:420)
[2025-08-14T06:37:09.883+0000] {spark_submit.py:521} INFO - at io.netty.channel.AbstractChannelHandlerContext.fireChannelRead(AbstractChannelHandlerContext.java:412)
[2025-08-14T06:37:09.883+0000] {spark_submit.py:521} INFO - at io.netty.handler.codec.MessageToMessageDecoder.channelRead(MessageToMessageDecoder.java:107)
[2025-08-14T06:37:09.884+0000] {spark_submit.py:521} INFO - at io.netty.channel.AbstractChannelHandlerContext.invokeChannelRead(AbstractChannelHandlerContext.java:444)
[2025-08-14T06:37:09.884+0000] {spark_submit.py:521} INFO - at io.netty.channel.AbstractChannelHandlerContext.invokeChannelRead(AbstractChannelHandlerContext.java:420)
[2025-08-14T06:37:09.884+0000] {spark_submit.py:521} INFO - at io.netty.channel.AbstractChannelHandlerContext.fireChannelRead(AbstractChannelHandlerContext.java:412)
[2025-08-14T06:37:09.884+0000] {spark_submit.py:521} INFO - at org.apache.spark.network.util.TransportFrameDecoder.channelRead(TransportFrameDecoder.java:102)
[2025-08-14T06:37:09.884+0000] {spark_submit.py:521} INFO - at io.netty.channel.AbstractChannelHandlerContext.invokeChannelRead(AbstractChannelHandlerContext.java:444)
[2025-08-14T06:37:09.885+0000] {spark_submit.py:521} INFO - at io.netty.channel.AbstractChannelHandlerContext.invokeChannelRead(AbstractChannelHandlerContext.java:420)
[2025-08-14T06:37:09.885+0000] {spark_submit.py:521} INFO - at io.netty.channel.AbstractChannelHandlerContext.fireChannelRead(AbstractChannelHandlerContext.java:412)
[2025-08-14T06:37:09.885+0000] {spark_submit.py:521} INFO - at io.netty.channel.DefaultChannelPipeline$HeadContext.channelRead(DefaultChannelPipeline.java:1357)
[2025-08-14T06:37:09.885+0000] {spark_submit.py:521} INFO - at io.netty.channel.AbstractChannelHandlerContext.invokeChannelRead(AbstractChannelHandlerContext.java:440)
[2025-08-14T06:37:09.885+0000] {spark_submit.py:521} INFO - at io.netty.channel.AbstractChannelHandlerContext.invokeChannelRead(AbstractChannelHandlerContext.java:420)
[2025-08-14T06:37:09.886+0000] {spark_submit.py:521} INFO - at io.netty.channel.DefaultChannelPipeline.fireChannelRead(DefaultChannelPipeline.java:868)
[2025-08-14T06:37:09.886+0000] {spark_submit.py:521} INFO - at io.netty.channel.nio.AbstractNioByteChannel$NioByteUnsafe.read(AbstractNioByteChannel.java:166)
[2025-08-14T06:37:09.886+0000] {spark_submit.py:521} INFO - at io.netty.channel.nio.NioEventLoop.processSelectedKey(NioEventLoop.java:796)
[2025-08-14T06:37:09.886+0000] {spark_submit.py:521} INFO - at io.netty.channel.nio.NioEventLoop.processSelectedKeysOptimized(NioEventLoop.java:732)
[2025-08-14T06:37:09.886+0000] {spark_submit.py:521} INFO - at io.netty.channel.nio.NioEventLoop.processSelectedKeys(NioEventLoop.java:658)
[2025-08-14T06:37:09.886+0000] {spark_submit.py:521} INFO - at io.netty.channel.nio.NioEventLoop.run(NioEventLoop.java:562)
[2025-08-14T06:37:09.887+0000] {spark_submit.py:521} INFO - at io.netty.util.concurrent.SingleThreadEventExecutor$4.run(SingleThreadEventExecutor.java:998)
[2025-08-14T06:37:09.887+0000] {spark_submit.py:521} INFO - at io.netty.util.internal.ThreadExecutorMap$2.run(ThreadExecutorMap.java:74)
[2025-08-14T06:37:09.887+0000] {spark_submit.py:521} INFO - at io.netty.util.concurrent.FastThreadLocalRunnable.run(FastThreadLocalRunnable.java:30)
[2025-08-14T06:37:09.887+0000] {spark_submit.py:521} INFO - ... 1 more
[2025-08-14T06:37:29.833+0000] {spark_submit.py:521} INFO - 25/08/14 06:37:29 INFO StandaloneAppClient$ClientEndpoint: Connecting to master spark://spark-master:7077...
[2025-08-14T06:37:29.839+0000] {spark_submit.py:521} INFO - 25/08/14 06:37:29 WARN StandaloneAppClient$ClientEndpoint: Failed to connect to master spark-master:7077
[2025-08-14T06:37:29.840+0000] {spark_submit.py:521} INFO - org.apache.spark.SparkException: Exception thrown in awaitResult:
[2025-08-14T06:37:29.840+0000] {spark_submit.py:521} INFO - at org.apache.spark.util.SparkThreadUtils$.awaitResult(SparkThreadUtils.scala:53)
[2025-08-14T06:37:29.841+0000] {spark_submit.py:521} INFO - at org.apache.spark.util.ThreadUtils$.awaitResult(ThreadUtils.scala:342)
[2025-08-14T06:37:29.841+0000] {spark_submit.py:521} INFO - at org.apache.spark.rpc.RpcTimeout.awaitResult(RpcTimeout.scala:75)
[2025-08-14T06:37:29.841+0000] {spark_submit.py:521} INFO - at org.apache.spark.rpc.RpcEnv.setupEndpointRefByURI(RpcEnv.scala:102)
[2025-08-14T06:37:29.842+0000] {spark_submit.py:521} INFO - at org.apache.spark.rpc.RpcEnv.setupEndpointRef(RpcEnv.scala:110)
[2025-08-14T06:37:29.842+0000] {spark_submit.py:521} INFO - at org.apache.spark.deploy.client.StandaloneAppClient$ClientEndpoint$$anon$1.run(StandaloneAppClient.scala:110)
[2025-08-14T06:37:29.842+0000] {spark_submit.py:521} INFO - at java.base/java.util.concurrent.Executors$RunnableAdapter.call(Executors.java:539)
[2025-08-14T06:37:29.843+0000] {spark_submit.py:521} INFO - at java.base/java.util.concurrent.FutureTask.run(FutureTask.java:264)
[2025-08-14T06:37:29.843+0000] {spark_submit.py:521} INFO - at java.base/java.util.concurrent.ThreadPoolExecutor.runWorker(ThreadPoolExecutor.java:1136)
[2025-08-14T06:37:29.843+0000] {spark_submit.py:521} INFO - at java.base/java.util.concurrent.ThreadPoolExecutor$Worker.run(ThreadPoolExecutor.java:635)
[2025-08-14T06:37:29.843+0000] {spark_submit.py:521} INFO - at java.base/java.lang.Thread.run(Thread.java:840)
[2025-08-14T06:37:29.844+0000] {spark_submit.py:521} INFO - Caused by: java.lang.RuntimeException: java.io.InvalidClassException: org.apache.spark.rpc.netty.RpcEndpointVerifier$CheckExistence; local class incompatible: stream classdesc serialVersionUID = 5378738997755484868, local class serialVersionUID = 7789290765573734431
[2025-08-14T06:37:29.844+0000] {spark_submit.py:521} INFO - at java.base/java.io.ObjectStreamClass.initNonProxy(ObjectStreamClass.java:597)
[2025-08-14T06:37:29.844+0000] {spark_submit.py:521} INFO - at java.base/java.io.ObjectInputStream.readNonProxyDesc(ObjectInputStream.java:2051)
[2025-08-14T06:37:29.845+0000] {spark_submit.py:521} INFO - at java.base/java.io.ObjectInputStream.readClassDesc(ObjectInputStream.java:1898)
[2025-08-14T06:37:29.845+0000] {spark_submit.py:521} INFO - at java.base/java.io.ObjectInputStream.readOrdinaryObject(ObjectInputStream.java:2224)
[2025-08-14T06:37:29.845+0000] {spark_submit.py:521} INFO - at java.base/java.io.ObjectInputStream.readObject0(ObjectInputStream.java:1733)
[2025-08-14T06:37:29.845+0000] {spark_submit.py:521} INFO - at java.base/java.io.ObjectInputStream.readObject(ObjectInputStream.java:509)
[2025-08-14T06:37:29.846+0000] {spark_submit.py:521} INFO - at java.base/java.io.ObjectInputStream.readObject(ObjectInputStream.java:467)
[2025-08-14T06:37:29.846+0000] {spark_submit.py:521} INFO - at org.apache.spark.serializer.JavaDeserializationStream.readObject(JavaSerializer.scala:87)
[2025-08-14T06:37:29.846+0000] {spark_submit.py:521} INFO - at org.apache.spark.serializer.JavaSerializerInstance.deserialize(JavaSerializer.scala:123)
[2025-08-14T06:37:29.846+0000] {spark_submit.py:521} INFO - at org.apache.spark.rpc.netty.NettyRpcEnv.$anonfun$deserialize$2(NettyRpcEnv.scala:299)
[2025-08-14T06:37:29.847+0000] {spark_submit.py:521} INFO - at scala.util.DynamicVariable.withValue(DynamicVariable.scala:62)
[2025-08-14T06:37:29.847+0000] {spark_submit.py:521} INFO - at org.apache.spark.rpc.netty.NettyRpcEnv.deserialize(NettyRpcEnv.scala:352)
[2025-08-14T06:37:29.847+0000] {spark_submit.py:521} INFO - at org.apache.spark.rpc.netty.NettyRpcEnv.$anonfun$deserialize$1(NettyRpcEnv.scala:298)
[2025-08-14T06:37:29.848+0000] {spark_submit.py:521} INFO - at scala.util.DynamicVariable.withValue(DynamicVariable.scala:62)
[2025-08-14T06:37:29.848+0000] {spark_submit.py:521} INFO - at org.apache.spark.rpc.netty.NettyRpcEnv.deserialize(NettyRpcEnv.scala:298)
[2025-08-14T06:37:29.848+0000] {spark_submit.py:521} INFO - at org.apache.spark.rpc.netty.RequestMessage$.apply(NettyRpcEnv.scala:646)
[2025-08-14T06:37:29.849+0000] {spark_submit.py:521} INFO - at org.apache.spark.rpc.netty.NettyRpcHandler.internalReceive(NettyRpcEnv.scala:697)
[2025-08-14T06:37:29.849+0000] {spark_submit.py:521} INFO - at org.apache.spark.rpc.netty.NettyRpcHandler.receive(NettyRpcEnv.scala:682)
[2025-08-14T06:37:29.849+0000] {spark_submit.py:521} INFO - at org.apache.spark.network.server.TransportRequestHandler.processRpcRequest(TransportRequestHandler.java:163)
[2025-08-14T06:37:29.850+0000] {spark_submit.py:521} INFO - at org.apache.spark.network.server.TransportRequestHandler.handle(TransportRequestHandler.java:109)
[2025-08-14T06:37:29.850+0000] {spark_submit.py:521} INFO - at org.apache.spark.network.server.TransportChannelHandler.channelRead0(TransportChannelHandler.java:140)
[2025-08-14T06:37:29.850+0000] {spark_submit.py:521} INFO - at org.apache.spark.network.server.TransportChannelHandler.channelRead0(TransportChannelHandler.java:53)
[2025-08-14T06:37:29.850+0000] {spark_submit.py:521} INFO - at io.netty.channel.SimpleChannelInboundHandler.channelRead(SimpleChannelInboundHandler.java:99)
[2025-08-14T06:37:29.851+0000] {spark_submit.py:521} INFO - at io.netty.channel.AbstractChannelHandlerContext.invokeChannelRead(AbstractChannelHandlerContext.java:444)
[2025-08-14T06:37:29.851+0000] {spark_submit.py:521} INFO - at io.netty.channel.AbstractChannelHandlerContext.invokeChannelRead(AbstractChannelHandlerContext.java:420)
[2025-08-14T06:37:29.851+0000] {spark_submit.py:521} INFO - at io.netty.channel.AbstractChannelHandlerContext.fireChannelRead(AbstractChannelHandlerContext.java:412)
[2025-08-14T06:37:29.851+0000] {spark_submit.py:521} INFO - at io.netty.handler.timeout.IdleStateHandler.channelRead(IdleStateHandler.java:286)
[2025-08-14T06:37:29.852+0000] {spark_submit.py:521} INFO - at io.netty.channel.AbstractChannelHandlerContext.invokeChannelRead(AbstractChannelHandlerContext.java:442)
[2025-08-14T06:37:29.852+0000] {spark_submit.py:521} INFO - at io.netty.channel.AbstractChannelHandlerContext.invokeChannelRead(AbstractChannelHandlerContext.java:420)
[2025-08-14T06:37:29.852+0000] {spark_submit.py:521} INFO - at io.netty.channel.AbstractChannelHandlerContext.fireChannelRead(AbstractChannelHandlerContext.java:412)
[2025-08-14T06:37:29.852+0000] {spark_submit.py:521} INFO - at io.netty.handler.codec.MessageToMessageDecoder.channelRead(MessageToMessageDecoder.java:103)
[2025-08-14T06:37:29.853+0000] {spark_submit.py:521} INFO - at io.netty.channel.AbstractChannelHandlerContext.invokeChannelRead(AbstractChannelHandlerContext.java:444)
[2025-08-14T06:37:29.853+0000] {spark_submit.py:521} INFO - at io.netty.channel.AbstractChannelHandlerContext.invokeChannelRead(AbstractChannelHandlerContext.java:420)
[2025-08-14T06:37:29.853+0000] {spark_submit.py:521} INFO - at io.netty.channel.AbstractChannelHandlerContext.fireChannelRead(AbstractChannelHandlerContext.java:412)
[2025-08-14T06:37:29.853+0000] {spark_submit.py:521} INFO - at org.apache.spark.network.util.TransportFrameDecoder.channelRead(TransportFrameDecoder.java:102)
[2025-08-14T06:37:29.854+0000] {spark_submit.py:521} INFO - at io.netty.channel.AbstractChannelHandlerContext.invokeChannelRead(AbstractChannelHandlerContext.java:444)
[2025-08-14T06:37:29.854+0000] {spark_submit.py:521} INFO - at io.netty.channel.AbstractChannelHandlerContext.invokeChannelRead(AbstractChannelHandlerContext.java:420)
[2025-08-14T06:37:29.854+0000] {spark_submit.py:521} INFO - at io.netty.channel.AbstractChannelHandlerContext.fireChannelRead(AbstractChannelHandlerContext.java:412)
[2025-08-14T06:37:29.854+0000] {spark_submit.py:521} INFO - at io.netty.channel.DefaultChannelPipeline$HeadContext.channelRead(DefaultChannelPipeline.java:1410)
[2025-08-14T06:37:29.855+0000] {spark_submit.py:521} INFO - at io.netty.channel.AbstractChannelHandlerContext.invokeChannelRead(AbstractChannelHandlerContext.java:440)
[2025-08-14T06:37:29.855+0000] {spark_submit.py:521} INFO - at io.netty.channel.AbstractChannelHandlerContext.invokeChannelRead(AbstractChannelHandlerContext.java:420)
[2025-08-14T06:37:29.855+0000] {spark_submit.py:521} INFO - at io.netty.channel.DefaultChannelPipeline.fireChannelRead(DefaultChannelPipeline.java:919)
[2025-08-14T06:37:29.856+0000] {spark_submit.py:521} INFO - at io.netty.channel.nio.AbstractNioByteChannel$NioByteUnsafe.read(AbstractNioByteChannel.java:166)
[2025-08-14T06:37:29.856+0000] {spark_submit.py:521} INFO - at io.netty.channel.nio.NioEventLoop.processSelectedKey(NioEventLoop.java:788)
[2025-08-14T06:37:29.856+0000] {spark_submit.py:521} INFO - at io.netty.channel.nio.NioEventLoop.processSelectedKeysOptimized(NioEventLoop.java:724)
[2025-08-14T06:37:29.856+0000] {spark_submit.py:521} INFO - at io.netty.channel.nio.NioEventLoop.processSelectedKeys(NioEventLoop.java:650)
[2025-08-14T06:37:29.857+0000] {spark_submit.py:521} INFO - at io.netty.channel.nio.NioEventLoop.run(NioEventLoop.java:562)
[2025-08-14T06:37:29.857+0000] {spark_submit.py:521} INFO - at io.netty.util.concurrent.SingleThreadEventExecutor$4.run(SingleThreadEventExecutor.java:997)
[2025-08-14T06:37:29.857+0000] {spark_submit.py:521} INFO - at io.netty.util.internal.ThreadExecutorMap$2.run(ThreadExecutorMap.java:74)
[2025-08-14T06:37:29.857+0000] {spark_submit.py:521} INFO - at io.netty.util.concurrent.FastThreadLocalRunnable.run(FastThreadLocalRunnable.java:30)
[2025-08-14T06:37:29.858+0000] {spark_submit.py:521} INFO - at java.base/java.lang.Thread.run(Thread.java:840)
[2025-08-14T06:37:29.858+0000] {spark_submit.py:521} INFO - 
[2025-08-14T06:37:29.859+0000] {spark_submit.py:521} INFO - at org.apache.spark.network.client.TransportResponseHandler.handle(TransportResponseHandler.java:217)
[2025-08-14T06:37:29.859+0000] {spark_submit.py:521} INFO - at org.apache.spark.network.server.TransportChannelHandler.channelRead0(TransportChannelHandler.java:145)
[2025-08-14T06:37:29.859+0000] {spark_submit.py:521} INFO - at org.apache.spark.network.server.TransportChannelHandler.channelRead0(TransportChannelHandler.java:55)
[2025-08-14T06:37:29.860+0000] {spark_submit.py:521} INFO - at io.netty.channel.SimpleChannelInboundHandler.channelRead(SimpleChannelInboundHandler.java:99)
[2025-08-14T06:37:29.860+0000] {spark_submit.py:521} INFO - at io.netty.channel.AbstractChannelHandlerContext.invokeChannelRead(AbstractChannelHandlerContext.java:444)
[2025-08-14T06:37:29.860+0000] {spark_submit.py:521} INFO - at io.netty.channel.AbstractChannelHandlerContext.invokeChannelRead(AbstractChannelHandlerContext.java:420)
[2025-08-14T06:37:29.861+0000] {spark_submit.py:521} INFO - at io.netty.channel.AbstractChannelHandlerContext.fireChannelRead(AbstractChannelHandlerContext.java:412)
[2025-08-14T06:37:29.861+0000] {spark_submit.py:521} INFO - at io.netty.handler.timeout.IdleStateHandler.channelRead(IdleStateHandler.java:289)
[2025-08-14T06:37:29.861+0000] {spark_submit.py:521} INFO - at io.netty.channel.AbstractChannelHandlerContext.invokeChannelRead(AbstractChannelHandlerContext.java:442)
[2025-08-14T06:37:29.862+0000] {spark_submit.py:521} INFO - at io.netty.channel.AbstractChannelHandlerContext.invokeChannelRead(AbstractChannelHandlerContext.java:420)
[2025-08-14T06:37:29.862+0000] {spark_submit.py:521} INFO - at io.netty.channel.AbstractChannelHandlerContext.fireChannelRead(AbstractChannelHandlerContext.java:412)
[2025-08-14T06:37:29.862+0000] {spark_submit.py:521} INFO - at io.netty.handler.codec.MessageToMessageDecoder.channelRead(MessageToMessageDecoder.java:107)
[2025-08-14T06:37:29.862+0000] {spark_submit.py:521} INFO - at io.netty.channel.AbstractChannelHandlerContext.invokeChannelRead(AbstractChannelHandlerContext.java:444)
[2025-08-14T06:37:29.863+0000] {spark_submit.py:521} INFO - at io.netty.channel.AbstractChannelHandlerContext.invokeChannelRead(AbstractChannelHandlerContext.java:420)
[2025-08-14T06:37:29.863+0000] {spark_submit.py:521} INFO - at io.netty.channel.AbstractChannelHandlerContext.fireChannelRead(AbstractChannelHandlerContext.java:412)
[2025-08-14T06:37:29.863+0000] {spark_submit.py:521} INFO - at org.apache.spark.network.util.TransportFrameDecoder.channelRead(TransportFrameDecoder.java:102)
[2025-08-14T06:37:29.863+0000] {spark_submit.py:521} INFO - at io.netty.channel.AbstractChannelHandlerContext.invokeChannelRead(AbstractChannelHandlerContext.java:444)
[2025-08-14T06:37:29.864+0000] {spark_submit.py:521} INFO - at io.netty.channel.AbstractChannelHandlerContext.invokeChannelRead(AbstractChannelHandlerContext.java:420)
[2025-08-14T06:37:29.864+0000] {spark_submit.py:521} INFO - at io.netty.channel.AbstractChannelHandlerContext.fireChannelRead(AbstractChannelHandlerContext.java:412)
[2025-08-14T06:37:29.864+0000] {spark_submit.py:521} INFO - at io.netty.channel.DefaultChannelPipeline$HeadContext.channelRead(DefaultChannelPipeline.java:1357)
[2025-08-14T06:37:29.864+0000] {spark_submit.py:521} INFO - at io.netty.channel.AbstractChannelHandlerContext.invokeChannelRead(AbstractChannelHandlerContext.java:440)
[2025-08-14T06:37:29.865+0000] {spark_submit.py:521} INFO - at io.netty.channel.AbstractChannelHandlerContext.invokeChannelRead(AbstractChannelHandlerContext.java:420)
[2025-08-14T06:37:29.865+0000] {spark_submit.py:521} INFO - at io.netty.channel.DefaultChannelPipeline.fireChannelRead(DefaultChannelPipeline.java:868)
[2025-08-14T06:37:29.865+0000] {spark_submit.py:521} INFO - at io.netty.channel.nio.AbstractNioByteChannel$NioByteUnsafe.read(AbstractNioByteChannel.java:166)
[2025-08-14T06:37:29.865+0000] {spark_submit.py:521} INFO - at io.netty.channel.nio.NioEventLoop.processSelectedKey(NioEventLoop.java:796)
[2025-08-14T06:37:29.865+0000] {spark_submit.py:521} INFO - at io.netty.channel.nio.NioEventLoop.processSelectedKeysOptimized(NioEventLoop.java:732)
[2025-08-14T06:37:29.866+0000] {spark_submit.py:521} INFO - at io.netty.channel.nio.NioEventLoop.processSelectedKeys(NioEventLoop.java:658)
[2025-08-14T06:37:29.866+0000] {spark_submit.py:521} INFO - at io.netty.channel.nio.NioEventLoop.run(NioEventLoop.java:562)
[2025-08-14T06:37:29.866+0000] {spark_submit.py:521} INFO - at io.netty.util.concurrent.SingleThreadEventExecutor$4.run(SingleThreadEventExecutor.java:998)
[2025-08-14T06:37:29.866+0000] {spark_submit.py:521} INFO - at io.netty.util.internal.ThreadExecutorMap$2.run(ThreadExecutorMap.java:74)
[2025-08-14T06:37:29.867+0000] {spark_submit.py:521} INFO - at io.netty.util.concurrent.FastThreadLocalRunnable.run(FastThreadLocalRunnable.java:30)
[2025-08-14T06:37:29.867+0000] {spark_submit.py:521} INFO - ... 1 more
[2025-08-14T06:37:49.834+0000] {spark_submit.py:521} INFO - 25/08/14 06:37:49 WARN StandaloneSchedulerBackend: Application ID is not initialized yet.
[2025-08-14T06:37:49.835+0000] {spark_submit.py:521} INFO - 25/08/14 06:37:49 ERROR StandaloneSchedulerBackend: Application has been killed. Reason: All masters are unresponsive! Giving up.
[2025-08-14T06:37:49.854+0000] {spark_submit.py:521} INFO - 25/08/14 06:37:49 INFO Utils: Successfully started service 'org.apache.spark.network.netty.NettyBlockTransferService' on port 43793.
[2025-08-14T06:37:49.855+0000] {spark_submit.py:521} INFO - 25/08/14 06:37:49 INFO NettyBlockTransferService: Server created on ddcaa82da13c:43793
[2025-08-14T06:37:49.856+0000] {spark_submit.py:521} INFO - 25/08/14 06:37:49 INFO BlockManager: Using org.apache.spark.storage.RandomBlockReplicationPolicy for block replication policy
[2025-08-14T06:37:49.869+0000] {spark_submit.py:521} INFO - 25/08/14 06:37:49 INFO BlockManagerMaster: Registering BlockManager BlockManagerId(driver, ddcaa82da13c, 43793, None)
[2025-08-14T06:37:49.875+0000] {spark_submit.py:521} INFO - 25/08/14 06:37:49 INFO BlockManagerMasterEndpoint: Registering block manager ddcaa82da13c:43793 with 434.4 MiB RAM, BlockManagerId(driver, ddcaa82da13c, 43793, None)
[2025-08-14T06:37:49.878+0000] {spark_submit.py:521} INFO - 25/08/14 06:37:49 INFO BlockManagerMaster: Registered BlockManager BlockManagerId(driver, ddcaa82da13c, 43793, None)
[2025-08-14T06:37:49.880+0000] {spark_submit.py:521} INFO - 25/08/14 06:37:49 INFO BlockManager: Initialized BlockManager: BlockManagerId(driver, ddcaa82da13c, 43793, None)
[2025-08-14T06:37:49.980+0000] {spark_submit.py:521} INFO - 25/08/14 06:37:49 INFO StandaloneSchedulerBackend: SchedulerBackend is ready for scheduling beginning after reached minRegisteredResourcesRatio: 0.0
[2025-08-14T06:37:50.185+0000] {spark_submit.py:521} INFO - 25/08/14 06:37:50 INFO SparkContext: SparkContext is stopping with exitCode 0 from run at <unknown>:0.
[2025-08-14T06:37:50.195+0000] {spark_submit.py:521} INFO - 25/08/14 06:37:50 INFO SparkUI: Stopped Spark web UI at http://ddcaa82da13c:4040
[2025-08-14T06:37:50.198+0000] {spark_submit.py:521} INFO - 25/08/14 06:37:50 INFO StandaloneSchedulerBackend: Shutting down all executors
[2025-08-14T06:37:50.202+0000] {spark_submit.py:521} INFO - 25/08/14 06:37:50 INFO StandaloneSchedulerBackend$StandaloneDriverEndpoint: Asking each executor to shut down
[2025-08-14T06:37:50.208+0000] {spark_submit.py:521} INFO - 25/08/14 06:37:50 WARN StandaloneAppClient$ClientEndpoint: Drop UnregisterApplication(null) because has not yet connected to master
[2025-08-14T06:37:50.217+0000] {spark_submit.py:521} INFO - 25/08/14 06:37:50 INFO MapOutputTrackerMasterEndpoint: MapOutputTrackerMasterEndpoint stopped!
[2025-08-14T06:37:50.240+0000] {spark_submit.py:521} INFO - 25/08/14 06:37:50 INFO MemoryStore: MemoryStore started with capacity 434.4 MiB
[2025-08-14T06:37:50.253+0000] {spark_submit.py:521} INFO - 25/08/14 06:37:50 INFO MemoryStore: MemoryStore cleared
[2025-08-14T06:37:50.254+0000] {spark_submit.py:521} INFO - 25/08/14 06:37:50 INFO BlockManager: BlockManager stopped
[2025-08-14T06:37:50.271+0000] {spark_submit.py:521} INFO - 25/08/14 06:37:50 INFO BlockManagerMaster: BlockManagerMaster stopped
[2025-08-14T06:37:50.274+0000] {spark_submit.py:521} INFO - 25/08/14 06:37:50 INFO OutputCommitCoordinator$OutputCommitCoordinatorEndpoint: OutputCommitCoordinator stopped!
[2025-08-14T06:37:50.294+0000] {spark_submit.py:521} INFO - 25/08/14 06:37:50 INFO SparkContext: Successfully stopped SparkContext
[2025-08-14T06:37:51.635+0000] {spark_submit.py:521} INFO - Traceback (most recent call last):
[2025-08-14T06:37:51.636+0000] {spark_submit.py:521} INFO - File "/opt/spark-jobs/transform/gold_transfrom.py", line 11, in <module>
[2025-08-14T06:37:51.637+0000] {spark_submit.py:521} INFO - spark = SparkSession.builder.appName("gold_transform").getOrCreate()
[2025-08-14T06:37:51.638+0000] {spark_submit.py:521} INFO - ^^^^^^^^^^^^^^^^^^^^^^^^^^^^^^^^^^^^^^^^^^^^^^^^^^^^^^^^^^^^
[2025-08-14T06:37:51.638+0000] {spark_submit.py:521} INFO - File "/home/***/.local/lib/python3.11/site-packages/pyspark/python/lib/pyspark.zip/pyspark/sql/session.py", line 559, in getOrCreate
[2025-08-14T06:37:51.638+0000] {spark_submit.py:521} INFO - File "/home/***/.local/lib/python3.11/site-packages/pyspark/python/lib/pyspark.zip/pyspark/sql/session.py", line 641, in __init__
[2025-08-14T06:37:51.639+0000] {spark_submit.py:521} INFO - File "/home/***/.local/lib/python3.11/site-packages/pyspark/python/lib/py4j-0.10.9.9-src.zip/py4j/java_gateway.py", line 1627, in __call__
[2025-08-14T06:37:51.639+0000] {spark_submit.py:521} INFO - File "/home/***/.local/lib/python3.11/site-packages/pyspark/python/lib/py4j-0.10.9.9-src.zip/py4j/protocol.py", line 327, in get_return_value
[2025-08-14T06:37:51.641+0000] {spark_submit.py:521} INFO - py4j.protocol.Py4JJavaError: An error occurred while calling None.org.apache.spark.sql.classic.SparkSession.
[2025-08-14T06:37:51.641+0000] {spark_submit.py:521} INFO - : java.lang.IllegalStateException: Cannot call methods on a stopped SparkContext.
[2025-08-14T06:37:51.642+0000] {spark_submit.py:521} INFO - This stopped SparkContext was created at:
[2025-08-14T06:37:51.642+0000] {spark_submit.py:521} INFO - 
[2025-08-14T06:37:51.642+0000] {spark_submit.py:521} INFO - org.apache.spark.api.java.JavaSparkContext.<init>(JavaSparkContext.scala:59)
[2025-08-14T06:37:51.642+0000] {spark_submit.py:521} INFO - java.base/jdk.internal.reflect.NativeConstructorAccessorImpl.newInstance0(Native Method)
[2025-08-14T06:37:51.643+0000] {spark_submit.py:521} INFO - java.base/jdk.internal.reflect.NativeConstructorAccessorImpl.newInstance(NativeConstructorAccessorImpl.java:77)
[2025-08-14T06:37:51.643+0000] {spark_submit.py:521} INFO - java.base/jdk.internal.reflect.DelegatingConstructorAccessorImpl.newInstance(DelegatingConstructorAccessorImpl.java:45)
[2025-08-14T06:37:51.643+0000] {spark_submit.py:521} INFO - java.base/java.lang.reflect.Constructor.newInstanceWithCaller(Constructor.java:500)
[2025-08-14T06:37:51.643+0000] {spark_submit.py:521} INFO - java.base/java.lang.reflect.Constructor.newInstance(Constructor.java:481)
[2025-08-14T06:37:51.644+0000] {spark_submit.py:521} INFO - py4j.reflection.MethodInvoker.invoke(MethodInvoker.java:247)
[2025-08-14T06:37:51.644+0000] {spark_submit.py:521} INFO - py4j.reflection.ReflectionEngine.invoke(ReflectionEngine.java:374)
[2025-08-14T06:37:51.644+0000] {spark_submit.py:521} INFO - py4j.Gateway.invoke(Gateway.java:238)
[2025-08-14T06:37:51.644+0000] {spark_submit.py:521} INFO - py4j.commands.ConstructorCommand.invokeConstructor(ConstructorCommand.java:80)
[2025-08-14T06:37:51.644+0000] {spark_submit.py:521} INFO - py4j.commands.ConstructorCommand.execute(ConstructorCommand.java:69)
[2025-08-14T06:37:51.645+0000] {spark_submit.py:521} INFO - py4j.ClientServerConnection.waitForCommands(ClientServerConnection.java:184)
[2025-08-14T06:37:51.645+0000] {spark_submit.py:521} INFO - py4j.ClientServerConnection.run(ClientServerConnection.java:108)
[2025-08-14T06:37:51.645+0000] {spark_submit.py:521} INFO - java.base/java.lang.Thread.run(Thread.java:840)
[2025-08-14T06:37:51.645+0000] {spark_submit.py:521} INFO - 
[2025-08-14T06:37:51.645+0000] {spark_submit.py:521} INFO - And it was stopped at:
[2025-08-14T06:37:51.646+0000] {spark_submit.py:521} INFO - 
[2025-08-14T06:37:51.646+0000] {spark_submit.py:521} INFO - org.apache.spark.SparkContext$$anon$3.run(SparkContext.scala:2284)
[2025-08-14T06:37:51.646+0000] {spark_submit.py:521} INFO - 
[2025-08-14T06:37:51.647+0000] {spark_submit.py:521} INFO - The currently active SparkContext was created at:
[2025-08-14T06:37:51.647+0000] {spark_submit.py:521} INFO - 
[2025-08-14T06:37:51.647+0000] {spark_submit.py:521} INFO - (No active SparkContext.)
[2025-08-14T06:37:51.647+0000] {spark_submit.py:521} INFO - 
[2025-08-14T06:37:51.648+0000] {spark_submit.py:521} INFO - at org.apache.spark.SparkContext.assertNotStopped(SparkContext.scala:128)
[2025-08-14T06:37:51.648+0000] {spark_submit.py:521} INFO - at org.apache.spark.sql.classic.SparkSession.<init>(SparkSession.scala:124)
[2025-08-14T06:37:51.648+0000] {spark_submit.py:521} INFO - at org.apache.spark.sql.classic.SparkSession.<init>(SparkSession.scala:117)
[2025-08-14T06:37:51.648+0000] {spark_submit.py:521} INFO - at java.base/jdk.internal.reflect.NativeConstructorAccessorImpl.newInstance0(Native Method)
[2025-08-14T06:37:51.649+0000] {spark_submit.py:521} INFO - at java.base/jdk.internal.reflect.NativeConstructorAccessorImpl.newInstance(NativeConstructorAccessorImpl.java:77)
[2025-08-14T06:37:51.649+0000] {spark_submit.py:521} INFO - at java.base/jdk.internal.reflect.DelegatingConstructorAccessorImpl.newInstance(DelegatingConstructorAccessorImpl.java:45)
[2025-08-14T06:37:51.649+0000] {spark_submit.py:521} INFO - at java.base/java.lang.reflect.Constructor.newInstanceWithCaller(Constructor.java:500)
[2025-08-14T06:37:51.650+0000] {spark_submit.py:521} INFO - at java.base/java.lang.reflect.Constructor.newInstance(Constructor.java:481)
[2025-08-14T06:37:51.650+0000] {spark_submit.py:521} INFO - at py4j.reflection.MethodInvoker.invoke(MethodInvoker.java:247)
[2025-08-14T06:37:51.650+0000] {spark_submit.py:521} INFO - at py4j.reflection.ReflectionEngine.invoke(ReflectionEngine.java:374)
[2025-08-14T06:37:51.650+0000] {spark_submit.py:521} INFO - at py4j.Gateway.invoke(Gateway.java:238)
[2025-08-14T06:37:51.651+0000] {spark_submit.py:521} INFO - at py4j.commands.ConstructorCommand.invokeConstructor(ConstructorCommand.java:80)
[2025-08-14T06:37:51.651+0000] {spark_submit.py:521} INFO - at py4j.commands.ConstructorCommand.execute(ConstructorCommand.java:69)
[2025-08-14T06:37:51.651+0000] {spark_submit.py:521} INFO - at py4j.ClientServerConnection.waitForCommands(ClientServerConnection.java:184)
[2025-08-14T06:37:51.651+0000] {spark_submit.py:521} INFO - at py4j.ClientServerConnection.run(ClientServerConnection.java:108)
[2025-08-14T06:37:51.652+0000] {spark_submit.py:521} INFO - at java.base/java.lang.Thread.run(Thread.java:840)
[2025-08-14T06:37:51.652+0000] {spark_submit.py:521} INFO - 
[2025-08-14T06:37:51.840+0000] {spark_submit.py:521} INFO - 25/08/14 06:37:51 INFO ShutdownHookManager: Shutdown hook called
[2025-08-14T06:37:51.841+0000] {spark_submit.py:521} INFO - 25/08/14 06:37:51 INFO ShutdownHookManager: Deleting directory /tmp/spark-ddbba141-bc05-48a7-b724-62eaee89f05e/pyspark-2755bfa9-4784-44c7-ba18-6ad761649eeb
[2025-08-14T06:37:51.850+0000] {spark_submit.py:521} INFO - 25/08/14 06:37:51 INFO ShutdownHookManager: Deleting directory /tmp/spark-ddbba141-bc05-48a7-b724-62eaee89f05e
[2025-08-14T06:37:51.861+0000] {spark_submit.py:521} INFO - 25/08/14 06:37:51 INFO ShutdownHookManager: Deleting directory /tmp/spark-820fed9c-51e5-453c-949a-176a8e9ecbe6
[2025-08-14T06:37:51.903+0000] {taskinstance.py:441} INFO - ::group::Post task execution logs
[2025-08-14T06:37:51.931+0000] {taskinstance.py:2905} ERROR - Task failed with exception
Traceback (most recent call last):
  File "/home/airflow/.local/lib/python3.11/site-packages/airflow/models/taskinstance.py", line 465, in _execute_task
    result = _execute_callable(context=context, **execute_callable_kwargs)
             ^^^^^^^^^^^^^^^^^^^^^^^^^^^^^^^^^^^^^^^^^^^^^^^^^^^^^^^^^^^^^
  File "/home/airflow/.local/lib/python3.11/site-packages/airflow/models/taskinstance.py", line 432, in _execute_callable
    return execute_callable(context=context, **execute_callable_kwargs)
           ^^^^^^^^^^^^^^^^^^^^^^^^^^^^^^^^^^^^^^^^^^^^^^^^^^^^^^^^^^^^
  File "/home/airflow/.local/lib/python3.11/site-packages/airflow/models/baseoperator.py", line 400, in wrapper
    return func(self, *args, **kwargs)
           ^^^^^^^^^^^^^^^^^^^^^^^^^^^
  File "/home/airflow/.local/lib/python3.11/site-packages/airflow/providers/apache/spark/operators/spark_submit.py", line 156, in execute
    self._hook.submit(self._application)
  File "/home/airflow/.local/lib/python3.11/site-packages/airflow/providers/apache/spark/hooks/spark_submit.py", line 452, in submit
    raise AirflowException(
airflow.exceptions.AirflowException: Cannot execute: spark-submit --master spark://spark-master:7077 --conf spark.master=spark://spark-master:7077 --conf spark.driver.extraClassPath=/opt/custom-jars/* --conf spark.executor.extraClassPath=/opt/custom-jars/* --conf spark.hadoop.fs.gs.impl=com.google.cloud.hadoop.fs.gcs.GoogleHadoopFileSystem --conf spark.hadoop.fs.AbstractFileSystem.gs.impl=com.google.cloud.hadoop.fs.gcs.GoogleHadoopFS --conf spark.hadoop.google.cloud.auth.service.account.enable=true --conf spark.hadoop.google.cloud.auth.service.account.json.keyfile=/opt/***/gcp-key.json --jars /opt/custom-jars/spark-bigquery-with-dependencies_2.13-0.30.0.jar,/opt/custom-jars/javax.inject-1.jar --name arrow-spark --verbose /opt/spark-jobs/transform/gold_transfrom.py. Error code is: 1.
[2025-08-14T06:37:51.942+0000] {taskinstance.py:1206} INFO - Marking task as FAILED. dag_id=spark_transform_pipeline, task_id=silver_topcv_transform, run_id=manual__2025-08-14T06:36:21.322759+00:00, execution_date=20250814T063621, start_date=20250814T063631, end_date=20250814T063751
[2025-08-14T06:37:51.978+0000] {standard_task_runner.py:110} ERROR - Failed to execute job 159 for task silver_topcv_transform (Cannot execute: spark-submit --master spark://spark-master:7077 --conf spark.master=spark://spark-master:7077 --conf spark.driver.extraClassPath=/opt/custom-jars/* --conf spark.executor.extraClassPath=/opt/custom-jars/* --conf spark.hadoop.fs.gs.impl=com.google.cloud.hadoop.fs.gcs.GoogleHadoopFileSystem --conf spark.hadoop.fs.AbstractFileSystem.gs.impl=com.google.cloud.hadoop.fs.gcs.GoogleHadoopFS --conf spark.hadoop.google.cloud.auth.service.account.enable=true --conf spark.hadoop.google.cloud.auth.service.account.json.keyfile=/opt/***/gcp-key.json --jars /opt/custom-jars/spark-bigquery-with-dependencies_2.13-0.30.0.jar,/opt/custom-jars/javax.inject-1.jar --name arrow-spark --verbose /opt/spark-jobs/transform/gold_transfrom.py. Error code is: 1.; 58)
[2025-08-14T06:37:51.993+0000] {local_task_job_runner.py:240} INFO - Task exited with return code 1
[2025-08-14T06:37:52.021+0000] {taskinstance.py:3498} INFO - 0 downstream tasks scheduled from follow-on schedule check
[2025-08-14T06:37:52.024+0000] {local_task_job_runner.py:222} INFO - ::endgroup::
