[2025-09-09T15:17:25.255+0000] {local_task_job_runner.py:120} INFO - ::group::Pre task execution logs
[2025-09-09T15:17:25.350+0000] {taskinstance.py:2076} INFO - Dependencies all met for dep_context=non-requeueable deps ti=<TaskInstance: spark_transform_pipeline.silver_group.silver_topcv_transform manual__2025-09-09T15:17:19.724586+00:00 [queued]>
[2025-09-09T15:17:25.369+0000] {taskinstance.py:2076} INFO - Dependencies all met for dep_context=requeueable deps ti=<TaskInstance: spark_transform_pipeline.silver_group.silver_topcv_transform manual__2025-09-09T15:17:19.724586+00:00 [queued]>
[2025-09-09T15:17:25.371+0000] {taskinstance.py:2306} INFO - Starting attempt 1 of 1
[2025-09-09T15:17:25.396+0000] {taskinstance.py:2330} INFO - Executing <Task(SparkSubmitOperator): silver_group.silver_topcv_transform> on 2025-09-09 15:17:19.724586+00:00
[2025-09-09T15:17:25.405+0000] {standard_task_runner.py:63} INFO - Started process 2539 to run task
[2025-09-09T15:17:25.410+0000] {standard_task_runner.py:90} INFO - Running: ['***', 'tasks', 'run', 'spark_transform_pipeline', 'silver_group.silver_topcv_transform', 'manual__2025-09-09T15:17:19.724586+00:00', '--job-id', '123', '--raw', '--subdir', 'DAGS_FOLDER/etl_jobs_dag.py', '--cfg-path', '/tmp/tmp68bu4dcp']
[2025-09-09T15:17:25.413+0000] {standard_task_runner.py:91} INFO - Job 123: Subtask silver_group.silver_topcv_transform
[2025-09-09T15:17:25.506+0000] {task_command.py:426} INFO - Running <TaskInstance: spark_transform_pipeline.silver_group.silver_topcv_transform manual__2025-09-09T15:17:19.724586+00:00 [running]> on host 118acb478e13
[2025-09-09T15:17:25.611+0000] {taskinstance.py:2648} INFO - Exporting env vars: AIRFLOW_CTX_DAG_OWNER='***' AIRFLOW_CTX_DAG_ID='spark_transform_pipeline' AIRFLOW_CTX_TASK_ID='silver_group.silver_topcv_transform' AIRFLOW_CTX_EXECUTION_DATE='2025-09-09T15:17:19.724586+00:00' AIRFLOW_CTX_TRY_NUMBER='1' AIRFLOW_CTX_DAG_RUN_ID='manual__2025-09-09T15:17:19.724586+00:00'
[2025-09-09T15:17:25.612+0000] {taskinstance.py:430} INFO - ::endgroup::
[2025-09-09T15:17:25.643+0000] {base.py:84} INFO - Using connection ID 'spark_default' for task execution.
[2025-09-09T15:17:25.645+0000] {spark_submit.py:351} INFO - Spark-Submit cmd: spark-submit --master spark://spark-master:7077 --conf spark.master=spark://spark-master:7077 --conf spark.hadoop.fs.s3a.impl=org.apache.hadoop.fs.s3a.S3AFileSystem --conf spark.hadoop.fs.s3a.endpoint=http://minio:9000 --conf spark.hadoop.fs.s3a.access.key=minio --conf spark.hadoop.fs.s3a.secret.key=****** --conf spark.hadoop.fs.s3a.path.style.access=true --conf spark.hadoop.fs.s3a.connection.ssl.enabled=false --jars /opt/custom-jars/aws-java-sdk-bundle-1.12.262.jar,/opt/custom-jars/hadoop-aws-3.4.1.jar --name arrow-spark --verbose /opt/spark-jobs/elt/transform/silver_topcv_transform.py
[2025-09-09T15:17:26.745+0000] {spark_submit.py:521} INFO - WARNING: Using incubator modules: jdk.incubator.vector
[2025-09-09T15:17:28.854+0000] {spark_submit.py:521} INFO - Parsed arguments:
[2025-09-09T15:17:28.855+0000] {spark_submit.py:521} INFO - master                  spark://spark-master:7077
[2025-09-09T15:17:28.856+0000] {spark_submit.py:521} INFO - remote                  null
[2025-09-09T15:17:28.856+0000] {spark_submit.py:521} INFO - deployMode              null
[2025-09-09T15:17:28.857+0000] {spark_submit.py:521} INFO - executorMemory          null
[2025-09-09T15:17:28.857+0000] {spark_submit.py:521} INFO - executorCores           null
[2025-09-09T15:17:28.857+0000] {spark_submit.py:521} INFO - totalExecutorCores      null
[2025-09-09T15:17:28.858+0000] {spark_submit.py:521} INFO - propertiesFile          null
[2025-09-09T15:17:28.858+0000] {spark_submit.py:521} INFO - driverMemory            null
[2025-09-09T15:17:28.858+0000] {spark_submit.py:521} INFO - driverCores             null
[2025-09-09T15:17:28.858+0000] {spark_submit.py:521} INFO - driverExtraClassPath    null
[2025-09-09T15:17:28.858+0000] {spark_submit.py:521} INFO - driverExtraLibraryPath  null
[2025-09-09T15:17:28.859+0000] {spark_submit.py:521} INFO - driverExtraJavaOptions  null
[2025-09-09T15:17:28.859+0000] {spark_submit.py:521} INFO - supervise               false
[2025-09-09T15:17:28.859+0000] {spark_submit.py:521} INFO - queue                   null
[2025-09-09T15:17:28.859+0000] {spark_submit.py:521} INFO - numExecutors            null
[2025-09-09T15:17:28.859+0000] {spark_submit.py:521} INFO - files                   null
[2025-09-09T15:17:28.859+0000] {spark_submit.py:521} INFO - pyFiles                 null
[2025-09-09T15:17:28.860+0000] {spark_submit.py:521} INFO - archives                null
[2025-09-09T15:17:28.860+0000] {spark_submit.py:521} INFO - mainClass               null
[2025-09-09T15:17:28.860+0000] {spark_submit.py:521} INFO - primaryResource         file:/opt/spark-jobs/elt/transform/silver_topcv_transform.py
[2025-09-09T15:17:28.860+0000] {spark_submit.py:521} INFO - name                    arrow-spark
[2025-09-09T15:17:28.860+0000] {spark_submit.py:521} INFO - childArgs               []
[2025-09-09T15:17:28.860+0000] {spark_submit.py:521} INFO - jars                    file:/opt/custom-jars/aws-java-sdk-bundle-1.12.262.jar,file:/opt/custom-jars/hadoop-aws-3.4.1.jar
[2025-09-09T15:17:28.861+0000] {spark_submit.py:521} INFO - packages                null
[2025-09-09T15:17:28.861+0000] {spark_submit.py:521} INFO - packagesExclusions      null
[2025-09-09T15:17:28.861+0000] {spark_submit.py:521} INFO - repositories            null
[2025-09-09T15:17:28.861+0000] {spark_submit.py:521} INFO - verbose                 true
[2025-09-09T15:17:28.861+0000] {spark_submit.py:521} INFO - 
[2025-09-09T15:17:28.862+0000] {spark_submit.py:521} INFO - Spark properties used, including those specified through
[2025-09-09T15:17:28.862+0000] {spark_submit.py:521} INFO - --conf and those from the properties file null:
[2025-09-09T15:17:28.862+0000] {spark_submit.py:521} INFO - (spark.hadoop.fs.s3a.access.key,*********(redacted))
[2025-09-09T15:17:28.862+0000] {spark_submit.py:521} INFO - (spark.hadoop.fs.s3a.connection.ssl.enabled,false)
[2025-09-09T15:17:28.863+0000] {spark_submit.py:521} INFO - (spark.hadoop.fs.s3a.endpoint,http://minio:9000)
[2025-09-09T15:17:28.863+0000] {spark_submit.py:521} INFO - (spark.hadoop.fs.s3a.impl,org.apache.hadoop.fs.s3a.S3AFileSystem)
[2025-09-09T15:17:28.863+0000] {spark_submit.py:521} INFO - (spark.hadoop.fs.s3a.path.style.access,true)
[2025-09-09T15:17:28.864+0000] {spark_submit.py:521} INFO - (spark.hadoop.fs.s3a.secret.key,*********(redacted))
[2025-09-09T15:17:28.864+0000] {spark_submit.py:521} INFO - (spark.master,spark://spark-master:7077)
[2025-09-09T15:17:28.864+0000] {spark_submit.py:521} INFO - 
[2025-09-09T15:17:28.864+0000] {spark_submit.py:521} INFO - 
[2025-09-09T15:17:29.396+0000] {spark_submit.py:521} INFO - 25/09/09 15:17:29 WARN NativeCodeLoader: Unable to load native-hadoop library for your platform... using builtin-java classes where applicable
[2025-09-09T15:17:29.640+0000] {spark_submit.py:521} INFO - Main class:
[2025-09-09T15:17:29.640+0000] {spark_submit.py:521} INFO - org.apache.spark.deploy.PythonRunner
[2025-09-09T15:17:29.641+0000] {spark_submit.py:521} INFO - Arguments:
[2025-09-09T15:17:29.641+0000] {spark_submit.py:521} INFO - file:/opt/spark-jobs/elt/transform/silver_topcv_transform.py
[2025-09-09T15:17:29.641+0000] {spark_submit.py:521} INFO - null
[2025-09-09T15:17:29.643+0000] {spark_submit.py:521} INFO - Spark config:
[2025-09-09T15:17:29.643+0000] {spark_submit.py:521} INFO - (spark.app.name,arrow-spark)
[2025-09-09T15:17:29.643+0000] {spark_submit.py:521} INFO - (spark.app.submitTime,1757431049615)
[2025-09-09T15:17:29.643+0000] {spark_submit.py:521} INFO - (spark.hadoop.fs.s3a.access.key,*********(redacted))
[2025-09-09T15:17:29.644+0000] {spark_submit.py:521} INFO - (spark.hadoop.fs.s3a.connection.ssl.enabled,false)
[2025-09-09T15:17:29.644+0000] {spark_submit.py:521} INFO - (spark.hadoop.fs.s3a.endpoint,http://minio:9000)
[2025-09-09T15:17:29.644+0000] {spark_submit.py:521} INFO - (spark.hadoop.fs.s3a.impl,org.apache.hadoop.fs.s3a.S3AFileSystem)
[2025-09-09T15:17:29.644+0000] {spark_submit.py:521} INFO - (spark.hadoop.fs.s3a.path.style.access,true)
[2025-09-09T15:17:29.644+0000] {spark_submit.py:521} INFO - (spark.hadoop.fs.s3a.secret.key,*********(redacted))
[2025-09-09T15:17:29.645+0000] {spark_submit.py:521} INFO - (spark.jars,file:///opt/custom-jars/aws-java-sdk-bundle-1.12.262.jar,file:///opt/custom-jars/hadoop-aws-3.4.1.jar)
[2025-09-09T15:17:29.645+0000] {spark_submit.py:521} INFO - (spark.master,spark://spark-master:7077)
[2025-09-09T15:17:29.645+0000] {spark_submit.py:521} INFO - (spark.repl.local.jars,file:///opt/custom-jars/aws-java-sdk-bundle-1.12.262.jar,file:///opt/custom-jars/hadoop-aws-3.4.1.jar)
[2025-09-09T15:17:29.645+0000] {spark_submit.py:521} INFO - (spark.submit.deployMode,client)
[2025-09-09T15:17:29.646+0000] {spark_submit.py:521} INFO - (spark.submit.pyFiles,)
[2025-09-09T15:17:29.646+0000] {spark_submit.py:521} INFO - Classpath elements:
[2025-09-09T15:17:29.646+0000] {spark_submit.py:521} INFO - file:///opt/custom-jars/aws-java-sdk-bundle-1.12.262.jar
[2025-09-09T15:17:29.646+0000] {spark_submit.py:521} INFO - file:///opt/custom-jars/hadoop-aws-3.4.1.jar
[2025-09-09T15:17:29.646+0000] {spark_submit.py:521} INFO - 
[2025-09-09T15:17:29.647+0000] {spark_submit.py:521} INFO - 
[2025-09-09T15:17:31.553+0000] {spark_submit.py:521} INFO - Using Spark's default log4j profile: org/apache/spark/log4j2-defaults.properties
[2025-09-09T15:17:31.561+0000] {spark_submit.py:521} INFO - 25/09/09 15:17:31 INFO SparkContext: Running Spark version 4.0.1
[2025-09-09T15:17:31.564+0000] {spark_submit.py:521} INFO - 25/09/09 15:17:31 INFO SparkContext: OS info Linux, 5.15.167.4-microsoft-standard-WSL2, amd64
[2025-09-09T15:17:31.566+0000] {spark_submit.py:521} INFO - 25/09/09 15:17:31 INFO SparkContext: Java version 17.0.16
[2025-09-09T15:17:31.587+0000] {spark_submit.py:521} INFO - 25/09/09 15:17:31 INFO ResourceUtils: ==============================================================
[2025-09-09T15:17:31.587+0000] {spark_submit.py:521} INFO - 25/09/09 15:17:31 INFO ResourceUtils: No custom resources configured for spark.driver.
[2025-09-09T15:17:31.588+0000] {spark_submit.py:521} INFO - 25/09/09 15:17:31 INFO ResourceUtils: ==============================================================
[2025-09-09T15:17:31.588+0000] {spark_submit.py:521} INFO - 25/09/09 15:17:31 INFO SparkContext: Submitted application: SilverTopCVTransformTest
[2025-09-09T15:17:31.610+0000] {spark_submit.py:521} INFO - 25/09/09 15:17:31 INFO ResourceProfile: Default ResourceProfile created, executor resources: Map(cores -> name: cores, amount: 1, script: , vendor: , memory -> name: memory, amount: 1024, script: , vendor: , offHeap -> name: offHeap, amount: 0, script: , vendor: ), task resources: Map(cpus -> name: cpus, amount: 1.0)
[2025-09-09T15:17:31.612+0000] {spark_submit.py:521} INFO - 25/09/09 15:17:31 INFO ResourceProfile: Limiting resource is cpu
[2025-09-09T15:17:31.613+0000] {spark_submit.py:521} INFO - 25/09/09 15:17:31 INFO ResourceProfileManager: Added ResourceProfile id: 0
[2025-09-09T15:17:31.663+0000] {spark_submit.py:521} INFO - 25/09/09 15:17:31 INFO SecurityManager: Changing view acls to: ***
[2025-09-09T15:17:31.664+0000] {spark_submit.py:521} INFO - 25/09/09 15:17:31 INFO SecurityManager: Changing modify acls to: ***
[2025-09-09T15:17:31.664+0000] {spark_submit.py:521} INFO - 25/09/09 15:17:31 INFO SecurityManager: Changing view acls groups to: ***
[2025-09-09T15:17:31.665+0000] {spark_submit.py:521} INFO - 25/09/09 15:17:31 INFO SecurityManager: Changing modify acls groups to: ***
[2025-09-09T15:17:31.667+0000] {spark_submit.py:521} INFO - 25/09/09 15:17:31 INFO SecurityManager: SecurityManager: authentication disabled; ui acls disabled; users with view permissions: *** groups with view permissions: EMPTY; users with modify permissions: ***; groups with modify permissions: EMPTY; RPC SSL disabled
[2025-09-09T15:17:31.895+0000] {spark_submit.py:521} INFO - 25/09/09 15:17:31 INFO Utils: Successfully started service 'sparkDriver' on port 46789.
[2025-09-09T15:17:31.939+0000] {spark_submit.py:521} INFO - 25/09/09 15:17:31 INFO SparkEnv: Registering MapOutputTracker
[2025-09-09T15:17:31.952+0000] {spark_submit.py:521} INFO - 25/09/09 15:17:31 INFO SparkEnv: Registering BlockManagerMaster
[2025-09-09T15:17:31.969+0000] {spark_submit.py:521} INFO - 25/09/09 15:17:31 INFO BlockManagerMasterEndpoint: Using org.apache.spark.storage.DefaultTopologyMapper for getting topology information
[2025-09-09T15:17:31.970+0000] {spark_submit.py:521} INFO - 25/09/09 15:17:31 INFO BlockManagerMasterEndpoint: BlockManagerMasterEndpoint up
[2025-09-09T15:17:31.972+0000] {spark_submit.py:521} INFO - 25/09/09 15:17:31 INFO SparkEnv: Registering BlockManagerMasterHeartbeat
[2025-09-09T15:17:31.997+0000] {spark_submit.py:521} INFO - 25/09/09 15:17:31 INFO DiskBlockManager: Created local directory at /tmp/blockmgr-59c5855b-e9ea-4b2e-9734-c76eb8f5a0d7
[2025-09-09T15:17:32.020+0000] {spark_submit.py:521} INFO - 25/09/09 15:17:32 INFO SparkEnv: Registering OutputCommitCoordinator
[2025-09-09T15:17:32.168+0000] {spark_submit.py:521} INFO - 25/09/09 15:17:32 INFO JettyUtils: Start Jetty 0.0.0.0:4040 for SparkUI
[2025-09-09T15:17:32.258+0000] {spark_submit.py:521} INFO - 25/09/09 15:17:32 INFO Utils: Successfully started service 'SparkUI' on port 4040.
[2025-09-09T15:17:32.318+0000] {spark_submit.py:521} INFO - 25/09/09 15:17:32 INFO SparkContext: Added JAR file:///opt/custom-jars/aws-java-sdk-bundle-1.12.262.jar at spark://118acb478e13:46789/jars/aws-java-sdk-bundle-1.12.262.jar with timestamp 1757431051543
[2025-09-09T15:17:32.320+0000] {spark_submit.py:521} INFO - 25/09/09 15:17:32 INFO SparkContext: Added JAR file:///opt/custom-jars/hadoop-aws-3.4.1.jar at spark://118acb478e13:46789/jars/hadoop-aws-3.4.1.jar with timestamp 1757431051543
[2025-09-09T15:17:32.363+0000] {spark_submit.py:521} INFO - 25/09/09 15:17:32 INFO SecurityManager: Changing view acls to: ***
[2025-09-09T15:17:32.364+0000] {spark_submit.py:521} INFO - 25/09/09 15:17:32 INFO SecurityManager: Changing modify acls to: ***
[2025-09-09T15:17:32.364+0000] {spark_submit.py:521} INFO - 25/09/09 15:17:32 INFO SecurityManager: Changing view acls groups to: ***
[2025-09-09T15:17:32.364+0000] {spark_submit.py:521} INFO - 25/09/09 15:17:32 INFO SecurityManager: Changing modify acls groups to: ***
[2025-09-09T15:17:32.365+0000] {spark_submit.py:521} INFO - 25/09/09 15:17:32 INFO SecurityManager: SecurityManager: authentication disabled; ui acls disabled; users with view permissions: *** groups with view permissions: EMPTY; users with modify permissions: ***; groups with modify permissions: EMPTY; RPC SSL disabled
[2025-09-09T15:17:32.507+0000] {spark_submit.py:521} INFO - 25/09/09 15:17:32 INFO Executor: Starting executor ID driver on host 118acb478e13
[2025-09-09T15:17:32.508+0000] {spark_submit.py:521} INFO - 25/09/09 15:17:32 INFO Executor: OS info Linux, 5.15.167.4-microsoft-standard-WSL2, amd64
[2025-09-09T15:17:32.508+0000] {spark_submit.py:521} INFO - 25/09/09 15:17:32 INFO Executor: Java version 17.0.16
[2025-09-09T15:17:32.521+0000] {spark_submit.py:521} INFO - 25/09/09 15:17:32 INFO Executor: Starting executor with user classpath (userClassPathFirst = false): ''
[2025-09-09T15:17:32.522+0000] {spark_submit.py:521} INFO - 25/09/09 15:17:32 INFO Executor: Created or updated repl class loader org.apache.spark.util.MutableURLClassLoader@682e8ac2 for default.
[2025-09-09T15:17:32.531+0000] {spark_submit.py:521} INFO - 25/09/09 15:17:32 INFO Executor: Fetching spark://118acb478e13:46789/jars/aws-java-sdk-bundle-1.12.262.jar with timestamp 1757431051543
[2025-09-09T15:17:32.587+0000] {spark_submit.py:521} INFO - 25/09/09 15:17:32 INFO TransportClientFactory: Successfully created connection to 118acb478e13/172.18.0.9:46789 after 28 ms (0 ms spent in bootstraps)
[2025-09-09T15:17:32.592+0000] {spark_submit.py:521} INFO - 25/09/09 15:17:32 INFO Utils: Fetching spark://118acb478e13:46789/jars/aws-java-sdk-bundle-1.12.262.jar to /tmp/spark-7bfdb35d-484a-4035-8f89-9a0fee84a9be/userFiles-fdefe756-19ec-48bc-9aa0-349c0e84ebb8/fetchFileTemp18249465259012420060.tmp
[2025-09-09T15:17:36.342+0000] {spark_submit.py:521} INFO - 25/09/09 15:17:36 INFO Executor: Adding file:/tmp/spark-7bfdb35d-484a-4035-8f89-9a0fee84a9be/userFiles-fdefe756-19ec-48bc-9aa0-349c0e84ebb8/aws-java-sdk-bundle-1.12.262.jar to class loader default
[2025-09-09T15:17:36.343+0000] {spark_submit.py:521} INFO - 25/09/09 15:17:36 INFO Executor: Fetching spark://118acb478e13:46789/jars/hadoop-aws-3.4.1.jar with timestamp 1757431051543
[2025-09-09T15:17:36.344+0000] {spark_submit.py:521} INFO - 25/09/09 15:17:36 INFO Utils: Fetching spark://118acb478e13:46789/jars/hadoop-aws-3.4.1.jar to /tmp/spark-7bfdb35d-484a-4035-8f89-9a0fee84a9be/userFiles-fdefe756-19ec-48bc-9aa0-349c0e84ebb8/fetchFileTemp17046702865830734466.tmp
[2025-09-09T15:17:36.370+0000] {spark_submit.py:521} INFO - 25/09/09 15:17:36 INFO Executor: Adding file:/tmp/spark-7bfdb35d-484a-4035-8f89-9a0fee84a9be/userFiles-fdefe756-19ec-48bc-9aa0-349c0e84ebb8/hadoop-aws-3.4.1.jar to class loader default
[2025-09-09T15:17:36.388+0000] {spark_submit.py:521} INFO - 25/09/09 15:17:36 INFO Utils: Successfully started service 'org.apache.spark.network.netty.NettyBlockTransferService' on port 32955.
[2025-09-09T15:17:36.389+0000] {spark_submit.py:521} INFO - 25/09/09 15:17:36 INFO NettyBlockTransferService: Server created on 118acb478e13:32955
[2025-09-09T15:17:36.393+0000] {spark_submit.py:521} INFO - 25/09/09 15:17:36 INFO BlockManager: Using org.apache.spark.storage.RandomBlockReplicationPolicy for block replication policy
[2025-09-09T15:17:36.411+0000] {spark_submit.py:521} INFO - 25/09/09 15:17:36 INFO BlockManagerMaster: Registering BlockManager BlockManagerId(driver, 118acb478e13, 32955, None)
[2025-09-09T15:17:36.421+0000] {spark_submit.py:521} INFO - 25/09/09 15:17:36 INFO BlockManagerMasterEndpoint: Registering block manager 118acb478e13:32955 with 434.4 MiB RAM, BlockManagerId(driver, 118acb478e13, 32955, None)
[2025-09-09T15:17:36.430+0000] {spark_submit.py:521} INFO - 25/09/09 15:17:36 INFO BlockManagerMaster: Registered BlockManager BlockManagerId(driver, 118acb478e13, 32955, None)
[2025-09-09T15:17:36.431+0000] {spark_submit.py:521} INFO - 25/09/09 15:17:36 INFO BlockManager: Initialized BlockManager: BlockManagerId(driver, 118acb478e13, 32955, None)
[2025-09-09T15:17:38.972+0000] {spark_submit.py:521} INFO - 25/09/09 15:17:38 INFO SharedState: Setting hive.metastore.warehouse.dir ('null') to the value of spark.sql.warehouse.dir.
[2025-09-09T15:17:38.973+0000] {spark_submit.py:521} INFO - 25/09/09 15:17:38 INFO SharedState: Warehouse path is 'file:/opt/***/spark-warehouse'.
[2025-09-09T15:17:40.048+0000] {spark_submit.py:521} INFO - Traceback (most recent call last):
[2025-09-09T15:17:40.048+0000] {spark_submit.py:521} INFO - File "/opt/spark-jobs/elt/transform/silver_topcv_transform.py", line 24, in <module>
[2025-09-09T15:17:40.050+0000] {spark_submit.py:521} INFO - df = spark.read.parquet(f"s3a://{MINIO_BUCKET}/bronze/topcv/topcv_jobs.parquet")
[2025-09-09T15:17:40.051+0000] {spark_submit.py:521} INFO - ^^^^^^^^^^^^^^^^^^^^^^^^^^^^^^^^^^^^^^^^^^^^^^^^^^^^^^^^^^^^^^^^^^^^^^^^^^^
[2025-09-09T15:17:40.051+0000] {spark_submit.py:521} INFO - File "/home/***/.local/lib/python3.11/site-packages/pyspark/python/lib/pyspark.zip/pyspark/sql/readwriter.py", line 642, in parquet
[2025-09-09T15:17:40.052+0000] {spark_submit.py:521} INFO - File "/home/***/.local/lib/python3.11/site-packages/pyspark/python/lib/py4j-0.10.9.9-src.zip/py4j/java_gateway.py", line 1362, in __call__
[2025-09-09T15:17:40.053+0000] {spark_submit.py:521} INFO - File "/home/***/.local/lib/python3.11/site-packages/pyspark/python/lib/pyspark.zip/pyspark/errors/exceptions/captured.py", line 282, in deco
[2025-09-09T15:17:40.054+0000] {spark_submit.py:521} INFO - File "/home/***/.local/lib/python3.11/site-packages/pyspark/python/lib/py4j-0.10.9.9-src.zip/py4j/protocol.py", line 327, in get_return_value
[2025-09-09T15:17:40.107+0000] {spark_submit.py:521} INFO - py4j.protocol.Py4JJavaError: An error occurred while calling o36.parquet.
[2025-09-09T15:17:40.108+0000] {spark_submit.py:521} INFO - : java.lang.NoClassDefFoundError: software/amazon/awssdk/auth/credentials/AwsCredentialsProvider
[2025-09-09T15:17:40.108+0000] {spark_submit.py:521} INFO - at java.base/java.lang.Class.forName0(Native Method)
[2025-09-09T15:17:40.108+0000] {spark_submit.py:521} INFO - at java.base/java.lang.Class.forName(Class.java:467)
[2025-09-09T15:17:40.109+0000] {spark_submit.py:521} INFO - at org.apache.hadoop.conf.Configuration.getClassByNameOrNull(Configuration.java:2674)
[2025-09-09T15:17:40.109+0000] {spark_submit.py:521} INFO - at org.apache.hadoop.conf.Configuration.getClassByName(Configuration.java:2639)
[2025-09-09T15:17:40.109+0000] {spark_submit.py:521} INFO - at org.apache.hadoop.conf.Configuration.getClass(Configuration.java:2735)
[2025-09-09T15:17:40.110+0000] {spark_submit.py:521} INFO - at org.apache.hadoop.fs.FileSystem.getFileSystemClass(FileSystem.java:3569)
[2025-09-09T15:17:40.110+0000] {spark_submit.py:521} INFO - at org.apache.hadoop.fs.FileSystem.createFileSystem(FileSystem.java:3612)
[2025-09-09T15:17:40.110+0000] {spark_submit.py:521} INFO - at org.apache.hadoop.fs.FileSystem.access$300(FileSystem.java:172)
[2025-09-09T15:17:40.110+0000] {spark_submit.py:521} INFO - at org.apache.hadoop.fs.FileSystem$Cache.getInternal(FileSystem.java:3716)
[2025-09-09T15:17:40.111+0000] {spark_submit.py:521} INFO - at org.apache.hadoop.fs.FileSystem$Cache.get(FileSystem.java:3667)
[2025-09-09T15:17:40.111+0000] {spark_submit.py:521} INFO - at org.apache.hadoop.fs.FileSystem.get(FileSystem.java:557)
[2025-09-09T15:17:40.111+0000] {spark_submit.py:521} INFO - at org.apache.hadoop.fs.Path.getFileSystem(Path.java:366)
[2025-09-09T15:17:40.111+0000] {spark_submit.py:521} INFO - at org.apache.spark.sql.execution.streaming.FileStreamSink$.hasMetadata(FileStreamSink.scala:55)
[2025-09-09T15:17:40.111+0000] {spark_submit.py:521} INFO - at org.apache.spark.sql.execution.datasources.DataSource.resolveRelation(DataSource.scala:381)
[2025-09-09T15:17:40.112+0000] {spark_submit.py:521} INFO - at org.apache.spark.sql.catalyst.analysis.ResolveDataSource.org$apache$spark$sql$catalyst$analysis$ResolveDataSource$$loadV1BatchSource(ResolveDataSource.scala:143)
[2025-09-09T15:17:40.112+0000] {spark_submit.py:521} INFO - at org.apache.spark.sql.catalyst.analysis.ResolveDataSource$$anonfun$apply$1.$anonfun$applyOrElse$2(ResolveDataSource.scala:61)
[2025-09-09T15:17:40.112+0000] {spark_submit.py:521} INFO - at scala.Option.getOrElse(Option.scala:201)
[2025-09-09T15:17:40.112+0000] {spark_submit.py:521} INFO - at org.apache.spark.sql.catalyst.analysis.ResolveDataSource$$anonfun$apply$1.applyOrElse(ResolveDataSource.scala:61)
[2025-09-09T15:17:40.113+0000] {spark_submit.py:521} INFO - at org.apache.spark.sql.catalyst.analysis.ResolveDataSource$$anonfun$apply$1.applyOrElse(ResolveDataSource.scala:45)
[2025-09-09T15:17:40.113+0000] {spark_submit.py:521} INFO - at org.apache.spark.sql.catalyst.plans.logical.AnalysisHelper.$anonfun$resolveOperatorsUpWithPruning$3(AnalysisHelper.scala:139)
[2025-09-09T15:17:40.113+0000] {spark_submit.py:521} INFO - at org.apache.spark.sql.catalyst.trees.CurrentOrigin$.withOrigin(origin.scala:86)
[2025-09-09T15:17:40.114+0000] {spark_submit.py:521} INFO - at org.apache.spark.sql.catalyst.plans.logical.AnalysisHelper.$anonfun$resolveOperatorsUpWithPruning$1(AnalysisHelper.scala:139)
[2025-09-09T15:17:40.114+0000] {spark_submit.py:521} INFO - at org.apache.spark.sql.catalyst.plans.logical.AnalysisHelper$.allowInvokingTransformsInAnalyzer(AnalysisHelper.scala:416)
[2025-09-09T15:17:40.115+0000] {spark_submit.py:521} INFO - at org.apache.spark.sql.catalyst.plans.logical.AnalysisHelper.resolveOperatorsUpWithPruning(AnalysisHelper.scala:135)
[2025-09-09T15:17:40.115+0000] {spark_submit.py:521} INFO - at org.apache.spark.sql.catalyst.plans.logical.AnalysisHelper.resolveOperatorsUpWithPruning$(AnalysisHelper.scala:131)
[2025-09-09T15:17:40.115+0000] {spark_submit.py:521} INFO - at org.apache.spark.sql.catalyst.plans.logical.LogicalPlan.resolveOperatorsUpWithPruning(LogicalPlan.scala:37)
[2025-09-09T15:17:40.116+0000] {spark_submit.py:521} INFO - at org.apache.spark.sql.catalyst.plans.logical.AnalysisHelper.resolveOperatorsUp(AnalysisHelper.scala:112)
[2025-09-09T15:17:40.116+0000] {spark_submit.py:521} INFO - at org.apache.spark.sql.catalyst.plans.logical.AnalysisHelper.resolveOperatorsUp$(AnalysisHelper.scala:111)
[2025-09-09T15:17:40.116+0000] {spark_submit.py:521} INFO - at org.apache.spark.sql.catalyst.plans.logical.LogicalPlan.resolveOperatorsUp(LogicalPlan.scala:37)
[2025-09-09T15:17:40.117+0000] {spark_submit.py:521} INFO - at org.apache.spark.sql.catalyst.analysis.ResolveDataSource.apply(ResolveDataSource.scala:45)
[2025-09-09T15:17:40.117+0000] {spark_submit.py:521} INFO - at org.apache.spark.sql.catalyst.analysis.ResolveDataSource.apply(ResolveDataSource.scala:43)
[2025-09-09T15:17:40.118+0000] {spark_submit.py:521} INFO - at org.apache.spark.sql.catalyst.rules.RuleExecutor.$anonfun$execute$2(RuleExecutor.scala:242)
[2025-09-09T15:17:40.118+0000] {spark_submit.py:521} INFO - at scala.collection.LinearSeqOps.foldLeft(LinearSeq.scala:183)
[2025-09-09T15:17:40.118+0000] {spark_submit.py:521} INFO - at scala.collection.LinearSeqOps.foldLeft$(LinearSeq.scala:179)
[2025-09-09T15:17:40.118+0000] {spark_submit.py:521} INFO - at scala.collection.immutable.List.foldLeft(List.scala:79)
[2025-09-09T15:17:40.119+0000] {spark_submit.py:521} INFO - at org.apache.spark.sql.catalyst.rules.RuleExecutor.$anonfun$execute$1(RuleExecutor.scala:239)
[2025-09-09T15:17:40.119+0000] {spark_submit.py:521} INFO - at org.apache.spark.sql.catalyst.rules.RuleExecutor.$anonfun$execute$1$adapted(RuleExecutor.scala:231)
[2025-09-09T15:17:40.119+0000] {spark_submit.py:521} INFO - at scala.collection.immutable.List.foreach(List.scala:334)
[2025-09-09T15:17:40.120+0000] {spark_submit.py:521} INFO - at org.apache.spark.sql.catalyst.rules.RuleExecutor.execute(RuleExecutor.scala:231)
[2025-09-09T15:17:40.120+0000] {spark_submit.py:521} INFO - at org.apache.spark.sql.catalyst.analysis.Analyzer.org$apache$spark$sql$catalyst$analysis$Analyzer$$executeSameContext(Analyzer.scala:340)
[2025-09-09T15:17:40.120+0000] {spark_submit.py:521} INFO - at org.apache.spark.sql.catalyst.analysis.Analyzer.$anonfun$execute$1(Analyzer.scala:336)
[2025-09-09T15:17:40.120+0000] {spark_submit.py:521} INFO - at org.apache.spark.sql.catalyst.analysis.AnalysisContext$.withNewAnalysisContext(Analyzer.scala:234)
[2025-09-09T15:17:40.120+0000] {spark_submit.py:521} INFO - at org.apache.spark.sql.catalyst.analysis.Analyzer.execute(Analyzer.scala:336)
[2025-09-09T15:17:40.121+0000] {spark_submit.py:521} INFO - at org.apache.spark.sql.catalyst.analysis.Analyzer.execute(Analyzer.scala:299)
[2025-09-09T15:17:40.121+0000] {spark_submit.py:521} INFO - at org.apache.spark.sql.catalyst.rules.RuleExecutor.$anonfun$executeAndTrack$1(RuleExecutor.scala:201)
[2025-09-09T15:17:40.121+0000] {spark_submit.py:521} INFO - at org.apache.spark.sql.catalyst.QueryPlanningTracker$.withTracker(QueryPlanningTracker.scala:89)
[2025-09-09T15:17:40.121+0000] {spark_submit.py:521} INFO - at org.apache.spark.sql.catalyst.rules.RuleExecutor.executeAndTrack(RuleExecutor.scala:201)
[2025-09-09T15:17:40.121+0000] {spark_submit.py:521} INFO - at org.apache.spark.sql.catalyst.analysis.resolver.HybridAnalyzer.resolveInFixedPoint(HybridAnalyzer.scala:190)
[2025-09-09T15:17:40.121+0000] {spark_submit.py:521} INFO - at org.apache.spark.sql.catalyst.analysis.resolver.HybridAnalyzer.$anonfun$apply$1(HybridAnalyzer.scala:76)
[2025-09-09T15:17:40.122+0000] {spark_submit.py:521} INFO - at org.apache.spark.sql.catalyst.analysis.resolver.HybridAnalyzer.withTrackedAnalyzerBridgeState(HybridAnalyzer.scala:111)
[2025-09-09T15:17:40.122+0000] {spark_submit.py:521} INFO - at org.apache.spark.sql.catalyst.analysis.resolver.HybridAnalyzer.apply(HybridAnalyzer.scala:71)
[2025-09-09T15:17:40.122+0000] {spark_submit.py:521} INFO - at org.apache.spark.sql.catalyst.analysis.Analyzer.$anonfun$executeAndCheck$1(Analyzer.scala:330)
[2025-09-09T15:17:40.122+0000] {spark_submit.py:521} INFO - at org.apache.spark.sql.catalyst.plans.logical.AnalysisHelper$.markInAnalyzer(AnalysisHelper.scala:423)
[2025-09-09T15:17:40.122+0000] {spark_submit.py:521} INFO - at org.apache.spark.sql.catalyst.analysis.Analyzer.executeAndCheck(Analyzer.scala:330)
[2025-09-09T15:17:40.123+0000] {spark_submit.py:521} INFO - at org.apache.spark.sql.execution.QueryExecution.$anonfun$lazyAnalyzed$2(QueryExecution.scala:110)
[2025-09-09T15:17:40.123+0000] {spark_submit.py:521} INFO - at org.apache.spark.sql.catalyst.QueryPlanningTracker.measurePhase(QueryPlanningTracker.scala:148)
[2025-09-09T15:17:40.123+0000] {spark_submit.py:521} INFO - at org.apache.spark.sql.execution.QueryExecution.$anonfun$executePhase$2(QueryExecution.scala:278)
[2025-09-09T15:17:40.123+0000] {spark_submit.py:521} INFO - at org.apache.spark.sql.execution.QueryExecution$.withInternalError(QueryExecution.scala:654)
[2025-09-09T15:17:40.123+0000] {spark_submit.py:521} INFO - at org.apache.spark.sql.execution.QueryExecution.$anonfun$executePhase$1(QueryExecution.scala:278)
[2025-09-09T15:17:40.124+0000] {spark_submit.py:521} INFO - at org.apache.spark.sql.SparkSession.withActive(SparkSession.scala:804)
[2025-09-09T15:17:40.124+0000] {spark_submit.py:521} INFO - at org.apache.spark.sql.execution.QueryExecution.executePhase(QueryExecution.scala:277)
[2025-09-09T15:17:40.124+0000] {spark_submit.py:521} INFO - at org.apache.spark.sql.execution.QueryExecution.$anonfun$lazyAnalyzed$1(QueryExecution.scala:110)
[2025-09-09T15:17:40.124+0000] {spark_submit.py:521} INFO - at scala.util.Try$.apply(Try.scala:217)
[2025-09-09T15:17:40.124+0000] {spark_submit.py:521} INFO - at org.apache.spark.util.Utils$.doTryWithCallerStacktrace(Utils.scala:1378)
[2025-09-09T15:17:40.125+0000] {spark_submit.py:521} INFO - at org.apache.spark.util.LazyTry.tryT$lzycompute(LazyTry.scala:46)
[2025-09-09T15:17:40.125+0000] {spark_submit.py:521} INFO - at org.apache.spark.util.LazyTry.tryT(LazyTry.scala:46)
[2025-09-09T15:17:40.125+0000] {spark_submit.py:521} INFO - at org.apache.spark.util.LazyTry.get(LazyTry.scala:58)
[2025-09-09T15:17:40.125+0000] {spark_submit.py:521} INFO - at org.apache.spark.sql.execution.QueryExecution.analyzed(QueryExecution.scala:121)
[2025-09-09T15:17:40.125+0000] {spark_submit.py:521} INFO - at org.apache.spark.sql.execution.QueryExecution.assertAnalyzed(QueryExecution.scala:80)
[2025-09-09T15:17:40.126+0000] {spark_submit.py:521} INFO - at org.apache.spark.sql.classic.Dataset$.$anonfun$ofRows$1(Dataset.scala:115)
[2025-09-09T15:17:40.126+0000] {spark_submit.py:521} INFO - at org.apache.spark.sql.SparkSession.withActive(SparkSession.scala:804)
[2025-09-09T15:17:40.126+0000] {spark_submit.py:521} INFO - at org.apache.spark.sql.classic.Dataset$.ofRows(Dataset.scala:113)
[2025-09-09T15:17:40.126+0000] {spark_submit.py:521} INFO - at org.apache.spark.sql.classic.DataFrameReader.load(DataFrameReader.scala:109)
[2025-09-09T15:17:40.126+0000] {spark_submit.py:521} INFO - at org.apache.spark.sql.classic.DataFrameReader.load(DataFrameReader.scala:58)
[2025-09-09T15:17:40.127+0000] {spark_submit.py:521} INFO - at org.apache.spark.sql.DataFrameReader.parquet(DataFrameReader.scala:457)
[2025-09-09T15:17:40.127+0000] {spark_submit.py:521} INFO - at org.apache.spark.sql.classic.DataFrameReader.parquet(DataFrameReader.scala:306)
[2025-09-09T15:17:40.127+0000] {spark_submit.py:521} INFO - at org.apache.spark.sql.classic.DataFrameReader.parquet(DataFrameReader.scala:58)
[2025-09-09T15:17:40.127+0000] {spark_submit.py:521} INFO - at java.base/jdk.internal.reflect.NativeMethodAccessorImpl.invoke0(Native Method)
[2025-09-09T15:17:40.127+0000] {spark_submit.py:521} INFO - at java.base/jdk.internal.reflect.NativeMethodAccessorImpl.invoke(NativeMethodAccessorImpl.java:77)
[2025-09-09T15:17:40.127+0000] {spark_submit.py:521} INFO - at java.base/jdk.internal.reflect.DelegatingMethodAccessorImpl.invoke(DelegatingMethodAccessorImpl.java:43)
[2025-09-09T15:17:40.128+0000] {spark_submit.py:521} INFO - at java.base/java.lang.reflect.Method.invoke(Method.java:569)
[2025-09-09T15:17:40.128+0000] {spark_submit.py:521} INFO - at py4j.reflection.MethodInvoker.invoke(MethodInvoker.java:244)
[2025-09-09T15:17:40.128+0000] {spark_submit.py:521} INFO - at py4j.reflection.ReflectionEngine.invoke(ReflectionEngine.java:374)
[2025-09-09T15:17:40.128+0000] {spark_submit.py:521} INFO - at py4j.Gateway.invoke(Gateway.java:282)
[2025-09-09T15:17:40.129+0000] {spark_submit.py:521} INFO - at py4j.commands.AbstractCommand.invokeMethod(AbstractCommand.java:132)
[2025-09-09T15:17:40.129+0000] {spark_submit.py:521} INFO - at py4j.commands.CallCommand.execute(CallCommand.java:79)
[2025-09-09T15:17:40.129+0000] {spark_submit.py:521} INFO - at py4j.ClientServerConnection.waitForCommands(ClientServerConnection.java:184)
[2025-09-09T15:17:40.129+0000] {spark_submit.py:521} INFO - at py4j.ClientServerConnection.run(ClientServerConnection.java:108)
[2025-09-09T15:17:40.130+0000] {spark_submit.py:521} INFO - at java.base/java.lang.Thread.run(Thread.java:840)
[2025-09-09T15:17:40.130+0000] {spark_submit.py:521} INFO - Caused by: java.lang.ClassNotFoundException: software.amazon.awssdk.auth.credentials.AwsCredentialsProvider
[2025-09-09T15:17:40.130+0000] {spark_submit.py:521} INFO - at java.base/java.net.URLClassLoader.findClass(URLClassLoader.java:445)
[2025-09-09T15:17:40.130+0000] {spark_submit.py:521} INFO - at java.base/java.lang.ClassLoader.loadClass(ClassLoader.java:592)
[2025-09-09T15:17:40.131+0000] {spark_submit.py:521} INFO - at java.base/java.lang.ClassLoader.loadClass(ClassLoader.java:525)
[2025-09-09T15:17:40.131+0000] {spark_submit.py:521} INFO - ... 89 more
[2025-09-09T15:17:40.131+0000] {spark_submit.py:521} INFO - 
[2025-09-09T15:17:40.234+0000] {spark_submit.py:521} INFO - 25/09/09 15:17:40 INFO SparkContext: Invoking stop() from shutdown hook
[2025-09-09T15:17:40.237+0000] {spark_submit.py:521} INFO - 25/09/09 15:17:40 INFO SparkContext: SparkContext is stopping with exitCode 0 from run at Executors.java:539.
[2025-09-09T15:17:40.247+0000] {spark_submit.py:521} INFO - 25/09/09 15:17:40 INFO SparkUI: Stopped Spark web UI at http://118acb478e13:4040
[2025-09-09T15:17:40.258+0000] {spark_submit.py:521} INFO - 25/09/09 15:17:40 INFO MapOutputTrackerMasterEndpoint: MapOutputTrackerMasterEndpoint stopped!
[2025-09-09T15:17:40.275+0000] {spark_submit.py:521} INFO - 25/09/09 15:17:40 INFO MemoryStore: MemoryStore started with capacity 434.4 MiB
[2025-09-09T15:17:40.275+0000] {spark_submit.py:521} INFO - 25/09/09 15:17:40 INFO MemoryStore: MemoryStore cleared
[2025-09-09T15:17:40.276+0000] {spark_submit.py:521} INFO - 25/09/09 15:17:40 INFO BlockManager: BlockManager stopped
[2025-09-09T15:17:40.284+0000] {spark_submit.py:521} INFO - 25/09/09 15:17:40 INFO BlockManagerMaster: BlockManagerMaster stopped
[2025-09-09T15:17:40.286+0000] {spark_submit.py:521} INFO - 25/09/09 15:17:40 INFO OutputCommitCoordinator$OutputCommitCoordinatorEndpoint: OutputCommitCoordinator stopped!
[2025-09-09T15:17:40.322+0000] {spark_submit.py:521} INFO - 25/09/09 15:17:40 INFO SparkContext: Successfully stopped SparkContext
[2025-09-09T15:17:40.323+0000] {spark_submit.py:521} INFO - 25/09/09 15:17:40 INFO ShutdownHookManager: Shutdown hook called
[2025-09-09T15:17:40.325+0000] {spark_submit.py:521} INFO - 25/09/09 15:17:40 INFO ShutdownHookManager: Deleting directory /tmp/spark-7bfdb35d-484a-4035-8f89-9a0fee84a9be
[2025-09-09T15:17:40.335+0000] {spark_submit.py:521} INFO - 25/09/09 15:17:40 INFO ShutdownHookManager: Deleting directory /tmp/spark-7bfdb35d-484a-4035-8f89-9a0fee84a9be/pyspark-fb50366b-5cff-48ef-be88-963d1f1b191a
[2025-09-09T15:17:40.342+0000] {spark_submit.py:521} INFO - 25/09/09 15:17:40 INFO ShutdownHookManager: Deleting directory /tmp/spark-6606d82c-289d-4d54-94a8-fa7246bf8fa0
[2025-09-09T15:17:40.381+0000] {taskinstance.py:441} INFO - ::group::Post task execution logs
[2025-09-09T15:17:40.392+0000] {taskinstance.py:2905} ERROR - Task failed with exception
Traceback (most recent call last):
  File "/home/airflow/.local/lib/python3.11/site-packages/airflow/models/taskinstance.py", line 465, in _execute_task
    result = _execute_callable(context=context, **execute_callable_kwargs)
             ^^^^^^^^^^^^^^^^^^^^^^^^^^^^^^^^^^^^^^^^^^^^^^^^^^^^^^^^^^^^^
  File "/home/airflow/.local/lib/python3.11/site-packages/airflow/models/taskinstance.py", line 432, in _execute_callable
    return execute_callable(context=context, **execute_callable_kwargs)
           ^^^^^^^^^^^^^^^^^^^^^^^^^^^^^^^^^^^^^^^^^^^^^^^^^^^^^^^^^^^^
  File "/home/airflow/.local/lib/python3.11/site-packages/airflow/models/baseoperator.py", line 400, in wrapper
    return func(self, *args, **kwargs)
           ^^^^^^^^^^^^^^^^^^^^^^^^^^^
  File "/home/airflow/.local/lib/python3.11/site-packages/airflow/providers/apache/spark/operators/spark_submit.py", line 156, in execute
    self._hook.submit(self._application)
  File "/home/airflow/.local/lib/python3.11/site-packages/airflow/providers/apache/spark/hooks/spark_submit.py", line 452, in submit
    raise AirflowException(
airflow.exceptions.AirflowException: Cannot execute: spark-submit --master spark://spark-master:7077 --conf spark.master=spark://spark-master:7077 --conf spark.hadoop.fs.s3a.impl=org.apache.hadoop.fs.s3a.S3AFileSystem --conf spark.hadoop.fs.s3a.endpoint=http://minio:9000 --conf spark.hadoop.fs.s3a.access.key=minio --conf spark.hadoop.fs.s3a.secret.key=****** --conf spark.hadoop.fs.s3a.path.style.access=true --conf spark.hadoop.fs.s3a.connection.ssl.enabled=false --jars /opt/custom-jars/aws-java-sdk-bundle-1.12.262.jar,/opt/custom-jars/hadoop-aws-3.4.1.jar --name arrow-spark --verbose /opt/spark-jobs/elt/transform/silver_topcv_transform.py. Error code is: 1.
[2025-09-09T15:17:40.400+0000] {taskinstance.py:1206} INFO - Marking task as FAILED. dag_id=spark_transform_pipeline, task_id=silver_group.silver_topcv_transform, run_id=manual__2025-09-09T15:17:19.724586+00:00, execution_date=20250909T151719, start_date=20250909T151725, end_date=20250909T151740
[2025-09-09T15:17:40.422+0000] {standard_task_runner.py:110} ERROR - Failed to execute job 123 for task silver_group.silver_topcv_transform (Cannot execute: spark-submit --master spark://spark-master:7077 --conf spark.master=spark://spark-master:7077 --conf spark.hadoop.fs.s3a.impl=org.apache.hadoop.fs.s3a.S3AFileSystem --conf spark.hadoop.fs.s3a.endpoint=http://minio:9000 --conf spark.hadoop.fs.s3a.access.key=minio --conf spark.hadoop.fs.s3a.secret.key=****** --conf spark.hadoop.fs.s3a.path.style.access=true --conf spark.hadoop.fs.s3a.connection.ssl.enabled=false --jars /opt/custom-jars/aws-java-sdk-bundle-1.12.262.jar,/opt/custom-jars/hadoop-aws-3.4.1.jar --name arrow-spark --verbose /opt/spark-jobs/elt/transform/silver_topcv_transform.py. Error code is: 1.; 2539)
[2025-09-09T15:17:40.459+0000] {local_task_job_runner.py:240} INFO - Task exited with return code 1
[2025-09-09T15:17:40.513+0000] {taskinstance.py:3498} INFO - 0 downstream tasks scheduled from follow-on schedule check
[2025-09-09T15:17:40.515+0000] {local_task_job_runner.py:222} INFO - ::endgroup::
