[2025-08-06T10:14:27.723+0000] {local_task_job_runner.py:120} INFO - ::group::Pre task execution logs
[2025-08-06T10:14:27.751+0000] {taskinstance.py:2076} INFO - Dependencies all met for dep_context=non-requeueable deps ti=<TaskInstance: spark_gold_transform_dag.submit_spark_job manual__2025-08-06T10:14:24.777067+00:00 [queued]>
[2025-08-06T10:14:27.757+0000] {taskinstance.py:2076} INFO - Dependencies all met for dep_context=requeueable deps ti=<TaskInstance: spark_gold_transform_dag.submit_spark_job manual__2025-08-06T10:14:24.777067+00:00 [queued]>
[2025-08-06T10:14:27.757+0000] {taskinstance.py:2306} INFO - Starting attempt 1 of 1
[2025-08-06T10:14:27.768+0000] {taskinstance.py:2330} INFO - Executing <Task(SparkSubmitOperator): submit_spark_job> on 2025-08-06 10:14:24.777067+00:00
[2025-08-06T10:14:27.773+0000] {standard_task_runner.py:63} INFO - Started process 1167 to run task
[2025-08-06T10:14:27.776+0000] {standard_task_runner.py:90} INFO - Running: ['***', 'tasks', 'run', 'spark_gold_transform_dag', 'submit_spark_job', 'manual__2025-08-06T10:14:24.777067+00:00', '--job-id', '16', '--raw', '--subdir', 'DAGS_FOLDER/etl_jobs_dag.py', '--cfg-path', '/tmp/tmpzfcahr4e']
[2025-08-06T10:14:27.778+0000] {standard_task_runner.py:91} INFO - Job 16: Subtask submit_spark_job
[2025-08-06T10:14:27.831+0000] {task_command.py:426} INFO - Running <TaskInstance: spark_gold_transform_dag.submit_spark_job manual__2025-08-06T10:14:24.777067+00:00 [running]> on host f6daf7b6d686
[2025-08-06T10:14:27.909+0000] {taskinstance.py:2648} INFO - Exporting env vars: AIRFLOW_CTX_DAG_OWNER='***' AIRFLOW_CTX_DAG_ID='spark_gold_transform_dag' AIRFLOW_CTX_TASK_ID='submit_spark_job' AIRFLOW_CTX_EXECUTION_DATE='2025-08-06T10:14:24.777067+00:00' AIRFLOW_CTX_TRY_NUMBER='1' AIRFLOW_CTX_DAG_RUN_ID='manual__2025-08-06T10:14:24.777067+00:00'
[2025-08-06T10:14:27.909+0000] {taskinstance.py:430} INFO - ::endgroup::
[2025-08-06T10:14:27.936+0000] {base.py:84} INFO - Using connection ID 'spark_default' for task execution.
[2025-08-06T10:14:27.938+0000] {spark_submit.py:351} INFO - Spark-Submit cmd: spark-submit --master spark://spark-master:7077 --conf spark.master=spark://spark-master:7077 --conf spark.submit.deployMode=client --conf spark.hadoop.fs.s3a.endpoint=http://minio:9000 --conf spark.hadoop.fs.s3a.access.key=minioadmin --conf spark.hadoop.fs.s3a.secret.key=****** --conf spark.hadoop.fs.s3a.path.style.access=true --conf spark.hadoop.fs.s3a.connection.ssl.enabled=false --jars /opt/custom-jars/hadoop-aws-3.3.6.jar,/opt/custom-jars/aws-java-sdk-bundle-1.12.367.jar --name arrow-spark --verbose /opt/spark-jobs/gold_transform.py
[2025-08-06T10:14:28.436+0000] {spark_submit.py:521} INFO - WARNING: Using incubator modules: jdk.incubator.vector
[2025-08-06T10:14:29.405+0000] {spark_submit.py:521} INFO - Parsed arguments:
[2025-08-06T10:14:29.406+0000] {spark_submit.py:521} INFO - master                  spark://spark-master:7077
[2025-08-06T10:14:29.407+0000] {spark_submit.py:521} INFO - remote                  null
[2025-08-06T10:14:29.407+0000] {spark_submit.py:521} INFO - deployMode              client
[2025-08-06T10:14:29.408+0000] {spark_submit.py:521} INFO - executorMemory          null
[2025-08-06T10:14:29.408+0000] {spark_submit.py:521} INFO - executorCores           null
[2025-08-06T10:14:29.408+0000] {spark_submit.py:521} INFO - totalExecutorCores      null
[2025-08-06T10:14:29.408+0000] {spark_submit.py:521} INFO - propertiesFile          null
[2025-08-06T10:14:29.408+0000] {spark_submit.py:521} INFO - driverMemory            null
[2025-08-06T10:14:29.408+0000] {spark_submit.py:521} INFO - driverCores             null
[2025-08-06T10:14:29.409+0000] {spark_submit.py:521} INFO - driverExtraClassPath    null
[2025-08-06T10:14:29.409+0000] {spark_submit.py:521} INFO - driverExtraLibraryPath  null
[2025-08-06T10:14:29.409+0000] {spark_submit.py:521} INFO - driverExtraJavaOptions  null
[2025-08-06T10:14:29.409+0000] {spark_submit.py:521} INFO - supervise               false
[2025-08-06T10:14:29.409+0000] {spark_submit.py:521} INFO - queue                   null
[2025-08-06T10:14:29.410+0000] {spark_submit.py:521} INFO - numExecutors            null
[2025-08-06T10:14:29.410+0000] {spark_submit.py:521} INFO - files                   null
[2025-08-06T10:14:29.410+0000] {spark_submit.py:521} INFO - pyFiles                 null
[2025-08-06T10:14:29.410+0000] {spark_submit.py:521} INFO - archives                null
[2025-08-06T10:14:29.410+0000] {spark_submit.py:521} INFO - mainClass               null
[2025-08-06T10:14:29.411+0000] {spark_submit.py:521} INFO - primaryResource         file:/opt/spark-jobs/gold_transform.py
[2025-08-06T10:14:29.411+0000] {spark_submit.py:521} INFO - name                    arrow-spark
[2025-08-06T10:14:29.411+0000] {spark_submit.py:521} INFO - childArgs               []
[2025-08-06T10:14:29.411+0000] {spark_submit.py:521} INFO - jars                    file:/opt/custom-jars/hadoop-aws-3.3.6.jar,file:/opt/custom-jars/aws-java-sdk-bundle-1.12.367.jar
[2025-08-06T10:14:29.411+0000] {spark_submit.py:521} INFO - packages                null
[2025-08-06T10:14:29.412+0000] {spark_submit.py:521} INFO - packagesExclusions      null
[2025-08-06T10:14:29.412+0000] {spark_submit.py:521} INFO - repositories            null
[2025-08-06T10:14:29.412+0000] {spark_submit.py:521} INFO - verbose                 true
[2025-08-06T10:14:29.412+0000] {spark_submit.py:521} INFO - 
[2025-08-06T10:14:29.413+0000] {spark_submit.py:521} INFO - Spark properties used, including those specified through
[2025-08-06T10:14:29.413+0000] {spark_submit.py:521} INFO - --conf and those from the properties file null:
[2025-08-06T10:14:29.413+0000] {spark_submit.py:521} INFO - (spark.hadoop.fs.s3a.access.key,*********(redacted))
[2025-08-06T10:14:29.413+0000] {spark_submit.py:521} INFO - (spark.hadoop.fs.s3a.connection.ssl.enabled,false)
[2025-08-06T10:14:29.414+0000] {spark_submit.py:521} INFO - (spark.hadoop.fs.s3a.endpoint,http://minio:9000)
[2025-08-06T10:14:29.414+0000] {spark_submit.py:521} INFO - (spark.hadoop.fs.s3a.path.style.access,true)
[2025-08-06T10:14:29.414+0000] {spark_submit.py:521} INFO - (spark.hadoop.fs.s3a.secret.key,*********(redacted))
[2025-08-06T10:14:29.414+0000] {spark_submit.py:521} INFO - (spark.master,spark://spark-master:7077)
[2025-08-06T10:14:29.415+0000] {spark_submit.py:521} INFO - (spark.submit.deployMode,client)
[2025-08-06T10:14:29.415+0000] {spark_submit.py:521} INFO - 
[2025-08-06T10:14:29.415+0000] {spark_submit.py:521} INFO - 
[2025-08-06T10:14:29.697+0000] {spark_submit.py:521} INFO - 25/08/06 10:14:29 WARN NativeCodeLoader: Unable to load native-hadoop library for your platform... using builtin-java classes where applicable
[2025-08-06T10:14:29.823+0000] {spark_submit.py:521} INFO - Main class:
[2025-08-06T10:14:29.824+0000] {spark_submit.py:521} INFO - org.apache.spark.deploy.PythonRunner
[2025-08-06T10:14:29.824+0000] {spark_submit.py:521} INFO - Arguments:
[2025-08-06T10:14:29.825+0000] {spark_submit.py:521} INFO - file:/opt/spark-jobs/gold_transform.py
[2025-08-06T10:14:29.825+0000] {spark_submit.py:521} INFO - null
[2025-08-06T10:14:29.825+0000] {spark_submit.py:521} INFO - Spark config:
[2025-08-06T10:14:29.825+0000] {spark_submit.py:521} INFO - (spark.app.name,arrow-spark)
[2025-08-06T10:14:29.826+0000] {spark_submit.py:521} INFO - (spark.app.submitTime,1754475269807)
[2025-08-06T10:14:29.827+0000] {spark_submit.py:521} INFO - (spark.hadoop.fs.s3a.access.key,*********(redacted))
[2025-08-06T10:14:29.828+0000] {spark_submit.py:521} INFO - (spark.hadoop.fs.s3a.connection.ssl.enabled,false)
[2025-08-06T10:14:29.828+0000] {spark_submit.py:521} INFO - (spark.hadoop.fs.s3a.endpoint,http://minio:9000)
[2025-08-06T10:14:29.828+0000] {spark_submit.py:521} INFO - (spark.hadoop.fs.s3a.path.style.access,true)
[2025-08-06T10:14:29.828+0000] {spark_submit.py:521} INFO - (spark.hadoop.fs.s3a.secret.key,*********(redacted))
[2025-08-06T10:14:29.829+0000] {spark_submit.py:521} INFO - (spark.jars,file:///opt/custom-jars/hadoop-aws-3.3.6.jar,file:///opt/custom-jars/aws-java-sdk-bundle-1.12.367.jar)
[2025-08-06T10:14:29.829+0000] {spark_submit.py:521} INFO - (spark.master,spark://spark-master:7077)
[2025-08-06T10:14:29.829+0000] {spark_submit.py:521} INFO - (spark.repl.local.jars,file:///opt/custom-jars/hadoop-aws-3.3.6.jar,file:///opt/custom-jars/aws-java-sdk-bundle-1.12.367.jar)
[2025-08-06T10:14:29.830+0000] {spark_submit.py:521} INFO - (spark.submit.deployMode,client)
[2025-08-06T10:14:29.830+0000] {spark_submit.py:521} INFO - (spark.submit.pyFiles,)
[2025-08-06T10:14:29.830+0000] {spark_submit.py:521} INFO - Classpath elements:
[2025-08-06T10:14:29.830+0000] {spark_submit.py:521} INFO - file:///opt/custom-jars/hadoop-aws-3.3.6.jar
[2025-08-06T10:14:29.831+0000] {spark_submit.py:521} INFO - file:///opt/custom-jars/aws-java-sdk-bundle-1.12.367.jar
[2025-08-06T10:14:29.831+0000] {spark_submit.py:521} INFO - 
[2025-08-06T10:14:29.831+0000] {spark_submit.py:521} INFO - 
[2025-08-06T10:14:30.772+0000] {spark_submit.py:521} INFO - >>> Start creating SparkSession
[2025-08-06T10:14:32.271+0000] {spark_submit.py:521} INFO - Using Spark's default log4j profile: org/apache/spark/log4j2-defaults.properties
[2025-08-06T10:14:32.274+0000] {spark_submit.py:521} INFO - 25/08/06 10:14:32 INFO SparkContext: Running Spark version 4.0.0
[2025-08-06T10:14:32.275+0000] {spark_submit.py:521} INFO - 25/08/06 10:14:32 INFO SparkContext: OS info Linux, 5.15.167.4-microsoft-standard-WSL2, amd64
[2025-08-06T10:14:32.276+0000] {spark_submit.py:521} INFO - 25/08/06 10:14:32 INFO SparkContext: Java version 17.0.15
[2025-08-06T10:14:32.294+0000] {spark_submit.py:521} INFO - 25/08/06 10:14:32 INFO ResourceUtils: ==============================================================
[2025-08-06T10:14:32.298+0000] {spark_submit.py:521} INFO - 25/08/06 10:14:32 INFO ResourceUtils: No custom resources configured for spark.driver.
[2025-08-06T10:14:32.299+0000] {spark_submit.py:521} INFO - 25/08/06 10:14:32 INFO ResourceUtils: ==============================================================
[2025-08-06T10:14:32.300+0000] {spark_submit.py:521} INFO - 25/08/06 10:14:32 INFO SparkContext: Submitted application: GoldTransform
[2025-08-06T10:14:32.318+0000] {spark_submit.py:521} INFO - 25/08/06 10:14:32 INFO ResourceProfile: Default ResourceProfile created, executor resources: Map(memory -> name: memory, amount: 1024, script: , vendor: , offHeap -> name: offHeap, amount: 0, script: , vendor: ), task resources: Map(cpus -> name: cpus, amount: 1.0)
[2025-08-06T10:14:32.319+0000] {spark_submit.py:521} INFO - 25/08/06 10:14:32 INFO ResourceProfile: Limiting resource is cpu
[2025-08-06T10:14:32.320+0000] {spark_submit.py:521} INFO - 25/08/06 10:14:32 INFO ResourceProfileManager: Added ResourceProfile id: 0
[2025-08-06T10:14:32.357+0000] {spark_submit.py:521} INFO - 25/08/06 10:14:32 INFO SecurityManager: Changing view acls to: ***
[2025-08-06T10:14:32.358+0000] {spark_submit.py:521} INFO - 25/08/06 10:14:32 INFO SecurityManager: Changing modify acls to: ***
[2025-08-06T10:14:32.359+0000] {spark_submit.py:521} INFO - 25/08/06 10:14:32 INFO SecurityManager: Changing view acls groups to: ***
[2025-08-06T10:14:32.359+0000] {spark_submit.py:521} INFO - 25/08/06 10:14:32 INFO SecurityManager: Changing modify acls groups to: ***
[2025-08-06T10:14:32.361+0000] {spark_submit.py:521} INFO - 25/08/06 10:14:32 INFO SecurityManager: SecurityManager: authentication disabled; ui acls disabled; users with view permissions: *** groups with view permissions: EMPTY; users with modify permissions: ***; groups with modify permissions: EMPTY; RPC SSL disabled
[2025-08-06T10:14:32.537+0000] {spark_submit.py:521} INFO - 25/08/06 10:14:32 INFO Utils: Successfully started service 'sparkDriver' on port 34783.
[2025-08-06T10:14:32.559+0000] {spark_submit.py:521} INFO - 25/08/06 10:14:32 INFO SparkEnv: Registering MapOutputTracker
[2025-08-06T10:14:32.569+0000] {spark_submit.py:521} INFO - 25/08/06 10:14:32 INFO SparkEnv: Registering BlockManagerMaster
[2025-08-06T10:14:32.581+0000] {spark_submit.py:521} INFO - 25/08/06 10:14:32 INFO BlockManagerMasterEndpoint: Using org.apache.spark.storage.DefaultTopologyMapper for getting topology information
[2025-08-06T10:14:32.581+0000] {spark_submit.py:521} INFO - 25/08/06 10:14:32 INFO BlockManagerMasterEndpoint: BlockManagerMasterEndpoint up
[2025-08-06T10:14:32.584+0000] {spark_submit.py:521} INFO - 25/08/06 10:14:32 INFO SparkEnv: Registering BlockManagerMasterHeartbeat
[2025-08-06T10:14:32.604+0000] {spark_submit.py:521} INFO - 25/08/06 10:14:32 INFO DiskBlockManager: Created local directory at /tmp/blockmgr-afab150d-bb87-4921-8a99-a216f5e6f52d
[2025-08-06T10:14:32.621+0000] {spark_submit.py:521} INFO - 25/08/06 10:14:32 INFO SparkEnv: Registering OutputCommitCoordinator
[2025-08-06T10:14:32.723+0000] {spark_submit.py:521} INFO - 25/08/06 10:14:32 INFO JettyUtils: Start Jetty 0.0.0.0:4040 for SparkUI
[2025-08-06T10:14:32.781+0000] {spark_submit.py:521} INFO - 25/08/06 10:14:32 INFO Utils: Successfully started service 'SparkUI' on port 4040.
[2025-08-06T10:14:32.814+0000] {spark_submit.py:521} INFO - 25/08/06 10:14:32 INFO SparkContext: Added JAR file:///opt/custom-jars/hadoop-aws-3.3.6.jar at spark://f6daf7b6d686:34783/jars/hadoop-aws-3.3.6.jar with timestamp 1754475272261
[2025-08-06T10:14:32.816+0000] {spark_submit.py:521} INFO - 25/08/06 10:14:32 INFO SparkContext: Added JAR file:///opt/custom-jars/aws-java-sdk-bundle-1.12.367.jar at spark://f6daf7b6d686:34783/jars/aws-java-sdk-bundle-1.12.367.jar with timestamp 1754475272261
[2025-08-06T10:14:32.838+0000] {spark_submit.py:521} INFO - 25/08/06 10:14:32 INFO SecurityManager: Changing view acls to: ***
[2025-08-06T10:14:32.839+0000] {spark_submit.py:521} INFO - 25/08/06 10:14:32 INFO SecurityManager: Changing modify acls to: ***
[2025-08-06T10:14:32.839+0000] {spark_submit.py:521} INFO - 25/08/06 10:14:32 INFO SecurityManager: Changing view acls groups to: ***
[2025-08-06T10:14:32.840+0000] {spark_submit.py:521} INFO - 25/08/06 10:14:32 INFO SecurityManager: Changing modify acls groups to: ***
[2025-08-06T10:14:32.840+0000] {spark_submit.py:521} INFO - 25/08/06 10:14:32 INFO SecurityManager: SecurityManager: authentication disabled; ui acls disabled; users with view permissions: *** groups with view permissions: EMPTY; users with modify permissions: ***; groups with modify permissions: EMPTY; RPC SSL disabled
[2025-08-06T10:14:32.962+0000] {spark_submit.py:521} INFO - 25/08/06 10:14:32 INFO StandaloneAppClient$ClientEndpoint: Connecting to master spark://spark-master:7077...
[2025-08-06T10:14:32.998+0000] {spark_submit.py:521} INFO - 25/08/06 10:14:32 INFO TransportClientFactory: Successfully created connection to spark-master/172.18.0.2:7077 after 17 ms (0 ms spent in bootstraps)
[2025-08-06T10:14:33.030+0000] {spark_submit.py:521} INFO - 25/08/06 10:14:33 WARN StandaloneAppClient$ClientEndpoint: Failed to connect to master spark-master:7077
[2025-08-06T10:14:33.031+0000] {spark_submit.py:521} INFO - org.apache.spark.SparkException: Exception thrown in awaitResult:
[2025-08-06T10:14:33.032+0000] {spark_submit.py:521} INFO - at org.apache.spark.util.SparkThreadUtils$.awaitResult(SparkThreadUtils.scala:53)
[2025-08-06T10:14:33.032+0000] {spark_submit.py:521} INFO - at org.apache.spark.util.ThreadUtils$.awaitResult(ThreadUtils.scala:342)
[2025-08-06T10:14:33.033+0000] {spark_submit.py:521} INFO - at org.apache.spark.rpc.RpcTimeout.awaitResult(RpcTimeout.scala:75)
[2025-08-06T10:14:33.033+0000] {spark_submit.py:521} INFO - at org.apache.spark.rpc.RpcEnv.setupEndpointRefByURI(RpcEnv.scala:102)
[2025-08-06T10:14:33.033+0000] {spark_submit.py:521} INFO - at org.apache.spark.rpc.RpcEnv.setupEndpointRef(RpcEnv.scala:110)
[2025-08-06T10:14:33.033+0000] {spark_submit.py:521} INFO - at org.apache.spark.deploy.client.StandaloneAppClient$ClientEndpoint$$anon$1.run(StandaloneAppClient.scala:110)
[2025-08-06T10:14:33.034+0000] {spark_submit.py:521} INFO - at java.base/java.util.concurrent.Executors$RunnableAdapter.call(Executors.java:539)
[2025-08-06T10:14:33.034+0000] {spark_submit.py:521} INFO - at java.base/java.util.concurrent.FutureTask.run(FutureTask.java:264)
[2025-08-06T10:14:33.034+0000] {spark_submit.py:521} INFO - at java.base/java.util.concurrent.ThreadPoolExecutor.runWorker(ThreadPoolExecutor.java:1136)
[2025-08-06T10:14:33.035+0000] {spark_submit.py:521} INFO - at java.base/java.util.concurrent.ThreadPoolExecutor$Worker.run(ThreadPoolExecutor.java:635)
[2025-08-06T10:14:33.035+0000] {spark_submit.py:521} INFO - at java.base/java.lang.Thread.run(Thread.java:840)
[2025-08-06T10:14:33.035+0000] {spark_submit.py:521} INFO - Caused by: java.lang.RuntimeException: java.io.InvalidClassException: org.apache.spark.rpc.netty.RpcEndpointVerifier$CheckExistence; local class incompatible: stream classdesc serialVersionUID = 5378738997755484868, local class serialVersionUID = 7789290765573734431
[2025-08-06T10:14:33.036+0000] {spark_submit.py:521} INFO - at java.base/java.io.ObjectStreamClass.initNonProxy(ObjectStreamClass.java:597)
[2025-08-06T10:14:33.036+0000] {spark_submit.py:521} INFO - at java.base/java.io.ObjectInputStream.readNonProxyDesc(ObjectInputStream.java:2051)
[2025-08-06T10:14:33.036+0000] {spark_submit.py:521} INFO - at java.base/java.io.ObjectInputStream.readClassDesc(ObjectInputStream.java:1898)
[2025-08-06T10:14:33.036+0000] {spark_submit.py:521} INFO - at java.base/java.io.ObjectInputStream.readOrdinaryObject(ObjectInputStream.java:2224)
[2025-08-06T10:14:33.037+0000] {spark_submit.py:521} INFO - at java.base/java.io.ObjectInputStream.readObject0(ObjectInputStream.java:1733)
[2025-08-06T10:14:33.037+0000] {spark_submit.py:521} INFO - at java.base/java.io.ObjectInputStream.readObject(ObjectInputStream.java:509)
[2025-08-06T10:14:33.037+0000] {spark_submit.py:521} INFO - at java.base/java.io.ObjectInputStream.readObject(ObjectInputStream.java:467)
[2025-08-06T10:14:33.037+0000] {spark_submit.py:521} INFO - at org.apache.spark.serializer.JavaDeserializationStream.readObject(JavaSerializer.scala:87)
[2025-08-06T10:14:33.038+0000] {spark_submit.py:521} INFO - at org.apache.spark.serializer.JavaSerializerInstance.deserialize(JavaSerializer.scala:123)
[2025-08-06T10:14:33.038+0000] {spark_submit.py:521} INFO - at org.apache.spark.rpc.netty.NettyRpcEnv.$anonfun$deserialize$2(NettyRpcEnv.scala:299)
[2025-08-06T10:14:33.038+0000] {spark_submit.py:521} INFO - at scala.util.DynamicVariable.withValue(DynamicVariable.scala:62)
[2025-08-06T10:14:33.039+0000] {spark_submit.py:521} INFO - at org.apache.spark.rpc.netty.NettyRpcEnv.deserialize(NettyRpcEnv.scala:352)
[2025-08-06T10:14:33.039+0000] {spark_submit.py:521} INFO - at org.apache.spark.rpc.netty.NettyRpcEnv.$anonfun$deserialize$1(NettyRpcEnv.scala:298)
[2025-08-06T10:14:33.039+0000] {spark_submit.py:521} INFO - at scala.util.DynamicVariable.withValue(DynamicVariable.scala:62)
[2025-08-06T10:14:33.039+0000] {spark_submit.py:521} INFO - at org.apache.spark.rpc.netty.NettyRpcEnv.deserialize(NettyRpcEnv.scala:298)
[2025-08-06T10:14:33.040+0000] {spark_submit.py:521} INFO - at org.apache.spark.rpc.netty.RequestMessage$.apply(NettyRpcEnv.scala:646)
[2025-08-06T10:14:33.040+0000] {spark_submit.py:521} INFO - at org.apache.spark.rpc.netty.NettyRpcHandler.internalReceive(NettyRpcEnv.scala:697)
[2025-08-06T10:14:33.040+0000] {spark_submit.py:521} INFO - at org.apache.spark.rpc.netty.NettyRpcHandler.receive(NettyRpcEnv.scala:682)
[2025-08-06T10:14:33.041+0000] {spark_submit.py:521} INFO - at org.apache.spark.network.server.TransportRequestHandler.processRpcRequest(TransportRequestHandler.java:163)
[2025-08-06T10:14:33.041+0000] {spark_submit.py:521} INFO - at org.apache.spark.network.server.TransportRequestHandler.handle(TransportRequestHandler.java:109)
[2025-08-06T10:14:33.041+0000] {spark_submit.py:521} INFO - at org.apache.spark.network.server.TransportChannelHandler.channelRead0(TransportChannelHandler.java:140)
[2025-08-06T10:14:33.041+0000] {spark_submit.py:521} INFO - at org.apache.spark.network.server.TransportChannelHandler.channelRead0(TransportChannelHandler.java:53)
[2025-08-06T10:14:33.042+0000] {spark_submit.py:521} INFO - at io.netty.channel.SimpleChannelInboundHandler.channelRead(SimpleChannelInboundHandler.java:99)
[2025-08-06T10:14:33.042+0000] {spark_submit.py:521} INFO - at io.netty.channel.AbstractChannelHandlerContext.invokeChannelRead(AbstractChannelHandlerContext.java:444)
[2025-08-06T10:14:33.042+0000] {spark_submit.py:521} INFO - at io.netty.channel.AbstractChannelHandlerContext.invokeChannelRead(AbstractChannelHandlerContext.java:420)
[2025-08-06T10:14:33.043+0000] {spark_submit.py:521} INFO - at io.netty.channel.AbstractChannelHandlerContext.fireChannelRead(AbstractChannelHandlerContext.java:412)
[2025-08-06T10:14:33.043+0000] {spark_submit.py:521} INFO - at io.netty.handler.timeout.IdleStateHandler.channelRead(IdleStateHandler.java:286)
[2025-08-06T10:14:33.043+0000] {spark_submit.py:521} INFO - at io.netty.channel.AbstractChannelHandlerContext.invokeChannelRead(AbstractChannelHandlerContext.java:442)
[2025-08-06T10:14:33.044+0000] {spark_submit.py:521} INFO - at io.netty.channel.AbstractChannelHandlerContext.invokeChannelRead(AbstractChannelHandlerContext.java:420)
[2025-08-06T10:14:33.044+0000] {spark_submit.py:521} INFO - at io.netty.channel.AbstractChannelHandlerContext.fireChannelRead(AbstractChannelHandlerContext.java:412)
[2025-08-06T10:14:33.044+0000] {spark_submit.py:521} INFO - at io.netty.handler.codec.MessageToMessageDecoder.channelRead(MessageToMessageDecoder.java:103)
[2025-08-06T10:14:33.044+0000] {spark_submit.py:521} INFO - at io.netty.channel.AbstractChannelHandlerContext.invokeChannelRead(AbstractChannelHandlerContext.java:444)
[2025-08-06T10:14:33.045+0000] {spark_submit.py:521} INFO - at io.netty.channel.AbstractChannelHandlerContext.invokeChannelRead(AbstractChannelHandlerContext.java:420)
[2025-08-06T10:14:33.045+0000] {spark_submit.py:521} INFO - at io.netty.channel.AbstractChannelHandlerContext.fireChannelRead(AbstractChannelHandlerContext.java:412)
[2025-08-06T10:14:33.045+0000] {spark_submit.py:521} INFO - at org.apache.spark.network.util.TransportFrameDecoder.channelRead(TransportFrameDecoder.java:102)
[2025-08-06T10:14:33.046+0000] {spark_submit.py:521} INFO - at io.netty.channel.AbstractChannelHandlerContext.invokeChannelRead(AbstractChannelHandlerContext.java:444)
[2025-08-06T10:14:33.046+0000] {spark_submit.py:521} INFO - at io.netty.channel.AbstractChannelHandlerContext.invokeChannelRead(AbstractChannelHandlerContext.java:420)
[2025-08-06T10:14:33.046+0000] {spark_submit.py:521} INFO - at io.netty.channel.AbstractChannelHandlerContext.fireChannelRead(AbstractChannelHandlerContext.java:412)
[2025-08-06T10:14:33.047+0000] {spark_submit.py:521} INFO - at io.netty.channel.DefaultChannelPipeline$HeadContext.channelRead(DefaultChannelPipeline.java:1410)
[2025-08-06T10:14:33.047+0000] {spark_submit.py:521} INFO - at io.netty.channel.AbstractChannelHandlerContext.invokeChannelRead(AbstractChannelHandlerContext.java:440)
[2025-08-06T10:14:33.047+0000] {spark_submit.py:521} INFO - at io.netty.channel.AbstractChannelHandlerContext.invokeChannelRead(AbstractChannelHandlerContext.java:420)
[2025-08-06T10:14:33.048+0000] {spark_submit.py:521} INFO - at io.netty.channel.DefaultChannelPipeline.fireChannelRead(DefaultChannelPipeline.java:919)
[2025-08-06T10:14:33.048+0000] {spark_submit.py:521} INFO - at io.netty.channel.nio.AbstractNioByteChannel$NioByteUnsafe.read(AbstractNioByteChannel.java:166)
[2025-08-06T10:14:33.048+0000] {spark_submit.py:521} INFO - at io.netty.channel.nio.NioEventLoop.processSelectedKey(NioEventLoop.java:788)
[2025-08-06T10:14:33.049+0000] {spark_submit.py:521} INFO - at io.netty.channel.nio.NioEventLoop.processSelectedKeysOptimized(NioEventLoop.java:724)
[2025-08-06T10:14:33.049+0000] {spark_submit.py:521} INFO - at io.netty.channel.nio.NioEventLoop.processSelectedKeys(NioEventLoop.java:650)
[2025-08-06T10:14:33.050+0000] {spark_submit.py:521} INFO - at io.netty.channel.nio.NioEventLoop.run(NioEventLoop.java:562)
[2025-08-06T10:14:33.050+0000] {spark_submit.py:521} INFO - at io.netty.util.concurrent.SingleThreadEventExecutor$4.run(SingleThreadEventExecutor.java:997)
[2025-08-06T10:14:33.050+0000] {spark_submit.py:521} INFO - at io.netty.util.internal.ThreadExecutorMap$2.run(ThreadExecutorMap.java:74)
[2025-08-06T10:14:33.051+0000] {spark_submit.py:521} INFO - at io.netty.util.concurrent.FastThreadLocalRunnable.run(FastThreadLocalRunnable.java:30)
[2025-08-06T10:14:33.051+0000] {spark_submit.py:521} INFO - at java.base/java.lang.Thread.run(Thread.java:840)
[2025-08-06T10:14:33.051+0000] {spark_submit.py:521} INFO - 
[2025-08-06T10:14:33.051+0000] {spark_submit.py:521} INFO - at org.apache.spark.network.client.TransportResponseHandler.handle(TransportResponseHandler.java:217)
[2025-08-06T10:14:33.052+0000] {spark_submit.py:521} INFO - at org.apache.spark.network.server.TransportChannelHandler.channelRead0(TransportChannelHandler.java:145)
[2025-08-06T10:14:33.052+0000] {spark_submit.py:521} INFO - at org.apache.spark.network.server.TransportChannelHandler.channelRead0(TransportChannelHandler.java:55)
[2025-08-06T10:14:33.052+0000] {spark_submit.py:521} INFO - at io.netty.channel.SimpleChannelInboundHandler.channelRead(SimpleChannelInboundHandler.java:99)
[2025-08-06T10:14:33.053+0000] {spark_submit.py:521} INFO - at io.netty.channel.AbstractChannelHandlerContext.invokeChannelRead(AbstractChannelHandlerContext.java:444)
[2025-08-06T10:14:33.053+0000] {spark_submit.py:521} INFO - at io.netty.channel.AbstractChannelHandlerContext.invokeChannelRead(AbstractChannelHandlerContext.java:420)
[2025-08-06T10:14:33.053+0000] {spark_submit.py:521} INFO - at io.netty.channel.AbstractChannelHandlerContext.fireChannelRead(AbstractChannelHandlerContext.java:412)
[2025-08-06T10:14:33.053+0000] {spark_submit.py:521} INFO - at io.netty.handler.timeout.IdleStateHandler.channelRead(IdleStateHandler.java:289)
[2025-08-06T10:14:33.054+0000] {spark_submit.py:521} INFO - at io.netty.channel.AbstractChannelHandlerContext.invokeChannelRead(AbstractChannelHandlerContext.java:442)
[2025-08-06T10:14:33.054+0000] {spark_submit.py:521} INFO - at io.netty.channel.AbstractChannelHandlerContext.invokeChannelRead(AbstractChannelHandlerContext.java:420)
[2025-08-06T10:14:33.054+0000] {spark_submit.py:521} INFO - at io.netty.channel.AbstractChannelHandlerContext.fireChannelRead(AbstractChannelHandlerContext.java:412)
[2025-08-06T10:14:33.055+0000] {spark_submit.py:521} INFO - at io.netty.handler.codec.MessageToMessageDecoder.channelRead(MessageToMessageDecoder.java:107)
[2025-08-06T10:14:33.055+0000] {spark_submit.py:521} INFO - at io.netty.channel.AbstractChannelHandlerContext.invokeChannelRead(AbstractChannelHandlerContext.java:444)
[2025-08-06T10:14:33.055+0000] {spark_submit.py:521} INFO - at io.netty.channel.AbstractChannelHandlerContext.invokeChannelRead(AbstractChannelHandlerContext.java:420)
[2025-08-06T10:14:33.056+0000] {spark_submit.py:521} INFO - at io.netty.channel.AbstractChannelHandlerContext.fireChannelRead(AbstractChannelHandlerContext.java:412)
[2025-08-06T10:14:33.056+0000] {spark_submit.py:521} INFO - at org.apache.spark.network.util.TransportFrameDecoder.channelRead(TransportFrameDecoder.java:102)
[2025-08-06T10:14:33.056+0000] {spark_submit.py:521} INFO - at io.netty.channel.AbstractChannelHandlerContext.invokeChannelRead(AbstractChannelHandlerContext.java:444)
[2025-08-06T10:14:33.056+0000] {spark_submit.py:521} INFO - at io.netty.channel.AbstractChannelHandlerContext.invokeChannelRead(AbstractChannelHandlerContext.java:420)
[2025-08-06T10:14:33.057+0000] {spark_submit.py:521} INFO - at io.netty.channel.AbstractChannelHandlerContext.fireChannelRead(AbstractChannelHandlerContext.java:412)
[2025-08-06T10:14:33.057+0000] {spark_submit.py:521} INFO - at io.netty.channel.DefaultChannelPipeline$HeadContext.channelRead(DefaultChannelPipeline.java:1357)
[2025-08-06T10:14:33.057+0000] {spark_submit.py:521} INFO - at io.netty.channel.AbstractChannelHandlerContext.invokeChannelRead(AbstractChannelHandlerContext.java:440)
[2025-08-06T10:14:33.058+0000] {spark_submit.py:521} INFO - at io.netty.channel.AbstractChannelHandlerContext.invokeChannelRead(AbstractChannelHandlerContext.java:420)
[2025-08-06T10:14:33.058+0000] {spark_submit.py:521} INFO - at io.netty.channel.DefaultChannelPipeline.fireChannelRead(DefaultChannelPipeline.java:868)
[2025-08-06T10:14:33.058+0000] {spark_submit.py:521} INFO - at io.netty.channel.nio.AbstractNioByteChannel$NioByteUnsafe.read(AbstractNioByteChannel.java:166)
[2025-08-06T10:14:33.058+0000] {spark_submit.py:521} INFO - at io.netty.channel.nio.NioEventLoop.processSelectedKey(NioEventLoop.java:796)
[2025-08-06T10:14:33.059+0000] {spark_submit.py:521} INFO - at io.netty.channel.nio.NioEventLoop.processSelectedKeysOptimized(NioEventLoop.java:732)
[2025-08-06T10:14:33.059+0000] {spark_submit.py:521} INFO - at io.netty.channel.nio.NioEventLoop.processSelectedKeys(NioEventLoop.java:658)
[2025-08-06T10:14:33.059+0000] {spark_submit.py:521} INFO - at io.netty.channel.nio.NioEventLoop.run(NioEventLoop.java:562)
[2025-08-06T10:14:33.060+0000] {spark_submit.py:521} INFO - at io.netty.util.concurrent.SingleThreadEventExecutor$4.run(SingleThreadEventExecutor.java:998)
[2025-08-06T10:14:33.060+0000] {spark_submit.py:521} INFO - at io.netty.util.internal.ThreadExecutorMap$2.run(ThreadExecutorMap.java:74)
[2025-08-06T10:14:33.060+0000] {spark_submit.py:521} INFO - at io.netty.util.concurrent.FastThreadLocalRunnable.run(FastThreadLocalRunnable.java:30)
[2025-08-06T10:14:33.061+0000] {spark_submit.py:521} INFO - ... 1 more
[2025-08-06T10:14:52.961+0000] {spark_submit.py:521} INFO - 25/08/06 10:14:52 INFO StandaloneAppClient$ClientEndpoint: Connecting to master spark://spark-master:7077...
[2025-08-06T10:14:52.976+0000] {spark_submit.py:521} INFO - 25/08/06 10:14:52 WARN StandaloneAppClient$ClientEndpoint: Failed to connect to master spark-master:7077
[2025-08-06T10:14:52.976+0000] {spark_submit.py:521} INFO - org.apache.spark.SparkException: Exception thrown in awaitResult:
[2025-08-06T10:14:52.977+0000] {spark_submit.py:521} INFO - at org.apache.spark.util.SparkThreadUtils$.awaitResult(SparkThreadUtils.scala:53)
[2025-08-06T10:14:52.977+0000] {spark_submit.py:521} INFO - at org.apache.spark.util.ThreadUtils$.awaitResult(ThreadUtils.scala:342)
[2025-08-06T10:14:52.977+0000] {spark_submit.py:521} INFO - at org.apache.spark.rpc.RpcTimeout.awaitResult(RpcTimeout.scala:75)
[2025-08-06T10:14:52.978+0000] {spark_submit.py:521} INFO - at org.apache.spark.rpc.RpcEnv.setupEndpointRefByURI(RpcEnv.scala:102)
[2025-08-06T10:14:52.978+0000] {spark_submit.py:521} INFO - at org.apache.spark.rpc.RpcEnv.setupEndpointRef(RpcEnv.scala:110)
[2025-08-06T10:14:52.978+0000] {spark_submit.py:521} INFO - at org.apache.spark.deploy.client.StandaloneAppClient$ClientEndpoint$$anon$1.run(StandaloneAppClient.scala:110)
[2025-08-06T10:14:52.979+0000] {spark_submit.py:521} INFO - at java.base/java.util.concurrent.Executors$RunnableAdapter.call(Executors.java:539)
[2025-08-06T10:14:52.979+0000] {spark_submit.py:521} INFO - at java.base/java.util.concurrent.FutureTask.run(FutureTask.java:264)
[2025-08-06T10:14:52.979+0000] {spark_submit.py:521} INFO - at java.base/java.util.concurrent.ThreadPoolExecutor.runWorker(ThreadPoolExecutor.java:1136)
[2025-08-06T10:14:52.980+0000] {spark_submit.py:521} INFO - at java.base/java.util.concurrent.ThreadPoolExecutor$Worker.run(ThreadPoolExecutor.java:635)
[2025-08-06T10:14:52.980+0000] {spark_submit.py:521} INFO - at java.base/java.lang.Thread.run(Thread.java:840)
[2025-08-06T10:14:52.981+0000] {spark_submit.py:521} INFO - Caused by: java.lang.RuntimeException: java.io.InvalidClassException: org.apache.spark.rpc.netty.RpcEndpointVerifier$CheckExistence; local class incompatible: stream classdesc serialVersionUID = 5378738997755484868, local class serialVersionUID = 7789290765573734431
[2025-08-06T10:14:52.981+0000] {spark_submit.py:521} INFO - at java.base/java.io.ObjectStreamClass.initNonProxy(ObjectStreamClass.java:597)
[2025-08-06T10:14:52.982+0000] {spark_submit.py:521} INFO - at java.base/java.io.ObjectInputStream.readNonProxyDesc(ObjectInputStream.java:2051)
[2025-08-06T10:14:52.982+0000] {spark_submit.py:521} INFO - at java.base/java.io.ObjectInputStream.readClassDesc(ObjectInputStream.java:1898)
[2025-08-06T10:14:52.982+0000] {spark_submit.py:521} INFO - at java.base/java.io.ObjectInputStream.readOrdinaryObject(ObjectInputStream.java:2224)
[2025-08-06T10:14:52.982+0000] {spark_submit.py:521} INFO - at java.base/java.io.ObjectInputStream.readObject0(ObjectInputStream.java:1733)
[2025-08-06T10:14:52.983+0000] {spark_submit.py:521} INFO - at java.base/java.io.ObjectInputStream.readObject(ObjectInputStream.java:509)
[2025-08-06T10:14:52.983+0000] {spark_submit.py:521} INFO - at java.base/java.io.ObjectInputStream.readObject(ObjectInputStream.java:467)
[2025-08-06T10:14:52.983+0000] {spark_submit.py:521} INFO - at org.apache.spark.serializer.JavaDeserializationStream.readObject(JavaSerializer.scala:87)
[2025-08-06T10:14:52.984+0000] {spark_submit.py:521} INFO - at org.apache.spark.serializer.JavaSerializerInstance.deserialize(JavaSerializer.scala:123)
[2025-08-06T10:14:52.984+0000] {spark_submit.py:521} INFO - at org.apache.spark.rpc.netty.NettyRpcEnv.$anonfun$deserialize$2(NettyRpcEnv.scala:299)
[2025-08-06T10:14:52.984+0000] {spark_submit.py:521} INFO - at scala.util.DynamicVariable.withValue(DynamicVariable.scala:62)
[2025-08-06T10:14:52.985+0000] {spark_submit.py:521} INFO - at org.apache.spark.rpc.netty.NettyRpcEnv.deserialize(NettyRpcEnv.scala:352)
[2025-08-06T10:14:52.985+0000] {spark_submit.py:521} INFO - at org.apache.spark.rpc.netty.NettyRpcEnv.$anonfun$deserialize$1(NettyRpcEnv.scala:298)
[2025-08-06T10:14:52.985+0000] {spark_submit.py:521} INFO - at scala.util.DynamicVariable.withValue(DynamicVariable.scala:62)
[2025-08-06T10:14:52.985+0000] {spark_submit.py:521} INFO - at org.apache.spark.rpc.netty.NettyRpcEnv.deserialize(NettyRpcEnv.scala:298)
[2025-08-06T10:14:52.986+0000] {spark_submit.py:521} INFO - at org.apache.spark.rpc.netty.RequestMessage$.apply(NettyRpcEnv.scala:646)
[2025-08-06T10:14:52.987+0000] {spark_submit.py:521} INFO - at org.apache.spark.rpc.netty.NettyRpcHandler.internalReceive(NettyRpcEnv.scala:697)
[2025-08-06T10:14:52.987+0000] {spark_submit.py:521} INFO - at org.apache.spark.rpc.netty.NettyRpcHandler.receive(NettyRpcEnv.scala:682)
[2025-08-06T10:14:52.988+0000] {spark_submit.py:521} INFO - at org.apache.spark.network.server.TransportRequestHandler.processRpcRequest(TransportRequestHandler.java:163)
[2025-08-06T10:14:52.988+0000] {spark_submit.py:521} INFO - at org.apache.spark.network.server.TransportRequestHandler.handle(TransportRequestHandler.java:109)
[2025-08-06T10:14:52.988+0000] {spark_submit.py:521} INFO - at org.apache.spark.network.server.TransportChannelHandler.channelRead0(TransportChannelHandler.java:140)
[2025-08-06T10:14:52.989+0000] {spark_submit.py:521} INFO - at org.apache.spark.network.server.TransportChannelHandler.channelRead0(TransportChannelHandler.java:53)
[2025-08-06T10:14:52.989+0000] {spark_submit.py:521} INFO - at io.netty.channel.SimpleChannelInboundHandler.channelRead(SimpleChannelInboundHandler.java:99)
[2025-08-06T10:14:52.989+0000] {spark_submit.py:521} INFO - at io.netty.channel.AbstractChannelHandlerContext.invokeChannelRead(AbstractChannelHandlerContext.java:444)
[2025-08-06T10:14:52.989+0000] {spark_submit.py:521} INFO - at io.netty.channel.AbstractChannelHandlerContext.invokeChannelRead(AbstractChannelHandlerContext.java:420)
[2025-08-06T10:14:52.990+0000] {spark_submit.py:521} INFO - at io.netty.channel.AbstractChannelHandlerContext.fireChannelRead(AbstractChannelHandlerContext.java:412)
[2025-08-06T10:14:52.990+0000] {spark_submit.py:521} INFO - at io.netty.handler.timeout.IdleStateHandler.channelRead(IdleStateHandler.java:286)
[2025-08-06T10:14:52.990+0000] {spark_submit.py:521} INFO - at io.netty.channel.AbstractChannelHandlerContext.invokeChannelRead(AbstractChannelHandlerContext.java:442)
[2025-08-06T10:14:52.991+0000] {spark_submit.py:521} INFO - at io.netty.channel.AbstractChannelHandlerContext.invokeChannelRead(AbstractChannelHandlerContext.java:420)
[2025-08-06T10:14:52.991+0000] {spark_submit.py:521} INFO - at io.netty.channel.AbstractChannelHandlerContext.fireChannelRead(AbstractChannelHandlerContext.java:412)
[2025-08-06T10:14:52.991+0000] {spark_submit.py:521} INFO - at io.netty.handler.codec.MessageToMessageDecoder.channelRead(MessageToMessageDecoder.java:103)
[2025-08-06T10:14:52.992+0000] {spark_submit.py:521} INFO - at io.netty.channel.AbstractChannelHandlerContext.invokeChannelRead(AbstractChannelHandlerContext.java:444)
[2025-08-06T10:14:52.992+0000] {spark_submit.py:521} INFO - at io.netty.channel.AbstractChannelHandlerContext.invokeChannelRead(AbstractChannelHandlerContext.java:420)
[2025-08-06T10:14:52.992+0000] {spark_submit.py:521} INFO - at io.netty.channel.AbstractChannelHandlerContext.fireChannelRead(AbstractChannelHandlerContext.java:412)
[2025-08-06T10:14:52.992+0000] {spark_submit.py:521} INFO - at org.apache.spark.network.util.TransportFrameDecoder.channelRead(TransportFrameDecoder.java:102)
[2025-08-06T10:14:52.993+0000] {spark_submit.py:521} INFO - at io.netty.channel.AbstractChannelHandlerContext.invokeChannelRead(AbstractChannelHandlerContext.java:444)
[2025-08-06T10:14:52.993+0000] {spark_submit.py:521} INFO - at io.netty.channel.AbstractChannelHandlerContext.invokeChannelRead(AbstractChannelHandlerContext.java:420)
[2025-08-06T10:14:52.993+0000] {spark_submit.py:521} INFO - at io.netty.channel.AbstractChannelHandlerContext.fireChannelRead(AbstractChannelHandlerContext.java:412)
[2025-08-06T10:14:52.994+0000] {spark_submit.py:521} INFO - at io.netty.channel.DefaultChannelPipeline$HeadContext.channelRead(DefaultChannelPipeline.java:1410)
[2025-08-06T10:14:52.994+0000] {spark_submit.py:521} INFO - at io.netty.channel.AbstractChannelHandlerContext.invokeChannelRead(AbstractChannelHandlerContext.java:440)
[2025-08-06T10:14:52.994+0000] {spark_submit.py:521} INFO - at io.netty.channel.AbstractChannelHandlerContext.invokeChannelRead(AbstractChannelHandlerContext.java:420)
[2025-08-06T10:14:52.995+0000] {spark_submit.py:521} INFO - at io.netty.channel.DefaultChannelPipeline.fireChannelRead(DefaultChannelPipeline.java:919)
[2025-08-06T10:14:52.995+0000] {spark_submit.py:521} INFO - at io.netty.channel.nio.AbstractNioByteChannel$NioByteUnsafe.read(AbstractNioByteChannel.java:166)
[2025-08-06T10:14:52.995+0000] {spark_submit.py:521} INFO - at io.netty.channel.nio.NioEventLoop.processSelectedKey(NioEventLoop.java:788)
[2025-08-06T10:14:52.995+0000] {spark_submit.py:521} INFO - at io.netty.channel.nio.NioEventLoop.processSelectedKeysOptimized(NioEventLoop.java:724)
[2025-08-06T10:14:52.996+0000] {spark_submit.py:521} INFO - at io.netty.channel.nio.NioEventLoop.processSelectedKeys(NioEventLoop.java:650)
[2025-08-06T10:14:52.996+0000] {spark_submit.py:521} INFO - at io.netty.channel.nio.NioEventLoop.run(NioEventLoop.java:562)
[2025-08-06T10:14:52.996+0000] {spark_submit.py:521} INFO - at io.netty.util.concurrent.SingleThreadEventExecutor$4.run(SingleThreadEventExecutor.java:997)
[2025-08-06T10:14:52.997+0000] {spark_submit.py:521} INFO - at io.netty.util.internal.ThreadExecutorMap$2.run(ThreadExecutorMap.java:74)
[2025-08-06T10:14:52.997+0000] {spark_submit.py:521} INFO - at io.netty.util.concurrent.FastThreadLocalRunnable.run(FastThreadLocalRunnable.java:30)
[2025-08-06T10:14:52.997+0000] {spark_submit.py:521} INFO - at java.base/java.lang.Thread.run(Thread.java:840)
[2025-08-06T10:14:52.998+0000] {spark_submit.py:521} INFO - 
[2025-08-06T10:14:52.998+0000] {spark_submit.py:521} INFO - at org.apache.spark.network.client.TransportResponseHandler.handle(TransportResponseHandler.java:217)
[2025-08-06T10:14:52.998+0000] {spark_submit.py:521} INFO - at org.apache.spark.network.server.TransportChannelHandler.channelRead0(TransportChannelHandler.java:145)
[2025-08-06T10:14:52.999+0000] {spark_submit.py:521} INFO - at org.apache.spark.network.server.TransportChannelHandler.channelRead0(TransportChannelHandler.java:55)
[2025-08-06T10:14:52.999+0000] {spark_submit.py:521} INFO - at io.netty.channel.SimpleChannelInboundHandler.channelRead(SimpleChannelInboundHandler.java:99)
[2025-08-06T10:14:52.999+0000] {spark_submit.py:521} INFO - at io.netty.channel.AbstractChannelHandlerContext.invokeChannelRead(AbstractChannelHandlerContext.java:444)
[2025-08-06T10:14:52.999+0000] {spark_submit.py:521} INFO - at io.netty.channel.AbstractChannelHandlerContext.invokeChannelRead(AbstractChannelHandlerContext.java:420)
[2025-08-06T10:14:53.000+0000] {spark_submit.py:521} INFO - at io.netty.channel.AbstractChannelHandlerContext.fireChannelRead(AbstractChannelHandlerContext.java:412)
[2025-08-06T10:14:53.000+0000] {spark_submit.py:521} INFO - at io.netty.handler.timeout.IdleStateHandler.channelRead(IdleStateHandler.java:289)
[2025-08-06T10:14:53.000+0000] {spark_submit.py:521} INFO - at io.netty.channel.AbstractChannelHandlerContext.invokeChannelRead(AbstractChannelHandlerContext.java:442)
[2025-08-06T10:14:53.000+0000] {spark_submit.py:521} INFO - at io.netty.channel.AbstractChannelHandlerContext.invokeChannelRead(AbstractChannelHandlerContext.java:420)
[2025-08-06T10:14:53.001+0000] {spark_submit.py:521} INFO - at io.netty.channel.AbstractChannelHandlerContext.fireChannelRead(AbstractChannelHandlerContext.java:412)
[2025-08-06T10:14:53.001+0000] {spark_submit.py:521} INFO - at io.netty.handler.codec.MessageToMessageDecoder.channelRead(MessageToMessageDecoder.java:107)
[2025-08-06T10:14:53.001+0000] {spark_submit.py:521} INFO - at io.netty.channel.AbstractChannelHandlerContext.invokeChannelRead(AbstractChannelHandlerContext.java:444)
[2025-08-06T10:14:53.002+0000] {spark_submit.py:521} INFO - at io.netty.channel.AbstractChannelHandlerContext.invokeChannelRead(AbstractChannelHandlerContext.java:420)
[2025-08-06T10:14:53.002+0000] {spark_submit.py:521} INFO - at io.netty.channel.AbstractChannelHandlerContext.fireChannelRead(AbstractChannelHandlerContext.java:412)
[2025-08-06T10:14:53.002+0000] {spark_submit.py:521} INFO - at org.apache.spark.network.util.TransportFrameDecoder.channelRead(TransportFrameDecoder.java:102)
[2025-08-06T10:14:53.002+0000] {spark_submit.py:521} INFO - at io.netty.channel.AbstractChannelHandlerContext.invokeChannelRead(AbstractChannelHandlerContext.java:444)
[2025-08-06T10:14:53.003+0000] {spark_submit.py:521} INFO - at io.netty.channel.AbstractChannelHandlerContext.invokeChannelRead(AbstractChannelHandlerContext.java:420)
[2025-08-06T10:14:53.003+0000] {spark_submit.py:521} INFO - at io.netty.channel.AbstractChannelHandlerContext.fireChannelRead(AbstractChannelHandlerContext.java:412)
[2025-08-06T10:14:53.003+0000] {spark_submit.py:521} INFO - at io.netty.channel.DefaultChannelPipeline$HeadContext.channelRead(DefaultChannelPipeline.java:1357)
[2025-08-06T10:14:53.004+0000] {spark_submit.py:521} INFO - at io.netty.channel.AbstractChannelHandlerContext.invokeChannelRead(AbstractChannelHandlerContext.java:440)
[2025-08-06T10:14:53.004+0000] {spark_submit.py:521} INFO - at io.netty.channel.AbstractChannelHandlerContext.invokeChannelRead(AbstractChannelHandlerContext.java:420)
[2025-08-06T10:14:53.004+0000] {spark_submit.py:521} INFO - at io.netty.channel.DefaultChannelPipeline.fireChannelRead(DefaultChannelPipeline.java:868)
[2025-08-06T10:14:53.004+0000] {spark_submit.py:521} INFO - at io.netty.channel.nio.AbstractNioByteChannel$NioByteUnsafe.read(AbstractNioByteChannel.java:166)
[2025-08-06T10:14:53.004+0000] {spark_submit.py:521} INFO - at io.netty.channel.nio.NioEventLoop.processSelectedKey(NioEventLoop.java:796)
[2025-08-06T10:14:53.005+0000] {spark_submit.py:521} INFO - at io.netty.channel.nio.NioEventLoop.processSelectedKeysOptimized(NioEventLoop.java:732)
[2025-08-06T10:14:53.005+0000] {spark_submit.py:521} INFO - at io.netty.channel.nio.NioEventLoop.processSelectedKeys(NioEventLoop.java:658)
[2025-08-06T10:14:53.005+0000] {spark_submit.py:521} INFO - at io.netty.channel.nio.NioEventLoop.run(NioEventLoop.java:562)
[2025-08-06T10:14:53.005+0000] {spark_submit.py:521} INFO - at io.netty.util.concurrent.SingleThreadEventExecutor$4.run(SingleThreadEventExecutor.java:998)
[2025-08-06T10:14:53.006+0000] {spark_submit.py:521} INFO - at io.netty.util.internal.ThreadExecutorMap$2.run(ThreadExecutorMap.java:74)
[2025-08-06T10:14:53.006+0000] {spark_submit.py:521} INFO - at io.netty.util.concurrent.FastThreadLocalRunnable.run(FastThreadLocalRunnable.java:30)
[2025-08-06T10:14:53.006+0000] {spark_submit.py:521} INFO - ... 1 more
[2025-08-06T10:15:12.961+0000] {spark_submit.py:521} INFO - 25/08/06 10:15:12 INFO StandaloneAppClient$ClientEndpoint: Connecting to master spark://spark-master:7077...
[2025-08-06T10:15:12.980+0000] {spark_submit.py:521} INFO - 25/08/06 10:15:12 WARN StandaloneAppClient$ClientEndpoint: Failed to connect to master spark-master:7077
[2025-08-06T10:15:12.982+0000] {spark_submit.py:521} INFO - org.apache.spark.SparkException: Exception thrown in awaitResult:
[2025-08-06T10:15:12.983+0000] {spark_submit.py:521} INFO - at org.apache.spark.util.SparkThreadUtils$.awaitResult(SparkThreadUtils.scala:53)
[2025-08-06T10:15:12.983+0000] {spark_submit.py:521} INFO - at org.apache.spark.util.ThreadUtils$.awaitResult(ThreadUtils.scala:342)
[2025-08-06T10:15:12.983+0000] {spark_submit.py:521} INFO - at org.apache.spark.rpc.RpcTimeout.awaitResult(RpcTimeout.scala:75)
[2025-08-06T10:15:12.984+0000] {spark_submit.py:521} INFO - at org.apache.spark.rpc.RpcEnv.setupEndpointRefByURI(RpcEnv.scala:102)
[2025-08-06T10:15:12.984+0000] {spark_submit.py:521} INFO - at org.apache.spark.rpc.RpcEnv.setupEndpointRef(RpcEnv.scala:110)
[2025-08-06T10:15:12.985+0000] {spark_submit.py:521} INFO - at org.apache.spark.deploy.client.StandaloneAppClient$ClientEndpoint$$anon$1.run(StandaloneAppClient.scala:110)
[2025-08-06T10:15:12.985+0000] {spark_submit.py:521} INFO - at java.base/java.util.concurrent.Executors$RunnableAdapter.call(Executors.java:539)
[2025-08-06T10:15:12.985+0000] {spark_submit.py:521} INFO - at java.base/java.util.concurrent.FutureTask.run(FutureTask.java:264)
[2025-08-06T10:15:12.986+0000] {spark_submit.py:521} INFO - at java.base/java.util.concurrent.ThreadPoolExecutor.runWorker(ThreadPoolExecutor.java:1136)
[2025-08-06T10:15:12.986+0000] {spark_submit.py:521} INFO - at java.base/java.util.concurrent.ThreadPoolExecutor$Worker.run(ThreadPoolExecutor.java:635)
[2025-08-06T10:15:12.986+0000] {spark_submit.py:521} INFO - at java.base/java.lang.Thread.run(Thread.java:840)
[2025-08-06T10:15:12.987+0000] {spark_submit.py:521} INFO - Caused by: java.lang.RuntimeException: java.io.InvalidClassException: org.apache.spark.rpc.netty.RpcEndpointVerifier$CheckExistence; local class incompatible: stream classdesc serialVersionUID = 5378738997755484868, local class serialVersionUID = 7789290765573734431
[2025-08-06T10:15:12.987+0000] {spark_submit.py:521} INFO - at java.base/java.io.ObjectStreamClass.initNonProxy(ObjectStreamClass.java:597)
[2025-08-06T10:15:12.988+0000] {spark_submit.py:521} INFO - at java.base/java.io.ObjectInputStream.readNonProxyDesc(ObjectInputStream.java:2051)
[2025-08-06T10:15:12.988+0000] {spark_submit.py:521} INFO - at java.base/java.io.ObjectInputStream.readClassDesc(ObjectInputStream.java:1898)
[2025-08-06T10:15:12.988+0000] {spark_submit.py:521} INFO - at java.base/java.io.ObjectInputStream.readOrdinaryObject(ObjectInputStream.java:2224)
[2025-08-06T10:15:12.989+0000] {spark_submit.py:521} INFO - at java.base/java.io.ObjectInputStream.readObject0(ObjectInputStream.java:1733)
[2025-08-06T10:15:12.989+0000] {spark_submit.py:521} INFO - at java.base/java.io.ObjectInputStream.readObject(ObjectInputStream.java:509)
[2025-08-06T10:15:12.989+0000] {spark_submit.py:521} INFO - at java.base/java.io.ObjectInputStream.readObject(ObjectInputStream.java:467)
[2025-08-06T10:15:12.990+0000] {spark_submit.py:521} INFO - at org.apache.spark.serializer.JavaDeserializationStream.readObject(JavaSerializer.scala:87)
[2025-08-06T10:15:12.990+0000] {spark_submit.py:521} INFO - at org.apache.spark.serializer.JavaSerializerInstance.deserialize(JavaSerializer.scala:123)
[2025-08-06T10:15:12.990+0000] {spark_submit.py:521} INFO - at org.apache.spark.rpc.netty.NettyRpcEnv.$anonfun$deserialize$2(NettyRpcEnv.scala:299)
[2025-08-06T10:15:12.991+0000] {spark_submit.py:521} INFO - at scala.util.DynamicVariable.withValue(DynamicVariable.scala:62)
[2025-08-06T10:15:12.991+0000] {spark_submit.py:521} INFO - at org.apache.spark.rpc.netty.NettyRpcEnv.deserialize(NettyRpcEnv.scala:352)
[2025-08-06T10:15:12.991+0000] {spark_submit.py:521} INFO - at org.apache.spark.rpc.netty.NettyRpcEnv.$anonfun$deserialize$1(NettyRpcEnv.scala:298)
[2025-08-06T10:15:12.992+0000] {spark_submit.py:521} INFO - at scala.util.DynamicVariable.withValue(DynamicVariable.scala:62)
[2025-08-06T10:15:12.992+0000] {spark_submit.py:521} INFO - at org.apache.spark.rpc.netty.NettyRpcEnv.deserialize(NettyRpcEnv.scala:298)
[2025-08-06T10:15:12.993+0000] {spark_submit.py:521} INFO - at org.apache.spark.rpc.netty.RequestMessage$.apply(NettyRpcEnv.scala:646)
[2025-08-06T10:15:12.993+0000] {spark_submit.py:521} INFO - at org.apache.spark.rpc.netty.NettyRpcHandler.internalReceive(NettyRpcEnv.scala:697)
[2025-08-06T10:15:12.993+0000] {spark_submit.py:521} INFO - at org.apache.spark.rpc.netty.NettyRpcHandler.receive(NettyRpcEnv.scala:682)
[2025-08-06T10:15:12.994+0000] {spark_submit.py:521} INFO - at org.apache.spark.network.server.TransportRequestHandler.processRpcRequest(TransportRequestHandler.java:163)
[2025-08-06T10:15:12.994+0000] {spark_submit.py:521} INFO - at org.apache.spark.network.server.TransportRequestHandler.handle(TransportRequestHandler.java:109)
[2025-08-06T10:15:12.995+0000] {spark_submit.py:521} INFO - at org.apache.spark.network.server.TransportChannelHandler.channelRead0(TransportChannelHandler.java:140)
[2025-08-06T10:15:12.995+0000] {spark_submit.py:521} INFO - at org.apache.spark.network.server.TransportChannelHandler.channelRead0(TransportChannelHandler.java:53)
[2025-08-06T10:15:12.996+0000] {spark_submit.py:521} INFO - at io.netty.channel.SimpleChannelInboundHandler.channelRead(SimpleChannelInboundHandler.java:99)
[2025-08-06T10:15:12.998+0000] {spark_submit.py:521} INFO - at io.netty.channel.AbstractChannelHandlerContext.invokeChannelRead(AbstractChannelHandlerContext.java:444)
[2025-08-06T10:15:12.998+0000] {spark_submit.py:521} INFO - at io.netty.channel.AbstractChannelHandlerContext.invokeChannelRead(AbstractChannelHandlerContext.java:420)
[2025-08-06T10:15:12.999+0000] {spark_submit.py:521} INFO - at io.netty.channel.AbstractChannelHandlerContext.fireChannelRead(AbstractChannelHandlerContext.java:412)
[2025-08-06T10:15:13.000+0000] {spark_submit.py:521} INFO - at io.netty.handler.timeout.IdleStateHandler.channelRead(IdleStateHandler.java:286)
[2025-08-06T10:15:13.000+0000] {spark_submit.py:521} INFO - at io.netty.channel.AbstractChannelHandlerContext.invokeChannelRead(AbstractChannelHandlerContext.java:442)
[2025-08-06T10:15:13.000+0000] {spark_submit.py:521} INFO - at io.netty.channel.AbstractChannelHandlerContext.invokeChannelRead(AbstractChannelHandlerContext.java:420)
[2025-08-06T10:15:13.001+0000] {spark_submit.py:521} INFO - at io.netty.channel.AbstractChannelHandlerContext.fireChannelRead(AbstractChannelHandlerContext.java:412)
[2025-08-06T10:15:13.001+0000] {spark_submit.py:521} INFO - at io.netty.handler.codec.MessageToMessageDecoder.channelRead(MessageToMessageDecoder.java:103)
[2025-08-06T10:15:13.002+0000] {spark_submit.py:521} INFO - at io.netty.channel.AbstractChannelHandlerContext.invokeChannelRead(AbstractChannelHandlerContext.java:444)
[2025-08-06T10:15:13.002+0000] {spark_submit.py:521} INFO - at io.netty.channel.AbstractChannelHandlerContext.invokeChannelRead(AbstractChannelHandlerContext.java:420)
[2025-08-06T10:15:13.003+0000] {spark_submit.py:521} INFO - at io.netty.channel.AbstractChannelHandlerContext.fireChannelRead(AbstractChannelHandlerContext.java:412)
[2025-08-06T10:15:13.003+0000] {spark_submit.py:521} INFO - at org.apache.spark.network.util.TransportFrameDecoder.channelRead(TransportFrameDecoder.java:102)
[2025-08-06T10:15:13.003+0000] {spark_submit.py:521} INFO - at io.netty.channel.AbstractChannelHandlerContext.invokeChannelRead(AbstractChannelHandlerContext.java:444)
[2025-08-06T10:15:13.004+0000] {spark_submit.py:521} INFO - at io.netty.channel.AbstractChannelHandlerContext.invokeChannelRead(AbstractChannelHandlerContext.java:420)
[2025-08-06T10:15:13.004+0000] {spark_submit.py:521} INFO - at io.netty.channel.AbstractChannelHandlerContext.fireChannelRead(AbstractChannelHandlerContext.java:412)
[2025-08-06T10:15:13.005+0000] {spark_submit.py:521} INFO - at io.netty.channel.DefaultChannelPipeline$HeadContext.channelRead(DefaultChannelPipeline.java:1410)
[2025-08-06T10:15:13.005+0000] {spark_submit.py:521} INFO - at io.netty.channel.AbstractChannelHandlerContext.invokeChannelRead(AbstractChannelHandlerContext.java:440)
[2025-08-06T10:15:13.005+0000] {spark_submit.py:521} INFO - at io.netty.channel.AbstractChannelHandlerContext.invokeChannelRead(AbstractChannelHandlerContext.java:420)
[2025-08-06T10:15:13.006+0000] {spark_submit.py:521} INFO - at io.netty.channel.DefaultChannelPipeline.fireChannelRead(DefaultChannelPipeline.java:919)
[2025-08-06T10:15:13.006+0000] {spark_submit.py:521} INFO - at io.netty.channel.nio.AbstractNioByteChannel$NioByteUnsafe.read(AbstractNioByteChannel.java:166)
[2025-08-06T10:15:13.006+0000] {spark_submit.py:521} INFO - at io.netty.channel.nio.NioEventLoop.processSelectedKey(NioEventLoop.java:788)
[2025-08-06T10:15:13.007+0000] {spark_submit.py:521} INFO - at io.netty.channel.nio.NioEventLoop.processSelectedKeysOptimized(NioEventLoop.java:724)
[2025-08-06T10:15:13.007+0000] {spark_submit.py:521} INFO - at io.netty.channel.nio.NioEventLoop.processSelectedKeys(NioEventLoop.java:650)
[2025-08-06T10:15:13.009+0000] {spark_submit.py:521} INFO - at io.netty.channel.nio.NioEventLoop.run(NioEventLoop.java:562)
[2025-08-06T10:15:13.009+0000] {spark_submit.py:521} INFO - at io.netty.util.concurrent.SingleThreadEventExecutor$4.run(SingleThreadEventExecutor.java:997)
[2025-08-06T10:15:13.010+0000] {spark_submit.py:521} INFO - at io.netty.util.internal.ThreadExecutorMap$2.run(ThreadExecutorMap.java:74)
[2025-08-06T10:15:13.010+0000] {spark_submit.py:521} INFO - at io.netty.util.concurrent.FastThreadLocalRunnable.run(FastThreadLocalRunnable.java:30)
[2025-08-06T10:15:13.011+0000] {spark_submit.py:521} INFO - at java.base/java.lang.Thread.run(Thread.java:840)
[2025-08-06T10:15:13.011+0000] {spark_submit.py:521} INFO - 
[2025-08-06T10:15:13.011+0000] {spark_submit.py:521} INFO - at org.apache.spark.network.client.TransportResponseHandler.handle(TransportResponseHandler.java:217)
[2025-08-06T10:15:13.012+0000] {spark_submit.py:521} INFO - at org.apache.spark.network.server.TransportChannelHandler.channelRead0(TransportChannelHandler.java:145)
[2025-08-06T10:15:13.012+0000] {spark_submit.py:521} INFO - at org.apache.spark.network.server.TransportChannelHandler.channelRead0(TransportChannelHandler.java:55)
[2025-08-06T10:15:13.013+0000] {spark_submit.py:521} INFO - at io.netty.channel.SimpleChannelInboundHandler.channelRead(SimpleChannelInboundHandler.java:99)
[2025-08-06T10:15:13.013+0000] {spark_submit.py:521} INFO - at io.netty.channel.AbstractChannelHandlerContext.invokeChannelRead(AbstractChannelHandlerContext.java:444)
[2025-08-06T10:15:13.013+0000] {spark_submit.py:521} INFO - at io.netty.channel.AbstractChannelHandlerContext.invokeChannelRead(AbstractChannelHandlerContext.java:420)
[2025-08-06T10:15:13.014+0000] {spark_submit.py:521} INFO - at io.netty.channel.AbstractChannelHandlerContext.fireChannelRead(AbstractChannelHandlerContext.java:412)
[2025-08-06T10:15:13.014+0000] {spark_submit.py:521} INFO - at io.netty.handler.timeout.IdleStateHandler.channelRead(IdleStateHandler.java:289)
[2025-08-06T10:15:13.015+0000] {spark_submit.py:521} INFO - at io.netty.channel.AbstractChannelHandlerContext.invokeChannelRead(AbstractChannelHandlerContext.java:442)
[2025-08-06T10:15:13.015+0000] {spark_submit.py:521} INFO - at io.netty.channel.AbstractChannelHandlerContext.invokeChannelRead(AbstractChannelHandlerContext.java:420)
[2025-08-06T10:15:13.015+0000] {spark_submit.py:521} INFO - at io.netty.channel.AbstractChannelHandlerContext.fireChannelRead(AbstractChannelHandlerContext.java:412)
[2025-08-06T10:15:13.016+0000] {spark_submit.py:521} INFO - at io.netty.handler.codec.MessageToMessageDecoder.channelRead(MessageToMessageDecoder.java:107)
[2025-08-06T10:15:13.016+0000] {spark_submit.py:521} INFO - at io.netty.channel.AbstractChannelHandlerContext.invokeChannelRead(AbstractChannelHandlerContext.java:444)
[2025-08-06T10:15:13.017+0000] {spark_submit.py:521} INFO - at io.netty.channel.AbstractChannelHandlerContext.invokeChannelRead(AbstractChannelHandlerContext.java:420)
[2025-08-06T10:15:13.017+0000] {spark_submit.py:521} INFO - at io.netty.channel.AbstractChannelHandlerContext.fireChannelRead(AbstractChannelHandlerContext.java:412)
[2025-08-06T10:15:13.017+0000] {spark_submit.py:521} INFO - at org.apache.spark.network.util.TransportFrameDecoder.channelRead(TransportFrameDecoder.java:102)
[2025-08-06T10:15:13.018+0000] {spark_submit.py:521} INFO - at io.netty.channel.AbstractChannelHandlerContext.invokeChannelRead(AbstractChannelHandlerContext.java:444)
[2025-08-06T10:15:13.018+0000] {spark_submit.py:521} INFO - at io.netty.channel.AbstractChannelHandlerContext.invokeChannelRead(AbstractChannelHandlerContext.java:420)
[2025-08-06T10:15:13.019+0000] {spark_submit.py:521} INFO - at io.netty.channel.AbstractChannelHandlerContext.fireChannelRead(AbstractChannelHandlerContext.java:412)
[2025-08-06T10:15:13.019+0000] {spark_submit.py:521} INFO - at io.netty.channel.DefaultChannelPipeline$HeadContext.channelRead(DefaultChannelPipeline.java:1357)
[2025-08-06T10:15:13.019+0000] {spark_submit.py:521} INFO - at io.netty.channel.AbstractChannelHandlerContext.invokeChannelRead(AbstractChannelHandlerContext.java:440)
[2025-08-06T10:15:13.020+0000] {spark_submit.py:521} INFO - at io.netty.channel.AbstractChannelHandlerContext.invokeChannelRead(AbstractChannelHandlerContext.java:420)
[2025-08-06T10:15:13.020+0000] {spark_submit.py:521} INFO - at io.netty.channel.DefaultChannelPipeline.fireChannelRead(DefaultChannelPipeline.java:868)
[2025-08-06T10:15:13.021+0000] {spark_submit.py:521} INFO - at io.netty.channel.nio.AbstractNioByteChannel$NioByteUnsafe.read(AbstractNioByteChannel.java:166)
[2025-08-06T10:15:13.021+0000] {spark_submit.py:521} INFO - at io.netty.channel.nio.NioEventLoop.processSelectedKey(NioEventLoop.java:796)
[2025-08-06T10:15:13.022+0000] {spark_submit.py:521} INFO - at io.netty.channel.nio.NioEventLoop.processSelectedKeysOptimized(NioEventLoop.java:732)
[2025-08-06T10:15:13.022+0000] {spark_submit.py:521} INFO - at io.netty.channel.nio.NioEventLoop.processSelectedKeys(NioEventLoop.java:658)
[2025-08-06T10:15:13.024+0000] {spark_submit.py:521} INFO - at io.netty.channel.nio.NioEventLoop.run(NioEventLoop.java:562)
[2025-08-06T10:15:13.025+0000] {spark_submit.py:521} INFO - at io.netty.util.concurrent.SingleThreadEventExecutor$4.run(SingleThreadEventExecutor.java:998)
[2025-08-06T10:15:13.025+0000] {spark_submit.py:521} INFO - at io.netty.util.internal.ThreadExecutorMap$2.run(ThreadExecutorMap.java:74)
[2025-08-06T10:15:13.026+0000] {spark_submit.py:521} INFO - at io.netty.util.concurrent.FastThreadLocalRunnable.run(FastThreadLocalRunnable.java:30)
[2025-08-06T10:15:13.026+0000] {spark_submit.py:521} INFO - ... 1 more
[2025-08-06T10:15:32.964+0000] {spark_submit.py:521} INFO - 25/08/06 10:15:32 WARN StandaloneSchedulerBackend: Application ID is not initialized yet.
[2025-08-06T10:15:32.965+0000] {spark_submit.py:521} INFO - 25/08/06 10:15:32 ERROR StandaloneSchedulerBackend: Application has been killed. Reason: All masters are unresponsive! Giving up.
[2025-08-06T10:15:32.978+0000] {spark_submit.py:521} INFO - 25/08/06 10:15:32 INFO Utils: Successfully started service 'org.apache.spark.network.netty.NettyBlockTransferService' on port 43111.
[2025-08-06T10:15:32.979+0000] {spark_submit.py:521} INFO - 25/08/06 10:15:32 INFO NettyBlockTransferService: Server created on f6daf7b6d686:43111
[2025-08-06T10:15:32.980+0000] {spark_submit.py:521} INFO - 25/08/06 10:15:32 INFO BlockManager: Using org.apache.spark.storage.RandomBlockReplicationPolicy for block replication policy
[2025-08-06T10:15:32.990+0000] {spark_submit.py:521} INFO - 25/08/06 10:15:32 INFO BlockManagerMaster: Registering BlockManager BlockManagerId(driver, f6daf7b6d686, 43111, None)
[2025-08-06T10:15:32.996+0000] {spark_submit.py:521} INFO - 25/08/06 10:15:32 INFO BlockManagerMasterEndpoint: Registering block manager f6daf7b6d686:43111 with 434.4 MiB RAM, BlockManagerId(driver, f6daf7b6d686, 43111, None)
[2025-08-06T10:15:32.998+0000] {spark_submit.py:521} INFO - 25/08/06 10:15:32 INFO BlockManagerMaster: Registered BlockManager BlockManagerId(driver, f6daf7b6d686, 43111, None)
[2025-08-06T10:15:32.999+0000] {spark_submit.py:521} INFO - 25/08/06 10:15:32 INFO BlockManager: Initialized BlockManager: BlockManagerId(driver, f6daf7b6d686, 43111, None)
[2025-08-06T10:15:33.079+0000] {spark_submit.py:521} INFO - 25/08/06 10:15:33 INFO StandaloneSchedulerBackend: SchedulerBackend is ready for scheduling beginning after reached minRegisteredResourcesRatio: 0.0
[2025-08-06T10:15:33.258+0000] {spark_submit.py:521} INFO - 25/08/06 10:15:33 INFO SparkContext: SparkContext is stopping with exitCode 0 from run at <unknown>:0.
[2025-08-06T10:15:33.267+0000] {spark_submit.py:521} INFO - 25/08/06 10:15:33 INFO SparkUI: Stopped Spark web UI at http://f6daf7b6d686:4040
[2025-08-06T10:15:33.269+0000] {spark_submit.py:521} INFO - 25/08/06 10:15:33 INFO StandaloneSchedulerBackend: Shutting down all executors
[2025-08-06T10:15:33.272+0000] {spark_submit.py:521} INFO - 25/08/06 10:15:33 INFO StandaloneSchedulerBackend$StandaloneDriverEndpoint: Asking each executor to shut down
[2025-08-06T10:15:33.276+0000] {spark_submit.py:521} INFO - 25/08/06 10:15:33 WARN StandaloneAppClient$ClientEndpoint: Drop UnregisterApplication(null) because has not yet connected to master
[2025-08-06T10:15:33.282+0000] {spark_submit.py:521} INFO - 25/08/06 10:15:33 INFO MapOutputTrackerMasterEndpoint: MapOutputTrackerMasterEndpoint stopped!
[2025-08-06T10:15:33.305+0000] {spark_submit.py:521} INFO - 25/08/06 10:15:33 INFO MemoryStore: MemoryStore started with capacity 434.4 MiB
[2025-08-06T10:15:33.306+0000] {spark_submit.py:521} INFO - 25/08/06 10:15:33 INFO MemoryStore: MemoryStore cleared
[2025-08-06T10:15:33.306+0000] {spark_submit.py:521} INFO - 25/08/06 10:15:33 INFO BlockManager: BlockManager stopped
[2025-08-06T10:15:33.311+0000] {spark_submit.py:521} INFO - 25/08/06 10:15:33 INFO BlockManagerMaster: BlockManagerMaster stopped
[2025-08-06T10:15:33.312+0000] {spark_submit.py:521} INFO - 25/08/06 10:15:33 INFO OutputCommitCoordinator$OutputCommitCoordinatorEndpoint: OutputCommitCoordinator stopped!
[2025-08-06T10:15:33.332+0000] {spark_submit.py:521} INFO - 25/08/06 10:15:33 INFO SparkContext: Successfully stopped SparkContext
[2025-08-06T10:15:34.417+0000] {spark_submit.py:521} INFO - Traceback (most recent call last):
[2025-08-06T10:15:34.417+0000] {spark_submit.py:521} INFO - File "/opt/spark-jobs/gold_transform.py", line 8, in <module>
[2025-08-06T10:15:34.419+0000] {spark_submit.py:521} INFO - .getOrCreate()
[2025-08-06T10:15:34.419+0000] {spark_submit.py:521} INFO - File "/home/***/.local/lib/python3.10/site-packages/pyspark/python/lib/pyspark.zip/pyspark/sql/session.py", line 559, in getOrCreate
[2025-08-06T10:15:34.420+0000] {spark_submit.py:521} INFO - File "/home/***/.local/lib/python3.10/site-packages/pyspark/python/lib/pyspark.zip/pyspark/sql/session.py", line 641, in __init__
[2025-08-06T10:15:34.420+0000] {spark_submit.py:521} INFO - File "/home/***/.local/lib/python3.10/site-packages/pyspark/python/lib/py4j-0.10.9.9-src.zip/py4j/java_gateway.py", line 1627, in __call__
[2025-08-06T10:15:34.420+0000] {spark_submit.py:521} INFO - File "/home/***/.local/lib/python3.10/site-packages/pyspark/python/lib/py4j-0.10.9.9-src.zip/py4j/protocol.py", line 327, in get_return_value
[2025-08-06T10:15:34.420+0000] {spark_submit.py:521} INFO - py4j.protocol.Py4JJavaError: An error occurred while calling None.org.apache.spark.sql.classic.SparkSession.
[2025-08-06T10:15:34.421+0000] {spark_submit.py:521} INFO - : java.lang.IllegalStateException: Cannot call methods on a stopped SparkContext.
[2025-08-06T10:15:34.421+0000] {spark_submit.py:521} INFO - This stopped SparkContext was created at:
[2025-08-06T10:15:34.421+0000] {spark_submit.py:521} INFO - 
[2025-08-06T10:15:34.421+0000] {spark_submit.py:521} INFO - org.apache.spark.api.java.JavaSparkContext.<init>(JavaSparkContext.scala:59)
[2025-08-06T10:15:34.421+0000] {spark_submit.py:521} INFO - java.base/jdk.internal.reflect.NativeConstructorAccessorImpl.newInstance0(Native Method)
[2025-08-06T10:15:34.422+0000] {spark_submit.py:521} INFO - java.base/jdk.internal.reflect.NativeConstructorAccessorImpl.newInstance(NativeConstructorAccessorImpl.java:77)
[2025-08-06T10:15:34.422+0000] {spark_submit.py:521} INFO - java.base/jdk.internal.reflect.DelegatingConstructorAccessorImpl.newInstance(DelegatingConstructorAccessorImpl.java:45)
[2025-08-06T10:15:34.422+0000] {spark_submit.py:521} INFO - java.base/java.lang.reflect.Constructor.newInstanceWithCaller(Constructor.java:500)
[2025-08-06T10:15:34.422+0000] {spark_submit.py:521} INFO - java.base/java.lang.reflect.Constructor.newInstance(Constructor.java:481)
[2025-08-06T10:15:34.423+0000] {spark_submit.py:521} INFO - py4j.reflection.MethodInvoker.invoke(MethodInvoker.java:247)
[2025-08-06T10:15:34.423+0000] {spark_submit.py:521} INFO - py4j.reflection.ReflectionEngine.invoke(ReflectionEngine.java:374)
[2025-08-06T10:15:34.423+0000] {spark_submit.py:521} INFO - py4j.Gateway.invoke(Gateway.java:238)
[2025-08-06T10:15:34.423+0000] {spark_submit.py:521} INFO - py4j.commands.ConstructorCommand.invokeConstructor(ConstructorCommand.java:80)
[2025-08-06T10:15:34.423+0000] {spark_submit.py:521} INFO - py4j.commands.ConstructorCommand.execute(ConstructorCommand.java:69)
[2025-08-06T10:15:34.423+0000] {spark_submit.py:521} INFO - py4j.ClientServerConnection.waitForCommands(ClientServerConnection.java:184)
[2025-08-06T10:15:34.424+0000] {spark_submit.py:521} INFO - py4j.ClientServerConnection.run(ClientServerConnection.java:108)
[2025-08-06T10:15:34.424+0000] {spark_submit.py:521} INFO - java.base/java.lang.Thread.run(Thread.java:840)
[2025-08-06T10:15:34.424+0000] {spark_submit.py:521} INFO - 
[2025-08-06T10:15:34.424+0000] {spark_submit.py:521} INFO - And it was stopped at:
[2025-08-06T10:15:34.424+0000] {spark_submit.py:521} INFO - 
[2025-08-06T10:15:34.424+0000] {spark_submit.py:521} INFO - org.apache.spark.SparkContext$$anon$3.run(SparkContext.scala:2284)
[2025-08-06T10:15:34.424+0000] {spark_submit.py:521} INFO - 
[2025-08-06T10:15:34.425+0000] {spark_submit.py:521} INFO - The currently active SparkContext was created at:
[2025-08-06T10:15:34.425+0000] {spark_submit.py:521} INFO - 
[2025-08-06T10:15:34.425+0000] {spark_submit.py:521} INFO - (No active SparkContext.)
[2025-08-06T10:15:34.425+0000] {spark_submit.py:521} INFO - 
[2025-08-06T10:15:34.425+0000] {spark_submit.py:521} INFO - at org.apache.spark.SparkContext.assertNotStopped(SparkContext.scala:128)
[2025-08-06T10:15:34.425+0000] {spark_submit.py:521} INFO - at org.apache.spark.sql.classic.SparkSession.<init>(SparkSession.scala:124)
[2025-08-06T10:15:34.426+0000] {spark_submit.py:521} INFO - at org.apache.spark.sql.classic.SparkSession.<init>(SparkSession.scala:117)
[2025-08-06T10:15:34.426+0000] {spark_submit.py:521} INFO - at java.base/jdk.internal.reflect.NativeConstructorAccessorImpl.newInstance0(Native Method)
[2025-08-06T10:15:34.427+0000] {spark_submit.py:521} INFO - at java.base/jdk.internal.reflect.NativeConstructorAccessorImpl.newInstance(NativeConstructorAccessorImpl.java:77)
[2025-08-06T10:15:34.427+0000] {spark_submit.py:521} INFO - at java.base/jdk.internal.reflect.DelegatingConstructorAccessorImpl.newInstance(DelegatingConstructorAccessorImpl.java:45)
[2025-08-06T10:15:34.427+0000] {spark_submit.py:521} INFO - at java.base/java.lang.reflect.Constructor.newInstanceWithCaller(Constructor.java:500)
[2025-08-06T10:15:34.427+0000] {spark_submit.py:521} INFO - at java.base/java.lang.reflect.Constructor.newInstance(Constructor.java:481)
[2025-08-06T10:15:34.427+0000] {spark_submit.py:521} INFO - at py4j.reflection.MethodInvoker.invoke(MethodInvoker.java:247)
[2025-08-06T10:15:34.428+0000] {spark_submit.py:521} INFO - at py4j.reflection.ReflectionEngine.invoke(ReflectionEngine.java:374)
[2025-08-06T10:15:34.428+0000] {spark_submit.py:521} INFO - at py4j.Gateway.invoke(Gateway.java:238)
[2025-08-06T10:15:34.428+0000] {spark_submit.py:521} INFO - at py4j.commands.ConstructorCommand.invokeConstructor(ConstructorCommand.java:80)
[2025-08-06T10:15:34.428+0000] {spark_submit.py:521} INFO - at py4j.commands.ConstructorCommand.execute(ConstructorCommand.java:69)
[2025-08-06T10:15:34.428+0000] {spark_submit.py:521} INFO - at py4j.ClientServerConnection.waitForCommands(ClientServerConnection.java:184)
[2025-08-06T10:15:34.429+0000] {spark_submit.py:521} INFO - at py4j.ClientServerConnection.run(ClientServerConnection.java:108)
[2025-08-06T10:15:34.429+0000] {spark_submit.py:521} INFO - at java.base/java.lang.Thread.run(Thread.java:840)
[2025-08-06T10:15:34.429+0000] {spark_submit.py:521} INFO - 
[2025-08-06T10:15:34.541+0000] {spark_submit.py:521} INFO - 25/08/06 10:15:34 INFO ShutdownHookManager: Shutdown hook called
[2025-08-06T10:15:34.542+0000] {spark_submit.py:521} INFO - 25/08/06 10:15:34 INFO ShutdownHookManager: Deleting directory /tmp/spark-e0144970-af62-4e46-a09f-898af2022c3b
[2025-08-06T10:15:34.552+0000] {spark_submit.py:521} INFO - 25/08/06 10:15:34 INFO ShutdownHookManager: Deleting directory /tmp/spark-e8143eaf-d8a7-425c-b1a9-f3d328818dbe
[2025-08-06T10:15:34.565+0000] {spark_submit.py:521} INFO - 25/08/06 10:15:34 INFO ShutdownHookManager: Deleting directory /tmp/spark-e8143eaf-d8a7-425c-b1a9-f3d328818dbe/pyspark-dad4b689-8e4e-43db-9e56-41140ccac9ed
[2025-08-06T10:15:34.604+0000] {taskinstance.py:441} INFO - ::group::Post task execution logs
[2025-08-06T10:15:34.613+0000] {taskinstance.py:2905} ERROR - Task failed with exception
Traceback (most recent call last):
  File "/home/airflow/.local/lib/python3.10/site-packages/airflow/models/taskinstance.py", line 465, in _execute_task
    result = _execute_callable(context=context, **execute_callable_kwargs)
  File "/home/airflow/.local/lib/python3.10/site-packages/airflow/models/taskinstance.py", line 432, in _execute_callable
    return execute_callable(context=context, **execute_callable_kwargs)
  File "/home/airflow/.local/lib/python3.10/site-packages/airflow/models/baseoperator.py", line 400, in wrapper
    return func(self, *args, **kwargs)
  File "/home/airflow/.local/lib/python3.10/site-packages/airflow/providers/apache/spark/operators/spark_submit.py", line 156, in execute
    self._hook.submit(self._application)
  File "/home/airflow/.local/lib/python3.10/site-packages/airflow/providers/apache/spark/hooks/spark_submit.py", line 452, in submit
    raise AirflowException(
airflow.exceptions.AirflowException: Cannot execute: spark-submit --master spark://spark-master:7077 --conf spark.master=spark://spark-master:7077 --conf spark.submit.deployMode=client --conf spark.hadoop.fs.s3a.endpoint=http://minio:9000 --conf spark.hadoop.fs.s3a.access.key=minioadmin --conf spark.hadoop.fs.s3a.secret.key=****** --conf spark.hadoop.fs.s3a.path.style.access=true --conf spark.hadoop.fs.s3a.connection.ssl.enabled=false --jars /opt/custom-jars/hadoop-aws-3.3.6.jar,/opt/custom-jars/aws-java-sdk-bundle-1.12.367.jar --name arrow-spark --verbose /opt/spark-jobs/gold_transform.py. Error code is: 1.
[2025-08-06T10:15:34.617+0000] {taskinstance.py:1206} INFO - Marking task as FAILED. dag_id=spark_gold_transform_dag, task_id=submit_spark_job, run_id=manual__2025-08-06T10:14:24.777067+00:00, execution_date=20250806T101424, start_date=20250806T101427, end_date=20250806T101534
[2025-08-06T10:15:34.627+0000] {standard_task_runner.py:110} ERROR - Failed to execute job 16 for task submit_spark_job (Cannot execute: spark-submit --master spark://spark-master:7077 --conf spark.master=spark://spark-master:7077 --conf spark.submit.deployMode=client --conf spark.hadoop.fs.s3a.endpoint=http://minio:9000 --conf spark.hadoop.fs.s3a.access.key=minioadmin --conf spark.hadoop.fs.s3a.secret.key=****** --conf spark.hadoop.fs.s3a.path.style.access=true --conf spark.hadoop.fs.s3a.connection.ssl.enabled=false --jars /opt/custom-jars/hadoop-aws-3.3.6.jar,/opt/custom-jars/aws-java-sdk-bundle-1.12.367.jar --name arrow-spark --verbose /opt/spark-jobs/gold_transform.py. Error code is: 1.; 1167)
[2025-08-06T10:15:34.663+0000] {local_task_job_runner.py:240} INFO - Task exited with return code 1
[2025-08-06T10:15:34.678+0000] {taskinstance.py:3498} INFO - 0 downstream tasks scheduled from follow-on schedule check
[2025-08-06T10:15:34.680+0000] {local_task_job_runner.py:222} INFO - ::endgroup::
