[2025-08-07T18:04:27.628+0000] {local_task_job_runner.py:120} INFO - ::group::Pre task execution logs
[2025-08-07T18:04:27.720+0000] {taskinstance.py:2076} INFO - Dependencies all met for dep_context=non-requeueable deps ti=<TaskInstance: spark_transform_topcv.submit_spark_job manual__2025-08-07T18:04:23.596324+00:00 [queued]>
[2025-08-07T18:04:27.727+0000] {taskinstance.py:2076} INFO - Dependencies all met for dep_context=requeueable deps ti=<TaskInstance: spark_transform_topcv.submit_spark_job manual__2025-08-07T18:04:23.596324+00:00 [queued]>
[2025-08-07T18:04:27.728+0000] {taskinstance.py:2306} INFO - Starting attempt 1 of 1
[2025-08-07T18:04:27.741+0000] {taskinstance.py:2330} INFO - Executing <Task(SparkSubmitOperator): submit_spark_job> on 2025-08-07 18:04:23.596324+00:00
[2025-08-07T18:04:27.747+0000] {standard_task_runner.py:63} INFO - Started process 436 to run task
[2025-08-07T18:04:27.758+0000] {standard_task_runner.py:90} INFO - Running: ['***', 'tasks', 'run', 'spark_transform_topcv', 'submit_spark_job', 'manual__2025-08-07T18:04:23.596324+00:00', '--job-id', '90', '--raw', '--subdir', 'DAGS_FOLDER/etl_jobs_dag.py', '--cfg-path', '/tmp/tmp1yj5wszx']
[2025-08-07T18:04:27.786+0000] {standard_task_runner.py:91} INFO - Job 90: Subtask submit_spark_job
[2025-08-07T18:04:27.858+0000] {task_command.py:426} INFO - Running <TaskInstance: spark_transform_topcv.submit_spark_job manual__2025-08-07T18:04:23.596324+00:00 [running]> on host 0d9cbc3d310d
[2025-08-07T18:04:27.951+0000] {taskinstance.py:2648} INFO - Exporting env vars: AIRFLOW_CTX_DAG_OWNER='***' AIRFLOW_CTX_DAG_ID='spark_transform_topcv' AIRFLOW_CTX_TASK_ID='submit_spark_job' AIRFLOW_CTX_EXECUTION_DATE='2025-08-07T18:04:23.596324+00:00' AIRFLOW_CTX_TRY_NUMBER='1' AIRFLOW_CTX_DAG_RUN_ID='manual__2025-08-07T18:04:23.596324+00:00'
[2025-08-07T18:04:27.952+0000] {taskinstance.py:430} INFO - ::endgroup::
[2025-08-07T18:04:27.994+0000] {base.py:84} INFO - Using connection ID 'spark_default' for task execution.
[2025-08-07T18:04:27.995+0000] {spark_submit.py:351} INFO - Spark-Submit cmd: spark-submit --master spark://spark-master:7077 --conf spark.hadoop.fs.s3a.endpoint=http://minio:9000 --conf spark.hadoop.fs.s3a.access.key=minioadmin --conf spark.hadoop.fs.s3a.secret.key=****** --conf spark.hadoop.fs.s3a.path.style.access=true --conf spark.hadoop.fs.s3a.impl=org.apache.hadoop.fs.s3a.S3AFileSystem --conf spark.hadoop.fs.s3a.connection.ssl.enabled=false --conf spark.hadoop.fs.s3a.aws.credentials.provider=org.apache.hadoop.fs.s3a.SimpleAWSCredentialsProvider --conf spark.hadoop.fs.s3a.connection.timeout=60000 --conf spark.hadoop.fs.s3a.connection.establish.timeout=60000 --conf spark.hadoop.fs.s3a.connection.request.timeout=60000 --conf spark.hadoop.fs.s3a.attempts.maximum=20 --jars /opt/custom-jars/hadoop-aws-3.3.6.jar,/opt/custom-jars/aws-java-sdk-bundle-1.12.621.jar --name arrow-spark --verbose /opt/spark-jobs/gold_transform.py
[2025-08-07T18:04:29.069+0000] {spark_submit.py:521} INFO - WARNING: Using incubator modules: jdk.incubator.vector
[2025-08-07T18:04:30.312+0000] {spark_submit.py:521} INFO - Parsed arguments:
[2025-08-07T18:04:30.312+0000] {spark_submit.py:521} INFO - master                  spark://spark-master:7077
[2025-08-07T18:04:30.313+0000] {spark_submit.py:521} INFO - remote                  null
[2025-08-07T18:04:30.313+0000] {spark_submit.py:521} INFO - deployMode              null
[2025-08-07T18:04:30.314+0000] {spark_submit.py:521} INFO - executorMemory          null
[2025-08-07T18:04:30.314+0000] {spark_submit.py:521} INFO - executorCores           null
[2025-08-07T18:04:30.314+0000] {spark_submit.py:521} INFO - totalExecutorCores      null
[2025-08-07T18:04:30.315+0000] {spark_submit.py:521} INFO - propertiesFile          null
[2025-08-07T18:04:30.315+0000] {spark_submit.py:521} INFO - driverMemory            null
[2025-08-07T18:04:30.315+0000] {spark_submit.py:521} INFO - driverCores             null
[2025-08-07T18:04:30.316+0000] {spark_submit.py:521} INFO - driverExtraClassPath    null
[2025-08-07T18:04:30.318+0000] {spark_submit.py:521} INFO - driverExtraLibraryPath  null
[2025-08-07T18:04:30.318+0000] {spark_submit.py:521} INFO - driverExtraJavaOptions  null
[2025-08-07T18:04:30.319+0000] {spark_submit.py:521} INFO - supervise               false
[2025-08-07T18:04:30.319+0000] {spark_submit.py:521} INFO - queue                   null
[2025-08-07T18:04:30.319+0000] {spark_submit.py:521} INFO - numExecutors            null
[2025-08-07T18:04:30.320+0000] {spark_submit.py:521} INFO - files                   null
[2025-08-07T18:04:30.320+0000] {spark_submit.py:521} INFO - pyFiles                 null
[2025-08-07T18:04:30.320+0000] {spark_submit.py:521} INFO - archives                null
[2025-08-07T18:04:30.320+0000] {spark_submit.py:521} INFO - mainClass               null
[2025-08-07T18:04:30.321+0000] {spark_submit.py:521} INFO - primaryResource         file:/opt/spark-jobs/gold_transform.py
[2025-08-07T18:04:30.321+0000] {spark_submit.py:521} INFO - name                    arrow-spark
[2025-08-07T18:04:30.321+0000] {spark_submit.py:521} INFO - childArgs               []
[2025-08-07T18:04:30.321+0000] {spark_submit.py:521} INFO - jars                    file:/opt/custom-jars/hadoop-aws-3.3.6.jar,file:/opt/custom-jars/aws-java-sdk-bundle-1.12.621.jar
[2025-08-07T18:04:30.321+0000] {spark_submit.py:521} INFO - packages                null
[2025-08-07T18:04:30.322+0000] {spark_submit.py:521} INFO - packagesExclusions      null
[2025-08-07T18:04:30.322+0000] {spark_submit.py:521} INFO - repositories            null
[2025-08-07T18:04:30.322+0000] {spark_submit.py:521} INFO - verbose                 true
[2025-08-07T18:04:30.322+0000] {spark_submit.py:521} INFO - 
[2025-08-07T18:04:30.323+0000] {spark_submit.py:521} INFO - Spark properties used, including those specified through
[2025-08-07T18:04:30.323+0000] {spark_submit.py:521} INFO - --conf and those from the properties file null:
[2025-08-07T18:04:30.323+0000] {spark_submit.py:521} INFO - (spark.hadoop.fs.s3a.access.key,*********(redacted))
[2025-08-07T18:04:30.323+0000] {spark_submit.py:521} INFO - (spark.hadoop.fs.s3a.attempts.maximum,20)
[2025-08-07T18:04:30.324+0000] {spark_submit.py:521} INFO - (spark.hadoop.fs.s3a.aws.credentials.provider,org.apache.hadoop.fs.s3a.SimpleAWSCredentialsProvider)
[2025-08-07T18:04:30.324+0000] {spark_submit.py:521} INFO - (spark.hadoop.fs.s3a.connection.establish.timeout,60000)
[2025-08-07T18:04:30.324+0000] {spark_submit.py:521} INFO - (spark.hadoop.fs.s3a.connection.request.timeout,60000)
[2025-08-07T18:04:30.324+0000] {spark_submit.py:521} INFO - (spark.hadoop.fs.s3a.connection.ssl.enabled,false)
[2025-08-07T18:04:30.325+0000] {spark_submit.py:521} INFO - (spark.hadoop.fs.s3a.connection.timeout,60000)
[2025-08-07T18:04:30.325+0000] {spark_submit.py:521} INFO - (spark.hadoop.fs.s3a.endpoint,http://minio:9000)
[2025-08-07T18:04:30.325+0000] {spark_submit.py:521} INFO - (spark.hadoop.fs.s3a.impl,org.apache.hadoop.fs.s3a.S3AFileSystem)
[2025-08-07T18:04:30.325+0000] {spark_submit.py:521} INFO - (spark.hadoop.fs.s3a.path.style.access,true)
[2025-08-07T18:04:30.326+0000] {spark_submit.py:521} INFO - (spark.hadoop.fs.s3a.secret.key,*********(redacted))
[2025-08-07T18:04:30.326+0000] {spark_submit.py:521} INFO - 
[2025-08-07T18:04:30.326+0000] {spark_submit.py:521} INFO - 
[2025-08-07T18:04:30.644+0000] {spark_submit.py:521} INFO - 25/08/07 18:04:30 WARN NativeCodeLoader: Unable to load native-hadoop library for your platform... using builtin-java classes where applicable
[2025-08-07T18:04:30.789+0000] {spark_submit.py:521} INFO - Main class:
[2025-08-07T18:04:30.789+0000] {spark_submit.py:521} INFO - org.apache.spark.deploy.PythonRunner
[2025-08-07T18:04:30.790+0000] {spark_submit.py:521} INFO - Arguments:
[2025-08-07T18:04:30.790+0000] {spark_submit.py:521} INFO - file:/opt/spark-jobs/gold_transform.py
[2025-08-07T18:04:30.790+0000] {spark_submit.py:521} INFO - null
[2025-08-07T18:04:30.792+0000] {spark_submit.py:521} INFO - Spark config:
[2025-08-07T18:04:30.792+0000] {spark_submit.py:521} INFO - (spark.app.name,arrow-spark)
[2025-08-07T18:04:30.793+0000] {spark_submit.py:521} INFO - (spark.app.submitTime,1754589870772)
[2025-08-07T18:04:30.793+0000] {spark_submit.py:521} INFO - (spark.hadoop.fs.s3a.access.key,*********(redacted))
[2025-08-07T18:04:30.793+0000] {spark_submit.py:521} INFO - (spark.hadoop.fs.s3a.attempts.maximum,20)
[2025-08-07T18:04:30.794+0000] {spark_submit.py:521} INFO - (spark.hadoop.fs.s3a.aws.credentials.provider,org.apache.hadoop.fs.s3a.SimpleAWSCredentialsProvider)
[2025-08-07T18:04:30.794+0000] {spark_submit.py:521} INFO - (spark.hadoop.fs.s3a.connection.establish.timeout,60000)
[2025-08-07T18:04:30.794+0000] {spark_submit.py:521} INFO - (spark.hadoop.fs.s3a.connection.request.timeout,60000)
[2025-08-07T18:04:30.795+0000] {spark_submit.py:521} INFO - (spark.hadoop.fs.s3a.connection.ssl.enabled,false)
[2025-08-07T18:04:30.795+0000] {spark_submit.py:521} INFO - (spark.hadoop.fs.s3a.connection.timeout,60000)
[2025-08-07T18:04:30.795+0000] {spark_submit.py:521} INFO - (spark.hadoop.fs.s3a.endpoint,http://minio:9000)
[2025-08-07T18:04:30.795+0000] {spark_submit.py:521} INFO - (spark.hadoop.fs.s3a.impl,org.apache.hadoop.fs.s3a.S3AFileSystem)
[2025-08-07T18:04:30.796+0000] {spark_submit.py:521} INFO - (spark.hadoop.fs.s3a.path.style.access,true)
[2025-08-07T18:04:30.796+0000] {spark_submit.py:521} INFO - (spark.hadoop.fs.s3a.secret.key,*********(redacted))
[2025-08-07T18:04:30.796+0000] {spark_submit.py:521} INFO - (spark.jars,file:///opt/custom-jars/hadoop-aws-3.3.6.jar,file:///opt/custom-jars/aws-java-sdk-bundle-1.12.621.jar)
[2025-08-07T18:04:30.796+0000] {spark_submit.py:521} INFO - (spark.master,spark://spark-master:7077)
[2025-08-07T18:04:30.796+0000] {spark_submit.py:521} INFO - (spark.repl.local.jars,file:///opt/custom-jars/hadoop-aws-3.3.6.jar,file:///opt/custom-jars/aws-java-sdk-bundle-1.12.621.jar)
[2025-08-07T18:04:30.797+0000] {spark_submit.py:521} INFO - (spark.submit.deployMode,client)
[2025-08-07T18:04:30.797+0000] {spark_submit.py:521} INFO - (spark.submit.pyFiles,)
[2025-08-07T18:04:30.798+0000] {spark_submit.py:521} INFO - Classpath elements:
[2025-08-07T18:04:30.798+0000] {spark_submit.py:521} INFO - file:///opt/custom-jars/hadoop-aws-3.3.6.jar
[2025-08-07T18:04:30.798+0000] {spark_submit.py:521} INFO - file:///opt/custom-jars/aws-java-sdk-bundle-1.12.621.jar
[2025-08-07T18:04:30.799+0000] {spark_submit.py:521} INFO - 
[2025-08-07T18:04:30.799+0000] {spark_submit.py:521} INFO - 
[2025-08-07T18:04:33.430+0000] {spark_submit.py:521} INFO - Using Spark's default log4j profile: org/apache/spark/log4j2-defaults.properties
[2025-08-07T18:04:33.441+0000] {spark_submit.py:521} INFO - 25/08/07 18:04:33 INFO SparkContext: Running Spark version 4.0.0
[2025-08-07T18:04:33.450+0000] {spark_submit.py:521} INFO - 25/08/07 18:04:33 INFO SparkContext: OS info Linux, 5.15.167.4-microsoft-standard-WSL2, amd64
[2025-08-07T18:04:33.452+0000] {spark_submit.py:521} INFO - 25/08/07 18:04:33 INFO SparkContext: Java version 17.0.15
[2025-08-07T18:04:33.505+0000] {spark_submit.py:521} INFO - 25/08/07 18:04:33 INFO ResourceUtils: ==============================================================
[2025-08-07T18:04:33.507+0000] {spark_submit.py:521} INFO - 25/08/07 18:04:33 INFO ResourceUtils: No custom resources configured for spark.driver.
[2025-08-07T18:04:33.508+0000] {spark_submit.py:521} INFO - 25/08/07 18:04:33 INFO ResourceUtils: ==============================================================
[2025-08-07T18:04:33.510+0000] {spark_submit.py:521} INFO - 25/08/07 18:04:33 INFO SparkContext: Submitted application: test_s3a
[2025-08-07T18:04:33.576+0000] {spark_submit.py:521} INFO - 25/08/07 18:04:33 INFO ResourceProfile: Default ResourceProfile created, executor resources: Map(memory -> name: memory, amount: 1024, script: , vendor: , offHeap -> name: offHeap, amount: 0, script: , vendor: ), task resources: Map(cpus -> name: cpus, amount: 1.0)
[2025-08-07T18:04:33.584+0000] {spark_submit.py:521} INFO - 25/08/07 18:04:33 INFO ResourceProfile: Limiting resource is cpu
[2025-08-07T18:04:33.587+0000] {spark_submit.py:521} INFO - 25/08/07 18:04:33 INFO ResourceProfileManager: Added ResourceProfile id: 0
[2025-08-07T18:04:33.656+0000] {spark_submit.py:521} INFO - 25/08/07 18:04:33 INFO SecurityManager: Changing view acls to: ***
[2025-08-07T18:04:33.657+0000] {spark_submit.py:521} INFO - 25/08/07 18:04:33 INFO SecurityManager: Changing modify acls to: ***
[2025-08-07T18:04:33.657+0000] {spark_submit.py:521} INFO - 25/08/07 18:04:33 INFO SecurityManager: Changing view acls groups to: ***
[2025-08-07T18:04:33.658+0000] {spark_submit.py:521} INFO - 25/08/07 18:04:33 INFO SecurityManager: Changing modify acls groups to: ***
[2025-08-07T18:04:33.661+0000] {spark_submit.py:521} INFO - 25/08/07 18:04:33 INFO SecurityManager: SecurityManager: authentication disabled; ui acls disabled; users with view permissions: *** groups with view permissions: EMPTY; users with modify permissions: ***; groups with modify permissions: EMPTY; RPC SSL disabled
[2025-08-07T18:04:33.983+0000] {spark_submit.py:521} INFO - 25/08/07 18:04:33 INFO Utils: Successfully started service 'sparkDriver' on port 37065.
[2025-08-07T18:04:34.017+0000] {spark_submit.py:521} INFO - 25/08/07 18:04:34 INFO SparkEnv: Registering MapOutputTracker
[2025-08-07T18:04:34.035+0000] {spark_submit.py:521} INFO - 25/08/07 18:04:34 INFO SparkEnv: Registering BlockManagerMaster
[2025-08-07T18:04:34.052+0000] {spark_submit.py:521} INFO - 25/08/07 18:04:34 INFO BlockManagerMasterEndpoint: Using org.apache.spark.storage.DefaultTopologyMapper for getting topology information
[2025-08-07T18:04:34.052+0000] {spark_submit.py:521} INFO - 25/08/07 18:04:34 INFO BlockManagerMasterEndpoint: BlockManagerMasterEndpoint up
[2025-08-07T18:04:34.055+0000] {spark_submit.py:521} INFO - 25/08/07 18:04:34 INFO SparkEnv: Registering BlockManagerMasterHeartbeat
[2025-08-07T18:04:34.088+0000] {spark_submit.py:521} INFO - 25/08/07 18:04:34 INFO DiskBlockManager: Created local directory at /tmp/blockmgr-efbee907-43c8-4e00-bd2a-83ed1f38ae76
[2025-08-07T18:04:34.129+0000] {spark_submit.py:521} INFO - 25/08/07 18:04:34 INFO SparkEnv: Registering OutputCommitCoordinator
[2025-08-07T18:04:34.348+0000] {spark_submit.py:521} INFO - 25/08/07 18:04:34 INFO JettyUtils: Start Jetty 0.0.0.0:4040 for SparkUI
[2025-08-07T18:04:34.440+0000] {spark_submit.py:521} INFO - 25/08/07 18:04:34 INFO Utils: Successfully started service 'SparkUI' on port 4040.
[2025-08-07T18:04:34.478+0000] {spark_submit.py:521} INFO - 25/08/07 18:04:34 INFO SparkContext: Added JAR file:///opt/custom-jars/hadoop-aws-3.3.6.jar at spark://0d9cbc3d310d:37065/jars/hadoop-aws-3.3.6.jar with timestamp 1754589873420
[2025-08-07T18:04:34.478+0000] {spark_submit.py:521} INFO - 25/08/07 18:04:34 INFO SparkContext: Added JAR file:///opt/custom-jars/aws-java-sdk-bundle-1.12.621.jar at spark://0d9cbc3d310d:37065/jars/aws-java-sdk-bundle-1.12.621.jar with timestamp 1754589873420
[2025-08-07T18:04:34.510+0000] {spark_submit.py:521} INFO - 25/08/07 18:04:34 INFO SecurityManager: Changing view acls to: ***
[2025-08-07T18:04:34.510+0000] {spark_submit.py:521} INFO - 25/08/07 18:04:34 INFO SecurityManager: Changing modify acls to: ***
[2025-08-07T18:04:34.511+0000] {spark_submit.py:521} INFO - 25/08/07 18:04:34 INFO SecurityManager: Changing view acls groups to: ***
[2025-08-07T18:04:34.511+0000] {spark_submit.py:521} INFO - 25/08/07 18:04:34 INFO SecurityManager: Changing modify acls groups to: ***
[2025-08-07T18:04:34.512+0000] {spark_submit.py:521} INFO - 25/08/07 18:04:34 INFO SecurityManager: SecurityManager: authentication disabled; ui acls disabled; users with view permissions: *** groups with view permissions: EMPTY; users with modify permissions: ***; groups with modify permissions: EMPTY; RPC SSL disabled
[2025-08-07T18:04:34.744+0000] {spark_submit.py:521} INFO - 25/08/07 18:04:34 INFO StandaloneAppClient$ClientEndpoint: Connecting to master spark://spark-master:7077...
[2025-08-07T18:04:34.803+0000] {spark_submit.py:521} INFO - 25/08/07 18:04:34 INFO TransportClientFactory: Successfully created connection to spark-master/172.19.0.3:7077 after 29 ms (0 ms spent in bootstraps)
[2025-08-07T18:04:34.909+0000] {spark_submit.py:521} INFO - 25/08/07 18:04:34 INFO StandaloneSchedulerBackend: Connected to Spark cluster with app ID app-20250807180434-0011
[2025-08-07T18:04:34.920+0000] {spark_submit.py:521} INFO - 25/08/07 18:04:34 INFO StandaloneAppClient$ClientEndpoint: Executor added: app-20250807180434-0011/0 on worker-20250807152928-172.19.0.5-46073 (172.19.0.5:46073) with 2 core(s)
[2025-08-07T18:04:34.920+0000] {spark_submit.py:521} INFO - 25/08/07 18:04:34 INFO Utils: Successfully started service 'org.apache.spark.network.netty.NettyBlockTransferService' on port 36327.
[2025-08-07T18:04:34.921+0000] {spark_submit.py:521} INFO - 25/08/07 18:04:34 INFO NettyBlockTransferService: Server created on 0d9cbc3d310d:36327
[2025-08-07T18:04:34.922+0000] {spark_submit.py:521} INFO - 25/08/07 18:04:34 INFO BlockManager: Using org.apache.spark.storage.RandomBlockReplicationPolicy for block replication policy
[2025-08-07T18:04:34.925+0000] {spark_submit.py:521} INFO - 25/08/07 18:04:34 INFO StandaloneSchedulerBackend: Granted executor ID app-20250807180434-0011/0 on hostPort 172.19.0.5:46073 with 2 core(s), 1024.0 MiB RAM
[2025-08-07T18:04:34.938+0000] {spark_submit.py:521} INFO - 25/08/07 18:04:34 INFO BlockManagerMaster: Registering BlockManager BlockManagerId(driver, 0d9cbc3d310d, 36327, None)
[2025-08-07T18:04:34.943+0000] {spark_submit.py:521} INFO - 25/08/07 18:04:34 INFO BlockManagerMasterEndpoint: Registering block manager 0d9cbc3d310d:36327 with 434.4 MiB RAM, BlockManagerId(driver, 0d9cbc3d310d, 36327, None)
[2025-08-07T18:04:34.944+0000] {spark_submit.py:521} INFO - 25/08/07 18:04:34 INFO BlockManagerMaster: Registered BlockManager BlockManagerId(driver, 0d9cbc3d310d, 36327, None)
[2025-08-07T18:04:34.946+0000] {spark_submit.py:521} INFO - 25/08/07 18:04:34 INFO BlockManager: Initialized BlockManager: BlockManagerId(driver, 0d9cbc3d310d, 36327, None)
[2025-08-07T18:04:35.006+0000] {spark_submit.py:521} INFO - 25/08/07 18:04:35 INFO StandaloneAppClient$ClientEndpoint: Executor updated: app-20250807180434-0011/0 is now RUNNING
[2025-08-07T18:04:35.146+0000] {spark_submit.py:521} INFO - 25/08/07 18:04:35 INFO StandaloneSchedulerBackend: SchedulerBackend is ready for scheduling beginning after reached minRegisteredResourcesRatio: 0.0
[2025-08-07T18:04:37.577+0000] {spark_submit.py:521} INFO - 25/08/07 18:04:37 INFO SharedState: Setting hive.metastore.warehouse.dir ('null') to the value of spark.sql.warehouse.dir.
[2025-08-07T18:04:37.579+0000] {spark_submit.py:521} INFO - 25/08/07 18:04:37 INFO SharedState: Warehouse path is 'file:/opt/***/spark-warehouse'.
[2025-08-07T18:04:38.595+0000] {spark_submit.py:521} INFO - 25/08/07 18:04:38 INFO StandaloneSchedulerBackend$StandaloneDriverEndpoint: Registered executor NettyRpcEndpointRef(spark-client://Executor) (172.19.0.5:57986) with ID 0, ResourceProfileId 0
[2025-08-07T18:04:39.180+0000] {spark_submit.py:521} INFO - 25/08/07 18:04:39 WARN MetricsConfig: Cannot locate configuration: tried hadoop-metrics2-s3a-file-system.properties,hadoop-metrics2.properties
[2025-08-07T18:04:39.186+0000] {spark_submit.py:521} INFO - 25/08/07 18:04:39 INFO BlockManagerMasterEndpoint: Registering block manager 172.19.0.5:42939 with 434.4 MiB RAM, BlockManagerId(0, 172.19.0.5, 42939, None)
[2025-08-07T18:04:39.219+0000] {spark_submit.py:521} INFO - 25/08/07 18:04:39 INFO MetricsSystemImpl: Scheduled Metric snapshot period at 10 second(s).
[2025-08-07T18:04:39.220+0000] {spark_submit.py:521} INFO - 25/08/07 18:04:39 INFO MetricsSystemImpl: s3a-file-system metrics system started
[2025-08-07T18:04:39.235+0000] {spark_submit.py:521} INFO - 25/08/07 18:04:39 INFO MetricsSystemImpl: Stopping s3a-file-system metrics system...
[2025-08-07T18:04:39.235+0000] {spark_submit.py:521} INFO - 25/08/07 18:04:39 INFO MetricsSystemImpl: s3a-file-system metrics system stopped.
[2025-08-07T18:04:39.236+0000] {spark_submit.py:521} INFO - 25/08/07 18:04:39 INFO MetricsSystemImpl: s3a-file-system metrics system shutdown complete.
[2025-08-07T18:04:39.236+0000] {spark_submit.py:521} INFO - 25/08/07 18:04:39 WARN FileSystem: Failed to initialize filesystem s3a://bronze/topcv/topcv_jobs.parquet: java.lang.NumberFormatException: For input string: "60s"
[2025-08-07T18:04:39.240+0000] {spark_submit.py:521} INFO - 25/08/07 18:04:39 WARN FileStreamSink: Assume no metadata directory. Error while looking for metadata directory in the path: s3a://bronze/topcv/topcv_jobs.parquet.
[2025-08-07T18:04:39.240+0000] {spark_submit.py:521} INFO - java.lang.NumberFormatException: For input string: "60s"
[2025-08-07T18:04:39.240+0000] {spark_submit.py:521} INFO - at java.base/java.lang.NumberFormatException.forInputString(NumberFormatException.java:67)
[2025-08-07T18:04:39.241+0000] {spark_submit.py:521} INFO - at java.base/java.lang.Long.parseLong(Long.java:711)
[2025-08-07T18:04:39.241+0000] {spark_submit.py:521} INFO - at java.base/java.lang.Long.parseLong(Long.java:836)
[2025-08-07T18:04:39.241+0000] {spark_submit.py:521} INFO - at org.apache.hadoop.conf.Configuration.getLong(Configuration.java:1607)
[2025-08-07T18:04:39.241+0000] {spark_submit.py:521} INFO - at org.apache.hadoop.fs.s3a.S3AUtils.longOption(S3AUtils.java:985)
[2025-08-07T18:04:39.242+0000] {spark_submit.py:521} INFO - at org.apache.hadoop.fs.s3a.S3AFileSystem.initThreadPools(S3AFileSystem.java:785)
[2025-08-07T18:04:39.242+0000] {spark_submit.py:521} INFO - at org.apache.hadoop.fs.s3a.S3AFileSystem.initialize(S3AFileSystem.java:555)
[2025-08-07T18:04:39.243+0000] {spark_submit.py:521} INFO - at org.apache.hadoop.fs.FileSystem.createFileSystem(FileSystem.java:3615)
[2025-08-07T18:04:39.243+0000] {spark_submit.py:521} INFO - at org.apache.hadoop.fs.FileSystem.access$300(FileSystem.java:172)
[2025-08-07T18:04:39.244+0000] {spark_submit.py:521} INFO - at org.apache.hadoop.fs.FileSystem$Cache.getInternal(FileSystem.java:3716)
[2025-08-07T18:04:39.244+0000] {spark_submit.py:521} INFO - at org.apache.hadoop.fs.FileSystem$Cache.get(FileSystem.java:3667)
[2025-08-07T18:04:39.245+0000] {spark_submit.py:521} INFO - at org.apache.hadoop.fs.FileSystem.get(FileSystem.java:557)
[2025-08-07T18:04:39.245+0000] {spark_submit.py:521} INFO - at org.apache.hadoop.fs.Path.getFileSystem(Path.java:366)
[2025-08-07T18:04:39.246+0000] {spark_submit.py:521} INFO - at org.apache.spark.sql.execution.streaming.FileStreamSink$.hasMetadata(FileStreamSink.scala:55)
[2025-08-07T18:04:39.246+0000] {spark_submit.py:521} INFO - at org.apache.spark.sql.execution.datasources.DataSource.resolveRelation(DataSource.scala:381)
[2025-08-07T18:04:39.246+0000] {spark_submit.py:521} INFO - at org.apache.spark.sql.catalyst.analysis.ResolveDataSource.org$apache$spark$sql$catalyst$analysis$ResolveDataSource$$loadV1BatchSource(ResolveDataSource.scala:143)
[2025-08-07T18:04:39.246+0000] {spark_submit.py:521} INFO - at org.apache.spark.sql.catalyst.analysis.ResolveDataSource$$anonfun$apply$1.$anonfun$applyOrElse$2(ResolveDataSource.scala:61)
[2025-08-07T18:04:39.247+0000] {spark_submit.py:521} INFO - at scala.Option.getOrElse(Option.scala:201)
[2025-08-07T18:04:39.247+0000] {spark_submit.py:521} INFO - at org.apache.spark.sql.catalyst.analysis.ResolveDataSource$$anonfun$apply$1.applyOrElse(ResolveDataSource.scala:61)
[2025-08-07T18:04:39.247+0000] {spark_submit.py:521} INFO - at org.apache.spark.sql.catalyst.analysis.ResolveDataSource$$anonfun$apply$1.applyOrElse(ResolveDataSource.scala:45)
[2025-08-07T18:04:39.248+0000] {spark_submit.py:521} INFO - at org.apache.spark.sql.catalyst.plans.logical.AnalysisHelper.$anonfun$resolveOperatorsUpWithPruning$3(AnalysisHelper.scala:139)
[2025-08-07T18:04:39.248+0000] {spark_submit.py:521} INFO - at org.apache.spark.sql.catalyst.trees.CurrentOrigin$.withOrigin(origin.scala:86)
[2025-08-07T18:04:39.248+0000] {spark_submit.py:521} INFO - at org.apache.spark.sql.catalyst.plans.logical.AnalysisHelper.$anonfun$resolveOperatorsUpWithPruning$1(AnalysisHelper.scala:139)
[2025-08-07T18:04:39.248+0000] {spark_submit.py:521} INFO - at org.apache.spark.sql.catalyst.plans.logical.AnalysisHelper$.allowInvokingTransformsInAnalyzer(AnalysisHelper.scala:416)
[2025-08-07T18:04:39.249+0000] {spark_submit.py:521} INFO - at org.apache.spark.sql.catalyst.plans.logical.AnalysisHelper.resolveOperatorsUpWithPruning(AnalysisHelper.scala:135)
[2025-08-07T18:04:39.249+0000] {spark_submit.py:521} INFO - at org.apache.spark.sql.catalyst.plans.logical.AnalysisHelper.resolveOperatorsUpWithPruning$(AnalysisHelper.scala:131)
[2025-08-07T18:04:39.249+0000] {spark_submit.py:521} INFO - at org.apache.spark.sql.catalyst.plans.logical.LogicalPlan.resolveOperatorsUpWithPruning(LogicalPlan.scala:37)
[2025-08-07T18:04:39.250+0000] {spark_submit.py:521} INFO - at org.apache.spark.sql.catalyst.plans.logical.AnalysisHelper.resolveOperatorsUp(AnalysisHelper.scala:112)
[2025-08-07T18:04:39.250+0000] {spark_submit.py:521} INFO - at org.apache.spark.sql.catalyst.plans.logical.AnalysisHelper.resolveOperatorsUp$(AnalysisHelper.scala:111)
[2025-08-07T18:04:39.250+0000] {spark_submit.py:521} INFO - at org.apache.spark.sql.catalyst.plans.logical.LogicalPlan.resolveOperatorsUp(LogicalPlan.scala:37)
[2025-08-07T18:04:39.251+0000] {spark_submit.py:521} INFO - at org.apache.spark.sql.catalyst.analysis.ResolveDataSource.apply(ResolveDataSource.scala:45)
[2025-08-07T18:04:39.251+0000] {spark_submit.py:521} INFO - at org.apache.spark.sql.catalyst.analysis.ResolveDataSource.apply(ResolveDataSource.scala:43)
[2025-08-07T18:04:39.252+0000] {spark_submit.py:521} INFO - at org.apache.spark.sql.catalyst.rules.RuleExecutor.$anonfun$execute$2(RuleExecutor.scala:242)
[2025-08-07T18:04:39.252+0000] {spark_submit.py:521} INFO - at scala.collection.LinearSeqOps.foldLeft(LinearSeq.scala:183)
[2025-08-07T18:04:39.252+0000] {spark_submit.py:521} INFO - at scala.collection.LinearSeqOps.foldLeft$(LinearSeq.scala:179)
[2025-08-07T18:04:39.253+0000] {spark_submit.py:521} INFO - at scala.collection.immutable.List.foldLeft(List.scala:79)
[2025-08-07T18:04:39.253+0000] {spark_submit.py:521} INFO - at org.apache.spark.sql.catalyst.rules.RuleExecutor.$anonfun$execute$1(RuleExecutor.scala:239)
[2025-08-07T18:04:39.254+0000] {spark_submit.py:521} INFO - at org.apache.spark.sql.catalyst.rules.RuleExecutor.$anonfun$execute$1$adapted(RuleExecutor.scala:231)
[2025-08-07T18:04:39.254+0000] {spark_submit.py:521} INFO - at scala.collection.immutable.List.foreach(List.scala:334)
[2025-08-07T18:04:39.255+0000] {spark_submit.py:521} INFO - at org.apache.spark.sql.catalyst.rules.RuleExecutor.execute(RuleExecutor.scala:231)
[2025-08-07T18:04:39.255+0000] {spark_submit.py:521} INFO - at org.apache.spark.sql.catalyst.analysis.Analyzer.org$apache$spark$sql$catalyst$analysis$Analyzer$$executeSameContext(Analyzer.scala:290)
[2025-08-07T18:04:39.255+0000] {spark_submit.py:521} INFO - at org.apache.spark.sql.catalyst.analysis.Analyzer.$anonfun$execute$1(Analyzer.scala:286)
[2025-08-07T18:04:39.256+0000] {spark_submit.py:521} INFO - at org.apache.spark.sql.catalyst.analysis.AnalysisContext$.withNewAnalysisContext(Analyzer.scala:234)
[2025-08-07T18:04:39.256+0000] {spark_submit.py:521} INFO - at org.apache.spark.sql.catalyst.analysis.Analyzer.execute(Analyzer.scala:286)
[2025-08-07T18:04:39.256+0000] {spark_submit.py:521} INFO - at org.apache.spark.sql.catalyst.analysis.Analyzer.execute(Analyzer.scala:249)
[2025-08-07T18:04:39.257+0000] {spark_submit.py:521} INFO - at org.apache.spark.sql.catalyst.rules.RuleExecutor.$anonfun$executeAndTrack$1(RuleExecutor.scala:201)
[2025-08-07T18:04:39.257+0000] {spark_submit.py:521} INFO - at org.apache.spark.sql.catalyst.QueryPlanningTracker$.withTracker(QueryPlanningTracker.scala:89)
[2025-08-07T18:04:39.257+0000] {spark_submit.py:521} INFO - at org.apache.spark.sql.catalyst.rules.RuleExecutor.executeAndTrack(RuleExecutor.scala:201)
[2025-08-07T18:04:39.257+0000] {spark_submit.py:521} INFO - at org.apache.spark.sql.catalyst.analysis.resolver.HybridAnalyzer.resolveInFixedPoint(HybridAnalyzer.scala:190)
[2025-08-07T18:04:39.258+0000] {spark_submit.py:521} INFO - at org.apache.spark.sql.catalyst.analysis.resolver.HybridAnalyzer.$anonfun$apply$1(HybridAnalyzer.scala:76)
[2025-08-07T18:04:39.258+0000] {spark_submit.py:521} INFO - at org.apache.spark.sql.catalyst.analysis.resolver.HybridAnalyzer.withTrackedAnalyzerBridgeState(HybridAnalyzer.scala:111)
[2025-08-07T18:04:39.259+0000] {spark_submit.py:521} INFO - at org.apache.spark.sql.catalyst.analysis.resolver.HybridAnalyzer.apply(HybridAnalyzer.scala:71)
[2025-08-07T18:04:39.259+0000] {spark_submit.py:521} INFO - at org.apache.spark.sql.catalyst.analysis.Analyzer.$anonfun$executeAndCheck$1(Analyzer.scala:280)
[2025-08-07T18:04:39.259+0000] {spark_submit.py:521} INFO - at org.apache.spark.sql.catalyst.plans.logical.AnalysisHelper$.markInAnalyzer(AnalysisHelper.scala:423)
[2025-08-07T18:04:39.259+0000] {spark_submit.py:521} INFO - at org.apache.spark.sql.catalyst.analysis.Analyzer.executeAndCheck(Analyzer.scala:280)
[2025-08-07T18:04:39.260+0000] {spark_submit.py:521} INFO - at org.apache.spark.sql.execution.QueryExecution.$anonfun$lazyAnalyzed$2(QueryExecution.scala:110)
[2025-08-07T18:04:39.260+0000] {spark_submit.py:521} INFO - at org.apache.spark.sql.catalyst.QueryPlanningTracker.measurePhase(QueryPlanningTracker.scala:148)
[2025-08-07T18:04:39.260+0000] {spark_submit.py:521} INFO - at org.apache.spark.sql.execution.QueryExecution.$anonfun$executePhase$2(QueryExecution.scala:278)
[2025-08-07T18:04:39.260+0000] {spark_submit.py:521} INFO - at org.apache.spark.sql.execution.QueryExecution$.withInternalError(QueryExecution.scala:654)
[2025-08-07T18:04:39.260+0000] {spark_submit.py:521} INFO - at org.apache.spark.sql.execution.QueryExecution.$anonfun$executePhase$1(QueryExecution.scala:278)
[2025-08-07T18:04:39.261+0000] {spark_submit.py:521} INFO - at org.apache.spark.sql.SparkSession.withActive(SparkSession.scala:804)
[2025-08-07T18:04:39.261+0000] {spark_submit.py:521} INFO - at org.apache.spark.sql.execution.QueryExecution.executePhase(QueryExecution.scala:277)
[2025-08-07T18:04:39.261+0000] {spark_submit.py:521} INFO - at org.apache.spark.sql.execution.QueryExecution.$anonfun$lazyAnalyzed$1(QueryExecution.scala:110)
[2025-08-07T18:04:39.261+0000] {spark_submit.py:521} INFO - at scala.util.Try$.apply(Try.scala:217)
[2025-08-07T18:04:39.262+0000] {spark_submit.py:521} INFO - at org.apache.spark.util.Utils$.doTryWithCallerStacktrace(Utils.scala:1378)
[2025-08-07T18:04:39.262+0000] {spark_submit.py:521} INFO - at org.apache.spark.util.LazyTry.tryT$lzycompute(LazyTry.scala:46)
[2025-08-07T18:04:39.262+0000] {spark_submit.py:521} INFO - at org.apache.spark.util.LazyTry.tryT(LazyTry.scala:46)
[2025-08-07T18:04:39.262+0000] {spark_submit.py:521} INFO - at org.apache.spark.util.LazyTry.get(LazyTry.scala:58)
[2025-08-07T18:04:39.263+0000] {spark_submit.py:521} INFO - at org.apache.spark.sql.execution.QueryExecution.analyzed(QueryExecution.scala:121)
[2025-08-07T18:04:39.263+0000] {spark_submit.py:521} INFO - at org.apache.spark.sql.execution.QueryExecution.assertAnalyzed(QueryExecution.scala:80)
[2025-08-07T18:04:39.263+0000] {spark_submit.py:521} INFO - at org.apache.spark.sql.classic.Dataset$.$anonfun$ofRows$1(Dataset.scala:115)
[2025-08-07T18:04:39.264+0000] {spark_submit.py:521} INFO - at org.apache.spark.sql.SparkSession.withActive(SparkSession.scala:804)
[2025-08-07T18:04:39.264+0000] {spark_submit.py:521} INFO - at org.apache.spark.sql.classic.Dataset$.ofRows(Dataset.scala:113)
[2025-08-07T18:04:39.265+0000] {spark_submit.py:521} INFO - at org.apache.spark.sql.classic.DataFrameReader.load(DataFrameReader.scala:109)
[2025-08-07T18:04:39.265+0000] {spark_submit.py:521} INFO - at org.apache.spark.sql.classic.DataFrameReader.load(DataFrameReader.scala:58)
[2025-08-07T18:04:39.266+0000] {spark_submit.py:521} INFO - at org.apache.spark.sql.DataFrameReader.parquet(DataFrameReader.scala:457)
[2025-08-07T18:04:39.266+0000] {spark_submit.py:521} INFO - at org.apache.spark.sql.classic.DataFrameReader.parquet(DataFrameReader.scala:306)
[2025-08-07T18:04:39.266+0000] {spark_submit.py:521} INFO - at org.apache.spark.sql.classic.DataFrameReader.parquet(DataFrameReader.scala:58)
[2025-08-07T18:04:39.267+0000] {spark_submit.py:521} INFO - at java.base/jdk.internal.reflect.NativeMethodAccessorImpl.invoke0(Native Method)
[2025-08-07T18:04:39.267+0000] {spark_submit.py:521} INFO - at java.base/jdk.internal.reflect.NativeMethodAccessorImpl.invoke(NativeMethodAccessorImpl.java:77)
[2025-08-07T18:04:39.267+0000] {spark_submit.py:521} INFO - at java.base/jdk.internal.reflect.DelegatingMethodAccessorImpl.invoke(DelegatingMethodAccessorImpl.java:43)
[2025-08-07T18:04:39.268+0000] {spark_submit.py:521} INFO - at java.base/java.lang.reflect.Method.invoke(Method.java:569)
[2025-08-07T18:04:39.268+0000] {spark_submit.py:521} INFO - at py4j.reflection.MethodInvoker.invoke(MethodInvoker.java:244)
[2025-08-07T18:04:39.269+0000] {spark_submit.py:521} INFO - at py4j.reflection.ReflectionEngine.invoke(ReflectionEngine.java:374)
[2025-08-07T18:04:39.270+0000] {spark_submit.py:521} INFO - at py4j.Gateway.invoke(Gateway.java:282)
[2025-08-07T18:04:39.270+0000] {spark_submit.py:521} INFO - at py4j.commands.AbstractCommand.invokeMethod(AbstractCommand.java:132)
[2025-08-07T18:04:39.271+0000] {spark_submit.py:521} INFO - at py4j.commands.CallCommand.execute(CallCommand.java:79)
[2025-08-07T18:04:39.271+0000] {spark_submit.py:521} INFO - at py4j.ClientServerConnection.waitForCommands(ClientServerConnection.java:184)
[2025-08-07T18:04:39.271+0000] {spark_submit.py:521} INFO - at py4j.ClientServerConnection.run(ClientServerConnection.java:108)
[2025-08-07T18:04:39.272+0000] {spark_submit.py:521} INFO - at java.base/java.lang.Thread.run(Thread.java:840)
[2025-08-07T18:04:39.272+0000] {spark_submit.py:521} INFO - 25/08/07 18:04:39 WARN MetricsConfig: Cannot locate configuration: tried hadoop-metrics2-s3a-file-system.properties,hadoop-metrics2.properties
[2025-08-07T18:04:39.272+0000] {spark_submit.py:521} INFO - 25/08/07 18:04:39 INFO MetricsSystemImpl: Scheduled Metric snapshot period at 10 second(s).
[2025-08-07T18:04:39.273+0000] {spark_submit.py:521} INFO - 25/08/07 18:04:39 INFO MetricsSystemImpl: s3a-file-system metrics system started
[2025-08-07T18:04:39.273+0000] {spark_submit.py:521} INFO - 25/08/07 18:04:39 INFO MetricsSystemImpl: Stopping s3a-file-system metrics system...
[2025-08-07T18:04:39.273+0000] {spark_submit.py:521} INFO - 25/08/07 18:04:39 INFO MetricsSystemImpl: s3a-file-system metrics system stopped.
[2025-08-07T18:04:39.273+0000] {spark_submit.py:521} INFO - 25/08/07 18:04:39 INFO MetricsSystemImpl: s3a-file-system metrics system shutdown complete.
[2025-08-07T18:04:39.274+0000] {spark_submit.py:521} INFO - 25/08/07 18:04:39 WARN FileSystem: Failed to initialize filesystem s3a://bronze/topcv/topcv_jobs.parquet: java.lang.NumberFormatException: For input string: "60s"
[2025-08-07T18:04:39.335+0000] {spark_submit.py:521} INFO - Traceback (most recent call last):
[2025-08-07T18:04:39.335+0000] {spark_submit.py:521} INFO - File "/opt/spark-jobs/gold_transform.py", line 4, in <module>
[2025-08-07T18:04:39.337+0000] {spark_submit.py:521} INFO - df = spark.read.parquet("s3a://bronze/topcv/topcv_jobs.parquet")
[2025-08-07T18:04:39.337+0000] {spark_submit.py:521} INFO - ^^^^^^^^^^^^^^^^^^^^^^^^^^^^^^^^^^^^^^^^^^^^^^^^^^^^^^^^^^^
[2025-08-07T18:04:39.338+0000] {spark_submit.py:521} INFO - File "/home/***/.local/lib/python3.11/site-packages/pyspark/python/lib/pyspark.zip/pyspark/sql/readwriter.py", line 642, in parquet
[2025-08-07T18:04:39.345+0000] {spark_submit.py:521} INFO - File "/home/***/.local/lib/python3.11/site-packages/pyspark/python/lib/py4j-0.10.9.9-src.zip/py4j/java_gateway.py", line 1362, in __call__
[2025-08-07T18:04:39.346+0000] {spark_submit.py:521} INFO - File "/home/***/.local/lib/python3.11/site-packages/pyspark/python/lib/pyspark.zip/pyspark/errors/exceptions/captured.py", line 288, in deco
[2025-08-07T18:04:39.352+0000] {spark_submit.py:521} INFO - pyspark.errors.exceptions.captured.NumberFormatException: For input string: "60s"
[2025-08-07T18:04:39.922+0000] {spark_submit.py:521} INFO - 25/08/07 18:04:39 INFO SparkContext: Invoking stop() from shutdown hook
[2025-08-07T18:04:39.946+0000] {spark_submit.py:521} INFO - 25/08/07 18:04:39 INFO SparkContext: SparkContext is stopping with exitCode 0 from run at Executors.java:539.
[2025-08-07T18:04:39.975+0000] {spark_submit.py:521} INFO - 25/08/07 18:04:39 INFO SparkUI: Stopped Spark web UI at http://0d9cbc3d310d:4040
[2025-08-07T18:04:39.979+0000] {spark_submit.py:521} INFO - 25/08/07 18:04:39 INFO StandaloneSchedulerBackend: Shutting down all executors
[2025-08-07T18:04:39.980+0000] {spark_submit.py:521} INFO - 25/08/07 18:04:39 INFO StandaloneSchedulerBackend$StandaloneDriverEndpoint: Asking each executor to shut down
[2025-08-07T18:04:40.013+0000] {spark_submit.py:521} INFO - 25/08/07 18:04:40 INFO MapOutputTrackerMasterEndpoint: MapOutputTrackerMasterEndpoint stopped!
[2025-08-07T18:04:40.105+0000] {spark_submit.py:521} INFO - 25/08/07 18:04:40 INFO MemoryStore: MemoryStore started with capacity 434.4 MiB
[2025-08-07T18:04:40.106+0000] {spark_submit.py:521} INFO - 25/08/07 18:04:40 INFO MemoryStore: MemoryStore cleared
[2025-08-07T18:04:40.106+0000] {spark_submit.py:521} INFO - 25/08/07 18:04:40 INFO BlockManager: BlockManager stopped
[2025-08-07T18:04:40.132+0000] {spark_submit.py:521} INFO - 25/08/07 18:04:40 INFO BlockManagerMaster: BlockManagerMaster stopped
[2025-08-07T18:04:40.139+0000] {spark_submit.py:521} INFO - 25/08/07 18:04:40 INFO OutputCommitCoordinator$OutputCommitCoordinatorEndpoint: OutputCommitCoordinator stopped!
[2025-08-07T18:04:40.159+0000] {spark_submit.py:521} INFO - 25/08/07 18:04:40 INFO SparkContext: Successfully stopped SparkContext
[2025-08-07T18:04:40.160+0000] {spark_submit.py:521} INFO - 25/08/07 18:04:40 INFO ShutdownHookManager: Shutdown hook called
[2025-08-07T18:04:40.160+0000] {spark_submit.py:521} INFO - 25/08/07 18:04:40 INFO ShutdownHookManager: Deleting directory /tmp/spark-71a09faa-cdef-4a82-a0b1-d23d68e550dd
[2025-08-07T18:04:40.168+0000] {spark_submit.py:521} INFO - 25/08/07 18:04:40 INFO ShutdownHookManager: Deleting directory /tmp/spark-71a09faa-cdef-4a82-a0b1-d23d68e550dd/pyspark-22e8fb0e-5326-492d-a851-b43797c77521
[2025-08-07T18:04:40.173+0000] {spark_submit.py:521} INFO - 25/08/07 18:04:40 INFO ShutdownHookManager: Deleting directory /tmp/spark-bbe1c4bf-9e28-4154-a7a3-bc0132727e48
[2025-08-07T18:04:40.553+0000] {taskinstance.py:441} INFO - ::group::Post task execution logs
[2025-08-07T18:04:40.709+0000] {taskinstance.py:2905} ERROR - Task failed with exception
Traceback (most recent call last):
  File "/home/airflow/.local/lib/python3.11/site-packages/airflow/models/taskinstance.py", line 465, in _execute_task
    result = _execute_callable(context=context, **execute_callable_kwargs)
             ^^^^^^^^^^^^^^^^^^^^^^^^^^^^^^^^^^^^^^^^^^^^^^^^^^^^^^^^^^^^^
  File "/home/airflow/.local/lib/python3.11/site-packages/airflow/models/taskinstance.py", line 432, in _execute_callable
    return execute_callable(context=context, **execute_callable_kwargs)
           ^^^^^^^^^^^^^^^^^^^^^^^^^^^^^^^^^^^^^^^^^^^^^^^^^^^^^^^^^^^^
  File "/home/airflow/.local/lib/python3.11/site-packages/airflow/models/baseoperator.py", line 400, in wrapper
    return func(self, *args, **kwargs)
           ^^^^^^^^^^^^^^^^^^^^^^^^^^^
  File "/home/airflow/.local/lib/python3.11/site-packages/airflow/providers/apache/spark/operators/spark_submit.py", line 156, in execute
    self._hook.submit(self._application)
  File "/home/airflow/.local/lib/python3.11/site-packages/airflow/providers/apache/spark/hooks/spark_submit.py", line 452, in submit
    raise AirflowException(
airflow.exceptions.AirflowException: Cannot execute: spark-submit --master spark://spark-master:7077 --conf spark.hadoop.fs.s3a.endpoint=http://minio:9000 --conf spark.hadoop.fs.s3a.access.key=minioadmin --conf spark.hadoop.fs.s3a.secret.key=****** --conf spark.hadoop.fs.s3a.path.style.access=true --conf spark.hadoop.fs.s3a.impl=org.apache.hadoop.fs.s3a.S3AFileSystem --conf spark.hadoop.fs.s3a.connection.ssl.enabled=false --conf spark.hadoop.fs.s3a.aws.credentials.provider=org.apache.hadoop.fs.s3a.SimpleAWSCredentialsProvider --conf spark.hadoop.fs.s3a.connection.timeout=60000 --conf spark.hadoop.fs.s3a.connection.establish.timeout=60000 --conf spark.hadoop.fs.s3a.connection.request.timeout=60000 --conf spark.hadoop.fs.s3a.attempts.maximum=20 --jars /opt/custom-jars/hadoop-aws-3.3.6.jar,/opt/custom-jars/aws-java-sdk-bundle-1.12.621.jar --name arrow-spark --verbose /opt/spark-jobs/gold_transform.py. Error code is: 1.
[2025-08-07T18:04:40.735+0000] {taskinstance.py:1206} INFO - Marking task as FAILED. dag_id=spark_transform_topcv, task_id=submit_spark_job, run_id=manual__2025-08-07T18:04:23.596324+00:00, execution_date=20250807T180423, start_date=20250807T180427, end_date=20250807T180440
[2025-08-07T18:04:40.864+0000] {standard_task_runner.py:110} ERROR - Failed to execute job 90 for task submit_spark_job (Cannot execute: spark-submit --master spark://spark-master:7077 --conf spark.hadoop.fs.s3a.endpoint=http://minio:9000 --conf spark.hadoop.fs.s3a.access.key=minioadmin --conf spark.hadoop.fs.s3a.secret.key=****** --conf spark.hadoop.fs.s3a.path.style.access=true --conf spark.hadoop.fs.s3a.impl=org.apache.hadoop.fs.s3a.S3AFileSystem --conf spark.hadoop.fs.s3a.connection.ssl.enabled=false --conf spark.hadoop.fs.s3a.aws.credentials.provider=org.apache.hadoop.fs.s3a.SimpleAWSCredentialsProvider --conf spark.hadoop.fs.s3a.connection.timeout=60000 --conf spark.hadoop.fs.s3a.connection.establish.timeout=60000 --conf spark.hadoop.fs.s3a.connection.request.timeout=60000 --conf spark.hadoop.fs.s3a.attempts.maximum=20 --jars /opt/custom-jars/hadoop-aws-3.3.6.jar,/opt/custom-jars/aws-java-sdk-bundle-1.12.621.jar --name arrow-spark --verbose /opt/spark-jobs/gold_transform.py. Error code is: 1.; 436)
[2025-08-07T18:04:40.900+0000] {local_task_job_runner.py:240} INFO - Task exited with return code 1
[2025-08-07T18:04:40.918+0000] {taskinstance.py:3498} INFO - 0 downstream tasks scheduled from follow-on schedule check
[2025-08-07T18:04:40.921+0000] {local_task_job_runner.py:222} INFO - ::endgroup::
