[2025-08-09T16:00:53.654+0000] {local_task_job_runner.py:120} INFO - ::group::Pre task execution logs
[2025-08-09T16:00:53.690+0000] {taskinstance.py:2076} INFO - Dependencies all met for dep_context=non-requeueable deps ti=<TaskInstance: spark_transform_topcv.submit_spark_job manual__2025-08-09T16:00:49.948693+00:00 [queued]>
[2025-08-09T16:00:53.696+0000] {taskinstance.py:2076} INFO - Dependencies all met for dep_context=requeueable deps ti=<TaskInstance: spark_transform_topcv.submit_spark_job manual__2025-08-09T16:00:49.948693+00:00 [queued]>
[2025-08-09T16:00:53.697+0000] {taskinstance.py:2306} INFO - Starting attempt 1 of 1
[2025-08-09T16:00:53.710+0000] {taskinstance.py:2330} INFO - Executing <Task(SparkSubmitOperator): submit_spark_job> on 2025-08-09 16:00:49.948693+00:00
[2025-08-09T16:00:53.717+0000] {standard_task_runner.py:63} INFO - Started process 691 to run task
[2025-08-09T16:00:53.720+0000] {standard_task_runner.py:90} INFO - Running: ['***', 'tasks', 'run', 'spark_transform_topcv', 'submit_spark_job', 'manual__2025-08-09T16:00:49.948693+00:00', '--job-id', '55', '--raw', '--subdir', 'DAGS_FOLDER/etl_jobs_dag.py', '--cfg-path', '/tmp/tmpt140e0h7']
[2025-08-09T16:00:53.722+0000] {standard_task_runner.py:91} INFO - Job 55: Subtask submit_spark_job
[2025-08-09T16:00:53.780+0000] {task_command.py:426} INFO - Running <TaskInstance: spark_transform_topcv.submit_spark_job manual__2025-08-09T16:00:49.948693+00:00 [running]> on host 7239c47c7114
[2025-08-09T16:00:53.881+0000] {taskinstance.py:2648} INFO - Exporting env vars: AIRFLOW_CTX_DAG_OWNER='***' AIRFLOW_CTX_DAG_ID='spark_transform_topcv' AIRFLOW_CTX_TASK_ID='submit_spark_job' AIRFLOW_CTX_EXECUTION_DATE='2025-08-09T16:00:49.948693+00:00' AIRFLOW_CTX_TRY_NUMBER='1' AIRFLOW_CTX_DAG_RUN_ID='manual__2025-08-09T16:00:49.948693+00:00'
[2025-08-09T16:00:53.882+0000] {taskinstance.py:430} INFO - ::endgroup::
[2025-08-09T16:00:53.918+0000] {base.py:84} INFO - Using connection ID 'spark_default' for task execution.
[2025-08-09T16:00:53.920+0000] {spark_submit.py:351} INFO - Spark-Submit cmd: spark-submit --master  --conf spark.master=local[*] --conf spark.jars=/opt/custom-jars/gcs-connector-hadoop3-2.2.14-shaded.jar --conf spark.hadoop.fs.gs.impl=com.google.cloud.hadoop.fs.gcs.GoogleHadoopFileSystem --conf spark.hadoop.fs.AbstractFileSystem.gs.impl=com.google.cloud.hadoop.fs.gcs.GoogleHadoopFS --conf spark.hadoop.google.cloud.auth.service.account.enable=true --conf spark.hadoop.google.cloud.auth.service.account.json.keyfile=/opt/***/gcp-key.json --name arrow-spark --verbose /opt/spark-jobs/gold_transform.py
[2025-08-09T16:00:54.800+0000] {spark_submit.py:521} INFO - WARNING: Using incubator modules: jdk.incubator.vector
[2025-08-09T16:00:57.315+0000] {spark_submit.py:521} INFO - Parsed arguments:
[2025-08-09T16:00:57.318+0000] {spark_submit.py:521} INFO - master
[2025-08-09T16:00:57.318+0000] {spark_submit.py:521} INFO - remote                  null
[2025-08-09T16:00:57.319+0000] {spark_submit.py:521} INFO - deployMode              null
[2025-08-09T16:00:57.320+0000] {spark_submit.py:521} INFO - executorMemory          null
[2025-08-09T16:00:57.321+0000] {spark_submit.py:521} INFO - executorCores           null
[2025-08-09T16:00:57.321+0000] {spark_submit.py:521} INFO - totalExecutorCores      null
[2025-08-09T16:00:57.322+0000] {spark_submit.py:521} INFO - propertiesFile          null
[2025-08-09T16:00:57.322+0000] {spark_submit.py:521} INFO - driverMemory            null
[2025-08-09T16:00:57.322+0000] {spark_submit.py:521} INFO - driverCores             null
[2025-08-09T16:00:57.322+0000] {spark_submit.py:521} INFO - driverExtraClassPath    null
[2025-08-09T16:00:57.323+0000] {spark_submit.py:521} INFO - driverExtraLibraryPath  null
[2025-08-09T16:00:57.323+0000] {spark_submit.py:521} INFO - driverExtraJavaOptions  null
[2025-08-09T16:00:57.323+0000] {spark_submit.py:521} INFO - supervise               false
[2025-08-09T16:00:57.323+0000] {spark_submit.py:521} INFO - queue                   null
[2025-08-09T16:00:57.324+0000] {spark_submit.py:521} INFO - numExecutors            null
[2025-08-09T16:00:57.324+0000] {spark_submit.py:521} INFO - files                   null
[2025-08-09T16:00:57.324+0000] {spark_submit.py:521} INFO - pyFiles                 null
[2025-08-09T16:00:57.324+0000] {spark_submit.py:521} INFO - archives                null
[2025-08-09T16:00:57.325+0000] {spark_submit.py:521} INFO - mainClass               null
[2025-08-09T16:00:57.325+0000] {spark_submit.py:521} INFO - primaryResource         file:/opt/spark-jobs/gold_transform.py
[2025-08-09T16:00:57.325+0000] {spark_submit.py:521} INFO - name                    arrow-spark
[2025-08-09T16:00:57.325+0000] {spark_submit.py:521} INFO - childArgs               []
[2025-08-09T16:00:57.326+0000] {spark_submit.py:521} INFO - jars                    /opt/custom-jars/gcs-connector-hadoop3-2.2.14-shaded.jar
[2025-08-09T16:00:57.326+0000] {spark_submit.py:521} INFO - packages                null
[2025-08-09T16:00:57.326+0000] {spark_submit.py:521} INFO - packagesExclusions      null
[2025-08-09T16:00:57.326+0000] {spark_submit.py:521} INFO - repositories            null
[2025-08-09T16:00:57.326+0000] {spark_submit.py:521} INFO - verbose                 true
[2025-08-09T16:00:57.327+0000] {spark_submit.py:521} INFO - 
[2025-08-09T16:00:57.327+0000] {spark_submit.py:521} INFO - Spark properties used, including those specified through
[2025-08-09T16:00:57.327+0000] {spark_submit.py:521} INFO - --conf and those from the properties file null:
[2025-08-09T16:00:57.327+0000] {spark_submit.py:521} INFO - (spark.hadoop.fs.AbstractFileSystem.gs.impl,com.google.cloud.hadoop.fs.gcs.GoogleHadoopFS)
[2025-08-09T16:00:57.328+0000] {spark_submit.py:521} INFO - (spark.hadoop.fs.gs.impl,com.google.cloud.hadoop.fs.gcs.GoogleHadoopFileSystem)
[2025-08-09T16:00:57.328+0000] {spark_submit.py:521} INFO - (spark.hadoop.google.cloud.auth.service.account.enable,true)
[2025-08-09T16:00:57.328+0000] {spark_submit.py:521} INFO - (spark.hadoop.google.cloud.auth.service.account.json.keyfile,/opt/***/gcp-key.json)
[2025-08-09T16:00:57.329+0000] {spark_submit.py:521} INFO - (spark.jars,/opt/custom-jars/gcs-connector-hadoop3-2.2.14-shaded.jar)
[2025-08-09T16:00:57.329+0000] {spark_submit.py:521} INFO - (spark.master,local[*])
[2025-08-09T16:00:57.329+0000] {spark_submit.py:521} INFO - 
[2025-08-09T16:00:57.330+0000] {spark_submit.py:521} INFO - 
[2025-08-09T16:00:57.331+0000] {spark_submit.py:521} INFO - Exception in thread "main" org.apache.spark.SparkException: Master must either be yarn or start with spark, k8s, or local
[2025-08-09T16:00:57.331+0000] {spark_submit.py:521} INFO - at org.apache.spark.deploy.SparkSubmit.error(SparkSubmit.scala:1045)
[2025-08-09T16:00:57.331+0000] {spark_submit.py:521} INFO - at org.apache.spark.deploy.SparkSubmit.prepareSubmitEnvironment(SparkSubmit.scala:264)
[2025-08-09T16:00:57.332+0000] {spark_submit.py:521} INFO - at org.apache.spark.deploy.SparkSubmit.org$apache$spark$deploy$SparkSubmit$$runMain(SparkSubmit.scala:961)
[2025-08-09T16:00:57.333+0000] {spark_submit.py:521} INFO - at org.apache.spark.deploy.SparkSubmit.doRunMain$1(SparkSubmit.scala:204)
[2025-08-09T16:00:57.333+0000] {spark_submit.py:521} INFO - at org.apache.spark.deploy.SparkSubmit.submit(SparkSubmit.scala:227)
[2025-08-09T16:00:57.334+0000] {spark_submit.py:521} INFO - at org.apache.spark.deploy.SparkSubmit.doSubmit(SparkSubmit.scala:96)
[2025-08-09T16:00:57.334+0000] {spark_submit.py:521} INFO - at org.apache.spark.deploy.SparkSubmit$$anon$2.doSubmit(SparkSubmit.scala:1132)
[2025-08-09T16:00:57.334+0000] {spark_submit.py:521} INFO - at org.apache.spark.deploy.SparkSubmit$.main(SparkSubmit.scala:1141)
[2025-08-09T16:00:57.335+0000] {spark_submit.py:521} INFO - at org.apache.spark.deploy.SparkSubmit.main(SparkSubmit.scala)
[2025-08-09T16:00:57.356+0000] {taskinstance.py:441} INFO - ::group::Post task execution logs
[2025-08-09T16:00:57.369+0000] {taskinstance.py:2905} ERROR - Task failed with exception
Traceback (most recent call last):
  File "/home/airflow/.local/lib/python3.11/site-packages/airflow/models/taskinstance.py", line 465, in _execute_task
    result = _execute_callable(context=context, **execute_callable_kwargs)
             ^^^^^^^^^^^^^^^^^^^^^^^^^^^^^^^^^^^^^^^^^^^^^^^^^^^^^^^^^^^^^
  File "/home/airflow/.local/lib/python3.11/site-packages/airflow/models/taskinstance.py", line 432, in _execute_callable
    return execute_callable(context=context, **execute_callable_kwargs)
           ^^^^^^^^^^^^^^^^^^^^^^^^^^^^^^^^^^^^^^^^^^^^^^^^^^^^^^^^^^^^
  File "/home/airflow/.local/lib/python3.11/site-packages/airflow/models/baseoperator.py", line 400, in wrapper
    return func(self, *args, **kwargs)
           ^^^^^^^^^^^^^^^^^^^^^^^^^^^
  File "/home/airflow/.local/lib/python3.11/site-packages/airflow/providers/apache/spark/operators/spark_submit.py", line 156, in execute
    self._hook.submit(self._application)
  File "/home/airflow/.local/lib/python3.11/site-packages/airflow/providers/apache/spark/hooks/spark_submit.py", line 452, in submit
    raise AirflowException(
airflow.exceptions.AirflowException: Cannot execute: spark-submit --master  --conf spark.master=local[*] --conf spark.jars=/opt/custom-jars/gcs-connector-hadoop3-2.2.14-shaded.jar --conf spark.hadoop.fs.gs.impl=com.google.cloud.hadoop.fs.gcs.GoogleHadoopFileSystem --conf spark.hadoop.fs.AbstractFileSystem.gs.impl=com.google.cloud.hadoop.fs.gcs.GoogleHadoopFS --conf spark.hadoop.google.cloud.auth.service.account.enable=true --conf spark.hadoop.google.cloud.auth.service.account.json.keyfile=/opt/***/gcp-key.json --name arrow-spark --verbose /opt/spark-jobs/gold_transform.py. Error code is: 1.
[2025-08-09T16:00:57.379+0000] {taskinstance.py:1206} INFO - Marking task as FAILED. dag_id=spark_transform_topcv, task_id=submit_spark_job, run_id=manual__2025-08-09T16:00:49.948693+00:00, execution_date=20250809T160049, start_date=20250809T160053, end_date=20250809T160057
[2025-08-09T16:00:57.394+0000] {standard_task_runner.py:110} ERROR - Failed to execute job 55 for task submit_spark_job (Cannot execute: spark-submit --master  --conf spark.master=local[*] --conf spark.jars=/opt/custom-jars/gcs-connector-hadoop3-2.2.14-shaded.jar --conf spark.hadoop.fs.gs.impl=com.google.cloud.hadoop.fs.gcs.GoogleHadoopFileSystem --conf spark.hadoop.fs.AbstractFileSystem.gs.impl=com.google.cloud.hadoop.fs.gcs.GoogleHadoopFS --conf spark.hadoop.google.cloud.auth.service.account.enable=true --conf spark.hadoop.google.cloud.auth.service.account.json.keyfile=/opt/***/gcp-key.json --name arrow-spark --verbose /opt/spark-jobs/gold_transform.py. Error code is: 1.; 691)
[2025-08-09T16:00:57.428+0000] {local_task_job_runner.py:240} INFO - Task exited with return code 1
[2025-08-09T16:00:57.446+0000] {taskinstance.py:3498} INFO - 0 downstream tasks scheduled from follow-on schedule check
[2025-08-09T16:00:57.449+0000] {local_task_job_runner.py:222} INFO - ::endgroup::
