[2025-08-08T06:55:34.991+0000] {local_task_job_runner.py:120} INFO - ::group::Pre task execution logs
[2025-08-08T06:55:35.037+0000] {taskinstance.py:2076} INFO - Dependencies all met for dep_context=non-requeueable deps ti=<TaskInstance: spark_transform_topcv.submit_spark_job manual__2025-08-08T06:55:29.689180+00:00 [queued]>
[2025-08-08T06:55:35.046+0000] {taskinstance.py:2076} INFO - Dependencies all met for dep_context=requeueable deps ti=<TaskInstance: spark_transform_topcv.submit_spark_job manual__2025-08-08T06:55:29.689180+00:00 [queued]>
[2025-08-08T06:55:35.046+0000] {taskinstance.py:2306} INFO - Starting attempt 1 of 1
[2025-08-08T06:55:35.058+0000] {taskinstance.py:2330} INFO - Executing <Task(SparkSubmitOperator): submit_spark_job> on 2025-08-08 06:55:29.689180+00:00
[2025-08-08T06:55:35.070+0000] {standard_task_runner.py:63} INFO - Started process 2737 to run task
[2025-08-08T06:55:35.073+0000] {standard_task_runner.py:90} INFO - Running: ['***', 'tasks', 'run', 'spark_transform_topcv', 'submit_spark_job', 'manual__2025-08-08T06:55:29.689180+00:00', '--job-id', '135', '--raw', '--subdir', 'DAGS_FOLDER/etl_jobs_dag.py', '--cfg-path', '/tmp/tmpfda2q1sk']
[2025-08-08T06:55:35.075+0000] {standard_task_runner.py:91} INFO - Job 135: Subtask submit_spark_job
[2025-08-08T06:55:35.133+0000] {task_command.py:426} INFO - Running <TaskInstance: spark_transform_topcv.submit_spark_job manual__2025-08-08T06:55:29.689180+00:00 [running]> on host 0d9cbc3d310d
[2025-08-08T06:55:35.257+0000] {taskinstance.py:2648} INFO - Exporting env vars: AIRFLOW_CTX_DAG_OWNER='***' AIRFLOW_CTX_DAG_ID='spark_transform_topcv' AIRFLOW_CTX_TASK_ID='submit_spark_job' AIRFLOW_CTX_EXECUTION_DATE='2025-08-08T06:55:29.689180+00:00' AIRFLOW_CTX_TRY_NUMBER='1' AIRFLOW_CTX_DAG_RUN_ID='manual__2025-08-08T06:55:29.689180+00:00'
[2025-08-08T06:55:35.258+0000] {taskinstance.py:430} INFO - ::endgroup::
[2025-08-08T06:55:35.300+0000] {base.py:84} INFO - Using connection ID 'spark_default' for task execution.
[2025-08-08T06:55:35.301+0000] {spark_submit.py:351} INFO - Spark-Submit cmd: spark-submit --master spark://spark-master:7077 --jars /opt/custom-jars/hadoop-aws-3.3.6.jar,/opt/custom-jars/aws-java-sdk-bundle-1.12.621.jar --name arrow-spark --verbose --deploy-mode client /opt/spark-jobs/gold_transform.py
[2025-08-08T06:55:36.508+0000] {spark_submit.py:521} INFO - WARNING: Using incubator modules: jdk.incubator.vector
[2025-08-08T06:55:37.789+0000] {spark_submit.py:521} INFO - Parsed arguments:
[2025-08-08T06:55:37.790+0000] {spark_submit.py:521} INFO - master                  spark://spark-master:7077
[2025-08-08T06:55:37.791+0000] {spark_submit.py:521} INFO - remote                  null
[2025-08-08T06:55:37.792+0000] {spark_submit.py:521} INFO - deployMode              client
[2025-08-08T06:55:37.792+0000] {spark_submit.py:521} INFO - executorMemory          null
[2025-08-08T06:55:37.792+0000] {spark_submit.py:521} INFO - executorCores           null
[2025-08-08T06:55:37.793+0000] {spark_submit.py:521} INFO - totalExecutorCores      null
[2025-08-08T06:55:37.793+0000] {spark_submit.py:521} INFO - propertiesFile          null
[2025-08-08T06:55:37.793+0000] {spark_submit.py:521} INFO - driverMemory            null
[2025-08-08T06:55:37.795+0000] {spark_submit.py:521} INFO - driverCores             null
[2025-08-08T06:55:37.796+0000] {spark_submit.py:521} INFO - driverExtraClassPath    null
[2025-08-08T06:55:37.797+0000] {spark_submit.py:521} INFO - driverExtraLibraryPath  null
[2025-08-08T06:55:37.797+0000] {spark_submit.py:521} INFO - driverExtraJavaOptions  null
[2025-08-08T06:55:37.797+0000] {spark_submit.py:521} INFO - supervise               false
[2025-08-08T06:55:37.798+0000] {spark_submit.py:521} INFO - queue                   null
[2025-08-08T06:55:37.798+0000] {spark_submit.py:521} INFO - numExecutors            null
[2025-08-08T06:55:37.798+0000] {spark_submit.py:521} INFO - files                   null
[2025-08-08T06:55:37.799+0000] {spark_submit.py:521} INFO - pyFiles                 null
[2025-08-08T06:55:37.799+0000] {spark_submit.py:521} INFO - archives                null
[2025-08-08T06:55:37.799+0000] {spark_submit.py:521} INFO - mainClass               null
[2025-08-08T06:55:37.800+0000] {spark_submit.py:521} INFO - primaryResource         file:/opt/spark-jobs/gold_transform.py
[2025-08-08T06:55:37.800+0000] {spark_submit.py:521} INFO - name                    arrow-spark
[2025-08-08T06:55:37.800+0000] {spark_submit.py:521} INFO - childArgs               []
[2025-08-08T06:55:37.801+0000] {spark_submit.py:521} INFO - jars                    file:/opt/custom-jars/hadoop-aws-3.3.6.jar,file:/opt/custom-jars/aws-java-sdk-bundle-1.12.621.jar
[2025-08-08T06:55:37.801+0000] {spark_submit.py:521} INFO - packages                null
[2025-08-08T06:55:37.801+0000] {spark_submit.py:521} INFO - packagesExclusions      null
[2025-08-08T06:55:37.802+0000] {spark_submit.py:521} INFO - repositories            null
[2025-08-08T06:55:37.802+0000] {spark_submit.py:521} INFO - verbose                 true
[2025-08-08T06:55:37.802+0000] {spark_submit.py:521} INFO - 
[2025-08-08T06:55:37.803+0000] {spark_submit.py:521} INFO - Spark properties used, including those specified through
[2025-08-08T06:55:37.803+0000] {spark_submit.py:521} INFO - --conf and those from the properties file null:
[2025-08-08T06:55:37.803+0000] {spark_submit.py:521} INFO - 
[2025-08-08T06:55:37.804+0000] {spark_submit.py:521} INFO - 
[2025-08-08T06:55:37.804+0000] {spark_submit.py:521} INFO - 
[2025-08-08T06:55:38.175+0000] {spark_submit.py:521} INFO - 25/08/08 06:55:38 WARN NativeCodeLoader: Unable to load native-hadoop library for your platform... using builtin-java classes where applicable
[2025-08-08T06:55:38.328+0000] {spark_submit.py:521} INFO - Main class:
[2025-08-08T06:55:38.329+0000] {spark_submit.py:521} INFO - org.apache.spark.deploy.PythonRunner
[2025-08-08T06:55:38.329+0000] {spark_submit.py:521} INFO - Arguments:
[2025-08-08T06:55:38.329+0000] {spark_submit.py:521} INFO - file:/opt/spark-jobs/gold_transform.py
[2025-08-08T06:55:38.330+0000] {spark_submit.py:521} INFO - null
[2025-08-08T06:55:38.332+0000] {spark_submit.py:521} INFO - Spark config:
[2025-08-08T06:55:38.332+0000] {spark_submit.py:521} INFO - (spark.app.name,arrow-spark)
[2025-08-08T06:55:38.333+0000] {spark_submit.py:521} INFO - (spark.app.submitTime,1754636138311)
[2025-08-08T06:55:38.333+0000] {spark_submit.py:521} INFO - (spark.jars,file:///opt/custom-jars/hadoop-aws-3.3.6.jar,file:///opt/custom-jars/aws-java-sdk-bundle-1.12.621.jar)
[2025-08-08T06:55:38.333+0000] {spark_submit.py:521} INFO - (spark.master,spark://spark-master:7077)
[2025-08-08T06:55:38.334+0000] {spark_submit.py:521} INFO - (spark.repl.local.jars,file:///opt/custom-jars/hadoop-aws-3.3.6.jar,file:///opt/custom-jars/aws-java-sdk-bundle-1.12.621.jar)
[2025-08-08T06:55:38.334+0000] {spark_submit.py:521} INFO - (spark.submit.deployMode,client)
[2025-08-08T06:55:38.334+0000] {spark_submit.py:521} INFO - (spark.submit.pyFiles,)
[2025-08-08T06:55:38.335+0000] {spark_submit.py:521} INFO - Classpath elements:
[2025-08-08T06:55:38.335+0000] {spark_submit.py:521} INFO - file:///opt/custom-jars/hadoop-aws-3.3.6.jar
[2025-08-08T06:55:38.335+0000] {spark_submit.py:521} INFO - file:///opt/custom-jars/aws-java-sdk-bundle-1.12.621.jar
[2025-08-08T06:55:38.335+0000] {spark_submit.py:521} INFO - 
[2025-08-08T06:55:38.335+0000] {spark_submit.py:521} INFO - 
[2025-08-08T06:55:40.121+0000] {spark_submit.py:521} INFO - Using Spark's default log4j profile: org/apache/spark/log4j2-defaults.properties
[2025-08-08T06:55:40.127+0000] {spark_submit.py:521} INFO - 25/08/08 06:55:40 INFO SparkContext: Running Spark version 4.0.0
[2025-08-08T06:55:40.130+0000] {spark_submit.py:521} INFO - 25/08/08 06:55:40 INFO SparkContext: OS info Linux, 5.15.167.4-microsoft-standard-WSL2, amd64
[2025-08-08T06:55:40.132+0000] {spark_submit.py:521} INFO - 25/08/08 06:55:40 INFO SparkContext: Java version 17.0.15
[2025-08-08T06:55:40.170+0000] {spark_submit.py:521} INFO - 25/08/08 06:55:40 INFO ResourceUtils: ==============================================================
[2025-08-08T06:55:40.170+0000] {spark_submit.py:521} INFO - 25/08/08 06:55:40 INFO ResourceUtils: No custom resources configured for spark.driver.
[2025-08-08T06:55:40.171+0000] {spark_submit.py:521} INFO - 25/08/08 06:55:40 INFO ResourceUtils: ==============================================================
[2025-08-08T06:55:40.171+0000] {spark_submit.py:521} INFO - 25/08/08 06:55:40 INFO SparkContext: Submitted application: arrow-spark
[2025-08-08T06:55:40.210+0000] {spark_submit.py:521} INFO - 25/08/08 06:55:40 INFO ResourceProfile: Default ResourceProfile created, executor resources: Map(memory -> name: memory, amount: 1024, script: , vendor: , offHeap -> name: offHeap, amount: 0, script: , vendor: ), task resources: Map(cpus -> name: cpus, amount: 1.0)
[2025-08-08T06:55:40.214+0000] {spark_submit.py:521} INFO - 25/08/08 06:55:40 INFO ResourceProfile: Limiting resource is cpu
[2025-08-08T06:55:40.216+0000] {spark_submit.py:521} INFO - 25/08/08 06:55:40 INFO ResourceProfileManager: Added ResourceProfile id: 0
[2025-08-08T06:55:40.275+0000] {spark_submit.py:521} INFO - 25/08/08 06:55:40 INFO SecurityManager: Changing view acls to: ***
[2025-08-08T06:55:40.277+0000] {spark_submit.py:521} INFO - 25/08/08 06:55:40 INFO SecurityManager: Changing modify acls to: ***
[2025-08-08T06:55:40.278+0000] {spark_submit.py:521} INFO - 25/08/08 06:55:40 INFO SecurityManager: Changing view acls groups to: ***
[2025-08-08T06:55:40.278+0000] {spark_submit.py:521} INFO - 25/08/08 06:55:40 INFO SecurityManager: Changing modify acls groups to: ***
[2025-08-08T06:55:40.281+0000] {spark_submit.py:521} INFO - 25/08/08 06:55:40 INFO SecurityManager: SecurityManager: authentication disabled; ui acls disabled; users with view permissions: *** groups with view permissions: EMPTY; users with modify permissions: ***; groups with modify permissions: EMPTY; RPC SSL disabled
[2025-08-08T06:55:40.526+0000] {spark_submit.py:521} INFO - 25/08/08 06:55:40 INFO Utils: Successfully started service 'sparkDriver' on port 45995.
[2025-08-08T06:55:40.554+0000] {spark_submit.py:521} INFO - 25/08/08 06:55:40 INFO SparkEnv: Registering MapOutputTracker
[2025-08-08T06:55:40.567+0000] {spark_submit.py:521} INFO - 25/08/08 06:55:40 INFO SparkEnv: Registering BlockManagerMaster
[2025-08-08T06:55:40.580+0000] {spark_submit.py:521} INFO - 25/08/08 06:55:40 INFO BlockManagerMasterEndpoint: Using org.apache.spark.storage.DefaultTopologyMapper for getting topology information
[2025-08-08T06:55:40.581+0000] {spark_submit.py:521} INFO - 25/08/08 06:55:40 INFO BlockManagerMasterEndpoint: BlockManagerMasterEndpoint up
[2025-08-08T06:55:40.583+0000] {spark_submit.py:521} INFO - 25/08/08 06:55:40 INFO SparkEnv: Registering BlockManagerMasterHeartbeat
[2025-08-08T06:55:40.610+0000] {spark_submit.py:521} INFO - 25/08/08 06:55:40 INFO DiskBlockManager: Created local directory at /tmp/blockmgr-df41ae88-68ff-4b1b-9037-613b7f0283f9
[2025-08-08T06:55:40.634+0000] {spark_submit.py:521} INFO - 25/08/08 06:55:40 INFO SparkEnv: Registering OutputCommitCoordinator
[2025-08-08T06:55:40.790+0000] {spark_submit.py:521} INFO - 25/08/08 06:55:40 INFO JettyUtils: Start Jetty 0.0.0.0:4040 for SparkUI
[2025-08-08T06:55:40.992+0000] {spark_submit.py:521} INFO - 25/08/08 06:55:40 INFO Utils: Successfully started service 'SparkUI' on port 4040.
[2025-08-08T06:55:41.076+0000] {spark_submit.py:521} INFO - 25/08/08 06:55:41 INFO SparkContext: Added JAR file:///opt/custom-jars/hadoop-aws-3.3.6.jar at spark://0d9cbc3d310d:45995/jars/hadoop-aws-3.3.6.jar with timestamp 1754636140113
[2025-08-08T06:55:41.078+0000] {spark_submit.py:521} INFO - 25/08/08 06:55:41 INFO SparkContext: Added JAR file:///opt/custom-jars/aws-java-sdk-bundle-1.12.621.jar at spark://0d9cbc3d310d:45995/jars/aws-java-sdk-bundle-1.12.621.jar with timestamp 1754636140113
[2025-08-08T06:55:41.156+0000] {spark_submit.py:521} INFO - 25/08/08 06:55:41 INFO SecurityManager: Changing view acls to: ***
[2025-08-08T06:55:41.156+0000] {spark_submit.py:521} INFO - 25/08/08 06:55:41 INFO SecurityManager: Changing modify acls to: ***
[2025-08-08T06:55:41.157+0000] {spark_submit.py:521} INFO - 25/08/08 06:55:41 INFO SecurityManager: Changing view acls groups to: ***
[2025-08-08T06:55:41.157+0000] {spark_submit.py:521} INFO - 25/08/08 06:55:41 INFO SecurityManager: Changing modify acls groups to: ***
[2025-08-08T06:55:41.158+0000] {spark_submit.py:521} INFO - 25/08/08 06:55:41 INFO SecurityManager: SecurityManager: authentication disabled; ui acls disabled; users with view permissions: *** groups with view permissions: EMPTY; users with modify permissions: ***; groups with modify permissions: EMPTY; RPC SSL disabled
[2025-08-08T06:55:41.727+0000] {spark_submit.py:521} INFO - 25/08/08 06:55:41 INFO StandaloneAppClient$ClientEndpoint: Connecting to master spark://spark-master:7077...
[2025-08-08T06:55:41.899+0000] {spark_submit.py:521} INFO - 25/08/08 06:55:41 INFO TransportClientFactory: Successfully created connection to spark-master/172.19.0.3:7077 after 106 ms (0 ms spent in bootstraps)
[2025-08-08T06:55:42.749+0000] {spark_submit.py:521} INFO - 25/08/08 06:55:42 INFO StandaloneSchedulerBackend: Connected to Spark cluster with app ID app-20250808065542-0004
[2025-08-08T06:55:42.782+0000] {spark_submit.py:521} INFO - 25/08/08 06:55:42 INFO Utils: Successfully started service 'org.apache.spark.network.netty.NettyBlockTransferService' on port 43557.
[2025-08-08T06:55:42.783+0000] {spark_submit.py:521} INFO - 25/08/08 06:55:42 INFO NettyBlockTransferService: Server created on 0d9cbc3d310d:43557
[2025-08-08T06:55:42.790+0000] {spark_submit.py:521} INFO - 25/08/08 06:55:42 INFO StandaloneAppClient$ClientEndpoint: Executor added: app-20250808065542-0004/0 on worker-20250808020544-172.19.0.6-41849 (172.19.0.6:41849) with 2 core(s)
[2025-08-08T06:55:42.791+0000] {spark_submit.py:521} INFO - 25/08/08 06:55:42 INFO BlockManager: Using org.apache.spark.storage.RandomBlockReplicationPolicy for block replication policy
[2025-08-08T06:55:42.793+0000] {spark_submit.py:521} INFO - 25/08/08 06:55:42 INFO StandaloneSchedulerBackend: Granted executor ID app-20250808065542-0004/0 on hostPort 172.19.0.6:41849 with 2 core(s), 1024.0 MiB RAM
[2025-08-08T06:55:42.871+0000] {spark_submit.py:521} INFO - 25/08/08 06:55:42 INFO BlockManagerMaster: Registering BlockManager BlockManagerId(driver, 0d9cbc3d310d, 43557, None)
[2025-08-08T06:55:42.883+0000] {spark_submit.py:521} INFO - 25/08/08 06:55:42 INFO BlockManagerMasterEndpoint: Registering block manager 0d9cbc3d310d:43557 with 434.4 MiB RAM, BlockManagerId(driver, 0d9cbc3d310d, 43557, None)
[2025-08-08T06:55:42.892+0000] {spark_submit.py:521} INFO - 25/08/08 06:55:42 INFO BlockManagerMaster: Registered BlockManager BlockManagerId(driver, 0d9cbc3d310d, 43557, None)
[2025-08-08T06:55:42.898+0000] {spark_submit.py:521} INFO - 25/08/08 06:55:42 INFO BlockManager: Initialized BlockManager: BlockManagerId(driver, 0d9cbc3d310d, 43557, None)
[2025-08-08T06:55:43.427+0000] {spark_submit.py:521} INFO - 25/08/08 06:55:43 INFO StandaloneSchedulerBackend: SchedulerBackend is ready for scheduling beginning after reached minRegisteredResourcesRatio: 0.0
[2025-08-08T06:55:44.201+0000] {spark_submit.py:521} INFO - 25/08/08 06:55:44 INFO StandaloneAppClient$ClientEndpoint: Executor updated: app-20250808065542-0004/0 is now RUNNING
[2025-08-08T06:55:48.837+0000] {spark_submit.py:521} INFO - 25/08/08 06:55:48 INFO SharedState: Setting hive.metastore.warehouse.dir ('null') to the value of spark.sql.warehouse.dir.
[2025-08-08T06:55:48.841+0000] {spark_submit.py:521} INFO - 25/08/08 06:55:48 INFO SharedState: Warehouse path is 'file:/opt/***/spark-warehouse'.
[2025-08-08T06:55:51.036+0000] {spark_submit.py:521} INFO - 25/08/08 06:55:51 INFO InMemoryFileIndex: It took 70 ms to list leaf files for 1 paths.
[2025-08-08T06:55:51.201+0000] {spark_submit.py:521} INFO - 25/08/08 06:55:51 INFO InMemoryFileIndex: It took 10 ms to list leaf files for 1 paths.
[2025-08-08T06:55:52.557+0000] {spark_submit.py:521} INFO - 25/08/08 06:55:52 INFO FileSourceStrategy: Pushed Filters:
[2025-08-08T06:55:52.562+0000] {spark_submit.py:521} INFO - 25/08/08 06:55:52 INFO FileSourceStrategy: Post-Scan Filters: Set()
[2025-08-08T06:55:52.711+0000] {spark_submit.py:521} INFO - 25/08/08 06:55:52 INFO MemoryStore: MemoryStore started with capacity 434.4 MiB
[2025-08-08T06:55:52.794+0000] {spark_submit.py:521} INFO - 25/08/08 06:55:52 INFO MemoryStore: Block broadcast_0 stored as values in memory (estimated size 214.7 KiB, free 434.2 MiB)
[2025-08-08T06:55:52.968+0000] {spark_submit.py:521} INFO - 25/08/08 06:55:52 INFO MemoryStore: Block broadcast_0_piece0 stored as bytes in memory (estimated size 38.8 KiB, free 434.2 MiB)
[2025-08-08T06:55:53.009+0000] {spark_submit.py:521} INFO - 25/08/08 06:55:53 INFO SparkContext: Created broadcast 0 from json at NativeMethodAccessorImpl.java:0
[2025-08-08T06:55:53.082+0000] {spark_submit.py:521} INFO - 25/08/08 06:55:53 INFO FileSourceScanExec: Planning scan with bin packing, max size: 4194304 bytes, open cost is considered as scanning 4194304 bytes.
[2025-08-08T06:55:53.685+0000] {spark_submit.py:521} INFO - 25/08/08 06:55:53 INFO SparkContext: Starting job: json at NativeMethodAccessorImpl.java:0
[2025-08-08T06:55:53.714+0000] {spark_submit.py:521} INFO - 25/08/08 06:55:53 INFO DAGScheduler: Got job 0 (json at NativeMethodAccessorImpl.java:0) with 1 output partitions
[2025-08-08T06:55:53.717+0000] {spark_submit.py:521} INFO - 25/08/08 06:55:53 INFO DAGScheduler: Final stage: ResultStage 0 (json at NativeMethodAccessorImpl.java:0)
[2025-08-08T06:55:53.718+0000] {spark_submit.py:521} INFO - 25/08/08 06:55:53 INFO DAGScheduler: Parents of final stage: List()
[2025-08-08T06:55:53.725+0000] {spark_submit.py:521} INFO - 25/08/08 06:55:53 INFO DAGScheduler: Missing parents: List()
[2025-08-08T06:55:53.736+0000] {spark_submit.py:521} INFO - 25/08/08 06:55:53 INFO DAGScheduler: Submitting ResultStage 0 (MapPartitionsRDD[3] at json at NativeMethodAccessorImpl.java:0), which has no missing parents
[2025-08-08T06:55:53.888+0000] {spark_submit.py:521} INFO - 25/08/08 06:55:53 INFO MemoryStore: Block broadcast_1 stored as values in memory (estimated size 17.4 KiB, free 434.1 MiB)
[2025-08-08T06:55:53.891+0000] {spark_submit.py:521} INFO - 25/08/08 06:55:53 INFO MemoryStore: Block broadcast_1_piece0 stored as bytes in memory (estimated size 8.0 KiB, free 434.1 MiB)
[2025-08-08T06:55:53.893+0000] {spark_submit.py:521} INFO - 25/08/08 06:55:53 INFO SparkContext: Created broadcast 1 from broadcast at DAGScheduler.scala:1676
[2025-08-08T06:55:53.920+0000] {spark_submit.py:521} INFO - 25/08/08 06:55:53 INFO DAGScheduler: Submitting 1 missing tasks from ResultStage 0 (MapPartitionsRDD[3] at json at NativeMethodAccessorImpl.java:0) (first 15 tasks are for partitions Vector(0))
[2025-08-08T06:55:53.945+0000] {spark_submit.py:521} INFO - 25/08/08 06:55:53 INFO TaskSchedulerImpl: Adding task set 0.0 with 1 tasks resource profile 0
[2025-08-08T06:55:54.447+0000] {spark_submit.py:521} INFO - 25/08/08 06:55:54 INFO StandaloneSchedulerBackend$StandaloneDriverEndpoint: Registered executor NettyRpcEndpointRef(spark-client://Executor) (172.19.0.6:48132) with ID 0, ResourceProfileId 0
[2025-08-08T06:55:55.002+0000] {spark_submit.py:521} INFO - 25/08/08 06:55:55 INFO BlockManagerMasterEndpoint: Registering block manager 172.19.0.6:45889 with 434.4 MiB RAM, BlockManagerId(0, 172.19.0.6, 45889, None)
[2025-08-08T06:56:09.687+0000] {spark_submit.py:521} INFO - 25/08/08 06:56:09 INFO TaskSetManager: Starting task 0.0 in stage 0.0 (TID 0) (172.19.0.6,executor 0, partition 0, PROCESS_LOCAL, 10671 bytes)
[2025-08-08T06:56:13.357+0000] {spark_submit.py:521} INFO - 25/08/08 06:56:13 WARN TaskSetManager: Lost task 0.0 in stage 0.0 (TID 0) (172.19.0.6 executor 0): org.apache.spark.SparkException: [FAILED_READ_FILE.FILE_NOT_EXIST] Encountered error while reading file file:///opt/data/bronze/topcv_jobs.json. File does not exist. It is possible the underlying files have been updated.
[2025-08-08T06:56:13.358+0000] {spark_submit.py:521} INFO - You can explicitly invalidate the cache in Spark by running 'REFRESH TABLE tableName' command in SQL or by recreating the Dataset/DataFrame involved. SQLSTATE: KD001
[2025-08-08T06:56:13.358+0000] {spark_submit.py:521} INFO - at org.apache.spark.sql.errors.QueryExecutionErrors$.fileNotExistError(QueryExecutionErrors.scala:831)
[2025-08-08T06:56:13.358+0000] {spark_submit.py:521} INFO - at org.apache.spark.sql.execution.datasources.v2.FileDataSourceV2$.attachFilePath(FileDataSourceV2.scala:140)
[2025-08-08T06:56:13.359+0000] {spark_submit.py:521} INFO - at org.apache.spark.sql.execution.datasources.FileScanRDD$$anon$1.hasNext(FileScanRDD.scala:142)
[2025-08-08T06:56:13.359+0000] {spark_submit.py:521} INFO - at scala.collection.Iterator$$anon$9.hasNext(Iterator.scala:583)
[2025-08-08T06:56:13.361+0000] {spark_submit.py:521} INFO - at scala.collection.Iterator$$anon$10.hasNext(Iterator.scala:601)
[2025-08-08T06:56:13.362+0000] {spark_submit.py:521} INFO - at scala.collection.IterableOnceOps.reduceLeftOption(IterableOnce.scala:916)
[2025-08-08T06:56:13.363+0000] {spark_submit.py:521} INFO - at scala.collection.IterableOnceOps.reduceLeftOption$(IterableOnce.scala:908)
[2025-08-08T06:56:13.363+0000] {spark_submit.py:521} INFO - at scala.collection.AbstractIterator.reduceLeftOption(Iterator.scala:1306)
[2025-08-08T06:56:13.363+0000] {spark_submit.py:521} INFO - at scala.collection.IterableOnceOps.reduceOption(IterableOnce.scala:828)
[2025-08-08T06:56:13.364+0000] {spark_submit.py:521} INFO - at scala.collection.IterableOnceOps.reduceOption$(IterableOnce.scala:828)
[2025-08-08T06:56:13.364+0000] {spark_submit.py:521} INFO - at scala.collection.AbstractIterator.reduceOption(Iterator.scala:1306)
[2025-08-08T06:56:13.364+0000] {spark_submit.py:521} INFO - at org.apache.spark.sql.catalyst.json.JsonInferSchema.$anonfun$infer$1(JsonInferSchema.scala:122)
[2025-08-08T06:56:13.364+0000] {spark_submit.py:521} INFO - at org.apache.spark.rdd.RDD.$anonfun$mapPartitions$2(RDD.scala:866)
[2025-08-08T06:56:13.364+0000] {spark_submit.py:521} INFO - at org.apache.spark.rdd.RDD.$anonfun$mapPartitions$2$adapted(RDD.scala:866)
[2025-08-08T06:56:13.365+0000] {spark_submit.py:521} INFO - at org.apache.spark.rdd.MapPartitionsRDD.compute(MapPartitionsRDD.scala:52)
[2025-08-08T06:56:13.365+0000] {spark_submit.py:521} INFO - at org.apache.spark.rdd.RDD.computeOrReadCheckpoint(RDD.scala:374)
[2025-08-08T06:56:13.365+0000] {spark_submit.py:521} INFO - at org.apache.spark.rdd.RDD.iterator(RDD.scala:338)
[2025-08-08T06:56:13.365+0000] {spark_submit.py:521} INFO - at org.apache.spark.scheduler.ResultTask.runTask(ResultTask.scala:93)
[2025-08-08T06:56:13.365+0000] {spark_submit.py:521} INFO - at org.apache.spark.TaskContext.runTaskWithListeners(TaskContext.scala:171)
[2025-08-08T06:56:13.366+0000] {spark_submit.py:521} INFO - at org.apache.spark.scheduler.Task.run(Task.scala:147)
[2025-08-08T06:56:13.366+0000] {spark_submit.py:521} INFO - at org.apache.spark.executor.Executor$TaskRunner.$anonfun$run$5(Executor.scala:647)
[2025-08-08T06:56:13.366+0000] {spark_submit.py:521} INFO - at org.apache.spark.util.SparkErrorUtils.tryWithSafeFinally(SparkErrorUtils.scala:80)
[2025-08-08T06:56:13.366+0000] {spark_submit.py:521} INFO - at org.apache.spark.util.SparkErrorUtils.tryWithSafeFinally$(SparkErrorUtils.scala:77)
[2025-08-08T06:56:13.367+0000] {spark_submit.py:521} INFO - at org.apache.spark.util.Utils$.tryWithSafeFinally(Utils.scala:99)
[2025-08-08T06:56:13.367+0000] {spark_submit.py:521} INFO - at org.apache.spark.executor.Executor$TaskRunner.run(Executor.scala:650)
[2025-08-08T06:56:13.367+0000] {spark_submit.py:521} INFO - at java.base/java.util.concurrent.ThreadPoolExecutor.runWorker(Unknown Source)
[2025-08-08T06:56:13.367+0000] {spark_submit.py:521} INFO - at java.base/java.util.concurrent.ThreadPoolExecutor$Worker.run(Unknown Source)
[2025-08-08T06:56:13.368+0000] {spark_submit.py:521} INFO - at java.base/java.lang.Thread.run(Unknown Source)
[2025-08-08T06:56:13.368+0000] {spark_submit.py:521} INFO - Caused by: java.io.FileNotFoundException: File file:/opt/data/bronze/topcv_jobs.json does not exist
[2025-08-08T06:56:13.368+0000] {spark_submit.py:521} INFO - at org.apache.hadoop.fs.RawLocalFileSystem.deprecatedGetFileStatus(RawLocalFileSystem.java:917)
[2025-08-08T06:56:13.369+0000] {spark_submit.py:521} INFO - at org.apache.hadoop.fs.RawLocalFileSystem.getFileLinkStatusInternal(RawLocalFileSystem.java:1238)
[2025-08-08T06:56:13.369+0000] {spark_submit.py:521} INFO - at org.apache.hadoop.fs.RawLocalFileSystem.getFileStatus(RawLocalFileSystem.java:907)
[2025-08-08T06:56:13.369+0000] {spark_submit.py:521} INFO - at org.apache.hadoop.fs.FilterFileSystem.getFileStatus(FilterFileSystem.java:462)
[2025-08-08T06:56:13.370+0000] {spark_submit.py:521} INFO - at org.apache.hadoop.fs.ChecksumFileSystem$ChecksumFSInputChecker.<init>(ChecksumFileSystem.java:189)
[2025-08-08T06:56:13.370+0000] {spark_submit.py:521} INFO - at org.apache.hadoop.fs.ChecksumFileSystem.open(ChecksumFileSystem.java:572)
[2025-08-08T06:56:13.370+0000] {spark_submit.py:521} INFO - at org.apache.hadoop.fs.ChecksumFileSystem.lambda$openFileWithOptions$0(ChecksumFileSystem.java:1100)
[2025-08-08T06:56:13.371+0000] {spark_submit.py:521} INFO - at org.apache.hadoop.util.LambdaUtils.eval(LambdaUtils.java:52)
[2025-08-08T06:56:13.371+0000] {spark_submit.py:521} INFO - at org.apache.hadoop.fs.ChecksumFileSystem.openFileWithOptions(ChecksumFileSystem.java:1098)
[2025-08-08T06:56:13.371+0000] {spark_submit.py:521} INFO - at org.apache.hadoop.fs.FileSystem$FSDataInputStreamBuilder.build(FileSystem.java:4952)
[2025-08-08T06:56:13.371+0000] {spark_submit.py:521} INFO - at org.apache.hadoop.mapreduce.lib.input.LineRecordReader.initialize(LineRecordReader.java:100)
[2025-08-08T06:56:13.372+0000] {spark_submit.py:521} INFO - at org.apache.spark.sql.execution.datasources.HadoopFileLinesReader.$anonfun$_iterator$2(HadoopFileLinesReader.scala:66)
[2025-08-08T06:56:13.372+0000] {spark_submit.py:521} INFO - at org.apache.spark.util.SparkErrorUtils.tryInitializeResource(SparkErrorUtils.scala:59)
[2025-08-08T06:56:13.372+0000] {spark_submit.py:521} INFO - at org.apache.spark.util.SparkErrorUtils.tryInitializeResource$(SparkErrorUtils.scala:56)
[2025-08-08T06:56:13.372+0000] {spark_submit.py:521} INFO - at org.apache.spark.util.Utils$.tryInitializeResource(Utils.scala:99)
[2025-08-08T06:56:13.372+0000] {spark_submit.py:521} INFO - at org.apache.spark.sql.execution.datasources.HadoopFileLinesReader.<init>(HadoopFileLinesReader.scala:65)
[2025-08-08T06:56:13.373+0000] {spark_submit.py:521} INFO - at org.apache.spark.sql.execution.datasources.text.TextFileFormat.$anonfun$readToUnsafeMem$2(TextFileFormat.scala:124)
[2025-08-08T06:56:13.373+0000] {spark_submit.py:521} INFO - at org.apache.spark.TaskContextImpl.createResourceUninterruptibly(TaskContextImpl.scala:332)
[2025-08-08T06:56:13.373+0000] {spark_submit.py:521} INFO - at org.apache.spark.util.Utils$.$anonfun$createResourceUninterruptiblyIfInTaskThread$1(Utils.scala:3097)
[2025-08-08T06:56:13.373+0000] {spark_submit.py:521} INFO - at scala.Option.map(Option.scala:242)
[2025-08-08T06:56:13.374+0000] {spark_submit.py:521} INFO - at org.apache.spark.util.Utils$.createResourceUninterruptiblyIfInTaskThread(Utils.scala:3096)
[2025-08-08T06:56:13.374+0000] {spark_submit.py:521} INFO - at org.apache.spark.sql.execution.datasources.text.TextFileFormat.$anonfun$readToUnsafeMem$1(TextFileFormat.scala:123)
[2025-08-08T06:56:13.375+0000] {spark_submit.py:521} INFO - at org.apache.spark.sql.execution.datasources.FileFormat$$anon$1.apply(FileFormat.scala:155)
[2025-08-08T06:56:13.375+0000] {spark_submit.py:521} INFO - at org.apache.spark.sql.execution.datasources.FileFormat$$anon$1.apply(FileFormat.scala:140)
[2025-08-08T06:56:13.375+0000] {spark_submit.py:521} INFO - at org.apache.spark.sql.execution.datasources.FileScanRDD$$anon$1.org$apache$spark$sql$execution$datasources$FileScanRDD$$anon$$readCurrentFile(FileScanRDD.scala:230)
[2025-08-08T06:56:13.376+0000] {spark_submit.py:521} INFO - at org.apache.spark.sql.execution.datasources.FileScanRDD$$anon$1.nextIterator(FileScanRDD.scala:289)
[2025-08-08T06:56:13.376+0000] {spark_submit.py:521} INFO - at org.apache.spark.sql.execution.datasources.FileScanRDD$$anon$1.hasNext0(FileScanRDD.scala:131)
[2025-08-08T06:56:13.376+0000] {spark_submit.py:521} INFO - at org.apache.spark.sql.execution.datasources.FileScanRDD$$anon$1.hasNext(FileScanRDD.scala:140)
[2025-08-08T06:56:13.377+0000] {spark_submit.py:521} INFO - ... 25 more
[2025-08-08T06:56:13.377+0000] {spark_submit.py:521} INFO - 
[2025-08-08T06:56:13.377+0000] {spark_submit.py:521} INFO - 25/08/08 06:56:13 INFO TaskSetManager: Starting task 0.1 in stage 0.0 (TID 1) (172.19.0.6,executor 0, partition 0, PROCESS_LOCAL, 10671 bytes)
[2025-08-08T06:56:13.393+0000] {spark_submit.py:521} INFO - 25/08/08 06:56:13 INFO TaskSetManager: Lost task 0.1 in stage 0.0 (TID 1) on 172.19.0.6, executor 0: org.apache.spark.SparkException ([FAILED_READ_FILE.FILE_NOT_EXIST] Encountered error while reading file file:///opt/data/bronze/topcv_jobs.json. File does not exist. It is possible the underlying files have been updated.
[2025-08-08T06:56:13.394+0000] {spark_submit.py:521} INFO - You can explicitly invalidate the cache in Spark by running 'REFRESH TABLE tableName' command in SQL or by recreating the Dataset/DataFrame involved. SQLSTATE: KD001) [duplicate 1]
[2025-08-08T06:56:13.394+0000] {spark_submit.py:521} INFO - 25/08/08 06:56:13 INFO TaskSetManager: Starting task 0.2 in stage 0.0 (TID 2) (172.19.0.6,executor 0, partition 0, PROCESS_LOCAL, 10671 bytes)
[2025-08-08T06:56:13.418+0000] {spark_submit.py:521} INFO - 25/08/08 06:56:13 INFO TaskSetManager: Lost task 0.2 in stage 0.0 (TID 2) on 172.19.0.6, executor 0: org.apache.spark.SparkException ([FAILED_READ_FILE.FILE_NOT_EXIST] Encountered error while reading file file:///opt/data/bronze/topcv_jobs.json. File does not exist. It is possible the underlying files have been updated.
[2025-08-08T06:56:13.419+0000] {spark_submit.py:521} INFO - You can explicitly invalidate the cache in Spark by running 'REFRESH TABLE tableName' command in SQL or by recreating the Dataset/DataFrame involved. SQLSTATE: KD001) [duplicate 2]
[2025-08-08T06:56:13.419+0000] {spark_submit.py:521} INFO - 25/08/08 06:56:13 INFO TaskSetManager: Starting task 0.3 in stage 0.0 (TID 3) (172.19.0.6,executor 0, partition 0, PROCESS_LOCAL, 10671 bytes)
[2025-08-08T06:56:13.450+0000] {spark_submit.py:521} INFO - 25/08/08 06:56:13 INFO TaskSetManager: Lost task 0.3 in stage 0.0 (TID 3) on 172.19.0.6, executor 0: org.apache.spark.SparkException ([FAILED_READ_FILE.FILE_NOT_EXIST] Encountered error while reading file file:///opt/data/bronze/topcv_jobs.json. File does not exist. It is possible the underlying files have been updated.
[2025-08-08T06:56:13.451+0000] {spark_submit.py:521} INFO - You can explicitly invalidate the cache in Spark by running 'REFRESH TABLE tableName' command in SQL or by recreating the Dataset/DataFrame involved. SQLSTATE: KD001) [duplicate 3]
[2025-08-08T06:56:13.454+0000] {spark_submit.py:521} INFO - 25/08/08 06:56:13 ERROR TaskSetManager: Task 0 in stage 0.0 failed 4 times; aborting job
[2025-08-08T06:56:13.457+0000] {spark_submit.py:521} INFO - 25/08/08 06:56:13 INFO TaskSchedulerImpl: Removed TaskSet 0.0 whose tasks have all completed, from pool
[2025-08-08T06:56:13.459+0000] {spark_submit.py:521} INFO - 25/08/08 06:56:13 INFO TaskSchedulerImpl: Canceling stage 0
[2025-08-08T06:56:13.461+0000] {spark_submit.py:521} INFO - 25/08/08 06:56:13 INFO TaskSchedulerImpl: Killing all running tasks in stage 0: [FAILED_READ_FILE.FILE_NOT_EXIST] Encountered error while reading file file:///opt/data/bronze/topcv_jobs.json. File does not exist. It is possible the underlying files have been updated.
[2025-08-08T06:56:13.461+0000] {spark_submit.py:521} INFO - You can explicitly invalidate the cache in Spark by running 'REFRESH TABLE tableName' command in SQL or by recreating the Dataset/DataFrame involved. SQLSTATE: KD001
[2025-08-08T06:56:13.462+0000] {spark_submit.py:521} INFO - 25/08/08 06:56:13 INFO DAGScheduler: ResultStage 0 (json at NativeMethodAccessorImpl.java:0) failed in 19685 ms due to [FAILED_READ_FILE.FILE_NOT_EXIST] Encountered error while reading file file:///opt/data/bronze/topcv_jobs.json. File does not exist. It is possible the underlying files have been updated.
[2025-08-08T06:56:13.463+0000] {spark_submit.py:521} INFO - You can explicitly invalidate the cache in Spark by running 'REFRESH TABLE tableName' command in SQL or by recreating the Dataset/DataFrame involved. SQLSTATE: KD001
[2025-08-08T06:56:13.465+0000] {spark_submit.py:521} INFO - 25/08/08 06:56:13 INFO DAGScheduler: Job 0 failed: json at NativeMethodAccessorImpl.java:0, took 19785.899971 ms
[2025-08-08T06:56:13.564+0000] {spark_submit.py:521} INFO - Traceback (most recent call last):
[2025-08-08T06:56:13.564+0000] {spark_submit.py:521} INFO - File "/opt/spark-jobs/gold_transform.py", line 7, in <module>
[2025-08-08T06:56:13.566+0000] {spark_submit.py:521} INFO - df = spark.read.json(r"/opt/data/bronze/topcv_jobs.json")
[2025-08-08T06:56:13.568+0000] {spark_submit.py:521} INFO - ^^^^^^^^^^^^^^^^^^^^^^^^^^^^^^^^^^^^^^^^^^^^^^^^^^^^
[2025-08-08T06:56:13.568+0000] {spark_submit.py:521} INFO - File "/home/***/.local/lib/python3.11/site-packages/pyspark/python/lib/pyspark.zip/pyspark/sql/readwriter.py", line 468, in json
[2025-08-08T06:56:13.572+0000] {spark_submit.py:521} INFO - File "/home/***/.local/lib/python3.11/site-packages/pyspark/python/lib/py4j-0.10.9.9-src.zip/py4j/java_gateway.py", line 1362, in __call__
[2025-08-08T06:56:13.572+0000] {spark_submit.py:521} INFO - File "/home/***/.local/lib/python3.11/site-packages/pyspark/python/lib/pyspark.zip/pyspark/errors/exceptions/captured.py", line 282, in deco
[2025-08-08T06:56:13.573+0000] {spark_submit.py:521} INFO - File "/home/***/.local/lib/python3.11/site-packages/pyspark/python/lib/py4j-0.10.9.9-src.zip/py4j/protocol.py", line 327, in get_return_value
[2025-08-08T06:56:13.619+0000] {spark_submit.py:521} INFO - py4j.protocol.Py4JJavaError: An error occurred while calling o28.json.
[2025-08-08T06:56:13.620+0000] {spark_submit.py:521} INFO - : org.apache.spark.SparkException: [FAILED_READ_FILE.FILE_NOT_EXIST] Encountered error while reading file file:///opt/data/bronze/topcv_jobs.json. File does not exist. It is possible the underlying files have been updated.
[2025-08-08T06:56:13.620+0000] {spark_submit.py:521} INFO - You can explicitly invalidate the cache in Spark by running 'REFRESH TABLE tableName' command in SQL or by recreating the Dataset/DataFrame involved. SQLSTATE: KD001
[2025-08-08T06:56:13.620+0000] {spark_submit.py:521} INFO - at org.apache.spark.sql.errors.QueryExecutionErrors$.fileNotExistError(QueryExecutionErrors.scala:831)
[2025-08-08T06:56:13.620+0000] {spark_submit.py:521} INFO - at org.apache.spark.sql.execution.datasources.v2.FileDataSourceV2$.attachFilePath(FileDataSourceV2.scala:140)
[2025-08-08T06:56:13.620+0000] {spark_submit.py:521} INFO - at org.apache.spark.sql.execution.datasources.FileScanRDD$$anon$1.hasNext(FileScanRDD.scala:142)
[2025-08-08T06:56:13.621+0000] {spark_submit.py:521} INFO - at scala.collection.Iterator$$anon$9.hasNext(Iterator.scala:583)
[2025-08-08T06:56:13.621+0000] {spark_submit.py:521} INFO - at scala.collection.Iterator$$anon$10.hasNext(Iterator.scala:601)
[2025-08-08T06:56:13.621+0000] {spark_submit.py:521} INFO - at scala.collection.IterableOnceOps.reduceLeftOption(IterableOnce.scala:916)
[2025-08-08T06:56:13.621+0000] {spark_submit.py:521} INFO - at scala.collection.IterableOnceOps.reduceLeftOption$(IterableOnce.scala:908)
[2025-08-08T06:56:13.622+0000] {spark_submit.py:521} INFO - at scala.collection.AbstractIterator.reduceLeftOption(Iterator.scala:1306)
[2025-08-08T06:56:13.622+0000] {spark_submit.py:521} INFO - at scala.collection.IterableOnceOps.reduceOption(IterableOnce.scala:828)
[2025-08-08T06:56:13.623+0000] {spark_submit.py:521} INFO - at scala.collection.IterableOnceOps.reduceOption$(IterableOnce.scala:828)
[2025-08-08T06:56:13.623+0000] {spark_submit.py:521} INFO - at scala.collection.AbstractIterator.reduceOption(Iterator.scala:1306)
[2025-08-08T06:56:13.623+0000] {spark_submit.py:521} INFO - at org.apache.spark.sql.catalyst.json.JsonInferSchema.$anonfun$infer$1(JsonInferSchema.scala:122)
[2025-08-08T06:56:13.623+0000] {spark_submit.py:521} INFO - at org.apache.spark.rdd.RDD.$anonfun$mapPartitions$2(RDD.scala:866)
[2025-08-08T06:56:13.624+0000] {spark_submit.py:521} INFO - at org.apache.spark.rdd.RDD.$anonfun$mapPartitions$2$adapted(RDD.scala:866)
[2025-08-08T06:56:13.624+0000] {spark_submit.py:521} INFO - at org.apache.spark.rdd.MapPartitionsRDD.compute(MapPartitionsRDD.scala:52)
[2025-08-08T06:56:13.625+0000] {spark_submit.py:521} INFO - at org.apache.spark.rdd.RDD.computeOrReadCheckpoint(RDD.scala:374)
[2025-08-08T06:56:13.625+0000] {spark_submit.py:521} INFO - at org.apache.spark.rdd.RDD.iterator(RDD.scala:338)
[2025-08-08T06:56:13.626+0000] {spark_submit.py:521} INFO - at org.apache.spark.scheduler.ResultTask.runTask(ResultTask.scala:93)
[2025-08-08T06:56:13.626+0000] {spark_submit.py:521} INFO - at org.apache.spark.TaskContext.runTaskWithListeners(TaskContext.scala:171)
[2025-08-08T06:56:13.627+0000] {spark_submit.py:521} INFO - at org.apache.spark.scheduler.Task.run(Task.scala:147)
[2025-08-08T06:56:13.627+0000] {spark_submit.py:521} INFO - at org.apache.spark.executor.Executor$TaskRunner.$anonfun$run$5(Executor.scala:647)
[2025-08-08T06:56:13.628+0000] {spark_submit.py:521} INFO - at org.apache.spark.util.SparkErrorUtils.tryWithSafeFinally(SparkErrorUtils.scala:80)
[2025-08-08T06:56:13.628+0000] {spark_submit.py:521} INFO - at org.apache.spark.util.SparkErrorUtils.tryWithSafeFinally$(SparkErrorUtils.scala:77)
[2025-08-08T06:56:13.628+0000] {spark_submit.py:521} INFO - at org.apache.spark.util.Utils$.tryWithSafeFinally(Utils.scala:99)
[2025-08-08T06:56:13.629+0000] {spark_submit.py:521} INFO - at org.apache.spark.executor.Executor$TaskRunner.run(Executor.scala:650)
[2025-08-08T06:56:13.629+0000] {spark_submit.py:521} INFO - at java.base/java.util.concurrent.ThreadPoolExecutor.runWorker(Unknown Source)
[2025-08-08T06:56:13.629+0000] {spark_submit.py:521} INFO - at java.base/java.util.concurrent.ThreadPoolExecutor$Worker.run(Unknown Source)
[2025-08-08T06:56:13.629+0000] {spark_submit.py:521} INFO - at java.base/java.lang.Thread.run(Unknown Source)
[2025-08-08T06:56:13.629+0000] {spark_submit.py:521} INFO - at org.apache.spark.scheduler.DAGScheduler.runJob(DAGScheduler.scala:1009)
[2025-08-08T06:56:13.630+0000] {spark_submit.py:521} INFO - at org.apache.spark.SparkContext.runJob(SparkContext.scala:2484)
[2025-08-08T06:56:13.630+0000] {spark_submit.py:521} INFO - at org.apache.spark.SparkContext.runJob(SparkContext.scala:2579)
[2025-08-08T06:56:13.630+0000] {spark_submit.py:521} INFO - at org.apache.spark.sql.catalyst.json.JsonInferSchema.infer(JsonInferSchema.scala:135)
[2025-08-08T06:56:13.630+0000] {spark_submit.py:521} INFO - at org.apache.spark.sql.execution.datasources.json.TextInputJsonDataSource$.$anonfun$inferFromDataset$5(JsonDataSource.scala:114)
[2025-08-08T06:56:13.630+0000] {spark_submit.py:521} INFO - at org.apache.spark.sql.execution.SQLExecution$.withSQLConfPropagated(SQLExecution.scala:291)
[2025-08-08T06:56:13.630+0000] {spark_submit.py:521} INFO - at org.apache.spark.sql.execution.datasources.json.TextInputJsonDataSource$.inferFromDataset(JsonDataSource.scala:114)
[2025-08-08T06:56:13.630+0000] {spark_submit.py:521} INFO - at org.apache.spark.sql.execution.datasources.json.TextInputJsonDataSource$.infer(JsonDataSource.scala:103)
[2025-08-08T06:56:13.631+0000] {spark_submit.py:521} INFO - at org.apache.spark.sql.execution.datasources.json.JsonDataSource.inferSchema(JsonDataSource.scala:68)
[2025-08-08T06:56:13.631+0000] {spark_submit.py:521} INFO - at org.apache.spark.sql.execution.datasources.json.JsonFileFormat.inferSchema(JsonFileFormat.scala:58)
[2025-08-08T06:56:13.631+0000] {spark_submit.py:521} INFO - at org.apache.spark.sql.execution.datasources.DataSource.$anonfun$getOrInferFileFormatSchema$11(DataSource.scala:219)
[2025-08-08T06:56:13.631+0000] {spark_submit.py:521} INFO - at scala.Option.orElse(Option.scala:477)
[2025-08-08T06:56:13.631+0000] {spark_submit.py:521} INFO - at org.apache.spark.sql.execution.datasources.DataSource.getOrInferFileFormatSchema(DataSource.scala:216)
[2025-08-08T06:56:13.631+0000] {spark_submit.py:521} INFO - at org.apache.spark.sql.execution.datasources.DataSource.resolveRelation(DataSource.scala:422)
[2025-08-08T06:56:13.632+0000] {spark_submit.py:521} INFO - at org.apache.spark.sql.catalyst.analysis.ResolveDataSource.org$apache$spark$sql$catalyst$analysis$ResolveDataSource$$loadV1BatchSource(ResolveDataSource.scala:143)
[2025-08-08T06:56:13.632+0000] {spark_submit.py:521} INFO - at org.apache.spark.sql.catalyst.analysis.ResolveDataSource$$anonfun$apply$1.$anonfun$applyOrElse$2(ResolveDataSource.scala:61)
[2025-08-08T06:56:13.632+0000] {spark_submit.py:521} INFO - at scala.Option.getOrElse(Option.scala:201)
[2025-08-08T06:56:13.632+0000] {spark_submit.py:521} INFO - at org.apache.spark.sql.catalyst.analysis.ResolveDataSource$$anonfun$apply$1.applyOrElse(ResolveDataSource.scala:61)
[2025-08-08T06:56:13.632+0000] {spark_submit.py:521} INFO - at org.apache.spark.sql.catalyst.analysis.ResolveDataSource$$anonfun$apply$1.applyOrElse(ResolveDataSource.scala:45)
[2025-08-08T06:56:13.633+0000] {spark_submit.py:521} INFO - at org.apache.spark.sql.catalyst.plans.logical.AnalysisHelper.$anonfun$resolveOperatorsUpWithPruning$3(AnalysisHelper.scala:139)
[2025-08-08T06:56:13.633+0000] {spark_submit.py:521} INFO - at org.apache.spark.sql.catalyst.trees.CurrentOrigin$.withOrigin(origin.scala:86)
[2025-08-08T06:56:13.633+0000] {spark_submit.py:521} INFO - at org.apache.spark.sql.catalyst.plans.logical.AnalysisHelper.$anonfun$resolveOperatorsUpWithPruning$1(AnalysisHelper.scala:139)
[2025-08-08T06:56:13.633+0000] {spark_submit.py:521} INFO - at org.apache.spark.sql.catalyst.plans.logical.AnalysisHelper$.allowInvokingTransformsInAnalyzer(AnalysisHelper.scala:416)
[2025-08-08T06:56:13.633+0000] {spark_submit.py:521} INFO - at org.apache.spark.sql.catalyst.plans.logical.AnalysisHelper.resolveOperatorsUpWithPruning(AnalysisHelper.scala:135)
[2025-08-08T06:56:13.634+0000] {spark_submit.py:521} INFO - at org.apache.spark.sql.catalyst.plans.logical.AnalysisHelper.resolveOperatorsUpWithPruning$(AnalysisHelper.scala:131)
[2025-08-08T06:56:13.634+0000] {spark_submit.py:521} INFO - at org.apache.spark.sql.catalyst.plans.logical.LogicalPlan.resolveOperatorsUpWithPruning(LogicalPlan.scala:37)
[2025-08-08T06:56:13.634+0000] {spark_submit.py:521} INFO - at org.apache.spark.sql.catalyst.plans.logical.AnalysisHelper.resolveOperatorsUp(AnalysisHelper.scala:112)
[2025-08-08T06:56:13.634+0000] {spark_submit.py:521} INFO - at org.apache.spark.sql.catalyst.plans.logical.AnalysisHelper.resolveOperatorsUp$(AnalysisHelper.scala:111)
[2025-08-08T06:56:13.634+0000] {spark_submit.py:521} INFO - at org.apache.spark.sql.catalyst.plans.logical.LogicalPlan.resolveOperatorsUp(LogicalPlan.scala:37)
[2025-08-08T06:56:13.635+0000] {spark_submit.py:521} INFO - at org.apache.spark.sql.catalyst.analysis.ResolveDataSource.apply(ResolveDataSource.scala:45)
[2025-08-08T06:56:13.635+0000] {spark_submit.py:521} INFO - at org.apache.spark.sql.catalyst.analysis.ResolveDataSource.apply(ResolveDataSource.scala:43)
[2025-08-08T06:56:13.635+0000] {spark_submit.py:521} INFO - at org.apache.spark.sql.catalyst.rules.RuleExecutor.$anonfun$execute$2(RuleExecutor.scala:242)
[2025-08-08T06:56:13.635+0000] {spark_submit.py:521} INFO - at scala.collection.LinearSeqOps.foldLeft(LinearSeq.scala:183)
[2025-08-08T06:56:13.635+0000] {spark_submit.py:521} INFO - at scala.collection.LinearSeqOps.foldLeft$(LinearSeq.scala:179)
[2025-08-08T06:56:13.636+0000] {spark_submit.py:521} INFO - at scala.collection.immutable.List.foldLeft(List.scala:79)
[2025-08-08T06:56:13.636+0000] {spark_submit.py:521} INFO - at org.apache.spark.sql.catalyst.rules.RuleExecutor.$anonfun$execute$1(RuleExecutor.scala:239)
[2025-08-08T06:56:13.636+0000] {spark_submit.py:521} INFO - at org.apache.spark.sql.catalyst.rules.RuleExecutor.$anonfun$execute$1$adapted(RuleExecutor.scala:231)
[2025-08-08T06:56:13.636+0000] {spark_submit.py:521} INFO - at scala.collection.immutable.List.foreach(List.scala:334)
[2025-08-08T06:56:13.636+0000] {spark_submit.py:521} INFO - at org.apache.spark.sql.catalyst.rules.RuleExecutor.execute(RuleExecutor.scala:231)
[2025-08-08T06:56:13.637+0000] {spark_submit.py:521} INFO - at org.apache.spark.sql.catalyst.analysis.Analyzer.org$apache$spark$sql$catalyst$analysis$Analyzer$$executeSameContext(Analyzer.scala:290)
[2025-08-08T06:56:13.637+0000] {spark_submit.py:521} INFO - at org.apache.spark.sql.catalyst.analysis.Analyzer.$anonfun$execute$1(Analyzer.scala:286)
[2025-08-08T06:56:13.637+0000] {spark_submit.py:521} INFO - at org.apache.spark.sql.catalyst.analysis.AnalysisContext$.withNewAnalysisContext(Analyzer.scala:234)
[2025-08-08T06:56:13.637+0000] {spark_submit.py:521} INFO - at org.apache.spark.sql.catalyst.analysis.Analyzer.execute(Analyzer.scala:286)
[2025-08-08T06:56:13.638+0000] {spark_submit.py:521} INFO - at org.apache.spark.sql.catalyst.analysis.Analyzer.execute(Analyzer.scala:249)
[2025-08-08T06:56:13.638+0000] {spark_submit.py:521} INFO - at org.apache.spark.sql.catalyst.rules.RuleExecutor.$anonfun$executeAndTrack$1(RuleExecutor.scala:201)
[2025-08-08T06:56:13.638+0000] {spark_submit.py:521} INFO - at org.apache.spark.sql.catalyst.QueryPlanningTracker$.withTracker(QueryPlanningTracker.scala:89)
[2025-08-08T06:56:13.638+0000] {spark_submit.py:521} INFO - at org.apache.spark.sql.catalyst.rules.RuleExecutor.executeAndTrack(RuleExecutor.scala:201)
[2025-08-08T06:56:13.638+0000] {spark_submit.py:521} INFO - at org.apache.spark.sql.catalyst.analysis.resolver.HybridAnalyzer.resolveInFixedPoint(HybridAnalyzer.scala:190)
[2025-08-08T06:56:13.638+0000] {spark_submit.py:521} INFO - at org.apache.spark.sql.catalyst.analysis.resolver.HybridAnalyzer.$anonfun$apply$1(HybridAnalyzer.scala:76)
[2025-08-08T06:56:13.639+0000] {spark_submit.py:521} INFO - at org.apache.spark.sql.catalyst.analysis.resolver.HybridAnalyzer.withTrackedAnalyzerBridgeState(HybridAnalyzer.scala:111)
[2025-08-08T06:56:13.639+0000] {spark_submit.py:521} INFO - at org.apache.spark.sql.catalyst.analysis.resolver.HybridAnalyzer.apply(HybridAnalyzer.scala:71)
[2025-08-08T06:56:13.639+0000] {spark_submit.py:521} INFO - at org.apache.spark.sql.catalyst.analysis.Analyzer.$anonfun$executeAndCheck$1(Analyzer.scala:280)
[2025-08-08T06:56:13.639+0000] {spark_submit.py:521} INFO - at org.apache.spark.sql.catalyst.plans.logical.AnalysisHelper$.markInAnalyzer(AnalysisHelper.scala:423)
[2025-08-08T06:56:13.639+0000] {spark_submit.py:521} INFO - at org.apache.spark.sql.catalyst.analysis.Analyzer.executeAndCheck(Analyzer.scala:280)
[2025-08-08T06:56:13.640+0000] {spark_submit.py:521} INFO - at org.apache.spark.sql.execution.QueryExecution.$anonfun$lazyAnalyzed$2(QueryExecution.scala:110)
[2025-08-08T06:56:13.640+0000] {spark_submit.py:521} INFO - at org.apache.spark.sql.catalyst.QueryPlanningTracker.measurePhase(QueryPlanningTracker.scala:148)
[2025-08-08T06:56:13.640+0000] {spark_submit.py:521} INFO - at org.apache.spark.sql.execution.QueryExecution.$anonfun$executePhase$2(QueryExecution.scala:278)
[2025-08-08T06:56:13.640+0000] {spark_submit.py:521} INFO - at org.apache.spark.sql.execution.QueryExecution$.withInternalError(QueryExecution.scala:654)
[2025-08-08T06:56:13.641+0000] {spark_submit.py:521} INFO - at org.apache.spark.sql.execution.QueryExecution.$anonfun$executePhase$1(QueryExecution.scala:278)
[2025-08-08T06:56:13.641+0000] {spark_submit.py:521} INFO - at org.apache.spark.sql.SparkSession.withActive(SparkSession.scala:804)
[2025-08-08T06:56:13.641+0000] {spark_submit.py:521} INFO - at org.apache.spark.sql.execution.QueryExecution.executePhase(QueryExecution.scala:277)
[2025-08-08T06:56:13.642+0000] {spark_submit.py:521} INFO - at org.apache.spark.sql.execution.QueryExecution.$anonfun$lazyAnalyzed$1(QueryExecution.scala:110)
[2025-08-08T06:56:13.642+0000] {spark_submit.py:521} INFO - at scala.util.Try$.apply(Try.scala:217)
[2025-08-08T06:56:13.642+0000] {spark_submit.py:521} INFO - at org.apache.spark.util.Utils$.doTryWithCallerStacktrace(Utils.scala:1378)
[2025-08-08T06:56:13.643+0000] {spark_submit.py:521} INFO - at org.apache.spark.util.Utils$.getTryWithCallerStacktrace(Utils.scala:1439)
[2025-08-08T06:56:13.643+0000] {spark_submit.py:521} INFO - at org.apache.spark.util.LazyTry.get(LazyTry.scala:58)
[2025-08-08T06:56:13.643+0000] {spark_submit.py:521} INFO - at org.apache.spark.sql.execution.QueryExecution.analyzed(QueryExecution.scala:121)
[2025-08-08T06:56:13.643+0000] {spark_submit.py:521} INFO - at org.apache.spark.sql.execution.QueryExecution.assertAnalyzed(QueryExecution.scala:80)
[2025-08-08T06:56:13.643+0000] {spark_submit.py:521} INFO - at org.apache.spark.sql.classic.Dataset$.$anonfun$ofRows$1(Dataset.scala:115)
[2025-08-08T06:56:13.644+0000] {spark_submit.py:521} INFO - at org.apache.spark.sql.SparkSession.withActive(SparkSession.scala:804)
[2025-08-08T06:56:13.644+0000] {spark_submit.py:521} INFO - at org.apache.spark.sql.classic.Dataset$.ofRows(Dataset.scala:113)
[2025-08-08T06:56:13.644+0000] {spark_submit.py:521} INFO - at org.apache.spark.sql.classic.DataFrameReader.load(DataFrameReader.scala:109)
[2025-08-08T06:56:13.644+0000] {spark_submit.py:521} INFO - at org.apache.spark.sql.classic.DataFrameReader.load(DataFrameReader.scala:58)
[2025-08-08T06:56:13.645+0000] {spark_submit.py:521} INFO - at org.apache.spark.sql.DataFrameReader.json(DataFrameReader.scala:296)
[2025-08-08T06:56:13.645+0000] {spark_submit.py:521} INFO - at org.apache.spark.sql.classic.DataFrameReader.json(DataFrameReader.scala:150)
[2025-08-08T06:56:13.645+0000] {spark_submit.py:521} INFO - at java.base/jdk.internal.reflect.NativeMethodAccessorImpl.invoke0(Native Method)
[2025-08-08T06:56:13.645+0000] {spark_submit.py:521} INFO - at java.base/jdk.internal.reflect.NativeMethodAccessorImpl.invoke(NativeMethodAccessorImpl.java:77)
[2025-08-08T06:56:13.646+0000] {spark_submit.py:521} INFO - at java.base/jdk.internal.reflect.DelegatingMethodAccessorImpl.invoke(DelegatingMethodAccessorImpl.java:43)
[2025-08-08T06:56:13.646+0000] {spark_submit.py:521} INFO - at java.base/java.lang.reflect.Method.invoke(Method.java:569)
[2025-08-08T06:56:13.646+0000] {spark_submit.py:521} INFO - at py4j.reflection.MethodInvoker.invoke(MethodInvoker.java:244)
[2025-08-08T06:56:13.646+0000] {spark_submit.py:521} INFO - at py4j.reflection.ReflectionEngine.invoke(ReflectionEngine.java:374)
[2025-08-08T06:56:13.647+0000] {spark_submit.py:521} INFO - at py4j.Gateway.invoke(Gateway.java:282)
[2025-08-08T06:56:13.647+0000] {spark_submit.py:521} INFO - at py4j.commands.AbstractCommand.invokeMethod(AbstractCommand.java:132)
[2025-08-08T06:56:13.647+0000] {spark_submit.py:521} INFO - at py4j.commands.CallCommand.execute(CallCommand.java:79)
[2025-08-08T06:56:13.647+0000] {spark_submit.py:521} INFO - at py4j.ClientServerConnection.waitForCommands(ClientServerConnection.java:184)
[2025-08-08T06:56:13.647+0000] {spark_submit.py:521} INFO - at py4j.ClientServerConnection.run(ClientServerConnection.java:108)
[2025-08-08T06:56:13.648+0000] {spark_submit.py:521} INFO - at java.base/java.lang.Thread.run(Thread.java:840)
[2025-08-08T06:56:13.648+0000] {spark_submit.py:521} INFO - Suppressed: org.apache.spark.util.Utils$OriginalTryStackTraceException: Full stacktrace of original doTryWithCallerStacktrace caller
[2025-08-08T06:56:13.648+0000] {spark_submit.py:521} INFO - at org.apache.spark.sql.errors.QueryExecutionErrors$.fileNotExistError(QueryExecutionErrors.scala:831)
[2025-08-08T06:56:13.648+0000] {spark_submit.py:521} INFO - at org.apache.spark.sql.execution.datasources.v2.FileDataSourceV2$.attachFilePath(FileDataSourceV2.scala:140)
[2025-08-08T06:56:13.649+0000] {spark_submit.py:521} INFO - at org.apache.spark.sql.execution.datasources.FileScanRDD$$anon$1.hasNext(FileScanRDD.scala:142)
[2025-08-08T06:56:13.649+0000] {spark_submit.py:521} INFO - at scala.collection.Iterator$$anon$9.hasNext(Iterator.scala:583)
[2025-08-08T06:56:13.649+0000] {spark_submit.py:521} INFO - at scala.collection.Iterator$$anon$10.hasNext(Iterator.scala:601)
[2025-08-08T06:56:13.649+0000] {spark_submit.py:521} INFO - at scala.collection.IterableOnceOps.reduceLeftOption(IterableOnce.scala:916)
[2025-08-08T06:56:13.649+0000] {spark_submit.py:521} INFO - at scala.collection.IterableOnceOps.reduceLeftOption$(IterableOnce.scala:908)
[2025-08-08T06:56:13.650+0000] {spark_submit.py:521} INFO - at scala.collection.AbstractIterator.reduceLeftOption(Iterator.scala:1306)
[2025-08-08T06:56:13.650+0000] {spark_submit.py:521} INFO - at scala.collection.IterableOnceOps.reduceOption(IterableOnce.scala:828)
[2025-08-08T06:56:13.650+0000] {spark_submit.py:521} INFO - at scala.collection.IterableOnceOps.reduceOption$(IterableOnce.scala:828)
[2025-08-08T06:56:13.650+0000] {spark_submit.py:521} INFO - at scala.collection.AbstractIterator.reduceOption(Iterator.scala:1306)
[2025-08-08T06:56:13.650+0000] {spark_submit.py:521} INFO - at org.apache.spark.sql.catalyst.json.JsonInferSchema.$anonfun$infer$1(JsonInferSchema.scala:122)
[2025-08-08T06:56:13.651+0000] {spark_submit.py:521} INFO - at org.apache.spark.rdd.RDD.$anonfun$mapPartitions$2(RDD.scala:866)
[2025-08-08T06:56:13.651+0000] {spark_submit.py:521} INFO - at org.apache.spark.rdd.RDD.$anonfun$mapPartitions$2$adapted(RDD.scala:866)
[2025-08-08T06:56:13.651+0000] {spark_submit.py:521} INFO - at org.apache.spark.rdd.MapPartitionsRDD.compute(MapPartitionsRDD.scala:52)
[2025-08-08T06:56:13.651+0000] {spark_submit.py:521} INFO - at org.apache.spark.rdd.RDD.computeOrReadCheckpoint(RDD.scala:374)
[2025-08-08T06:56:13.651+0000] {spark_submit.py:521} INFO - at org.apache.spark.rdd.RDD.iterator(RDD.scala:338)
[2025-08-08T06:56:13.652+0000] {spark_submit.py:521} INFO - at org.apache.spark.scheduler.ResultTask.runTask(ResultTask.scala:93)
[2025-08-08T06:56:13.652+0000] {spark_submit.py:521} INFO - at org.apache.spark.TaskContext.runTaskWithListeners(TaskContext.scala:171)
[2025-08-08T06:56:13.652+0000] {spark_submit.py:521} INFO - at org.apache.spark.scheduler.Task.run(Task.scala:147)
[2025-08-08T06:56:13.652+0000] {spark_submit.py:521} INFO - at org.apache.spark.executor.Executor$TaskRunner.$anonfun$run$5(Executor.scala:647)
[2025-08-08T06:56:13.653+0000] {spark_submit.py:521} INFO - at org.apache.spark.util.SparkErrorUtils.tryWithSafeFinally(SparkErrorUtils.scala:80)
[2025-08-08T06:56:13.653+0000] {spark_submit.py:521} INFO - at org.apache.spark.util.SparkErrorUtils.tryWithSafeFinally$(SparkErrorUtils.scala:77)
[2025-08-08T06:56:13.654+0000] {spark_submit.py:521} INFO - at org.apache.spark.util.Utils$.tryWithSafeFinally(Utils.scala:99)
[2025-08-08T06:56:13.654+0000] {spark_submit.py:521} INFO - at org.apache.spark.executor.Executor$TaskRunner.run(Executor.scala:650)
[2025-08-08T06:56:13.654+0000] {spark_submit.py:521} INFO - at java.base/java.util.concurrent.ThreadPoolExecutor.runWorker(Unknown Source)
[2025-08-08T06:56:13.654+0000] {spark_submit.py:521} INFO - at java.base/java.util.concurrent.ThreadPoolExecutor$Worker.run(Unknown Source)
[2025-08-08T06:56:13.654+0000] {spark_submit.py:521} INFO - at java.base/java.lang.Thread.run(Unknown Source)
[2025-08-08T06:56:13.655+0000] {spark_submit.py:521} INFO - at org.apache.spark.scheduler.DAGScheduler.runJob(DAGScheduler.scala:1009)
[2025-08-08T06:56:13.655+0000] {spark_submit.py:521} INFO - at org.apache.spark.SparkContext.runJob(SparkContext.scala:2484)
[2025-08-08T06:56:13.655+0000] {spark_submit.py:521} INFO - at org.apache.spark.SparkContext.runJob(SparkContext.scala:2579)
[2025-08-08T06:56:13.655+0000] {spark_submit.py:521} INFO - at org.apache.spark.sql.catalyst.json.JsonInferSchema.infer(JsonInferSchema.scala:135)
[2025-08-08T06:56:13.655+0000] {spark_submit.py:521} INFO - at org.apache.spark.sql.execution.datasources.json.TextInputJsonDataSource$.$anonfun$inferFromDataset$5(JsonDataSource.scala:114)
[2025-08-08T06:56:13.656+0000] {spark_submit.py:521} INFO - at org.apache.spark.sql.execution.SQLExecution$.withSQLConfPropagated(SQLExecution.scala:291)
[2025-08-08T06:56:13.656+0000] {spark_submit.py:521} INFO - at org.apache.spark.sql.execution.datasources.json.TextInputJsonDataSource$.inferFromDataset(JsonDataSource.scala:114)
[2025-08-08T06:56:13.656+0000] {spark_submit.py:521} INFO - at org.apache.spark.sql.execution.datasources.json.TextInputJsonDataSource$.infer(JsonDataSource.scala:103)
[2025-08-08T06:56:13.656+0000] {spark_submit.py:521} INFO - at org.apache.spark.sql.execution.datasources.json.JsonDataSource.inferSchema(JsonDataSource.scala:68)
[2025-08-08T06:56:13.656+0000] {spark_submit.py:521} INFO - at org.apache.spark.sql.execution.datasources.json.JsonFileFormat.inferSchema(JsonFileFormat.scala:58)
[2025-08-08T06:56:13.657+0000] {spark_submit.py:521} INFO - at org.apache.spark.sql.execution.datasources.DataSource.$anonfun$getOrInferFileFormatSchema$11(DataSource.scala:219)
[2025-08-08T06:56:13.657+0000] {spark_submit.py:521} INFO - at scala.Option.orElse(Option.scala:477)
[2025-08-08T06:56:13.657+0000] {spark_submit.py:521} INFO - at org.apache.spark.sql.execution.datasources.DataSource.getOrInferFileFormatSchema(DataSource.scala:216)
[2025-08-08T06:56:13.658+0000] {spark_submit.py:521} INFO - at org.apache.spark.sql.execution.datasources.DataSource.resolveRelation(DataSource.scala:422)
[2025-08-08T06:56:13.658+0000] {spark_submit.py:521} INFO - at org.apache.spark.sql.catalyst.analysis.ResolveDataSource.org$apache$spark$sql$catalyst$analysis$ResolveDataSource$$loadV1BatchSource(ResolveDataSource.scala:143)
[2025-08-08T06:56:13.658+0000] {spark_submit.py:521} INFO - at org.apache.spark.sql.catalyst.analysis.ResolveDataSource$$anonfun$apply$1.$anonfun$applyOrElse$2(ResolveDataSource.scala:61)
[2025-08-08T06:56:13.658+0000] {spark_submit.py:521} INFO - at scala.Option.getOrElse(Option.scala:201)
[2025-08-08T06:56:13.659+0000] {spark_submit.py:521} INFO - at org.apache.spark.sql.catalyst.analysis.ResolveDataSource$$anonfun$apply$1.applyOrElse(ResolveDataSource.scala:61)
[2025-08-08T06:56:13.659+0000] {spark_submit.py:521} INFO - at org.apache.spark.sql.catalyst.analysis.ResolveDataSource$$anonfun$apply$1.applyOrElse(ResolveDataSource.scala:45)
[2025-08-08T06:56:13.659+0000] {spark_submit.py:521} INFO - at org.apache.spark.sql.catalyst.plans.logical.AnalysisHelper.$anonfun$resolveOperatorsUpWithPruning$3(AnalysisHelper.scala:139)
[2025-08-08T06:56:13.659+0000] {spark_submit.py:521} INFO - at org.apache.spark.sql.catalyst.trees.CurrentOrigin$.withOrigin(origin.scala:86)
[2025-08-08T06:56:13.659+0000] {spark_submit.py:521} INFO - at org.apache.spark.sql.catalyst.plans.logical.AnalysisHelper.$anonfun$resolveOperatorsUpWithPruning$1(AnalysisHelper.scala:139)
[2025-08-08T06:56:13.659+0000] {spark_submit.py:521} INFO - at org.apache.spark.sql.catalyst.plans.logical.AnalysisHelper$.allowInvokingTransformsInAnalyzer(AnalysisHelper.scala:416)
[2025-08-08T06:56:13.660+0000] {spark_submit.py:521} INFO - at org.apache.spark.sql.catalyst.plans.logical.AnalysisHelper.resolveOperatorsUpWithPruning(AnalysisHelper.scala:135)
[2025-08-08T06:56:13.660+0000] {spark_submit.py:521} INFO - at org.apache.spark.sql.catalyst.plans.logical.AnalysisHelper.resolveOperatorsUpWithPruning$(AnalysisHelper.scala:131)
[2025-08-08T06:56:13.660+0000] {spark_submit.py:521} INFO - at org.apache.spark.sql.catalyst.plans.logical.LogicalPlan.resolveOperatorsUpWithPruning(LogicalPlan.scala:37)
[2025-08-08T06:56:13.660+0000] {spark_submit.py:521} INFO - at org.apache.spark.sql.catalyst.plans.logical.AnalysisHelper.resolveOperatorsUp(AnalysisHelper.scala:112)
[2025-08-08T06:56:13.660+0000] {spark_submit.py:521} INFO - at org.apache.spark.sql.catalyst.plans.logical.AnalysisHelper.resolveOperatorsUp$(AnalysisHelper.scala:111)
[2025-08-08T06:56:13.660+0000] {spark_submit.py:521} INFO - at org.apache.spark.sql.catalyst.plans.logical.LogicalPlan.resolveOperatorsUp(LogicalPlan.scala:37)
[2025-08-08T06:56:13.660+0000] {spark_submit.py:521} INFO - at org.apache.spark.sql.catalyst.analysis.ResolveDataSource.apply(ResolveDataSource.scala:45)
[2025-08-08T06:56:13.661+0000] {spark_submit.py:521} INFO - at org.apache.spark.sql.catalyst.analysis.ResolveDataSource.apply(ResolveDataSource.scala:43)
[2025-08-08T06:56:13.661+0000] {spark_submit.py:521} INFO - at org.apache.spark.sql.catalyst.rules.RuleExecutor.$anonfun$execute$2(RuleExecutor.scala:242)
[2025-08-08T06:56:13.661+0000] {spark_submit.py:521} INFO - at scala.collection.LinearSeqOps.foldLeft(LinearSeq.scala:183)
[2025-08-08T06:56:13.661+0000] {spark_submit.py:521} INFO - at scala.collection.LinearSeqOps.foldLeft$(LinearSeq.scala:179)
[2025-08-08T06:56:13.661+0000] {spark_submit.py:521} INFO - at scala.collection.immutable.List.foldLeft(List.scala:79)
[2025-08-08T06:56:13.661+0000] {spark_submit.py:521} INFO - at org.apache.spark.sql.catalyst.rules.RuleExecutor.$anonfun$execute$1(RuleExecutor.scala:239)
[2025-08-08T06:56:13.661+0000] {spark_submit.py:521} INFO - at org.apache.spark.sql.catalyst.rules.RuleExecutor.$anonfun$execute$1$adapted(RuleExecutor.scala:231)
[2025-08-08T06:56:13.662+0000] {spark_submit.py:521} INFO - at scala.collection.immutable.List.foreach(List.scala:334)
[2025-08-08T06:56:13.662+0000] {spark_submit.py:521} INFO - at org.apache.spark.sql.catalyst.rules.RuleExecutor.execute(RuleExecutor.scala:231)
[2025-08-08T06:56:13.662+0000] {spark_submit.py:521} INFO - at org.apache.spark.sql.catalyst.analysis.Analyzer.org$apache$spark$sql$catalyst$analysis$Analyzer$$executeSameContext(Analyzer.scala:290)
[2025-08-08T06:56:13.662+0000] {spark_submit.py:521} INFO - at org.apache.spark.sql.catalyst.analysis.Analyzer.$anonfun$execute$1(Analyzer.scala:286)
[2025-08-08T06:56:13.662+0000] {spark_submit.py:521} INFO - at org.apache.spark.sql.catalyst.analysis.AnalysisContext$.withNewAnalysisContext(Analyzer.scala:234)
[2025-08-08T06:56:13.662+0000] {spark_submit.py:521} INFO - at org.apache.spark.sql.catalyst.analysis.Analyzer.execute(Analyzer.scala:286)
[2025-08-08T06:56:13.662+0000] {spark_submit.py:521} INFO - at org.apache.spark.sql.catalyst.analysis.Analyzer.execute(Analyzer.scala:249)
[2025-08-08T06:56:13.663+0000] {spark_submit.py:521} INFO - at org.apache.spark.sql.catalyst.rules.RuleExecutor.$anonfun$executeAndTrack$1(RuleExecutor.scala:201)
[2025-08-08T06:56:13.663+0000] {spark_submit.py:521} INFO - at org.apache.spark.sql.catalyst.QueryPlanningTracker$.withTracker(QueryPlanningTracker.scala:89)
[2025-08-08T06:56:13.663+0000] {spark_submit.py:521} INFO - at org.apache.spark.sql.catalyst.rules.RuleExecutor.executeAndTrack(RuleExecutor.scala:201)
[2025-08-08T06:56:13.663+0000] {spark_submit.py:521} INFO - at org.apache.spark.sql.catalyst.analysis.resolver.HybridAnalyzer.resolveInFixedPoint(HybridAnalyzer.scala:190)
[2025-08-08T06:56:13.663+0000] {spark_submit.py:521} INFO - at org.apache.spark.sql.catalyst.analysis.resolver.HybridAnalyzer.$anonfun$apply$1(HybridAnalyzer.scala:76)
[2025-08-08T06:56:13.664+0000] {spark_submit.py:521} INFO - at org.apache.spark.sql.catalyst.analysis.resolver.HybridAnalyzer.withTrackedAnalyzerBridgeState(HybridAnalyzer.scala:111)
[2025-08-08T06:56:13.664+0000] {spark_submit.py:521} INFO - at org.apache.spark.sql.catalyst.analysis.resolver.HybridAnalyzer.apply(HybridAnalyzer.scala:71)
[2025-08-08T06:56:13.664+0000] {spark_submit.py:521} INFO - at org.apache.spark.sql.catalyst.analysis.Analyzer.$anonfun$executeAndCheck$1(Analyzer.scala:280)
[2025-08-08T06:56:13.665+0000] {spark_submit.py:521} INFO - at org.apache.spark.sql.catalyst.plans.logical.AnalysisHelper$.markInAnalyzer(AnalysisHelper.scala:423)
[2025-08-08T06:56:13.665+0000] {spark_submit.py:521} INFO - at org.apache.spark.sql.catalyst.analysis.Analyzer.executeAndCheck(Analyzer.scala:280)
[2025-08-08T06:56:13.665+0000] {spark_submit.py:521} INFO - at org.apache.spark.sql.execution.QueryExecution.$anonfun$lazyAnalyzed$2(QueryExecution.scala:110)
[2025-08-08T06:56:13.665+0000] {spark_submit.py:521} INFO - at org.apache.spark.sql.catalyst.QueryPlanningTracker.measurePhase(QueryPlanningTracker.scala:148)
[2025-08-08T06:56:13.666+0000] {spark_submit.py:521} INFO - at org.apache.spark.sql.execution.QueryExecution.$anonfun$executePhase$2(QueryExecution.scala:278)
[2025-08-08T06:56:13.666+0000] {spark_submit.py:521} INFO - at org.apache.spark.sql.execution.QueryExecution$.withInternalError(QueryExecution.scala:654)
[2025-08-08T06:56:13.666+0000] {spark_submit.py:521} INFO - at org.apache.spark.sql.execution.QueryExecution.$anonfun$executePhase$1(QueryExecution.scala:278)
[2025-08-08T06:56:13.666+0000] {spark_submit.py:521} INFO - at org.apache.spark.sql.SparkSession.withActive(SparkSession.scala:804)
[2025-08-08T06:56:13.666+0000] {spark_submit.py:521} INFO - at org.apache.spark.sql.execution.QueryExecution.executePhase(QueryExecution.scala:277)
[2025-08-08T06:56:13.666+0000] {spark_submit.py:521} INFO - at org.apache.spark.sql.execution.QueryExecution.$anonfun$lazyAnalyzed$1(QueryExecution.scala:110)
[2025-08-08T06:56:13.667+0000] {spark_submit.py:521} INFO - at scala.util.Try$.apply(Try.scala:217)
[2025-08-08T06:56:13.667+0000] {spark_submit.py:521} INFO - at org.apache.spark.util.Utils$.doTryWithCallerStacktrace(Utils.scala:1378)
[2025-08-08T06:56:13.667+0000] {spark_submit.py:521} INFO - at org.apache.spark.util.LazyTry.tryT$lzycompute(LazyTry.scala:46)
[2025-08-08T06:56:13.667+0000] {spark_submit.py:521} INFO - at org.apache.spark.util.LazyTry.tryT(LazyTry.scala:46)
[2025-08-08T06:56:13.667+0000] {spark_submit.py:521} INFO - ... 22 more
[2025-08-08T06:56:13.669+0000] {spark_submit.py:521} INFO - Caused by: java.io.FileNotFoundException: File file:/opt/data/bronze/topcv_jobs.json does not exist
[2025-08-08T06:56:13.669+0000] {spark_submit.py:521} INFO - at org.apache.hadoop.fs.RawLocalFileSystem.deprecatedGetFileStatus(RawLocalFileSystem.java:917)
[2025-08-08T06:56:13.669+0000] {spark_submit.py:521} INFO - at org.apache.hadoop.fs.RawLocalFileSystem.getFileLinkStatusInternal(RawLocalFileSystem.java:1238)
[2025-08-08T06:56:13.669+0000] {spark_submit.py:521} INFO - at org.apache.hadoop.fs.RawLocalFileSystem.getFileStatus(RawLocalFileSystem.java:907)
[2025-08-08T06:56:13.670+0000] {spark_submit.py:521} INFO - at org.apache.hadoop.fs.FilterFileSystem.getFileStatus(FilterFileSystem.java:462)
[2025-08-08T06:56:13.670+0000] {spark_submit.py:521} INFO - at org.apache.hadoop.fs.ChecksumFileSystem$ChecksumFSInputChecker.<init>(ChecksumFileSystem.java:189)
[2025-08-08T06:56:13.670+0000] {spark_submit.py:521} INFO - at org.apache.hadoop.fs.ChecksumFileSystem.open(ChecksumFileSystem.java:572)
[2025-08-08T06:56:13.670+0000] {spark_submit.py:521} INFO - at org.apache.hadoop.fs.ChecksumFileSystem.lambda$openFileWithOptions$0(ChecksumFileSystem.java:1100)
[2025-08-08T06:56:13.670+0000] {spark_submit.py:521} INFO - at org.apache.hadoop.util.LambdaUtils.eval(LambdaUtils.java:52)
[2025-08-08T06:56:13.670+0000] {spark_submit.py:521} INFO - at org.apache.hadoop.fs.ChecksumFileSystem.openFileWithOptions(ChecksumFileSystem.java:1098)
[2025-08-08T06:56:13.672+0000] {spark_submit.py:521} INFO - at org.apache.hadoop.fs.FileSystem$FSDataInputStreamBuilder.build(FileSystem.java:4952)
[2025-08-08T06:56:13.672+0000] {spark_submit.py:521} INFO - at org.apache.hadoop.mapreduce.lib.input.LineRecordReader.initialize(LineRecordReader.java:100)
[2025-08-08T06:56:13.672+0000] {spark_submit.py:521} INFO - at org.apache.spark.sql.execution.datasources.HadoopFileLinesReader.$anonfun$_iterator$2(HadoopFileLinesReader.scala:66)
[2025-08-08T06:56:13.672+0000] {spark_submit.py:521} INFO - at org.apache.spark.util.SparkErrorUtils.tryInitializeResource(SparkErrorUtils.scala:59)
[2025-08-08T06:56:13.672+0000] {spark_submit.py:521} INFO - at org.apache.spark.util.SparkErrorUtils.tryInitializeResource$(SparkErrorUtils.scala:56)
[2025-08-08T06:56:13.673+0000] {spark_submit.py:521} INFO - at org.apache.spark.util.Utils$.tryInitializeResource(Utils.scala:99)
[2025-08-08T06:56:13.673+0000] {spark_submit.py:521} INFO - at org.apache.spark.sql.execution.datasources.HadoopFileLinesReader.<init>(HadoopFileLinesReader.scala:65)
[2025-08-08T06:56:13.673+0000] {spark_submit.py:521} INFO - at org.apache.spark.sql.execution.datasources.text.TextFileFormat.$anonfun$readToUnsafeMem$2(TextFileFormat.scala:124)
[2025-08-08T06:56:13.673+0000] {spark_submit.py:521} INFO - at org.apache.spark.TaskContextImpl.createResourceUninterruptibly(TaskContextImpl.scala:332)
[2025-08-08T06:56:13.674+0000] {spark_submit.py:521} INFO - at org.apache.spark.util.Utils$.$anonfun$createResourceUninterruptiblyIfInTaskThread$1(Utils.scala:3097)
[2025-08-08T06:56:13.674+0000] {spark_submit.py:521} INFO - at scala.Option.map(Option.scala:242)
[2025-08-08T06:56:13.674+0000] {spark_submit.py:521} INFO - at org.apache.spark.util.Utils$.createResourceUninterruptiblyIfInTaskThread(Utils.scala:3096)
[2025-08-08T06:56:13.674+0000] {spark_submit.py:521} INFO - at org.apache.spark.sql.execution.datasources.text.TextFileFormat.$anonfun$readToUnsafeMem$1(TextFileFormat.scala:123)
[2025-08-08T06:56:13.675+0000] {spark_submit.py:521} INFO - at org.apache.spark.sql.execution.datasources.FileFormat$$anon$1.apply(FileFormat.scala:155)
[2025-08-08T06:56:13.675+0000] {spark_submit.py:521} INFO - at org.apache.spark.sql.execution.datasources.FileFormat$$anon$1.apply(FileFormat.scala:140)
[2025-08-08T06:56:13.675+0000] {spark_submit.py:521} INFO - at org.apache.spark.sql.execution.datasources.FileScanRDD$$anon$1.org$apache$spark$sql$execution$datasources$FileScanRDD$$anon$$readCurrentFile(FileScanRDD.scala:230)
[2025-08-08T06:56:13.675+0000] {spark_submit.py:521} INFO - at org.apache.spark.sql.execution.datasources.FileScanRDD$$anon$1.nextIterator(FileScanRDD.scala:289)
[2025-08-08T06:56:13.675+0000] {spark_submit.py:521} INFO - at org.apache.spark.sql.execution.datasources.FileScanRDD$$anon$1.hasNext0(FileScanRDD.scala:131)
[2025-08-08T06:56:13.675+0000] {spark_submit.py:521} INFO - at org.apache.spark.sql.execution.datasources.FileScanRDD$$anon$1.hasNext(FileScanRDD.scala:140)
[2025-08-08T06:56:13.676+0000] {spark_submit.py:521} INFO - at scala.collection.Iterator$$anon$9.hasNext(Iterator.scala:583)
[2025-08-08T06:56:13.676+0000] {spark_submit.py:521} INFO - at scala.collection.Iterator$$anon$10.hasNext(Iterator.scala:601)
[2025-08-08T06:56:13.676+0000] {spark_submit.py:521} INFO - at scala.collection.IterableOnceOps.reduceLeftOption(IterableOnce.scala:916)
[2025-08-08T06:56:13.676+0000] {spark_submit.py:521} INFO - at scala.collection.IterableOnceOps.reduceLeftOption$(IterableOnce.scala:908)
[2025-08-08T06:56:13.676+0000] {spark_submit.py:521} INFO - at scala.collection.AbstractIterator.reduceLeftOption(Iterator.scala:1306)
[2025-08-08T06:56:13.676+0000] {spark_submit.py:521} INFO - at scala.collection.IterableOnceOps.reduceOption(IterableOnce.scala:828)
[2025-08-08T06:56:13.676+0000] {spark_submit.py:521} INFO - at scala.collection.IterableOnceOps.reduceOption$(IterableOnce.scala:828)
[2025-08-08T06:56:13.677+0000] {spark_submit.py:521} INFO - at scala.collection.AbstractIterator.reduceOption(Iterator.scala:1306)
[2025-08-08T06:56:13.677+0000] {spark_submit.py:521} INFO - at org.apache.spark.sql.catalyst.json.JsonInferSchema.$anonfun$infer$1(JsonInferSchema.scala:122)
[2025-08-08T06:56:13.678+0000] {spark_submit.py:521} INFO - at org.apache.spark.rdd.RDD.$anonfun$mapPartitions$2(RDD.scala:866)
[2025-08-08T06:56:13.678+0000] {spark_submit.py:521} INFO - at org.apache.spark.rdd.RDD.$anonfun$mapPartitions$2$adapted(RDD.scala:866)
[2025-08-08T06:56:13.678+0000] {spark_submit.py:521} INFO - at org.apache.spark.rdd.MapPartitionsRDD.compute(MapPartitionsRDD.scala:52)
[2025-08-08T06:56:13.678+0000] {spark_submit.py:521} INFO - at org.apache.spark.rdd.RDD.computeOrReadCheckpoint(RDD.scala:374)
[2025-08-08T06:56:13.678+0000] {spark_submit.py:521} INFO - at org.apache.spark.rdd.RDD.iterator(RDD.scala:338)
[2025-08-08T06:56:13.679+0000] {spark_submit.py:521} INFO - at org.apache.spark.scheduler.ResultTask.runTask(ResultTask.scala:93)
[2025-08-08T06:56:13.679+0000] {spark_submit.py:521} INFO - at org.apache.spark.TaskContext.runTaskWithListeners(TaskContext.scala:171)
[2025-08-08T06:56:13.679+0000] {spark_submit.py:521} INFO - at org.apache.spark.scheduler.Task.run(Task.scala:147)
[2025-08-08T06:56:13.679+0000] {spark_submit.py:521} INFO - at org.apache.spark.executor.Executor$TaskRunner.$anonfun$run$5(Executor.scala:647)
[2025-08-08T06:56:13.679+0000] {spark_submit.py:521} INFO - at org.apache.spark.util.SparkErrorUtils.tryWithSafeFinally(SparkErrorUtils.scala:80)
[2025-08-08T06:56:13.680+0000] {spark_submit.py:521} INFO - at org.apache.spark.util.SparkErrorUtils.tryWithSafeFinally$(SparkErrorUtils.scala:77)
[2025-08-08T06:56:13.680+0000] {spark_submit.py:521} INFO - at org.apache.spark.util.Utils$.tryWithSafeFinally(Utils.scala:99)
[2025-08-08T06:56:13.680+0000] {spark_submit.py:521} INFO - at org.apache.spark.executor.Executor$TaskRunner.run(Executor.scala:650)
[2025-08-08T06:56:13.680+0000] {spark_submit.py:521} INFO - at java.base/java.util.concurrent.ThreadPoolExecutor.runWorker(Unknown Source)
[2025-08-08T06:56:13.680+0000] {spark_submit.py:521} INFO - at java.base/java.util.concurrent.ThreadPoolExecutor$Worker.run(Unknown Source)
[2025-08-08T06:56:13.681+0000] {spark_submit.py:521} INFO - at java.base/java.lang.Thread.run(Unknown Source)
[2025-08-08T06:56:13.681+0000] {spark_submit.py:521} INFO - 
[2025-08-08T06:56:13.807+0000] {spark_submit.py:521} INFO - 25/08/08 06:56:13 INFO SparkContext: Invoking stop() from shutdown hook
[2025-08-08T06:56:13.810+0000] {spark_submit.py:521} INFO - 25/08/08 06:56:13 INFO SparkContext: SparkContext is stopping with exitCode 0 from run at Executors.java:539.
[2025-08-08T06:56:13.820+0000] {spark_submit.py:521} INFO - 25/08/08 06:56:13 INFO SparkUI: Stopped Spark web UI at http://0d9cbc3d310d:4040
[2025-08-08T06:56:13.823+0000] {spark_submit.py:521} INFO - 25/08/08 06:56:13 INFO StandaloneSchedulerBackend: Shutting down all executors
[2025-08-08T06:56:13.823+0000] {spark_submit.py:521} INFO - 25/08/08 06:56:13 INFO StandaloneSchedulerBackend$StandaloneDriverEndpoint: Asking each executor to shut down
[2025-08-08T06:56:13.851+0000] {spark_submit.py:521} INFO - 25/08/08 06:56:13 INFO MapOutputTrackerMasterEndpoint: MapOutputTrackerMasterEndpoint stopped!
[2025-08-08T06:56:13.893+0000] {spark_submit.py:521} INFO - 25/08/08 06:56:13 INFO MemoryStore: MemoryStore cleared
[2025-08-08T06:56:13.893+0000] {spark_submit.py:521} INFO - 25/08/08 06:56:13 INFO BlockManager: BlockManager stopped
[2025-08-08T06:56:13.901+0000] {spark_submit.py:521} INFO - 25/08/08 06:56:13 INFO BlockManagerMaster: BlockManagerMaster stopped
[2025-08-08T06:56:13.904+0000] {spark_submit.py:521} INFO - 25/08/08 06:56:13 INFO OutputCommitCoordinator$OutputCommitCoordinatorEndpoint: OutputCommitCoordinator stopped!
[2025-08-08T06:56:13.929+0000] {spark_submit.py:521} INFO - 25/08/08 06:56:13 INFO SparkContext: Successfully stopped SparkContext
[2025-08-08T06:56:13.929+0000] {spark_submit.py:521} INFO - 25/08/08 06:56:13 INFO ShutdownHookManager: Shutdown hook called
[2025-08-08T06:56:13.930+0000] {spark_submit.py:521} INFO - 25/08/08 06:56:13 INFO ShutdownHookManager: Deleting directory /tmp/spark-01de4e30-60cb-4009-8c6f-bf64d954b3d5/pyspark-41fb9e9c-32a7-44a8-857a-aaca3e60f168
[2025-08-08T06:56:13.943+0000] {spark_submit.py:521} INFO - 25/08/08 06:56:13 INFO ShutdownHookManager: Deleting directory /tmp/spark-01de4e30-60cb-4009-8c6f-bf64d954b3d5
[2025-08-08T06:56:13.949+0000] {spark_submit.py:521} INFO - 25/08/08 06:56:13 INFO ShutdownHookManager: Deleting directory /tmp/spark-971c5d9c-7608-4afe-b0a2-5933f6c2ff47
[2025-08-08T06:56:14.015+0000] {taskinstance.py:441} INFO - ::group::Post task execution logs
[2025-08-08T06:56:14.032+0000] {taskinstance.py:2905} ERROR - Task failed with exception
Traceback (most recent call last):
  File "/home/airflow/.local/lib/python3.11/site-packages/airflow/models/taskinstance.py", line 465, in _execute_task
    result = _execute_callable(context=context, **execute_callable_kwargs)
             ^^^^^^^^^^^^^^^^^^^^^^^^^^^^^^^^^^^^^^^^^^^^^^^^^^^^^^^^^^^^^
  File "/home/airflow/.local/lib/python3.11/site-packages/airflow/models/taskinstance.py", line 432, in _execute_callable
    return execute_callable(context=context, **execute_callable_kwargs)
           ^^^^^^^^^^^^^^^^^^^^^^^^^^^^^^^^^^^^^^^^^^^^^^^^^^^^^^^^^^^^
  File "/home/airflow/.local/lib/python3.11/site-packages/airflow/models/baseoperator.py", line 400, in wrapper
    return func(self, *args, **kwargs)
           ^^^^^^^^^^^^^^^^^^^^^^^^^^^
  File "/home/airflow/.local/lib/python3.11/site-packages/airflow/providers/apache/spark/operators/spark_submit.py", line 156, in execute
    self._hook.submit(self._application)
  File "/home/airflow/.local/lib/python3.11/site-packages/airflow/providers/apache/spark/hooks/spark_submit.py", line 452, in submit
    raise AirflowException(
airflow.exceptions.AirflowException: Cannot execute: spark-submit --master spark://spark-master:7077 --jars /opt/custom-jars/hadoop-aws-3.3.6.jar,/opt/custom-jars/aws-java-sdk-bundle-1.12.621.jar --name arrow-spark --verbose --deploy-mode client /opt/spark-jobs/gold_transform.py. Error code is: 1.
[2025-08-08T06:56:14.041+0000] {taskinstance.py:1206} INFO - Marking task as FAILED. dag_id=spark_transform_topcv, task_id=submit_spark_job, run_id=manual__2025-08-08T06:55:29.689180+00:00, execution_date=20250808T065529, start_date=20250808T065535, end_date=20250808T065614
[2025-08-08T06:56:14.068+0000] {standard_task_runner.py:110} ERROR - Failed to execute job 135 for task submit_spark_job (Cannot execute: spark-submit --master spark://spark-master:7077 --jars /opt/custom-jars/hadoop-aws-3.3.6.jar,/opt/custom-jars/aws-java-sdk-bundle-1.12.621.jar --name arrow-spark --verbose --deploy-mode client /opt/spark-jobs/gold_transform.py. Error code is: 1.; 2737)
[2025-08-08T06:56:14.084+0000] {local_task_job_runner.py:240} INFO - Task exited with return code 1
[2025-08-08T06:56:14.113+0000] {taskinstance.py:3498} INFO - 0 downstream tasks scheduled from follow-on schedule check
[2025-08-08T06:56:14.115+0000] {local_task_job_runner.py:222} INFO - ::endgroup::
