[2025-09-09T17:12:55.637+0000] {local_task_job_runner.py:120} INFO - ::group::Pre task execution logs
[2025-09-09T17:12:55.726+0000] {taskinstance.py:2076} INFO - Dependencies all met for dep_context=non-requeueable deps ti=<TaskInstance: spark_transform_pipeline.load_data_to_dwh manual__2025-09-09T17:12:49.494999+00:00 [queued]>
[2025-09-09T17:12:55.740+0000] {taskinstance.py:2076} INFO - Dependencies all met for dep_context=requeueable deps ti=<TaskInstance: spark_transform_pipeline.load_data_to_dwh manual__2025-09-09T17:12:49.494999+00:00 [queued]>
[2025-09-09T17:12:55.741+0000] {taskinstance.py:2306} INFO - Starting attempt 1 of 1
[2025-09-09T17:12:55.782+0000] {taskinstance.py:2330} INFO - Executing <Task(SparkSubmitOperator): load_data_to_dwh> on 2025-09-09 17:12:49.494999+00:00
[2025-09-09T17:12:55.791+0000] {standard_task_runner.py:63} INFO - Started process 8171 to run task
[2025-09-09T17:12:55.795+0000] {standard_task_runner.py:90} INFO - Running: ['***', 'tasks', 'run', 'spark_transform_pipeline', 'load_data_to_dwh', 'manual__2025-09-09T17:12:49.494999+00:00', '--job-id', '144', '--raw', '--subdir', 'DAGS_FOLDER/etl_jobs_dag.py', '--cfg-path', '/tmp/tmp_9zbwxo7']
[2025-09-09T17:12:55.798+0000] {standard_task_runner.py:91} INFO - Job 144: Subtask load_data_to_dwh
[2025-09-09T17:12:55.870+0000] {task_command.py:426} INFO - Running <TaskInstance: spark_transform_pipeline.load_data_to_dwh manual__2025-09-09T17:12:49.494999+00:00 [running]> on host 118acb478e13
[2025-09-09T17:12:56.041+0000] {taskinstance.py:2648} INFO - Exporting env vars: AIRFLOW_CTX_DAG_OWNER='***' AIRFLOW_CTX_DAG_ID='spark_transform_pipeline' AIRFLOW_CTX_TASK_ID='load_data_to_dwh' AIRFLOW_CTX_EXECUTION_DATE='2025-09-09T17:12:49.494999+00:00' AIRFLOW_CTX_TRY_NUMBER='1' AIRFLOW_CTX_DAG_RUN_ID='manual__2025-09-09T17:12:49.494999+00:00'
[2025-09-09T17:12:56.042+0000] {taskinstance.py:430} INFO - ::endgroup::
[2025-09-09T17:12:56.085+0000] {base.py:84} INFO - Using connection ID 'spark_default' for task execution.
[2025-09-09T17:12:56.086+0000] {spark_submit.py:351} INFO - Spark-Submit cmd: spark-submit --master spark://spark-master:7077 --conf spark.master=spark://spark-master:7077 --conf spark.hadoop.fs.s3a.impl=org.apache.hadoop.fs.s3a.S3AFileSystem --conf spark.hadoop.fs.s3a.endpoint=http://minio:9000 --conf spark.hadoop.fs.s3a.access.key=minio --conf spark.hadoop.fs.s3a.secret.key=****** --conf spark.hadoop.fs.s3a.path.style.access=true --conf spark.hadoop.fs.s3a.connection.ssl.enabled=false --packages org.apache.hadoop:hadoop-aws:3.4.1,software.amazon.awssdk:bundle:2.20.15 --name arrow-spark --verbose /opt/spark-jobs/elt/load/upload_jobs_to_dwh.py
[2025-09-09T17:12:57.429+0000] {spark_submit.py:521} INFO - WARNING: Using incubator modules: jdk.incubator.vector
[2025-09-09T17:12:59.108+0000] {spark_submit.py:521} INFO - Parsed arguments:
[2025-09-09T17:12:59.109+0000] {spark_submit.py:521} INFO - master                  spark://spark-master:7077
[2025-09-09T17:12:59.110+0000] {spark_submit.py:521} INFO - remote                  null
[2025-09-09T17:12:59.111+0000] {spark_submit.py:521} INFO - deployMode              null
[2025-09-09T17:12:59.111+0000] {spark_submit.py:521} INFO - executorMemory          null
[2025-09-09T17:12:59.112+0000] {spark_submit.py:521} INFO - executorCores           null
[2025-09-09T17:12:59.112+0000] {spark_submit.py:521} INFO - totalExecutorCores      null
[2025-09-09T17:12:59.112+0000] {spark_submit.py:521} INFO - propertiesFile          null
[2025-09-09T17:12:59.113+0000] {spark_submit.py:521} INFO - driverMemory            null
[2025-09-09T17:12:59.113+0000] {spark_submit.py:521} INFO - driverCores             null
[2025-09-09T17:12:59.113+0000] {spark_submit.py:521} INFO - driverExtraClassPath    null
[2025-09-09T17:12:59.114+0000] {spark_submit.py:521} INFO - driverExtraLibraryPath  null
[2025-09-09T17:12:59.114+0000] {spark_submit.py:521} INFO - driverExtraJavaOptions  null
[2025-09-09T17:12:59.114+0000] {spark_submit.py:521} INFO - supervise               false
[2025-09-09T17:12:59.114+0000] {spark_submit.py:521} INFO - queue                   null
[2025-09-09T17:12:59.115+0000] {spark_submit.py:521} INFO - numExecutors            null
[2025-09-09T17:12:59.115+0000] {spark_submit.py:521} INFO - files                   null
[2025-09-09T17:12:59.115+0000] {spark_submit.py:521} INFO - pyFiles                 null
[2025-09-09T17:12:59.116+0000] {spark_submit.py:521} INFO - archives                null
[2025-09-09T17:12:59.116+0000] {spark_submit.py:521} INFO - mainClass               null
[2025-09-09T17:12:59.116+0000] {spark_submit.py:521} INFO - primaryResource         file:/opt/spark-jobs/elt/load/upload_jobs_to_dwh.py
[2025-09-09T17:12:59.116+0000] {spark_submit.py:521} INFO - name                    arrow-spark
[2025-09-09T17:12:59.116+0000] {spark_submit.py:521} INFO - childArgs               []
[2025-09-09T17:12:59.117+0000] {spark_submit.py:521} INFO - jars                    null
[2025-09-09T17:12:59.117+0000] {spark_submit.py:521} INFO - packages                org.apache.hadoop:hadoop-aws:3.4.1,software.amazon.awssdk:bundle:2.20.15
[2025-09-09T17:12:59.117+0000] {spark_submit.py:521} INFO - packagesExclusions      null
[2025-09-09T17:12:59.117+0000] {spark_submit.py:521} INFO - repositories            null
[2025-09-09T17:12:59.118+0000] {spark_submit.py:521} INFO - verbose                 true
[2025-09-09T17:12:59.118+0000] {spark_submit.py:521} INFO - 
[2025-09-09T17:12:59.118+0000] {spark_submit.py:521} INFO - Spark properties used, including those specified through
[2025-09-09T17:12:59.118+0000] {spark_submit.py:521} INFO - --conf and those from the properties file null:
[2025-09-09T17:12:59.119+0000] {spark_submit.py:521} INFO - (spark.hadoop.fs.s3a.access.key,*********(redacted))
[2025-09-09T17:12:59.119+0000] {spark_submit.py:521} INFO - (spark.hadoop.fs.s3a.connection.ssl.enabled,false)
[2025-09-09T17:12:59.119+0000] {spark_submit.py:521} INFO - (spark.hadoop.fs.s3a.endpoint,http://minio:9000)
[2025-09-09T17:12:59.120+0000] {spark_submit.py:521} INFO - (spark.hadoop.fs.s3a.impl,org.apache.hadoop.fs.s3a.S3AFileSystem)
[2025-09-09T17:12:59.120+0000] {spark_submit.py:521} INFO - (spark.hadoop.fs.s3a.path.style.access,true)
[2025-09-09T17:12:59.120+0000] {spark_submit.py:521} INFO - (spark.hadoop.fs.s3a.secret.key,*********(redacted))
[2025-09-09T17:12:59.120+0000] {spark_submit.py:521} INFO - (spark.master,spark://spark-master:7077)
[2025-09-09T17:12:59.121+0000] {spark_submit.py:521} INFO - 
[2025-09-09T17:12:59.121+0000] {spark_submit.py:521} INFO - 
[2025-09-09T17:12:59.294+0000] {spark_submit.py:521} INFO - :: loading settings :: url = jar:file:/home/***/.local/lib/python3.11/site-packages/pyspark/jars/ivy-2.5.3.jar!/org/apache/ivy/core/settings/ivysettings.xml
[2025-09-09T17:12:59.365+0000] {spark_submit.py:521} INFO - Ivy Default Cache set to: /home/***/.ivy2.5.2/cache
[2025-09-09T17:12:59.367+0000] {spark_submit.py:521} INFO - The jars for the packages stored in: /home/***/.ivy2.5.2/jars
[2025-09-09T17:12:59.369+0000] {spark_submit.py:521} INFO - org.apache.hadoop#hadoop-aws added as a dependency
[2025-09-09T17:12:59.370+0000] {spark_submit.py:521} INFO - software.amazon.awssdk#bundle added as a dependency
[2025-09-09T17:12:59.371+0000] {spark_submit.py:521} INFO - :: resolving dependencies :: org.apache.spark#spark-submit-parent-bdb5e70f-7226-49fa-871a-b432b207296c;1.0
[2025-09-09T17:12:59.371+0000] {spark_submit.py:521} INFO - confs: [default]
[2025-09-09T17:12:59.617+0000] {spark_submit.py:521} INFO - found org.apache.hadoop#hadoop-aws;3.4.1 in central
[2025-09-09T17:12:59.681+0000] {spark_submit.py:521} INFO - found software.amazon.awssdk#bundle;2.24.6 in central
[2025-09-09T17:12:59.706+0000] {spark_submit.py:521} INFO - found org.wildfly.openssl#wildfly-openssl;1.1.3.Final in central
[2025-09-09T17:12:59.741+0000] {spark_submit.py:521} INFO - :: resolution report :: resolve 353ms :: artifacts dl 17ms
[2025-09-09T17:12:59.742+0000] {spark_submit.py:521} INFO - :: modules in use:
[2025-09-09T17:12:59.743+0000] {spark_submit.py:521} INFO - org.apache.hadoop#hadoop-aws;3.4.1 from central in [default]
[2025-09-09T17:12:59.743+0000] {spark_submit.py:521} INFO - org.wildfly.openssl#wildfly-openssl;1.1.3.Final from central in [default]
[2025-09-09T17:12:59.745+0000] {spark_submit.py:521} INFO - software.amazon.awssdk#bundle;2.24.6 from central in [default]
[2025-09-09T17:12:59.745+0000] {spark_submit.py:521} INFO - :: evicted modules:
[2025-09-09T17:12:59.746+0000] {spark_submit.py:521} INFO - software.amazon.awssdk#bundle;2.20.15 by [software.amazon.awssdk#bundle;2.24.6] in [default]
[2025-09-09T17:12:59.747+0000] {spark_submit.py:521} INFO - ---------------------------------------------------------------------
[2025-09-09T17:12:59.747+0000] {spark_submit.py:521} INFO - |                  |            modules            ||   artifacts   |
[2025-09-09T17:12:59.748+0000] {spark_submit.py:521} INFO - |       conf       | number| search|dwnlded|evicted|| number|dwnlded|
[2025-09-09T17:12:59.748+0000] {spark_submit.py:521} INFO - ---------------------------------------------------------------------
[2025-09-09T17:12:59.748+0000] {spark_submit.py:521} INFO - |      default     |   4   |   0   |   0   |   1   ||   3   |   0   |
[2025-09-09T17:12:59.749+0000] {spark_submit.py:521} INFO - ---------------------------------------------------------------------
[2025-09-09T17:12:59.752+0000] {spark_submit.py:521} INFO - :: retrieving :: org.apache.spark#spark-submit-parent-bdb5e70f-7226-49fa-871a-b432b207296c
[2025-09-09T17:12:59.753+0000] {spark_submit.py:521} INFO - confs: [default]
[2025-09-09T17:12:59.761+0000] {spark_submit.py:521} INFO - 0 artifacts copied, 3 already retrieved (0kB/8ms)
[2025-09-09T17:13:00.093+0000] {spark_submit.py:521} INFO - 25/09/09 17:13:00 WARN NativeCodeLoader: Unable to load native-hadoop library for your platform... using builtin-java classes where applicable
[2025-09-09T17:13:00.301+0000] {spark_submit.py:521} INFO - Main class:
[2025-09-09T17:13:00.302+0000] {spark_submit.py:521} INFO - org.apache.spark.deploy.PythonRunner
[2025-09-09T17:13:00.302+0000] {spark_submit.py:521} INFO - Arguments:
[2025-09-09T17:13:00.303+0000] {spark_submit.py:521} INFO - file:/opt/spark-jobs/elt/load/upload_jobs_to_dwh.py
[2025-09-09T17:13:00.304+0000] {spark_submit.py:521} INFO - file:///home/***/.ivy2.5.2/jars/org.apache.hadoop_hadoop-aws-3.4.1.jar,file:///home/***/.ivy2.5.2/jars/software.amazon.awssdk_bundle-2.24.6.jar,file:///home/***/.ivy2.5.2/jars/org.wildfly.openssl_wildfly-openssl-1.1.3.Final.jar
[2025-09-09T17:13:00.307+0000] {spark_submit.py:521} INFO - Spark config:
[2025-09-09T17:13:00.308+0000] {spark_submit.py:521} INFO - (spark.app.name,arrow-spark)
[2025-09-09T17:13:00.308+0000] {spark_submit.py:521} INFO - (spark.app.submitTime,1757437980270)
[2025-09-09T17:13:00.309+0000] {spark_submit.py:521} INFO - (spark.files,file:///home/***/.ivy2.5.2/jars/org.apache.hadoop_hadoop-aws-3.4.1.jar,file:///home/***/.ivy2.5.2/jars/software.amazon.awssdk_bundle-2.24.6.jar,file:///home/***/.ivy2.5.2/jars/org.wildfly.openssl_wildfly-openssl-1.1.3.Final.jar)
[2025-09-09T17:13:00.310+0000] {spark_submit.py:521} INFO - (spark.hadoop.fs.s3a.access.key,*********(redacted))
[2025-09-09T17:13:00.310+0000] {spark_submit.py:521} INFO - (spark.hadoop.fs.s3a.connection.ssl.enabled,false)
[2025-09-09T17:13:00.311+0000] {spark_submit.py:521} INFO - (spark.hadoop.fs.s3a.endpoint,http://minio:9000)
[2025-09-09T17:13:00.311+0000] {spark_submit.py:521} INFO - (spark.hadoop.fs.s3a.impl,org.apache.hadoop.fs.s3a.S3AFileSystem)
[2025-09-09T17:13:00.311+0000] {spark_submit.py:521} INFO - (spark.hadoop.fs.s3a.path.style.access,true)
[2025-09-09T17:13:00.312+0000] {spark_submit.py:521} INFO - (spark.hadoop.fs.s3a.secret.key,*********(redacted))
[2025-09-09T17:13:00.312+0000] {spark_submit.py:521} INFO - (spark.jars,file:///home/***/.ivy2.5.2/jars/org.apache.hadoop_hadoop-aws-3.4.1.jar,file:///home/***/.ivy2.5.2/jars/software.amazon.awssdk_bundle-2.24.6.jar,file:///home/***/.ivy2.5.2/jars/org.wildfly.openssl_wildfly-openssl-1.1.3.Final.jar)
[2025-09-09T17:13:00.312+0000] {spark_submit.py:521} INFO - (spark.master,spark://spark-master:7077)
[2025-09-09T17:13:00.313+0000] {spark_submit.py:521} INFO - (spark.repl.local.jars,file:///home/***/.ivy2.5.2/jars/org.apache.hadoop_hadoop-aws-3.4.1.jar,file:///home/***/.ivy2.5.2/jars/software.amazon.awssdk_bundle-2.24.6.jar,file:///home/***/.ivy2.5.2/jars/org.wildfly.openssl_wildfly-openssl-1.1.3.Final.jar)
[2025-09-09T17:13:00.313+0000] {spark_submit.py:521} INFO - (spark.submit.deployMode,client)
[2025-09-09T17:13:00.313+0000] {spark_submit.py:521} INFO - (spark.submit.pyFiles,/home/***/.ivy2.5.2/jars/org.apache.hadoop_hadoop-aws-3.4.1.jar,/home/***/.ivy2.5.2/jars/software.amazon.awssdk_bundle-2.24.6.jar,/home/***/.ivy2.5.2/jars/org.wildfly.openssl_wildfly-openssl-1.1.3.Final.jar)
[2025-09-09T17:13:00.314+0000] {spark_submit.py:521} INFO - Classpath elements:
[2025-09-09T17:13:00.314+0000] {spark_submit.py:521} INFO - file:///home/***/.ivy2.5.2/jars/org.apache.hadoop_hadoop-aws-3.4.1.jar
[2025-09-09T17:13:00.314+0000] {spark_submit.py:521} INFO - file:///home/***/.ivy2.5.2/jars/software.amazon.awssdk_bundle-2.24.6.jar
[2025-09-09T17:13:00.314+0000] {spark_submit.py:521} INFO - file:///home/***/.ivy2.5.2/jars/org.wildfly.openssl_wildfly-openssl-1.1.3.Final.jar
[2025-09-09T17:13:00.314+0000] {spark_submit.py:521} INFO - 
[2025-09-09T17:13:00.315+0000] {spark_submit.py:521} INFO - 
[2025-09-09T17:13:02.891+0000] {spark_submit.py:521} INFO - Using Spark's default log4j profile: org/apache/spark/log4j2-defaults.properties
[2025-09-09T17:13:02.899+0000] {spark_submit.py:521} INFO - 25/09/09 17:13:02 INFO SparkContext: Running Spark version 4.0.1
[2025-09-09T17:13:02.901+0000] {spark_submit.py:521} INFO - 25/09/09 17:13:02 INFO SparkContext: OS info Linux, 5.15.167.4-microsoft-standard-WSL2, amd64
[2025-09-09T17:13:02.902+0000] {spark_submit.py:521} INFO - 25/09/09 17:13:02 INFO SparkContext: Java version 17.0.16
[2025-09-09T17:13:02.950+0000] {spark_submit.py:521} INFO - 25/09/09 17:13:02 INFO ResourceUtils: ==============================================================
[2025-09-09T17:13:02.951+0000] {spark_submit.py:521} INFO - 25/09/09 17:13:02 INFO ResourceUtils: No custom resources configured for spark.driver.
[2025-09-09T17:13:02.952+0000] {spark_submit.py:521} INFO - 25/09/09 17:13:02 INFO ResourceUtils: ==============================================================
[2025-09-09T17:13:02.954+0000] {spark_submit.py:521} INFO - 25/09/09 17:13:02 INFO SparkContext: Submitted application: Load_data_to_dwh
[2025-09-09T17:13:02.987+0000] {spark_submit.py:521} INFO - 25/09/09 17:13:02 INFO ResourceProfile: Default ResourceProfile created, executor resources: Map(cores -> name: cores, amount: 1, script: , vendor: , memory -> name: memory, amount: 1024, script: , vendor: , offHeap -> name: offHeap, amount: 0, script: , vendor: ), task resources: Map(cpus -> name: cpus, amount: 1.0)
[2025-09-09T17:13:02.991+0000] {spark_submit.py:521} INFO - 25/09/09 17:13:02 INFO ResourceProfile: Limiting resource is cpu
[2025-09-09T17:13:02.998+0000] {spark_submit.py:521} INFO - 25/09/09 17:13:02 INFO ResourceProfileManager: Added ResourceProfile id: 0
[2025-09-09T17:13:03.076+0000] {spark_submit.py:521} INFO - 25/09/09 17:13:03 INFO SecurityManager: Changing view acls to: ***
[2025-09-09T17:13:03.078+0000] {spark_submit.py:521} INFO - 25/09/09 17:13:03 INFO SecurityManager: Changing modify acls to: ***
[2025-09-09T17:13:03.078+0000] {spark_submit.py:521} INFO - 25/09/09 17:13:03 INFO SecurityManager: Changing view acls groups to: ***
[2025-09-09T17:13:03.079+0000] {spark_submit.py:521} INFO - 25/09/09 17:13:03 INFO SecurityManager: Changing modify acls groups to: ***
[2025-09-09T17:13:03.081+0000] {spark_submit.py:521} INFO - 25/09/09 17:13:03 INFO SecurityManager: SecurityManager: authentication disabled; ui acls disabled; users with view permissions: *** groups with view permissions: EMPTY; users with modify permissions: ***; groups with modify permissions: EMPTY; RPC SSL disabled
[2025-09-09T17:13:03.534+0000] {spark_submit.py:521} INFO - 25/09/09 17:13:03 INFO Utils: Successfully started service 'sparkDriver' on port 35977.
[2025-09-09T17:13:03.612+0000] {spark_submit.py:521} INFO - 25/09/09 17:13:03 INFO SparkEnv: Registering MapOutputTracker
[2025-09-09T17:13:03.640+0000] {spark_submit.py:521} INFO - 25/09/09 17:13:03 INFO SparkEnv: Registering BlockManagerMaster
[2025-09-09T17:13:03.677+0000] {spark_submit.py:521} INFO - 25/09/09 17:13:03 INFO BlockManagerMasterEndpoint: Using org.apache.spark.storage.DefaultTopologyMapper for getting topology information
[2025-09-09T17:13:03.678+0000] {spark_submit.py:521} INFO - 25/09/09 17:13:03 INFO BlockManagerMasterEndpoint: BlockManagerMasterEndpoint up
[2025-09-09T17:13:03.684+0000] {spark_submit.py:521} INFO - 25/09/09 17:13:03 INFO SparkEnv: Registering BlockManagerMasterHeartbeat
[2025-09-09T17:13:03.744+0000] {spark_submit.py:521} INFO - 25/09/09 17:13:03 INFO DiskBlockManager: Created local directory at /tmp/blockmgr-f36be203-3982-4446-a060-7efdac14faae
[2025-09-09T17:13:03.794+0000] {spark_submit.py:521} INFO - 25/09/09 17:13:03 INFO SparkEnv: Registering OutputCommitCoordinator
[2025-09-09T17:13:04.050+0000] {spark_submit.py:521} INFO - 25/09/09 17:13:04 INFO JettyUtils: Start Jetty 0.0.0.0:4040 for SparkUI
[2025-09-09T17:13:04.197+0000] {spark_submit.py:521} INFO - 25/09/09 17:13:04 INFO Utils: Successfully started service 'SparkUI' on port 4040.
[2025-09-09T17:13:04.248+0000] {spark_submit.py:521} INFO - 25/09/09 17:13:04 INFO SparkContext: Added JAR file:///home/***/.ivy2.5.2/jars/org.apache.hadoop_hadoop-aws-3.4.1.jar at spark://118acb478e13:35977/jars/org.apache.hadoop_hadoop-aws-3.4.1.jar with timestamp 1757437982882
[2025-09-09T17:13:04.249+0000] {spark_submit.py:521} INFO - 25/09/09 17:13:04 INFO SparkContext: Added JAR file:///home/***/.ivy2.5.2/jars/software.amazon.awssdk_bundle-2.24.6.jar at spark://118acb478e13:35977/jars/software.amazon.awssdk_bundle-2.24.6.jar with timestamp 1757437982882
[2025-09-09T17:13:04.249+0000] {spark_submit.py:521} INFO - 25/09/09 17:13:04 INFO SparkContext: Added JAR file:///home/***/.ivy2.5.2/jars/org.wildfly.openssl_wildfly-openssl-1.1.3.Final.jar at spark://118acb478e13:35977/jars/org.wildfly.openssl_wildfly-openssl-1.1.3.Final.jar with timestamp 1757437982882
[2025-09-09T17:13:04.252+0000] {spark_submit.py:521} INFO - 25/09/09 17:13:04 INFO SparkContext: Added file file:///home/***/.ivy2.5.2/jars/org.apache.hadoop_hadoop-aws-3.4.1.jar at file:///home/***/.ivy2.5.2/jars/org.apache.hadoop_hadoop-aws-3.4.1.jar with timestamp 1757437982882
[2025-09-09T17:13:04.256+0000] {spark_submit.py:521} INFO - 25/09/09 17:13:04 INFO Utils: Copying /home/***/.ivy2.5.2/jars/org.apache.hadoop_hadoop-aws-3.4.1.jar to /tmp/spark-470899fa-3e8d-4ae1-823b-c57ae76b2d9c/userFiles-69a8171b-ae51-4720-bde4-5fb8fb2306fc/org.apache.hadoop_hadoop-aws-3.4.1.jar
[2025-09-09T17:13:04.445+0000] {spark_submit.py:521} INFO - 25/09/09 17:13:04 INFO SparkContext: Added file file:///home/***/.ivy2.5.2/jars/software.amazon.awssdk_bundle-2.24.6.jar at file:///home/***/.ivy2.5.2/jars/software.amazon.awssdk_bundle-2.24.6.jar with timestamp 1757437982882
[2025-09-09T17:13:04.447+0000] {spark_submit.py:521} INFO - 25/09/09 17:13:04 INFO Utils: Copying /home/***/.ivy2.5.2/jars/software.amazon.awssdk_bundle-2.24.6.jar to /tmp/spark-470899fa-3e8d-4ae1-823b-c57ae76b2d9c/userFiles-69a8171b-ae51-4720-bde4-5fb8fb2306fc/software.amazon.awssdk_bundle-2.24.6.jar
[2025-09-09T17:13:22.081+0000] {spark_submit.py:521} INFO - 25/09/09 17:13:22 INFO SparkContext: Added file file:///home/***/.ivy2.5.2/jars/org.wildfly.openssl_wildfly-openssl-1.1.3.Final.jar at file:///home/***/.ivy2.5.2/jars/org.wildfly.openssl_wildfly-openssl-1.1.3.Final.jar with timestamp 1757437982882
[2025-09-09T17:13:22.082+0000] {spark_submit.py:521} INFO - 25/09/09 17:13:22 INFO Utils: Copying /home/***/.ivy2.5.2/jars/org.wildfly.openssl_wildfly-openssl-1.1.3.Final.jar to /tmp/spark-470899fa-3e8d-4ae1-823b-c57ae76b2d9c/userFiles-69a8171b-ae51-4720-bde4-5fb8fb2306fc/org.wildfly.openssl_wildfly-openssl-1.1.3.Final.jar
[2025-09-09T17:13:22.233+0000] {spark_submit.py:521} INFO - 25/09/09 17:13:22 INFO SecurityManager: Changing view acls to: ***
[2025-09-09T17:13:22.234+0000] {spark_submit.py:521} INFO - 25/09/09 17:13:22 INFO SecurityManager: Changing modify acls to: ***
[2025-09-09T17:13:22.235+0000] {spark_submit.py:521} INFO - 25/09/09 17:13:22 INFO SecurityManager: Changing view acls groups to: ***
[2025-09-09T17:13:22.235+0000] {spark_submit.py:521} INFO - 25/09/09 17:13:22 INFO SecurityManager: Changing modify acls groups to: ***
[2025-09-09T17:13:22.235+0000] {spark_submit.py:521} INFO - 25/09/09 17:13:22 INFO SecurityManager: SecurityManager: authentication disabled; ui acls disabled; users with view permissions: *** groups with view permissions: EMPTY; users with modify permissions: ***; groups with modify permissions: EMPTY; RPC SSL disabled
[2025-09-09T17:13:22.579+0000] {spark_submit.py:521} INFO - 25/09/09 17:13:22 INFO Executor: Starting executor ID driver on host 118acb478e13
[2025-09-09T17:13:22.580+0000] {spark_submit.py:521} INFO - 25/09/09 17:13:22 INFO Executor: OS info Linux, 5.15.167.4-microsoft-standard-WSL2, amd64
[2025-09-09T17:13:22.580+0000] {spark_submit.py:521} INFO - 25/09/09 17:13:22 INFO Executor: Java version 17.0.16
[2025-09-09T17:13:22.602+0000] {spark_submit.py:521} INFO - 25/09/09 17:13:22 INFO Executor: Starting executor with user classpath (userClassPathFirst = false): ''
[2025-09-09T17:13:22.608+0000] {spark_submit.py:521} INFO - 25/09/09 17:13:22 INFO Executor: Created or updated repl class loader org.apache.spark.util.MutableURLClassLoader@168a3166 for default.
[2025-09-09T17:13:22.626+0000] {spark_submit.py:521} INFO - 25/09/09 17:13:22 INFO Executor: Fetching file:///home/***/.ivy2.5.2/jars/org.wildfly.openssl_wildfly-openssl-1.1.3.Final.jar with timestamp 1757437982882
[2025-09-09T17:13:22.652+0000] {spark_submit.py:521} INFO - 25/09/09 17:13:22 INFO Utils: /home/***/.ivy2.5.2/jars/org.wildfly.openssl_wildfly-openssl-1.1.3.Final.jar has been previously copied to /tmp/spark-470899fa-3e8d-4ae1-823b-c57ae76b2d9c/userFiles-69a8171b-ae51-4720-bde4-5fb8fb2306fc/org.wildfly.openssl_wildfly-openssl-1.1.3.Final.jar
[2025-09-09T17:13:22.662+0000] {spark_submit.py:521} INFO - 25/09/09 17:13:22 INFO Executor: Fetching file:///home/***/.ivy2.5.2/jars/org.apache.hadoop_hadoop-aws-3.4.1.jar with timestamp 1757437982882
[2025-09-09T17:13:22.665+0000] {spark_submit.py:521} INFO - 25/09/09 17:13:22 INFO Utils: /home/***/.ivy2.5.2/jars/org.apache.hadoop_hadoop-aws-3.4.1.jar has been previously copied to /tmp/spark-470899fa-3e8d-4ae1-823b-c57ae76b2d9c/userFiles-69a8171b-ae51-4720-bde4-5fb8fb2306fc/org.apache.hadoop_hadoop-aws-3.4.1.jar
[2025-09-09T17:13:22.681+0000] {spark_submit.py:521} INFO - 25/09/09 17:13:22 INFO Executor: Fetching file:///home/***/.ivy2.5.2/jars/software.amazon.awssdk_bundle-2.24.6.jar with timestamp 1757437982882
[2025-09-09T17:13:23.047+0000] {spark_submit.py:521} INFO - 25/09/09 17:13:23 INFO Utils: /home/***/.ivy2.5.2/jars/software.amazon.awssdk_bundle-2.24.6.jar has been previously copied to /tmp/spark-470899fa-3e8d-4ae1-823b-c57ae76b2d9c/userFiles-69a8171b-ae51-4720-bde4-5fb8fb2306fc/software.amazon.awssdk_bundle-2.24.6.jar
[2025-09-09T17:13:23.058+0000] {spark_submit.py:521} INFO - 25/09/09 17:13:23 INFO Executor: Fetching spark://118acb478e13:35977/jars/org.apache.hadoop_hadoop-aws-3.4.1.jar with timestamp 1757437982882
[2025-09-09T17:13:23.128+0000] {spark_submit.py:521} INFO - 25/09/09 17:13:23 INFO TransportClientFactory: Successfully created connection to 118acb478e13/172.18.0.9:35977 after 37 ms (0 ms spent in bootstraps)
[2025-09-09T17:13:23.138+0000] {spark_submit.py:521} INFO - 25/09/09 17:13:23 INFO Utils: Fetching spark://118acb478e13:35977/jars/org.apache.hadoop_hadoop-aws-3.4.1.jar to /tmp/spark-470899fa-3e8d-4ae1-823b-c57ae76b2d9c/userFiles-69a8171b-ae51-4720-bde4-5fb8fb2306fc/fetchFileTemp6873444344763789893.tmp
[2025-09-09T17:13:23.166+0000] {spark_submit.py:521} INFO - 25/09/09 17:13:23 INFO Utils: /tmp/spark-470899fa-3e8d-4ae1-823b-c57ae76b2d9c/userFiles-69a8171b-ae51-4720-bde4-5fb8fb2306fc/fetchFileTemp6873444344763789893.tmp has been previously copied to /tmp/spark-470899fa-3e8d-4ae1-823b-c57ae76b2d9c/userFiles-69a8171b-ae51-4720-bde4-5fb8fb2306fc/org.apache.hadoop_hadoop-aws-3.4.1.jar
[2025-09-09T17:13:23.196+0000] {spark_submit.py:521} INFO - 25/09/09 17:13:23 INFO Executor: Adding file:/tmp/spark-470899fa-3e8d-4ae1-823b-c57ae76b2d9c/userFiles-69a8171b-ae51-4720-bde4-5fb8fb2306fc/org.apache.hadoop_hadoop-aws-3.4.1.jar to class loader default
[2025-09-09T17:13:23.196+0000] {spark_submit.py:521} INFO - 25/09/09 17:13:23 INFO Executor: Fetching spark://118acb478e13:35977/jars/software.amazon.awssdk_bundle-2.24.6.jar with timestamp 1757437982882
[2025-09-09T17:13:23.197+0000] {spark_submit.py:521} INFO - 25/09/09 17:13:23 INFO Utils: Fetching spark://118acb478e13:35977/jars/software.amazon.awssdk_bundle-2.24.6.jar to /tmp/spark-470899fa-3e8d-4ae1-823b-c57ae76b2d9c/userFiles-69a8171b-ae51-4720-bde4-5fb8fb2306fc/fetchFileTemp12338399841464955589.tmp
[2025-09-09T17:13:30.564+0000] {spark_submit.py:521} INFO - 25/09/09 17:13:30 INFO Utils: /tmp/spark-470899fa-3e8d-4ae1-823b-c57ae76b2d9c/userFiles-69a8171b-ae51-4720-bde4-5fb8fb2306fc/fetchFileTemp12338399841464955589.tmp has been previously copied to /tmp/spark-470899fa-3e8d-4ae1-823b-c57ae76b2d9c/userFiles-69a8171b-ae51-4720-bde4-5fb8fb2306fc/software.amazon.awssdk_bundle-2.24.6.jar
[2025-09-09T17:13:34.030+0000] {spark_submit.py:521} INFO - 25/09/09 17:13:34 INFO Executor: Adding file:/tmp/spark-470899fa-3e8d-4ae1-823b-c57ae76b2d9c/userFiles-69a8171b-ae51-4720-bde4-5fb8fb2306fc/software.amazon.awssdk_bundle-2.24.6.jar to class loader default
[2025-09-09T17:13:34.031+0000] {spark_submit.py:521} INFO - 25/09/09 17:13:34 INFO Executor: Fetching spark://118acb478e13:35977/jars/org.wildfly.openssl_wildfly-openssl-1.1.3.Final.jar with timestamp 1757437982882
[2025-09-09T17:13:34.033+0000] {spark_submit.py:521} INFO - 25/09/09 17:13:34 INFO Utils: Fetching spark://118acb478e13:35977/jars/org.wildfly.openssl_wildfly-openssl-1.1.3.Final.jar to /tmp/spark-470899fa-3e8d-4ae1-823b-c57ae76b2d9c/userFiles-69a8171b-ae51-4720-bde4-5fb8fb2306fc/fetchFileTemp8543416176634086927.tmp
[2025-09-09T17:13:34.036+0000] {spark_submit.py:521} INFO - 25/09/09 17:13:34 INFO Utils: /tmp/spark-470899fa-3e8d-4ae1-823b-c57ae76b2d9c/userFiles-69a8171b-ae51-4720-bde4-5fb8fb2306fc/fetchFileTemp8543416176634086927.tmp has been previously copied to /tmp/spark-470899fa-3e8d-4ae1-823b-c57ae76b2d9c/userFiles-69a8171b-ae51-4720-bde4-5fb8fb2306fc/org.wildfly.openssl_wildfly-openssl-1.1.3.Final.jar
[2025-09-09T17:13:34.085+0000] {spark_submit.py:521} INFO - 25/09/09 17:13:34 INFO Executor: Adding file:/tmp/spark-470899fa-3e8d-4ae1-823b-c57ae76b2d9c/userFiles-69a8171b-ae51-4720-bde4-5fb8fb2306fc/org.wildfly.openssl_wildfly-openssl-1.1.3.Final.jar to class loader default
[2025-09-09T17:13:34.159+0000] {spark_submit.py:521} INFO - 25/09/09 17:13:34 INFO Utils: Successfully started service 'org.apache.spark.network.netty.NettyBlockTransferService' on port 37743.
[2025-09-09T17:13:34.160+0000] {spark_submit.py:521} INFO - 25/09/09 17:13:34 INFO NettyBlockTransferService: Server created on 118acb478e13:37743
[2025-09-09T17:13:34.169+0000] {spark_submit.py:521} INFO - 25/09/09 17:13:34 INFO BlockManager: Using org.apache.spark.storage.RandomBlockReplicationPolicy for block replication policy
[2025-09-09T17:13:34.205+0000] {spark_submit.py:521} INFO - 25/09/09 17:13:34 INFO BlockManagerMaster: Registering BlockManager BlockManagerId(driver, 118acb478e13, 37743, None)
[2025-09-09T17:13:34.231+0000] {spark_submit.py:521} INFO - 25/09/09 17:13:34 INFO BlockManagerMasterEndpoint: Registering block manager 118acb478e13:37743 with 434.4 MiB RAM, BlockManagerId(driver, 118acb478e13, 37743, None)
[2025-09-09T17:13:34.242+0000] {spark_submit.py:521} INFO - 25/09/09 17:13:34 INFO BlockManagerMaster: Registered BlockManager BlockManagerId(driver, 118acb478e13, 37743, None)
[2025-09-09T17:13:34.245+0000] {spark_submit.py:521} INFO - 25/09/09 17:13:34 INFO BlockManager: Initialized BlockManager: BlockManagerId(driver, 118acb478e13, 37743, None)
[2025-09-09T17:13:42.673+0000] {spark_submit.py:521} INFO - Traceback (most recent call last):
[2025-09-09T17:13:42.674+0000] {spark_submit.py:521} INFO - File "/opt/spark-jobs/elt/load/upload_jobs_to_dwh.py", line 27, in <module>
[2025-09-09T17:13:42.682+0000] {spark_submit.py:521} INFO - con = duckdb.connect(
[2025-09-09T17:13:42.683+0000] {spark_submit.py:521} INFO - ^^^^^^^^^^^^^^^
[2025-09-09T17:13:42.684+0000] {spark_submit.py:521} INFO - duckdb.duckdb.InvalidInputException: Invalid Input Error: Initialization function "motherduck_init" from file "/home/***/.duckdb/extensions/v1.3.2/linux_amd64/motherduck.duckdb_extension" threw an exception: "Initialization function "motherduck_init" from file "/home/***/.duckdb/extensions/v1.3.2/linux_amd64/motherduck.v1.3.2-2025-09-30.duckdb_extension" threw an exception: "Failed to attach 'job': no database/share named 'job' found""
[2025-09-09T17:13:43.364+0000] {spark_submit.py:521} INFO - 25/09/09 17:13:43 INFO SparkContext: Invoking stop() from shutdown hook
[2025-09-09T17:13:43.369+0000] {spark_submit.py:521} INFO - 25/09/09 17:13:43 INFO SparkContext: SparkContext is stopping with exitCode 0 from run at Executors.java:539.
[2025-09-09T17:13:43.396+0000] {spark_submit.py:521} INFO - 25/09/09 17:13:43 INFO SparkUI: Stopped Spark web UI at http://118acb478e13:4040
[2025-09-09T17:13:43.417+0000] {spark_submit.py:521} INFO - 25/09/09 17:13:43 INFO MapOutputTrackerMasterEndpoint: MapOutputTrackerMasterEndpoint stopped!
[2025-09-09T17:13:43.469+0000] {spark_submit.py:521} INFO - 25/09/09 17:13:43 INFO MemoryStore: MemoryStore started with capacity 434.4 MiB
[2025-09-09T17:13:43.473+0000] {spark_submit.py:521} INFO - 25/09/09 17:13:43 INFO MemoryStore: MemoryStore cleared
[2025-09-09T17:13:43.473+0000] {spark_submit.py:521} INFO - 25/09/09 17:13:43 INFO BlockManager: BlockManager stopped
[2025-09-09T17:13:43.500+0000] {spark_submit.py:521} INFO - 25/09/09 17:13:43 INFO BlockManagerMaster: BlockManagerMaster stopped
[2025-09-09T17:13:43.507+0000] {spark_submit.py:521} INFO - 25/09/09 17:13:43 INFO OutputCommitCoordinator$OutputCommitCoordinatorEndpoint: OutputCommitCoordinator stopped!
[2025-09-09T17:13:43.675+0000] {spark_submit.py:521} INFO - 25/09/09 17:13:43 INFO SparkContext: Successfully stopped SparkContext
[2025-09-09T17:13:43.676+0000] {spark_submit.py:521} INFO - 25/09/09 17:13:43 INFO ShutdownHookManager: Shutdown hook called
[2025-09-09T17:13:43.680+0000] {spark_submit.py:521} INFO - 25/09/09 17:13:43 INFO ShutdownHookManager: Deleting directory /tmp/spark-470899fa-3e8d-4ae1-823b-c57ae76b2d9c
[2025-09-09T17:13:43.697+0000] {spark_submit.py:521} INFO - 25/09/09 17:13:43 INFO ShutdownHookManager: Deleting directory /tmp/spark-d1a32ce1-de43-49d1-a4fe-a689a9a322b5
[2025-09-09T17:13:43.732+0000] {spark_submit.py:521} INFO - 25/09/09 17:13:43 INFO ShutdownHookManager: Deleting directory /tmp/spark-470899fa-3e8d-4ae1-823b-c57ae76b2d9c/pyspark-a133a395-31b8-4099-9c5d-0b54d7e30d5d
[2025-09-09T17:13:43.953+0000] {taskinstance.py:441} INFO - ::group::Post task execution logs
[2025-09-09T17:13:44.297+0000] {taskinstance.py:2905} ERROR - Task failed with exception
Traceback (most recent call last):
  File "/home/airflow/.local/lib/python3.11/site-packages/airflow/models/taskinstance.py", line 465, in _execute_task
    result = _execute_callable(context=context, **execute_callable_kwargs)
             ^^^^^^^^^^^^^^^^^^^^^^^^^^^^^^^^^^^^^^^^^^^^^^^^^^^^^^^^^^^^^
  File "/home/airflow/.local/lib/python3.11/site-packages/airflow/models/taskinstance.py", line 432, in _execute_callable
    return execute_callable(context=context, **execute_callable_kwargs)
           ^^^^^^^^^^^^^^^^^^^^^^^^^^^^^^^^^^^^^^^^^^^^^^^^^^^^^^^^^^^^
  File "/home/airflow/.local/lib/python3.11/site-packages/airflow/models/baseoperator.py", line 400, in wrapper
    return func(self, *args, **kwargs)
           ^^^^^^^^^^^^^^^^^^^^^^^^^^^
  File "/home/airflow/.local/lib/python3.11/site-packages/airflow/providers/apache/spark/operators/spark_submit.py", line 156, in execute
    self._hook.submit(self._application)
  File "/home/airflow/.local/lib/python3.11/site-packages/airflow/providers/apache/spark/hooks/spark_submit.py", line 452, in submit
    raise AirflowException(
airflow.exceptions.AirflowException: Cannot execute: spark-submit --master spark://spark-master:7077 --conf spark.master=spark://spark-master:7077 --conf spark.hadoop.fs.s3a.impl=org.apache.hadoop.fs.s3a.S3AFileSystem --conf spark.hadoop.fs.s3a.endpoint=http://minio:9000 --conf spark.hadoop.fs.s3a.access.key=minio --conf spark.hadoop.fs.s3a.secret.key=****** --conf spark.hadoop.fs.s3a.path.style.access=true --conf spark.hadoop.fs.s3a.connection.ssl.enabled=false --packages org.apache.hadoop:hadoop-aws:3.4.1,software.amazon.awssdk:bundle:2.20.15 --name arrow-spark --verbose /opt/spark-jobs/elt/load/upload_jobs_to_dwh.py. Error code is: 1.
[2025-09-09T17:13:44.509+0000] {taskinstance.py:1206} INFO - Marking task as FAILED. dag_id=spark_transform_pipeline, task_id=load_data_to_dwh, run_id=manual__2025-09-09T17:12:49.494999+00:00, execution_date=20250909T171249, start_date=20250909T171255, end_date=20250909T171344
[2025-09-09T17:13:44.784+0000] {standard_task_runner.py:110} ERROR - Failed to execute job 144 for task load_data_to_dwh (Cannot execute: spark-submit --master spark://spark-master:7077 --conf spark.master=spark://spark-master:7077 --conf spark.hadoop.fs.s3a.impl=org.apache.hadoop.fs.s3a.S3AFileSystem --conf spark.hadoop.fs.s3a.endpoint=http://minio:9000 --conf spark.hadoop.fs.s3a.access.key=minio --conf spark.hadoop.fs.s3a.secret.key=****** --conf spark.hadoop.fs.s3a.path.style.access=true --conf spark.hadoop.fs.s3a.connection.ssl.enabled=false --packages org.apache.hadoop:hadoop-aws:3.4.1,software.amazon.awssdk:bundle:2.20.15 --name arrow-spark --verbose /opt/spark-jobs/elt/load/upload_jobs_to_dwh.py. Error code is: 1.; 8171)
[2025-09-09T17:13:44.942+0000] {local_task_job_runner.py:240} INFO - Task exited with return code 1
[2025-09-09T17:13:45.158+0000] {taskinstance.py:3498} INFO - 0 downstream tasks scheduled from follow-on schedule check
[2025-09-09T17:13:45.167+0000] {local_task_job_runner.py:222} INFO - ::endgroup::
