[2025-08-07T07:45:58.969+0000] {local_task_job_runner.py:120} INFO - ::group::Pre task execution logs
[2025-08-07T07:45:58.991+0000] {taskinstance.py:2076} INFO - Dependencies all met for dep_context=non-requeueable deps ti=<TaskInstance: spark_transform_topcv.submit_spark_job manual__2025-08-07T07:45:56.114305+00:00 [queued]>
[2025-08-07T07:45:58.997+0000] {taskinstance.py:2076} INFO - Dependencies all met for dep_context=requeueable deps ti=<TaskInstance: spark_transform_topcv.submit_spark_job manual__2025-08-07T07:45:56.114305+00:00 [queued]>
[2025-08-07T07:45:58.998+0000] {taskinstance.py:2306} INFO - Starting attempt 1 of 1
[2025-08-07T07:45:59.008+0000] {taskinstance.py:2330} INFO - Executing <Task(SparkSubmitOperator): submit_spark_job> on 2025-08-07 07:45:56.114305+00:00
[2025-08-07T07:45:59.012+0000] {standard_task_runner.py:63} INFO - Started process 175 to run task
[2025-08-07T07:45:59.015+0000] {standard_task_runner.py:90} INFO - Running: ['***', 'tasks', 'run', 'spark_transform_topcv', 'submit_spark_job', 'manual__2025-08-07T07:45:56.114305+00:00', '--job-id', '6', '--raw', '--subdir', 'DAGS_FOLDER/etl_jobs_dag.py', '--cfg-path', '/tmp/tmpjlemh0f1']
[2025-08-07T07:45:59.018+0000] {standard_task_runner.py:91} INFO - Job 6: Subtask submit_spark_job
[2025-08-07T07:45:59.067+0000] {task_command.py:426} INFO - Running <TaskInstance: spark_transform_topcv.submit_spark_job manual__2025-08-07T07:45:56.114305+00:00 [running]> on host 6f545324c75e
[2025-08-07T07:45:59.160+0000] {taskinstance.py:2648} INFO - Exporting env vars: AIRFLOW_CTX_DAG_OWNER='***' AIRFLOW_CTX_DAG_ID='spark_transform_topcv' AIRFLOW_CTX_TASK_ID='submit_spark_job' AIRFLOW_CTX_EXECUTION_DATE='2025-08-07T07:45:56.114305+00:00' AIRFLOW_CTX_TRY_NUMBER='1' AIRFLOW_CTX_DAG_RUN_ID='manual__2025-08-07T07:45:56.114305+00:00'
[2025-08-07T07:45:59.161+0000] {taskinstance.py:430} INFO - ::endgroup::
[2025-08-07T07:45:59.185+0000] {base.py:84} INFO - Using connection ID 'spark_default' for task execution.
[2025-08-07T07:45:59.187+0000] {spark_submit.py:351} INFO - Spark-Submit cmd: spark-submit --master spark://spark-master:7077 --conf spark.hadoop.fs.s3a.endpoint=http://minio:9000 --conf spark.hadoop.fs.s3a.access.key=minioadmin --conf spark.hadoop.fs.s3a.secret.key=****** --conf spark.hadoop.fs.s3a.path.style.access=true --conf spark.hadoop.fs.s3a.impl=org.apache.hadoop.fs.s3a.S3AFileSystem --jars /opt/custom-jars/hadoop-aws-3.3.2.jar,/opt/custom-jars/aws-java-sdk-bundle-1.12.367.jar --name arrow-spark --verbose /opt/spark-jobs/gold_transform.py
[2025-08-07T07:45:59.701+0000] {spark_submit.py:521} INFO - WARNING: Using incubator modules: jdk.incubator.vector
[2025-08-07T07:46:02.001+0000] {spark_submit.py:521} INFO - Parsed arguments:
[2025-08-07T07:46:02.003+0000] {spark_submit.py:521} INFO - master                  spark://spark-master:7077
[2025-08-07T07:46:02.003+0000] {spark_submit.py:521} INFO - remote                  null
[2025-08-07T07:46:02.004+0000] {spark_submit.py:521} INFO - deployMode              null
[2025-08-07T07:46:02.004+0000] {spark_submit.py:521} INFO - executorMemory          null
[2025-08-07T07:46:02.004+0000] {spark_submit.py:521} INFO - executorCores           null
[2025-08-07T07:46:02.005+0000] {spark_submit.py:521} INFO - totalExecutorCores      null
[2025-08-07T07:46:02.005+0000] {spark_submit.py:521} INFO - propertiesFile          null
[2025-08-07T07:46:02.005+0000] {spark_submit.py:521} INFO - driverMemory            null
[2025-08-07T07:46:02.006+0000] {spark_submit.py:521} INFO - driverCores             null
[2025-08-07T07:46:02.006+0000] {spark_submit.py:521} INFO - driverExtraClassPath    null
[2025-08-07T07:46:02.006+0000] {spark_submit.py:521} INFO - driverExtraLibraryPath  null
[2025-08-07T07:46:02.006+0000] {spark_submit.py:521} INFO - driverExtraJavaOptions  null
[2025-08-07T07:46:02.007+0000] {spark_submit.py:521} INFO - supervise               false
[2025-08-07T07:46:02.007+0000] {spark_submit.py:521} INFO - queue                   null
[2025-08-07T07:46:02.007+0000] {spark_submit.py:521} INFO - numExecutors            null
[2025-08-07T07:46:02.007+0000] {spark_submit.py:521} INFO - files                   null
[2025-08-07T07:46:02.008+0000] {spark_submit.py:521} INFO - pyFiles                 null
[2025-08-07T07:46:02.008+0000] {spark_submit.py:521} INFO - archives                null
[2025-08-07T07:46:02.008+0000] {spark_submit.py:521} INFO - mainClass               null
[2025-08-07T07:46:02.008+0000] {spark_submit.py:521} INFO - primaryResource         file:/opt/spark-jobs/gold_transform.py
[2025-08-07T07:46:02.009+0000] {spark_submit.py:521} INFO - name                    arrow-spark
[2025-08-07T07:46:02.009+0000] {spark_submit.py:521} INFO - childArgs               []
[2025-08-07T07:46:02.009+0000] {spark_submit.py:521} INFO - jars                    file:/opt/custom-jars/hadoop-aws-3.3.2.jar,file:/opt/custom-jars/aws-java-sdk-bundle-1.12.367.jar
[2025-08-07T07:46:02.010+0000] {spark_submit.py:521} INFO - packages                null
[2025-08-07T07:46:02.010+0000] {spark_submit.py:521} INFO - packagesExclusions      null
[2025-08-07T07:46:02.010+0000] {spark_submit.py:521} INFO - repositories            null
[2025-08-07T07:46:02.011+0000] {spark_submit.py:521} INFO - verbose                 true
[2025-08-07T07:46:02.011+0000] {spark_submit.py:521} INFO - 
[2025-08-07T07:46:02.012+0000] {spark_submit.py:521} INFO - Spark properties used, including those specified through
[2025-08-07T07:46:02.012+0000] {spark_submit.py:521} INFO - --conf and those from the properties file null:
[2025-08-07T07:46:02.012+0000] {spark_submit.py:521} INFO - (spark.hadoop.fs.s3a.access.key,*********(redacted))
[2025-08-07T07:46:02.013+0000] {spark_submit.py:521} INFO - (spark.hadoop.fs.s3a.endpoint,http://minio:9000)
[2025-08-07T07:46:02.013+0000] {spark_submit.py:521} INFO - (spark.hadoop.fs.s3a.impl,org.apache.hadoop.fs.s3a.S3AFileSystem)
[2025-08-07T07:46:02.013+0000] {spark_submit.py:521} INFO - (spark.hadoop.fs.s3a.path.style.access,true)
[2025-08-07T07:46:02.014+0000] {spark_submit.py:521} INFO - (spark.hadoop.fs.s3a.secret.key,*********(redacted))
[2025-08-07T07:46:02.014+0000] {spark_submit.py:521} INFO - 
[2025-08-07T07:46:02.014+0000] {spark_submit.py:521} INFO - 
[2025-08-07T07:46:03.173+0000] {spark_submit.py:521} INFO - 25/08/07 07:46:03 WARN NativeCodeLoader: Unable to load native-hadoop library for your platform... using builtin-java classes where applicable
[2025-08-07T07:46:03.613+0000] {spark_submit.py:521} INFO - Main class:
[2025-08-07T07:46:03.615+0000] {spark_submit.py:521} INFO - org.apache.spark.deploy.PythonRunner
[2025-08-07T07:46:03.616+0000] {spark_submit.py:521} INFO - Arguments:
[2025-08-07T07:46:03.617+0000] {spark_submit.py:521} INFO - file:/opt/spark-jobs/gold_transform.py
[2025-08-07T07:46:03.617+0000] {spark_submit.py:521} INFO - null
[2025-08-07T07:46:03.621+0000] {spark_submit.py:521} INFO - Spark config:
[2025-08-07T07:46:03.622+0000] {spark_submit.py:521} INFO - (spark.app.name,arrow-spark)
[2025-08-07T07:46:03.622+0000] {spark_submit.py:521} INFO - (spark.app.submitTime,1754552763560)
[2025-08-07T07:46:03.622+0000] {spark_submit.py:521} INFO - (spark.hadoop.fs.s3a.access.key,*********(redacted))
[2025-08-07T07:46:03.623+0000] {spark_submit.py:521} INFO - (spark.hadoop.fs.s3a.endpoint,http://minio:9000)
[2025-08-07T07:46:03.623+0000] {spark_submit.py:521} INFO - (spark.hadoop.fs.s3a.impl,org.apache.hadoop.fs.s3a.S3AFileSystem)
[2025-08-07T07:46:03.623+0000] {spark_submit.py:521} INFO - (spark.hadoop.fs.s3a.path.style.access,true)
[2025-08-07T07:46:03.623+0000] {spark_submit.py:521} INFO - (spark.hadoop.fs.s3a.secret.key,*********(redacted))
[2025-08-07T07:46:03.623+0000] {spark_submit.py:521} INFO - (spark.jars,file:/opt/custom-jars/hadoop-aws-3.3.2.jar,file:///opt/custom-jars/aws-java-sdk-bundle-1.12.367.jar)
[2025-08-07T07:46:03.623+0000] {spark_submit.py:521} INFO - (spark.master,spark://spark-master:7077)
[2025-08-07T07:46:03.624+0000] {spark_submit.py:521} INFO - (spark.repl.local.jars,file:/opt/custom-jars/hadoop-aws-3.3.2.jar,file:///opt/custom-jars/aws-java-sdk-bundle-1.12.367.jar)
[2025-08-07T07:46:03.624+0000] {spark_submit.py:521} INFO - (spark.submit.deployMode,client)
[2025-08-07T07:46:03.624+0000] {spark_submit.py:521} INFO - (spark.submit.pyFiles,)
[2025-08-07T07:46:03.624+0000] {spark_submit.py:521} INFO - Classpath elements:
[2025-08-07T07:46:03.625+0000] {spark_submit.py:521} INFO - file:/opt/custom-jars/hadoop-aws-3.3.2.jar
[2025-08-07T07:46:03.625+0000] {spark_submit.py:521} INFO - file:///opt/custom-jars/aws-java-sdk-bundle-1.12.367.jar
[2025-08-07T07:46:03.625+0000] {spark_submit.py:521} INFO - 
[2025-08-07T07:46:03.625+0000] {spark_submit.py:521} INFO - 
[2025-08-07T07:46:03.636+0000] {spark_submit.py:521} INFO - Using Spark's default log4j profile: org/apache/spark/log4j2-defaults.properties
[2025-08-07T07:46:03.639+0000] {spark_submit.py:521} INFO - 25/08/07 07:46:03 WARN DependencyUtils: Local jar /opt/custom-jars/hadoop-aws-3.3.2.jar does not exist, skipping.
[2025-08-07T07:46:07.564+0000] {spark_submit.py:521} INFO - 25/08/07 07:46:07 INFO SparkContext: Running Spark version 4.0.0
[2025-08-07T07:46:07.566+0000] {spark_submit.py:521} INFO - 25/08/07 07:46:07 INFO SparkContext: OS info Linux, 5.15.167.4-microsoft-standard-WSL2, amd64
[2025-08-07T07:46:07.568+0000] {spark_submit.py:521} INFO - 25/08/07 07:46:07 INFO SparkContext: Java version 17.0.15
[2025-08-07T07:46:07.651+0000] {spark_submit.py:521} INFO - 25/08/07 07:46:07 INFO ResourceUtils: ==============================================================
[2025-08-07T07:46:07.651+0000] {spark_submit.py:521} INFO - 25/08/07 07:46:07 INFO ResourceUtils: No custom resources configured for spark.driver.
[2025-08-07T07:46:07.652+0000] {spark_submit.py:521} INFO - 25/08/07 07:46:07 INFO ResourceUtils: ==============================================================
[2025-08-07T07:46:07.653+0000] {spark_submit.py:521} INFO - 25/08/07 07:46:07 INFO SparkContext: Submitted application: GoldTransform
[2025-08-07T07:46:07.735+0000] {spark_submit.py:521} INFO - 25/08/07 07:46:07 INFO ResourceProfile: Default ResourceProfile created, executor resources: Map(memory -> name: memory, amount: 1024, script: , vendor: , offHeap -> name: offHeap, amount: 0, script: , vendor: ), task resources: Map(cpus -> name: cpus, amount: 1.0)
[2025-08-07T07:46:07.742+0000] {spark_submit.py:521} INFO - 25/08/07 07:46:07 INFO ResourceProfile: Limiting resource is cpu
[2025-08-07T07:46:07.747+0000] {spark_submit.py:521} INFO - 25/08/07 07:46:07 INFO ResourceProfileManager: Added ResourceProfile id: 0
[2025-08-07T07:46:08.229+0000] {spark_submit.py:521} INFO - 25/08/07 07:46:08 INFO SecurityManager: Changing view acls to: ***
[2025-08-07T07:46:08.231+0000] {spark_submit.py:521} INFO - 25/08/07 07:46:08 INFO SecurityManager: Changing modify acls to: ***
[2025-08-07T07:46:08.232+0000] {spark_submit.py:521} INFO - 25/08/07 07:46:08 INFO SecurityManager: Changing view acls groups to: ***
[2025-08-07T07:46:08.233+0000] {spark_submit.py:521} INFO - 25/08/07 07:46:08 INFO SecurityManager: Changing modify acls groups to: ***
[2025-08-07T07:46:08.237+0000] {spark_submit.py:521} INFO - 25/08/07 07:46:08 INFO SecurityManager: SecurityManager: authentication disabled; ui acls disabled; users with view permissions: *** groups with view permissions: EMPTY; users with modify permissions: ***; groups with modify permissions: EMPTY; RPC SSL disabled
[2025-08-07T07:46:09.601+0000] {spark_submit.py:521} INFO - 25/08/07 07:46:09 INFO Utils: Successfully started service 'sparkDriver' on port 33347.
[2025-08-07T07:46:09.669+0000] {spark_submit.py:521} INFO - 25/08/07 07:46:09 INFO SparkEnv: Registering MapOutputTracker
[2025-08-07T07:46:09.688+0000] {spark_submit.py:521} INFO - 25/08/07 07:46:09 INFO SparkEnv: Registering BlockManagerMaster
[2025-08-07T07:46:09.814+0000] {spark_submit.py:521} INFO - 25/08/07 07:46:09 INFO BlockManagerMasterEndpoint: Using org.apache.spark.storage.DefaultTopologyMapper for getting topology information
[2025-08-07T07:46:09.818+0000] {spark_submit.py:521} INFO - 25/08/07 07:46:09 INFO BlockManagerMasterEndpoint: BlockManagerMasterEndpoint up
[2025-08-07T07:46:09.832+0000] {spark_submit.py:521} INFO - 25/08/07 07:46:09 INFO SparkEnv: Registering BlockManagerMasterHeartbeat
[2025-08-07T07:46:10.096+0000] {spark_submit.py:521} INFO - 25/08/07 07:46:10 INFO DiskBlockManager: Created local directory at /tmp/blockmgr-b69cf0ae-efa7-4da6-969b-4c1ce551fd4a
[2025-08-07T07:46:10.176+0000] {spark_submit.py:521} INFO - 25/08/07 07:46:10 INFO SparkEnv: Registering OutputCommitCoordinator
[2025-08-07T07:46:10.806+0000] {spark_submit.py:521} INFO - 25/08/07 07:46:10 INFO JettyUtils: Start Jetty 0.0.0.0:4040 for SparkUI
[2025-08-07T07:46:10.937+0000] {spark_submit.py:521} INFO - 25/08/07 07:46:10 INFO Utils: Successfully started service 'SparkUI' on port 4040.
[2025-08-07T07:46:10.987+0000] {spark_submit.py:521} INFO - 25/08/07 07:46:10 ERROR SparkContext: Failed to add file:/opt/custom-jars/hadoop-aws-3.3.2.jar to Spark environment
[2025-08-07T07:46:10.987+0000] {spark_submit.py:521} INFO - java.io.FileNotFoundException: Jar /opt/custom-jars/hadoop-aws-3.3.2.jar not found
[2025-08-07T07:46:10.987+0000] {spark_submit.py:521} INFO - at org.apache.spark.SparkContext.addLocalJarFile$1(SparkContext.scala:2174)
[2025-08-07T07:46:10.988+0000] {spark_submit.py:521} INFO - at org.apache.spark.SparkContext.addJar(SparkContext.scala:2230)
[2025-08-07T07:46:10.988+0000] {spark_submit.py:521} INFO - at org.apache.spark.SparkContext.$anonfun$new$15(SparkContext.scala:538)
[2025-08-07T07:46:10.992+0000] {spark_submit.py:521} INFO - at org.apache.spark.SparkContext.$anonfun$new$15$adapted(SparkContext.scala:538)
[2025-08-07T07:46:10.993+0000] {spark_submit.py:521} INFO - at scala.collection.IterableOnceOps.foreach(IterableOnce.scala:619)
[2025-08-07T07:46:10.994+0000] {spark_submit.py:521} INFO - at scala.collection.IterableOnceOps.foreach$(IterableOnce.scala:617)
[2025-08-07T07:46:10.994+0000] {spark_submit.py:521} INFO - at scala.collection.AbstractIterable.foreach(Iterable.scala:935)
[2025-08-07T07:46:10.995+0000] {spark_submit.py:521} INFO - at org.apache.spark.SparkContext.<init>(SparkContext.scala:538)
[2025-08-07T07:46:10.995+0000] {spark_submit.py:521} INFO - at org.apache.spark.api.java.JavaSparkContext.<init>(JavaSparkContext.scala:59)
[2025-08-07T07:46:10.996+0000] {spark_submit.py:521} INFO - at java.base/jdk.internal.reflect.NativeConstructorAccessorImpl.newInstance0(Native Method)
[2025-08-07T07:46:10.996+0000] {spark_submit.py:521} INFO - at java.base/jdk.internal.reflect.NativeConstructorAccessorImpl.newInstance(NativeConstructorAccessorImpl.java:77)
[2025-08-07T07:46:10.996+0000] {spark_submit.py:521} INFO - at java.base/jdk.internal.reflect.DelegatingConstructorAccessorImpl.newInstance(DelegatingConstructorAccessorImpl.java:45)
[2025-08-07T07:46:10.997+0000] {spark_submit.py:521} INFO - at java.base/java.lang.reflect.Constructor.newInstanceWithCaller(Constructor.java:500)
[2025-08-07T07:46:10.997+0000] {spark_submit.py:521} INFO - at java.base/java.lang.reflect.Constructor.newInstance(Constructor.java:481)
[2025-08-07T07:46:10.997+0000] {spark_submit.py:521} INFO - at py4j.reflection.MethodInvoker.invoke(MethodInvoker.java:247)
[2025-08-07T07:46:10.998+0000] {spark_submit.py:521} INFO - at py4j.reflection.ReflectionEngine.invoke(ReflectionEngine.java:374)
[2025-08-07T07:46:10.998+0000] {spark_submit.py:521} INFO - at py4j.Gateway.invoke(Gateway.java:238)
[2025-08-07T07:46:10.998+0000] {spark_submit.py:521} INFO - at py4j.commands.ConstructorCommand.invokeConstructor(ConstructorCommand.java:80)
[2025-08-07T07:46:10.999+0000] {spark_submit.py:521} INFO - at py4j.commands.ConstructorCommand.execute(ConstructorCommand.java:69)
[2025-08-07T07:46:10.999+0000] {spark_submit.py:521} INFO - at py4j.ClientServerConnection.waitForCommands(ClientServerConnection.java:184)
[2025-08-07T07:46:11.000+0000] {spark_submit.py:521} INFO - at py4j.ClientServerConnection.run(ClientServerConnection.java:108)
[2025-08-07T07:46:11.000+0000] {spark_submit.py:521} INFO - at java.base/java.lang.Thread.run(Thread.java:840)
[2025-08-07T07:46:11.003+0000] {spark_submit.py:521} INFO - 25/08/07 07:46:11 INFO SparkContext: Added JAR file:///opt/custom-jars/aws-java-sdk-bundle-1.12.367.jar at spark://6f545324c75e:33347/jars/aws-java-sdk-bundle-1.12.367.jar with timestamp 1754552767549
[2025-08-07T07:46:11.048+0000] {spark_submit.py:521} INFO - 25/08/07 07:46:11 INFO SecurityManager: Changing view acls to: ***
[2025-08-07T07:46:11.050+0000] {spark_submit.py:521} INFO - 25/08/07 07:46:11 INFO SecurityManager: Changing modify acls to: ***
[2025-08-07T07:46:11.050+0000] {spark_submit.py:521} INFO - 25/08/07 07:46:11 INFO SecurityManager: Changing view acls groups to: ***
[2025-08-07T07:46:11.051+0000] {spark_submit.py:521} INFO - 25/08/07 07:46:11 INFO SecurityManager: Changing modify acls groups to: ***
[2025-08-07T07:46:11.051+0000] {spark_submit.py:521} INFO - 25/08/07 07:46:11 INFO SecurityManager: SecurityManager: authentication disabled; ui acls disabled; users with view permissions: *** groups with view permissions: EMPTY; users with modify permissions: ***; groups with modify permissions: EMPTY; RPC SSL disabled
[2025-08-07T07:46:11.528+0000] {spark_submit.py:521} INFO - 25/08/07 07:46:11 INFO StandaloneAppClient$ClientEndpoint: Connecting to master spark://spark-master:7077...
[2025-08-07T07:46:11.644+0000] {spark_submit.py:521} INFO - 25/08/07 07:46:11 INFO TransportClientFactory: Successfully created connection to spark-master/172.18.0.4:7077 after 40 ms (0 ms spent in bootstraps)
[2025-08-07T07:46:16.011+0000] {spark_submit.py:521} INFO - 25/08/07 07:46:16 INFO StandaloneSchedulerBackend: Connected to Spark cluster with app ID app-20250807074615-0000
[2025-08-07T07:46:16.023+0000] {spark_submit.py:521} INFO - 25/08/07 07:46:16 INFO Utils: Successfully started service 'org.apache.spark.network.netty.NettyBlockTransferService' on port 43385.
[2025-08-07T07:46:16.024+0000] {spark_submit.py:521} INFO - 25/08/07 07:46:16 INFO NettyBlockTransferService: Server created on 6f545324c75e:43385
[2025-08-07T07:46:16.026+0000] {spark_submit.py:521} INFO - 25/08/07 07:46:16 INFO BlockManager: Using org.apache.spark.storage.RandomBlockReplicationPolicy for block replication policy
[2025-08-07T07:46:16.047+0000] {spark_submit.py:521} INFO - 25/08/07 07:46:16 INFO BlockManagerMaster: Registering BlockManager BlockManagerId(driver, 6f545324c75e, 43385, None)
[2025-08-07T07:46:16.057+0000] {spark_submit.py:521} INFO - 25/08/07 07:46:16 INFO BlockManagerMasterEndpoint: Registering block manager 6f545324c75e:43385 with 434.4 MiB RAM, BlockManagerId(driver, 6f545324c75e, 43385, None)
[2025-08-07T07:46:16.060+0000] {spark_submit.py:521} INFO - 25/08/07 07:46:16 INFO BlockManagerMaster: Registered BlockManager BlockManagerId(driver, 6f545324c75e, 43385, None)
[2025-08-07T07:46:16.062+0000] {spark_submit.py:521} INFO - 25/08/07 07:46:16 INFO BlockManager: Initialized BlockManager: BlockManagerId(driver, 6f545324c75e, 43385, None)
[2025-08-07T07:46:16.336+0000] {spark_submit.py:521} INFO - 25/08/07 07:46:16 INFO StandaloneSchedulerBackend: SchedulerBackend is ready for scheduling beginning after reached minRegisteredResourcesRatio: 0.0
[2025-08-07T07:46:16.709+0000] {spark_submit.py:521} INFO - 25/08/07 07:46:16 INFO StandaloneAppClient$ClientEndpoint: Executor added: app-20250807074615-0000/0 on worker-20250807074117-172.18.0.6-38873 (172.18.0.6:38873) with 12 core(s)
[2025-08-07T07:46:16.710+0000] {spark_submit.py:521} INFO - 25/08/07 07:46:16 INFO StandaloneSchedulerBackend: Granted executor ID app-20250807074615-0000/0 on hostPort 172.18.0.6:38873 with 12 core(s), 1024.0 MiB RAM
[2025-08-07T07:46:20.667+0000] {spark_submit.py:521} INFO - 25/08/07 07:46:20 INFO StandaloneAppClient$ClientEndpoint: Executor updated: app-20250807074615-0000/0 is now RUNNING
[2025-08-07T07:46:24.272+0000] {spark_submit.py:521} INFO - 25/08/07 07:46:24 INFO SharedState: Setting hive.metastore.warehouse.dir ('null') to the value of spark.sql.warehouse.dir.
[2025-08-07T07:46:24.274+0000] {spark_submit.py:521} INFO - 25/08/07 07:46:24 INFO SharedState: Warehouse path is 'file:/opt/***/spark-warehouse'.
[2025-08-07T07:46:26.972+0000] {spark_submit.py:521} INFO - 25/08/07 07:46:26 INFO CodeGenerator: Code generated in 221.956412 ms
[2025-08-07T07:46:27.005+0000] {spark_submit.py:521} INFO - 25/08/07 07:46:27 INFO SparkContext: Starting job: showString at NativeMethodAccessorImpl.java:0
[2025-08-07T07:46:27.021+0000] {spark_submit.py:521} INFO - 25/08/07 07:46:27 INFO DAGScheduler: Got job 0 (showString at NativeMethodAccessorImpl.java:0) with 1 output partitions
[2025-08-07T07:46:27.023+0000] {spark_submit.py:521} INFO - 25/08/07 07:46:27 INFO DAGScheduler: Final stage: ResultStage 0 (showString at NativeMethodAccessorImpl.java:0)
[2025-08-07T07:46:27.025+0000] {spark_submit.py:521} INFO - 25/08/07 07:46:27 INFO DAGScheduler: Parents of final stage: List()
[2025-08-07T07:46:27.028+0000] {spark_submit.py:521} INFO - 25/08/07 07:46:27 INFO DAGScheduler: Missing parents: List()
[2025-08-07T07:46:27.032+0000] {spark_submit.py:521} INFO - 25/08/07 07:46:27 INFO DAGScheduler: Submitting ResultStage 0 (MapPartitionsRDD[6] at showString at NativeMethodAccessorImpl.java:0), which has no missing parents
[2025-08-07T07:46:27.084+0000] {spark_submit.py:521} INFO - 25/08/07 07:46:27 INFO MemoryStore: MemoryStore started with capacity 434.4 MiB
[2025-08-07T07:46:27.120+0000] {spark_submit.py:521} INFO - 25/08/07 07:46:27 INFO MemoryStore: Block broadcast_0 stored as values in memory (estimated size 13.8 KiB, free 434.4 MiB)
[2025-08-07T07:46:27.159+0000] {spark_submit.py:521} INFO - 25/08/07 07:46:27 INFO MemoryStore: Block broadcast_0_piece0 stored as bytes in memory (estimated size 7.2 KiB, free 434.4 MiB)
[2025-08-07T07:46:27.169+0000] {spark_submit.py:521} INFO - 25/08/07 07:46:27 INFO SparkContext: Created broadcast 0 from broadcast at DAGScheduler.scala:1676
[2025-08-07T07:46:27.189+0000] {spark_submit.py:521} INFO - 25/08/07 07:46:27 INFO DAGScheduler: Submitting 1 missing tasks from ResultStage 0 (MapPartitionsRDD[6] at showString at NativeMethodAccessorImpl.java:0) (first 15 tasks are for partitions Vector(0))
[2025-08-07T07:46:27.337+0000] {spark_submit.py:521} INFO - 25/08/07 07:46:27 INFO TaskSchedulerImpl: Adding task set 0.0 with 1 tasks resource profile 0
[2025-08-07T07:46:28.028+0000] {spark_submit.py:521} INFO - 25/08/07 07:46:28 INFO StandaloneSchedulerBackend$StandaloneDriverEndpoint: Registered executor NettyRpcEndpointRef(spark-client://Executor) (172.18.0.6:42496) with ID 0, ResourceProfileId 0
[2025-08-07T07:46:28.217+0000] {spark_submit.py:521} INFO - 25/08/07 07:46:28 INFO BlockManagerMasterEndpoint: Registering block manager 172.18.0.6:44513 with 434.4 MiB RAM, BlockManagerId(0, 172.18.0.6, 44513, None)
[2025-08-07T07:46:41.259+0000] {spark_submit.py:521} INFO - 25/08/07 07:46:41 INFO TaskSetManager: Starting task 0.0 in stage 0.0 (TID 0) (172.18.0.6,executor 0, partition 0, PROCESS_LOCAL, 9907 bytes)
[2025-08-07T07:46:43.884+0000] {spark_submit.py:521} INFO - 25/08/07 07:46:43 WARN TaskSetManager: Lost task 0.0 in stage 0.0 (TID 0) (172.18.0.6 executor 0): org.apache.spark.api.python.PythonException: Traceback (most recent call last):
[2025-08-07T07:46:43.885+0000] {spark_submit.py:521} INFO - File "/opt/bitnami/spark/python/lib/pyspark.zip/pyspark/worker.py", line 1972, in main
[2025-08-07T07:46:43.885+0000] {spark_submit.py:521} INFO - check_python_version(infile)
[2025-08-07T07:46:43.885+0000] {spark_submit.py:521} INFO - File "/opt/bitnami/spark/python/lib/pyspark.zip/pyspark/worker_util.py", line 77, in check_python_version
[2025-08-07T07:46:43.886+0000] {spark_submit.py:521} INFO - raise PySparkRuntimeError(
[2025-08-07T07:46:43.886+0000] {spark_submit.py:521} INFO - pyspark.errors.exceptions.base.PySparkRuntimeError: [PYTHON_VERSION_MISMATCH] Python in worker has different version: 3.12 than that in driver: 3.11, PySpark cannot run with different minor versions.
[2025-08-07T07:46:43.886+0000] {spark_submit.py:521} INFO - Please check environment variables PYSPARK_PYTHON and PYSPARK_DRIVER_PYTHON are correctly set.
[2025-08-07T07:46:43.887+0000] {spark_submit.py:521} INFO - 
[2025-08-07T07:46:43.887+0000] {spark_submit.py:521} INFO - at org.apache.spark.api.python.BasePythonRunner$ReaderIterator.handlePythonException(PythonRunner.scala:581)
[2025-08-07T07:46:43.887+0000] {spark_submit.py:521} INFO - at org.apache.spark.api.python.PythonRunner$$anon$3.read(PythonRunner.scala:940)
[2025-08-07T07:46:43.888+0000] {spark_submit.py:521} INFO - at org.apache.spark.api.python.PythonRunner$$anon$3.read(PythonRunner.scala:925)
[2025-08-07T07:46:43.888+0000] {spark_submit.py:521} INFO - at org.apache.spark.api.python.BasePythonRunner$ReaderIterator.hasNext(PythonRunner.scala:532)
[2025-08-07T07:46:43.888+0000] {spark_submit.py:521} INFO - at org.apache.spark.InterruptibleIterator.hasNext(InterruptibleIterator.scala:37)
[2025-08-07T07:46:43.888+0000] {spark_submit.py:521} INFO - at scala.collection.Iterator$$anon$10.hasNext(Iterator.scala:601)
[2025-08-07T07:46:43.889+0000] {spark_submit.py:521} INFO - at scala.collection.Iterator$$anon$9.hasNext(Iterator.scala:583)
[2025-08-07T07:46:43.889+0000] {spark_submit.py:521} INFO - at scala.collection.Iterator$$anon$9.hasNext(Iterator.scala:583)
[2025-08-07T07:46:43.889+0000] {spark_submit.py:521} INFO - at org.apache.spark.sql.catalyst.expressions.GeneratedClass$GeneratedIteratorForCodegenStage1.processNext(Unknown Source)
[2025-08-07T07:46:43.890+0000] {spark_submit.py:521} INFO - at org.apache.spark.sql.execution.BufferedRowIterator.hasNext(BufferedRowIterator.java:43)
[2025-08-07T07:46:43.890+0000] {spark_submit.py:521} INFO - at org.apache.spark.sql.execution.WholeStageCodegenEvaluatorFactory$WholeStageCodegenPartitionEvaluator$$anon$1.hasNext(WholeStageCodegenEvaluatorFactory.scala:50)
[2025-08-07T07:46:43.890+0000] {spark_submit.py:521} INFO - at org.apache.spark.sql.execution.SparkPlan.$anonfun$getByteArrayRdd$1(SparkPlan.scala:402)
[2025-08-07T07:46:43.891+0000] {spark_submit.py:521} INFO - at org.apache.spark.rdd.RDD.$anonfun$mapPartitionsInternal$2(RDD.scala:901)
[2025-08-07T07:46:43.891+0000] {spark_submit.py:521} INFO - at org.apache.spark.rdd.RDD.$anonfun$mapPartitionsInternal$2$adapted(RDD.scala:901)
[2025-08-07T07:46:43.891+0000] {spark_submit.py:521} INFO - at org.apache.spark.rdd.MapPartitionsRDD.compute(MapPartitionsRDD.scala:52)
[2025-08-07T07:46:43.892+0000] {spark_submit.py:521} INFO - at org.apache.spark.rdd.RDD.computeOrReadCheckpoint(RDD.scala:374)
[2025-08-07T07:46:43.892+0000] {spark_submit.py:521} INFO - at org.apache.spark.rdd.RDD.iterator(RDD.scala:338)
[2025-08-07T07:46:43.892+0000] {spark_submit.py:521} INFO - at org.apache.spark.scheduler.ResultTask.runTask(ResultTask.scala:93)
[2025-08-07T07:46:43.893+0000] {spark_submit.py:521} INFO - at org.apache.spark.TaskContext.runTaskWithListeners(TaskContext.scala:171)
[2025-08-07T07:46:43.893+0000] {spark_submit.py:521} INFO - at org.apache.spark.scheduler.Task.run(Task.scala:147)
[2025-08-07T07:46:43.893+0000] {spark_submit.py:521} INFO - at org.apache.spark.executor.Executor$TaskRunner.$anonfun$run$5(Executor.scala:647)
[2025-08-07T07:46:43.894+0000] {spark_submit.py:521} INFO - at org.apache.spark.util.SparkErrorUtils.tryWithSafeFinally(SparkErrorUtils.scala:80)
[2025-08-07T07:46:43.894+0000] {spark_submit.py:521} INFO - at org.apache.spark.util.SparkErrorUtils.tryWithSafeFinally$(SparkErrorUtils.scala:77)
[2025-08-07T07:46:43.894+0000] {spark_submit.py:521} INFO - at org.apache.spark.util.Utils$.tryWithSafeFinally(Utils.scala:99)
[2025-08-07T07:46:43.895+0000] {spark_submit.py:521} INFO - at org.apache.spark.executor.Executor$TaskRunner.run(Executor.scala:650)
[2025-08-07T07:46:43.895+0000] {spark_submit.py:521} INFO - at java.base/java.util.concurrent.ThreadPoolExecutor.runWorker(Unknown Source)
[2025-08-07T07:46:43.895+0000] {spark_submit.py:521} INFO - at java.base/java.util.concurrent.ThreadPoolExecutor$Worker.run(Unknown Source)
[2025-08-07T07:46:43.895+0000] {spark_submit.py:521} INFO - at java.base/java.lang.Thread.run(Unknown Source)
[2025-08-07T07:46:43.896+0000] {spark_submit.py:521} INFO - 
[2025-08-07T07:46:43.896+0000] {spark_submit.py:521} INFO - 25/08/07 07:46:43 INFO TaskSetManager: Starting task 0.1 in stage 0.0 (TID 1) (172.18.0.6,executor 0, partition 0, PROCESS_LOCAL, 9907 bytes)
[2025-08-07T07:46:43.927+0000] {spark_submit.py:521} INFO - 25/08/07 07:46:43 INFO TaskSetManager: Lost task 0.1 in stage 0.0 (TID 1) on 172.18.0.6, executor 0: org.apache.spark.api.python.PythonException (Traceback (most recent call last):
[2025-08-07T07:46:43.927+0000] {spark_submit.py:521} INFO - File "/opt/bitnami/spark/python/lib/pyspark.zip/pyspark/worker.py", line 1972, in main
[2025-08-07T07:46:43.928+0000] {spark_submit.py:521} INFO - check_python_version(infile)
[2025-08-07T07:46:43.928+0000] {spark_submit.py:521} INFO - File "/opt/bitnami/spark/python/lib/pyspark.zip/pyspark/worker_util.py", line 77, in check_python_version
[2025-08-07T07:46:43.929+0000] {spark_submit.py:521} INFO - raise PySparkRuntimeError(
[2025-08-07T07:46:43.929+0000] {spark_submit.py:521} INFO - pyspark.errors.exceptions.base.PySparkRuntimeError: [PYTHON_VERSION_MISMATCH] Python in worker has different version: 3.12 than that in driver: 3.11, PySpark cannot run with different minor versions.
[2025-08-07T07:46:43.929+0000] {spark_submit.py:521} INFO - Please check environment variables PYSPARK_PYTHON and PYSPARK_DRIVER_PYTHON are correctly set.
[2025-08-07T07:46:43.929+0000] {spark_submit.py:521} INFO - ) [duplicate 1]
[2025-08-07T07:46:43.930+0000] {spark_submit.py:521} INFO - 25/08/07 07:46:43 INFO TaskSetManager: Starting task 0.2 in stage 0.0 (TID 2) (172.18.0.6,executor 0, partition 0, PROCESS_LOCAL, 9907 bytes)
[2025-08-07T07:46:43.953+0000] {spark_submit.py:521} INFO - 25/08/07 07:46:43 INFO TaskSetManager: Lost task 0.2 in stage 0.0 (TID 2) on 172.18.0.6, executor 0: org.apache.spark.api.python.PythonException (Traceback (most recent call last):
[2025-08-07T07:46:43.954+0000] {spark_submit.py:521} INFO - File "/opt/bitnami/spark/python/lib/pyspark.zip/pyspark/worker.py", line 1972, in main
[2025-08-07T07:46:43.955+0000] {spark_submit.py:521} INFO - check_python_version(infile)
[2025-08-07T07:46:43.956+0000] {spark_submit.py:521} INFO - File "/opt/bitnami/spark/python/lib/pyspark.zip/pyspark/worker_util.py", line 77, in check_python_version
[2025-08-07T07:46:43.957+0000] {spark_submit.py:521} INFO - raise PySparkRuntimeError(
[2025-08-07T07:46:43.957+0000] {spark_submit.py:521} INFO - pyspark.errors.exceptions.base.PySparkRuntimeError: [PYTHON_VERSION_MISMATCH] Python in worker has different version: 3.12 than that in driver: 3.11, PySpark cannot run with different minor versions.
[2025-08-07T07:46:43.957+0000] {spark_submit.py:521} INFO - Please check environment variables PYSPARK_PYTHON and PYSPARK_DRIVER_PYTHON are correctly set.
[2025-08-07T07:46:43.958+0000] {spark_submit.py:521} INFO - ) [duplicate 2]
[2025-08-07T07:46:43.958+0000] {spark_submit.py:521} INFO - 25/08/07 07:46:43 INFO TaskSetManager: Starting task 0.3 in stage 0.0 (TID 3) (172.18.0.6,executor 0, partition 0, PROCESS_LOCAL, 9907 bytes)
[2025-08-07T07:46:43.978+0000] {spark_submit.py:521} INFO - 25/08/07 07:46:43 INFO TaskSetManager: Lost task 0.3 in stage 0.0 (TID 3) on 172.18.0.6, executor 0: org.apache.spark.api.python.PythonException (Traceback (most recent call last):
[2025-08-07T07:46:43.979+0000] {spark_submit.py:521} INFO - File "/opt/bitnami/spark/python/lib/pyspark.zip/pyspark/worker.py", line 1972, in main
[2025-08-07T07:46:43.979+0000] {spark_submit.py:521} INFO - check_python_version(infile)
[2025-08-07T07:46:43.980+0000] {spark_submit.py:521} INFO - File "/opt/bitnami/spark/python/lib/pyspark.zip/pyspark/worker_util.py", line 77, in check_python_version
[2025-08-07T07:46:43.980+0000] {spark_submit.py:521} INFO - raise PySparkRuntimeError(
[2025-08-07T07:46:43.980+0000] {spark_submit.py:521} INFO - pyspark.errors.exceptions.base.PySparkRuntimeError: [PYTHON_VERSION_MISMATCH] Python in worker has different version: 3.12 than that in driver: 3.11, PySpark cannot run with different minor versions.
[2025-08-07T07:46:43.980+0000] {spark_submit.py:521} INFO - Please check environment variables PYSPARK_PYTHON and PYSPARK_DRIVER_PYTHON are correctly set.
[2025-08-07T07:46:43.980+0000] {spark_submit.py:521} INFO - ) [duplicate 3]
[2025-08-07T07:46:43.981+0000] {spark_submit.py:521} INFO - 25/08/07 07:46:43 ERROR TaskSetManager: Task 0 in stage 0.0 failed 4 times; aborting job
[2025-08-07T07:46:43.982+0000] {spark_submit.py:521} INFO - 25/08/07 07:46:43 INFO TaskSchedulerImpl: Removed TaskSet 0.0 whose tasks have all completed, from pool
[2025-08-07T07:46:43.984+0000] {spark_submit.py:521} INFO - 25/08/07 07:46:43 INFO TaskSchedulerImpl: Canceling stage 0
[2025-08-07T07:46:43.985+0000] {spark_submit.py:521} INFO - 25/08/07 07:46:43 INFO TaskSchedulerImpl: Killing all running tasks in stage 0: Job aborted due to stage failure: Task 0 in stage 0.0 failed 4 times, most recent failure: Lost task 0.3 in stage 0.0 (TID 3) (172.18.0.6 executor 0): org.apache.spark.api.python.PythonException: Traceback (most recent call last):
[2025-08-07T07:46:43.985+0000] {spark_submit.py:521} INFO - File "/opt/bitnami/spark/python/lib/pyspark.zip/pyspark/worker.py", line 1972, in main
[2025-08-07T07:46:43.985+0000] {spark_submit.py:521} INFO - check_python_version(infile)
[2025-08-07T07:46:43.985+0000] {spark_submit.py:521} INFO - File "/opt/bitnami/spark/python/lib/pyspark.zip/pyspark/worker_util.py", line 77, in check_python_version
[2025-08-07T07:46:43.985+0000] {spark_submit.py:521} INFO - raise PySparkRuntimeError(
[2025-08-07T07:46:43.986+0000] {spark_submit.py:521} INFO - pyspark.errors.exceptions.base.PySparkRuntimeError: [PYTHON_VERSION_MISMATCH] Python in worker has different version: 3.12 than that in driver: 3.11, PySpark cannot run with different minor versions.
[2025-08-07T07:46:43.986+0000] {spark_submit.py:521} INFO - Please check environment variables PYSPARK_PYTHON and PYSPARK_DRIVER_PYTHON are correctly set.
[2025-08-07T07:46:43.986+0000] {spark_submit.py:521} INFO - 
[2025-08-07T07:46:43.986+0000] {spark_submit.py:521} INFO - at org.apache.spark.api.python.BasePythonRunner$ReaderIterator.handlePythonException(PythonRunner.scala:581)
[2025-08-07T07:46:43.986+0000] {spark_submit.py:521} INFO - at org.apache.spark.api.python.PythonRunner$$anon$3.read(PythonRunner.scala:940)
[2025-08-07T07:46:43.986+0000] {spark_submit.py:521} INFO - at org.apache.spark.api.python.PythonRunner$$anon$3.read(PythonRunner.scala:925)
[2025-08-07T07:46:43.986+0000] {spark_submit.py:521} INFO - at org.apache.spark.api.python.BasePythonRunner$ReaderIterator.hasNext(PythonRunner.scala:532)
[2025-08-07T07:46:43.987+0000] {spark_submit.py:521} INFO - at org.apache.spark.InterruptibleIterator.hasNext(InterruptibleIterator.scala:37)
[2025-08-07T07:46:43.987+0000] {spark_submit.py:521} INFO - at scala.collection.Iterator$$anon$10.hasNext(Iterator.scala:601)
[2025-08-07T07:46:43.987+0000] {spark_submit.py:521} INFO - at scala.collection.Iterator$$anon$9.hasNext(Iterator.scala:583)
[2025-08-07T07:46:43.987+0000] {spark_submit.py:521} INFO - at scala.collection.Iterator$$anon$9.hasNext(Iterator.scala:583)
[2025-08-07T07:46:43.988+0000] {spark_submit.py:521} INFO - at org.apache.spark.sql.catalyst.expressions.GeneratedClass$GeneratedIteratorForCodegenStage1.processNext(Unknown Source)
[2025-08-07T07:46:43.988+0000] {spark_submit.py:521} INFO - at org.apache.spark.sql.execution.BufferedRowIterator.hasNext(BufferedRowIterator.java:43)
[2025-08-07T07:46:43.988+0000] {spark_submit.py:521} INFO - at org.apache.spark.sql.execution.WholeStageCodegenEvaluatorFactory$WholeStageCodegenPartitionEvaluator$$anon$1.hasNext(WholeStageCodegenEvaluatorFactory.scala:50)
[2025-08-07T07:46:43.988+0000] {spark_submit.py:521} INFO - at org.apache.spark.sql.execution.SparkPlan.$anonfun$getByteArrayRdd$1(SparkPlan.scala:402)
[2025-08-07T07:46:43.988+0000] {spark_submit.py:521} INFO - at org.apache.spark.rdd.RDD.$anonfun$mapPartitionsInternal$2(RDD.scala:901)
[2025-08-07T07:46:43.988+0000] {spark_submit.py:521} INFO - at org.apache.spark.rdd.RDD.$anonfun$mapPartitionsInternal$2$adapted(RDD.scala:901)
[2025-08-07T07:46:43.989+0000] {spark_submit.py:521} INFO - at org.apache.spark.rdd.MapPartitionsRDD.compute(MapPartitionsRDD.scala:52)
[2025-08-07T07:46:43.989+0000] {spark_submit.py:521} INFO - at org.apache.spark.rdd.RDD.computeOrReadCheckpoint(RDD.scala:374)
[2025-08-07T07:46:43.990+0000] {spark_submit.py:521} INFO - at org.apache.spark.rdd.RDD.iterator(RDD.scala:338)
[2025-08-07T07:46:43.990+0000] {spark_submit.py:521} INFO - at org.apache.spark.scheduler.ResultTask.runTask(ResultTask.scala:93)
[2025-08-07T07:46:43.990+0000] {spark_submit.py:521} INFO - at org.apache.spark.TaskContext.runTaskWithListeners(TaskContext.scala:171)
[2025-08-07T07:46:43.990+0000] {spark_submit.py:521} INFO - at org.apache.spark.scheduler.Task.run(Task.scala:147)
[2025-08-07T07:46:43.991+0000] {spark_submit.py:521} INFO - at org.apache.spark.executor.Executor$TaskRunner.$anonfun$run$5(Executor.scala:647)
[2025-08-07T07:46:43.991+0000] {spark_submit.py:521} INFO - at org.apache.spark.util.SparkErrorUtils.tryWithSafeFinally(SparkErrorUtils.scala:80)
[2025-08-07T07:46:43.991+0000] {spark_submit.py:521} INFO - at org.apache.spark.util.SparkErrorUtils.tryWithSafeFinally$(SparkErrorUtils.scala:77)
[2025-08-07T07:46:43.991+0000] {spark_submit.py:521} INFO - at org.apache.spark.util.Utils$.tryWithSafeFinally(Utils.scala:99)
[2025-08-07T07:46:43.992+0000] {spark_submit.py:521} INFO - at org.apache.spark.executor.Executor$TaskRunner.run(Executor.scala:650)
[2025-08-07T07:46:43.992+0000] {spark_submit.py:521} INFO - at java.base/java.util.concurrent.ThreadPoolExecutor.runWorker(Unknown Source)
[2025-08-07T07:46:43.992+0000] {spark_submit.py:521} INFO - at java.base/java.util.concurrent.ThreadPoolExecutor$Worker.run(Unknown Source)
[2025-08-07T07:46:43.992+0000] {spark_submit.py:521} INFO - at java.base/java.lang.Thread.run(Unknown Source)
[2025-08-07T07:46:43.992+0000] {spark_submit.py:521} INFO - 
[2025-08-07T07:46:43.993+0000] {spark_submit.py:521} INFO - Driver stacktrace:
[2025-08-07T07:46:43.993+0000] {spark_submit.py:521} INFO - 25/08/07 07:46:43 INFO DAGScheduler: ResultStage 0 (showString at NativeMethodAccessorImpl.java:0) failed in 16941 ms due to Job aborted due to stage failure: Task 0 in stage 0.0 failed 4 times, most recent failure: Lost task 0.3 in stage 0.0 (TID 3) (172.18.0.6 executor 0): org.apache.spark.api.python.PythonException: Traceback (most recent call last):
[2025-08-07T07:46:43.993+0000] {spark_submit.py:521} INFO - File "/opt/bitnami/spark/python/lib/pyspark.zip/pyspark/worker.py", line 1972, in main
[2025-08-07T07:46:43.994+0000] {spark_submit.py:521} INFO - check_python_version(infile)
[2025-08-07T07:46:43.994+0000] {spark_submit.py:521} INFO - File "/opt/bitnami/spark/python/lib/pyspark.zip/pyspark/worker_util.py", line 77, in check_python_version
[2025-08-07T07:46:43.994+0000] {spark_submit.py:521} INFO - raise PySparkRuntimeError(
[2025-08-07T07:46:43.994+0000] {spark_submit.py:521} INFO - pyspark.errors.exceptions.base.PySparkRuntimeError: [PYTHON_VERSION_MISMATCH] Python in worker has different version: 3.12 than that in driver: 3.11, PySpark cannot run with different minor versions.
[2025-08-07T07:46:43.994+0000] {spark_submit.py:521} INFO - Please check environment variables PYSPARK_PYTHON and PYSPARK_DRIVER_PYTHON are correctly set.
[2025-08-07T07:46:43.995+0000] {spark_submit.py:521} INFO - 
[2025-08-07T07:46:43.995+0000] {spark_submit.py:521} INFO - at org.apache.spark.api.python.BasePythonRunner$ReaderIterator.handlePythonException(PythonRunner.scala:581)
[2025-08-07T07:46:43.995+0000] {spark_submit.py:521} INFO - at org.apache.spark.api.python.PythonRunner$$anon$3.read(PythonRunner.scala:940)
[2025-08-07T07:46:43.995+0000] {spark_submit.py:521} INFO - at org.apache.spark.api.python.PythonRunner$$anon$3.read(PythonRunner.scala:925)
[2025-08-07T07:46:43.995+0000] {spark_submit.py:521} INFO - at org.apache.spark.api.python.BasePythonRunner$ReaderIterator.hasNext(PythonRunner.scala:532)
[2025-08-07T07:46:43.995+0000] {spark_submit.py:521} INFO - at org.apache.spark.InterruptibleIterator.hasNext(InterruptibleIterator.scala:37)
[2025-08-07T07:46:43.996+0000] {spark_submit.py:521} INFO - at scala.collection.Iterator$$anon$10.hasNext(Iterator.scala:601)
[2025-08-07T07:46:43.996+0000] {spark_submit.py:521} INFO - at scala.collection.Iterator$$anon$9.hasNext(Iterator.scala:583)
[2025-08-07T07:46:43.996+0000] {spark_submit.py:521} INFO - at scala.collection.Iterator$$anon$9.hasNext(Iterator.scala:583)
[2025-08-07T07:46:43.996+0000] {spark_submit.py:521} INFO - at org.apache.spark.sql.catalyst.expressions.GeneratedClass$GeneratedIteratorForCodegenStage1.processNext(Unknown Source)
[2025-08-07T07:46:43.996+0000] {spark_submit.py:521} INFO - at org.apache.spark.sql.execution.BufferedRowIterator.hasNext(BufferedRowIterator.java:43)
[2025-08-07T07:46:43.997+0000] {spark_submit.py:521} INFO - at org.apache.spark.sql.execution.WholeStageCodegenEvaluatorFactory$WholeStageCodegenPartitionEvaluator$$anon$1.hasNext(WholeStageCodegenEvaluatorFactory.scala:50)
[2025-08-07T07:46:43.997+0000] {spark_submit.py:521} INFO - at org.apache.spark.sql.execution.SparkPlan.$anonfun$getByteArrayRdd$1(SparkPlan.scala:402)
[2025-08-07T07:46:43.997+0000] {spark_submit.py:521} INFO - at org.apache.spark.rdd.RDD.$anonfun$mapPartitionsInternal$2(RDD.scala:901)
[2025-08-07T07:46:43.997+0000] {spark_submit.py:521} INFO - at org.apache.spark.rdd.RDD.$anonfun$mapPartitionsInternal$2$adapted(RDD.scala:901)
[2025-08-07T07:46:43.998+0000] {spark_submit.py:521} INFO - at org.apache.spark.rdd.MapPartitionsRDD.compute(MapPartitionsRDD.scala:52)
[2025-08-07T07:46:43.998+0000] {spark_submit.py:521} INFO - at org.apache.spark.rdd.RDD.computeOrReadCheckpoint(RDD.scala:374)
[2025-08-07T07:46:43.998+0000] {spark_submit.py:521} INFO - at org.apache.spark.rdd.RDD.iterator(RDD.scala:338)
[2025-08-07T07:46:43.998+0000] {spark_submit.py:521} INFO - at org.apache.spark.scheduler.ResultTask.runTask(ResultTask.scala:93)
[2025-08-07T07:46:43.999+0000] {spark_submit.py:521} INFO - at org.apache.spark.TaskContext.runTaskWithListeners(TaskContext.scala:171)
[2025-08-07T07:46:43.999+0000] {spark_submit.py:521} INFO - at org.apache.spark.scheduler.Task.run(Task.scala:147)
[2025-08-07T07:46:43.999+0000] {spark_submit.py:521} INFO - at org.apache.spark.executor.Executor$TaskRunner.$anonfun$run$5(Executor.scala:647)
[2025-08-07T07:46:43.999+0000] {spark_submit.py:521} INFO - at org.apache.spark.util.SparkErrorUtils.tryWithSafeFinally(SparkErrorUtils.scala:80)
[2025-08-07T07:46:44.000+0000] {spark_submit.py:521} INFO - at org.apache.spark.util.SparkErrorUtils.tryWithSafeFinally$(SparkErrorUtils.scala:77)
[2025-08-07T07:46:44.000+0000] {spark_submit.py:521} INFO - at org.apache.spark.util.Utils$.tryWithSafeFinally(Utils.scala:99)
[2025-08-07T07:46:44.000+0000] {spark_submit.py:521} INFO - at org.apache.spark.executor.Executor$TaskRunner.run(Executor.scala:650)
[2025-08-07T07:46:44.000+0000] {spark_submit.py:521} INFO - at java.base/java.util.concurrent.ThreadPoolExecutor.runWorker(Unknown Source)
[2025-08-07T07:46:44.000+0000] {spark_submit.py:521} INFO - at java.base/java.util.concurrent.ThreadPoolExecutor$Worker.run(Unknown Source)
[2025-08-07T07:46:44.001+0000] {spark_submit.py:521} INFO - at java.base/java.lang.Thread.run(Unknown Source)
[2025-08-07T07:46:44.001+0000] {spark_submit.py:521} INFO - 
[2025-08-07T07:46:44.001+0000] {spark_submit.py:521} INFO - Driver stacktrace:
[2025-08-07T07:46:44.001+0000] {spark_submit.py:521} INFO - 25/08/07 07:46:43 INFO DAGScheduler: Job 0 failed: showString at NativeMethodAccessorImpl.java:0, took 16991.703083 ms
[2025-08-07T07:46:44.096+0000] {spark_submit.py:521} INFO - Traceback (most recent call last):
[2025-08-07T07:46:44.096+0000] {spark_submit.py:521} INFO - File "/opt/spark-jobs/gold_transform.py", line 12, in <module>
[2025-08-07T07:46:44.097+0000] {spark_submit.py:521} INFO - df.show()
[2025-08-07T07:46:44.097+0000] {spark_submit.py:521} INFO - File "/home/***/.local/lib/python3.11/site-packages/pyspark/python/lib/pyspark.zip/pyspark/sql/classic/dataframe.py", line 285, in show
[2025-08-07T07:46:44.100+0000] {spark_submit.py:521} INFO - File "/home/***/.local/lib/python3.11/site-packages/pyspark/python/lib/pyspark.zip/pyspark/sql/classic/dataframe.py", line 303, in _show_string
[2025-08-07T07:46:44.100+0000] {spark_submit.py:521} INFO - File "/home/***/.local/lib/python3.11/site-packages/pyspark/python/lib/py4j-0.10.9.9-src.zip/py4j/java_gateway.py", line 1362, in __call__
[2025-08-07T07:46:44.100+0000] {spark_submit.py:521} INFO - File "/home/***/.local/lib/python3.11/site-packages/pyspark/python/lib/pyspark.zip/pyspark/errors/exceptions/captured.py", line 282, in deco
[2025-08-07T07:46:44.100+0000] {spark_submit.py:521} INFO - File "/home/***/.local/lib/python3.11/site-packages/pyspark/python/lib/py4j-0.10.9.9-src.zip/py4j/protocol.py", line 327, in get_return_value
[2025-08-07T07:46:44.147+0000] {spark_submit.py:521} INFO - py4j.protocol.Py4JJavaError: An error occurred while calling o53.showString.
[2025-08-07T07:46:44.148+0000] {spark_submit.py:521} INFO - : org.apache.spark.SparkException: Job aborted due to stage failure: Task 0 in stage 0.0 failed 4 times, most recent failure: Lost task 0.3 in stage 0.0 (TID 3) (172.18.0.6 executor 0): org.apache.spark.api.python.PythonException: Traceback (most recent call last):
[2025-08-07T07:46:44.148+0000] {spark_submit.py:521} INFO - File "/opt/bitnami/spark/python/lib/pyspark.zip/pyspark/worker.py", line 1972, in main
[2025-08-07T07:46:44.149+0000] {spark_submit.py:521} INFO - check_python_version(infile)
[2025-08-07T07:46:44.149+0000] {spark_submit.py:521} INFO - File "/opt/bitnami/spark/python/lib/pyspark.zip/pyspark/worker_util.py", line 77, in check_python_version
[2025-08-07T07:46:44.149+0000] {spark_submit.py:521} INFO - raise PySparkRuntimeError(
[2025-08-07T07:46:44.149+0000] {spark_submit.py:521} INFO - pyspark.errors.exceptions.base.PySparkRuntimeError: [PYTHON_VERSION_MISMATCH] Python in worker has different version: 3.12 than that in driver: 3.11, PySpark cannot run with different minor versions.
[2025-08-07T07:46:44.150+0000] {spark_submit.py:521} INFO - Please check environment variables PYSPARK_PYTHON and PYSPARK_DRIVER_PYTHON are correctly set.
[2025-08-07T07:46:44.150+0000] {spark_submit.py:521} INFO - 
[2025-08-07T07:46:44.150+0000] {spark_submit.py:521} INFO - at org.apache.spark.api.python.BasePythonRunner$ReaderIterator.handlePythonException(PythonRunner.scala:581)
[2025-08-07T07:46:44.150+0000] {spark_submit.py:521} INFO - at org.apache.spark.api.python.PythonRunner$$anon$3.read(PythonRunner.scala:940)
[2025-08-07T07:46:44.150+0000] {spark_submit.py:521} INFO - at org.apache.spark.api.python.PythonRunner$$anon$3.read(PythonRunner.scala:925)
[2025-08-07T07:46:44.151+0000] {spark_submit.py:521} INFO - at org.apache.spark.api.python.BasePythonRunner$ReaderIterator.hasNext(PythonRunner.scala:532)
[2025-08-07T07:46:44.151+0000] {spark_submit.py:521} INFO - at org.apache.spark.InterruptibleIterator.hasNext(InterruptibleIterator.scala:37)
[2025-08-07T07:46:44.151+0000] {spark_submit.py:521} INFO - at scala.collection.Iterator$$anon$10.hasNext(Iterator.scala:601)
[2025-08-07T07:46:44.151+0000] {spark_submit.py:521} INFO - at scala.collection.Iterator$$anon$9.hasNext(Iterator.scala:583)
[2025-08-07T07:46:44.152+0000] {spark_submit.py:521} INFO - at scala.collection.Iterator$$anon$9.hasNext(Iterator.scala:583)
[2025-08-07T07:46:44.152+0000] {spark_submit.py:521} INFO - at org.apache.spark.sql.catalyst.expressions.GeneratedClass$GeneratedIteratorForCodegenStage1.processNext(Unknown Source)
[2025-08-07T07:46:44.152+0000] {spark_submit.py:521} INFO - at org.apache.spark.sql.execution.BufferedRowIterator.hasNext(BufferedRowIterator.java:43)
[2025-08-07T07:46:44.152+0000] {spark_submit.py:521} INFO - at org.apache.spark.sql.execution.WholeStageCodegenEvaluatorFactory$WholeStageCodegenPartitionEvaluator$$anon$1.hasNext(WholeStageCodegenEvaluatorFactory.scala:50)
[2025-08-07T07:46:44.152+0000] {spark_submit.py:521} INFO - at org.apache.spark.sql.execution.SparkPlan.$anonfun$getByteArrayRdd$1(SparkPlan.scala:402)
[2025-08-07T07:46:44.153+0000] {spark_submit.py:521} INFO - at org.apache.spark.rdd.RDD.$anonfun$mapPartitionsInternal$2(RDD.scala:901)
[2025-08-07T07:46:44.153+0000] {spark_submit.py:521} INFO - at org.apache.spark.rdd.RDD.$anonfun$mapPartitionsInternal$2$adapted(RDD.scala:901)
[2025-08-07T07:46:44.153+0000] {spark_submit.py:521} INFO - at org.apache.spark.rdd.MapPartitionsRDD.compute(MapPartitionsRDD.scala:52)
[2025-08-07T07:46:44.153+0000] {spark_submit.py:521} INFO - at org.apache.spark.rdd.RDD.computeOrReadCheckpoint(RDD.scala:374)
[2025-08-07T07:46:44.154+0000] {spark_submit.py:521} INFO - at org.apache.spark.rdd.RDD.iterator(RDD.scala:338)
[2025-08-07T07:46:44.154+0000] {spark_submit.py:521} INFO - at org.apache.spark.scheduler.ResultTask.runTask(ResultTask.scala:93)
[2025-08-07T07:46:44.154+0000] {spark_submit.py:521} INFO - at org.apache.spark.TaskContext.runTaskWithListeners(TaskContext.scala:171)
[2025-08-07T07:46:44.154+0000] {spark_submit.py:521} INFO - at org.apache.spark.scheduler.Task.run(Task.scala:147)
[2025-08-07T07:46:44.154+0000] {spark_submit.py:521} INFO - at org.apache.spark.executor.Executor$TaskRunner.$anonfun$run$5(Executor.scala:647)
[2025-08-07T07:46:44.155+0000] {spark_submit.py:521} INFO - at org.apache.spark.util.SparkErrorUtils.tryWithSafeFinally(SparkErrorUtils.scala:80)
[2025-08-07T07:46:44.155+0000] {spark_submit.py:521} INFO - at org.apache.spark.util.SparkErrorUtils.tryWithSafeFinally$(SparkErrorUtils.scala:77)
[2025-08-07T07:46:44.155+0000] {spark_submit.py:521} INFO - at org.apache.spark.util.Utils$.tryWithSafeFinally(Utils.scala:99)
[2025-08-07T07:46:44.155+0000] {spark_submit.py:521} INFO - at org.apache.spark.executor.Executor$TaskRunner.run(Executor.scala:650)
[2025-08-07T07:46:44.156+0000] {spark_submit.py:521} INFO - at java.base/java.util.concurrent.ThreadPoolExecutor.runWorker(Unknown Source)
[2025-08-07T07:46:44.156+0000] {spark_submit.py:521} INFO - at java.base/java.util.concurrent.ThreadPoolExecutor$Worker.run(Unknown Source)
[2025-08-07T07:46:44.156+0000] {spark_submit.py:521} INFO - at java.base/java.lang.Thread.run(Unknown Source)
[2025-08-07T07:46:44.156+0000] {spark_submit.py:521} INFO - 
[2025-08-07T07:46:44.157+0000] {spark_submit.py:521} INFO - Driver stacktrace:
[2025-08-07T07:46:44.157+0000] {spark_submit.py:521} INFO - at org.apache.spark.scheduler.DAGScheduler.$anonfun$abortStage$3(DAGScheduler.scala:2935)
[2025-08-07T07:46:44.157+0000] {spark_submit.py:521} INFO - at scala.Option.getOrElse(Option.scala:201)
[2025-08-07T07:46:44.158+0000] {spark_submit.py:521} INFO - at org.apache.spark.scheduler.DAGScheduler.$anonfun$abortStage$2(DAGScheduler.scala:2935)
[2025-08-07T07:46:44.158+0000] {spark_submit.py:521} INFO - at org.apache.spark.scheduler.DAGScheduler.$anonfun$abortStage$2$adapted(DAGScheduler.scala:2927)
[2025-08-07T07:46:44.158+0000] {spark_submit.py:521} INFO - at scala.collection.immutable.List.foreach(List.scala:334)
[2025-08-07T07:46:44.158+0000] {spark_submit.py:521} INFO - at org.apache.spark.scheduler.DAGScheduler.abortStage(DAGScheduler.scala:2927)
[2025-08-07T07:46:44.159+0000] {spark_submit.py:521} INFO - at org.apache.spark.scheduler.DAGScheduler.$anonfun$handleTaskSetFailed$1(DAGScheduler.scala:1295)
[2025-08-07T07:46:44.159+0000] {spark_submit.py:521} INFO - at org.apache.spark.scheduler.DAGScheduler.$anonfun$handleTaskSetFailed$1$adapted(DAGScheduler.scala:1295)
[2025-08-07T07:46:44.159+0000] {spark_submit.py:521} INFO - at scala.Option.foreach(Option.scala:437)
[2025-08-07T07:46:44.159+0000] {spark_submit.py:521} INFO - at org.apache.spark.scheduler.DAGScheduler.handleTaskSetFailed(DAGScheduler.scala:1295)
[2025-08-07T07:46:44.160+0000] {spark_submit.py:521} INFO - at org.apache.spark.scheduler.DAGSchedulerEventProcessLoop.doOnReceive(DAGScheduler.scala:3207)
[2025-08-07T07:46:44.160+0000] {spark_submit.py:521} INFO - at org.apache.spark.scheduler.DAGSchedulerEventProcessLoop.onReceive(DAGScheduler.scala:3141)
[2025-08-07T07:46:44.160+0000] {spark_submit.py:521} INFO - at org.apache.spark.scheduler.DAGSchedulerEventProcessLoop.onReceive(DAGScheduler.scala:3130)
[2025-08-07T07:46:44.161+0000] {spark_submit.py:521} INFO - at org.apache.spark.util.EventLoop$$anon$1.run(EventLoop.scala:50)
[2025-08-07T07:46:44.161+0000] {spark_submit.py:521} INFO - at org.apache.spark.scheduler.DAGScheduler.runJob(DAGScheduler.scala:1009)
[2025-08-07T07:46:44.161+0000] {spark_submit.py:521} INFO - at org.apache.spark.SparkContext.runJob(SparkContext.scala:2484)
[2025-08-07T07:46:44.162+0000] {spark_submit.py:521} INFO - at org.apache.spark.SparkContext.runJob(SparkContext.scala:2505)
[2025-08-07T07:46:44.162+0000] {spark_submit.py:521} INFO - at org.apache.spark.SparkContext.runJob(SparkContext.scala:2524)
[2025-08-07T07:46:44.162+0000] {spark_submit.py:521} INFO - at org.apache.spark.sql.execution.SparkPlan.executeTake(SparkPlan.scala:544)
[2025-08-07T07:46:44.162+0000] {spark_submit.py:521} INFO - at org.apache.spark.sql.execution.SparkPlan.executeTake(SparkPlan.scala:497)
[2025-08-07T07:46:44.163+0000] {spark_submit.py:521} INFO - at org.apache.spark.sql.execution.CollectLimitExec.executeCollect(limit.scala:58)
[2025-08-07T07:46:44.163+0000] {spark_submit.py:521} INFO - at org.apache.spark.sql.classic.Dataset.collectFromPlan(Dataset.scala:2244)
[2025-08-07T07:46:44.163+0000] {spark_submit.py:521} INFO - at org.apache.spark.sql.classic.Dataset.$anonfun$head$1(Dataset.scala:1379)
[2025-08-07T07:46:44.163+0000] {spark_submit.py:521} INFO - at org.apache.spark.sql.classic.Dataset.$anonfun$withAction$2(Dataset.scala:2234)
[2025-08-07T07:46:44.164+0000] {spark_submit.py:521} INFO - at org.apache.spark.sql.execution.QueryExecution$.withInternalError(QueryExecution.scala:654)
[2025-08-07T07:46:44.164+0000] {spark_submit.py:521} INFO - at org.apache.spark.sql.classic.Dataset.$anonfun$withAction$1(Dataset.scala:2232)
[2025-08-07T07:46:44.164+0000] {spark_submit.py:521} INFO - at org.apache.spark.sql.execution.SQLExecution$.$anonfun$withNewExecutionId0$8(SQLExecution.scala:162)
[2025-08-07T07:46:44.164+0000] {spark_submit.py:521} INFO - at org.apache.spark.sql.execution.SQLExecution$.withSessionTagsApplied(SQLExecution.scala:268)
[2025-08-07T07:46:44.165+0000] {spark_submit.py:521} INFO - at org.apache.spark.sql.execution.SQLExecution$.$anonfun$withNewExecutionId0$7(SQLExecution.scala:124)
[2025-08-07T07:46:44.165+0000] {spark_submit.py:521} INFO - at org.apache.spark.JobArtifactSet$.withActiveJobArtifactState(JobArtifactSet.scala:94)
[2025-08-07T07:46:44.165+0000] {spark_submit.py:521} INFO - at org.apache.spark.sql.artifact.ArtifactManager.$anonfun$withResources$1(ArtifactManager.scala:112)
[2025-08-07T07:46:44.166+0000] {spark_submit.py:521} INFO - at org.apache.spark.sql.artifact.ArtifactManager.withClassLoaderIfNeeded(ArtifactManager.scala:106)
[2025-08-07T07:46:44.166+0000] {spark_submit.py:521} INFO - at org.apache.spark.sql.artifact.ArtifactManager.withResources(ArtifactManager.scala:111)
[2025-08-07T07:46:44.166+0000] {spark_submit.py:521} INFO - at org.apache.spark.sql.execution.SQLExecution$.$anonfun$withNewExecutionId0$6(SQLExecution.scala:124)
[2025-08-07T07:46:44.166+0000] {spark_submit.py:521} INFO - at org.apache.spark.sql.execution.SQLExecution$.withSQLConfPropagated(SQLExecution.scala:291)
[2025-08-07T07:46:44.167+0000] {spark_submit.py:521} INFO - at org.apache.spark.sql.execution.SQLExecution$.$anonfun$withNewExecutionId0$1(SQLExecution.scala:123)
[2025-08-07T07:46:44.167+0000] {spark_submit.py:521} INFO - at org.apache.spark.sql.SparkSession.withActive(SparkSession.scala:804)
[2025-08-07T07:46:44.167+0000] {spark_submit.py:521} INFO - at org.apache.spark.sql.execution.SQLExecution$.withNewExecutionId0(SQLExecution.scala:77)
[2025-08-07T07:46:44.167+0000] {spark_submit.py:521} INFO - at org.apache.spark.sql.execution.SQLExecution$.withNewExecutionId(SQLExecution.scala:233)
[2025-08-07T07:46:44.168+0000] {spark_submit.py:521} INFO - at org.apache.spark.sql.classic.Dataset.withAction(Dataset.scala:2232)
[2025-08-07T07:46:44.168+0000] {spark_submit.py:521} INFO - at org.apache.spark.sql.classic.Dataset.head(Dataset.scala:1379)
[2025-08-07T07:46:44.168+0000] {spark_submit.py:521} INFO - at org.apache.spark.sql.Dataset.take(Dataset.scala:2810)
[2025-08-07T07:46:44.168+0000] {spark_submit.py:521} INFO - at org.apache.spark.sql.classic.Dataset.getRows(Dataset.scala:339)
[2025-08-07T07:46:44.168+0000] {spark_submit.py:521} INFO - at org.apache.spark.sql.classic.Dataset.showString(Dataset.scala:375)
[2025-08-07T07:46:44.169+0000] {spark_submit.py:521} INFO - at java.base/jdk.internal.reflect.NativeMethodAccessorImpl.invoke0(Native Method)
[2025-08-07T07:46:44.169+0000] {spark_submit.py:521} INFO - at java.base/jdk.internal.reflect.NativeMethodAccessorImpl.invoke(NativeMethodAccessorImpl.java:77)
[2025-08-07T07:46:44.169+0000] {spark_submit.py:521} INFO - at java.base/jdk.internal.reflect.DelegatingMethodAccessorImpl.invoke(DelegatingMethodAccessorImpl.java:43)
[2025-08-07T07:46:44.169+0000] {spark_submit.py:521} INFO - at java.base/java.lang.reflect.Method.invoke(Method.java:569)
[2025-08-07T07:46:44.170+0000] {spark_submit.py:521} INFO - at py4j.reflection.MethodInvoker.invoke(MethodInvoker.java:244)
[2025-08-07T07:46:44.170+0000] {spark_submit.py:521} INFO - at py4j.reflection.ReflectionEngine.invoke(ReflectionEngine.java:374)
[2025-08-07T07:46:44.170+0000] {spark_submit.py:521} INFO - at py4j.Gateway.invoke(Gateway.java:282)
[2025-08-07T07:46:44.170+0000] {spark_submit.py:521} INFO - at py4j.commands.AbstractCommand.invokeMethod(AbstractCommand.java:132)
[2025-08-07T07:46:44.170+0000] {spark_submit.py:521} INFO - at py4j.commands.CallCommand.execute(CallCommand.java:79)
[2025-08-07T07:46:44.171+0000] {spark_submit.py:521} INFO - at py4j.ClientServerConnection.waitForCommands(ClientServerConnection.java:184)
[2025-08-07T07:46:44.171+0000] {spark_submit.py:521} INFO - at py4j.ClientServerConnection.run(ClientServerConnection.java:108)
[2025-08-07T07:46:44.171+0000] {spark_submit.py:521} INFO - at java.base/java.lang.Thread.run(Thread.java:840)
[2025-08-07T07:46:44.171+0000] {spark_submit.py:521} INFO - Caused by: org.apache.spark.api.python.PythonException: Traceback (most recent call last):
[2025-08-07T07:46:44.172+0000] {spark_submit.py:521} INFO - File "/opt/bitnami/spark/python/lib/pyspark.zip/pyspark/worker.py", line 1972, in main
[2025-08-07T07:46:44.172+0000] {spark_submit.py:521} INFO - check_python_version(infile)
[2025-08-07T07:46:44.172+0000] {spark_submit.py:521} INFO - File "/opt/bitnami/spark/python/lib/pyspark.zip/pyspark/worker_util.py", line 77, in check_python_version
[2025-08-07T07:46:44.172+0000] {spark_submit.py:521} INFO - raise PySparkRuntimeError(
[2025-08-07T07:46:44.172+0000] {spark_submit.py:521} INFO - pyspark.errors.exceptions.base.PySparkRuntimeError: [PYTHON_VERSION_MISMATCH] Python in worker has different version: 3.12 than that in driver: 3.11, PySpark cannot run with different minor versions.
[2025-08-07T07:46:44.173+0000] {spark_submit.py:521} INFO - Please check environment variables PYSPARK_PYTHON and PYSPARK_DRIVER_PYTHON are correctly set.
[2025-08-07T07:46:44.173+0000] {spark_submit.py:521} INFO - 
[2025-08-07T07:46:44.173+0000] {spark_submit.py:521} INFO - at org.apache.spark.api.python.BasePythonRunner$ReaderIterator.handlePythonException(PythonRunner.scala:581)
[2025-08-07T07:46:44.173+0000] {spark_submit.py:521} INFO - at org.apache.spark.api.python.PythonRunner$$anon$3.read(PythonRunner.scala:940)
[2025-08-07T07:46:44.174+0000] {spark_submit.py:521} INFO - at org.apache.spark.api.python.PythonRunner$$anon$3.read(PythonRunner.scala:925)
[2025-08-07T07:46:44.174+0000] {spark_submit.py:521} INFO - at org.apache.spark.api.python.BasePythonRunner$ReaderIterator.hasNext(PythonRunner.scala:532)
[2025-08-07T07:46:44.174+0000] {spark_submit.py:521} INFO - at org.apache.spark.InterruptibleIterator.hasNext(InterruptibleIterator.scala:37)
[2025-08-07T07:46:44.175+0000] {spark_submit.py:521} INFO - at scala.collection.Iterator$$anon$10.hasNext(Iterator.scala:601)
[2025-08-07T07:46:44.175+0000] {spark_submit.py:521} INFO - at scala.collection.Iterator$$anon$9.hasNext(Iterator.scala:583)
[2025-08-07T07:46:44.175+0000] {spark_submit.py:521} INFO - at scala.collection.Iterator$$anon$9.hasNext(Iterator.scala:583)
[2025-08-07T07:46:44.176+0000] {spark_submit.py:521} INFO - at org.apache.spark.sql.catalyst.expressions.GeneratedClass$GeneratedIteratorForCodegenStage1.processNext(Unknown Source)
[2025-08-07T07:46:44.176+0000] {spark_submit.py:521} INFO - at org.apache.spark.sql.execution.BufferedRowIterator.hasNext(BufferedRowIterator.java:43)
[2025-08-07T07:46:44.176+0000] {spark_submit.py:521} INFO - at org.apache.spark.sql.execution.WholeStageCodegenEvaluatorFactory$WholeStageCodegenPartitionEvaluator$$anon$1.hasNext(WholeStageCodegenEvaluatorFactory.scala:50)
[2025-08-07T07:46:44.176+0000] {spark_submit.py:521} INFO - at org.apache.spark.sql.execution.SparkPlan.$anonfun$getByteArrayRdd$1(SparkPlan.scala:402)
[2025-08-07T07:46:44.176+0000] {spark_submit.py:521} INFO - at org.apache.spark.rdd.RDD.$anonfun$mapPartitionsInternal$2(RDD.scala:901)
[2025-08-07T07:46:44.177+0000] {spark_submit.py:521} INFO - at org.apache.spark.rdd.RDD.$anonfun$mapPartitionsInternal$2$adapted(RDD.scala:901)
[2025-08-07T07:46:44.177+0000] {spark_submit.py:521} INFO - at org.apache.spark.rdd.MapPartitionsRDD.compute(MapPartitionsRDD.scala:52)
[2025-08-07T07:46:44.177+0000] {spark_submit.py:521} INFO - at org.apache.spark.rdd.RDD.computeOrReadCheckpoint(RDD.scala:374)
[2025-08-07T07:46:44.177+0000] {spark_submit.py:521} INFO - at org.apache.spark.rdd.RDD.iterator(RDD.scala:338)
[2025-08-07T07:46:44.178+0000] {spark_submit.py:521} INFO - at org.apache.spark.scheduler.ResultTask.runTask(ResultTask.scala:93)
[2025-08-07T07:46:44.178+0000] {spark_submit.py:521} INFO - at org.apache.spark.TaskContext.runTaskWithListeners(TaskContext.scala:171)
[2025-08-07T07:46:44.178+0000] {spark_submit.py:521} INFO - at org.apache.spark.scheduler.Task.run(Task.scala:147)
[2025-08-07T07:46:44.178+0000] {spark_submit.py:521} INFO - at org.apache.spark.executor.Executor$TaskRunner.$anonfun$run$5(Executor.scala:647)
[2025-08-07T07:46:44.179+0000] {spark_submit.py:521} INFO - at org.apache.spark.util.SparkErrorUtils.tryWithSafeFinally(SparkErrorUtils.scala:80)
[2025-08-07T07:46:44.179+0000] {spark_submit.py:521} INFO - at org.apache.spark.util.SparkErrorUtils.tryWithSafeFinally$(SparkErrorUtils.scala:77)
[2025-08-07T07:46:44.179+0000] {spark_submit.py:521} INFO - at org.apache.spark.util.Utils$.tryWithSafeFinally(Utils.scala:99)
[2025-08-07T07:46:44.179+0000] {spark_submit.py:521} INFO - at org.apache.spark.executor.Executor$TaskRunner.run(Executor.scala:650)
[2025-08-07T07:46:44.179+0000] {spark_submit.py:521} INFO - at java.base/java.util.concurrent.ThreadPoolExecutor.runWorker(Unknown Source)
[2025-08-07T07:46:44.180+0000] {spark_submit.py:521} INFO - at java.base/java.util.concurrent.ThreadPoolExecutor$Worker.run(Unknown Source)
[2025-08-07T07:46:44.180+0000] {spark_submit.py:521} INFO - at java.base/java.lang.Thread.run(Unknown Source)
[2025-08-07T07:46:44.180+0000] {spark_submit.py:521} INFO - 
[2025-08-07T07:46:44.452+0000] {spark_submit.py:521} INFO - 25/08/07 07:46:44 INFO SparkContext: Invoking stop() from shutdown hook
[2025-08-07T07:46:44.454+0000] {spark_submit.py:521} INFO - 25/08/07 07:46:44 INFO SparkContext: SparkContext is stopping with exitCode 0 from run at Executors.java:539.
[2025-08-07T07:46:44.465+0000] {spark_submit.py:521} INFO - 25/08/07 07:46:44 INFO SparkUI: Stopped Spark web UI at http://6f545324c75e:4040
[2025-08-07T07:46:44.468+0000] {spark_submit.py:521} INFO - 25/08/07 07:46:44 INFO StandaloneSchedulerBackend: Shutting down all executors
[2025-08-07T07:46:44.468+0000] {spark_submit.py:521} INFO - 25/08/07 07:46:44 INFO StandaloneSchedulerBackend$StandaloneDriverEndpoint: Asking each executor to shut down
[2025-08-07T07:46:44.494+0000] {spark_submit.py:521} INFO - 25/08/07 07:46:44 INFO MapOutputTrackerMasterEndpoint: MapOutputTrackerMasterEndpoint stopped!
[2025-08-07T07:46:44.550+0000] {spark_submit.py:521} INFO - 25/08/07 07:46:44 INFO MemoryStore: MemoryStore cleared
[2025-08-07T07:46:44.551+0000] {spark_submit.py:521} INFO - 25/08/07 07:46:44 INFO BlockManager: BlockManager stopped
[2025-08-07T07:46:44.560+0000] {spark_submit.py:521} INFO - 25/08/07 07:46:44 INFO BlockManagerMaster: BlockManagerMaster stopped
[2025-08-07T07:46:44.564+0000] {spark_submit.py:521} INFO - 25/08/07 07:46:44 INFO OutputCommitCoordinator$OutputCommitCoordinatorEndpoint: OutputCommitCoordinator stopped!
[2025-08-07T07:46:44.577+0000] {spark_submit.py:521} INFO - 25/08/07 07:46:44 INFO SparkContext: Successfully stopped SparkContext
[2025-08-07T07:46:44.577+0000] {spark_submit.py:521} INFO - 25/08/07 07:46:44 INFO ShutdownHookManager: Shutdown hook called
[2025-08-07T07:46:44.578+0000] {spark_submit.py:521} INFO - 25/08/07 07:46:44 INFO ShutdownHookManager: Deleting directory /opt/***/artifacts/spark-66070ee4-c416-4338-8abc-62592b4ea43d
[2025-08-07T07:46:44.581+0000] {spark_submit.py:521} INFO - 25/08/07 07:46:44 INFO ShutdownHookManager: Deleting directory /tmp/spark-3d7104a9-6f88-4d43-aa80-38288470977f
[2025-08-07T07:46:44.584+0000] {spark_submit.py:521} INFO - 25/08/07 07:46:44 INFO ShutdownHookManager: Deleting directory /tmp/spark-080a74fc-a639-49ea-bfd3-dfa40ab69cef/pyspark-60c209b8-1b07-4889-b560-4198670ba3f9
[2025-08-07T07:46:44.590+0000] {spark_submit.py:521} INFO - 25/08/07 07:46:44 INFO ShutdownHookManager: Deleting directory /tmp/spark-080a74fc-a639-49ea-bfd3-dfa40ab69cef
[2025-08-07T07:46:44.650+0000] {taskinstance.py:441} INFO - ::group::Post task execution logs
[2025-08-07T07:46:44.676+0000] {taskinstance.py:2905} ERROR - Task failed with exception
Traceback (most recent call last):
  File "/home/airflow/.local/lib/python3.11/site-packages/airflow/models/taskinstance.py", line 465, in _execute_task
    result = _execute_callable(context=context, **execute_callable_kwargs)
             ^^^^^^^^^^^^^^^^^^^^^^^^^^^^^^^^^^^^^^^^^^^^^^^^^^^^^^^^^^^^^
  File "/home/airflow/.local/lib/python3.11/site-packages/airflow/models/taskinstance.py", line 432, in _execute_callable
    return execute_callable(context=context, **execute_callable_kwargs)
           ^^^^^^^^^^^^^^^^^^^^^^^^^^^^^^^^^^^^^^^^^^^^^^^^^^^^^^^^^^^^
  File "/home/airflow/.local/lib/python3.11/site-packages/airflow/models/baseoperator.py", line 400, in wrapper
    return func(self, *args, **kwargs)
           ^^^^^^^^^^^^^^^^^^^^^^^^^^^
  File "/home/airflow/.local/lib/python3.11/site-packages/airflow/providers/apache/spark/operators/spark_submit.py", line 156, in execute
    self._hook.submit(self._application)
  File "/home/airflow/.local/lib/python3.11/site-packages/airflow/providers/apache/spark/hooks/spark_submit.py", line 452, in submit
    raise AirflowException(
airflow.exceptions.AirflowException: Cannot execute: spark-submit --master spark://spark-master:7077 --conf spark.hadoop.fs.s3a.endpoint=http://minio:9000 --conf spark.hadoop.fs.s3a.access.key=minioadmin --conf spark.hadoop.fs.s3a.secret.key=****** --conf spark.hadoop.fs.s3a.path.style.access=true --conf spark.hadoop.fs.s3a.impl=org.apache.hadoop.fs.s3a.S3AFileSystem --jars /opt/custom-jars/hadoop-aws-3.3.2.jar,/opt/custom-jars/aws-java-sdk-bundle-1.12.367.jar --name arrow-spark --verbose /opt/spark-jobs/gold_transform.py. Error code is: 1.
[2025-08-07T07:46:44.684+0000] {taskinstance.py:1206} INFO - Marking task as FAILED. dag_id=spark_transform_topcv, task_id=submit_spark_job, run_id=manual__2025-08-07T07:45:56.114305+00:00, execution_date=20250807T074556, start_date=20250807T074558, end_date=20250807T074644
[2025-08-07T07:46:44.705+0000] {standard_task_runner.py:110} ERROR - Failed to execute job 6 for task submit_spark_job (Cannot execute: spark-submit --master spark://spark-master:7077 --conf spark.hadoop.fs.s3a.endpoint=http://minio:9000 --conf spark.hadoop.fs.s3a.access.key=minioadmin --conf spark.hadoop.fs.s3a.secret.key=****** --conf spark.hadoop.fs.s3a.path.style.access=true --conf spark.hadoop.fs.s3a.impl=org.apache.hadoop.fs.s3a.S3AFileSystem --jars /opt/custom-jars/hadoop-aws-3.3.2.jar,/opt/custom-jars/aws-java-sdk-bundle-1.12.367.jar --name arrow-spark --verbose /opt/spark-jobs/gold_transform.py. Error code is: 1.; 175)
[2025-08-07T07:46:44.734+0000] {local_task_job_runner.py:240} INFO - Task exited with return code 1
[2025-08-07T07:46:44.768+0000] {taskinstance.py:3498} INFO - 0 downstream tasks scheduled from follow-on schedule check
[2025-08-07T07:46:44.770+0000] {local_task_job_runner.py:222} INFO - ::endgroup::
