[2025-08-14T14:52:41.422+0000] {local_task_job_runner.py:120} INFO - ::group::Pre task execution logs
[2025-08-14T14:52:41.500+0000] {taskinstance.py:2076} INFO - Dependencies all met for dep_context=non-requeueable deps ti=<TaskInstance: spark_transform_pipeline.silver_topcv_transform manual__2025-08-14T14:52:32.626865+00:00 [queued]>
[2025-08-14T14:52:41.516+0000] {taskinstance.py:2076} INFO - Dependencies all met for dep_context=requeueable deps ti=<TaskInstance: spark_transform_pipeline.silver_topcv_transform manual__2025-08-14T14:52:32.626865+00:00 [queued]>
[2025-08-14T14:52:41.517+0000] {taskinstance.py:2306} INFO - Starting attempt 1 of 1
[2025-08-14T14:52:41.537+0000] {taskinstance.py:2330} INFO - Executing <Task(SparkSubmitOperator): silver_topcv_transform> on 2025-08-14 14:52:32.626865+00:00
[2025-08-14T14:52:41.548+0000] {standard_task_runner.py:63} INFO - Started process 7055 to run task
[2025-08-14T14:52:41.555+0000] {standard_task_runner.py:90} INFO - Running: ['***', 'tasks', 'run', 'spark_transform_pipeline', 'silver_topcv_transform', 'manual__2025-08-14T14:52:32.626865+00:00', '--job-id', '193', '--raw', '--subdir', 'DAGS_FOLDER/etl_jobs_dag.py', '--cfg-path', '/tmp/tmp690ynxrd']
[2025-08-14T14:52:41.558+0000] {standard_task_runner.py:91} INFO - Job 193: Subtask silver_topcv_transform
[2025-08-14T14:52:41.668+0000] {task_command.py:426} INFO - Running <TaskInstance: spark_transform_pipeline.silver_topcv_transform manual__2025-08-14T14:52:32.626865+00:00 [running]> on host 20bdaa41dd93
[2025-08-14T14:52:41.851+0000] {taskinstance.py:2648} INFO - Exporting env vars: AIRFLOW_CTX_DAG_OWNER='***' AIRFLOW_CTX_DAG_ID='spark_transform_pipeline' AIRFLOW_CTX_TASK_ID='silver_topcv_transform' AIRFLOW_CTX_EXECUTION_DATE='2025-08-14T14:52:32.626865+00:00' AIRFLOW_CTX_TRY_NUMBER='1' AIRFLOW_CTX_DAG_RUN_ID='manual__2025-08-14T14:52:32.626865+00:00'
[2025-08-14T14:52:41.854+0000] {taskinstance.py:430} INFO - ::endgroup::
[2025-08-14T14:52:41.900+0000] {base.py:84} INFO - Using connection ID 'spark_default' for task execution.
[2025-08-14T14:52:41.902+0000] {spark_submit.py:351} INFO - Spark-Submit cmd: spark-submit --master spark://spark-master:7077 --conf spark.master=spark://spark-master:7077 --conf spark.driver.extraClassPath=/opt/custom-jars/* --conf spark.executor.extraClassPath=/opt/custom-jars/* --conf spark.hadoop.fs.gs.impl=com.google.cloud.hadoop.fs.gcs.GoogleHadoopFileSystem --conf spark.hadoop.fs.AbstractFileSystem.gs.impl=com.google.cloud.hadoop.fs.gcs.GoogleHadoopFS --conf spark.hadoop.google.cloud.auth.service.account.enable=true --conf spark.hadoop.google.cloud.auth.service.account.json.keyfile=/opt/***/gcp-key.json --jars /opt/custom-jars/gcs-connector-hadoop3-2.2.14-shaded.jar --name arrow-spark --verbose /opt/spark-jobs/load/upload_jobs_to_dwh.py
[2025-08-14T14:52:43.058+0000] {spark_submit.py:521} INFO - WARNING: Using incubator modules: jdk.incubator.vector
[2025-08-14T14:52:44.640+0000] {spark_submit.py:521} INFO - Parsed arguments:
[2025-08-14T14:52:44.640+0000] {spark_submit.py:521} INFO - master                  spark://spark-master:7077
[2025-08-14T14:52:44.641+0000] {spark_submit.py:521} INFO - remote                  null
[2025-08-14T14:52:44.641+0000] {spark_submit.py:521} INFO - deployMode              null
[2025-08-14T14:52:44.642+0000] {spark_submit.py:521} INFO - executorMemory          null
[2025-08-14T14:52:44.642+0000] {spark_submit.py:521} INFO - executorCores           null
[2025-08-14T14:52:44.642+0000] {spark_submit.py:521} INFO - totalExecutorCores      null
[2025-08-14T14:52:44.642+0000] {spark_submit.py:521} INFO - propertiesFile          null
[2025-08-14T14:52:44.643+0000] {spark_submit.py:521} INFO - driverMemory            null
[2025-08-14T14:52:44.643+0000] {spark_submit.py:521} INFO - driverCores             null
[2025-08-14T14:52:44.643+0000] {spark_submit.py:521} INFO - driverExtraClassPath    /opt/custom-jars/*
[2025-08-14T14:52:44.644+0000] {spark_submit.py:521} INFO - driverExtraLibraryPath  null
[2025-08-14T14:52:44.645+0000] {spark_submit.py:521} INFO - driverExtraJavaOptions  null
[2025-08-14T14:52:44.645+0000] {spark_submit.py:521} INFO - supervise               false
[2025-08-14T14:52:44.646+0000] {spark_submit.py:521} INFO - queue                   null
[2025-08-14T14:52:44.646+0000] {spark_submit.py:521} INFO - numExecutors            null
[2025-08-14T14:52:44.647+0000] {spark_submit.py:521} INFO - files                   null
[2025-08-14T14:52:44.647+0000] {spark_submit.py:521} INFO - pyFiles                 null
[2025-08-14T14:52:44.647+0000] {spark_submit.py:521} INFO - archives                null
[2025-08-14T14:52:44.648+0000] {spark_submit.py:521} INFO - mainClass               null
[2025-08-14T14:52:44.648+0000] {spark_submit.py:521} INFO - primaryResource         file:/opt/spark-jobs/load/upload_jobs_to_dwh.py
[2025-08-14T14:52:44.648+0000] {spark_submit.py:521} INFO - name                    arrow-spark
[2025-08-14T14:52:44.649+0000] {spark_submit.py:521} INFO - childArgs               []
[2025-08-14T14:52:44.649+0000] {spark_submit.py:521} INFO - jars                    file:/opt/custom-jars/gcs-connector-hadoop3-2.2.14-shaded.jar
[2025-08-14T14:52:44.650+0000] {spark_submit.py:521} INFO - packages                null
[2025-08-14T14:52:44.650+0000] {spark_submit.py:521} INFO - packagesExclusions      null
[2025-08-14T14:52:44.651+0000] {spark_submit.py:521} INFO - repositories            null
[2025-08-14T14:52:44.651+0000] {spark_submit.py:521} INFO - verbose                 true
[2025-08-14T14:52:44.652+0000] {spark_submit.py:521} INFO - 
[2025-08-14T14:52:44.652+0000] {spark_submit.py:521} INFO - Spark properties used, including those specified through
[2025-08-14T14:52:44.652+0000] {spark_submit.py:521} INFO - --conf and those from the properties file null:
[2025-08-14T14:52:44.652+0000] {spark_submit.py:521} INFO - (spark.driver.extraClassPath,/opt/custom-jars/*)
[2025-08-14T14:52:44.653+0000] {spark_submit.py:521} INFO - (spark.executor.extraClassPath,/opt/custom-jars/*)
[2025-08-14T14:52:44.653+0000] {spark_submit.py:521} INFO - (spark.hadoop.fs.AbstractFileSystem.gs.impl,com.google.cloud.hadoop.fs.gcs.GoogleHadoopFS)
[2025-08-14T14:52:44.653+0000] {spark_submit.py:521} INFO - (spark.hadoop.fs.gs.impl,com.google.cloud.hadoop.fs.gcs.GoogleHadoopFileSystem)
[2025-08-14T14:52:44.654+0000] {spark_submit.py:521} INFO - (spark.hadoop.google.cloud.auth.service.account.enable,true)
[2025-08-14T14:52:44.654+0000] {spark_submit.py:521} INFO - (spark.hadoop.google.cloud.auth.service.account.json.keyfile,/opt/***/gcp-key.json)
[2025-08-14T14:52:44.654+0000] {spark_submit.py:521} INFO - (spark.master,spark://spark-master:7077)
[2025-08-14T14:52:44.655+0000] {spark_submit.py:521} INFO - 
[2025-08-14T14:52:44.655+0000] {spark_submit.py:521} INFO - 
[2025-08-14T14:52:45.105+0000] {spark_submit.py:521} INFO - 25/08/14 14:52:45 WARN NativeCodeLoader: Unable to load native-hadoop library for your platform... using builtin-java classes where applicable
[2025-08-14T14:52:45.895+0000] {spark_submit.py:521} INFO - Main class:
[2025-08-14T14:52:45.896+0000] {spark_submit.py:521} INFO - org.apache.spark.deploy.PythonRunner
[2025-08-14T14:52:45.897+0000] {spark_submit.py:521} INFO - Arguments:
[2025-08-14T14:52:45.897+0000] {spark_submit.py:521} INFO - file:/opt/spark-jobs/load/upload_jobs_to_dwh.py
[2025-08-14T14:52:45.897+0000] {spark_submit.py:521} INFO - null
[2025-08-14T14:52:45.899+0000] {spark_submit.py:521} INFO - Spark config:
[2025-08-14T14:52:45.899+0000] {spark_submit.py:521} INFO - (spark.app.name,arrow-spark)
[2025-08-14T14:52:45.900+0000] {spark_submit.py:521} INFO - (spark.app.submitTime,1755183165865)
[2025-08-14T14:52:45.900+0000] {spark_submit.py:521} INFO - (spark.driver.extraClassPath,/opt/custom-jars/*)
[2025-08-14T14:52:45.900+0000] {spark_submit.py:521} INFO - (spark.executor.extraClassPath,/opt/custom-jars/*)
[2025-08-14T14:52:45.901+0000] {spark_submit.py:521} INFO - (spark.hadoop.fs.AbstractFileSystem.gs.impl,com.google.cloud.hadoop.fs.gcs.GoogleHadoopFS)
[2025-08-14T14:52:45.903+0000] {spark_submit.py:521} INFO - (spark.hadoop.fs.gs.impl,com.google.cloud.hadoop.fs.gcs.GoogleHadoopFileSystem)
[2025-08-14T14:52:45.904+0000] {spark_submit.py:521} INFO - (spark.hadoop.google.cloud.auth.service.account.enable,true)
[2025-08-14T14:52:45.904+0000] {spark_submit.py:521} INFO - (spark.hadoop.google.cloud.auth.service.account.json.keyfile,/opt/***/gcp-key.json)
[2025-08-14T14:52:45.905+0000] {spark_submit.py:521} INFO - (spark.jars,file:///opt/custom-jars/gcs-connector-hadoop3-2.2.14-shaded.jar)
[2025-08-14T14:52:45.905+0000] {spark_submit.py:521} INFO - (spark.master,spark://spark-master:7077)
[2025-08-14T14:52:45.905+0000] {spark_submit.py:521} INFO - (spark.repl.local.jars,file:///opt/custom-jars/gcs-connector-hadoop3-2.2.14-shaded.jar)
[2025-08-14T14:52:45.906+0000] {spark_submit.py:521} INFO - (spark.submit.deployMode,client)
[2025-08-14T14:52:45.906+0000] {spark_submit.py:521} INFO - (spark.submit.pyFiles,)
[2025-08-14T14:52:45.906+0000] {spark_submit.py:521} INFO - Classpath elements:
[2025-08-14T14:52:45.907+0000] {spark_submit.py:521} INFO - file:///opt/custom-jars/gcs-connector-hadoop3-2.2.14-shaded.jar
[2025-08-14T14:52:45.907+0000] {spark_submit.py:521} INFO - 
[2025-08-14T14:52:45.907+0000] {spark_submit.py:521} INFO - 
[2025-08-14T14:52:46.848+0000] {spark_submit.py:521} INFO - Traceback (most recent call last):
[2025-08-14T14:52:46.848+0000] {spark_submit.py:521} INFO - File "/opt/spark-jobs/load/upload_jobs_to_dwh.py", line 2, in <module>
[2025-08-14T14:52:46.850+0000] {spark_submit.py:521} INFO - import duckdb
[2025-08-14T14:52:46.850+0000] {spark_submit.py:521} INFO - ModuleNotFoundError: No module named 'duckdb'
[2025-08-14T14:52:46.909+0000] {spark_submit.py:521} INFO - 25/08/14 14:52:46 INFO ShutdownHookManager: Shutdown hook called
[2025-08-14T14:52:46.910+0000] {spark_submit.py:521} INFO - 25/08/14 14:52:46 INFO ShutdownHookManager: Deleting directory /tmp/spark-6831d5d4-4fe3-4bbc-ac52-f89b3c68101d
[2025-08-14T14:52:46.967+0000] {taskinstance.py:441} INFO - ::group::Post task execution logs
[2025-08-14T14:52:46.985+0000] {taskinstance.py:2905} ERROR - Task failed with exception
Traceback (most recent call last):
  File "/home/airflow/.local/lib/python3.11/site-packages/airflow/models/taskinstance.py", line 465, in _execute_task
    result = _execute_callable(context=context, **execute_callable_kwargs)
             ^^^^^^^^^^^^^^^^^^^^^^^^^^^^^^^^^^^^^^^^^^^^^^^^^^^^^^^^^^^^^
  File "/home/airflow/.local/lib/python3.11/site-packages/airflow/models/taskinstance.py", line 432, in _execute_callable
    return execute_callable(context=context, **execute_callable_kwargs)
           ^^^^^^^^^^^^^^^^^^^^^^^^^^^^^^^^^^^^^^^^^^^^^^^^^^^^^^^^^^^^
  File "/home/airflow/.local/lib/python3.11/site-packages/airflow/models/baseoperator.py", line 400, in wrapper
    return func(self, *args, **kwargs)
           ^^^^^^^^^^^^^^^^^^^^^^^^^^^
  File "/home/airflow/.local/lib/python3.11/site-packages/airflow/providers/apache/spark/operators/spark_submit.py", line 156, in execute
    self._hook.submit(self._application)
  File "/home/airflow/.local/lib/python3.11/site-packages/airflow/providers/apache/spark/hooks/spark_submit.py", line 452, in submit
    raise AirflowException(
airflow.exceptions.AirflowException: Cannot execute: spark-submit --master spark://spark-master:7077 --conf spark.master=spark://spark-master:7077 --conf spark.driver.extraClassPath=/opt/custom-jars/* --conf spark.executor.extraClassPath=/opt/custom-jars/* --conf spark.hadoop.fs.gs.impl=com.google.cloud.hadoop.fs.gcs.GoogleHadoopFileSystem --conf spark.hadoop.fs.AbstractFileSystem.gs.impl=com.google.cloud.hadoop.fs.gcs.GoogleHadoopFS --conf spark.hadoop.google.cloud.auth.service.account.enable=true --conf spark.hadoop.google.cloud.auth.service.account.json.keyfile=/opt/***/gcp-key.json --jars /opt/custom-jars/gcs-connector-hadoop3-2.2.14-shaded.jar --name arrow-spark --verbose /opt/spark-jobs/load/upload_jobs_to_dwh.py. Error code is: 1.
[2025-08-14T14:52:46.993+0000] {taskinstance.py:1206} INFO - Marking task as FAILED. dag_id=spark_transform_pipeline, task_id=silver_topcv_transform, run_id=manual__2025-08-14T14:52:32.626865+00:00, execution_date=20250814T145232, start_date=20250814T145241, end_date=20250814T145246
[2025-08-14T14:52:47.023+0000] {standard_task_runner.py:110} ERROR - Failed to execute job 193 for task silver_topcv_transform (Cannot execute: spark-submit --master spark://spark-master:7077 --conf spark.master=spark://spark-master:7077 --conf spark.driver.extraClassPath=/opt/custom-jars/* --conf spark.executor.extraClassPath=/opt/custom-jars/* --conf spark.hadoop.fs.gs.impl=com.google.cloud.hadoop.fs.gcs.GoogleHadoopFileSystem --conf spark.hadoop.fs.AbstractFileSystem.gs.impl=com.google.cloud.hadoop.fs.gcs.GoogleHadoopFS --conf spark.hadoop.google.cloud.auth.service.account.enable=true --conf spark.hadoop.google.cloud.auth.service.account.json.keyfile=/opt/***/gcp-key.json --jars /opt/custom-jars/gcs-connector-hadoop3-2.2.14-shaded.jar --name arrow-spark --verbose /opt/spark-jobs/load/upload_jobs_to_dwh.py. Error code is: 1.; 7055)
[2025-08-14T14:52:47.048+0000] {local_task_job_runner.py:240} INFO - Task exited with return code 1
[2025-08-14T14:52:47.072+0000] {taskinstance.py:3498} INFO - 0 downstream tasks scheduled from follow-on schedule check
[2025-08-14T14:52:47.074+0000] {local_task_job_runner.py:222} INFO - ::endgroup::
