[2025-08-14T09:02:35.928+0000] {local_task_job_runner.py:120} INFO - ::group::Pre task execution logs
[2025-08-14T09:02:35.974+0000] {taskinstance.py:2076} INFO - Dependencies all met for dep_context=non-requeueable deps ti=<TaskInstance: spark_transform_pipeline.silver_topcv_transform manual__2025-08-14T09:02:31.498373+00:00 [queued]>
[2025-08-14T09:02:35.982+0000] {taskinstance.py:2076} INFO - Dependencies all met for dep_context=requeueable deps ti=<TaskInstance: spark_transform_pipeline.silver_topcv_transform manual__2025-08-14T09:02:31.498373+00:00 [queued]>
[2025-08-14T09:02:35.983+0000] {taskinstance.py:2306} INFO - Starting attempt 1 of 1
[2025-08-14T09:02:36.013+0000] {taskinstance.py:2330} INFO - Executing <Task(SparkSubmitOperator): silver_topcv_transform> on 2025-08-14 09:02:31.498373+00:00
[2025-08-14T09:02:36.029+0000] {standard_task_runner.py:63} INFO - Started process 3378 to run task
[2025-08-14T09:02:36.034+0000] {standard_task_runner.py:90} INFO - Running: ['***', 'tasks', 'run', 'spark_transform_pipeline', 'silver_topcv_transform', 'manual__2025-08-14T09:02:31.498373+00:00', '--job-id', '185', '--raw', '--subdir', 'DAGS_FOLDER/etl_jobs_dag.py', '--cfg-path', '/tmp/tmpyr7_ws9g']
[2025-08-14T09:02:36.043+0000] {standard_task_runner.py:91} INFO - Job 185: Subtask silver_topcv_transform
[2025-08-14T09:02:36.154+0000] {task_command.py:426} INFO - Running <TaskInstance: spark_transform_pipeline.silver_topcv_transform manual__2025-08-14T09:02:31.498373+00:00 [running]> on host 20bdaa41dd93
[2025-08-14T09:02:36.310+0000] {taskinstance.py:2648} INFO - Exporting env vars: AIRFLOW_CTX_DAG_OWNER='***' AIRFLOW_CTX_DAG_ID='spark_transform_pipeline' AIRFLOW_CTX_TASK_ID='silver_topcv_transform' AIRFLOW_CTX_EXECUTION_DATE='2025-08-14T09:02:31.498373+00:00' AIRFLOW_CTX_TRY_NUMBER='1' AIRFLOW_CTX_DAG_RUN_ID='manual__2025-08-14T09:02:31.498373+00:00'
[2025-08-14T09:02:36.311+0000] {taskinstance.py:430} INFO - ::endgroup::
[2025-08-14T09:02:36.353+0000] {base.py:84} INFO - Using connection ID 'spark_default' for task execution.
[2025-08-14T09:02:36.355+0000] {spark_submit.py:351} INFO - Spark-Submit cmd: spark-submit --master spark://spark-master:7077 --conf spark.master=spark://spark-master:7077 --conf spark.driver.extraClassPath=/opt/custom-jars/* --conf spark.executor.extraClassPath=/opt/custom-jars/* --conf spark.hadoop.fs.gs.impl=com.google.cloud.hadoop.fs.gcs.GoogleHadoopFileSystem --conf spark.hadoop.fs.AbstractFileSystem.gs.impl=com.google.cloud.hadoop.fs.gcs.GoogleHadoopFS --conf spark.hadoop.google.cloud.auth.service.account.enable=true --conf spark.hadoop.google.cloud.auth.service.account.json.keyfile=/opt/***/gcp-key.json --jars /opt/custom-jars/spark-bigquery-with-dependencies_2.13-0.42.4.jar,/opt/custom-jars/gcs-connector-hadoop3-2.2.14-shaded.jar --name arrow-spark --verbose /opt/spark-jobs/load/upload_jobs_to_dwh.py
[2025-08-14T09:02:37.597+0000] {spark_submit.py:521} INFO - WARNING: Using incubator modules: jdk.incubator.vector
[2025-08-14T09:02:38.969+0000] {spark_submit.py:521} INFO - Parsed arguments:
[2025-08-14T09:02:38.970+0000] {spark_submit.py:521} INFO - master                  spark://spark-master:7077
[2025-08-14T09:02:38.970+0000] {spark_submit.py:521} INFO - remote                  null
[2025-08-14T09:02:38.971+0000] {spark_submit.py:521} INFO - deployMode              null
[2025-08-14T09:02:38.971+0000] {spark_submit.py:521} INFO - executorMemory          null
[2025-08-14T09:02:38.971+0000] {spark_submit.py:521} INFO - executorCores           null
[2025-08-14T09:02:38.972+0000] {spark_submit.py:521} INFO - totalExecutorCores      null
[2025-08-14T09:02:38.972+0000] {spark_submit.py:521} INFO - propertiesFile          null
[2025-08-14T09:02:38.972+0000] {spark_submit.py:521} INFO - driverMemory            null
[2025-08-14T09:02:38.972+0000] {spark_submit.py:521} INFO - driverCores             null
[2025-08-14T09:02:38.973+0000] {spark_submit.py:521} INFO - driverExtraClassPath    /opt/custom-jars/*
[2025-08-14T09:02:38.973+0000] {spark_submit.py:521} INFO - driverExtraLibraryPath  null
[2025-08-14T09:02:38.973+0000] {spark_submit.py:521} INFO - driverExtraJavaOptions  null
[2025-08-14T09:02:38.973+0000] {spark_submit.py:521} INFO - supervise               false
[2025-08-14T09:02:38.974+0000] {spark_submit.py:521} INFO - queue                   null
[2025-08-14T09:02:38.974+0000] {spark_submit.py:521} INFO - numExecutors            null
[2025-08-14T09:02:38.974+0000] {spark_submit.py:521} INFO - files                   null
[2025-08-14T09:02:38.974+0000] {spark_submit.py:521} INFO - pyFiles                 null
[2025-08-14T09:02:38.975+0000] {spark_submit.py:521} INFO - archives                null
[2025-08-14T09:02:38.975+0000] {spark_submit.py:521} INFO - mainClass               null
[2025-08-14T09:02:38.975+0000] {spark_submit.py:521} INFO - primaryResource         file:/opt/spark-jobs/load/upload_jobs_to_dwh.py
[2025-08-14T09:02:38.975+0000] {spark_submit.py:521} INFO - name                    arrow-spark
[2025-08-14T09:02:38.976+0000] {spark_submit.py:521} INFO - childArgs               []
[2025-08-14T09:02:38.976+0000] {spark_submit.py:521} INFO - jars                    file:/opt/custom-jars/spark-bigquery-with-dependencies_2.13-0.42.4.jar,file:/opt/custom-jars/gcs-connector-hadoop3-2.2.14-shaded.jar
[2025-08-14T09:02:38.976+0000] {spark_submit.py:521} INFO - packages                null
[2025-08-14T09:02:38.976+0000] {spark_submit.py:521} INFO - packagesExclusions      null
[2025-08-14T09:02:38.977+0000] {spark_submit.py:521} INFO - repositories            null
[2025-08-14T09:02:38.977+0000] {spark_submit.py:521} INFO - verbose                 true
[2025-08-14T09:02:38.977+0000] {spark_submit.py:521} INFO - 
[2025-08-14T09:02:38.978+0000] {spark_submit.py:521} INFO - Spark properties used, including those specified through
[2025-08-14T09:02:38.978+0000] {spark_submit.py:521} INFO - --conf and those from the properties file null:
[2025-08-14T09:02:38.978+0000] {spark_submit.py:521} INFO - (spark.driver.extraClassPath,/opt/custom-jars/*)
[2025-08-14T09:02:38.978+0000] {spark_submit.py:521} INFO - (spark.executor.extraClassPath,/opt/custom-jars/*)
[2025-08-14T09:02:38.979+0000] {spark_submit.py:521} INFO - (spark.hadoop.fs.AbstractFileSystem.gs.impl,com.google.cloud.hadoop.fs.gcs.GoogleHadoopFS)
[2025-08-14T09:02:38.979+0000] {spark_submit.py:521} INFO - (spark.hadoop.fs.gs.impl,com.google.cloud.hadoop.fs.gcs.GoogleHadoopFileSystem)
[2025-08-14T09:02:38.979+0000] {spark_submit.py:521} INFO - (spark.hadoop.google.cloud.auth.service.account.enable,true)
[2025-08-14T09:02:38.980+0000] {spark_submit.py:521} INFO - (spark.hadoop.google.cloud.auth.service.account.json.keyfile,/opt/***/gcp-key.json)
[2025-08-14T09:02:38.980+0000] {spark_submit.py:521} INFO - (spark.master,spark://spark-master:7077)
[2025-08-14T09:02:38.980+0000] {spark_submit.py:521} INFO - 
[2025-08-14T09:02:38.980+0000] {spark_submit.py:521} INFO - 
[2025-08-14T09:02:39.285+0000] {spark_submit.py:521} INFO - 25/08/14 09:02:39 WARN NativeCodeLoader: Unable to load native-hadoop library for your platform... using builtin-java classes where applicable
[2025-08-14T09:02:39.792+0000] {spark_submit.py:521} INFO - Main class:
[2025-08-14T09:02:39.793+0000] {spark_submit.py:521} INFO - org.apache.spark.deploy.PythonRunner
[2025-08-14T09:02:39.793+0000] {spark_submit.py:521} INFO - Arguments:
[2025-08-14T09:02:39.794+0000] {spark_submit.py:521} INFO - file:/opt/spark-jobs/load/upload_jobs_to_dwh.py
[2025-08-14T09:02:39.794+0000] {spark_submit.py:521} INFO - null
[2025-08-14T09:02:39.795+0000] {spark_submit.py:521} INFO - Spark config:
[2025-08-14T09:02:39.795+0000] {spark_submit.py:521} INFO - (spark.app.name,arrow-spark)
[2025-08-14T09:02:39.795+0000] {spark_submit.py:521} INFO - (spark.app.submitTime,1755162159768)
[2025-08-14T09:02:39.796+0000] {spark_submit.py:521} INFO - (spark.driver.extraClassPath,/opt/custom-jars/*)
[2025-08-14T09:02:39.796+0000] {spark_submit.py:521} INFO - (spark.executor.extraClassPath,/opt/custom-jars/*)
[2025-08-14T09:02:39.796+0000] {spark_submit.py:521} INFO - (spark.hadoop.fs.AbstractFileSystem.gs.impl,com.google.cloud.hadoop.fs.gcs.GoogleHadoopFS)
[2025-08-14T09:02:39.796+0000] {spark_submit.py:521} INFO - (spark.hadoop.fs.gs.impl,com.google.cloud.hadoop.fs.gcs.GoogleHadoopFileSystem)
[2025-08-14T09:02:39.797+0000] {spark_submit.py:521} INFO - (spark.hadoop.google.cloud.auth.service.account.enable,true)
[2025-08-14T09:02:39.797+0000] {spark_submit.py:521} INFO - (spark.hadoop.google.cloud.auth.service.account.json.keyfile,/opt/***/gcp-key.json)
[2025-08-14T09:02:39.797+0000] {spark_submit.py:521} INFO - (spark.jars,file:///opt/custom-jars/spark-bigquery-with-dependencies_2.13-0.42.4.jar,file:///opt/custom-jars/gcs-connector-hadoop3-2.2.14-shaded.jar)
[2025-08-14T09:02:39.797+0000] {spark_submit.py:521} INFO - (spark.master,spark://spark-master:7077)
[2025-08-14T09:02:39.798+0000] {spark_submit.py:521} INFO - (spark.repl.local.jars,file:///opt/custom-jars/spark-bigquery-with-dependencies_2.13-0.42.4.jar,file:///opt/custom-jars/gcs-connector-hadoop3-2.2.14-shaded.jar)
[2025-08-14T09:02:39.798+0000] {spark_submit.py:521} INFO - (spark.submit.deployMode,client)
[2025-08-14T09:02:39.798+0000] {spark_submit.py:521} INFO - (spark.submit.pyFiles,)
[2025-08-14T09:02:39.798+0000] {spark_submit.py:521} INFO - Classpath elements:
[2025-08-14T09:02:39.799+0000] {spark_submit.py:521} INFO - file:///opt/custom-jars/spark-bigquery-with-dependencies_2.13-0.42.4.jar
[2025-08-14T09:02:39.799+0000] {spark_submit.py:521} INFO - file:///opt/custom-jars/gcs-connector-hadoop3-2.2.14-shaded.jar
[2025-08-14T09:02:39.799+0000] {spark_submit.py:521} INFO - 
[2025-08-14T09:02:39.800+0000] {spark_submit.py:521} INFO - 
[2025-08-14T09:02:40.896+0000] {spark_submit.py:521} INFO - Using Spark's default log4j profile: org/apache/spark/log4j2-defaults.properties
[2025-08-14T09:02:40.902+0000] {spark_submit.py:521} INFO - 25/08/14 09:02:40 INFO SparkContext: Running Spark version 4.0.0
[2025-08-14T09:02:40.905+0000] {spark_submit.py:521} INFO - 25/08/14 09:02:40 INFO SparkContext: OS info Linux, 5.15.167.4-microsoft-standard-WSL2, amd64
[2025-08-14T09:02:40.906+0000] {spark_submit.py:521} INFO - 25/08/14 09:02:40 INFO SparkContext: Java version 17.0.16
[2025-08-14T09:02:40.932+0000] {spark_submit.py:521} INFO - 25/08/14 09:02:40 INFO ResourceUtils: ==============================================================
[2025-08-14T09:02:40.932+0000] {spark_submit.py:521} INFO - 25/08/14 09:02:40 INFO ResourceUtils: No custom resources configured for spark.driver.
[2025-08-14T09:02:40.933+0000] {spark_submit.py:521} INFO - 25/08/14 09:02:40 INFO ResourceUtils: ==============================================================
[2025-08-14T09:02:40.933+0000] {spark_submit.py:521} INFO - 25/08/14 09:02:40 INFO SparkContext: Submitted application: load_to_bq_connector
[2025-08-14T09:02:40.963+0000] {spark_submit.py:521} INFO - 25/08/14 09:02:40 INFO ResourceProfile: Default ResourceProfile created, executor resources: Map(memory -> name: memory, amount: 1024, script: , vendor: , offHeap -> name: offHeap, amount: 0, script: , vendor: ), task resources: Map(cpus -> name: cpus, amount: 1.0)
[2025-08-14T09:02:40.965+0000] {spark_submit.py:521} INFO - 25/08/14 09:02:40 INFO ResourceProfile: Limiting resource is cpu
[2025-08-14T09:02:40.966+0000] {spark_submit.py:521} INFO - 25/08/14 09:02:40 INFO ResourceProfileManager: Added ResourceProfile id: 0
[2025-08-14T09:02:41.020+0000] {spark_submit.py:521} INFO - 25/08/14 09:02:41 INFO SecurityManager: Changing view acls to: ***
[2025-08-14T09:02:41.021+0000] {spark_submit.py:521} INFO - 25/08/14 09:02:41 INFO SecurityManager: Changing modify acls to: ***
[2025-08-14T09:02:41.021+0000] {spark_submit.py:521} INFO - 25/08/14 09:02:41 INFO SecurityManager: Changing view acls groups to: ***
[2025-08-14T09:02:41.022+0000] {spark_submit.py:521} INFO - 25/08/14 09:02:41 INFO SecurityManager: Changing modify acls groups to: ***
[2025-08-14T09:02:41.024+0000] {spark_submit.py:521} INFO - 25/08/14 09:02:41 INFO SecurityManager: SecurityManager: authentication disabled; ui acls disabled; users with view permissions: *** groups with view permissions: EMPTY; users with modify permissions: ***; groups with modify permissions: EMPTY; RPC SSL disabled
[2025-08-14T09:02:41.274+0000] {spark_submit.py:521} INFO - 25/08/14 09:02:41 INFO Utils: Successfully started service 'sparkDriver' on port 39915.
[2025-08-14T09:02:41.315+0000] {spark_submit.py:521} INFO - 25/08/14 09:02:41 INFO SparkEnv: Registering MapOutputTracker
[2025-08-14T09:02:41.332+0000] {spark_submit.py:521} INFO - 25/08/14 09:02:41 INFO SparkEnv: Registering BlockManagerMaster
[2025-08-14T09:02:41.349+0000] {spark_submit.py:521} INFO - 25/08/14 09:02:41 INFO BlockManagerMasterEndpoint: Using org.apache.spark.storage.DefaultTopologyMapper for getting topology information
[2025-08-14T09:02:41.349+0000] {spark_submit.py:521} INFO - 25/08/14 09:02:41 INFO BlockManagerMasterEndpoint: BlockManagerMasterEndpoint up
[2025-08-14T09:02:41.352+0000] {spark_submit.py:521} INFO - 25/08/14 09:02:41 INFO SparkEnv: Registering BlockManagerMasterHeartbeat
[2025-08-14T09:02:41.376+0000] {spark_submit.py:521} INFO - 25/08/14 09:02:41 INFO DiskBlockManager: Created local directory at /tmp/blockmgr-eabc800d-6010-4a30-8e3f-fafec0ba50ab
[2025-08-14T09:02:41.398+0000] {spark_submit.py:521} INFO - 25/08/14 09:02:41 INFO SparkEnv: Registering OutputCommitCoordinator
[2025-08-14T09:02:41.528+0000] {spark_submit.py:521} INFO - 25/08/14 09:02:41 INFO JettyUtils: Start Jetty 0.0.0.0:4040 for SparkUI
[2025-08-14T09:02:41.598+0000] {spark_submit.py:521} INFO - 25/08/14 09:02:41 INFO Utils: Successfully started service 'SparkUI' on port 4040.
[2025-08-14T09:02:41.634+0000] {spark_submit.py:521} INFO - 25/08/14 09:02:41 INFO SparkContext: Added JAR file:///opt/custom-jars/spark-bigquery-with-dependencies_2.13-0.42.4.jar at spark://20bdaa41dd93:39915/jars/spark-bigquery-with-dependencies_2.13-0.42.4.jar with timestamp 1755162160891
[2025-08-14T09:02:41.635+0000] {spark_submit.py:521} INFO - 25/08/14 09:02:41 INFO SparkContext: Added JAR file:///opt/custom-jars/gcs-connector-hadoop3-2.2.14-shaded.jar at spark://20bdaa41dd93:39915/jars/gcs-connector-hadoop3-2.2.14-shaded.jar with timestamp 1755162160891
[2025-08-14T09:02:41.657+0000] {spark_submit.py:521} INFO - 25/08/14 09:02:41 INFO SecurityManager: Changing view acls to: ***
[2025-08-14T09:02:41.657+0000] {spark_submit.py:521} INFO - 25/08/14 09:02:41 INFO SecurityManager: Changing modify acls to: ***
[2025-08-14T09:02:41.658+0000] {spark_submit.py:521} INFO - 25/08/14 09:02:41 INFO SecurityManager: Changing view acls groups to: ***
[2025-08-14T09:02:41.658+0000] {spark_submit.py:521} INFO - 25/08/14 09:02:41 INFO SecurityManager: Changing modify acls groups to: ***
[2025-08-14T09:02:41.658+0000] {spark_submit.py:521} INFO - 25/08/14 09:02:41 INFO SecurityManager: SecurityManager: authentication disabled; ui acls disabled; users with view permissions: *** groups with view permissions: EMPTY; users with modify permissions: ***; groups with modify permissions: EMPTY; RPC SSL disabled
[2025-08-14T09:02:41.815+0000] {spark_submit.py:521} INFO - 25/08/14 09:02:41 INFO StandaloneAppClient$ClientEndpoint: Connecting to master spark://spark-master:7077...
[2025-08-14T09:02:41.866+0000] {spark_submit.py:521} INFO - 25/08/14 09:02:41 INFO TransportClientFactory: Successfully created connection to spark-master/172.18.0.4:7077 after 25 ms (0 ms spent in bootstraps)
[2025-08-14T09:02:42.125+0000] {spark_submit.py:521} INFO - 25/08/14 09:02:42 INFO StandaloneSchedulerBackend: Connected to Spark cluster with app ID app-20250814090242-0009
[2025-08-14T09:02:42.135+0000] {spark_submit.py:521} INFO - 25/08/14 09:02:42 INFO Utils: Successfully started service 'org.apache.spark.network.netty.NettyBlockTransferService' on port 42143.
[2025-08-14T09:02:42.136+0000] {spark_submit.py:521} INFO - 25/08/14 09:02:42 INFO NettyBlockTransferService: Server created on 20bdaa41dd93:42143
[2025-08-14T09:02:42.138+0000] {spark_submit.py:521} INFO - 25/08/14 09:02:42 INFO BlockManager: Using org.apache.spark.storage.RandomBlockReplicationPolicy for block replication policy
[2025-08-14T09:02:42.151+0000] {spark_submit.py:521} INFO - 25/08/14 09:02:42 INFO StandaloneAppClient$ClientEndpoint: Executor added: app-20250814090242-0009/0 on worker-20250814083233-172.18.0.5-37435 (172.18.0.5:37435) with 2 core(s)
[2025-08-14T09:02:42.153+0000] {spark_submit.py:521} INFO - 25/08/14 09:02:42 INFO BlockManagerMaster: Registering BlockManager BlockManagerId(driver, 20bdaa41dd93, 42143, None)
[2025-08-14T09:02:42.154+0000] {spark_submit.py:521} INFO - 25/08/14 09:02:42 INFO StandaloneSchedulerBackend: Granted executor ID app-20250814090242-0009/0 on hostPort 172.18.0.5:37435 with 2 core(s), 1024.0 MiB RAM
[2025-08-14T09:02:42.159+0000] {spark_submit.py:521} INFO - 25/08/14 09:02:42 INFO BlockManagerMasterEndpoint: Registering block manager 20bdaa41dd93:42143 with 434.4 MiB RAM, BlockManagerId(driver, 20bdaa41dd93, 42143, None)
[2025-08-14T09:02:42.161+0000] {spark_submit.py:521} INFO - 25/08/14 09:02:42 INFO BlockManagerMaster: Registered BlockManager BlockManagerId(driver, 20bdaa41dd93, 42143, None)
[2025-08-14T09:02:42.162+0000] {spark_submit.py:521} INFO - 25/08/14 09:02:42 INFO BlockManager: Initialized BlockManager: BlockManagerId(driver, 20bdaa41dd93, 42143, None)
[2025-08-14T09:02:42.305+0000] {spark_submit.py:521} INFO - 25/08/14 09:02:42 INFO StandaloneSchedulerBackend: SchedulerBackend is ready for scheduling beginning after reached minRegisteredResourcesRatio: 0.0
[2025-08-14T09:02:42.813+0000] {spark_submit.py:521} INFO - 25/08/14 09:02:42 INFO StandaloneAppClient$ClientEndpoint: Executor updated: app-20250814090242-0009/0 is now RUNNING
[2025-08-14T09:02:47.287+0000] {spark_submit.py:521} INFO - 25/08/14 09:02:47 INFO SharedState: Setting hive.metastore.warehouse.dir ('null') to the value of spark.sql.warehouse.dir.
[2025-08-14T09:02:47.289+0000] {spark_submit.py:521} INFO - 25/08/14 09:02:47 INFO SharedState: Warehouse path is 'file:/opt/***/spark-warehouse'.
[2025-08-14T09:02:49.995+0000] {spark_submit.py:521} INFO - 25/08/14 09:02:49 INFO StandaloneSchedulerBackend$StandaloneDriverEndpoint: Registered executor NettyRpcEndpointRef(spark-client://Executor) (172.18.0.5:42698) with ID 0, ResourceProfileId 0
[2025-08-14T09:02:50.225+0000] {spark_submit.py:521} INFO - 25/08/14 09:02:50 INFO BlockManagerMasterEndpoint: Registering block manager 172.18.0.5:41895 with 434.4 MiB RAM, BlockManagerId(0, 172.18.0.5, 41895, None)
[2025-08-14T09:02:51.406+0000] {spark_submit.py:521} INFO - 25/08/14 09:02:51 INFO InMemoryFileIndex: It took 214 ms to list leaf files for 1 paths.
[2025-08-14T09:02:52.126+0000] {spark_submit.py:521} INFO - 25/08/14 09:02:52 INFO SparkContext: Starting job: parquet at NativeMethodAccessorImpl.java:0
[2025-08-14T09:02:52.188+0000] {spark_submit.py:521} INFO - 25/08/14 09:02:52 INFO DAGScheduler: Got job 0 (parquet at NativeMethodAccessorImpl.java:0) with 1 output partitions
[2025-08-14T09:02:52.196+0000] {spark_submit.py:521} INFO - 25/08/14 09:02:52 INFO DAGScheduler: Final stage: ResultStage 0 (parquet at NativeMethodAccessorImpl.java:0)
[2025-08-14T09:02:52.202+0000] {spark_submit.py:521} INFO - 25/08/14 09:02:52 INFO DAGScheduler: Parents of final stage: List()
[2025-08-14T09:02:52.210+0000] {spark_submit.py:521} INFO - 25/08/14 09:02:52 INFO DAGScheduler: Missing parents: List()
[2025-08-14T09:02:52.218+0000] {spark_submit.py:521} INFO - 25/08/14 09:02:52 INFO DAGScheduler: Submitting ResultStage 0 (MapPartitionsRDD[1] at parquet at NativeMethodAccessorImpl.java:0), which has no missing parents
[2025-08-14T09:02:52.469+0000] {spark_submit.py:521} INFO - 25/08/14 09:02:52 INFO MemoryStore: MemoryStore started with capacity 434.4 MiB
[2025-08-14T09:02:52.515+0000] {spark_submit.py:521} INFO - 25/08/14 09:02:52 INFO MemoryStore: Block broadcast_0 stored as values in memory (estimated size 116.2 KiB, free 434.3 MiB)
[2025-08-14T09:02:52.629+0000] {spark_submit.py:521} INFO - 25/08/14 09:02:52 INFO MemoryStore: Block broadcast_0_piece0 stored as bytes in memory (estimated size 41.9 KiB, free 434.2 MiB)
[2025-08-14T09:02:52.642+0000] {spark_submit.py:521} INFO - 25/08/14 09:02:52 INFO SparkContext: Created broadcast 0 from broadcast at DAGScheduler.scala:1676
[2025-08-14T09:02:52.664+0000] {spark_submit.py:521} INFO - 25/08/14 09:02:52 INFO DAGScheduler: Submitting 1 missing tasks from ResultStage 0 (MapPartitionsRDD[1] at parquet at NativeMethodAccessorImpl.java:0) (first 15 tasks are for partitions Vector(0))
[2025-08-14T09:02:52.677+0000] {spark_submit.py:521} INFO - 25/08/14 09:02:52 INFO TaskSchedulerImpl: Adding task set 0.0 with 1 tasks resource profile 0
[2025-08-14T09:02:55.745+0000] {spark_submit.py:521} INFO - 25/08/14 09:02:55 INFO TaskSetManager: Starting task 0.0 in stage 0.0 (TID 0) (172.18.0.5,executor 0, partition 0, PROCESS_LOCAL, 10348 bytes)
[2025-08-14T09:03:01.860+0000] {spark_submit.py:521} INFO - 25/08/14 09:03:01 INFO TaskSetManager: Finished task 0.0 in stage 0.0 (TID 0) in 6126 ms on 172.18.0.5 (executor 0) (1/1)
[2025-08-14T09:03:01.862+0000] {spark_submit.py:521} INFO - 25/08/14 09:03:01 INFO TaskSchedulerImpl: Removed TaskSet 0.0 whose tasks have all completed, from pool
[2025-08-14T09:03:01.866+0000] {spark_submit.py:521} INFO - 25/08/14 09:03:01 INFO DAGScheduler: ResultStage 0 (parquet at NativeMethodAccessorImpl.java:0) finished in 9508 ms
[2025-08-14T09:03:01.869+0000] {spark_submit.py:521} INFO - 25/08/14 09:03:01 INFO DAGScheduler: Job 0 is finished. Cancelling potential speculative or zombie tasks for this job
[2025-08-14T09:03:01.870+0000] {spark_submit.py:521} INFO - 25/08/14 09:03:01 INFO TaskSchedulerImpl: Canceling stage 0
[2025-08-14T09:03:01.871+0000] {spark_submit.py:521} INFO - 25/08/14 09:03:01 INFO TaskSchedulerImpl: Killing all running tasks in stage 0: Stage finished
[2025-08-14T09:03:01.874+0000] {spark_submit.py:521} INFO - 25/08/14 09:03:01 INFO DAGScheduler: Job 0 finished: parquet at NativeMethodAccessorImpl.java:0, took 9747.870317 ms
[2025-08-14T09:03:02.804+0000] {spark_submit.py:521} INFO - Traceback (most recent call last):
[2025-08-14T09:03:02.806+0000] {spark_submit.py:521} INFO - File "/opt/spark-jobs/load/upload_jobs_to_dwh.py", line 29, in <module>
[2025-08-14T09:03:02.807+0000] {spark_submit.py:521} INFO - .save()
[2025-08-14T09:03:02.807+0000] {spark_submit.py:521} INFO - ^^^^^^
[2025-08-14T09:03:02.808+0000] {spark_submit.py:521} INFO - File "/home/***/.local/lib/python3.11/site-packages/pyspark/python/lib/pyspark.zip/pyspark/sql/readwriter.py", line 1743, in save
[2025-08-14T09:03:02.809+0000] {spark_submit.py:521} INFO - File "/home/***/.local/lib/python3.11/site-packages/pyspark/python/lib/py4j-0.10.9.9-src.zip/py4j/java_gateway.py", line 1362, in __call__
[2025-08-14T09:03:02.809+0000] {spark_submit.py:521} INFO - File "/home/***/.local/lib/python3.11/site-packages/pyspark/python/lib/pyspark.zip/pyspark/errors/exceptions/captured.py", line 282, in deco
[2025-08-14T09:03:02.810+0000] {spark_submit.py:521} INFO - File "/home/***/.local/lib/python3.11/site-packages/pyspark/python/lib/py4j-0.10.9.9-src.zip/py4j/protocol.py", line 327, in get_return_value
[2025-08-14T09:03:02.811+0000] {spark_submit.py:521} INFO - py4j.protocol.Py4JJavaError: An error occurred while calling o42.save.
[2025-08-14T09:03:02.812+0000] {spark_submit.py:521} INFO - : java.lang.NoClassDefFoundError: javax/inject/Provider
[2025-08-14T09:03:02.812+0000] {spark_submit.py:521} INFO - at java.base/java.lang.ClassLoader.defineClass1(Native Method)
[2025-08-14T09:03:02.812+0000] {spark_submit.py:521} INFO - at java.base/java.lang.ClassLoader.defineClass(ClassLoader.java:1017)
[2025-08-14T09:03:02.812+0000] {spark_submit.py:521} INFO - at java.base/java.security.SecureClassLoader.defineClass(SecureClassLoader.java:150)
[2025-08-14T09:03:02.812+0000] {spark_submit.py:521} INFO - at java.base/jdk.internal.loader.BuiltinClassLoader.defineClass(BuiltinClassLoader.java:862)
[2025-08-14T09:03:02.812+0000] {spark_submit.py:521} INFO - at java.base/jdk.internal.loader.BuiltinClassLoader.findClassOnClassPathOrNull(BuiltinClassLoader.java:760)
[2025-08-14T09:03:02.813+0000] {spark_submit.py:521} INFO - at java.base/jdk.internal.loader.BuiltinClassLoader.loadClassOrNull(BuiltinClassLoader.java:681)
[2025-08-14T09:03:02.813+0000] {spark_submit.py:521} INFO - at java.base/jdk.internal.loader.BuiltinClassLoader.loadClass(BuiltinClassLoader.java:639)
[2025-08-14T09:03:02.813+0000] {spark_submit.py:521} INFO - at java.base/jdk.internal.loader.ClassLoaders$AppClassLoader.loadClass(ClassLoaders.java:188)
[2025-08-14T09:03:02.813+0000] {spark_submit.py:521} INFO - at java.base/java.lang.ClassLoader.loadClass(ClassLoader.java:525)
[2025-08-14T09:03:02.813+0000] {spark_submit.py:521} INFO - at com.google.cloud.spark.bigquery.repackaged.com.google.inject.Scopes.<clinit>(Scopes.java:37)
[2025-08-14T09:03:02.814+0000] {spark_submit.py:521} INFO - at com.google.cloud.spark.bigquery.repackaged.com.google.inject.internal.InjectorShell$RootModule.configure(InjectorShell.java:340)
[2025-08-14T09:03:02.814+0000] {spark_submit.py:521} INFO - at com.google.cloud.spark.bigquery.repackaged.com.google.inject.spi.Elements$RecordingBinder.install(Elements.java:409)
[2025-08-14T09:03:02.814+0000] {spark_submit.py:521} INFO - at com.google.cloud.spark.bigquery.repackaged.com.google.inject.spi.Elements.getElements(Elements.java:108)
[2025-08-14T09:03:02.814+0000] {spark_submit.py:521} INFO - at com.google.cloud.spark.bigquery.repackaged.com.google.inject.internal.InjectorShell$Builder.build(InjectorShell.java:160)
[2025-08-14T09:03:02.814+0000] {spark_submit.py:521} INFO - at com.google.cloud.spark.bigquery.repackaged.com.google.inject.internal.InternalInjectorCreator.build(InternalInjectorCreator.java:107)
[2025-08-14T09:03:02.814+0000] {spark_submit.py:521} INFO - at com.google.cloud.spark.bigquery.repackaged.com.google.inject.Guice.createInjector(Guice.java:87)
[2025-08-14T09:03:02.814+0000] {spark_submit.py:521} INFO - at com.google.cloud.spark.bigquery.repackaged.com.google.inject.Guice.createInjector(Guice.java:69)
[2025-08-14T09:03:02.815+0000] {spark_submit.py:521} INFO - at com.google.cloud.spark.bigquery.repackaged.com.google.inject.Guice.createInjector(Guice.java:59)
[2025-08-14T09:03:02.815+0000] {spark_submit.py:521} INFO - at com.google.cloud.spark.bigquery.InjectorBuilder.build(InjectorBuilder.java:73)
[2025-08-14T09:03:02.815+0000] {spark_submit.py:521} INFO - at com.google.cloud.spark.bigquery.write.CreatableRelationProviderHelper.createBigQueryInsertableRelation(CreatableRelationProviderHelper.java:99)
[2025-08-14T09:03:02.815+0000] {spark_submit.py:521} INFO - at com.google.cloud.spark.bigquery.write.CreatableRelationProviderHelper.createRelation(CreatableRelationProviderHelper.java:53)
[2025-08-14T09:03:02.815+0000] {spark_submit.py:521} INFO - at com.google.cloud.spark.bigquery.write.CreatableRelationProviderHelper.createRelation(CreatableRelationProviderHelper.java:43)
[2025-08-14T09:03:02.815+0000] {spark_submit.py:521} INFO - at com.google.cloud.spark.bigquery.BigQueryRelationProvider.createRelation(BigQueryRelationProvider.scala:107)
[2025-08-14T09:03:02.815+0000] {spark_submit.py:521} INFO - at org.apache.spark.sql.execution.datasources.SaveIntoDataSourceCommand.run(SaveIntoDataSourceCommand.scala:55)
[2025-08-14T09:03:02.816+0000] {spark_submit.py:521} INFO - at org.apache.spark.sql.execution.command.ExecutedCommandExec.sideEffectResult$lzycompute(commands.scala:79)
[2025-08-14T09:03:02.816+0000] {spark_submit.py:521} INFO - at org.apache.spark.sql.execution.command.ExecutedCommandExec.sideEffectResult(commands.scala:77)
[2025-08-14T09:03:02.816+0000] {spark_submit.py:521} INFO - at org.apache.spark.sql.execution.command.ExecutedCommandExec.executeCollect(commands.scala:88)
[2025-08-14T09:03:02.816+0000] {spark_submit.py:521} INFO - at org.apache.spark.sql.execution.QueryExecution.$anonfun$eagerlyExecuteCommands$2(QueryExecution.scala:155)
[2025-08-14T09:03:02.817+0000] {spark_submit.py:521} INFO - at org.apache.spark.sql.execution.SQLExecution$.$anonfun$withNewExecutionId0$8(SQLExecution.scala:162)
[2025-08-14T09:03:02.817+0000] {spark_submit.py:521} INFO - at org.apache.spark.sql.execution.SQLExecution$.withSessionTagsApplied(SQLExecution.scala:268)
[2025-08-14T09:03:02.817+0000] {spark_submit.py:521} INFO - at org.apache.spark.sql.execution.SQLExecution$.$anonfun$withNewExecutionId0$7(SQLExecution.scala:124)
[2025-08-14T09:03:02.817+0000] {spark_submit.py:521} INFO - at org.apache.spark.JobArtifactSet$.withActiveJobArtifactState(JobArtifactSet.scala:94)
[2025-08-14T09:03:02.818+0000] {spark_submit.py:521} INFO - at org.apache.spark.sql.artifact.ArtifactManager.$anonfun$withResources$1(ArtifactManager.scala:112)
[2025-08-14T09:03:02.818+0000] {spark_submit.py:521} INFO - at org.apache.spark.sql.artifact.ArtifactManager.withClassLoaderIfNeeded(ArtifactManager.scala:106)
[2025-08-14T09:03:02.818+0000] {spark_submit.py:521} INFO - at org.apache.spark.sql.artifact.ArtifactManager.withResources(ArtifactManager.scala:111)
[2025-08-14T09:03:02.818+0000] {spark_submit.py:521} INFO - at org.apache.spark.sql.execution.SQLExecution$.$anonfun$withNewExecutionId0$6(SQLExecution.scala:124)
[2025-08-14T09:03:02.818+0000] {spark_submit.py:521} INFO - at org.apache.spark.sql.execution.SQLExecution$.withSQLConfPropagated(SQLExecution.scala:291)
[2025-08-14T09:03:02.819+0000] {spark_submit.py:521} INFO - at org.apache.spark.sql.execution.SQLExecution$.$anonfun$withNewExecutionId0$1(SQLExecution.scala:123)
[2025-08-14T09:03:02.819+0000] {spark_submit.py:521} INFO - at org.apache.spark.sql.SparkSession.withActive(SparkSession.scala:804)
[2025-08-14T09:03:02.819+0000] {spark_submit.py:521} INFO - at org.apache.spark.sql.execution.SQLExecution$.withNewExecutionId0(SQLExecution.scala:77)
[2025-08-14T09:03:02.819+0000] {spark_submit.py:521} INFO - at org.apache.spark.sql.execution.SQLExecution$.withNewExecutionId(SQLExecution.scala:233)
[2025-08-14T09:03:02.819+0000] {spark_submit.py:521} INFO - at org.apache.spark.sql.execution.QueryExecution.$anonfun$eagerlyExecuteCommands$1(QueryExecution.scala:155)
[2025-08-14T09:03:02.819+0000] {spark_submit.py:521} INFO - at org.apache.spark.sql.execution.QueryExecution$.withInternalError(QueryExecution.scala:654)
[2025-08-14T09:03:02.819+0000] {spark_submit.py:521} INFO - at org.apache.spark.sql.execution.QueryExecution.org$apache$spark$sql$execution$QueryExecution$$eagerlyExecute$1(QueryExecution.scala:154)
[2025-08-14T09:03:02.820+0000] {spark_submit.py:521} INFO - at org.apache.spark.sql.execution.QueryExecution$$anonfun$eagerlyExecuteCommands$3.applyOrElse(QueryExecution.scala:169)
[2025-08-14T09:03:02.820+0000] {spark_submit.py:521} INFO - at org.apache.spark.sql.execution.QueryExecution$$anonfun$eagerlyExecuteCommands$3.applyOrElse(QueryExecution.scala:164)
[2025-08-14T09:03:02.820+0000] {spark_submit.py:521} INFO - at org.apache.spark.sql.catalyst.trees.TreeNode.$anonfun$transformDownWithPruning$1(TreeNode.scala:470)
[2025-08-14T09:03:02.820+0000] {spark_submit.py:521} INFO - at org.apache.spark.sql.catalyst.trees.CurrentOrigin$.withOrigin(origin.scala:86)
[2025-08-14T09:03:02.821+0000] {spark_submit.py:521} INFO - at org.apache.spark.sql.catalyst.trees.TreeNode.transformDownWithPruning(TreeNode.scala:470)
[2025-08-14T09:03:02.821+0000] {spark_submit.py:521} INFO - at org.apache.spark.sql.catalyst.plans.logical.LogicalPlan.org$apache$spark$sql$catalyst$plans$logical$AnalysisHelper$$super$transformDownWithPruning(LogicalPlan.scala:37)
[2025-08-14T09:03:02.821+0000] {spark_submit.py:521} INFO - at org.apache.spark.sql.catalyst.plans.logical.AnalysisHelper.transformDownWithPruning(AnalysisHelper.scala:360)
[2025-08-14T09:03:02.821+0000] {spark_submit.py:521} INFO - at org.apache.spark.sql.catalyst.plans.logical.AnalysisHelper.transformDownWithPruning$(AnalysisHelper.scala:356)
[2025-08-14T09:03:02.822+0000] {spark_submit.py:521} INFO - at org.apache.spark.sql.catalyst.plans.logical.LogicalPlan.transformDownWithPruning(LogicalPlan.scala:37)
[2025-08-14T09:03:02.822+0000] {spark_submit.py:521} INFO - at org.apache.spark.sql.catalyst.plans.logical.LogicalPlan.transformDownWithPruning(LogicalPlan.scala:37)
[2025-08-14T09:03:02.822+0000] {spark_submit.py:521} INFO - at org.apache.spark.sql.catalyst.trees.TreeNode.transformDown(TreeNode.scala:446)
[2025-08-14T09:03:02.822+0000] {spark_submit.py:521} INFO - at org.apache.spark.sql.execution.QueryExecution.eagerlyExecuteCommands(QueryExecution.scala:164)
[2025-08-14T09:03:02.822+0000] {spark_submit.py:521} INFO - at org.apache.spark.sql.execution.QueryExecution.$anonfun$lazyCommandExecuted$1(QueryExecution.scala:126)
[2025-08-14T09:03:02.823+0000] {spark_submit.py:521} INFO - at scala.util.Try$.apply(Try.scala:217)
[2025-08-14T09:03:02.823+0000] {spark_submit.py:521} INFO - at org.apache.spark.util.Utils$.doTryWithCallerStacktrace(Utils.scala:1378)
[2025-08-14T09:03:02.823+0000] {spark_submit.py:521} INFO - at org.apache.spark.util.LazyTry.tryT$lzycompute(LazyTry.scala:46)
[2025-08-14T09:03:02.823+0000] {spark_submit.py:521} INFO - at org.apache.spark.util.LazyTry.tryT(LazyTry.scala:46)
[2025-08-14T09:03:02.824+0000] {spark_submit.py:521} INFO - at org.apache.spark.util.LazyTry.get(LazyTry.scala:58)
[2025-08-14T09:03:02.824+0000] {spark_submit.py:521} INFO - at org.apache.spark.sql.execution.QueryExecution.commandExecuted(QueryExecution.scala:131)
[2025-08-14T09:03:02.824+0000] {spark_submit.py:521} INFO - at org.apache.spark.sql.execution.QueryExecution.assertCommandExecuted(QueryExecution.scala:192)
[2025-08-14T09:03:02.824+0000] {spark_submit.py:521} INFO - at org.apache.spark.sql.classic.DataFrameWriter.runCommand(DataFrameWriter.scala:622)
[2025-08-14T09:03:02.824+0000] {spark_submit.py:521} INFO - at org.apache.spark.sql.classic.DataFrameWriter.saveToV1Source(DataFrameWriter.scala:273)
[2025-08-14T09:03:02.825+0000] {spark_submit.py:521} INFO - at org.apache.spark.sql.classic.DataFrameWriter.saveInternal(DataFrameWriter.scala:241)
[2025-08-14T09:03:02.825+0000] {spark_submit.py:521} INFO - at org.apache.spark.sql.classic.DataFrameWriter.save(DataFrameWriter.scala:126)
[2025-08-14T09:03:02.825+0000] {spark_submit.py:521} INFO - at java.base/jdk.internal.reflect.NativeMethodAccessorImpl.invoke0(Native Method)
[2025-08-14T09:03:02.825+0000] {spark_submit.py:521} INFO - at java.base/jdk.internal.reflect.NativeMethodAccessorImpl.invoke(NativeMethodAccessorImpl.java:77)
[2025-08-14T09:03:02.825+0000] {spark_submit.py:521} INFO - at java.base/jdk.internal.reflect.DelegatingMethodAccessorImpl.invoke(DelegatingMethodAccessorImpl.java:43)
[2025-08-14T09:03:02.826+0000] {spark_submit.py:521} INFO - at java.base/java.lang.reflect.Method.invoke(Method.java:569)
[2025-08-14T09:03:02.826+0000] {spark_submit.py:521} INFO - at py4j.reflection.MethodInvoker.invoke(MethodInvoker.java:244)
[2025-08-14T09:03:02.826+0000] {spark_submit.py:521} INFO - at py4j.reflection.ReflectionEngine.invoke(ReflectionEngine.java:374)
[2025-08-14T09:03:02.826+0000] {spark_submit.py:521} INFO - at py4j.Gateway.invoke(Gateway.java:282)
[2025-08-14T09:03:02.826+0000] {spark_submit.py:521} INFO - at py4j.commands.AbstractCommand.invokeMethod(AbstractCommand.java:132)
[2025-08-14T09:03:02.827+0000] {spark_submit.py:521} INFO - at py4j.commands.CallCommand.execute(CallCommand.java:79)
[2025-08-14T09:03:02.827+0000] {spark_submit.py:521} INFO - at py4j.ClientServerConnection.waitForCommands(ClientServerConnection.java:184)
[2025-08-14T09:03:02.827+0000] {spark_submit.py:521} INFO - at py4j.ClientServerConnection.run(ClientServerConnection.java:108)
[2025-08-14T09:03:02.827+0000] {spark_submit.py:521} INFO - at java.base/java.lang.Thread.run(Thread.java:840)
[2025-08-14T09:03:02.827+0000] {spark_submit.py:521} INFO - Caused by: java.lang.ClassNotFoundException: javax.inject.Provider
[2025-08-14T09:03:02.828+0000] {spark_submit.py:521} INFO - at java.base/jdk.internal.loader.BuiltinClassLoader.loadClass(BuiltinClassLoader.java:641)
[2025-08-14T09:03:02.828+0000] {spark_submit.py:521} INFO - at java.base/jdk.internal.loader.ClassLoaders$AppClassLoader.loadClass(ClassLoaders.java:188)
[2025-08-14T09:03:02.828+0000] {spark_submit.py:521} INFO - at java.base/java.lang.ClassLoader.loadClass(ClassLoader.java:525)
[2025-08-14T09:03:02.828+0000] {spark_submit.py:521} INFO - ... 80 more
[2025-08-14T09:03:02.828+0000] {spark_submit.py:521} INFO - 
[2025-08-14T09:03:03.049+0000] {spark_submit.py:521} INFO - 25/08/14 09:03:03 INFO SparkContext: Invoking stop() from shutdown hook
[2025-08-14T09:03:03.051+0000] {spark_submit.py:521} INFO - 25/08/14 09:03:03 INFO SparkContext: SparkContext is stopping with exitCode 0 from run at Executors.java:539.
[2025-08-14T09:03:03.062+0000] {spark_submit.py:521} INFO - 25/08/14 09:03:03 INFO SparkUI: Stopped Spark web UI at http://20bdaa41dd93:4040
[2025-08-14T09:03:03.065+0000] {spark_submit.py:521} INFO - 25/08/14 09:03:03 INFO StandaloneSchedulerBackend: Shutting down all executors
[2025-08-14T09:03:03.065+0000] {spark_submit.py:521} INFO - 25/08/14 09:03:03 INFO StandaloneSchedulerBackend$StandaloneDriverEndpoint: Asking each executor to shut down
[2025-08-14T09:03:03.090+0000] {spark_submit.py:521} INFO - 25/08/14 09:03:03 INFO MapOutputTrackerMasterEndpoint: MapOutputTrackerMasterEndpoint stopped!
[2025-08-14T09:03:03.126+0000] {spark_submit.py:521} INFO - 25/08/14 09:03:03 INFO MemoryStore: MemoryStore cleared
[2025-08-14T09:03:03.127+0000] {spark_submit.py:521} INFO - 25/08/14 09:03:03 INFO BlockManager: BlockManager stopped
[2025-08-14T09:03:03.131+0000] {spark_submit.py:521} INFO - 25/08/14 09:03:03 INFO BlockManagerMaster: BlockManagerMaster stopped
[2025-08-14T09:03:03.135+0000] {spark_submit.py:521} INFO - 25/08/14 09:03:03 INFO OutputCommitCoordinator$OutputCommitCoordinatorEndpoint: OutputCommitCoordinator stopped!
[2025-08-14T09:03:03.159+0000] {spark_submit.py:521} INFO - 25/08/14 09:03:03 INFO SparkContext: Successfully stopped SparkContext
[2025-08-14T09:03:03.165+0000] {spark_submit.py:521} INFO - 25/08/14 09:03:03 INFO ShutdownHookManager: Shutdown hook called
[2025-08-14T09:03:03.172+0000] {spark_submit.py:521} INFO - 25/08/14 09:03:03 INFO ShutdownHookManager: Deleting directory /tmp/spark-e5b88d85-f643-4610-a3a3-ad5f61b22d80
[2025-08-14T09:03:03.178+0000] {spark_submit.py:521} INFO - 25/08/14 09:03:03 INFO ShutdownHookManager: Deleting directory /opt/***/artifacts/spark-9782d2a2-eff5-47f3-851e-cc32e3e7a16d
[2025-08-14T09:03:03.188+0000] {spark_submit.py:521} INFO - 25/08/14 09:03:03 INFO ShutdownHookManager: Deleting directory /tmp/spark-a0b92fed-9fc2-4fd8-b4c2-ac25327bdb59/pyspark-382136d3-ec6c-4a7d-8ef6-42c23bb1581c
[2025-08-14T09:03:03.206+0000] {spark_submit.py:521} INFO - 25/08/14 09:03:03 INFO ShutdownHookManager: Deleting directory /tmp/spark-a0b92fed-9fc2-4fd8-b4c2-ac25327bdb59
[2025-08-14T09:03:03.265+0000] {taskinstance.py:441} INFO - ::group::Post task execution logs
[2025-08-14T09:03:03.288+0000] {taskinstance.py:2905} ERROR - Task failed with exception
Traceback (most recent call last):
  File "/home/airflow/.local/lib/python3.11/site-packages/airflow/models/taskinstance.py", line 465, in _execute_task
    result = _execute_callable(context=context, **execute_callable_kwargs)
             ^^^^^^^^^^^^^^^^^^^^^^^^^^^^^^^^^^^^^^^^^^^^^^^^^^^^^^^^^^^^^
  File "/home/airflow/.local/lib/python3.11/site-packages/airflow/models/taskinstance.py", line 432, in _execute_callable
    return execute_callable(context=context, **execute_callable_kwargs)
           ^^^^^^^^^^^^^^^^^^^^^^^^^^^^^^^^^^^^^^^^^^^^^^^^^^^^^^^^^^^^
  File "/home/airflow/.local/lib/python3.11/site-packages/airflow/models/baseoperator.py", line 400, in wrapper
    return func(self, *args, **kwargs)
           ^^^^^^^^^^^^^^^^^^^^^^^^^^^
  File "/home/airflow/.local/lib/python3.11/site-packages/airflow/providers/apache/spark/operators/spark_submit.py", line 156, in execute
    self._hook.submit(self._application)
  File "/home/airflow/.local/lib/python3.11/site-packages/airflow/providers/apache/spark/hooks/spark_submit.py", line 452, in submit
    raise AirflowException(
airflow.exceptions.AirflowException: Cannot execute: spark-submit --master spark://spark-master:7077 --conf spark.master=spark://spark-master:7077 --conf spark.driver.extraClassPath=/opt/custom-jars/* --conf spark.executor.extraClassPath=/opt/custom-jars/* --conf spark.hadoop.fs.gs.impl=com.google.cloud.hadoop.fs.gcs.GoogleHadoopFileSystem --conf spark.hadoop.fs.AbstractFileSystem.gs.impl=com.google.cloud.hadoop.fs.gcs.GoogleHadoopFS --conf spark.hadoop.google.cloud.auth.service.account.enable=true --conf spark.hadoop.google.cloud.auth.service.account.json.keyfile=/opt/***/gcp-key.json --jars /opt/custom-jars/spark-bigquery-with-dependencies_2.13-0.42.4.jar,/opt/custom-jars/gcs-connector-hadoop3-2.2.14-shaded.jar --name arrow-spark --verbose /opt/spark-jobs/load/upload_jobs_to_dwh.py. Error code is: 1.
[2025-08-14T09:03:03.300+0000] {taskinstance.py:1206} INFO - Marking task as FAILED. dag_id=spark_transform_pipeline, task_id=silver_topcv_transform, run_id=manual__2025-08-14T09:02:31.498373+00:00, execution_date=20250814T090231, start_date=20250814T090235, end_date=20250814T090303
[2025-08-14T09:03:03.332+0000] {standard_task_runner.py:110} ERROR - Failed to execute job 185 for task silver_topcv_transform (Cannot execute: spark-submit --master spark://spark-master:7077 --conf spark.master=spark://spark-master:7077 --conf spark.driver.extraClassPath=/opt/custom-jars/* --conf spark.executor.extraClassPath=/opt/custom-jars/* --conf spark.hadoop.fs.gs.impl=com.google.cloud.hadoop.fs.gcs.GoogleHadoopFileSystem --conf spark.hadoop.fs.AbstractFileSystem.gs.impl=com.google.cloud.hadoop.fs.gcs.GoogleHadoopFS --conf spark.hadoop.google.cloud.auth.service.account.enable=true --conf spark.hadoop.google.cloud.auth.service.account.json.keyfile=/opt/***/gcp-key.json --jars /opt/custom-jars/spark-bigquery-with-dependencies_2.13-0.42.4.jar,/opt/custom-jars/gcs-connector-hadoop3-2.2.14-shaded.jar --name arrow-spark --verbose /opt/spark-jobs/load/upload_jobs_to_dwh.py. Error code is: 1.; 3378)
[2025-08-14T09:03:03.367+0000] {local_task_job_runner.py:240} INFO - Task exited with return code 1
[2025-08-14T09:03:03.407+0000] {taskinstance.py:3498} INFO - 0 downstream tasks scheduled from follow-on schedule check
[2025-08-14T09:03:03.412+0000] {local_task_job_runner.py:222} INFO - ::endgroup::
