[2025-08-10T09:43:30.378+0000] {local_task_job_runner.py:120} INFO - ::group::Pre task execution logs
[2025-08-10T09:43:30.493+0000] {taskinstance.py:2076} INFO - Dependencies all met for dep_context=non-requeueable deps ti=<TaskInstance: spark_transform_topcv.submit_spark_job manual__2025-08-10T09:43:23.933715+00:00 [queued]>
[2025-08-10T09:43:30.510+0000] {taskinstance.py:2076} INFO - Dependencies all met for dep_context=requeueable deps ti=<TaskInstance: spark_transform_topcv.submit_spark_job manual__2025-08-10T09:43:23.933715+00:00 [queued]>
[2025-08-10T09:43:30.512+0000] {taskinstance.py:2306} INFO - Starting attempt 1 of 1
[2025-08-10T09:43:30.539+0000] {taskinstance.py:2330} INFO - Executing <Task(SparkSubmitOperator): submit_spark_job> on 2025-08-10 09:43:23.933715+00:00
[2025-08-10T09:43:30.569+0000] {standard_task_runner.py:90} INFO - Running: ['***', 'tasks', 'run', 'spark_transform_topcv', 'submit_spark_job', 'manual__2025-08-10T09:43:23.933715+00:00', '--job-id', '5', '--raw', '--subdir', 'DAGS_FOLDER/etl_jobs_dag.py', '--cfg-path', '/tmp/tmprvyyw385']
[2025-08-10T09:43:30.562+0000] {standard_task_runner.py:63} INFO - Started process 827 to run task
[2025-08-10T09:43:30.576+0000] {standard_task_runner.py:91} INFO - Job 5: Subtask submit_spark_job
[2025-08-10T09:43:30.730+0000] {task_command.py:426} INFO - Running <TaskInstance: spark_transform_topcv.submit_spark_job manual__2025-08-10T09:43:23.933715+00:00 [running]> on host d64d9d97170e
[2025-08-10T09:43:30.939+0000] {taskinstance.py:2648} INFO - Exporting env vars: AIRFLOW_CTX_DAG_OWNER='***' AIRFLOW_CTX_DAG_ID='spark_transform_topcv' AIRFLOW_CTX_TASK_ID='submit_spark_job' AIRFLOW_CTX_EXECUTION_DATE='2025-08-10T09:43:23.933715+00:00' AIRFLOW_CTX_TRY_NUMBER='1' AIRFLOW_CTX_DAG_RUN_ID='manual__2025-08-10T09:43:23.933715+00:00'
[2025-08-10T09:43:30.943+0000] {taskinstance.py:430} INFO - ::endgroup::
[2025-08-10T09:43:31.017+0000] {base.py:84} INFO - Using connection ID 'spark_default' for task execution.
[2025-08-10T09:43:31.019+0000] {spark_submit.py:351} INFO - Spark-Submit cmd: spark-submit --master spark://spark-master:7077 --conf spark.master=spark://spark-master:7077 --conf spark.driver.extraClassPath=/opt/custom-jars/* --conf spark.executor.extraClassPath=/opt/custom-jars/* --conf spark.hadoop.fs.gs.impl=com.google.cloud.hadoop.fs.gcs.GoogleHadoopFileSystem --conf spark.hadoop.fs.AbstractFileSystem.gs.impl=com.google.cloud.hadoop.fs.gcs.GoogleHadoopFS --conf spark.hadoop.google.cloud.auth.service.account.enable=true --conf spark.hadoop.google.cloud.auth.service.account.json.keyfile=/opt/***/gcp-key.json --jars /opt/custom-jars/gcs-connector-hadoop3-2.2.14-shaded.jar --name arrow-spark --verbose /opt/spark-jobs/silver.transform.py
[2025-08-10T09:43:32.348+0000] {spark_submit.py:521} INFO - WARNING: Using incubator modules: jdk.incubator.vector
[2025-08-10T09:43:35.448+0000] {spark_submit.py:521} INFO - Parsed arguments:
[2025-08-10T09:43:35.450+0000] {spark_submit.py:521} INFO - master                  spark://spark-master:7077
[2025-08-10T09:43:35.451+0000] {spark_submit.py:521} INFO - remote                  null
[2025-08-10T09:43:35.452+0000] {spark_submit.py:521} INFO - deployMode              null
[2025-08-10T09:43:35.452+0000] {spark_submit.py:521} INFO - executorMemory          null
[2025-08-10T09:43:35.453+0000] {spark_submit.py:521} INFO - executorCores           null
[2025-08-10T09:43:35.453+0000] {spark_submit.py:521} INFO - totalExecutorCores      null
[2025-08-10T09:43:35.454+0000] {spark_submit.py:521} INFO - propertiesFile          null
[2025-08-10T09:43:35.454+0000] {spark_submit.py:521} INFO - driverMemory            null
[2025-08-10T09:43:35.454+0000] {spark_submit.py:521} INFO - driverCores             null
[2025-08-10T09:43:35.454+0000] {spark_submit.py:521} INFO - driverExtraClassPath    /opt/custom-jars/*
[2025-08-10T09:43:35.455+0000] {spark_submit.py:521} INFO - driverExtraLibraryPath  null
[2025-08-10T09:43:35.455+0000] {spark_submit.py:521} INFO - driverExtraJavaOptions  null
[2025-08-10T09:43:35.455+0000] {spark_submit.py:521} INFO - supervise               false
[2025-08-10T09:43:35.456+0000] {spark_submit.py:521} INFO - queue                   null
[2025-08-10T09:43:35.456+0000] {spark_submit.py:521} INFO - numExecutors            null
[2025-08-10T09:43:35.456+0000] {spark_submit.py:521} INFO - files                   null
[2025-08-10T09:43:35.457+0000] {spark_submit.py:521} INFO - pyFiles                 null
[2025-08-10T09:43:35.457+0000] {spark_submit.py:521} INFO - archives                null
[2025-08-10T09:43:35.457+0000] {spark_submit.py:521} INFO - mainClass               null
[2025-08-10T09:43:35.458+0000] {spark_submit.py:521} INFO - primaryResource         file:/opt/spark-jobs/silver.transform.py
[2025-08-10T09:43:35.458+0000] {spark_submit.py:521} INFO - name                    arrow-spark
[2025-08-10T09:43:35.458+0000] {spark_submit.py:521} INFO - childArgs               []
[2025-08-10T09:43:35.458+0000] {spark_submit.py:521} INFO - jars                    file:/opt/custom-jars/gcs-connector-hadoop3-2.2.14-shaded.jar
[2025-08-10T09:43:35.459+0000] {spark_submit.py:521} INFO - packages                null
[2025-08-10T09:43:35.459+0000] {spark_submit.py:521} INFO - packagesExclusions      null
[2025-08-10T09:43:35.459+0000] {spark_submit.py:521} INFO - repositories            null
[2025-08-10T09:43:35.460+0000] {spark_submit.py:521} INFO - verbose                 true
[2025-08-10T09:43:35.460+0000] {spark_submit.py:521} INFO - 
[2025-08-10T09:43:35.460+0000] {spark_submit.py:521} INFO - Spark properties used, including those specified through
[2025-08-10T09:43:35.460+0000] {spark_submit.py:521} INFO - --conf and those from the properties file null:
[2025-08-10T09:43:35.461+0000] {spark_submit.py:521} INFO - (spark.driver.extraClassPath,/opt/custom-jars/*)
[2025-08-10T09:43:35.461+0000] {spark_submit.py:521} INFO - (spark.executor.extraClassPath,/opt/custom-jars/*)
[2025-08-10T09:43:35.461+0000] {spark_submit.py:521} INFO - (spark.hadoop.fs.AbstractFileSystem.gs.impl,com.google.cloud.hadoop.fs.gcs.GoogleHadoopFS)
[2025-08-10T09:43:35.462+0000] {spark_submit.py:521} INFO - (spark.hadoop.fs.gs.impl,com.google.cloud.hadoop.fs.gcs.GoogleHadoopFileSystem)
[2025-08-10T09:43:35.462+0000] {spark_submit.py:521} INFO - (spark.hadoop.google.cloud.auth.service.account.enable,true)
[2025-08-10T09:43:35.462+0000] {spark_submit.py:521} INFO - (spark.hadoop.google.cloud.auth.service.account.json.keyfile,/opt/***/gcp-key.json)
[2025-08-10T09:43:35.462+0000] {spark_submit.py:521} INFO - (spark.master,spark://spark-master:7077)
[2025-08-10T09:43:35.463+0000] {spark_submit.py:521} INFO - 
[2025-08-10T09:43:35.463+0000] {spark_submit.py:521} INFO - 
[2025-08-10T09:43:36.014+0000] {spark_submit.py:521} INFO - 25/08/10 09:43:36 WARN NativeCodeLoader: Unable to load native-hadoop library for your platform... using builtin-java classes where applicable
[2025-08-10T09:43:36.825+0000] {spark_submit.py:521} INFO - Main class:
[2025-08-10T09:43:36.826+0000] {spark_submit.py:521} INFO - org.apache.spark.deploy.PythonRunner
[2025-08-10T09:43:36.827+0000] {spark_submit.py:521} INFO - Arguments:
[2025-08-10T09:43:36.828+0000] {spark_submit.py:521} INFO - file:/opt/spark-jobs/silver.transform.py
[2025-08-10T09:43:36.828+0000] {spark_submit.py:521} INFO - null
[2025-08-10T09:43:36.829+0000] {spark_submit.py:521} INFO - Spark config:
[2025-08-10T09:43:36.830+0000] {spark_submit.py:521} INFO - (spark.app.name,arrow-spark)
[2025-08-10T09:43:36.830+0000] {spark_submit.py:521} INFO - (spark.app.submitTime,1754819016797)
[2025-08-10T09:43:36.831+0000] {spark_submit.py:521} INFO - (spark.driver.extraClassPath,/opt/custom-jars/*)
[2025-08-10T09:43:36.831+0000] {spark_submit.py:521} INFO - (spark.executor.extraClassPath,/opt/custom-jars/*)
[2025-08-10T09:43:36.832+0000] {spark_submit.py:521} INFO - (spark.hadoop.fs.AbstractFileSystem.gs.impl,com.google.cloud.hadoop.fs.gcs.GoogleHadoopFS)
[2025-08-10T09:43:36.832+0000] {spark_submit.py:521} INFO - (spark.hadoop.fs.gs.impl,com.google.cloud.hadoop.fs.gcs.GoogleHadoopFileSystem)
[2025-08-10T09:43:36.833+0000] {spark_submit.py:521} INFO - (spark.hadoop.google.cloud.auth.service.account.enable,true)
[2025-08-10T09:43:36.833+0000] {spark_submit.py:521} INFO - (spark.hadoop.google.cloud.auth.service.account.json.keyfile,/opt/***/gcp-key.json)
[2025-08-10T09:43:36.834+0000] {spark_submit.py:521} INFO - (spark.jars,file:///opt/custom-jars/gcs-connector-hadoop3-2.2.14-shaded.jar)
[2025-08-10T09:43:36.834+0000] {spark_submit.py:521} INFO - (spark.master,spark://spark-master:7077)
[2025-08-10T09:43:36.834+0000] {spark_submit.py:521} INFO - (spark.repl.local.jars,file:///opt/custom-jars/gcs-connector-hadoop3-2.2.14-shaded.jar)
[2025-08-10T09:43:36.835+0000] {spark_submit.py:521} INFO - (spark.submit.deployMode,client)
[2025-08-10T09:43:36.835+0000] {spark_submit.py:521} INFO - (spark.submit.pyFiles,)
[2025-08-10T09:43:36.836+0000] {spark_submit.py:521} INFO - Classpath elements:
[2025-08-10T09:43:36.836+0000] {spark_submit.py:521} INFO - file:///opt/custom-jars/gcs-connector-hadoop3-2.2.14-shaded.jar
[2025-08-10T09:43:36.837+0000] {spark_submit.py:521} INFO - 
[2025-08-10T09:43:36.837+0000] {spark_submit.py:521} INFO - 
[2025-08-10T09:43:38.182+0000] {spark_submit.py:521} INFO - Using Spark's default log4j profile: org/apache/spark/log4j2-defaults.properties
[2025-08-10T09:43:38.192+0000] {spark_submit.py:521} INFO - 25/08/10 09:43:38 INFO SparkContext: Running Spark version 4.0.0
[2025-08-10T09:43:38.196+0000] {spark_submit.py:521} INFO - 25/08/10 09:43:38 INFO SparkContext: OS info Linux, 5.15.167.4-microsoft-standard-WSL2, amd64
[2025-08-10T09:43:38.198+0000] {spark_submit.py:521} INFO - 25/08/10 09:43:38 INFO SparkContext: Java version 17.0.15
[2025-08-10T09:43:38.232+0000] {spark_submit.py:521} INFO - 25/08/10 09:43:38 INFO ResourceUtils: ==============================================================
[2025-08-10T09:43:38.233+0000] {spark_submit.py:521} INFO - 25/08/10 09:43:38 INFO ResourceUtils: No custom resources configured for spark.driver.
[2025-08-10T09:43:38.234+0000] {spark_submit.py:521} INFO - 25/08/10 09:43:38 INFO ResourceUtils: ==============================================================
[2025-08-10T09:43:38.235+0000] {spark_submit.py:521} INFO - 25/08/10 09:43:38 INFO SparkContext: Submitted application: gold_transform
[2025-08-10T09:43:38.282+0000] {spark_submit.py:521} INFO - 25/08/10 09:43:38 INFO ResourceProfile: Default ResourceProfile created, executor resources: Map(memory -> name: memory, amount: 1024, script: , vendor: , offHeap -> name: offHeap, amount: 0, script: , vendor: ), task resources: Map(cpus -> name: cpus, amount: 1.0)
[2025-08-10T09:43:38.287+0000] {spark_submit.py:521} INFO - 25/08/10 09:43:38 INFO ResourceProfile: Limiting resource is cpu
[2025-08-10T09:43:38.288+0000] {spark_submit.py:521} INFO - 25/08/10 09:43:38 INFO ResourceProfileManager: Added ResourceProfile id: 0
[2025-08-10T09:43:38.368+0000] {spark_submit.py:521} INFO - 25/08/10 09:43:38 INFO SecurityManager: Changing view acls to: ***
[2025-08-10T09:43:38.369+0000] {spark_submit.py:521} INFO - 25/08/10 09:43:38 INFO SecurityManager: Changing modify acls to: ***
[2025-08-10T09:43:38.370+0000] {spark_submit.py:521} INFO - 25/08/10 09:43:38 INFO SecurityManager: Changing view acls groups to: ***
[2025-08-10T09:43:38.371+0000] {spark_submit.py:521} INFO - 25/08/10 09:43:38 INFO SecurityManager: Changing modify acls groups to: ***
[2025-08-10T09:43:38.374+0000] {spark_submit.py:521} INFO - 25/08/10 09:43:38 INFO SecurityManager: SecurityManager: authentication disabled; ui acls disabled; users with view permissions: *** groups with view permissions: EMPTY; users with modify permissions: ***; groups with modify permissions: EMPTY; RPC SSL disabled
[2025-08-10T09:43:38.703+0000] {spark_submit.py:521} INFO - 25/08/10 09:43:38 INFO Utils: Successfully started service 'sparkDriver' on port 40503.
[2025-08-10T09:43:38.748+0000] {spark_submit.py:521} INFO - 25/08/10 09:43:38 INFO SparkEnv: Registering MapOutputTracker
[2025-08-10T09:43:38.766+0000] {spark_submit.py:521} INFO - 25/08/10 09:43:38 INFO SparkEnv: Registering BlockManagerMaster
[2025-08-10T09:43:38.790+0000] {spark_submit.py:521} INFO - 25/08/10 09:43:38 INFO BlockManagerMasterEndpoint: Using org.apache.spark.storage.DefaultTopologyMapper for getting topology information
[2025-08-10T09:43:38.791+0000] {spark_submit.py:521} INFO - 25/08/10 09:43:38 INFO BlockManagerMasterEndpoint: BlockManagerMasterEndpoint up
[2025-08-10T09:43:38.796+0000] {spark_submit.py:521} INFO - 25/08/10 09:43:38 INFO SparkEnv: Registering BlockManagerMasterHeartbeat
[2025-08-10T09:43:38.837+0000] {spark_submit.py:521} INFO - 25/08/10 09:43:38 INFO DiskBlockManager: Created local directory at /tmp/blockmgr-a49e7f07-fdb5-4aab-bdc9-700a3da19503
[2025-08-10T09:43:38.866+0000] {spark_submit.py:521} INFO - 25/08/10 09:43:38 INFO SparkEnv: Registering OutputCommitCoordinator
[2025-08-10T09:43:39.071+0000] {spark_submit.py:521} INFO - 25/08/10 09:43:39 INFO JettyUtils: Start Jetty 0.0.0.0:4040 for SparkUI
[2025-08-10T09:43:39.204+0000] {spark_submit.py:521} INFO - 25/08/10 09:43:39 INFO Utils: Successfully started service 'SparkUI' on port 4040.
[2025-08-10T09:43:39.274+0000] {spark_submit.py:521} INFO - 25/08/10 09:43:39 INFO SparkContext: Added JAR file:///opt/custom-jars/gcs-connector-hadoop3-2.2.14-shaded.jar at spark://d64d9d97170e:40503/jars/gcs-connector-hadoop3-2.2.14-shaded.jar with timestamp 1754819018163
[2025-08-10T09:43:39.305+0000] {spark_submit.py:521} INFO - 25/08/10 09:43:39 INFO SecurityManager: Changing view acls to: ***
[2025-08-10T09:43:39.306+0000] {spark_submit.py:521} INFO - 25/08/10 09:43:39 INFO SecurityManager: Changing modify acls to: ***
[2025-08-10T09:43:39.306+0000] {spark_submit.py:521} INFO - 25/08/10 09:43:39 INFO SecurityManager: Changing view acls groups to: ***
[2025-08-10T09:43:39.307+0000] {spark_submit.py:521} INFO - 25/08/10 09:43:39 INFO SecurityManager: Changing modify acls groups to: ***
[2025-08-10T09:43:39.307+0000] {spark_submit.py:521} INFO - 25/08/10 09:43:39 INFO SecurityManager: SecurityManager: authentication disabled; ui acls disabled; users with view permissions: *** groups with view permissions: EMPTY; users with modify permissions: ***; groups with modify permissions: EMPTY; RPC SSL disabled
[2025-08-10T09:43:39.539+0000] {spark_submit.py:521} INFO - 25/08/10 09:43:39 INFO StandaloneAppClient$ClientEndpoint: Connecting to master spark://spark-master:7077...
[2025-08-10T09:43:39.585+0000] {spark_submit.py:521} INFO - 25/08/10 09:43:39 INFO TransportClientFactory: Successfully created connection to spark-master/172.18.0.3:7077 after 22 ms (0 ms spent in bootstraps)
[2025-08-10T09:43:40.285+0000] {spark_submit.py:521} INFO - 25/08/10 09:43:40 INFO StandaloneSchedulerBackend: Connected to Spark cluster with app ID app-20250810094340-0001
[2025-08-10T09:43:40.297+0000] {spark_submit.py:521} INFO - 25/08/10 09:43:40 INFO Utils: Successfully started service 'org.apache.spark.network.netty.NettyBlockTransferService' on port 35607.
[2025-08-10T09:43:40.298+0000] {spark_submit.py:521} INFO - 25/08/10 09:43:40 INFO NettyBlockTransferService: Server created on d64d9d97170e:35607
[2025-08-10T09:43:40.300+0000] {spark_submit.py:521} INFO - 25/08/10 09:43:40 INFO BlockManager: Using org.apache.spark.storage.RandomBlockReplicationPolicy for block replication policy
[2025-08-10T09:43:40.322+0000] {spark_submit.py:521} INFO - 25/08/10 09:43:40 INFO BlockManagerMaster: Registering BlockManager BlockManagerId(driver, d64d9d97170e, 35607, None)
[2025-08-10T09:43:40.334+0000] {spark_submit.py:521} INFO - 25/08/10 09:43:40 INFO BlockManagerMasterEndpoint: Registering block manager d64d9d97170e:35607 with 434.4 MiB RAM, BlockManagerId(driver, d64d9d97170e, 35607, None)
[2025-08-10T09:43:40.338+0000] {spark_submit.py:521} INFO - 25/08/10 09:43:40 INFO BlockManagerMaster: Registered BlockManager BlockManagerId(driver, d64d9d97170e, 35607, None)
[2025-08-10T09:43:40.342+0000] {spark_submit.py:521} INFO - 25/08/10 09:43:40 INFO BlockManager: Initialized BlockManager: BlockManagerId(driver, d64d9d97170e, 35607, None)
[2025-08-10T09:43:40.362+0000] {spark_submit.py:521} INFO - 25/08/10 09:43:40 INFO StandaloneAppClient$ClientEndpoint: Executor added: app-20250810094340-0001/0 on worker-20250810080445-172.18.0.5-35937 (172.18.0.5:35937) with 2 core(s)
[2025-08-10T09:43:40.364+0000] {spark_submit.py:521} INFO - 25/08/10 09:43:40 INFO StandaloneSchedulerBackend: Granted executor ID app-20250810094340-0001/0 on hostPort 172.18.0.5:35937 with 2 core(s), 1024.0 MiB RAM
[2025-08-10T09:43:40.558+0000] {spark_submit.py:521} INFO - 25/08/10 09:43:40 INFO StandaloneSchedulerBackend: SchedulerBackend is ready for scheduling beginning after reached minRegisteredResourcesRatio: 0.0
[2025-08-10T09:43:42.135+0000] {spark_submit.py:521} INFO - 25/08/10 09:43:42 INFO StandaloneAppClient$ClientEndpoint: Executor updated: app-20250810094340-0001/0 is now RUNNING
[2025-08-10T09:43:43.538+0000] {spark_submit.py:521} INFO - 25/08/10 09:43:43 INFO SharedState: Setting hive.metastore.warehouse.dir ('null') to the value of spark.sql.warehouse.dir.
[2025-08-10T09:43:43.540+0000] {spark_submit.py:521} INFO - 25/08/10 09:43:43 INFO SharedState: Warehouse path is 'file:/opt/***/spark-warehouse'.
[2025-08-10T09:43:47.282+0000] {spark_submit.py:521} INFO - 25/08/10 09:43:47 INFO InMemoryFileIndex: It took 221 ms to list leaf files for 1 paths.
[2025-08-10T09:43:47.412+0000] {spark_submit.py:521} INFO - 25/08/10 09:43:47 INFO StandaloneSchedulerBackend$StandaloneDriverEndpoint: Registered executor NettyRpcEndpointRef(spark-client://Executor) (172.18.0.5:42090) with ID 0, ResourceProfileId 0
[2025-08-10T09:43:47.899+0000] {spark_submit.py:521} INFO - 25/08/10 09:43:47 INFO SparkContext: Starting job: parquet at NativeMethodAccessorImpl.java:0
[2025-08-10T09:43:48.203+0000] {spark_submit.py:521} INFO - 25/08/10 09:43:48 INFO DAGScheduler: Got job 0 (parquet at NativeMethodAccessorImpl.java:0) with 1 output partitions
[2025-08-10T09:43:48.209+0000] {spark_submit.py:521} INFO - 25/08/10 09:43:48 INFO DAGScheduler: Final stage: ResultStage 0 (parquet at NativeMethodAccessorImpl.java:0)
[2025-08-10T09:43:48.211+0000] {spark_submit.py:521} INFO - 25/08/10 09:43:48 INFO DAGScheduler: Parents of final stage: List()
[2025-08-10T09:43:48.217+0000] {spark_submit.py:521} INFO - 25/08/10 09:43:48 INFO DAGScheduler: Missing parents: List()
[2025-08-10T09:43:48.225+0000] {spark_submit.py:521} INFO - 25/08/10 09:43:48 INFO DAGScheduler: Submitting ResultStage 0 (MapPartitionsRDD[1] at parquet at NativeMethodAccessorImpl.java:0), which has no missing parents
[2025-08-10T09:43:48.240+0000] {spark_submit.py:521} INFO - 25/08/10 09:43:48 INFO BlockManagerMasterEndpoint: Registering block manager 172.18.0.5:41887 with 434.4 MiB RAM, BlockManagerId(0, 172.18.0.5, 41887, None)
[2025-08-10T09:43:48.320+0000] {spark_submit.py:521} INFO - 25/08/10 09:43:48 INFO MemoryStore: MemoryStore started with capacity 434.4 MiB
[2025-08-10T09:43:48.353+0000] {spark_submit.py:521} INFO - 25/08/10 09:43:48 INFO MemoryStore: Block broadcast_0 stored as values in memory (estimated size 116.0 KiB, free 434.3 MiB)
[2025-08-10T09:43:48.419+0000] {spark_submit.py:521} INFO - 25/08/10 09:43:48 INFO MemoryStore: Block broadcast_0_piece0 stored as bytes in memory (estimated size 41.8 KiB, free 434.2 MiB)
[2025-08-10T09:43:48.429+0000] {spark_submit.py:521} INFO - 25/08/10 09:43:48 INFO SparkContext: Created broadcast 0 from broadcast at DAGScheduler.scala:1676
[2025-08-10T09:43:48.451+0000] {spark_submit.py:521} INFO - 25/08/10 09:43:48 INFO DAGScheduler: Submitting 1 missing tasks from ResultStage 0 (MapPartitionsRDD[1] at parquet at NativeMethodAccessorImpl.java:0) (first 15 tasks are for partitions Vector(0))
[2025-08-10T09:43:48.466+0000] {spark_submit.py:521} INFO - 25/08/10 09:43:48 INFO TaskSchedulerImpl: Adding task set 0.0 with 1 tasks resource profile 0
[2025-08-10T09:43:49.838+0000] {spark_submit.py:521} INFO - 25/08/10 09:43:49 INFO TaskSetManager: Starting task 0.0 in stage 0.0 (TID 0) (172.18.0.5,executor 0, partition 0, PROCESS_LOCAL, 10008 bytes)
[2025-08-10T09:43:55.002+0000] {spark_submit.py:521} INFO - 25/08/10 09:43:55 INFO TaskSetManager: Finished task 0.0 in stage 0.0 (TID 0) in 5186 ms on 172.18.0.5 (executor 0) (1/1)
[2025-08-10T09:43:55.005+0000] {spark_submit.py:521} INFO - 25/08/10 09:43:55 INFO TaskSchedulerImpl: Removed TaskSet 0.0 whose tasks have all completed, from pool
[2025-08-10T09:43:55.009+0000] {spark_submit.py:521} INFO - 25/08/10 09:43:55 INFO DAGScheduler: ResultStage 0 (parquet at NativeMethodAccessorImpl.java:0) finished in 6739 ms
[2025-08-10T09:43:55.017+0000] {spark_submit.py:521} INFO - 25/08/10 09:43:55 INFO DAGScheduler: Job 0 is finished. Cancelling potential speculative or zombie tasks for this job
[2025-08-10T09:43:55.021+0000] {spark_submit.py:521} INFO - 25/08/10 09:43:55 INFO TaskSchedulerImpl: Canceling stage 0
[2025-08-10T09:43:55.025+0000] {spark_submit.py:521} INFO - 25/08/10 09:43:55 INFO TaskSchedulerImpl: Killing all running tasks in stage 0: Stage finished
[2025-08-10T09:43:55.030+0000] {spark_submit.py:521} INFO - 25/08/10 09:43:55 INFO DAGScheduler: Job 0 finished: parquet at NativeMethodAccessorImpl.java:0, took 7130.826391 ms
[2025-08-10T09:43:56.084+0000] {spark_submit.py:521} INFO - 25/08/10 09:43:56 INFO FileSourceStrategy: Pushed Filters:
[2025-08-10T09:43:56.088+0000] {spark_submit.py:521} INFO - 25/08/10 09:43:56 INFO FileSourceStrategy: Post-Scan Filters: Set()
[2025-08-10T09:43:56.824+0000] {spark_submit.py:521} INFO - 25/08/10 09:43:56 INFO CodeGenerator: Code generated in 339.359388 ms
[2025-08-10T09:43:56.939+0000] {spark_submit.py:521} INFO - 25/08/10 09:43:56 INFO CodeGenerator: Code generated in 66.670776 ms
[2025-08-10T09:43:56.967+0000] {spark_submit.py:521} INFO - 25/08/10 09:43:56 INFO MemoryStore: Block broadcast_1 stored as values in memory (estimated size 221.3 KiB, free 434.2 MiB)
[2025-08-10T09:43:56.977+0000] {spark_submit.py:521} INFO - 25/08/10 09:43:56 INFO MemoryStore: Block broadcast_1_piece0 stored as bytes in memory (estimated size 40.3 KiB, free 434.1 MiB)
[2025-08-10T09:43:56.978+0000] {spark_submit.py:521} INFO - 25/08/10 09:43:56 INFO SparkContext: Created broadcast 1 from showString at NativeMethodAccessorImpl.java:0
[2025-08-10T09:43:56.997+0000] {spark_submit.py:521} INFO - 25/08/10 09:43:56 INFO FileSourceScanExec: Planning scan with bin packing, max size: 4194304 bytes, open cost is considered as scanning 4194304 bytes.
[2025-08-10T09:43:57.057+0000] {spark_submit.py:521} INFO - 25/08/10 09:43:57 INFO SparkContext: Starting job: showString at NativeMethodAccessorImpl.java:0
[2025-08-10T09:43:57.059+0000] {spark_submit.py:521} INFO - 25/08/10 09:43:57 INFO DAGScheduler: Got job 1 (showString at NativeMethodAccessorImpl.java:0) with 1 output partitions
[2025-08-10T09:43:57.060+0000] {spark_submit.py:521} INFO - 25/08/10 09:43:57 INFO DAGScheduler: Final stage: ResultStage 1 (showString at NativeMethodAccessorImpl.java:0)
[2025-08-10T09:43:57.061+0000] {spark_submit.py:521} INFO - 25/08/10 09:43:57 INFO DAGScheduler: Parents of final stage: List()
[2025-08-10T09:43:57.061+0000] {spark_submit.py:521} INFO - 25/08/10 09:43:57 INFO DAGScheduler: Missing parents: List()
[2025-08-10T09:43:57.061+0000] {spark_submit.py:521} INFO - 25/08/10 09:43:57 INFO DAGScheduler: Submitting ResultStage 1 (MapPartitionsRDD[8] at showString at NativeMethodAccessorImpl.java:0), which has no missing parents
[2025-08-10T09:43:57.127+0000] {spark_submit.py:521} INFO - 25/08/10 09:43:57 INFO MemoryStore: Block broadcast_2 stored as values in memory (estimated size 72.5 KiB, free 434.1 MiB)
[2025-08-10T09:43:57.139+0000] {spark_submit.py:521} INFO - 25/08/10 09:43:57 INFO MemoryStore: Block broadcast_2_piece0 stored as bytes in memory (estimated size 25.4 KiB, free 434.0 MiB)
[2025-08-10T09:43:57.143+0000] {spark_submit.py:521} INFO - 25/08/10 09:43:57 INFO SparkContext: Created broadcast 2 from broadcast at DAGScheduler.scala:1676
[2025-08-10T09:43:57.144+0000] {spark_submit.py:521} INFO - 25/08/10 09:43:57 INFO DAGScheduler: Submitting 1 missing tasks from ResultStage 1 (MapPartitionsRDD[8] at showString at NativeMethodAccessorImpl.java:0) (first 15 tasks are for partitions Vector(0))
[2025-08-10T09:43:57.144+0000] {spark_submit.py:521} INFO - 25/08/10 09:43:57 INFO TaskSchedulerImpl: Adding task set 1.0 with 1 tasks resource profile 0
[2025-08-10T09:43:57.149+0000] {spark_submit.py:521} INFO - 25/08/10 09:43:57 INFO TaskSetManager: Starting task 0.0 in stage 1.0 (TID 1) (172.18.0.5,executor 0, partition 0, PROCESS_LOCAL, 10449 bytes)
[2025-08-10T09:44:01.557+0000] {spark_submit.py:521} INFO - 25/08/10 09:44:01 INFO TaskSetManager: Finished task 0.0 in stage 1.0 (TID 1) in 4411 ms on 172.18.0.5 (executor 0) (1/1)
[2025-08-10T09:44:01.558+0000] {spark_submit.py:521} INFO - 25/08/10 09:44:01 INFO TaskSchedulerImpl: Removed TaskSet 1.0 whose tasks have all completed, from pool
[2025-08-10T09:44:01.559+0000] {spark_submit.py:521} INFO - 25/08/10 09:44:01 INFO PythonAccumulatorV2: Connected to AccumulatorServer at host: 127.0.0.1 port: 37779
[2025-08-10T09:44:01.561+0000] {spark_submit.py:521} INFO - 25/08/10 09:44:01 INFO DAGScheduler: ResultStage 1 (showString at NativeMethodAccessorImpl.java:0) finished in 4498 ms
[2025-08-10T09:44:01.562+0000] {spark_submit.py:521} INFO - 25/08/10 09:44:01 INFO DAGScheduler: Job 1 is finished. Cancelling potential speculative or zombie tasks for this job
[2025-08-10T09:44:01.562+0000] {spark_submit.py:521} INFO - 25/08/10 09:44:01 INFO TaskSchedulerImpl: Canceling stage 1
[2025-08-10T09:44:01.563+0000] {spark_submit.py:521} INFO - 25/08/10 09:44:01 INFO TaskSchedulerImpl: Killing all running tasks in stage 1: Stage finished
[2025-08-10T09:44:01.563+0000] {spark_submit.py:521} INFO - 25/08/10 09:44:01 INFO DAGScheduler: Job 1 finished: showString at NativeMethodAccessorImpl.java:0, took 4505.372986 ms
[2025-08-10T09:44:01.599+0000] {spark_submit.py:521} INFO - 25/08/10 09:44:01 INFO CodeGenerator: Code generated in 12.607098 ms
[2025-08-10T09:44:01.614+0000] {spark_submit.py:521} INFO - +--------------------+--------------------+---+----------------+----------+----------+----------------+----------------+--------------------+--------------------+--------------+--------------+---------------+----------------+-----------+--------+------------+
[2025-08-10T09:44:01.615+0000] {spark_submit.py:521} INFO - |        job_position|        company_name|yoe|job_posting_date|min_salary|max_salary|company_size_min|company_size_max|         major_field|               level|num_of_recruit|     work_form|relation_fields|skills_extracted|       city|district|      source|
[2025-08-10T09:44:01.615+0000] {spark_submit.py:521} INFO - +--------------------+--------------------+---+----------------+----------+----------+----------------+----------------+--------------------+--------------------+--------------+--------------+---------------+----------------+-----------+--------+------------+
[2025-08-10T09:44:01.616+0000] {spark_submit.py:521} INFO - |[Hưng Yên] Trưởng...|Mektec Manufactur...|  5|      2025-07-11|  17000000|  23000000|            1000|            4999|       Manufacturing|        Trưởng phòng|          NULL|Toàn thời gian|             []|              []|   Hưng Yên|        |vietnamworks|
[2025-08-10T09:44:01.616+0000] {spark_submit.py:521} INFO - |Senior AI Enginee...|Bosch Global Soft...|  5|      2025-07-28|         0|         0|            1000|            4999|Information Techn...|           Nhân viên|          NULL|Toàn thời gian|             []|              []|Hồ Chí Minh|        |vietnamworks|
[2025-08-10T09:44:01.616+0000] {spark_submit.py:521} INFO - |Nhân Viên Kiểm So...|Công Ty TNHH Hyun...|  1|      2025-07-21|         0|         0|             100|             499|Textiles, Garment...|           Nhân viên|          NULL|Toàn thời gian|             []|              []| Bình Dương|        |vietnamworks|
[2025-08-10T09:44:01.617+0000] {spark_submit.py:521} INFO - |Head of Database ...|Ngân Hàng TNHH In...|  5|      2025-07-28|         0|         0|            1000|            4999|Information Techn...|           Nhân viên|          NULL|Toàn thời gian|             []|              []|Hồ Chí Minh|        |vietnamworks|
[2025-08-10T09:44:01.617+0000] {spark_submit.py:521} INFO - |Trade Marketing M...|Công Ty Cổ Phần C...|  2|      2025-07-21|         0|         0|             500|             999|Marketing, Advert...|        Trưởng phòng|           1.0|Toàn thời gian|             []|              []|Hồ Chí Minh|        |vietnamworks|
[2025-08-10T09:44:01.617+0000] {spark_submit.py:521} INFO - |Chuyên Viên Phân ...|Công Ty Tài Chính...|  1|      2025-08-04|         0|         0|            5000|            9999|Banking & Financi...|           Nhân viên|          NULL|Toàn thời gian|             []|              []|     Hà Nội|        |vietnamworks|
[2025-08-10T09:44:01.618+0000] {spark_submit.py:521} INFO - |Junior Analyst (S...|Profectus Vietnam...|  0|      2025-07-10|         0|         0|            NULL|            NULL|Banking & Financi...|           Nhân viên|          NULL|Toàn thời gian|             []|              []|Hồ Chí Minh|        |vietnamworks|
[2025-08-10T09:44:01.618+0000] {spark_submit.py:521} INFO - |Nhân Viên Trợ Lý ...|Santomas Vietnam ...|  0|      2025-07-14|   9120000|  14400000|             500|             999|Administration/Of...|           Nhân viên|          NULL|Toàn thời gian|             []|              []|   Bắc Ninh|        |vietnamworks|
[2025-08-10T09:44:01.618+0000] {spark_submit.py:521} INFO - |Sale Admin - Trợ ...|      Chicilon Media|  0|      2025-08-01|         0|         0|            NULL|            NULL|Administration/Of...|      Mới Tốt Nghiệp|          NULL|Toàn thời gian|             []|              []|Hồ Chí Minh|        |vietnamworks|
[2025-08-10T09:44:01.618+0000] {spark_submit.py:521} INFO - |Lead/Senior Autom...|       Zeder Vietnam|  3|      2025-07-28|         0|         0|             100|             499|Information Techn...|           Nhân viên|          NULL|Toàn thời gian|             []|              []|     Hà Nội| Hà Đông|vietnamworks|
[2025-08-10T09:44:01.619+0000] {spark_submit.py:521} INFO - |      Kế Toán Trưởng|CÔNG TY TNHH CG G...|  5|      2025-08-04|  35000000|  45000000|            NULL|            NULL| Accounting/Auditing|        Trưởng phòng|           1.0|Toàn thời gian|             []|              []|     Hà Nội|        |vietnamworks|
[2025-08-10T09:44:01.619+0000] {spark_submit.py:521} INFO - |Chuyên Viên Công ...|Công Ty Cổ Phần A...|  1|      2025-08-04|  12000000|  25000000|            NULL|            NULL|Information Techn...|           Nhân viên|           5.0|Toàn thời gian|             []|              []|     Hà Nội|  Tây Hồ|vietnamworks|
[2025-08-10T09:44:01.619+0000] {spark_submit.py:521} INFO - |Supply Chain Oper...|   Crossian Việt Nam|  3|      2025-07-21|1000000000|1500000000|            NULL|            NULL|Logistics/Import ...|           Nhân viên|           1.0|Toàn thời gian|             []|              []|     Hà Nội|        |vietnamworks|
[2025-08-10T09:44:01.619+0000] {spark_submit.py:521} INFO - |   Sales Coordinator|Công Ty TNHH Công...|  3|      2025-07-14|         0|         0|            NULL|            NULL|Administration/Of...|           Nhân viên|          NULL|Toàn thời gian|             []|              []|Hồ Chí Minh|        |vietnamworks|
[2025-08-10T09:44:01.620+0000] {spark_submit.py:521} INFO - |Quality Assurance...|     Ferguson Global|  6|      2025-07-14|  32000000|         0|            NULL|            NULL|       Manufacturing|           Nhân viên|          NULL|Toàn thời gian|             []|              []|Hồ Chí Minh|        |vietnamworks|
[2025-08-10T09:44:01.620+0000] {spark_submit.py:521} INFO - |Senior Manager, C...|Công Ty Cổ Phần Đ...| 10|      2025-07-29|         0|         0|             500|             999|Human Resources/R...|Giám Đốc và Cấp C...|           1.0|Toàn thời gian|             []|              []|Hồ Chí Minh|        |vietnamworks|
[2025-08-10T09:44:01.620+0000] {spark_submit.py:521} INFO - |Collections Proje...|           FE CREDIT|  3|      2025-07-21|         0|         0|           10000|           19999|Information Techn...|           Nhân viên|          NULL|Toàn thời gian|             []|              []|Hồ Chí Minh|Tân Bình|vietnamworks|
[2025-08-10T09:44:01.620+0000] {spark_submit.py:521} INFO - |ASIC Design Verif...|         FPT Telecom|  2|      2025-07-23|  48000000|  84000000|            5000|            9999|Information Techn...|           Nhân viên|          NULL|Toàn thời gian|             []|              []|Hồ Chí Minh|        |vietnamworks|
[2025-08-10T09:44:01.621+0000] {spark_submit.py:521} INFO - |Senior Expert, Da...|         Techcombank| 12|      2025-07-29|         0|         0|            NULL|            NULL|Information Techn...|           Nhân viên|           1.0|Toàn thời gian|             []|              []|     Hà Nội|        |vietnamworks|
[2025-08-10T09:44:01.621+0000] {spark_submit.py:521} INFO - |Chuyên Viên Tư Vấ...|Tập Đoàn Giáo Dục...|  1|      2025-07-22|  12000000|  25000000|             100|             499|               Sales|           Nhân viên|          20.0|Toàn thời gian|             []|              []|     Hà Nội|        |vietnamworks|
[2025-08-10T09:44:01.621+0000] {spark_submit.py:521} INFO - +--------------------+--------------------+---+----------------+----------+----------+----------------+----------------+--------------------+--------------------+--------------+--------------+---------------+----------------+-----------+--------+------------+
[2025-08-10T09:44:01.621+0000] {spark_submit.py:521} INFO - only showing top 20 rows
[2025-08-10T09:44:01.622+0000] {spark_submit.py:521} INFO - 25/08/10 09:44:01 INFO SparkContext: SparkContext is stopping with exitCode 0 from stop at NativeMethodAccessorImpl.java:0.
[2025-08-10T09:44:01.682+0000] {spark_submit.py:521} INFO - 25/08/10 09:44:01 INFO SparkUI: Stopped Spark web UI at http://d64d9d97170e:4040
[2025-08-10T09:44:01.688+0000] {spark_submit.py:521} INFO - 25/08/10 09:44:01 INFO StandaloneSchedulerBackend: Shutting down all executors
[2025-08-10T09:44:01.689+0000] {spark_submit.py:521} INFO - 25/08/10 09:44:01 INFO StandaloneSchedulerBackend$StandaloneDriverEndpoint: Asking each executor to shut down
[2025-08-10T09:44:01.724+0000] {spark_submit.py:521} INFO - 25/08/10 09:44:01 INFO MapOutputTrackerMasterEndpoint: MapOutputTrackerMasterEndpoint stopped!
[2025-08-10T09:44:01.780+0000] {spark_submit.py:521} INFO - 25/08/10 09:44:01 INFO MemoryStore: MemoryStore cleared
[2025-08-10T09:44:01.781+0000] {spark_submit.py:521} INFO - 25/08/10 09:44:01 INFO BlockManager: BlockManager stopped
[2025-08-10T09:44:01.789+0000] {spark_submit.py:521} INFO - 25/08/10 09:44:01 INFO BlockManagerMaster: BlockManagerMaster stopped
[2025-08-10T09:44:01.799+0000] {spark_submit.py:521} INFO - 25/08/10 09:44:01 INFO OutputCommitCoordinator$OutputCommitCoordinatorEndpoint: OutputCommitCoordinator stopped!
[2025-08-10T09:44:01.854+0000] {spark_submit.py:521} INFO - 25/08/10 09:44:01 INFO SparkContext: Successfully stopped SparkContext
[2025-08-10T09:44:02.900+0000] {spark_submit.py:521} INFO - 25/08/10 09:44:02 INFO ShutdownHookManager: Shutdown hook called
[2025-08-10T09:44:02.901+0000] {spark_submit.py:521} INFO - 25/08/10 09:44:02 INFO ShutdownHookManager: Deleting directory /tmp/spark-81e232ed-01cc-4f00-ba02-087417097a8a
[2025-08-10T09:44:02.910+0000] {spark_submit.py:521} INFO - 25/08/10 09:44:02 INFO ShutdownHookManager: Deleting directory /tmp/spark-7e2014e0-2d99-45f6-a07f-aa9b253efe47
[2025-08-10T09:44:02.918+0000] {spark_submit.py:521} INFO - 25/08/10 09:44:02 INFO ShutdownHookManager: Deleting directory /tmp/spark-81e232ed-01cc-4f00-ba02-087417097a8a/pyspark-5dbdfe4b-9924-4b4c-8054-edaca3c4426f
[2025-08-10T09:44:02.927+0000] {spark_submit.py:521} INFO - 25/08/10 09:44:02 INFO ShutdownHookManager: Deleting directory /opt/***/artifacts/spark-4ce147f9-51e5-462f-ac1e-2312a454fbcc
[2025-08-10T09:44:02.986+0000] {taskinstance.py:441} INFO - ::group::Post task execution logs
[2025-08-10T09:44:03.047+0000] {taskinstance.py:1206} INFO - Marking task as SUCCESS. dag_id=spark_transform_topcv, task_id=submit_spark_job, run_id=manual__2025-08-10T09:43:23.933715+00:00, execution_date=20250810T094323, start_date=20250810T094330, end_date=20250810T094403
[2025-08-10T09:44:03.102+0000] {local_task_job_runner.py:240} INFO - Task exited with return code 0
[2025-08-10T09:44:03.148+0000] {taskinstance.py:3498} INFO - 0 downstream tasks scheduled from follow-on schedule check
[2025-08-10T09:44:03.152+0000] {local_task_job_runner.py:222} INFO - ::endgroup::
