[2025-08-05T17:05:23.415+0000] {local_task_job_runner.py:120} INFO - ::group::Pre task execution logs
[2025-08-05T17:05:23.450+0000] {taskinstance.py:2076} INFO - Dependencies all met for dep_context=non-requeueable deps ti=<TaskInstance: spark_transform_gold.submit_gold_transform manual__2025-08-05T17:05:19.045577+00:00 [queued]>
[2025-08-05T17:05:23.458+0000] {taskinstance.py:2076} INFO - Dependencies all met for dep_context=requeueable deps ti=<TaskInstance: spark_transform_gold.submit_gold_transform manual__2025-08-05T17:05:19.045577+00:00 [queued]>
[2025-08-05T17:05:23.458+0000] {taskinstance.py:2306} INFO - Starting attempt 1 of 1
[2025-08-05T17:05:23.468+0000] {taskinstance.py:2330} INFO - Executing <Task(SparkSubmitOperator): submit_gold_transform> on 2025-08-05 17:05:19.045577+00:00
[2025-08-05T17:05:23.474+0000] {standard_task_runner.py:63} INFO - Started process 240 to run task
[2025-08-05T17:05:23.478+0000] {standard_task_runner.py:90} INFO - Running: ['***', 'tasks', 'run', 'spark_transform_gold', 'submit_gold_transform', 'manual__2025-08-05T17:05:19.045577+00:00', '--job-id', '7', '--raw', '--subdir', 'DAGS_FOLDER/etl_jobs_dag.py', '--cfg-path', '/tmp/tmp0w38ss43']
[2025-08-05T17:05:23.481+0000] {standard_task_runner.py:91} INFO - Job 7: Subtask submit_gold_transform
[2025-08-05T17:05:23.553+0000] {task_command.py:426} INFO - Running <TaskInstance: spark_transform_gold.submit_gold_transform manual__2025-08-05T17:05:19.045577+00:00 [running]> on host a2763191a4ee
[2025-08-05T17:05:23.666+0000] {taskinstance.py:2648} INFO - Exporting env vars: AIRFLOW_CTX_DAG_OWNER='***' AIRFLOW_CTX_DAG_ID='spark_transform_gold' AIRFLOW_CTX_TASK_ID='submit_gold_transform' AIRFLOW_CTX_EXECUTION_DATE='2025-08-05T17:05:19.045577+00:00' AIRFLOW_CTX_TRY_NUMBER='1' AIRFLOW_CTX_DAG_RUN_ID='manual__2025-08-05T17:05:19.045577+00:00'
[2025-08-05T17:05:23.667+0000] {taskinstance.py:430} INFO - ::endgroup::
[2025-08-05T17:05:23.696+0000] {base.py:84} INFO - Using connection ID 'spark_default' for task execution.
[2025-08-05T17:05:23.698+0000] {spark_submit.py:351} INFO - Spark-Submit cmd: spark-submit --master spark-master:7077 --executor-cores 2 --executor-memory 2g --driver-memory 1g --name arrow-spark --verbose /opt/spark-jobs/gold_transform.py
[2025-08-05T17:05:24.156+0000] {spark_submit.py:521} INFO - WARNING: Using incubator modules: jdk.incubator.vector
[2025-08-05T17:05:25.702+0000] {spark_submit.py:521} INFO - Parsed arguments:
[2025-08-05T17:05:25.704+0000] {spark_submit.py:521} INFO - master                  spark-master:7077
[2025-08-05T17:05:25.705+0000] {spark_submit.py:521} INFO - remote                  null
[2025-08-05T17:05:25.706+0000] {spark_submit.py:521} INFO - deployMode              null
[2025-08-05T17:05:25.706+0000] {spark_submit.py:521} INFO - executorMemory          2g
[2025-08-05T17:05:25.707+0000] {spark_submit.py:521} INFO - executorCores           2
[2025-08-05T17:05:25.707+0000] {spark_submit.py:521} INFO - totalExecutorCores      null
[2025-08-05T17:05:25.707+0000] {spark_submit.py:521} INFO - propertiesFile          null
[2025-08-05T17:05:25.708+0000] {spark_submit.py:521} INFO - driverMemory            1g
[2025-08-05T17:05:25.708+0000] {spark_submit.py:521} INFO - driverCores             null
[2025-08-05T17:05:25.708+0000] {spark_submit.py:521} INFO - driverExtraClassPath    null
[2025-08-05T17:05:25.709+0000] {spark_submit.py:521} INFO - driverExtraLibraryPath  null
[2025-08-05T17:05:25.709+0000] {spark_submit.py:521} INFO - driverExtraJavaOptions  null
[2025-08-05T17:05:25.709+0000] {spark_submit.py:521} INFO - supervise               false
[2025-08-05T17:05:25.710+0000] {spark_submit.py:521} INFO - queue                   null
[2025-08-05T17:05:25.710+0000] {spark_submit.py:521} INFO - numExecutors            null
[2025-08-05T17:05:25.711+0000] {spark_submit.py:521} INFO - files                   null
[2025-08-05T17:05:25.711+0000] {spark_submit.py:521} INFO - pyFiles                 null
[2025-08-05T17:05:25.712+0000] {spark_submit.py:521} INFO - archives                null
[2025-08-05T17:05:25.712+0000] {spark_submit.py:521} INFO - mainClass               null
[2025-08-05T17:05:25.713+0000] {spark_submit.py:521} INFO - primaryResource         file:/opt/spark-jobs/gold_transform.py
[2025-08-05T17:05:25.713+0000] {spark_submit.py:521} INFO - name                    arrow-spark
[2025-08-05T17:05:25.713+0000] {spark_submit.py:521} INFO - childArgs               []
[2025-08-05T17:05:25.714+0000] {spark_submit.py:521} INFO - jars                    null
[2025-08-05T17:05:25.714+0000] {spark_submit.py:521} INFO - packages                null
[2025-08-05T17:05:25.714+0000] {spark_submit.py:521} INFO - packagesExclusions      null
[2025-08-05T17:05:25.715+0000] {spark_submit.py:521} INFO - repositories            null
[2025-08-05T17:05:25.715+0000] {spark_submit.py:521} INFO - verbose                 true
[2025-08-05T17:05:25.715+0000] {spark_submit.py:521} INFO - 
[2025-08-05T17:05:25.716+0000] {spark_submit.py:521} INFO - Spark properties used, including those specified through
[2025-08-05T17:05:25.716+0000] {spark_submit.py:521} INFO - --conf and those from the properties file null:
[2025-08-05T17:05:25.716+0000] {spark_submit.py:521} INFO - (spark.driver.memory,1g)
[2025-08-05T17:05:25.717+0000] {spark_submit.py:521} INFO - 
[2025-08-05T17:05:25.717+0000] {spark_submit.py:521} INFO - 
[2025-08-05T17:05:26.390+0000] {spark_submit.py:521} INFO - Main class:
[2025-08-05T17:05:26.392+0000] {spark_submit.py:521} INFO - org.apache.spark.deploy.PythonRunner
[2025-08-05T17:05:26.392+0000] {spark_submit.py:521} INFO - Arguments:
[2025-08-05T17:05:26.393+0000] {spark_submit.py:521} INFO - file:/opt/spark-jobs/gold_transform.py
[2025-08-05T17:05:26.393+0000] {spark_submit.py:521} INFO - null
[2025-08-05T17:05:26.393+0000] {spark_submit.py:521} INFO - Spark config:
[2025-08-05T17:05:26.394+0000] {spark_submit.py:521} INFO - (spark.app.name,arrow-spark)
[2025-08-05T17:05:26.394+0000] {spark_submit.py:521} INFO - (spark.app.submitTime,1754413526364)
[2025-08-05T17:05:26.394+0000] {spark_submit.py:521} INFO - (spark.driver.memory,1g)
[2025-08-05T17:05:26.395+0000] {spark_submit.py:521} INFO - (spark.executor.cores,2)
[2025-08-05T17:05:26.395+0000] {spark_submit.py:521} INFO - (spark.executor.memory,2g)
[2025-08-05T17:05:26.395+0000] {spark_submit.py:521} INFO - (spark.master,spark-master:7077)
[2025-08-05T17:05:26.395+0000] {spark_submit.py:521} INFO - (spark.submit.deployMode,client)
[2025-08-05T17:05:26.396+0000] {spark_submit.py:521} INFO - (spark.submit.pyFiles,)
[2025-08-05T17:05:26.396+0000] {spark_submit.py:521} INFO - Classpath elements:
[2025-08-05T17:05:26.396+0000] {spark_submit.py:521} INFO - 
[2025-08-05T17:05:26.397+0000] {spark_submit.py:521} INFO - 
[2025-08-05T17:05:26.397+0000] {spark_submit.py:521} INFO - 
[2025-08-05T17:05:29.260+0000] {spark_submit.py:521} INFO - Using Spark's default log4j profile: org/apache/spark/log4j2-defaults.properties
[2025-08-05T17:05:29.271+0000] {spark_submit.py:521} INFO - 25/08/05 17:05:29 INFO SparkContext: Running Spark version 4.0.0
[2025-08-05T17:05:29.275+0000] {spark_submit.py:521} INFO - 25/08/05 17:05:29 INFO SparkContext: OS info Linux, 5.15.167.4-microsoft-standard-WSL2, amd64
[2025-08-05T17:05:29.276+0000] {spark_submit.py:521} INFO - 25/08/05 17:05:29 INFO SparkContext: Java version 17.0.15
[2025-08-05T17:05:29.444+0000] {spark_submit.py:521} INFO - 25/08/05 17:05:29 WARN NativeCodeLoader: Unable to load native-hadoop library for your platform... using builtin-java classes where applicable
[2025-08-05T17:05:29.589+0000] {spark_submit.py:521} INFO - 25/08/05 17:05:29 INFO ResourceUtils: ==============================================================
[2025-08-05T17:05:29.590+0000] {spark_submit.py:521} INFO - 25/08/05 17:05:29 INFO ResourceUtils: No custom resources configured for spark.driver.
[2025-08-05T17:05:29.591+0000] {spark_submit.py:521} INFO - 25/08/05 17:05:29 INFO ResourceUtils: ==============================================================
[2025-08-05T17:05:29.591+0000] {spark_submit.py:521} INFO - 25/08/05 17:05:29 INFO SparkContext: Submitted application: SimpleTest
[2025-08-05T17:05:29.622+0000] {spark_submit.py:521} INFO - 25/08/05 17:05:29 INFO ResourceProfile: Default ResourceProfile created, executor resources: Map(cores -> name: cores, amount: 2, script: , vendor: , memory -> name: memory, amount: 2048, script: , vendor: , offHeap -> name: offHeap, amount: 0, script: , vendor: ), task resources: Map(cpus -> name: cpus, amount: 1.0)
[2025-08-05T17:05:29.626+0000] {spark_submit.py:521} INFO - 25/08/05 17:05:29 INFO ResourceProfile: Limiting resource is cpus at 2 tasks per executor
[2025-08-05T17:05:29.629+0000] {spark_submit.py:521} INFO - 25/08/05 17:05:29 INFO ResourceProfileManager: Added ResourceProfile id: 0
[2025-08-05T17:05:29.698+0000] {spark_submit.py:521} INFO - 25/08/05 17:05:29 INFO SecurityManager: Changing view acls to: ***
[2025-08-05T17:05:29.699+0000] {spark_submit.py:521} INFO - 25/08/05 17:05:29 INFO SecurityManager: Changing modify acls to: ***
[2025-08-05T17:05:29.699+0000] {spark_submit.py:521} INFO - 25/08/05 17:05:29 INFO SecurityManager: Changing view acls groups to: ***
[2025-08-05T17:05:29.700+0000] {spark_submit.py:521} INFO - 25/08/05 17:05:29 INFO SecurityManager: Changing modify acls groups to: ***
[2025-08-05T17:05:29.704+0000] {spark_submit.py:521} INFO - 25/08/05 17:05:29 INFO SecurityManager: SecurityManager: authentication disabled; ui acls disabled; users with view permissions: *** groups with view permissions: EMPTY; users with modify permissions: ***; groups with modify permissions: EMPTY; RPC SSL disabled
[2025-08-05T17:05:30.291+0000] {spark_submit.py:521} INFO - 25/08/05 17:05:30 INFO Utils: Successfully started service 'sparkDriver' on port 40877.
[2025-08-05T17:05:30.340+0000] {spark_submit.py:521} INFO - 25/08/05 17:05:30 INFO SparkEnv: Registering MapOutputTracker
[2025-08-05T17:05:30.355+0000] {spark_submit.py:521} INFO - 25/08/05 17:05:30 INFO SparkEnv: Registering BlockManagerMaster
[2025-08-05T17:05:30.375+0000] {spark_submit.py:521} INFO - 25/08/05 17:05:30 INFO BlockManagerMasterEndpoint: Using org.apache.spark.storage.DefaultTopologyMapper for getting topology information
[2025-08-05T17:05:30.376+0000] {spark_submit.py:521} INFO - 25/08/05 17:05:30 INFO BlockManagerMasterEndpoint: BlockManagerMasterEndpoint up
[2025-08-05T17:05:30.379+0000] {spark_submit.py:521} INFO - 25/08/05 17:05:30 INFO SparkEnv: Registering BlockManagerMasterHeartbeat
[2025-08-05T17:05:30.410+0000] {spark_submit.py:521} INFO - 25/08/05 17:05:30 INFO DiskBlockManager: Created local directory at /tmp/blockmgr-4c14676e-bce2-41c2-a58b-dce73a06e5e2
[2025-08-05T17:05:30.439+0000] {spark_submit.py:521} INFO - 25/08/05 17:05:30 INFO SparkEnv: Registering OutputCommitCoordinator
[2025-08-05T17:05:30.579+0000] {spark_submit.py:521} INFO - 25/08/05 17:05:30 INFO JettyUtils: Start Jetty 0.0.0.0:4040 for SparkUI
[2025-08-05T17:05:30.649+0000] {spark_submit.py:521} INFO - 25/08/05 17:05:30 INFO Utils: Successfully started service 'SparkUI' on port 4040.
[2025-08-05T17:05:30.712+0000] {spark_submit.py:521} INFO - 25/08/05 17:05:30 INFO SecurityManager: Changing view acls to: ***
[2025-08-05T17:05:30.713+0000] {spark_submit.py:521} INFO - 25/08/05 17:05:30 INFO SecurityManager: Changing modify acls to: ***
[2025-08-05T17:05:30.713+0000] {spark_submit.py:521} INFO - 25/08/05 17:05:30 INFO SecurityManager: Changing view acls groups to: ***
[2025-08-05T17:05:30.714+0000] {spark_submit.py:521} INFO - 25/08/05 17:05:30 INFO SecurityManager: Changing modify acls groups to: ***
[2025-08-05T17:05:30.714+0000] {spark_submit.py:521} INFO - 25/08/05 17:05:30 INFO SecurityManager: SecurityManager: authentication disabled; ui acls disabled; users with view permissions: *** groups with view permissions: EMPTY; users with modify permissions: ***; groups with modify permissions: EMPTY; RPC SSL disabled
[2025-08-05T17:05:30.762+0000] {spark_submit.py:521} INFO - 25/08/05 17:05:30 ERROR SparkContext: Error initializing SparkContext.
[2025-08-05T17:05:30.763+0000] {spark_submit.py:521} INFO - org.apache.spark.SparkException: Could not parse Master URL: 'spark-master:7077'
[2025-08-05T17:05:30.763+0000] {spark_submit.py:521} INFO - at org.apache.spark.SparkContext$.org$apache$spark$SparkContext$$createTaskScheduler(SparkContext.scala:3358)
[2025-08-05T17:05:30.764+0000] {spark_submit.py:521} INFO - at org.apache.spark.SparkContext.<init>(SparkContext.scala:593)
[2025-08-05T17:05:30.764+0000] {spark_submit.py:521} INFO - at org.apache.spark.api.java.JavaSparkContext.<init>(JavaSparkContext.scala:59)
[2025-08-05T17:05:30.764+0000] {spark_submit.py:521} INFO - at java.base/jdk.internal.reflect.NativeConstructorAccessorImpl.newInstance0(Native Method)
[2025-08-05T17:05:30.764+0000] {spark_submit.py:521} INFO - at java.base/jdk.internal.reflect.NativeConstructorAccessorImpl.newInstance(NativeConstructorAccessorImpl.java:77)
[2025-08-05T17:05:30.765+0000] {spark_submit.py:521} INFO - at java.base/jdk.internal.reflect.DelegatingConstructorAccessorImpl.newInstance(DelegatingConstructorAccessorImpl.java:45)
[2025-08-05T17:05:30.765+0000] {spark_submit.py:521} INFO - at java.base/java.lang.reflect.Constructor.newInstanceWithCaller(Constructor.java:500)
[2025-08-05T17:05:30.765+0000] {spark_submit.py:521} INFO - at java.base/java.lang.reflect.Constructor.newInstance(Constructor.java:481)
[2025-08-05T17:05:30.766+0000] {spark_submit.py:521} INFO - at py4j.reflection.MethodInvoker.invoke(MethodInvoker.java:247)
[2025-08-05T17:05:30.766+0000] {spark_submit.py:521} INFO - at py4j.reflection.ReflectionEngine.invoke(ReflectionEngine.java:374)
[2025-08-05T17:05:30.766+0000] {spark_submit.py:521} INFO - at py4j.Gateway.invoke(Gateway.java:238)
[2025-08-05T17:05:30.767+0000] {spark_submit.py:521} INFO - at py4j.commands.ConstructorCommand.invokeConstructor(ConstructorCommand.java:80)
[2025-08-05T17:05:30.767+0000] {spark_submit.py:521} INFO - at py4j.commands.ConstructorCommand.execute(ConstructorCommand.java:69)
[2025-08-05T17:05:30.767+0000] {spark_submit.py:521} INFO - at py4j.ClientServerConnection.waitForCommands(ClientServerConnection.java:184)
[2025-08-05T17:05:30.768+0000] {spark_submit.py:521} INFO - at py4j.ClientServerConnection.run(ClientServerConnection.java:108)
[2025-08-05T17:05:30.768+0000] {spark_submit.py:521} INFO - at java.base/java.lang.Thread.run(Thread.java:840)
[2025-08-05T17:05:30.773+0000] {spark_submit.py:521} INFO - 25/08/05 17:05:30 INFO SparkContext: SparkContext is stopping with exitCode 0 from JavaSparkContext at NativeConstructorAccessorImpl.java:0.
[2025-08-05T17:05:30.793+0000] {spark_submit.py:521} INFO - 25/08/05 17:05:30 INFO SparkUI: Stopped Spark web UI at http://a2763191a4ee:4040
[2025-08-05T17:05:30.875+0000] {spark_submit.py:521} INFO - 25/08/05 17:05:30 INFO MapOutputTrackerMasterEndpoint: MapOutputTrackerMasterEndpoint stopped!
[2025-08-05T17:05:31.415+0000] {spark_submit.py:521} INFO - 25/08/05 17:05:31 INFO MemoryStore: MemoryStore started with capacity 434.4 MiB
[2025-08-05T17:05:31.416+0000] {spark_submit.py:521} INFO - 25/08/05 17:05:31 INFO MemoryStore: MemoryStore cleared
[2025-08-05T17:05:31.416+0000] {spark_submit.py:521} INFO - 25/08/05 17:05:31 INFO BlockManager: BlockManager stopped
[2025-08-05T17:05:31.431+0000] {spark_submit.py:521} INFO - 25/08/05 17:05:31 INFO BlockManagerMaster: BlockManagerMaster stopped
[2025-08-05T17:05:31.432+0000] {spark_submit.py:521} INFO - 25/08/05 17:05:31 WARN MetricsSystem: Stopping a MetricsSystem that is not running
[2025-08-05T17:05:31.437+0000] {spark_submit.py:521} INFO - 25/08/05 17:05:31 INFO OutputCommitCoordinator$OutputCommitCoordinatorEndpoint: OutputCommitCoordinator stopped!
[2025-08-05T17:05:31.466+0000] {spark_submit.py:521} INFO - 25/08/05 17:05:31 INFO SparkContext: Successfully stopped SparkContext
[2025-08-05T17:05:31.467+0000] {spark_submit.py:521} INFO - Traceback (most recent call last):
[2025-08-05T17:05:31.467+0000] {spark_submit.py:521} INFO - File "/opt/spark-jobs/gold_transform.py", line 3, in <module>
[2025-08-05T17:05:31.471+0000] {spark_submit.py:521} INFO - spark = SparkSession.builder.appName("SimpleTest").getOrCreate()
[2025-08-05T17:05:31.472+0000] {spark_submit.py:521} INFO - File "/home/***/.local/lib/python3.10/site-packages/pyspark/python/lib/pyspark.zip/pyspark/sql/session.py", line 556, in getOrCreate
[2025-08-05T17:05:31.473+0000] {spark_submit.py:521} INFO - File "/home/***/.local/lib/python3.10/site-packages/pyspark/python/lib/pyspark.zip/pyspark/core/context.py", line 523, in getOrCreate
[2025-08-05T17:05:31.473+0000] {spark_submit.py:521} INFO - File "/home/***/.local/lib/python3.10/site-packages/pyspark/python/lib/pyspark.zip/pyspark/core/context.py", line 207, in __init__
[2025-08-05T17:05:31.474+0000] {spark_submit.py:521} INFO - File "/home/***/.local/lib/python3.10/site-packages/pyspark/python/lib/pyspark.zip/pyspark/core/context.py", line 300, in _do_init
[2025-08-05T17:05:31.474+0000] {spark_submit.py:521} INFO - File "/home/***/.local/lib/python3.10/site-packages/pyspark/python/lib/pyspark.zip/pyspark/core/context.py", line 429, in _initialize_context
[2025-08-05T17:05:31.474+0000] {spark_submit.py:521} INFO - File "/home/***/.local/lib/python3.10/site-packages/pyspark/python/lib/py4j-0.10.9.9-src.zip/py4j/java_gateway.py", line 1627, in __call__
[2025-08-05T17:05:31.474+0000] {spark_submit.py:521} INFO - File "/home/***/.local/lib/python3.10/site-packages/pyspark/python/lib/py4j-0.10.9.9-src.zip/py4j/protocol.py", line 327, in get_return_value
[2025-08-05T17:05:31.475+0000] {spark_submit.py:521} INFO - py4j.protocol.Py4JJavaError: An error occurred while calling None.org.apache.spark.api.java.JavaSparkContext.
[2025-08-05T17:05:31.475+0000] {spark_submit.py:521} INFO - : org.apache.spark.SparkException: Could not parse Master URL: 'spark-master:7077'
[2025-08-05T17:05:31.475+0000] {spark_submit.py:521} INFO - at org.apache.spark.SparkContext$.org$apache$spark$SparkContext$$createTaskScheduler(SparkContext.scala:3358)
[2025-08-05T17:05:31.475+0000] {spark_submit.py:521} INFO - at org.apache.spark.SparkContext.<init>(SparkContext.scala:593)
[2025-08-05T17:05:31.476+0000] {spark_submit.py:521} INFO - at org.apache.spark.api.java.JavaSparkContext.<init>(JavaSparkContext.scala:59)
[2025-08-05T17:05:31.476+0000] {spark_submit.py:521} INFO - at java.base/jdk.internal.reflect.NativeConstructorAccessorImpl.newInstance0(Native Method)
[2025-08-05T17:05:31.476+0000] {spark_submit.py:521} INFO - at java.base/jdk.internal.reflect.NativeConstructorAccessorImpl.newInstance(NativeConstructorAccessorImpl.java:77)
[2025-08-05T17:05:31.476+0000] {spark_submit.py:521} INFO - at java.base/jdk.internal.reflect.DelegatingConstructorAccessorImpl.newInstance(DelegatingConstructorAccessorImpl.java:45)
[2025-08-05T17:05:31.477+0000] {spark_submit.py:521} INFO - at java.base/java.lang.reflect.Constructor.newInstanceWithCaller(Constructor.java:500)
[2025-08-05T17:05:31.477+0000] {spark_submit.py:521} INFO - at java.base/java.lang.reflect.Constructor.newInstance(Constructor.java:481)
[2025-08-05T17:05:31.477+0000] {spark_submit.py:521} INFO - at py4j.reflection.MethodInvoker.invoke(MethodInvoker.java:247)
[2025-08-05T17:05:31.477+0000] {spark_submit.py:521} INFO - at py4j.reflection.ReflectionEngine.invoke(ReflectionEngine.java:374)
[2025-08-05T17:05:31.477+0000] {spark_submit.py:521} INFO - at py4j.Gateway.invoke(Gateway.java:238)
[2025-08-05T17:05:31.478+0000] {spark_submit.py:521} INFO - at py4j.commands.ConstructorCommand.invokeConstructor(ConstructorCommand.java:80)
[2025-08-05T17:05:31.478+0000] {spark_submit.py:521} INFO - at py4j.commands.ConstructorCommand.execute(ConstructorCommand.java:69)
[2025-08-05T17:05:31.478+0000] {spark_submit.py:521} INFO - at py4j.ClientServerConnection.waitForCommands(ClientServerConnection.java:184)
[2025-08-05T17:05:31.479+0000] {spark_submit.py:521} INFO - at py4j.ClientServerConnection.run(ClientServerConnection.java:108)
[2025-08-05T17:05:31.479+0000] {spark_submit.py:521} INFO - at java.base/java.lang.Thread.run(Thread.java:840)
[2025-08-05T17:05:31.479+0000] {spark_submit.py:521} INFO - 
[2025-08-05T17:05:31.684+0000] {spark_submit.py:521} INFO - 25/08/05 17:05:31 INFO ShutdownHookManager: Shutdown hook called
[2025-08-05T17:05:31.685+0000] {spark_submit.py:521} INFO - 25/08/05 17:05:31 INFO ShutdownHookManager: Deleting directory /tmp/spark-07d5c0ec-28d3-4b2d-833f-a72eaab203bc
[2025-08-05T17:05:31.707+0000] {spark_submit.py:521} INFO - 25/08/05 17:05:31 INFO ShutdownHookManager: Deleting directory /tmp/spark-5a91b039-ffbf-4232-aa48-7a7b7f48d49d
[2025-08-05T17:05:31.752+0000] {taskinstance.py:441} INFO - ::group::Post task execution logs
[2025-08-05T17:05:31.766+0000] {taskinstance.py:2905} ERROR - Task failed with exception
Traceback (most recent call last):
  File "/home/airflow/.local/lib/python3.10/site-packages/airflow/models/taskinstance.py", line 465, in _execute_task
    result = _execute_callable(context=context, **execute_callable_kwargs)
  File "/home/airflow/.local/lib/python3.10/site-packages/airflow/models/taskinstance.py", line 432, in _execute_callable
    return execute_callable(context=context, **execute_callable_kwargs)
  File "/home/airflow/.local/lib/python3.10/site-packages/airflow/models/baseoperator.py", line 400, in wrapper
    return func(self, *args, **kwargs)
  File "/home/airflow/.local/lib/python3.10/site-packages/airflow/providers/apache/spark/operators/spark_submit.py", line 156, in execute
    self._hook.submit(self._application)
  File "/home/airflow/.local/lib/python3.10/site-packages/airflow/providers/apache/spark/hooks/spark_submit.py", line 452, in submit
    raise AirflowException(
airflow.exceptions.AirflowException: Cannot execute: spark-submit --master spark-master:7077 --executor-cores 2 --executor-memory 2g --driver-memory 1g --name arrow-spark --verbose /opt/spark-jobs/gold_transform.py. Error code is: 1.
[2025-08-05T17:05:31.775+0000] {taskinstance.py:1206} INFO - Marking task as FAILED. dag_id=spark_transform_gold, task_id=submit_gold_transform, run_id=manual__2025-08-05T17:05:19.045577+00:00, execution_date=20250805T170519, start_date=20250805T170523, end_date=20250805T170531
[2025-08-05T17:05:31.799+0000] {standard_task_runner.py:110} ERROR - Failed to execute job 7 for task submit_gold_transform (Cannot execute: spark-submit --master spark-master:7077 --executor-cores 2 --executor-memory 2g --driver-memory 1g --name arrow-spark --verbose /opt/spark-jobs/gold_transform.py. Error code is: 1.; 240)
[2025-08-05T17:05:31.822+0000] {local_task_job_runner.py:240} INFO - Task exited with return code 1
[2025-08-05T17:05:31.853+0000] {taskinstance.py:3498} INFO - 0 downstream tasks scheduled from follow-on schedule check
[2025-08-05T17:05:31.857+0000] {local_task_job_runner.py:222} INFO - ::endgroup::
