[2025-08-10T07:46:05.627+0000] {local_task_job_runner.py:120} INFO - ::group::Pre task execution logs
[2025-08-10T07:46:05.650+0000] {taskinstance.py:2076} INFO - Dependencies all met for dep_context=non-requeueable deps ti=<TaskInstance: spark_transform_topcv.submit_spark_job manual__2025-08-10T07:46:02.348960+00:00 [queued]>
[2025-08-10T07:46:05.656+0000] {taskinstance.py:2076} INFO - Dependencies all met for dep_context=requeueable deps ti=<TaskInstance: spark_transform_topcv.submit_spark_job manual__2025-08-10T07:46:02.348960+00:00 [queued]>
[2025-08-10T07:46:05.657+0000] {taskinstance.py:2306} INFO - Starting attempt 1 of 1
[2025-08-10T07:46:05.666+0000] {taskinstance.py:2330} INFO - Executing <Task(SparkSubmitOperator): submit_spark_job> on 2025-08-10 07:46:02.348960+00:00
[2025-08-10T07:46:05.672+0000] {standard_task_runner.py:63} INFO - Started process 1493 to run task
[2025-08-10T07:46:05.675+0000] {standard_task_runner.py:90} INFO - Running: ['***', 'tasks', 'run', 'spark_transform_topcv', 'submit_spark_job', 'manual__2025-08-10T07:46:02.348960+00:00', '--job-id', '112', '--raw', '--subdir', 'DAGS_FOLDER/etl_jobs_dag.py', '--cfg-path', '/tmp/tmpdtyrj8kb']
[2025-08-10T07:46:05.677+0000] {standard_task_runner.py:91} INFO - Job 112: Subtask submit_spark_job
[2025-08-10T07:46:05.722+0000] {task_command.py:426} INFO - Running <TaskInstance: spark_transform_topcv.submit_spark_job manual__2025-08-10T07:46:02.348960+00:00 [running]> on host 12ff19608307
[2025-08-10T07:46:05.813+0000] {taskinstance.py:2648} INFO - Exporting env vars: AIRFLOW_CTX_DAG_OWNER='***' AIRFLOW_CTX_DAG_ID='spark_transform_topcv' AIRFLOW_CTX_TASK_ID='submit_spark_job' AIRFLOW_CTX_EXECUTION_DATE='2025-08-10T07:46:02.348960+00:00' AIRFLOW_CTX_TRY_NUMBER='1' AIRFLOW_CTX_DAG_RUN_ID='manual__2025-08-10T07:46:02.348960+00:00'
[2025-08-10T07:46:05.814+0000] {taskinstance.py:430} INFO - ::endgroup::
[2025-08-10T07:46:05.848+0000] {base.py:84} INFO - Using connection ID 'spark_default' for task execution.
[2025-08-10T07:46:05.849+0000] {spark_submit.py:351} INFO - Spark-Submit cmd: spark-submit --master spark://spark-master:7077 --conf spark.master=spark://spark-master:7077 --conf spark.driver.extraClassPath=/opt/custom-jars/* --conf spark.executor.extraClassPath=/opt/custom-jars/* --conf spark.hadoop.fs.gs.impl=com.google.cloud.hadoop.fs.gcs.GoogleHadoopFileSystem --conf spark.hadoop.fs.AbstractFileSystem.gs.impl=com.google.cloud.hadoop.fs.gcs.GoogleHadoopFS --conf spark.hadoop.google.cloud.auth.service.account.enable=true --conf spark.hadoop.google.cloud.auth.service.account.json.keyfile=/opt/***/gcp-key.json --jars /opt/custom-jars/gcs-connector-hadoop3-2.2.14-shaded.jar --name arrow-spark --verbose /opt/spark-jobs/gold_transform.py
[2025-08-10T07:46:06.652+0000] {spark_submit.py:521} INFO - WARNING: Using incubator modules: jdk.incubator.vector
[2025-08-10T07:46:08.797+0000] {spark_submit.py:521} INFO - Parsed arguments:
[2025-08-10T07:46:08.798+0000] {spark_submit.py:521} INFO - master                  spark://spark-master:7077
[2025-08-10T07:46:08.798+0000] {spark_submit.py:521} INFO - remote                  null
[2025-08-10T07:46:08.798+0000] {spark_submit.py:521} INFO - deployMode              null
[2025-08-10T07:46:08.799+0000] {spark_submit.py:521} INFO - executorMemory          null
[2025-08-10T07:46:08.799+0000] {spark_submit.py:521} INFO - executorCores           null
[2025-08-10T07:46:08.799+0000] {spark_submit.py:521} INFO - totalExecutorCores      null
[2025-08-10T07:46:08.800+0000] {spark_submit.py:521} INFO - propertiesFile          null
[2025-08-10T07:46:08.800+0000] {spark_submit.py:521} INFO - driverMemory            null
[2025-08-10T07:46:08.801+0000] {spark_submit.py:521} INFO - driverCores             null
[2025-08-10T07:46:08.801+0000] {spark_submit.py:521} INFO - driverExtraClassPath    /opt/custom-jars/*
[2025-08-10T07:46:08.801+0000] {spark_submit.py:521} INFO - driverExtraLibraryPath  null
[2025-08-10T07:46:08.802+0000] {spark_submit.py:521} INFO - driverExtraJavaOptions  null
[2025-08-10T07:46:08.802+0000] {spark_submit.py:521} INFO - supervise               false
[2025-08-10T07:46:08.802+0000] {spark_submit.py:521} INFO - queue                   null
[2025-08-10T07:46:08.803+0000] {spark_submit.py:521} INFO - numExecutors            null
[2025-08-10T07:46:08.803+0000] {spark_submit.py:521} INFO - files                   null
[2025-08-10T07:46:08.803+0000] {spark_submit.py:521} INFO - pyFiles                 null
[2025-08-10T07:46:08.803+0000] {spark_submit.py:521} INFO - archives                null
[2025-08-10T07:46:08.804+0000] {spark_submit.py:521} INFO - mainClass               null
[2025-08-10T07:46:08.804+0000] {spark_submit.py:521} INFO - primaryResource         file:/opt/spark-jobs/gold_transform.py
[2025-08-10T07:46:08.804+0000] {spark_submit.py:521} INFO - name                    arrow-spark
[2025-08-10T07:46:08.804+0000] {spark_submit.py:521} INFO - childArgs               []
[2025-08-10T07:46:08.805+0000] {spark_submit.py:521} INFO - jars                    file:/opt/custom-jars/gcs-connector-hadoop3-2.2.14-shaded.jar
[2025-08-10T07:46:08.805+0000] {spark_submit.py:521} INFO - packages                null
[2025-08-10T07:46:08.805+0000] {spark_submit.py:521} INFO - packagesExclusions      null
[2025-08-10T07:46:08.805+0000] {spark_submit.py:521} INFO - repositories            null
[2025-08-10T07:46:08.806+0000] {spark_submit.py:521} INFO - verbose                 true
[2025-08-10T07:46:08.806+0000] {spark_submit.py:521} INFO - 
[2025-08-10T07:46:08.806+0000] {spark_submit.py:521} INFO - Spark properties used, including those specified through
[2025-08-10T07:46:08.806+0000] {spark_submit.py:521} INFO - --conf and those from the properties file null:
[2025-08-10T07:46:08.806+0000] {spark_submit.py:521} INFO - (spark.driver.extraClassPath,/opt/custom-jars/*)
[2025-08-10T07:46:08.807+0000] {spark_submit.py:521} INFO - (spark.executor.extraClassPath,/opt/custom-jars/*)
[2025-08-10T07:46:08.807+0000] {spark_submit.py:521} INFO - (spark.hadoop.fs.AbstractFileSystem.gs.impl,com.google.cloud.hadoop.fs.gcs.GoogleHadoopFS)
[2025-08-10T07:46:08.807+0000] {spark_submit.py:521} INFO - (spark.hadoop.fs.gs.impl,com.google.cloud.hadoop.fs.gcs.GoogleHadoopFileSystem)
[2025-08-10T07:46:08.808+0000] {spark_submit.py:521} INFO - (spark.hadoop.google.cloud.auth.service.account.enable,true)
[2025-08-10T07:46:08.808+0000] {spark_submit.py:521} INFO - (spark.hadoop.google.cloud.auth.service.account.json.keyfile,/opt/***/gcp-key.json)
[2025-08-10T07:46:08.808+0000] {spark_submit.py:521} INFO - (spark.master,spark://spark-master:7077)
[2025-08-10T07:46:08.808+0000] {spark_submit.py:521} INFO - 
[2025-08-10T07:46:08.808+0000] {spark_submit.py:521} INFO - 
[2025-08-10T07:46:09.117+0000] {spark_submit.py:521} INFO - 25/08/10 07:46:09 WARN NativeCodeLoader: Unable to load native-hadoop library for your platform... using builtin-java classes where applicable
[2025-08-10T07:46:09.707+0000] {spark_submit.py:521} INFO - Main class:
[2025-08-10T07:46:09.708+0000] {spark_submit.py:521} INFO - org.apache.spark.deploy.PythonRunner
[2025-08-10T07:46:09.709+0000] {spark_submit.py:521} INFO - Arguments:
[2025-08-10T07:46:09.709+0000] {spark_submit.py:521} INFO - file:/opt/spark-jobs/gold_transform.py
[2025-08-10T07:46:09.710+0000] {spark_submit.py:521} INFO - null
[2025-08-10T07:46:09.711+0000] {spark_submit.py:521} INFO - Spark config:
[2025-08-10T07:46:09.712+0000] {spark_submit.py:521} INFO - (spark.app.name,arrow-spark)
[2025-08-10T07:46:09.712+0000] {spark_submit.py:521} INFO - (spark.app.submitTime,1754811969684)
[2025-08-10T07:46:09.713+0000] {spark_submit.py:521} INFO - (spark.driver.extraClassPath,/opt/custom-jars/*)
[2025-08-10T07:46:09.713+0000] {spark_submit.py:521} INFO - (spark.executor.extraClassPath,/opt/custom-jars/*)
[2025-08-10T07:46:09.713+0000] {spark_submit.py:521} INFO - (spark.hadoop.fs.AbstractFileSystem.gs.impl,com.google.cloud.hadoop.fs.gcs.GoogleHadoopFS)
[2025-08-10T07:46:09.714+0000] {spark_submit.py:521} INFO - (spark.hadoop.fs.gs.impl,com.google.cloud.hadoop.fs.gcs.GoogleHadoopFileSystem)
[2025-08-10T07:46:09.714+0000] {spark_submit.py:521} INFO - (spark.hadoop.google.cloud.auth.service.account.enable,true)
[2025-08-10T07:46:09.714+0000] {spark_submit.py:521} INFO - (spark.hadoop.google.cloud.auth.service.account.json.keyfile,/opt/***/gcp-key.json)
[2025-08-10T07:46:09.715+0000] {spark_submit.py:521} INFO - (spark.jars,file:///opt/custom-jars/gcs-connector-hadoop3-2.2.14-shaded.jar)
[2025-08-10T07:46:09.715+0000] {spark_submit.py:521} INFO - (spark.master,spark://spark-master:7077)
[2025-08-10T07:46:09.715+0000] {spark_submit.py:521} INFO - (spark.repl.local.jars,file:///opt/custom-jars/gcs-connector-hadoop3-2.2.14-shaded.jar)
[2025-08-10T07:46:09.716+0000] {spark_submit.py:521} INFO - (spark.submit.deployMode,client)
[2025-08-10T07:46:09.716+0000] {spark_submit.py:521} INFO - (spark.submit.pyFiles,)
[2025-08-10T07:46:09.717+0000] {spark_submit.py:521} INFO - Classpath elements:
[2025-08-10T07:46:09.717+0000] {spark_submit.py:521} INFO - file:///opt/custom-jars/gcs-connector-hadoop3-2.2.14-shaded.jar
[2025-08-10T07:46:09.717+0000] {spark_submit.py:521} INFO - 
[2025-08-10T07:46:09.717+0000] {spark_submit.py:521} INFO - 
[2025-08-10T07:46:10.643+0000] {spark_submit.py:521} INFO - Using Spark's default log4j profile: org/apache/spark/log4j2-defaults.properties
[2025-08-10T07:46:10.647+0000] {spark_submit.py:521} INFO - 25/08/10 07:46:10 INFO SparkContext: Running Spark version 4.0.0
[2025-08-10T07:46:10.649+0000] {spark_submit.py:521} INFO - 25/08/10 07:46:10 INFO SparkContext: OS info Linux, 5.15.167.4-microsoft-standard-WSL2, amd64
[2025-08-10T07:46:10.649+0000] {spark_submit.py:521} INFO - 25/08/10 07:46:10 INFO SparkContext: Java version 17.0.15
[2025-08-10T07:46:10.674+0000] {spark_submit.py:521} INFO - 25/08/10 07:46:10 INFO ResourceUtils: ==============================================================
[2025-08-10T07:46:10.674+0000] {spark_submit.py:521} INFO - 25/08/10 07:46:10 INFO ResourceUtils: No custom resources configured for spark.driver.
[2025-08-10T07:46:10.675+0000] {spark_submit.py:521} INFO - 25/08/10 07:46:10 INFO ResourceUtils: ==============================================================
[2025-08-10T07:46:10.676+0000] {spark_submit.py:521} INFO - 25/08/10 07:46:10 INFO SparkContext: Submitted application: gold_transform
[2025-08-10T07:46:10.702+0000] {spark_submit.py:521} INFO - 25/08/10 07:46:10 INFO ResourceProfile: Default ResourceProfile created, executor resources: Map(memory -> name: memory, amount: 1024, script: , vendor: , offHeap -> name: offHeap, amount: 0, script: , vendor: ), task resources: Map(cpus -> name: cpus, amount: 1.0)
[2025-08-10T07:46:10.706+0000] {spark_submit.py:521} INFO - 25/08/10 07:46:10 INFO ResourceProfile: Limiting resource is cpu
[2025-08-10T07:46:10.707+0000] {spark_submit.py:521} INFO - 25/08/10 07:46:10 INFO ResourceProfileManager: Added ResourceProfile id: 0
[2025-08-10T07:46:10.774+0000] {spark_submit.py:521} INFO - 25/08/10 07:46:10 INFO SecurityManager: Changing view acls to: ***
[2025-08-10T07:46:10.774+0000] {spark_submit.py:521} INFO - 25/08/10 07:46:10 INFO SecurityManager: Changing modify acls to: ***
[2025-08-10T07:46:10.775+0000] {spark_submit.py:521} INFO - 25/08/10 07:46:10 INFO SecurityManager: Changing view acls groups to: ***
[2025-08-10T07:46:10.775+0000] {spark_submit.py:521} INFO - 25/08/10 07:46:10 INFO SecurityManager: Changing modify acls groups to: ***
[2025-08-10T07:46:10.776+0000] {spark_submit.py:521} INFO - 25/08/10 07:46:10 INFO SecurityManager: SecurityManager: authentication disabled; ui acls disabled; users with view permissions: *** groups with view permissions: EMPTY; users with modify permissions: ***; groups with modify permissions: EMPTY; RPC SSL disabled
[2025-08-10T07:46:10.992+0000] {spark_submit.py:521} INFO - 25/08/10 07:46:10 INFO Utils: Successfully started service 'sparkDriver' on port 34745.
[2025-08-10T07:46:11.022+0000] {spark_submit.py:521} INFO - 25/08/10 07:46:11 INFO SparkEnv: Registering MapOutputTracker
[2025-08-10T07:46:11.034+0000] {spark_submit.py:521} INFO - 25/08/10 07:46:11 INFO SparkEnv: Registering BlockManagerMaster
[2025-08-10T07:46:11.048+0000] {spark_submit.py:521} INFO - 25/08/10 07:46:11 INFO BlockManagerMasterEndpoint: Using org.apache.spark.storage.DefaultTopologyMapper for getting topology information
[2025-08-10T07:46:11.048+0000] {spark_submit.py:521} INFO - 25/08/10 07:46:11 INFO BlockManagerMasterEndpoint: BlockManagerMasterEndpoint up
[2025-08-10T07:46:11.053+0000] {spark_submit.py:521} INFO - 25/08/10 07:46:11 INFO SparkEnv: Registering BlockManagerMasterHeartbeat
[2025-08-10T07:46:11.087+0000] {spark_submit.py:521} INFO - 25/08/10 07:46:11 INFO DiskBlockManager: Created local directory at /tmp/blockmgr-8041e79a-3242-4f52-8fb8-ce552b5e4e63
[2025-08-10T07:46:11.110+0000] {spark_submit.py:521} INFO - 25/08/10 07:46:11 INFO SparkEnv: Registering OutputCommitCoordinator
[2025-08-10T07:46:11.240+0000] {spark_submit.py:521} INFO - 25/08/10 07:46:11 INFO JettyUtils: Start Jetty 0.0.0.0:4040 for SparkUI
[2025-08-10T07:46:11.330+0000] {spark_submit.py:521} INFO - 25/08/10 07:46:11 INFO Utils: Successfully started service 'SparkUI' on port 4040.
[2025-08-10T07:46:11.367+0000] {spark_submit.py:521} INFO - 25/08/10 07:46:11 INFO SparkContext: Added JAR file:///opt/custom-jars/gcs-connector-hadoop3-2.2.14-shaded.jar at spark://12ff19608307:34745/jars/gcs-connector-hadoop3-2.2.14-shaded.jar with timestamp 1754811970637
[2025-08-10T07:46:11.389+0000] {spark_submit.py:521} INFO - 25/08/10 07:46:11 INFO SecurityManager: Changing view acls to: ***
[2025-08-10T07:46:11.390+0000] {spark_submit.py:521} INFO - 25/08/10 07:46:11 INFO SecurityManager: Changing modify acls to: ***
[2025-08-10T07:46:11.390+0000] {spark_submit.py:521} INFO - 25/08/10 07:46:11 INFO SecurityManager: Changing view acls groups to: ***
[2025-08-10T07:46:11.391+0000] {spark_submit.py:521} INFO - 25/08/10 07:46:11 INFO SecurityManager: Changing modify acls groups to: ***
[2025-08-10T07:46:11.391+0000] {spark_submit.py:521} INFO - 25/08/10 07:46:11 INFO SecurityManager: SecurityManager: authentication disabled; ui acls disabled; users with view permissions: *** groups with view permissions: EMPTY; users with modify permissions: ***; groups with modify permissions: EMPTY; RPC SSL disabled
[2025-08-10T07:46:11.553+0000] {spark_submit.py:521} INFO - 25/08/10 07:46:11 INFO StandaloneAppClient$ClientEndpoint: Connecting to master spark://spark-master:7077...
[2025-08-10T07:46:11.600+0000] {spark_submit.py:521} INFO - 25/08/10 07:46:11 INFO TransportClientFactory: Successfully created connection to spark-master/172.18.0.4:7077 after 22 ms (0 ms spent in bootstraps)
[2025-08-10T07:46:11.971+0000] {spark_submit.py:521} INFO - 25/08/10 07:46:11 INFO StandaloneSchedulerBackend: Connected to Spark cluster with app ID app-20250810074611-0006
[2025-08-10T07:46:11.979+0000] {spark_submit.py:521} INFO - 25/08/10 07:46:11 INFO Utils: Successfully started service 'org.apache.spark.network.netty.NettyBlockTransferService' on port 45845.
[2025-08-10T07:46:11.980+0000] {spark_submit.py:521} INFO - 25/08/10 07:46:11 INFO NettyBlockTransferService: Server created on 12ff19608307:45845
[2025-08-10T07:46:11.981+0000] {spark_submit.py:521} INFO - 25/08/10 07:46:11 INFO BlockManager: Using org.apache.spark.storage.RandomBlockReplicationPolicy for block replication policy
[2025-08-10T07:46:11.996+0000] {spark_submit.py:521} INFO - 25/08/10 07:46:11 INFO BlockManagerMaster: Registering BlockManager BlockManagerId(driver, 12ff19608307, 45845, None)
[2025-08-10T07:46:12.003+0000] {spark_submit.py:521} INFO - 25/08/10 07:46:12 INFO BlockManagerMasterEndpoint: Registering block manager 12ff19608307:45845 with 434.4 MiB RAM, BlockManagerId(driver, 12ff19608307, 45845, None)
[2025-08-10T07:46:12.007+0000] {spark_submit.py:521} INFO - 25/08/10 07:46:12 INFO BlockManagerMaster: Registered BlockManager BlockManagerId(driver, 12ff19608307, 45845, None)
[2025-08-10T07:46:12.008+0000] {spark_submit.py:521} INFO - 25/08/10 07:46:12 INFO BlockManager: Initialized BlockManager: BlockManagerId(driver, 12ff19608307, 45845, None)
[2025-08-10T07:46:12.020+0000] {spark_submit.py:521} INFO - 25/08/10 07:46:12 INFO StandaloneAppClient$ClientEndpoint: Executor added: app-20250810074611-0006/0 on worker-20250810072400-172.18.0.3-33153 (172.18.0.3:33153) with 2 core(s)
[2025-08-10T07:46:12.022+0000] {spark_submit.py:521} INFO - 25/08/10 07:46:12 INFO StandaloneSchedulerBackend: Granted executor ID app-20250810074611-0006/0 on hostPort 172.18.0.3:33153 with 2 core(s), 1024.0 MiB RAM
[2025-08-10T07:46:12.167+0000] {spark_submit.py:521} INFO - 25/08/10 07:46:12 INFO StandaloneSchedulerBackend: SchedulerBackend is ready for scheduling beginning after reached minRegisteredResourcesRatio: 0.0
[2025-08-10T07:46:12.758+0000] {spark_submit.py:521} INFO - 25/08/10 07:46:12 INFO StandaloneAppClient$ClientEndpoint: Executor updated: app-20250810074611-0006/0 is now RUNNING
[2025-08-10T07:46:14.623+0000] {spark_submit.py:521} INFO - 25/08/10 07:46:14 INFO SharedState: Setting hive.metastore.warehouse.dir ('null') to the value of spark.sql.warehouse.dir.
[2025-08-10T07:46:14.626+0000] {spark_submit.py:521} INFO - 25/08/10 07:46:14 INFO SharedState: Warehouse path is 'file:/opt/***/spark-warehouse'.
[2025-08-10T07:46:17.600+0000] {spark_submit.py:521} INFO - 25/08/10 07:46:17 INFO StandaloneSchedulerBackend$StandaloneDriverEndpoint: Registered executor NettyRpcEndpointRef(spark-client://Executor) (172.18.0.3:55270) with ID 0, ResourceProfileId 0
[2025-08-10T07:46:18.133+0000] {spark_submit.py:521} INFO - 25/08/10 07:46:18 INFO BlockManagerMasterEndpoint: Registering block manager 172.18.0.3:43373 with 434.4 MiB RAM, BlockManagerId(0, 172.18.0.3, 43373, None)
[2025-08-10T07:46:19.387+0000] {spark_submit.py:521} INFO - 25/08/10 07:46:19 INFO InMemoryFileIndex: It took 385 ms to list leaf files for 1 paths.
[2025-08-10T07:46:20.245+0000] {spark_submit.py:521} INFO - 25/08/10 07:46:20 INFO SparkContext: Starting job: parquet at NativeMethodAccessorImpl.java:0
[2025-08-10T07:46:20.271+0000] {spark_submit.py:521} INFO - 25/08/10 07:46:20 INFO DAGScheduler: Got job 0 (parquet at NativeMethodAccessorImpl.java:0) with 1 output partitions
[2025-08-10T07:46:20.274+0000] {spark_submit.py:521} INFO - 25/08/10 07:46:20 INFO DAGScheduler: Final stage: ResultStage 0 (parquet at NativeMethodAccessorImpl.java:0)
[2025-08-10T07:46:20.277+0000] {spark_submit.py:521} INFO - 25/08/10 07:46:20 INFO DAGScheduler: Parents of final stage: List()
[2025-08-10T07:46:20.288+0000] {spark_submit.py:521} INFO - 25/08/10 07:46:20 INFO DAGScheduler: Missing parents: List()
[2025-08-10T07:46:20.299+0000] {spark_submit.py:521} INFO - 25/08/10 07:46:20 INFO DAGScheduler: Submitting ResultStage 0 (MapPartitionsRDD[1] at parquet at NativeMethodAccessorImpl.java:0), which has no missing parents
[2025-08-10T07:46:20.436+0000] {spark_submit.py:521} INFO - 25/08/10 07:46:20 INFO MemoryStore: MemoryStore started with capacity 434.4 MiB
[2025-08-10T07:46:20.470+0000] {spark_submit.py:521} INFO - 25/08/10 07:46:20 INFO MemoryStore: Block broadcast_0 stored as values in memory (estimated size 116.0 KiB, free 434.3 MiB)
[2025-08-10T07:46:20.548+0000] {spark_submit.py:521} INFO - 25/08/10 07:46:20 INFO MemoryStore: Block broadcast_0_piece0 stored as bytes in memory (estimated size 41.7 KiB, free 434.2 MiB)
[2025-08-10T07:46:20.560+0000] {spark_submit.py:521} INFO - 25/08/10 07:46:20 INFO SparkContext: Created broadcast 0 from broadcast at DAGScheduler.scala:1676
[2025-08-10T07:46:20.607+0000] {spark_submit.py:521} INFO - 25/08/10 07:46:20 INFO DAGScheduler: Submitting 1 missing tasks from ResultStage 0 (MapPartitionsRDD[1] at parquet at NativeMethodAccessorImpl.java:0) (first 15 tasks are for partitions Vector(0))
[2025-08-10T07:46:20.642+0000] {spark_submit.py:521} INFO - 25/08/10 07:46:20 INFO TaskSchedulerImpl: Adding task set 0.0 with 1 tasks resource profile 0
[2025-08-10T07:46:21.018+0000] {spark_submit.py:521} INFO - 25/08/10 07:46:21 INFO TaskSetManager: Starting task 0.0 in stage 0.0 (TID 0) (172.18.0.3,executor 0, partition 0, PROCESS_LOCAL, 9992 bytes)
[2025-08-10T07:46:24.814+0000] {spark_submit.py:521} INFO - 25/08/10 07:46:24 INFO TaskSetManager: Finished task 0.0 in stage 0.0 (TID 0) in 3828 ms on 172.18.0.3 (executor 0) (1/1)
[2025-08-10T07:46:24.817+0000] {spark_submit.py:521} INFO - 25/08/10 07:46:24 INFO TaskSchedulerImpl: Removed TaskSet 0.0 whose tasks have all completed, from pool
[2025-08-10T07:46:24.823+0000] {spark_submit.py:521} INFO - 25/08/10 07:46:24 INFO DAGScheduler: ResultStage 0 (parquet at NativeMethodAccessorImpl.java:0) finished in 4474 ms
[2025-08-10T07:46:24.826+0000] {spark_submit.py:521} INFO - 25/08/10 07:46:24 INFO DAGScheduler: Job 0 is finished. Cancelling potential speculative or zombie tasks for this job
[2025-08-10T07:46:24.826+0000] {spark_submit.py:521} INFO - 25/08/10 07:46:24 INFO TaskSchedulerImpl: Canceling stage 0
[2025-08-10T07:46:24.828+0000] {spark_submit.py:521} INFO - 25/08/10 07:46:24 INFO TaskSchedulerImpl: Killing all running tasks in stage 0: Stage finished
[2025-08-10T07:46:24.830+0000] {spark_submit.py:521} INFO - 25/08/10 07:46:24 INFO DAGScheduler: Job 0 finished: parquet at NativeMethodAccessorImpl.java:0, took 4584.583643 ms
[2025-08-10T07:46:25.413+0000] {spark_submit.py:521} INFO - 25/08/10 07:46:25 INFO MemoryStore: Block broadcast_1 stored as values in memory (estimated size 208.0 B, free 434.2 MiB)
[2025-08-10T07:46:25.418+0000] {spark_submit.py:521} INFO - 25/08/10 07:46:25 INFO MemoryStore: Block broadcast_1_piece0 stored as bytes in memory (estimated size 396.0 B, free 434.2 MiB)
[2025-08-10T07:46:25.419+0000] {spark_submit.py:521} INFO - 25/08/10 07:46:25 INFO SparkContext: Created broadcast 1 from broadcast at NativeMethodAccessorImpl.java:0
[2025-08-10T07:46:26.152+0000] {spark_submit.py:521} INFO - 25/08/10 07:46:26 INFO FileSourceStrategy: Pushed Filters:
[2025-08-10T07:46:26.155+0000] {spark_submit.py:521} INFO - 25/08/10 07:46:26 INFO FileSourceStrategy: Post-Scan Filters: Set()
[2025-08-10T07:46:26.710+0000] {spark_submit.py:521} INFO - 25/08/10 07:46:26 INFO CodeGenerator: Code generated in 222.603533 ms
[2025-08-10T07:46:26.798+0000] {spark_submit.py:521} INFO - 25/08/10 07:46:26 INFO CodeGenerator: Code generated in 44.914686 ms
[2025-08-10T07:46:26.822+0000] {spark_submit.py:521} INFO - 25/08/10 07:46:26 INFO MemoryStore: Block broadcast_2 stored as values in memory (estimated size 219.1 KiB, free 434.2 MiB)
[2025-08-10T07:46:26.832+0000] {spark_submit.py:521} INFO - 25/08/10 07:46:26 INFO MemoryStore: Block broadcast_2_piece0 stored as bytes in memory (estimated size 39.9 KiB, free 434.1 MiB)
[2025-08-10T07:46:26.834+0000] {spark_submit.py:521} INFO - 25/08/10 07:46:26 INFO SparkContext: Created broadcast 2 from showString at NativeMethodAccessorImpl.java:0
[2025-08-10T07:46:26.853+0000] {spark_submit.py:521} INFO - 25/08/10 07:46:26 INFO FileSourceScanExec: Planning scan with bin packing, max size: 4194304 bytes, open cost is considered as scanning 4194304 bytes.
[2025-08-10T07:46:26.904+0000] {spark_submit.py:521} INFO - 25/08/10 07:46:26 INFO SparkContext: Starting job: showString at NativeMethodAccessorImpl.java:0
[2025-08-10T07:46:26.906+0000] {spark_submit.py:521} INFO - 25/08/10 07:46:26 INFO DAGScheduler: Got job 1 (showString at NativeMethodAccessorImpl.java:0) with 1 output partitions
[2025-08-10T07:46:26.906+0000] {spark_submit.py:521} INFO - 25/08/10 07:46:26 INFO DAGScheduler: Final stage: ResultStage 1 (showString at NativeMethodAccessorImpl.java:0)
[2025-08-10T07:46:26.906+0000] {spark_submit.py:521} INFO - 25/08/10 07:46:26 INFO DAGScheduler: Parents of final stage: List()
[2025-08-10T07:46:26.907+0000] {spark_submit.py:521} INFO - 25/08/10 07:46:26 INFO DAGScheduler: Missing parents: List()
[2025-08-10T07:46:26.907+0000] {spark_submit.py:521} INFO - 25/08/10 07:46:26 INFO DAGScheduler: Submitting ResultStage 1 (MapPartitionsRDD[8] at showString at NativeMethodAccessorImpl.java:0), which has no missing parents
[2025-08-10T07:46:26.945+0000] {spark_submit.py:521} INFO - 25/08/10 07:46:26 INFO MemoryStore: Block broadcast_3 stored as values in memory (estimated size 72.5 KiB, free 434.1 MiB)
[2025-08-10T07:46:26.948+0000] {spark_submit.py:521} INFO - 25/08/10 07:46:26 INFO MemoryStore: Block broadcast_3_piece0 stored as bytes in memory (estimated size 26.1 KiB, free 434.1 MiB)
[2025-08-10T07:46:26.949+0000] {spark_submit.py:521} INFO - 25/08/10 07:46:26 INFO SparkContext: Created broadcast 3 from broadcast at DAGScheduler.scala:1676
[2025-08-10T07:46:26.949+0000] {spark_submit.py:521} INFO - 25/08/10 07:46:26 INFO DAGScheduler: Submitting 1 missing tasks from ResultStage 1 (MapPartitionsRDD[8] at showString at NativeMethodAccessorImpl.java:0) (first 15 tasks are for partitions Vector(0))
[2025-08-10T07:46:26.950+0000] {spark_submit.py:521} INFO - 25/08/10 07:46:26 INFO TaskSchedulerImpl: Adding task set 1.0 with 1 tasks resource profile 0
[2025-08-10T07:46:26.953+0000] {spark_submit.py:521} INFO - 25/08/10 07:46:26 INFO TaskSetManager: Starting task 0.0 in stage 1.0 (TID 1) (172.18.0.3,executor 0, partition 0, PROCESS_LOCAL, 10433 bytes)
[2025-08-10T07:46:32.121+0000] {spark_submit.py:521} INFO - 25/08/10 07:46:32 WARN TaskSetManager: Lost task 0.0 in stage 1.0 (TID 1) (172.18.0.3 executor 0): org.apache.spark.api.python.PythonException: Traceback (most recent call last):
[2025-08-10T07:46:32.122+0000] {spark_submit.py:521} INFO - File "/opt/bitnami/spark/python/lib/pyspark.zip/pyspark/worker.py", line 1972, in main
[2025-08-10T07:46:32.123+0000] {spark_submit.py:521} INFO - check_python_version(infile)
[2025-08-10T07:46:32.124+0000] {spark_submit.py:521} INFO - File "/opt/bitnami/spark/python/lib/pyspark.zip/pyspark/worker_util.py", line 77, in check_python_version
[2025-08-10T07:46:32.124+0000] {spark_submit.py:521} INFO - raise PySparkRuntimeError(
[2025-08-10T07:46:32.125+0000] {spark_submit.py:521} INFO - pyspark.errors.exceptions.base.PySparkRuntimeError: [PYTHON_VERSION_MISMATCH] Python in worker has different version: 3.12 than that in driver: 3.11, PySpark cannot run with different minor versions.
[2025-08-10T07:46:32.125+0000] {spark_submit.py:521} INFO - Please check environment variables PYSPARK_PYTHON and PYSPARK_DRIVER_PYTHON are correctly set.
[2025-08-10T07:46:32.125+0000] {spark_submit.py:521} INFO - 
[2025-08-10T07:46:32.126+0000] {spark_submit.py:521} INFO - at org.apache.spark.api.python.BasePythonRunner$ReaderIterator.handlePythonException(PythonRunner.scala:581)
[2025-08-10T07:46:32.126+0000] {spark_submit.py:521} INFO - at org.apache.spark.sql.execution.python.BasePythonUDFRunner$$anon$2.read(PythonUDFRunner.scala:107)
[2025-08-10T07:46:32.127+0000] {spark_submit.py:521} INFO - at org.apache.spark.sql.execution.python.BasePythonUDFRunner$$anon$2.read(PythonUDFRunner.scala:90)
[2025-08-10T07:46:32.127+0000] {spark_submit.py:521} INFO - at org.apache.spark.api.python.BasePythonRunner$ReaderIterator.hasNext(PythonRunner.scala:532)
[2025-08-10T07:46:32.127+0000] {spark_submit.py:521} INFO - at org.apache.spark.InterruptibleIterator.hasNext(InterruptibleIterator.scala:37)
[2025-08-10T07:46:32.128+0000] {spark_submit.py:521} INFO - at scala.collection.Iterator$$anon$10.hasNext(Iterator.scala:601)
[2025-08-10T07:46:32.128+0000] {spark_submit.py:521} INFO - at scala.collection.Iterator$$anon$9.hasNext(Iterator.scala:583)
[2025-08-10T07:46:32.128+0000] {spark_submit.py:521} INFO - at scala.collection.Iterator$$anon$9.hasNext(Iterator.scala:583)
[2025-08-10T07:46:32.129+0000] {spark_submit.py:521} INFO - at org.apache.spark.sql.catalyst.expressions.GeneratedClass$GeneratedIteratorForCodegenStage2.processNext(Unknown Source)
[2025-08-10T07:46:32.129+0000] {spark_submit.py:521} INFO - at org.apache.spark.sql.execution.BufferedRowIterator.hasNext(BufferedRowIterator.java:43)
[2025-08-10T07:46:32.129+0000] {spark_submit.py:521} INFO - at org.apache.spark.sql.execution.WholeStageCodegenEvaluatorFactory$WholeStageCodegenPartitionEvaluator$$anon$1.hasNext(WholeStageCodegenEvaluatorFactory.scala:50)
[2025-08-10T07:46:32.129+0000] {spark_submit.py:521} INFO - at org.apache.spark.sql.execution.SparkPlan.$anonfun$getByteArrayRdd$1(SparkPlan.scala:402)
[2025-08-10T07:46:32.130+0000] {spark_submit.py:521} INFO - at org.apache.spark.rdd.RDD.$anonfun$mapPartitionsInternal$2(RDD.scala:901)
[2025-08-10T07:46:32.131+0000] {spark_submit.py:521} INFO - at org.apache.spark.rdd.RDD.$anonfun$mapPartitionsInternal$2$adapted(RDD.scala:901)
[2025-08-10T07:46:32.132+0000] {spark_submit.py:521} INFO - at org.apache.spark.rdd.MapPartitionsRDD.compute(MapPartitionsRDD.scala:52)
[2025-08-10T07:46:32.132+0000] {spark_submit.py:521} INFO - at org.apache.spark.rdd.RDD.computeOrReadCheckpoint(RDD.scala:374)
[2025-08-10T07:46:32.132+0000] {spark_submit.py:521} INFO - at org.apache.spark.rdd.RDD.iterator(RDD.scala:338)
[2025-08-10T07:46:32.133+0000] {spark_submit.py:521} INFO - at org.apache.spark.scheduler.ResultTask.runTask(ResultTask.scala:93)
[2025-08-10T07:46:32.133+0000] {spark_submit.py:521} INFO - at org.apache.spark.TaskContext.runTaskWithListeners(TaskContext.scala:171)
[2025-08-10T07:46:32.134+0000] {spark_submit.py:521} INFO - at org.apache.spark.scheduler.Task.run(Task.scala:147)
[2025-08-10T07:46:32.134+0000] {spark_submit.py:521} INFO - at org.apache.spark.executor.Executor$TaskRunner.$anonfun$run$5(Executor.scala:647)
[2025-08-10T07:46:32.134+0000] {spark_submit.py:521} INFO - at org.apache.spark.util.SparkErrorUtils.tryWithSafeFinally(SparkErrorUtils.scala:80)
[2025-08-10T07:46:32.135+0000] {spark_submit.py:521} INFO - at org.apache.spark.util.SparkErrorUtils.tryWithSafeFinally$(SparkErrorUtils.scala:77)
[2025-08-10T07:46:32.135+0000] {spark_submit.py:521} INFO - at org.apache.spark.util.Utils$.tryWithSafeFinally(Utils.scala:99)
[2025-08-10T07:46:32.135+0000] {spark_submit.py:521} INFO - at org.apache.spark.executor.Executor$TaskRunner.run(Executor.scala:650)
[2025-08-10T07:46:32.136+0000] {spark_submit.py:521} INFO - at java.base/java.util.concurrent.ThreadPoolExecutor.runWorker(Unknown Source)
[2025-08-10T07:46:32.136+0000] {spark_submit.py:521} INFO - at java.base/java.util.concurrent.ThreadPoolExecutor$Worker.run(Unknown Source)
[2025-08-10T07:46:32.137+0000] {spark_submit.py:521} INFO - at java.base/java.lang.Thread.run(Unknown Source)
[2025-08-10T07:46:32.137+0000] {spark_submit.py:521} INFO - 
[2025-08-10T07:46:32.137+0000] {spark_submit.py:521} INFO - 25/08/10 07:46:32 INFO TaskSetManager: Starting task 0.1 in stage 1.0 (TID 2) (172.18.0.3,executor 0, partition 0, PROCESS_LOCAL, 10433 bytes)
[2025-08-10T07:46:33.283+0000] {spark_submit.py:521} INFO - 25/08/10 07:46:33 INFO TaskSetManager: Lost task 0.1 in stage 1.0 (TID 2) on 172.18.0.3, executor 0: org.apache.spark.api.python.PythonException (Traceback (most recent call last):
[2025-08-10T07:46:33.284+0000] {spark_submit.py:521} INFO - File "/opt/bitnami/spark/python/lib/pyspark.zip/pyspark/worker.py", line 1972, in main
[2025-08-10T07:46:33.284+0000] {spark_submit.py:521} INFO - check_python_version(infile)
[2025-08-10T07:46:33.285+0000] {spark_submit.py:521} INFO - File "/opt/bitnami/spark/python/lib/pyspark.zip/pyspark/worker_util.py", line 77, in check_python_version
[2025-08-10T07:46:33.285+0000] {spark_submit.py:521} INFO - raise PySparkRuntimeError(
[2025-08-10T07:46:33.285+0000] {spark_submit.py:521} INFO - pyspark.errors.exceptions.base.PySparkRuntimeError: [PYTHON_VERSION_MISMATCH] Python in worker has different version: 3.12 than that in driver: 3.11, PySpark cannot run with different minor versions.
[2025-08-10T07:46:33.286+0000] {spark_submit.py:521} INFO - Please check environment variables PYSPARK_PYTHON and PYSPARK_DRIVER_PYTHON are correctly set.
[2025-08-10T07:46:33.286+0000] {spark_submit.py:521} INFO - ) [duplicate 1]
[2025-08-10T07:46:33.287+0000] {spark_submit.py:521} INFO - 25/08/10 07:46:33 INFO TaskSetManager: Starting task 0.2 in stage 1.0 (TID 3) (172.18.0.3,executor 0, partition 0, PROCESS_LOCAL, 10433 bytes)
[2025-08-10T07:46:34.428+0000] {spark_submit.py:521} INFO - 25/08/10 07:46:34 INFO TaskSetManager: Lost task 0.2 in stage 1.0 (TID 3) on 172.18.0.3, executor 0: org.apache.spark.api.python.PythonException (Traceback (most recent call last):
[2025-08-10T07:46:34.429+0000] {spark_submit.py:521} INFO - File "/opt/bitnami/spark/python/lib/pyspark.zip/pyspark/worker.py", line 1972, in main
[2025-08-10T07:46:34.429+0000] {spark_submit.py:521} INFO - check_python_version(infile)
[2025-08-10T07:46:34.430+0000] {spark_submit.py:521} INFO - File "/opt/bitnami/spark/python/lib/pyspark.zip/pyspark/worker_util.py", line 77, in check_python_version
[2025-08-10T07:46:34.431+0000] {spark_submit.py:521} INFO - raise PySparkRuntimeError(
[2025-08-10T07:46:34.431+0000] {spark_submit.py:521} INFO - pyspark.errors.exceptions.base.PySparkRuntimeError: [PYTHON_VERSION_MISMATCH] Python in worker has different version: 3.12 than that in driver: 3.11, PySpark cannot run with different minor versions.
[2025-08-10T07:46:34.431+0000] {spark_submit.py:521} INFO - Please check environment variables PYSPARK_PYTHON and PYSPARK_DRIVER_PYTHON are correctly set.
[2025-08-10T07:46:34.431+0000] {spark_submit.py:521} INFO - ) [duplicate 2]
[2025-08-10T07:46:34.432+0000] {spark_submit.py:521} INFO - 25/08/10 07:46:34 INFO TaskSetManager: Starting task 0.3 in stage 1.0 (TID 4) (172.18.0.3,executor 0, partition 0, PROCESS_LOCAL, 10433 bytes)
[2025-08-10T07:46:35.563+0000] {spark_submit.py:521} INFO - 25/08/10 07:46:35 INFO TaskSetManager: Lost task 0.3 in stage 1.0 (TID 4) on 172.18.0.3, executor 0: org.apache.spark.api.python.PythonException (Traceback (most recent call last):
[2025-08-10T07:46:35.564+0000] {spark_submit.py:521} INFO - File "/opt/bitnami/spark/python/lib/pyspark.zip/pyspark/worker.py", line 1972, in main
[2025-08-10T07:46:35.564+0000] {spark_submit.py:521} INFO - check_python_version(infile)
[2025-08-10T07:46:35.565+0000] {spark_submit.py:521} INFO - File "/opt/bitnami/spark/python/lib/pyspark.zip/pyspark/worker_util.py", line 77, in check_python_version
[2025-08-10T07:46:35.565+0000] {spark_submit.py:521} INFO - raise PySparkRuntimeError(
[2025-08-10T07:46:35.566+0000] {spark_submit.py:521} INFO - pyspark.errors.exceptions.base.PySparkRuntimeError: [PYTHON_VERSION_MISMATCH] Python in worker has different version: 3.12 than that in driver: 3.11, PySpark cannot run with different minor versions.
[2025-08-10T07:46:35.566+0000] {spark_submit.py:521} INFO - Please check environment variables PYSPARK_PYTHON and PYSPARK_DRIVER_PYTHON are correctly set.
[2025-08-10T07:46:35.567+0000] {spark_submit.py:521} INFO - ) [duplicate 3]
[2025-08-10T07:46:35.567+0000] {spark_submit.py:521} INFO - 25/08/10 07:46:35 ERROR TaskSetManager: Task 0 in stage 1.0 failed 4 times; aborting job
[2025-08-10T07:46:35.568+0000] {spark_submit.py:521} INFO - 25/08/10 07:46:35 INFO TaskSchedulerImpl: Removed TaskSet 1.0 whose tasks have all completed, from pool
[2025-08-10T07:46:35.571+0000] {spark_submit.py:521} INFO - 25/08/10 07:46:35 INFO TaskSchedulerImpl: Canceling stage 1
[2025-08-10T07:46:35.571+0000] {spark_submit.py:521} INFO - 25/08/10 07:46:35 INFO TaskSchedulerImpl: Killing all running tasks in stage 1: Job aborted due to stage failure: Task 0 in stage 1.0 failed 4 times, most recent failure: Lost task 0.3 in stage 1.0 (TID 4) (172.18.0.3 executor 0): org.apache.spark.api.python.PythonException: Traceback (most recent call last):
[2025-08-10T07:46:35.571+0000] {spark_submit.py:521} INFO - File "/opt/bitnami/spark/python/lib/pyspark.zip/pyspark/worker.py", line 1972, in main
[2025-08-10T07:46:35.572+0000] {spark_submit.py:521} INFO - check_python_version(infile)
[2025-08-10T07:46:35.572+0000] {spark_submit.py:521} INFO - File "/opt/bitnami/spark/python/lib/pyspark.zip/pyspark/worker_util.py", line 77, in check_python_version
[2025-08-10T07:46:35.572+0000] {spark_submit.py:521} INFO - raise PySparkRuntimeError(
[2025-08-10T07:46:35.572+0000] {spark_submit.py:521} INFO - pyspark.errors.exceptions.base.PySparkRuntimeError: [PYTHON_VERSION_MISMATCH] Python in worker has different version: 3.12 than that in driver: 3.11, PySpark cannot run with different minor versions.
[2025-08-10T07:46:35.573+0000] {spark_submit.py:521} INFO - Please check environment variables PYSPARK_PYTHON and PYSPARK_DRIVER_PYTHON are correctly set.
[2025-08-10T07:46:35.573+0000] {spark_submit.py:521} INFO - 
[2025-08-10T07:46:35.574+0000] {spark_submit.py:521} INFO - at org.apache.spark.api.python.BasePythonRunner$ReaderIterator.handlePythonException(PythonRunner.scala:581)
[2025-08-10T07:46:35.574+0000] {spark_submit.py:521} INFO - at org.apache.spark.sql.execution.python.BasePythonUDFRunner$$anon$2.read(PythonUDFRunner.scala:107)
[2025-08-10T07:46:35.574+0000] {spark_submit.py:521} INFO - at org.apache.spark.sql.execution.python.BasePythonUDFRunner$$anon$2.read(PythonUDFRunner.scala:90)
[2025-08-10T07:46:35.574+0000] {spark_submit.py:521} INFO - at org.apache.spark.api.python.BasePythonRunner$ReaderIterator.hasNext(PythonRunner.scala:532)
[2025-08-10T07:46:35.575+0000] {spark_submit.py:521} INFO - at org.apache.spark.InterruptibleIterator.hasNext(InterruptibleIterator.scala:37)
[2025-08-10T07:46:35.575+0000] {spark_submit.py:521} INFO - at scala.collection.Iterator$$anon$10.hasNext(Iterator.scala:601)
[2025-08-10T07:46:35.575+0000] {spark_submit.py:521} INFO - at scala.collection.Iterator$$anon$9.hasNext(Iterator.scala:583)
[2025-08-10T07:46:35.576+0000] {spark_submit.py:521} INFO - at scala.collection.Iterator$$anon$9.hasNext(Iterator.scala:583)
[2025-08-10T07:46:35.576+0000] {spark_submit.py:521} INFO - at org.apache.spark.sql.catalyst.expressions.GeneratedClass$GeneratedIteratorForCodegenStage2.processNext(Unknown Source)
[2025-08-10T07:46:35.576+0000] {spark_submit.py:521} INFO - at org.apache.spark.sql.execution.BufferedRowIterator.hasNext(BufferedRowIterator.java:43)
[2025-08-10T07:46:35.577+0000] {spark_submit.py:521} INFO - at org.apache.spark.sql.execution.WholeStageCodegenEvaluatorFactory$WholeStageCodegenPartitionEvaluator$$anon$1.hasNext(WholeStageCodegenEvaluatorFactory.scala:50)
[2025-08-10T07:46:35.577+0000] {spark_submit.py:521} INFO - at org.apache.spark.sql.execution.SparkPlan.$anonfun$getByteArrayRdd$1(SparkPlan.scala:402)
[2025-08-10T07:46:35.577+0000] {spark_submit.py:521} INFO - at org.apache.spark.rdd.RDD.$anonfun$mapPartitionsInternal$2(RDD.scala:901)
[2025-08-10T07:46:35.578+0000] {spark_submit.py:521} INFO - at org.apache.spark.rdd.RDD.$anonfun$mapPartitionsInternal$2$adapted(RDD.scala:901)
[2025-08-10T07:46:35.578+0000] {spark_submit.py:521} INFO - at org.apache.spark.rdd.MapPartitionsRDD.compute(MapPartitionsRDD.scala:52)
[2025-08-10T07:46:35.578+0000] {spark_submit.py:521} INFO - at org.apache.spark.rdd.RDD.computeOrReadCheckpoint(RDD.scala:374)
[2025-08-10T07:46:35.579+0000] {spark_submit.py:521} INFO - at org.apache.spark.rdd.RDD.iterator(RDD.scala:338)
[2025-08-10T07:46:35.579+0000] {spark_submit.py:521} INFO - at org.apache.spark.scheduler.ResultTask.runTask(ResultTask.scala:93)
[2025-08-10T07:46:35.580+0000] {spark_submit.py:521} INFO - at org.apache.spark.TaskContext.runTaskWithListeners(TaskContext.scala:171)
[2025-08-10T07:46:35.580+0000] {spark_submit.py:521} INFO - at org.apache.spark.scheduler.Task.run(Task.scala:147)
[2025-08-10T07:46:35.581+0000] {spark_submit.py:521} INFO - at org.apache.spark.executor.Executor$TaskRunner.$anonfun$run$5(Executor.scala:647)
[2025-08-10T07:46:35.581+0000] {spark_submit.py:521} INFO - at org.apache.spark.util.SparkErrorUtils.tryWithSafeFinally(SparkErrorUtils.scala:80)
[2025-08-10T07:46:35.581+0000] {spark_submit.py:521} INFO - at org.apache.spark.util.SparkErrorUtils.tryWithSafeFinally$(SparkErrorUtils.scala:77)
[2025-08-10T07:46:35.581+0000] {spark_submit.py:521} INFO - at org.apache.spark.util.Utils$.tryWithSafeFinally(Utils.scala:99)
[2025-08-10T07:46:35.582+0000] {spark_submit.py:521} INFO - at org.apache.spark.executor.Executor$TaskRunner.run(Executor.scala:650)
[2025-08-10T07:46:35.582+0000] {spark_submit.py:521} INFO - at java.base/java.util.concurrent.ThreadPoolExecutor.runWorker(Unknown Source)
[2025-08-10T07:46:35.582+0000] {spark_submit.py:521} INFO - at java.base/java.util.concurrent.ThreadPoolExecutor$Worker.run(Unknown Source)
[2025-08-10T07:46:35.583+0000] {spark_submit.py:521} INFO - at java.base/java.lang.Thread.run(Unknown Source)
[2025-08-10T07:46:35.583+0000] {spark_submit.py:521} INFO - 
[2025-08-10T07:46:35.583+0000] {spark_submit.py:521} INFO - Driver stacktrace:
[2025-08-10T07:46:35.584+0000] {spark_submit.py:521} INFO - 25/08/10 07:46:35 INFO DAGScheduler: ResultStage 1 (showString at NativeMethodAccessorImpl.java:0) failed in 8663 ms due to Job aborted due to stage failure: Task 0 in stage 1.0 failed 4 times, most recent failure: Lost task 0.3 in stage 1.0 (TID 4) (172.18.0.3 executor 0): org.apache.spark.api.python.PythonException: Traceback (most recent call last):
[2025-08-10T07:46:35.584+0000] {spark_submit.py:521} INFO - File "/opt/bitnami/spark/python/lib/pyspark.zip/pyspark/worker.py", line 1972, in main
[2025-08-10T07:46:35.584+0000] {spark_submit.py:521} INFO - check_python_version(infile)
[2025-08-10T07:46:35.585+0000] {spark_submit.py:521} INFO - File "/opt/bitnami/spark/python/lib/pyspark.zip/pyspark/worker_util.py", line 77, in check_python_version
[2025-08-10T07:46:35.585+0000] {spark_submit.py:521} INFO - raise PySparkRuntimeError(
[2025-08-10T07:46:35.585+0000] {spark_submit.py:521} INFO - pyspark.errors.exceptions.base.PySparkRuntimeError: [PYTHON_VERSION_MISMATCH] Python in worker has different version: 3.12 than that in driver: 3.11, PySpark cannot run with different minor versions.
[2025-08-10T07:46:35.585+0000] {spark_submit.py:521} INFO - Please check environment variables PYSPARK_PYTHON and PYSPARK_DRIVER_PYTHON are correctly set.
[2025-08-10T07:46:35.586+0000] {spark_submit.py:521} INFO - 
[2025-08-10T07:46:35.586+0000] {spark_submit.py:521} INFO - at org.apache.spark.api.python.BasePythonRunner$ReaderIterator.handlePythonException(PythonRunner.scala:581)
[2025-08-10T07:46:35.586+0000] {spark_submit.py:521} INFO - at org.apache.spark.sql.execution.python.BasePythonUDFRunner$$anon$2.read(PythonUDFRunner.scala:107)
[2025-08-10T07:46:35.587+0000] {spark_submit.py:521} INFO - at org.apache.spark.sql.execution.python.BasePythonUDFRunner$$anon$2.read(PythonUDFRunner.scala:90)
[2025-08-10T07:46:35.587+0000] {spark_submit.py:521} INFO - at org.apache.spark.api.python.BasePythonRunner$ReaderIterator.hasNext(PythonRunner.scala:532)
[2025-08-10T07:46:35.587+0000] {spark_submit.py:521} INFO - at org.apache.spark.InterruptibleIterator.hasNext(InterruptibleIterator.scala:37)
[2025-08-10T07:46:35.587+0000] {spark_submit.py:521} INFO - at scala.collection.Iterator$$anon$10.hasNext(Iterator.scala:601)
[2025-08-10T07:46:35.588+0000] {spark_submit.py:521} INFO - at scala.collection.Iterator$$anon$9.hasNext(Iterator.scala:583)
[2025-08-10T07:46:35.588+0000] {spark_submit.py:521} INFO - at scala.collection.Iterator$$anon$9.hasNext(Iterator.scala:583)
[2025-08-10T07:46:35.588+0000] {spark_submit.py:521} INFO - at org.apache.spark.sql.catalyst.expressions.GeneratedClass$GeneratedIteratorForCodegenStage2.processNext(Unknown Source)
[2025-08-10T07:46:35.589+0000] {spark_submit.py:521} INFO - at org.apache.spark.sql.execution.BufferedRowIterator.hasNext(BufferedRowIterator.java:43)
[2025-08-10T07:46:35.589+0000] {spark_submit.py:521} INFO - at org.apache.spark.sql.execution.WholeStageCodegenEvaluatorFactory$WholeStageCodegenPartitionEvaluator$$anon$1.hasNext(WholeStageCodegenEvaluatorFactory.scala:50)
[2025-08-10T07:46:35.589+0000] {spark_submit.py:521} INFO - at org.apache.spark.sql.execution.SparkPlan.$anonfun$getByteArrayRdd$1(SparkPlan.scala:402)
[2025-08-10T07:46:35.589+0000] {spark_submit.py:521} INFO - at org.apache.spark.rdd.RDD.$anonfun$mapPartitionsInternal$2(RDD.scala:901)
[2025-08-10T07:46:35.590+0000] {spark_submit.py:521} INFO - at org.apache.spark.rdd.RDD.$anonfun$mapPartitionsInternal$2$adapted(RDD.scala:901)
[2025-08-10T07:46:35.590+0000] {spark_submit.py:521} INFO - at org.apache.spark.rdd.MapPartitionsRDD.compute(MapPartitionsRDD.scala:52)
[2025-08-10T07:46:35.590+0000] {spark_submit.py:521} INFO - at org.apache.spark.rdd.RDD.computeOrReadCheckpoint(RDD.scala:374)
[2025-08-10T07:46:35.590+0000] {spark_submit.py:521} INFO - at org.apache.spark.rdd.RDD.iterator(RDD.scala:338)
[2025-08-10T07:46:35.590+0000] {spark_submit.py:521} INFO - at org.apache.spark.scheduler.ResultTask.runTask(ResultTask.scala:93)
[2025-08-10T07:46:35.591+0000] {spark_submit.py:521} INFO - at org.apache.spark.TaskContext.runTaskWithListeners(TaskContext.scala:171)
[2025-08-10T07:46:35.591+0000] {spark_submit.py:521} INFO - at org.apache.spark.scheduler.Task.run(Task.scala:147)
[2025-08-10T07:46:35.591+0000] {spark_submit.py:521} INFO - at org.apache.spark.executor.Executor$TaskRunner.$anonfun$run$5(Executor.scala:647)
[2025-08-10T07:46:35.591+0000] {spark_submit.py:521} INFO - at org.apache.spark.util.SparkErrorUtils.tryWithSafeFinally(SparkErrorUtils.scala:80)
[2025-08-10T07:46:35.592+0000] {spark_submit.py:521} INFO - at org.apache.spark.util.SparkErrorUtils.tryWithSafeFinally$(SparkErrorUtils.scala:77)
[2025-08-10T07:46:35.592+0000] {spark_submit.py:521} INFO - at org.apache.spark.util.Utils$.tryWithSafeFinally(Utils.scala:99)
[2025-08-10T07:46:35.592+0000] {spark_submit.py:521} INFO - at org.apache.spark.executor.Executor$TaskRunner.run(Executor.scala:650)
[2025-08-10T07:46:35.593+0000] {spark_submit.py:521} INFO - at java.base/java.util.concurrent.ThreadPoolExecutor.runWorker(Unknown Source)
[2025-08-10T07:46:35.593+0000] {spark_submit.py:521} INFO - at java.base/java.util.concurrent.ThreadPoolExecutor$Worker.run(Unknown Source)
[2025-08-10T07:46:35.593+0000] {spark_submit.py:521} INFO - at java.base/java.lang.Thread.run(Unknown Source)
[2025-08-10T07:46:35.594+0000] {spark_submit.py:521} INFO - 
[2025-08-10T07:46:35.594+0000] {spark_submit.py:521} INFO - Driver stacktrace:
[2025-08-10T07:46:35.595+0000] {spark_submit.py:521} INFO - 25/08/10 07:46:35 INFO DAGScheduler: Job 1 failed: showString at NativeMethodAccessorImpl.java:0, took 8667.840429 ms
[2025-08-10T07:46:35.648+0000] {spark_submit.py:521} INFO - Traceback (most recent call last):
[2025-08-10T07:46:35.648+0000] {spark_submit.py:521} INFO - File "/opt/spark-jobs/gold_transform.py", line 82, in <module>
[2025-08-10T07:46:35.649+0000] {spark_submit.py:521} INFO - df_silver.show()
[2025-08-10T07:46:35.649+0000] {spark_submit.py:521} INFO - File "/home/***/.local/lib/python3.11/site-packages/pyspark/python/lib/pyspark.zip/pyspark/sql/classic/dataframe.py", line 285, in show
[2025-08-10T07:46:35.651+0000] {spark_submit.py:521} INFO - File "/home/***/.local/lib/python3.11/site-packages/pyspark/python/lib/pyspark.zip/pyspark/sql/classic/dataframe.py", line 303, in _show_string
[2025-08-10T07:46:35.652+0000] {spark_submit.py:521} INFO - File "/home/***/.local/lib/python3.11/site-packages/pyspark/python/lib/py4j-0.10.9.9-src.zip/py4j/java_gateway.py", line 1362, in __call__
[2025-08-10T07:46:35.652+0000] {spark_submit.py:521} INFO - File "/home/***/.local/lib/python3.11/site-packages/pyspark/python/lib/pyspark.zip/pyspark/errors/exceptions/captured.py", line 288, in deco
[2025-08-10T07:46:35.655+0000] {spark_submit.py:521} INFO - pyspark.errors.exceptions.captured.PythonException:
[2025-08-10T07:46:35.655+0000] {spark_submit.py:521} INFO - An exception was thrown from the Python worker. Please see the stack trace below.
[2025-08-10T07:46:35.655+0000] {spark_submit.py:521} INFO - Traceback (most recent call last):
[2025-08-10T07:46:35.656+0000] {spark_submit.py:521} INFO - File "/opt/bitnami/spark/python/lib/pyspark.zip/pyspark/worker.py", line 1972, in main
[2025-08-10T07:46:35.656+0000] {spark_submit.py:521} INFO - check_python_version(infile)
[2025-08-10T07:46:35.656+0000] {spark_submit.py:521} INFO - File "/opt/bitnami/spark/python/lib/pyspark.zip/pyspark/worker_util.py", line 77, in check_python_version
[2025-08-10T07:46:35.656+0000] {spark_submit.py:521} INFO - raise PySparkRuntimeError(
[2025-08-10T07:46:35.657+0000] {spark_submit.py:521} INFO - pyspark.errors.exceptions.base.PySparkRuntimeError: [PYTHON_VERSION_MISMATCH] Python in worker has different version: 3.12 than that in driver: 3.11, PySpark cannot run with different minor versions.
[2025-08-10T07:46:35.657+0000] {spark_submit.py:521} INFO - Please check environment variables PYSPARK_PYTHON and PYSPARK_DRIVER_PYTHON are correctly set.
[2025-08-10T07:46:35.657+0000] {spark_submit.py:521} INFO - 
[2025-08-10T07:46:35.814+0000] {spark_submit.py:521} INFO - 25/08/10 07:46:35 INFO SparkContext: Invoking stop() from shutdown hook
[2025-08-10T07:46:35.817+0000] {spark_submit.py:521} INFO - 25/08/10 07:46:35 INFO SparkContext: SparkContext is stopping with exitCode 0 from run at Executors.java:539.
[2025-08-10T07:46:35.830+0000] {spark_submit.py:521} INFO - 25/08/10 07:46:35 INFO SparkUI: Stopped Spark web UI at http://12ff19608307:4040
[2025-08-10T07:46:35.833+0000] {spark_submit.py:521} INFO - 25/08/10 07:46:35 INFO StandaloneSchedulerBackend: Shutting down all executors
[2025-08-10T07:46:35.834+0000] {spark_submit.py:521} INFO - 25/08/10 07:46:35 INFO StandaloneSchedulerBackend$StandaloneDriverEndpoint: Asking each executor to shut down
[2025-08-10T07:46:35.869+0000] {spark_submit.py:521} INFO - 25/08/10 07:46:35 INFO MapOutputTrackerMasterEndpoint: MapOutputTrackerMasterEndpoint stopped!
[2025-08-10T07:46:35.908+0000] {spark_submit.py:521} INFO - 25/08/10 07:46:35 INFO MemoryStore: MemoryStore cleared
[2025-08-10T07:46:35.909+0000] {spark_submit.py:521} INFO - 25/08/10 07:46:35 INFO BlockManager: BlockManager stopped
[2025-08-10T07:46:35.913+0000] {spark_submit.py:521} INFO - 25/08/10 07:46:35 INFO BlockManagerMaster: BlockManagerMaster stopped
[2025-08-10T07:46:35.918+0000] {spark_submit.py:521} INFO - 25/08/10 07:46:35 INFO OutputCommitCoordinator$OutputCommitCoordinatorEndpoint: OutputCommitCoordinator stopped!
[2025-08-10T07:46:35.929+0000] {spark_submit.py:521} INFO - 25/08/10 07:46:35 INFO SparkContext: Successfully stopped SparkContext
[2025-08-10T07:46:35.930+0000] {spark_submit.py:521} INFO - 25/08/10 07:46:35 INFO ShutdownHookManager: Shutdown hook called
[2025-08-10T07:46:35.930+0000] {spark_submit.py:521} INFO - 25/08/10 07:46:35 INFO ShutdownHookManager: Deleting directory /tmp/spark-e642c73d-d8e8-4074-9f6c-6b93ad6df631
[2025-08-10T07:46:35.935+0000] {spark_submit.py:521} INFO - 25/08/10 07:46:35 INFO ShutdownHookManager: Deleting directory /tmp/spark-e642c73d-d8e8-4074-9f6c-6b93ad6df631/pyspark-43b69c3a-6107-41a8-a3b2-c8d292edc26b
[2025-08-10T07:46:35.939+0000] {spark_submit.py:521} INFO - 25/08/10 07:46:35 INFO ShutdownHookManager: Deleting directory /opt/***/artifacts/spark-2be9538a-b589-4d86-8d88-4c0b36e64fb5
[2025-08-10T07:46:35.946+0000] {spark_submit.py:521} INFO - 25/08/10 07:46:35 INFO ShutdownHookManager: Deleting directory /tmp/spark-12ea28bc-2318-445c-ab07-cfd995a38db3
[2025-08-10T07:46:35.989+0000] {taskinstance.py:441} INFO - ::group::Post task execution logs
[2025-08-10T07:46:36.021+0000] {taskinstance.py:2905} ERROR - Task failed with exception
Traceback (most recent call last):
  File "/home/airflow/.local/lib/python3.11/site-packages/airflow/models/taskinstance.py", line 465, in _execute_task
    result = _execute_callable(context=context, **execute_callable_kwargs)
             ^^^^^^^^^^^^^^^^^^^^^^^^^^^^^^^^^^^^^^^^^^^^^^^^^^^^^^^^^^^^^
  File "/home/airflow/.local/lib/python3.11/site-packages/airflow/models/taskinstance.py", line 432, in _execute_callable
    return execute_callable(context=context, **execute_callable_kwargs)
           ^^^^^^^^^^^^^^^^^^^^^^^^^^^^^^^^^^^^^^^^^^^^^^^^^^^^^^^^^^^^
  File "/home/airflow/.local/lib/python3.11/site-packages/airflow/models/baseoperator.py", line 400, in wrapper
    return func(self, *args, **kwargs)
           ^^^^^^^^^^^^^^^^^^^^^^^^^^^
  File "/home/airflow/.local/lib/python3.11/site-packages/airflow/providers/apache/spark/operators/spark_submit.py", line 156, in execute
    self._hook.submit(self._application)
  File "/home/airflow/.local/lib/python3.11/site-packages/airflow/providers/apache/spark/hooks/spark_submit.py", line 452, in submit
    raise AirflowException(
airflow.exceptions.AirflowException: Cannot execute: spark-submit --master spark://spark-master:7077 --conf spark.master=spark://spark-master:7077 --conf spark.driver.extraClassPath=/opt/custom-jars/* --conf spark.executor.extraClassPath=/opt/custom-jars/* --conf spark.hadoop.fs.gs.impl=com.google.cloud.hadoop.fs.gcs.GoogleHadoopFileSystem --conf spark.hadoop.fs.AbstractFileSystem.gs.impl=com.google.cloud.hadoop.fs.gcs.GoogleHadoopFS --conf spark.hadoop.google.cloud.auth.service.account.enable=true --conf spark.hadoop.google.cloud.auth.service.account.json.keyfile=/opt/***/gcp-key.json --jars /opt/custom-jars/gcs-connector-hadoop3-2.2.14-shaded.jar --name arrow-spark --verbose /opt/spark-jobs/gold_transform.py. Error code is: 1.
[2025-08-10T07:46:36.028+0000] {taskinstance.py:1206} INFO - Marking task as FAILED. dag_id=spark_transform_topcv, task_id=submit_spark_job, run_id=manual__2025-08-10T07:46:02.348960+00:00, execution_date=20250810T074602, start_date=20250810T074605, end_date=20250810T074636
[2025-08-10T07:46:36.049+0000] {standard_task_runner.py:110} ERROR - Failed to execute job 112 for task submit_spark_job (Cannot execute: spark-submit --master spark://spark-master:7077 --conf spark.master=spark://spark-master:7077 --conf spark.driver.extraClassPath=/opt/custom-jars/* --conf spark.executor.extraClassPath=/opt/custom-jars/* --conf spark.hadoop.fs.gs.impl=com.google.cloud.hadoop.fs.gcs.GoogleHadoopFileSystem --conf spark.hadoop.fs.AbstractFileSystem.gs.impl=com.google.cloud.hadoop.fs.gcs.GoogleHadoopFS --conf spark.hadoop.google.cloud.auth.service.account.enable=true --conf spark.hadoop.google.cloud.auth.service.account.json.keyfile=/opt/***/gcp-key.json --jars /opt/custom-jars/gcs-connector-hadoop3-2.2.14-shaded.jar --name arrow-spark --verbose /opt/spark-jobs/gold_transform.py. Error code is: 1.; 1493)
[2025-08-10T07:46:36.083+0000] {local_task_job_runner.py:240} INFO - Task exited with return code 1
[2025-08-10T07:46:36.106+0000] {taskinstance.py:3498} INFO - 0 downstream tasks scheduled from follow-on schedule check
[2025-08-10T07:46:36.108+0000] {local_task_job_runner.py:222} INFO - ::endgroup::
