[2025-08-07T13:59:19.430+0000] {local_task_job_runner.py:120} INFO - ::group::Pre task execution logs
[2025-08-07T13:59:19.477+0000] {taskinstance.py:2076} INFO - Dependencies all met for dep_context=non-requeueable deps ti=<TaskInstance: spark_transform_topcv.submit_spark_job manual__2025-08-07T13:59:11.954940+00:00 [queued]>
[2025-08-07T13:59:19.489+0000] {taskinstance.py:2076} INFO - Dependencies all met for dep_context=requeueable deps ti=<TaskInstance: spark_transform_topcv.submit_spark_job manual__2025-08-07T13:59:11.954940+00:00 [queued]>
[2025-08-07T13:59:19.489+0000] {taskinstance.py:2306} INFO - Starting attempt 1 of 1
[2025-08-07T13:59:19.506+0000] {taskinstance.py:2330} INFO - Executing <Task(SparkSubmitOperator): submit_spark_job> on 2025-08-07 13:59:11.954940+00:00
[2025-08-07T13:59:19.537+0000] {standard_task_runner.py:63} INFO - Started process 1648 to run task
[2025-08-07T13:59:19.618+0000] {standard_task_runner.py:90} INFO - Running: ['***', 'tasks', 'run', 'spark_transform_topcv', 'submit_spark_job', 'manual__2025-08-07T13:59:11.954940+00:00', '--job-id', '56', '--raw', '--subdir', 'DAGS_FOLDER/etl_jobs_dag.py', '--cfg-path', '/tmp/tmpln7n8wm3']
[2025-08-07T13:59:19.643+0000] {standard_task_runner.py:91} INFO - Job 56: Subtask submit_spark_job
[2025-08-07T13:59:19.937+0000] {task_command.py:426} INFO - Running <TaskInstance: spark_transform_topcv.submit_spark_job manual__2025-08-07T13:59:11.954940+00:00 [running]> on host 0d9cbc3d310d
[2025-08-07T13:59:20.392+0000] {taskinstance.py:2648} INFO - Exporting env vars: AIRFLOW_CTX_DAG_OWNER='***' AIRFLOW_CTX_DAG_ID='spark_transform_topcv' AIRFLOW_CTX_TASK_ID='submit_spark_job' AIRFLOW_CTX_EXECUTION_DATE='2025-08-07T13:59:11.954940+00:00' AIRFLOW_CTX_TRY_NUMBER='1' AIRFLOW_CTX_DAG_RUN_ID='manual__2025-08-07T13:59:11.954940+00:00'
[2025-08-07T13:59:20.399+0000] {taskinstance.py:430} INFO - ::endgroup::
[2025-08-07T13:59:20.566+0000] {base.py:84} INFO - Using connection ID 'spark_default' for task execution.
[2025-08-07T13:59:20.570+0000] {spark_submit.py:351} INFO - Spark-Submit cmd: spark-submit --master spark://spark-master:7077 --conf spark.hadoop.fs.s3a.endpoint=http://minio:9000 --conf spark.hadoop.fs.s3a.access.key=minioadmin --conf spark.hadoop.fs.s3a.secret.key=****** --conf spark.hadoop.fs.s3a.path.style.access=true --conf spark.hadoop.fs.s3a.impl=org.apache.hadoop.fs.s3a.S3AFileSystem --conf spark.hadoop.fs.s3a.connection.ssl.enabled=false --conf spark.hadoop.fs.s3a.aws.credentials.provider=org.apache.hadoop.fs.s3a.SimpleAWSCredentialsProvider --jars /opt/custom-jars/hadoop-aws-3.2.2.jar,/opt/custom-jars/aws-java-sdk-bundle-1.12.367.jar --name arrow-spark --verbose /opt/spark-jobs/gold_transform.py
[2025-08-07T13:59:23.180+0000] {spark_submit.py:521} INFO - WARNING: Using incubator modules: jdk.incubator.vector
[2025-08-07T13:59:25.491+0000] {spark_submit.py:521} INFO - Parsed arguments:
[2025-08-07T13:59:25.491+0000] {spark_submit.py:521} INFO - master                  spark://spark-master:7077
[2025-08-07T13:59:25.492+0000] {spark_submit.py:521} INFO - remote                  null
[2025-08-07T13:59:25.492+0000] {spark_submit.py:521} INFO - deployMode              null
[2025-08-07T13:59:25.492+0000] {spark_submit.py:521} INFO - executorMemory          null
[2025-08-07T13:59:25.492+0000] {spark_submit.py:521} INFO - executorCores           null
[2025-08-07T13:59:25.492+0000] {spark_submit.py:521} INFO - totalExecutorCores      null
[2025-08-07T13:59:25.493+0000] {spark_submit.py:521} INFO - propertiesFile          null
[2025-08-07T13:59:25.493+0000] {spark_submit.py:521} INFO - driverMemory            null
[2025-08-07T13:59:25.493+0000] {spark_submit.py:521} INFO - driverCores             null
[2025-08-07T13:59:25.494+0000] {spark_submit.py:521} INFO - driverExtraClassPath    null
[2025-08-07T13:59:25.494+0000] {spark_submit.py:521} INFO - driverExtraLibraryPath  null
[2025-08-07T13:59:25.494+0000] {spark_submit.py:521} INFO - driverExtraJavaOptions  null
[2025-08-07T13:59:25.495+0000] {spark_submit.py:521} INFO - supervise               false
[2025-08-07T13:59:25.495+0000] {spark_submit.py:521} INFO - queue                   null
[2025-08-07T13:59:25.495+0000] {spark_submit.py:521} INFO - numExecutors            null
[2025-08-07T13:59:25.496+0000] {spark_submit.py:521} INFO - files                   null
[2025-08-07T13:59:25.496+0000] {spark_submit.py:521} INFO - pyFiles                 null
[2025-08-07T13:59:25.496+0000] {spark_submit.py:521} INFO - archives                null
[2025-08-07T13:59:25.497+0000] {spark_submit.py:521} INFO - mainClass               null
[2025-08-07T13:59:25.497+0000] {spark_submit.py:521} INFO - primaryResource         file:/opt/spark-jobs/gold_transform.py
[2025-08-07T13:59:25.497+0000] {spark_submit.py:521} INFO - name                    arrow-spark
[2025-08-07T13:59:25.497+0000] {spark_submit.py:521} INFO - childArgs               []
[2025-08-07T13:59:25.498+0000] {spark_submit.py:521} INFO - jars                    file:/opt/custom-jars/hadoop-aws-3.2.2.jar,file:/opt/custom-jars/aws-java-sdk-bundle-1.12.367.jar
[2025-08-07T13:59:25.498+0000] {spark_submit.py:521} INFO - packages                null
[2025-08-07T13:59:25.498+0000] {spark_submit.py:521} INFO - packagesExclusions      null
[2025-08-07T13:59:25.498+0000] {spark_submit.py:521} INFO - repositories            null
[2025-08-07T13:59:25.499+0000] {spark_submit.py:521} INFO - verbose                 true
[2025-08-07T13:59:25.499+0000] {spark_submit.py:521} INFO - 
[2025-08-07T13:59:25.499+0000] {spark_submit.py:521} INFO - Spark properties used, including those specified through
[2025-08-07T13:59:25.499+0000] {spark_submit.py:521} INFO - --conf and those from the properties file null:
[2025-08-07T13:59:25.500+0000] {spark_submit.py:521} INFO - (spark.hadoop.fs.s3a.access.key,*********(redacted))
[2025-08-07T13:59:25.500+0000] {spark_submit.py:521} INFO - (spark.hadoop.fs.s3a.aws.credentials.provider,org.apache.hadoop.fs.s3a.SimpleAWSCredentialsProvider)
[2025-08-07T13:59:25.500+0000] {spark_submit.py:521} INFO - (spark.hadoop.fs.s3a.connection.ssl.enabled,false)
[2025-08-07T13:59:25.500+0000] {spark_submit.py:521} INFO - (spark.hadoop.fs.s3a.endpoint,http://minio:9000)
[2025-08-07T13:59:25.501+0000] {spark_submit.py:521} INFO - (spark.hadoop.fs.s3a.impl,org.apache.hadoop.fs.s3a.S3AFileSystem)
[2025-08-07T13:59:25.501+0000] {spark_submit.py:521} INFO - (spark.hadoop.fs.s3a.path.style.access,true)
[2025-08-07T13:59:25.501+0000] {spark_submit.py:521} INFO - (spark.hadoop.fs.s3a.secret.key,*********(redacted))
[2025-08-07T13:59:25.502+0000] {spark_submit.py:521} INFO - 
[2025-08-07T13:59:25.502+0000] {spark_submit.py:521} INFO - 
[2025-08-07T13:59:26.136+0000] {spark_submit.py:521} INFO - 25/08/07 13:59:26 WARN NativeCodeLoader: Unable to load native-hadoop library for your platform... using builtin-java classes where applicable
[2025-08-07T13:59:26.396+0000] {spark_submit.py:521} INFO - Main class:
[2025-08-07T13:59:26.397+0000] {spark_submit.py:521} INFO - org.apache.spark.deploy.PythonRunner
[2025-08-07T13:59:26.397+0000] {spark_submit.py:521} INFO - Arguments:
[2025-08-07T13:59:26.397+0000] {spark_submit.py:521} INFO - file:/opt/spark-jobs/gold_transform.py
[2025-08-07T13:59:26.398+0000] {spark_submit.py:521} INFO - null
[2025-08-07T13:59:26.399+0000] {spark_submit.py:521} INFO - Spark config:
[2025-08-07T13:59:26.399+0000] {spark_submit.py:521} INFO - (spark.app.name,arrow-spark)
[2025-08-07T13:59:26.400+0000] {spark_submit.py:521} INFO - (spark.app.submitTime,1754575166340)
[2025-08-07T13:59:26.400+0000] {spark_submit.py:521} INFO - (spark.hadoop.fs.s3a.access.key,*********(redacted))
[2025-08-07T13:59:26.400+0000] {spark_submit.py:521} INFO - (spark.hadoop.fs.s3a.aws.credentials.provider,org.apache.hadoop.fs.s3a.SimpleAWSCredentialsProvider)
[2025-08-07T13:59:26.400+0000] {spark_submit.py:521} INFO - (spark.hadoop.fs.s3a.connection.ssl.enabled,false)
[2025-08-07T13:59:26.401+0000] {spark_submit.py:521} INFO - (spark.hadoop.fs.s3a.endpoint,http://minio:9000)
[2025-08-07T13:59:26.401+0000] {spark_submit.py:521} INFO - (spark.hadoop.fs.s3a.impl,org.apache.hadoop.fs.s3a.S3AFileSystem)
[2025-08-07T13:59:26.401+0000] {spark_submit.py:521} INFO - (spark.hadoop.fs.s3a.path.style.access,true)
[2025-08-07T13:59:26.401+0000] {spark_submit.py:521} INFO - (spark.hadoop.fs.s3a.secret.key,*********(redacted))
[2025-08-07T13:59:26.402+0000] {spark_submit.py:521} INFO - (spark.jars,file:///opt/custom-jars/hadoop-aws-3.2.2.jar,file:///opt/custom-jars/aws-java-sdk-bundle-1.12.367.jar)
[2025-08-07T13:59:26.402+0000] {spark_submit.py:521} INFO - (spark.master,spark://spark-master:7077)
[2025-08-07T13:59:26.402+0000] {spark_submit.py:521} INFO - (spark.repl.local.jars,file:///opt/custom-jars/hadoop-aws-3.2.2.jar,file:///opt/custom-jars/aws-java-sdk-bundle-1.12.367.jar)
[2025-08-07T13:59:26.402+0000] {spark_submit.py:521} INFO - (spark.submit.deployMode,client)
[2025-08-07T13:59:26.402+0000] {spark_submit.py:521} INFO - (spark.submit.pyFiles,)
[2025-08-07T13:59:26.403+0000] {spark_submit.py:521} INFO - Classpath elements:
[2025-08-07T13:59:26.403+0000] {spark_submit.py:521} INFO - file:///opt/custom-jars/hadoop-aws-3.2.2.jar
[2025-08-07T13:59:26.403+0000] {spark_submit.py:521} INFO - file:///opt/custom-jars/aws-java-sdk-bundle-1.12.367.jar
[2025-08-07T13:59:26.403+0000] {spark_submit.py:521} INFO - 
[2025-08-07T13:59:26.404+0000] {spark_submit.py:521} INFO - 
[2025-08-07T13:59:28.837+0000] {spark_submit.py:521} INFO - Using Spark's default log4j profile: org/apache/spark/log4j2-defaults.properties
[2025-08-07T13:59:28.842+0000] {spark_submit.py:521} INFO - 25/08/07 13:59:28 INFO SparkContext: Running Spark version 4.0.0
[2025-08-07T13:59:28.844+0000] {spark_submit.py:521} INFO - 25/08/07 13:59:28 INFO SparkContext: OS info Linux, 5.15.167.4-microsoft-standard-WSL2, amd64
[2025-08-07T13:59:28.846+0000] {spark_submit.py:521} INFO - 25/08/07 13:59:28 INFO SparkContext: Java version 17.0.15
[2025-08-07T13:59:28.872+0000] {spark_submit.py:521} INFO - 25/08/07 13:59:28 INFO ResourceUtils: ==============================================================
[2025-08-07T13:59:28.872+0000] {spark_submit.py:521} INFO - 25/08/07 13:59:28 INFO ResourceUtils: No custom resources configured for spark.driver.
[2025-08-07T13:59:28.873+0000] {spark_submit.py:521} INFO - 25/08/07 13:59:28 INFO ResourceUtils: ==============================================================
[2025-08-07T13:59:28.873+0000] {spark_submit.py:521} INFO - 25/08/07 13:59:28 INFO SparkContext: Submitted application: GoldTransform
[2025-08-07T13:59:28.907+0000] {spark_submit.py:521} INFO - 25/08/07 13:59:28 INFO ResourceProfile: Default ResourceProfile created, executor resources: Map(memory -> name: memory, amount: 1024, script: , vendor: , offHeap -> name: offHeap, amount: 0, script: , vendor: ), task resources: Map(cpus -> name: cpus, amount: 1.0)
[2025-08-07T13:59:28.912+0000] {spark_submit.py:521} INFO - 25/08/07 13:59:28 INFO ResourceProfile: Limiting resource is cpu
[2025-08-07T13:59:28.913+0000] {spark_submit.py:521} INFO - 25/08/07 13:59:28 INFO ResourceProfileManager: Added ResourceProfile id: 0
[2025-08-07T13:59:28.977+0000] {spark_submit.py:521} INFO - 25/08/07 13:59:28 INFO SecurityManager: Changing view acls to: ***
[2025-08-07T13:59:28.978+0000] {spark_submit.py:521} INFO - 25/08/07 13:59:28 INFO SecurityManager: Changing modify acls to: ***
[2025-08-07T13:59:28.979+0000] {spark_submit.py:521} INFO - 25/08/07 13:59:28 INFO SecurityManager: Changing view acls groups to: ***
[2025-08-07T13:59:28.979+0000] {spark_submit.py:521} INFO - 25/08/07 13:59:28 INFO SecurityManager: Changing modify acls groups to: ***
[2025-08-07T13:59:28.983+0000] {spark_submit.py:521} INFO - 25/08/07 13:59:28 INFO SecurityManager: SecurityManager: authentication disabled; ui acls disabled; users with view permissions: *** groups with view permissions: EMPTY; users with modify permissions: ***; groups with modify permissions: EMPTY; RPC SSL disabled
[2025-08-07T13:59:29.566+0000] {spark_submit.py:521} INFO - 25/08/07 13:59:29 INFO Utils: Successfully started service 'sparkDriver' on port 41157.
[2025-08-07T13:59:29.616+0000] {spark_submit.py:521} INFO - 25/08/07 13:59:29 INFO SparkEnv: Registering MapOutputTracker
[2025-08-07T13:59:29.647+0000] {spark_submit.py:521} INFO - 25/08/07 13:59:29 INFO SparkEnv: Registering BlockManagerMaster
[2025-08-07T13:59:29.703+0000] {spark_submit.py:521} INFO - 25/08/07 13:59:29 INFO BlockManagerMasterEndpoint: Using org.apache.spark.storage.DefaultTopologyMapper for getting topology information
[2025-08-07T13:59:29.706+0000] {spark_submit.py:521} INFO - 25/08/07 13:59:29 INFO BlockManagerMasterEndpoint: BlockManagerMasterEndpoint up
[2025-08-07T13:59:29.718+0000] {spark_submit.py:521} INFO - 25/08/07 13:59:29 INFO SparkEnv: Registering BlockManagerMasterHeartbeat
[2025-08-07T13:59:29.817+0000] {spark_submit.py:521} INFO - 25/08/07 13:59:29 INFO DiskBlockManager: Created local directory at /tmp/blockmgr-d4a595bc-b9b7-42b8-983e-2fdaa57eb983
[2025-08-07T13:59:29.867+0000] {spark_submit.py:521} INFO - 25/08/07 13:59:29 INFO SparkEnv: Registering OutputCommitCoordinator
[2025-08-07T13:59:30.160+0000] {spark_submit.py:521} INFO - 25/08/07 13:59:30 INFO JettyUtils: Start Jetty 0.0.0.0:4040 for SparkUI
[2025-08-07T13:59:30.270+0000] {spark_submit.py:521} INFO - 25/08/07 13:59:30 INFO Utils: Successfully started service 'SparkUI' on port 4040.
[2025-08-07T13:59:30.323+0000] {spark_submit.py:521} INFO - 25/08/07 13:59:30 INFO SparkContext: Added JAR file:///opt/custom-jars/hadoop-aws-3.2.2.jar at spark://0d9cbc3d310d:41157/jars/hadoop-aws-3.2.2.jar with timestamp 1754575168827
[2025-08-07T13:59:30.323+0000] {spark_submit.py:521} INFO - 25/08/07 13:59:30 INFO SparkContext: Added JAR file:///opt/custom-jars/aws-java-sdk-bundle-1.12.367.jar at spark://0d9cbc3d310d:41157/jars/aws-java-sdk-bundle-1.12.367.jar with timestamp 1754575168827
[2025-08-07T13:59:30.351+0000] {spark_submit.py:521} INFO - 25/08/07 13:59:30 INFO SecurityManager: Changing view acls to: ***
[2025-08-07T13:59:30.352+0000] {spark_submit.py:521} INFO - 25/08/07 13:59:30 INFO SecurityManager: Changing modify acls to: ***
[2025-08-07T13:59:30.352+0000] {spark_submit.py:521} INFO - 25/08/07 13:59:30 INFO SecurityManager: Changing view acls groups to: ***
[2025-08-07T13:59:30.353+0000] {spark_submit.py:521} INFO - 25/08/07 13:59:30 INFO SecurityManager: Changing modify acls groups to: ***
[2025-08-07T13:59:30.353+0000] {spark_submit.py:521} INFO - 25/08/07 13:59:30 INFO SecurityManager: SecurityManager: authentication disabled; ui acls disabled; users with view permissions: *** groups with view permissions: EMPTY; users with modify permissions: ***; groups with modify permissions: EMPTY; RPC SSL disabled
[2025-08-07T13:59:30.540+0000] {spark_submit.py:521} INFO - 25/08/07 13:59:30 INFO StandaloneAppClient$ClientEndpoint: Connecting to master spark://spark-master:7077...
[2025-08-07T13:59:30.672+0000] {spark_submit.py:521} INFO - 25/08/07 13:59:30 INFO TransportClientFactory: Successfully created connection to spark-master/172.19.0.2:7077 after 96 ms (0 ms spent in bootstraps)
[2025-08-07T13:59:31.330+0000] {spark_submit.py:521} INFO - 25/08/07 13:59:31 INFO StandaloneSchedulerBackend: Connected to Spark cluster with app ID app-20250807135931-0000
[2025-08-07T13:59:31.372+0000] {spark_submit.py:521} INFO - 25/08/07 13:59:31 INFO Utils: Successfully started service 'org.apache.spark.network.netty.NettyBlockTransferService' on port 43639.
[2025-08-07T13:59:31.373+0000] {spark_submit.py:521} INFO - 25/08/07 13:59:31 INFO NettyBlockTransferService: Server created on 0d9cbc3d310d:43639
[2025-08-07T13:59:31.376+0000] {spark_submit.py:521} INFO - 25/08/07 13:59:31 INFO BlockManager: Using org.apache.spark.storage.RandomBlockReplicationPolicy for block replication policy
[2025-08-07T13:59:31.417+0000] {spark_submit.py:521} INFO - 25/08/07 13:59:31 INFO BlockManagerMaster: Registering BlockManager BlockManagerId(driver, 0d9cbc3d310d, 43639, None)
[2025-08-07T13:59:31.425+0000] {spark_submit.py:521} INFO - 25/08/07 13:59:31 INFO BlockManagerMasterEndpoint: Registering block manager 0d9cbc3d310d:43639 with 434.4 MiB RAM, BlockManagerId(driver, 0d9cbc3d310d, 43639, None)
[2025-08-07T13:59:31.429+0000] {spark_submit.py:521} INFO - 25/08/07 13:59:31 INFO BlockManagerMaster: Registered BlockManager BlockManagerId(driver, 0d9cbc3d310d, 43639, None)
[2025-08-07T13:59:31.430+0000] {spark_submit.py:521} INFO - 25/08/07 13:59:31 INFO BlockManager: Initialized BlockManager: BlockManagerId(driver, 0d9cbc3d310d, 43639, None)
[2025-08-07T13:59:31.585+0000] {spark_submit.py:521} INFO - 25/08/07 13:59:31 INFO StandaloneAppClient$ClientEndpoint: Executor added: app-20250807135931-0000/0 on worker-20250807135726-172.19.0.5-44827 (172.19.0.5:44827) with 2 core(s)
[2025-08-07T13:59:31.586+0000] {spark_submit.py:521} INFO - 25/08/07 13:59:31 INFO StandaloneSchedulerBackend: Granted executor ID app-20250807135931-0000/0 on hostPort 172.19.0.5:44827 with 2 core(s), 1024.0 MiB RAM
[2025-08-07T13:59:31.636+0000] {spark_submit.py:521} INFO - 25/08/07 13:59:31 INFO StandaloneSchedulerBackend: SchedulerBackend is ready for scheduling beginning after reached minRegisteredResourcesRatio: 0.0
[2025-08-07T13:59:32.414+0000] {spark_submit.py:521} INFO - 25/08/07 13:59:32 INFO StandaloneAppClient$ClientEndpoint: Executor updated: app-20250807135931-0000/0 is now RUNNING
[2025-08-07T13:59:37.796+0000] {spark_submit.py:521} INFO - 25/08/07 13:59:37 INFO SharedState: Setting hive.metastore.warehouse.dir ('null') to the value of spark.sql.warehouse.dir.
[2025-08-07T13:59:37.821+0000] {spark_submit.py:521} INFO - 25/08/07 13:59:37 INFO SharedState: Warehouse path is 'file:/opt/***/spark-warehouse'.
[2025-08-07T13:59:40.515+0000] {spark_submit.py:521} INFO - 25/08/07 13:59:40 WARN MetricsConfig: Cannot locate configuration: tried hadoop-metrics2-s3a-file-system.properties,hadoop-metrics2.properties
[2025-08-07T13:59:40.536+0000] {spark_submit.py:521} INFO - 25/08/07 13:59:40 INFO MetricsSystemImpl: Scheduled Metric snapshot period at 10 second(s).
[2025-08-07T13:59:40.536+0000] {spark_submit.py:521} INFO - 25/08/07 13:59:40 INFO MetricsSystemImpl: s3a-file-system metrics system started
[2025-08-07T13:59:42.074+0000] {spark_submit.py:521} INFO - 25/08/07 13:59:42 INFO StandaloneSchedulerBackend$StandaloneDriverEndpoint: Registered executor NettyRpcEndpointRef(spark-client://Executor) (172.19.0.5:44660) with ID 0, ResourceProfileId 0
[2025-08-07T13:59:42.242+0000] {spark_submit.py:521} INFO - 25/08/07 13:59:42 WARN FileSystem: Failed to initialize filesystem s3a://bronze/topcv/topcv_jobs.parquet: java.lang.NumberFormatException: For input string: "30s"
[2025-08-07T13:59:42.244+0000] {spark_submit.py:521} INFO - 25/08/07 13:59:42 INFO MetricsSystemImpl: Stopping s3a-file-system metrics system...
[2025-08-07T13:59:42.245+0000] {spark_submit.py:521} INFO - 25/08/07 13:59:42 INFO MetricsSystemImpl: s3a-file-system metrics system stopped.
[2025-08-07T13:59:42.245+0000] {spark_submit.py:521} INFO - 25/08/07 13:59:42 INFO MetricsSystemImpl: s3a-file-system metrics system shutdown complete.
[2025-08-07T13:59:42.247+0000] {spark_submit.py:521} INFO - 25/08/07 13:59:42 WARN FileStreamSink: Assume no metadata directory. Error while looking for metadata directory in the path: s3a://bronze/topcv/topcv_jobs.parquet.
[2025-08-07T13:59:42.247+0000] {spark_submit.py:521} INFO - java.lang.NumberFormatException: For input string: "30s"
[2025-08-07T13:59:42.248+0000] {spark_submit.py:521} INFO - at java.base/java.lang.NumberFormatException.forInputString(NumberFormatException.java:67)
[2025-08-07T13:59:42.248+0000] {spark_submit.py:521} INFO - at java.base/java.lang.Integer.parseInt(Integer.java:668)
[2025-08-07T13:59:42.248+0000] {spark_submit.py:521} INFO - at java.base/java.lang.Integer.parseInt(Integer.java:786)
[2025-08-07T13:59:42.249+0000] {spark_submit.py:521} INFO - at org.apache.hadoop.conf.Configuration.getInt(Configuration.java:1554)
[2025-08-07T13:59:42.249+0000] {spark_submit.py:521} INFO - at org.apache.hadoop.fs.s3a.S3AUtils.intOption(S3AUtils.java:914)
[2025-08-07T13:59:42.249+0000] {spark_submit.py:521} INFO - at org.apache.hadoop.fs.s3a.S3AUtils.initConnectionSettings(S3AUtils.java:1169)
[2025-08-07T13:59:42.250+0000] {spark_submit.py:521} INFO - at org.apache.hadoop.fs.s3a.S3AUtils.createAwsConf(S3AUtils.java:1148)
[2025-08-07T13:59:42.250+0000] {spark_submit.py:521} INFO - at org.apache.hadoop.fs.s3a.DefaultS3ClientFactory.createS3Client(DefaultS3ClientFactory.java:52)
[2025-08-07T13:59:42.250+0000] {spark_submit.py:521} INFO - at org.apache.hadoop.fs.s3a.S3AFileSystem.initialize(S3AFileSystem.java:270)
[2025-08-07T13:59:42.250+0000] {spark_submit.py:521} INFO - at org.apache.hadoop.fs.FileSystem.createFileSystem(FileSystem.java:3615)
[2025-08-07T13:59:42.251+0000] {spark_submit.py:521} INFO - at org.apache.hadoop.fs.FileSystem.access$300(FileSystem.java:172)
[2025-08-07T13:59:42.251+0000] {spark_submit.py:521} INFO - at org.apache.hadoop.fs.FileSystem$Cache.getInternal(FileSystem.java:3716)
[2025-08-07T13:59:42.251+0000] {spark_submit.py:521} INFO - at org.apache.hadoop.fs.FileSystem$Cache.get(FileSystem.java:3667)
[2025-08-07T13:59:42.252+0000] {spark_submit.py:521} INFO - at org.apache.hadoop.fs.FileSystem.get(FileSystem.java:557)
[2025-08-07T13:59:42.252+0000] {spark_submit.py:521} INFO - at org.apache.hadoop.fs.Path.getFileSystem(Path.java:366)
[2025-08-07T13:59:42.253+0000] {spark_submit.py:521} INFO - at org.apache.spark.sql.execution.streaming.FileStreamSink$.hasMetadata(FileStreamSink.scala:55)
[2025-08-07T13:59:42.253+0000] {spark_submit.py:521} INFO - at org.apache.spark.sql.execution.datasources.DataSource.resolveRelation(DataSource.scala:381)
[2025-08-07T13:59:42.253+0000] {spark_submit.py:521} INFO - at org.apache.spark.sql.catalyst.analysis.ResolveDataSource.org$apache$spark$sql$catalyst$analysis$ResolveDataSource$$loadV1BatchSource(ResolveDataSource.scala:143)
[2025-08-07T13:59:42.253+0000] {spark_submit.py:521} INFO - at org.apache.spark.sql.catalyst.analysis.ResolveDataSource$$anonfun$apply$1.$anonfun$applyOrElse$2(ResolveDataSource.scala:61)
[2025-08-07T13:59:42.254+0000] {spark_submit.py:521} INFO - at scala.Option.getOrElse(Option.scala:201)
[2025-08-07T13:59:42.254+0000] {spark_submit.py:521} INFO - at org.apache.spark.sql.catalyst.analysis.ResolveDataSource$$anonfun$apply$1.applyOrElse(ResolveDataSource.scala:61)
[2025-08-07T13:59:42.254+0000] {spark_submit.py:521} INFO - at org.apache.spark.sql.catalyst.analysis.ResolveDataSource$$anonfun$apply$1.applyOrElse(ResolveDataSource.scala:45)
[2025-08-07T13:59:42.255+0000] {spark_submit.py:521} INFO - at org.apache.spark.sql.catalyst.plans.logical.AnalysisHelper.$anonfun$resolveOperatorsUpWithPruning$3(AnalysisHelper.scala:139)
[2025-08-07T13:59:42.255+0000] {spark_submit.py:521} INFO - at org.apache.spark.sql.catalyst.trees.CurrentOrigin$.withOrigin(origin.scala:86)
[2025-08-07T13:59:42.255+0000] {spark_submit.py:521} INFO - at org.apache.spark.sql.catalyst.plans.logical.AnalysisHelper.$anonfun$resolveOperatorsUpWithPruning$1(AnalysisHelper.scala:139)
[2025-08-07T13:59:42.255+0000] {spark_submit.py:521} INFO - at org.apache.spark.sql.catalyst.plans.logical.AnalysisHelper$.allowInvokingTransformsInAnalyzer(AnalysisHelper.scala:416)
[2025-08-07T13:59:42.255+0000] {spark_submit.py:521} INFO - at org.apache.spark.sql.catalyst.plans.logical.AnalysisHelper.resolveOperatorsUpWithPruning(AnalysisHelper.scala:135)
[2025-08-07T13:59:42.256+0000] {spark_submit.py:521} INFO - at org.apache.spark.sql.catalyst.plans.logical.AnalysisHelper.resolveOperatorsUpWithPruning$(AnalysisHelper.scala:131)
[2025-08-07T13:59:42.256+0000] {spark_submit.py:521} INFO - at org.apache.spark.sql.catalyst.plans.logical.LogicalPlan.resolveOperatorsUpWithPruning(LogicalPlan.scala:37)
[2025-08-07T13:59:42.256+0000] {spark_submit.py:521} INFO - at org.apache.spark.sql.catalyst.plans.logical.AnalysisHelper.resolveOperatorsUp(AnalysisHelper.scala:112)
[2025-08-07T13:59:42.256+0000] {spark_submit.py:521} INFO - at org.apache.spark.sql.catalyst.plans.logical.AnalysisHelper.resolveOperatorsUp$(AnalysisHelper.scala:111)
[2025-08-07T13:59:42.256+0000] {spark_submit.py:521} INFO - at org.apache.spark.sql.catalyst.plans.logical.LogicalPlan.resolveOperatorsUp(LogicalPlan.scala:37)
[2025-08-07T13:59:42.257+0000] {spark_submit.py:521} INFO - at org.apache.spark.sql.catalyst.analysis.ResolveDataSource.apply(ResolveDataSource.scala:45)
[2025-08-07T13:59:42.257+0000] {spark_submit.py:521} INFO - at org.apache.spark.sql.catalyst.analysis.ResolveDataSource.apply(ResolveDataSource.scala:43)
[2025-08-07T13:59:42.257+0000] {spark_submit.py:521} INFO - at org.apache.spark.sql.catalyst.rules.RuleExecutor.$anonfun$execute$2(RuleExecutor.scala:242)
[2025-08-07T13:59:42.258+0000] {spark_submit.py:521} INFO - at scala.collection.LinearSeqOps.foldLeft(LinearSeq.scala:183)
[2025-08-07T13:59:42.258+0000] {spark_submit.py:521} INFO - at scala.collection.LinearSeqOps.foldLeft$(LinearSeq.scala:179)
[2025-08-07T13:59:42.258+0000] {spark_submit.py:521} INFO - at scala.collection.immutable.List.foldLeft(List.scala:79)
[2025-08-07T13:59:42.258+0000] {spark_submit.py:521} INFO - at org.apache.spark.sql.catalyst.rules.RuleExecutor.$anonfun$execute$1(RuleExecutor.scala:239)
[2025-08-07T13:59:42.259+0000] {spark_submit.py:521} INFO - at org.apache.spark.sql.catalyst.rules.RuleExecutor.$anonfun$execute$1$adapted(RuleExecutor.scala:231)
[2025-08-07T13:59:42.259+0000] {spark_submit.py:521} INFO - at scala.collection.immutable.List.foreach(List.scala:334)
[2025-08-07T13:59:42.259+0000] {spark_submit.py:521} INFO - at org.apache.spark.sql.catalyst.rules.RuleExecutor.execute(RuleExecutor.scala:231)
[2025-08-07T13:59:42.259+0000] {spark_submit.py:521} INFO - at org.apache.spark.sql.catalyst.analysis.Analyzer.org$apache$spark$sql$catalyst$analysis$Analyzer$$executeSameContext(Analyzer.scala:290)
[2025-08-07T13:59:42.260+0000] {spark_submit.py:521} INFO - at org.apache.spark.sql.catalyst.analysis.Analyzer.$anonfun$execute$1(Analyzer.scala:286)
[2025-08-07T13:59:42.260+0000] {spark_submit.py:521} INFO - at org.apache.spark.sql.catalyst.analysis.AnalysisContext$.withNewAnalysisContext(Analyzer.scala:234)
[2025-08-07T13:59:42.260+0000] {spark_submit.py:521} INFO - at org.apache.spark.sql.catalyst.analysis.Analyzer.execute(Analyzer.scala:286)
[2025-08-07T13:59:42.260+0000] {spark_submit.py:521} INFO - at org.apache.spark.sql.catalyst.analysis.Analyzer.execute(Analyzer.scala:249)
[2025-08-07T13:59:42.261+0000] {spark_submit.py:521} INFO - at org.apache.spark.sql.catalyst.rules.RuleExecutor.$anonfun$executeAndTrack$1(RuleExecutor.scala:201)
[2025-08-07T13:59:42.261+0000] {spark_submit.py:521} INFO - at org.apache.spark.sql.catalyst.QueryPlanningTracker$.withTracker(QueryPlanningTracker.scala:89)
[2025-08-07T13:59:42.262+0000] {spark_submit.py:521} INFO - at org.apache.spark.sql.catalyst.rules.RuleExecutor.executeAndTrack(RuleExecutor.scala:201)
[2025-08-07T13:59:42.262+0000] {spark_submit.py:521} INFO - at org.apache.spark.sql.catalyst.analysis.resolver.HybridAnalyzer.resolveInFixedPoint(HybridAnalyzer.scala:190)
[2025-08-07T13:59:42.263+0000] {spark_submit.py:521} INFO - at org.apache.spark.sql.catalyst.analysis.resolver.HybridAnalyzer.$anonfun$apply$1(HybridAnalyzer.scala:76)
[2025-08-07T13:59:42.263+0000] {spark_submit.py:521} INFO - at org.apache.spark.sql.catalyst.analysis.resolver.HybridAnalyzer.withTrackedAnalyzerBridgeState(HybridAnalyzer.scala:111)
[2025-08-07T13:59:42.263+0000] {spark_submit.py:521} INFO - at org.apache.spark.sql.catalyst.analysis.resolver.HybridAnalyzer.apply(HybridAnalyzer.scala:71)
[2025-08-07T13:59:42.264+0000] {spark_submit.py:521} INFO - at org.apache.spark.sql.catalyst.analysis.Analyzer.$anonfun$executeAndCheck$1(Analyzer.scala:280)
[2025-08-07T13:59:42.264+0000] {spark_submit.py:521} INFO - at org.apache.spark.sql.catalyst.plans.logical.AnalysisHelper$.markInAnalyzer(AnalysisHelper.scala:423)
[2025-08-07T13:59:42.264+0000] {spark_submit.py:521} INFO - at org.apache.spark.sql.catalyst.analysis.Analyzer.executeAndCheck(Analyzer.scala:280)
[2025-08-07T13:59:42.265+0000] {spark_submit.py:521} INFO - at org.apache.spark.sql.execution.QueryExecution.$anonfun$lazyAnalyzed$2(QueryExecution.scala:110)
[2025-08-07T13:59:42.265+0000] {spark_submit.py:521} INFO - at org.apache.spark.sql.catalyst.QueryPlanningTracker.measurePhase(QueryPlanningTracker.scala:148)
[2025-08-07T13:59:42.265+0000] {spark_submit.py:521} INFO - at org.apache.spark.sql.execution.QueryExecution.$anonfun$executePhase$2(QueryExecution.scala:278)
[2025-08-07T13:59:42.265+0000] {spark_submit.py:521} INFO - at org.apache.spark.sql.execution.QueryExecution$.withInternalError(QueryExecution.scala:654)
[2025-08-07T13:59:42.266+0000] {spark_submit.py:521} INFO - at org.apache.spark.sql.execution.QueryExecution.$anonfun$executePhase$1(QueryExecution.scala:278)
[2025-08-07T13:59:42.266+0000] {spark_submit.py:521} INFO - at org.apache.spark.sql.SparkSession.withActive(SparkSession.scala:804)
[2025-08-07T13:59:42.266+0000] {spark_submit.py:521} INFO - at org.apache.spark.sql.execution.QueryExecution.executePhase(QueryExecution.scala:277)
[2025-08-07T13:59:42.267+0000] {spark_submit.py:521} INFO - at org.apache.spark.sql.execution.QueryExecution.$anonfun$lazyAnalyzed$1(QueryExecution.scala:110)
[2025-08-07T13:59:42.268+0000] {spark_submit.py:521} INFO - at scala.util.Try$.apply(Try.scala:217)
[2025-08-07T13:59:42.268+0000] {spark_submit.py:521} INFO - at org.apache.spark.util.Utils$.doTryWithCallerStacktrace(Utils.scala:1378)
[2025-08-07T13:59:42.268+0000] {spark_submit.py:521} INFO - at org.apache.spark.util.LazyTry.tryT$lzycompute(LazyTry.scala:46)
[2025-08-07T13:59:42.268+0000] {spark_submit.py:521} INFO - at org.apache.spark.util.LazyTry.tryT(LazyTry.scala:46)
[2025-08-07T13:59:42.269+0000] {spark_submit.py:521} INFO - at org.apache.spark.util.LazyTry.get(LazyTry.scala:58)
[2025-08-07T13:59:42.269+0000] {spark_submit.py:521} INFO - at org.apache.spark.sql.execution.QueryExecution.analyzed(QueryExecution.scala:121)
[2025-08-07T13:59:42.269+0000] {spark_submit.py:521} INFO - at org.apache.spark.sql.execution.QueryExecution.assertAnalyzed(QueryExecution.scala:80)
[2025-08-07T13:59:42.270+0000] {spark_submit.py:521} INFO - at org.apache.spark.sql.classic.Dataset$.$anonfun$ofRows$1(Dataset.scala:115)
[2025-08-07T13:59:42.270+0000] {spark_submit.py:521} INFO - at org.apache.spark.sql.SparkSession.withActive(SparkSession.scala:804)
[2025-08-07T13:59:42.270+0000] {spark_submit.py:521} INFO - at org.apache.spark.sql.classic.Dataset$.ofRows(Dataset.scala:113)
[2025-08-07T13:59:42.270+0000] {spark_submit.py:521} INFO - at org.apache.spark.sql.classic.DataFrameReader.load(DataFrameReader.scala:109)
[2025-08-07T13:59:42.271+0000] {spark_submit.py:521} INFO - at org.apache.spark.sql.classic.DataFrameReader.load(DataFrameReader.scala:58)
[2025-08-07T13:59:42.271+0000] {spark_submit.py:521} INFO - at org.apache.spark.sql.DataFrameReader.parquet(DataFrameReader.scala:457)
[2025-08-07T13:59:42.271+0000] {spark_submit.py:521} INFO - at org.apache.spark.sql.classic.DataFrameReader.parquet(DataFrameReader.scala:306)
[2025-08-07T13:59:42.271+0000] {spark_submit.py:521} INFO - at org.apache.spark.sql.classic.DataFrameReader.parquet(DataFrameReader.scala:58)
[2025-08-07T13:59:42.271+0000] {spark_submit.py:521} INFO - at java.base/jdk.internal.reflect.NativeMethodAccessorImpl.invoke0(Native Method)
[2025-08-07T13:59:42.272+0000] {spark_submit.py:521} INFO - at java.base/jdk.internal.reflect.NativeMethodAccessorImpl.invoke(NativeMethodAccessorImpl.java:77)
[2025-08-07T13:59:42.272+0000] {spark_submit.py:521} INFO - at java.base/jdk.internal.reflect.DelegatingMethodAccessorImpl.invoke(DelegatingMethodAccessorImpl.java:43)
[2025-08-07T13:59:42.272+0000] {spark_submit.py:521} INFO - at java.base/java.lang.reflect.Method.invoke(Method.java:569)
[2025-08-07T13:59:42.272+0000] {spark_submit.py:521} INFO - at py4j.reflection.MethodInvoker.invoke(MethodInvoker.java:244)
[2025-08-07T13:59:42.273+0000] {spark_submit.py:521} INFO - at py4j.reflection.ReflectionEngine.invoke(ReflectionEngine.java:374)
[2025-08-07T13:59:42.273+0000] {spark_submit.py:521} INFO - at py4j.Gateway.invoke(Gateway.java:282)
[2025-08-07T13:59:42.273+0000] {spark_submit.py:521} INFO - at py4j.commands.AbstractCommand.invokeMethod(AbstractCommand.java:132)
[2025-08-07T13:59:42.273+0000] {spark_submit.py:521} INFO - at py4j.commands.CallCommand.execute(CallCommand.java:79)
[2025-08-07T13:59:42.273+0000] {spark_submit.py:521} INFO - at py4j.ClientServerConnection.waitForCommands(ClientServerConnection.java:184)
[2025-08-07T13:59:42.274+0000] {spark_submit.py:521} INFO - at py4j.ClientServerConnection.run(ClientServerConnection.java:108)
[2025-08-07T13:59:42.274+0000] {spark_submit.py:521} INFO - at java.base/java.lang.Thread.run(Thread.java:840)
[2025-08-07T13:59:42.274+0000] {spark_submit.py:521} INFO - 25/08/07 13:59:42 WARN MetricsConfig: Cannot locate configuration: tried hadoop-metrics2-s3a-file-system.properties,hadoop-metrics2.properties
[2025-08-07T13:59:42.274+0000] {spark_submit.py:521} INFO - 25/08/07 13:59:42 INFO MetricsSystemImpl: Scheduled Metric snapshot period at 10 second(s).
[2025-08-07T13:59:42.274+0000] {spark_submit.py:521} INFO - 25/08/07 13:59:42 INFO MetricsSystemImpl: s3a-file-system metrics system started
[2025-08-07T13:59:42.275+0000] {spark_submit.py:521} INFO - 25/08/07 13:59:42 WARN FileSystem: Failed to initialize filesystem s3a://bronze/topcv/topcv_jobs.parquet: java.lang.NumberFormatException: For input string: "30s"
[2025-08-07T13:59:42.275+0000] {spark_submit.py:521} INFO - 25/08/07 13:59:42 INFO MetricsSystemImpl: Stopping s3a-file-system metrics system...
[2025-08-07T13:59:42.275+0000] {spark_submit.py:521} INFO - 25/08/07 13:59:42 INFO MetricsSystemImpl: s3a-file-system metrics system stopped.
[2025-08-07T13:59:42.275+0000] {spark_submit.py:521} INFO - 25/08/07 13:59:42 INFO MetricsSystemImpl: s3a-file-system metrics system shutdown complete.
[2025-08-07T13:59:42.333+0000] {spark_submit.py:521} INFO - Traceback (most recent call last):
[2025-08-07T13:59:42.333+0000] {spark_submit.py:521} INFO - File "/opt/spark-jobs/gold_transform.py", line 12, in <module>
[2025-08-07T13:59:42.335+0000] {spark_submit.py:521} INFO - df = spark.read.parquet("s3a://bronze/topcv/topcv_jobs.parquet")
[2025-08-07T13:59:42.336+0000] {spark_submit.py:521} INFO - ^^^^^^^^^^^^^^^^^^^^^^^^^^^^^^^^^^^^^^^^^^^^^^^^^^^^^^^^^^^
[2025-08-07T13:59:42.336+0000] {spark_submit.py:521} INFO - File "/home/***/.local/lib/python3.11/site-packages/pyspark/python/lib/pyspark.zip/pyspark/sql/readwriter.py", line 642, in parquet
[2025-08-07T13:59:42.336+0000] {spark_submit.py:521} INFO - File "/home/***/.local/lib/python3.11/site-packages/pyspark/python/lib/py4j-0.10.9.9-src.zip/py4j/java_gateway.py", line 1362, in __call__
[2025-08-07T13:59:42.336+0000] {spark_submit.py:521} INFO - File "/home/***/.local/lib/python3.11/site-packages/pyspark/python/lib/pyspark.zip/pyspark/errors/exceptions/captured.py", line 288, in deco
[2025-08-07T13:59:42.343+0000] {spark_submit.py:521} INFO - pyspark.errors.exceptions.captured.NumberFormatException: For input string: "30s"
[2025-08-07T13:59:42.468+0000] {spark_submit.py:521} INFO - 25/08/07 13:59:42 INFO BlockManagerMasterEndpoint: Registering block manager 172.19.0.5:40455 with 434.4 MiB RAM, BlockManagerId(0, 172.19.0.5, 40455, None)
[2025-08-07T13:59:42.718+0000] {spark_submit.py:521} INFO - 25/08/07 13:59:42 INFO SparkContext: Invoking stop() from shutdown hook
[2025-08-07T13:59:42.723+0000] {spark_submit.py:521} INFO - 25/08/07 13:59:42 INFO SparkContext: SparkContext is stopping with exitCode 0 from run at Executors.java:539.
[2025-08-07T13:59:42.740+0000] {spark_submit.py:521} INFO - 25/08/07 13:59:42 INFO SparkUI: Stopped Spark web UI at http://0d9cbc3d310d:4040
[2025-08-07T13:59:42.743+0000] {spark_submit.py:521} INFO - 25/08/07 13:59:42 INFO StandaloneSchedulerBackend: Shutting down all executors
[2025-08-07T13:59:42.744+0000] {spark_submit.py:521} INFO - 25/08/07 13:59:42 INFO StandaloneSchedulerBackend$StandaloneDriverEndpoint: Asking each executor to shut down
[2025-08-07T13:59:42.764+0000] {spark_submit.py:521} INFO - 25/08/07 13:59:42 INFO MapOutputTrackerMasterEndpoint: MapOutputTrackerMasterEndpoint stopped!
[2025-08-07T13:59:42.820+0000] {spark_submit.py:521} INFO - 25/08/07 13:59:42 INFO MemoryStore: MemoryStore started with capacity 434.4 MiB
[2025-08-07T13:59:42.821+0000] {spark_submit.py:521} INFO - 25/08/07 13:59:42 INFO MemoryStore: MemoryStore cleared
[2025-08-07T13:59:42.822+0000] {spark_submit.py:521} INFO - 25/08/07 13:59:42 INFO BlockManager: BlockManager stopped
[2025-08-07T13:59:42.836+0000] {spark_submit.py:521} INFO - 25/08/07 13:59:42 INFO BlockManagerMaster: BlockManagerMaster stopped
[2025-08-07T13:59:42.839+0000] {spark_submit.py:521} INFO - 25/08/07 13:59:42 INFO OutputCommitCoordinator$OutputCommitCoordinatorEndpoint: OutputCommitCoordinator stopped!
[2025-08-07T13:59:42.867+0000] {spark_submit.py:521} INFO - 25/08/07 13:59:42 INFO SparkContext: Successfully stopped SparkContext
[2025-08-07T13:59:42.868+0000] {spark_submit.py:521} INFO - 25/08/07 13:59:42 INFO ShutdownHookManager: Shutdown hook called
[2025-08-07T13:59:42.869+0000] {spark_submit.py:521} INFO - 25/08/07 13:59:42 INFO ShutdownHookManager: Deleting directory /tmp/spark-12120cf9-7ff2-44f8-a383-9530e7b0be6e
[2025-08-07T13:59:42.880+0000] {spark_submit.py:521} INFO - 25/08/07 13:59:42 INFO ShutdownHookManager: Deleting directory /tmp/spark-12120cf9-7ff2-44f8-a383-9530e7b0be6e/pyspark-6c032155-2ef1-42d3-b018-62a053aa224b
[2025-08-07T13:59:42.890+0000] {spark_submit.py:521} INFO - 25/08/07 13:59:42 INFO ShutdownHookManager: Deleting directory /tmp/spark-ead30fdd-6653-487f-a5e5-091b957004a0
[2025-08-07T13:59:43.262+0000] {taskinstance.py:441} INFO - ::group::Post task execution logs
[2025-08-07T13:59:43.295+0000] {taskinstance.py:2905} ERROR - Task failed with exception
Traceback (most recent call last):
  File "/home/airflow/.local/lib/python3.11/site-packages/airflow/models/taskinstance.py", line 465, in _execute_task
    result = _execute_callable(context=context, **execute_callable_kwargs)
             ^^^^^^^^^^^^^^^^^^^^^^^^^^^^^^^^^^^^^^^^^^^^^^^^^^^^^^^^^^^^^
  File "/home/airflow/.local/lib/python3.11/site-packages/airflow/models/taskinstance.py", line 432, in _execute_callable
    return execute_callable(context=context, **execute_callable_kwargs)
           ^^^^^^^^^^^^^^^^^^^^^^^^^^^^^^^^^^^^^^^^^^^^^^^^^^^^^^^^^^^^
  File "/home/airflow/.local/lib/python3.11/site-packages/airflow/models/baseoperator.py", line 400, in wrapper
    return func(self, *args, **kwargs)
           ^^^^^^^^^^^^^^^^^^^^^^^^^^^
  File "/home/airflow/.local/lib/python3.11/site-packages/airflow/providers/apache/spark/operators/spark_submit.py", line 156, in execute
    self._hook.submit(self._application)
  File "/home/airflow/.local/lib/python3.11/site-packages/airflow/providers/apache/spark/hooks/spark_submit.py", line 452, in submit
    raise AirflowException(
airflow.exceptions.AirflowException: Cannot execute: spark-submit --master spark://spark-master:7077 --conf spark.hadoop.fs.s3a.endpoint=http://minio:9000 --conf spark.hadoop.fs.s3a.access.key=minioadmin --conf spark.hadoop.fs.s3a.secret.key=****** --conf spark.hadoop.fs.s3a.path.style.access=true --conf spark.hadoop.fs.s3a.impl=org.apache.hadoop.fs.s3a.S3AFileSystem --conf spark.hadoop.fs.s3a.connection.ssl.enabled=false --conf spark.hadoop.fs.s3a.aws.credentials.provider=org.apache.hadoop.fs.s3a.SimpleAWSCredentialsProvider --jars /opt/custom-jars/hadoop-aws-3.2.2.jar,/opt/custom-jars/aws-java-sdk-bundle-1.12.367.jar --name arrow-spark --verbose /opt/spark-jobs/gold_transform.py. Error code is: 1.
[2025-08-07T13:59:43.305+0000] {taskinstance.py:1206} INFO - Marking task as FAILED. dag_id=spark_transform_topcv, task_id=submit_spark_job, run_id=manual__2025-08-07T13:59:11.954940+00:00, execution_date=20250807T135911, start_date=20250807T135919, end_date=20250807T135943
[2025-08-07T13:59:43.380+0000] {standard_task_runner.py:110} ERROR - Failed to execute job 56 for task submit_spark_job (Cannot execute: spark-submit --master spark://spark-master:7077 --conf spark.hadoop.fs.s3a.endpoint=http://minio:9000 --conf spark.hadoop.fs.s3a.access.key=minioadmin --conf spark.hadoop.fs.s3a.secret.key=****** --conf spark.hadoop.fs.s3a.path.style.access=true --conf spark.hadoop.fs.s3a.impl=org.apache.hadoop.fs.s3a.S3AFileSystem --conf spark.hadoop.fs.s3a.connection.ssl.enabled=false --conf spark.hadoop.fs.s3a.aws.credentials.provider=org.apache.hadoop.fs.s3a.SimpleAWSCredentialsProvider --jars /opt/custom-jars/hadoop-aws-3.2.2.jar,/opt/custom-jars/aws-java-sdk-bundle-1.12.367.jar --name arrow-spark --verbose /opt/spark-jobs/gold_transform.py. Error code is: 1.; 1648)
[2025-08-07T13:59:43.405+0000] {local_task_job_runner.py:240} INFO - Task exited with return code 1
[2025-08-07T13:59:43.432+0000] {taskinstance.py:3498} INFO - 0 downstream tasks scheduled from follow-on schedule check
[2025-08-07T13:59:43.436+0000] {local_task_job_runner.py:222} INFO - ::endgroup::
