[2025-08-12T16:14:56.468+0000] {local_task_job_runner.py:120} INFO - ::group::Pre task execution logs
[2025-08-12T16:14:56.500+0000] {taskinstance.py:2076} INFO - Dependencies all met for dep_context=non-requeueable deps ti=<TaskInstance: spark_transform_pipeline.gold_transform manual__2025-08-12T16:08:07.384859+00:00 [queued]>
[2025-08-12T16:14:56.507+0000] {taskinstance.py:2076} INFO - Dependencies all met for dep_context=requeueable deps ti=<TaskInstance: spark_transform_pipeline.gold_transform manual__2025-08-12T16:08:07.384859+00:00 [queued]>
[2025-08-12T16:14:56.507+0000] {taskinstance.py:2306} INFO - Starting attempt 1 of 1
[2025-08-12T16:14:56.521+0000] {taskinstance.py:2330} INFO - Executing <Task(SparkSubmitOperator): gold_transform> on 2025-08-12 16:08:07.384859+00:00
[2025-08-12T16:14:56.528+0000] {standard_task_runner.py:63} INFO - Started process 573 to run task
[2025-08-12T16:14:56.535+0000] {standard_task_runner.py:90} INFO - Running: ['***', 'tasks', 'run', 'spark_transform_pipeline', 'gold_transform', 'manual__2025-08-12T16:08:07.384859+00:00', '--job-id', '73', '--raw', '--subdir', 'DAGS_FOLDER/etl_jobs_dag.py', '--cfg-path', '/tmp/tmpfwbk3r2r']
[2025-08-12T16:14:56.537+0000] {standard_task_runner.py:91} INFO - Job 73: Subtask gold_transform
[2025-08-12T16:14:56.578+0000] {task_command.py:426} INFO - Running <TaskInstance: spark_transform_pipeline.gold_transform manual__2025-08-12T16:08:07.384859+00:00 [running]> on host 689c6879ed29
[2025-08-12T16:14:56.657+0000] {taskinstance.py:2648} INFO - Exporting env vars: AIRFLOW_CTX_DAG_OWNER='***' AIRFLOW_CTX_DAG_ID='spark_transform_pipeline' AIRFLOW_CTX_TASK_ID='gold_transform' AIRFLOW_CTX_EXECUTION_DATE='2025-08-12T16:08:07.384859+00:00' AIRFLOW_CTX_TRY_NUMBER='1' AIRFLOW_CTX_DAG_RUN_ID='manual__2025-08-12T16:08:07.384859+00:00'
[2025-08-12T16:14:56.658+0000] {taskinstance.py:430} INFO - ::endgroup::
[2025-08-12T16:14:56.680+0000] {base.py:84} INFO - Using connection ID 'spark_default' for task execution.
[2025-08-12T16:14:56.682+0000] {spark_submit.py:351} INFO - Spark-Submit cmd: spark-submit --master spark://spark-master:7077 --conf spark.master=spark://spark-master:7077 --conf spark.driver.extraClassPath=/opt/custom-jars/* --conf spark.executor.extraClassPath=/opt/custom-jars/* --conf spark.hadoop.fs.gs.impl=com.google.cloud.hadoop.fs.gcs.GoogleHadoopFileSystem --conf spark.hadoop.fs.AbstractFileSystem.gs.impl=com.google.cloud.hadoop.fs.gcs.GoogleHadoopFS --conf spark.hadoop.google.cloud.auth.service.account.enable=true --conf spark.hadoop.google.cloud.auth.service.account.json.keyfile=/opt/***/gcp-key.json --jars /opt/custom-jars/gcs-connector-hadoop3-2.2.14-shaded.jar --name arrow-spark --verbose /opt/spark-jobs/gold.transfrom.py
[2025-08-12T16:14:57.273+0000] {spark_submit.py:521} INFO - WARNING: Using incubator modules: jdk.incubator.vector
[2025-08-12T16:14:59.203+0000] {spark_submit.py:521} INFO - Parsed arguments:
[2025-08-12T16:14:59.203+0000] {spark_submit.py:521} INFO - master                  spark://spark-master:7077
[2025-08-12T16:14:59.204+0000] {spark_submit.py:521} INFO - remote                  null
[2025-08-12T16:14:59.204+0000] {spark_submit.py:521} INFO - deployMode              null
[2025-08-12T16:14:59.204+0000] {spark_submit.py:521} INFO - executorMemory          null
[2025-08-12T16:14:59.205+0000] {spark_submit.py:521} INFO - executorCores           null
[2025-08-12T16:14:59.205+0000] {spark_submit.py:521} INFO - totalExecutorCores      null
[2025-08-12T16:14:59.205+0000] {spark_submit.py:521} INFO - propertiesFile          null
[2025-08-12T16:14:59.205+0000] {spark_submit.py:521} INFO - driverMemory            null
[2025-08-12T16:14:59.206+0000] {spark_submit.py:521} INFO - driverCores             null
[2025-08-12T16:14:59.206+0000] {spark_submit.py:521} INFO - driverExtraClassPath    /opt/custom-jars/*
[2025-08-12T16:14:59.206+0000] {spark_submit.py:521} INFO - driverExtraLibraryPath  null
[2025-08-12T16:14:59.206+0000] {spark_submit.py:521} INFO - driverExtraJavaOptions  null
[2025-08-12T16:14:59.206+0000] {spark_submit.py:521} INFO - supervise               false
[2025-08-12T16:14:59.207+0000] {spark_submit.py:521} INFO - queue                   null
[2025-08-12T16:14:59.207+0000] {spark_submit.py:521} INFO - numExecutors            null
[2025-08-12T16:14:59.207+0000] {spark_submit.py:521} INFO - files                   null
[2025-08-12T16:14:59.208+0000] {spark_submit.py:521} INFO - pyFiles                 null
[2025-08-12T16:14:59.208+0000] {spark_submit.py:521} INFO - archives                null
[2025-08-12T16:14:59.208+0000] {spark_submit.py:521} INFO - mainClass               null
[2025-08-12T16:14:59.208+0000] {spark_submit.py:521} INFO - primaryResource         file:/opt/spark-jobs/gold.transfrom.py
[2025-08-12T16:14:59.209+0000] {spark_submit.py:521} INFO - name                    arrow-spark
[2025-08-12T16:14:59.209+0000] {spark_submit.py:521} INFO - childArgs               []
[2025-08-12T16:14:59.209+0000] {spark_submit.py:521} INFO - jars                    file:/opt/custom-jars/gcs-connector-hadoop3-2.2.14-shaded.jar
[2025-08-12T16:14:59.209+0000] {spark_submit.py:521} INFO - packages                null
[2025-08-12T16:14:59.209+0000] {spark_submit.py:521} INFO - packagesExclusions      null
[2025-08-12T16:14:59.210+0000] {spark_submit.py:521} INFO - repositories            null
[2025-08-12T16:14:59.210+0000] {spark_submit.py:521} INFO - verbose                 true
[2025-08-12T16:14:59.210+0000] {spark_submit.py:521} INFO - 
[2025-08-12T16:14:59.210+0000] {spark_submit.py:521} INFO - Spark properties used, including those specified through
[2025-08-12T16:14:59.211+0000] {spark_submit.py:521} INFO - --conf and those from the properties file null:
[2025-08-12T16:14:59.211+0000] {spark_submit.py:521} INFO - (spark.driver.extraClassPath,/opt/custom-jars/*)
[2025-08-12T16:14:59.211+0000] {spark_submit.py:521} INFO - (spark.executor.extraClassPath,/opt/custom-jars/*)
[2025-08-12T16:14:59.212+0000] {spark_submit.py:521} INFO - (spark.hadoop.fs.AbstractFileSystem.gs.impl,com.google.cloud.hadoop.fs.gcs.GoogleHadoopFS)
[2025-08-12T16:14:59.212+0000] {spark_submit.py:521} INFO - (spark.hadoop.fs.gs.impl,com.google.cloud.hadoop.fs.gcs.GoogleHadoopFileSystem)
[2025-08-12T16:14:59.212+0000] {spark_submit.py:521} INFO - (spark.hadoop.google.cloud.auth.service.account.enable,true)
[2025-08-12T16:14:59.213+0000] {spark_submit.py:521} INFO - (spark.hadoop.google.cloud.auth.service.account.json.keyfile,/opt/***/gcp-key.json)
[2025-08-12T16:14:59.213+0000] {spark_submit.py:521} INFO - (spark.master,spark://spark-master:7077)
[2025-08-12T16:14:59.213+0000] {spark_submit.py:521} INFO - 
[2025-08-12T16:14:59.214+0000] {spark_submit.py:521} INFO - 
[2025-08-12T16:14:59.492+0000] {spark_submit.py:521} INFO - 25/08/12 16:14:59 WARN NativeCodeLoader: Unable to load native-hadoop library for your platform... using builtin-java classes where applicable
[2025-08-12T16:15:00.020+0000] {spark_submit.py:521} INFO - Main class:
[2025-08-12T16:15:00.021+0000] {spark_submit.py:521} INFO - org.apache.spark.deploy.PythonRunner
[2025-08-12T16:15:00.021+0000] {spark_submit.py:521} INFO - Arguments:
[2025-08-12T16:15:00.021+0000] {spark_submit.py:521} INFO - file:/opt/spark-jobs/gold.transfrom.py
[2025-08-12T16:15:00.022+0000] {spark_submit.py:521} INFO - null
[2025-08-12T16:15:00.022+0000] {spark_submit.py:521} INFO - Spark config:
[2025-08-12T16:15:00.023+0000] {spark_submit.py:521} INFO - (spark.app.name,arrow-spark)
[2025-08-12T16:15:00.023+0000] {spark_submit.py:521} INFO - (spark.app.submitTime,1755015299992)
[2025-08-12T16:15:00.023+0000] {spark_submit.py:521} INFO - (spark.driver.extraClassPath,/opt/custom-jars/*)
[2025-08-12T16:15:00.023+0000] {spark_submit.py:521} INFO - (spark.executor.extraClassPath,/opt/custom-jars/*)
[2025-08-12T16:15:00.024+0000] {spark_submit.py:521} INFO - (spark.hadoop.fs.AbstractFileSystem.gs.impl,com.google.cloud.hadoop.fs.gcs.GoogleHadoopFS)
[2025-08-12T16:15:00.024+0000] {spark_submit.py:521} INFO - (spark.hadoop.fs.gs.impl,com.google.cloud.hadoop.fs.gcs.GoogleHadoopFileSystem)
[2025-08-12T16:15:00.024+0000] {spark_submit.py:521} INFO - (spark.hadoop.google.cloud.auth.service.account.enable,true)
[2025-08-12T16:15:00.024+0000] {spark_submit.py:521} INFO - (spark.hadoop.google.cloud.auth.service.account.json.keyfile,/opt/***/gcp-key.json)
[2025-08-12T16:15:00.024+0000] {spark_submit.py:521} INFO - (spark.jars,file:///opt/custom-jars/gcs-connector-hadoop3-2.2.14-shaded.jar)
[2025-08-12T16:15:00.025+0000] {spark_submit.py:521} INFO - (spark.master,spark://spark-master:7077)
[2025-08-12T16:15:00.025+0000] {spark_submit.py:521} INFO - (spark.repl.local.jars,file:///opt/custom-jars/gcs-connector-hadoop3-2.2.14-shaded.jar)
[2025-08-12T16:15:00.025+0000] {spark_submit.py:521} INFO - (spark.submit.deployMode,client)
[2025-08-12T16:15:00.025+0000] {spark_submit.py:521} INFO - (spark.submit.pyFiles,)
[2025-08-12T16:15:00.025+0000] {spark_submit.py:521} INFO - Classpath elements:
[2025-08-12T16:15:00.026+0000] {spark_submit.py:521} INFO - file:///opt/custom-jars/gcs-connector-hadoop3-2.2.14-shaded.jar
[2025-08-12T16:15:00.026+0000] {spark_submit.py:521} INFO - 
[2025-08-12T16:15:00.026+0000] {spark_submit.py:521} INFO - 
[2025-08-12T16:15:01.035+0000] {spark_submit.py:521} INFO - Using Spark's default log4j profile: org/apache/spark/log4j2-defaults.properties
[2025-08-12T16:15:01.038+0000] {spark_submit.py:521} INFO - 25/08/12 16:15:01 INFO SparkContext: Running Spark version 4.0.0
[2025-08-12T16:15:01.039+0000] {spark_submit.py:521} INFO - 25/08/12 16:15:01 INFO SparkContext: OS info Linux, 5.15.167.4-microsoft-standard-WSL2, amd64
[2025-08-12T16:15:01.041+0000] {spark_submit.py:521} INFO - 25/08/12 16:15:01 INFO SparkContext: Java version 17.0.15
[2025-08-12T16:15:01.062+0000] {spark_submit.py:521} INFO - 25/08/12 16:15:01 INFO ResourceUtils: ==============================================================
[2025-08-12T16:15:01.062+0000] {spark_submit.py:521} INFO - 25/08/12 16:15:01 INFO ResourceUtils: No custom resources configured for spark.driver.
[2025-08-12T16:15:01.062+0000] {spark_submit.py:521} INFO - 25/08/12 16:15:01 INFO ResourceUtils: ==============================================================
[2025-08-12T16:15:01.063+0000] {spark_submit.py:521} INFO - 25/08/12 16:15:01 INFO SparkContext: Submitted application: gold_transform
[2025-08-12T16:15:01.083+0000] {spark_submit.py:521} INFO - 25/08/12 16:15:01 INFO ResourceProfile: Default ResourceProfile created, executor resources: Map(memory -> name: memory, amount: 1024, script: , vendor: , offHeap -> name: offHeap, amount: 0, script: , vendor: ), task resources: Map(cpus -> name: cpus, amount: 1.0)
[2025-08-12T16:15:01.085+0000] {spark_submit.py:521} INFO - 25/08/12 16:15:01 INFO ResourceProfile: Limiting resource is cpu
[2025-08-12T16:15:01.086+0000] {spark_submit.py:521} INFO - 25/08/12 16:15:01 INFO ResourceProfileManager: Added ResourceProfile id: 0
[2025-08-12T16:15:01.138+0000] {spark_submit.py:521} INFO - 25/08/12 16:15:01 INFO SecurityManager: Changing view acls to: ***
[2025-08-12T16:15:01.139+0000] {spark_submit.py:521} INFO - 25/08/12 16:15:01 INFO SecurityManager: Changing modify acls to: ***
[2025-08-12T16:15:01.139+0000] {spark_submit.py:521} INFO - 25/08/12 16:15:01 INFO SecurityManager: Changing view acls groups to: ***
[2025-08-12T16:15:01.139+0000] {spark_submit.py:521} INFO - 25/08/12 16:15:01 INFO SecurityManager: Changing modify acls groups to: ***
[2025-08-12T16:15:01.141+0000] {spark_submit.py:521} INFO - 25/08/12 16:15:01 INFO SecurityManager: SecurityManager: authentication disabled; ui acls disabled; users with view permissions: *** groups with view permissions: EMPTY; users with modify permissions: ***; groups with modify permissions: EMPTY; RPC SSL disabled
[2025-08-12T16:15:01.318+0000] {spark_submit.py:521} INFO - 25/08/12 16:15:01 INFO Utils: Successfully started service 'sparkDriver' on port 34927.
[2025-08-12T16:15:01.342+0000] {spark_submit.py:521} INFO - 25/08/12 16:15:01 INFO SparkEnv: Registering MapOutputTracker
[2025-08-12T16:15:01.352+0000] {spark_submit.py:521} INFO - 25/08/12 16:15:01 INFO SparkEnv: Registering BlockManagerMaster
[2025-08-12T16:15:01.363+0000] {spark_submit.py:521} INFO - 25/08/12 16:15:01 INFO BlockManagerMasterEndpoint: Using org.apache.spark.storage.DefaultTopologyMapper for getting topology information
[2025-08-12T16:15:01.364+0000] {spark_submit.py:521} INFO - 25/08/12 16:15:01 INFO BlockManagerMasterEndpoint: BlockManagerMasterEndpoint up
[2025-08-12T16:15:01.367+0000] {spark_submit.py:521} INFO - 25/08/12 16:15:01 INFO SparkEnv: Registering BlockManagerMasterHeartbeat
[2025-08-12T16:15:01.388+0000] {spark_submit.py:521} INFO - 25/08/12 16:15:01 INFO DiskBlockManager: Created local directory at /tmp/blockmgr-17dcd140-5659-4bec-a9bf-a1612d365567
[2025-08-12T16:15:01.405+0000] {spark_submit.py:521} INFO - 25/08/12 16:15:01 INFO SparkEnv: Registering OutputCommitCoordinator
[2025-08-12T16:15:01.513+0000] {spark_submit.py:521} INFO - 25/08/12 16:15:01 INFO JettyUtils: Start Jetty 0.0.0.0:4040 for SparkUI
[2025-08-12T16:15:01.587+0000] {spark_submit.py:521} INFO - 25/08/12 16:15:01 INFO Utils: Successfully started service 'SparkUI' on port 4040.
[2025-08-12T16:15:01.624+0000] {spark_submit.py:521} INFO - 25/08/12 16:15:01 INFO SparkContext: Added JAR file:///opt/custom-jars/gcs-connector-hadoop3-2.2.14-shaded.jar at spark://689c6879ed29:34927/jars/gcs-connector-hadoop3-2.2.14-shaded.jar with timestamp 1755015301029
[2025-08-12T16:15:01.639+0000] {spark_submit.py:521} INFO - 25/08/12 16:15:01 INFO SecurityManager: Changing view acls to: ***
[2025-08-12T16:15:01.639+0000] {spark_submit.py:521} INFO - 25/08/12 16:15:01 INFO SecurityManager: Changing modify acls to: ***
[2025-08-12T16:15:01.640+0000] {spark_submit.py:521} INFO - 25/08/12 16:15:01 INFO SecurityManager: Changing view acls groups to: ***
[2025-08-12T16:15:01.640+0000] {spark_submit.py:521} INFO - 25/08/12 16:15:01 INFO SecurityManager: Changing modify acls groups to: ***
[2025-08-12T16:15:01.640+0000] {spark_submit.py:521} INFO - 25/08/12 16:15:01 INFO SecurityManager: SecurityManager: authentication disabled; ui acls disabled; users with view permissions: *** groups with view permissions: EMPTY; users with modify permissions: ***; groups with modify permissions: EMPTY; RPC SSL disabled
[2025-08-12T16:15:01.775+0000] {spark_submit.py:521} INFO - 25/08/12 16:15:01 INFO StandaloneAppClient$ClientEndpoint: Connecting to master spark://spark-master:7077...
[2025-08-12T16:15:01.821+0000] {spark_submit.py:521} INFO - 25/08/12 16:15:01 INFO TransportClientFactory: Successfully created connection to spark-master/172.18.0.2:7077 after 20 ms (0 ms spent in bootstraps)
[2025-08-12T16:15:01.892+0000] {spark_submit.py:521} INFO - 25/08/12 16:15:01 INFO StandaloneSchedulerBackend: Connected to Spark cluster with app ID app-20250812161501-0002
[2025-08-12T16:15:01.900+0000] {spark_submit.py:521} INFO - 25/08/12 16:15:01 INFO StandaloneAppClient$ClientEndpoint: Executor added: app-20250812161501-0002/0 on worker-20250812161319-172.18.0.6-46147 (172.18.0.6:46147) with 2 core(s)
[2025-08-12T16:15:01.904+0000] {spark_submit.py:521} INFO - 25/08/12 16:15:01 INFO StandaloneSchedulerBackend: Granted executor ID app-20250812161501-0002/0 on hostPort 172.18.0.6:46147 with 2 core(s), 1024.0 MiB RAM
[2025-08-12T16:15:01.908+0000] {spark_submit.py:521} INFO - 25/08/12 16:15:01 INFO Utils: Successfully started service 'org.apache.spark.network.netty.NettyBlockTransferService' on port 36085.
[2025-08-12T16:15:01.908+0000] {spark_submit.py:521} INFO - 25/08/12 16:15:01 INFO NettyBlockTransferService: Server created on 689c6879ed29:36085
[2025-08-12T16:15:01.910+0000] {spark_submit.py:521} INFO - 25/08/12 16:15:01 INFO BlockManager: Using org.apache.spark.storage.RandomBlockReplicationPolicy for block replication policy
[2025-08-12T16:15:01.924+0000] {spark_submit.py:521} INFO - 25/08/12 16:15:01 INFO BlockManagerMaster: Registering BlockManager BlockManagerId(driver, 689c6879ed29, 36085, None)
[2025-08-12T16:15:01.927+0000] {spark_submit.py:521} INFO - 25/08/12 16:15:01 INFO BlockManagerMasterEndpoint: Registering block manager 689c6879ed29:36085 with 434.4 MiB RAM, BlockManagerId(driver, 689c6879ed29, 36085, None)
[2025-08-12T16:15:01.930+0000] {spark_submit.py:521} INFO - 25/08/12 16:15:01 INFO BlockManagerMaster: Registered BlockManager BlockManagerId(driver, 689c6879ed29, 36085, None)
[2025-08-12T16:15:01.931+0000] {spark_submit.py:521} INFO - 25/08/12 16:15:01 INFO BlockManager: Initialized BlockManager: BlockManagerId(driver, 689c6879ed29, 36085, None)
[2025-08-12T16:15:01.969+0000] {spark_submit.py:521} INFO - 25/08/12 16:15:01 INFO StandaloneAppClient$ClientEndpoint: Executor updated: app-20250812161501-0002/0 is now RUNNING
[2025-08-12T16:15:02.088+0000] {spark_submit.py:521} INFO - 25/08/12 16:15:02 INFO StandaloneSchedulerBackend: SchedulerBackend is ready for scheduling beginning after reached minRegisteredResourcesRatio: 0.0
[2025-08-12T16:15:04.432+0000] {spark_submit.py:521} INFO - 25/08/12 16:15:04 INFO SharedState: Setting hive.metastore.warehouse.dir ('null') to the value of spark.sql.warehouse.dir.
[2025-08-12T16:15:04.435+0000] {spark_submit.py:521} INFO - 25/08/12 16:15:04 INFO SharedState: Warehouse path is 'file:/opt/***/spark-warehouse'.
[2025-08-12T16:15:04.827+0000] {spark_submit.py:521} INFO - 25/08/12 16:15:04 INFO StandaloneSchedulerBackend$StandaloneDriverEndpoint: Registered executor NettyRpcEndpointRef(spark-client://Executor) (172.18.0.6:45494) with ID 0, ResourceProfileId 0
[2025-08-12T16:15:04.963+0000] {spark_submit.py:521} INFO - 25/08/12 16:15:04 INFO BlockManagerMasterEndpoint: Registering block manager 172.18.0.6:43381 with 434.4 MiB RAM, BlockManagerId(0, 172.18.0.6, 43381, None)
[2025-08-12T16:15:06.962+0000] {spark_submit.py:521} INFO - 25/08/12 16:15:06 INFO InMemoryFileIndex: It took 120 ms to list leaf files for 1 paths.
[2025-08-12T16:15:07.175+0000] {spark_submit.py:521} INFO - 25/08/12 16:15:07 INFO SparkContext: Starting job: parquet at NativeMethodAccessorImpl.java:0
[2025-08-12T16:15:07.186+0000] {spark_submit.py:521} INFO - 25/08/12 16:15:07 INFO DAGScheduler: Got job 0 (parquet at NativeMethodAccessorImpl.java:0) with 1 output partitions
[2025-08-12T16:15:07.187+0000] {spark_submit.py:521} INFO - 25/08/12 16:15:07 INFO DAGScheduler: Final stage: ResultStage 0 (parquet at NativeMethodAccessorImpl.java:0)
[2025-08-12T16:15:07.188+0000] {spark_submit.py:521} INFO - 25/08/12 16:15:07 INFO DAGScheduler: Parents of final stage: List()
[2025-08-12T16:15:07.190+0000] {spark_submit.py:521} INFO - 25/08/12 16:15:07 INFO DAGScheduler: Missing parents: List()
[2025-08-12T16:15:07.193+0000] {spark_submit.py:521} INFO - 25/08/12 16:15:07 INFO DAGScheduler: Submitting ResultStage 0 (MapPartitionsRDD[1] at parquet at NativeMethodAccessorImpl.java:0), which has no missing parents
[2025-08-12T16:15:07.221+0000] {spark_submit.py:521} INFO - 25/08/12 16:15:07 INFO MemoryStore: MemoryStore started with capacity 434.4 MiB
[2025-08-12T16:15:07.229+0000] {spark_submit.py:521} INFO - 25/08/12 16:15:07 INFO MemoryStore: Block broadcast_0 stored as values in memory (estimated size 116.0 KiB, free 434.3 MiB)
[2025-08-12T16:15:07.256+0000] {spark_submit.py:521} INFO - 25/08/12 16:15:07 INFO MemoryStore: Block broadcast_0_piece0 stored as bytes in memory (estimated size 41.8 KiB, free 434.2 MiB)
[2025-08-12T16:15:07.263+0000] {spark_submit.py:521} INFO - 25/08/12 16:15:07 INFO SparkContext: Created broadcast 0 from broadcast at DAGScheduler.scala:1676
[2025-08-12T16:15:07.277+0000] {spark_submit.py:521} INFO - 25/08/12 16:15:07 INFO DAGScheduler: Submitting 1 missing tasks from ResultStage 0 (MapPartitionsRDD[1] at parquet at NativeMethodAccessorImpl.java:0) (first 15 tasks are for partitions Vector(0))
[2025-08-12T16:15:07.286+0000] {spark_submit.py:521} INFO - 25/08/12 16:15:07 INFO TaskSchedulerImpl: Adding task set 0.0 with 1 tasks resource profile 0
[2025-08-12T16:15:07.312+0000] {spark_submit.py:521} INFO - 25/08/12 16:15:07 INFO TaskSetManager: Starting task 0.0 in stage 0.0 (TID 0) (172.18.0.6,executor 0, partition 0, PROCESS_LOCAL, 10067 bytes)
[2025-08-12T16:15:10.225+0000] {spark_submit.py:521} INFO - 25/08/12 16:15:10 INFO TaskSetManager: Finished task 0.0 in stage 0.0 (TID 0) in 2921 ms on 172.18.0.6 (executor 0) (1/1)
[2025-08-12T16:15:10.227+0000] {spark_submit.py:521} INFO - 25/08/12 16:15:10 INFO TaskSchedulerImpl: Removed TaskSet 0.0 whose tasks have all completed, from pool
[2025-08-12T16:15:10.231+0000] {spark_submit.py:521} INFO - 25/08/12 16:15:10 INFO DAGScheduler: ResultStage 0 (parquet at NativeMethodAccessorImpl.java:0) finished in 3029 ms
[2025-08-12T16:15:10.234+0000] {spark_submit.py:521} INFO - 25/08/12 16:15:10 INFO DAGScheduler: Job 0 is finished. Cancelling potential speculative or zombie tasks for this job
[2025-08-12T16:15:10.234+0000] {spark_submit.py:521} INFO - 25/08/12 16:15:10 INFO TaskSchedulerImpl: Canceling stage 0
[2025-08-12T16:15:10.235+0000] {spark_submit.py:521} INFO - 25/08/12 16:15:10 INFO TaskSchedulerImpl: Killing all running tasks in stage 0: Stage finished
[2025-08-12T16:15:10.237+0000] {spark_submit.py:521} INFO - 25/08/12 16:15:10 INFO DAGScheduler: Job 0 finished: parquet at NativeMethodAccessorImpl.java:0, took 3062.41498 ms
[2025-08-12T16:15:11.052+0000] {spark_submit.py:521} INFO - 25/08/12 16:15:11 INFO InMemoryFileIndex: It took 240 ms to list leaf files for 1 paths.
[2025-08-12T16:15:11.082+0000] {spark_submit.py:521} INFO - 25/08/12 16:15:11 INFO SparkContext: Starting job: parquet at NativeMethodAccessorImpl.java:0
[2025-08-12T16:15:11.084+0000] {spark_submit.py:521} INFO - 25/08/12 16:15:11 INFO DAGScheduler: Got job 1 (parquet at NativeMethodAccessorImpl.java:0) with 1 output partitions
[2025-08-12T16:15:11.084+0000] {spark_submit.py:521} INFO - 25/08/12 16:15:11 INFO DAGScheduler: Final stage: ResultStage 1 (parquet at NativeMethodAccessorImpl.java:0)
[2025-08-12T16:15:11.084+0000] {spark_submit.py:521} INFO - 25/08/12 16:15:11 INFO DAGScheduler: Parents of final stage: List()
[2025-08-12T16:15:11.085+0000] {spark_submit.py:521} INFO - 25/08/12 16:15:11 INFO DAGScheduler: Missing parents: List()
[2025-08-12T16:15:11.085+0000] {spark_submit.py:521} INFO - 25/08/12 16:15:11 INFO DAGScheduler: Submitting ResultStage 1 (MapPartitionsRDD[3] at parquet at NativeMethodAccessorImpl.java:0), which has no missing parents
[2025-08-12T16:15:11.098+0000] {spark_submit.py:521} INFO - 25/08/12 16:15:11 INFO MemoryStore: Block broadcast_1 stored as values in memory (estimated size 116.0 KiB, free 434.1 MiB)
[2025-08-12T16:15:11.102+0000] {spark_submit.py:521} INFO - 25/08/12 16:15:11 INFO MemoryStore: Block broadcast_1_piece0 stored as bytes in memory (estimated size 41.8 KiB, free 434.1 MiB)
[2025-08-12T16:15:11.103+0000] {spark_submit.py:521} INFO - 25/08/12 16:15:11 INFO SparkContext: Created broadcast 1 from broadcast at DAGScheduler.scala:1676
[2025-08-12T16:15:11.104+0000] {spark_submit.py:521} INFO - 25/08/12 16:15:11 INFO DAGScheduler: Submitting 1 missing tasks from ResultStage 1 (MapPartitionsRDD[3] at parquet at NativeMethodAccessorImpl.java:0) (first 15 tasks are for partitions Vector(0))
[2025-08-12T16:15:11.104+0000] {spark_submit.py:521} INFO - 25/08/12 16:15:11 INFO TaskSchedulerImpl: Adding task set 1.0 with 1 tasks resource profile 0
[2025-08-12T16:15:11.105+0000] {spark_submit.py:521} INFO - 25/08/12 16:15:11 INFO TaskSetManager: Starting task 0.0 in stage 1.0 (TID 1) (172.18.0.6,executor 0, partition 0, PROCESS_LOCAL, 10083 bytes)
[2025-08-12T16:15:11.586+0000] {spark_submit.py:521} INFO - 25/08/12 16:15:11 INFO TaskSetManager: Finished task 0.0 in stage 1.0 (TID 1) in 481 ms on 172.18.0.6 (executor 0) (1/1)
[2025-08-12T16:15:11.587+0000] {spark_submit.py:521} INFO - 25/08/12 16:15:11 INFO TaskSchedulerImpl: Removed TaskSet 1.0 whose tasks have all completed, from pool
[2025-08-12T16:15:11.588+0000] {spark_submit.py:521} INFO - 25/08/12 16:15:11 INFO DAGScheduler: ResultStage 1 (parquet at NativeMethodAccessorImpl.java:0) finished in 501 ms
[2025-08-12T16:15:11.588+0000] {spark_submit.py:521} INFO - 25/08/12 16:15:11 INFO DAGScheduler: Job 1 is finished. Cancelling potential speculative or zombie tasks for this job
[2025-08-12T16:15:11.589+0000] {spark_submit.py:521} INFO - 25/08/12 16:15:11 INFO TaskSchedulerImpl: Canceling stage 1
[2025-08-12T16:15:11.590+0000] {spark_submit.py:521} INFO - 25/08/12 16:15:11 INFO TaskSchedulerImpl: Killing all running tasks in stage 1: Stage finished
[2025-08-12T16:15:11.590+0000] {spark_submit.py:521} INFO - 25/08/12 16:15:11 INFO DAGScheduler: Job 1 finished: parquet at NativeMethodAccessorImpl.java:0, took 505.435569 ms
[2025-08-12T16:15:12.077+0000] {spark_submit.py:521} INFO - 25/08/12 16:15:12 INFO FileSourceStrategy: Pushed Filters:
[2025-08-12T16:15:12.080+0000] {spark_submit.py:521} INFO - 25/08/12 16:15:12 INFO FileSourceStrategy: Post-Scan Filters: Set()
[2025-08-12T16:15:12.093+0000] {spark_submit.py:521} INFO - 25/08/12 16:15:12 INFO FileSourceStrategy: Pushed Filters:
[2025-08-12T16:15:12.094+0000] {spark_submit.py:521} INFO - 25/08/12 16:15:12 INFO FileSourceStrategy: Post-Scan Filters: Set()
[2025-08-12T16:15:12.562+0000] {spark_submit.py:521} INFO - 25/08/12 16:15:12 INFO CodeGenerator: Code generated in 223.104557 ms
[2025-08-12T16:15:12.591+0000] {spark_submit.py:521} INFO - 25/08/12 16:15:12 INFO MemoryStore: Block broadcast_2 stored as values in memory (estimated size 219.9 KiB, free 434.2 MiB)
[2025-08-12T16:15:12.599+0000] {spark_submit.py:521} INFO - 25/08/12 16:15:12 INFO MemoryStore: Block broadcast_2_piece0 stored as bytes in memory (estimated size 40.0 KiB, free 434.1 MiB)
[2025-08-12T16:15:12.602+0000] {spark_submit.py:521} INFO - 25/08/12 16:15:12 INFO SparkContext: Created broadcast 2 from showString at NativeMethodAccessorImpl.java:0
[2025-08-12T16:15:12.616+0000] {spark_submit.py:521} INFO - 25/08/12 16:15:12 INFO FileSourceScanExec: Planning scan with bin packing, max size: 4194304 bytes, open cost is considered as scanning 4194304 bytes.
[2025-08-12T16:15:12.681+0000] {spark_submit.py:521} INFO - 25/08/12 16:15:12 INFO CodeGenerator: Code generated in 31.040309 ms
[2025-08-12T16:15:12.688+0000] {spark_submit.py:521} INFO - 25/08/12 16:15:12 INFO MemoryStore: Block broadcast_3 stored as values in memory (estimated size 219.9 KiB, free 433.9 MiB)
[2025-08-12T16:15:12.700+0000] {spark_submit.py:521} INFO - 25/08/12 16:15:12 INFO MemoryStore: Block broadcast_3_piece0 stored as bytes in memory (estimated size 40.1 KiB, free 433.9 MiB)
[2025-08-12T16:15:12.701+0000] {spark_submit.py:521} INFO - 25/08/12 16:15:12 INFO SparkContext: Created broadcast 3 from showString at NativeMethodAccessorImpl.java:0
[2025-08-12T16:15:12.702+0000] {spark_submit.py:521} INFO - 25/08/12 16:15:12 INFO FileSourceScanExec: Planning scan with bin packing, max size: 4194304 bytes, open cost is considered as scanning 4194304 bytes.
[2025-08-12T16:15:12.721+0000] {spark_submit.py:521} INFO - 25/08/12 16:15:12 INFO SparkContext: Starting job: showString at NativeMethodAccessorImpl.java:0
[2025-08-12T16:15:12.723+0000] {spark_submit.py:521} INFO - 25/08/12 16:15:12 INFO DAGScheduler: Got job 2 (showString at NativeMethodAccessorImpl.java:0) with 1 output partitions
[2025-08-12T16:15:12.724+0000] {spark_submit.py:521} INFO - 25/08/12 16:15:12 INFO DAGScheduler: Final stage: ResultStage 2 (showString at NativeMethodAccessorImpl.java:0)
[2025-08-12T16:15:12.724+0000] {spark_submit.py:521} INFO - 25/08/12 16:15:12 INFO DAGScheduler: Parents of final stage: List()
[2025-08-12T16:15:12.724+0000] {spark_submit.py:521} INFO - 25/08/12 16:15:12 INFO DAGScheduler: Missing parents: List()
[2025-08-12T16:15:12.725+0000] {spark_submit.py:521} INFO - 25/08/12 16:15:12 INFO DAGScheduler: Submitting ResultStage 2 (MapPartitionsRDD[11] at showString at NativeMethodAccessorImpl.java:0), which has no missing parents
[2025-08-12T16:15:12.743+0000] {spark_submit.py:521} INFO - 25/08/12 16:15:12 INFO MemoryStore: Block broadcast_4 stored as values in memory (estimated size 50.4 KiB, free 433.8 MiB)
[2025-08-12T16:15:12.746+0000] {spark_submit.py:521} INFO - 25/08/12 16:15:12 INFO MemoryStore: Block broadcast_4_piece0 stored as bytes in memory (estimated size 14.9 KiB, free 433.8 MiB)
[2025-08-12T16:15:12.748+0000] {spark_submit.py:521} INFO - 25/08/12 16:15:12 INFO SparkContext: Created broadcast 4 from broadcast at DAGScheduler.scala:1676
[2025-08-12T16:15:12.749+0000] {spark_submit.py:521} INFO - 25/08/12 16:15:12 INFO DAGScheduler: Submitting 1 missing tasks from ResultStage 2 (MapPartitionsRDD[11] at showString at NativeMethodAccessorImpl.java:0) (first 15 tasks are for partitions Vector(0))
[2025-08-12T16:15:12.749+0000] {spark_submit.py:521} INFO - 25/08/12 16:15:12 INFO TaskSchedulerImpl: Adding task set 2.0 with 1 tasks resource profile 0
[2025-08-12T16:15:12.754+0000] {spark_submit.py:521} INFO - 25/08/12 16:15:12 INFO TaskSetManager: Starting task 0.0 in stage 2.0 (TID 2) (172.18.0.6,executor 0, partition 0, PROCESS_LOCAL, 10617 bytes)
[2025-08-12T16:15:14.354+0000] {spark_submit.py:521} INFO - 25/08/12 16:15:14 INFO TaskSetManager: Finished task 0.0 in stage 2.0 (TID 2) in 1603 ms on 172.18.0.6 (executor 0) (1/1)
[2025-08-12T16:15:14.355+0000] {spark_submit.py:521} INFO - 25/08/12 16:15:14 INFO TaskSchedulerImpl: Removed TaskSet 2.0 whose tasks have all completed, from pool
[2025-08-12T16:15:14.355+0000] {spark_submit.py:521} INFO - 25/08/12 16:15:14 INFO DAGScheduler: ResultStage 2 (showString at NativeMethodAccessorImpl.java:0) finished in 1628 ms
[2025-08-12T16:15:14.356+0000] {spark_submit.py:521} INFO - 25/08/12 16:15:14 INFO DAGScheduler: Job 2 is finished. Cancelling potential speculative or zombie tasks for this job
[2025-08-12T16:15:14.356+0000] {spark_submit.py:521} INFO - 25/08/12 16:15:14 INFO TaskSchedulerImpl: Canceling stage 2
[2025-08-12T16:15:14.356+0000] {spark_submit.py:521} INFO - 25/08/12 16:15:14 INFO TaskSchedulerImpl: Killing all running tasks in stage 2: Stage finished
[2025-08-12T16:15:14.356+0000] {spark_submit.py:521} INFO - 25/08/12 16:15:14 INFO DAGScheduler: Job 2 finished: showString at NativeMethodAccessorImpl.java:0, took 1634.144758 ms
[2025-08-12T16:15:14.396+0000] {spark_submit.py:521} INFO - 25/08/12 16:15:14 INFO CodeGenerator: Code generated in 16.902703 ms
[2025-08-12T16:15:14.461+0000] {spark_submit.py:521} INFO - +-----------------------------------------------------+--------------------------------------------------------+---+----------------+----------+----------+----------------+----------------+-------------------------------------+-----------+--------------+--------------+--------------------------------------------------------------+------------------------------------------------------------------------------------------------------------------------------------------+-----------+------------+------+
[2025-08-12T16:15:14.462+0000] {spark_submit.py:521} INFO - |job_position                                         |company_name                                            |yoe|job_posting_date|min_salary|max_salary|company_size_min|company_size_max|major_field                          |level      |num_of_recruit|work_form     |relation_fields                                               |skills_extracted                                                                                                                          |city       |district    |source|
[2025-08-12T16:15:14.462+0000] {spark_submit.py:521} INFO - +-----------------------------------------------------+--------------------------------------------------------+---+----------------+----------+----------+----------------+----------------+-------------------------------------+-----------+--------------+--------------+--------------------------------------------------------------+------------------------------------------------------------------------------------------------------------------------------------------+-----------+------------+------+
[2025-08-12T16:15:14.463+0000] {spark_submit.py:521} INFO - |cdp data engineering                                 |CÔNG TY CỔ PHẦN DƯỢC PHẨM FPT LONG CHÂU                 |3.0|2025-08-31      |NULL      |NULL      |10000           |10000           |Dược phẩm / Y tế / Công nghệ sinh học|Trưởng nhóm|1.0           |Toàn thời gian|[Công nghệ Thông tin, Data Science, Data Engineer]            |[]                                                                                                                                        |Hồ Chí Minh|Quận 7      |topcv |
[2025-08-12T16:15:14.463+0000] {spark_submit.py:521} INFO - |data engineer                                        |Alphaway Technology                                     |3.0|2025-08-14      |39000000  |NULL      |100             |499             |IT - Phần mềm                        |Trưởng nhóm|5.0           |Toàn thời gian|[Công nghệ Thông tin, Data Science, Data Engineer]            |[python, java, sql, javascript, aws, spark, redshift]                                                                                     |Hà Nội     |Cầu Giấy    |topcv |
[2025-08-12T16:15:14.463+0000] {spark_submit.py:521} INFO - |data engineer                                        |CÔNG TY CỔ PHẦN CÔNG NGHỆ ALPHAWAY                      |2.0|2025-09-04      |NULL      |NULL      |500             |1000            |IT - Phần mềm                        |Trưởng nhóm|2.0           |Toàn thời gian|[Công nghệ Thông tin, Data Science, Data Engineer]            |[python, java, sql, javascript, aws, spark, kafka, data warehouse, data lake, redshift]                                                   |Hà Nội     |Cầu Giấy    |topcv |
[2025-08-12T16:15:14.464+0000] {spark_submit.py:521} INFO - |data engineer                                        |CÔNG TY CỔ PHẦN IKAME GLOBAL                            |1.0|2025-09-30      |1000000   |NULL      |100             |499             |IT - Phần mềm                        |Nhân viên  |1.0           |Toàn thời gian|[Công nghệ Thông tin, Data Science, Data Engineer]            |[python, java, sql, aws, azure, gcp, nosql]                                                                                               |Hà Nội     |Đống Đa     |topcv |
[2025-08-12T16:15:14.464+0000] {spark_submit.py:521} INFO - |data engineer                                        |CÔNG TY TNHH GIẢI PHÁP BRAIN TECH                       |2.0|2025-08-13      |NULL      |NULL      |25              |99              |IT - Phần mềm                        |Nhân viên  |3.0           |Toàn thời gian|[Công nghệ Thông tin, Data Science, Data Engineer]            |[python, scala, sql, docker, kubernetes, spark, kafka, flink, etl]                                                                        |Hồ Chí Minh|Phú Nhuận   |topcv |
[2025-08-12T16:15:14.464+0000] {spark_submit.py:521} INFO - |data engineer                                        |Công Ty Tài Chính TNHH MTV Mirae Asset                  |3.0|2025-08-21      |NULL      |NULL      |5000            |5000            |Tài chính                            |Nhân viên  |1.0           |Toàn thời gian|[Công nghệ Thông tin, Data Science, Data Engineer]            |[python, java, scala, sql, ***, etl, data warehouse, data lake]                                                                       |Hồ Chí Minh|Quận 1      |topcv |
[2025-08-12T16:15:14.464+0000] {spark_submit.py:521} INFO - |data engineer                                        |Công ty Cổ phần Hệ thống Công nghệ ETC                  |2.0|2025-08-31      |NULL      |NULL      |500             |1000            |IT - Phần mềm                        |Nhân viên  |5.0           |Toàn thời gian|[Công nghệ Thông tin, Data Science, Data Engineer]            |[aws, azure, etl, data warehouse, data lake]                                                                                              |Hà Nội     |Cầu Giấy    |topcv |
[2025-08-12T16:15:14.465+0000] {spark_submit.py:521} INFO - |data engineer                                        |FPT Software                                            |4.0|2025-09-30      |NULL      |NULL      |10000           |10000           |Tài chính                            |Nhân viên  |1.0           |Toàn thời gian|[Công nghệ Thông tin, Data Science, Data Engineer]            |[python, sql, azure, gcp, git, rest, spark, nosql, tensorflow, pytorch, etl, data pipeline, data lake, bigquery, redshift, snowflake, api]|Đà Nẵng    |Ngũ Hành Sơn|topcv |
[2025-08-12T16:15:14.465+0000] {spark_submit.py:521} INFO - |data engineer                                        |TMA Solutions                                           |1.0|2025-10-17      |NULL      |NULL      |3000            |3000            |IT - Phần mềm                        |Nhân viên  |3.0           |Toàn thời gian|[Công nghệ Thông tin, Data Science, Data Engineer]            |[python, scala, sql, aws, azure, spark, etl, redshift]                                                                                    |Bình Định  |TP Quy Nhơn |topcv |
[2025-08-12T16:15:14.466+0000] {spark_submit.py:521} INFO - |data engineer (banking)                              |Công ty Cổ phần Công nghệ Alphaway                      |2.0|2025-08-24      |25000000  |35000000  |100             |499             |IT - Phần mềm                        |Trưởng nhóm|2.0           |Toàn thời gian|[Công nghệ Thông tin, Data Science, Data Engineer]            |[python, aws, spark, etl]                                                                                                                 |Hà Nội     |Hoàn Kiếm   |topcv |
[2025-08-12T16:15:14.466+0000] {spark_submit.py:521} INFO - |data engineer (big data)                             |CÔNG TY CỔ PHẦN PARALINE SOFTWARE                       |2.0|2025-10-31      |18000000  |30000000  |100             |499             |IT - Phần mềm                        |Nhân viên  |6.0           |Toàn thời gian|[Công nghệ Thông tin, Software Engineering, Software Engineer]|[sql, etl]                                                                                                                                |Hà Nội     |Thanh Xuân  |topcv |
[2025-08-12T16:15:14.466+0000] {spark_submit.py:521} INFO - |data engineer (biết làm báo cáo)                     |Công ty TNHH Giải pháp Phân tích dữ liệu Insight Data   |2.0|2025-08-20      |25000000  |30000000  |25              |99              |IT - Phần mềm                        |Trưởng nhóm|3.0           |Toàn thời gian|[Công nghệ Thông tin, Data Science, Data Engineer]            |[sql, ***, data warehouse]                                                                                                            |Hà Nội     |Thanh Xuân  |topcv |
[2025-08-12T16:15:14.467+0000] {spark_submit.py:521} INFO - |data engineer (cloud)                                |Công ty TNHH Horus Productions                          |1.0|2025-08-23      |15000000  |25000000  |100             |499             |IT - Phần mềm                        |Trưởng nhóm|1.0           |Toàn thời gian|[Công nghệ Thông tin, Data Science, Data Engineer]            |[python, java, scala, sql, aws, azure, gcp, bigquery]                                                                                     |Hà Nội     |Nam Từ Liêm |topcv |
[2025-08-12T16:15:14.467+0000] {spark_submit.py:521} INFO - |data engineer (có xe đưa đón)                        |CÔNG TY CỔ PHẦN CÔNG NGHỆ AN NINH MẠNG QUỐC GIA VIỆT NAM|1.0|2025-08-09      |9000000   |15000000  |100             |499             |IT - Phần mềm                        |Nhân viên  |1.0           |Toàn thời gian|[Công nghệ Thông tin, Data Science, Data Engineer]            |[python, scala, sql, spark, nosql, zeppelin, etl, data warehouse]                                                                         |Hưng Yên   |Yên Mỹ      |topcv |
[2025-08-12T16:15:14.467+0000] {spark_submit.py:521} INFO - |data engineer (da)                                   |Công Ty TNHH LG CNS VIỆT NAM                            |3.0|2025-08-31      |NULL      |NULL      |100             |499             |IT - Phần mềm                        |Nhân viên  |1.0           |Toàn thời gian|[Công nghệ Thông tin, Data Science, Data Engineer]            |[scala, sql, aws, git, data warehouse, data lake, redshift]                                                                               |Hà Nội     |Nam Từ Liêm |topcv |
[2025-08-12T16:15:14.468+0000] {spark_submit.py:521} INFO - |data engineer (fluent english)                       |TECHVIFY SOFTWARE., JSC                                 |3.0|2025-08-12      |NULL      |NULL      |100             |499             |IT - Phần mềm                        |Trưởng nhóm|2.0           |Toàn thời gian|[Công nghệ Thông tin, Data Science, Data Engineer]            |[python, sql, azure, rest, graphql, spark, etl, data pipeline, api]                                                                       |Hà Nội     |Nam Từ Liêm |topcv |
[2025-08-12T16:15:14.468+0000] {spark_submit.py:521} INFO - |data engineer (onsite)                               |Công ty cổ phần Ecoit                                   |3.0|2025-08-16      |20000000  |28000000  |25              |99              |IT - Phần mềm                        |Trưởng nhóm|5.0           |Toàn thời gian|[Công nghệ Thông tin, Data Science, Data Engineer]            |[spark, hadoop, etl, data warehouse, data lake]                                                                                           |Hà Nội     |Cầu Giấy    |topcv |
[2025-08-12T16:15:14.468+0000] {spark_submit.py:521} INFO - |data engineer (python/java, data lake)               |Công ty CP Kinh doanh F88                               |3.0|2025-08-31      |20000000  |55000000  |5000            |5000            |Tài chính                            |Trưởng nhóm|2.0           |Toàn thời gian|[Công nghệ Thông tin, Data Science, Data Engineer]            |[python, spark, kafka, ***, etl, data warehouse, data lake]                                                                           |Hà Nội     |Thanh Xuân  |topcv |
[2025-08-12T16:15:14.469+0000] {spark_submit.py:521} INFO - |data engineer - từ 3 năm kinh nghiệm - onsite project|CÔNG TY CỔ PHẦN AHT TECH                                |3.0|2025-08-09      |NULL      |NULL      |100             |499             |IT - Phần mềm                        |Nhân viên  |1.0           |Toàn thời gian|[Công nghệ Thông tin, Data Science, Data Engineer]            |[sql, git, ***, etl, data warehouse, snowflake]                                                                                       |Hà Nội     |Hoàn Kiếm   |topcv |
[2025-08-12T16:15:14.469+0000] {spark_submit.py:521} INFO - |data engineer các level từ fresher,junior,middle     |công ty cổ phần Data Impact                             |1.0|2025-08-16      |NULL      |NULL      |25              |99              |IT - Phần mềm                        |Nhân viên  |3.0           |Toàn thời gian|[Công nghệ Thông tin, Data Science, Data Engineer]            |[python, java, scala, sql, aws, azure, gcp, spark, hadoop, kafka, ***, nosql, mongodb, etl, data pipeline]                            |Hà Nội     |Hà Đông     |topcv |
[2025-08-12T16:15:14.469+0000] {spark_submit.py:521} INFO - +-----------------------------------------------------+--------------------------------------------------------+---+----------------+----------+----------+----------------+----------------+-------------------------------------+-----------+--------------+--------------+--------------------------------------------------------------+------------------------------------------------------------------------------------------------------------------------------------------+-----------+------------+------+
[2025-08-12T16:15:14.469+0000] {spark_submit.py:521} INFO - only showing top 20 rows
[2025-08-12T16:15:14.683+0000] {spark_submit.py:521} INFO - Traceback (most recent call last):
[2025-08-12T16:15:14.684+0000] {spark_submit.py:521} INFO - File "/opt/spark-jobs/gold.transfrom.py", line 48, in <module>
[2025-08-12T16:15:14.685+0000] {spark_submit.py:521} INFO - .withColumn("Day", col("DateID").day) \
[2025-08-12T16:15:14.685+0000] {spark_submit.py:521} INFO - ^^^^^^^^^^^^^^^^^^^^^^^^^^^^^^^^^^^^
[2025-08-12T16:15:14.685+0000] {spark_submit.py:521} INFO - File "/home/***/.local/lib/python3.11/site-packages/pyspark/python/lib/pyspark.zip/pyspark/sql/classic/dataframe.py", line 1623, in withColumn
[2025-08-12T16:15:14.686+0000] {spark_submit.py:521} INFO - File "/home/***/.local/lib/python3.11/site-packages/pyspark/python/lib/py4j-0.10.9.9-src.zip/py4j/java_gateway.py", line 1362, in __call__
[2025-08-12T16:15:14.686+0000] {spark_submit.py:521} INFO - File "/home/***/.local/lib/python3.11/site-packages/pyspark/python/lib/pyspark.zip/pyspark/errors/exceptions/captured.py", line 288, in deco
[2025-08-12T16:15:14.690+0000] {spark_submit.py:521} INFO - pyspark.errors.exceptions.captured.AnalysisException: [INVALID_EXTRACT_BASE_FIELD_TYPE] Can't extract a value from "DateID". Need a complex type [STRUCT, ARRAY, MAP] but got "DATE". SQLSTATE: 42000
[2025-08-12T16:15:14.822+0000] {spark_submit.py:521} INFO - 25/08/12 16:15:14 INFO SparkContext: Invoking stop() from shutdown hook
[2025-08-12T16:15:14.824+0000] {spark_submit.py:521} INFO - 25/08/12 16:15:14 INFO SparkContext: SparkContext is stopping with exitCode 0 from run at Executors.java:539.
[2025-08-12T16:15:14.831+0000] {spark_submit.py:521} INFO - 25/08/12 16:15:14 INFO SparkUI: Stopped Spark web UI at http://689c6879ed29:4040
[2025-08-12T16:15:14.833+0000] {spark_submit.py:521} INFO - 25/08/12 16:15:14 INFO StandaloneSchedulerBackend: Shutting down all executors
[2025-08-12T16:15:14.833+0000] {spark_submit.py:521} INFO - 25/08/12 16:15:14 INFO StandaloneSchedulerBackend$StandaloneDriverEndpoint: Asking each executor to shut down
[2025-08-12T16:15:14.849+0000] {spark_submit.py:521} INFO - 25/08/12 16:15:14 INFO MapOutputTrackerMasterEndpoint: MapOutputTrackerMasterEndpoint stopped!
[2025-08-12T16:15:14.868+0000] {spark_submit.py:521} INFO - 25/08/12 16:15:14 INFO MemoryStore: MemoryStore cleared
[2025-08-12T16:15:14.869+0000] {spark_submit.py:521} INFO - 25/08/12 16:15:14 INFO BlockManager: BlockManager stopped
[2025-08-12T16:15:14.874+0000] {spark_submit.py:521} INFO - 25/08/12 16:15:14 INFO BlockManagerMaster: BlockManagerMaster stopped
[2025-08-12T16:15:14.878+0000] {spark_submit.py:521} INFO - 25/08/12 16:15:14 INFO OutputCommitCoordinator$OutputCommitCoordinatorEndpoint: OutputCommitCoordinator stopped!
[2025-08-12T16:15:14.892+0000] {spark_submit.py:521} INFO - 25/08/12 16:15:14 INFO SparkContext: Successfully stopped SparkContext
[2025-08-12T16:15:14.893+0000] {spark_submit.py:521} INFO - 25/08/12 16:15:14 INFO ShutdownHookManager: Shutdown hook called
[2025-08-12T16:15:14.893+0000] {spark_submit.py:521} INFO - 25/08/12 16:15:14 INFO ShutdownHookManager: Deleting directory /tmp/spark-83f2b864-9c53-4acd-a866-6729a8af6708
[2025-08-12T16:15:14.898+0000] {spark_submit.py:521} INFO - 25/08/12 16:15:14 INFO ShutdownHookManager: Deleting directory /tmp/spark-4ab2885f-2951-486a-9911-63e76cb818cf
[2025-08-12T16:15:14.902+0000] {spark_submit.py:521} INFO - 25/08/12 16:15:14 INFO ShutdownHookManager: Deleting directory /opt/***/artifacts/spark-dcf190fe-1b7b-42aa-ab13-6442bbe937d5
[2025-08-12T16:15:14.909+0000] {spark_submit.py:521} INFO - 25/08/12 16:15:14 INFO ShutdownHookManager: Deleting directory /tmp/spark-83f2b864-9c53-4acd-a866-6729a8af6708/pyspark-907fb475-2dc6-45e7-a3f0-e4e48bda0494
[2025-08-12T16:15:14.953+0000] {taskinstance.py:441} INFO - ::group::Post task execution logs
[2025-08-12T16:15:14.962+0000] {taskinstance.py:2905} ERROR - Task failed with exception
Traceback (most recent call last):
  File "/home/airflow/.local/lib/python3.11/site-packages/airflow/models/taskinstance.py", line 465, in _execute_task
    result = _execute_callable(context=context, **execute_callable_kwargs)
             ^^^^^^^^^^^^^^^^^^^^^^^^^^^^^^^^^^^^^^^^^^^^^^^^^^^^^^^^^^^^^
  File "/home/airflow/.local/lib/python3.11/site-packages/airflow/models/taskinstance.py", line 432, in _execute_callable
    return execute_callable(context=context, **execute_callable_kwargs)
           ^^^^^^^^^^^^^^^^^^^^^^^^^^^^^^^^^^^^^^^^^^^^^^^^^^^^^^^^^^^^
  File "/home/airflow/.local/lib/python3.11/site-packages/airflow/models/baseoperator.py", line 400, in wrapper
    return func(self, *args, **kwargs)
           ^^^^^^^^^^^^^^^^^^^^^^^^^^^
  File "/home/airflow/.local/lib/python3.11/site-packages/airflow/providers/apache/spark/operators/spark_submit.py", line 156, in execute
    self._hook.submit(self._application)
  File "/home/airflow/.local/lib/python3.11/site-packages/airflow/providers/apache/spark/hooks/spark_submit.py", line 452, in submit
    raise AirflowException(
airflow.exceptions.AirflowException: Cannot execute: spark-submit --master spark://spark-master:7077 --conf spark.master=spark://spark-master:7077 --conf spark.driver.extraClassPath=/opt/custom-jars/* --conf spark.executor.extraClassPath=/opt/custom-jars/* --conf spark.hadoop.fs.gs.impl=com.google.cloud.hadoop.fs.gcs.GoogleHadoopFileSystem --conf spark.hadoop.fs.AbstractFileSystem.gs.impl=com.google.cloud.hadoop.fs.gcs.GoogleHadoopFS --conf spark.hadoop.google.cloud.auth.service.account.enable=true --conf spark.hadoop.google.cloud.auth.service.account.json.keyfile=/opt/***/gcp-key.json --jars /opt/custom-jars/gcs-connector-hadoop3-2.2.14-shaded.jar --name arrow-spark --verbose /opt/spark-jobs/gold.transfrom.py. Error code is: 1.
[2025-08-12T16:15:14.968+0000] {taskinstance.py:1206} INFO - Marking task as FAILED. dag_id=spark_transform_pipeline, task_id=gold_transform, run_id=manual__2025-08-12T16:08:07.384859+00:00, execution_date=20250812T160807, start_date=20250812T161456, end_date=20250812T161514
[2025-08-12T16:15:14.987+0000] {standard_task_runner.py:110} ERROR - Failed to execute job 73 for task gold_transform (Cannot execute: spark-submit --master spark://spark-master:7077 --conf spark.master=spark://spark-master:7077 --conf spark.driver.extraClassPath=/opt/custom-jars/* --conf spark.executor.extraClassPath=/opt/custom-jars/* --conf spark.hadoop.fs.gs.impl=com.google.cloud.hadoop.fs.gcs.GoogleHadoopFileSystem --conf spark.hadoop.fs.AbstractFileSystem.gs.impl=com.google.cloud.hadoop.fs.gcs.GoogleHadoopFS --conf spark.hadoop.google.cloud.auth.service.account.enable=true --conf spark.hadoop.google.cloud.auth.service.account.json.keyfile=/opt/***/gcp-key.json --jars /opt/custom-jars/gcs-connector-hadoop3-2.2.14-shaded.jar --name arrow-spark --verbose /opt/spark-jobs/gold.transfrom.py. Error code is: 1.; 573)
[2025-08-12T16:15:15.001+0000] {local_task_job_runner.py:240} INFO - Task exited with return code 1
[2025-08-12T16:15:15.017+0000] {taskinstance.py:3498} INFO - 0 downstream tasks scheduled from follow-on schedule check
[2025-08-12T16:15:15.019+0000] {local_task_job_runner.py:222} INFO - ::endgroup::
