[2025-08-13T08:40:16.350+0000] {local_task_job_runner.py:120} INFO - ::group::Pre task execution logs
[2025-08-13T08:40:16.375+0000] {taskinstance.py:2076} INFO - Dependencies all met for dep_context=non-requeueable deps ti=<TaskInstance: spark_transform_pipeline.silver_topcv_transform manual__2025-08-13T08:40:13.626168+00:00 [queued]>
[2025-08-13T08:40:16.381+0000] {taskinstance.py:2076} INFO - Dependencies all met for dep_context=requeueable deps ti=<TaskInstance: spark_transform_pipeline.silver_topcv_transform manual__2025-08-13T08:40:13.626168+00:00 [queued]>
[2025-08-13T08:40:16.382+0000] {taskinstance.py:2306} INFO - Starting attempt 1 of 1
[2025-08-13T08:40:16.393+0000] {taskinstance.py:2330} INFO - Executing <Task(SparkSubmitOperator): silver_topcv_transform> on 2025-08-13 08:40:13.626168+00:00
[2025-08-13T08:40:16.396+0000] {standard_task_runner.py:63} INFO - Started process 44 to run task
[2025-08-13T08:40:16.399+0000] {standard_task_runner.py:90} INFO - Running: ['***', 'tasks', 'run', 'spark_transform_pipeline', 'silver_topcv_transform', 'manual__2025-08-13T08:40:13.626168+00:00', '--job-id', '92', '--raw', '--subdir', 'DAGS_FOLDER/etl_jobs_dag.py', '--cfg-path', '/tmp/tmpp2wqqyg0']
[2025-08-13T08:40:16.402+0000] {standard_task_runner.py:91} INFO - Job 92: Subtask silver_topcv_transform
[2025-08-13T08:40:16.449+0000] {task_command.py:426} INFO - Running <TaskInstance: spark_transform_pipeline.silver_topcv_transform manual__2025-08-13T08:40:13.626168+00:00 [running]> on host 89a37f983b11
[2025-08-13T08:40:16.545+0000] {taskinstance.py:2648} INFO - Exporting env vars: AIRFLOW_CTX_DAG_OWNER='***' AIRFLOW_CTX_DAG_ID='spark_transform_pipeline' AIRFLOW_CTX_TASK_ID='silver_topcv_transform' AIRFLOW_CTX_EXECUTION_DATE='2025-08-13T08:40:13.626168+00:00' AIRFLOW_CTX_TRY_NUMBER='1' AIRFLOW_CTX_DAG_RUN_ID='manual__2025-08-13T08:40:13.626168+00:00'
[2025-08-13T08:40:16.546+0000] {taskinstance.py:430} INFO - ::endgroup::
[2025-08-13T08:40:16.587+0000] {base.py:84} INFO - Using connection ID 'spark_default' for task execution.
[2025-08-13T08:40:16.588+0000] {spark_submit.py:351} INFO - Spark-Submit cmd: spark-submit --master spark://spark-master:7077 --conf spark.master=spark://spark-master:7077 --conf spark.driver.extraClassPath=/opt/custom-jars/* --conf spark.executor.extraClassPath=/opt/custom-jars/* --conf spark.hadoop.fs.gs.impl=com.google.cloud.hadoop.fs.gcs.GoogleHadoopFileSystem --conf spark.hadoop.fs.AbstractFileSystem.gs.impl=com.google.cloud.hadoop.fs.gcs.GoogleHadoopFS --conf spark.hadoop.google.cloud.auth.service.account.enable=true --conf spark.hadoop.google.cloud.auth.service.account.json.keyfile=/opt/***/gcp-key.json --jars /opt/custom-jars/gcs-connector-hadoop3-2.2.14-shaded.jar --name arrow-spark --verbose /opt/spark-jobs/load/upload_jobs_to_dwh.py
[2025-08-13T08:40:17.863+0000] {spark_submit.py:521} INFO - WARNING: Using incubator modules: jdk.incubator.vector
[2025-08-13T08:40:19.691+0000] {spark_submit.py:521} INFO - Parsed arguments:
[2025-08-13T08:40:19.692+0000] {spark_submit.py:521} INFO - master                  spark://spark-master:7077
[2025-08-13T08:40:19.692+0000] {spark_submit.py:521} INFO - remote                  null
[2025-08-13T08:40:19.692+0000] {spark_submit.py:521} INFO - deployMode              null
[2025-08-13T08:40:19.692+0000] {spark_submit.py:521} INFO - executorMemory          null
[2025-08-13T08:40:19.693+0000] {spark_submit.py:521} INFO - executorCores           null
[2025-08-13T08:40:19.693+0000] {spark_submit.py:521} INFO - totalExecutorCores      null
[2025-08-13T08:40:19.693+0000] {spark_submit.py:521} INFO - propertiesFile          null
[2025-08-13T08:40:19.693+0000] {spark_submit.py:521} INFO - driverMemory            null
[2025-08-13T08:40:19.693+0000] {spark_submit.py:521} INFO - driverCores             null
[2025-08-13T08:40:19.693+0000] {spark_submit.py:521} INFO - driverExtraClassPath    /opt/custom-jars/*
[2025-08-13T08:40:19.694+0000] {spark_submit.py:521} INFO - driverExtraLibraryPath  null
[2025-08-13T08:40:19.694+0000] {spark_submit.py:521} INFO - driverExtraJavaOptions  null
[2025-08-13T08:40:19.694+0000] {spark_submit.py:521} INFO - supervise               false
[2025-08-13T08:40:19.694+0000] {spark_submit.py:521} INFO - queue                   null
[2025-08-13T08:40:19.695+0000] {spark_submit.py:521} INFO - numExecutors            null
[2025-08-13T08:40:19.695+0000] {spark_submit.py:521} INFO - files                   null
[2025-08-13T08:40:19.695+0000] {spark_submit.py:521} INFO - pyFiles                 null
[2025-08-13T08:40:19.695+0000] {spark_submit.py:521} INFO - archives                null
[2025-08-13T08:40:19.695+0000] {spark_submit.py:521} INFO - mainClass               null
[2025-08-13T08:40:19.696+0000] {spark_submit.py:521} INFO - primaryResource         file:/opt/spark-jobs/load/upload_jobs_to_dwh.py
[2025-08-13T08:40:19.696+0000] {spark_submit.py:521} INFO - name                    arrow-spark
[2025-08-13T08:40:19.696+0000] {spark_submit.py:521} INFO - childArgs               []
[2025-08-13T08:40:19.696+0000] {spark_submit.py:521} INFO - jars                    file:/opt/custom-jars/gcs-connector-hadoop3-2.2.14-shaded.jar
[2025-08-13T08:40:19.697+0000] {spark_submit.py:521} INFO - packages                null
[2025-08-13T08:40:19.697+0000] {spark_submit.py:521} INFO - packagesExclusions      null
[2025-08-13T08:40:19.697+0000] {spark_submit.py:521} INFO - repositories            null
[2025-08-13T08:40:19.697+0000] {spark_submit.py:521} INFO - verbose                 true
[2025-08-13T08:40:19.698+0000] {spark_submit.py:521} INFO - 
[2025-08-13T08:40:19.698+0000] {spark_submit.py:521} INFO - Spark properties used, including those specified through
[2025-08-13T08:40:19.698+0000] {spark_submit.py:521} INFO - --conf and those from the properties file null:
[2025-08-13T08:40:19.698+0000] {spark_submit.py:521} INFO - (spark.driver.extraClassPath,/opt/custom-jars/*)
[2025-08-13T08:40:19.698+0000] {spark_submit.py:521} INFO - (spark.executor.extraClassPath,/opt/custom-jars/*)
[2025-08-13T08:40:19.699+0000] {spark_submit.py:521} INFO - (spark.hadoop.fs.AbstractFileSystem.gs.impl,com.google.cloud.hadoop.fs.gcs.GoogleHadoopFS)
[2025-08-13T08:40:19.699+0000] {spark_submit.py:521} INFO - (spark.hadoop.fs.gs.impl,com.google.cloud.hadoop.fs.gcs.GoogleHadoopFileSystem)
[2025-08-13T08:40:19.699+0000] {spark_submit.py:521} INFO - (spark.hadoop.google.cloud.auth.service.account.enable,true)
[2025-08-13T08:40:19.699+0000] {spark_submit.py:521} INFO - (spark.hadoop.google.cloud.auth.service.account.json.keyfile,/opt/***/gcp-key.json)
[2025-08-13T08:40:19.699+0000] {spark_submit.py:521} INFO - (spark.master,spark://spark-master:7077)
[2025-08-13T08:40:19.700+0000] {spark_submit.py:521} INFO - 
[2025-08-13T08:40:19.700+0000] {spark_submit.py:521} INFO - 
[2025-08-13T08:40:19.987+0000] {spark_submit.py:521} INFO - 25/08/13 08:40:19 WARN NativeCodeLoader: Unable to load native-hadoop library for your platform... using builtin-java classes where applicable
[2025-08-13T08:40:20.523+0000] {spark_submit.py:521} INFO - Main class:
[2025-08-13T08:40:20.524+0000] {spark_submit.py:521} INFO - org.apache.spark.deploy.PythonRunner
[2025-08-13T08:40:20.524+0000] {spark_submit.py:521} INFO - Arguments:
[2025-08-13T08:40:20.525+0000] {spark_submit.py:521} INFO - file:/opt/spark-jobs/load/upload_jobs_to_dwh.py
[2025-08-13T08:40:20.525+0000] {spark_submit.py:521} INFO - null
[2025-08-13T08:40:20.526+0000] {spark_submit.py:521} INFO - Spark config:
[2025-08-13T08:40:20.526+0000] {spark_submit.py:521} INFO - (spark.app.name,arrow-spark)
[2025-08-13T08:40:20.527+0000] {spark_submit.py:521} INFO - (spark.app.submitTime,1755074420502)
[2025-08-13T08:40:20.527+0000] {spark_submit.py:521} INFO - (spark.driver.extraClassPath,/opt/custom-jars/*)
[2025-08-13T08:40:20.527+0000] {spark_submit.py:521} INFO - (spark.executor.extraClassPath,/opt/custom-jars/*)
[2025-08-13T08:40:20.527+0000] {spark_submit.py:521} INFO - (spark.hadoop.fs.AbstractFileSystem.gs.impl,com.google.cloud.hadoop.fs.gcs.GoogleHadoopFS)
[2025-08-13T08:40:20.527+0000] {spark_submit.py:521} INFO - (spark.hadoop.fs.gs.impl,com.google.cloud.hadoop.fs.gcs.GoogleHadoopFileSystem)
[2025-08-13T08:40:20.528+0000] {spark_submit.py:521} INFO - (spark.hadoop.google.cloud.auth.service.account.enable,true)
[2025-08-13T08:40:20.528+0000] {spark_submit.py:521} INFO - (spark.hadoop.google.cloud.auth.service.account.json.keyfile,/opt/***/gcp-key.json)
[2025-08-13T08:40:20.528+0000] {spark_submit.py:521} INFO - (spark.jars,file:///opt/custom-jars/gcs-connector-hadoop3-2.2.14-shaded.jar)
[2025-08-13T08:40:20.528+0000] {spark_submit.py:521} INFO - (spark.master,spark://spark-master:7077)
[2025-08-13T08:40:20.529+0000] {spark_submit.py:521} INFO - (spark.repl.local.jars,file:///opt/custom-jars/gcs-connector-hadoop3-2.2.14-shaded.jar)
[2025-08-13T08:40:20.529+0000] {spark_submit.py:521} INFO - (spark.submit.deployMode,client)
[2025-08-13T08:40:20.529+0000] {spark_submit.py:521} INFO - (spark.submit.pyFiles,)
[2025-08-13T08:40:20.529+0000] {spark_submit.py:521} INFO - Classpath elements:
[2025-08-13T08:40:20.529+0000] {spark_submit.py:521} INFO - file:///opt/custom-jars/gcs-connector-hadoop3-2.2.14-shaded.jar
[2025-08-13T08:40:20.530+0000] {spark_submit.py:521} INFO - 
[2025-08-13T08:40:20.530+0000] {spark_submit.py:521} INFO - 
[2025-08-13T08:40:21.655+0000] {spark_submit.py:521} INFO - Using Spark's default log4j profile: org/apache/spark/log4j2-defaults.properties
[2025-08-13T08:40:21.665+0000] {spark_submit.py:521} INFO - 25/08/13 08:40:21 INFO SparkContext: Running Spark version 4.0.0
[2025-08-13T08:40:21.668+0000] {spark_submit.py:521} INFO - 25/08/13 08:40:21 INFO SparkContext: OS info Linux, 5.15.167.4-microsoft-standard-WSL2, amd64
[2025-08-13T08:40:21.669+0000] {spark_submit.py:521} INFO - 25/08/13 08:40:21 INFO SparkContext: Java version 17.0.15
[2025-08-13T08:40:21.712+0000] {spark_submit.py:521} INFO - 25/08/13 08:40:21 INFO ResourceUtils: ==============================================================
[2025-08-13T08:40:21.712+0000] {spark_submit.py:521} INFO - 25/08/13 08:40:21 INFO ResourceUtils: No custom resources configured for spark.driver.
[2025-08-13T08:40:21.713+0000] {spark_submit.py:521} INFO - 25/08/13 08:40:21 INFO ResourceUtils: ==============================================================
[2025-08-13T08:40:21.713+0000] {spark_submit.py:521} INFO - 25/08/13 08:40:21 INFO SparkContext: Submitted application: load_to_bq
[2025-08-13T08:40:21.743+0000] {spark_submit.py:521} INFO - 25/08/13 08:40:21 INFO ResourceProfile: Default ResourceProfile created, executor resources: Map(memory -> name: memory, amount: 1024, script: , vendor: , offHeap -> name: offHeap, amount: 0, script: , vendor: ), task resources: Map(cpus -> name: cpus, amount: 1.0)
[2025-08-13T08:40:21.745+0000] {spark_submit.py:521} INFO - 25/08/13 08:40:21 INFO ResourceProfile: Limiting resource is cpu
[2025-08-13T08:40:21.746+0000] {spark_submit.py:521} INFO - 25/08/13 08:40:21 INFO ResourceProfileManager: Added ResourceProfile id: 0
[2025-08-13T08:40:21.834+0000] {spark_submit.py:521} INFO - 25/08/13 08:40:21 INFO SecurityManager: Changing view acls to: ***
[2025-08-13T08:40:21.835+0000] {spark_submit.py:521} INFO - 25/08/13 08:40:21 INFO SecurityManager: Changing modify acls to: ***
[2025-08-13T08:40:21.835+0000] {spark_submit.py:521} INFO - 25/08/13 08:40:21 INFO SecurityManager: Changing view acls groups to: ***
[2025-08-13T08:40:21.836+0000] {spark_submit.py:521} INFO - 25/08/13 08:40:21 INFO SecurityManager: Changing modify acls groups to: ***
[2025-08-13T08:40:21.838+0000] {spark_submit.py:521} INFO - 25/08/13 08:40:21 INFO SecurityManager: SecurityManager: authentication disabled; ui acls disabled; users with view permissions: *** groups with view permissions: EMPTY; users with modify permissions: ***; groups with modify permissions: EMPTY; RPC SSL disabled
[2025-08-13T08:40:22.297+0000] {spark_submit.py:521} INFO - 25/08/13 08:40:22 INFO Utils: Successfully started service 'sparkDriver' on port 41067.
[2025-08-13T08:40:22.357+0000] {spark_submit.py:521} INFO - 25/08/13 08:40:22 INFO SparkEnv: Registering MapOutputTracker
[2025-08-13T08:40:22.383+0000] {spark_submit.py:521} INFO - 25/08/13 08:40:22 INFO SparkEnv: Registering BlockManagerMaster
[2025-08-13T08:40:22.409+0000] {spark_submit.py:521} INFO - 25/08/13 08:40:22 INFO BlockManagerMasterEndpoint: Using org.apache.spark.storage.DefaultTopologyMapper for getting topology information
[2025-08-13T08:40:22.410+0000] {spark_submit.py:521} INFO - 25/08/13 08:40:22 INFO BlockManagerMasterEndpoint: BlockManagerMasterEndpoint up
[2025-08-13T08:40:22.416+0000] {spark_submit.py:521} INFO - 25/08/13 08:40:22 INFO SparkEnv: Registering BlockManagerMasterHeartbeat
[2025-08-13T08:40:22.469+0000] {spark_submit.py:521} INFO - 25/08/13 08:40:22 INFO DiskBlockManager: Created local directory at /tmp/blockmgr-14aa466b-b122-47cc-b8fd-a018942c188f
[2025-08-13T08:40:22.518+0000] {spark_submit.py:521} INFO - 25/08/13 08:40:22 INFO SparkEnv: Registering OutputCommitCoordinator
[2025-08-13T08:40:22.710+0000] {spark_submit.py:521} INFO - 25/08/13 08:40:22 INFO JettyUtils: Start Jetty 0.0.0.0:4040 for SparkUI
[2025-08-13T08:40:22.815+0000] {spark_submit.py:521} INFO - 25/08/13 08:40:22 INFO Utils: Successfully started service 'SparkUI' on port 4040.
[2025-08-13T08:40:22.863+0000] {spark_submit.py:521} INFO - 25/08/13 08:40:22 INFO SparkContext: Added JAR file:///opt/custom-jars/gcs-connector-hadoop3-2.2.14-shaded.jar at spark://89a37f983b11:41067/jars/gcs-connector-hadoop3-2.2.14-shaded.jar with timestamp 1755074421647
[2025-08-13T08:40:22.906+0000] {spark_submit.py:521} INFO - 25/08/13 08:40:22 INFO SecurityManager: Changing view acls to: ***
[2025-08-13T08:40:22.907+0000] {spark_submit.py:521} INFO - 25/08/13 08:40:22 INFO SecurityManager: Changing modify acls to: ***
[2025-08-13T08:40:22.907+0000] {spark_submit.py:521} INFO - 25/08/13 08:40:22 INFO SecurityManager: Changing view acls groups to: ***
[2025-08-13T08:40:22.907+0000] {spark_submit.py:521} INFO - 25/08/13 08:40:22 INFO SecurityManager: Changing modify acls groups to: ***
[2025-08-13T08:40:22.908+0000] {spark_submit.py:521} INFO - 25/08/13 08:40:22 INFO SecurityManager: SecurityManager: authentication disabled; ui acls disabled; users with view permissions: *** groups with view permissions: EMPTY; users with modify permissions: ***; groups with modify permissions: EMPTY; RPC SSL disabled
[2025-08-13T08:40:23.191+0000] {spark_submit.py:521} INFO - 25/08/13 08:40:23 INFO StandaloneAppClient$ClientEndpoint: Connecting to master spark://spark-master:7077...
[2025-08-13T08:40:23.284+0000] {spark_submit.py:521} INFO - 25/08/13 08:40:23 INFO TransportClientFactory: Successfully created connection to spark-master/172.18.0.3:7077 after 37 ms (0 ms spent in bootstraps)
[2025-08-13T08:40:23.997+0000] {spark_submit.py:521} INFO - 25/08/13 08:40:23 INFO StandaloneSchedulerBackend: Connected to Spark cluster with app ID app-20250813084023-0000
[2025-08-13T08:40:24.012+0000] {spark_submit.py:521} INFO - 25/08/13 08:40:24 INFO Utils: Successfully started service 'org.apache.spark.network.netty.NettyBlockTransferService' on port 38931.
[2025-08-13T08:40:24.013+0000] {spark_submit.py:521} INFO - 25/08/13 08:40:24 INFO NettyBlockTransferService: Server created on 89a37f983b11:38931
[2025-08-13T08:40:24.016+0000] {spark_submit.py:521} INFO - 25/08/13 08:40:24 INFO BlockManager: Using org.apache.spark.storage.RandomBlockReplicationPolicy for block replication policy
[2025-08-13T08:40:24.043+0000] {spark_submit.py:521} INFO - 25/08/13 08:40:24 INFO BlockManagerMaster: Registering BlockManager BlockManagerId(driver, 89a37f983b11, 38931, None)
[2025-08-13T08:40:24.053+0000] {spark_submit.py:521} INFO - 25/08/13 08:40:24 INFO BlockManagerMasterEndpoint: Registering block manager 89a37f983b11:38931 with 434.4 MiB RAM, BlockManagerId(driver, 89a37f983b11, 38931, None)
[2025-08-13T08:40:24.059+0000] {spark_submit.py:521} INFO - 25/08/13 08:40:24 INFO BlockManagerMaster: Registered BlockManager BlockManagerId(driver, 89a37f983b11, 38931, None)
[2025-08-13T08:40:24.061+0000] {spark_submit.py:521} INFO - 25/08/13 08:40:24 INFO BlockManager: Initialized BlockManager: BlockManagerId(driver, 89a37f983b11, 38931, None)
[2025-08-13T08:40:24.398+0000] {spark_submit.py:521} INFO - 25/08/13 08:40:24 INFO StandaloneSchedulerBackend: SchedulerBackend is ready for scheduling beginning after reached minRegisteredResourcesRatio: 0.0
[2025-08-13T08:40:24.413+0000] {spark_submit.py:521} INFO - 25/08/13 08:40:24 INFO StandaloneAppClient$ClientEndpoint: Executor added: app-20250813084023-0000/0 on worker-20250813083942-172.18.0.5-44267 (172.18.0.5:44267) with 2 core(s)
[2025-08-13T08:40:24.414+0000] {spark_submit.py:521} INFO - 25/08/13 08:40:24 INFO StandaloneSchedulerBackend: Granted executor ID app-20250813084023-0000/0 on hostPort 172.18.0.5:44267 with 2 core(s), 1024.0 MiB RAM
[2025-08-13T08:40:25.992+0000] {spark_submit.py:521} INFO - 25/08/13 08:40:25 INFO StandaloneAppClient$ClientEndpoint: Executor updated: app-20250813084023-0000/0 is now RUNNING
[2025-08-13T08:40:29.399+0000] {spark_submit.py:521} INFO - 25/08/13 08:40:29 INFO SharedState: Setting hive.metastore.warehouse.dir ('null') to the value of spark.sql.warehouse.dir.
[2025-08-13T08:40:29.418+0000] {spark_submit.py:521} INFO - 25/08/13 08:40:29 INFO SharedState: Warehouse path is 'file:/opt/***/spark-warehouse'.
[2025-08-13T08:40:33.741+0000] {spark_submit.py:521} INFO - 25/08/13 08:40:33 INFO StandaloneSchedulerBackend$StandaloneDriverEndpoint: Registered executor NettyRpcEndpointRef(spark-client://Executor) (172.18.0.5:52972) with ID 0, ResourceProfileId 0
[2025-08-13T08:40:34.055+0000] {spark_submit.py:521} INFO - 25/08/13 08:40:34 WARN FileStreamSink: Assume no metadata directory. Error while looking for metadata directory in the path: gs://job_gcp/gold/dim_company/.
[2025-08-13T08:40:34.056+0000] {spark_submit.py:521} INFO - java.io.FileNotFoundException: File not found: gs://job_gcp/gold/dim_company
[2025-08-13T08:40:34.057+0000] {spark_submit.py:521} INFO - at com.google.cloud.hadoop.fs.gcs.GoogleHadoopFileSystemBase.getFileStatus(GoogleHadoopFileSystemBase.java:961)
[2025-08-13T08:40:34.057+0000] {spark_submit.py:521} INFO - at org.apache.spark.sql.execution.streaming.FileStreamSink$.hasMetadata(FileStreamSink.scala:56)
[2025-08-13T08:40:34.058+0000] {spark_submit.py:521} INFO - at org.apache.spark.sql.execution.datasources.DataSource.resolveRelation(DataSource.scala:381)
[2025-08-13T08:40:34.058+0000] {spark_submit.py:521} INFO - at org.apache.spark.sql.catalyst.analysis.ResolveDataSource.org$apache$spark$sql$catalyst$analysis$ResolveDataSource$$loadV1BatchSource(ResolveDataSource.scala:143)
[2025-08-13T08:40:34.058+0000] {spark_submit.py:521} INFO - at org.apache.spark.sql.catalyst.analysis.ResolveDataSource$$anonfun$apply$1.$anonfun$applyOrElse$2(ResolveDataSource.scala:61)
[2025-08-13T08:40:34.059+0000] {spark_submit.py:521} INFO - at scala.Option.getOrElse(Option.scala:201)
[2025-08-13T08:40:34.059+0000] {spark_submit.py:521} INFO - at org.apache.spark.sql.catalyst.analysis.ResolveDataSource$$anonfun$apply$1.applyOrElse(ResolveDataSource.scala:61)
[2025-08-13T08:40:34.059+0000] {spark_submit.py:521} INFO - at org.apache.spark.sql.catalyst.analysis.ResolveDataSource$$anonfun$apply$1.applyOrElse(ResolveDataSource.scala:45)
[2025-08-13T08:40:34.059+0000] {spark_submit.py:521} INFO - at org.apache.spark.sql.catalyst.plans.logical.AnalysisHelper.$anonfun$resolveOperatorsUpWithPruning$3(AnalysisHelper.scala:139)
[2025-08-13T08:40:34.060+0000] {spark_submit.py:521} INFO - at org.apache.spark.sql.catalyst.trees.CurrentOrigin$.withOrigin(origin.scala:86)
[2025-08-13T08:40:34.060+0000] {spark_submit.py:521} INFO - at org.apache.spark.sql.catalyst.plans.logical.AnalysisHelper.$anonfun$resolveOperatorsUpWithPruning$1(AnalysisHelper.scala:139)
[2025-08-13T08:40:34.060+0000] {spark_submit.py:521} INFO - at org.apache.spark.sql.catalyst.plans.logical.AnalysisHelper$.allowInvokingTransformsInAnalyzer(AnalysisHelper.scala:416)
[2025-08-13T08:40:34.061+0000] {spark_submit.py:521} INFO - at org.apache.spark.sql.catalyst.plans.logical.AnalysisHelper.resolveOperatorsUpWithPruning(AnalysisHelper.scala:135)
[2025-08-13T08:40:34.061+0000] {spark_submit.py:521} INFO - at org.apache.spark.sql.catalyst.plans.logical.AnalysisHelper.resolveOperatorsUpWithPruning$(AnalysisHelper.scala:131)
[2025-08-13T08:40:34.061+0000] {spark_submit.py:521} INFO - at org.apache.spark.sql.catalyst.plans.logical.LogicalPlan.resolveOperatorsUpWithPruning(LogicalPlan.scala:37)
[2025-08-13T08:40:34.062+0000] {spark_submit.py:521} INFO - at org.apache.spark.sql.catalyst.plans.logical.AnalysisHelper.resolveOperatorsUp(AnalysisHelper.scala:112)
[2025-08-13T08:40:34.062+0000] {spark_submit.py:521} INFO - at org.apache.spark.sql.catalyst.plans.logical.AnalysisHelper.resolveOperatorsUp$(AnalysisHelper.scala:111)
[2025-08-13T08:40:34.062+0000] {spark_submit.py:521} INFO - at org.apache.spark.sql.catalyst.plans.logical.LogicalPlan.resolveOperatorsUp(LogicalPlan.scala:37)
[2025-08-13T08:40:34.063+0000] {spark_submit.py:521} INFO - at org.apache.spark.sql.catalyst.analysis.ResolveDataSource.apply(ResolveDataSource.scala:45)
[2025-08-13T08:40:34.063+0000] {spark_submit.py:521} INFO - at org.apache.spark.sql.catalyst.analysis.ResolveDataSource.apply(ResolveDataSource.scala:43)
[2025-08-13T08:40:34.063+0000] {spark_submit.py:521} INFO - at org.apache.spark.sql.catalyst.rules.RuleExecutor.$anonfun$execute$2(RuleExecutor.scala:242)
[2025-08-13T08:40:34.063+0000] {spark_submit.py:521} INFO - at scala.collection.LinearSeqOps.foldLeft(LinearSeq.scala:183)
[2025-08-13T08:40:34.063+0000] {spark_submit.py:521} INFO - at scala.collection.LinearSeqOps.foldLeft$(LinearSeq.scala:179)
[2025-08-13T08:40:34.064+0000] {spark_submit.py:521} INFO - at scala.collection.immutable.List.foldLeft(List.scala:79)
[2025-08-13T08:40:34.064+0000] {spark_submit.py:521} INFO - at org.apache.spark.sql.catalyst.rules.RuleExecutor.$anonfun$execute$1(RuleExecutor.scala:239)
[2025-08-13T08:40:34.064+0000] {spark_submit.py:521} INFO - at org.apache.spark.sql.catalyst.rules.RuleExecutor.$anonfun$execute$1$adapted(RuleExecutor.scala:231)
[2025-08-13T08:40:34.064+0000] {spark_submit.py:521} INFO - at scala.collection.immutable.List.foreach(List.scala:334)
[2025-08-13T08:40:34.064+0000] {spark_submit.py:521} INFO - at org.apache.spark.sql.catalyst.rules.RuleExecutor.execute(RuleExecutor.scala:231)
[2025-08-13T08:40:34.064+0000] {spark_submit.py:521} INFO - at org.apache.spark.sql.catalyst.analysis.Analyzer.org$apache$spark$sql$catalyst$analysis$Analyzer$$executeSameContext(Analyzer.scala:290)
[2025-08-13T08:40:34.065+0000] {spark_submit.py:521} INFO - at org.apache.spark.sql.catalyst.analysis.Analyzer.$anonfun$execute$1(Analyzer.scala:286)
[2025-08-13T08:40:34.065+0000] {spark_submit.py:521} INFO - at org.apache.spark.sql.catalyst.analysis.AnalysisContext$.withNewAnalysisContext(Analyzer.scala:234)
[2025-08-13T08:40:34.065+0000] {spark_submit.py:521} INFO - at org.apache.spark.sql.catalyst.analysis.Analyzer.execute(Analyzer.scala:286)
[2025-08-13T08:40:34.065+0000] {spark_submit.py:521} INFO - at org.apache.spark.sql.catalyst.analysis.Analyzer.execute(Analyzer.scala:249)
[2025-08-13T08:40:34.066+0000] {spark_submit.py:521} INFO - at org.apache.spark.sql.catalyst.rules.RuleExecutor.$anonfun$executeAndTrack$1(RuleExecutor.scala:201)
[2025-08-13T08:40:34.066+0000] {spark_submit.py:521} INFO - at org.apache.spark.sql.catalyst.QueryPlanningTracker$.withTracker(QueryPlanningTracker.scala:89)
[2025-08-13T08:40:34.066+0000] {spark_submit.py:521} INFO - at org.apache.spark.sql.catalyst.rules.RuleExecutor.executeAndTrack(RuleExecutor.scala:201)
[2025-08-13T08:40:34.067+0000] {spark_submit.py:521} INFO - at org.apache.spark.sql.catalyst.analysis.resolver.HybridAnalyzer.resolveInFixedPoint(HybridAnalyzer.scala:190)
[2025-08-13T08:40:34.067+0000] {spark_submit.py:521} INFO - at org.apache.spark.sql.catalyst.analysis.resolver.HybridAnalyzer.$anonfun$apply$1(HybridAnalyzer.scala:76)
[2025-08-13T08:40:34.067+0000] {spark_submit.py:521} INFO - at org.apache.spark.sql.catalyst.analysis.resolver.HybridAnalyzer.withTrackedAnalyzerBridgeState(HybridAnalyzer.scala:111)
[2025-08-13T08:40:34.067+0000] {spark_submit.py:521} INFO - at org.apache.spark.sql.catalyst.analysis.resolver.HybridAnalyzer.apply(HybridAnalyzer.scala:71)
[2025-08-13T08:40:34.068+0000] {spark_submit.py:521} INFO - at org.apache.spark.sql.catalyst.analysis.Analyzer.$anonfun$executeAndCheck$1(Analyzer.scala:280)
[2025-08-13T08:40:34.068+0000] {spark_submit.py:521} INFO - at org.apache.spark.sql.catalyst.plans.logical.AnalysisHelper$.markInAnalyzer(AnalysisHelper.scala:423)
[2025-08-13T08:40:34.068+0000] {spark_submit.py:521} INFO - at org.apache.spark.sql.catalyst.analysis.Analyzer.executeAndCheck(Analyzer.scala:280)
[2025-08-13T08:40:34.069+0000] {spark_submit.py:521} INFO - at org.apache.spark.sql.execution.QueryExecution.$anonfun$lazyAnalyzed$2(QueryExecution.scala:110)
[2025-08-13T08:40:34.069+0000] {spark_submit.py:521} INFO - at org.apache.spark.sql.catalyst.QueryPlanningTracker.measurePhase(QueryPlanningTracker.scala:148)
[2025-08-13T08:40:34.069+0000] {spark_submit.py:521} INFO - at org.apache.spark.sql.execution.QueryExecution.$anonfun$executePhase$2(QueryExecution.scala:278)
[2025-08-13T08:40:34.070+0000] {spark_submit.py:521} INFO - at org.apache.spark.sql.execution.QueryExecution$.withInternalError(QueryExecution.scala:654)
[2025-08-13T08:40:34.070+0000] {spark_submit.py:521} INFO - at org.apache.spark.sql.execution.QueryExecution.$anonfun$executePhase$1(QueryExecution.scala:278)
[2025-08-13T08:40:34.070+0000] {spark_submit.py:521} INFO - at org.apache.spark.sql.SparkSession.withActive(SparkSession.scala:804)
[2025-08-13T08:40:34.070+0000] {spark_submit.py:521} INFO - at org.apache.spark.sql.execution.QueryExecution.executePhase(QueryExecution.scala:277)
[2025-08-13T08:40:34.071+0000] {spark_submit.py:521} INFO - at org.apache.spark.sql.execution.QueryExecution.$anonfun$lazyAnalyzed$1(QueryExecution.scala:110)
[2025-08-13T08:40:34.071+0000] {spark_submit.py:521} INFO - at scala.util.Try$.apply(Try.scala:217)
[2025-08-13T08:40:34.071+0000] {spark_submit.py:521} INFO - at org.apache.spark.util.Utils$.doTryWithCallerStacktrace(Utils.scala:1378)
[2025-08-13T08:40:34.071+0000] {spark_submit.py:521} INFO - at org.apache.spark.util.LazyTry.tryT$lzycompute(LazyTry.scala:46)
[2025-08-13T08:40:34.072+0000] {spark_submit.py:521} INFO - at org.apache.spark.util.LazyTry.tryT(LazyTry.scala:46)
[2025-08-13T08:40:34.072+0000] {spark_submit.py:521} INFO - at org.apache.spark.util.LazyTry.get(LazyTry.scala:58)
[2025-08-13T08:40:34.072+0000] {spark_submit.py:521} INFO - at org.apache.spark.sql.execution.QueryExecution.analyzed(QueryExecution.scala:121)
[2025-08-13T08:40:34.073+0000] {spark_submit.py:521} INFO - at org.apache.spark.sql.execution.QueryExecution.assertAnalyzed(QueryExecution.scala:80)
[2025-08-13T08:40:34.073+0000] {spark_submit.py:521} INFO - at org.apache.spark.sql.classic.Dataset$.$anonfun$ofRows$1(Dataset.scala:115)
[2025-08-13T08:40:34.073+0000] {spark_submit.py:521} INFO - at org.apache.spark.sql.SparkSession.withActive(SparkSession.scala:804)
[2025-08-13T08:40:34.074+0000] {spark_submit.py:521} INFO - at org.apache.spark.sql.classic.Dataset$.ofRows(Dataset.scala:113)
[2025-08-13T08:40:34.074+0000] {spark_submit.py:521} INFO - at org.apache.spark.sql.classic.DataFrameReader.load(DataFrameReader.scala:109)
[2025-08-13T08:40:34.074+0000] {spark_submit.py:521} INFO - at org.apache.spark.sql.classic.DataFrameReader.load(DataFrameReader.scala:58)
[2025-08-13T08:40:34.075+0000] {spark_submit.py:521} INFO - at org.apache.spark.sql.DataFrameReader.parquet(DataFrameReader.scala:457)
[2025-08-13T08:40:34.075+0000] {spark_submit.py:521} INFO - at org.apache.spark.sql.classic.DataFrameReader.parquet(DataFrameReader.scala:306)
[2025-08-13T08:40:34.075+0000] {spark_submit.py:521} INFO - at org.apache.spark.sql.classic.DataFrameReader.parquet(DataFrameReader.scala:58)
[2025-08-13T08:40:34.076+0000] {spark_submit.py:521} INFO - at java.base/jdk.internal.reflect.NativeMethodAccessorImpl.invoke0(Native Method)
[2025-08-13T08:40:34.076+0000] {spark_submit.py:521} INFO - at java.base/jdk.internal.reflect.NativeMethodAccessorImpl.invoke(NativeMethodAccessorImpl.java:77)
[2025-08-13T08:40:34.076+0000] {spark_submit.py:521} INFO - at java.base/jdk.internal.reflect.DelegatingMethodAccessorImpl.invoke(DelegatingMethodAccessorImpl.java:43)
[2025-08-13T08:40:34.077+0000] {spark_submit.py:521} INFO - at java.base/java.lang.reflect.Method.invoke(Method.java:569)
[2025-08-13T08:40:34.077+0000] {spark_submit.py:521} INFO - at py4j.reflection.MethodInvoker.invoke(MethodInvoker.java:244)
[2025-08-13T08:40:34.078+0000] {spark_submit.py:521} INFO - at py4j.reflection.ReflectionEngine.invoke(ReflectionEngine.java:374)
[2025-08-13T08:40:34.078+0000] {spark_submit.py:521} INFO - at py4j.Gateway.invoke(Gateway.java:282)
[2025-08-13T08:40:34.078+0000] {spark_submit.py:521} INFO - at py4j.commands.AbstractCommand.invokeMethod(AbstractCommand.java:132)
[2025-08-13T08:40:34.079+0000] {spark_submit.py:521} INFO - at py4j.commands.CallCommand.execute(CallCommand.java:79)
[2025-08-13T08:40:34.079+0000] {spark_submit.py:521} INFO - at py4j.ClientServerConnection.waitForCommands(ClientServerConnection.java:184)
[2025-08-13T08:40:34.079+0000] {spark_submit.py:521} INFO - at py4j.ClientServerConnection.run(ClientServerConnection.java:108)
[2025-08-13T08:40:34.080+0000] {spark_submit.py:521} INFO - at java.base/java.lang.Thread.run(Thread.java:840)
[2025-08-13T08:40:34.180+0000] {spark_submit.py:521} INFO - 25/08/13 08:40:34 INFO BlockManagerMasterEndpoint: Registering block manager 172.18.0.5:44905 with 434.4 MiB RAM, BlockManagerId(0, 172.18.0.5, 44905, None)
[2025-08-13T08:40:34.331+0000] {spark_submit.py:521} INFO - Traceback (most recent call last):
[2025-08-13T08:40:34.332+0000] {spark_submit.py:521} INFO - File "/opt/spark-jobs/load/upload_jobs_to_dwh.py", line 42, in <module>
[2025-08-13T08:40:34.335+0000] {spark_submit.py:521} INFO - load_table_to_bq(table)
[2025-08-13T08:40:34.336+0000] {spark_submit.py:521} INFO - File "/opt/spark-jobs/load/upload_jobs_to_dwh.py", line 18, in load_table_to_bq
[2025-08-13T08:40:34.339+0000] {spark_submit.py:521} INFO - df = spark.read.parquet(gcs_path)
[2025-08-13T08:40:34.339+0000] {spark_submit.py:521} INFO - ^^^^^^^^^^^^^^^^^^^^^^^^^^^^
[2025-08-13T08:40:34.340+0000] {spark_submit.py:521} INFO - File "/home/***/.local/lib/python3.11/site-packages/pyspark/python/lib/pyspark.zip/pyspark/sql/readwriter.py", line 642, in parquet
[2025-08-13T08:40:34.343+0000] {spark_submit.py:521} INFO - File "/home/***/.local/lib/python3.11/site-packages/pyspark/python/lib/py4j-0.10.9.9-src.zip/py4j/java_gateway.py", line 1362, in __call__
[2025-08-13T08:40:34.343+0000] {spark_submit.py:521} INFO - File "/home/***/.local/lib/python3.11/site-packages/pyspark/python/lib/pyspark.zip/pyspark/errors/exceptions/captured.py", line 288, in deco
[2025-08-13T08:40:34.350+0000] {spark_submit.py:521} INFO - pyspark.errors.exceptions.captured.AnalysisException: [PATH_NOT_FOUND] Path does not exist: gs://job_gcp/gold/dim_company. SQLSTATE: 42K03
[2025-08-13T08:40:34.706+0000] {spark_submit.py:521} INFO - 25/08/13 08:40:34 INFO SparkContext: Invoking stop() from shutdown hook
[2025-08-13T08:40:34.710+0000] {spark_submit.py:521} INFO - 25/08/13 08:40:34 INFO SparkContext: SparkContext is stopping with exitCode 0 from run at Executors.java:539.
[2025-08-13T08:40:34.736+0000] {spark_submit.py:521} INFO - 25/08/13 08:40:34 INFO SparkUI: Stopped Spark web UI at http://89a37f983b11:4040
[2025-08-13T08:40:34.743+0000] {spark_submit.py:521} INFO - 25/08/13 08:40:34 INFO StandaloneSchedulerBackend: Shutting down all executors
[2025-08-13T08:40:34.744+0000] {spark_submit.py:521} INFO - 25/08/13 08:40:34 INFO StandaloneSchedulerBackend$StandaloneDriverEndpoint: Asking each executor to shut down
[2025-08-13T08:40:34.786+0000] {spark_submit.py:521} INFO - 25/08/13 08:40:34 INFO MapOutputTrackerMasterEndpoint: MapOutputTrackerMasterEndpoint stopped!
[2025-08-13T08:40:34.887+0000] {spark_submit.py:521} INFO - 25/08/13 08:40:34 INFO MemoryStore: MemoryStore started with capacity 434.4 MiB
[2025-08-13T08:40:34.902+0000] {spark_submit.py:521} INFO - 25/08/13 08:40:34 INFO MemoryStore: MemoryStore cleared
[2025-08-13T08:40:34.917+0000] {spark_submit.py:521} INFO - 25/08/13 08:40:34 INFO BlockManager: BlockManager stopped
[2025-08-13T08:40:34.929+0000] {spark_submit.py:521} INFO - 25/08/13 08:40:34 INFO BlockManagerMaster: BlockManagerMaster stopped
[2025-08-13T08:40:34.935+0000] {spark_submit.py:521} INFO - 25/08/13 08:40:34 INFO OutputCommitCoordinator$OutputCommitCoordinatorEndpoint: OutputCommitCoordinator stopped!
[2025-08-13T08:40:34.955+0000] {spark_submit.py:521} INFO - 25/08/13 08:40:34 INFO SparkContext: Successfully stopped SparkContext
[2025-08-13T08:40:34.956+0000] {spark_submit.py:521} INFO - 25/08/13 08:40:34 INFO ShutdownHookManager: Shutdown hook called
[2025-08-13T08:40:34.962+0000] {spark_submit.py:521} INFO - 25/08/13 08:40:34 INFO ShutdownHookManager: Deleting directory /tmp/spark-00fd2c97-19bb-4549-9f4f-3f9b4199d194/pyspark-0727abf5-77dd-4bb7-be48-d3fa30c508ae
[2025-08-13T08:40:34.980+0000] {spark_submit.py:521} INFO - 25/08/13 08:40:34 INFO ShutdownHookManager: Deleting directory /tmp/spark-00fd2c97-19bb-4549-9f4f-3f9b4199d194
[2025-08-13T08:40:34.991+0000] {spark_submit.py:521} INFO - 25/08/13 08:40:34 INFO ShutdownHookManager: Deleting directory /opt/***/artifacts/spark-09f2c5fe-1e11-4058-8b98-c18af582a245
[2025-08-13T08:40:35.006+0000] {spark_submit.py:521} INFO - 25/08/13 08:40:35 INFO ShutdownHookManager: Deleting directory /tmp/spark-2d332734-4ec3-4f99-92ec-996da5619c29
[2025-08-13T08:40:35.195+0000] {taskinstance.py:441} INFO - ::group::Post task execution logs
[2025-08-13T08:40:35.278+0000] {taskinstance.py:2905} ERROR - Task failed with exception
Traceback (most recent call last):
  File "/home/airflow/.local/lib/python3.11/site-packages/airflow/models/taskinstance.py", line 465, in _execute_task
    result = _execute_callable(context=context, **execute_callable_kwargs)
             ^^^^^^^^^^^^^^^^^^^^^^^^^^^^^^^^^^^^^^^^^^^^^^^^^^^^^^^^^^^^^
  File "/home/airflow/.local/lib/python3.11/site-packages/airflow/models/taskinstance.py", line 432, in _execute_callable
    return execute_callable(context=context, **execute_callable_kwargs)
           ^^^^^^^^^^^^^^^^^^^^^^^^^^^^^^^^^^^^^^^^^^^^^^^^^^^^^^^^^^^^
  File "/home/airflow/.local/lib/python3.11/site-packages/airflow/models/baseoperator.py", line 400, in wrapper
    return func(self, *args, **kwargs)
           ^^^^^^^^^^^^^^^^^^^^^^^^^^^
  File "/home/airflow/.local/lib/python3.11/site-packages/airflow/providers/apache/spark/operators/spark_submit.py", line 156, in execute
    self._hook.submit(self._application)
  File "/home/airflow/.local/lib/python3.11/site-packages/airflow/providers/apache/spark/hooks/spark_submit.py", line 452, in submit
    raise AirflowException(
airflow.exceptions.AirflowException: Cannot execute: spark-submit --master spark://spark-master:7077 --conf spark.master=spark://spark-master:7077 --conf spark.driver.extraClassPath=/opt/custom-jars/* --conf spark.executor.extraClassPath=/opt/custom-jars/* --conf spark.hadoop.fs.gs.impl=com.google.cloud.hadoop.fs.gcs.GoogleHadoopFileSystem --conf spark.hadoop.fs.AbstractFileSystem.gs.impl=com.google.cloud.hadoop.fs.gcs.GoogleHadoopFS --conf spark.hadoop.google.cloud.auth.service.account.enable=true --conf spark.hadoop.google.cloud.auth.service.account.json.keyfile=/opt/***/gcp-key.json --jars /opt/custom-jars/gcs-connector-hadoop3-2.2.14-shaded.jar --name arrow-spark --verbose /opt/spark-jobs/load/upload_jobs_to_dwh.py. Error code is: 1.
[2025-08-13T08:40:35.312+0000] {taskinstance.py:1206} INFO - Marking task as FAILED. dag_id=spark_transform_pipeline, task_id=silver_topcv_transform, run_id=manual__2025-08-13T08:40:13.626168+00:00, execution_date=20250813T084013, start_date=20250813T084016, end_date=20250813T084035
[2025-08-13T08:40:35.398+0000] {standard_task_runner.py:110} ERROR - Failed to execute job 92 for task silver_topcv_transform (Cannot execute: spark-submit --master spark://spark-master:7077 --conf spark.master=spark://spark-master:7077 --conf spark.driver.extraClassPath=/opt/custom-jars/* --conf spark.executor.extraClassPath=/opt/custom-jars/* --conf spark.hadoop.fs.gs.impl=com.google.cloud.hadoop.fs.gcs.GoogleHadoopFileSystem --conf spark.hadoop.fs.AbstractFileSystem.gs.impl=com.google.cloud.hadoop.fs.gcs.GoogleHadoopFS --conf spark.hadoop.google.cloud.auth.service.account.enable=true --conf spark.hadoop.google.cloud.auth.service.account.json.keyfile=/opt/***/gcp-key.json --jars /opt/custom-jars/gcs-connector-hadoop3-2.2.14-shaded.jar --name arrow-spark --verbose /opt/spark-jobs/load/upload_jobs_to_dwh.py. Error code is: 1.; 44)
[2025-08-13T08:40:35.421+0000] {local_task_job_runner.py:240} INFO - Task exited with return code 1
[2025-08-13T08:40:35.566+0000] {taskinstance.py:3498} INFO - 0 downstream tasks scheduled from follow-on schedule check
[2025-08-13T08:40:35.573+0000] {local_task_job_runner.py:222} INFO - ::endgroup::
