[2025-08-07T14:16:52.979+0000] {local_task_job_runner.py:120} INFO - ::group::Pre task execution logs
[2025-08-07T14:16:53.000+0000] {taskinstance.py:2076} INFO - Dependencies all met for dep_context=non-requeueable deps ti=<TaskInstance: jobs_crawler_dag.extract_vietnamworks_jobs manual__2025-08-07T14:16:28.876480+00:00 [queued]>
[2025-08-07T14:16:53.005+0000] {taskinstance.py:2076} INFO - Dependencies all met for dep_context=requeueable deps ti=<TaskInstance: jobs_crawler_dag.extract_vietnamworks_jobs manual__2025-08-07T14:16:28.876480+00:00 [queued]>
[2025-08-07T14:16:53.005+0000] {taskinstance.py:2306} INFO - Starting attempt 1 of 2
[2025-08-07T14:16:53.015+0000] {taskinstance.py:2330} INFO - Executing <Task(PythonOperator): extract_vietnamworks_jobs> on 2025-08-07 14:16:28.876480+00:00
[2025-08-07T14:16:53.023+0000] {standard_task_runner.py:63} INFO - Started process 65 to run task
[2025-08-07T14:16:53.030+0000] {standard_task_runner.py:90} INFO - Running: ['***', 'tasks', 'run', 'jobs_crawler_dag', 'extract_vietnamworks_jobs', 'manual__2025-08-07T14:16:28.876480+00:00', '--job-id', '60', '--raw', '--subdir', 'DAGS_FOLDER/crawl_jobs_dag.py', '--cfg-path', '/tmp/tmpwpwzcrf0']
[2025-08-07T14:16:53.032+0000] {standard_task_runner.py:91} INFO - Job 60: Subtask extract_vietnamworks_jobs
[2025-08-07T14:16:53.085+0000] {task_command.py:426} INFO - Running <TaskInstance: jobs_crawler_dag.extract_vietnamworks_jobs manual__2025-08-07T14:16:28.876480+00:00 [running]> on host 0d9cbc3d310d
[2025-08-07T14:16:53.154+0000] {taskinstance.py:2648} INFO - Exporting env vars: AIRFLOW_CTX_DAG_OWNER='***' AIRFLOW_CTX_DAG_ID='jobs_crawler_dag' AIRFLOW_CTX_TASK_ID='extract_vietnamworks_jobs' AIRFLOW_CTX_EXECUTION_DATE='2025-08-07T14:16:28.876480+00:00' AIRFLOW_CTX_TRY_NUMBER='1' AIRFLOW_CTX_DAG_RUN_ID='manual__2025-08-07T14:16:28.876480+00:00'
[2025-08-07T14:16:53.155+0000] {taskinstance.py:430} INFO - ::endgroup::
[2025-08-07T14:16:53.445+0000] {python.py:237} INFO - Done. Returned value was:        jobId  ... numberOfRecruits
0    1933280  ...              NaN
1    1939340  ...              NaN
2    1936362  ...              NaN
3    1925346  ...              NaN
4    1936333  ...              1.0
..       ...  ...              ...
500  1931240  ...              NaN
501  1931218  ...              NaN
502  1931187  ...              1.0
503  1927313  ...              1.0
504  1918125  ...              NaN

[505 rows x 99 columns]
[2025-08-07T14:16:53.490+0000] {taskinstance.py:441} INFO - ::group::Post task execution logs
[2025-08-07T14:16:53.948+0000] {taskinstance.py:1206} INFO - Marking task as SUCCESS. dag_id=jobs_crawler_dag, task_id=extract_vietnamworks_jobs, run_id=manual__2025-08-07T14:16:28.876480+00:00, execution_date=20250807T141628, start_date=20250807T141653, end_date=20250807T141653
[2025-08-07T14:16:54.002+0000] {local_task_job_runner.py:240} INFO - Task exited with return code 0
[2025-08-07T14:16:54.021+0000] {taskinstance.py:3498} INFO - 1 downstream tasks scheduled from follow-on schedule check
[2025-08-07T14:16:54.023+0000] {local_task_job_runner.py:222} INFO - ::endgroup::
