[2025-08-11T13:40:38.555+0000] {local_task_job_runner.py:120} INFO - ::group::Pre task execution logs
[2025-08-11T13:40:38.596+0000] {taskinstance.py:2076} INFO - Dependencies all met for dep_context=non-requeueable deps ti=<TaskInstance: spark_transform_topcv.submit_spark_job manual__2025-08-11T13:40:33.215557+00:00 [queued]>
[2025-08-11T13:40:38.609+0000] {taskinstance.py:2076} INFO - Dependencies all met for dep_context=requeueable deps ti=<TaskInstance: spark_transform_topcv.submit_spark_job manual__2025-08-11T13:40:33.215557+00:00 [queued]>
[2025-08-11T13:40:38.610+0000] {taskinstance.py:2306} INFO - Starting attempt 1 of 1
[2025-08-11T13:40:38.631+0000] {taskinstance.py:2330} INFO - Executing <Task(SparkSubmitOperator): submit_spark_job> on 2025-08-11 13:40:33.215557+00:00
[2025-08-11T13:40:38.642+0000] {standard_task_runner.py:63} INFO - Started process 101 to run task
[2025-08-11T13:40:38.658+0000] {standard_task_runner.py:90} INFO - Running: ['***', 'tasks', 'run', 'spark_transform_topcv', 'submit_spark_job', 'manual__2025-08-11T13:40:33.215557+00:00', '--job-id', '19', '--raw', '--subdir', 'DAGS_FOLDER/etl_jobs_dag.py', '--cfg-path', '/tmp/tmph1_wzld0']
[2025-08-11T13:40:38.666+0000] {standard_task_runner.py:91} INFO - Job 19: Subtask submit_spark_job
[2025-08-11T13:40:38.846+0000] {task_command.py:426} INFO - Running <TaskInstance: spark_transform_topcv.submit_spark_job manual__2025-08-11T13:40:33.215557+00:00 [running]> on host d64d9d97170e
[2025-08-11T13:40:39.052+0000] {taskinstance.py:2648} INFO - Exporting env vars: AIRFLOW_CTX_DAG_OWNER='***' AIRFLOW_CTX_DAG_ID='spark_transform_topcv' AIRFLOW_CTX_TASK_ID='submit_spark_job' AIRFLOW_CTX_EXECUTION_DATE='2025-08-11T13:40:33.215557+00:00' AIRFLOW_CTX_TRY_NUMBER='1' AIRFLOW_CTX_DAG_RUN_ID='manual__2025-08-11T13:40:33.215557+00:00'
[2025-08-11T13:40:39.055+0000] {taskinstance.py:430} INFO - ::endgroup::
[2025-08-11T13:40:39.102+0000] {base.py:84} INFO - Using connection ID 'spark_default' for task execution.
[2025-08-11T13:40:39.104+0000] {spark_submit.py:351} INFO - Spark-Submit cmd: spark-submit --master spark://spark-master:7077 --conf spark.master=spark://spark-master:7077 --conf spark.driver.extraClassPath=/opt/custom-jars/* --conf spark.executor.extraClassPath=/opt/custom-jars/* --conf spark.hadoop.fs.gs.impl=com.google.cloud.hadoop.fs.gcs.GoogleHadoopFileSystem --conf spark.hadoop.fs.AbstractFileSystem.gs.impl=com.google.cloud.hadoop.fs.gcs.GoogleHadoopFS --conf spark.hadoop.google.cloud.auth.service.account.enable=true --conf spark.hadoop.google.cloud.auth.service.account.json.keyfile=/opt/***/gcp-key.json --jars /opt/custom-jars/gcs-connector-hadoop3-2.2.14-shaded.jar --name arrow-spark --verbose /opt/spark-jobs/gold_transform.py
[2025-08-11T13:40:40.716+0000] {spark_submit.py:521} INFO - WARNING: Using incubator modules: jdk.incubator.vector
[2025-08-11T13:40:44.121+0000] {spark_submit.py:521} INFO - Parsed arguments:
[2025-08-11T13:40:44.122+0000] {spark_submit.py:521} INFO - master                  spark://spark-master:7077
[2025-08-11T13:40:44.122+0000] {spark_submit.py:521} INFO - remote                  null
[2025-08-11T13:40:44.123+0000] {spark_submit.py:521} INFO - deployMode              null
[2025-08-11T13:40:44.123+0000] {spark_submit.py:521} INFO - executorMemory          null
[2025-08-11T13:40:44.123+0000] {spark_submit.py:521} INFO - executorCores           null
[2025-08-11T13:40:44.124+0000] {spark_submit.py:521} INFO - totalExecutorCores      null
[2025-08-11T13:40:44.124+0000] {spark_submit.py:521} INFO - propertiesFile          null
[2025-08-11T13:40:44.124+0000] {spark_submit.py:521} INFO - driverMemory            null
[2025-08-11T13:40:44.124+0000] {spark_submit.py:521} INFO - driverCores             null
[2025-08-11T13:40:44.125+0000] {spark_submit.py:521} INFO - driverExtraClassPath    /opt/custom-jars/*
[2025-08-11T13:40:44.125+0000] {spark_submit.py:521} INFO - driverExtraLibraryPath  null
[2025-08-11T13:40:44.125+0000] {spark_submit.py:521} INFO - driverExtraJavaOptions  null
[2025-08-11T13:40:44.126+0000] {spark_submit.py:521} INFO - supervise               false
[2025-08-11T13:40:44.126+0000] {spark_submit.py:521} INFO - queue                   null
[2025-08-11T13:40:44.126+0000] {spark_submit.py:521} INFO - numExecutors            null
[2025-08-11T13:40:44.126+0000] {spark_submit.py:521} INFO - files                   null
[2025-08-11T13:40:44.126+0000] {spark_submit.py:521} INFO - pyFiles                 null
[2025-08-11T13:40:44.127+0000] {spark_submit.py:521} INFO - archives                null
[2025-08-11T13:40:44.128+0000] {spark_submit.py:521} INFO - mainClass               null
[2025-08-11T13:40:44.128+0000] {spark_submit.py:521} INFO - primaryResource         file:/opt/spark-jobs/gold_transform.py
[2025-08-11T13:40:44.128+0000] {spark_submit.py:521} INFO - name                    arrow-spark
[2025-08-11T13:40:44.128+0000] {spark_submit.py:521} INFO - childArgs               []
[2025-08-11T13:40:44.129+0000] {spark_submit.py:521} INFO - jars                    file:/opt/custom-jars/gcs-connector-hadoop3-2.2.14-shaded.jar
[2025-08-11T13:40:44.129+0000] {spark_submit.py:521} INFO - packages                null
[2025-08-11T13:40:44.130+0000] {spark_submit.py:521} INFO - packagesExclusions      null
[2025-08-11T13:40:44.130+0000] {spark_submit.py:521} INFO - repositories            null
[2025-08-11T13:40:44.130+0000] {spark_submit.py:521} INFO - verbose                 true
[2025-08-11T13:40:44.131+0000] {spark_submit.py:521} INFO - 
[2025-08-11T13:40:44.131+0000] {spark_submit.py:521} INFO - Spark properties used, including those specified through
[2025-08-11T13:40:44.131+0000] {spark_submit.py:521} INFO - --conf and those from the properties file null:
[2025-08-11T13:40:44.132+0000] {spark_submit.py:521} INFO - (spark.driver.extraClassPath,/opt/custom-jars/*)
[2025-08-11T13:40:44.132+0000] {spark_submit.py:521} INFO - (spark.executor.extraClassPath,/opt/custom-jars/*)
[2025-08-11T13:40:44.132+0000] {spark_submit.py:521} INFO - (spark.hadoop.fs.AbstractFileSystem.gs.impl,com.google.cloud.hadoop.fs.gcs.GoogleHadoopFS)
[2025-08-11T13:40:44.133+0000] {spark_submit.py:521} INFO - (spark.hadoop.fs.gs.impl,com.google.cloud.hadoop.fs.gcs.GoogleHadoopFileSystem)
[2025-08-11T13:40:44.133+0000] {spark_submit.py:521} INFO - (spark.hadoop.google.cloud.auth.service.account.enable,true)
[2025-08-11T13:40:44.133+0000] {spark_submit.py:521} INFO - (spark.hadoop.google.cloud.auth.service.account.json.keyfile,/opt/***/gcp-key.json)
[2025-08-11T13:40:44.134+0000] {spark_submit.py:521} INFO - (spark.master,spark://spark-master:7077)
[2025-08-11T13:40:44.134+0000] {spark_submit.py:521} INFO - 
[2025-08-11T13:40:44.134+0000] {spark_submit.py:521} INFO - 
[2025-08-11T13:40:44.710+0000] {spark_submit.py:521} INFO - 25/08/11 13:40:44 WARN NativeCodeLoader: Unable to load native-hadoop library for your platform... using builtin-java classes where applicable
[2025-08-11T13:40:45.331+0000] {spark_submit.py:521} INFO - Main class:
[2025-08-11T13:40:45.332+0000] {spark_submit.py:521} INFO - org.apache.spark.deploy.PythonRunner
[2025-08-11T13:40:45.332+0000] {spark_submit.py:521} INFO - Arguments:
[2025-08-11T13:40:45.333+0000] {spark_submit.py:521} INFO - file:/opt/spark-jobs/gold_transform.py
[2025-08-11T13:40:45.333+0000] {spark_submit.py:521} INFO - null
[2025-08-11T13:40:45.334+0000] {spark_submit.py:521} INFO - Spark config:
[2025-08-11T13:40:45.334+0000] {spark_submit.py:521} INFO - (spark.app.name,arrow-spark)
[2025-08-11T13:40:45.334+0000] {spark_submit.py:521} INFO - (spark.app.submitTime,1754919645311)
[2025-08-11T13:40:45.335+0000] {spark_submit.py:521} INFO - (spark.driver.extraClassPath,/opt/custom-jars/*)
[2025-08-11T13:40:45.335+0000] {spark_submit.py:521} INFO - (spark.executor.extraClassPath,/opt/custom-jars/*)
[2025-08-11T13:40:45.335+0000] {spark_submit.py:521} INFO - (spark.hadoop.fs.AbstractFileSystem.gs.impl,com.google.cloud.hadoop.fs.gcs.GoogleHadoopFS)
[2025-08-11T13:40:45.335+0000] {spark_submit.py:521} INFO - (spark.hadoop.fs.gs.impl,com.google.cloud.hadoop.fs.gcs.GoogleHadoopFileSystem)
[2025-08-11T13:40:45.335+0000] {spark_submit.py:521} INFO - (spark.hadoop.google.cloud.auth.service.account.enable,true)
[2025-08-11T13:40:45.335+0000] {spark_submit.py:521} INFO - (spark.hadoop.google.cloud.auth.service.account.json.keyfile,/opt/***/gcp-key.json)
[2025-08-11T13:40:45.336+0000] {spark_submit.py:521} INFO - (spark.jars,file:///opt/custom-jars/gcs-connector-hadoop3-2.2.14-shaded.jar)
[2025-08-11T13:40:45.336+0000] {spark_submit.py:521} INFO - (spark.master,spark://spark-master:7077)
[2025-08-11T13:40:45.336+0000] {spark_submit.py:521} INFO - (spark.repl.local.jars,file:///opt/custom-jars/gcs-connector-hadoop3-2.2.14-shaded.jar)
[2025-08-11T13:40:45.336+0000] {spark_submit.py:521} INFO - (spark.submit.deployMode,client)
[2025-08-11T13:40:45.336+0000] {spark_submit.py:521} INFO - (spark.submit.pyFiles,)
[2025-08-11T13:40:45.336+0000] {spark_submit.py:521} INFO - Classpath elements:
[2025-08-11T13:40:45.337+0000] {spark_submit.py:521} INFO - file:///opt/custom-jars/gcs-connector-hadoop3-2.2.14-shaded.jar
[2025-08-11T13:40:45.337+0000] {spark_submit.py:521} INFO - 
[2025-08-11T13:40:45.337+0000] {spark_submit.py:521} INFO - 
[2025-08-11T13:40:47.460+0000] {spark_submit.py:521} INFO - Using Spark's default log4j profile: org/apache/spark/log4j2-defaults.properties
[2025-08-11T13:40:47.473+0000] {spark_submit.py:521} INFO - 25/08/11 13:40:47 INFO SparkContext: Running Spark version 4.0.0
[2025-08-11T13:40:47.478+0000] {spark_submit.py:521} INFO - 25/08/11 13:40:47 INFO SparkContext: OS info Linux, 5.15.167.4-microsoft-standard-WSL2, amd64
[2025-08-11T13:40:47.479+0000] {spark_submit.py:521} INFO - 25/08/11 13:40:47 INFO SparkContext: Java version 17.0.15
[2025-08-11T13:40:47.516+0000] {spark_submit.py:521} INFO - 25/08/11 13:40:47 INFO ResourceUtils: ==============================================================
[2025-08-11T13:40:47.516+0000] {spark_submit.py:521} INFO - 25/08/11 13:40:47 INFO ResourceUtils: No custom resources configured for spark.driver.
[2025-08-11T13:40:47.517+0000] {spark_submit.py:521} INFO - 25/08/11 13:40:47 INFO ResourceUtils: ==============================================================
[2025-08-11T13:40:47.518+0000] {spark_submit.py:521} INFO - 25/08/11 13:40:47 INFO SparkContext: Submitted application: gold_transform
[2025-08-11T13:40:47.557+0000] {spark_submit.py:521} INFO - 25/08/11 13:40:47 INFO ResourceProfile: Default ResourceProfile created, executor resources: Map(memory -> name: memory, amount: 1024, script: , vendor: , offHeap -> name: offHeap, amount: 0, script: , vendor: ), task resources: Map(cpus -> name: cpus, amount: 1.0)
[2025-08-11T13:40:47.560+0000] {spark_submit.py:521} INFO - 25/08/11 13:40:47 INFO ResourceProfile: Limiting resource is cpu
[2025-08-11T13:40:47.561+0000] {spark_submit.py:521} INFO - 25/08/11 13:40:47 INFO ResourceProfileManager: Added ResourceProfile id: 0
[2025-08-11T13:40:47.620+0000] {spark_submit.py:521} INFO - 25/08/11 13:40:47 INFO SecurityManager: Changing view acls to: ***
[2025-08-11T13:40:47.621+0000] {spark_submit.py:521} INFO - 25/08/11 13:40:47 INFO SecurityManager: Changing modify acls to: ***
[2025-08-11T13:40:47.621+0000] {spark_submit.py:521} INFO - 25/08/11 13:40:47 INFO SecurityManager: Changing view acls groups to: ***
[2025-08-11T13:40:47.622+0000] {spark_submit.py:521} INFO - 25/08/11 13:40:47 INFO SecurityManager: Changing modify acls groups to: ***
[2025-08-11T13:40:47.624+0000] {spark_submit.py:521} INFO - 25/08/11 13:40:47 INFO SecurityManager: SecurityManager: authentication disabled; ui acls disabled; users with view permissions: *** groups with view permissions: EMPTY; users with modify permissions: ***; groups with modify permissions: EMPTY; RPC SSL disabled
[2025-08-11T13:40:48.384+0000] {spark_submit.py:521} INFO - 25/08/11 13:40:48 INFO Utils: Successfully started service 'sparkDriver' on port 46337.
[2025-08-11T13:40:48.425+0000] {spark_submit.py:521} INFO - 25/08/11 13:40:48 INFO SparkEnv: Registering MapOutputTracker
[2025-08-11T13:40:48.443+0000] {spark_submit.py:521} INFO - 25/08/11 13:40:48 INFO SparkEnv: Registering BlockManagerMaster
[2025-08-11T13:40:48.463+0000] {spark_submit.py:521} INFO - 25/08/11 13:40:48 INFO BlockManagerMasterEndpoint: Using org.apache.spark.storage.DefaultTopologyMapper for getting topology information
[2025-08-11T13:40:48.463+0000] {spark_submit.py:521} INFO - 25/08/11 13:40:48 INFO BlockManagerMasterEndpoint: BlockManagerMasterEndpoint up
[2025-08-11T13:40:48.467+0000] {spark_submit.py:521} INFO - 25/08/11 13:40:48 INFO SparkEnv: Registering BlockManagerMasterHeartbeat
[2025-08-11T13:40:48.503+0000] {spark_submit.py:521} INFO - 25/08/11 13:40:48 INFO DiskBlockManager: Created local directory at /tmp/blockmgr-114da184-4f04-4a1c-94e5-d6aaed002117
[2025-08-11T13:40:48.530+0000] {spark_submit.py:521} INFO - 25/08/11 13:40:48 INFO SparkEnv: Registering OutputCommitCoordinator
[2025-08-11T13:40:48.706+0000] {spark_submit.py:521} INFO - 25/08/11 13:40:48 INFO JettyUtils: Start Jetty 0.0.0.0:4040 for SparkUI
[2025-08-11T13:40:48.808+0000] {spark_submit.py:521} INFO - 25/08/11 13:40:48 INFO Utils: Successfully started service 'SparkUI' on port 4040.
[2025-08-11T13:40:48.869+0000] {spark_submit.py:521} INFO - 25/08/11 13:40:48 INFO SparkContext: Added JAR file:///opt/custom-jars/gcs-connector-hadoop3-2.2.14-shaded.jar at spark://d64d9d97170e:46337/jars/gcs-connector-hadoop3-2.2.14-shaded.jar with timestamp 1754919647448
[2025-08-11T13:40:48.901+0000] {spark_submit.py:521} INFO - 25/08/11 13:40:48 INFO SecurityManager: Changing view acls to: ***
[2025-08-11T13:40:48.902+0000] {spark_submit.py:521} INFO - 25/08/11 13:40:48 INFO SecurityManager: Changing modify acls to: ***
[2025-08-11T13:40:48.903+0000] {spark_submit.py:521} INFO - 25/08/11 13:40:48 INFO SecurityManager: Changing view acls groups to: ***
[2025-08-11T13:40:48.903+0000] {spark_submit.py:521} INFO - 25/08/11 13:40:48 INFO SecurityManager: Changing modify acls groups to: ***
[2025-08-11T13:40:48.904+0000] {spark_submit.py:521} INFO - 25/08/11 13:40:48 INFO SecurityManager: SecurityManager: authentication disabled; ui acls disabled; users with view permissions: *** groups with view permissions: EMPTY; users with modify permissions: ***; groups with modify permissions: EMPTY; RPC SSL disabled
[2025-08-11T13:40:49.260+0000] {spark_submit.py:521} INFO - 25/08/11 13:40:49 INFO StandaloneAppClient$ClientEndpoint: Connecting to master spark://spark-master:7077...
[2025-08-11T13:40:49.320+0000] {spark_submit.py:521} INFO - 25/08/11 13:40:49 INFO TransportClientFactory: Successfully created connection to spark-master/172.18.0.2:7077 after 30 ms (0 ms spent in bootstraps)
[2025-08-11T13:40:50.110+0000] {spark_submit.py:521} INFO - 25/08/11 13:40:50 INFO StandaloneSchedulerBackend: Connected to Spark cluster with app ID app-20250811134049-0000
[2025-08-11T13:40:50.135+0000] {spark_submit.py:521} INFO - 25/08/11 13:40:50 INFO Utils: Successfully started service 'org.apache.spark.network.netty.NettyBlockTransferService' on port 33407.
[2025-08-11T13:40:50.137+0000] {spark_submit.py:521} INFO - 25/08/11 13:40:50 INFO NettyBlockTransferService: Server created on d64d9d97170e:33407
[2025-08-11T13:40:50.145+0000] {spark_submit.py:521} INFO - 25/08/11 13:40:50 INFO BlockManager: Using org.apache.spark.storage.RandomBlockReplicationPolicy for block replication policy
[2025-08-11T13:40:50.194+0000] {spark_submit.py:521} INFO - 25/08/11 13:40:50 INFO BlockManagerMaster: Registering BlockManager BlockManagerId(driver, d64d9d97170e, 33407, None)
[2025-08-11T13:40:50.214+0000] {spark_submit.py:521} INFO - 25/08/11 13:40:50 INFO BlockManagerMasterEndpoint: Registering block manager d64d9d97170e:33407 with 434.4 MiB RAM, BlockManagerId(driver, d64d9d97170e, 33407, None)
[2025-08-11T13:40:50.218+0000] {spark_submit.py:521} INFO - 25/08/11 13:40:50 INFO BlockManagerMaster: Registered BlockManager BlockManagerId(driver, d64d9d97170e, 33407, None)
[2025-08-11T13:40:50.221+0000] {spark_submit.py:521} INFO - 25/08/11 13:40:50 INFO BlockManager: Initialized BlockManager: BlockManagerId(driver, d64d9d97170e, 33407, None)
[2025-08-11T13:40:50.339+0000] {spark_submit.py:521} INFO - 25/08/11 13:40:50 INFO StandaloneAppClient$ClientEndpoint: Executor added: app-20250811134049-0000/0 on worker-20250811133029-172.18.0.3-38899 (172.18.0.3:38899) with 2 core(s)
[2025-08-11T13:40:50.341+0000] {spark_submit.py:521} INFO - 25/08/11 13:40:50 INFO StandaloneSchedulerBackend: Granted executor ID app-20250811134049-0000/0 on hostPort 172.18.0.3:38899 with 2 core(s), 1024.0 MiB RAM
[2025-08-11T13:40:50.429+0000] {spark_submit.py:521} INFO - 25/08/11 13:40:50 INFO StandaloneSchedulerBackend: SchedulerBackend is ready for scheduling beginning after reached minRegisteredResourcesRatio: 0.0
[2025-08-11T13:40:51.541+0000] {spark_submit.py:521} INFO - 25/08/11 13:40:51 INFO StandaloneAppClient$ClientEndpoint: Executor updated: app-20250811134049-0000/0 is now RUNNING
[2025-08-11T13:40:53.823+0000] {spark_submit.py:521} INFO - 25/08/11 13:40:53 INFO SharedState: Setting hive.metastore.warehouse.dir ('null') to the value of spark.sql.warehouse.dir.
[2025-08-11T13:40:53.829+0000] {spark_submit.py:521} INFO - 25/08/11 13:40:53 INFO SharedState: Warehouse path is 'file:/opt/***/spark-warehouse'.
[2025-08-11T13:40:56.797+0000] {spark_submit.py:521} INFO - 25/08/11 13:40:56 INFO StandaloneSchedulerBackend$StandaloneDriverEndpoint: Registered executor NettyRpcEndpointRef(spark-client://Executor) (172.18.0.3:55446) with ID 0, ResourceProfileId 0
[2025-08-11T13:40:57.089+0000] {spark_submit.py:521} INFO - 25/08/11 13:40:57 INFO BlockManagerMasterEndpoint: Registering block manager 172.18.0.3:32783 with 434.4 MiB RAM, BlockManagerId(0, 172.18.0.3, 32783, None)
[2025-08-11T13:40:57.950+0000] {spark_submit.py:521} INFO - 25/08/11 13:40:57 INFO InMemoryFileIndex: It took 166 ms to list leaf files for 1 paths.
[2025-08-11T13:40:58.255+0000] {spark_submit.py:521} INFO - 25/08/11 13:40:58 INFO SparkContext: Starting job: parquet at NativeMethodAccessorImpl.java:0
[2025-08-11T13:40:58.272+0000] {spark_submit.py:521} INFO - 25/08/11 13:40:58 INFO DAGScheduler: Got job 0 (parquet at NativeMethodAccessorImpl.java:0) with 1 output partitions
[2025-08-11T13:40:58.274+0000] {spark_submit.py:521} INFO - 25/08/11 13:40:58 INFO DAGScheduler: Final stage: ResultStage 0 (parquet at NativeMethodAccessorImpl.java:0)
[2025-08-11T13:40:58.276+0000] {spark_submit.py:521} INFO - 25/08/11 13:40:58 INFO DAGScheduler: Parents of final stage: List()
[2025-08-11T13:40:58.281+0000] {spark_submit.py:521} INFO - 25/08/11 13:40:58 INFO DAGScheduler: Missing parents: List()
[2025-08-11T13:40:58.286+0000] {spark_submit.py:521} INFO - 25/08/11 13:40:58 INFO DAGScheduler: Submitting ResultStage 0 (MapPartitionsRDD[1] at parquet at NativeMethodAccessorImpl.java:0), which has no missing parents
[2025-08-11T13:40:58.338+0000] {spark_submit.py:521} INFO - 25/08/11 13:40:58 INFO MemoryStore: MemoryStore started with capacity 434.4 MiB
[2025-08-11T13:40:58.349+0000] {spark_submit.py:521} INFO - 25/08/11 13:40:58 INFO MemoryStore: Block broadcast_0 stored as values in memory (estimated size 116.0 KiB, free 434.3 MiB)
[2025-08-11T13:40:58.415+0000] {spark_submit.py:521} INFO - 25/08/11 13:40:58 INFO MemoryStore: Block broadcast_0_piece0 stored as bytes in memory (estimated size 41.7 KiB, free 434.2 MiB)
[2025-08-11T13:40:58.428+0000] {spark_submit.py:521} INFO - 25/08/11 13:40:58 INFO SparkContext: Created broadcast 0 from broadcast at DAGScheduler.scala:1676
[2025-08-11T13:40:58.464+0000] {spark_submit.py:521} INFO - 25/08/11 13:40:58 INFO DAGScheduler: Submitting 1 missing tasks from ResultStage 0 (MapPartitionsRDD[1] at parquet at NativeMethodAccessorImpl.java:0) (first 15 tasks are for partitions Vector(0))
[2025-08-11T13:40:58.480+0000] {spark_submit.py:521} INFO - 25/08/11 13:40:58 INFO TaskSchedulerImpl: Adding task set 0.0 with 1 tasks resource profile 0
[2025-08-11T13:40:58.529+0000] {spark_submit.py:521} INFO - 25/08/11 13:40:58 INFO TaskSetManager: Starting task 0.0 in stage 0.0 (TID 0) (172.18.0.3,executor 0, partition 0, PROCESS_LOCAL, 9992 bytes)
[2025-08-11T13:41:06.181+0000] {spark_submit.py:521} INFO - 25/08/11 13:41:06 INFO TaskSetManager: Finished task 0.0 in stage 0.0 (TID 0) in 7668 ms on 172.18.0.3 (executor 0) (1/1)
[2025-08-11T13:41:06.183+0000] {spark_submit.py:521} INFO - 25/08/11 13:41:06 INFO TaskSchedulerImpl: Removed TaskSet 0.0 whose tasks have all completed, from pool
[2025-08-11T13:41:06.188+0000] {spark_submit.py:521} INFO - 25/08/11 13:41:06 INFO DAGScheduler: ResultStage 0 (parquet at NativeMethodAccessorImpl.java:0) finished in 7880 ms
[2025-08-11T13:41:06.190+0000] {spark_submit.py:521} INFO - 25/08/11 13:41:06 INFO DAGScheduler: Job 0 is finished. Cancelling potential speculative or zombie tasks for this job
[2025-08-11T13:41:06.191+0000] {spark_submit.py:521} INFO - 25/08/11 13:41:06 INFO TaskSchedulerImpl: Canceling stage 0
[2025-08-11T13:41:06.192+0000] {spark_submit.py:521} INFO - 25/08/11 13:41:06 INFO TaskSchedulerImpl: Killing all running tasks in stage 0: Stage finished
[2025-08-11T13:41:06.195+0000] {spark_submit.py:521} INFO - 25/08/11 13:41:06 INFO DAGScheduler: Job 0 finished: parquet at NativeMethodAccessorImpl.java:0, took 7939.226095 ms
[2025-08-11T13:41:06.979+0000] {spark_submit.py:521} INFO - 25/08/11 13:41:06 INFO MemoryStore: Block broadcast_1 stored as values in memory (estimated size 208.0 B, free 434.4 MiB)
[2025-08-11T13:41:06.988+0000] {spark_submit.py:521} INFO - 25/08/11 13:41:06 INFO MemoryStore: Block broadcast_1_piece0 stored as bytes in memory (estimated size 789.0 B, free 434.4 MiB)
[2025-08-11T13:41:06.991+0000] {spark_submit.py:521} INFO - 25/08/11 13:41:06 INFO SparkContext: Created broadcast 1 from broadcast at NativeMethodAccessorImpl.java:0
[2025-08-11T13:41:08.037+0000] {spark_submit.py:521} INFO - 25/08/11 13:41:08 INFO FileSourceStrategy: Pushed Filters: IsNotNull(requirements),Not(EqualTo(requirements,)),IsNotNull(description),Not(EqualTo(description,))
[2025-08-11T13:41:08.056+0000] {spark_submit.py:521} INFO - 25/08/11 13:41:08 INFO FileSourceStrategy: Post-Scan Filters: Set(isnotnull(trim(lower(title#1), None)), NOT (trim(lower(title#1), None) = ), isnotnull(trim(company_name#2, None)), NOT (trim(company_name#2, None) = ), isnotnull(requirements#9), NOT (requirements#9 = ), isnotnull(description#8), NOT (description#8 = ))
[2025-08-11T13:41:09.014+0000] {spark_submit.py:521} INFO - 25/08/11 13:41:09 INFO CodeGenerator: Code generated in 352.798309 ms
[2025-08-11T13:41:09.243+0000] {spark_submit.py:521} INFO - 25/08/11 13:41:09 INFO CodeGenerator: Code generated in 146.841021 ms
[2025-08-11T13:41:09.279+0000] {spark_submit.py:521} INFO - 25/08/11 13:41:09 INFO MemoryStore: Block broadcast_2 stored as values in memory (estimated size 219.2 KiB, free 434.2 MiB)
[2025-08-11T13:41:09.290+0000] {spark_submit.py:521} INFO - 25/08/11 13:41:09 INFO MemoryStore: Block broadcast_2_piece0 stored as bytes in memory (estimated size 39.9 KiB, free 434.1 MiB)
[2025-08-11T13:41:09.292+0000] {spark_submit.py:521} INFO - 25/08/11 13:41:09 INFO SparkContext: Created broadcast 2 from showString at NativeMethodAccessorImpl.java:0
[2025-08-11T13:41:09.307+0000] {spark_submit.py:521} INFO - 25/08/11 13:41:09 INFO FileSourceScanExec: Planning scan with bin packing, max size: 4194304 bytes, open cost is considered as scanning 4194304 bytes.
[2025-08-11T13:41:09.384+0000] {spark_submit.py:521} INFO - 25/08/11 13:41:09 INFO SparkContext: Starting job: showString at NativeMethodAccessorImpl.java:0
[2025-08-11T13:41:09.386+0000] {spark_submit.py:521} INFO - 25/08/11 13:41:09 INFO DAGScheduler: Got job 1 (showString at NativeMethodAccessorImpl.java:0) with 1 output partitions
[2025-08-11T13:41:09.387+0000] {spark_submit.py:521} INFO - 25/08/11 13:41:09 INFO DAGScheduler: Final stage: ResultStage 1 (showString at NativeMethodAccessorImpl.java:0)
[2025-08-11T13:41:09.387+0000] {spark_submit.py:521} INFO - 25/08/11 13:41:09 INFO DAGScheduler: Parents of final stage: List()
[2025-08-11T13:41:09.388+0000] {spark_submit.py:521} INFO - 25/08/11 13:41:09 INFO DAGScheduler: Missing parents: List()
[2025-08-11T13:41:09.388+0000] {spark_submit.py:521} INFO - 25/08/11 13:41:09 INFO DAGScheduler: Submitting ResultStage 1 (MapPartitionsRDD[8] at showString at NativeMethodAccessorImpl.java:0), which has no missing parents
[2025-08-11T13:41:09.461+0000] {spark_submit.py:521} INFO - 25/08/11 13:41:09 INFO MemoryStore: Block broadcast_3 stored as values in memory (estimated size 83.8 KiB, free 434.1 MiB)
[2025-08-11T13:41:09.474+0000] {spark_submit.py:521} INFO - 25/08/11 13:41:09 INFO MemoryStore: Block broadcast_3_piece0 stored as bytes in memory (estimated size 29.8 KiB, free 434.0 MiB)
[2025-08-11T13:41:09.476+0000] {spark_submit.py:521} INFO - 25/08/11 13:41:09 INFO SparkContext: Created broadcast 3 from broadcast at DAGScheduler.scala:1676
[2025-08-11T13:41:09.477+0000] {spark_submit.py:521} INFO - 25/08/11 13:41:09 INFO DAGScheduler: Submitting 1 missing tasks from ResultStage 1 (MapPartitionsRDD[8] at showString at NativeMethodAccessorImpl.java:0) (first 15 tasks are for partitions Vector(0))
[2025-08-11T13:41:09.478+0000] {spark_submit.py:521} INFO - 25/08/11 13:41:09 INFO TaskSchedulerImpl: Adding task set 1.0 with 1 tasks resource profile 0
[2025-08-11T13:41:09.482+0000] {spark_submit.py:521} INFO - 25/08/11 13:41:09 INFO TaskSetManager: Starting task 0.0 in stage 1.0 (TID 1) (172.18.0.3,executor 0, partition 0, PROCESS_LOCAL, 10433 bytes)
[2025-08-11T13:41:14.293+0000] {spark_submit.py:521} INFO - 25/08/11 13:41:14 INFO TaskSetManager: Finished task 0.0 in stage 1.0 (TID 1) in 4814 ms on 172.18.0.3 (executor 0) (1/1)
[2025-08-11T13:41:14.295+0000] {spark_submit.py:521} INFO - 25/08/11 13:41:14 INFO TaskSchedulerImpl: Removed TaskSet 1.0 whose tasks have all completed, from pool
[2025-08-11T13:41:14.297+0000] {spark_submit.py:521} INFO - 25/08/11 13:41:14 INFO PythonAccumulatorV2: Connected to AccumulatorServer at host: 127.0.0.1 port: 35987
[2025-08-11T13:41:14.298+0000] {spark_submit.py:521} INFO - 25/08/11 13:41:14 INFO DAGScheduler: ResultStage 1 (showString at NativeMethodAccessorImpl.java:0) finished in 4907 ms
[2025-08-11T13:41:14.299+0000] {spark_submit.py:521} INFO - 25/08/11 13:41:14 INFO DAGScheduler: Job 1 is finished. Cancelling potential speculative or zombie tasks for this job
[2025-08-11T13:41:14.299+0000] {spark_submit.py:521} INFO - 25/08/11 13:41:14 INFO TaskSchedulerImpl: Canceling stage 1
[2025-08-11T13:41:14.300+0000] {spark_submit.py:521} INFO - 25/08/11 13:41:14 INFO TaskSchedulerImpl: Killing all running tasks in stage 1: Stage finished
[2025-08-11T13:41:14.300+0000] {spark_submit.py:521} INFO - 25/08/11 13:41:14 INFO DAGScheduler: Job 1 finished: showString at NativeMethodAccessorImpl.java:0, took 4914.849667 ms
[2025-08-11T13:41:14.361+0000] {spark_submit.py:521} INFO - 25/08/11 13:41:14 INFO CodeGenerator: Code generated in 29.47891 ms
[2025-08-11T13:41:14.388+0000] {spark_submit.py:521} INFO - +--------------------+--------------------+---+----------------+----------+----------+----------------+----------------+-------------+-----------+--------------+--------------+--------------------+--------------------+------+
[2025-08-11T13:41:14.389+0000] {spark_submit.py:521} INFO - |        job_position|        company_name|yoe|job_posting_date|min_salary|max_salary|company_size_min|company_size_max|  major_field|      level|num_of_recruit|     work_form|     relation_fields|    skills_extracted|source|
[2025-08-11T13:41:14.389+0000] {spark_submit.py:521} INFO - +--------------------+--------------------+---+----------------+----------+----------+----------------+----------------+-------------+-----------+--------------+--------------+--------------------+--------------------+------+
[2025-08-11T13:41:14.390+0000] {spark_submit.py:521} INFO - |senior data engin...|Ngân hàng TMCP Hà...|5.0|      2025-08-27|  30000000|  50000000|            5000|            5000|    Ngân hàng|  Nhân viên|             1|Toàn thời gian|[Công nghệ Thông ...|[python, java, sc...| topcv|
[2025-08-11T13:41:14.390+0000] {spark_submit.py:521} INFO - |on job training d...|        FPT Software|0.0|      2025-10-01|      NULL|      NULL|           10000|           10000|    Tài chính|  Nhân viên|            15|Toàn thời gian|[Công nghệ Thông ...|[python, spark, etl]| topcv|
[2025-08-11T13:41:14.391+0000] {spark_submit.py:521} INFO - |kỹ sư dữ liệu lớn...|TẬP ĐOÀN CÔNG NGH...|2.0|      2025-08-25| 800000000|   3000000|            5000|            5000|   Viễn thông|  Nhân viên|             5|Toàn thời gian|[Công nghệ Thông ...|[java, scala, sql...| topcv|
[2025-08-11T13:41:14.391+0000] {spark_submit.py:521} INFO - |       data engineer|Công Ty Tài Chính...|3.0|      2025-08-21|      NULL|      NULL|            5000|            5000|    Tài chính|  Nhân viên|             1|Toàn thời gian|[Công nghệ Thông ...|[python, java, sc...| topcv|
[2025-08-11T13:41:14.391+0000] {spark_submit.py:521} INFO - |       data engineer|Công ty Cổ phần H...|2.0|      2025-08-31|      NULL|      NULL|             500|            1000|IT - Phần mềm|  Nhân viên|             5|Toàn thời gian|[Công nghệ Thông ...|[aws, azure, etl,...| topcv|
[2025-08-11T13:41:14.392+0000] {spark_submit.py:521} INFO - |       data engineer|CÔNG TY CỔ PHẦN I...|1.0|      2025-09-30|   1000000|      NULL|             100|             499|IT - Phần mềm|  Nhân viên|             1|Toàn thời gian|[Công nghệ Thông ...|[python, java, sq...| topcv|
[2025-08-11T13:41:14.392+0000] {spark_submit.py:521} INFO - |  data engineer (da)|Công Ty TNHH LG C...|3.0|      2025-08-31|      NULL|      NULL|             100|             499|IT - Phần mềm|  Nhân viên|             1|Toàn thời gian|[Công nghệ Thông ...|[scala, sql, aws,...| topcv|
[2025-08-11T13:41:14.392+0000] {spark_submit.py:521} INFO - |data engineer (bi...|CÔNG TY CỔ PHẦN P...|2.0|      2025-10-31|  18000000|  30000000|             100|             499|IT - Phần mềm|  Nhân viên|             6|Toàn thời gian|[Công nghệ Thông ...|          [sql, etl]| topcv|
[2025-08-11T13:41:14.393+0000] {spark_submit.py:521} INFO - |data engineer (py...|Công ty CP Kinh d...|3.0|      2025-08-31|  20000000|  55000000|            5000|            5000|    Tài chính|Trưởng nhóm|             2|Toàn thời gian|[Công nghệ Thông ...|[python, spark, k...| topcv|
[2025-08-11T13:41:14.393+0000] {spark_submit.py:521} INFO - |       data engineer|        FPT Software|4.0|      2025-09-30|      NULL|      NULL|           10000|           10000|    Tài chính|  Nhân viên|             1|Toàn thời gian|[Công nghệ Thông ...|[python, sql, azu...| topcv|
[2025-08-11T13:41:14.394+0000] {spark_submit.py:521} INFO - |data engineer các...|công ty cổ phần D...|1.0|      2025-08-16|      NULL|      NULL|              25|              99|IT - Phần mềm|  Nhân viên|             3|Toàn thời gian|[Công nghệ Thông ...|[python, java, sc...| topcv|
[2025-08-11T13:41:14.394+0000] {spark_submit.py:521} INFO - |       data engineer|CÔNG TY CỔ PHẦN C...|2.0|      2025-08-30|  20000000|  35000000|             500|            1000|IT - Phần mềm|Trưởng nhóm|             4|Toàn thời gian|[Công nghệ Thông ...|[python, java, sc...| topcv|
[2025-08-11T13:41:14.394+0000] {spark_submit.py:521} INFO - |       data engineer|CÔNG TY TNHH GIẢI...|2.0|      2025-08-13|      NULL|      NULL|              25|              99|IT - Phần mềm|  Nhân viên|             3|Toàn thời gian|[Công nghệ Thông ...|[python, scala, s...| topcv|
[2025-08-11T13:41:14.395+0000] {spark_submit.py:521} INFO - |data engineer (ba...|Công ty Cổ phần C...|2.0|      2025-08-24|  25000000|  35000000|             100|             499|IT - Phần mềm|Trưởng nhóm|             2|Toàn thời gian|[Công nghệ Thông ...|[python, aws, spa...| topcv|
[2025-08-11T13:41:14.395+0000] {spark_submit.py:521} INFO - |       data engineer|CÔNG TY CỔ PHẦN C...|2.0|      2025-08-24|  20000000|  36000000|             500|            1000|IT - Phần mềm|Trưởng nhóm|             5|Toàn thời gian|[Công nghệ Thông ...|[python, java, sc...| topcv|
[2025-08-11T13:41:14.395+0000] {spark_submit.py:521} INFO - |data engineer (cl...|Công ty TNHH Horu...|1.0|      2025-08-23|  15000000|  25000000|             100|             499|IT - Phần mềm|Trưởng nhóm|             1|Toàn thời gian|[Công nghệ Thông ...|[python, java, sc...| topcv|
[2025-08-11T13:41:14.396+0000] {spark_submit.py:521} INFO - |data engineer - t...|CÔNG TY CỔ PHẦN A...|3.0|      2025-08-09|      NULL|      NULL|             100|             499|IT - Phần mềm|  Nhân viên|             1|Toàn thời gian|[Công nghệ Thông ...|[sql, git, airflo...| topcv|
[2025-08-11T13:41:14.397+0000] {spark_submit.py:521} INFO - |data engineer (có...|CÔNG TY CỔ PHẦN C...|1.0|      2025-08-09|   9000000|  15000000|             100|             499|IT - Phần mềm|  Nhân viên|             1|Toàn thời gian|[Công nghệ Thông ...|[python, scala, s...| topcv|
[2025-08-11T13:41:14.397+0000] {spark_submit.py:521} INFO - |       data engineer|CÔNG TY CỔ PHẦN C...|2.0|      2025-09-04|      NULL|      NULL|             500|            1000|IT - Phần mềm|Trưởng nhóm|             2|Toàn thời gian|[Công nghệ Thông ...|[python, java, sq...| topcv|
[2025-08-11T13:41:14.398+0000] {spark_submit.py:521} INFO - |data engineer (bi...|Công ty TNHH Giải...|2.0|      2025-08-20|  25000000|  30000000|              25|              99|IT - Phần mềm|Trưởng nhóm|             3|Toàn thời gian|[Công nghệ Thông ...|[sql, ***, da...| topcv|
[2025-08-11T13:41:14.398+0000] {spark_submit.py:521} INFO - +--------------------+--------------------+---+----------------+----------+----------+----------------+----------------+-------------+-----------+--------------+--------------+--------------------+--------------------+------+
[2025-08-11T13:41:14.398+0000] {spark_submit.py:521} INFO - only showing top 20 rows
[2025-08-11T13:41:14.399+0000] {spark_submit.py:521} INFO - 25/08/11 13:41:14 INFO SparkContext: SparkContext is stopping with exitCode 0 from stop at NativeMethodAccessorImpl.java:0.
[2025-08-11T13:41:14.417+0000] {spark_submit.py:521} INFO - 25/08/11 13:41:14 INFO SparkUI: Stopped Spark web UI at http://d64d9d97170e:4040
[2025-08-11T13:41:14.422+0000] {spark_submit.py:521} INFO - 25/08/11 13:41:14 INFO StandaloneSchedulerBackend: Shutting down all executors
[2025-08-11T13:41:14.422+0000] {spark_submit.py:521} INFO - 25/08/11 13:41:14 INFO StandaloneSchedulerBackend$StandaloneDriverEndpoint: Asking each executor to shut down
[2025-08-11T13:41:14.455+0000] {spark_submit.py:521} INFO - 25/08/11 13:41:14 INFO MapOutputTrackerMasterEndpoint: MapOutputTrackerMasterEndpoint stopped!
[2025-08-11T13:41:14.497+0000] {spark_submit.py:521} INFO - 25/08/11 13:41:14 INFO MemoryStore: MemoryStore cleared
[2025-08-11T13:41:14.498+0000] {spark_submit.py:521} INFO - 25/08/11 13:41:14 INFO BlockManager: BlockManager stopped
[2025-08-11T13:41:14.503+0000] {spark_submit.py:521} INFO - 25/08/11 13:41:14 INFO BlockManagerMaster: BlockManagerMaster stopped
[2025-08-11T13:41:14.507+0000] {spark_submit.py:521} INFO - 25/08/11 13:41:14 INFO OutputCommitCoordinator$OutputCommitCoordinatorEndpoint: OutputCommitCoordinator stopped!
[2025-08-11T13:41:14.515+0000] {spark_submit.py:521} INFO - 25/08/11 13:41:14 INFO SparkContext: Successfully stopped SparkContext
[2025-08-11T13:41:15.477+0000] {spark_submit.py:521} INFO - 25/08/11 13:41:15 INFO ShutdownHookManager: Shutdown hook called
[2025-08-11T13:41:15.478+0000] {spark_submit.py:521} INFO - 25/08/11 13:41:15 INFO ShutdownHookManager: Deleting directory /opt/***/artifacts/spark-c65eb032-89e5-4a31-bd17-308cfb710adf
[2025-08-11T13:41:15.482+0000] {spark_submit.py:521} INFO - 25/08/11 13:41:15 INFO ShutdownHookManager: Deleting directory /tmp/spark-704360e6-5354-4514-bcfe-1b4bcea22ba1
[2025-08-11T13:41:15.486+0000] {spark_submit.py:521} INFO - 25/08/11 13:41:15 INFO ShutdownHookManager: Deleting directory /tmp/spark-8353c852-9a60-4646-9397-d159b5638b69
[2025-08-11T13:41:15.489+0000] {spark_submit.py:521} INFO - 25/08/11 13:41:15 INFO ShutdownHookManager: Deleting directory /tmp/spark-704360e6-5354-4514-bcfe-1b4bcea22ba1/pyspark-c8c89311-71a1-48b4-80c7-a609107be97d
[2025-08-11T13:41:15.559+0000] {taskinstance.py:441} INFO - ::group::Post task execution logs
[2025-08-11T13:41:15.573+0000] {taskinstance.py:1206} INFO - Marking task as SUCCESS. dag_id=spark_transform_topcv, task_id=submit_spark_job, run_id=manual__2025-08-11T13:40:33.215557+00:00, execution_date=20250811T134033, start_date=20250811T134038, end_date=20250811T134115
[2025-08-11T13:41:15.628+0000] {local_task_job_runner.py:240} INFO - Task exited with return code 0
[2025-08-11T13:41:15.645+0000] {taskinstance.py:3498} INFO - 0 downstream tasks scheduled from follow-on schedule check
[2025-08-11T13:41:15.647+0000] {local_task_job_runner.py:222} INFO - ::endgroup::
